------------------------------------------
---------------- Solution ----------------
------------------------------------------
0. Bid: 4 Goods: [26, 55, 104, 141, 142, 187, 206, 235, 257]
1. Bid: 22 Goods: [109]
2. Bid: 35 Goods: [234]
3. Bid: 40 Goods: [54, 161, 162, 248, 251, 263]
4. Bid: 63 Goods: [100, 140, 268]
5. Bid: 81 Goods: [150, 213, 272]
6. Bid: 87 Goods: [9, 76, 127, 179, 196, 274]
7. Bid: 102 Goods: [155]
8. Bid: 104 Goods: [44, 50, 277]
9. Bid: 106 Goods: [230]
10. Bid: 116 Goods: [59, 128, 185, 279]
11. Bid: 119 Goods: [30, 73, 94, 111, 113, 245, 280]
12. Bid: 124 Goods: [15, 16, 35, 61, 77, 117, 125, 148, 171, 218, 281]
13. Bid: 133 Goods: [67, 102, 175, 241, 283]
14. Bid: 165 Goods: [0, 2, 13, 205, 289]
15. Bid: 168 Goods: [56]
16. Bid: 175 Goods: [189]
17. Bid: 189 Goods: [1, 11, 27, 143, 208, 211, 224, 253, 293]
18. Bid: 203 Goods: [62, 172, 199, 254, 296]
19. Bid: 215 Goods: [12, 33, 39, 107, 182, 216, 243, 250, 298]
20. Bid: 221 Goods: [21, 23, 42, 49, 80, 133, 186, 231, 239, 299]
21. Bid: 223 Goods: [25, 103, 110, 300]
22. Bid: 227 Goods: [4, 28, 98, 114, 160, 183, 223, 246, 301]
23. Bid: 241 Goods: [29, 126, 146, 249, 303]
24. Bid: 243 Goods: [89]
25. Bid: 259 Goods: [149, 198, 247, 306]
26. Bid: 266 Goods: [3, 17, 32, 101, 115, 170, 180, 192, 202, 308]
27. Bid: 290 Goods: [45, 48, 53, 57, 87, 232, 312]
28. Bid: 292 Goods: [92]
29. Bid: 295 Goods: [63, 84, 106, 131, 212, 229, 252, 313]
30. Bid: 302 Goods: [24, 78, 81, 112, 120, 134, 233, 314]
31. Bid: 306 Goods: [5, 31, 116, 122, 173, 193, 255, 315]
32. Bid: 342 Goods: [152, 176, 238, 321]
33. Bid: 346 Goods: [74, 93, 322]
34. Bid: 372 Goods: [34]
35. Bid: 385 Goods: [177]
36. Bid: 386 Goods: [70]
37. Bid: 394 Goods: [119, 121, 138, 157, 215, 219, 330]
38. Bid: 400 Goods: [36, 95, 331]
39. Bid: 422 Goods: [6, 10, 18, 41, 91, 108, 151, 190, 220, 222, 335]
40. Bid: 429 Goods: [7, 58, 64, 83, 85, 135, 169, 194, 200, 201, 209, 336]
41. Bid: 451 Goods: [118, 188, 340]
42. Bid: 475 Goods: [207, 242, 345]
Objective value: 13597.3193
Solving time: 191.46487
