------------------------------------------
---------------- Solution ----------------
------------------------------------------
0. Bid: 26 Goods: [3, 25, 28, 41, 56, 79, 111, 162, 185, 195, 205, 208, 228, 250, 260]
1. Bid: 31 Goods: [4, 6, 22, 40, 90, 136, 202, 220, 225, 227, 230, 240, 252, 261]
2. Bid: 42 Goods: [23, 89, 105, 124, 153, 180, 243, 263]
3. Bid: 78 Goods: [2, 5, 48, 66, 87, 104, 168, 269]
4. Bid: 86 Goods: [108]
5. Bid: 87 Goods: [235]
6. Bid: 95 Goods: [149, 232, 273]
7. Bid: 98 Goods: [102, 217, 251, 274]
8. Bid: 111 Goods: [95, 165, 212, 223, 224, 244, 276]
9. Bid: 139 Goods: [0, 9, 20, 29, 44, 91, 122, 123, 140, 161, 281]
10. Bid: 177 Goods: [13, 16, 19, 27, 38, 97, 120, 121, 196, 241, 253, 288]
11. Bid: 192 Goods: [77, 82, 138, 201, 291]
12. Bid: 207 Goods: [58, 73, 156, 237, 294]
13. Bid: 212 Goods: [50, 69, 129, 130, 137, 144, 295]
14. Bid: 239 Goods: [14, 231, 300]
15. Bid: 247 Goods: [71, 126, 150, 190, 197, 222, 254, 302]
16. Bid: 254 Goods: [36, 59, 176, 198, 303]
17. Bid: 274 Goods: [51, 106, 116, 246, 306]
18. Bid: 277 Goods: [74, 146, 307]
19. Bid: 313 Goods: [12, 18, 61, 81, 101, 110, 179, 182, 192, 206, 211, 234, 314]
20. Bid: 314 Goods: [39, 154]
21. Bid: 331 Goods: [52, 128, 204, 318]
22. Bid: 339 Goods: [83, 226, 248, 320]
23. Bid: 349 Goods: [42, 194, 238, 322]
24. Bid: 369 Goods: [21, 34, 47, 60, 65, 76, 115, 163, 233, 239, 326]
25. Bid: 438 Goods: [54, 67, 112, 117, 152, 174, 177, 178, 188, 214, 338]
26. Bid: 454 Goods: [78, 99, 114, 118, 143, 186, 193, 199, 221, 341]
27. Bid: 466 Goods: [24, 32, 49, 53, 96, 107, 158, 164, 343]
Objective value: 11652.591
Solving time: 346.19197
