------------------------------------------
---------------- Solution ----------------
------------------------------------------
0. Bid: 36 Goods: [52, 60, 205, 228, 236, 262]
1. Bid: 49 Goods: [108, 139, 264]
2. Bid: 77 Goods: [17, 87, 95, 202, 216, 246, 269]
3. Bid: 81 Goods: [84, 101, 120, 156, 181, 190, 206, 218, 232, 270]
4. Bid: 94 Goods: [19, 30, 54, 61, 178, 217, 243, 272]
5. Bid: 125 Goods: [21, 89, 105, 188, 278]
6. Bid: 171 Goods: [1, 82, 107, 111, 126, 286]
7. Bid: 253 Goods: [49, 79, 155, 168, 177, 196, 224, 242, 300]
8. Bid: 264 Goods: [24, 83, 99, 158, 164, 169, 175, 239, 302]
9. Bid: 272 Goods: [106]
10. Bid: 274 Goods: [62, 110, 304]
11. Bid: 289 Goods: [0, 33, 70, 109, 114, 143, 171, 198, 244, 307]
12. Bid: 307 Goods: [13, 23, 65, 73, 86, 135, 151, 222, 247, 310]
13. Bid: 333 Goods: [14, 91, 130, 245, 315]
14. Bid: 338 Goods: [15, 27, 115, 116, 136, 150, 170, 316]
15. Bid: 366 Goods: [5, 34, 37, 39, 40, 43, 50, 127, 138, 140, 159, 182, 192, 204, 207, 211, 249, 321]
16. Bid: 371 Goods: [141, 250, 322]
17. Bid: 372 Goods: [210]
18. Bid: 373 Goods: [16, 119, 124, 132, 255, 323]
19. Bid: 389 Goods: [26, 28, 100, 117, 184, 186, 193, 195, 214, 254, 325]
20. Bid: 422 Goods: [145, 162, 179, 332]
21. Bid: 437 Goods: [12, 22, 121, 148, 173, 197, 335]
22. Bid: 445 Goods: [2, 29, 31, 153, 160, 185, 208, 225, 336]
23. Bid: 461 Goods: [78]
24. Bid: 475 Goods: [113, 123, 229, 341]
25. Bid: 493 Goods: [44, 53, 56, 63, 88, 94, 104, 112, 125, 144, 187, 219, 234, 238, 240, 248, 345]
26. Bid: 499 Goods: [7, 32, 38, 165, 180, 199, 201, 237, 346]
Objective value: 12603.7677
Solving time: 278.12026
