------------------------------------------
---------------- Solution ----------------
------------------------------------------
0. Bid: 0 Goods: [160, 202, 256]
1. Bid: 10 Goods: [94, 132, 257]
2. Bid: 27 Goods: [207, 244, 258]
3. Bid: 30 Goods: [111, 121, 259]
4. Bid: 40 Goods: [2, 13, 260]
5. Bid: 50 Goods: [126, 137, 261]
6. Bid: 60 Goods: [183, 193, 262]
7. Bid: 70 Goods: [15, 52, 263]
8. Bid: 80 Goods: [99, 109, 264]
9. Bid: 90 Goods: [47, 84, 265]
10. Bid: 104 Goods: [74, 85, 266]
11. Bid: 110 Goods: [139, 149, 267]
12. Bid: 120 Goods: [78, 116, 268]
13. Bid: 130 Goods: [163, 200, 269]
14. Bid: 149 Goods: [54, 65, 270]
15. Bid: 150 Goods: [43, 53, 271]
16. Bid: 160 Goods: [129, 142, 272]
17. Bid: 170 Goods: [112, 145, 273]
18. Bid: 180 Goods: [153, 184, 274]
19. Bid: 190 Goods: [147, 157, 275]
20. Bid: 210 Goods: [185, 199, 277]
21. Bid: 229 Goods: [55, 92, 278]
22. Bid: 237 Goods: [97, 110, 279]
23. Bid: 245 Goods: [140, 177, 280]
24. Bid: 259 Goods: [161, 192, 281]
25. Bid: 260 Goods: [133, 164, 282]
26. Bid: 270 Goods: [154, 165, 283]
27. Bid: 280 Goods: [3, 40, 284]
28. Bid: 286 Goods: [35, 72, 285]
29. Bid: 296 Goods: [239, 249, 286]
30. Bid: 299 Goods: [93, 107, 287]
31. Bid: 313 Goods: [156, 189, 288]
32. Bid: 328 Goods: [130, 141, 289]
33. Bid: 343 Goods: [144, 187, 291]
34. Bid: 349 Goods: [158, 196, 292]
35. Bid: 359 Goods: [104, 146, 293]
36. Bid: 371 Goods: [215, 252, 294]
37. Bid: 372 Goods: [135, 172, 295]
38. Bid: 382 Goods: [102, 113, 296]
39. Bid: 392 Goods: [63, 100, 297]
40. Bid: 402 Goods: [58, 96, 298]
41. Bid: 421 Goods: [188, 221, 299]
42. Bid: 422 Goods: [81, 95, 300]
43. Bid: 441 Goods: [159, 169, 301]
44. Bid: 442 Goods: [148, 191, 302]
45. Bid: 452 Goods: [178, 216, 303]
46. Bid: 462 Goods: [197, 211, 304]
47. Bid: 472 Goods: [176, 219, 305]
48. Bid: 482 Goods: [152, 195, 306]
49. Bid: 500 Goods: [136, 173, 307]
Objective value: 253.31228000000002
Solving time: 0.00819
