------------------------------------------
---------------- Solution ----------------
------------------------------------------
0. Bid: 0 Goods: [60, 93, 256]
1. Bid: 17 Goods: [177, 191, 257]
2. Bid: 24 Goods: [125, 139, 258]
3. Bid: 30 Goods: [72, 114, 259]
4. Bid: 40 Goods: [49, 63, 260]
5. Bid: 50 Goods: [18, 56, 261]
6. Bid: 60 Goods: [98, 136, 262]
7. Bid: 79 Goods: [141, 155, 263]
8. Bid: 80 Goods: [96, 138, 264]
9. Bid: 90 Goods: [110, 148, 265]
10. Bid: 104 Goods: [199, 209, 266]
11. Bid: 119 Goods: [189, 220, 267]
12. Bid: 120 Goods: [183, 193, 268]
13. Bid: 134 Goods: [190, 228, 269]
14. Bid: 140 Goods: [48, 91, 270]
15. Bid: 150 Goods: [129, 143, 271]
16. Bid: 160 Goods: [202, 240, 272]
17. Bid: 178 Goods: [68, 115, 273]
18. Bid: 180 Goods: [152, 194, 274]
19. Bid: 190 Goods: [151, 161, 275]
20. Bid: 200 Goods: [33, 46, 276]
21. Bid: 210 Goods: [188, 230, 277]
22. Bid: 229 Goods: [187, 224, 278]
23. Bid: 230 Goods: [1, 32, 279]
24. Bid: 240 Goods: [14, 25, 280]
25. Bid: 250 Goods: [20, 53, 281]
26. Bid: 260 Goods: [111, 121, 282]
27. Bid: 270 Goods: [147, 184, 283]
28. Bid: 280 Goods: [9, 22, 284]
29. Bid: 290 Goods: [208, 250, 285]
30. Bid: 293 Goods: [38, 76, 286]
31. Bid: 303 Goods: [43, 80, 287]
32. Bid: 313 Goods: [26, 37, 288]
33. Bid: 323 Goods: [113, 126, 289]
34. Bid: 333 Goods: [100, 133, 290]
35. Bid: 352 Goods: [30, 41, 291]
36. Bid: 362 Goods: [81, 112, 292]
37. Bid: 363 Goods: [79, 89, 293]
38. Bid: 373 Goods: [118, 156, 294]
39. Bid: 383 Goods: [71, 108, 295]
40. Bid: 393 Goods: [12, 54, 296]
41. Bid: 403 Goods: [131, 168, 297]
42. Bid: 413 Goods: [174, 212, 298]
43. Bid: 423 Goods: [94, 132, 299]
44. Bid: 437 Goods: [185, 198, 300]
45. Bid: 443 Goods: [27, 64, 301]
46. Bid: 462 Goods: [195, 205, 302]
47. Bid: 463 Goods: [74, 85, 303]
48. Bid: 473 Goods: [2, 13, 304]
49. Bid: 479 Goods: [103, 140, 305]
50. Bid: 492 Goods: [216, 249, 306]
51. Bid: 498 Goods: [7, 17, 307]
Objective value: 348.33124000000004
Solving time: 0.00805
