------------------------------------------
---------------- Solution ----------------
------------------------------------------
0. Bid: 7 Goods: [197, 210, 256]
1. Bid: 10 Goods: [62, 100, 257]
2. Bid: 20 Goods: [166, 204, 258]
3. Bid: 30 Goods: [145, 159, 259]
4. Bid: 40 Goods: [50, 88, 260]
5. Bid: 57 Goods: [19, 56, 261]
6. Bid: 60 Goods: [112, 155, 262]
7. Bid: 74 Goods: [52, 95, 263]
8. Bid: 84 Goods: [184, 226, 264]
9. Bid: 90 Goods: [99, 109, 265]
10. Bid: 107 Goods: [227, 237, 266]
11. Bid: 119 Goods: [120, 163, 267]
12. Bid: 129 Goods: [136, 178, 268]
13. Bid: 135 Goods: [10, 21, 269]
14. Bid: 136 Goods: [183, 220, 270]
15. Bid: 146 Goods: [171, 208, 271]
16. Bid: 156 Goods: [53, 84, 272]
17. Bid: 166 Goods: [48, 90, 273]
18. Bid: 185 Goods: [212, 254, 274]
19. Bid: 186 Goods: [140, 173, 275]
20. Bid: 196 Goods: [222, 233, 276]
21. Bid: 206 Goods: [169, 200, 277]
22. Bid: 216 Goods: [76, 119, 278]
23. Bid: 235 Goods: [201, 214, 279]
24. Bid: 236 Goods: [39, 49, 280]
25. Bid: 255 Goods: [85, 116, 281]
26. Bid: 256 Goods: [165, 179, 282]
27. Bid: 266 Goods: [61, 74, 283]
28. Bid: 276 Goods: [139, 149, 284]
29. Bid: 290 Goods: [73, 104, 285]
30. Bid: 300 Goods: [122, 160, 286]
31. Bid: 310 Goods: [54, 65, 287]
32. Bid: 316 Goods: [238, 249, 288]
33. Bid: 319 Goods: [168, 211, 289]
34. Bid: 329 Goods: [60, 103, 290]
35. Bid: 348 Goods: [96, 129, 291]
36. Bid: 349 Goods: [91, 128, 292]
37. Bid: 359 Goods: [202, 213, 293]
38. Bid: 369 Goods: [108, 151, 294]
39. Bid: 379 Goods: [3, 13, 295]
40. Bid: 389 Goods: [23, 33, 296]
41. Bid: 399 Goods: [47, 57, 297]
42. Bid: 409 Goods: [110, 148, 298]
43. Bid: 419 Goods: [192, 234, 299]
44. Bid: 429 Goods: [29, 43, 300]
45. Bid: 439 Goods: [45, 58, 301]
46. Bid: 456 Goods: [164, 206, 302]
47. Bid: 459 Goods: [176, 219, 303]
48. Bid: 469 Goods: [118, 156, 304]
49. Bid: 479 Goods: [32, 75, 305]
50. Bid: 496 Goods: [230, 241, 306]
51. Bid: 503 Goods: [196, 229, 307]
Objective value: 292.60237
Solving time: 0.00836
