------------------------------------------
---------------- Solution ----------------
------------------------------------------
0. Bid: 0 Goods: [9, 23, 256]
1. Bid: 10 Goods: [155, 165, 257]
2. Bid: 20 Goods: [72, 105, 258]
3. Bid: 35 Goods: [188, 234, 259]
4. Bid: 49 Goods: [51, 61, 260]
5. Bid: 51 Goods: [156, 203, 261]
6. Bid: 66 Goods: [97, 128, 263]
7. Bid: 81 Goods: [214, 252, 264]
8. Bid: 82 Goods: [30, 41, 265]
9. Bid: 92 Goods: [143, 153, 266]
10. Bid: 102 Goods: [172, 205, 267]
11. Bid: 112 Goods: [199, 236, 268]
12. Bid: 122 Goods: [79, 116, 269]
13. Bid: 132 Goods: [120, 162, 270]
14. Bid: 142 Goods: [230, 241, 271]
15. Bid: 152 Goods: [225, 238, 272]
16. Bid: 162 Goods: [218, 229, 273]
17. Bid: 172 Goods: [76, 118, 274]
18. Bid: 182 Goods: [25, 38, 275]
19. Bid: 192 Goods: [54, 92, 276]
20. Bid: 202 Goods: [184, 227, 277]
21. Bid: 216 Goods: [16, 58, 278]
22. Bid: 226 Goods: [39, 49, 279]
23. Bid: 241 Goods: [131, 141, 280]
24. Bid: 246 Goods: [158, 169, 281]
25. Bid: 253 Goods: [3, 44, 282]
26. Bid: 265 Goods: [26, 37, 283]
27. Bid: 268 Goods: [209, 240, 284]
28. Bid: 278 Goods: [53, 84, 285]
29. Bid: 288 Goods: [195, 232, 286]
30. Bid: 307 Goods: [33, 46, 287]
31. Bid: 308 Goods: [7, 17, 288]
32. Bid: 322 Goods: [21, 34, 289]
33. Bid: 328 Goods: [161, 192, 290]
34. Bid: 338 Goods: [191, 201, 291]
35. Bid: 352 Goods: [13, 27, 292]
36. Bid: 358 Goods: [140, 173, 293]
37. Bid: 368 Goods: [24, 57, 294]
38. Bid: 378 Goods: [207, 244, 295]
39. Bid: 384 Goods: [200, 243, 296]
40. Bid: 394 Goods: [167, 204, 297]
41. Bid: 404 Goods: [211, 221, 298]
42. Bid: 414 Goods: [115, 125, 299]
43. Bid: 424 Goods: [181, 194, 300]
44. Bid: 434 Goods: [110, 148, 301]
45. Bid: 444 Goods: [40, 82, 302]
46. Bid: 454 Goods: [129, 160, 303]
47. Bid: 464 Goods: [11, 48, 304]
48. Bid: 478 Goods: [88, 130, 305]
49. Bid: 484 Goods: [12, 45, 306]
50. Bid: 494 Goods: [19, 29, 307]
Objective value: 270.46756000000005
Solving time: 0.00811
