------------------------------------------
---------------- Solution ----------------
------------------------------------------
0. Bid: 0 Goods: [112, 154, 256]
1. Bid: 10 Goods: [86, 124, 257]
2. Bid: 20 Goods: [119, 156, 258]
3. Bid: 30 Goods: [235, 245, 259]
4. Bid: 36 Goods: [54, 65, 260]
5. Bid: 53 Goods: [162, 173, 261]
6. Bid: 56 Goods: [155, 165, 262]
7. Bid: 66 Goods: [15, 52, 263]
8. Bid: 80 Goods: [151, 161, 264]
9. Bid: 86 Goods: [47, 84, 265]
10. Bid: 96 Goods: [238, 249, 266]
11. Bid: 99 Goods: [95, 105, 267]
12. Bid: 109 Goods: [94, 132, 268]
13. Bid: 128 Goods: [79, 116, 269]
14. Bid: 129 Goods: [158, 169, 270]
15. Bid: 139 Goods: [127, 137, 271]
16. Bid: 149 Goods: [33, 46, 272]
17. Bid: 159 Goods: [96, 129, 273]
18. Bid: 178 Goods: [117, 148, 274]
19. Bid: 179 Goods: [43, 53, 275]
20. Bid: 189 Goods: [80, 113, 276]
21. Bid: 199 Goods: [181, 195, 277]
22. Bid: 209 Goods: [163, 200, 278]
23. Bid: 219 Goods: [133, 146, 279]
24. Bid: 238 Goods: [36, 69, 280]
25. Bid: 248 Goods: [177, 208, 281]
26. Bid: 252 Goods: [217, 248, 282]
27. Bid: 264 Goods: [210, 221, 283]
28. Bid: 265 Goods: [167, 204, 284]
29. Bid: 275 Goods: [147, 184, 285]
30. Bid: 285 Goods: [199, 209, 286]
31. Bid: 295 Goods: [125, 139, 287]
32. Bid: 305 Goods: [8, 41, 288]
33. Bid: 322 Goods: [110, 121, 289]
34. Bid: 325 Goods: [77, 108, 290]
35. Bid: 342 Goods: [12, 55, 291]
36. Bid: 345 Goods: [206, 244, 292]
37. Bid: 358 Goods: [32, 74, 293]
38. Bid: 361 Goods: [3, 40, 294]
39. Bid: 375 Goods: [51, 88, 295]
40. Bid: 388 Goods: [174, 185, 296]
41. Bid: 391 Goods: [103, 140, 297]
42. Bid: 401 Goods: [82, 120, 298]
43. Bid: 411 Goods: [64, 97, 299]
44. Bid: 421 Goods: [109, 123, 300]
45. Bid: 435 Goods: [183, 193, 301]
46. Bid: 450 Goods: [72, 115, 302]
47. Bid: 451 Goods: [66, 104, 303]
48. Bid: 461 Goods: [213, 227, 304]
49. Bid: 471 Goods: [136, 179, 305]
50. Bid: 481 Goods: [24, 67, 306]
51. Bid: 491 Goods: [16, 49, 307]
Objective value: 430.64040000000006
Solving time: 0.00999
