------------------------------------------
---------------- Solution ----------------
------------------------------------------
0. Bid: 15 Goods: [74, 101, 236, 259]
1. Bid: 20 Goods: [108, 191, 260]
2. Bid: 29 Goods: [68, 94, 187, 238, 261]
3. Bid: 44 Goods: [24, 188, 265]
4. Bid: 49 Goods: [76, 167, 266]
5. Bid: 57 Goods: [63, 163, 268]
6. Bid: 59 Goods: [33, 102, 219, 269]
7. Bid: 62 Goods: [46, 113, 205]
8. Bid: 71 Goods: [110, 120, 151, 202, 272]
9. Bid: 82 Goods: [44, 91, 92, 128, 150, 229, 274]
10. Bid: 83 Goods: [126, 127, 207, 248, 275]
11. Bid: 92 Goods: [1, 13, 183, 277]
12. Bid: 95 Goods: [34, 87, 209, 278]
13. Bid: 106 Goods: [16, 27, 62, 103, 173, 176, 282]
14. Bid: 113 Goods: [69, 147, 239, 284]
15. Bid: 120 Goods: [73, 172, 189, 196, 285]
16. Bid: 129 Goods: [17, 149, 161, 184, 287]
17. Bid: 137 Goods: [26, 52, 93, 199, 289]
18. Bid: 140 Goods: [5, 66, 208, 290]
19. Bid: 145 Goods: [83]
20. Bid: 157 Goods: [22, 181, 293]
21. Bid: 162 Goods: [133, 142]
22. Bid: 165 Goods: [48, 100, 125, 243, 294]
23. Bid: 168 Goods: [8, 158]
24. Bid: 177 Goods: [14, 29, 129, 180, 296]
25. Bid: 186 Goods: [9, 10, 32, 78, 230, 299]
26. Bid: 193 Goods: [42, 166]
27. Bid: 214 Goods: [177]
28. Bid: 218 Goods: [244, 307]
29. Bid: 224 Goods: [99, 119, 134]
30. Bid: 235 Goods: [18, 40, 247, 310]
31. Bid: 241 Goods: [138, 311]
32. Bid: 255 Goods: [50, 60, 106, 170, 227, 313]
33. Bid: 256 Goods: [175]
34. Bid: 259 Goods: [6, 64, 153, 315]
35. Bid: 271 Goods: [252, 318]
36. Bid: 291 Goods: [37, 255, 322]
37. Bid: 296 Goods: [88, 96, 109, 182, 203, 323]
38. Bid: 310 Goods: [70, 118, 135, 171, 326]
39. Bid: 334 Goods: [225]
40. Bid: 338 Goods: [15]
41. Bid: 343 Goods: [57, 80, 214, 216, 332]
42. Bid: 347 Goods: [19, 235, 334]
43. Bid: 360 Goods: [56, 215, 337]
44. Bid: 365 Goods: [11, 165]
45. Bid: 372 Goods: [105, 253, 339]
46. Bid: 386 Goods: [116, 146, 211, 343]
47. Bid: 398 Goods: [20, 117, 174, 206, 346]
48. Bid: 409 Goods: [217, 349]
49. Bid: 413 Goods: [49, 53, 104, 162, 210]
50. Bid: 424 Goods: [7, 77, 178, 246, 352]
51. Bid: 428 Goods: [25, 30, 148, 353]
52. Bid: 433 Goods: [232]
53. Bid: 434 Goods: [97, 200, 354]
54. Bid: 445 Goods: [59, 98, 220, 356]
55. Bid: 451 Goods: [84, 218]
56. Bid: 452 Goods: [43, 124, 152, 357]
57. Bid: 457 Goods: [168, 237, 358]
58. Bid: 463 Goods: [90, 190, 359]
59. Bid: 468 Goods: [47, 213, 360]
60. Bid: 480 Goods: [58, 157, 363]
61. Bid: 487 Goods: [12, 35, 39, 45, 145, 364]
62. Bid: 494 Goods: [0, 114, 193, 366]
Objective value: 50.881032000000005
Solving time: 0.03141
