------------------------------------------
---------------- Solution ----------------
------------------------------------------
0. Bid: 0 Goods: [67, 82, 90, 137, 256]
1. Bid: 12 Goods: [102, 164]
2. Bid: 26 Goods: [180]
3. Bid: 43 Goods: [0, 231, 265]
4. Bid: 49 Goods: [69, 215, 266]
5. Bid: 52 Goods: [42, 140, 267]
6. Bid: 68 Goods: [45, 55, 104, 105]
7. Bid: 69 Goods: [125, 191, 270]
8. Bid: 82 Goods: [50, 112, 178, 273]
9. Bid: 86 Goods: [35, 89, 117, 218, 274]
10. Bid: 96 Goods: [49, 113, 247, 276]
11. Bid: 104 Goods: [48, 131, 141, 278]
12. Bid: 126 Goods: [6, 151, 175, 282]
13. Bid: 130 Goods: [8, 9, 84, 122, 153, 207, 283]
14. Bid: 137 Goods: [23, 119, 171, 237, 284]
15. Bid: 143 Goods: [103]
16. Bid: 150 Goods: [51, 57, 70, 146, 235, 287]
17. Bid: 154 Goods: [4, 65, 87, 189, 193, 288]
18. Bid: 163 Goods: [41, 56, 145, 229, 289]
19. Bid: 165 Goods: [34, 114, 116, 158, 246, 290]
20. Bid: 168 Goods: [30, 32, 60, 61, 96, 210, 291]
21. Bid: 176 Goods: [73, 172, 254, 293]
22. Bid: 199 Goods: [46, 202, 298]
23. Bid: 212 Goods: [133, 157, 190, 301]
24. Bid: 249 Goods: [39, 58, 181, 310]
25. Bid: 261 Goods: [29, 53, 78, 79, 92, 201, 220, 312]
26. Bid: 267 Goods: [18, 118, 159, 314]
27. Bid: 273 Goods: [20, 91, 139, 238, 316]
28. Bid: 277 Goods: [138, 317]
29. Bid: 283 Goods: [43, 160, 226, 318]
30. Bid: 288 Goods: [11, 19, 44, 196, 319]
31. Bid: 303 Goods: [186, 239, 322]
32. Bid: 305 Goods: [7, 12, 15, 36, 206, 323]
33. Bid: 312 Goods: [5, 149, 167, 241, 324]
34. Bid: 317 Goods: [66, 77, 134, 152]
35. Bid: 323 Goods: [129, 198, 327]
36. Bid: 328 Goods: [21, 25, 97, 212, 227, 328]
37. Bid: 333 Goods: [132, 244, 249, 329]
38. Bid: 343 Goods: [54, 199, 354]
39. Bid: 351 Goods: [13, 16, 211, 332]
40. Bid: 360 Goods: [166]
41. Bid: 361 Goods: [80, 224, 228, 334]
42. Bid: 379 Goods: [3, 86, 165, 182]
43. Bid: 401 Goods: [63, 64, 74, 106, 124, 216, 342]
44. Bid: 405 Goods: [93, 94, 209, 253, 343]
45. Bid: 417 Goods: [10, 236, 346]
46. Bid: 439 Goods: [26, 115, 148, 255, 353]
47. Bid: 448 Goods: [14, 81, 156, 183, 355]
48. Bid: 463 Goods: [121, 169, 52, 136, 98, 358]
49. Bid: 466 Goods: [192, 359]
50. Bid: 480 Goods: [75]
Objective value: 41.575137100000006
Solving time: 0.02603
