------------------------------------------
---------------- Solution ----------------
------------------------------------------
0. Bid: 8 Goods: [53, 56, 70, 161, 257]
1. Bid: 21 Goods: [38, 50, 189, 215, 259]
2. Bid: 22 Goods: [127, 140, 260]
3. Bid: 34 Goods: [109, 149]
4. Bid: 49 Goods: [24, 107, 220, 266]
5. Bid: 57 Goods: [83, 84, 92, 98, 163, 249, 267]
6. Bid: 61 Goods: [37, 126, 153, 268]
7. Bid: 66 Goods: [228, 269]
8. Bid: 73 Goods: [166, 196, 271]
9. Bid: 78 Goods: [218]
10. Bid: 79 Goods: [147]
11. Bid: 83 Goods: [224, 235, 237, 272]
12. Bid: 94 Goods: [159, 248, 275]
13. Bid: 100 Goods: [58, 110, 117, 158, 276]
14. Bid: 104 Goods: [168, 277]
15. Bid: 109 Goods: [78, 173, 211, 278]
16. Bid: 114 Goods: [32, 61, 134, 279]
17. Bid: 126 Goods: [26]
18. Bid: 134 Goods: [16, 40, 206, 283]
19. Bid: 157 Goods: [111, 124, 209, 289]
20. Bid: 168 Goods: [52, 90, 142]
21. Bid: 171 Goods: [46, 71, 203, 291]
22. Bid: 200 Goods: [125, 164]
23. Bid: 203 Goods: [29, 62, 116, 178, 298]
24. Bid: 211 Goods: [112, 169, 300]
25. Bid: 227 Goods: [3, 197, 219, 303]
26. Bid: 231 Goods: [72, 123, 217, 304]
27. Bid: 235 Goods: [15, 253, 305]
28. Bid: 251 Goods: [2, 45, 216, 308]
29. Bid: 266 Goods: [108, 204, 222, 312]
30. Bid: 271 Goods: [6, 205]
31. Bid: 277 Goods: [47, 162, 314]
32. Bid: 288 Goods: [96, 114, 121, 156, 243, 317]
33. Bid: 300 Goods: [60, 69, 176, 320]
34. Bid: 305 Goods: [31, 128, 160, 199, 321]
35. Bid: 312 Goods: [227, 323]
36. Bid: 329 Goods: [231]
37. Bid: 335 Goods: [0, 30, 190, 207]
38. Bid: 341 Goods: [20, 230, 330]
39. Bid: 351 Goods: [8, 48, 144, 332]
40. Bid: 363 Goods: [64, 65, 145, 334]
41. Bid: 365 Goods: [44, 49, 57, 157, 195, 335]
42. Bid: 371 Goods: [4, 14, 28, 89, 201, 212, 336]
43. Bid: 379 Goods: [41, 73]
44. Bid: 380 Goods: [130, 183, 236]
45. Bid: 381 Goods: [175, 338]
46. Bid: 386 Goods: [7, 19, 54, 179, 339]
47. Bid: 392 Goods: [75, 113, 118, 225, 340]
48. Bid: 398 Goods: [101, 202, 342]
49. Bid: 402 Goods: [55, 254, 343]
50. Bid: 414 Goods: [94, 148]
51. Bid: 420 Goods: [66, 67, 81, 82, 103, 198, 346]
52. Bid: 435 Goods: [33, 74, 251, 349]
53. Bid: 441 Goods: [76, 85, 151, 351]
54. Bid: 447 Goods: [68, 234]
55. Bid: 465 Goods: [99, 100, 42, 152, 86, 106, 229, 11, 356]
56. Bid: 469 Goods: [59, 245]
57. Bid: 489 Goods: [214, 250, 361]
58. Bid: 492 Goods: [242]
Objective value: 45.956061
Solving time: 0.05296
