------------------------------------------
---------------- Solution ----------------
------------------------------------------
0. Bid: 0 Goods: [4, 52, 211, 256]
1. Bid: 10 Goods: [2, 117, 191, 259]
2. Bid: 15 Goods: [59, 186, 260]
3. Bid: 23 Goods: [92, 192, 262]
4. Bid: 29 Goods: [100, 159, 231, 263]
5. Bid: 34 Goods: [15, 148, 151, 264]
6. Bid: 49 Goods: [84, 118, 127, 187, 266]
7. Bid: 60 Goods: [14, 158, 203, 269]
8. Bid: 71 Goods: [12, 222, 271]
9. Bid: 81 Goods: [28, 44, 213, 273]
10. Bid: 88 Goods: [71, 116, 253, 274]
11. Bid: 95 Goods: [6, 221]
12. Bid: 97 Goods: [73, 132, 276]
13. Bid: 103 Goods: [140]
14. Bid: 104 Goods: [234, 237, 278]
15. Bid: 115 Goods: [76, 149]
16. Bid: 118 Goods: [8, 11, 162, 281]
17. Bid: 121 Goods: [167, 241, 242, 282]
18. Bid: 125 Goods: [146, 284]
19. Bid: 128 Goods: [170, 190, 285]
20. Bid: 133 Goods: [46, 243, 286]
21. Bid: 143 Goods: [89, 95, 112, 247, 288]
22. Bid: 154 Goods: [78, 153, 165, 290]
23. Bid: 162 Goods: [38, 123, 227, 292]
24. Bid: 167 Goods: [33, 293]
25. Bid: 175 Goods: [60, 181, 295]
26. Bid: 211 Goods: [47, 109, 173, 302]
27. Bid: 214 Goods: [63, 169, 303]
28. Bid: 222 Goods: [62, 81, 208, 233, 305]
29. Bid: 226 Goods: [214, 306]
30. Bid: 236 Goods: [75, 97, 200, 239, 307]
31. Bid: 237 Goods: [43, 180, 308]
32. Bid: 248 Goods: [103, 204, 310]
33. Bid: 263 Goods: [0, 18, 68, 313]
34. Bid: 267 Goods: [40, 79, 220, 315]
35. Bid: 271 Goods: [161, 246, 316]
36. Bid: 278 Goods: [176, 206, 318]
37. Bid: 292 Goods: [87]
38. Bid: 295 Goods: [49, 111, 251, 322]
39. Bid: 319 Goods: [1, 29, 108, 197, 326]
40. Bid: 322 Goods: [30, 31, 110, 120, 138, 210, 327]
41. Bid: 327 Goods: [45, 124, 160, 238, 328]
42. Bid: 340 Goods: [72, 218, 330]
43. Bid: 348 Goods: [3, 171, 332]
44. Bid: 353 Goods: [39, 166, 333]
45. Bid: 368 Goods: [51, 129, 254, 337]
46. Bid: 377 Goods: [113, 142, 229, 339]
47. Bid: 379 Goods: [13, 42, 240, 340]
48. Bid: 381 Goods: [7, 99, 177]
49. Bid: 382 Goods: [199, 341]
50. Bid: 387 Goods: [114, 136, 179, 342]
51. Bid: 393 Goods: [156, 343]
52. Bid: 398 Goods: [80, 85, 244, 344]
53. Bid: 402 Goods: [41, 195, 248, 345]
54. Bid: 414 Goods: [119, 152, 198, 347]
55. Bid: 428 Goods: [34, 36, 137, 174, 351]
56. Bid: 440 Goods: [23, 24, 37, 157, 353]
57. Bid: 460 Goods: [9, 70, 155, 357]
58. Bid: 463 Goods: [126, 193]
59. Bid: 464 Goods: [55, 139, 358]
60. Bid: 471 Goods: [106, 245, 359]
61. Bid: 475 Goods: [219, 360]
62. Bid: 480 Goods: [56, 202]
63. Bid: 482 Goods: [86, 102, 134, 361]
64. Bid: 488 Goods: [26, 143, 168]
65. Bid: 495 Goods: [74, 172, 130, 22, 364]
66. Bid: 496 Goods: [183, 232, 54, 365]
Objective value: 51.9563178
Solving time: 0.01723
