------------------------------------------
---------------- Solution ----------------
------------------------------------------
0. Bid: 0 Goods: [32, 60, 147, 246, 354]
1. Bid: 4 Goods: [51, 56, 148, 240, 256]
2. Bid: 6 Goods: [119, 120, 252]
3. Bid: 7 Goods: [24, 76, 128, 257]
4. Bid: 13 Goods: [123, 127]
5. Bid: 17 Goods: [75, 238, 259]
6. Bid: 24 Goods: [30, 31, 68, 180, 260]
7. Bid: 35 Goods: [103, 154, 221, 263]
8. Bid: 41 Goods: [43, 93, 94, 225, 264]
9. Bid: 54 Goods: [1, 28, 29, 222, 267]
10. Bid: 64 Goods: [44, 45, 137]
11. Bid: 65 Goods: [108, 245, 269]
12. Bid: 80 Goods: [8, 9, 116, 132, 272]
13. Bid: 85 Goods: [63, 179, 187, 273]
14. Bid: 95 Goods: [55, 97, 107, 145, 276]
15. Bid: 104 Goods: [50, 61, 78, 99, 215, 255, 277]
16. Bid: 111 Goods: [39, 104, 171]
17. Bid: 119 Goods: [156]
18. Bid: 129 Goods: [77, 110, 172, 283]
19. Bid: 153 Goods: [91, 115, 163, 289]
20. Bid: 167 Goods: [13, 233]
21. Bid: 170 Goods: [36, 85, 251]
22. Bid: 189 Goods: [7, 87, 96, 105, 158, 297]
23. Bid: 192 Goods: [4, 12, 226, 298]
24. Bid: 193 Goods: [38, 72, 141, 299]
25. Bid: 198 Goods: [42, 140, 300]
26. Bid: 209 Goods: [230, 236, 302]
27. Bid: 220 Goods: [23, 173, 193, 305]
28. Bid: 225 Goods: [102, 219]
29. Bid: 250 Goods: [5, 69, 170, 214, 220, 312]
30. Bid: 258 Goods: [80, 88, 124, 234, 314]
31. Bid: 261 Goods: [10, 11, 58, 135, 315]
32. Bid: 272 Goods: [66, 157, 317]
33. Bid: 279 Goods: [143, 165, 319]
34. Bid: 284 Goods: [74, 152]
35. Bid: 285 Goods: [15, 52, 53, 200]
36. Bid: 288 Goods: [82, 83, 192, 320]
37. Bid: 292 Goods: [89, 207, 321]
38. Bid: 298 Goods: [21, 189, 190, 241, 323]
39. Bid: 312 Goods: [48, 153, 177, 195, 210, 325]
40. Bid: 317 Goods: [209, 326]
41. Bid: 321 Goods: [126, 243, 254, 327]
42. Bid: 328 Goods: [142]
43. Bid: 329 Goods: [117, 185, 329]
44. Bid: 337 Goods: [59, 67, 178, 235, 330]
45. Bid: 339 Goods: [22, 175, 331]
46. Bid: 344 Goods: [40, 184, 188, 332]
47. Bid: 354 Goods: [217]
48. Bid: 355 Goods: [81, 112, 139, 334]
49. Bid: 366 Goods: [6, 167, 198, 218, 336]
50. Bid: 367 Goods: [70, 122]
51. Bid: 368 Goods: [161, 197, 206, 337]
52. Bid: 378 Goods: [18, 25, 54, 168, 339]
53. Bid: 386 Goods: [121, 239, 341]
54. Bid: 389 Goods: [196, 342]
55. Bid: 399 Goods: [86, 201, 248, 344]
56. Bid: 403 Goods: [34, 176, 249, 345]
57. Bid: 422 Goods: [0, 64, 212, 228, 349]
58. Bid: 425 Goods: [73, 84, 205, 350]
59. Bid: 437 Goods: [92, 162]
60. Bid: 438 Goods: [46, 231, 355]
61. Bid: 456 Goods: [35, 250, 358]
62. Bid: 487 Goods: [134]
63. Bid: 496 Goods: [79, 37, 247, 368]
64. Bid: 500 Goods: [95, 27, 125, 131, 114, 369]
Objective value: 50.187496
Solving time: 0.01588
