------------------------------------------
---------------- Solution ----------------
------------------------------------------
0. Bid: 3 Goods: [8, 18, 41, 143, 256]
1. Bid: 5 Goods: [67, 180, 257]
2. Bid: 12 Goods: [2, 89, 148, 195, 258]
3. Bid: 19 Goods: [16, 47, 64, 146, 260]
4. Bid: 28 Goods: [12, 111, 229]
5. Bid: 30 Goods: [0, 128, 262]
6. Bid: 54 Goods: [37, 172, 267]
7. Bid: 57 Goods: [182, 268]
8. Bid: 62 Goods: [7, 154, 269]
9. Bid: 65 Goods: [174, 189, 270]
10. Bid: 70 Goods: [61, 151, 163, 271]
11. Bid: 82 Goods: [130, 164, 204, 274]
12. Bid: 100 Goods: [48, 196, 212, 278]
13. Bid: 102 Goods: [17, 76, 190, 279]
14. Bid: 107 Goods: [210, 280]
15. Bid: 116 Goods: [79, 80, 134, 139, 282]
16. Bid: 120 Goods: [52, 216, 283]
17. Bid: 128 Goods: [3, 57, 91, 133, 236, 284]
18. Bid: 160 Goods: [51, 74, 90, 173, 194, 291]
19. Bid: 166 Goods: [88, 120, 122, 137, 292]
20. Bid: 169 Goods: [150]
21. Bid: 170 Goods: [202, 293]
22. Bid: 177 Goods: [125, 166, 169, 241, 295]
23. Bid: 199 Goods: [110, 228, 299]
24. Bid: 203 Goods: [124, 197, 248, 300]
25. Bid: 208 Goods: [24, 152, 168, 247, 301]
26. Bid: 214 Goods: [106, 116, 200, 302]
27. Bid: 230 Goods: [23, 32, 113, 223, 305]
28. Bid: 233 Goods: [15, 165, 224, 306]
29. Bid: 237 Goods: [36, 95, 225]
30. Bid: 240 Goods: [19, 105, 109, 218, 307]
31. Bid: 243 Goods: [117, 183, 253, 308]
32. Bid: 263 Goods: [114, 141, 312]
33. Bid: 269 Goods: [29, 68, 73, 97, 215, 313]
34. Bid: 275 Goods: [53, 100, 199, 211, 315]
35. Bid: 290 Goods: [118, 132, 201, 318]
36. Bid: 292 Goods: [9, 123, 171, 319]
37. Bid: 297 Goods: [13, 69, 221]
38. Bid: 315 Goods: [5, 6, 58, 206, 230, 323]
39. Bid: 320 Goods: [38, 39, 66, 234, 324]
40. Bid: 323 Goods: [14, 25, 162, 237, 325]
41. Bid: 334 Goods: [10, 45, 153, 328]
42. Bid: 375 Goods: [22, 185, 338]
43. Bid: 379 Goods: [11, 93, 155, 339]
44. Bid: 388 Goods: [40, 63, 140, 343]
45. Bid: 393 Goods: [33, 119, 193, 344]
46. Bid: 398 Goods: [31, 42, 103, 167, 235, 345]
47. Bid: 400 Goods: [21, 219, 245, 346]
48. Bid: 406 Goods: [34, 98, 142, 347]
49. Bid: 421 Goods: [30, 81, 233, 350]
50. Bid: 440 Goods: [84, 191, 354]
51. Bid: 445 Goods: [156, 222, 355]
52. Bid: 449 Goods: [44, 244, 251, 356]
53. Bid: 458 Goods: [112, 144, 357]
54. Bid: 459 Goods: [83, 209, 49, 186, 358]
55. Bid: 468 Goods: [94, 65, 178, 360]
56. Bid: 474 Goods: [1, 226, 35, 254, 361]
57. Bid: 499 Goods: [192, 92, 179, 367]
Objective value: 47.831162000000006
Solving time: 0.04150
