------------------------------------------
---------------- Solution ----------------
------------------------------------------
0. Bid: 9 Goods: [3, 138, 258]
1. Bid: 28 Goods: [254]
2. Bid: 30 Goods: [31, 135, 262]
3. Bid: 34 Goods: [94, 121, 128, 209]
4. Bid: 35 Goods: [58, 215, 263]
5. Bid: 40 Goods: [79, 80, 141, 264]
6. Bid: 45 Goods: [227, 231, 265]
7. Bid: 53 Goods: [27, 114, 240, 266]
8. Bid: 66 Goods: [56, 134, 269]
9. Bid: 72 Goods: [102, 250, 270]
10. Bid: 75 Goods: [35, 113, 195, 271]
11. Bid: 78 Goods: [226, 272]
12. Bid: 85 Goods: [55, 67, 125, 143, 273]
13. Bid: 104 Goods: [16, 77, 181, 277]
14. Bid: 111 Goods: [0, 73, 244, 278]
15. Bid: 126 Goods: [70, 83, 108, 176, 282]
16. Bid: 131 Goods: [14, 221]
17. Bid: 132 Goods: [100, 198, 283]
18. Bid: 147 Goods: [38, 126, 175, 286]
19. Bid: 151 Goods: [212]
20. Bid: 157 Goods: [120, 144]
21. Bid: 172 Goods: [1, 21, 291]
22. Bid: 175 Goods: [17, 30, 205, 292]
23. Bid: 200 Goods: [44, 194, 298]
24. Bid: 217 Goods: [51, 69, 154, 248, 302]
25. Bid: 221 Goods: [222, 228, 304]
26. Bid: 248 Goods: [87, 89, 95, 106, 196, 239, 310]
27. Bid: 254 Goods: [122, 232, 312]
28. Bid: 259 Goods: [64, 233, 313]
29. Bid: 261 Goods: [49, 71, 93, 159, 314]
30. Bid: 267 Goods: [40, 60, 99, 173, 315]
31. Bid: 271 Goods: [90, 123, 230, 316]
32. Bid: 279 Goods: [54, 208, 243, 318]
33. Bid: 284 Goods: [88, 96, 118, 223, 319]
34. Bid: 299 Goods: [23, 28, 165]
35. Bid: 309 Goods: [6, 109, 151, 166, 323]
36. Bid: 314 Goods: [7, 249, 325]
37. Bid: 320 Goods: [13, 137, 158, 326]
38. Bid: 327 Goods: [19, 252, 327]
39. Bid: 344 Goods: [253, 331]
40. Bid: 354 Goods: [9, 24, 81, 163, 334]
41. Bid: 357 Goods: [4, 147, 152, 335]
42. Bid: 361 Goods: [86]
43. Bid: 364 Goods: [117, 127, 179, 336]
44. Bid: 369 Goods: [76, 136, 337]
45. Bid: 371 Goods: [26, 72, 107, 115, 162]
46. Bid: 375 Goods: [48, 213, 338]
47. Bid: 377 Goods: [210, 339]
48. Bid: 384 Goods: [29, 180, 341]
49. Bid: 389 Goods: [105, 124, 206, 342]
50. Bid: 394 Goods: [22, 131]
51. Bid: 403 Goods: [34, 66, 191, 204]
52. Bid: 405 Goods: [189, 63, 62, 345]
53. Bid: 424 Goods: [140, 219, 156, 349]
54. Bid: 429 Goods: [146, 153, 161, 350]
55. Bid: 438 Goods: [52, 238, 11, 10, 41, 351]
56. Bid: 446 Goods: [246, 178, 103, 353]
57. Bid: 451 Goods: [251, 32, 33, 354]
58. Bid: 468 Goods: [85, 8, 133, 57, 357]
59. Bid: 469 Goods: [82, 224, 98, 171, 358]
60. Bid: 481 Goods: [150, 61]
61. Bid: 489 Goods: [236, 362]
62. Bid: 492 Goods: [25, 255, 2, 199, 363]
Objective value: 53.446848
Solving time: 0.04996
