------------------------------------------
---------------- Solution ----------------
------------------------------------------
0. Bid: 16 Goods: [101, 102, 118, 134, 259]
1. Bid: 29 Goods: [35, 36, 51, 52, 66, 67, 68, 69, 82, 83, 261]
2. Bid: 38 Goods: [37]
3. Bid: 73 Goods: [88]
4. Bid: 100 Goods: [84, 85, 100, 274]
5. Bid: 110 Goods: [6, 21, 22, 38, 276]
6. Bid: 116 Goods: [153, 154, 155, 169, 170, 171, 173, 174, 175, 185, 186, 187, 188, 189, 190, 191, 198, 199, 200, 201, 202, 203, 204, 207, 215, 216, 217, 218, 219, 220, 221, 222, 223, 229, 230, 231, 232, 233, 234, 235, 236, 237, 238, 247, 248, 249, 250, 252, 254, 277]
7. Bid: 121 Goods: [112, 113, 114, 128, 130, 278]
8. Bid: 176 Goods: [181, 182, 183, 197, 212, 213, 214, 228, 243, 244, 288]
9. Bid: 181 Goods: [9]
10. Bid: 198 Goods: [17, 18, 34, 50, 291]
11. Bid: 231 Goods: [19, 127, 141, 142, 143, 158, 159, 297]
12. Bid: 277 Goods: [30, 31, 45, 46, 47, 61, 62, 63, 64, 76, 77, 78, 79, 80, 94, 95, 96, 111, 306]
13. Bid: 305 Goods: [92, 93, 104, 105, 106, 108, 109, 122, 123, 124, 125, 139, 140, 156, 157, 312]
14. Bid: 329 Goods: [26, 27, 42, 43, 58, 59, 73, 74, 89, 90, 316]
15. Bid: 330 Goods: [8, 13, 14, 15, 24, 25, 29, 40, 317]
16. Bid: 396 Goods: [4, 5, 20, 329]
17. Bid: 413 Goods: [145, 161, 162, 177, 178, 192, 193, 208, 209, 210, 211, 224, 225, 226, 240, 241, 242, 332]
18. Bid: 433 Goods: [103, 119, 135, 136, 152, 336]
19. Bid: 458 Goods: [11, 12, 28, 98, 99, 115, 116, 117, 131, 132, 133, 147, 148, 149, 150, 151, 164, 165, 166, 179, 180, 340]
20. Bid: 463 Goods: [54, 55, 56, 70, 71, 72, 341]
21. Bid: 500 Goods: [0, 1, 2, 3, 16, 32, 33, 48, 348]
Objective value: 13914.6729
Solving time: 1.35305
