------------------------------------------
---------------- Solution ----------------
------------------------------------------
0. Bid: 26 Goods: [68, 83, 84, 85, 100, 260]
1. Bid: 98 Goods: [212, 213, 214, 229, 273]
2. Bid: 121 Goods: [12, 13, 26, 28, 29, 30, 31, 42, 43, 44, 45, 46, 47, 58, 59, 60, 61, 62, 63, 74, 77, 78, 79, 90, 277]
3. Bid: 129 Goods: [197]
4. Bid: 152 Goods: [173, 187, 188, 247, 282]
5. Bid: 158 Goods: [1, 2, 3, 4, 16, 17, 18, 19, 20, 33, 34, 35, 36, 37, 49, 50, 51, 52, 53, 65, 66, 67, 82, 283]
6. Bid: 161 Goods: [239, 255]
7. Bid: 168 Goods: [139, 156, 172, 285]
8. Bid: 171 Goods: [194, 210, 225, 226, 228, 241, 242, 243, 244, 245, 286]
9. Bid: 197 Goods: [251, 252, 291]
10. Bid: 199 Goods: [86]
11. Bid: 226 Goods: [138, 153, 154, 168, 169, 170, 296]
12. Bid: 233 Goods: [189, 205, 206, 207, 221, 222, 223, 237, 238, 297]
13. Bid: 251 Goods: [94, 95, 111, 155, 171, 301]
14. Bid: 288 Goods: [123, 124, 125, 141, 142, 157, 158, 159, 174, 190, 191, 309]
15. Bid: 296 Goods: [101, 116, 117, 133, 134, 149, 150, 151, 152, 167, 310]
16. Bid: 379 Goods: [217, 232, 233, 234, 248, 249, 325]
17. Bid: 383 Goods: [80]
18. Bid: 391 Goods: [186, 202, 203, 218, 219, 220, 235, 236, 327]
19. Bid: 397 Goods: [182, 183, 184, 198, 199, 200, 215, 216, 328]
20. Bid: 403 Goods: [41, 57, 73, 329]
21. Bid: 412 Goods: [96, 97, 98, 99, 112, 113, 114, 128, 129, 144, 145, 160, 161, 331]
22. Bid: 447 Goods: [23, 24, 25, 38, 39, 40, 54, 55, 56, 70, 337]
23. Bid: 462 Goods: [5, 6, 7, 22, 340]
24. Bid: 473 Goods: [76, 87, 88, 89, 91, 92, 102, 104, 105, 106, 107, 108, 109, 118, 120, 121, 122, 136, 137, 342]
25. Bid: 487 Goods: [115, 130, 131, 132, 146, 147, 162, 163, 178, 179, 195, 344]
Objective value: 14995.0527
Solving time: 1.65174
