------------------------------------------
---------------- Solution ----------------
------------------------------------------
0. Bid: 1 Goods: [109, 111, 124, 125, 126, 127, 141, 256]
1. Bid: 11 Goods: [230, 231, 247, 258]
2. Bid: 12 Goods: [5]
3. Bid: 33 Goods: [233, 249, 250, 251, 252, 262]
4. Bid: 37 Goods: [190]
5. Bid: 46 Goods: [133, 142, 143, 264]
6. Bid: 51 Goods: [209, 210, 224, 225, 226, 240, 241, 265]
7. Bid: 84 Goods: [152, 154, 167, 168, 169, 170, 171, 185, 186, 200, 201, 202, 203, 207, 216, 271]
8. Bid: 101 Goods: [159]
9. Bid: 121 Goods: [119, 120, 136, 277]
10. Bid: 128 Goods: [148, 149, 164, 165, 179, 180, 196, 212, 228, 278]
11. Bid: 131 Goods: [253]
12. Bid: 167 Goods: [157, 172, 173, 174, 188, 189, 204, 285]
13. Bid: 276 Goods: [117]
14. Bid: 277 Goods: [181, 182, 183, 184, 198, 199, 214, 229, 305]
15. Bid: 295 Goods: [197, 213, 308]
16. Bid: 307 Goods: [29, 45, 60, 311]
17. Bid: 343 Goods: [41, 42, 57, 58, 72, 73, 74, 75, 87, 88, 89, 90, 91, 103, 104, 105, 106, 121, 122, 138, 139, 156, 318]
18. Bid: 368 Goods: [1, 2, 3, 17, 18, 19, 20, 33, 34, 323]
19. Bid: 394 Goods: [35, 48, 49, 50, 327]
20. Bid: 404 Goods: [6, 7, 8, 21, 22, 23, 32, 37, 38, 39, 54, 55, 329]
21. Bid: 421 Goods: [242, 243, 244, 332]
22. Bid: 439 Goods: [144, 145, 160, 161, 162, 176, 177, 178, 192, 335]
23. Bid: 445 Goods: [51, 52, 53, 64, 65, 67, 68, 69, 80, 81, 82, 83, 84, 85, 96, 97, 98, 99, 100, 101, 102, 112, 113, 114, 115, 116, 130, 131, 146, 336]
24. Bid: 454 Goods: [13, 14, 15, 30, 338]
25. Bid: 482 Goods: [77, 92, 93, 94, 95, 107, 108, 110, 343]
26. Bid: 487 Goods: [24, 25, 158, 344]
27. Bid: 491 Goods: [46, 47, 62, 63, 345]
28. Bid: 496 Goods: [10, 11, 26, 27, 43, 44, 59, 220, 221, 222, 223, 236, 237, 346]
Objective value: 13816.51
Solving time: 2.51369
