------------------------------------------
---------------- Solution ----------------
------------------------------------------
0. Bid: 1 Goods: [135, 151]
1. Bid: 11 Goods: [168, 194, 208, 210, 211, 224, 225, 226, 227, 228, 229, 240, 241, 242, 243, 244, 245, 246, 247, 257]
2. Bid: 21 Goods: [44, 80, 96, 259]
3. Bid: 42 Goods: [14, 29, 30, 31, 45, 46, 47, 61, 62, 63, 76, 77, 78, 79, 94, 263]
4. Bid: 57 Goods: [11, 12, 13, 27, 28, 266]
5. Bid: 126 Goods: [97, 98, 99, 114, 115, 131, 147, 148, 149, 163, 164, 165, 180, 181, 196, 280]
6. Bid: 133 Goods: [0, 1, 16, 17, 32, 33, 34, 48, 49, 50, 64, 65, 81, 282]
7. Bid: 184 Goods: [108]
8. Bid: 260 Goods: [103, 104, 119, 120, 136, 152, 153, 305]
9. Bid: 279 Goods: [167, 197, 198, 199, 200, 213, 214, 215, 216, 232, 233, 248, 308]
10. Bid: 285 Goods: [95, 107, 109, 110, 111, 123, 124, 125, 126, 127, 139, 140, 141, 142, 143, 156, 159, 309]
11. Bid: 305 Goods: [73, 74, 75, 89, 90, 91, 313]
12. Bid: 319 Goods: [116]
13. Bid: 322 Goods: [36, 51, 52, 53, 316]
14. Bid: 327 Goods: [112, 128, 129, 144, 145, 146, 160, 161, 162, 176, 177, 178, 179, 317]
15. Bid: 354 Goods: [67, 68, 83, 84, 322]
16. Bid: 358 Goods: [70]
17. Bid: 376 Goods: [169, 173, 174, 175, 185, 186, 187, 188, 189, 190, 191, 201, 202, 203, 204, 217, 218, 219, 221, 234, 235, 236, 237, 249, 250, 251, 252, 253, 254, 327]
18. Bid: 381 Goods: [26, 37, 38, 39, 40, 41, 42, 54, 55, 56, 57, 58, 71, 72, 88, 328]
19. Bid: 400 Goods: [86, 101, 102, 117, 331]
20. Bid: 413 Goods: [3, 4, 5, 6, 7, 8, 18, 19, 20, 21, 22, 23, 334]
21. Bid: 441 Goods: [121, 122, 137, 138, 154, 170, 339]
22. Bid: 446 Goods: [184]
23. Bid: 461 Goods: [59, 60, 342]
24. Bid: 495 Goods: [206, 222, 223, 349]
Objective value: 14735.37598
Solving time: 0.52672
