------------------------------------------
---------------- Solution ----------------
------------------------------------------
0. Bid: 5 Goods: [131, 147, 148, 149, 150, 164, 165, 256]
1. Bid: 8 Goods: [194, 209, 210, 257]
2. Bid: 12 Goods: [196, 212, 213, 258]
3. Bid: 20 Goods: [90, 106, 181, 182, 197, 198, 214, 260]
4. Bid: 32 Goods: [215, 231, 263]
5. Bid: 34 Goods: [171, 185, 186, 264]
6. Bid: 49 Goods: [189, 201, 202, 203, 204, 205, 206, 267]
7. Bid: 67 Goods: [162, 163, 166, 167, 168, 178, 179, 180, 188, 270]
8. Bid: 69 Goods: [135, 136, 137, 152, 153, 271]
9. Bid: 95 Goods: [126, 127, 139, 140, 141, 142, 143, 250, 275]
10. Bid: 132 Goods: [67, 83, 98, 99, 282]
11. Bid: 140 Goods: [120, 121, 122, 123, 124, 138, 283]
12. Bid: 177 Goods: [160]
13. Bid: 204 Goods: [34, 49, 50, 51, 64, 65, 66, 81, 96, 97, 295]
14. Bid: 218 Goods: [10, 13, 25, 26, 27, 28, 29, 39, 40, 41, 42, 43, 44, 45, 58, 60, 61, 72, 73, 74, 75, 76, 77, 88, 89, 92, 105, 195, 297]
15. Bid: 253 Goods: [161, 177, 303]
16. Bid: 292 Goods: [78, 79, 94, 95, 110, 111, 311]
17. Bid: 335 Goods: [0, 159, 174, 175, 190, 191, 320]
18. Bid: 347 Goods: [14, 15, 30, 31, 46, 47, 62, 63, 322]
19. Bid: 365 Goods: [1, 2, 17, 32, 33, 155, 156, 157, 158, 172, 173, 326]
20. Bid: 376 Goods: [8, 9, 328]
21. Bid: 381 Goods: [69, 84, 85, 86, 87, 100, 101, 102, 103, 104, 115, 116, 117, 118, 132, 134, 151, 329]
22. Bid: 389 Goods: [207, 221, 222, 223, 235, 236, 237, 238, 239, 252, 253, 254, 255, 331]
23. Bid: 406 Goods: [184, 199, 200, 216, 217, 229, 230, 232, 233, 245, 246, 333]
24. Bid: 431 Goods: [225, 226, 227, 228, 240, 241, 242, 339]
25. Bid: 438 Goods: [11, 12, 340]
26. Bid: 473 Goods: [218, 219, 234, 347]
27. Bid: 476 Goods: [54]
28. Bid: 488 Goods: [112, 113, 128, 129, 130, 145, 146, 349]
29. Bid: 496 Goods: [5, 6, 19, 20, 21, 35, 36, 37, 52, 68, 351]
Objective value: 14755.998500000002
Solving time: 0.82167
