------------------------------------------
---------------- Solution ----------------
------------------------------------------
0. Bid: 1 Goods: [112, 113, 114, 116, 129, 130, 131, 132, 147, 256]
1. Bid: 10 Goods: [180, 195, 196, 197, 208, 209, 210, 211, 212, 225, 226, 227, 240, 241, 242, 243, 257]
2. Bid: 43 Goods: [108]
3. Bid: 52 Goods: [45, 46, 47, 61, 62, 63, 78, 92, 93, 94, 95, 109, 110, 111, 125, 126, 127, 264]
4. Bid: 54 Goods: [160, 161, 177, 192, 193, 194, 265]
5. Bid: 60 Goods: [172, 173, 189, 190, 205, 221, 222, 237, 266]
6. Bid: 66 Goods: [201, 217, 267]
7. Bid: 68 Goods: [117, 118, 133, 134, 135, 151, 268]
8. Bid: 77 Goods: [106, 121, 122, 136, 137, 138, 141, 142, 153, 154, 155, 156, 168, 169, 170, 171, 185, 187, 200, 269]
9. Bid: 139 Goods: [128, 144, 145, 281]
10. Bid: 172 Goods: [35, 36, 50, 51, 52, 64, 65, 66, 67, 80, 81, 82, 83, 96, 97, 98, 99, 288]
11. Bid: 177 Goods: [29, 54, 68, 69, 70, 84, 85, 86, 87, 100, 101, 289]
12. Bid: 196 Goods: [10, 11, 12, 13, 26, 42, 293]
13. Bid: 203 Goods: [18, 19, 20, 294]
14. Bid: 204 Goods: [251, 252, 295]
15. Bid: 221 Goods: [44, 59, 60, 75, 76, 299]
16. Bid: 229 Goods: [14, 15, 30, 31, 300]
17. Bid: 255 Goods: [139]
18. Bid: 257 Goods: [175, 191, 253, 254, 306]
19. Bid: 268 Goods: [148, 150, 164, 165, 166, 181, 182, 308]
20. Bid: 300 Goods: [188, 202, 203, 204, 213, 219, 220, 236, 313]
21. Bid: 360 Goods: [232, 233, 249, 250, 323]
22. Bid: 371 Goods: [198, 199, 214, 326]
23. Bid: 390 Goods: [157, 215, 228, 229, 230, 231, 244, 245, 246, 330]
24. Bid: 428 Goods: [6, 7, 8, 21, 22, 23, 37, 38, 39, 336]
25. Bid: 432 Goods: [207]
26. Bid: 448 Goods: [25, 40, 41, 55, 56, 71, 72, 73, 88, 104, 105, 120, 176, 239, 341]
27. Bid: 466 Goods: [2, 3, 4, 124, 140, 344]
Objective value: 14053.888599999998
Solving time: 1.38018
