------------------------------------------
---------------- Solution ----------------
------------------------------------------
0. Bid: 1 Goods: [166, 182, 198, 199, 215, 216, 256]
1. Bid: 25 Goods: [70, 85, 261]
2. Bid: 27 Goods: [7, 8, 9, 22, 23, 24, 25, 26, 38, 39, 40, 41, 54, 55, 56, 57, 72, 73, 262]
3. Bid: 36 Goods: [183, 184, 185, 200, 263]
4. Bid: 41 Goods: [116, 132, 133, 134, 148, 149, 150, 264]
5. Bid: 57 Goods: [102, 117, 118, 119, 135, 267]
6. Bid: 125 Goods: [126, 142, 158, 159, 279]
7. Bid: 132 Goods: [162, 163, 164, 177, 178, 179, 180, 196, 280]
8. Bid: 156 Goods: [92, 108, 124, 125, 140, 156, 284]
9. Bid: 187 Goods: [152, 153, 167, 168, 169, 291]
10. Bid: 210 Goods: [192]
11. Bid: 230 Goods: [211, 212, 228, 244, 298]
12. Bid: 257 Goods: [236]
13. Bid: 273 Goods: [74, 76, 77, 90, 91, 106, 107, 307]
14. Bid: 300 Goods: [194, 195, 208, 209, 210, 224, 225, 226, 227, 240, 241, 242, 243, 311]
15. Bid: 316 Goods: [42, 43, 44, 58, 59, 60, 75, 314]
16. Bid: 327 Goods: [5, 19, 20, 21, 35, 36, 52, 53, 316]
17. Bid: 343 Goods: [46, 62, 63, 78, 79, 93, 94, 95, 109, 110, 111, 318]
18. Bid: 360 Goods: [113, 114, 128, 129, 144, 145, 146, 147, 160, 322]
19. Bid: 369 Goods: [4, 104, 105, 120, 121, 122, 123, 127, 136, 137, 138, 154, 155, 214, 229, 230, 231, 245, 246, 247, 323]
20. Bid: 375 Goods: [0, 1, 2, 16, 17, 18, 49, 50, 51, 65, 66, 324]
21. Bid: 392 Goods: [67, 68, 81, 82, 83, 84, 98, 99, 100, 101, 115, 131, 327]
22. Bid: 418 Goods: [10, 11, 12, 13, 14, 15, 27, 28, 29, 30, 31, 45, 87, 238, 252, 253, 254, 332]
23. Bid: 432 Goods: [181, 197, 335]
24. Bid: 457 Goods: [205, 206, 341]
25. Bid: 471 Goods: [233, 234, 249, 250, 344]
26. Bid: 473 Goods: [186, 201, 202, 203, 204, 218, 219, 220, 235, 251, 345]
27. Bid: 499 Goods: [172, 173, 174, 175, 188, 189, 190, 191, 207, 222, 223, 239, 255, 349]
Objective value: 14347.959499999999
Solving time: 0.93475
