IIS generation
Instance: matching-128-500-190000
----------------------------
Query: 7
Query element:134
Query scope: 56
Query scope: 57
Query scope: 58
Query scope: 59
Query scope: 60
Query scope: 61
Query scope: 62
Query scope: 63
Query scope: 64
Query scope: 65
----------------------------
IIS optimality: suboptimal
IIS solution time: 2882.27207
IIS Constraint: 19; goods; {good:19}
IIS Constraint: 23; goods; {good:23}
IIS Constraint: 27; goods; {good:27}
IIS Constraint: 31; goods; {good:31}
IIS Constraint: 33; goods; {good:33}
IIS Constraint: 36; goods; {good:36}
IIS Constraint: 37; goods; {good:37}
IIS Constraint: 39; goods; {good:39}
IIS Constraint: 40; goods; {good:40}
IIS Constraint: 41; goods; {good:41}
IIS Constraint: 43; goods; {good:43}
IIS Constraint: 44; goods; {good:44}
IIS Constraint: 45; goods; {good:45}
IIS Constraint: 46; goods; {good:46}
IIS Constraint: 48; goods; {good:48}
IIS Constraint: 49; goods; {good:49}
IIS Constraint: 50; goods; {good:50}
IIS Constraint: 52; goods; {good:52}
IIS Constraint: 53; goods; {good:53}
IIS Constraint: 55; goods; {good:55}
IIS Constraint: 56; goods; {good:56}
IIS Constraint: 57; goods; {good:57}
IIS Constraint: 60; goods; {good:60}
IIS Constraint: 61; goods; {good:61}
IIS Constraint: 62; goods; {good:62}
IIS Constraint: 63; goods; {good:63}
IIS Constraint: 64; goods; {good:64}
IIS Constraint: 65; goods; {good:65}
IIS Constraint: 67; goods; {good:67}
IIS Constraint: 68; goods; {good:68}
IIS Constraint: 69; goods; {good:69}
IIS Constraint: 72; goods; {good:72}
IIS Constraint: 73; goods; {good:73}
IIS Constraint: 77; goods; {good:77}
IIS Constraint: 81; goods; {good:81}
IIS Constraint: 85; goods; {good:85}
IIS Constraint: 89; goods; {good:89}
IIS Constraint: 92; goods; {good:92}
IIS Constraint: 93; goods; {good:93}
IIS Constraint: 96; goods; {good:96}
IIS Constraint: 100; goods; {good:100}
IIS Constraint: 101; goods; {good:101}
IIS Constraint: 104; goods; {good:104}
IIS Constraint: 105; goods; {good:105}
IIS Constraint: 108; goods; {good:108}
IIS Constraint: 109; goods; {good:109}
IIS Constraint: 112; goods; {good:112}
IIS Constraint: 113; goods; {good:113}
IIS Constraint: 114; goods; {good:114}
IIS Constraint: 116; goods; {good:116}
IIS Constraint: 117; goods; {good:117}
IIS Constraint: 120; goods; {good:120}
IIS Constraint: 121; goods; {good:121}
IIS Constraint: 125; goods; {good:125}
IIS Constraint: 129; goods; {good:129}
IIS Constraint: 130; goods; {good:130}
IIS Constraint: 133; goods; {good:133}
IIS Constraint: 135; goods; {good:135}
IIS Constraint: 136; goods; {good:136}
IIS Constraint: 138; goods; {good:138}
IIS Constraint: 139; goods; {good:139}
IIS Constraint: 140; goods; {good:140}
IIS Constraint: 141; goods; {good:141}
IIS Constraint: 142; goods; {good:142}
IIS Constraint: 143; goods; {good:143}
IIS Constraint: 145; goods; {good:145}
IIS Constraint: 147; goods; {good:147}
IIS Constraint: 149; goods; {good:149}
IIS Constraint: 150; goods; {good:150}
IIS Constraint: 151; goods; {good:151}
IIS Constraint: 153; goods; {good:153}
IIS Constraint: 154; goods; {good:154}
IIS Constraint: 155; goods; {good:155}
IIS Constraint: 156; goods; {good:156}
IIS Constraint: 158; goods; {good:158}
IIS Constraint: 165; goods; {good:165}
IIS Constraint: 167; goods; {good:167}
IIS Constraint: 169; goods; {good:169}
IIS Constraint: 170; goods; {good:170}
IIS Constraint: 171; goods; {good:171}
IIS Constraint: 177; goods; {good:177}
IIS Constraint: 182; query; {good:134,query:7}
IIS Constraint: 183; max; {f:213.13404000000003,objective:max}
