IIS generation
Instance: paths-128-500-910000
----------------------------
Query: 9
Query element:28
Query element:43
Query scope: 14
Query scope: 63
Query scope: 81
Query scope: 82
Query scope: 112
Query scope: 149
Query scope: 150
Query scope: 151
Query scope: 153
Query scope: 155
Query scope: 217
Query scope: 249
Query scope: 278
Query scope: 279
Query scope: 280
Query scope: 281
Query scope: 282
Query scope: 288
Query scope: 290
Query scope: 291
Query scope: 292
Query scope: 475
Query scope: 477
Query scope: 176
Query scope: 196
Query scope: 237
Query scope: 276
Query scope: 285
Query scope: 302
Query scope: 305
Query scope: 384
Query scope: 385
----------------------------
IIS optimality: suboptimal
IIS solution time: 3162.22498
IIS Constraint: 2; goods; {good:2}
IIS Constraint: 3; goods; {good:3}
IIS Constraint: 4; goods; {good:4}
IIS Constraint: 5; goods; {good:5}
IIS Constraint: 7; goods; {good:7}
IIS Constraint: 8; goods; {good:8}
IIS Constraint: 10; goods; {good:10}
IIS Constraint: 11; goods; {good:11}
IIS Constraint: 13; goods; {good:13}
IIS Constraint: 14; goods; {good:14}
IIS Constraint: 15; goods; {good:15}
IIS Constraint: 18; goods; {good:18}
IIS Constraint: 19; goods; {good:19}
IIS Constraint: 20; goods; {good:20}
IIS Constraint: 21; goods; {good:21}
IIS Constraint: 22; goods; {good:22}
IIS Constraint: 24; goods; {good:24}
IIS Constraint: 25; goods; {good:25}
IIS Constraint: 27; goods; {good:27}
IIS Constraint: 29; goods; {good:29}
IIS Constraint: 30; goods; {good:30}
IIS Constraint: 31; goods; {good:31}
IIS Constraint: 35; goods; {good:35}
IIS Constraint: 36; goods; {good:36}
IIS Constraint: 37; goods; {good:37}
IIS Constraint: 38; goods; {good:38}
IIS Constraint: 39; goods; {good:39}
IIS Constraint: 40; goods; {good:40}
IIS Constraint: 44; goods; {good:44}
IIS Constraint: 45; goods; {good:45}
IIS Constraint: 46; goods; {good:46}
IIS Constraint: 47; goods; {good:47}
IIS Constraint: 50; goods; {good:50}
IIS Constraint: 51; goods; {good:51}
IIS Constraint: 54; goods; {good:54}
IIS Constraint: 55; goods; {good:55}
IIS Constraint: 56; goods; {good:56}
IIS Constraint: 57; goods; {good:57}
IIS Constraint: 58; goods; {good:58}
IIS Constraint: 61; goods; {good:61}
IIS Constraint: 62; goods; {good:62}
IIS Constraint: 63; goods; {good:63}
IIS Constraint: 66; goods; {good:66}
IIS Constraint: 71; goods; {good:71}
IIS Constraint: 74; goods; {good:74}
IIS Constraint: 75; goods; {good:75}
IIS Constraint: 77; goods; {good:77}
IIS Constraint: 78; goods; {good:78}
IIS Constraint: 80; goods; {good:80}
IIS Constraint: 81; goods; {good:81}
IIS Constraint: 82; goods; {good:82}
IIS Constraint: 83; goods; {good:83}
IIS Constraint: 84; goods; {good:84}
IIS Constraint: 85; goods; {good:85}
IIS Constraint: 86; goods; {good:86}
IIS Constraint: 87; goods; {good:87}
IIS Constraint: 92; goods; {good:92}
IIS Constraint: 94; goods; {good:94}
IIS Constraint: 95; goods; {good:95}
IIS Constraint: 96; goods; {good:96}
IIS Constraint: 99; goods; {good:99}
IIS Constraint: 101; goods; {good:101}
IIS Constraint: 102; goods; {good:102}
IIS Constraint: 103; goods; {good:103}
IIS Constraint: 104; goods; {good:104}
IIS Constraint: 105; goods; {good:105}
IIS Constraint: 106; goods; {good:106}
IIS Constraint: 109; goods; {good:109}
IIS Constraint: 111; goods; {good:111}
IIS Constraint: 113; goods; {good:113}
IIS Constraint: 115; goods; {good:115}
IIS Constraint: 117; goods; {good:117}
IIS Constraint: 119; goods; {good:119}
IIS Constraint: 121; goods; {good:121}
IIS Constraint: 122; goods; {good:122}
IIS Constraint: 123; goods; {good:123}
IIS Constraint: 126; goods; {good:126}
IIS Constraint: 127; goods; {good:127}
IIS Constraint: 128; goods; {good:128}
IIS Constraint: 129; goods; {good:129}
IIS Constraint: 136; goods; {good:136}
IIS Constraint: 144; goods; {good:144}
IIS Constraint: 157; goods; {good:157}
IIS Constraint: 188; goods; {good:188}
IIS Constraint: 190; goods; {good:190}
IIS Constraint: 324; query; {good:28,query:9}
IIS Constraint: 326; max; {f:38.7325764,objective:max}
