IIS generation
Instance: matching-128-500-540000
----------------------------
Query: 10
Query element:84
Query element:47
Query scope: 200
----------------------------
IIS optimality: suboptimal
IIS solution time: 342.39269
IIS Constraint: 0; goods; {good:0}
IIS Constraint: 4; goods; {good:4}
IIS Constraint: 8; goods; {good:8}
IIS Constraint: 12; goods; {good:12}
IIS Constraint: 17; goods; {good:17}
IIS Constraint: 18; goods; {good:18}
IIS Constraint: 23; goods; {good:23}
IIS Constraint: 25; goods; {good:25}
IIS Constraint: 26; goods; {good:26}
IIS Constraint: 27; goods; {good:27}
IIS Constraint: 31; goods; {good:31}
IIS Constraint: 32; goods; {good:32}
IIS Constraint: 35; goods; {good:35}
IIS Constraint: 36; goods; {good:36}
IIS Constraint: 39; goods; {good:39}
IIS Constraint: 40; goods; {good:40}
IIS Constraint: 42; goods; {good:42}
IIS Constraint: 43; goods; {good:43}
IIS Constraint: 44; goods; {good:44}
IIS Constraint: 46; goods; {good:46}
IIS Constraint: 48; goods; {good:48}
IIS Constraint: 49; goods; {good:49}
IIS Constraint: 50; goods; {good:50}
IIS Constraint: 52; goods; {good:52}
IIS Constraint: 54; goods; {good:54}
IIS Constraint: 56; goods; {good:56}
IIS Constraint: 58; goods; {good:58}
IIS Constraint: 60; goods; {good:60}
IIS Constraint: 62; goods; {good:62}
IIS Constraint: 63; goods; {good:63}
IIS Constraint: 64; goods; {good:64}
IIS Constraint: 68; goods; {good:68}
IIS Constraint: 71; goods; {good:71}
IIS Constraint: 72; goods; {good:72}
IIS Constraint: 73; goods; {good:73}
IIS Constraint: 74; goods; {good:74}
IIS Constraint: 75; goods; {good:75}
IIS Constraint: 77; goods; {good:77}
IIS Constraint: 80; goods; {good:80}
IIS Constraint: 81; goods; {good:81}
IIS Constraint: 85; goods; {good:85}
IIS Constraint: 88; goods; {good:88}
IIS Constraint: 89; goods; {good:89}
IIS Constraint: 92; goods; {good:92}
IIS Constraint: 93; goods; {good:93}
IIS Constraint: 96; goods; {good:96}
IIS Constraint: 97; goods; {good:97}
IIS Constraint: 101; goods; {good:101}
IIS Constraint: 104; goods; {good:104}
IIS Constraint: 109; goods; {good:109}
IIS Constraint: 113; goods; {good:113}
IIS Constraint: 114; goods; {good:114}
IIS Constraint: 128; goods; {good:128}
IIS Constraint: 130; goods; {good:130}
IIS Constraint: 132; goods; {good:132}
IIS Constraint: 134; goods; {good:134}
IIS Constraint: 135; goods; {good:135}
IIS Constraint: 137; goods; {good:137}
IIS Constraint: 138; goods; {good:138}
IIS Constraint: 140; goods; {good:140}
IIS Constraint: 142; goods; {good:142}
IIS Constraint: 143; goods; {good:143}
IIS Constraint: 147; goods; {good:147}
IIS Constraint: 148; goods; {good:148}
IIS Constraint: 150; goods; {good:150}
IIS Constraint: 151; goods; {good:151}
IIS Constraint: 152; goods; {good:152}
IIS Constraint: 154; goods; {good:154}
IIS Constraint: 155; goods; {good:155}
IIS Constraint: 156; goods; {good:156}
IIS Constraint: 157; goods; {good:157}
IIS Constraint: 159; goods; {good:159}
IIS Constraint: 160; goods; {good:160}
IIS Constraint: 161; goods; {good:161}
IIS Constraint: 163; goods; {good:163}
IIS Constraint: 165; goods; {good:165}
IIS Constraint: 166; goods; {good:166}
IIS Constraint: 167; goods; {good:167}
IIS Constraint: 168; goods; {good:168}
IIS Constraint: 169; goods; {good:169}
IIS Constraint: 170; goods; {good:170}
IIS Constraint: 172; goods; {good:172}
IIS Constraint: 173; goods; {good:173}
IIS Constraint: 174; goods; {good:174}
IIS Constraint: 175; goods; {good:175}
IIS Constraint: 176; goods; {good:176}
IIS Constraint: 178; goods; {good:178}
IIS Constraint: 180; query; {goods:[84,47],query:10}
IIS Constraint: 181; max; {f:291.742478,objective:max}
