IIS generation
Instance: scheduling-128-500-910000
----------------------------
Query: 9
Query element:38
Query element:18
Query scope: 33
Query scope: 34
Query scope: 35
Query scope: 36
Query scope: 37
Query scope: 38
Query scope: 148
Query scope: 149
Query scope: 150
Query scope: 151
Query scope: 152
Query scope: 153
Query scope: 154
Query scope: 155
Query scope: 156
Query scope: 273
Query scope: 274
Query scope: 275
Query scope: 276
Query scope: 395
Query scope: 396
Query scope: 397
Query scope: 398
Query scope: 399
Query scope: 400
Query scope: 401
Query scope: 516
Query scope: 517
Query scope: 518
Query scope: 519
Query scope: 520
Query scope: 521
Query scope: 522
Query scope: 523
Query scope: 13
Query scope: 14
Query scope: 15
Query scope: 16
Query scope: 17
Query scope: 18
Query scope: 128
Query scope: 129
Query scope: 130
Query scope: 131
Query scope: 132
Query scope: 133
Query scope: 134
Query scope: 135
Query scope: 136
Query scope: 253
Query scope: 254
Query scope: 255
Query scope: 256
Query scope: 375
Query scope: 376
Query scope: 377
Query scope: 378
Query scope: 379
Query scope: 380
Query scope: 381
Query scope: 496
Query scope: 497
Query scope: 498
Query scope: 499
Query scope: 500
Query scope: 501
Query scope: 502
Query scope: 503
----------------------------
IIS optimality: optimal
IIS solution time: 0.01266
