IIS generation
Instance: paths-128-500-960000
----------------------------
Query: 11
Query element:96
Query element:118
Query scope: 22
Query scope: 23
Query scope: 56
Query scope: 249
Query scope: 250
Query scope: 407
Query scope: 408
Query scope: 411
----------------------------
IIS optimality: suboptimal
IIS solution time: 1965.50784
IIS Constraint: 0; goods; {good:0}
IIS Constraint: 1; goods; {good:1}
IIS Constraint: 2; goods; {good:2}
IIS Constraint: 3; goods; {good:3}
IIS Constraint: 4; goods; {good:4}
IIS Constraint: 7; goods; {good:7}
IIS Constraint: 8; goods; {good:8}
IIS Constraint: 9; goods; {good:9}
IIS Constraint: 10; goods; {good:10}
IIS Constraint: 11; goods; {good:11}
IIS Constraint: 12; goods; {good:12}
IIS Constraint: 13; goods; {good:13}
IIS Constraint: 15; goods; {good:15}
IIS Constraint: 16; goods; {good:16}
IIS Constraint: 17; goods; {good:17}
IIS Constraint: 19; goods; {good:19}
IIS Constraint: 21; goods; {good:21}
IIS Constraint: 22; goods; {good:22}
IIS Constraint: 23; goods; {good:23}
IIS Constraint: 24; goods; {good:24}
IIS Constraint: 25; goods; {good:25}
IIS Constraint: 26; goods; {good:26}
IIS Constraint: 27; goods; {good:27}
IIS Constraint: 28; goods; {good:28}
IIS Constraint: 29; goods; {good:29}
IIS Constraint: 30; goods; {good:30}
IIS Constraint: 31; goods; {good:31}
IIS Constraint: 32; goods; {good:32}
IIS Constraint: 33; goods; {good:33}
IIS Constraint: 35; goods; {good:35}
IIS Constraint: 36; goods; {good:36}
IIS Constraint: 37; goods; {good:37}
IIS Constraint: 41; goods; {good:41}
IIS Constraint: 42; goods; {good:42}
IIS Constraint: 43; goods; {good:43}
IIS Constraint: 44; goods; {good:44}
IIS Constraint: 46; goods; {good:46}
IIS Constraint: 47; goods; {good:47}
IIS Constraint: 49; goods; {good:49}
IIS Constraint: 53; goods; {good:53}
IIS Constraint: 54; goods; {good:54}
IIS Constraint: 55; goods; {good:55}
IIS Constraint: 56; goods; {good:56}
IIS Constraint: 57; goods; {good:57}
IIS Constraint: 59; goods; {good:59}
IIS Constraint: 60; goods; {good:60}
IIS Constraint: 66; goods; {good:66}
IIS Constraint: 68; goods; {good:68}
IIS Constraint: 69; goods; {good:69}
IIS Constraint: 72; goods; {good:72}
IIS Constraint: 73; goods; {good:73}
IIS Constraint: 75; goods; {good:75}
IIS Constraint: 78; goods; {good:78}
IIS Constraint: 80; goods; {good:80}
IIS Constraint: 82; goods; {good:82}
IIS Constraint: 84; goods; {good:84}
IIS Constraint: 87; goods; {good:87}
IIS Constraint: 89; goods; {good:89}
IIS Constraint: 90; goods; {good:90}
IIS Constraint: 91; goods; {good:91}
IIS Constraint: 93; goods; {good:93}
IIS Constraint: 96; goods; {good:96}
IIS Constraint: 99; goods; {good:99}
IIS Constraint: 100; goods; {good:100}
IIS Constraint: 102; goods; {good:102}
IIS Constraint: 104; goods; {good:104}
IIS Constraint: 106; goods; {good:106}
IIS Constraint: 107; goods; {good:107}
IIS Constraint: 114; goods; {good:114}
IIS Constraint: 117; goods; {good:117}
IIS Constraint: 118; goods; {good:118}
IIS Constraint: 119; goods; {good:119}
IIS Constraint: 120; goods; {good:120}
IIS Constraint: 121; goods; {good:121}
IIS Constraint: 122; goods; {good:122}
IIS Constraint: 125; goods; {good:125}
IIS Constraint: 132; goods; {good:132}
IIS Constraint: 133; goods; {good:133}
IIS Constraint: 137; goods; {good:137}
IIS Constraint: 139; goods; {good:139}
IIS Constraint: 153; goods; {good:153}
IIS Constraint: 155; goods; {good:155}
IIS Constraint: 166; goods; {good:166}
IIS Constraint: 169; goods; {good:169}
IIS Constraint: 184; goods; {good:184}
IIS Constraint: 329; query; {goods:[96,118],query:11}
IIS Constraint: 330; max; {f:33.571378,objective:max}
