IIS generation
Instance: matching-128-500-90000
----------------------------
Query: 9
Query element:142
Query element:123
Query scope: 136
Query scope: 137
Query scope: 138
Query scope: 139
Query scope: 140
Query scope: 141
Query scope: 142
Query scope: 143
Query scope: 144
Query scope: 145
Query scope: 336
Query scope: 339
Query scope: 341
----------------------------
IIS optimality: suboptimal
IIS solution time: 349.06225
IIS Constraint: 1; goods; {good:1}
IIS Constraint: 5; goods; {good:5}
IIS Constraint: 12; goods; {good:12}
IIS Constraint: 16; goods; {good:16}
IIS Constraint: 23; goods; {good:23}
IIS Constraint: 26; goods; {good:26}
IIS Constraint: 27; goods; {good:27}
IIS Constraint: 30; goods; {good:30}
IIS Constraint: 32; goods; {good:32}
IIS Constraint: 34; goods; {good:34}
IIS Constraint: 36; goods; {good:36}
IIS Constraint: 40; goods; {good:40}
IIS Constraint: 44; goods; {good:44}
IIS Constraint: 46; goods; {good:46}
IIS Constraint: 48; goods; {good:48}
IIS Constraint: 49; goods; {good:49}
IIS Constraint: 52; goods; {good:52}
IIS Constraint: 53; goods; {good:53}
IIS Constraint: 56; goods; {good:56}
IIS Constraint: 57; goods; {good:57}
IIS Constraint: 60; goods; {good:60}
IIS Constraint: 61; goods; {good:61}
IIS Constraint: 63; goods; {good:63}
IIS Constraint: 65; goods; {good:65}
IIS Constraint: 67; goods; {good:67}
IIS Constraint: 68; goods; {good:68}
IIS Constraint: 69; goods; {good:69}
IIS Constraint: 70; goods; {good:70}
IIS Constraint: 72; goods; {good:72}
IIS Constraint: 73; goods; {good:73}
IIS Constraint: 74; goods; {good:74}
IIS Constraint: 76; goods; {good:76}
IIS Constraint: 77; goods; {good:77}
IIS Constraint: 78; goods; {good:78}
IIS Constraint: 80; goods; {good:80}
IIS Constraint: 81; goods; {good:81}
IIS Constraint: 82; goods; {good:82}
IIS Constraint: 84; goods; {good:84}
IIS Constraint: 85; goods; {good:85}
IIS Constraint: 86; goods; {good:86}
IIS Constraint: 90; goods; {good:90}
IIS Constraint: 93; goods; {good:93}
IIS Constraint: 97; goods; {good:97}
IIS Constraint: 98; goods; {good:98}
IIS Constraint: 101; goods; {good:101}
IIS Constraint: 102; goods; {good:102}
IIS Constraint: 105; goods; {good:105}
IIS Constraint: 109; goods; {good:109}
IIS Constraint: 113; goods; {good:113}
IIS Constraint: 117; goods; {good:117}
IIS Constraint: 118; goods; {good:118}
IIS Constraint: 120; goods; {good:120}
IIS Constraint: 121; goods; {good:121}
IIS Constraint: 124; goods; {good:124}
IIS Constraint: 125; goods; {good:125}
IIS Constraint: 129; goods; {good:129}
IIS Constraint: 130; goods; {good:130}
IIS Constraint: 133; goods; {good:133}
IIS Constraint: 134; goods; {good:134}
IIS Constraint: 136; goods; {good:136}
IIS Constraint: 143; goods; {good:143}
IIS Constraint: 144; goods; {good:144}
IIS Constraint: 145; goods; {good:145}
IIS Constraint: 147; goods; {good:147}
IIS Constraint: 148; goods; {good:148}
IIS Constraint: 150; goods; {good:150}
IIS Constraint: 152; goods; {good:152}
IIS Constraint: 153; goods; {good:153}
IIS Constraint: 158; goods; {good:158}
IIS Constraint: 159; goods; {good:159}
IIS Constraint: 162; goods; {good:162}
IIS Constraint: 164; goods; {good:164}
IIS Constraint: 165; goods; {good:165}
IIS Constraint: 166; goods; {good:166}
IIS Constraint: 170; goods; {good:170}
IIS Constraint: 178; goods; {good:178}
IIS Constraint: 181; query; {good:142,query:9}
IIS Constraint: 183; max; {f:113.964224,objective:max}
