IIS generation
Instance: arbitrary-128-500-870000
----------------------------
Query: 8
Query element:40
Query scope: 1
Query scope: 32
Query scope: 37
Query scope: 56
Query scope: 74
Query scope: 83
Query scope: 97
Query scope: 103
Query scope: 105
Query scope: 111
Query scope: 121
Query scope: 145
Query scope: 149
Query scope: 162
Query scope: 173
Query scope: 185
Query scope: 189
Query scope: 192
Query scope: 199
Query scope: 229
Query scope: 238
Query scope: 243
Query scope: 250
Query scope: 274
Query scope: 276
Query scope: 277
Query scope: 290
Query scope: 298
Query scope: 326
Query scope: 331
Query scope: 335
Query scope: 350
Query scope: 352
Query scope: 355
Query scope: 356
Query scope: 375
Query scope: 385
Query scope: 405
Query scope: 423
Query scope: 424
Query scope: 445
Query scope: 468
Query scope: 469
Query scope: 490
Query scope: 494
----------------------------
IIS optimality: optimal
IIS solution time: 36033.50859
