IIS generation
Instance: scheduling-128-500-530000
----------------------------
Query: 10
Query element:5
Query element:4
Query scope: 0
Query scope: 1
Query scope: 2
Query scope: 3
Query scope: 4
Query scope: 76
Query scope: 165
Query scope: 166
Query scope: 167
Query scope: 168
Query scope: 289
Query scope: 290
Query scope: 291
Query scope: 292
Query scope: 382
Query scope: 383
Query scope: 384
Query scope: 385
Query scope: 386
Query scope: 473
Query scope: 474
Query scope: 475
Query scope: 476
Query scope: 477
----------------------------
IIS optimality: optimal
IIS solution time: 0.01158
