IIS generation
Instance: matching-128-500-800000
----------------------------
Query: 11
Query element:170
Query element:18
Query scope: 401
Query scope: 402
----------------------------
IIS optimality: suboptimal
IIS solution time: 307.43078
IIS Constraint: 6; goods; {good:6}
IIS Constraint: 9; goods; {good:9}
IIS Constraint: 10; goods; {good:10}
IIS Constraint: 13; goods; {good:13}
IIS Constraint: 14; goods; {good:14}
IIS Constraint: 17; goods; {good:17}
IIS Constraint: 18; goods; {good:18}
IIS Constraint: 21; goods; {good:21}
IIS Constraint: 31; goods; {good:31}
IIS Constraint: 32; goods; {good:32}
IIS Constraint: 35; goods; {good:35}
IIS Constraint: 36; goods; {good:36}
IIS Constraint: 39; goods; {good:39}
IIS Constraint: 40; goods; {good:40}
IIS Constraint: 43; goods; {good:43}
IIS Constraint: 44; goods; {good:44}
IIS Constraint: 46; goods; {good:46}
IIS Constraint: 47; goods; {good:47}
IIS Constraint: 48; goods; {good:48}
IIS Constraint: 51; goods; {good:51}
IIS Constraint: 52; goods; {good:52}
IIS Constraint: 53; goods; {good:53}
IIS Constraint: 56; goods; {good:56}
IIS Constraint: 57; goods; {good:57}
IIS Constraint: 60; goods; {good:60}
IIS Constraint: 61; goods; {good:61}
IIS Constraint: 64; goods; {good:64}
IIS Constraint: 65; goods; {good:65}
IIS Constraint: 68; goods; {good:68}
IIS Constraint: 69; goods; {good:69}
IIS Constraint: 72; goods; {good:72}
IIS Constraint: 73; goods; {good:73}
IIS Constraint: 75; goods; {good:75}
IIS Constraint: 76; goods; {good:76}
IIS Constraint: 77; goods; {good:77}
IIS Constraint: 79; goods; {good:79}
IIS Constraint: 80; goods; {good:80}
IIS Constraint: 81; goods; {good:81}
IIS Constraint: 83; goods; {good:83}
IIS Constraint: 84; goods; {good:84}
IIS Constraint: 85; goods; {good:85}
IIS Constraint: 88; goods; {good:88}
IIS Constraint: 92; goods; {good:92}
IIS Constraint: 96; goods; {good:96}
IIS Constraint: 100; goods; {good:100}
IIS Constraint: 101; goods; {good:101}
IIS Constraint: 104; goods; {good:104}
IIS Constraint: 105; goods; {good:105}
IIS Constraint: 108; goods; {good:108}
IIS Constraint: 129; goods; {good:129}
IIS Constraint: 130; goods; {good:130}
IIS Constraint: 132; goods; {good:132}
IIS Constraint: 136; goods; {good:136}
IIS Constraint: 138; goods; {good:138}
IIS Constraint: 139; goods; {good:139}
IIS Constraint: 141; goods; {good:141}
IIS Constraint: 142; goods; {good:142}
IIS Constraint: 143; goods; {good:143}
IIS Constraint: 144; goods; {good:144}
IIS Constraint: 148; goods; {good:148}
IIS Constraint: 149; goods; {good:149}
IIS Constraint: 151; goods; {good:151}
IIS Constraint: 157; goods; {good:157}
IIS Constraint: 159; goods; {good:159}
IIS Constraint: 160; goods; {good:160}
IIS Constraint: 162; goods; {good:162}
IIS Constraint: 163; goods; {good:163}
IIS Constraint: 164; goods; {good:164}
IIS Constraint: 167; goods; {good:167}
IIS Constraint: 173; goods; {good:173}
IIS Constraint: 174; goods; {good:174}
IIS Constraint: 175; goods; {good:175}
IIS Constraint: 178; goods; {good:178}
IIS Constraint: 181; goods; {good:181}
IIS Constraint: 182; query; {goods:[170,18],query:11}
IIS Constraint: 183; max; {f:166.69158299999998,objective:max}
