IIS generation
Instance: matching-128-500-840000
----------------------------
Query: 11
Query element:169
Query element:125
Query scope: 390
Query scope: 393
Query scope: 395
Query scope: 396
----------------------------
IIS optimality: suboptimal
IIS solution time: 4773.72533
IIS Constraint: 17; goods; {good:17}
IIS Constraint: 19; goods; {good:19}
IIS Constraint: 23; goods; {good:23}
IIS Constraint: 27; goods; {good:27}
IIS Constraint: 28; goods; {good:28}
IIS Constraint: 32; goods; {good:32}
IIS Constraint: 33; goods; {good:33}
IIS Constraint: 34; goods; {good:34}
IIS Constraint: 36; goods; {good:36}
IIS Constraint: 38; goods; {good:38}
IIS Constraint: 40; goods; {good:40}
IIS Constraint: 41; goods; {good:41}
IIS Constraint: 44; goods; {good:44}
IIS Constraint: 45; goods; {good:45}
IIS Constraint: 48; goods; {good:48}
IIS Constraint: 49; goods; {good:49}
IIS Constraint: 52; goods; {good:52}
IIS Constraint: 53; goods; {good:53}
IIS Constraint: 55; goods; {good:55}
IIS Constraint: 56; goods; {good:56}
IIS Constraint: 57; goods; {good:57}
IIS Constraint: 60; goods; {good:60}
IIS Constraint: 61; goods; {good:61}
IIS Constraint: 64; goods; {good:64}
IIS Constraint: 65; goods; {good:65}
IIS Constraint: 68; goods; {good:68}
IIS Constraint: 69; goods; {good:69}
IIS Constraint: 72; goods; {good:72}
IIS Constraint: 73; goods; {good:73}
IIS Constraint: 76; goods; {good:76}
IIS Constraint: 77; goods; {good:77}
IIS Constraint: 78; goods; {good:78}
IIS Constraint: 80; goods; {good:80}
IIS Constraint: 81; goods; {good:81}
IIS Constraint: 82; goods; {good:82}
IIS Constraint: 84; goods; {good:84}
IIS Constraint: 85; goods; {good:85}
IIS Constraint: 86; goods; {good:86}
IIS Constraint: 89; goods; {good:89}
IIS Constraint: 90; goods; {good:90}
IIS Constraint: 92; goods; {good:92}
IIS Constraint: 97; goods; {good:97}
IIS Constraint: 101; goods; {good:101}
IIS Constraint: 105; goods; {good:105}
IIS Constraint: 109; goods; {good:109}
IIS Constraint: 110; goods; {good:110}
IIS Constraint: 113; goods; {good:113}
IIS Constraint: 117; goods; {good:117}
IIS Constraint: 130; goods; {good:130}
IIS Constraint: 131; goods; {good:131}
IIS Constraint: 132; goods; {good:132}
IIS Constraint: 135; goods; {good:135}
IIS Constraint: 136; goods; {good:136}
IIS Constraint: 137; goods; {good:137}
IIS Constraint: 139; goods; {good:139}
IIS Constraint: 140; goods; {good:140}
IIS Constraint: 144; goods; {good:144}
IIS Constraint: 145; goods; {good:145}
IIS Constraint: 147; goods; {good:147}
IIS Constraint: 149; goods; {good:149}
IIS Constraint: 151; goods; {good:151}
IIS Constraint: 152; goods; {good:152}
IIS Constraint: 155; goods; {good:155}
IIS Constraint: 157; goods; {good:157}
IIS Constraint: 159; goods; {good:159}
IIS Constraint: 160; goods; {good:160}
IIS Constraint: 161; goods; {good:161}
IIS Constraint: 166; goods; {good:166}
IIS Constraint: 169; goods; {good:169}
IIS Constraint: 173; goods; {good:173}
IIS Constraint: 174; goods; {good:174}
IIS Constraint: 175; goods; {good:175}
IIS Constraint: 176; goods; {good:176}
IIS Constraint: 180; goods; {good:180}
IIS Constraint: 181; query; {goods:[169,125],query:11}
IIS Constraint: 182; max; {f:325.00602,objective:max}
