IIS generation
Instance: arbitrary-128-500-330000
----------------------------
Query: 9
Query element:86
Query element:69
Query scope: 2
Query scope: 11
Query scope: 43
Query scope: 61
Query scope: 64
Query scope: 89
Query scope: 101
Query scope: 119
Query scope: 128
Query scope: 132
Query scope: 135
Query scope: 137
Query scope: 220
Query scope: 221
Query scope: 229
Query scope: 231
Query scope: 254
Query scope: 257
Query scope: 260
Query scope: 265
Query scope: 268
Query scope: 272
Query scope: 275
Query scope: 277
Query scope: 278
Query scope: 280
Query scope: 281
Query scope: 282
Query scope: 291
Query scope: 303
Query scope: 307
Query scope: 327
Query scope: 333
Query scope: 336
Query scope: 353
Query scope: 354
Query scope: 356
Query scope: 357
Query scope: 364
Query scope: 365
Query scope: 367
Query scope: 368
Query scope: 376
Query scope: 399
Query scope: 475
Query scope: 490
Query scope: 491
Query scope: 492
Query scope: 495
Query scope: 500
Query scope: 15
Query scope: 18
Query scope: 20
Query scope: 21
Query scope: 45
Query scope: 55
Query scope: 63
Query scope: 83
Query scope: 84
Query scope: 87
Query scope: 91
Query scope: 160
Query scope: 161
Query scope: 170
Query scope: 183
Query scope: 203
Query scope: 207
Query scope: 208
Query scope: 225
Query scope: 237
Query scope: 240
Query scope: 243
Query scope: 246
Query scope: 267
Query scope: 269
Query scope: 274
Query scope: 310
Query scope: 311
Query scope: 322
Query scope: 324
Query scope: 334
Query scope: 337
Query scope: 346
Query scope: 348
Query scope: 382
Query scope: 400
Query scope: 407
Query scope: 409
Query scope: 415
Query scope: 423
Query scope: 432
Query scope: 433
Query scope: 438
Query scope: 459
Query scope: 487
Query scope: 493
Query scope: 494
----------------------------
IIS optimality: optimal
IIS solution time: 36000.37750
