IIS generation
Instance: regions-128-500-270000
----------------------------
Query: 11
Query element:63
Query element:52
Query scope: 37
Query scope: 38
Query scope: 110
Query scope: 161
Query scope: 208
Query scope: 222
Query scope: 224
Query scope: 287
Query scope: 288
Query scope: 289
Query scope: 291
Query scope: 299
Query scope: 300
Query scope: 301
Query scope: 302
Query scope: 303
Query scope: 304
Query scope: 375
Query scope: 386
Query scope: 389
Query scope: 390
Query scope: 400
Query scope: 471
Query scope: 494
----------------------------
IIS optimality: optimal
IIS solution time: 178.21365
