------------------------------------------
---------------- Solution ----------------
------------------------------------------
0. Bid: 1 Goods: [43, 56, 72, 76, 89, 116, 122, 128]
1. Bid: 33 Goods: [91, 113, 134]
2. Bid: 55 Goods: [18, 111, 115, 139]
3. Bid: 62 Goods: [24, 51, 141]
4. Bid: 90 Goods: [52]
5. Bid: 94 Goods: [54]
6. Bid: 123 Goods: [17, 20, 34, 152]
7. Bid: 287 Goods: [9, 22, 74, 181]
8. Bid: 326 Goods: [93]
9. Bid: 336 Goods: [5, 29, 63, 80, 191]
10. Bid: 350 Goods: [8, 25, 77, 194]
11. Bid: 402 Goods: [49]
12. Bid: 437 Goods: [62]
13. Bid: 456 Goods: [28, 35, 57, 95, 212]
14. Bid: 476 Goods: [30, 31, 50, 59, 65, 68, 83, 106, 127, 216]
15. Bid: 542 Goods: [4, 40, 79, 119, 227]
16. Bid: 550 Goods: [10, 33, 73, 97, 102, 228]
17. Bid: 571 Goods: [0, 3, 6, 13, 38, 39, 45, 53, 55, 58, 66, 70, 81, 84, 114, 123, 124, 232]
18. Bid: 643 Goods: [121]
19. Bid: 655 Goods: [12, 15, 69, 94, 108, 246]
20. Bid: 670 Goods: [44]
21. Bid: 723 Goods: [67]
22. Bid: 757 Goods: [42, 101, 265]
23. Bid: 797 Goods: [7, 16, 21, 36, 85, 118, 125, 273]
24. Bid: 807 Goods: [61, 71, 275]
25. Bid: 814 Goods: [19, 87, 88, 100, 112, 277]
26. Bid: 889 Goods: [46, 103, 289]
27. Bid: 921 Goods: [1, 47, 78, 92, 110, 117, 120, 296]
28. Bid: 988 Goods: [11, 14, 26, 27, 96, 105, 308]
Objective value: 8517.8832
Solving time: 84.15928
