------------------------------------------
---------------- Solution ----------------
------------------------------------------
0. Bid: 0 Goods: [112]
1. Bid: 3 Goods: [4, 12, 20, 29, 32, 38, 39, 50, 52, 60, 62, 70, 105, 107, 128]
2. Bid: 8 Goods: [23, 57, 102, 122, 129]
3. Bid: 69 Goods: [87]
4. Bid: 95 Goods: [27, 45, 53, 63, 146]
5. Bid: 98 Goods: [5, 35, 98, 110, 147]
6. Bid: 125 Goods: [41, 104, 109, 152]
7. Bid: 136 Goods: [56]
8. Bid: 162 Goods: [123]
9. Bid: 234 Goods: [64, 71, 80, 97, 172]
10. Bid: 251 Goods: [15, 19, 55, 176]
11. Bid: 310 Goods: [8, 9, 14, 48, 54, 67, 99, 117, 188]
12. Bid: 354 Goods: [6, 30, 49, 59, 68, 73, 120, 196]
13. Bid: 370 Goods: [83]
14. Bid: 383 Goods: [44, 89, 201]
15. Bid: 390 Goods: [2, 22, 33, 79, 81, 108, 119, 124, 202]
16. Bid: 407 Goods: [11, 84, 96, 126, 206]
17. Bid: 412 Goods: [51, 121, 207]
18. Bid: 448 Goods: [13, 118, 214]
19. Bid: 582 Goods: [18, 72, 238]
20. Bid: 597 Goods: [31, 100, 125, 127, 241]
21. Bid: 601 Goods: [26]
22. Bid: 615 Goods: [40]
23. Bid: 633 Goods: [16, 95, 101, 247]
24. Bid: 715 Goods: [82, 85, 94, 113, 116, 263]
25. Bid: 751 Goods: [1, 3, 7, 93, 269]
26. Bid: 760 Goods: [43, 58, 271]
27. Bid: 795 Goods: [65, 69, 75, 76, 277]
28. Bid: 877 Goods: [77, 88, 115, 292]
29. Bid: 888 Goods: [25, 34, 46, 61, 74, 90, 103, 111, 114, 294]
30. Bid: 1000 Goods: [24, 92, 314]
Objective value: 9305.004
Solving time: 1272.51487
