------------------------------------------
---------------- Solution ----------------
------------------------------------------
0. Bid: 0 Goods: [72]
1. Bid: 52 Goods: [38, 49, 95, 138]
2. Bid: 105 Goods: [23, 46, 61, 96, 108, 112, 148]
3. Bid: 247 Goods: [1]
4. Bid: 249 Goods: [12, 14, 20, 31, 88, 126, 174]
5. Bid: 294 Goods: [19, 44, 57, 74, 85, 117, 182]
6. Bid: 308 Goods: [5, 8, 28, 55, 65, 69, 93, 184]
7. Bid: 330 Goods: [66, 77, 99, 188]
8. Bid: 373 Goods: [42, 60, 83, 196]
9. Bid: 376 Goods: [56]
10. Bid: 378 Goods: [35, 52, 64, 127, 197]
11. Bid: 406 Goods: [7, 25, 45, 53, 76, 202]
12. Bid: 532 Goods: [123]
13. Bid: 634 Goods: [81]
14. Bid: 643 Goods: [16]
15. Bid: 647 Goods: [4, 48, 78, 102, 110, 121, 248]
16. Bid: 654 Goods: [75, 80, 119, 249]
17. Bid: 661 Goods: [34]
18. Bid: 668 Goods: [15]
19. Bid: 670 Goods: [71, 116, 252]
20. Bid: 688 Goods: [22, 43, 67, 68, 70, 79, 255]
21. Bid: 777 Goods: [2, 17, 41, 51, 100, 124, 271]
22. Bid: 788 Goods: [11, 26, 29, 47, 63, 94, 114, 115, 118, 120, 273]
23. Bid: 826 Goods: [9]
24. Bid: 877 Goods: [10]
25. Bid: 888 Goods: [40, 90, 103, 104, 109, 293]
26. Bid: 910 Goods: [101]
27. Bid: 915 Goods: [33, 87, 92, 111, 299]
28. Bid: 955 Goods: [0, 3, 6, 18, 27, 32, 36, 39, 62, 73, 89, 98, 107, 306]
29. Bid: 966 Goods: [59, 82, 84, 308]
30. Bid: 984 Goods: [97]
Objective value: 9169.9938
Solving time: 154.10556
