------------------------------------------
---------------- Solution ----------------
------------------------------------------
0. Bid: 72 Goods: [1, 9, 37, 71, 112, 140]
1. Bid: 169 Goods: [12, 27, 31, 53, 84, 158]
2. Bid: 257 Goods: [76]
3. Bid: 278 Goods: [8, 20, 28, 41, 49, 56, 61, 65, 74, 81, 87, 96, 97, 177]
4. Bid: 282 Goods: [75, 98, 123, 178]
5. Bid: 383 Goods: [4, 43, 62, 113, 197]
6. Bid: 409 Goods: [66, 69, 79, 94, 108, 202]
7. Bid: 426 Goods: [15, 105, 205]
8. Bid: 435 Goods: [70]
9. Bid: 444 Goods: [55, 83, 92, 208]
10. Bid: 458 Goods: [3, 29, 68, 107, 111, 211]
11. Bid: 474 Goods: [78, 93, 101, 214]
12. Bid: 510 Goods: [17, 64, 88, 121, 220]
13. Bid: 538 Goods: [7, 11, 40, 50, 63, 72, 80, 225]
14. Bid: 576 Goods: [0, 48, 91, 119, 127, 231]
15. Bid: 607 Goods: [30]
16. Bid: 627 Goods: [14, 19, 34, 42, 82, 126, 241]
17. Bid: 637 Goods: [5, 21, 25, 36, 86, 242]
18. Bid: 644 Goods: [6]
19. Bid: 686 Goods: [57, 118, 251]
20. Bid: 735 Goods: [10, 18, 260]
21. Bid: 746 Goods: [24, 51, 59, 60, 73, 262]
22. Bid: 792 Goods: [13]
23. Bid: 795 Goods: [89, 90, 104, 271]
24. Bid: 827 Goods: [32, 46, 103, 110, 277]
25. Bid: 841 Goods: [16, 44, 45, 47, 52, 115, 280]
26. Bid: 846 Goods: [2, 35, 67, 281]
27. Bid: 856 Goods: [58, 95, 106, 114, 283]
28. Bid: 979 Goods: [22, 23, 33, 38, 39, 117, 125, 305]
Objective value: 9239.097600000001
Solving time: 2810.07378
