------------------------------------------
---------------- Solution ----------------
------------------------------------------
0. Bid: 10 Goods: [61, 75, 129]
1. Bid: 33 Goods: [4, 47, 131]
2. Bid: 42 Goods: [15, 52, 133]
3. Bid: 74 Goods: [115, 125, 136]
4. Bid: 90 Goods: [10, 21, 138]
5. Bid: 91 Goods: [53, 67, 139]
6. Bid: 101 Goods: [30, 41, 140]
7. Bid: 121 Goods: [65, 78, 142]
8. Bid: 151 Goods: [55, 92, 145]
9. Bid: 161 Goods: [0, 43, 146]
10. Bid: 171 Goods: [74, 112, 147]
11. Bid: 192 Goods: [8, 50, 149]
12. Bid: 239 Goods: [36, 69, 155]
13. Bid: 279 Goods: [34, 72, 159]
14. Bid: 289 Goods: [106, 117, 160]
15. Bid: 295 Goods: [59, 96, 161]
16. Bid: 305 Goods: [56, 99, 162]
17. Bid: 331 Goods: [40, 82, 165]
18. Bid: 360 Goods: [81, 94, 167]
19. Bid: 361 Goods: [22, 33, 168]
20. Bid: 373 Goods: [113, 126, 169]
21. Bid: 374 Goods: [9, 23, 170]
22. Bid: 404 Goods: [68, 110, 173]
23. Bid: 431 Goods: [35, 45, 175]
24. Bid: 434 Goods: [12, 54, 176]
25. Bid: 454 Goods: [66, 104, 178]
26. Bid: 483 Goods: [14, 25, 180]
27. Bid: 484 Goods: [11, 48, 181]
28. Bid: 514 Goods: [38, 49, 184]
29. Bid: 528 Goods: [28, 71, 185]
30. Bid: 534 Goods: [73, 87, 186]
31. Bid: 544 Goods: [42, 80, 187]
32. Bid: 563 Goods: [101, 114, 188]
33. Bid: 569 Goods: [64, 111, 189]
34. Bid: 583 Goods: [16, 58, 190]
35. Bid: 585 Goods: [44, 90, 191]
36. Bid: 613 Goods: [93, 107, 193]
37. Bid: 627 Goods: [98, 121, 195]
38. Bid: 646 Goods: [79, 124, 197]
39. Bid: 660 Goods: [70, 108, 199]
40. Bid: 676 Goods: [77, 91, 201]
41. Bid: 686 Goods: [95, 105, 202]
42. Bid: 719 Goods: [6, 17, 205]
43. Bid: 762 Goods: [1, 32, 210]
44. Bid: 802 Goods: [26, 37, 214]
45. Bid: 817 Goods: [85, 116, 215]
46. Bid: 828 Goods: [46, 84, 217]
47. Bid: 845 Goods: [18, 29, 218]
48. Bid: 864 Goods: [83, 120, 221]
49. Bid: 867 Goods: [109, 122, 222]
50. Bid: 890 Goods: [2, 13, 225]
51. Bid: 909 Goods: [86, 97, 226]
52. Bid: 920 Goods: [62, 100, 228]
53. Bid: 930 Goods: [60, 102, 229]
54. Bid: 940 Goods: [24, 57, 230]
55. Bid: 959 Goods: [76, 119, 231]
56. Bid: 960 Goods: [51, 88, 232]
57. Bid: 979 Goods: [89, 103, 233]
Objective value: 201.249701
Solving time: 0.15088
