------------------------------------------
---------------- Solution ----------------
------------------------------------------
0. Bid: 6 Goods: [14]
1. Bid: 15 Goods: [26, 110, 130]
2. Bid: 16 Goods: [2, 102]
3. Bid: 17 Goods: [12, 131]
4. Bid: 24 Goods: [17, 35, 61, 73, 133]
5. Bid: 32 Goods: [37, 38, 76, 135]
6. Bid: 33 Goods: [89, 136]
7. Bid: 44 Goods: [83, 140]
8. Bid: 64 Goods: [44, 111]
9. Bid: 65 Goods: [107]
10. Bid: 76 Goods: [27, 29, 75, 146]
11. Bid: 95 Goods: [109]
12. Bid: 104 Goods: [54, 84, 152]
13. Bid: 129 Goods: [64, 70, 158]
14. Bid: 153 Goods: [1, 163]
15. Bid: 164 Goods: [6, 13, 101, 165]
16. Bid: 170 Goods: [92, 167]
17. Bid: 180 Goods: [11, 94, 169]
18. Bid: 187 Goods: [71, 171]
19. Bid: 192 Goods: [30, 74, 90, 172]
20. Bid: 197 Goods: [59]
21. Bid: 203 Goods: [124, 174]
22. Bid: 207 Goods: [10, 95, 175]
23. Bid: 228 Goods: [47, 116]
24. Bid: 256 Goods: [62, 53, 187]
25. Bid: 273 Goods: [51, 4, 36, 193]
26. Bid: 297 Goods: [25, 45, 96, 198]
27. Bid: 334 Goods: [100]
28. Bid: 352 Goods: [85, 211]
29. Bid: 357 Goods: [127]
30. Bid: 366 Goods: [82, 50, 213]
31. Bid: 374 Goods: [3]
32. Bid: 468 Goods: [48, 66, 234]
33. Bid: 511 Goods: [58, 91, 244]
34. Bid: 518 Goods: [78, 80, 245]
35. Bid: 530 Goods: [106]
36. Bid: 534 Goods: [42, 250]
37. Bid: 551 Goods: [103, 43, 113, 254]
38. Bid: 564 Goods: [41]
39. Bid: 581 Goods: [123, 31, 20, 34, 105, 262]
40. Bid: 585 Goods: [33, 8, 263]
41. Bid: 588 Goods: [69, 264]
42. Bid: 627 Goods: [39]
43. Bid: 628 Goods: [108, 28]
44. Bid: 652 Goods: [114, 278]
45. Bid: 654 Goods: [65, 279]
46. Bid: 680 Goods: [77]
47. Bid: 701 Goods: [79, 289]
48. Bid: 709 Goods: [121, 72, 19, 291]
49. Bid: 713 Goods: [32, 87]
50. Bid: 736 Goods: [23, 93, 57, 297]
51. Bid: 744 Goods: [0]
52. Bid: 747 Goods: [67, 299]
53. Bid: 768 Goods: [60, 112, 22, 304]
54. Bid: 777 Goods: [15, 55]
55. Bid: 778 Goods: [81, 306]
56. Bid: 839 Goods: [118, 49, 125, 320]
57. Bid: 850 Goods: [63, 97, 322]
58. Bid: 862 Goods: [104, 21, 16, 115, 325]
59. Bid: 932 Goods: [24, 56, 88, 342]
60. Bid: 938 Goods: [117, 344]
61. Bid: 953 Goods: [7, 68, 347]
62. Bid: 957 Goods: [120, 40]
63. Bid: 966 Goods: [9, 119, 350]
64. Bid: 986 Goods: [86, 99, 46, 354]
65. Bid: 993 Goods: [18, 126, 355]
Objective value: 45.6698918
Solving time: 0.06613
