------------------------------------------
---------------- Solution ----------------
------------------------------------------
0. Bid: 21 Goods: [42]
1. Bid: 22 Goods: [8, 22]
2. Bid: 35 Goods: [9, 106, 198]
3. Bid: 36 Goods: [65, 136]
4. Bid: 43 Goods: [104]
5. Bid: 44 Goods: [112, 137]
6. Bid: 56 Goods: [24, 35, 77, 121]
7. Bid: 82 Goods: [3, 30, 39, 97, 146]
8. Bid: 142 Goods: [127, 158]
9. Bid: 146 Goods: [12]
10. Bid: 149 Goods: [29, 67, 160]
11. Bid: 170 Goods: [120, 166]
12. Bid: 181 Goods: [108]
13. Bid: 192 Goods: [7, 81, 170]
14. Bid: 214 Goods: [96]
15. Bid: 224 Goods: [69, 178]
16. Bid: 227 Goods: [26, 87, 179]
17. Bid: 255 Goods: [61, 184]
18. Bid: 264 Goods: [105, 186]
19. Bid: 311 Goods: [17, 38, 51, 195]
20. Bid: 339 Goods: [10, 99, 116, 204]
21. Bid: 342 Goods: [52]
22. Bid: 348 Goods: [113, 206]
23. Bid: 359 Goods: [40, 103, 209]
24. Bid: 392 Goods: [64, 216]
25. Bid: 418 Goods: [93, 25, 221]
26. Bid: 425 Goods: [49, 50, 102, 223]
27. Bid: 434 Goods: [58, 89, 224]
28. Bid: 461 Goods: [43, 44]
29. Bid: 468 Goods: [31, 16, 232]
30. Bid: 499 Goods: [53, 63, 239]
31. Bid: 501 Goods: [82, 56, 240]
32. Bid: 513 Goods: [86, 242]
33. Bid: 519 Goods: [111, 243]
34. Bid: 538 Goods: [13, 34, 248]
35. Bid: 539 Goods: [19, 54, 249]
36. Bid: 544 Goods: [15, 126, 251]
37. Bid: 546 Goods: [83, 252]
38. Bid: 549 Goods: [68, 32, 253]
39. Bid: 560 Goods: [114, 256]
40. Bid: 565 Goods: [123, 257]
41. Bid: 570 Goods: [95, 59, 258]
42. Bid: 582 Goods: [27, 80, 36, 260]
43. Bid: 614 Goods: [60, 88, 267]
44. Bid: 626 Goods: [45, 270]
45. Bid: 628 Goods: [20, 271]
46. Bid: 636 Goods: [78, 273]
47. Bid: 671 Goods: [46, 6, 282]
48. Bid: 681 Goods: [66, 0]
49. Bid: 688 Goods: [107, 286]
50. Bid: 714 Goods: [94, 292]
51. Bid: 716 Goods: [5, 293]
52. Bid: 720 Goods: [1, 84, 294]
53. Bid: 752 Goods: [79, 302]
54. Bid: 758 Goods: [23]
55. Bid: 765 Goods: [48]
56. Bid: 779 Goods: [57, 90, 309]
57. Bid: 789 Goods: [115, 73, 311]
58. Bid: 796 Goods: [124, 312]
59. Bid: 807 Goods: [74]
60. Bid: 867 Goods: [55, 118, 327]
61. Bid: 874 Goods: [21, 70]
62. Bid: 888 Goods: [92, 14, 28, 37, 331]
63. Bid: 913 Goods: [4, 109, 47, 338]
64. Bid: 918 Goods: [71, 62, 339]
65. Bid: 943 Goods: [119, 110, 345]
66. Bid: 948 Goods: [125, 101, 346]
67. Bid: 953 Goods: [41, 85]
68. Bid: 966 Goods: [33, 91, 2, 18, 349]
69. Bid: 969 Goods: [76]
70. Bid: 970 Goods: [11, 72, 350]
71. Bid: 986 Goods: [98]
72. Bid: 989 Goods: [122, 354]
Objective value: 45.141239600000006
Solving time: 0.03497
