------------------------------------------
---------------- Solution ----------------
------------------------------------------
0. Bid: 1 Goods: [1, 24, 67, 128]
1. Bid: 13 Goods: [16, 120, 130]
2. Bid: 19 Goods: [22]
3. Bid: 44 Goods: [6, 80, 138]
4. Bid: 49 Goods: [17, 83]
5. Bid: 59 Goods: [19, 34, 78, 101, 140]
6. Bid: 78 Goods: [9, 49, 118, 145]
7. Bid: 84 Goods: [61, 82, 91, 146]
8. Bid: 87 Goods: [76, 147]
9. Bid: 90 Goods: [20, 21, 88, 148]
10. Bid: 105 Goods: [90]
11. Bid: 113 Goods: [51, 108, 153]
12. Bid: 133 Goods: [11]
13. Bid: 154 Goods: [60, 103]
14. Bid: 155 Goods: [59, 112]
15. Bid: 168 Goods: [104, 165]
16. Bid: 191 Goods: [84, 121, 170]
17. Bid: 214 Goods: [27, 114, 174]
18. Bid: 221 Goods: [96]
19. Bid: 222 Goods: [7, 46]
20. Bid: 228 Goods: [110, 126]
21. Bid: 233 Goods: [31, 48, 79]
22. Bid: 240 Goods: [0, 102, 179]
23. Bid: 261 Goods: [54, 100]
24. Bid: 266 Goods: [47, 50, 56, 70, 185]
25. Bid: 287 Goods: [105]
26. Bid: 294 Goods: [85, 191]
27. Bid: 297 Goods: [28]
28. Bid: 370 Goods: [37]
29. Bid: 393 Goods: [77, 45, 212]
30. Bid: 411 Goods: [8, 109, 216]
31. Bid: 416 Goods: [43, 127, 44, 217]
32. Bid: 428 Goods: [58, 113, 219]
33. Bid: 432 Goods: [26, 94, 220]
34. Bid: 439 Goods: [38, 72, 64, 33, 221]
35. Bid: 447 Goods: [12, 115, 223]
36. Bid: 454 Goods: [122, 10, 225]
37. Bid: 471 Goods: [25, 87, 69, 229]
38. Bid: 478 Goods: [116, 63]
39. Bid: 502 Goods: [124]
40. Bid: 508 Goods: [36, 86, 237]
41. Bid: 513 Goods: [73, 238]
42. Bid: 516 Goods: [106, 4, 5, 239]
43. Bid: 528 Goods: [35, 242]
44. Bid: 530 Goods: [23]
45. Bid: 541 Goods: [97, 246]
46. Bid: 563 Goods: [53, 252]
47. Bid: 565 Goods: [68, 42]
48. Bid: 581 Goods: [95, 39, 57, 256]
49. Bid: 593 Goods: [52]
50. Bid: 646 Goods: [66, 107, 55, 271]
51. Bid: 714 Goods: [99, 41, 286]
52. Bid: 715 Goods: [13]
53. Bid: 724 Goods: [29, 81]
54. Bid: 748 Goods: [15, 92, 293]
55. Bid: 799 Goods: [93]
56. Bid: 817 Goods: [71, 14, 123, 62, 117, 309]
57. Bid: 820 Goods: [98, 310]
58. Bid: 851 Goods: [89, 30, 75, 316]
59. Bid: 874 Goods: [125, 65, 321]
60. Bid: 900 Goods: [18, 111, 326]
61. Bid: 910 Goods: [3]
62. Bid: 920 Goods: [74]
63. Bid: 987 Goods: [32, 119, 40, 344]
Objective value: 40.0551313
Solving time: 0.05346
