------------------------------------------
---------------- Solution ----------------
------------------------------------------
0. Bid: 7 Goods: [56]
1. Bid: 30 Goods: [42, 63, 75, 135]
2. Bid: 43 Goods: [15]
3. Bid: 44 Goods: [41, 108, 138]
4. Bid: 49 Goods: [24, 45, 124, 139]
5. Bid: 56 Goods: [52, 65, 91, 140]
6. Bid: 78 Goods: [82, 145]
7. Bid: 83 Goods: [69, 146]
8. Bid: 85 Goods: [97]
9. Bid: 145 Goods: [64, 90, 160]
10. Bid: 156 Goods: [54, 78, 163]
11. Bid: 174 Goods: [43, 84, 96, 166]
12. Bid: 181 Goods: [2, 109]
13. Bid: 195 Goods: [94, 170]
14. Bid: 200 Goods: [0, 7, 117, 171]
15. Bid: 206 Goods: [32, 33, 118, 125, 172]
16. Bid: 220 Goods: [59, 99]
17. Bid: 246 Goods: [25, 31, 110, 181]
18. Bid: 251 Goods: [40, 88]
19. Bid: 252 Goods: [107, 182]
20. Bid: 263 Goods: [5, 72, 184]
21. Bid: 268 Goods: [18, 85, 186]
22. Bid: 273 Goods: [50, 127, 187]
23. Bid: 290 Goods: [17, 79, 191]
24. Bid: 298 Goods: [61]
25. Bid: 324 Goods: [44, 23, 81, 198]
26. Bid: 333 Goods: [4, 39, 35, 199]
27. Bid: 343 Goods: [105, 26, 201]
28. Bid: 365 Goods: [102, 122, 206]
29. Bid: 382 Goods: [101, 20, 210]
30. Bid: 400 Goods: [14, 66, 57, 47, 120, 213]
31. Bid: 406 Goods: [8]
32. Bid: 415 Goods: [119, 217]
33. Bid: 424 Goods: [100, 220]
34. Bid: 449 Goods: [92, 27, 226]
35. Bid: 458 Goods: [74, 229]
36. Bid: 464 Goods: [95, 48, 230]
37. Bid: 501 Goods: [13, 70]
38. Bid: 515 Goods: [121, 244]
39. Bid: 523 Goods: [30]
40. Bid: 524 Goods: [86, 37, 246]
41. Bid: 550 Goods: [113, 252]
42. Bid: 568 Goods: [62, 257]
43. Bid: 570 Goods: [6]
44. Bid: 600 Goods: [83]
45. Bid: 604 Goods: [93, 116, 265]
46. Bid: 621 Goods: [28, 29, 12]
47. Bid: 627 Goods: [60, 36, 111, 270]
48. Bid: 635 Goods: [51]
49. Bid: 636 Goods: [87]
50. Bid: 637 Goods: [10]
51. Bid: 671 Goods: [55, 106, 279]
52. Bid: 731 Goods: [34]
53. Bid: 752 Goods: [9, 295]
54. Bid: 761 Goods: [53, 123, 115, 68, 297]
55. Bid: 775 Goods: [22, 114]
56. Bid: 778 Goods: [89]
57. Bid: 788 Goods: [98, 302]
58. Bid: 793 Goods: [3]
59. Bid: 794 Goods: [49]
60. Bid: 830 Goods: [16, 80, 312]
61. Bid: 845 Goods: [1, 58, 77, 315]
62. Bid: 883 Goods: [103, 324]
63. Bid: 924 Goods: [19, 21, 333]
64. Bid: 940 Goods: [104, 126, 336]
65. Bid: 961 Goods: [76, 46, 341]
66. Bid: 971 Goods: [11, 73, 344]
67. Bid: 980 Goods: [71, 346]
68. Bid: 990 Goods: [112, 348]
Objective value: 41.1829927
Solving time: 0.04207
