------------------------------------------
---------------- Solution ----------------
------------------------------------------
0. Bid: 6 Goods: [43, 57, 78, 129]
1. Bid: 21 Goods: [98]
2. Bid: 25 Goods: [118, 133]
3. Bid: 47 Goods: [58, 114]
4. Bid: 52 Goods: [72, 124, 139]
5. Bid: 63 Goods: [23, 82, 119, 141]
6. Bid: 64 Goods: [30, 142]
7. Bid: 68 Goods: [96]
8. Bid: 81 Goods: [56]
9. Bid: 82 Goods: [86, 147]
10. Bid: 84 Goods: [31, 37, 103, 148]
11. Bid: 102 Goods: [44, 123, 152]
12. Bid: 117 Goods: [32, 53, 91, 155]
13. Bid: 135 Goods: [45, 100, 159]
14. Bid: 157 Goods: [46]
15. Bid: 158 Goods: [113, 164]
16. Bid: 178 Goods: [0, 101, 169]
17. Bid: 202 Goods: [93, 176]
18. Bid: 222 Goods: [65]
19. Bid: 244 Goods: [76, 184]
20. Bid: 259 Goods: [6, 28, 108]
21. Bid: 263 Goods: [117]
22. Bid: 280 Goods: [38, 42, 41]
23. Bid: 297 Goods: [19, 69, 24, 196]
24. Bid: 335 Goods: [40, 73, 205]
25. Bid: 359 Goods: [71, 210]
26. Bid: 371 Goods: [25]
27. Bid: 382 Goods: [5]
28. Bid: 383 Goods: [2, 121, 215]
29. Bid: 394 Goods: [14, 74, 217]
30. Bid: 401 Goods: [105, 16, 62, 219]
31. Bid: 427 Goods: [122, 17, 127, 226]
32. Bid: 451 Goods: [107, 18, 231]
33. Bid: 505 Goods: [66, 95, 246]
34. Bid: 521 Goods: [84, 64, 3, 250]
35. Bid: 531 Goods: [68, 252]
36. Bid: 541 Goods: [51]
37. Bid: 548 Goods: [80, 7, 255]
38. Bid: 580 Goods: [109, 21, 263]
39. Bid: 588 Goods: [55, 116, 9, 8, 264]
40. Bid: 600 Goods: [81, 267]
41. Bid: 609 Goods: [70, 26, 270]
42. Bid: 630 Goods: [54, 36, 275]
43. Bid: 650 Goods: [77, 279]
44. Bid: 664 Goods: [1, 67, 22, 34, 282]
45. Bid: 695 Goods: [49, 87, 289]
46. Bid: 702 Goods: [85, 290]
47. Bid: 714 Goods: [63]
48. Bid: 742 Goods: [29, 50, 48]
49. Bid: 747 Goods: [115, 15, 104, 27, 300]
50. Bid: 757 Goods: [61]
51. Bid: 760 Goods: [79, 303]
52. Bid: 778 Goods: [60]
53. Bid: 794 Goods: [97, 33, 312]
54. Bid: 802 Goods: [125, 314]
55. Bid: 822 Goods: [94, 11, 319]
56. Bid: 850 Goods: [75, 89, 326]
57. Bid: 873 Goods: [106, 120, 331]
58. Bid: 886 Goods: [83]
59. Bid: 889 Goods: [35]
60. Bid: 891 Goods: [39]
61. Bid: 892 Goods: [52, 47, 334]
62. Bid: 898 Goods: [111, 88, 335]
63. Bid: 903 Goods: [20, 110, 336]
64. Bid: 912 Goods: [102, 339]
65. Bid: 918 Goods: [90, 340]
66. Bid: 928 Goods: [126, 342]
67. Bid: 979 Goods: [59, 112, 12, 99, 353]
68. Bid: 984 Goods: [92, 354]
Objective value: 43.8810675
Solving time: 0.04385
