------------------------------------------
---------------- Solution ----------------
------------------------------------------
0. Bid: 41 Goods: [30, 99, 137]
1. Bid: 58 Goods: [47, 86]
2. Bid: 60 Goods: [2]
3. Bid: 62 Goods: [29, 82, 141]
4. Bid: 67 Goods: [6, 40, 75, 142]
5. Bid: 71 Goods: [28, 106, 143]
6. Bid: 81 Goods: [13, 59, 118, 144]
7. Bid: 101 Goods: [55, 111, 149]
8. Bid: 118 Goods: [102]
9. Bid: 131 Goods: [65, 90, 157]
10. Bid: 136 Goods: [64, 79, 158]
11. Bid: 156 Goods: [21]
12. Bid: 196 Goods: [39, 77, 172]
13. Bid: 222 Goods: [80]
14. Bid: 232 Goods: [54, 125, 182]
15. Bid: 247 Goods: [89, 96, 185]
16. Bid: 268 Goods: [72, 189]
17. Bid: 276 Goods: [73]
18. Bid: 287 Goods: [46, 70, 192]
19. Bid: 307 Goods: [120, 196]
20. Bid: 314 Goods: [26, 42, 122, 198]
21. Bid: 330 Goods: [32, 68, 201]
22. Bid: 347 Goods: [34, 123, 205]
23. Bid: 356 Goods: [57]
24. Bid: 381 Goods: [35, 71, 214]
25. Bid: 401 Goods: [22, 88, 219]
26. Bid: 407 Goods: [12, 84, 87, 221]
27. Bid: 422 Goods: [119, 16, 225]
28. Bid: 428 Goods: [100, 36, 50, 226]
29. Bid: 440 Goods: [110, 113, 228]
30. Bid: 447 Goods: [127]
31. Bid: 470 Goods: [67, 37, 52, 234]
32. Bid: 483 Goods: [74, 95, 237]
33. Bid: 496 Goods: [66]
34. Bid: 528 Goods: [61, 78, 33, 246]
35. Bid: 544 Goods: [56, 250]
36. Bid: 563 Goods: [101, 23, 58, 5, 255]
37. Bid: 574 Goods: [116, 63, 258]
38. Bid: 586 Goods: [19, 20, 76, 260]
39. Bid: 636 Goods: [7, 44, 271]
40. Bid: 644 Goods: [4]
41. Bid: 691 Goods: [91, 24]
42. Bid: 692 Goods: [49, 126, 43, 284]
43. Bid: 760 Goods: [11, 14, 15, 31, 298]
44. Bid: 762 Goods: [115, 299]
45. Bid: 769 Goods: [121, 112, 301]
46. Bid: 776 Goods: [38]
47. Bid: 800 Goods: [8, 93, 51]
48. Bid: 819 Goods: [10, 103, 114, 311]
49. Bid: 827 Goods: [45, 17, 9, 313]
50. Bid: 849 Goods: [62, 124, 69, 1, 318]
51. Bid: 866 Goods: [107, 321]
52. Bid: 871 Goods: [60, 97, 92, 322]
53. Bid: 881 Goods: [25, 117, 324]
54. Bid: 883 Goods: [108, 325]
55. Bid: 905 Goods: [104, 81, 53, 329]
56. Bid: 912 Goods: [0, 98, 331]
57. Bid: 922 Goods: [109, 18, 333]
58. Bid: 932 Goods: [85, 336]
59. Bid: 963 Goods: [105, 343]
Objective value: 43.0716521
Solving time: 0.05708
