------------------------------------------
---------------- Solution ----------------
------------------------------------------
0. Bid: 20 Goods: [121]
1. Bid: 69 Goods: [127]
2. Bid: 111 Goods: [37, 38, 48, 59, 60, 148]
3. Bid: 128 Goods: [126]
4. Bid: 141 Goods: [125]
5. Bid: 186 Goods: [91, 101, 102, 111, 113, 160]
6. Bid: 188 Goods: [54]
7. Bid: 190 Goods: [8, 9, 10, 19, 21, 161]
8. Bid: 202 Goods: [16, 27, 28, 163]
9. Bid: 255 Goods: [77, 78, 88, 99, 100, 110, 172]
10. Bid: 379 Goods: [6, 7, 17, 18, 196]
11. Bid: 405 Goods: [41, 42, 43, 53, 201]
12. Bid: 417 Goods: [82, 83, 89, 204]
13. Bid: 421 Goods: [39, 49, 50, 51, 61, 62, 72, 73, 84, 205]
14. Bid: 436 Goods: [20, 31, 208]
15. Bid: 444 Goods: [90]
16. Bid: 481 Goods: [56, 66, 67, 218]
17. Bid: 484 Goods: [123]
18. Bid: 522 Goods: [57, 68, 69, 70, 71, 79, 80, 81, 92, 93, 225]
19. Bid: 543 Goods: [52, 64, 75, 76, 86, 87, 97, 98, 109, 119, 120, 229]
20. Bid: 550 Goods: [122]
21. Bid: 579 Goods: [25]
22. Bid: 609 Goods: [2, 3, 13, 14, 241]
23. Bid: 646 Goods: [36, 45, 46, 47, 58, 247]
24. Bid: 654 Goods: [32, 85, 249]
25. Bid: 715 Goods: [0, 1, 11, 12, 22, 260]
26. Bid: 773 Goods: [94, 95, 96, 105, 107, 108, 270]
27. Bid: 776 Goods: [124]
28. Bid: 792 Goods: [29, 30, 275]
29. Bid: 833 Goods: [4, 5, 15, 26, 282]
30. Bid: 858 Goods: [104, 106, 114, 115, 116, 117, 118, 287]
31. Bid: 912 Goods: [23, 24, 33, 34, 35, 298]
32. Bid: 966 Goods: [63]
Objective value: 9199.1603
Solving time: 1.73903
