------------------------------------------
---------------- Solution ----------------
------------------------------------------
0. Bid: 25 Goods: [57, 58, 68, 69, 133]
1. Bid: 36 Goods: [127]
2. Bid: 56 Goods: [9, 10, 19, 20, 21, 30, 31, 32, 139]
3. Bid: 79 Goods: [38, 49]
4. Bid: 85 Goods: [126]
5. Bid: 94 Goods: [114, 115, 145]
6. Bid: 128 Goods: [26, 27, 36, 37, 153]
7. Bid: 168 Goods: [99, 100, 160]
8. Bid: 172 Goods: [60, 61, 71, 72, 161]
9. Bid: 183 Goods: [28]
10. Bid: 220 Goods: [23]
11. Bid: 233 Goods: [125]
12. Bid: 260 Goods: [0, 1, 103, 177]
13. Bid: 271 Goods: [29, 40, 179]
14. Bid: 285 Goods: [2, 3, 4, 5, 6, 7, 8, 12, 13, 14, 22, 24, 33, 34, 35, 44, 45, 46, 55, 56, 66, 67, 77, 78, 88, 89, 184]
15. Bid: 302 Goods: [102]
16. Bid: 316 Goods: [90, 101, 110, 111, 112, 189]
17. Bid: 394 Goods: [41, 42, 43, 53, 64, 204]
18. Bid: 403 Goods: [11]
19. Bid: 424 Goods: [124]
20. Bid: 427 Goods: [15, 25, 47, 54, 210]
21. Bid: 483 Goods: [70, 81, 82, 83, 91, 92, 93, 220]
22. Bid: 490 Goods: [74]
23. Bid: 504 Goods: [52, 62, 63, 73, 224]
24. Bid: 534 Goods: [122]
25. Bid: 544 Goods: [17, 18, 232]
26. Bid: 595 Goods: [85]
27. Bid: 691 Goods: [65]
28. Bid: 727 Goods: [84, 94, 95, 96, 107, 108, 109, 117, 118, 119, 120, 265]
29. Bid: 767 Goods: [113]
30. Bid: 821 Goods: [105, 106, 121, 284]
31. Bid: 950 Goods: [39, 50, 51, 123, 307]
32. Bid: 994 Goods: [75, 76, 86, 87, 97, 98, 315]
Objective value: 8798.579300000001
Solving time: 0.68594
