------------------------------------------
---------------- Solution ----------------
------------------------------------------
0. Bid: 6 Goods: [32]
1. Bid: 35 Goods: [42, 43, 53, 64, 75, 101, 134]
2. Bid: 72 Goods: [102, 112, 113, 114, 141]
3. Bid: 89 Goods: [51, 60, 61, 62, 105, 144]
4. Bid: 95 Goods: [10, 21]
5. Bid: 120 Goods: [87, 98, 151]
6. Bid: 149 Goods: [84, 95, 106, 107, 157]
7. Bid: 160 Goods: [59, 70, 159]
8. Bid: 164 Goods: [56, 57, 67, 68, 69, 78, 79, 80, 160]
9. Bid: 193 Goods: [4, 5, 6, 15, 16, 17, 26, 27, 28, 29, 165]
10. Bid: 204 Goods: [13, 14, 168]
11. Bid: 277 Goods: [81, 82, 91, 92, 93, 103, 104, 115, 116, 117, 181]
12. Bid: 310 Goods: [48, 49, 50, 187]
13. Bid: 320 Goods: [44, 45, 46, 189]
14. Bid: 441 Goods: [108, 109, 119, 120, 214]
15. Bid: 467 Goods: [74, 85, 86, 96, 97, 219]
16. Bid: 528 Goods: [126]
17. Bid: 569 Goods: [54, 65, 76, 238]
18. Bid: 702 Goods: [71, 72, 73, 83, 262]
19. Bid: 709 Goods: [25, 35, 36, 37, 38, 47, 58, 263]
20. Bid: 792 Goods: [55, 66, 77, 88, 89, 90, 279]
21. Bid: 806 Goods: [0, 1, 2, 11, 12, 23, 24, 34, 281]
22. Bid: 930 Goods: [121, 125, 304]
23. Bid: 950 Goods: [7, 8, 9, 18, 19, 20, 30, 31, 40, 41, 52, 307]
24. Bid: 983 Goods: [110, 111, 127, 315]
Objective value: 8167.0229
Solving time: 0.90245
