------------------------------------------
---------------- Solution ----------------
------------------------------------------
0. Bid: 13 Goods: [122]
1. Bid: 28 Goods: [22, 23, 33, 34, 44, 132]
2. Bid: 86 Goods: [82, 83, 94, 95, 143]
3. Bid: 91 Goods: [18, 19, 93, 144]
4. Bid: 115 Goods: [109]
5. Bid: 116 Goods: [7, 8, 150]
6. Bid: 139 Goods: [35]
7. Bid: 142 Goods: [108]
8. Bid: 167 Goods: [3, 4, 5, 14, 15, 25, 159]
9. Bid: 168 Goods: [127]
10. Bid: 169 Goods: [45, 56, 160]
11. Bid: 269 Goods: [57, 58, 59, 60, 70, 71, 79, 80, 81, 91, 177]
12. Bid: 280 Goods: [125]
13. Bid: 300 Goods: [92, 103, 104, 105, 182]
14. Bid: 308 Goods: [11, 106, 107, 118, 184]
15. Bid: 313 Goods: [69]
16. Bid: 316 Goods: [114, 115, 116, 117, 185]
17. Bid: 376 Goods: [13, 24, 41, 42, 52, 196]
18. Bid: 378 Goods: [6, 16, 17, 197]
19. Bid: 409 Goods: [40, 78, 203]
20. Bid: 419 Goods: [123]
21. Bid: 486 Goods: [0, 1, 2, 12, 217]
22. Bid: 498 Goods: [88, 89, 220]
23. Bid: 518 Goods: [43, 53, 54, 65, 76, 224]
24. Bid: 521 Goods: [9, 10, 20, 21, 31, 32, 225]
25. Bid: 627 Goods: [29]
26. Bid: 741 Goods: [46, 47, 264]
27. Bid: 755 Goods: [26, 27, 28, 36, 37, 267]
28. Bid: 893 Goods: [38, 39, 49, 50, 51, 61, 62, 72, 73, 294]
29. Bid: 898 Goods: [63, 64, 74, 75, 84, 85, 86, 87, 96, 97, 98, 295]
30. Bid: 904 Goods: [48]
31. Bid: 939 Goods: [55, 66, 67, 68, 302]
32. Bid: 975 Goods: [99, 100, 101, 102, 110, 111, 112, 113, 308]
Objective value: 9972.6187
Solving time: 0.64341
