Instance: arbitrary-128-500-910000
----------------------------
Query: 7
Query element:126
Query scope: 2
Query scope: 29
Query scope: 41
Query scope: 44
Query scope: 74
Query scope: 79
Query scope: 83
Query scope: 111
Query scope: 113
Query scope: 123
Query scope: 124
Query scope: 215
Query scope: 216
Query scope: 239
Query scope: 243
Query scope: 248
Query scope: 250
Query scope: 251
Query scope: 278
Query scope: 286
Query scope: 291
Query scope: 316
Query scope: 321
Query scope: 324
Query scope: 346
Query scope: 349
Query scope: 354
Query scope: 356
Query scope: 365
Query scope: 373
Query scope: 376
Query scope: 383
Query scope: 385
Query scope: 418
Query scope: 432
Query scope: 440
Query scope: 443
Query scope: 444
Query scope: 446
Query scope: 449
Query scope: 453
Query scope: 474
Query scope: 475
Query scope: 478
Query scope: 481
Query scope: 483
Query scope: 485
Query scope: 486
Query scope: 502
