Instance: arbitrary-128-500-310000
----------------------------
Query: 7
Query element:125
Query scope: 19
Query scope: 25
Query scope: 27
Query scope: 42
Query scope: 48
Query scope: 51
Query scope: 71
Query scope: 82
Query scope: 83
Query scope: 89
Query scope: 90
Query scope: 100
Query scope: 106
Query scope: 108
Query scope: 138
Query scope: 148
Query scope: 155
Query scope: 156
Query scope: 164
Query scope: 166
Query scope: 167
Query scope: 176
Query scope: 177
Query scope: 181
Query scope: 189
Query scope: 199
Query scope: 217
Query scope: 221
Query scope: 223
Query scope: 247
Query scope: 258
Query scope: 279
Query scope: 285
Query scope: 292
Query scope: 301
Query scope: 304
Query scope: 309
Query scope: 310
Query scope: 311
Query scope: 316
Query scope: 318
Query scope: 322
Query scope: 332
Query scope: 352
Query scope: 355
Query scope: 357
Query scope: 367
Query scope: 372
Query scope: 403
Query scope: 428
Query scope: 449
Query scope: 453
Query scope: 457
Query scope: 472
Query scope: 486
