Instance: arbitrary-128-500-20000
----------------------------
Query: 8
Query element:33
Query scope: 5
Query scope: 6
Query scope: 7
Query scope: 8
Query scope: 9
Query scope: 10
Query scope: 13
Query scope: 14
Query scope: 16
Query scope: 17
Query scope: 18
Query scope: 34
Query scope: 57
Query scope: 68
Query scope: 73
Query scope: 74
Query scope: 83
Query scope: 93
Query scope: 96
Query scope: 102
Query scope: 103
Query scope: 111
Query scope: 113
Query scope: 114
Query scope: 115
Query scope: 150
Query scope: 151
Query scope: 161
Query scope: 162
Query scope: 165
Query scope: 168
Query scope: 202
Query scope: 204
Query scope: 235
Query scope: 247
Query scope: 283
Query scope: 315
Query scope: 318
Query scope: 322
Query scope: 341
Query scope: 356
Query scope: 370
Query scope: 373
Query scope: 383
Query scope: 416
Query scope: 417
Query scope: 440
Query scope: 444
Query scope: 478
Query scope: 479
Query scope: 503
