Instance: arbitrary-128-500-20000
----------------------------
Query: 8
Query element:89
Query scope: 6
Query scope: 9
Query scope: 10
Query scope: 18
Query scope: 47
Query scope: 50
Query scope: 52
Query scope: 55
Query scope: 70
Query scope: 72
Query scope: 88
Query scope: 103
Query scope: 113
Query scope: 123
Query scope: 135
Query scope: 154
Query scope: 177
Query scope: 204
Query scope: 205
Query scope: 249
Query scope: 285
Query scope: 290
Query scope: 317
Query scope: 353
Query scope: 354
Query scope: 371
Query scope: 379
Query scope: 381
Query scope: 382
Query scope: 383
Query scope: 393
Query scope: 439
Query scope: 441
Query scope: 442
Query scope: 443
Query scope: 475
Query scope: 492
Query scope: 494
Query scope: 496
Query scope: 497
