Instance: regions-128-500-180000
----------------------------
Query: 10
Query element:105
Query element:116
Query scope: 15
Query scope: 76
Query scope: 78
Query scope: 80
Query scope: 81
Query scope: 138
Query scope: 145
Query scope: 157
Query scope: 198
Query scope: 205
Query scope: 208
Query scope: 216
Query scope: 217
Query scope: 218
Query scope: 219
Query scope: 235
Query scope: 274
Query scope: 287
Query scope: 291
Query scope: 301
Query scope: 307
Query scope: 308
Query scope: 331
Query scope: 373
Query scope: 375
Query scope: 376
Query scope: 381
Query scope: 405
Query scope: 414
Query scope: 428
Query scope: 439
