Instance: regions-128-500-900000
----------------------------
Query: 9
Query element:217
Query element:37
Query scope: 470
Query scope: 471
Query scope: 472
Query scope: 473
Query scope: 474
Query scope: 0
Query scope: 1
Query scope: 2
Query scope: 3
Query scope: 4
Query scope: 14
Query scope: 51
Query scope: 58
Query scope: 59
Query scope: 62
Query scope: 63
Query scope: 109
Query scope: 110
Query scope: 112
Query scope: 124
Query scope: 141
Query scope: 191
Query scope: 192
Query scope: 193
Query scope: 196
Query scope: 203
Query scope: 219
Query scope: 224
Query scope: 233
Query scope: 238
Query scope: 244
Query scope: 250
Query scope: 276
Query scope: 278
Query scope: 279
Query scope: 280
Query scope: 281
Query scope: 282
Query scope: 283
Query scope: 324
Query scope: 326
Query scope: 335
Query scope: 336
Query scope: 338
Query scope: 360
Query scope: 388
Query scope: 389
Query scope: 392
Query scope: 393
Query scope: 424
Query scope: 426
Query scope: 427
Query scope: 429
Query scope: 430
Query scope: 431
Query scope: 448
Query scope: 449
Query scope: 452
Query scope: 453
Query scope: 454
Query scope: 458
Query scope: 475
Query scope: 476
Query scope: 478
Query scope: 486
