Instance: regions-128-500-430000
----------------------------
Query: 10
Query element:94
Query element:104
Query scope: 9
Query scope: 10
Query scope: 12
Query scope: 13
Query scope: 106
Query scope: 107
Query scope: 130
Query scope: 131
Query scope: 132
Query scope: 133
Query scope: 134
Query scope: 136
Query scope: 138
Query scope: 139
Query scope: 141
Query scope: 142
Query scope: 143
Query scope: 144
Query scope: 145
Query scope: 146
Query scope: 169
Query scope: 171
Query scope: 189
Query scope: 190
Query scope: 191
Query scope: 218
Query scope: 219
Query scope: 221
Query scope: 252
Query scope: 255
Query scope: 267
Query scope: 295
Query scope: 297
Query scope: 298
Query scope: 300
Query scope: 301
Query scope: 302
Query scope: 303
Query scope: 304
Query scope: 305
Query scope: 307
Query scope: 309
Query scope: 340
Query scope: 341
Query scope: 342
Query scope: 343
Query scope: 344
Query scope: 345
Query scope: 380
Query scope: 383
Query scope: 397
Query scope: 400
Query scope: 429
Query scope: 435
Query scope: 446
Query scope: 455
Query scope: 456
Query scope: 457
Query scope: 458
Query scope: 497
