IIS generation
Instance: paths-12-20-880000
----------------------------
Query: 9
Query element:10
Query element:8
Query scope: 5
Query scope: 6
Query scope: 7
Query scope: 13
Query scope: 3
----------------------------
IIS optimality: suboptimal
IIS solution time: 0.01498
IIS Constraint: 0; goods; {good:0}
IIS Constraint: 1; goods; {good:1}
IIS Constraint: 4; goods; {good:4}
IIS Constraint: 6; goods; {good:6}
IIS Constraint: 11; goods; {good:11}
IIS Constraint: 13; goods; {good:13}
IIS Constraint: 22; query; {good:10,query:9}
IIS Constraint: 24; max; {f:4.131753000000001,objective:max}
