IIS generation
Instance: paths-12-20-950000
----------------------------
Query: 7
Query element:1
Query scope: 8
Query scope: 11
Query scope: 13
Query scope: 14
Query scope: 15
Query scope: 17
Query scope: 18
Query scope: 20
----------------------------
IIS optimality: suboptimal
IIS solution time: 0.01115
IIS Constraint: 0; goods; {good:0}
IIS Constraint: 5; goods; {good:5}
IIS Constraint: 6; goods; {good:6}
IIS Constraint: 7; goods; {good:7}
IIS Constraint: 13; goods; {good:13}
IIS Constraint: 26; query; {good:1,query:7}
IIS Constraint: 27; max; {f:3.05477,objective:max}
