IIS generation
Instance: arbitrary-12-20-620000
----------------------------
Query: 10
Query element:3
Query element:5
Query scope: 0
Query scope: 3
Query scope: 5
Query scope: 6
Query scope: 17
----------------------------
IIS optimality: suboptimal
IIS solution time: 0.01466
IIS Constraint: 0; goods; {good:0}
IIS Constraint: 4; goods; {good:4}
IIS Constraint: 5; goods; {good:5}
IIS Constraint: 6; goods; {good:6}
IIS Constraint: 11; goods; {good:11}
IIS Constraint: 17; query; {goods:[3,5],query:10}
IIS Constraint: 18; max; {f:406.265,objective:max}
