IIS generation
Instance: paths-12-20-730000
----------------------------
Query: 8
Query element:11
Query scope: 5
Query scope: 16
----------------------------
IIS optimality: suboptimal
IIS solution time: 0.02037
IIS Constraint: 0; goods; {good:0}
IIS Constraint: 1; goods; {good:1}
IIS Constraint: 2; goods; {good:2}
IIS Constraint: 5; goods; {good:5}
IIS Constraint: 9; goods; {good:9}
IIS Constraint: 12; goods; {good:12}
IIS Constraint: 14; goods; {good:14}
IIS Constraint: 16; goods; {good:16}
IIS Constraint: 18; query; {good:11,query:8}
IIS Constraint: 19; max; {f:5.667743,objective:max}
