IIS generation
Instance: scheduling-12-20-90000
----------------------------
Query: 9
Query element:12
Query element:4
Query scope: 0
Query scope: 1
Query scope: 2
Query scope: 3
Query scope: 4
Query scope: 5
Query scope: 7
Query scope: 8
Query scope: 9
Query scope: 10
Query scope: 17
Query scope: 18
----------------------------
IIS optimality: suboptimal
IIS solution time: 0.01013
IIS Constraint: 1; goods; {good:1}
IIS Constraint: 3; goods; {good:3}
IIS Constraint: 4; goods; {good:4}
IIS Constraint: 7; goods; {good:7}
IIS Constraint: 15; query; {good:12,query:9}
IIS Constraint: 17; max; {f:19.32368,objective:max}
