IIS generation
Instance: paths-12-20-940000
----------------------------
Query: 1
Query element:6
Query scope: 6
----------------------------
IIS optimality: suboptimal
IIS solution time: 0.02782
IIS Constraint: 0; goods; {good:0}
IIS Constraint: 2; goods; {good:2}
IIS Constraint: 3; goods; {good:3}
IIS Constraint: 4; goods; {good:4}
IIS Constraint: 6; goods; {good:6}
IIS Constraint: 7; goods; {good:7}
IIS Constraint: 8; goods; {good:8}
IIS Constraint: 10; goods; {good:10}
IIS Constraint: 14; goods; {good:14}
IIS Constraint: 19; query; {bid:6,query:1}
IIS Constraint: 20; max; {f:4.284293,objective:max}
