IIS generation
Instance: scheduling-12-20-570000
----------------------------
Query: 7
Query element:9
Query scope: 3
Query scope: 4
Query scope: 5
Query scope: 8
Query scope: 9
Query scope: 10
Query scope: 16
Query scope: 17
Query scope: 18
----------------------------
IIS optimality: suboptimal
IIS solution time: 0.00773
IIS Constraint: 0; goods; {good:0}
IIS Constraint: 4; goods; {good:4}
IIS Constraint: 5; goods; {good:5}
IIS Constraint: 16; query; {good:9,query:7}
IIS Constraint: 17; max; {f:16.34711,objective:max}
