IIS generation
Instance: arbitrary-12-20-120000
----------------------------
Query: 10
Query element:9
Query element:0
Query scope: 0
Query scope: 1
Query scope: 3
Query scope: 5
Query scope: 6
Query scope: 11
Query scope: 14
Query scope: 19
Query scope: 20
Query scope: 21
----------------------------
IIS optimality: suboptimal
IIS solution time: 0.00964
IIS Constraint: 0; goods; {good:0}
IIS Constraint: 1; goods; {good:1}
IIS Constraint: 2; goods; {good:2}
IIS Constraint: 3; goods; {good:3}
IIS Constraint: 4; goods; {good:4}
IIS Constraint: 16; query; {goods:[9,0],query:10}
IIS Constraint: 17; max; {f:673.773,objective:max}
