IIS generation
Instance: paths-12-20-800000
----------------------------
Query: 8
Query element:0
Query scope: 2
Query scope: 20
----------------------------
IIS optimality: suboptimal
IIS solution time: 0.02355
IIS Constraint: 1; goods; {good:1}
IIS Constraint: 2; goods; {good:2}
IIS Constraint: 3; goods; {good:3}
IIS Constraint: 4; goods; {good:4}
IIS Constraint: 5; goods; {good:5}
IIS Constraint: 8; goods; {good:8}
IIS Constraint: 10; goods; {good:10}
IIS Constraint: 11; goods; {good:11}
IIS Constraint: 20; query; {good:0,query:8}
IIS Constraint: 21; max; {f:5.11613,objective:max}
