IIS generation
Instance: matching-12-20-840000
----------------------------
Query: 9
Query element:11
Query element:6
Query scope: 6
Query scope: 7
Query scope: 8
Query scope: 10
Query scope: 11
Query scope: 16
Query scope: 17
Query scope: 2
Query scope: 12
Query scope: 18
----------------------------
IIS optimality: suboptimal
IIS solution time: 0.00681
IIS Constraint: 1; goods; {good:1}
IIS Constraint: 5; goods; {good:5}
IIS Constraint: 22; query; {good:11,query:9}
IIS Constraint: 24; max; {f:30.65597,objective:max}
