------------------------------------------
---------------- Solution ----------------
------------------------------------------
0. Bid: 0 Goods: [42, 52]
1. Bid: 5 Goods: [31, 50, 53]
2. Bid: 9 Goods: [40, 54]
3. Bid: 14 Goods: [9, 55]
4. Bid: 16 Goods: [16]
5. Bid: 17 Goods: [11]
6. Bid: 18 Goods: [23, 28, 56]
7. Bid: 24 Goods: [37, 38, 57]
8. Bid: 29 Goods: [7, 35]
9. Bid: 33 Goods: [22, 46, 58]
10. Bid: 35 Goods: [3, 44]
11. Bid: 41 Goods: [0, 34, 60]
12. Bid: 43 Goods: [5, 29]
13. Bid: 47 Goods: [2, 18, 45]
14. Bid: 50 Goods: [32, 62]
15. Bid: 57 Goods: [1, 27, 63]
16. Bid: 63 Goods: [12, 43, 64]
17. Bid: 65 Goods: [4, 65]
18. Bid: 70 Goods: [6, 19, 67]
19. Bid: 74 Goods: [51, 68]
20. Bid: 82 Goods: [15, 24, 25, 70]
21. Bid: 88 Goods: [10, 39, 71]
22. Bid: 94 Goods: [48, 14, 73]
Objective value: 19.835444000000003
Solving time: 0.00581
