Instance: arbitrary-512-1000-110000
----------------------------
Query: 7
Query element:155
Query scope: 126
Query scope: 142
Query scope: 211
Query scope: 214
Query scope: 250
Query scope: 253
Query scope: 273
Query scope: 276
Query scope: 279
Query scope: 296
Query scope: 300
Query scope: 374
Query scope: 441
Query scope: 444
Query scope: 446
Query scope: 459
Query scope: 460
Query scope: 483
Query scope: 484
Query scope: 494
Query scope: 495
Query scope: 497
Query scope: 503
Query scope: 504
Query scope: 506
Query scope: 516
Query scope: 517
Query scope: 532
Query scope: 545
Query scope: 672
Query scope: 675
Query scope: 737
Query scope: 759
Query scope: 761
Query scope: 803
Query scope: 825
Query scope: 829
Query scope: 876
Query scope: 964
Query scope: 986
