Instance: regions-512-1000-380000
----------------------------
Query: 10
Query element:445
Query element:466
Query scope: 14
Query scope: 17
Query scope: 49
Query scope: 67
Query scope: 185
Query scope: 186
Query scope: 226
Query scope: 231
Query scope: 298
Query scope: 340
Query scope: 373
Query scope: 375
Query scope: 376
Query scope: 378
Query scope: 409
Query scope: 439
Query scope: 504
Query scope: 656
Query scope: 659
Query scope: 660
Query scope: 774
Query scope: 897
Query scope: 899
Query scope: 925
Query scope: 927
Query scope: 928
