Instance: scheduling-512-1000-880000
----------------------------
Query: 9
Query element:513
Query element:236
Query scope: 508
Query scope: 509
Query scope: 510
Query scope: 511
Query scope: 512
Query scope: 513
Query scope: 514
Query scope: 515
Query scope: 516
Query scope: 517
Query scope: 518
Query scope: 519
Query scope: 520
Query scope: 521
Query scope: 522
Query scope: 523
Query scope: 524
Query scope: 525
Query scope: 526
Query scope: 527
Query scope: 528
Query scope: 529
Query scope: 530
Query scope: 531
Query scope: 532
Query scope: 533
Query scope: 534
Query scope: 535
Query scope: 536
Query scope: 537
Query scope: 538
Query scope: 539
Query scope: 540
Query scope: 541
Query scope: 542
Query scope: 543
Query scope: 544
Query scope: 545
Query scope: 546
Query scope: 547
Query scope: 548
Query scope: 549
Query scope: 550
Query scope: 551
Query scope: 552
Query scope: 553
Query scope: 554
Query scope: 555
Query scope: 556
Query scope: 557
Query scope: 558
Query scope: 559
Query scope: 560
Query scope: 561
Query scope: 562
Query scope: 563
Query scope: 564
Query scope: 565
Query scope: 566
Query scope: 567
Query scope: 568
Query scope: 569
Query scope: 570
Query scope: 571
Query scope: 572
Query scope: 573
Query scope: 574
Query scope: 575
Query scope: 576
Query scope: 577
Query scope: 578
Query scope: 579
Query scope: 580
Query scope: 581
Query scope: 582
Query scope: 583
Query scope: 584
Query scope: 585
Query scope: 586
Query scope: 587
Query scope: 588
Query scope: 589
Query scope: 590
Query scope: 591
Query scope: 592
Query scope: 593
Query scope: 594
Query scope: 595
Query scope: 596
Query scope: 597
Query scope: 598
Query scope: 599
Query scope: 600
Query scope: 601
Query scope: 602
Query scope: 603
Query scope: 604
Query scope: 605
Query scope: 606
Query scope: 607
Query scope: 608
Query scope: 609
Query scope: 610
Query scope: 611
Query scope: 612
Query scope: 613
Query scope: 614
Query scope: 615
Query scope: 616
Query scope: 617
Query scope: 618
Query scope: 619
Query scope: 620
Query scope: 621
Query scope: 622
Query scope: 623
Query scope: 624
Query scope: 625
Query scope: 626
Query scope: 627
Query scope: 628
Query scope: 629
Query scope: 630
Query scope: 631
Query scope: 632
Query scope: 633
Query scope: 634
Query scope: 635
Query scope: 636
Query scope: 637
Query scope: 638
Query scope: 639
Query scope: 640
Query scope: 641
Query scope: 642
Query scope: 643
Query scope: 644
Query scope: 645
Query scope: 646
Query scope: 647
Query scope: 648
Query scope: 649
Query scope: 650
Query scope: 651
Query scope: 652
Query scope: 653
Query scope: 654
Query scope: 655
Query scope: 656
Query scope: 657
Query scope: 658
Query scope: 659
Query scope: 660
Query scope: 661
Query scope: 662
Query scope: 663
Query scope: 664
Query scope: 665
Query scope: 666
Query scope: 667
Query scope: 668
Query scope: 669
Query scope: 670
Query scope: 671
Query scope: 672
Query scope: 673
Query scope: 674
Query scope: 675
Query scope: 676
Query scope: 677
Query scope: 678
Query scope: 679
Query scope: 680
Query scope: 681
Query scope: 682
Query scope: 683
Query scope: 684
Query scope: 685
Query scope: 686
Query scope: 687
Query scope: 688
Query scope: 689
Query scope: 690
Query scope: 691
Query scope: 692
Query scope: 693
Query scope: 694
Query scope: 695
Query scope: 696
Query scope: 697
Query scope: 698
Query scope: 699
Query scope: 700
Query scope: 701
Query scope: 702
Query scope: 703
Query scope: 704
Query scope: 705
Query scope: 706
Query scope: 707
Query scope: 708
Query scope: 709
Query scope: 710
Query scope: 711
Query scope: 712
Query scope: 713
Query scope: 714
Query scope: 715
Query scope: 716
Query scope: 717
Query scope: 718
Query scope: 719
Query scope: 720
Query scope: 721
Query scope: 722
Query scope: 723
Query scope: 724
Query scope: 725
Query scope: 726
Query scope: 727
Query scope: 728
Query scope: 729
Query scope: 730
Query scope: 731
Query scope: 732
Query scope: 733
Query scope: 734
Query scope: 735
Query scope: 736
Query scope: 737
Query scope: 738
Query scope: 739
Query scope: 740
Query scope: 741
Query scope: 742
Query scope: 743
Query scope: 744
Query scope: 745
Query scope: 746
Query scope: 747
Query scope: 748
Query scope: 749
Query scope: 750
Query scope: 751
Query scope: 752
Query scope: 753
Query scope: 754
Query scope: 755
Query scope: 756
Query scope: 757
Query scope: 758
Query scope: 759
Query scope: 760
Query scope: 761
Query scope: 762
Query scope: 763
Query scope: 764
Query scope: 765
Query scope: 766
Query scope: 767
Query scope: 768
Query scope: 769
Query scope: 770
Query scope: 771
Query scope: 772
Query scope: 773
Query scope: 774
Query scope: 775
Query scope: 776
Query scope: 777
Query scope: 778
Query scope: 779
Query scope: 780
Query scope: 781
Query scope: 782
Query scope: 783
Query scope: 784
Query scope: 785
Query scope: 786
Query scope: 787
Query scope: 788
Query scope: 789
Query scope: 790
Query scope: 791
Query scope: 792
Query scope: 793
Query scope: 794
Query scope: 795
Query scope: 796
Query scope: 797
Query scope: 798
Query scope: 799
Query scope: 800
Query scope: 801
Query scope: 802
Query scope: 803
Query scope: 804
Query scope: 805
Query scope: 806
Query scope: 807
Query scope: 808
Query scope: 809
Query scope: 810
Query scope: 811
Query scope: 812
Query scope: 813
Query scope: 814
Query scope: 815
Query scope: 816
Query scope: 817
Query scope: 818
Query scope: 819
Query scope: 820
Query scope: 821
Query scope: 822
Query scope: 823
Query scope: 824
Query scope: 825
Query scope: 826
Query scope: 827
Query scope: 828
Query scope: 829
Query scope: 830
Query scope: 831
Query scope: 832
Query scope: 833
Query scope: 834
Query scope: 835
Query scope: 836
Query scope: 837
Query scope: 838
Query scope: 839
Query scope: 840
Query scope: 841
Query scope: 842
Query scope: 843
Query scope: 844
Query scope: 845
Query scope: 846
Query scope: 847
Query scope: 848
Query scope: 849
Query scope: 850
Query scope: 851
Query scope: 852
Query scope: 853
Query scope: 854
Query scope: 855
Query scope: 856
Query scope: 857
Query scope: 858
Query scope: 859
Query scope: 860
Query scope: 861
Query scope: 862
Query scope: 863
Query scope: 864
Query scope: 865
Query scope: 866
Query scope: 867
Query scope: 868
Query scope: 869
Query scope: 870
Query scope: 871
Query scope: 872
Query scope: 873
Query scope: 874
Query scope: 875
Query scope: 876
Query scope: 877
Query scope: 878
Query scope: 879
Query scope: 880
Query scope: 881
Query scope: 882
Query scope: 883
Query scope: 884
Query scope: 885
Query scope: 886
Query scope: 887
Query scope: 888
Query scope: 889
Query scope: 890
Query scope: 891
Query scope: 892
Query scope: 893
Query scope: 894
Query scope: 895
Query scope: 896
Query scope: 897
Query scope: 898
Query scope: 899
Query scope: 900
Query scope: 901
Query scope: 902
Query scope: 903
Query scope: 904
Query scope: 905
Query scope: 906
Query scope: 907
Query scope: 908
Query scope: 909
Query scope: 910
Query scope: 911
Query scope: 912
Query scope: 913
Query scope: 914
Query scope: 915
Query scope: 916
Query scope: 917
Query scope: 918
Query scope: 919
Query scope: 920
Query scope: 921
Query scope: 922
Query scope: 923
Query scope: 924
Query scope: 925
Query scope: 926
Query scope: 927
Query scope: 928
Query scope: 929
Query scope: 930
Query scope: 931
Query scope: 932
Query scope: 933
Query scope: 934
Query scope: 935
Query scope: 936
Query scope: 937
Query scope: 938
Query scope: 939
Query scope: 940
Query scope: 941
Query scope: 942
Query scope: 943
Query scope: 944
Query scope: 945
Query scope: 946
Query scope: 947
Query scope: 948
Query scope: 949
Query scope: 950
Query scope: 951
Query scope: 952
Query scope: 953
Query scope: 954
Query scope: 955
Query scope: 956
Query scope: 957
Query scope: 958
Query scope: 959
Query scope: 960
Query scope: 961
Query scope: 962
Query scope: 963
Query scope: 964
Query scope: 965
Query scope: 966
Query scope: 967
Query scope: 968
Query scope: 969
Query scope: 970
Query scope: 971
Query scope: 972
Query scope: 973
Query scope: 974
Query scope: 975
Query scope: 976
Query scope: 977
Query scope: 978
Query scope: 979
Query scope: 980
Query scope: 981
Query scope: 982
Query scope: 983
Query scope: 984
Query scope: 985
Query scope: 986
Query scope: 987
Query scope: 988
Query scope: 989
Query scope: 990
Query scope: 991
Query scope: 992
Query scope: 993
Query scope: 994
Query scope: 995
Query scope: 996
Query scope: 997
Query scope: 998
Query scope: 999
Query scope: 1000
Query scope: 1001
Query scope: 1002
Query scope: 232
Query scope: 233
Query scope: 234
Query scope: 235
Query scope: 236
