------------------------------------------
---------------- Solution ----------------
------------------------------------------
0. Bid: 12 Goods: [227]
1. Bid: 27 Goods: [202, 266, 313, 328, 351, 516]
2. Bid: 45 Goods: [82, 91, 467, 519]
3. Bid: 50 Goods: [256, 267, 374, 385, 414, 520]
4. Bid: 64 Goods: [4, 23, 122, 134, 158, 206, 306, 315, 319, 327, 429, 482, 509, 523]
5. Bid: 90 Goods: [154, 244, 369, 375, 442, 527]
6. Bid: 91 Goods: [20, 345, 528]
7. Bid: 98 Goods: [33, 42, 130, 145, 161, 173, 193, 204, 238, 270, 325, 342, 361, 380, 391, 421, 478, 500, 529]
8. Bid: 101 Goods: [37, 207, 242, 271, 530]
9. Bid: 106 Goods: [24, 279, 438, 531]
10. Bid: 119 Goods: [25, 32, 65, 120, 123, 144, 157, 175, 177, 198, 201, 220, 252, 282, 287, 355, 364, 461, 470, 479, 486, 533]
11. Bid: 121 Goods: [75, 184, 199, 247, 331, 534]
12. Bid: 151 Goods: [40, 95, 167, 300, 539]
13. Bid: 160 Goods: [53, 140, 273, 302, 386, 437, 450, 492, 541]
14. Bid: 166 Goods: [46, 137, 176, 189, 542]
15. Bid: 211 Goods: [163, 246, 264, 312, 358, 394, 550]
16. Bid: 224 Goods: [190, 255, 278, 499, 553]
17. Bid: 246 Goods: [47, 290, 557]
18. Bid: 266 Goods: [171]
19. Bid: 269 Goods: [12, 135, 218, 491, 561]
20. Bid: 272 Goods: [88, 182, 187, 232, 269, 317, 388, 408, 562]
21. Bid: 320 Goods: [234, 258, 465, 570]
22. Bid: 326 Goods: [263, 284, 444, 448, 572]
23. Bid: 330 Goods: [296, 366, 573]
24. Bid: 338 Goods: [115]
25. Bid: 342 Goods: [14, 28, 73, 307, 354, 445, 446, 575]
26. Bid: 359 Goods: [185, 291, 578]
27. Bid: 376 Goods: [68, 372, 457, 581]
28. Bid: 383 Goods: [153, 243, 259, 405, 485, 583]
29. Bid: 437 Goods: [87]
30. Bid: 457 Goods: [165, 194, 212, 595]
31. Bid: 460 Goods: [34, 93, 215, 268, 350, 427, 432, 466, 481, 498, 596]
32. Bid: 466 Goods: [94, 128, 360, 455, 490, 597]
33. Bid: 503 Goods: [133, 321, 605]
34. Bid: 507 Goods: [36, 129, 136, 205, 294, 389, 464, 469, 474, 606]
35. Bid: 528 Goods: [403]
36. Bid: 531 Goods: [78, 260, 285, 610]
37. Bid: 534 Goods: [62, 67, 80, 96, 101, 126, 156, 335, 611]
38. Bid: 546 Goods: [110, 138, 148, 235, 326, 348, 613]
39. Bid: 567 Goods: [103, 359, 617]
40. Bid: 570 Goods: [86]
41. Bid: 581 Goods: [54, 71, 85, 200, 223, 240, 323, 340, 424, 619]
42. Bid: 589 Goods: [19, 288, 430, 435, 452, 621]
43. Bid: 598 Goods: [0, 55, 141, 219, 233, 254, 353, 397, 400, 622]
44. Bid: 618 Goods: [39, 60, 339, 626]
45. Bid: 632 Goods: [84, 117, 121, 124, 147, 168, 178, 214, 330, 628]
46. Bid: 658 Goods: [5, 142, 322, 633]
47. Bid: 679 Goods: [106, 310, 637]
48. Bid: 700 Goods: [10, 77, 196, 221, 292, 376, 643]
49. Bid: 719 Goods: [162, 426, 441, 646]
50. Bid: 742 Goods: [131, 226, 265, 305, 308, 407, 451, 480, 650]
51. Bid: 749 Goods: [179, 216, 281, 352, 428, 484, 651]
52. Bid: 767 Goods: [6, 102, 125, 237, 409, 411, 508, 654]
53. Bid: 777 Goods: [2, 57, 76, 149, 250, 417, 656]
54. Bid: 798 Goods: [26, 116, 118, 209, 230, 239, 286, 329, 395, 660]
55. Bid: 811 Goods: [16, 29, 170, 289, 320, 662]
56. Bid: 818 Goods: [11, 61, 166, 249, 471, 663]
57. Bid: 886 Goods: [90, 139, 677]
58. Bid: 893 Goods: [9, 27, 92, 112, 188, 303, 333, 368, 404, 412, 476, 483, 493, 505, 678]
59. Bid: 897 Goods: [107, 231, 251, 311, 341, 398, 497, 679]
60. Bid: 918 Goods: [362]
61. Bid: 932 Goods: [105, 297, 685]
62. Bid: 934 Goods: [396, 418, 460, 511, 686]
63. Bid: 951 Goods: [1, 17, 52, 309, 337, 363, 423, 507, 689]
64. Bid: 977 Goods: [89, 159, 197, 225, 229, 304, 378, 472, 477, 506, 694]
65. Bid: 983 Goods: [473]
66. Bid: 997 Goods: [35, 420, 501, 697]
Objective value: 26130.4255
Solving time: 36000.00324
