------------------------------------------
---------------- Solution ----------------
------------------------------------------
0. Bid: 9 Goods: [93, 106, 512]
1. Bid: 19 Goods: [394, 432, 513]
2. Bid: 20 Goods: [214, 252, 514]
3. Bid: 34 Goods: [265, 279, 515]
4. Bid: 40 Goods: [426, 464, 516]
5. Bid: 50 Goods: [3, 40, 517]
6. Bid: 60 Goods: [0, 43, 518]
7. Bid: 70 Goods: [152, 195, 519]
8. Bid: 80 Goods: [76, 118, 520]
9. Bid: 90 Goods: [111, 121, 521]
10. Bid: 100 Goods: [175, 185, 522]
11. Bid: 110 Goods: [444, 487, 523]
12. Bid: 120 Goods: [244, 286, 524]
13. Bid: 130 Goods: [438, 449, 525]
14. Bid: 144 Goods: [451, 488, 526]
15. Bid: 150 Goods: [59, 96, 527]
16. Bid: 160 Goods: [277, 308, 528]
17. Bid: 170 Goods: [264, 306, 529]
18. Bid: 184 Goods: [68, 110, 530]
19. Bid: 194 Goods: [400, 433, 531]
20. Bid: 204 Goods: [86, 97, 532]
21. Bid: 210 Goods: [137, 168, 533]
22. Bid: 227 Goods: [420, 463, 534]
23. Bid: 230 Goods: [249, 262, 535]
24. Bid: 240 Goods: [199, 209, 536]
25. Bid: 250 Goods: [393, 424, 537]
26. Bid: 260 Goods: [365, 379, 538]
27. Bid: 279 Goods: [461, 474, 539]
28. Bid: 280 Goods: [459, 469, 540]
29. Bid: 290 Goods: [261, 292, 541]
30. Bid: 300 Goods: [422, 460, 542]
31. Bid: 310 Goods: [2, 13, 543]
32. Bid: 316 Goods: [130, 141, 544]
33. Bid: 326 Goods: [320, 363, 545]
34. Bid: 343 Goods: [428, 471, 546]
35. Bid: 350 Goods: [248, 281, 547]
36. Bid: 356 Goods: [419, 456, 548]
37. Bid: 366 Goods: [102, 113, 549]
38. Bid: 376 Goods: [340, 383, 550]
39. Bid: 386 Goods: [479, 489, 551]
40. Bid: 403 Goods: [79, 89, 552]
41. Bid: 415 Goods: [263, 273, 553]
42. Bid: 416 Goods: [358, 396, 554]
43. Bid: 426 Goods: [144, 186, 555]
44. Bid: 436 Goods: [377, 391, 556]
45. Bid: 446 Goods: [69, 82, 557]
46. Bid: 460 Goods: [176, 218, 558]
47. Bid: 466 Goods: [240, 283, 559]
48. Bid: 480 Goods: [42, 80, 560]
49. Bid: 493 Goods: [200, 243, 561]
50. Bid: 496 Goods: [34, 45, 562]
51. Bid: 515 Goods: [44, 77, 563]
52. Bid: 516 Goods: [485, 498, 564]
53. Bid: 530 Goods: [260, 302, 565]
54. Bid: 536 Goods: [23, 60, 566]
55. Bid: 546 Goods: [165, 179, 567]
56. Bid: 560 Goods: [94, 105, 568]
57. Bid: 566 Goods: [305, 318, 569]
58. Bid: 576 Goods: [347, 357, 570]
59. Bid: 586 Goods: [166, 204, 571]
60. Bid: 596 Goods: [285, 299, 572]
61. Bid: 606 Goods: [434, 472, 573]
62. Bid: 616 Goods: [61, 75, 574]
63. Bid: 626 Goods: [135, 172, 575]
64. Bid: 636 Goods: [8, 41, 576]
65. Bid: 646 Goods: [85, 98, 577]
66. Bid: 656 Goods: [412, 454, 578]
67. Bid: 666 Goods: [145, 158, 579]
68. Bid: 683 Goods: [84, 126, 580]
69. Bid: 686 Goods: [101, 114, 581]
70. Bid: 696 Goods: [298, 309, 582]
71. Bid: 716 Goods: [192, 235, 584]
72. Bid: 726 Goods: [72, 115, 585]
73. Bid: 736 Goods: [269, 300, 586]
74. Bid: 750 Goods: [125, 139, 587]
75. Bid: 760 Goods: [54, 92, 588]
76. Bid: 766 Goods: [415, 452, 589]
77. Bid: 776 Goods: [322, 360, 590]
78. Bid: 786 Goods: [32, 65, 591]
79. Bid: 805 Goods: [88, 131, 592]
80. Bid: 806 Goods: [81, 112, 593]
81. Bid: 823 Goods: [362, 373, 594]
82. Bid: 826 Goods: [397, 411, 595]
83. Bid: 836 Goods: [289, 303, 596]
84. Bid: 846 Goods: [109, 123, 597]
85. Bid: 856 Goods: [15, 25, 598]
86. Bid: 866 Goods: [416, 458, 599]
87. Bid: 876 Goods: [196, 239, 600]
88. Bid: 886 Goods: [390, 401, 601]
89. Bid: 896 Goods: [366, 404, 602]
90. Bid: 906 Goods: [63, 100, 603]
91. Bid: 923 Goods: [468, 501, 604]
92. Bid: 926 Goods: [446, 484, 605]
93. Bid: 936 Goods: [317, 330, 606]
94. Bid: 950 Goods: [148, 190, 607]
95. Bid: 956 Goods: [418, 429, 608]
96. Bid: 966 Goods: [384, 417, 609]
97. Bid: 980 Goods: [443, 453, 610]
98. Bid: 993 Goods: [48, 90, 611]
99. Bid: 996 Goods: [83, 120, 612]
Objective value: 575.8018200000001
Solving time: 0.01949
