------------------------------------------
---------------- Solution ----------------
------------------------------------------
0. Bid: 0 Goods: [427, 437, 512]
1. Bid: 19 Goods: [245, 259, 513]
2. Bid: 20 Goods: [58, 69, 514]
3. Bid: 30 Goods: [364, 407, 515]
4. Bid: 40 Goods: [188, 221, 516]
5. Bid: 50 Goods: [7, 44, 517]
6. Bid: 60 Goods: [134, 145, 518]
7. Bid: 70 Goods: [352, 395, 519]
8. Bid: 84 Goods: [411, 421, 520]
9. Bid: 90 Goods: [337, 368, 521]
10. Bid: 100 Goods: [146, 157, 522]
11. Bid: 110 Goods: [213, 227, 523]
12. Bid: 127 Goods: [454, 465, 524]
13. Bid: 130 Goods: [21, 34, 525]
14. Bid: 140 Goods: [125, 138, 526]
15. Bid: 150 Goods: [226, 264, 527]
16. Bid: 169 Goods: [56, 89, 528]
17. Bid: 170 Goods: [295, 332, 529]
18. Bid: 180 Goods: [324, 367, 530]
19. Bid: 190 Goods: [70, 108, 531]
20. Bid: 204 Goods: [171, 208, 532]
21. Bid: 214 Goods: [328, 370, 533]
22. Bid: 220 Goods: [474, 485, 534]
23. Bid: 230 Goods: [462, 500, 535]
24. Bid: 236 Goods: [257, 271, 536]
25. Bid: 246 Goods: [169, 200, 537]
26. Bid: 256 Goods: [339, 376, 538]
27. Bid: 273 Goods: [428, 461, 539]
28. Bid: 276 Goods: [74, 112, 540]
29. Bid: 286 Goods: [50, 88, 541]
30. Bid: 305 Goods: [276, 319, 542]
31. Bid: 310 Goods: [62, 100, 543]
32. Bid: 320 Goods: [118, 129, 544]
33. Bid: 326 Goods: [59, 96, 545]
34. Bid: 336 Goods: [0, 43, 546]
35. Bid: 355 Goods: [423, 433, 547]
36. Bid: 365 Goods: [76, 119, 548]
37. Bid: 366 Goods: [280, 322, 549]
38. Bid: 376 Goods: [331, 341, 550]
39. Bid: 386 Goods: [73, 86, 551]
40. Bid: 396 Goods: [66, 77, 552]
41. Bid: 406 Goods: [225, 238, 553]
42. Bid: 416 Goods: [417, 431, 554]
43. Bid: 426 Goods: [101, 115, 555]
44. Bid: 436 Goods: [87, 124, 556]
45. Bid: 446 Goods: [204, 246, 557]
46. Bid: 456 Goods: [298, 336, 558]
47. Bid: 466 Goods: [311, 321, 559]
48. Bid: 476 Goods: [452, 494, 560]
49. Bid: 486 Goods: [250, 288, 561]
50. Bid: 496 Goods: [410, 448, 562]
51. Bid: 506 Goods: [400, 442, 563]
52. Bid: 516 Goods: [418, 429, 564]
53. Bid: 526 Goods: [211, 248, 565]
54. Bid: 536 Goods: [430, 468, 566]
55. Bid: 546 Goods: [48, 81, 567]
56. Bid: 556 Goods: [170, 181, 568]
57. Bid: 570 Goods: [372, 415, 569]
58. Bid: 576 Goods: [109, 123, 570]
59. Bid: 586 Goods: [306, 344, 571]
60. Bid: 596 Goods: [173, 186, 572]
61. Bid: 606 Goods: [20, 63, 573]
62. Bid: 616 Goods: [292, 334, 574]
63. Bid: 635 Goods: [120, 162, 575]
64. Bid: 643 Goods: [272, 315, 576]
65. Bid: 646 Goods: [329, 343, 577]
66. Bid: 656 Goods: [149, 163, 578]
67. Bid: 666 Goods: [482, 493, 579]
68. Bid: 680 Goods: [90, 128, 580]
69. Bid: 686 Goods: [111, 148, 581]
70. Bid: 696 Goods: [41, 55, 582]
71. Bid: 706 Goods: [14, 52, 583]
72. Bid: 716 Goods: [183, 220, 584]
73. Bid: 735 Goods: [185, 199, 585]
74. Bid: 736 Goods: [223, 233, 586]
75. Bid: 746 Goods: [296, 338, 587]
76. Bid: 756 Goods: [386, 397, 588]
77. Bid: 766 Goods: [466, 477, 589]
78. Bid: 776 Goods: [130, 168, 590]
79. Bid: 790 Goods: [4, 37, 591]
80. Bid: 803 Goods: [177, 190, 592]
81. Bid: 810 Goods: [323, 333, 593]
82. Bid: 825 Goods: [105, 136, 594]
83. Bid: 830 Goods: [85, 116, 595]
84. Bid: 836 Goods: [443, 480, 596]
85. Bid: 846 Goods: [459, 496, 597]
86. Bid: 856 Goods: [142, 153, 598]
87. Bid: 866 Goods: [457, 488, 599]
88. Bid: 876 Goods: [228, 261, 600]
89. Bid: 886 Goods: [446, 484, 601]
90. Bid: 896 Goods: [366, 377, 602]
91. Bid: 915 Goods: [269, 300, 603]
92. Bid: 925 Goods: [82, 93, 604]
93. Bid: 926 Goods: [383, 420, 605]
94. Bid: 945 Goods: [137, 150, 606]
95. Bid: 946 Goods: [33, 64, 607]
96. Bid: 956 Goods: [95, 132, 608]
97. Bid: 966 Goods: [278, 289, 609]
98. Bid: 976 Goods: [414, 425, 610]
99. Bid: 986 Goods: [345, 358, 611]
100. Bid: 996 Goods: [54, 92, 612]
Objective value: 334.63211
Solving time: 0.01958
