------------------------------------------
---------------- Solution ----------------
------------------------------------------
0. Bid: 0 Goods: [40, 82, 512]
1. Bid: 10 Goods: [238, 276, 513]
2. Bid: 20 Goods: [327, 364, 514]
3. Bid: 30 Goods: [211, 221, 515]
4. Bid: 40 Goods: [118, 129, 516]
5. Bid: 59 Goods: [366, 377, 517]
6. Bid: 64 Goods: [163, 173, 518]
7. Bid: 70 Goods: [151, 188, 519]
8. Bid: 80 Goods: [55, 65, 520]
9. Bid: 90 Goods: [311, 348, 521]
10. Bid: 100 Goods: [270, 281, 522]
11. Bid: 110 Goods: [387, 397, 523]
12. Bid: 120 Goods: [414, 452, 524]
13. Bid: 130 Goods: [307, 344, 525]
14. Bid: 140 Goods: [494, 505, 526]
15. Bid: 143 Goods: [479, 489, 527]
16. Bid: 153 Goods: [61, 74, 528]
17. Bid: 163 Goods: [432, 465, 529]
18. Bid: 173 Goods: [57, 88, 530]
19. Bid: 183 Goods: [15, 25, 531]
20. Bid: 193 Goods: [0, 33, 532]
21. Bid: 207 Goods: [9, 23, 533]
22. Bid: 213 Goods: [459, 496, 534]
23. Bid: 223 Goods: [193, 206, 535]
24. Bid: 240 Goods: [400, 433, 536]
25. Bid: 243 Goods: [277, 308, 537]
26. Bid: 253 Goods: [5, 36, 538]
27. Bid: 263 Goods: [406, 417, 539]
28. Bid: 277 Goods: [179, 216, 540]
29. Bid: 283 Goods: [147, 184, 541]
30. Bid: 302 Goods: [227, 237, 542]
31. Bid: 310 Goods: [353, 367, 543]
32. Bid: 313 Goods: [440, 473, 544]
33. Bid: 330 Goods: [214, 225, 545]
34. Bid: 333 Goods: [285, 316, 546]
35. Bid: 350 Goods: [132, 175, 547]
36. Bid: 353 Goods: [182, 220, 548]
37. Bid: 363 Goods: [416, 458, 549]
38. Bid: 382 Goods: [471, 508, 550]
39. Bid: 383 Goods: [207, 244, 551]
40. Bid: 402 Goods: [250, 261, 552]
41. Bid: 407 Goods: [139, 176, 553]
42. Bid: 417 Goods: [430, 468, 554]
43. Bid: 423 Goods: [240, 273, 555]
44. Bid: 433 Goods: [305, 319, 556]
45. Bid: 443 Goods: [299, 309, 557]
46. Bid: 460 Goods: [180, 223, 558]
47. Bid: 463 Goods: [242, 280, 559]
48. Bid: 473 Goods: [249, 263, 560]
49. Bid: 490 Goods: [448, 491, 561]
50. Bid: 493 Goods: [128, 171, 562]
51. Bid: 512 Goods: [460, 493, 563]
52. Bid: 513 Goods: [330, 341, 564]
53. Bid: 523 Goods: [131, 168, 565]
54. Bid: 542 Goods: [145, 159, 566]
55. Bid: 543 Goods: [359, 369, 567]
56. Bid: 553 Goods: [122, 133, 568]
57. Bid: 572 Goods: [292, 334, 569]
58. Bid: 573 Goods: [365, 396, 570]
59. Bid: 590 Goods: [418, 456, 571]
60. Bid: 593 Goods: [167, 177, 572]
61. Bid: 603 Goods: [194, 232, 573]
62. Bid: 613 Goods: [415, 425, 574]
63. Bid: 632 Goods: [87, 124, 575]
64. Bid: 633 Goods: [451, 461, 576]
65. Bid: 643 Goods: [274, 312, 577]
66. Bid: 653 Goods: [166, 204, 578]
67. Bid: 663 Goods: [191, 228, 579]
68. Bid: 682 Goods: [187, 197, 580]
69. Bid: 683 Goods: [32, 75, 581]
70. Bid: 700 Goods: [320, 363, 582]
71. Bid: 703 Goods: [390, 428, 583]
72. Bid: 713 Goods: [155, 165, 584]
73. Bid: 723 Goods: [172, 215, 585]
74. Bid: 742 Goods: [44, 77, 586]
75. Bid: 752 Goods: [438, 476, 587]
76. Bid: 753 Goods: [352, 394, 588]
77. Bid: 763 Goods: [205, 219, 589]
78. Bid: 782 Goods: [339, 376, 590]
79. Bid: 783 Goods: [243, 253, 591]
80. Bid: 793 Goods: [469, 482, 592]
81. Bid: 812 Goods: [426, 464, 593]
82. Bid: 820 Goods: [231, 268, 594]
83. Bid: 823 Goods: [81, 95, 595]
84. Bid: 842 Goods: [158, 196, 596]
85. Bid: 843 Goods: [241, 272, 597]
86. Bid: 860 Goods: [315, 325, 598]
87. Bid: 863 Goods: [169, 200, 599]
88. Bid: 873 Goods: [290, 301, 600]
89. Bid: 883 Goods: [31, 68, 601]
90. Bid: 893 Goods: [453, 466, 602]
91. Bid: 907 Goods: [407, 444, 603]
92. Bid: 913 Goods: [72, 115, 604]
93. Bid: 923 Goods: [94, 105, 605]
94. Bid: 933 Goods: [152, 185, 606]
95. Bid: 943 Goods: [355, 392, 607]
96. Bid: 953 Goods: [224, 266, 608]
97. Bid: 963 Goods: [170, 181, 609]
98. Bid: 982 Goods: [247, 284, 610]
99. Bid: 992 Goods: [43, 53, 611]
100. Bid: 993 Goods: [212, 245, 612]
Objective value: 879.3531700000001
Solving time: 0.01568
