------------------------------------------
---------------- Solution ----------------
------------------------------------------
0. Bid: 18 Goods: [472, 516]
1. Bid: 24 Goods: [72, 155, 496, 518]
2. Bid: 37 Goods: [208, 233, 351, 410, 521]
3. Bid: 71 Goods: [4, 285, 359, 528]
4. Bid: 79 Goods: [8, 30, 435, 530]
5. Bid: 91 Goods: [0, 41, 256, 265, 533]
6. Bid: 96 Goods: [91, 142, 490]
7. Bid: 97 Goods: [307, 425, 534]
8. Bid: 108 Goods: [2, 148, 223, 335, 336, 536]
9. Bid: 113 Goods: [57, 111, 210, 280, 477, 537]
10. Bid: 124 Goods: [37, 79, 177, 196, 303, 539]
11. Bid: 126 Goods: [269, 540]
12. Bid: 131 Goods: [16, 498]
13. Bid: 132 Goods: [311]
14. Bid: 138 Goods: [451, 542]
15. Bid: 152 Goods: [96, 339, 546]
16. Bid: 158 Goods: [87, 203, 342, 547]
17. Bid: 164 Goods: [115, 116, 131, 160, 485, 548]
18. Bid: 176 Goods: [193, 226, 227, 251, 383, 551]
19. Bid: 197 Goods: [169, 389]
20. Bid: 200 Goods: [36, 51, 93, 386, 460, 555]
21. Bid: 217 Goods: [48, 221, 266, 304, 487, 558]
22. Bid: 218 Goods: [24, 216, 468, 559]
23. Bid: 226 Goods: [45, 465, 561]
24. Bid: 232 Goods: [58, 358, 427, 562]
25. Bid: 246 Goods: [3, 64, 165, 287, 565]
26. Bid: 292 Goods: [126, 409, 575]
27. Bid: 297 Goods: [249, 436, 473, 576]
28. Bid: 304 Goods: [108, 176, 247, 377, 577]
29. Bid: 321 Goods: [195, 205, 299, 422, 580]
30. Bid: 324 Goods: [229, 356, 581]
31. Bid: 333 Goods: [92, 488, 584]
32. Bid: 338 Goods: [86, 370, 585]
33. Bid: 341 Goods: [270, 586]
34. Bid: 355 Goods: [6, 7, 52, 318, 360, 589]
35. Bid: 359 Goods: [26, 171, 296, 379, 590]
36. Bid: 362 Goods: [123, 124, 411, 421, 591]
37. Bid: 369 Goods: [33, 179, 197, 239, 388, 592]
38. Bid: 377 Goods: [109, 133, 202, 267, 445, 594]
39. Bid: 385 Goods: [76, 77, 83, 154, 402, 438, 596]
40. Bid: 405 Goods: [151, 187, 290, 508, 601]
41. Bid: 411 Goods: [97, 259, 364, 602]
42. Bid: 439 Goods: [21, 277, 608]
43. Bid: 443 Goods: [209, 368, 395, 446, 609]
44. Bid: 463 Goods: [59, 337, 613]
45. Bid: 467 Goods: [392, 499, 614]
46. Bid: 471 Goods: [376, 493, 615]
47. Bid: 475 Goods: [61, 245, 248, 321, 372, 616]
48. Bid: 496 Goods: [28, 73, 114, 222, 238, 486, 620]
49. Bid: 559 Goods: [107, 217, 309, 467, 497, 636]
50. Bid: 571 Goods: [54, 55, 95, 132, 308, 331, 374, 638]
51. Bid: 577 Goods: [82, 101, 489]
52. Bid: 602 Goods: [224, 225, 481, 645]
53. Bid: 612 Goods: [129, 152, 153, 284, 647]
54. Bid: 620 Goods: [190, 255, 281, 649]
55. Bid: 628 Goods: [25, 159, 214, 268, 297, 651]
56. Bid: 648 Goods: [46, 240, 244, 502, 655]
57. Bid: 670 Goods: [74, 315, 447, 659]
58. Bid: 678 Goods: [390]
59. Bid: 679 Goods: [100]
60. Bid: 680 Goods: [414, 661]
61. Bid: 687 Goods: [70, 121, 166, 183, 184, 341, 408, 663]
62. Bid: 689 Goods: [75, 200, 288, 332, 398, 664]
63. Bid: 697 Goods: [56, 275, 507, 665]
64. Bid: 709 Goods: [385, 404, 668]
65. Bid: 719 Goods: [67, 102, 231, 509, 669]
66. Bid: 760 Goods: [456, 680]
67. Bid: 769 Goods: [53, 118, 261, 345, 681]
68. Bid: 774 Goods: [66, 354, 684]
69. Bid: 785 Goods: [12, 13, 276, 349, 432, 686]
70. Bid: 805 Goods: [29, 292, 691]
71. Bid: 818 Goods: [10, 110, 279, 694]
72. Bid: 830 Goods: [35, 201, 355, 697]
73. Bid: 835 Goods: [80, 253, 699]
74. Bid: 850 Goods: [18, 106, 146, 189, 207, 230, 325, 413, 703]
75. Bid: 853 Goods: [120, 450, 704]
76. Bid: 860 Goods: [441, 706]
77. Bid: 866 Goods: [49, 69, 78, 246, 430, 483, 707]
78. Bid: 881 Goods: [43, 44, 117, 353, 423, 710]
79. Bid: 889 Goods: [125, 135, 136, 174, 175, 188, 236, 333, 711]
80. Bid: 890 Goods: [344, 459, 712]
81. Bid: 897 Goods: [283]
82. Bid: 898 Goods: [145, 234, 235, 250, 258, 506, 714]
83. Bid: 909 Goods: [84, 85, 452]
84. Bid: 919 Goods: [20, 27, 90, 211, 504, 718]
85. Bid: 931 Goods: [219, 458, 721]
86. Bid: 940 Goods: [199, 293, 464, 723]
87. Bid: 941 Goods: [38, 215, 220, 501, 724]
88. Bid: 944 Goods: [103, 104, 206, 272, 367]
89. Bid: 960 Goods: [274, 391, 728]
90. Bid: 982 Goods: [350, 289, 186, 185, 732]
91. Bid: 989 Goods: [429, 88, 89, 734]
92. Bid: 995 Goods: [94, 403, 271, 378, 735]
Objective value: 76.40835390000001
Solving time: 0.25128
