------------------------------------------
---------------- Solution ----------------
------------------------------------------
0. Bid: 0 Goods: [57, 79, 109, 243, 306]
1. Bid: 1 Goods: [207, 358, 372, 512]
2. Bid: 20 Goods: [379]
3. Bid: 27 Goods: [48, 148, 160, 386, 518]
4. Bid: 42 Goods: [416, 521]
5. Bid: 52 Goods: [144, 351, 523]
6. Bid: 66 Goods: [1, 124, 380, 496, 526]
7. Bid: 74 Goods: [40, 223, 302, 435, 488, 527]
8. Bid: 80 Goods: [99, 197, 248, 297, 419, 529]
9. Bid: 89 Goods: [6, 116, 117, 201, 202, 261, 275, 530]
10. Bid: 107 Goods: [63, 170, 266, 536]
11. Bid: 139 Goods: [17, 314, 542]
12. Bid: 152 Goods: [182, 232, 394]
13. Bid: 156 Goods: [191, 309, 367, 546]
14. Bid: 161 Goods: [56, 403, 470, 547]
15. Bid: 179 Goods: [24, 70, 123, 273, 448, 550]
16. Bid: 202 Goods: [119, 442, 459, 556]
17. Bid: 223 Goods: [122, 229, 230, 410, 560]
18. Bid: 243 Goods: [31, 75, 289, 354, 564]
19. Bid: 266 Goods: [89, 111, 185, 333, 343, 569]
20. Bid: 288 Goods: [26, 167, 290, 332, 574]
21. Bid: 301 Goods: [16, 110, 219, 274]
22. Bid: 308 Goods: [44, 61, 506, 578]
23. Bid: 313 Goods: [173, 233, 234, 239, 407, 579]
24. Bid: 318 Goods: [25, 151, 247, 326, 580]
25. Bid: 322 Goods: [473, 509, 581]
26. Bid: 329 Goods: [45, 88, 138, 422, 469, 582]
27. Bid: 339 Goods: [86, 178, 179, 264, 584]
28. Bid: 361 Goods: [66, 78, 231, 495, 589]
29. Bid: 368 Goods: [92, 136, 175, 313, 428, 590]
30. Bid: 371 Goods: [54, 250, 340, 352, 591]
31. Bid: 381 Goods: [29, 47, 299, 497, 593]
32. Bid: 396 Goods: [5, 39, 251, 382, 597]
33. Bid: 411 Goods: [208, 478, 600]
34. Bid: 427 Goods: [322, 476, 603]
35. Bid: 434 Goods: [36, 176, 210, 217, 315, 505, 604]
36. Bid: 447 Goods: [42, 51, 254, 272, 409, 607]
37. Bid: 457 Goods: [67, 311, 385, 413, 609]
38. Bid: 468 Goods: [156, 221, 236, 284, 323, 342, 611]
39. Bid: 469 Goods: [195, 377, 612]
40. Bid: 474 Goods: [114, 320, 445, 613]
41. Bid: 487 Goods: [30, 381, 426, 615]
42. Bid: 508 Goods: [19, 59, 418, 489, 620]
43. Bid: 527 Goods: [14, 15, 62, 169, 507, 624]
44. Bid: 539 Goods: [34, 73, 205, 388, 423, 424, 627]
45. Bid: 544 Goods: [84, 318, 486, 628]
46. Bid: 549 Goods: [104, 188, 362, 483, 629]
47. Bid: 554 Goods: [168, 283, 466, 491, 630]
48. Bid: 557 Goods: [12, 90, 414, 427, 631]
49. Bid: 586 Goods: [147, 181, 328, 637]
50. Bid: 597 Goods: [2, 3, 103, 242, 639]
51. Bid: 601 Goods: [458, 481, 640]
52. Bid: 604 Goods: [35, 166, 404, 492, 641]
53. Bid: 609 Goods: [130, 447, 642]
54. Bid: 618 Goods: [200, 429, 508, 644]
55. Bid: 638 Goods: [267, 511, 649]
56. Bid: 651 Goods: [71, 74, 93, 237, 276, 651]
57. Bid: 659 Goods: [72, 348, 654]
58. Bid: 676 Goods: [101, 192, 225, 434, 657]
59. Bid: 684 Goods: [0, 98, 171, 316, 659]
60. Bid: 698 Goods: [28, 102, 193, 194, 366, 662]
61. Bid: 705 Goods: [100, 183, 437, 664]
62. Bid: 709 Goods: [196, 441, 665]
63. Bid: 717 Goods: [91, 190, 271, 292, 667]
64. Bid: 739 Goods: [9, 140, 212, 213, 287, 672]
65. Bid: 746 Goods: [115, 249, 252, 253, 482, 673]
66. Bid: 753 Goods: [10, 38, 260, 675]
67. Bid: 759 Goods: [120, 301]
68. Bid: 761 Goods: [95, 216, 241, 286, 676]
69. Bid: 777 Goods: [150, 198, 203, 285, 401, 679]
70. Bid: 792 Goods: [96, 347, 361, 384, 453, 682]
71. Bid: 798 Goods: [76, 494]
72. Bid: 804 Goods: [69, 135, 161, 211, 224, 484, 685]
73. Bid: 811 Goods: [145, 218, 262, 408, 687]
74. Bid: 821 Goods: [235, 324, 689]
75. Bid: 829 Goods: [77, 153, 154, 158, 257, 472, 690]
76. Bid: 839 Goods: [228, 449, 500, 693]
77. Bid: 844 Goods: [164, 165, 375, 395, 694]
78. Bid: 858 Goods: [325, 697]
79. Bid: 894 Goods: [133, 329, 365, 705]
80. Bid: 896 Goods: [204, 226, 270, 339, 502, 706]
81. Bid: 914 Goods: [305, 711]
82. Bid: 918 Goods: [172, 177, 281, 712]
83. Bid: 927 Goods: [64, 85, 107, 121, 298, 349, 714]
84. Bid: 932 Goods: [501, 715]
85. Bid: 947 Goods: [152, 308, 718]
86. Bid: 953 Goods: [55, 65, 378, 719]
87. Bid: 956 Goods: [46, 293, 720]
88. Bid: 962 Goods: [246, 337, 391, 721]
89. Bid: 968 Goods: [7, 58, 214, 398, 471, 722]
90. Bid: 985 Goods: [392, 474, 186, 726]
91. Bid: 998 Goods: [118, 390, 245, 129, 112, 728]
Objective value: 79.972805
Solving time: 0.10460
