------------------------------------------
---------------- Solution ----------------
------------------------------------------
0. Bid: 4 Goods: [78, 104, 258, 259, 332, 512]
1. Bid: 7 Goods: [10, 189, 405, 513]
2. Bid: 20 Goods: [51, 52, 367, 516]
3. Bid: 37 Goods: [340, 354]
4. Bid: 40 Goods: [173, 240, 246, 253, 452, 520]
5. Bid: 43 Goods: [45, 46, 81, 242, 275, 391, 521]
6. Bid: 70 Goods: [26, 88, 89, 501, 526]
7. Bid: 73 Goods: [47, 215, 441, 527]
8. Bid: 79 Goods: [195, 288, 487, 529]
9. Bid: 82 Goods: [29, 157, 323, 530]
10. Bid: 88 Goods: [142, 266, 400, 532]
11. Bid: 103 Goods: [59, 407, 498]
12. Bid: 104 Goods: [77, 128]
13. Bid: 105 Goods: [177, 373, 505]
14. Bid: 121 Goods: [247, 294, 483, 537]
15. Bid: 127 Goods: [210, 448, 538]
16. Bid: 138 Goods: [83, 453, 467, 541]
17. Bid: 149 Goods: [260, 336, 450]
18. Bid: 168 Goods: [53, 159, 276, 438, 548]
19. Bid: 181 Goods: [85, 116, 187, 290, 403, 550]
20. Bid: 188 Goods: [92, 193, 278, 401, 552]
21. Bid: 195 Goods: [205, 309, 418, 553]
22. Bid: 203 Goods: [58, 71, 458, 555]
23. Bid: 207 Goods: [145, 146, 485, 556]
24. Bid: 215 Goods: [392, 460, 461, 475, 558]
25. Bid: 251 Goods: [54, 63, 190, 224, 341, 455, 565]
26. Bid: 257 Goods: [98, 179, 330, 434, 566]
27. Bid: 258 Goods: [147, 454]
28. Bid: 259 Goods: [17, 237, 365, 420, 567]
29. Bid: 286 Goods: [511]
30. Bid: 287 Goods: [149, 284, 572]
31. Bid: 301 Goods: [244, 265, 399, 574]
32. Bid: 302 Goods: [140, 372, 430, 575]
33. Bid: 316 Goods: [68, 352, 425, 579]
34. Bid: 317 Goods: [199, 449, 580]
35. Bid: 322 Goods: [121, 123, 509, 581]
36. Bid: 324 Goods: [273, 308, 582]
37. Bid: 348 Goods: [124, 125, 468, 587]
38. Bid: 352 Goods: [21, 22, 120, 137, 464, 588]
39. Bid: 363 Goods: [232, 337, 590]
40. Bid: 379 Goods: [122, 132, 385, 495, 593]
41. Bid: 383 Goods: [0, 343]
42. Bid: 386 Goods: [24, 90, 208, 313, 594]
43. Bid: 392 Goods: [231, 364, 596]
44. Bid: 397 Goods: [158, 339, 473, 500, 597]
45. Bid: 401 Goods: [25, 109, 213, 378, 462, 598]
46. Bid: 403 Goods: [32, 80, 257, 428, 440, 599]
47. Bid: 410 Goods: [144, 497, 600]
48. Bid: 430 Goods: [82, 93, 160, 431, 604]
49. Bid: 437 Goods: [23, 404, 424, 605]
50. Bid: 442 Goods: [19, 20, 97, 435, 606]
51. Bid: 444 Goods: [165]
52. Bid: 448 Goods: [50, 126, 432, 607]
53. Bid: 467 Goods: [262, 477, 613]
54. Bid: 472 Goods: [38, 87, 131, 451, 614]
55. Bid: 486 Goods: [191, 245, 469, 616]
56. Bid: 487 Goods: [13, 389, 447, 617]
57. Bid: 491 Goods: [73, 91, 236, 388, 479, 618]
58. Bid: 505 Goods: [42, 148, 172, 255, 421, 481, 620]
59. Bid: 509 Goods: [150, 217, 218, 423, 621]
60. Bid: 518 Goods: [263, 279, 623]
61. Bid: 527 Goods: [6, 41, 110, 111, 192, 297, 374, 624]
62. Bid: 528 Goods: [31, 101, 355, 482, 625]
63. Bid: 535 Goods: [33, 198, 437, 626]
64. Bid: 539 Goods: [252, 305, 488, 627]
65. Bid: 544 Goods: [18, 86, 496, 628]
66. Bid: 547 Goods: [14, 387, 629]
67. Bid: 565 Goods: [230, 442, 634]
68. Bid: 579 Goods: [56, 115, 203, 318, 363, 636]
69. Bid: 587 Goods: [39, 311, 410, 638]
70. Bid: 600 Goods: [103, 174, 182, 366, 641]
71. Bid: 609 Goods: [133, 426, 643]
72. Bid: 624 Goods: [12, 36, 233, 394, 646]
73. Bid: 635 Goods: [2, 76, 214, 295, 506, 647]
74. Bid: 636 Goods: [164, 466, 648]
75. Bid: 650 Goods: [188, 212, 444, 651]
76. Bid: 659 Goods: [69, 443, 653]
77. Bid: 682 Goods: [11, 163, 342, 658]
78. Bid: 685 Goods: [269, 270, 281, 659]
79. Bid: 706 Goods: [79, 186, 282, 664]
80. Bid: 734 Goods: [27, 196, 209, 251, 277, 670]
81. Bid: 737 Goods: [108, 197, 503, 671]
82. Bid: 742 Goods: [8, 9, 280, 287, 672]
83. Bid: 748 Goods: [34, 113, 175, 235, 238, 486, 673]
84. Bid: 749 Goods: [16, 48, 60, 289, 494, 674]
85. Bid: 764 Goods: [274, 291, 357, 677]
86. Bid: 786 Goods: [138, 249, 329, 414, 682]
87. Bid: 791 Goods: [72, 256, 326]
88. Bid: 820 Goods: [102]
89. Bid: 850 Goods: [66, 304, 185, 129, 695]
90. Bid: 852 Goods: [7, 402, 15, 696]
91. Bid: 865 Goods: [250, 490, 322, 254, 155, 699]
92. Bid: 892 Goods: [285, 119, 107, 705]
93. Bid: 897 Goods: [67, 248, 310, 136, 422, 55, 706]
94. Bid: 910 Goods: [439]
95. Bid: 911 Goods: [312, 105, 408, 264, 709]
96. Bid: 949 Goods: [346, 95, 717]
97. Bid: 990 Goods: [1, 457, 409, 152, 726]
98. Bid: 993 Goods: [369, 333, 413, 727]
Objective value: 80.99745809999997
Solving time: 0.27824
