------------------------------------------
---------------- Solution ----------------
------------------------------------------
0. Bid: 1 Goods: [32, 331, 398, 512]
1. Bid: 15 Goods: [89, 220, 326, 515]
2. Bid: 18 Goods: [95, 192, 211, 305, 516]
3. Bid: 24 Goods: [24, 337, 465, 517]
4. Bid: 30 Goods: [62, 147, 190, 222, 418, 519]
5. Bid: 33 Goods: [204, 267, 520]
6. Bid: 37 Goods: [101, 162, 163, 269, 428, 521]
7. Bid: 41 Goods: [17, 212, 388, 522]
8. Bid: 51 Goods: [19, 39, 107, 177, 425, 524]
9. Bid: 67 Goods: [46, 246, 346, 445, 528]
10. Bid: 74 Goods: [144, 201, 437, 529]
11. Bid: 79 Goods: [6, 61, 66, 459, 530]
12. Bid: 81 Goods: [49, 195, 236, 302, 531]
13. Bid: 90 Goods: [1, 104, 312, 395, 533]
14. Bid: 95 Goods: [52, 124, 131, 384, 534]
15. Bid: 106 Goods: [96, 259, 443, 536]
16. Bid: 120 Goods: [110, 360]
17. Bid: 138 Goods: [143, 433, 542]
18. Bid: 153 Goods: [18, 20, 300, 324, 545]
19. Bid: 166 Goods: [150, 151, 240, 453, 548]
20. Bid: 171 Goods: [103, 198, 441, 549]
21. Bid: 176 Goods: [15, 550]
22. Bid: 190 Goods: [123, 231, 554]
23. Bid: 194 Goods: [63, 138, 440, 500, 555]
24. Bid: 220 Goods: [69, 333, 386, 561]
25. Bid: 226 Goods: [281, 562]
26. Bid: 241 Goods: [0, 53, 399, 407, 565]
27. Bid: 257 Goods: [41, 271, 568]
28. Bid: 262 Goods: [476, 569]
29. Bid: 274 Goods: [3, 26, 100, 322, 389, 571]
30. Bid: 276 Goods: [146, 234, 336, 572]
31. Bid: 284 Goods: [261, 280, 306, 481, 573]
32. Bid: 291 Goods: [72, 153, 354, 575]
33. Bid: 305 Goods: [90, 112, 125, 208, 390, 462, 579]
34. Bid: 322 Goods: [484]
35. Bid: 332 Goods: [348, 355, 584]
36. Bid: 353 Goods: [249, 358, 491, 589]
37. Bid: 361 Goods: [48, 106, 426, 450, 590]
38. Bid: 363 Goods: [10, 374, 591]
39. Bid: 385 Goods: [11, 71, 221, 316, 330, 596]
40. Bid: 389 Goods: [296]
41. Bid: 399 Goods: [54, 301, 431, 599]
42. Bid: 405 Goods: [78, 81, 152, 409, 600]
43. Bid: 407 Goods: [8, 362, 369, 601]
44. Bid: 412 Goods: [174, 408, 603]
45. Bid: 417 Goods: [140, 411, 604]
46. Bid: 428 Goods: [35, 36, 415, 606]
47. Bid: 430 Goods: [38, 270, 457, 607]
48. Bid: 453 Goods: [216, 217, 612]
49. Bid: 455 Goods: [127, 136, 164, 255, 258, 295, 370, 613]
50. Bid: 462 Goods: [466, 504]
51. Bid: 472 Goods: [113, 233, 291]
52. Bid: 473 Goods: [169, 170, 179, 210, 334, 430, 617]
53. Bid: 480 Goods: [142, 250, 263, 473, 618]
54. Bid: 483 Goods: [487, 619]
55. Bid: 488 Goods: [42, 43, 161, 184, 243, 482, 620]
56. Bid: 513 Goods: [202, 442]
57. Bid: 522 Goods: [137, 148, 193, 339, 626]
58. Bid: 527 Goods: [82, 199, 347, 627]
59. Bid: 534 Goods: [74, 75, 145, 178, 320, 628]
60. Bid: 559 Goods: [91, 357]
61. Bid: 571 Goods: [156, 285, 293, 635]
62. Bid: 603 Goods: [55, 70, 73, 120, 340, 642]
63. Bid: 615 Goods: [268, 382, 645]
64. Bid: 631 Goods: [45, 197, 206, 273, 648]
65. Bid: 638 Goods: [185, 338, 397, 649]
66. Bid: 643 Goods: [37, 56, 93, 126, 175, 341, 367, 651]
67. Bid: 650 Goods: [23, 205, 318, 485, 652]
68. Bid: 652 Goods: [97, 98, 483]
69. Bid: 659 Goods: [139, 230, 310, 468, 654]
70. Bid: 673 Goods: [58, 226, 467, 657]
71. Bid: 676 Goods: [458]
72. Bid: 688 Goods: [492, 494, 660]
73. Bid: 693 Goods: [87, 238, 343, 661]
74. Bid: 742 Goods: [109, 135, 213, 298, 472, 672]
75. Bid: 763 Goods: [5, 7, 245, 349, 387, 676]
76. Bid: 777 Goods: [203, 252, 435, 679]
77. Bid: 785 Goods: [239, 251, 323, 385, 680]
78. Bid: 787 Goods: [108, 383, 681]
79. Bid: 808 Goods: [33, 83, 168, 432, 685]
80. Bid: 818 Goods: [21, 121, 122, 290, 687]
81. Bid: 828 Goods: [189, 191, 470, 688]
82. Bid: 829 Goods: [133, 689]
83. Bid: 833 Goods: [160]
84. Bid: 834 Goods: [85, 86, 237, 352, 690]
85. Bid: 839 Goods: [235, 378, 691]
86. Bid: 849 Goods: [80, 394, 693]
87. Bid: 861 Goods: [88, 167, 181, 406, 507, 695]
88. Bid: 865 Goods: [67, 328]
89. Bid: 869 Goods: [14, 76, 256, 276, 697]
90. Bid: 901 Goods: [114, 405, 497, 506, 704]
91. Bid: 925 Goods: [50, 141, 172, 272, 488, 709]
92. Bid: 931 Goods: [65, 94, 149, 463, 710]
93. Bid: 936 Goods: [242, 436, 711]
94. Bid: 944 Goods: [183, 215, 496, 713]
95. Bid: 958 Goods: [4, 102, 391, 716]
96. Bid: 968 Goods: [16, 129, 266, 314, 511, 718]
97. Bid: 979 Goods: [448, 510, 720]
98. Bid: 983 Goods: [79, 342, 721]
99. Bid: 993 Goods: [44, 327, 423, 723]
100. Bid: 997 Goods: [28, 30, 31, 460, 724]
101. Bid: 1000 Goods: [413, 60, 725]
Objective value: 78.59435929999998
Solving time: 0.31932
