------------------------------------------
---------------- Solution ----------------
------------------------------------------
0. Bid: 3 Goods: [185, 202, 274, 398, 503, 512]
1. Bid: 23 Goods: [100, 101, 416, 422, 517]
2. Bid: 40 Goods: [45, 59, 247, 307, 423, 521]
3. Bid: 46 Goods: [371, 396, 522]
4. Bid: 51 Goods: [450]
5. Bid: 52 Goods: [242, 270, 352, 494, 523]
6. Bid: 57 Goods: [4, 25, 327, 524]
7. Bid: 59 Goods: [7, 343]
8. Bid: 71 Goods: [49, 88, 509, 527]
9. Bid: 80 Goods: [128, 149, 455, 529]
10. Bid: 97 Goods: [61, 121, 133, 279, 532]
11. Bid: 101 Goods: [3, 51, 312, 322, 533]
12. Bid: 110 Goods: [214, 240, 303, 368, 535]
13. Bid: 126 Goods: [485]
14. Bid: 127 Goods: [196, 204, 294, 465, 539]
15. Bid: 132 Goods: [281, 511, 540]
16. Bid: 142 Goods: [37, 349, 542]
17. Bid: 166 Goods: [11, 138, 347, 377, 421, 546]
18. Bid: 196 Goods: [26, 479, 554]
19. Bid: 223 Goods: [237, 415]
20. Bid: 224 Goods: [244, 373, 410, 560]
21. Bid: 235 Goods: [21, 131, 146, 224, 266, 323, 495, 562]
22. Bid: 239 Goods: [80, 273, 563]
23. Bid: 247 Goods: [113, 125, 333, 443, 564]
24. Bid: 249 Goods: [108, 211, 215, 355, 565]
25. Bid: 257 Goods: [119, 184, 220, 332, 566]
26. Bid: 266 Goods: [28, 83, 392, 393, 461, 568]
27. Bid: 295 Goods: [118, 201, 460, 575]
28. Bid: 302 Goods: [40, 189, 218, 353, 577]
29. Bid: 305 Goods: [31, 254, 446, 578]
30. Bid: 325 Goods: [159, 191, 453, 583]
31. Bid: 357 Goods: [81, 105, 132, 299, 414, 457, 590]
32. Bid: 364 Goods: [64, 85, 315, 382, 592]
33. Bid: 387 Goods: [54, 158, 161, 300, 597]
34. Bid: 394 Goods: [68, 156, 345, 599]
35. Bid: 403 Goods: [14, 18, 430]
36. Bid: 408 Goods: [120, 375, 496]
37. Bid: 423 Goods: [22, 341, 510, 604]
38. Bid: 425 Goods: [147, 168, 420, 459, 605]
39. Bid: 431 Goods: [188, 397, 486, 606]
40. Bid: 438 Goods: [73, 195, 198, 378, 487, 607]
41. Bid: 444 Goods: [259, 489]
42. Bid: 445 Goods: [186, 334, 444]
43. Bid: 463 Goods: [5, 170, 342, 612]
44. Bid: 476 Goods: [30, 308, 456, 615]
45. Bid: 493 Goods: [117, 187, 239, 287, 428, 619]
46. Bid: 509 Goods: [144, 246, 357, 623]
47. Bid: 511 Goods: [335, 624]
48. Bid: 523 Goods: [70, 71, 157, 365, 626]
49. Bid: 529 Goods: [115, 116, 306, 336, 627]
50. Bid: 531 Goods: [43, 169, 298, 628]
51. Bid: 550 Goods: [142, 155, 238, 314, 384, 412, 632]
52. Bid: 556 Goods: [97, 213, 252, 417, 633]
53. Bid: 562 Goods: [235, 463, 634]
54. Bid: 577 Goods: [39, 265, 363, 438, 637]
55. Bid: 587 Goods: [178, 264, 431, 639]
56. Bid: 592 Goods: [63, 110, 385, 402, 454, 640]
57. Bid: 610 Goods: [16, 257, 311, 484, 643]
58. Bid: 614 Goods: [67, 69, 249, 364, 644]
59. Bid: 618 Goods: [136, 139, 228, 297, 645]
60. Bid: 651 Goods: [127, 200, 245, 346, 490, 653]
61. Bid: 659 Goods: [114, 280, 440, 655]
62. Bid: 667 Goods: [10, 268, 288, 657]
63. Bid: 669 Goods: [47, 148, 162, 418, 491, 658]
64. Bid: 670 Goods: [232, 248, 340, 659]
65. Bid: 699 Goods: [32, 166, 167, 175, 433]
66. Bid: 705 Goods: [94, 408, 666]
67. Bid: 712 Goods: [87, 193, 329, 399, 667]
68. Bid: 719 Goods: [126, 165, 473, 669]
69. Bid: 729 Goods: [260, 282]
70. Bid: 742 Goods: [17, 407]
71. Bid: 746 Goods: [15, 66, 91, 92, 225, 227, 500, 675]
72. Bid: 752 Goods: [46, 56, 374, 388, 677]
73. Bid: 767 Goods: [172, 339, 387, 680]
74. Bid: 776 Goods: [477]
75. Bid: 784 Goods: [103]
76. Bid: 790 Goods: [107, 208, 426]
77. Bid: 797 Goods: [236, 284, 442]
78. Bid: 799 Goods: [13, 57, 58, 89, 106, 145, 425, 436, 685]
79. Bid: 806 Goods: [129, 429]
80. Bid: 810 Goods: [109, 285, 688]
81. Bid: 818 Goods: [95, 154, 205, 278, 400, 690]
82. Bid: 823 Goods: [35, 48, 135, 451, 691]
83. Bid: 832 Goods: [1, 62, 263, 317, 693]
84. Bid: 859 Goods: [99, 164, 192, 253, 366, 698]
85. Bid: 861 Goods: [78, 216, 251, 283, 376, 404, 699]
86. Bid: 875 Goods: [34, 44, 295, 381, 702]
87. Bid: 876 Goods: [74, 82, 434, 448, 703]
88. Bid: 901 Goods: [23, 29, 137, 180, 217, 331, 360, 708]
89. Bid: 906 Goods: [33, 358, 482, 709]
90. Bid: 915 Goods: [90, 134, 212, 271, 277, 389, 481, 710]
91. Bid: 946 Goods: [38, 719]
92. Bid: 952 Goods: [351, 203, 405, 720]
93. Bid: 956 Goods: [9, 286, 84, 234, 721]
94. Bid: 961 Goods: [197, 370, 93, 350, 722]
95. Bid: 992 Goods: [53, 441, 124, 262, 258, 729]
Objective value: 76.2625221
Solving time: 0.38512
