------------------------------------------
---------------- Solution ----------------
------------------------------------------
0. Bid: 1 Goods: [93, 94, 170, 447, 512]
1. Bid: 4 Goods: [75, 141, 249, 351, 513]
2. Bid: 8 Goods: [132, 291, 514]
3. Bid: 20 Goods: [462, 468, 517]
4. Bid: 36 Goods: [20, 266, 381, 521]
5. Bid: 41 Goods: [262, 284, 368, 522]
6. Bid: 56 Goods: [50, 211, 361, 365, 525]
7. Bid: 63 Goods: [82, 474]
8. Bid: 65 Goods: [109, 110, 187, 290, 527]
9. Bid: 69 Goods: [64, 198, 485, 528]
10. Bid: 94 Goods: [78, 181, 286, 302, 533]
11. Bid: 119 Goods: [49, 161, 294, 449, 483, 538]
12. Bid: 123 Goods: [120, 140, 470, 539]
13. Bid: 130 Goods: [57, 58, 91, 125, 134, 135, 183, 326, 541]
14. Bid: 133 Goods: [24, 157, 265, 542]
15. Bid: 152 Goods: [73, 285, 434, 545]
16. Bid: 154 Goods: [421]
17. Bid: 162 Goods: [6, 409, 504, 548]
18. Bid: 185 Goods: [1, 142, 174, 437, 455, 552]
19. Bid: 193 Goods: [51, 200, 269, 554]
20. Bid: 208 Goods: [41, 80, 377, 454, 557]
21. Bid: 216 Goods: [16, 44, 111, 160, 299, 394, 506, 558]
22. Bid: 220 Goods: [136, 420, 460, 559]
23. Bid: 227 Goods: [119, 250, 415, 511, 560]
24. Bid: 230 Goods: [68, 349, 561]
25. Bid: 237 Goods: [31, 441, 562]
26. Bid: 240 Goods: [373, 496, 563]
27. Bid: 246 Goods: [492, 564]
28. Bid: 255 Goods: [47, 240, 357, 458, 566]
29. Bid: 259 Goods: [175, 367, 567]
30. Bid: 268 Goods: [65, 85, 86, 127, 216, 254, 304, 424, 568]
31. Bid: 296 Goods: [319, 575]
32. Bid: 303 Goods: [25, 26, 33, 399, 448, 576]
33. Bid: 311 Goods: [348]
34. Bid: 314 Goods: [37, 38, 383, 495, 578]
35. Bid: 329 Goods: [151, 217, 479, 582]
36. Bid: 330 Goods: [104, 178, 332, 355, 583]
37. Bid: 335 Goods: [21, 288, 289]
38. Bid: 347 Goods: [122, 153, 375, 587]
39. Bid: 359 Goods: [138, 210, 253, 499, 508, 591]
40. Bid: 365 Goods: [165, 398, 429, 592]
41. Bid: 374 Goods: [129, 144, 385, 408]
42. Bid: 381 Goods: [52, 224, 482, 595]
43. Bid: 391 Goods: [168, 188, 275, 329, 597]
44. Bid: 403 Goods: [118, 414]
45. Bid: 417 Goods: [186, 194, 260, 410]
46. Bid: 418 Goods: [11, 245, 301, 339, 604]
47. Bid: 423 Goods: [5, 130, 257, 507, 605]
48. Bid: 430 Goods: [113, 343, 404, 606]
49. Bid: 446 Goods: [154, 456, 610]
50. Bid: 471 Goods: [66, 67, 126, 388, 616]
51. Bid: 476 Goods: [387]
52. Bid: 540 Goods: [8, 107, 247, 323, 411, 631]
53. Bid: 549 Goods: [259, 476, 480, 634]
54. Bid: 561 Goods: [53, 131, 179, 223, 405, 636]
55. Bid: 581 Goods: [2, 101, 158, 435, 640]
56. Bid: 583 Goods: [215, 234, 341, 641]
57. Bid: 587 Goods: [0, 137, 427, 642]
58. Bid: 593 Goods: [90, 238, 296, 446, 643]
59. Bid: 613 Goods: [133, 180, 241, 510, 647]
60. Bid: 636 Goods: [102, 103, 484, 652]
61. Bid: 644 Goods: [43, 360, 426, 653]
62. Bid: 680 Goods: [28, 148, 196, 356, 364, 661]
63. Bid: 688 Goods: [100, 497, 663]
64. Bid: 694 Goods: [173, 337, 664]
65. Bid: 699 Goods: [220, 221, 231, 295, 457, 665]
66. Bid: 726 Goods: [193, 195, 243, 395, 672]
67. Bid: 731 Goods: [232, 473, 673]
68. Bid: 756 Goods: [112, 167, 333, 679]
69. Bid: 766 Goods: [18, 208, 270, 682]
70. Bid: 780 Goods: [7, 74, 163, 416, 685]
71. Bid: 787 Goods: [70, 283, 687]
72. Bid: 794 Goods: [61, 62, 189, 297, 436, 688]
73. Bid: 803 Goods: [155, 204, 346, 690]
74. Bid: 816 Goods: [63, 214, 505]
75. Bid: 819 Goods: [207, 228, 362, 695]
76. Bid: 827 Goods: [48, 98, 393, 697]
77. Bid: 840 Goods: [233, 322, 481, 700]
78. Bid: 847 Goods: [10, 318, 701]
79. Bid: 855 Goods: [12, 13, 149, 431, 702]
80. Bid: 861 Goods: [96, 97, 143, 202, 242, 465, 703]
81. Bid: 867 Goods: [22, 190, 311, 440, 704]
82. Bid: 870 Goods: [35, 46, 281, 705]
83. Bid: 877 Goods: [99, 176, 263, 264, 268, 706]
84. Bid: 880 Goods: [55, 56, 124, 255, 477]
85. Bid: 892 Goods: [171, 212, 227, 251, 354, 467, 709]
86. Bid: 894 Goods: [3, 72, 150, 316, 378, 710]
87. Bid: 900 Goods: [77, 92, 166, 244, 282, 711]
88. Bid: 906 Goods: [236, 450, 491, 712]
89. Bid: 909 Goods: [89, 305, 325, 713]
90. Bid: 926 Goods: [23, 60, 177, 199, 312, 379, 716]
91. Bid: 929 Goods: [17, 230, 274, 717]
92. Bid: 933 Goods: [19, 258, 276, 718]
93. Bid: 970 Goods: [45, 371, 87, 728]
94. Bid: 977 Goods: [145, 219, 419, 147, 146, 729]
95. Bid: 985 Goods: [29, 310, 443, 731]
96. Bid: 995 Goods: [340, 229]
Objective value: 78.50218000000001
Solving time: 0.16139
