------------------------------------------
---------------- Solution ----------------
------------------------------------------
0. Bid: 12 Goods: [35]
1. Bid: 26 Goods: [18, 19, 20, 21, 42, 43, 516]
2. Bid: 72 Goods: [110, 133, 154, 155, 176, 177, 198, 199, 200, 222, 223, 524]
3. Bid: 78 Goods: [381, 403, 404, 525]
4. Bid: 118 Goods: [48]
5. Bid: 125 Goods: [496]
6. Bid: 128 Goods: [62, 84, 106, 107, 534]
7. Bid: 172 Goods: [8, 9, 31, 32, 52, 53, 54, 74, 75, 543]
8. Bid: 178 Goods: [28, 49, 50, 51, 70, 71, 72, 73, 93, 94, 95, 96, 115, 116, 118, 140, 545]
9. Bid: 197 Goods: [286]
10. Bid: 200 Goods: [125, 127, 146, 147, 148, 149, 168, 169, 170, 549]
11. Bid: 224 Goods: [61, 82, 83, 105, 553]
12. Bid: 236 Goods: [354, 376, 396, 397, 398, 400, 401, 402, 420, 421, 422, 423, 424, 425, 442, 443, 444, 445, 446, 465, 466, 467, 468, 555]
13. Bid: 260 Goods: [232, 254, 255, 275, 276, 277, 278, 299, 559]
14. Bid: 285 Goods: [244, 265, 266, 287, 288, 308, 309, 310, 330, 564]
15. Bid: 330 Goods: [141, 163, 572]
16. Bid: 331 Goods: [507]
17. Bid: 337 Goods: [384]
18. Bid: 395 Goods: [307, 329, 351, 372, 373, 583]
19. Bid: 408 Goods: [56, 57, 76, 77, 78, 79, 97, 98, 99, 100, 101, 102, 103, 121, 122, 585]
20. Bid: 432 Goods: [297, 317, 318, 319, 341, 342, 363, 590]
21. Bid: 438 Goods: [405, 406, 427, 428, 591]
22. Bid: 448 Goods: [502]
23. Bid: 453 Goods: [144, 166, 167, 188, 189, 211, 593]
24. Bid: 487 Goods: [191, 230, 231, 253, 331, 599]
25. Bid: 490 Goods: [248, 249, 251, 252, 270, 271, 272, 273, 292, 293, 600]
26. Bid: 502 Goods: [490, 500]
27. Bid: 506 Goods: [135, 136, 137, 156, 157, 158, 179, 603]
28. Bid: 513 Goods: [10, 11, 12, 13, 14, 15, 16, 36, 38, 59, 385, 386, 407, 408, 429, 451, 452, 474, 604]
29. Bid: 550 Goods: [389, 390, 410, 411, 412, 432, 433, 434, 611]
30. Bid: 577 Goods: [509]
31. Bid: 579 Goods: [294, 314, 315, 316, 337, 338, 359, 360, 616]
32. Bid: 584 Goods: [418, 440, 462, 463, 617]
33. Bid: 594 Goods: [138, 139, 159, 160, 182, 183, 184, 204, 205, 225, 226, 227, 228, 619]
34. Bid: 600 Goods: [289, 290, 291, 311, 312, 313, 333, 334, 335, 336, 355, 356, 357, 358, 378, 380, 620]
35. Bid: 612 Goods: [128, 129, 130, 131, 150, 151, 152, 622]
36. Bid: 645 Goods: [86, 108, 628]
37. Bid: 656 Goods: [245, 246, 247, 268, 269, 630]
38. Bid: 661 Goods: [279, 280, 301, 302, 323, 324, 325, 326, 346, 349, 368, 369, 631]
39. Bid: 671 Goods: [426, 447, 448, 449, 450, 469, 470, 471, 472, 473, 632]
40. Bid: 672 Goods: [181]
41. Bid: 674 Goods: [258]
42. Bid: 675 Goods: [37]
43. Bid: 686 Goods: [40, 41, 63, 64, 65, 85, 87, 109, 201, 634]
44. Bid: 734 Goods: [142, 143, 165, 187, 192, 212, 213, 214, 215, 216, 233, 234, 235, 236, 237, 495, 643]
45. Bid: 754 Goods: [153, 173, 174, 175, 195, 196, 197, 218, 219, 238, 239, 241, 259, 260, 261, 262, 263, 281, 282, 283, 284, 285, 304, 305, 306, 327, 328, 350, 371, 646]
46. Bid: 762 Goods: [508]
47. Bid: 767 Goods: [417, 436, 437, 438, 439, 458, 459, 460, 461, 482, 483, 648]
48. Bid: 781 Goods: [391, 392, 393, 394, 414, 651]
49. Bid: 798 Goods: [193, 194, 654]
50. Bid: 806 Goods: [2, 3, 24, 25, 656]
51. Bid: 822 Goods: [339, 361, 659]
52. Bid: 833 Goods: [0, 22, 23, 44, 45, 46, 661]
53. Bid: 847 Goods: [504]
54. Bid: 931 Goods: [66, 67, 88, 89, 679]
55. Bid: 935 Goods: [454, 475, 476, 680]
56. Bid: 968 Goods: [207, 208, 209, 229, 686]
57. Bid: 973 Goods: [300, 320, 321, 322, 344, 345, 365, 366, 367, 387, 388, 409, 431, 687]
58. Bid: 990 Goods: [68, 69, 90, 91, 112, 113, 114, 481, 690]
Objective value: 27082.390000000003
Solving time: 367.64235
