------------------------------------------
---------------- Solution ----------------
------------------------------------------
0. Bid: 22 Goods: [120, 121, 122, 141, 142, 516]
1. Bid: 25 Goods: [462, 463, 464, 517]
2. Bid: 33 Goods: [239, 240, 241, 256, 262, 263, 283, 284, 403, 425, 426, 427, 518]
3. Bid: 50 Goods: [147, 148, 451, 452, 453, 473, 474, 475, 521]
4. Bid: 71 Goods: [486]
5. Bid: 90 Goods: [308, 330]
6. Bid: 104 Goods: [14, 35, 36, 58, 80, 530]
7. Bid: 122 Goods: [190, 211, 212, 534]
8. Bid: 127 Goods: [169, 191, 192, 213, 214, 236, 535]
9. Bid: 133 Goods: [150, 151, 172, 173, 174, 175, 194, 195, 196, 197, 215, 216, 219, 237, 238, 259, 536]
10. Bid: 141 Goods: [116, 372, 394, 395, 415, 417, 436, 438, 439, 458, 459, 460, 461, 481, 483, 537]
11. Bid: 150 Goods: [57, 76, 77, 78, 79, 101, 102, 103, 123, 124, 125, 144, 145, 357, 379, 539]
12. Bid: 198 Goods: [342]
13. Bid: 199 Goods: [509]
14. Bid: 212 Goods: [500]
15. Bid: 215 Goods: [13, 210, 550]
16. Bid: 221 Goods: [444, 446, 466, 467, 468, 469, 551]
17. Bid: 227 Goods: [428, 448, 449, 450, 470, 471, 552]
18. Bid: 246 Goods: [383, 384, 406, 556]
19. Bid: 255 Goods: [269, 270, 291, 292, 558]
20. Bid: 284 Goods: [149, 170, 171, 564]
21. Bid: 288 Goods: [243, 264, 265, 266, 565]
22. Bid: 294 Goods: [15, 16, 17, 18, 19, 20, 21, 37, 39, 40, 41, 42, 59, 60, 61, 62, 63, 64, 82, 83, 84, 86, 87, 104, 105, 106, 108, 127, 566]
23. Bid: 307 Goods: [107, 366, 568]
24. Bid: 317 Goods: [380, 381, 570]
25. Bid: 322 Goods: [6, 7, 8, 9, 28, 29, 30, 205, 206, 226, 227, 228, 229, 247, 250, 251, 274, 571]
26. Bid: 332 Goods: [275, 276, 277, 278, 279, 297, 298, 299, 300, 301, 323, 573]
27. Bid: 366 Goods: [282, 285, 304, 305, 306, 307, 327, 328, 349, 350, 488, 579]
28. Bid: 378 Goods: [432, 433, 454, 455, 456, 457, 476, 477, 479, 581]
29. Bid: 409 Goods: [490]
30. Bid: 432 Goods: [411, 434, 435, 591]
31. Bid: 437 Goods: [209, 230, 231, 232, 253, 592]
32. Bid: 440 Goods: [336, 337, 359, 360, 593]
33. Bid: 460 Goods: [165, 166, 167, 597]
34. Bid: 476 Goods: [369, 370, 371, 392, 393, 482, 600]
35. Bid: 481 Goods: [447]
36. Bid: 492 Goods: [505]
37. Bid: 538 Goods: [96, 97, 98, 118, 119, 611]
38. Bid: 553 Goods: [135, 136, 157, 178, 179, 201, 613]
39. Bid: 560 Goods: [234, 235, 257, 341, 615]
40. Bid: 577 Goods: [402, 404, 405, 424, 618]
41. Bid: 632 Goods: [67, 68, 88, 89, 90, 110, 111, 113, 132, 133, 134, 154, 155, 156, 176, 177, 185, 208, 628]
42. Bid: 640 Goods: [496]
43. Bid: 643 Goods: [272, 293, 294, 295, 296, 314, 315, 316, 317, 318, 319, 338, 340, 361, 362, 630]
44. Bid: 651 Goods: [70, 92, 93, 94, 95, 115, 137, 158, 631]
45. Bid: 665 Goods: [331, 332, 333, 334, 353, 355, 356, 374, 375, 376, 377, 396, 397, 398, 399, 418, 420, 440, 441, 633]
46. Bid: 666 Goods: [249, 271, 634]
47. Bid: 681 Goods: [199, 221, 222, 244, 638]
48. Bid: 686 Goods: [363, 364, 365, 385, 386, 387, 388, 407, 409, 410, 429, 431, 639]
49. Bid: 690 Goods: [10, 31, 32, 33, 52, 53, 54, 640]
50. Bid: 727 Goods: [224, 246, 267, 268, 288, 289, 290, 647]
51. Bid: 819 Goods: [117, 139, 140, 161, 162, 183, 184, 207, 663]
52. Bid: 821 Goods: [287, 309, 310, 311, 312, 510, 664]
53. Bid: 828 Goods: [159, 180, 181, 182, 202, 203, 204, 254, 255, 303, 325, 326, 343, 344, 345, 346, 347, 367, 368, 389, 390, 412, 665]
54. Bid: 858 Goods: [258, 280, 302, 670]
55. Bid: 880 Goods: [50, 72, 674]
56. Bid: 888 Goods: [3, 5, 25, 26, 27, 676]
57. Bid: 904 Goods: [0, 1]
58. Bid: 918 Goods: [442, 443, 465, 681]
59. Bid: 925 Goods: [129, 130, 131, 152, 153, 682]
60. Bid: 937 Goods: [22, 23, 24, 44, 45, 46, 47, 48, 684]
61. Bid: 969 Goods: [378, 400, 401, 422, 423, 445, 690]
Objective value: 29196.487500000003
Solving time: 233.46634
