Instance: arbitrary-128-1000-110000
----------------------------
Query: 9
Query element:16
Query element:87
Query scope: 16
Query scope: 55
Query scope: 57
Query scope: 58
Query scope: 59
Query scope: 60
Query scope: 61
Query scope: 64
Query scope: 67
Query scope: 76
Query scope: 79
Query scope: 81
Query scope: 87
Query scope: 89
Query scope: 91
Query scope: 102
Query scope: 103
Query scope: 155
Query scope: 158
Query scope: 159
Query scope: 167
Query scope: 168
Query scope: 170
Query scope: 205
Query scope: 237
Query scope: 247
Query scope: 257
Query scope: 260
Query scope: 281
Query scope: 285
Query scope: 298
Query scope: 309
Query scope: 314
Query scope: 316
Query scope: 317
Query scope: 328
Query scope: 331
Query scope: 346
Query scope: 348
Query scope: 349
Query scope: 351
Query scope: 382
Query scope: 400
Query scope: 420
Query scope: 422
Query scope: 423
Query scope: 439
Query scope: 462
Query scope: 478
Query scope: 479
Query scope: 480
Query scope: 506
Query scope: 510
Query scope: 511
Query scope: 513
Query scope: 518
Query scope: 535
Query scope: 547
Query scope: 550
Query scope: 553
Query scope: 564
Query scope: 577
Query scope: 578
Query scope: 585
Query scope: 587
Query scope: 588
Query scope: 598
Query scope: 609
Query scope: 610
Query scope: 637
Query scope: 642
Query scope: 667
Query scope: 680
Query scope: 687
Query scope: 693
Query scope: 718
Query scope: 728
Query scope: 729
Query scope: 732
Query scope: 755
Query scope: 757
Query scope: 769
Query scope: 779
Query scope: 796
Query scope: 803
Query scope: 812
Query scope: 813
Query scope: 836
Query scope: 842
Query scope: 846
Query scope: 848
Query scope: 850
Query scope: 871
Query scope: 909
Query scope: 911
Query scope: 913
Query scope: 927
Query scope: 928
Query scope: 947
Query scope: 954
Query scope: 956
Query scope: 967
Query scope: 968
Query scope: 978
Query scope: 996
Query scope: 997
Query scope: 11
Query scope: 12
Query scope: 17
Query scope: 21
Query scope: 22
Query scope: 23
Query scope: 42
Query scope: 50
Query scope: 56
Query scope: 90
Query scope: 106
Query scope: 138
Query scope: 157
Query scope: 162
Query scope: 163
Query scope: 166
Query scope: 182
Query scope: 184
Query scope: 185
Query scope: 202
Query scope: 203
Query scope: 204
Query scope: 215
Query scope: 245
Query scope: 246
Query scope: 249
Query scope: 256
Query scope: 258
Query scope: 261
Query scope: 271
Query scope: 284
Query scope: 297
Query scope: 299
Query scope: 315
Query scope: 340
Query scope: 357
Query scope: 373
Query scope: 391
Query scope: 403
Query scope: 411
Query scope: 418
Query scope: 419
Query scope: 421
Query scope: 428
Query scope: 464
Query scope: 465
Query scope: 491
Query scope: 495
Query scope: 500
Query scope: 502
Query scope: 508
Query scope: 541
Query scope: 542
Query scope: 546
Query scope: 552
Query scope: 567
Query scope: 568
Query scope: 592
Query scope: 600
Query scope: 608
Query scope: 652
Query scope: 656
Query scope: 670
Query scope: 672
Query scope: 675
Query scope: 684
Query scope: 686
Query scope: 690
Query scope: 691
Query scope: 692
Query scope: 699
Query scope: 702
Query scope: 720
Query scope: 723
Query scope: 733
Query scope: 742
Query scope: 766
Query scope: 772
Query scope: 778
Query scope: 782
Query scope: 787
Query scope: 799
Query scope: 827
Query scope: 843
Query scope: 845
Query scope: 891
Query scope: 893
Query scope: 934
Query scope: 942
Query scope: 958
Query scope: 998
Query scope: 999
