Instance: matching-128-1000-140000
----------------------------
Query: 9
Query element:81
Query element:108
Query scope: 101
Query scope: 104
Query scope: 139
Query scope: 755
Query scope: 93
Query scope: 96
Query scope: 98
Query scope: 99
Query scope: 277
Query scope: 280
Query scope: 329
Query scope: 332
Query scope: 334
Query scope: 335
Query scope: 538
Query scope: 541
Query scope: 543
Query scope: 705
Query scope: 768
Query scope: 771
Query scope: 773
Query scope: 774
Query scope: 870
Query scope: 873
Query scope: 875
