Instance: paths-128-1000-940000
----------------------------
Query: 9
Query element:90
Query element:21
Query scope: 77
Query scope: 134
Query scope: 198
Query scope: 309
Query scope: 313
Query scope: 509
Query scope: 510
Query scope: 603
Query scope: 664
Query scope: 685
Query scope: 687
Query scope: 792
Query scope: 793
Query scope: 867
Query scope: 970
Query scope: 15
Query scope: 30
Query scope: 38
Query scope: 39
Query scope: 40
Query scope: 41
Query scope: 50
Query scope: 62
Query scope: 81
Query scope: 87
Query scope: 116
Query scope: 131
Query scope: 132
Query scope: 150
Query scope: 170
Query scope: 196
Query scope: 208
Query scope: 217
Query scope: 227
Query scope: 270
Query scope: 275
Query scope: 310
Query scope: 355
Query scope: 394
Query scope: 430
Query scope: 433
Query scope: 435
Query scope: 450
Query scope: 454
Query scope: 456
Query scope: 503
Query scope: 505
Query scope: 547
Query scope: 569
Query scope: 571
Query scope: 577
Query scope: 580
Query scope: 602
Query scope: 631
Query scope: 633
Query scope: 643
Query scope: 651
Query scope: 670
Query scope: 701
Query scope: 759
Query scope: 770
Query scope: 810
Query scope: 833
Query scope: 864
Query scope: 865
Query scope: 875
Query scope: 885
Query scope: 887
Query scope: 900
Query scope: 908
Query scope: 949
Query scope: 986
Query scope: 999
Query scope: 1001
