Instance: regions-128-1000-500000
----------------------------
Query: 7
Query element:45
Query scope: 1
Query scope: 19
Query scope: 27
Query scope: 40
Query scope: 41
Query scope: 64
Query scope: 117
Query scope: 118
Query scope: 119
Query scope: 120
Query scope: 122
Query scope: 124
Query scope: 125
Query scope: 126
Query scope: 134
Query scope: 147
Query scope: 151
Query scope: 175
Query scope: 182
Query scope: 184
Query scope: 187
Query scope: 213
Query scope: 215
Query scope: 255
Query scope: 258
Query scope: 260
Query scope: 261
Query scope: 277
Query scope: 278
Query scope: 279
Query scope: 291
Query scope: 313
Query scope: 315
Query scope: 316
Query scope: 317
Query scope: 318
Query scope: 319
Query scope: 332
Query scope: 334
Query scope: 335
Query scope: 340
Query scope: 343
Query scope: 357
Query scope: 362
Query scope: 371
Query scope: 373
Query scope: 390
Query scope: 393
Query scope: 398
Query scope: 426
Query scope: 428
Query scope: 433
Query scope: 434
Query scope: 436
Query scope: 479
Query scope: 480
Query scope: 481
Query scope: 483
Query scope: 484
Query scope: 514
Query scope: 516
Query scope: 517
Query scope: 518
Query scope: 519
Query scope: 543
Query scope: 546
Query scope: 550
Query scope: 573
Query scope: 585
Query scope: 592
Query scope: 594
Query scope: 595
Query scope: 596
Query scope: 597
Query scope: 604
Query scope: 631
Query scope: 634
Query scope: 635
Query scope: 704
Query scope: 725
Query scope: 729
Query scope: 733
Query scope: 734
Query scope: 735
Query scope: 736
Query scope: 737
Query scope: 750
Query scope: 751
Query scope: 753
Query scope: 754
Query scope: 755
Query scope: 765
Query scope: 767
Query scope: 772
Query scope: 777
Query scope: 783
Query scope: 784
Query scope: 785
Query scope: 787
Query scope: 788
Query scope: 794
Query scope: 796
Query scope: 797
Query scope: 798
Query scope: 829
Query scope: 832
Query scope: 897
Query scope: 901
Query scope: 929
Query scope: 944
Query scope: 945
Query scope: 960
Query scope: 970
Query scope: 973
Query scope: 977
Query scope: 978
Query scope: 980
Query scope: 981
Query scope: 983
Query scope: 1001
