Instance: scheduling-128-1000-660000
----------------------------
Query: 9
Query element:111
Query element:104
Query scope: 203
Query scope: 204
Query scope: 205
Query scope: 386
Query scope: 567
Query scope: 568
Query scope: 569
Query scope: 570
Query scope: 571
Query scope: 572
Query scope: 573
Query scope: 574
Query scope: 693
Query scope: 694
Query scope: 695
Query scope: 813
Query scope: 814
Query scope: 815
Query scope: 816
Query scope: 817
Query scope: 818
Query scope: 819
Query scope: 820
Query scope: 821
Query scope: 938
Query scope: 939
Query scope: 940
Query scope: 941
Query scope: 95
Query scope: 96
Query scope: 196
Query scope: 197
Query scope: 198
Query scope: 199
Query scope: 200
Query scope: 201
Query scope: 379
Query scope: 560
Query scope: 561
Query scope: 562
Query scope: 563
Query scope: 564
Query scope: 565
Query scope: 566
Query scope: 686
Query scope: 687
Query scope: 688
Query scope: 806
Query scope: 807
Query scope: 808
Query scope: 809
Query scope: 810
Query scope: 811
Query scope: 812
Query scope: 931
Query scope: 932
Query scope: 933
Query scope: 934
