Instance: scheduling-128-1000-490000
----------------------------
Query: 9
Query element:24
Query element:109
Query scope: 20
Query scope: 21
Query scope: 22
Query scope: 23
Query scope: 24
Query scope: 61
Query scope: 62
Query scope: 153
Query scope: 154
Query scope: 155
Query scope: 156
Query scope: 157
Query scope: 158
Query scope: 159
Query scope: 160
Query scope: 161
Query scope: 162
Query scope: 272
Query scope: 273
Query scope: 274
Query scope: 275
Query scope: 276
Query scope: 277
Query scope: 278
Query scope: 279
Query scope: 280
Query scope: 281
Query scope: 394
Query scope: 395
Query scope: 396
Query scope: 397
Query scope: 398
Query scope: 399
Query scope: 400
Query scope: 434
Query scope: 435
Query scope: 436
Query scope: 437
Query scope: 438
Query scope: 439
Query scope: 440
Query scope: 441
Query scope: 442
Query scope: 443
Query scope: 554
Query scope: 555
Query scope: 556
Query scope: 557
Query scope: 558
Query scope: 559
Query scope: 560
Query scope: 561
Query scope: 562
Query scope: 673
Query scope: 760
Query scope: 761
Query scope: 762
Query scope: 763
Query scope: 824
Query scope: 825
Query scope: 826
Query scope: 827
Query scope: 828
Query scope: 829
Query scope: 830
Query scope: 831
Query scope: 832
Query scope: 833
Query scope: 946
Query scope: 947
Query scope: 948
Query scope: 949
Query scope: 950
Query scope: 951
Query scope: 238
Query scope: 239
Query scope: 240
Query scope: 241
Query scope: 242
Query scope: 243
Query scope: 244
Query scope: 245
Query scope: 246
Query scope: 247
Query scope: 357
Query scope: 358
Query scope: 359
Query scope: 360
Query scope: 361
Query scope: 362
Query scope: 363
Query scope: 364
Query scope: 365
Query scope: 366
Query scope: 519
Query scope: 520
Query scope: 521
Query scope: 522
Query scope: 523
Query scope: 524
Query scope: 525
Query scope: 526
Query scope: 527
Query scope: 528
Query scope: 639
Query scope: 640
Query scope: 641
Query scope: 642
Query scope: 643
Query scope: 644
Query scope: 645
Query scope: 646
Query scope: 647
Query scope: 909
Query scope: 910
Query scope: 911
Query scope: 912
Query scope: 913
Query scope: 914
Query scope: 915
Query scope: 916
Query scope: 917
Query scope: 918
