IIS generation
Iter 1: 
Min Hitting Set: []
Min Correction Subset: [15]
Iter 2: 
Min Hitting Set: [15]
Min Correction Subset: [0, 14]
Iter 3: 
Min Hitting Set: [0, 15]
Min Correction Subset: [13, 14]
Iter 4: 
Min Hitting Set: [14, 15]
Min Correction Subset: [4, 5]
Iter 5: 
Min Hitting Set: [4, 14, 15]
Min Correction Subset: [2, 5]
Iter 6: 
Min Hitting Set: [5, 14, 15]
Min Correction Subset: [0, 2]
Iter 7: 
Min Hitting Set: [0, 5, 14, 15]
Min Correction Subset: [4, 7, 13]
Iter 8: 
Min Hitting Set: [2, 4, 14, 15]
Min Correction Subset: [5, 8, 10]
Iter 9: 
Min Hitting Set: [0, 5, 13, 15]
Min Correction Subset: [1, 3, 14]
Iter 10: 
Min Hitting Set: [0, 4, 5, 14, 15]
Min Correction Subset: [1, 2, 3, 10]
Iter 11: 
Min Hitting Set: [0, 1, 5, 13, 15]
Min Correction Subset: [2, 3, 14]
Optimal IIS
Instance: regions-8-20-790000
----------------------------
Query: 3
Query element:5
Query element:9
Query scope: 5
Query scope: 9
----------------------------
IIS optimality: suboptimal
IIS solution time: 180.273
IIS Constraint: 0; goods; {good:0}
IIS Constraint: 3; goods; {good:3}
IIS Constraint: 5; goods; {good:5}
IIS Constraint: 13; query; {bid:5,query:3}
IIS Constraint: 15; max; {f:535.8871,objective:max}
