IIS generation
Iter 1: 
Min Hitting Set: []
Min Correction Subset: [19]
Iter 2: 
Min Hitting Set: [19]
Min Correction Subset: [3]
Iter 3: 
Min Hitting Set: [3, 19]
Min Correction Subset: [18]
Iter 4: 
Min Hitting Set: [3, 18, 19]
Min Correction Subset: [4]
Iter 5: 
Min Hitting Set: [3, 4, 18, 19]
Min Correction Subset: [2, 5]
Optimal IIS
Instance: paths-8-20-750000
----------------------------
Query: 7
Query element:7
Query scope: 2
Query scope: 8
Query scope: 13
Query scope: 21
----------------------------
IIS optimality: suboptimal
IIS solution time: 3.047
IIS Constraint: 2; goods; {good:2}
IIS Constraint: 3; goods; {good:3}
IIS Constraint: 4; goods; {good:4}
IIS Constraint: 18; query; {good:7,query:7}
IIS Constraint: 19; max; {f:3.204848,objective:max}
