IIS generation
Iter 1: 
Min Hitting Set: []
Min Correction Subset: [15]
Iter 2: 
Min Hitting Set: [15]
Min Correction Subset: [14]
Iter 3: 
Min Hitting Set: [14, 15]
Min Correction Subset: [3]
Iter 4: 
Min Hitting Set: [3, 14, 15]
Min Correction Subset: [1, 4]
Iter 5: 
Min Hitting Set: [1, 3, 14, 15]
Min Correction Subset: [2, 4, 5]
Iter 6: 
Min Hitting Set: [3, 4, 14, 15]
Min Correction Subset: [1, 2]
Optimal IIS
Instance: arbitrary-8-20-160000
----------------------------
Query: 7
Query element:0
Query scope: 0
Query scope: 5
Query scope: 12
Query scope: 17
----------------------------
IIS optimality: suboptimal
IIS solution time: 342.431
IIS Constraint: 1; goods; {good:1}
IIS Constraint: 2; goods; {good:2}
IIS Constraint: 3; goods; {good:3}
IIS Constraint: 14; query; {good:0,query:7}
IIS Constraint: 15; max; {f:420.886,objective:max}
