IIS generation
Iter 1: 
Min Hitting Set: []
Min Correction Subset: [15]
Iter 2: 
Min Hitting Set: [15]
Min Correction Subset: [14]
Iter 3: 
Min Hitting Set: [14, 15]
Min Correction Subset: [1, 2]
Iter 4: 
Min Hitting Set: [1, 14, 15]
Min Correction Subset: [2, 3, 4, 5]
Iter 5: 
Min Hitting Set: [2, 14, 15]
Min Correction Subset: [3, 4, 5, 6]
Iter 6: 
Min Hitting Set: [1, 3, 14, 15]
Min Correction Subset: [4, 5, 6, 7]
Optimal IIS
Instance: scheduling-8-20-1630000
----------------------------
Query: 1
Query element:5
Query scope: 5
----------------------------
IIS optimality: suboptimal
IIS solution time: 720.302
IIS Constraint: 1; goods; {good:1}
IIS Constraint: 4; goods; {good:4}
IIS Constraint: 14; query; {bid:5,query:1}
IIS Constraint: 15; max; {f:15.4667,objective:max}
