IIS generation
Iter 1: 
Min Hitting Set: []
Min Correction Subset: [14]
Iter 2: 
Min Hitting Set: [14]
Min Correction Subset: [2, 4]
Iter 3: 
Min Hitting Set: [2, 14]
Min Correction Subset: [0, 4]
Iter 4: 
Min Hitting Set: [4, 14]
Min Correction Subset: [0, 13]
Iter 5: 
Min Hitting Set: [0, 4, 14]
Min Correction Subset: [12, 13]
Iter 6: 
Min Hitting Set: [4, 13, 14]
Min Correction Subset: [1, 3, 10]
Iter 7: 
Min Hitting Set: [1, 4, 13, 14]
Min Correction Subset: [0, 2, 3, 5, 6]
Optimal IIS
Instance: arbitrary-8-20-820000
----------------------------
Query: 3
Query element:10
Query element:9
Query scope: 10
Query scope: 9
----------------------------
IIS optimality: suboptimal
IIS solution time: 258.306
IIS Constraint: 3; goods; {good:3}
IIS Constraint: 4; goods; {good:4}
IIS Constraint: 13; query; {bid:9,query:3}
IIS Constraint: 14; max; {f:616.466,objective:max}
