IIS generation
Iter 1: 
Min Hitting Set: []
Min Correction Subset: [66]
Iter 2: 
Min Hitting Set: [66]
Min Correction Subset: [1]
Iter 3: 
Min Hitting Set: [1, 66]
Min Correction Subset: [0]
Iter 4: 
Min Hitting Set: [0, 1, 66]
Min Correction Subset: [2]
Iter 5: 
Min Hitting Set: [0, 1, 2, 66]
Min Correction Subset: [3]
Iter 6: 
Min Hitting Set: [0, 1, 2, 3, 66]
Min Correction Subset: [65]
Iter 7: 
Min Hitting Set: [0, 1, 2, 3, 65, 66]
Min Correction Subset: [8]
Iter 8: 
Min Hitting Set: [0, 1, 2, 3, 8, 65, 66]
Min Correction Subset: [6, 10]
Optimal IIS
Instance: paths-8-20-340000
----------------------------
Query: 11
Query element:0
Query element:1
Query scope: 19
----------------------------
IIS optimality: suboptimal
IIS solution time: 9.841
IIS Constraint: 0; goods; {good:0}
IIS Constraint: 1; goods; {good:1}
IIS Constraint: 2; goods; {good:2}
IIS Constraint: 3; goods; {good:3}
IIS Constraint: 6; goods; {good:6}
IIS Constraint: 8; goods; {good:8}
IIS Constraint: 65; query; {goods:[0,1],query:11}
IIS Constraint: 66; max; {f:3.278552,objective:max}
