IIS generation
Iter 1: 
Min Hitting Set: []
Min Correction Subset: [19]
Iter 2: 
Min Hitting Set: [19]
Min Correction Subset: [0]
Iter 3: 
Min Hitting Set: [0, 19]
Min Correction Subset: [7]
Iter 4: 
Min Hitting Set: [0, 7, 19]
Min Correction Subset: [18]
Iter 5: 
Min Hitting Set: [0, 7, 18, 19]
Min Correction Subset: [1, 3]
Iter 6: 
Min Hitting Set: [0, 1, 7, 18, 19]
Min Correction Subset: [3, 5]
Iter 7: 
Min Hitting Set: [0, 3, 7, 18, 19]
Min Correction Subset: [4, 5]
Iter 8: 
Min Hitting Set: [0, 3, 5, 7, 18, 19]
Min Correction Subset: [1, 4]
Optimal IIS
Instance: matching-8-20-20000
----------------------------
Query: 1
Query element:3
Query scope: 3
----------------------------
IIS optimality: suboptimal
IIS solution time: 642.104
IIS Constraint: 0; goods; {good:0}
IIS Constraint: 1; goods; {good:1}
IIS Constraint: 5; goods; {good:5}
IIS Constraint: 7; goods; {good:7}
IIS Constraint: 18; query; {bid:3,query:1}
IIS Constraint: 19; max; {f:31.154850000000003,objective:max}
