IIS generation
Iter 1: 
Min Hitting Set: []
Min Correction Subset: [14]
Iter 2: 
Min Hitting Set: [14]
Min Correction Subset: [13]
Iter 3: 
Min Hitting Set: [13, 14]
Min Correction Subset: [4, 5]
Iter 4: 
Min Hitting Set: [4, 13, 14]
Min Correction Subset: [1, 2, 3, 9]
Optimal IIS
Instance: scheduling-8-20-2270000
----------------------------
Query: 7
Query element:0
Query scope: 0
Query scope: 1
Query scope: 9
Query scope: 13
Query scope: 18
----------------------------
IIS optimality: suboptimal
IIS solution time: 95.068
IIS Constraint: 1; goods; {good:1}
IIS Constraint: 4; goods; {good:4}
IIS Constraint: 13; query; {good:0,query:7}
IIS Constraint: 14; max; {f:14.836,objective:max}
