IIS generation
Iter 1: 
Min Hitting Set: []
Min Correction Subset: [17, 18]
Iter 2: 
Min Hitting Set: [17]
Min Correction Subset: [16, 18]
Iter 3: 
Min Hitting Set: [18]
Min Correction Subset: [16, 17]
Optimal IIS
Instance: regions-8-20-290000
----------------------------
Query: 9
Query element:3
Query element:4
Query scope: 2
Query scope: 3
Query scope: 4
Query scope: 6
Query scope: 7
Query scope: 10
Query scope: 11
Query scope: 12
Query scope: 13
Query scope: 14
Query scope: 15
Query scope: 16
Query scope: 17
Query scope: 18
Query scope: 19
----------------------------
IIS optimality: infeasible
IIS solution time: 40.523
IIS Constraint: 16; query; {good:3,query:9}
IIS Constraint: 17; query; {good:4,query:9}
