IIS generation
Iter 1: 
Min Hitting Set: []
Min Correction Subset: [13]
Iter 2: 
Min Hitting Set: [13]
Min Correction Subset: [7]
Iter 3: 
Min Hitting Set: [7, 13]
Min Correction Subset: [6]
Iter 4: 
Min Hitting Set: [6, 7, 13]
Min Correction Subset: [12]
Iter 5: 
Min Hitting Set: [6, 7, 12, 13]
Min Correction Subset: [5]
Iter 6: 
Min Hitting Set: [5, 6, 7, 12, 13]
Min Correction Subset: [0, 3, 4]
Iter 7: 
Min Hitting Set: [0, 5, 6, 7, 12, 13]
Min Correction Subset: [1, 3, 4, 10]
Iter 8: 
Min Hitting Set: [3, 5, 6, 7, 12, 13]
Min Correction Subset: [0, 1, 4]
Iter 9: 
Min Hitting Set: [4, 5, 6, 7, 12, 13]
Min Correction Subset: [0, 1, 3]
Optimal IIS
Instance: arbitrary-8-20-550000
----------------------------
Query: 8
Query element:2
Query scope: 0
Query scope: 1
Query scope: 3
Query scope: 4
Query scope: 6
Query scope: 7
Query scope: 12
Query scope: 14
Query scope: 16
Query scope: 17
Query scope: 18
----------------------------
IIS optimality: suboptimal
IIS solution time: 92.529
IIS Constraint: 1; goods; {good:1}
IIS Constraint: 4; goods; {good:4}
IIS Constraint: 5; goods; {good:5}
IIS Constraint: 6; goods; {good:6}
IIS Constraint: 7; goods; {good:7}
IIS Constraint: 12; query; {good:2,query:8}
IIS Constraint: 13; max; {f:497.089,objective:max}
