IIS generation
Iter 1: 
Min Hitting Set: []
Min Correction Subset: [15]
Iter 2: 
Min Hitting Set: [15]
Min Correction Subset: [0]
Iter 3: 
Min Hitting Set: [0, 15]
Min Correction Subset: [14]
Iter 4: 
Min Hitting Set: [0, 14, 15]
Min Correction Subset: [1, 2, 3]
Iter 5: 
Min Hitting Set: [0, 1, 14, 15]
Min Correction Subset: [3, 4, 5]
Iter 6: 
Min Hitting Set: [0, 3, 14, 15]
Min Correction Subset: [5, 6, 7]
Iter 7: 
Min Hitting Set: [0, 3, 5, 14, 15]
Min Correction Subset: [1, 2, 12]
Iter 8: 
Min Hitting Set: [0, 1, 5, 14, 15]
Min Correction Subset: [2, 3, 4]
Iter 9: 
Min Hitting Set: [0, 2, 5, 14, 15]
Min Correction Subset: [1, 3, 4, 12]
Optimal IIS
Instance: scheduling-8-20-1530000
----------------------------
Query: 11
Query element:12
Query element:0
Query scope: 8
----------------------------
IIS optimality: suboptimal
IIS solution time: 695.170
IIS Constraint: 0; goods; {good:0}
IIS Constraint: 1; goods; {good:1}
IIS Constraint: 2; goods; {good:2}
IIS Constraint: 5; goods; {good:5}
IIS Constraint: 14; query; {goods:[12,0],query:11}
IIS Constraint: 15; max; {f:15.033702,objective:max}
