IIS generation
Iter 1: 
Min Hitting Set: []
Min Correction Subset: [16]
Iter 2: 
Min Hitting Set: [16]
Min Correction Subset: [6]
Iter 3: 
Min Hitting Set: [6, 16]
Min Correction Subset: [2]
Iter 4: 
Min Hitting Set: [2, 6, 16]
Min Correction Subset: [15]
Iter 5: 
Min Hitting Set: [2, 6, 15, 16]
Min Correction Subset: [3]
Iter 6: 
Min Hitting Set: [2, 3, 6, 15, 16]
Min Correction Subset: [0]
Optimal IIS
Instance: regions-8-20-810000
----------------------------
Query: 1
Query element:17
Query scope: 17
----------------------------
IIS optimality: suboptimal
IIS solution time: 68.333
IIS Constraint: 0; goods; {good:0}
IIS Constraint: 2; goods; {good:2}
IIS Constraint: 3; goods; {good:3}
IIS Constraint: 6; goods; {good:6}
IIS Constraint: 15; query; {bid:17,query:1}
IIS Constraint: 16; max; {f:576.8266,objective:max}
