IIS generation
Iter 1: 
Min Hitting Set: []
Min Correction Subset: [13]
Iter 2: 
Min Hitting Set: [13]
Min Correction Subset: [9]
Iter 3: 
Min Hitting Set: [9, 13]
Min Correction Subset: [10, 11]
Iter 4: 
Min Hitting Set: [9, 10, 13]
Min Correction Subset: [11, 12]
Iter 5: 
Min Hitting Set: [9, 11, 13]
Min Correction Subset: [4, 5, 10]
Iter 6: 
Min Hitting Set: [9, 10, 11, 13]
Min Correction Subset: [4, 5, 6, 8]
Iter 7: 
Min Hitting Set: [4, 9, 11, 13]
Min Correction Subset: [5, 6, 10]
Iter 8: 
Min Hitting Set: [5, 9, 11, 13]
Min Correction Subset: [3, 4, 10]
Optimal IIS
Instance: scheduling-8-20-2050000
----------------------------
Query: 9
Query element:2
Query element:7
Query scope: 0
Query scope: 1
Query scope: 2
Query scope: 7
Query scope: 8
Query scope: 15
Query scope: 5
Query scope: 12
Query scope: 20
----------------------------
IIS optimality: suboptimal
IIS solution time: 181.485
IIS Constraint: 4; goods; {good:4}
IIS Constraint: 9; goods; {good:9}
IIS Constraint: 10; goods; {good:10}
IIS Constraint: 11; query; {good:2,query:9}
IIS Constraint: 13; max; {f:7.90463,objective:max}
