IIS generation
Iter 1: 
Min Hitting Set: []
Min Correction Subset: [14]
Iter 2: 
Min Hitting Set: [14]
Min Correction Subset: [7]
Iter 3: 
Min Hitting Set: [7, 14]
Min Correction Subset: [0]
Iter 4: 
Min Hitting Set: [0, 7, 14]
Min Correction Subset: [5]
Iter 5: 
Min Hitting Set: [0, 5, 7, 14]
Min Correction Subset: [4, 13]
Iter 6: 
Min Hitting Set: [0, 4, 5, 7, 14]
Min Correction Subset: [12, 13]
Optimal IIS
Instance: arbitrary-8-20-210000
----------------------------
Query: 3
Query element:3
Query element:0
Query scope: 3
Query scope: 0
----------------------------
IIS optimality: suboptimal
IIS solution time: 8.654
IIS Constraint: 0; goods; {good:0}
IIS Constraint: 5; goods; {good:5}
IIS Constraint: 7; goods; {good:7}
IIS Constraint: 13; query; {bid:0,query:3}
IIS Constraint: 14; max; {f:607.744,objective:max}
