IIS generation
Iter 1: 
Min Hitting Set: []
Min Correction Subset: [13]
Iter 2: 
Min Hitting Set: [13]
Min Correction Subset: [12]
Iter 3: 
Min Hitting Set: [12, 13]
Min Correction Subset: [1, 3, 6]
Iter 4: 
Min Hitting Set: [1, 12, 13]
Min Correction Subset: [2, 3, 5, 11]
Optimal IIS
Instance: arbitrary-8-20-540000
----------------------------
Query: 7
Query element:0
Query scope: 0
Query scope: 2
Query scope: 3
Query scope: 4
Query scope: 7
Query scope: 8
Query scope: 9
Query scope: 10
Query scope: 11
Query scope: 13
Query scope: 14
Query scope: 15
Query scope: 16
Query scope: 21
----------------------------
IIS optimality: suboptimal
IIS solution time: 145.128
IIS Constraint: 3; goods; {good:3}
IIS Constraint: 12; query; {good:0,query:7}
IIS Constraint: 13; max; {f:736.472,objective:max}
