IIS generation
Iter 1: 
Min Hitting Set: []
Min Correction Subset: [21]
Iter 2: 
Min Hitting Set: [21]
Min Correction Subset: [5, 20]
Iter 3: 
Min Hitting Set: [5, 21]
Min Correction Subset: [1, 3]
Iter 4: 
Min Hitting Set: [1, 5, 21]
Min Correction Subset: [3, 20]
Iter 5: 
Min Hitting Set: [3, 20, 21]
Min Correction Subset: [2, 5]
Iter 6: 
Min Hitting Set: [3, 5, 21]
Min Correction Subset: [2, 4]
Iter 7: 
Min Hitting Set: [2, 3, 5, 21]
Min Correction Subset: [19, 20]
Iter 8: 
Min Hitting Set: [2, 3, 20, 21]
Min Correction Subset: [5, 6]
Optimal IIS
Instance: matching-8-20-880000
----------------------------
Query: 3
Query element:18
Query element:1
Query scope: 18
Query scope: 1
----------------------------
IIS optimality: suboptimal
IIS solution time: 892.854
IIS Constraint: 2; goods; {good:2}
IIS Constraint: 3; goods; {good:3}
IIS Constraint: 5; goods; {good:5}
IIS Constraint: 20; query; {bid:1,query:3}
IIS Constraint: 21; max; {f:27.43919,objective:max}
