IIS generation
Iter 1: 
Min Hitting Set: []
Min Correction Subset: [15]
Iter 2: 
Min Hitting Set: [15]
Min Correction Subset: [5]
Iter 3: 
Min Hitting Set: [5, 15]
Min Correction Subset: [3]
Iter 4: 
Min Hitting Set: [3, 5, 15]
Min Correction Subset: [0]
Iter 5: 
Min Hitting Set: [0, 3, 5, 15]
Min Correction Subset: [4]
Iter 6: 
Min Hitting Set: [0, 3, 4, 5, 15]
Min Correction Subset: [7]
Iter 7: 
Min Hitting Set: [0, 3, 4, 5, 7, 15]
Min Correction Subset: [1]
Iter 8: 
Min Hitting Set: [0, 1, 3, 4, 5, 7, 15]
Min Correction Subset: [14]
Optimal IIS
Instance: arbitrary-8-20-800000
----------------------------
Query: 10
Query element:10
Query element:4
Query scope: 7
Query scope: 8
Query scope: 9
----------------------------
IIS optimality: suboptimal
IIS solution time: 5.532
IIS Constraint: 0; goods; {good:0}
IIS Constraint: 1; goods; {good:1}
IIS Constraint: 3; goods; {good:3}
IIS Constraint: 4; goods; {good:4}
IIS Constraint: 5; goods; {good:5}
IIS Constraint: 7; goods; {good:7}
IIS Constraint: 14; query; {goods:[10,4],query:10}
IIS Constraint: 15; max; {f:608.7334,objective:max}
