IIS generation
Iter 1: 
Min Hitting Set: []
Min Correction Subset: [26]
Iter 2: 
Min Hitting Set: [26]
Min Correction Subset: [1]
Iter 3: 
Min Hitting Set: [1, 26]
Min Correction Subset: [5]
Iter 4: 
Min Hitting Set: [1, 5, 26]
Min Correction Subset: [25]
Iter 5: 
Min Hitting Set: [1, 5, 25, 26]
Min Correction Subset: [0, 7]
Iter 6: 
Min Hitting Set: [0, 1, 5, 25, 26]
Min Correction Subset: [3, 4]
Optimal IIS
Instance: matching-8-20-610000
----------------------------
Query: 2
Query element:12
Query scope: 12
----------------------------
IIS optimality: suboptimal
IIS solution time: 2.836
IIS Constraint: 0; goods; {good:0}
IIS Constraint: 1; goods; {good:1}
IIS Constraint: 3; goods; {good:3}
IIS Constraint: 5; goods; {good:5}
IIS Constraint: 25; query; {bid:12,query:2}
IIS Constraint: 26; max; {f:21.18685,objective:max}
