IIS generation
Iter 1: 
Min Hitting Set: []
Min Correction Subset: [20]
Iter 2: 
Min Hitting Set: [20]
Min Correction Subset: [2]
Iter 3: 
Min Hitting Set: [2, 20]
Min Correction Subset: [5]
Iter 4: 
Min Hitting Set: [2, 5, 20]
Min Correction Subset: [1]
Iter 5: 
Min Hitting Set: [1, 2, 5, 20]
Min Correction Subset: [12]
Iter 6: 
Min Hitting Set: [1, 2, 5, 12, 20]
Min Correction Subset: [6]
Iter 7: 
Min Hitting Set: [1, 2, 5, 6, 12, 20]
Min Correction Subset: [19]
Optimal IIS
Instance: matching-8-20-240000
----------------------------
Query: 10
Query element:16
Query element:5
Query scope: 16
Query scope: 17
----------------------------
IIS optimality: suboptimal
IIS solution time: 5.092
IIS Constraint: 1; goods; {good:1}
IIS Constraint: 2; goods; {good:2}
IIS Constraint: 5; goods; {good:5}
IIS Constraint: 6; goods; {good:6}
IIS Constraint: 12; goods; {good:12}
IIS Constraint: 19; query; {goods:[16,5],query:10}
IIS Constraint: 20; max; {f:21.947176,objective:max}
