IIS generation
Iter 1: 
Min Hitting Set: []
Min Correction Subset: [26]
Iter 2: 
Min Hitting Set: [26]
Min Correction Subset: [1]
Iter 3: 
Min Hitting Set: [1, 26]
Min Correction Subset: [25]
Iter 4: 
Min Hitting Set: [1, 25, 26]
Min Correction Subset: [5, 7]
Iter 5: 
Min Hitting Set: [1, 5, 25, 26]
Min Correction Subset: [0, 4, 7]
Iter 6: 
Min Hitting Set: [1, 7, 25, 26]
Min Correction Subset: [3, 5]
Iter 7: 
Min Hitting Set: [1, 3, 7, 25, 26]
Min Correction Subset: [5, 6]
Optimal IIS
Instance: matching-8-20-610000
----------------------------
Query: 2
Query element:6
Query scope: 6
----------------------------
IIS optimality: suboptimal
IIS solution time: 128.054
IIS Constraint: 1; goods; {good:1}
IIS Constraint: 5; goods; {good:5}
IIS Constraint: 7; goods; {good:7}
IIS Constraint: 25; query; {bid:6,query:2}
IIS Constraint: 26; max; {f:21.18685,objective:max}
