IIS generation
Iter 1: 
Min Hitting Set: []
Min Correction Subset: [14]
Iter 2: 
Min Hitting Set: [14]
Min Correction Subset: [15]
Iter 3: 
Min Hitting Set: [14, 15]
Min Correction Subset: [7]
Iter 4: 
Min Hitting Set: [7, 14, 15]
Min Correction Subset: [4]
Iter 5: 
Min Hitting Set: [4, 7, 14, 15]
Min Correction Subset: [2, 3, 13]
Iter 6: 
Min Hitting Set: [2, 4, 7, 14, 15]
Min Correction Subset: [3, 6, 10]
Optimal IIS
Instance: arbitrary-8-20-370000
----------------------------
Query: 11
Query element:7
Query element:13
Query scope: 19
----------------------------
IIS optimality: suboptimal
IIS solution time: 3.147
IIS Constraint: 3; goods; {good:3}
IIS Constraint: 4; goods; {good:4}
IIS Constraint: 7; goods; {good:7}
IIS Constraint: 14; query; {goods:[7,13],query:11}
IIS Constraint: 15; max; {f:520.785,objective:max}
