IIS generation
Iter 1: 
Min Hitting Set: []
Min Correction Subset: [23]
Iter 2: 
Min Hitting Set: [23]
Min Correction Subset: [4]
Iter 3: 
Min Hitting Set: [4, 23]
Min Correction Subset: [1, 2]
Iter 4: 
Min Hitting Set: [1, 4, 23]
Min Correction Subset: [5, 6]
Iter 5: 
Min Hitting Set: [1, 4, 5, 23]
Min Correction Subset: [6, 22]
Iter 6: 
Min Hitting Set: [1, 4, 6, 23]
Min Correction Subset: [2, 22]
Iter 7: 
Min Hitting Set: [2, 4, 6, 23]
Min Correction Subset: [21, 22]
Iter 8: 
Min Hitting Set: [2, 4, 6, 22, 23]
Min Correction Subset: [1, 3, 11]
Optimal IIS
Instance: matching-8-20-330000
----------------------------
Query: 3
Query element:4
Query element:18
Query scope: 4
Query scope: 18
----------------------------
IIS optimality: suboptimal
IIS solution time: 454.275
IIS Constraint: 1; goods; {good:1}
IIS Constraint: 4; goods; {good:4}
IIS Constraint: 6; goods; {good:6}
IIS Constraint: 22; query; {bid:18,query:3}
IIS Constraint: 23; max; {f:22.055,objective:max}
