IIS generation
Iter 1: 
Min Hitting Set: []
Min Correction Subset: [15]
Iter 2: 
Min Hitting Set: [15]
Min Correction Subset: [13, 14]
Iter 3: 
Min Hitting Set: [13, 15]
Min Correction Subset: [2, 14]
Iter 4: 
Min Hitting Set: [14, 15]
Min Correction Subset: [1, 3, 6]
Iter 5: 
Min Hitting Set: [1, 14, 15]
Min Correction Subset: [3, 4, 5, 6]
Iter 6: 
Min Hitting Set: [3, 14, 15]
Min Correction Subset: [1, 2, 6]
Iter 7: 
Min Hitting Set: [6, 14, 15]
Min Correction Subset: [1, 2, 7]
Iter 8: 
Min Hitting Set: [2, 6, 14, 15]
Min Correction Subset: [1, 3, 4, 7]
Iter 9: 
Min Hitting Set: [1, 3, 14, 15]
Min Correction Subset: [2, 4, 5, 6, 7, 11]
Iter 10: 
Min Hitting Set: [6, 7, 14, 15]
Min Correction Subset: [0, 1, 2, 3]
Optimal IIS
Instance: arbitrary-8-20-330000
----------------------------
Query: 3
Query element:0
Query element:17
Query scope: 0
Query scope: 17
----------------------------
IIS optimality: suboptimal
IIS solution time: 334.015
IIS Constraint: 1; goods; {good:1}
IIS Constraint: 6; goods; {good:6}
IIS Constraint: 14; query; {bid:17,query:3}
IIS Constraint: 15; max; {f:439.532,objective:max}
