IIS generation
Iter 1: 
Min Hitting Set: []
Min Correction Subset: [14]
Iter 2: 
Min Hitting Set: [14]
Min Correction Subset: [1]
Iter 3: 
Min Hitting Set: [1, 14]
Min Correction Subset: [13]
Iter 4: 
Min Hitting Set: [1, 13, 14]
Min Correction Subset: [7]
Iter 5: 
Min Hitting Set: [1, 7, 13, 14]
Min Correction Subset: [2, 5, 12]
Iter 6: 
Min Hitting Set: [1, 2, 7, 13, 14]
Min Correction Subset: [3, 5, 6]
Iter 7: 
Min Hitting Set: [1, 5, 7, 13, 14]
Min Correction Subset: [3, 4, 6]
Iter 8: 
Min Hitting Set: [1, 3, 5, 7, 13, 14]
Min Correction Subset: [2, 6, 12]
Optimal IIS
Instance: arbitrary-8-20-380000
----------------------------
Query: 2
Query element:5
Query scope: 5
----------------------------
IIS optimality: suboptimal
IIS solution time: 4.965
IIS Constraint: 1; goods; {good:1}
IIS Constraint: 2; goods; {good:2}
IIS Constraint: 6; goods; {good:6}
IIS Constraint: 7; goods; {good:7}
IIS Constraint: 13; query; {bid:5,query:2}
IIS Constraint: 14; max; {f:481.2717,objective:max}
