IIS generation
Iter 1: 
Min Hitting Set: []
Min Correction Subset: [19]
Iter 2: 
Min Hitting Set: [19]
Min Correction Subset: [7]
Iter 3: 
Min Hitting Set: [7, 19]
Min Correction Subset: [1]
Iter 4: 
Min Hitting Set: [1, 7, 19]
Min Correction Subset: [18]
Iter 5: 
Min Hitting Set: [1, 7, 18, 19]
Min Correction Subset: [2]
Iter 6: 
Min Hitting Set: [1, 2, 7, 18, 19]
Min Correction Subset: [6]
Optimal IIS
Instance: paths-8-20-580000
----------------------------
Query: 7
Query element:4
Query scope: 0
Query scope: 10
Query scope: 14
Query scope: 16
Query scope: 18
Query scope: 19
----------------------------
IIS optimality: suboptimal
IIS solution time: 4.227
IIS Constraint: 1; goods; {good:1}
IIS Constraint: 2; goods; {good:2}
IIS Constraint: 6; goods; {good:6}
IIS Constraint: 7; goods; {good:7}
IIS Constraint: 18; query; {good:4,query:7}
IIS Constraint: 19; max; {f:3.799488,objective:max}
