IIS generation
Iter 1: 
Min Hitting Set: []
Min Correction Subset: [32]
Iter 2: 
Min Hitting Set: [32]
Min Correction Subset: [31]
Iter 3: 
Min Hitting Set: [31, 32]
Min Correction Subset: [1, 6]
Iter 4: 
Min Hitting Set: [1, 31, 32]
Min Correction Subset: [0, 7]
Iter 5: 
Min Hitting Set: [0, 1, 31, 32]
Min Correction Subset: [3, 7]
Iter 6: 
Min Hitting Set: [1, 7, 31, 32]
Min Correction Subset: [3, 8, 12]
Iter 7: 
Min Hitting Set: [0, 1, 3, 31, 32]
Min Correction Subset: [5, 7, 10]
Optimal IIS
Instance: paths-8-20-980000
----------------------------
Query: 7
Query element:4
Query scope: 2
Query scope: 7
Query scope: 11
----------------------------
IIS optimality: suboptimal
IIS solution time: 217.337
IIS Constraint: 1; goods; {good:1}
IIS Constraint: 3; goods; {good:3}
IIS Constraint: 7; goods; {good:7}
IIS Constraint: 31; query; {good:4,query:7}
IIS Constraint: 32; max; {f:5.477784000000001,objective:max}
