IIS generation
Iter 1: 
Min Hitting Set: []
Min Correction Subset: [14]
Iter 2: 
Min Hitting Set: [14]
Min Correction Subset: [12, 13]
Iter 3: 
Min Hitting Set: [12, 14]
Min Correction Subset: [3, 7, 13]
Iter 4: 
Min Hitting Set: [13, 14]
Min Correction Subset: [1, 3, 7, 9]
Iter 5: 
Min Hitting Set: [3, 12, 14]
Min Correction Subset: [0, 1, 5, 13]
Iter 6: 
Min Hitting Set: [1, 13, 14]
Min Correction Subset: [0, 3, 5, 6]
Iter 7: 
Min Hitting Set: [3, 13, 14]
Min Correction Subset: [0, 1, 4, 5, 7]
Optimal IIS
Instance: arbitrary-8-20-590000
----------------------------
Query: 3
Query element:4
Query element:5
Query scope: 4
Query scope: 5
----------------------------
IIS optimality: suboptimal
IIS solution time: 213.973
IIS Constraint: 0; goods; {good:0}
IIS Constraint: 1; goods; {good:1}
IIS Constraint: 13; query; {bid:5,query:3}
IIS Constraint: 14; max; {f:711.0483,objective:max}
