IIS generation
Iter 1: 
Min Hitting Set: []
Min Correction Subset: [17]
Iter 2: 
Min Hitting Set: [17]
Min Correction Subset: [15, 16]
Iter 3: 
Min Hitting Set: [15, 17]
Min Correction Subset: [3, 4]
Iter 4: 
Min Hitting Set: [3, 15, 17]
Min Correction Subset: [0, 1]
Iter 5: 
Min Hitting Set: [0, 3, 15, 17]
Min Correction Subset: [1, 2]
Iter 6: 
Min Hitting Set: [1, 3, 15, 17]
Min Correction Subset: [4, 5, 16]
Iter 7: 
Min Hitting Set: [1, 4, 16, 17]
Min Correction Subset: [2, 3]
Iter 8: 
Min Hitting Set: [1, 3, 16, 17]
Min Correction Subset: [4, 5, 6, 10]
Iter 9: 
Min Hitting Set: [1, 2, 4, 15, 17]
Min Correction Subset: [3, 6, 10]
Optimal IIS
Instance: scheduling-8-20-1020000
----------------------------
Query: 3
Query element:0
Query element:6
Query scope: 0
Query scope: 6
----------------------------
IIS optimality: suboptimal
IIS solution time: 74.866
IIS Constraint: 1; goods; {good:1}
IIS Constraint: 3; goods; {good:3}
IIS Constraint: 4; goods; {good:4}
IIS Constraint: 16; query; {bid:6,query:3}
IIS Constraint: 17; max; {f:11.1292,objective:max}
