IIS generation
Iter 1: 
Min Hitting Set: []
Min Correction Subset: [15]
Iter 2: 
Min Hitting Set: [15]
Min Correction Subset: [1]
Iter 3: 
Min Hitting Set: [1, 15]
Min Correction Subset: [14]
Iter 4: 
Min Hitting Set: [1, 14, 15]
Min Correction Subset: [6]
Iter 5: 
Min Hitting Set: [1, 6, 14, 15]
Min Correction Subset: [4]
Iter 6: 
Min Hitting Set: [1, 4, 6, 14, 15]
Min Correction Subset: [5]
Iter 7: 
Min Hitting Set: [1, 4, 5, 6, 14, 15]
Min Correction Subset: [2, 3]
Optimal IIS
Instance: regions-8-20-780000
----------------------------
Query: 7
Query element:7
Query scope: 5
Query scope: 7
Query scope: 8
Query scope: 9
Query scope: 10
Query scope: 19
----------------------------
IIS optimality: suboptimal
IIS solution time: 119.299
IIS Constraint: 1; goods; {good:1}
IIS Constraint: 2; goods; {good:2}
IIS Constraint: 4; goods; {good:4}
IIS Constraint: 5; goods; {good:5}
IIS Constraint: 6; goods; {good:6}
IIS Constraint: 14; query; {good:7,query:7}
IIS Constraint: 15; max; {f:664.532,objective:max}
