IIS generation
Instance: matching-24-50-990000
----------------------------
Query: 11
Query element:5
Query element:26
Query scope: 16
Query scope: 17
----------------------------
IIS optimality: suboptimal
IIS solution time: 0.01980
IIS Constraint: 1; goods; {good:1}
IIS Constraint: 2; goods; {good:2}
IIS Constraint: 5; goods; {good:5}
IIS Constraint: 9; goods; {good:9}
IIS Constraint: 13; goods; {good:13}
IIS Constraint: 17; goods; {good:17}
IIS Constraint: 21; goods; {good:21}
IIS Constraint: 28; goods; {good:28}
IIS Constraint: 38; query; {goods:[5,26],query:11}
IIS Constraint: 39; max; {f:50.07055999999999,objective:max}
