IIS generation
Instance: matching-24-50-730000
----------------------------
Query: 11
Query element:0
Query element:22
Query scope: 1
----------------------------
IIS optimality: suboptimal
IIS solution time: 0.03402
IIS Constraint: 0; goods; {good:0}
IIS Constraint: 1; goods; {good:1}
IIS Constraint: 6; goods; {good:6}
IIS Constraint: 13; goods; {good:13}
IIS Constraint: 17; goods; {good:17}
IIS Constraint: 20; goods; {good:20}
IIS Constraint: 21; goods; {good:21}
IIS Constraint: 33; goods; {good:33}
IIS Constraint: 41; query; {goods:[0,22],query:11}
IIS Constraint: 42; max; {f:44.264869999999995,objective:max}
