IIS generation
Instance: paths-24-50-560000
----------------------------
Query: 2
Query element:26
Query scope: 26
----------------------------
IIS optimality: suboptimal
IIS solution time: 0.04204
IIS Constraint: 0; goods; {good:0}
IIS Constraint: 1; goods; {good:1}
IIS Constraint: 2; goods; {good:2}
IIS Constraint: 5; goods; {good:5}
IIS Constraint: 6; goods; {good:6}
IIS Constraint: 8; goods; {good:8}
IIS Constraint: 9; goods; {good:9}
IIS Constraint: 10; goods; {good:10}
IIS Constraint: 12; goods; {good:12}
IIS Constraint: 14; goods; {good:14}
IIS Constraint: 15; goods; {good:15}
IIS Constraint: 19; goods; {good:19}
IIS Constraint: 20; goods; {good:20}
IIS Constraint: 21; goods; {good:21}
IIS Constraint: 23; goods; {good:23}
IIS Constraint: 36; goods; {good:36}
IIS Constraint: 43; query; {bid:26,query:2}
IIS Constraint: 44; max; {f:11.355055,objective:max}
