IIS generation
Instance: paths-24-50-250000
----------------------------
Query: 9
Query element:29
Query element:19
Query scope: 22
Query scope: 23
Query scope: 3
----------------------------
IIS optimality: suboptimal
IIS solution time: 0.03522
IIS Constraint: 1; goods; {good:1}
IIS Constraint: 5; goods; {good:5}
IIS Constraint: 6; goods; {good:6}
IIS Constraint: 7; goods; {good:7}
IIS Constraint: 8; goods; {good:8}
IIS Constraint: 11; goods; {good:11}
IIS Constraint: 14; goods; {good:14}
IIS Constraint: 17; goods; {good:17}
IIS Constraint: 24; goods; {good:24}
IIS Constraint: 27; goods; {good:27}
IIS Constraint: 33; goods; {good:33}
IIS Constraint: 46; query; {good:19,query:9}
IIS Constraint: 47; max; {f:8.541136000000002,objective:max}
