IIS generation
Instance: paths-24-50-440000
----------------------------
Query: 3
Query element:35
Query element:41
Query scope: 35
Query scope: 41
----------------------------
IIS optimality: suboptimal
IIS solution time: 0.03613
IIS Constraint: 0; goods; {good:0}
IIS Constraint: 1; goods; {good:1}
IIS Constraint: 2; goods; {good:2}
IIS Constraint: 3; goods; {good:3}
IIS Constraint: 7; goods; {good:7}
IIS Constraint: 10; goods; {good:10}
IIS Constraint: 14; goods; {good:14}
IIS Constraint: 15; goods; {good:15}
IIS Constraint: 19; goods; {good:19}
IIS Constraint: 20; goods; {good:20}
IIS Constraint: 21; goods; {good:21}
IIS Constraint: 22; goods; {good:22}
IIS Constraint: 23; goods; {good:23}
IIS Constraint: 38; query; {bid:35,query:3}
IIS Constraint: 40; max; {f:10.791481000000001,objective:max}
