IIS generation
Instance: scheduling-24-50-750000
----------------------------
Query: 11
Query element:27
Query element:11
Query scope: 53
Query scope: 54
Query scope: 55
Query scope: 56
Query scope: 57
Query scope: 58
Query scope: 59
Query scope: 60
----------------------------
IIS optimality: suboptimal
IIS solution time: 0.02793
IIS Constraint: 1; goods; {good:1}
IIS Constraint: 2; goods; {good:2}
IIS Constraint: 4; goods; {good:4}
IIS Constraint: 6; goods; {good:6}
IIS Constraint: 7; goods; {good:7}
IIS Constraint: 9; goods; {good:9}
IIS Constraint: 11; goods; {good:11}
IIS Constraint: 12; goods; {good:12}
IIS Constraint: 14; goods; {good:14}
IIS Constraint: 15; goods; {good:15}
IIS Constraint: 24; goods; {good:24}
IIS Constraint: 28; query; {goods:[27,11],query:11}
IIS Constraint: 29; max; {f:18.744210000000002,objective:max}
