IIS generation
Instance: arbitrary-24-50-270000
----------------------------
Query: 10
Query element:12
Query element:13
Query scope: 7
Query scope: 19
Query scope: 30
Query scope: 46
Query scope: 47
Query scope: 48
----------------------------
IIS optimality: suboptimal
IIS solution time: 0.08818
IIS Constraint: 0; goods; {good:0}
IIS Constraint: 1; goods; {good:1}
IIS Constraint: 2; goods; {good:2}
IIS Constraint: 3; goods; {good:3}
IIS Constraint: 4; goods; {good:4}
IIS Constraint: 5; goods; {good:5}
IIS Constraint: 8; goods; {good:8}
IIS Constraint: 9; goods; {good:9}
IIS Constraint: 10; goods; {good:10}
IIS Constraint: 11; goods; {good:11}
IIS Constraint: 13; goods; {good:13}
IIS Constraint: 14; goods; {good:14}
IIS Constraint: 15; goods; {good:15}
IIS Constraint: 16; goods; {good:16}
IIS Constraint: 19; goods; {good:19}
IIS Constraint: 20; goods; {good:20}
IIS Constraint: 33; query; {goods:[12,13],query:10}
IIS Constraint: 34; max; {f:1597.88,objective:max}
