IIS generation
Instance: matching-24-50-400000
----------------------------
Query: 1
Query element:37
Query scope: 37
----------------------------
IIS optimality: suboptimal
IIS solution time: 0.02070
IIS Constraint: 2; goods; {good:2}
IIS Constraint: 3; goods; {good:3}
IIS Constraint: 5; goods; {good:5}
IIS Constraint: 9; goods; {good:9}
IIS Constraint: 13; goods; {good:13}
IIS Constraint: 17; goods; {good:17}
IIS Constraint: 21; goods; {good:21}
IIS Constraint: 28; goods; {good:28}
IIS Constraint: 29; goods; {good:29}
IIS Constraint: 32; goods; {good:32}
IIS Constraint: 36; query; {bid:37,query:1}
IIS Constraint: 37; max; {f:49.26847,objective:max}
