IIS generation
Instance: paths-24-50-200000
----------------------------
Query: 7
Query element:24
Query scope: 0
Query scope: 1
Query scope: 2
Query scope: 3
Query scope: 4
----------------------------
IIS optimality: suboptimal
IIS solution time: 0.04341
IIS Constraint: 0; goods; {good:0}
IIS Constraint: 1; goods; {good:1}
IIS Constraint: 3; goods; {good:3}
IIS Constraint: 6; goods; {good:6}
IIS Constraint: 7; goods; {good:7}
IIS Constraint: 8; goods; {good:8}
IIS Constraint: 12; goods; {good:12}
IIS Constraint: 19; goods; {good:19}
IIS Constraint: 20; goods; {good:20}
IIS Constraint: 27; goods; {good:27}
IIS Constraint: 36; query; {good:24,query:7}
IIS Constraint: 37; max; {f:8.194444,objective:max}
