IIS generation
Instance: arbitrary-24-50-550000
----------------------------
Query: 11
Query element:16
Query element:0
Query scope: 5
Query scope: 25
Query scope: 35
Query scope: 43
Query scope: 54
----------------------------
IIS optimality: suboptimal
IIS solution time: 0.09337
IIS Constraint: 0; goods; {good:0}
IIS Constraint: 1; goods; {good:1}
IIS Constraint: 2; goods; {good:2}
IIS Constraint: 3; goods; {good:3}
IIS Constraint: 4; goods; {good:4}
IIS Constraint: 5; goods; {good:5}
IIS Constraint: 7; goods; {good:7}
IIS Constraint: 8; goods; {good:8}
IIS Constraint: 9; goods; {good:9}
IIS Constraint: 10; goods; {good:10}
IIS Constraint: 12; goods; {good:12}
IIS Constraint: 13; goods; {good:13}
IIS Constraint: 14; goods; {good:14}
IIS Constraint: 15; goods; {good:15}
IIS Constraint: 16; goods; {good:16}
IIS Constraint: 17; goods; {good:17}
IIS Constraint: 18; goods; {good:18}
IIS Constraint: 20; goods; {good:20}
IIS Constraint: 34; query; {goods:[16,0],query:11}
IIS Constraint: 35; max; {f:1448.797,objective:max}
