IIS generation
Instance: arbitrary-24-50-930000
----------------------------
Query: 10
Query element:24
Query element:9
Query scope: 1
Query scope: 2
----------------------------
IIS optimality: suboptimal
IIS solution time: 0.08707
IIS Constraint: 0; goods; {good:0}
IIS Constraint: 1; goods; {good:1}
IIS Constraint: 2; goods; {good:2}
IIS Constraint: 3; goods; {good:3}
IIS Constraint: 4; goods; {good:4}
IIS Constraint: 5; goods; {good:5}
IIS Constraint: 11; goods; {good:11}
IIS Constraint: 13; goods; {good:13}
IIS Constraint: 14; goods; {good:14}
IIS Constraint: 15; goods; {good:15}
IIS Constraint: 17; goods; {good:17}
IIS Constraint: 18; goods; {good:18}
IIS Constraint: 19; goods; {good:19}
IIS Constraint: 20; goods; {good:20}
IIS Constraint: 34; query; {goods:[24,9],query:10}
IIS Constraint: 35; max; {f:1583.5369000000003,objective:max}
