IIS generation
Instance: scheduling-24-50-780000
----------------------------
Query: 1
Query element:19
Query scope: 19
----------------------------
IIS optimality: suboptimal
IIS solution time: 0.06134
IIS Constraint: 3; goods; {good:3}
IIS Constraint: 7; goods; {good:7}
IIS Constraint: 8; goods; {good:8}
IIS Constraint: 9; goods; {good:9}
IIS Constraint: 11; goods; {good:11}
IIS Constraint: 12; goods; {good:12}
IIS Constraint: 13; goods; {good:13}
IIS Constraint: 15; goods; {good:15}
IIS Constraint: 16; goods; {good:16}
IIS Constraint: 18; goods; {good:18}
IIS Constraint: 20; goods; {good:20}
IIS Constraint: 27; goods; {good:27}
IIS Constraint: 28; query; {bid:19,query:1}
IIS Constraint: 29; max; {f:43.14669,objective:max}
