IIS generation
Instance: matching-24-50-160000
----------------------------
Query: 10
Query element:32
Query element:19
Query scope: 37
----------------------------
IIS optimality: suboptimal
IIS solution time: 0.05505
IIS Constraint: 3; goods; {good:3}
IIS Constraint: 9; goods; {good:9}
IIS Constraint: 13; goods; {good:13}
IIS Constraint: 17; goods; {good:17}
IIS Constraint: 20; goods; {good:20}
IIS Constraint: 21; goods; {good:21}
IIS Constraint: 28; goods; {good:28}
IIS Constraint: 29; goods; {good:29}
IIS Constraint: 34; goods; {good:34}
IIS Constraint: 36; query; {goods:[32,19],query:10}
IIS Constraint: 37; max; {f:28.169287,objective:max}
