Instance: arbitrary-40-100-990000
----------------------------
Query: 7
Query element:10
Query scope: 3
Query scope: 5
Query scope: 7
Query scope: 8
Query scope: 9
Query scope: 10
Query scope: 12
Query scope: 19
Query scope: 20
Query scope: 25
Query scope: 30
Query scope: 31
Query scope: 34
Query scope: 46
Query scope: 60
Query scope: 61
Query scope: 62
Query scope: 63
Query scope: 65
Query scope: 66
Query scope: 67
Query scope: 68
Query scope: 69
Query scope: 70
Query scope: 71
Query scope: 74
Query scope: 76
Query scope: 77
Query scope: 88
Query scope: 91
Query scope: 94
Query scope: 101
Query scope: 102
Query scope: 103
