Instance: arbitrary-40-100-160000
----------------------------
Query: 8
Query element:28
Query scope: 3
Query scope: 15
Query scope: 16
Query scope: 17
Query scope: 18
Query scope: 36
Query scope: 44
Query scope: 50
Query scope: 51
Query scope: 52
Query scope: 54
Query scope: 58
Query scope: 62
Query scope: 65
Query scope: 68
Query scope: 74
Query scope: 82
Query scope: 83
Query scope: 84
Query scope: 85
Query scope: 86
Query scope: 87
Query scope: 89
Query scope: 91
Query scope: 92
Query scope: 95
Query scope: 100
