Instance: arbitrary-40-100-970000
----------------------------
Query: 7
Query element:23
Query scope: 0
Query scope: 2
Query scope: 3
Query scope: 7
Query scope: 11
Query scope: 15
Query scope: 16
Query scope: 17
Query scope: 19
Query scope: 27
Query scope: 33
Query scope: 34
Query scope: 35
Query scope: 37
Query scope: 38
Query scope: 42
Query scope: 43
Query scope: 44
Query scope: 45
Query scope: 48
Query scope: 58
Query scope: 59
Query scope: 61
Query scope: 63
Query scope: 64
Query scope: 66
Query scope: 68
Query scope: 72
Query scope: 75
Query scope: 76
Query scope: 85
Query scope: 86
Query scope: 88
