Instance: regions-40-100-430000
----------------------------
Query: 9
Query element:48
Query element:30
Query scope: 50
Query scope: 51
Query scope: 52
Query scope: 53
Query scope: 54
Query scope: 55
Query scope: 19
Query scope: 20
Query scope: 21
Query scope: 22
Query scope: 23
Query scope: 24
Query scope: 25
Query scope: 27
Query scope: 29
Query scope: 31
Query scope: 38
Query scope: 39
Query scope: 40
Query scope: 49
Query scope: 59
Query scope: 62
Query scope: 64
Query scope: 65
Query scope: 68
Query scope: 70
Query scope: 71
Query scope: 72
Query scope: 73
Query scope: 87
Query scope: 88
Query scope: 91
Query scope: 92
Query scope: 93
Query scope: 96
Query scope: 98
Query scope: 99
Query scope: 100
