Instance: regions-40-100-750000
----------------------------
Query: 7
Query element:10
Query scope: 4
Query scope: 5
Query scope: 9
Query scope: 13
Query scope: 14
Query scope: 16
Query scope: 17
Query scope: 18
Query scope: 19
Query scope: 21
Query scope: 23
Query scope: 24
Query scope: 25
Query scope: 27
Query scope: 31
Query scope: 34
Query scope: 35
Query scope: 36
Query scope: 38
Query scope: 39
Query scope: 42
Query scope: 45
Query scope: 46
Query scope: 47
Query scope: 48
Query scope: 49
Query scope: 50
Query scope: 52
Query scope: 78
Query scope: 79
Query scope: 80
Query scope: 87
Query scope: 88
Query scope: 89
Query scope: 90
