Instance: regions-40-100-80000
----------------------------
Query: 7
Query element:24
Query scope: 1
Query scope: 4
Query scope: 6
Query scope: 8
Query scope: 9
Query scope: 10
Query scope: 11
Query scope: 18
Query scope: 21
Query scope: 29
Query scope: 32
Query scope: 34
Query scope: 35
Query scope: 36
Query scope: 37
Query scope: 38
Query scope: 40
Query scope: 52
Query scope: 53
Query scope: 54
Query scope: 55
Query scope: 57
Query scope: 58
Query scope: 59
Query scope: 60
Query scope: 61
Query scope: 63
Query scope: 68
Query scope: 69
Query scope: 70
Query scope: 71
Query scope: 72
Query scope: 75
Query scope: 89
