Instance: regions-40-100-270000
----------------------------
Query: 9
Query element:29
Query element:30
Query scope: 4
Query scope: 5
Query scope: 8
Query scope: 9
Query scope: 12
Query scope: 13
Query scope: 20
Query scope: 21
Query scope: 24
Query scope: 27
Query scope: 30
Query scope: 36
Query scope: 40
Query scope: 42
Query scope: 43
Query scope: 50
Query scope: 53
Query scope: 54
Query scope: 60
Query scope: 68
Query scope: 70
Query scope: 76
Query scope: 80
Query scope: 81
Query scope: 91
Query scope: 2
Query scope: 22
Query scope: 28
Query scope: 31
Query scope: 44
Query scope: 46
Query scope: 48
Query scope: 59
Query scope: 77
Query scope: 85
Query scope: 94
Query scope: 101
