IIS generation
Instance: scheduling-64-500-880000
----------------------------
Query: 7
Query element:12
Query scope: 8
Query scope: 9
Query scope: 10
Query scope: 11
Query scope: 12
Query scope: 66
Query scope: 67
Query scope: 68
Query scope: 69
Query scope: 70
Query scope: 71
Query scope: 72
Query scope: 124
Query scope: 125
Query scope: 126
Query scope: 127
Query scope: 128
Query scope: 129
Query scope: 130
Query scope: 144
Query scope: 145
Query scope: 146
Query scope: 147
Query scope: 148
Query scope: 149
Query scope: 203
Query scope: 204
Query scope: 205
Query scope: 206
Query scope: 207
Query scope: 208
Query scope: 264
Query scope: 265
Query scope: 266
Query scope: 304
Query scope: 305
Query scope: 306
Query scope: 307
Query scope: 359
Query scope: 360
Query scope: 361
Query scope: 362
Query scope: 363
Query scope: 364
Query scope: 365
Query scope: 366
Query scope: 367
Query scope: 403
Query scope: 404
Query scope: 405
Query scope: 406
Query scope: 407
Query scope: 408
Query scope: 409
Query scope: 443
Query scope: 444
Query scope: 445
Query scope: 446
Query scope: 447
Query scope: 448
Query scope: 449
Query scope: 450
Query scope: 451
Query scope: 506
Query scope: 507
----------------------------
IIS optimality: suboptimal
IIS solution time: 7552.64558
IIS Constraint: 1; goods; {good:1}
IIS Constraint: 2; goods; {good:2}
IIS Constraint: 3; goods; {good:3}
IIS Constraint: 5; goods; {good:5}
IIS Constraint: 6; goods; {good:6}
IIS Constraint: 7; goods; {good:7}
IIS Constraint: 8; goods; {good:8}
IIS Constraint: 9; goods; {good:9}
IIS Constraint: 15; goods; {good:15}
IIS Constraint: 16; goods; {good:16}
IIS Constraint: 17; goods; {good:17}
IIS Constraint: 18; goods; {good:18}
IIS Constraint: 19; goods; {good:19}
IIS Constraint: 21; goods; {good:21}
IIS Constraint: 22; goods; {good:22}
IIS Constraint: 23; goods; {good:23}
IIS Constraint: 24; goods; {good:24}
IIS Constraint: 25; goods; {good:25}
IIS Constraint: 26; goods; {good:26}
IIS Constraint: 27; goods; {good:27}
IIS Constraint: 28; goods; {good:28}
IIS Constraint: 29; goods; {good:29}
IIS Constraint: 30; goods; {good:30}
IIS Constraint: 31; goods; {good:31}
IIS Constraint: 32; goods; {good:32}
IIS Constraint: 33; goods; {good:33}
IIS Constraint: 34; goods; {good:34}
IIS Constraint: 35; goods; {good:35}
IIS Constraint: 36; goods; {good:36}
IIS Constraint: 38; goods; {good:38}
IIS Constraint: 39; goods; {good:39}
IIS Constraint: 40; goods; {good:40}
IIS Constraint: 42; goods; {good:42}
IIS Constraint: 43; goods; {good:43}
IIS Constraint: 47; goods; {good:47}
IIS Constraint: 48; goods; {good:48}
IIS Constraint: 50; goods; {good:50}
IIS Constraint: 52; goods; {good:52}
IIS Constraint: 53; goods; {good:53}
IIS Constraint: 55; goods; {good:55}
IIS Constraint: 57; goods; {good:57}
IIS Constraint: 59; goods; {good:59}
IIS Constraint: 65; goods; {good:65}
IIS Constraint: 66; goods; {good:66}
IIS Constraint: 67; goods; {good:67}
IIS Constraint: 68; goods; {good:68}
IIS Constraint: 69; goods; {good:69}
IIS Constraint: 70; goods; {good:70}
IIS Constraint: 71; goods; {good:71}
IIS Constraint: 73; goods; {good:73}
IIS Constraint: 75; query; {good:12,query:7}
IIS Constraint: 76; max; {f:106.94052999999997,objective:max}
