IIS generation
Instance: regions-64-500-100000
----------------------------
Query: 7
Query element:20
Query scope: 4
Query scope: 5
Query scope: 6
Query scope: 7
Query scope: 8
Query scope: 9
Query scope: 10
Query scope: 13
Query scope: 20
Query scope: 22
Query scope: 29
Query scope: 30
Query scope: 31
Query scope: 33
Query scope: 34
Query scope: 37
Query scope: 38
Query scope: 39
Query scope: 40
Query scope: 42
Query scope: 44
Query scope: 45
Query scope: 46
Query scope: 58
Query scope: 61
Query scope: 65
Query scope: 66
Query scope: 76
Query scope: 78
Query scope: 79
Query scope: 85
Query scope: 87
Query scope: 104
Query scope: 105
Query scope: 106
Query scope: 115
Query scope: 119
Query scope: 120
Query scope: 121
Query scope: 123
Query scope: 126
Query scope: 128
Query scope: 130
Query scope: 151
Query scope: 156
Query scope: 159
Query scope: 170
Query scope: 179
Query scope: 186
Query scope: 190
Query scope: 193
Query scope: 194
Query scope: 195
Query scope: 197
Query scope: 205
Query scope: 206
Query scope: 207
Query scope: 220
Query scope: 226
Query scope: 227
Query scope: 235
Query scope: 246
Query scope: 247
Query scope: 252
Query scope: 259
Query scope: 262
Query scope: 263
Query scope: 264
Query scope: 279
Query scope: 327
Query scope: 338
Query scope: 343
Query scope: 344
Query scope: 345
Query scope: 354
Query scope: 356
Query scope: 357
Query scope: 359
Query scope: 364
Query scope: 368
Query scope: 370
Query scope: 372
Query scope: 373
Query scope: 379
Query scope: 387
Query scope: 388
Query scope: 395
Query scope: 399
Query scope: 400
Query scope: 401
Query scope: 402
Query scope: 410
Query scope: 411
Query scope: 412
Query scope: 414
Query scope: 415
Query scope: 417
Query scope: 418
Query scope: 436
Query scope: 440
Query scope: 449
Query scope: 450
Query scope: 452
Query scope: 475
Query scope: 485
Query scope: 488
Query scope: 493
Query scope: 495
Query scope: 497
----------------------------
IIS optimality: suboptimal
IIS solution time: 7561.88517
IIS Constraint: 0; goods; {good:0}
IIS Constraint: 1; goods; {good:1}
IIS Constraint: 3; goods; {good:3}
IIS Constraint: 5; goods; {good:5}
IIS Constraint: 6; goods; {good:6}
IIS Constraint: 7; goods; {good:7}
IIS Constraint: 8; goods; {good:8}
IIS Constraint: 9; goods; {good:9}
IIS Constraint: 10; goods; {good:10}
IIS Constraint: 11; goods; {good:11}
IIS Constraint: 12; goods; {good:12}
IIS Constraint: 13; goods; {good:13}
IIS Constraint: 14; goods; {good:14}
IIS Constraint: 15; goods; {good:15}
IIS Constraint: 16; goods; {good:16}
IIS Constraint: 18; goods; {good:18}
IIS Constraint: 19; goods; {good:19}
IIS Constraint: 21; goods; {good:21}
IIS Constraint: 22; goods; {good:22}
IIS Constraint: 23; goods; {good:23}
IIS Constraint: 24; goods; {good:24}
IIS Constraint: 25; goods; {good:25}
IIS Constraint: 26; goods; {good:26}
IIS Constraint: 27; goods; {good:27}
IIS Constraint: 28; goods; {good:28}
IIS Constraint: 29; goods; {good:29}
IIS Constraint: 30; goods; {good:30}
IIS Constraint: 32; goods; {good:32}
IIS Constraint: 33; goods; {good:33}
IIS Constraint: 35; goods; {good:35}
IIS Constraint: 36; goods; {good:36}
IIS Constraint: 37; goods; {good:37}
IIS Constraint: 39; goods; {good:39}
IIS Constraint: 40; goods; {good:40}
IIS Constraint: 41; goods; {good:41}
IIS Constraint: 42; goods; {good:42}
IIS Constraint: 43; goods; {good:43}
IIS Constraint: 45; goods; {good:45}
IIS Constraint: 46; goods; {good:46}
IIS Constraint: 47; goods; {good:47}
IIS Constraint: 49; goods; {good:49}
IIS Constraint: 50; goods; {good:50}
IIS Constraint: 52; goods; {good:52}
IIS Constraint: 53; goods; {good:53}
IIS Constraint: 54; goods; {good:54}
IIS Constraint: 56; goods; {good:56}
IIS Constraint: 59; goods; {good:59}
IIS Constraint: 62; goods; {good:62}
IIS Constraint: 159; query; {good:20,query:7}
IIS Constraint: 160; max; {f:4567.283999999999,objective:max}
