IIS generation
Instance: regions-64-500-260000
----------------------------
Query: 11
Query element:4
Query element:25
Query scope: 9
Query scope: 17
Query scope: 24
Query scope: 28
Query scope: 64
Query scope: 94
Query scope: 96
Query scope: 104
Query scope: 110
Query scope: 127
Query scope: 131
Query scope: 160
Query scope: 293
Query scope: 336
Query scope: 337
Query scope: 339
Query scope: 343
Query scope: 352
Query scope: 356
Query scope: 360
Query scope: 414
Query scope: 431
Query scope: 498
Query scope: 499
Query scope: 502
Query scope: 503
Query scope: 504
----------------------------
IIS optimality: suboptimal
IIS solution time: 6605.28372
IIS Constraint: 1; goods; {good:1}
IIS Constraint: 3; goods; {good:3}
IIS Constraint: 4; goods; {good:4}
IIS Constraint: 7; goods; {good:7}
IIS Constraint: 10; goods; {good:10}
IIS Constraint: 13; goods; {good:13}
IIS Constraint: 14; goods; {good:14}
IIS Constraint: 15; goods; {good:15}
IIS Constraint: 16; goods; {good:16}
IIS Constraint: 17; goods; {good:17}
IIS Constraint: 18; goods; {good:18}
IIS Constraint: 19; goods; {good:19}
IIS Constraint: 20; goods; {good:20}
IIS Constraint: 22; goods; {good:22}
IIS Constraint: 23; goods; {good:23}
IIS Constraint: 26; goods; {good:26}
IIS Constraint: 27; goods; {good:27}
IIS Constraint: 28; goods; {good:28}
IIS Constraint: 30; goods; {good:30}
IIS Constraint: 31; goods; {good:31}
IIS Constraint: 32; goods; {good:32}
IIS Constraint: 33; goods; {good:33}
IIS Constraint: 34; goods; {good:34}
IIS Constraint: 35; goods; {good:35}
IIS Constraint: 37; goods; {good:37}
IIS Constraint: 38; goods; {good:38}
IIS Constraint: 42; goods; {good:42}
IIS Constraint: 43; goods; {good:43}
IIS Constraint: 44; goods; {good:44}
IIS Constraint: 45; goods; {good:45}
IIS Constraint: 46; goods; {good:46}
IIS Constraint: 48; goods; {good:48}
IIS Constraint: 49; goods; {good:49}
IIS Constraint: 51; goods; {good:51}
IIS Constraint: 52; goods; {good:52}
IIS Constraint: 53; goods; {good:53}
IIS Constraint: 54; goods; {good:54}
IIS Constraint: 55; goods; {good:55}
IIS Constraint: 56; goods; {good:56}
IIS Constraint: 62; goods; {good:62}
IIS Constraint: 154; query; {goods:[4,25],query:11}
IIS Constraint: 155; max; {f:3695.2951,objective:max}
