IIS generation
Instance: scheduling-64-500-870000
----------------------------
Query: 9
Query element:67
Query element:60
Query scope: 124
Query scope: 125
Query scope: 126
Query scope: 127
Query scope: 128
Query scope: 129
Query scope: 130
Query scope: 131
Query scope: 132
Query scope: 133
Query scope: 134
Query scope: 135
Query scope: 136
Query scope: 137
Query scope: 138
Query scope: 139
Query scope: 140
Query scope: 141
Query scope: 142
Query scope: 143
Query scope: 144
Query scope: 145
Query scope: 146
Query scope: 147
Query scope: 148
Query scope: 149
Query scope: 150
Query scope: 151
Query scope: 152
Query scope: 153
Query scope: 154
Query scope: 155
Query scope: 156
Query scope: 157
Query scope: 158
Query scope: 159
Query scope: 160
Query scope: 161
Query scope: 162
Query scope: 163
Query scope: 164
Query scope: 165
Query scope: 166
Query scope: 167
Query scope: 168
Query scope: 169
Query scope: 170
Query scope: 171
Query scope: 172
Query scope: 173
Query scope: 174
Query scope: 175
Query scope: 176
Query scope: 177
Query scope: 178
Query scope: 179
Query scope: 180
Query scope: 181
Query scope: 94
Query scope: 95
Query scope: 96
Query scope: 286
Query scope: 287
Query scope: 288
Query scope: 289
Query scope: 391
Query scope: 392
Query scope: 444
Query scope: 445
Query scope: 446
Query scope: 447
Query scope: 506
Query scope: 507
Query scope: 508
----------------------------
IIS optimality: suboptimal
IIS solution time: 0.34570
IIS Constraint: 2; goods; {good:2}
IIS Constraint: 5; goods; {good:5}
IIS Constraint: 8; goods; {good:8}
IIS Constraint: 64; goods; {good:64}
IIS Constraint: 65; goods; {good:65}
IIS Constraint: 66; goods; {good:66}
IIS Constraint: 69; goods; {good:69}
IIS Constraint: 70; goods; {good:70}
IIS Constraint: 71; goods; {good:71}
IIS Constraint: 72; goods; {good:72}
IIS Constraint: 73; goods; {good:73}
IIS Constraint: 74; goods; {good:74}
IIS Constraint: 75; query; {good:67,query:9}
IIS Constraint: 77; max; {f:83.57228,objective:max}
