IIS generation
Instance: regions-64-500-280000
----------------------------
Query: 10
Query element:60
Query element:44
Query scope: 0
Query scope: 1
Query scope: 4
Query scope: 14
Query scope: 15
Query scope: 65
Query scope: 85
Query scope: 103
Query scope: 104
Query scope: 107
Query scope: 175
Query scope: 176
Query scope: 177
Query scope: 178
Query scope: 179
Query scope: 180
Query scope: 193
Query scope: 195
Query scope: 196
Query scope: 209
Query scope: 210
Query scope: 224
Query scope: 225
Query scope: 226
Query scope: 227
Query scope: 228
Query scope: 229
Query scope: 240
Query scope: 284
Query scope: 321
Query scope: 325
Query scope: 336
Query scope: 339
Query scope: 342
Query scope: 343
Query scope: 345
Query scope: 346
Query scope: 347
Query scope: 348
Query scope: 351
Query scope: 358
Query scope: 364
Query scope: 370
Query scope: 387
Query scope: 388
Query scope: 389
Query scope: 390
Query scope: 397
Query scope: 400
Query scope: 401
Query scope: 420
Query scope: 421
Query scope: 422
Query scope: 423
Query scope: 424
Query scope: 425
Query scope: 428
Query scope: 430
Query scope: 434
Query scope: 438
Query scope: 440
Query scope: 443
Query scope: 452
Query scope: 461
Query scope: 473
Query scope: 476
Query scope: 478
Query scope: 479
Query scope: 480
Query scope: 482
Query scope: 498
----------------------------
IIS optimality: suboptimal
IIS solution time: 12499.90469
IIS Constraint: 0; goods; {good:0}
IIS Constraint: 1; goods; {good:1}
IIS Constraint: 2; goods; {good:2}
IIS Constraint: 3; goods; {good:3}
IIS Constraint: 4; goods; {good:4}
IIS Constraint: 5; goods; {good:5}
IIS Constraint: 6; goods; {good:6}
IIS Constraint: 7; goods; {good:7}
IIS Constraint: 8; goods; {good:8}
IIS Constraint: 9; goods; {good:9}
IIS Constraint: 10; goods; {good:10}
IIS Constraint: 12; goods; {good:12}
IIS Constraint: 13; goods; {good:13}
IIS Constraint: 14; goods; {good:14}
IIS Constraint: 15; goods; {good:15}
IIS Constraint: 16; goods; {good:16}
IIS Constraint: 17; goods; {good:17}
IIS Constraint: 18; goods; {good:18}
IIS Constraint: 19; goods; {good:19}
IIS Constraint: 21; goods; {good:21}
IIS Constraint: 22; goods; {good:22}
IIS Constraint: 23; goods; {good:23}
IIS Constraint: 24; goods; {good:24}
IIS Constraint: 25; goods; {good:25}
IIS Constraint: 26; goods; {good:26}
IIS Constraint: 27; goods; {good:27}
IIS Constraint: 28; goods; {good:28}
IIS Constraint: 29; goods; {good:29}
IIS Constraint: 30; goods; {good:30}
IIS Constraint: 32; goods; {good:32}
IIS Constraint: 33; goods; {good:33}
IIS Constraint: 34; goods; {good:34}
IIS Constraint: 35; goods; {good:35}
IIS Constraint: 36; goods; {good:36}
IIS Constraint: 37; goods; {good:37}
IIS Constraint: 38; goods; {good:38}
IIS Constraint: 39; goods; {good:39}
IIS Constraint: 40; goods; {good:40}
IIS Constraint: 42; goods; {good:42}
IIS Constraint: 45; goods; {good:45}
IIS Constraint: 47; goods; {good:47}
IIS Constraint: 49; goods; {good:49}
IIS Constraint: 50; goods; {good:50}
IIS Constraint: 51; goods; {good:51}
IIS Constraint: 52; goods; {good:52}
IIS Constraint: 53; goods; {good:53}
IIS Constraint: 54; goods; {good:54}
IIS Constraint: 55; goods; {good:55}
IIS Constraint: 57; goods; {good:57}
IIS Constraint: 58; goods; {good:58}
IIS Constraint: 61; goods; {good:61}
IIS Constraint: 159; query; {goods:[60,44],query:10}
IIS Constraint: 160; max; {f:4557.644999999993,objective:max}
