IIS generation
Instance: matching-64-500-420000
----------------------------
Query: 3
Query element:244
Query element:448
Query scope: 244
Query scope: 448
----------------------------
IIS optimality: suboptimal
IIS solution time: 326.05016
IIS Constraint: 0; goods; {good:0}
IIS Constraint: 1; goods; {good:1}
IIS Constraint: 3; goods; {good:3}
IIS Constraint: 4; goods; {good:4}
IIS Constraint: 5; goods; {good:5}
IIS Constraint: 7; goods; {good:7}
IIS Constraint: 8; goods; {good:8}
IIS Constraint: 9; goods; {good:9}
IIS Constraint: 11; goods; {good:11}
IIS Constraint: 12; goods; {good:12}
IIS Constraint: 15; goods; {good:15}
IIS Constraint: 16; goods; {good:16}
IIS Constraint: 17; goods; {good:17}
IIS Constraint: 19; goods; {good:19}
IIS Constraint: 20; goods; {good:20}
IIS Constraint: 21; goods; {good:21}
IIS Constraint: 23; goods; {good:23}
IIS Constraint: 25; goods; {good:25}
IIS Constraint: 27; goods; {good:27}
IIS Constraint: 29; goods; {good:29}
IIS Constraint: 31; goods; {good:31}
IIS Constraint: 33; goods; {good:33}
IIS Constraint: 37; goods; {good:37}
IIS Constraint: 40; goods; {good:40}
IIS Constraint: 41; goods; {good:41}
IIS Constraint: 43; goods; {good:43}
IIS Constraint: 44; goods; {good:44}
IIS Constraint: 45; goods; {good:45}
IIS Constraint: 48; goods; {good:48}
IIS Constraint: 49; goods; {good:49}
IIS Constraint: 51; goods; {good:51}
IIS Constraint: 52; goods; {good:52}
IIS Constraint: 53; goods; {good:53}
IIS Constraint: 56; goods; {good:56}
IIS Constraint: 57; goods; {good:57}
IIS Constraint: 60; goods; {good:60}
IIS Constraint: 61; goods; {good:61}
IIS Constraint: 62; goods; {good:62}
IIS Constraint: 64; goods; {good:64}
IIS Constraint: 65; goods; {good:65}
IIS Constraint: 74; goods; {good:74}
IIS Constraint: 83; goods; {good:83}
IIS Constraint: 84; goods; {good:84}
IIS Constraint: 85; goods; {good:85}
IIS Constraint: 99; goods; {good:99}
IIS Constraint: 102; goods; {good:102}
IIS Constraint: 104; goods; {good:104}
IIS Constraint: 111; goods; {good:111}
IIS Constraint: 116; goods; {good:116}
IIS Constraint: 117; goods; {good:117}
IIS Constraint: 122; goods; {good:122}
IIS Constraint: 126; query; {bid:244,query:3}
IIS Constraint: 128; max; {f:166.86851000000001,objective:max}
