IIS generation
Instance: arbitrary-64-500-650000
----------------------------
Query: 7
Query element:45
Query scope: 20
Query scope: 23
Query scope: 24
Query scope: 25
Query scope: 26
Query scope: 28
Query scope: 30
Query scope: 42
Query scope: 48
Query scope: 49
Query scope: 50
Query scope: 51
Query scope: 52
Query scope: 53
Query scope: 57
Query scope: 58
Query scope: 72
Query scope: 74
Query scope: 82
Query scope: 89
Query scope: 93
Query scope: 94
Query scope: 96
Query scope: 99
Query scope: 100
Query scope: 101
Query scope: 130
Query scope: 132
Query scope: 133
Query scope: 134
Query scope: 135
Query scope: 136
Query scope: 137
Query scope: 140
Query scope: 142
Query scope: 151
Query scope: 153
Query scope: 161
Query scope: 162
Query scope: 164
Query scope: 168
Query scope: 169
Query scope: 170
Query scope: 173
Query scope: 174
Query scope: 177
Query scope: 180
Query scope: 181
Query scope: 197
Query scope: 199
Query scope: 207
Query scope: 212
Query scope: 239
Query scope: 240
Query scope: 246
Query scope: 248
Query scope: 252
Query scope: 266
Query scope: 283
Query scope: 290
Query scope: 297
Query scope: 298
Query scope: 305
Query scope: 310
Query scope: 311
Query scope: 314
Query scope: 316
Query scope: 317
Query scope: 318
Query scope: 342
Query scope: 385
Query scope: 387
Query scope: 395
Query scope: 396
Query scope: 397
Query scope: 398
Query scope: 399
Query scope: 403
Query scope: 408
Query scope: 409
Query scope: 411
Query scope: 412
Query scope: 420
Query scope: 423
Query scope: 437
Query scope: 446
Query scope: 454
Query scope: 465
Query scope: 467
Query scope: 468
Query scope: 469
Query scope: 482
Query scope: 487
Query scope: 493
----------------------------
IIS optimality: suboptimal
IIS solution time: 20813.56281
IIS Constraint: 0; goods; {good:0}
IIS Constraint: 1; goods; {good:1}
IIS Constraint: 2; goods; {good:2}
IIS Constraint: 3; goods; {good:3}
IIS Constraint: 4; goods; {good:4}
IIS Constraint: 5; goods; {good:5}
IIS Constraint: 6; goods; {good:6}
IIS Constraint: 7; goods; {good:7}
IIS Constraint: 8; goods; {good:8}
IIS Constraint: 9; goods; {good:9}
IIS Constraint: 10; goods; {good:10}
IIS Constraint: 11; goods; {good:11}
IIS Constraint: 12; goods; {good:12}
IIS Constraint: 13; goods; {good:13}
IIS Constraint: 14; goods; {good:14}
IIS Constraint: 15; goods; {good:15}
IIS Constraint: 16; goods; {good:16}
IIS Constraint: 17; goods; {good:17}
IIS Constraint: 18; goods; {good:18}
IIS Constraint: 19; goods; {good:19}
IIS Constraint: 20; goods; {good:20}
IIS Constraint: 22; goods; {good:22}
IIS Constraint: 23; goods; {good:23}
IIS Constraint: 24; goods; {good:24}
IIS Constraint: 25; goods; {good:25}
IIS Constraint: 26; goods; {good:26}
IIS Constraint: 27; goods; {good:27}
IIS Constraint: 28; goods; {good:28}
IIS Constraint: 29; goods; {good:29}
IIS Constraint: 30; goods; {good:30}
IIS Constraint: 31; goods; {good:31}
IIS Constraint: 32; goods; {good:32}
IIS Constraint: 33; goods; {good:33}
IIS Constraint: 35; goods; {good:35}
IIS Constraint: 36; goods; {good:36}
IIS Constraint: 37; goods; {good:37}
IIS Constraint: 38; goods; {good:38}
IIS Constraint: 40; goods; {good:40}
IIS Constraint: 41; goods; {good:41}
IIS Constraint: 42; goods; {good:42}
IIS Constraint: 43; goods; {good:43}
IIS Constraint: 44; goods; {good:44}
IIS Constraint: 46; goods; {good:46}
IIS Constraint: 47; goods; {good:47}
IIS Constraint: 48; goods; {good:48}
IIS Constraint: 49; goods; {good:49}
IIS Constraint: 50; goods; {good:50}
IIS Constraint: 51; goods; {good:51}
IIS Constraint: 52; goods; {good:52}
IIS Constraint: 53; goods; {good:53}
IIS Constraint: 54; goods; {good:54}
IIS Constraint: 55; goods; {good:55}
IIS Constraint: 56; goods; {good:56}
IIS Constraint: 57; goods; {good:57}
IIS Constraint: 58; goods; {good:58}
IIS Constraint: 59; goods; {good:59}
IIS Constraint: 60; goods; {good:60}
IIS Constraint: 61; goods; {good:61}
IIS Constraint: 62; goods; {good:62}
IIS Constraint: 154; query; {good:45,query:7}
IIS Constraint: 155; max; {f:4486.8865,objective:max}
