Instance: arbitrary-256-500-740000
----------------------------
Query: 8
Query element:129
Query scope: 10
Query scope: 13
Query scope: 15
Query scope: 17
Query scope: 31
Query scope: 64
Query scope: 67
Query scope: 68
Query scope: 80
Query scope: 81
Query scope: 158
Query scope: 169
Query scope: 201
Query scope: 203
Query scope: 216
Query scope: 259
Query scope: 314
Query scope: 329
Query scope: 332
Query scope: 339
Query scope: 351
Query scope: 375
Query scope: 380
Query scope: 396
Query scope: 420
Query scope: 425
Query scope: 431
Query scope: 456
Query scope: 461
Query scope: 474
Query scope: 484
Query scope: 488
