Instance: regions-256-500-40000
----------------------------
Query: 10
Query element:147
Query element:114
Query scope: 16
Query scope: 17
Query scope: 43
Query scope: 133
Query scope: 134
Query scope: 136
Query scope: 214
Query scope: 215
Query scope: 216
Query scope: 217
Query scope: 281
Query scope: 282
Query scope: 283
Query scope: 289
Query scope: 290
Query scope: 328
Query scope: 368
Query scope: 373
Query scope: 449
Query scope: 451
Query scope: 452
Query scope: 453
Query scope: 463
Query scope: 491
Query scope: 494
Query scope: 495
Query scope: 496
Query scope: 497
Query scope: 498
