------------------------------------------
---------------- Solution ----------------
------------------------------------------
0. Bid: 0 Goods: [3, 40, 100]
1. Bid: 20 Goods: [32, 74, 102]
2. Bid: 30 Goods: [63, 73, 103]
3. Bid: 49 Goods: [52, 94, 104]
4. Bid: 50 Goods: [49, 62, 105]
5. Bid: 64 Goods: [54, 65, 106]
6. Bid: 70 Goods: [10, 21, 107]
7. Bid: 80 Goods: [46, 84, 108]
8. Bid: 90 Goods: [81, 95, 109]
9. Bid: 93 Goods: [45, 76, 110]
10. Bid: 112 Goods: [23, 60, 111]
11. Bid: 120 Goods: [13, 44, 112]
12. Bid: 123 Goods: [36, 79, 113]
13. Bid: 133 Goods: [6, 17, 114]
14. Bid: 162 Goods: [86, 97, 116]
15. Bid: 170 Goods: [26, 64, 117]
16. Bid: 182 Goods: [48, 91, 118]
17. Bid: 183 Goods: [50, 88, 119]
18. Bid: 193 Goods: [42, 80, 120]
19. Bid: 208 Goods: [56, 99, 121]
Objective value: 174.26669
Solving time: 0.00664
