------------------------------------------
---------------- Solution ----------------
------------------------------------------
0. Bid: 4 Goods: [24, 57, 100]
1. Bid: 14 Goods: [69, 83, 101]
2. Bid: 20 Goods: [25, 39, 102]
3. Bid: 30 Goods: [28, 70, 103]
4. Bid: 40 Goods: [53, 67, 104]
5. Bid: 50 Goods: [2, 40, 105]
6. Bid: 64 Goods: [22, 60, 106]
7. Bid: 70 Goods: [5, 19, 107]
8. Bid: 80 Goods: [32, 74, 108]
9. Bid: 99 Goods: [18, 56, 109]
10. Bid: 105 Goods: [11, 21, 110]
11. Bid: 106 Goods: [37, 68, 111]
12. Bid: 116 Goods: [55, 65, 112]
13. Bid: 135 Goods: [14, 52, 113]
14. Bid: 145 Goods: [44, 87, 114]
15. Bid: 150 Goods: [29, 43, 115]
16. Bid: 156 Goods: [46, 84, 116]
17. Bid: 166 Goods: [36, 79, 117]
18. Bid: 176 Goods: [48, 90, 118]
19. Bid: 191 Goods: [51, 61, 119]
20. Bid: 192 Goods: [81, 94, 120]
21. Bid: 195 Goods: [20, 62, 121]
Objective value: 119.74102
Solving time: 0.00535
