------------------------------------------
---------------- Solution ----------------
------------------------------------------
0. Bid: 4 Goods: [40, 82, 100]
1. Bid: 10 Goods: [10, 48, 101]
2. Bid: 20 Goods: [31, 68, 102]
3. Bid: 39 Goods: [75, 85, 103]
4. Bid: 40 Goods: [42, 53, 104]
5. Bid: 50 Goods: [62, 73, 105]
6. Bid: 60 Goods: [11, 21, 106]
7. Bid: 70 Goods: [51, 88, 107]
8. Bid: 76 Goods: [55, 65, 108]
9. Bid: 86 Goods: [47, 84, 109]
10. Bid: 96 Goods: [70, 81, 110]
11. Bid: 106 Goods: [15, 25, 111]
12. Bid: 125 Goods: [54, 92, 112]
13. Bid: 135 Goods: [35, 72, 113]
14. Bid: 136 Goods: [78, 89, 114]
15. Bid: 145 Goods: [7, 17, 115]
16. Bid: 157 Goods: [37, 50, 116]
17. Bid: 158 Goods: [8, 41, 117]
18. Bid: 172 Goods: [49, 80, 118]
19. Bid: 178 Goods: [3, 13, 119]
20. Bid: 188 Goods: [12, 45, 120]
21. Bid: 198 Goods: [9, 23, 121]
Objective value: 145.41772
Solving time: 0.00550
