------------------------------------------
---------------- Solution ----------------
------------------------------------------
0. Bid: 4 Goods: [73, 87, 100]
1. Bid: 10 Goods: [27, 37, 101]
2. Bid: 20 Goods: [52, 85, 102]
3. Bid: 30 Goods: [12, 54, 103]
4. Bid: 40 Goods: [15, 25, 104]
5. Bid: 50 Goods: [40, 83, 105]
6. Bid: 60 Goods: [71, 81, 106]
7. Bid: 79 Goods: [29, 60, 107]
8. Bid: 80 Goods: [30, 68, 108]
9. Bid: 90 Goods: [82, 93, 109]
10. Bid: 93 Goods: [59, 69, 110]
11. Bid: 103 Goods: [44, 77, 111]
12. Bid: 113 Goods: [11, 48, 112]
13. Bid: 123 Goods: [39, 76, 113]
14. Bid: 133 Goods: [28, 70, 114]
15. Bid: 143 Goods: [42, 53, 115]
16. Bid: 162 Goods: [65, 78, 116]
17. Bid: 163 Goods: [38, 49, 117]
18. Bid: 180 Goods: [32, 74, 118]
19. Bid: 183 Goods: [1, 14, 119]
20. Bid: 189 Goods: [46, 84, 120]
21. Bid: 199 Goods: [24, 67, 121]
Objective value: 140.01909
Solving time: 0.00623
