------------------------------------------
---------------- Solution ----------------
------------------------------------------
0. Bid: 0 Goods: [22, 48, 52, 94, 100]
1. Bid: 5 Goods: [25, 34, 57, 101]
2. Bid: 11 Goods: [9, 53, 84, 102]
3. Bid: 15 Goods: [75]
4. Bid: 16 Goods: [0, 91, 103]
5. Bid: 22 Goods: [17, 37, 61, 104]
6. Bid: 24 Goods: [36, 70, 85, 105]
7. Bid: 32 Goods: [18, 33, 65, 106]
8. Bid: 33 Goods: [82, 107]
9. Bid: 35 Goods: [4, 86, 108]
10. Bid: 38 Goods: [24, 30, 54]
11. Bid: 42 Goods: [5, 20, 90, 109]
12. Bid: 48 Goods: [73, 111]
13. Bid: 57 Goods: [1]
14. Bid: 63 Goods: [7, 47, 89, 114]
15. Bid: 65 Goods: [10, 43, 92, 115]
16. Bid: 79 Goods: [3, 28, 99, 118]
17. Bid: 88 Goods: [6, 44, 67, 120]
18. Bid: 95 Goods: [26, 46, 69, 76, 121]
19. Bid: 100 Goods: [71]
20. Bid: 104 Goods: [31, 32, 87, 122]
21. Bid: 107 Goods: [38, 72, 78, 123]
22. Bid: 108 Goods: [81, 124]
23. Bid: 115 Goods: [19, 74, 125]
24. Bid: 131 Goods: [35, 77, 128]
25. Bid: 145 Goods: [40, 45]
26. Bid: 159 Goods: [27, 68, 134]
27. Bid: 161 Goods: [12, 16, 64]
28. Bid: 162 Goods: [49, 95, 98, 135]
29. Bid: 184 Goods: [8, 41, 142]
30. Bid: 196 Goods: [21]
31. Bid: 198 Goods: [14, 80, 42, 146]
Objective value: 23.2337473
Solving time: 0.00746
