------------------------------------------
---------------- Solution ----------------
------------------------------------------
0. Bid: 2 Goods: [40, 92, 100]
1. Bid: 8 Goods: [24, 83, 101]
2. Bid: 11 Goods: [4, 87, 102]
3. Bid: 22 Goods: [95, 105]
4. Bid: 29 Goods: [0, 50, 53, 106]
5. Bid: 31 Goods: [97, 107]
6. Bid: 35 Goods: [76, 108]
7. Bid: 39 Goods: [34, 66, 96, 109]
8. Bid: 52 Goods: [56, 72, 111]
9. Bid: 56 Goods: [16, 88, 113]
10. Bid: 62 Goods: [26, 80, 114]
11. Bid: 67 Goods: [8, 12, 75, 116]
12. Bid: 69 Goods: [74, 117]
13. Bid: 76 Goods: [44, 89, 91, 119]
14. Bid: 83 Goods: [17, 65, 120]
15. Bid: 87 Goods: [19, 47, 60, 63, 121]
16. Bid: 89 Goods: [5, 64, 90, 122]
17. Bid: 102 Goods: [22, 52, 86, 124]
18. Bid: 103 Goods: [9, 93, 94, 125]
19. Bid: 110 Goods: [58, 67, 127]
20. Bid: 119 Goods: [3, 13, 37, 99, 128]
21. Bid: 120 Goods: [41, 57]
22. Bid: 124 Goods: [11, 45, 48, 98, 129]
23. Bid: 134 Goods: [29, 49, 77, 131]
24. Bid: 136 Goods: [28, 71, 132]
25. Bid: 148 Goods: [25, 36, 82]
26. Bid: 162 Goods: [46, 30, 73]
27. Bid: 167 Goods: [1, 78, 39, 43, 137]
28. Bid: 173 Goods: [18, 20, 68, 138]
29. Bid: 179 Goods: [54, 21]
30. Bid: 187 Goods: [27, 69, 141]
31. Bid: 189 Goods: [42]
32. Bid: 192 Goods: [7, 51, 15, 143]
Objective value: 30.3274573
Solving time: 0.01509
