------------------------------------------
---------------- Solution ----------------
------------------------------------------
0. Bid: 10 Goods: [4, 16, 58]
1. Bid: 12 Goods: [17, 64, 102]
2. Bid: 17 Goods: [35, 39, 96, 103]
3. Bid: 19 Goods: [1, 25, 92, 104]
4. Bid: 24 Goods: [5, 63, 105]
5. Bid: 29 Goods: [9, 78, 106]
6. Bid: 32 Goods: [45, 86, 107]
7. Bid: 33 Goods: [88, 108]
8. Bid: 39 Goods: [11, 44, 98]
9. Bid: 40 Goods: [10, 73, 109]
10. Bid: 48 Goods: [53, 66, 110]
11. Bid: 55 Goods: [32]
12. Bid: 62 Goods: [21, 55, 112]
13. Bid: 64 Goods: [62, 113]
14. Bid: 69 Goods: [34, 41, 46]
15. Bid: 70 Goods: [27, 54]
16. Bid: 78 Goods: [6, 26, 79, 115]
17. Bid: 80 Goods: [18, 75]
18. Bid: 113 Goods: [12, 13, 57]
19. Bid: 130 Goods: [24, 28, 47, 126]
20. Bid: 131 Goods: [30, 31]
21. Bid: 134 Goods: [23, 69, 127]
22. Bid: 137 Goods: [19, 48, 52, 90, 128]
23. Bid: 149 Goods: [29, 68, 77, 130]
24. Bid: 153 Goods: [37, 74, 131]
25. Bid: 160 Goods: [42]
26. Bid: 161 Goods: [99, 132]
27. Bid: 166 Goods: [3, 20, 65, 133]
28. Bid: 172 Goods: [56, 97, 33, 134]
29. Bid: 187 Goods: [8, 80, 76, 137]
30. Bid: 193 Goods: [84, 14, 93, 138]
31. Bid: 195 Goods: [49, 2, 139]
Objective value: 23.777726100000002
Solving time: 0.00726
