------------------------------------------
---------------- Solution ----------------
------------------------------------------
0. Bid: 5 Goods: [7, 85, 101]
1. Bid: 10 Goods: [14, 38, 56, 102]
2. Bid: 12 Goods: [4, 10, 46, 47, 103]
3. Bid: 14 Goods: [29, 55]
4. Bid: 15 Goods: [24, 54, 76, 104]
5. Bid: 32 Goods: [81, 108]
6. Bid: 38 Goods: [8, 9, 28, 90, 109]
7. Bid: 40 Goods: [13, 110]
8. Bid: 44 Goods: [53, 98, 112]
9. Bid: 49 Goods: [12, 49]
10. Bid: 50 Goods: [45, 113]
11. Bid: 64 Goods: [95]
12. Bid: 65 Goods: [92, 117]
13. Bid: 71 Goods: [34, 57, 118]
14. Bid: 80 Goods: [23, 64, 120]
15. Bid: 88 Goods: [40, 41, 83, 121]
16. Bid: 92 Goods: [19, 69, 122]
17. Bid: 108 Goods: [93, 126]
18. Bid: 113 Goods: [27, 30, 73]
19. Bid: 125 Goods: [44, 51, 61, 129]
20. Bid: 128 Goods: [3, 48, 87, 130]
21. Bid: 130 Goods: [36, 58, 75, 131]
22. Bid: 136 Goods: [96]
23. Bid: 138 Goods: [25, 33, 59, 133]
24. Bid: 149 Goods: [6, 11, 16, 72, 135]
25. Bid: 155 Goods: [22, 32, 63, 136]
26. Bid: 157 Goods: [60, 137]
27. Bid: 162 Goods: [94, 138]
28. Bid: 170 Goods: [1, 15, 21, 84, 139]
29. Bid: 174 Goods: [31, 91, 140]
30. Bid: 183 Goods: [97, 142]
31. Bid: 185 Goods: [66]
32. Bid: 192 Goods: [88, 43, 42, 144]
Objective value: 23.115441699999998
Solving time: 0.01190
