Instance: arbitrary-32-100-410000
----------------------------
Query: 8
Query element:21
Query scope: 0
Query scope: 1
Query scope: 2
Query scope: 3
Query scope: 4
Query scope: 5
Query scope: 6
Query scope: 7
Query scope: 8
Query scope: 9
Query scope: 10
Query scope: 11
Query scope: 19
Query scope: 20
Query scope: 21
Query scope: 36
Query scope: 38
Query scope: 40
Query scope: 42
Query scope: 43
Query scope: 48
Query scope: 49
Query scope: 50
Query scope: 51
Query scope: 53
Query scope: 54
Query scope: 56
Query scope: 57
Query scope: 58
Query scope: 59
Query scope: 60
Query scope: 62
Query scope: 63
Query scope: 72
Query scope: 73
Query scope: 74
Query scope: 83
Query scope: 85
Query scope: 88
Query scope: 90
Query scope: 91
Query scope: 92
Query scope: 93
Query scope: 98
Query scope: 99
