Instance: arbitrary-32-100-850000
----------------------------
Query: 9
Query element:43
Query element:12
Query scope: 62
Query scope: 63
Query scope: 64
Query scope: 0
Query scope: 1
Query scope: 2
Query scope: 3
Query scope: 4
Query scope: 5
Query scope: 6
Query scope: 9
Query scope: 12
Query scope: 13
Query scope: 16
Query scope: 18
Query scope: 19
Query scope: 27
Query scope: 28
Query scope: 29
Query scope: 30
Query scope: 31
Query scope: 32
Query scope: 49
Query scope: 50
Query scope: 55
Query scope: 56
Query scope: 57
Query scope: 58
Query scope: 59
Query scope: 60
Query scope: 65
Query scope: 70
Query scope: 72
Query scope: 73
Query scope: 74
Query scope: 75
Query scope: 76
Query scope: 77
Query scope: 83
Query scope: 86
Query scope: 92
Query scope: 98
