IIS generation
Iter 1: 
Min Hitting Set: []
Min Correction Subset: [80]
Iter 2: 
Min Hitting Set: [80]
Min Correction Subset: [21]
Iter 3: 
Min Hitting Set: [21, 80]
Min Correction Subset: [4]
Iter 4: 
Min Hitting Set: [4, 21, 80]
Min Correction Subset: [9]
Iter 5: 
Min Hitting Set: [4, 9, 21, 80]
Min Correction Subset: [5]
Iter 6: 
Min Hitting Set: [4, 5, 9, 21, 80]
Min Correction Subset: [0]
Iter 7: 
Min Hitting Set: [0, 4, 5, 9, 21, 80]
Min Correction Subset: [25]
Iter 8: 
Min Hitting Set: [0, 4, 5, 9, 21, 25, 80]
Min Correction Subset: [48]
Iter 9: 
Min Hitting Set: [0, 4, 5, 9, 21, 25, 48, 80]
Min Correction Subset: [1]
Iter 10: 
Min Hitting Set: [0, 1, 4, 5, 9, 21, 25, 48, 80]
Min Correction Subset: [13]
Iter 11: 
Min Hitting Set: [0, 1, 4, 5, 9, 13, 21, 25, 48, 80]
Min Correction Subset: [8]
Iter 12: 
Min Hitting Set: [0, 1, 4, 5, 8, 9, 13, 21, 25, 48, 80]
Min Correction Subset: [29]
Iter 13: 
Min Hitting Set: [0, 1, 4, 5, 8, 9, 13, 21, 25, 29, 48, 80]
Min Correction Subset: [17]
Iter 14: 
Min Hitting Set: [0, 1, 4, 5, 8, 9, 13, 17, 21, 25, 29, 48, 80]
Min Correction Subset: [44]
Iter 15: 
Min Hitting Set: [0, 1, 4, 5, 8, 9, 13, 17, 21, 25, 29, 44, 48, 80]
Min Correction Subset: [66]
Iter 16: 
Min Hitting Set: [0, 1, 4, 5, 8, 9, 13, 17, 21, 25, 29, 44, 48, 66, 80]
Min Correction Subset: [75]
Iter 17: 
Min Hitting Set: [0, 1, 4, 5, 8, 9, 13, 17, 21, 25, 29, 44, 48, 66, 75, 80]
Min Correction Subset: [60]
Iter 18: 
Min Hitting Set: [0, 1, 4, 5, 8, 9, 13, 17, 21, 25, 29, 44, 48, 60, 66, 75, 80]
Min Correction Subset: [68]
Iter 19: 
Min Hitting Set: [0, 1, 4, 5, 8, 9, 13, 17, 21, 25, 29, 44, 48, 60, 66, 68, 75, 80]
Min Correction Subset: [57]
Iter 20: 
Min Hitting Set: [0, 1, 4, 5, 8, 9, 13, 17, 21, 25, 29, 44, 48, 57, 60, 66, 68, 75, 80]
Min Correction Subset: [55]
Iter 21: 
Min Hitting Set: [0, 1, 4, 5, 8, 9, 13, 17, 21, 25, 29, 44, 48, 55, 57, 60, 66, 68, 75, 80]
Min Correction Subset: [58]
Iter 22: 
Min Hitting Set: [0, 1, 4, 5, 8, 9, 13, 17, 21, 25, 29, 44, 48, 55, 57, 58, 60, 66, 68, 75, 80]
Min Correction Subset: [79]
Iter 23: 
Min Hitting Set: [0, 1, 4, 5, 8, 9, 13, 17, 21, 25, 29, 44, 48, 55, 57, 58, 60, 66, 68, 75, 79, 80]
Min Correction Subset: [3, 40]
Iter 24: 
Min Hitting Set: [0, 1, 3, 4, 5, 8, 9, 13, 17, 21, 25, 29, 44, 48, 55, 57, 58, 60, 66, 68, 75, 79, 80]
Min Correction Subset: [7, 33]
Iter 25: 
Min Hitting Set: [0, 1, 3, 4, 5, 7, 8, 9, 13, 17, 21, 25, 29, 44, 48, 55, 57, 58, 60, 66, 68, 75, 79, 80]
Min Correction Subset: [33, 40]
Iter 26: 
Min Hitting Set: [0, 1, 4, 5, 8, 9, 13, 17, 21, 25, 29, 33, 40, 44, 48, 55, 57, 58, 60, 66, 68, 75, 79, 80]
Min Correction Subset: [7, 47]
Iter 27: 
Min Hitting Set: [0, 1, 4, 5, 7, 8, 9, 13, 17, 21, 25, 29, 40, 44, 48, 55, 57, 58, 60, 66, 68, 75, 79, 80]
Min Correction Subset: [3, 33]
Iter 28: 
Min Hitting Set: [0, 1, 3, 4, 5, 7, 8, 9, 13, 17, 21, 25, 29, 33, 44, 48, 55, 57, 58, 60, 66, 68, 75, 79, 80]
Min Correction Subset: [40, 47]
Iter 29: 
Min Hitting Set: [0, 1, 3, 4, 5, 8, 9, 13, 17, 21, 25, 29, 33, 44, 47, 48, 55, 57, 58, 60, 66, 68, 75, 79, 80]
Min Correction Subset: [7, 40]
Iter 30: 
Min Hitting Set: [0, 1, 4, 5, 7, 8, 9, 13, 17, 21, 25, 29, 33, 40, 44, 48, 55, 57, 58, 60, 66, 68, 75, 79, 80]
Min Correction Subset: [47, 59, 76]
Iter 31: 
Min Hitting Set: [0, 1, 4, 5, 8, 9, 13, 17, 21, 25, 29, 33, 40, 44, 47, 48, 55, 57, 58, 60, 66, 68, 75, 79, 80]
Min Correction Subset: [3, 67, 71]
Iter 32: 
Min Hitting Set: [0, 1, 3, 4, 5, 7, 8, 9, 13, 17, 21, 25, 29, 33, 44, 47, 48, 55, 57, 58, 60, 66, 68, 75, 79, 80]
Min Correction Subset: [40, 67]
Iter 33: 
Min Hitting Set: [0, 1, 3, 4, 5, 8, 9, 13, 17, 21, 25, 29, 33, 40, 44, 47, 48, 55, 57, 58, 60, 66, 68, 75, 79, 80]
Min Correction Subset: [7, 59, 67]
Iter 34: 
Min Hitting Set: [0, 1, 3, 4, 5, 7, 8, 9, 13, 17, 21, 25, 29, 40, 44, 48, 55, 57, 58, 59, 60, 66, 68, 75, 79, 80]
Min Correction Subset: [33, 76]
Iter 35: 
Min Hitting Set: [0, 1, 3, 4, 5, 7, 8, 9, 13, 17, 21, 25, 29, 40, 44, 48, 55, 57, 58, 60, 66, 68, 75, 76, 79, 80]
Min Correction Subset: [33, 47]
Iter 36: 
Min Hitting Set: [0, 1, 4, 5, 8, 9, 13, 17, 21, 25, 29, 33, 40, 44, 47, 48, 55, 57, 58, 60, 66, 67, 68, 75, 79, 80]
Min Correction Subset: [3, 7, 71]
Iter 37: 
Min Hitting Set: [0, 1, 4, 5, 7, 8, 9, 13, 17, 21, 25, 29, 33, 40, 44, 48, 55, 57, 58, 59, 60, 66, 67, 68, 75, 79, 80]
Min Correction Subset: [3, 47, 76]
Iter 38: 
Min Hitting Set: [0, 1, 4, 5, 7, 8, 9, 13, 17, 21, 25, 29, 33, 40, 44, 47, 48, 55, 57, 58, 60, 66, 67, 68, 75, 79, 80]
Min Correction Subset: [3, 71, 73]
Iter 39: 
Min Hitting Set: [0, 1, 3, 4, 5, 8, 9, 13, 17, 21, 25, 29, 33, 40, 44, 47, 48, 55, 57, 58, 60, 66, 67, 68, 75, 79, 80]
Min Correction Subset: [7, 59, 73]
Iter 40: 
Min Hitting Set: [0, 1, 3, 4, 5, 8, 9, 13, 17, 21, 25, 29, 33, 40, 44, 47, 48, 55, 57, 58, 59, 60, 66, 68, 75, 79, 80]
Min Correction Subset: [7, 67, 76]
Iter 41: 
Min Hitting Set: [0, 1, 3, 4, 5, 7, 8, 9, 13, 17, 21, 25, 29, 33, 40, 44, 48, 55, 57, 58, 59, 60, 66, 68, 75, 79, 80]
Min Correction Subset: [47, 73, 76]
Iter 42: 
Min Hitting Set: [0, 1, 3, 4, 5, 7, 8, 9, 13, 17, 21, 25, 29, 40, 44, 47, 48, 55, 57, 58, 60, 66, 68, 75, 76, 79, 80]
Min Correction Subset: [33, 67]
Iter 43: 
Min Hitting Set: [0, 1, 3, 4, 5, 7, 8, 9, 13, 17, 21, 25, 29, 33, 40, 44, 48, 55, 57, 58, 60, 66, 68, 75, 76, 79, 80]
Min Correction Subset: [47, 59, 73]
Iter 44: 
Min Hitting Set: [0, 1, 3, 4, 5, 7, 8, 9, 13, 17, 21, 25, 29, 33, 40, 44, 47, 48, 55, 57, 58, 60, 66, 68, 75, 79, 80]
Min Correction Subset: [59, 67, 73, 76]
Iter 45: 
Min Hitting Set: [0, 1, 3, 4, 5, 7, 8, 9, 13, 17, 21, 25, 29, 33, 44, 47, 48, 55, 57, 58, 60, 66, 67, 68, 75, 79, 80]
Min Correction Subset: [40, 76]
