IIS generation
Iter 1: 
Min Hitting Set: []
Min Correction Subset: [91]
Iter 2: 
Min Hitting Set: [91]
Min Correction Subset: [29, 90]
Iter 3: 
Min Hitting Set: [29, 91]
Min Correction Subset: [24, 90]
Iter 4: 
Min Hitting Set: [90, 91]
Min Correction Subset: [23, 24, 31]
Iter 5: 
Min Hitting Set: [24, 29, 91]
Min Correction Subset: [2, 90]
Iter 6: 
Min Hitting Set: [24, 90, 91]
Min Correction Subset: [1, 2, 8]
Iter 7: 
Min Hitting Set: [2, 24, 29, 91]
Min Correction Subset: [8, 90]
Iter 8: 
Min Hitting Set: [2, 24, 90, 91]
Min Correction Subset: [8, 15, 21, 29]
Iter 9: 
Min Hitting Set: [8, 24, 90, 91]
Min Correction Subset: [21, 29, 31, 36, 37]
Iter 10: 
Min Hitting Set: [8, 31, 90, 91]
Min Correction Subset: [21, 24, 29, 47]
Iter 11: 
Min Hitting Set: [2, 24, 29, 90, 91]
Min Correction Subset: [8, 17, 18, 19, 23]
Iter 12: 
Min Hitting Set: [8, 29, 31, 90, 91]
Min Correction Subset: [17, 19, 24, 47]
Iter 13: 
Min Hitting Set: [8, 24, 31, 90, 91]
Min Correction Subset: [21, 29, 30, 35, 37]
Iter 14: 
Min Hitting Set: [2, 8, 24, 29, 91]
Min Correction Subset: [37, 90]
Iter 15: 
Min Hitting Set: [8, 24, 29, 90, 91]
Min Correction Subset: [12, 31, 37, 44, 47]
Iter 16: 
Min Hitting Set: [8, 24, 37, 90, 91]
Min Correction Subset: [21, 23, 29, 30, 68]
Iter 17: 
Min Hitting Set: [8, 29, 31, 47, 90, 91]
Min Correction Subset: [20, 21, 23, 37, 44]
Iter 18: 
Min Hitting Set: [8, 24, 29, 37, 90, 91]
Min Correction Subset: [2, 3, 11, 17, 18, 19]
Iter 19: 
Min Hitting Set: [2, 23, 29, 47, 90, 91]
Min Correction Subset: [11, 17, 24, 31]
Iter 20: 
Min Hitting Set: [2, 8, 24, 29, 37, 91]
Min Correction Subset: [45, 90]
Iter 21: 
Min Hitting Set: [2, 17, 21, 31, 90, 91]
Min Correction Subset: [8, 23, 24, 47]
Iter 22: 
Min Hitting Set: [8, 17, 21, 31, 90, 91]
Min Correction Subset: [2, 12, 24, 47]
Iter 23: 
Min Hitting Set: [2, 17, 21, 31, 47, 90, 91]
Min Correction Subset: [4, 8, 11, 43, 44]
Iter 24: 
Min Hitting Set: [8, 17, 23, 24, 37, 90, 91]
Min Correction Subset: [2, 13, 19, 20, 21, 29]
Iter 25: 
Min Hitting Set: [8, 17, 21, 24, 44, 90, 91]
Min Correction Subset: [29, 31, 35, 36, 37]
Iter 26: 
Min Hitting Set: [8, 17, 24, 29, 44, 90, 91]
Min Correction Subset: [23, 31, 32, 37, 39]
Iter 27: 
Min Hitting Set: [8, 11, 24, 29, 37, 90, 91]
Min Correction Subset: [2, 12, 13, 19, 20, 26, 40]
Iter 28: 
Min Hitting Set: [8, 19, 24, 29, 37, 90, 91]
Min Correction Subset: [12, 13, 20, 40, 43, 44, 69]
Iter 29: 
Min Hitting Set: [2, 23, 24, 29, 44, 90, 91]
Min Correction Subset: [4, 8, 9, 11, 13]
Iter 30: 
Min Hitting Set: [8, 12, 17, 23, 29, 90, 91]
Min Correction Subset: [3, 11, 24, 31]
Iter 31: 
Min Hitting Set: [8, 12, 19, 21, 31, 90, 91]
Min Correction Subset: [2, 17, 24, 47]
Iter 32: 
Min Hitting Set: [8, 12, 17, 21, 31, 90, 91]
Min Correction Subset: [24, 32, 33, 40, 47]
Iter 33: 
Min Hitting Set: [8, 17, 24, 29, 37, 40, 90, 91]
Min Correction Subset: [2, 3, 4, 11, 18, 19]
Iter 34: 
Min Hitting Set: [8, 19, 24, 29, 37, 44, 90, 91]
Min Correction Subset: [12, 13, 20, 21, 23, 27, 40]
Iter 35: 
Min Hitting Set: [8, 19, 24, 29, 37, 40, 90, 91]
Min Correction Subset: [2, 12, 13, 20, 21, 23, 27]
Iter 36: 
Min Hitting Set: [2, 13, 23, 24, 29, 44, 90, 91]
Min Correction Subset: [4, 5, 8, 9, 11]
Iter 37: 
Min Hitting Set: [8, 19, 23, 24, 37, 44, 90, 91]
Min Correction Subset: [12, 13, 20, 21, 27, 29]
Iter 38: 
Min Hitting Set: [8, 19, 23, 24, 29, 44, 90, 91]
Min Correction Subset: [2, 12, 13, 20, 27, 31, 69]
Iter 39: 
Min Hitting Set: [8, 12, 19, 24, 29, 37, 90, 91]
Min Correction Subset: [2, 3, 5, 11, 17, 18, 71]
Iter 40: 
Min Hitting Set: [2, 8, 19, 21, 31, 40, 90, 91]
Min Correction Subset: [13, 17, 20, 24, 47]
Iter 41: 
Min Hitting Set: [2, 8, 21, 31, 40, 47, 90, 91]
Min Correction Subset: [17, 29, 35, 36, 37, 44]
Iter 42: 
Min Hitting Set: [2, 8, 17, 21, 31, 40, 90, 91]
Min Correction Subset: [19, 24, 29, 35, 47]
Iter 43: 
Min Hitting Set: [2, 8, 21, 31, 44, 47, 90, 91]
Min Correction Subset: [3, 11, 12, 17, 18, 19]
Iter 44: 
Min Hitting Set: [2, 8, 12, 21, 24, 37, 90, 91]
Min Correction Subset: [3, 11, 17, 18, 19, 32, 56]
Iter 45: 
Min Hitting Set: [8, 11, 20, 23, 24, 37, 90, 91]
Min Correction Subset: [19, 21, 29, 40, 43, 44]
Iter 46: 
Min Hitting Set: [2, 11, 20, 23, 29, 47, 90, 91]
Min Correction Subset: [12, 19, 24, 31]
Iter 47: 
Min Hitting Set: [8, 11, 20, 29, 31, 47, 90, 91]
Min Correction Subset: [15, 21, 23, 37, 44]
Iter 48: 
Min Hitting Set: [8, 11, 12, 21, 24, 37, 90, 91]
Min Correction Subset: [2, 13, 19, 20, 40, 43, 44]
Iter 49: 
Min Hitting Set: [8, 11, 13, 21, 24, 37, 90, 91]
Min Correction Subset: [2, 12, 17, 18, 19, 26, 56]
Iter 50: 
Min Hitting Set: [8, 13, 18, 24, 29, 37, 90, 91]
Min Correction Subset: [1, 2, 19, 21, 33, 40, 47]
Iter 51: 
Min Hitting Set: [2, 11, 12, 23, 24, 29, 90, 91]
Min Correction Subset: [31, 32, 36, 37, 39, 44]
Iter 52: 
Min Hitting Set: [2, 11, 23, 24, 29, 44, 90, 91]
Min Correction Subset: [8, 12, 17, 18, 19, 40]
Iter 53: 
Min Hitting Set: [8, 13, 18, 21, 24, 37, 90, 91]
Min Correction Subset: [29, 31, 32, 35, 36, 43, 44]
Iter 54: 
Min Hitting Set: [8, 12, 17, 19, 24, 29, 37, 90, 91]
Min Correction Subset: [2, 13, 20, 27, 40, 43, 44]
Iter 55: 
Min Hitting Set: [8, 11, 12, 23, 29, 44, 47, 90, 91]
Min Correction Subset: [1, 2, 24, 31]
Iter 56: 
Min Hitting Set: [2, 8, 11, 12, 24, 29, 37, 90, 91]
Min Correction Subset: [18, 19, 21, 23, 40, 43, 44]
Iter 57: 
Min Hitting Set: [2, 8, 17, 23, 24, 29, 44, 90, 91]
Min Correction Subset: [3, 11, 12, 13, 19, 20]
Iter 58: 
Min Hitting Set: [2, 8, 11, 23, 24, 29, 44, 90, 91]
Min Correction Subset: [12, 13, 19, 20, 26, 40, 89]
Iter 59: 
Min Hitting Set: [8, 13, 17, 19, 24, 29, 37, 90, 91]
Min Correction Subset: [2, 21, 33, 40, 43, 44, 47]
Iter 60: 
Min Hitting Set: [8, 17, 19, 21, 24, 31, 40, 90, 91]
Min Correction Subset: [2, 29, 35, 36, 37, 44]
Iter 61: 
Min Hitting Set: [2, 11, 13, 19, 24, 29, 37, 90, 91]
Min Correction Subset: [4, 8, 23, 40, 43, 44]
Iter 62: 
Min Hitting Set: [2, 11, 19, 23, 24, 29, 44, 90, 91]
Min Correction Subset: [4, 8, 13, 20, 27, 31, 32]
Iter 63: 
Min Hitting Set: [2, 8, 19, 23, 24, 29, 44, 90, 91]
Min Correction Subset: [3, 11, 12, 13, 20, 31, 69]
Iter 64: 
Min Hitting Set: [2, 4, 12, 18, 24, 29, 37, 90, 91]
Min Correction Subset: [3, 8, 11, 15, 17, 23]
Iter 65: 
Min Hitting Set: [2, 8, 17, 19, 21, 31, 40, 90, 91]
Min Correction Subset: [12, 13, 20, 24, 47]
Iter 66: 
Min Hitting Set: [2, 8, 12, 23, 24, 29, 32, 90, 91]
Min Correction Subset: [17, 18, 19, 36, 37, 44]
Iter 67: 
Min Hitting Set: [2, 8, 11, 24, 29, 37, 40, 90, 91]
Min Correction Subset: [6, 12, 13, 18, 19, 20, 26]
Iter 68: 
Min Hitting Set: [8, 18, 20, 29, 31, 44, 47, 90, 91]
Min Correction Subset: [3, 11, 12, 13, 19, 21, 23]
Iter 69: 
Min Hitting Set: [2, 8, 12, 19, 24, 29, 37, 90, 91]
Min Correction Subset: [13, 20, 21, 23, 40, 43, 44]
Iter 70: 
Min Hitting Set: [2, 8, 19, 20, 24, 29, 37, 90, 91]
Min Correction Subset: [3, 11, 12, 13, 18, 43, 44, 69]
Iter 71: 
Min Hitting Set: [8, 13, 18, 21, 24, 36, 37, 90, 91]
Min Correction Subset: [23, 28, 29, 30, 31, 35, 47]
Iter 72: 
Min Hitting Set: [8, 13, 18, 24, 29, 37, 40, 90, 91]
Min Correction Subset: [2, 3, 10, 11, 21, 31, 47]
Iter 73: 
Min Hitting Set: [8, 13, 18, 21, 24, 29, 31, 90, 91]
Min Correction Subset: [17, 19, 26, 36, 37, 44]
Iter 74: 
Min Hitting Set: [8, 13, 18, 21, 24, 29, 37, 90, 91]
Min Correction Subset: [2, 3, 11, 12, 19, 43, 44]
Iter 75: 
Min Hitting Set: [8, 11, 12, 24, 29, 37, 40, 90, 91]
Min Correction Subset: [2, 19, 21, 23, 30, 31, 47]
Iter 76: 
Min Hitting Set: [2, 8, 12, 24, 29, 32, 44, 90, 91]
Min Correction Subset: [17, 21, 23, 31, 37]
Iter 77: 
Min Hitting Set: [2, 8, 13, 19, 24, 29, 37, 90, 91]
Min Correction Subset: [3, 11, 18, 21, 23, 31, 32, 40]
Iter 78: 
Min Hitting Set: [8, 13, 18, 21, 24, 31, 44, 90, 91]
Min Correction Subset: [29, 35, 36, 37, 42, 43]
Iter 79: 
Min Hitting Set: [2, 8, 13, 18, 24, 29, 37, 90, 91]
Min Correction Subset: [19, 21, 23, 26, 40, 43, 44]
Iter 80: 
Min Hitting Set: [2, 11, 12, 17, 23, 29, 32, 90, 91]
Min Correction Subset: [13, 20, 24, 31]
Iter 81: 
Min Hitting Set: [8, 12, 18, 29, 31, 44, 47, 90, 91]
Min Correction Subset: [13, 19, 20, 21, 23, 26, 40]
Iter 82: 
Min Hitting Set: [8, 13, 18, 29, 31, 44, 47, 90, 91]
Min Correction Subset: [2, 3, 4, 11, 17, 19, 24]
Iter 83: 
Min Hitting Set: [8, 18, 20, 23, 24, 37, 44, 47, 90, 91]
Min Correction Subset: [12, 13, 19, 21, 29, 30]
Iter 84: 
Min Hitting Set: [8, 18, 20, 23, 24, 29, 44, 47, 90, 91]
Min Correction Subset: [2, 12, 19, 25, 26, 31, 40, 58]
Iter 85: 
Min Hitting Set: [8, 11, 19, 20, 24, 29, 37, 44, 90, 91]
Min Correction Subset: [1, 2, 21, 33, 40, 47, 89]
Iter 86: 
Min Hitting Set: [8, 11, 19, 23, 29, 31, 44, 47, 90, 91]
Min Correction Subset: [2, 12, 13, 20, 21, 27, 69]
Iter 87: 
Min Hitting Set: [8, 11, 19, 21, 31, 37, 44, 47, 90, 91]
Min Correction Subset: [2, 12, 13, 20, 28, 29, 35, 69]
Iter 88: 
Min Hitting Set: [8, 11, 19, 21, 29, 31, 44, 47, 90, 91]
Min Correction Subset: [2, 12, 13, 17, 20, 23, 24, 30, 69]
Iter 89: 
Min Hitting Set: [8, 11, 19, 21, 24, 29, 31, 44, 90, 91]
Min Correction Subset: [2, 12, 13, 20, 26, 27, 28, 35, 69, 79]
Iter 90: 
Min Hitting Set: [8, 11, 19, 20, 29, 31, 44, 47, 90, 91]
Min Correction Subset: [2, 17, 21, 23, 24, 26, 30, 40, 56, 89]
Iter 91: 
Min Hitting Set: [2, 11, 19, 20, 23, 24, 29, 37, 90, 91]
Min Correction Subset: [4, 8, 28, 35, 40, 43, 44]
Iter 92: 
Min Hitting Set: [2, 11, 13, 19, 23, 29, 37, 40, 90, 91]
Min Correction Subset: [8, 17, 24, 47]
Iter 93: 
Min Hitting Set: [2, 11, 13, 23, 24, 29, 37, 40, 90, 91]
Min Correction Subset: [8, 12, 17, 18, 19, 26, 58]
Iter 94: 
Min Hitting Set: [2, 11, 13, 19, 24, 29, 37, 40, 90, 91]
Min Correction Subset: [4, 8, 23, 31, 32, 89]
Iter 95: 
Min Hitting Set: [8, 11, 19, 20, 21, 24, 29, 37, 90, 91]
Min Correction Subset: [2, 31, 32, 39, 40, 43, 44, 89]
Iter 96: 
Min Hitting Set: [8, 11, 19, 20, 24, 29, 37, 40, 90, 91]
Min Correction Subset: [2, 9, 10, 17, 21, 31, 47]
Iter 97: 
Min Hitting Set: [8, 11, 19, 20, 21, 24, 29, 31, 90, 91]
Min Correction Subset: [2, 12, 13, 17, 36, 37, 44]
Iter 98: 
Min Hitting Set: [8, 11, 19, 20, 21, 24, 31, 37, 90, 91]
Min Correction Subset: [2, 28, 29, 35, 40, 43, 44]
Iter 99: 
Min Hitting Set: [2, 8, 11, 18, 24, 29, 37, 40, 90, 91]
Min Correction Subset: [6, 12, 13, 17, 19, 20, 26]
Iter 100: 
Min Hitting Set: [2, 8, 11, 13, 23, 24, 29, 37, 90, 91]
Min Correction Subset: [12, 17, 18, 19, 26, 56, 58]
Iter 101: 
Min Hitting Set: [8, 11, 12, 21, 24, 29, 37, 40, 90, 91]
Min Correction Subset: [13, 17, 18, 19, 20, 26, 56]
Iter 102: 
Min Hitting Set: [2, 11, 19, 23, 24, 29, 32, 44, 90, 91]
Min Correction Subset: [4, 8, 12, 13, 20, 21, 27, 31]
Iter 103: 
Min Hitting Set: [2, 11, 12, 19, 24, 29, 31, 44, 90, 91]
Min Correction Subset: [8, 13, 17, 18, 20, 23]
Iter 104: 
Min Hitting Set: [8, 11, 19, 21, 24, 31, 35, 44, 90, 91]
Min Correction Subset: [2, 6, 12, 13, 20, 26, 27, 34, 40, 69, 79]
Iter 105: 
Min Hitting Set: [8, 18, 20, 21, 24, 31, 37, 43, 90, 91]
Min Correction Subset: [2, 3, 11, 12, 13, 19, 29, 35]
Iter 106: 
Min Hitting Set: [2, 8, 11, 19, 20, 24, 29, 37, 90, 91]
Min Correction Subset: [21, 23, 31, 32, 39, 40, 43, 44]
Iter 107: 
Min Hitting Set: [2, 11, 19, 23, 24, 29, 31, 43, 90, 91]
Min Correction Subset: [4, 8, 32, 36, 37, 44]
Iter 108: 
Min Hitting Set: [8, 11, 13, 19, 21, 29, 31, 47, 90, 91]
Min Correction Subset: [28, 35, 36, 37, 42, 43, 44]
Iter 109: 
Min Hitting Set: [8, 12, 18, 21, 23, 24, 37, 44, 90, 91]
Min Correction Subset: [2, 3, 4, 6, 11, 13, 19, 20]
Iter 110: 
Min Hitting Set: [2, 8, 11, 19, 23, 24, 29, 44, 90, 91]
Min Correction Subset: [12, 13, 20, 21, 27, 31, 32, 69]
Iter 111: 
Min Hitting Set: [2, 11, 19, 20, 23, 24, 29, 44, 90, 91]
Min Correction Subset: [4, 8, 9, 10, 17, 18, 31, 84]
Iter 112: 
Min Hitting Set: [2, 8, 19, 21, 24, 31, 37, 43, 90, 91]
Min Correction Subset: [3, 11, 12, 13, 20, 29, 35, 69]
Iter 113: 
Min Hitting Set: [2, 8, 19, 24, 29, 31, 40, 44, 90, 91]
Min Correction Subset: [12, 13, 20, 21, 23, 27, 69]
Iter 114: 
Min Hitting Set: [2, 8, 19, 20, 23, 24, 29, 44, 90, 91]
Min Correction Subset: [3, 11, 12, 18, 28, 31, 32, 35]
Iter 115: 
Min Hitting Set: [2, 11, 19, 20, 24, 29, 31, 44, 90, 91]
Min Correction Subset: [4, 8, 9, 17, 18, 23, 84]
Iter 116: 
Min Hitting Set: [2, 11, 19, 23, 24, 29, 31, 44, 90, 91]
Min Correction Subset: [12, 13, 20, 21, 27, 28, 35, 69]
Iter 117: 
Min Hitting Set: [2, 8, 13, 18, 23, 24, 37, 44, 90, 91]
Min Correction Subset: [19, 21, 26, 29, 30, 40]
Iter 118: 
Min Hitting Set: [2, 11, 13, 18, 23, 24, 29, 44, 90, 91]
Min Correction Subset: [4, 5, 8, 12, 19, 25, 31, 58]
Iter 119: 
Min Hitting Set: [2, 4, 13, 17, 24, 29, 31, 44, 90, 91]
Min Correction Subset: [3, 5, 6, 11, 12, 18, 19]
Iter 120: 
Min Hitting Set: [8, 11, 21, 24, 26, 29, 31, 44, 90, 91]
Min Correction Subset: [6, 12, 13, 17, 18, 19, 20]
Iter 121: 
Min Hitting Set: [8, 11, 13, 19, 23, 31, 35, 47, 90, 91]
Min Correction Subset: [21, 29, 30, 36, 37, 44]
Iter 122: 
Min Hitting Set: [2, 8, 12, 17, 24, 29, 37, 40, 90, 91]
Min Correction Subset: [3, 11, 18, 19, 43, 44, 89]
Iter 123: 
Min Hitting Set: [2, 8, 13, 19, 23, 24, 32, 37, 90, 91]
Min Correction Subset: [21, 28, 29, 30, 35, 80]
Iter 124: 
Min Hitting Set: [8, 13, 18, 21, 24, 31, 37, 44, 90, 91]
Min Correction Subset: [3, 11, 12, 19, 20, 26, 27, 34]
Iter 125: 
Min Hitting Set: [8, 18, 20, 21, 24, 29, 31, 44, 90, 91]
Min Correction Subset: [2, 3, 4, 6, 11, 12, 13, 19]
Iter 126: 
Min Hitting Set: [2, 8, 12, 19, 21, 24, 29, 37, 90, 91]
Min Correction Subset: [3, 4, 5, 11, 18, 20, 43, 44]
Iter 127: 
Min Hitting Set: [2, 8, 19, 20, 24, 29, 31, 44, 90, 91]
Min Correction Subset: [3, 11, 12, 13, 18, 21, 23, 89]
Iter 128: 
Min Hitting Set: [2, 8, 12, 18, 24, 29, 37, 40, 90, 91]
Min Correction Subset: [13, 19, 20, 21, 23, 31, 32]
Iter 129: 
Min Hitting Set: [2, 8, 18, 20, 21, 24, 29, 37, 90, 91]
Min Correction Subset: [3, 11, 12, 19, 31, 43, 44]
Iter 130: 
Min Hitting Set: [8, 13, 18, 19, 21, 24, 31, 35, 90, 91]
Min Correction Subset: [2, 3, 4, 11, 36, 37, 44]
Instance: regions-52-200-930000
----------------------------
Query: 3
Query element:47
Query element:102
Query scope: 47
Query scope: 102
----------------------------
IIS optimality: suboptimal
IIS solution time: 36075.263
IIS Constraint: 8; goods; {good:8}
IIS Constraint: 13; goods; {good:13}
IIS Constraint: 18; goods; {good:18}
IIS Constraint: 19; goods; {good:19}
IIS Constraint: 21; goods; {good:21}
IIS Constraint: 24; goods; {good:24}
IIS Constraint: 31; goods; {good:31}
IIS Constraint: 35; goods; {good:35}
IIS Constraint: 90; query; {bid:102,query:3}
IIS Constraint: 91; max; {f:2792.2793,objective:max}
