IIS generation
Iter 1: 
Min Hitting Set: []
Min Correction Subset: [87]
Iter 2: 
Min Hitting Set: [87]
Min Correction Subset: [86]
Iter 3: 
Min Hitting Set: [86, 87]
Min Correction Subset: [31, 37]
Iter 4: 
Min Hitting Set: [31, 86, 87]
Min Correction Subset: [10, 34]
Iter 5: 
Min Hitting Set: [10, 31, 86, 87]
Min Correction Subset: [8, 9]
Iter 6: 
Min Hitting Set: [8, 10, 31, 86, 87]
Min Correction Subset: [11, 37]
Iter 7: 
Min Hitting Set: [8, 10, 37, 86, 87]
Min Correction Subset: [11, 32]
Iter 8: 
Min Hitting Set: [8, 10, 11, 37, 86, 87]
Min Correction Subset: [23, 42]
Iter 9: 
Min Hitting Set: [8, 10, 11, 23, 37, 86, 87]
Min Correction Subset: [1, 16]
Iter 10: 
Min Hitting Set: [1, 8, 10, 11, 23, 37, 86, 87]
Min Correction Subset: [9, 35]
Iter 11: 
Min Hitting Set: [1, 9, 10, 11, 23, 37, 86, 87]
Min Correction Subset: [15, 44]
Iter 12: 
Min Hitting Set: [1, 9, 10, 11, 15, 23, 37, 86, 87]
Min Correction Subset: [26, 30]
Iter 13: 
Min Hitting Set: [1, 9, 10, 11, 15, 23, 26, 37, 86, 87]
Min Correction Subset: [17, 29]
Iter 14: 
Min Hitting Set: [1, 9, 10, 11, 15, 17, 23, 26, 37, 86, 87]
Min Correction Subset: [8, 31, 44]
Iter 15: 
Min Hitting Set: [1, 9, 10, 11, 17, 23, 26, 31, 44, 86, 87]
Min Correction Subset: [8, 37]
Iter 16: 
Min Hitting Set: [1, 9, 10, 11, 17, 23, 26, 37, 44, 86, 87]
Min Correction Subset: [8, 15]
Iter 17: 
Min Hitting Set: [1, 9, 10, 11, 15, 17, 23, 26, 37, 44, 86, 87]
Min Correction Subset: [28, 34, 35]
Iter 18: 
Min Hitting Set: [1, 9, 11, 15, 17, 23, 26, 34, 37, 44, 86, 87]
Min Correction Subset: [8, 12, 32]
Iter 19: 
Min Hitting Set: [1, 9, 15, 17, 23, 26, 31, 32, 34, 37, 86, 87]
Min Correction Subset: [10, 11]
Iter 20: 
Min Hitting Set: [1, 8, 9, 11, 17, 23, 26, 31, 34, 44, 86, 87]
Min Correction Subset: [35, 37]
Iter 21: 
Min Hitting Set: [1, 8, 10, 11, 17, 23, 26, 31, 35, 44, 86, 87]
Min Correction Subset: [4, 12, 34]
Iter 22: 
Min Hitting Set: [1, 8, 9, 11, 17, 23, 26, 34, 37, 44, 86, 87]
Min Correction Subset: [15, 22, 30]
Iter 23: 
Min Hitting Set: [1, 8, 9, 11, 17, 23, 30, 34, 37, 44, 86, 87]
Min Correction Subset: [26, 35]
Iter 24: 
Min Hitting Set: [1, 8, 9, 11, 15, 17, 23, 26, 34, 37, 86, 87]
Min Correction Subset: [29, 35, 36]
Iter 25: 
Min Hitting Set: [1, 8, 9, 11, 15, 23, 26, 29, 34, 37, 86, 87]
Min Correction Subset: [10, 17, 32]
Iter 26: 
Min Hitting Set: [1, 8, 11, 17, 23, 30, 34, 35, 37, 44, 86, 87]
Min Correction Subset: [9, 10]
Iter 27: 
Min Hitting Set: [1, 9, 11, 15, 23, 26, 29, 32, 34, 37, 44, 86, 87]
Min Correction Subset: [10, 17, 18]
Iter 28: 
Min Hitting Set: [1, 9, 10, 15, 23, 26, 29, 32, 34, 37, 44, 86, 87]
Min Correction Subset: [8, 11]
Iter 29: 
Min Hitting Set: [1, 8, 9, 10, 15, 23, 26, 29, 32, 34, 37, 86, 87]
Min Correction Subset: [11, 44]
Iter 30: 
Min Hitting Set: [1, 8, 9, 11, 15, 17, 23, 26, 29, 34, 37, 86, 87]
Min Correction Subset: [20, 24, 39]
Iter 31: 
Min Hitting Set: [1, 8, 9, 11, 15, 17, 20, 23, 26, 29, 34, 37, 86, 87]
Min Correction Subset: [4, 12, 16]
Iter 32: 
Min Hitting Set: [8, 9, 11, 15, 16, 17, 20, 23, 26, 29, 34, 37, 86, 87]
Min Correction Subset: [1, 2, 33]
Iter 33: 
Min Hitting Set: [1, 8, 10, 11, 12, 17, 20, 23, 30, 31, 35, 44, 86, 87]
Min Correction Subset: [0, 9, 13]
Iter 34: 
Min Hitting Set: [1, 8, 9, 10, 11, 12, 15, 20, 23, 26, 29, 34, 37, 86, 87]
Min Correction Subset: [30, 31, 32]
Iter 35: 
Min Hitting Set: [1, 9, 10, 11, 12, 15, 20, 23, 26, 29, 31, 34, 37, 86, 87]
Min Correction Subset: [8, 44, 48]
Iter 36: 
Min Hitting Set: [1, 9, 11, 12, 15, 17, 20, 23, 30, 34, 35, 37, 44, 86, 87]
Min Correction Subset: [10, 26, 33]
Iter 37: 
Min Hitting Set: [1, 8, 9, 11, 15, 16, 17, 20, 23, 26, 31, 34, 35, 86, 87]
Min Correction Subset: [37, 44]
Iter 38: 
Min Hitting Set: [1, 8, 9, 10, 11, 12, 20, 23, 29, 30, 35, 37, 44, 86, 87]
Min Correction Subset: [2, 34, 48]
Iter 39: 
Min Hitting Set: [8, 9, 11, 15, 16, 17, 20, 23, 30, 33, 34, 35, 37, 86, 87]
Min Correction Subset: [4, 5, 10]
Iter 40: 
Min Hitting Set: [1, 9, 10, 11, 12, 15, 20, 23, 26, 29, 31, 34, 37, 48, 86, 87]
Min Correction Subset: [8, 24, 30]
Iter 41: 
Min Hitting Set: [1, 9, 10, 11, 12, 15, 23, 24, 26, 29, 31, 34, 37, 48, 86, 87]
Min Correction Subset: [7, 20, 39]
Iter 42: 
Min Hitting Set: [1, 8, 9, 10, 11, 12, 15, 20, 23, 26, 29, 31, 34, 37, 86, 87]
Min Correction Subset: [30, 42, 44]
Iter 43: 
Min Hitting Set: [1, 8, 9, 10, 11, 12, 15, 26, 29, 31, 34, 37, 39, 42, 86, 87]
Min Correction Subset: [23, 28, 36]
Iter 44: 
Min Hitting Set: [1, 8, 9, 10, 11, 12, 20, 23, 29, 30, 31, 34, 35, 44, 86, 87]
Min Correction Subset: [26, 33, 37]
Iter 45: 
Min Hitting Set: [1, 8, 9, 10, 12, 20, 23, 29, 30, 32, 35, 37, 44, 48, 86, 87]
Min Correction Subset: [11, 15]
Iter 46: 
Min Hitting Set: [2, 8, 9, 10, 11, 16, 20, 23, 29, 30, 34, 35, 37, 44, 86, 87]
Min Correction Subset: [1, 17]
Iter 47: 
Min Hitting Set: [1, 4, 8, 9, 11, 15, 17, 26, 32, 34, 36, 37, 39, 42, 86, 87]
Min Correction Subset: [14, 21, 23]
Iter 48: 
Min Hitting Set: [1, 8, 9, 10, 12, 15, 23, 26, 29, 32, 34, 37, 39, 44, 86, 87]
Min Correction Subset: [11, 18, 19]
Iter 49: 
Min Hitting Set: [1, 8, 9, 10, 11, 12, 15, 20, 23, 29, 30, 34, 35, 37, 86, 87]
Min Correction Subset: [19, 26, 42]
Iter 50: 
Min Hitting Set: [1, 8, 9, 10, 11, 12, 15, 20, 23, 26, 29, 30, 34, 37, 86, 87]
Min Correction Subset: [19, 24, 39]
Iter 51: 
Min Hitting Set: [1, 8, 9, 10, 11, 12, 15, 23, 26, 29, 30, 34, 37, 39, 86, 87]
Min Correction Subset: [13, 20, 35, 36]
Iter 52: 
Min Hitting Set: [1, 4, 8, 9, 11, 17, 23, 26, 30, 34, 35, 37, 39, 44, 86, 87]
Min Correction Subset: [15, 24, 31]
Iter 53: 
Min Hitting Set: [1, 4, 8, 9, 11, 17, 23, 26, 30, 31, 34, 35, 39, 44, 86, 87]
Min Correction Subset: [29, 36, 43]
Iter 54: 
Min Hitting Set: [1, 4, 8, 9, 11, 15, 17, 23, 26, 30, 34, 36, 37, 39, 86, 87]
Min Correction Subset: [13, 20, 29]
Iter 55: 
Min Hitting Set: [1, 2, 8, 9, 10, 11, 12, 15, 23, 26, 29, 30, 35, 37, 39, 86, 87]
Min Correction Subset: [24, 31, 44, 48]
Iter 56: 
Min Hitting Set: [1, 2, 8, 9, 10, 11, 12, 15, 23, 26, 29, 31, 35, 39, 44, 86, 87]
Min Correction Subset: [24, 37, 38]
Iter 57: 
Min Hitting Set: [1, 9, 10, 11, 12, 15, 23, 26, 29, 30, 34, 36, 37, 39, 44, 86, 87]
Min Correction Subset: [8, 13, 20]
Iter 58: 
Min Hitting Set: [1, 8, 9, 10, 11, 12, 15, 19, 20, 23, 29, 30, 35, 37, 48, 86, 87]
Min Correction Subset: [2, 24, 34]
Iter 59: 
Min Hitting Set: [1, 9, 10, 11, 12, 15, 19, 20, 23, 26, 29, 30, 34, 37, 44, 86, 87]
Min Correction Subset: [8, 22, 48]
Iter 60: 
Min Hitting Set: [1, 4, 8, 9, 11, 15, 17, 20, 23, 24, 26, 29, 30, 34, 37, 86, 87]
Min Correction Subset: [31, 35, 42, 44]
Iter 61: 
Min Hitting Set: [1, 4, 8, 9, 10, 11, 20, 23, 24, 26, 29, 30, 34, 37, 44, 86, 87]
Min Correction Subset: [15, 16, 35]
Iter 62: 
Min Hitting Set: [1, 8, 9, 10, 11, 16, 20, 23, 24, 26, 29, 30, 34, 37, 44, 86, 87]
Min Correction Subset: [15, 31, 33]
Iter 63: 
Min Hitting Set: [1, 8, 9, 10, 15, 16, 19, 20, 23, 26, 29, 32, 34, 37, 44, 86, 87]
Min Correction Subset: [4, 12, 17]
Iter 64: 
Min Hitting Set: [1, 8, 9, 10, 12, 15, 19, 20, 23, 26, 29, 32, 34, 37, 44, 86, 87]
Min Correction Subset: [4, 11, 24]
Iter 65: 
Min Hitting Set: [1, 4, 8, 9, 10, 15, 19, 20, 23, 26, 29, 32, 34, 37, 44, 86, 87]
Min Correction Subset: [11, 18, 35]
Iter 66: 
Min Hitting Set: [1, 2, 4, 8, 9, 10, 11, 15, 19, 23, 29, 30, 31, 35, 37, 39, 86, 87]
Min Correction Subset: [16, 26, 44]
Iter 67: 
Min Hitting Set: [1, 2, 4, 8, 9, 10, 11, 15, 23, 26, 29, 30, 35, 37, 39, 48, 86, 87]
Min Correction Subset: [34, 42, 43, 44]
Iter 68: 
Min Hitting Set: [1, 9, 10, 11, 12, 15, 19, 20, 23, 26, 29, 30, 34, 37, 44, 48, 86, 87]
Min Correction Subset: [8, 22, 24]
Iter 69: 
Min Hitting Set: [1, 9, 10, 11, 12, 15, 19, 20, 22, 23, 26, 29, 30, 34, 37, 44, 86, 87]
Min Correction Subset: [7, 8, 31]
Iter 70: 
Min Hitting Set: [1, 8, 9, 10, 11, 12, 15, 20, 23, 26, 29, 30, 31, 34, 37, 39, 86, 87]
Min Correction Subset: [0, 13, 24, 44]
Iter 71: 
Min Hitting Set: [1, 9, 10, 11, 12, 15, 20, 23, 24, 26, 29, 30, 31, 34, 37, 48, 86, 87]
Min Correction Subset: [8, 32, 44]
Iter 72: 
Min Hitting Set: [1, 8, 9, 10, 12, 15, 18, 20, 23, 24, 26, 29, 32, 34, 37, 44, 86, 87]
Min Correction Subset: [4, 11, 31]
Iter 73: 
Min Hitting Set: [1, 4, 8, 9, 11, 15, 17, 20, 23, 24, 26, 30, 31, 34, 36, 37, 86, 87]
Min Correction Subset: [7, 14, 19, 29]
Iter 74: 
Min Hitting Set: [1, 8, 10, 11, 12, 13, 23, 24, 26, 29, 30, 31, 35, 39, 44, 48, 86, 87]
Min Correction Subset: [9, 21, 37]
Iter 75: 
Min Hitting Set: [1, 8, 9, 10, 11, 12, 22, 23, 26, 29, 31, 34, 35, 37, 39, 44, 86, 87]
Min Correction Subset: [15, 16, 24, 43]
Iter 76: 
Min Hitting Set: [1, 4, 8, 9, 10, 15, 18, 20, 23, 24, 26, 29, 32, 34, 37, 44, 86, 87]
Min Correction Subset: [11, 22, 30]
Iter 77: 
Min Hitting Set: [1, 4, 8, 9, 10, 11, 15, 20, 23, 24, 26, 29, 30, 34, 35, 37, 86, 87]
Min Correction Subset: [16, 18, 44, 48]
Iter 78: 
Min Hitting Set: [1, 2, 4, 8, 9, 10, 11, 15, 23, 29, 30, 35, 37, 39, 42, 44, 86, 87]
Min Correction Subset: [12, 26, 33]
Iter 79: 
Min Hitting Set: [1, 8, 10, 11, 12, 13, 15, 23, 26, 29, 30, 34, 35, 37, 39, 48, 86, 87]
Min Correction Subset: [9, 44]
Iter 80: 
Min Hitting Set: [1, 4, 8, 9, 11, 13, 15, 17, 23, 26, 29, 32, 34, 37, 39, 44, 86, 87]
Min Correction Subset: [0, 20, 30, 31]
Iter 81: 
Min Hitting Set: [1, 8, 9, 10, 11, 12, 15, 20, 23, 24, 26, 29, 30, 34, 37, 44, 86, 87]
Min Correction Subset: [35, 36, 42, 48]
Iter 82: 
Min Hitting Set: [1, 4, 8, 9, 10, 11, 15, 23, 26, 29, 30, 34, 35, 37, 39, 44, 86, 87]
Min Correction Subset: [31, 32, 33, 43]
Iter 83: 
Min Hitting Set: [1, 4, 8, 9, 11, 15, 18, 20, 23, 24, 26, 29, 32, 34, 37, 42, 86, 87]
Min Correction Subset: [30, 36, 44]
Iter 84: 
Min Hitting Set: [0, 1, 2, 8, 10, 11, 12, 15, 23, 26, 29, 31, 35, 37, 39, 44, 86, 87]
Min Correction Subset: [7, 9, 24]
Iter 85: 
Min Hitting Set: [1, 4, 8, 9, 11, 15, 17, 19, 20, 23, 26, 32, 34, 36, 37, 44, 86, 87]
Min Correction Subset: [7, 14, 21, 28]
Iter 86: 
Min Hitting Set: [1, 4, 7, 8, 9, 10, 11, 23, 24, 26, 29, 30, 31, 34, 35, 44, 86, 87]
Min Correction Subset: [20, 38, 39]
Iter 87: 
Min Hitting Set: [1, 9, 10, 11, 12, 15, 20, 23, 24, 26, 28, 29, 31, 37, 44, 48, 86, 87]
Min Correction Subset: [8, 34, 41]
Iter 88: 
Min Hitting Set: [8, 10, 11, 13, 14, 16, 17, 20, 24, 30, 33, 34, 35, 36, 37, 42, 44, 86, 87]
Min Correction Subset: [1, 15]
Iter 89: 
Min Hitting Set: [1, 7, 9, 10, 11, 12, 15, 20, 23, 24, 26, 29, 32, 34, 37, 44, 48, 86, 87]
Min Correction Subset: [8, 19, 35]
Iter 90: 
Min Hitting Set: [8, 9, 10, 11, 14, 15, 16, 17, 20, 24, 30, 33, 34, 35, 36, 37, 42, 86, 87]
Min Correction Subset: [1, 23, 28]
Iter 91: 
Min Hitting Set: [1, 4, 7, 8, 9, 10, 11, 15, 23, 24, 26, 29, 31, 34, 35, 38, 44, 86, 87]
Min Correction Subset: [18, 30, 37]
Iter 92: 
Min Hitting Set: [1, 4, 8, 9, 11, 14, 17, 20, 24, 30, 31, 33, 34, 35, 36, 42, 44, 86, 87]
Min Correction Subset: [10, 15, 23]
Iter 93: 
Min Hitting Set: [1, 4, 7, 8, 9, 10, 11, 15, 23, 26, 29, 31, 34, 36, 37, 39, 44, 86, 87]
Min Correction Subset: [12, 18, 19, 30]
Iter 94: 
Min Hitting Set: [1, 4, 7, 8, 9, 11, 17, 20, 23, 24, 26, 30, 31, 34, 35, 36, 44, 86, 87]
Min Correction Subset: [37, 38, 39]
Iter 95: 
Min Hitting Set: [1, 8, 9, 10, 11, 12, 23, 24, 26, 28, 29, 30, 31, 34, 35, 39, 44, 86, 87]
Min Correction Subset: [15, 16, 22]
Iter 96: 
Min Hitting Set: [1, 4, 8, 9, 11, 14, 15, 18, 20, 24, 26, 29, 32, 34, 36, 37, 42, 86, 87]
Min Correction Subset: [22, 23, 39]
Iter 97: 
Min Hitting Set: [1, 2, 8, 9, 10, 11, 12, 15, 23, 26, 28, 29, 31, 35, 37, 39, 44, 86, 87]
Min Correction Subset: [7, 24, 34, 48]
Iter 98: 
Min Hitting Set: [1, 8, 9, 10, 11, 12, 15, 23, 26, 28, 29, 31, 34, 35, 37, 39, 44, 86, 87]
Min Correction Subset: [0, 13, 20, 30]
Iter 99: 
Min Hitting Set: [1, 4, 8, 9, 11, 14, 15, 17, 19, 20, 23, 26, 31, 34, 36, 37, 44, 86, 87]
Min Correction Subset: [7, 12, 29, 33]
Iter 100: 
Min Hitting Set: [1, 7, 8, 10, 11, 12, 13, 15, 23, 26, 29, 31, 34, 35, 37, 39, 44, 86, 87]
Min Correction Subset: [2, 9, 48]
Iter 101: 
Min Hitting Set: [1, 8, 9, 10, 11, 12, 15, 20, 23, 24, 26, 28, 29, 31, 37, 44, 48, 86, 87]
Min Correction Subset: [2, 34, 35, 42]
Iter 102: 
Min Hitting Set: [1, 4, 7, 8, 9, 11, 15, 17, 19, 20, 23, 26, 31, 34, 36, 37, 44, 86, 87]
Min Correction Subset: [13, 16, 24, 30]
Iter 103: 
Min Hitting Set: [1, 2, 7, 8, 10, 11, 12, 13, 15, 23, 26, 29, 31, 35, 37, 39, 44, 86, 87]
Min Correction Subset: [9, 16, 32]
Iter 104: 
Min Hitting Set: [1, 7, 8, 9, 10, 11, 12, 15, 20, 23, 24, 26, 29, 30, 31, 34, 37, 48, 86, 87]
Min Correction Subset: [28, 35, 36, 42]
Iter 105: 
Min Hitting Set: [1, 4, 7, 8, 9, 11, 15, 17, 23, 26, 29, 30, 32, 34, 36, 37, 39, 44, 86, 87]
Min Correction Subset: [5, 10, 12, 22]
Iter 106: 
Min Hitting Set: [1, 8, 9, 10, 11, 12, 16, 19, 21, 23, 29, 30, 31, 34, 35, 37, 39, 44, 86, 87]
Min Correction Subset: [26, 33, 40, 46]
Iter 107: 
Min Hitting Set: [1, 8, 9, 10, 11, 12, 13, 15, 23, 26, 28, 29, 30, 31, 34, 37, 39, 48, 86, 87]
Min Correction Subset: [7, 42, 43, 44]
Iter 108: 
Min Hitting Set: [1, 8, 9, 10, 11, 12, 15, 20, 23, 24, 26, 28, 29, 32, 34, 35, 37, 44, 86, 87]
Min Correction Subset: [4, 5, 17, 22, 36, 43]
Instance: regions-52-200-850000
----------------------------
Query: 7
Query element:25
Query scope: 3
Query scope: 4
Query scope: 7
Query scope: 8
Query scope: 9
Query scope: 10
Query scope: 15
Query scope: 16
Query scope: 17
Query scope: 18
Query scope: 19
Query scope: 20
Query scope: 21
Query scope: 22
Query scope: 23
Query scope: 33
Query scope: 36
Query scope: 38
Query scope: 39
Query scope: 40
Query scope: 41
Query scope: 42
Query scope: 43
Query scope: 45
Query scope: 47
Query scope: 48
Query scope: 49
Query scope: 51
Query scope: 52
Query scope: 53
Query scope: 54
Query scope: 55
Query scope: 56
Query scope: 60
Query scope: 63
Query scope: 66
Query scope: 67
Query scope: 72
Query scope: 73
Query scope: 75
Query scope: 79
Query scope: 89
Query scope: 101
Query scope: 103
Query scope: 104
Query scope: 105
Query scope: 106
Query scope: 107
Query scope: 108
Query scope: 109
Query scope: 110
Query scope: 112
Query scope: 116
Query scope: 117
Query scope: 118
Query scope: 119
Query scope: 120
Query scope: 124
Query scope: 134
Query scope: 136
Query scope: 137
Query scope: 138
Query scope: 139
Query scope: 141
Query scope: 142
Query scope: 143
Query scope: 145
Query scope: 146
Query scope: 148
Query scope: 151
Query scope: 153
Query scope: 161
Query scope: 162
Query scope: 174
Query scope: 177
Query scope: 180
Query scope: 181
Query scope: 182
Query scope: 183
Query scope: 184
Query scope: 186
Query scope: 187
Query scope: 188
Query scope: 198
Query scope: 199
Query scope: 200
Query scope: 201
Query scope: 202
Query scope: 203
----------------------------
IIS optimality: suboptimal
IIS solution time: 36045.788
IIS Constraint: 1; goods; {good:1}
IIS Constraint: 8; goods; {good:8}
IIS Constraint: 9; goods; {good:9}
IIS Constraint: 10; goods; {good:10}
IIS Constraint: 11; goods; {good:11}
IIS Constraint: 12; goods; {good:12}
IIS Constraint: 15; goods; {good:15}
IIS Constraint: 20; goods; {good:20}
IIS Constraint: 23; goods; {good:23}
IIS Constraint: 24; goods; {good:24}
IIS Constraint: 26; goods; {good:26}
IIS Constraint: 28; goods; {good:28}
IIS Constraint: 29; goods; {good:29}
IIS Constraint: 32; goods; {good:32}
IIS Constraint: 34; goods; {good:34}
IIS Constraint: 35; goods; {good:35}
IIS Constraint: 37; goods; {good:37}
IIS Constraint: 44; goods; {good:44}
IIS Constraint: 86; query; {good:25,query:7}
IIS Constraint: 87; max; {f:2984.1418000000003,objective:max}
