IIS generation
Iter 1: 
Min Hitting Set: []
Min Correction Subset: [127]
Iter 2: 
Min Hitting Set: [127]
Min Correction Subset: [34]
Iter 3: 
Min Hitting Set: [34, 127]
Min Correction Subset: [36]
Iter 4: 
Min Hitting Set: [34, 36, 127]
Min Correction Subset: [2]
Iter 5: 
Min Hitting Set: [2, 34, 36, 127]
Min Correction Subset: [11]
Iter 6: 
Min Hitting Set: [2, 11, 34, 36, 127]
Min Correction Subset: [19]
Iter 7: 
Min Hitting Set: [2, 11, 19, 34, 36, 127]
Min Correction Subset: [59]
Iter 8: 
Min Hitting Set: [2, 11, 19, 34, 36, 59, 127]
Min Correction Subset: [28]
Iter 9: 
Min Hitting Set: [2, 11, 19, 28, 34, 36, 59, 127]
Min Correction Subset: [14]
Iter 10: 
Min Hitting Set: [2, 11, 14, 19, 28, 34, 36, 59, 127]
Min Correction Subset: [9]
Iter 11: 
Min Hitting Set: [2, 9, 11, 14, 19, 28, 34, 36, 59, 127]
Min Correction Subset: [38]
Iter 12: 
Min Hitting Set: [2, 9, 11, 14, 19, 28, 34, 36, 38, 59, 127]
Min Correction Subset: [12]
Iter 13: 
Min Hitting Set: [2, 9, 11, 12, 14, 19, 28, 34, 36, 38, 59, 127]
Min Correction Subset: [20]
Iter 14: 
Min Hitting Set: [2, 9, 11, 12, 14, 19, 20, 28, 34, 36, 38, 59, 127]
Min Correction Subset: [43]
Iter 15: 
Min Hitting Set: [2, 9, 11, 12, 14, 19, 20, 28, 34, 36, 38, 43, 59, 127]
Min Correction Subset: [15]
Iter 16: 
Min Hitting Set: [2, 9, 11, 12, 14, 15, 19, 20, 28, 34, 36, 38, 43, 59, 127]
Min Correction Subset: [49]
Iter 17: 
Min Hitting Set: [2, 9, 11, 12, 14, 15, 19, 20, 28, 34, 36, 38, 43, 49, 59, 127]
Min Correction Subset: [35]
Iter 18: 
Min Hitting Set: [2, 9, 11, 12, 14, 15, 19, 20, 28, 34, 35, 36, 38, 43, 49, 59, 127]
Min Correction Subset: [23]
Iter 19: 
Min Hitting Set: [2, 9, 11, 12, 14, 15, 19, 20, 23, 28, 34, 35, 36, 38, 43, 49, 59, 127]
Min Correction Subset: [27]
Iter 20: 
Min Hitting Set: [2, 9, 11, 12, 14, 15, 19, 20, 23, 27, 28, 34, 35, 36, 38, 43, 49, 59, 127]
Min Correction Subset: [41]
Iter 21: 
Min Hitting Set: [2, 9, 11, 12, 14, 15, 19, 20, 23, 27, 28, 34, 35, 36, 38, 41, 43, 49, 59, 127]
Min Correction Subset: [47]
Iter 22: 
Min Hitting Set: [2, 9, 11, 12, 14, 15, 19, 20, 23, 27, 28, 34, 35, 36, 38, 41, 43, 47, 49, 59, 127]
Min Correction Subset: [31]
Iter 23: 
Min Hitting Set: [2, 9, 11, 12, 14, 15, 19, 20, 23, 27, 28, 31, 34, 35, 36, 38, 41, 43, 47, 49, 59, 127]
Min Correction Subset: [46]
Iter 24: 
Min Hitting Set: [2, 9, 11, 12, 14, 15, 19, 20, 23, 27, 28, 31, 34, 35, 36, 38, 41, 43, 46, 47, 49, 59, 127]
Min Correction Subset: [0]
Iter 25: 
Min Hitting Set: [0, 2, 9, 11, 12, 14, 15, 19, 20, 23, 27, 28, 31, 34, 35, 36, 38, 41, 43, 46, 47, 49, 59, 127]
Min Correction Subset: [1]
Iter 26: 
Min Hitting Set: [0, 1, 2, 9, 11, 12, 14, 15, 19, 20, 23, 27, 28, 31, 34, 35, 36, 38, 41, 43, 46, 47, 49, 59, 127]
Min Correction Subset: [42]
Iter 27: 
Min Hitting Set: [0, 1, 2, 9, 11, 12, 14, 15, 19, 20, 23, 27, 28, 31, 34, 35, 36, 38, 41, 42, 43, 46, 47, 49, 59, 127]
Min Correction Subset: [75]
Iter 28: 
Min Hitting Set: [0, 1, 2, 9, 11, 12, 14, 15, 19, 20, 23, 27, 28, 31, 34, 35, 36, 38, 41, 42, 43, 46, 47, 49, 59, 75, 127]
Min Correction Subset: [4]
Iter 29: 
Min Hitting Set: [0, 1, 2, 4, 9, 11, 12, 14, 15, 19, 20, 23, 27, 28, 31, 34, 35, 36, 38, 41, 42, 43, 46, 47, 49, 59, 75, 127]
Min Correction Subset: [56]
Iter 30: 
Min Hitting Set: [0, 1, 2, 4, 9, 11, 12, 14, 15, 19, 20, 23, 27, 28, 31, 34, 35, 36, 38, 41, 42, 43, 46, 47, 49, 56, 59, 75, 127]
Min Correction Subset: [44]
Iter 31: 
Min Hitting Set: [0, 1, 2, 4, 9, 11, 12, 14, 15, 19, 20, 23, 27, 28, 31, 34, 35, 36, 38, 41, 42, 43, 44, 46, 47, 49, 56, 59, 75, 127]
Min Correction Subset: [37]
Iter 32: 
Min Hitting Set: [0, 1, 2, 4, 9, 11, 12, 14, 15, 19, 20, 23, 27, 28, 31, 34, 35, 36, 37, 38, 41, 42, 43, 44, 46, 47, 49, 56, 59, 75, 127]
Min Correction Subset: [10]
Iter 33: 
Min Hitting Set: [0, 1, 2, 4, 9, 10, 11, 12, 14, 15, 19, 20, 23, 27, 28, 31, 34, 35, 36, 37, 38, 41, 42, 43, 44, 46, 47, 49, 56, 59, 75, 127]
Min Correction Subset: [40]
Iter 34: 
Min Hitting Set: [0, 1, 2, 4, 9, 10, 11, 12, 14, 15, 19, 20, 23, 27, 28, 31, 34, 35, 36, 37, 38, 40, 41, 42, 43, 44, 46, 47, 49, 56, 59, 75, 127]
Min Correction Subset: [8]
Iter 35: 
Min Hitting Set: [0, 1, 2, 4, 8, 9, 10, 11, 12, 14, 15, 19, 20, 23, 27, 28, 31, 34, 35, 36, 37, 38, 40, 41, 42, 43, 44, 46, 47, 49, 56, 59, 75, 127]
Min Correction Subset: [3]
Iter 36: 
Min Hitting Set: [0, 1, 2, 3, 4, 8, 9, 10, 11, 12, 14, 15, 19, 20, 23, 27, 28, 31, 34, 35, 36, 37, 38, 40, 41, 42, 43, 44, 46, 47, 49, 56, 59, 75, 127]
Min Correction Subset: [16]
Iter 37: 
Min Hitting Set: [0, 1, 2, 3, 4, 8, 9, 10, 11, 12, 14, 15, 16, 19, 20, 23, 27, 28, 31, 34, 35, 36, 37, 38, 40, 41, 42, 43, 44, 46, 47, 49, 56, 59, 75, 127]
Min Correction Subset: [6]
Iter 38: 
Min Hitting Set: [0, 1, 2, 3, 4, 6, 8, 9, 10, 11, 12, 14, 15, 16, 19, 20, 23, 27, 28, 31, 34, 35, 36, 37, 38, 40, 41, 42, 43, 44, 46, 47, 49, 56, 59, 75, 127]
Min Correction Subset: [84]
Iter 39: 
Min Hitting Set: [0, 1, 2, 3, 4, 6, 8, 9, 10, 11, 12, 14, 15, 16, 19, 20, 23, 27, 28, 31, 34, 35, 36, 37, 38, 40, 41, 42, 43, 44, 46, 47, 49, 56, 59, 75, 84, 127]
Min Correction Subset: [26]
Iter 40: 
Min Hitting Set: [0, 1, 2, 3, 4, 6, 8, 9, 10, 11, 12, 14, 15, 16, 19, 20, 23, 26, 27, 28, 31, 34, 35, 36, 37, 38, 40, 41, 42, 43, 44, 46, 47, 49, 56, 59, 75, 84, 127]
Min Correction Subset: [33]
Iter 41: 
Min Hitting Set: [0, 1, 2, 3, 4, 6, 8, 9, 10, 11, 12, 14, 15, 16, 19, 20, 23, 26, 27, 28, 31, 33, 34, 35, 36, 37, 38, 40, 41, 42, 43, 44, 46, 47, 49, 56, 59, 75, 84, 127]
Min Correction Subset: [24]
Iter 42: 
Min Hitting Set: [0, 1, 2, 3, 4, 6, 8, 9, 10, 11, 12, 14, 15, 16, 19, 20, 23, 24, 26, 27, 28, 31, 33, 34, 35, 36, 37, 38, 40, 41, 42, 43, 44, 46, 47, 49, 56, 59, 75, 84, 127]
Min Correction Subset: [51]
Iter 43: 
Min Hitting Set: [0, 1, 2, 3, 4, 6, 8, 9, 10, 11, 12, 14, 15, 16, 19, 20, 23, 24, 26, 27, 28, 31, 33, 34, 35, 36, 37, 38, 40, 41, 42, 43, 44, 46, 47, 49, 51, 56, 59, 75, 84, 127]
Min Correction Subset: [126]
Iter 44: 
Min Hitting Set: [0, 1, 2, 3, 4, 6, 8, 9, 10, 11, 12, 14, 15, 16, 19, 20, 23, 24, 26, 27, 28, 31, 33, 34, 35, 36, 37, 38, 40, 41, 42, 43, 44, 46, 47, 49, 51, 56, 59, 75, 84, 126, 127]
Min Correction Subset: [21]
