IIS generation
Iter 1: 
Min Hitting Set: []
Min Correction Subset: [90]
Iter 2: 
Min Hitting Set: [90]
Min Correction Subset: [88, 89]
Iter 3: 
Min Hitting Set: [88, 90]
Min Correction Subset: [41, 89]
Iter 4: 
Min Hitting Set: [89, 90]
Min Correction Subset: [43, 88]
Iter 5: 
Min Hitting Set: [88, 89, 90]
Min Correction Subset: [36, 37]
Iter 6: 
Min Hitting Set: [36, 88, 89, 90]
Min Correction Subset: [17, 18, 24]
Iter 7: 
Min Hitting Set: [17, 36, 88, 89, 90]
Min Correction Subset: [16, 22, 23]
Iter 8: 
Min Hitting Set: [16, 17, 36, 88, 89, 90]
Min Correction Subset: [24, 33, 41]
Iter 9: 
Min Hitting Set: [16, 24, 36, 88, 89, 90]
Min Correction Subset: [17, 20, 41]
Iter 10: 
Min Hitting Set: [16, 17, 36, 41, 88, 90]
Min Correction Subset: [10, 11, 18]
Iter 11: 
Min Hitting Set: [16, 18, 36, 41, 88, 90]
Min Correction Subset: [2, 8, 9]
Iter 12: 
Min Hitting Set: [2, 16, 18, 36, 41, 88, 90]
Min Correction Subset: [19, 20, 24]
Iter 13: 
Min Hitting Set: [2, 16, 18, 20, 36, 41, 88, 90]
Min Correction Subset: [22, 35, 89]
Iter 14: 
Min Hitting Set: [2, 18, 20, 22, 36, 41, 88, 90]
Min Correction Subset: [16, 17, 23]
Iter 15: 
Min Hitting Set: [2, 16, 17, 18, 24, 36, 88, 89, 90]
Min Correction Subset: [20, 33, 41]
Iter 16: 
Min Hitting Set: [2, 16, 18, 20, 24, 36, 88, 89, 90]
Min Correction Subset: [17, 33, 41]
Iter 17: 
Min Hitting Set: [2, 18, 20, 22, 23, 36, 41, 88, 90]
Min Correction Subset: [16, 26, 40]
Iter 18: 
Min Hitting Set: [2, 16, 18, 20, 36, 41, 88, 89, 90]
Min Correction Subset: [17, 24, 37]
Iter 19: 
Min Hitting Set: [2, 16, 18, 20, 37, 41, 88, 89, 90]
Min Correction Subset: [17, 24, 36]
Iter 20: 
Min Hitting Set: [2, 16, 18, 24, 37, 41, 88, 89, 90]
Min Correction Subset: [13, 20, 47]
Iter 21: 
Min Hitting Set: [2, 16, 18, 20, 36, 37, 41, 88, 89, 90]
Min Correction Subset: [22, 23, 24]
Iter 22: 
Min Hitting Set: [2, 16, 17, 18, 20, 22, 36, 41, 88, 90]
Min Correction Subset: [6, 24, 37]
Iter 23: 
Min Hitting Set: [2, 16, 18, 20, 22, 36, 37, 41, 88, 90]
Min Correction Subset: [23, 24, 43]
Iter 24: 
Min Hitting Set: [2, 16, 18, 20, 24, 37, 41, 88, 89, 90]
Min Correction Subset: [6, 17, 36]
Iter 25: 
Min Hitting Set: [2, 16, 18, 20, 24, 36, 41, 88, 89, 90]
Min Correction Subset: [6, 37, 39]
Iter 26: 
Min Hitting Set: [2, 16, 17, 18, 20, 24, 37, 88, 89, 90]
Min Correction Subset: [36, 41]
Iter 27: 
Min Hitting Set: [2, 6, 16, 18, 20, 22, 24, 37, 41, 88, 90]
Min Correction Subset: [4, 26, 40]
Iter 28: 
Min Hitting Set: [2, 17, 18, 20, 22, 24, 26, 37, 41, 88, 90]
Min Correction Subset: [6, 16, 23]
Iter 29: 
Min Hitting Set: [2, 18, 20, 23, 26, 36, 37, 41, 88, 89, 90]
Min Correction Subset: [16, 17, 47]
Iter 30: 
Min Hitting Set: [2, 17, 18, 20, 23, 26, 37, 41, 43, 89, 90]
Min Correction Subset: [24, 88]
Iter 31: 
Min Hitting Set: [2, 17, 18, 20, 23, 37, 40, 41, 88, 89, 90]
Min Correction Subset: [16, 22, 36]
Iter 32: 
Min Hitting Set: [2, 17, 18, 20, 22, 23, 37, 40, 41, 88, 90]
Min Correction Subset: [9, 10, 36]
Iter 33: 
Min Hitting Set: [9, 17, 18, 20, 22, 23, 26, 37, 41, 88, 90]
Min Correction Subset: [6, 24, 36]
Iter 34: 
Min Hitting Set: [6, 9, 17, 18, 20, 22, 23, 26, 36, 41, 88, 90]
Min Correction Subset: [16, 24, 89]
Iter 35: 
Min Hitting Set: [9, 16, 18, 20, 22, 23, 26, 36, 37, 41, 88, 90]
Min Correction Subset: [24, 30, 89]
Iter 36: 
Min Hitting Set: [9, 16, 17, 18, 20, 24, 26, 37, 41, 88, 89, 90]
Min Correction Subset: [10, 23, 43]
Iter 37: 
Min Hitting Set: [9, 16, 17, 18, 20, 24, 26, 37, 41, 43, 89, 90]
Min Correction Subset: [23, 88]
Iter 38: 
Min Hitting Set: [9, 10, 16, 17, 20, 24, 26, 37, 41, 88, 89, 90]
Min Correction Subset: [6, 18, 36]
Iter 39: 
Min Hitting Set: [9, 17, 18, 20, 22, 23, 24, 26, 37, 41, 88, 90]
Min Correction Subset: [30, 36, 89]
Iter 40: 
Min Hitting Set: [9, 10, 17, 20, 23, 26, 36, 37, 41, 88, 89, 90]
Min Correction Subset: [16, 22, 24]
Iter 41: 
Min Hitting Set: [9, 10, 16, 20, 24, 26, 36, 37, 41, 88, 89, 90]
Min Correction Subset: [2, 17, 18]
Iter 42: 
Min Hitting Set: [2, 10, 16, 20, 24, 26, 36, 37, 41, 88, 89, 90]
Min Correction Subset: [17, 18, 47]
Iter 43: 
Min Hitting Set: [2, 10, 23, 24, 26, 36, 37, 41, 47, 88, 89, 90]
Min Correction Subset: [16, 17, 40]
Iter 44: 
Min Hitting Set: [2, 10, 23, 24, 36, 37, 40, 41, 47, 88, 89, 90]
Min Correction Subset: [16, 20, 22]
Iter 45: 
Min Hitting Set: [2, 17, 18, 20, 23, 24, 36, 37, 40, 88, 89, 90]
Min Correction Subset: [16, 33, 41]
Iter 46: 
Min Hitting Set: [2, 10, 16, 17, 20, 24, 36, 37, 40, 88, 89, 90]
Min Correction Subset: [4, 22, 41]
Iter 47: 
Min Hitting Set: [9, 18, 22, 23, 24, 36, 37, 40, 41, 47, 88, 90]
Min Correction Subset: [30, 42, 89]
Iter 48: 
Min Hitting Set: [2, 4, 10, 16, 24, 36, 37, 41, 47, 88, 89, 90]
Min Correction Subset: [11, 18, 20]
Iter 49: 
Min Hitting Set: [4, 9, 10, 16, 17, 20, 24, 36, 37, 88, 89, 90]
Min Correction Subset: [6, 33, 41]
Iter 50: 
Min Hitting Set: [9, 16, 18, 20, 23, 36, 37, 40, 41, 88, 89, 90]
Min Correction Subset: [17, 24, 39]
Iter 51: 
Min Hitting Set: [4, 6, 9, 10, 16, 17, 20, 24, 36, 88, 89, 90]
Min Correction Subset: [37, 41, 45]
Iter 52: 
Min Hitting Set: [9, 18, 22, 23, 24, 36, 39, 40, 41, 47, 88, 89, 90]
Min Correction Subset: [13, 20, 37]
Iter 53: 
Min Hitting Set: [9, 18, 22, 23, 24, 36, 37, 40, 41, 47, 88, 89, 90]
Min Correction Subset: [13, 17, 20]
Iter 54: 
Min Hitting Set: [2, 18, 20, 23, 24, 36, 39, 40, 41, 47, 88, 89, 90]
Min Correction Subset: [16, 22, 37]
Iter 55: 
Min Hitting Set: [2, 18, 20, 23, 24, 36, 37, 40, 41, 47, 88, 89, 90]
Min Correction Subset: [16, 17, 22]
Iter 56: 
Min Hitting Set: [2, 6, 10, 17, 20, 22, 37, 40, 41, 43, 88, 89, 90]
Min Correction Subset: [16, 23, 24]
Iter 57: 
Min Hitting Set: [2, 10, 16, 17, 20, 24, 36, 37, 40, 41, 88, 89, 90]
Min Correction Subset: [23, 42, 43]
Iter 58: 
Min Hitting Set: [2, 6, 10, 16, 17, 20, 23, 36, 40, 41, 88, 89, 90]
Min Correction Subset: [11, 18, 24]
Instance: regions-52-200-990000
----------------------------
Query: 9
Query element:21
Query element:51
Query scope: 0
Query scope: 5
Query scope: 6
Query scope: 7
Query scope: 8
Query scope: 19
Query scope: 23
Query scope: 26
Query scope: 27
Query scope: 29
Query scope: 30
Query scope: 36
Query scope: 39
Query scope: 41
Query scope: 42
Query scope: 43
Query scope: 44
Query scope: 45
Query scope: 46
Query scope: 47
Query scope: 61
Query scope: 64
Query scope: 66
Query scope: 87
Query scope: 90
Query scope: 92
Query scope: 93
Query scope: 108
Query scope: 111
Query scope: 125
Query scope: 134
Query scope: 138
Query scope: 142
Query scope: 143
Query scope: 152
Query scope: 153
Query scope: 154
Query scope: 179
Query scope: 181
Query scope: 184
Query scope: 185
Query scope: 186
Query scope: 188
Query scope: 197
Query scope: 198
Query scope: 199
Query scope: 34
----------------------------
IIS optimality: suboptimal
IIS solution time: 36067.007
IIS Constraint: 2; goods; {good:2}
IIS Constraint: 6; goods; {good:6}
IIS Constraint: 10; goods; {good:10}
IIS Constraint: 16; goods; {good:16}
IIS Constraint: 17; goods; {good:17}
IIS Constraint: 20; goods; {good:20}
IIS Constraint: 23; goods; {good:23}
IIS Constraint: 36; goods; {good:36}
IIS Constraint: 40; goods; {good:40}
IIS Constraint: 41; goods; {good:41}
IIS Constraint: 88; query; {good:21,query:9}
IIS Constraint: 89; query; {good:51,query:9}
IIS Constraint: 90; max; {f:3404.9437,objective:max}
