IIS generation
Iter 1: 
Min Hitting Set: []
Min Correction Subset: [90]
Iter 2: 
Min Hitting Set: [90]
Min Correction Subset: [12]
Iter 3: 
Min Hitting Set: [12, 90]
Min Correction Subset: [89]
Iter 4: 
Min Hitting Set: [12, 89, 90]
Min Correction Subset: [39, 45]
Iter 5: 
Min Hitting Set: [12, 39, 89, 90]
Min Correction Subset: [1, 2]
Iter 6: 
Min Hitting Set: [1, 12, 39, 89, 90]
Min Correction Subset: [2, 8]
Iter 7: 
Min Hitting Set: [2, 12, 39, 89, 90]
Min Correction Subset: [20, 36]
Iter 8: 
Min Hitting Set: [2, 12, 20, 39, 89, 90]
Min Correction Subset: [36, 45]
Iter 9: 
Min Hitting Set: [2, 12, 36, 45, 89, 90]
Min Correction Subset: [20, 38]
Iter 10: 
Min Hitting Set: [2, 12, 20, 45, 89, 90]
Min Correction Subset: [25, 39]
Iter 11: 
Min Hitting Set: [2, 12, 20, 36, 39, 89, 90]
Min Correction Subset: [7, 8]
Iter 12: 
Min Hitting Set: [2, 8, 12, 20, 36, 39, 89, 90]
Min Correction Subset: [18, 29]
Iter 13: 
Min Hitting Set: [2, 8, 12, 18, 20, 36, 39, 89, 90]
Min Correction Subset: [7, 14]
Iter 14: 
Min Hitting Set: [2, 7, 12, 18, 20, 36, 39, 89, 90]
Min Correction Subset: [1, 8]
Iter 15: 
Min Hitting Set: [1, 2, 7, 12, 18, 20, 36, 39, 89, 90]
Min Correction Subset: [6, 25, 51]
Iter 16: 
Min Hitting Set: [1, 2, 7, 12, 18, 20, 25, 45, 89, 90]
Min Correction Subset: [28, 39]
Iter 17: 
Min Hitting Set: [1, 2, 7, 12, 18, 20, 25, 36, 39, 89, 90]
Min Correction Subset: [6, 27, 51]
Iter 18: 
Min Hitting Set: [1, 2, 6, 7, 12, 18, 20, 36, 39, 89, 90]
Min Correction Subset: [23, 29, 30]
Iter 19: 
Min Hitting Set: [1, 2, 6, 7, 12, 20, 29, 36, 39, 89, 90]
Min Correction Subset: [18, 45]
Iter 20: 
Min Hitting Set: [1, 2, 6, 7, 12, 20, 29, 39, 45, 89, 90]
Min Correction Subset: [18, 22]
Iter 21: 
Min Hitting Set: [1, 2, 6, 7, 12, 18, 20, 29, 36, 39, 89, 90]
Min Correction Subset: [28, 35, 37]
Iter 22: 
Min Hitting Set: [1, 2, 6, 7, 12, 18, 20, 28, 29, 36, 39, 89, 90]
Min Correction Subset: [25, 32, 45]
Iter 23: 
Min Hitting Set: [1, 2, 6, 7, 12, 18, 20, 25, 28, 29, 45, 89, 90]
Min Correction Subset: [32, 39]
Iter 24: 
Min Hitting Set: [1, 2, 7, 12, 18, 20, 28, 29, 39, 45, 51, 89, 90]
Min Correction Subset: [24, 25, 36]
Iter 25: 
Min Hitting Set: [2, 6, 7, 8, 12, 18, 20, 28, 29, 32, 36, 39, 89, 90]
Min Correction Subset: [9, 16, 51]
Iter 26: 
Min Hitting Set: [2, 7, 8, 12, 18, 20, 28, 29, 32, 36, 39, 51, 89, 90]
Min Correction Subset: [5, 6, 13]
Iter 27: 
Min Hitting Set: [2, 6, 7, 8, 12, 18, 20, 28, 29, 32, 36, 39, 51, 89, 90]
Min Correction Subset: [16, 24, 37]
Iter 28: 
Min Hitting Set: [2, 6, 7, 8, 12, 16, 18, 20, 28, 29, 32, 36, 39, 89, 90]
Min Correction Subset: [1, 25, 51]
Iter 29: 
Min Hitting Set: [1, 2, 6, 7, 12, 16, 18, 20, 28, 29, 32, 36, 39, 89, 90]
Min Correction Subset: [25, 27, 51]
Iter 30: 
Min Hitting Set: [2, 6, 7, 8, 12, 18, 20, 29, 36, 37, 39, 45, 51, 89, 90]
Min Correction Subset: [25, 28, 32]
Iter 31: 
Min Hitting Set: [2, 6, 7, 8, 12, 18, 20, 29, 32, 36, 37, 39, 51, 89, 90]
Min Correction Subset: [24, 28, 35]
Iter 32: 
Min Hitting Set: [2, 6, 7, 8, 12, 18, 20, 24, 28, 29, 39, 45, 51, 89, 90]
Min Correction Subset: [25, 32, 37]
Iter 33: 
Min Hitting Set: [2, 6, 7, 8, 12, 16, 18, 20, 25, 28, 29, 32, 45, 89, 90]
Min Correction Subset: [1, 39]
Iter 34: 
Min Hitting Set: [1, 2, 6, 7, 12, 16, 18, 20, 25, 28, 29, 32, 45, 89, 90]
Min Correction Subset: [39, 51]
Iter 35: 
Min Hitting Set: [1, 2, 6, 7, 12, 16, 18, 20, 25, 28, 29, 39, 45, 89, 90]
Min Correction Subset: [36, 37, 44]
Iter 36: 
Min Hitting Set: [1, 2, 6, 7, 12, 16, 18, 20, 25, 28, 29, 36, 39, 89, 90]
Min Correction Subset: [21, 27, 45]
Iter 37: 
Min Hitting Set: [1, 2, 6, 7, 12, 18, 20, 28, 29, 36, 37, 39, 45, 51, 89, 90]
Min Correction Subset: [24, 25, 32]
Iter 38: 
Min Hitting Set: [1, 2, 6, 7, 12, 18, 20, 24, 28, 29, 37, 39, 45, 51, 89, 90]
Min Correction Subset: [8, 25, 32]
Iter 39: 
Min Hitting Set: [2, 6, 7, 8, 12, 18, 20, 24, 29, 32, 37, 39, 45, 51, 89, 90]
Min Correction Subset: [28, 35, 36]
Iter 40: 
Min Hitting Set: [2, 6, 7, 8, 12, 16, 18, 20, 25, 28, 29, 36, 39, 45, 89, 90]
Min Correction Subset: [1, 21, 22, 83]
Iter 41: 
Min Hitting Set: [1, 6, 7, 8, 12, 16, 18, 20, 25, 28, 29, 37, 39, 45, 89, 90]
Min Correction Subset: [2, 21]
Iter 42: 
Min Hitting Set: [1, 2, 6, 7, 12, 16, 18, 20, 25, 28, 29, 37, 39, 45, 89, 90]
Min Correction Subset: [21, 35, 36]
Iter 43: 
Min Hitting Set: [1, 2, 6, 7, 12, 16, 18, 20, 25, 29, 35, 36, 39, 45, 89, 90]
Min Correction Subset: [24, 28, 37]
Iter 44: 
Min Hitting Set: [2, 6, 7, 8, 12, 20, 22, 25, 29, 35, 37, 39, 45, 51, 89, 90]
Min Correction Subset: [18, 19, 36]
Iter 45: 
Min Hitting Set: [1, 2, 6, 7, 12, 18, 20, 25, 29, 35, 37, 39, 45, 51, 89, 90]
Min Correction Subset: [16, 24, 28]
Iter 46: 
Min Hitting Set: [1, 2, 6, 7, 12, 16, 18, 20, 25, 28, 29, 36, 39, 45, 89, 90]
Min Correction Subset: [8, 10, 15]
Iter 47: 
Min Hitting Set: [1, 6, 7, 8, 12, 16, 18, 20, 21, 25, 28, 29, 36, 39, 89, 90]
Min Correction Subset: [2, 9]
Iter 48: 
Min Hitting Set: [2, 6, 7, 8, 12, 16, 18, 20, 21, 25, 28, 29, 36, 39, 89, 90]
Min Correction Subset: [1, 35, 45]
Iter 49: 
Min Hitting Set: [2, 6, 7, 8, 12, 16, 20, 22, 25, 28, 29, 36, 39, 45, 89, 90]
Min Correction Subset: [18, 19, 51]
Iter 50: 
Min Hitting Set: [2, 6, 7, 8, 12, 20, 22, 28, 29, 32, 36, 37, 39, 45, 51, 89, 90]
Min Correction Subset: [1, 18, 27]
Iter 51: 
Min Hitting Set: [2, 6, 7, 8, 12, 18, 20, 21, 25, 28, 29, 37, 39, 45, 51, 89, 90]
Min Correction Subset: [35, 36, 44]
Iter 52: 
Min Hitting Set: [1, 2, 6, 7, 8, 12, 16, 18, 20, 21, 25, 28, 29, 36, 39, 89, 90]
Min Correction Subset: [31, 38, 45]
Iter 53: 
Min Hitting Set: [1, 2, 6, 7, 8, 12, 16, 18, 21, 25, 28, 29, 36, 38, 39, 89, 90]
Min Correction Subset: [20, 23]
Iter 54: 
Min Hitting Set: [2, 6, 7, 8, 12, 16, 18, 21, 23, 25, 28, 35, 36, 38, 39, 89, 90]
Min Correction Subset: [9, 20]
Iter 55: 
Min Hitting Set: [2, 6, 7, 8, 12, 16, 18, 20, 22, 23, 25, 28, 36, 39, 45, 89, 90]
Min Correction Subset: [29, 30, 31]
Iter 56: 
Min Hitting Set: [2, 6, 7, 8, 12, 16, 18, 20, 22, 25, 28, 29, 36, 39, 45, 89, 90]
Min Correction Subset: [23, 30, 31, 37]
Iter 57: 
Min Hitting Set: [2, 6, 7, 8, 12, 16, 18, 20, 22, 25, 28, 30, 36, 39, 45, 89, 90]
Min Correction Subset: [1, 27, 35, 51]
Iter 58: 
Min Hitting Set: [1, 2, 6, 7, 8, 12, 16, 18, 20, 25, 28, 30, 36, 39, 45, 89, 90]
Min Correction Subset: [31, 32, 37, 38]
Iter 59: 
Min Hitting Set: [2, 6, 7, 8, 12, 16, 18, 20, 22, 25, 29, 35, 37, 39, 45, 89, 90]
Min Correction Subset: [27, 28, 51]
Iter 60: 
Min Hitting Set: [1, 2, 6, 7, 8, 12, 16, 18, 20, 21, 25, 28, 29, 31, 36, 39, 89, 90]
Min Correction Subset: [38, 44, 45]
Iter 61: 
Min Hitting Set: [2, 6, 7, 8, 12, 20, 22, 27, 28, 29, 32, 36, 37, 39, 45, 51, 89, 90]
Min Correction Subset: [18, 25, 30]
Iter 62: 
Min Hitting Set: [2, 6, 7, 8, 12, 20, 22, 24, 25, 27, 29, 36, 37, 39, 45, 51, 89, 90]
Min Correction Subset: [1, 28, 35]
Iter 63: 
Min Hitting Set: [1, 2, 6, 7, 8, 12, 20, 22, 25, 28, 29, 36, 37, 39, 45, 51, 89, 90]
Min Correction Subset: [18, 19, 24]
Iter 64: 
Min Hitting Set: [1, 2, 6, 7, 8, 12, 18, 20, 25, 28, 29, 32, 35, 37, 45, 51, 89, 90]
Min Correction Subset: [36, 39]
Iter 65: 
Min Hitting Set: [1, 2, 6, 7, 8, 12, 18, 20, 25, 28, 29, 35, 37, 39, 45, 51, 89, 90]
Min Correction Subset: [19, 23, 36]
Iter 66: 
Min Hitting Set: [1, 2, 6, 7, 8, 12, 18, 20, 24, 25, 28, 30, 32, 36, 45, 51, 89, 90]
Min Correction Subset: [35, 39]
Iter 67: 
Min Hitting Set: [1, 2, 6, 7, 8, 12, 18, 20, 28, 30, 32, 36, 37, 39, 45, 51, 89, 90]
Min Correction Subset: [14, 21, 22, 23]
Iter 68: 
Min Hitting Set: [1, 2, 6, 8, 12, 14, 18, 20, 28, 30, 32, 36, 37, 39, 45, 51, 89, 90]
Min Correction Subset: [7, 21, 22]
Iter 69: 
Min Hitting Set: [1, 2, 6, 8, 12, 14, 20, 22, 24, 25, 29, 36, 37, 39, 45, 51, 89, 90]
Min Correction Subset: [27, 28, 35]
Iter 70: 
Min Hitting Set: [2, 6, 7, 8, 12, 16, 18, 20, 21, 25, 28, 30, 35, 36, 38, 39, 89, 90]
Min Correction Subset: [1, 23, 29, 45]
Iter 71: 
Min Hitting Set: [1, 2, 6, 7, 8, 12, 16, 18, 20, 21, 25, 28, 30, 36, 38, 39, 89, 90]
Min Correction Subset: [9, 33, 34, 37]
Iter 72: 
Min Hitting Set: [2, 6, 7, 8, 12, 18, 20, 22, 24, 28, 29, 36, 37, 39, 45, 51, 89, 90]
Min Correction Subset: [9, 10, 21, 40]
Instance: regions-52-200-220000
----------------------------
Query: 8
Query element:50
Query scope: 33
Query scope: 117
Query scope: 120
Query scope: 181
----------------------------
IIS optimality: suboptimal
IIS solution time: 36064.614
IIS Constraint: 2; goods; {good:2}
IIS Constraint: 6; goods; {good:6}
IIS Constraint: 7; goods; {good:7}
IIS Constraint: 8; goods; {good:8}
IIS Constraint: 12; goods; {good:12}
IIS Constraint: 18; goods; {good:18}
IIS Constraint: 20; goods; {good:20}
IIS Constraint: 22; goods; {good:22}
IIS Constraint: 24; goods; {good:24}
IIS Constraint: 28; goods; {good:28}
IIS Constraint: 29; goods; {good:29}
IIS Constraint: 36; goods; {good:36}
IIS Constraint: 37; goods; {good:37}
IIS Constraint: 39; goods; {good:39}
IIS Constraint: 45; goods; {good:45}
IIS Constraint: 51; goods; {good:51}
IIS Constraint: 89; query; {good:50,query:8}
IIS Constraint: 90; max; {f:3403.3700000000003,objective:max}
