IIS generation
Iter 1: 
Min Hitting Set: []
Min Correction Subset: [89]
Iter 2: 
Min Hitting Set: [89]
Min Correction Subset: [18]
Iter 3: 
Min Hitting Set: [18, 89]
Min Correction Subset: [17]
Iter 4: 
Min Hitting Set: [17, 18, 89]
Min Correction Subset: [30]
Iter 5: 
Min Hitting Set: [17, 18, 30, 89]
Min Correction Subset: [26]
Iter 6: 
Min Hitting Set: [17, 18, 26, 30, 89]
Min Correction Subset: [21]
Iter 7: 
Min Hitting Set: [17, 18, 21, 26, 30, 89]
Min Correction Subset: [39]
Iter 8: 
Min Hitting Set: [17, 18, 21, 26, 30, 39, 89]
Min Correction Subset: [46]
Iter 9: 
Min Hitting Set: [17, 18, 21, 26, 30, 39, 46, 89]
Min Correction Subset: [20]
Iter 10: 
Min Hitting Set: [17, 18, 20, 21, 26, 30, 39, 46, 89]
Min Correction Subset: [25]
Iter 11: 
Min Hitting Set: [17, 18, 20, 21, 25, 26, 30, 39, 46, 89]
Min Correction Subset: [8]
Iter 12: 
Min Hitting Set: [8, 17, 18, 20, 21, 25, 26, 30, 39, 46, 89]
Min Correction Subset: [38]
Iter 13: 
Min Hitting Set: [8, 17, 18, 20, 21, 25, 26, 30, 38, 39, 46, 89]
Min Correction Subset: [36]
Iter 14: 
Min Hitting Set: [8, 17, 18, 20, 21, 25, 26, 30, 36, 38, 39, 46, 89]
Min Correction Subset: [47]
Iter 15: 
Min Hitting Set: [8, 17, 18, 20, 21, 25, 26, 30, 36, 38, 39, 46, 47, 89]
Min Correction Subset: [37]
Iter 16: 
Min Hitting Set: [8, 17, 18, 20, 21, 25, 26, 30, 36, 37, 38, 39, 46, 47, 89]
Min Correction Subset: [11]
Iter 17: 
Min Hitting Set: [8, 11, 17, 18, 20, 21, 25, 26, 30, 36, 37, 38, 39, 46, 47, 89]
Min Correction Subset: [23]
Iter 18: 
Min Hitting Set: [8, 11, 17, 18, 20, 21, 23, 25, 26, 30, 36, 37, 38, 39, 46, 47, 89]
Min Correction Subset: [32]
Iter 19: 
Min Hitting Set: [8, 11, 17, 18, 20, 21, 23, 25, 26, 30, 32, 36, 37, 38, 39, 46, 47, 89]
Min Correction Subset: [88]
Iter 20: 
Min Hitting Set: [8, 11, 17, 18, 20, 21, 23, 25, 26, 30, 32, 36, 37, 38, 39, 46, 47, 88, 89]
Min Correction Subset: [5, 12]
Iter 21: 
Min Hitting Set: [5, 8, 11, 17, 18, 20, 21, 23, 25, 26, 30, 32, 36, 37, 38, 39, 46, 47, 88, 89]
Min Correction Subset: [3, 27]
Iter 22: 
Min Hitting Set: [3, 5, 8, 11, 17, 18, 20, 21, 23, 25, 26, 30, 32, 36, 37, 38, 39, 46, 47, 88, 89]
Min Correction Subset: [34, 44]
Iter 23: 
Min Hitting Set: [3, 5, 8, 11, 17, 18, 20, 21, 23, 25, 26, 30, 32, 34, 36, 37, 38, 39, 46, 47, 88, 89]
Min Correction Subset: [45, 48]
Iter 24: 
Min Hitting Set: [3, 5, 8, 11, 17, 18, 20, 21, 23, 25, 26, 30, 32, 34, 36, 37, 38, 39, 45, 46, 47, 88, 89]
Min Correction Subset: [2, 14]
Iter 25: 
Min Hitting Set: [2, 3, 5, 8, 11, 17, 18, 20, 21, 23, 25, 26, 30, 32, 34, 36, 37, 38, 39, 45, 46, 47, 88, 89]
Min Correction Subset: [27, 51]
Iter 26: 
Min Hitting Set: [2, 5, 8, 11, 17, 18, 20, 21, 23, 25, 26, 27, 30, 32, 34, 36, 37, 38, 39, 45, 46, 47, 88, 89]
Min Correction Subset: [33, 41]
Iter 27: 
Min Hitting Set: [2, 5, 8, 11, 17, 18, 20, 21, 23, 25, 26, 27, 30, 32, 33, 34, 36, 37, 38, 39, 45, 46, 47, 88, 89]
Min Correction Subset: [3, 41]
Iter 28: 
Min Hitting Set: [2, 5, 8, 11, 17, 18, 20, 21, 23, 25, 26, 27, 30, 32, 34, 36, 37, 38, 39, 41, 45, 46, 47, 88, 89]
Min Correction Subset: [1, 49]
Iter 29: 
Min Hitting Set: [1, 2, 5, 8, 11, 17, 18, 20, 21, 23, 25, 26, 27, 30, 32, 34, 36, 37, 38, 39, 41, 45, 46, 47, 88, 89]
Min Correction Subset: [44, 51]
Iter 30: 
Min Hitting Set: [1, 2, 5, 8, 11, 17, 18, 20, 21, 23, 25, 26, 27, 30, 32, 36, 37, 38, 39, 41, 44, 45, 46, 47, 88, 89]
Min Correction Subset: [22, 33]
Iter 31: 
Min Hitting Set: [1, 2, 3, 5, 8, 11, 17, 18, 20, 21, 23, 25, 26, 27, 30, 32, 33, 36, 37, 38, 39, 44, 45, 46, 47, 88, 89]
Min Correction Subset: [14, 80]
Iter 32: 
Min Hitting Set: [1, 3, 5, 8, 11, 14, 17, 18, 20, 21, 23, 25, 26, 27, 30, 32, 33, 36, 37, 38, 39, 44, 45, 46, 47, 88, 89]
Min Correction Subset: [9, 19]
Iter 33: 
Min Hitting Set: [1, 3, 5, 8, 9, 11, 14, 17, 18, 20, 21, 23, 25, 26, 27, 30, 32, 33, 36, 37, 38, 39, 44, 45, 46, 47, 88, 89]
Min Correction Subset: [29, 31]
Iter 34: 
Min Hitting Set: [1, 3, 5, 8, 9, 11, 14, 17, 18, 20, 21, 23, 25, 26, 27, 29, 30, 32, 33, 36, 37, 38, 39, 44, 45, 46, 47, 88, 89]
Min Correction Subset: [10, 19]
Iter 35: 
Min Hitting Set: [1, 3, 5, 8, 11, 14, 17, 18, 19, 20, 21, 23, 25, 26, 27, 29, 30, 32, 33, 36, 37, 38, 39, 44, 45, 46, 47, 88, 89]
Min Correction Subset: [2, 49]
Iter 36: 
Min Hitting Set: [3, 5, 8, 11, 14, 17, 18, 19, 20, 21, 23, 25, 26, 27, 29, 30, 32, 33, 36, 37, 38, 39, 44, 45, 46, 47, 49, 88, 89]
Min Correction Subset: [1, 2]
Iter 37: 
Min Hitting Set: [1, 2, 3, 5, 8, 11, 14, 17, 18, 19, 20, 21, 23, 25, 26, 27, 29, 30, 32, 33, 36, 37, 38, 39, 44, 45, 46, 47, 88, 89]
Min Correction Subset: [31, 41]
Iter 38: 
Min Hitting Set: [1, 2, 3, 5, 8, 11, 14, 17, 18, 19, 20, 21, 23, 25, 26, 27, 30, 31, 32, 33, 36, 37, 38, 39, 44, 45, 46, 47, 88, 89]
Min Correction Subset: [16, 49]
Iter 39: 
Min Hitting Set: [1, 3, 5, 8, 11, 14, 17, 18, 19, 20, 21, 23, 25, 26, 27, 30, 31, 32, 33, 36, 37, 38, 39, 44, 45, 46, 47, 49, 88, 89]
Min Correction Subset: [2, 29]
Iter 40: 
Min Hitting Set: [2, 5, 8, 11, 14, 17, 18, 19, 20, 21, 23, 25, 26, 27, 30, 31, 32, 33, 36, 37, 38, 39, 41, 44, 45, 46, 47, 49, 88, 89]
Min Correction Subset: [15, 22]
Iter 41: 
Min Hitting Set: [2, 5, 8, 11, 14, 17, 18, 19, 20, 21, 22, 23, 25, 26, 27, 29, 30, 32, 36, 37, 38, 39, 41, 44, 45, 46, 47, 49, 88, 89]
Min Correction Subset: [1, 10]
Iter 42: 
Min Hitting Set: [1, 5, 8, 11, 14, 17, 18, 19, 20, 21, 22, 23, 25, 26, 27, 29, 30, 32, 36, 37, 38, 39, 41, 44, 45, 46, 47, 49, 88, 89]
Min Correction Subset: [2, 40]
Iter 43: 
Min Hitting Set: [1, 2, 5, 8, 11, 14, 17, 18, 19, 20, 21, 22, 23, 25, 26, 27, 30, 31, 32, 36, 37, 38, 39, 41, 44, 45, 46, 47, 49, 88, 89]
Min Correction Subset: [35, 42, 43]
Iter 44: 
Min Hitting Set: [1, 2, 5, 8, 11, 14, 17, 18, 19, 20, 21, 22, 23, 25, 26, 27, 30, 31, 32, 35, 36, 37, 38, 39, 41, 44, 45, 46, 47, 49, 88, 89]
Min Correction Subset: [0, 4, 7]
Iter 45: 
Min Hitting Set: [0, 1, 2, 5, 8, 11, 14, 17, 18, 19, 20, 21, 22, 23, 25, 26, 27, 30, 31, 32, 35, 36, 37, 38, 39, 41, 44, 45, 46, 47, 49, 88, 89]
Min Correction Subset: [3, 33, 80]
Iter 46: 
Min Hitting Set: [0, 1, 2, 5, 8, 11, 17, 18, 19, 20, 21, 22, 23, 25, 26, 27, 30, 31, 32, 35, 36, 37, 38, 39, 41, 44, 45, 46, 47, 49, 80, 88, 89]
Min Correction Subset: [3, 14, 33]
Iter 47: 
Min Hitting Set: [0, 1, 2, 5, 8, 11, 14, 17, 18, 19, 20, 21, 22, 23, 25, 26, 27, 30, 31, 32, 33, 35, 36, 37, 38, 39, 41, 44, 45, 46, 47, 49, 88, 89]
Min Correction Subset: [10, 42, 43]
Iter 48: 
Min Hitting Set: [0, 1, 2, 5, 8, 11, 14, 17, 18, 19, 20, 21, 22, 23, 25, 26, 27, 30, 31, 32, 33, 36, 37, 38, 39, 41, 43, 44, 45, 46, 47, 49, 88, 89]
Min Correction Subset: [10, 16, 48]
Iter 49: 
Min Hitting Set: [0, 1, 2, 5, 8, 11, 14, 17, 18, 19, 20, 21, 22, 23, 25, 26, 27, 30, 31, 32, 33, 36, 37, 38, 39, 41, 42, 44, 46, 47, 48, 49, 88, 89]
Min Correction Subset: [40, 45]
Iter 50: 
Min Hitting Set: [0, 2, 5, 8, 10, 11, 17, 18, 19, 20, 21, 22, 23, 25, 26, 27, 30, 31, 32, 33, 36, 37, 38, 39, 41, 42, 44, 45, 46, 47, 49, 80, 88, 89]
Min Correction Subset: [1, 16, 40]
Iter 51: 
Min Hitting Set: [0, 1, 2, 5, 8, 11, 14, 16, 17, 18, 19, 20, 21, 22, 23, 25, 26, 27, 29, 30, 32, 36, 37, 38, 39, 41, 43, 44, 45, 46, 47, 80, 88, 89]
Min Correction Subset: [9, 10, 33]
Iter 52: 
Min Hitting Set: [0, 1, 5, 8, 11, 14, 17, 18, 19, 20, 21, 22, 23, 25, 26, 27, 29, 30, 32, 33, 36, 37, 38, 39, 40, 41, 43, 44, 46, 47, 48, 49, 88, 89]
Min Correction Subset: [2, 31]
Iter 53: 
Min Hitting Set: [0, 1, 2, 5, 8, 11, 14, 16, 17, 18, 19, 20, 21, 22, 23, 25, 26, 27, 29, 30, 32, 33, 36, 37, 38, 39, 41, 43, 44, 45, 46, 47, 88, 89]
Min Correction Subset: [31, 80]
Instance: regions-52-200-170000
----------------------------
Query: 10
Query element:5
Query element:83
Query scope: 176
Query scope: 177
Query scope: 178
Query scope: 179
----------------------------
IIS optimality: suboptimal
IIS solution time: 36110.176
IIS Constraint: 0; goods; {good:0}
IIS Constraint: 1; goods; {good:1}
IIS Constraint: 2; goods; {good:2}
IIS Constraint: 5; goods; {good:5}
IIS Constraint: 8; goods; {good:8}
IIS Constraint: 11; goods; {good:11}
IIS Constraint: 14; goods; {good:14}
IIS Constraint: 16; goods; {good:16}
IIS Constraint: 17; goods; {good:17}
IIS Constraint: 18; goods; {good:18}
IIS Constraint: 19; goods; {good:19}
IIS Constraint: 20; goods; {good:20}
IIS Constraint: 21; goods; {good:21}
IIS Constraint: 22; goods; {good:22}
IIS Constraint: 23; goods; {good:23}
IIS Constraint: 25; goods; {good:25}
IIS Constraint: 26; goods; {good:26}
IIS Constraint: 27; goods; {good:27}
IIS Constraint: 29; goods; {good:29}
IIS Constraint: 30; goods; {good:30}
IIS Constraint: 32; goods; {good:32}
IIS Constraint: 33; goods; {good:33}
IIS Constraint: 36; goods; {good:36}
IIS Constraint: 37; goods; {good:37}
IIS Constraint: 38; goods; {good:38}
IIS Constraint: 39; goods; {good:39}
IIS Constraint: 41; goods; {good:41}
IIS Constraint: 43; goods; {good:43}
IIS Constraint: 44; goods; {good:44}
IIS Constraint: 45; goods; {good:45}
IIS Constraint: 46; goods; {good:46}
IIS Constraint: 47; goods; {good:47}
IIS Constraint: 88; query; {goods:[5,83],query:10}
IIS Constraint: 89; max; {f:3507.1167,objective:max}
