IIS generation
Iter 1: 
Min Hitting Set: []
Min Correction Subset: [86]
Iter 2: 
Min Hitting Set: [86]
Min Correction Subset: [33]
Iter 3: 
Min Hitting Set: [33, 86]
Min Correction Subset: [25]
Iter 4: 
Min Hitting Set: [25, 33, 86]
Min Correction Subset: [29]
Iter 5: 
Min Hitting Set: [25, 29, 33, 86]
Min Correction Subset: [37]
Iter 6: 
Min Hitting Set: [25, 29, 33, 37, 86]
Min Correction Subset: [45]
Iter 7: 
Min Hitting Set: [25, 29, 33, 37, 45, 86]
Min Correction Subset: [5]
Iter 8: 
Min Hitting Set: [5, 25, 29, 33, 37, 45, 86]
Min Correction Subset: [48]
Iter 9: 
Min Hitting Set: [5, 25, 29, 33, 37, 45, 48, 86]
Min Correction Subset: [49]
Iter 10: 
Min Hitting Set: [5, 25, 29, 33, 37, 45, 48, 49, 86]
Min Correction Subset: [44]
Iter 11: 
Min Hitting Set: [5, 25, 29, 33, 37, 44, 45, 48, 49, 86]
Min Correction Subset: [4]
Iter 12: 
Min Hitting Set: [4, 5, 25, 29, 33, 37, 44, 45, 48, 49, 86]
Min Correction Subset: [40]
Iter 13: 
Min Hitting Set: [4, 5, 25, 29, 33, 37, 40, 44, 45, 48, 49, 86]
Min Correction Subset: [41]
Iter 14: 
Min Hitting Set: [4, 5, 25, 29, 33, 37, 40, 41, 44, 45, 48, 49, 86]
Min Correction Subset: [1]
Iter 15: 
Min Hitting Set: [1, 4, 5, 25, 29, 33, 37, 40, 41, 44, 45, 48, 49, 86]
Min Correction Subset: [26]
Iter 16: 
Min Hitting Set: [1, 4, 5, 25, 26, 29, 33, 37, 40, 41, 44, 45, 48, 49, 86]
Min Correction Subset: [17]
Iter 17: 
Min Hitting Set: [1, 4, 5, 17, 25, 26, 29, 33, 37, 40, 41, 44, 45, 48, 49, 86]
Min Correction Subset: [21]
Iter 18: 
Min Hitting Set: [1, 4, 5, 17, 21, 25, 26, 29, 33, 37, 40, 41, 44, 45, 48, 49, 86]
Min Correction Subset: [43]
Iter 19: 
Min Hitting Set: [1, 4, 5, 17, 21, 25, 26, 29, 33, 37, 40, 41, 43, 44, 45, 48, 49, 86]
Min Correction Subset: [51]
Iter 20: 
Min Hitting Set: [1, 4, 5, 17, 21, 25, 26, 29, 33, 37, 40, 41, 43, 44, 45, 48, 49, 51, 86]
Min Correction Subset: [13]
Iter 21: 
Min Hitting Set: [1, 4, 5, 13, 17, 21, 25, 26, 29, 33, 37, 40, 41, 43, 44, 45, 48, 49, 51, 86]
Min Correction Subset: [9]
Iter 22: 
Min Hitting Set: [1, 4, 5, 9, 13, 17, 21, 25, 26, 29, 33, 37, 40, 41, 43, 44, 45, 48, 49, 51, 86]
Min Correction Subset: [60]
Iter 23: 
Min Hitting Set: [1, 4, 5, 9, 13, 17, 21, 25, 26, 29, 33, 37, 40, 41, 43, 44, 45, 48, 49, 51, 60, 86]
Min Correction Subset: [47]
Iter 24: 
Min Hitting Set: [1, 4, 5, 9, 13, 17, 21, 25, 26, 29, 33, 37, 40, 41, 43, 44, 45, 47, 48, 49, 51, 60, 86]
Min Correction Subset: [66]
Iter 25: 
Min Hitting Set: [1, 4, 5, 9, 13, 17, 21, 25, 26, 29, 33, 37, 40, 41, 43, 44, 45, 47, 48, 49, 51, 60, 66, 86]
Min Correction Subset: [30]
Iter 26: 
Min Hitting Set: [1, 4, 5, 9, 13, 17, 21, 25, 26, 29, 30, 33, 37, 40, 41, 43, 44, 45, 47, 48, 49, 51, 60, 66, 86]
Min Correction Subset: [52]
Iter 27: 
Min Hitting Set: [1, 4, 5, 9, 13, 17, 21, 25, 26, 29, 30, 33, 37, 40, 41, 43, 44, 45, 47, 48, 49, 51, 52, 60, 66, 86]
Min Correction Subset: [84]
Iter 28: 
Min Hitting Set: [1, 4, 5, 9, 13, 17, 21, 25, 26, 29, 30, 33, 37, 40, 41, 43, 44, 45, 47, 48, 49, 51, 52, 60, 66, 84, 86]
Min Correction Subset: [57]
Iter 29: 
Min Hitting Set: [1, 4, 5, 9, 13, 17, 21, 25, 26, 29, 30, 33, 37, 40, 41, 43, 44, 45, 47, 48, 49, 51, 52, 57, 60, 66, 84, 86]
Min Correction Subset: [64]
Iter 30: 
Min Hitting Set: [1, 4, 5, 9, 13, 17, 21, 25, 26, 29, 30, 33, 37, 40, 41, 43, 44, 45, 47, 48, 49, 51, 52, 57, 60, 64, 66, 84, 86]
Min Correction Subset: [53]
Iter 31: 
Min Hitting Set: [1, 4, 5, 9, 13, 17, 21, 25, 26, 29, 30, 33, 37, 40, 41, 43, 44, 45, 47, 48, 49, 51, 52, 53, 57, 60, 64, 66, 84, 86]
Min Correction Subset: [73]
Iter 32: 
Min Hitting Set: [1, 4, 5, 9, 13, 17, 21, 25, 26, 29, 30, 33, 37, 40, 41, 43, 44, 45, 47, 48, 49, 51, 52, 53, 57, 60, 64, 66, 73, 84, 86]
Min Correction Subset: [58]
Iter 33: 
Min Hitting Set: [1, 4, 5, 9, 13, 17, 21, 25, 26, 29, 30, 33, 37, 40, 41, 43, 44, 45, 47, 48, 49, 51, 52, 53, 57, 58, 60, 64, 66, 73, 84, 86]
Min Correction Subset: [59]
Iter 34: 
Min Hitting Set: [1, 4, 5, 9, 13, 17, 21, 25, 26, 29, 30, 33, 37, 40, 41, 43, 44, 45, 47, 48, 49, 51, 52, 53, 57, 58, 59, 60, 64, 66, 73, 84, 86]
Min Correction Subset: [7]
Iter 35: 
Min Hitting Set: [1, 4, 5, 7, 9, 13, 17, 21, 25, 26, 29, 30, 33, 37, 40, 41, 43, 44, 45, 47, 48, 49, 51, 52, 53, 57, 58, 59, 60, 64, 66, 73, 84, 86]
Min Correction Subset: [3]
Iter 36: 
Min Hitting Set: [1, 3, 4, 5, 7, 9, 13, 17, 21, 25, 26, 29, 30, 33, 37, 40, 41, 43, 44, 45, 47, 48, 49, 51, 52, 53, 57, 58, 59, 60, 64, 66, 73, 84, 86]
Min Correction Subset: [22]
Iter 37: 
Min Hitting Set: [1, 3, 4, 5, 7, 9, 13, 17, 21, 22, 25, 26, 29, 30, 33, 37, 40, 41, 43, 44, 45, 47, 48, 49, 51, 52, 53, 57, 58, 59, 60, 64, 66, 73, 84, 86]
Min Correction Subset: [85]
