IIS generation
Iter 1: 
Min Hitting Set: []
Min Correction Subset: [89]
Iter 2: 
Min Hitting Set: [89]
Min Correction Subset: [24]
Iter 3: 
Min Hitting Set: [24, 89]
Min Correction Subset: [20]
Iter 4: 
Min Hitting Set: [20, 24, 89]
Min Correction Subset: [3]
Iter 5: 
Min Hitting Set: [3, 20, 24, 89]
Min Correction Subset: [21]
Iter 6: 
Min Hitting Set: [3, 20, 21, 24, 89]
Min Correction Subset: [31]
Iter 7: 
Min Hitting Set: [3, 20, 21, 24, 31, 89]
Min Correction Subset: [12]
Iter 8: 
Min Hitting Set: [3, 12, 20, 21, 24, 31, 89]
Min Correction Subset: [8]
Iter 9: 
Min Hitting Set: [3, 8, 12, 20, 21, 24, 31, 89]
Min Correction Subset: [13]
Iter 10: 
Min Hitting Set: [3, 8, 12, 13, 20, 21, 24, 31, 89]
Min Correction Subset: [44]
Iter 11: 
Min Hitting Set: [3, 8, 12, 13, 20, 21, 24, 31, 44, 89]
Min Correction Subset: [25]
Iter 12: 
Min Hitting Set: [3, 8, 12, 13, 20, 21, 24, 25, 31, 44, 89]
Min Correction Subset: [17]
Iter 13: 
Min Hitting Set: [3, 8, 12, 13, 17, 20, 21, 24, 25, 31, 44, 89]
Min Correction Subset: [40]
Iter 14: 
Min Hitting Set: [3, 8, 12, 13, 17, 20, 21, 24, 25, 31, 40, 44, 89]
Min Correction Subset: [29]
Iter 15: 
Min Hitting Set: [3, 8, 12, 13, 17, 20, 21, 24, 25, 29, 31, 40, 44, 89]
Min Correction Subset: [7]
Iter 16: 
Min Hitting Set: [3, 7, 8, 12, 13, 17, 20, 21, 24, 25, 29, 31, 40, 44, 89]
Min Correction Subset: [2]
Iter 17: 
Min Hitting Set: [2, 3, 7, 8, 12, 13, 17, 20, 21, 24, 25, 29, 31, 40, 44, 89]
Min Correction Subset: [88]
Iter 18: 
Min Hitting Set: [2, 3, 7, 8, 12, 13, 17, 20, 21, 24, 25, 29, 31, 40, 44, 88, 89]
Min Correction Subset: [34]
Iter 19: 
Min Hitting Set: [2, 3, 7, 8, 12, 13, 17, 20, 21, 24, 25, 29, 31, 34, 40, 44, 88, 89]
Min Correction Subset: [14]
Iter 20: 
Min Hitting Set: [2, 3, 7, 8, 12, 13, 14, 17, 20, 21, 24, 25, 29, 31, 34, 40, 44, 88, 89]
Min Correction Subset: [33]
Iter 21: 
Min Hitting Set: [2, 3, 7, 8, 12, 13, 14, 17, 20, 21, 24, 25, 29, 31, 33, 34, 40, 44, 88, 89]
Min Correction Subset: [15]
Iter 22: 
Min Hitting Set: [2, 3, 7, 8, 12, 13, 14, 15, 17, 20, 21, 24, 25, 29, 31, 33, 34, 40, 44, 88, 89]
Min Correction Subset: [37]
Iter 23: 
Min Hitting Set: [2, 3, 7, 8, 12, 13, 14, 15, 17, 20, 21, 24, 25, 29, 31, 33, 34, 37, 40, 44, 88, 89]
Min Correction Subset: [38, 45]
Iter 24: 
Min Hitting Set: [2, 3, 7, 8, 12, 13, 14, 15, 17, 20, 21, 24, 25, 29, 31, 33, 34, 37, 38, 40, 44, 88, 89]
Min Correction Subset: [26, 47]
Iter 25: 
Min Hitting Set: [2, 3, 7, 8, 12, 13, 14, 15, 17, 20, 21, 24, 25, 26, 29, 31, 33, 34, 37, 38, 40, 44, 88, 89]
Min Correction Subset: [22, 30]
Iter 26: 
Min Hitting Set: [2, 3, 7, 8, 12, 13, 14, 15, 17, 20, 21, 22, 24, 25, 26, 29, 31, 33, 34, 37, 38, 40, 44, 88, 89]
Min Correction Subset: [4, 10]
Iter 27: 
Min Hitting Set: [2, 3, 4, 7, 8, 12, 13, 14, 15, 17, 20, 21, 22, 24, 25, 26, 29, 31, 33, 34, 37, 38, 40, 44, 88, 89]
Min Correction Subset: [10, 11]
Iter 28: 
Min Hitting Set: [2, 3, 7, 8, 10, 12, 13, 14, 15, 17, 20, 21, 22, 24, 25, 26, 29, 31, 33, 34, 37, 38, 40, 44, 88, 89]
Min Correction Subset: [27, 39]
Iter 29: 
Min Hitting Set: [2, 3, 7, 8, 10, 12, 13, 14, 15, 17, 20, 21, 22, 24, 25, 26, 27, 29, 31, 33, 34, 37, 38, 40, 44, 88, 89]
Min Correction Subset: [18, 23]
Iter 30: 
Min Hitting Set: [2, 3, 7, 8, 10, 12, 13, 14, 15, 17, 18, 20, 21, 22, 24, 25, 26, 27, 29, 31, 33, 34, 37, 38, 40, 44, 88, 89]
Min Correction Subset: [32, 39]
Iter 31: 
Min Hitting Set: [2, 3, 7, 8, 10, 12, 13, 14, 15, 17, 18, 20, 21, 22, 24, 25, 26, 29, 31, 33, 34, 37, 38, 39, 40, 44, 88, 89]
Min Correction Subset: [0, 1]
Iter 32: 
Min Hitting Set: [0, 2, 3, 7, 8, 10, 12, 13, 14, 15, 17, 18, 20, 21, 22, 24, 25, 26, 29, 31, 33, 34, 37, 38, 39, 40, 44, 88, 89]
Min Correction Subset: [5, 6]
Iter 33: 
Min Hitting Set: [0, 2, 3, 5, 7, 8, 10, 12, 13, 14, 15, 17, 18, 20, 21, 22, 24, 25, 26, 29, 31, 33, 34, 37, 38, 39, 40, 44, 88, 89]
Min Correction Subset: [4, 11]
Iter 34: 
Min Hitting Set: [0, 2, 3, 4, 5, 7, 8, 10, 12, 13, 14, 15, 17, 18, 20, 21, 22, 24, 25, 26, 29, 31, 33, 34, 37, 38, 39, 40, 44, 88, 89]
Min Correction Subset: [1, 9, 11]
Iter 35: 
Min Hitting Set: [1, 2, 3, 4, 5, 7, 8, 10, 12, 13, 14, 15, 17, 18, 20, 21, 22, 24, 25, 26, 29, 31, 33, 34, 37, 38, 39, 40, 44, 88, 89]
Min Correction Subset: [45, 46, 47, 48, 62]
Iter 36: 
Min Hitting Set: [1, 2, 3, 4, 5, 7, 8, 10, 12, 13, 14, 15, 17, 18, 20, 21, 22, 24, 25, 29, 31, 33, 34, 37, 39, 40, 44, 45, 47, 88, 89]
Min Correction Subset: [26, 27]
Optimal IIS
Instance: regions-52-200-210000
----------------------------
Query: 10
Query element:53
Query element:18
Query scope: 8
----------------------------
IIS optimality: suboptimal
IIS solution time: 12316.219
IIS Constraint: 1; goods; {good:1}
IIS Constraint: 2; goods; {good:2}
IIS Constraint: 3; goods; {good:3}
IIS Constraint: 4; goods; {good:4}
IIS Constraint: 5; goods; {good:5}
IIS Constraint: 7; goods; {good:7}
IIS Constraint: 8; goods; {good:8}
IIS Constraint: 10; goods; {good:10}
IIS Constraint: 12; goods; {good:12}
IIS Constraint: 13; goods; {good:13}
IIS Constraint: 14; goods; {good:14}
IIS Constraint: 15; goods; {good:15}
IIS Constraint: 17; goods; {good:17}
IIS Constraint: 18; goods; {good:18}
IIS Constraint: 20; goods; {good:20}
IIS Constraint: 21; goods; {good:21}
IIS Constraint: 22; goods; {good:22}
IIS Constraint: 24; goods; {good:24}
IIS Constraint: 25; goods; {good:25}
IIS Constraint: 26; goods; {good:26}
IIS Constraint: 29; goods; {good:29}
IIS Constraint: 31; goods; {good:31}
IIS Constraint: 33; goods; {good:33}
IIS Constraint: 34; goods; {good:34}
IIS Constraint: 37; goods; {good:37}
IIS Constraint: 39; goods; {good:39}
IIS Constraint: 40; goods; {good:40}
IIS Constraint: 44; goods; {good:44}
IIS Constraint: 45; goods; {good:45}
IIS Constraint: 88; query; {goods:[53,18],query:10}
IIS Constraint: 89; max; {f:2978.9971,objective:max}
