IIS generation
Iter 1: 
Min Hitting Set: []
Min Correction Subset: [84]
Iter 2: 
Min Hitting Set: [84]
Min Correction Subset: [83]
Iter 3: 
Min Hitting Set: [83, 84]
Min Correction Subset: [44]
Iter 4: 
Min Hitting Set: [44, 83, 84]
Min Correction Subset: [48]
Iter 5: 
Min Hitting Set: [44, 48, 83, 84]
Min Correction Subset: [0]
Iter 6: 
Min Hitting Set: [0, 44, 48, 83, 84]
Min Correction Subset: [4]
Iter 7: 
Min Hitting Set: [0, 4, 44, 48, 83, 84]
Min Correction Subset: [8]
Iter 8: 
Min Hitting Set: [0, 4, 8, 44, 48, 83, 84]
Min Correction Subset: [40]
Iter 9: 
Min Hitting Set: [0, 4, 8, 40, 44, 48, 83, 84]
Min Correction Subset: [53]
Iter 10: 
Min Hitting Set: [0, 4, 8, 40, 44, 48, 53, 83, 84]
Min Correction Subset: [49]
Iter 11: 
Min Hitting Set: [0, 4, 8, 40, 44, 48, 49, 53, 83, 84]
Min Correction Subset: [29]
Iter 12: 
Min Hitting Set: [0, 4, 8, 29, 40, 44, 48, 49, 53, 83, 84]
Min Correction Subset: [21]
Iter 13: 
Min Hitting Set: [0, 4, 8, 21, 29, 40, 44, 48, 49, 53, 83, 84]
Min Correction Subset: [25]
Iter 14: 
Min Hitting Set: [0, 4, 8, 21, 25, 29, 40, 44, 48, 49, 53, 83, 84]
Min Correction Subset: [45]
Iter 15: 
Min Hitting Set: [0, 4, 8, 21, 25, 29, 40, 44, 45, 48, 49, 53, 83, 84]
Min Correction Subset: [27, 37]
Iter 16: 
Min Hitting Set: [0, 4, 8, 21, 25, 27, 29, 40, 44, 45, 48, 49, 53, 83, 84]
Min Correction Subset: [23, 33]
Iter 17: 
Min Hitting Set: [0, 4, 8, 21, 23, 25, 27, 29, 40, 44, 45, 48, 49, 53, 83, 84]
Min Correction Subset: [19, 78]
Iter 18: 
Min Hitting Set: [0, 4, 8, 19, 21, 23, 25, 27, 29, 40, 44, 45, 48, 49, 53, 83, 84]
Min Correction Subset: [33, 47]
Iter 19: 
Min Hitting Set: [0, 4, 8, 19, 21, 25, 27, 29, 33, 40, 44, 45, 48, 49, 53, 83, 84]
Min Correction Subset: [23, 37]
Iter 20: 
Min Hitting Set: [0, 4, 8, 19, 21, 25, 29, 33, 37, 40, 44, 45, 48, 49, 53, 83, 84]
Min Correction Subset: [23, 41]
Iter 21: 
Min Hitting Set: [0, 4, 8, 19, 21, 23, 25, 29, 33, 37, 40, 44, 45, 48, 49, 53, 83, 84]
Min Correction Subset: [30, 51]
Iter 22: 
Min Hitting Set: [0, 4, 8, 19, 21, 23, 25, 29, 30, 33, 37, 40, 44, 45, 48, 49, 53, 83, 84]
Min Correction Subset: [27, 41]
Iter 23: 
Min Hitting Set: [0, 4, 8, 19, 21, 23, 25, 27, 29, 30, 33, 40, 44, 45, 48, 49, 53, 83, 84]
Min Correction Subset: [37, 75]
Iter 24: 
Min Hitting Set: [0, 4, 8, 19, 21, 25, 29, 30, 33, 37, 40, 41, 44, 45, 48, 49, 53, 83, 84]
Min Correction Subset: [27, 64]
Iter 25: 
Min Hitting Set: [0, 4, 8, 19, 21, 23, 25, 27, 29, 30, 33, 37, 40, 44, 45, 48, 49, 53, 83, 84]
Min Correction Subset: [17, 72]
Iter 26: 
Min Hitting Set: [0, 4, 8, 17, 19, 21, 23, 25, 27, 29, 30, 33, 37, 40, 44, 45, 48, 49, 53, 83, 84]
Min Correction Subset: [41, 76]
Iter 27: 
Min Hitting Set: [0, 4, 8, 17, 19, 21, 25, 27, 29, 30, 33, 37, 40, 41, 44, 45, 48, 49, 53, 83, 84]
Min Correction Subset: [23, 62]
Iter 28: 
Min Hitting Set: [0, 4, 8, 17, 19, 21, 23, 25, 27, 29, 30, 33, 37, 40, 41, 44, 45, 48, 49, 53, 83, 84]
Min Correction Subset: [59, 78]
Iter 29: 
Min Hitting Set: [0, 4, 8, 17, 21, 23, 25, 27, 29, 30, 33, 37, 40, 41, 44, 45, 48, 49, 53, 78, 83, 84]
Min Correction Subset: [1, 15]
Iter 30: 
Min Hitting Set: [0, 1, 4, 8, 17, 21, 23, 25, 27, 29, 30, 33, 37, 40, 41, 44, 45, 48, 49, 53, 78, 83, 84]
Min Correction Subset: [35, 76]
Iter 31: 
Min Hitting Set: [0, 1, 4, 8, 17, 21, 23, 25, 27, 29, 30, 33, 37, 40, 44, 45, 48, 49, 53, 76, 78, 83, 84]
Min Correction Subset: [19, 41]
Iter 32: 
Min Hitting Set: [0, 1, 4, 8, 17, 19, 21, 23, 25, 27, 29, 30, 33, 37, 40, 44, 45, 48, 49, 53, 76, 78, 83, 84]
Min Correction Subset: [15, 41]
Iter 33: 
Min Hitting Set: [0, 4, 8, 15, 17, 19, 21, 23, 25, 27, 29, 30, 33, 37, 40, 44, 45, 48, 49, 53, 76, 78, 83, 84]
Min Correction Subset: [1, 59]
Iter 34: 
Min Hitting Set: [0, 1, 4, 8, 17, 21, 23, 25, 27, 29, 30, 33, 37, 40, 41, 44, 45, 48, 49, 53, 76, 78, 83, 84]
Min Correction Subset: [19, 35, 54]
Iter 35: 
Min Hitting Set: [0, 1, 4, 8, 17, 21, 23, 25, 27, 29, 30, 33, 35, 37, 40, 41, 44, 45, 48, 49, 53, 78, 83, 84]
Min Correction Subset: [34, 76]
Iter 36: 
Min Hitting Set: [0, 4, 8, 15, 17, 19, 21, 23, 25, 27, 29, 30, 33, 37, 40, 44, 45, 48, 49, 53, 59, 76, 83, 84]
Min Correction Subset: [41, 78]
Iter 37: 
Min Hitting Set: [0, 1, 4, 8, 17, 19, 21, 23, 25, 27, 29, 30, 33, 37, 40, 41, 44, 45, 48, 49, 53, 76, 78, 83, 84]
Min Correction Subset: [35, 59, 70]
Iter 38: 
Min Hitting Set: [0, 4, 8, 15, 17, 19, 21, 23, 25, 27, 29, 30, 33, 37, 40, 44, 45, 48, 49, 53, 59, 76, 78, 83, 84]
Min Correction Subset: [41, 77]
Iter 39: 
Min Hitting Set: [0, 1, 4, 8, 17, 21, 23, 25, 27, 29, 30, 33, 35, 37, 40, 41, 44, 45, 48, 49, 53, 76, 78, 83, 84]
Min Correction Subset: [51, 54, 59]
Iter 40: 
Min Hitting Set: [0, 1, 4, 8, 17, 21, 23, 25, 27, 29, 33, 35, 37, 40, 41, 44, 45, 48, 49, 51, 53, 76, 78, 83, 84]
Min Correction Subset: [30, 47]
Iter 41: 
Min Hitting Set: [0, 1, 4, 8, 17, 21, 23, 25, 27, 29, 35, 37, 40, 41, 44, 45, 47, 48, 49, 51, 53, 76, 78, 83, 84]
Min Correction Subset: [19, 33]
Iter 42: 
Min Hitting Set: [0, 1, 4, 8, 17, 19, 21, 23, 25, 27, 29, 30, 33, 37, 40, 41, 44, 45, 48, 49, 53, 59, 76, 83, 84]
Min Correction Subset: [15, 78]
Iter 43: 
Min Hitting Set: [0, 4, 8, 15, 17, 19, 21, 23, 25, 27, 29, 30, 33, 37, 40, 41, 44, 45, 48, 49, 53, 59, 76, 83, 84]
Min Correction Subset: [1, 78]
Iter 44: 
Min Hitting Set: [0, 1, 4, 8, 17, 21, 23, 25, 27, 29, 30, 33, 37, 40, 41, 44, 45, 48, 49, 53, 54, 59, 76, 78, 83, 84]
Min Correction Subset: [5, 19, 62]
Iter 45: 
Min Hitting Set: [0, 1, 4, 8, 17, 21, 25, 27, 29, 33, 35, 37, 40, 41, 44, 45, 47, 48, 49, 51, 53, 62, 76, 78, 83, 84]
Min Correction Subset: [30, 80]
Iter 46: 
Min Hitting Set: [0, 1, 4, 8, 17, 21, 25, 27, 29, 30, 33, 37, 40, 41, 44, 45, 48, 49, 53, 54, 59, 62, 76, 78, 83, 84]
Min Correction Subset: [23, 75, 77]
Iter 47: 
Min Hitting Set: [0, 1, 4, 8, 17, 19, 21, 23, 25, 27, 29, 30, 33, 40, 41, 44, 45, 48, 49, 53, 59, 75, 76, 78, 83, 84]
Min Correction Subset: [37, 51]
Iter 48: 
Min Hitting Set: [0, 4, 8, 15, 17, 19, 21, 23, 25, 27, 29, 30, 33, 37, 40, 44, 45, 48, 49, 53, 59, 76, 77, 78, 83, 84]
Min Correction Subset: [41, 72]
Iter 49: 
Min Hitting Set: [0, 4, 8, 15, 19, 21, 23, 25, 27, 29, 30, 33, 37, 40, 44, 45, 48, 49, 53, 59, 72, 76, 77, 78, 83, 84]
Min Correction Subset: [41, 80]
Iter 50: 
Min Hitting Set: [0, 1, 4, 8, 19, 21, 23, 25, 27, 29, 30, 33, 37, 40, 41, 44, 45, 48, 49, 53, 59, 72, 76, 78, 83, 84]
Min Correction Subset: [15, 35, 54]
Iter 51: 
Min Hitting Set: [0, 4, 8, 15, 19, 21, 23, 25, 27, 29, 30, 33, 37, 40, 41, 44, 45, 48, 49, 53, 59, 72, 76, 78, 83, 84]
Min Correction Subset: [1, 62, 80]
Iter 52: 
Min Hitting Set: [0, 1, 4, 8, 15, 19, 21, 23, 25, 27, 29, 30, 33, 37, 40, 41, 44, 45, 48, 49, 53, 59, 72, 76, 83, 84]
Min Correction Subset: [34, 78, 80]
Iter 53: 
Min Hitting Set: [0, 1, 4, 8, 21, 25, 27, 29, 30, 33, 35, 37, 40, 41, 44, 45, 48, 49, 53, 54, 62, 72, 76, 77, 78, 83, 84]
Min Correction Subset: [23, 64, 70]
Iter 54: 
Min Hitting Set: [0, 1, 4, 8, 21, 25, 29, 30, 33, 35, 37, 40, 41, 44, 45, 48, 49, 53, 54, 62, 64, 72, 76, 77, 78, 83, 84]
Min Correction Subset: [27, 59]
Iter 55: 
Min Hitting Set: [0, 4, 8, 15, 21, 25, 29, 30, 33, 35, 37, 40, 41, 44, 45, 48, 49, 53, 59, 62, 64, 72, 75, 76, 78, 83, 84]
Min Correction Subset: [1, 23]
Iter 56: 
Min Hitting Set: [0, 1, 4, 8, 15, 19, 21, 23, 25, 29, 30, 33, 37, 40, 41, 44, 45, 48, 49, 53, 59, 64, 72, 76, 80, 83, 84]
Min Correction Subset: [27, 78]
Iter 57: 
Min Hitting Set: [0, 1, 4, 8, 21, 25, 29, 30, 33, 35, 37, 40, 41, 44, 45, 48, 49, 53, 59, 62, 64, 72, 76, 77, 78, 83, 84]
Min Correction Subset: [23, 54]
Iter 58: 
Min Hitting Set: [0, 4, 8, 15, 19, 21, 23, 25, 29, 30, 33, 37, 40, 41, 44, 45, 48, 49, 53, 59, 62, 64, 72, 76, 78, 83, 84]
Min Correction Subset: [1, 27, 54]
Iter 59: 
Min Hitting Set: [0, 1, 4, 8, 19, 21, 23, 25, 29, 30, 33, 34, 35, 37, 40, 41, 44, 45, 48, 49, 53, 59, 64, 72, 78, 83, 84]
Min Correction Subset: [27, 76]
Iter 60: 
Min Hitting Set: [0, 1, 4, 8, 15, 19, 21, 23, 25, 29, 30, 37, 40, 41, 44, 45, 47, 48, 49, 53, 59, 64, 72, 76, 78, 83, 84]
Min Correction Subset: [27, 33]
Iter 61: 
Min Hitting Set: [0, 4, 8, 15, 19, 21, 23, 25, 27, 29, 30, 37, 40, 41, 44, 45, 47, 48, 49, 53, 59, 62, 72, 76, 78, 83, 84]
Min Correction Subset: [33, 51]
Iter 62: 
Min Hitting Set: [0, 4, 8, 15, 19, 21, 23, 25, 27, 29, 30, 33, 37, 40, 41, 44, 45, 48, 49, 53, 59, 72, 76, 78, 80, 83, 84]
Min Correction Subset: [1, 36, 75]
Iter 63: 
Min Hitting Set: [0, 1, 4, 8, 21, 23, 25, 27, 29, 30, 33, 34, 35, 37, 40, 41, 44, 45, 48, 49, 53, 59, 62, 72, 78, 83, 84]
Min Correction Subset: [70, 76]
Iter 64: 
Min Hitting Set: [0, 1, 4, 8, 21, 23, 25, 27, 29, 30, 33, 35, 37, 40, 41, 44, 45, 48, 49, 53, 54, 62, 72, 76, 78, 83, 84]
Min Correction Subset: [5, 19, 36, 75]
Iter 65: 
Min Hitting Set: [0, 1, 4, 8, 15, 19, 21, 23, 25, 27, 29, 30, 33, 37, 40, 41, 44, 45, 48, 49, 53, 59, 72, 76, 80, 83, 84]
Min Correction Subset: [5, 35, 36, 75]
Iter 66: 
Min Hitting Set: [0, 1, 4, 5, 8, 21, 23, 25, 27, 29, 30, 33, 35, 37, 40, 41, 44, 45, 48, 49, 53, 54, 72, 76, 78, 83, 84]
Min Correction Subset: [15, 34, 62, 82]
Iter 67: 
Min Hitting Set: [0, 1, 4, 8, 21, 25, 27, 29, 30, 33, 37, 40, 41, 44, 45, 48, 49, 53, 54, 62, 70, 72, 75, 76, 78, 83, 84]
Min Correction Subset: [23, 77, 82]
Iter 68: 
Min Hitting Set: [0, 4, 8, 15, 19, 21, 23, 25, 27, 29, 40, 41, 44, 45, 47, 48, 49, 51, 53, 59, 72, 75, 76, 78, 80, 83, 84]
Min Correction Subset: [1, 33]
Iter 69: 
Min Hitting Set: [0, 1, 4, 8, 21, 23, 25, 27, 29, 30, 33, 35, 40, 41, 44, 45, 48, 49, 51, 53, 62, 72, 75, 76, 78, 83, 84]
Min Correction Subset: [19, 37]
Iter 70: 
Min Hitting Set: [0, 1, 4, 8, 15, 19, 21, 23, 25, 27, 29, 40, 41, 44, 45, 47, 48, 49, 51, 53, 59, 72, 75, 76, 80, 83, 84]
Min Correction Subset: [33, 35]
Iter 71: 
Min Hitting Set: [0, 1, 4, 8, 15, 19, 21, 23, 25, 27, 29, 35, 37, 40, 44, 45, 47, 48, 49, 51, 53, 72, 76, 77, 78, 80, 83, 84]
Min Correction Subset: [33, 59]
Iter 72: 
Min Hitting Set: [0, 4, 8, 15, 21, 23, 25, 29, 30, 33, 37, 40, 41, 44, 45, 48, 49, 53, 54, 59, 62, 64, 72, 75, 76, 78, 83, 84]
Min Correction Subset: [27, 70, 82]
Iter 73: 
Min Hitting Set: [0, 1, 4, 5, 8, 15, 21, 23, 25, 27, 29, 30, 33, 37, 40, 41, 44, 45, 48, 49, 53, 54, 70, 72, 76, 78, 83, 84]
Min Correction Subset: [35, 51, 59]
Iter 74: 
Min Hitting Set: [0, 1, 4, 5, 8, 15, 21, 23, 25, 27, 29, 30, 33, 35, 37, 40, 41, 44, 45, 48, 49, 53, 54, 72, 76, 78, 83, 84]
Min Correction Subset: [34, 70, 75, 82]
Iter 75: 
Min Hitting Set: [0, 1, 4, 5, 8, 21, 23, 25, 27, 29, 30, 33, 35, 37, 40, 41, 44, 45, 48, 49, 53, 54, 72, 76, 78, 82, 83, 84]
Min Correction Subset: [15, 34, 62, 70]
Iter 76: 
Min Hitting Set: [0, 4, 8, 15, 19, 21, 23, 25, 27, 29, 30, 33, 37, 40, 41, 44, 45, 48, 49, 53, 59, 62, 72, 75, 76, 78, 83, 84]
Min Correction Subset: [35, 54, 80]
Iter 77: 
Min Hitting Set: [0, 1, 4, 8, 15, 19, 21, 23, 25, 27, 29, 30, 33, 37, 40, 41, 44, 45, 48, 49, 53, 59, 72, 75, 76, 80, 83, 84]
Min Correction Subset: [5, 35, 36, 63]
Iter 78: 
Min Hitting Set: [0, 1, 4, 5, 8, 21, 23, 25, 27, 29, 30, 33, 34, 35, 37, 40, 41, 44, 45, 48, 49, 53, 54, 72, 76, 78, 83, 84]
Min Correction Subset: [15, 62, 70, 82]
Iter 79: 
Min Hitting Set: [0, 1, 4, 5, 8, 21, 23, 25, 27, 29, 30, 33, 34, 35, 37, 40, 41, 44, 45, 48, 49, 53, 54, 70, 72, 78, 83, 84]
Min Correction Subset: [59, 76]
Iter 80: 
Min Hitting Set: [0, 1, 4, 8, 19, 21, 23, 25, 27, 29, 30, 33, 35, 40, 41, 44, 45, 48, 49, 51, 53, 62, 72, 75, 76, 78, 83, 84]
Min Correction Subset: [15, 37]
Iter 81: 
Min Hitting Set: [0, 1, 4, 8, 15, 19, 21, 23, 25, 27, 29, 30, 33, 34, 35, 37, 40, 41, 44, 45, 48, 49, 53, 59, 72, 76, 83, 84]
Min Correction Subset: [5, 36, 54, 80]
Iter 82: 
Min Hitting Set: [0, 1, 4, 8, 15, 19, 21, 23, 25, 27, 29, 35, 40, 41, 44, 45, 47, 48, 49, 51, 53, 59, 72, 75, 76, 80, 83, 84]
Min Correction Subset: [30, 33]
Iter 83: 
Min Hitting Set: [0, 1, 4, 8, 21, 23, 25, 27, 29, 30, 33, 35, 37, 40, 41, 44, 45, 48, 49, 53, 54, 62, 72, 75, 76, 78, 83, 84]
Min Correction Subset: [5, 19, 51, 59]
Iter 84: 
Min Hitting Set: [0, 1, 4, 5, 8, 21, 23, 25, 27, 29, 30, 33, 34, 35, 37, 40, 41, 44, 45, 48, 49, 53, 59, 70, 72, 78, 83, 84]
Min Correction Subset: [38, 76]
Iter 85: 
Min Hitting Set: [0, 4, 8, 15, 21, 23, 25, 27, 29, 30, 33, 35, 37, 40, 41, 44, 45, 48, 49, 53, 54, 59, 62, 72, 75, 76, 78, 83, 84]
Min Correction Subset: [1, 34, 80]
