IIS generation
Iter 1: 
Min Hitting Set: []
Min Correction Subset: [116]
Iter 2: 
Min Hitting Set: [116]
Min Correction Subset: [28]
Iter 3: 
Min Hitting Set: [28, 116]
Min Correction Subset: [36]
Iter 4: 
Min Hitting Set: [28, 36, 116]
Min Correction Subset: [46]
Iter 5: 
Min Hitting Set: [28, 36, 46, 116]
Min Correction Subset: [11]
Iter 6: 
Min Hitting Set: [11, 28, 36, 46, 116]
Min Correction Subset: [33]
Iter 7: 
Min Hitting Set: [11, 28, 33, 36, 46, 116]
Min Correction Subset: [16]
Iter 8: 
Min Hitting Set: [11, 16, 28, 33, 36, 46, 116]
Min Correction Subset: [49]
Iter 9: 
Min Hitting Set: [11, 16, 28, 33, 36, 46, 49, 116]
Min Correction Subset: [22]
Iter 10: 
Min Hitting Set: [11, 16, 22, 28, 33, 36, 46, 49, 116]
Min Correction Subset: [44]
Iter 11: 
Min Hitting Set: [11, 16, 22, 28, 33, 36, 44, 46, 49, 116]
Min Correction Subset: [24]
Iter 12: 
Min Hitting Set: [11, 16, 22, 24, 28, 33, 36, 44, 46, 49, 116]
Min Correction Subset: [30]
Iter 13: 
Min Hitting Set: [11, 16, 22, 24, 28, 30, 33, 36, 44, 46, 49, 116]
Min Correction Subset: [66]
Iter 14: 
Min Hitting Set: [11, 16, 22, 24, 28, 30, 33, 36, 44, 46, 49, 66, 116]
Min Correction Subset: [38]
Iter 15: 
Min Hitting Set: [11, 16, 22, 24, 28, 30, 33, 36, 38, 44, 46, 49, 66, 116]
Min Correction Subset: [43]
Iter 16: 
Min Hitting Set: [11, 16, 22, 24, 28, 30, 33, 36, 38, 43, 44, 46, 49, 66, 116]
Min Correction Subset: [115]
Iter 17: 
Min Hitting Set: [11, 16, 22, 24, 28, 30, 33, 36, 38, 43, 44, 46, 49, 66, 115, 116]
Min Correction Subset: [32]
Iter 18: 
Min Hitting Set: [11, 16, 22, 24, 28, 30, 32, 33, 36, 38, 43, 44, 46, 49, 66, 115, 116]
Min Correction Subset: [25, 48]
Iter 19: 
Min Hitting Set: [11, 16, 22, 24, 25, 28, 30, 32, 33, 36, 38, 43, 44, 46, 49, 66, 115, 116]
Min Correction Subset: [19, 26]
Iter 20: 
Min Hitting Set: [11, 16, 19, 22, 24, 25, 28, 30, 32, 33, 36, 38, 43, 44, 46, 49, 66, 115, 116]
Min Correction Subset: [5, 23]
Iter 21: 
Min Hitting Set: [5, 11, 16, 19, 22, 24, 25, 28, 30, 32, 33, 36, 38, 43, 44, 46, 49, 66, 115, 116]
Min Correction Subset: [17, 26]
Iter 22: 
Min Hitting Set: [5, 11, 16, 22, 24, 25, 26, 28, 30, 32, 33, 36, 38, 43, 44, 46, 49, 66, 115, 116]
Min Correction Subset: [19, 21]
Iter 23: 
Min Hitting Set: [5, 11, 16, 19, 22, 24, 25, 26, 28, 30, 32, 33, 36, 38, 43, 44, 46, 49, 66, 115, 116]
Min Correction Subset: [17, 23]
Iter 24: 
Min Hitting Set: [11, 16, 17, 19, 22, 23, 24, 25, 28, 30, 32, 33, 36, 38, 43, 44, 46, 49, 66, 115, 116]
Min Correction Subset: [13, 26]
Iter 25: 
Min Hitting Set: [11, 16, 19, 22, 23, 24, 25, 26, 28, 30, 32, 33, 36, 38, 43, 44, 46, 49, 66, 115, 116]
Min Correction Subset: [15, 35]
Iter 26: 
Min Hitting Set: [11, 15, 16, 19, 22, 23, 24, 25, 26, 28, 30, 32, 33, 36, 38, 43, 44, 46, 49, 66, 115, 116]
Min Correction Subset: [17, 35]
Iter 27: 
Min Hitting Set: [11, 16, 19, 22, 23, 24, 25, 26, 28, 30, 32, 33, 35, 36, 38, 43, 44, 46, 49, 66, 115, 116]
Min Correction Subset: [2, 17]
Iter 28: 
Min Hitting Set: [11, 16, 17, 19, 22, 23, 24, 25, 26, 28, 30, 32, 33, 35, 36, 38, 43, 44, 46, 49, 66, 115, 116]
Min Correction Subset: [21, 62]
Iter 29: 
Min Hitting Set: [11, 16, 17, 21, 22, 23, 24, 25, 26, 28, 30, 32, 33, 35, 36, 38, 43, 44, 46, 49, 66, 115, 116]
Min Correction Subset: [19, 20]
Iter 30: 
Min Hitting Set: [11, 16, 17, 19, 21, 22, 23, 24, 25, 26, 28, 30, 32, 33, 35, 36, 38, 43, 44, 46, 49, 66, 115, 116]
Min Correction Subset: [15, 20]
Iter 31: 
Min Hitting Set: [11, 15, 16, 17, 20, 21, 22, 23, 24, 25, 26, 28, 30, 32, 33, 36, 38, 43, 44, 46, 49, 66, 115, 116]
Min Correction Subset: [19, 35]
Iter 32: 
Min Hitting Set: [11, 15, 16, 17, 19, 21, 22, 23, 24, 25, 26, 28, 30, 32, 33, 36, 38, 43, 44, 46, 49, 66, 115, 116]
Min Correction Subset: [1, 35]
Iter 33: 
Min Hitting Set: [11, 16, 17, 20, 21, 22, 23, 24, 25, 26, 28, 30, 32, 33, 35, 36, 38, 43, 44, 46, 49, 66, 115, 116]
Min Correction Subset: [15, 19]
Iter 34: 
Min Hitting Set: [11, 15, 16, 17, 19, 21, 22, 23, 24, 25, 26, 28, 30, 32, 33, 35, 36, 38, 43, 44, 46, 49, 66, 115, 116]
Min Correction Subset: [13, 51]
Iter 35: 
Min Hitting Set: [11, 13, 15, 16, 17, 19, 21, 22, 23, 24, 25, 28, 30, 32, 33, 35, 36, 38, 43, 44, 46, 49, 66, 115, 116]
Min Correction Subset: [20, 51]
Iter 36: 
Min Hitting Set: [11, 13, 16, 17, 19, 20, 21, 22, 23, 24, 25, 28, 30, 32, 33, 35, 36, 38, 43, 44, 46, 49, 66, 115, 116]
Min Correction Subset: [15, 51]
Iter 37: 
Min Hitting Set: [11, 13, 15, 16, 17, 19, 20, 21, 22, 23, 24, 25, 28, 30, 32, 33, 35, 36, 38, 43, 44, 46, 49, 66, 115, 116]
Min Correction Subset: [29, 51]
Iter 38: 
Min Hitting Set: [11, 15, 16, 17, 19, 21, 22, 23, 24, 25, 26, 28, 30, 32, 33, 35, 36, 38, 43, 44, 46, 49, 51, 66, 115, 116]
Min Correction Subset: [3, 20]
Iter 39: 
Min Hitting Set: [11, 16, 17, 19, 20, 21, 22, 23, 24, 25, 26, 28, 30, 32, 33, 35, 36, 38, 43, 44, 46, 49, 51, 66, 115, 116]
Min Correction Subset: [5, 15]
Iter 40: 
Min Hitting Set: [5, 11, 15, 16, 17, 20, 21, 22, 24, 25, 26, 28, 30, 32, 33, 35, 36, 38, 43, 44, 46, 49, 51, 66, 115, 116]
Min Correction Subset: [19, 23]
Iter 41: 
Min Hitting Set: [5, 11, 16, 17, 19, 20, 21, 22, 24, 25, 26, 28, 30, 32, 33, 35, 36, 38, 43, 44, 46, 49, 51, 66, 115, 116]
Min Correction Subset: [1, 15]
Iter 42: 
Min Hitting Set: [11, 15, 16, 17, 20, 21, 22, 23, 24, 25, 26, 28, 30, 32, 33, 35, 36, 38, 43, 44, 46, 49, 51, 66, 115, 116]
Min Correction Subset: [10, 29]
Iter 43: 
Min Hitting Set: [11, 13, 15, 16, 17, 20, 21, 22, 23, 24, 25, 26, 28, 29, 30, 32, 33, 35, 36, 38, 43, 44, 46, 49, 66, 115, 116]
Min Correction Subset: [3, 19]
Iter 44: 
Min Hitting Set: [11, 13, 15, 16, 17, 19, 20, 21, 22, 23, 24, 25, 28, 29, 30, 32, 33, 35, 36, 38, 43, 44, 46, 49, 66, 115, 116]
Min Correction Subset: [3, 10]
Iter 45: 
Min Hitting Set: [10, 11, 15, 16, 17, 19, 20, 21, 22, 23, 24, 25, 26, 28, 30, 32, 33, 35, 36, 38, 43, 44, 46, 49, 51, 66, 115, 116]
Min Correction Subset: [1, 5]
Iter 46: 
Min Hitting Set: [1, 5, 10, 11, 13, 15, 16, 17, 19, 20, 21, 22, 24, 25, 28, 29, 30, 32, 33, 36, 38, 43, 44, 46, 49, 66, 115, 116]
Min Correction Subset: [23, 35]
Iter 47: 
Min Hitting Set: [1, 10, 11, 15, 16, 17, 19, 20, 21, 22, 23, 24, 25, 26, 28, 30, 32, 33, 36, 38, 43, 44, 46, 49, 51, 66, 115, 116]
Min Correction Subset: [0, 35]
Iter 48: 
Min Hitting Set: [5, 10, 11, 15, 16, 17, 19, 20, 21, 22, 24, 25, 26, 28, 30, 32, 33, 35, 36, 38, 43, 44, 46, 49, 51, 66, 115, 116]
Min Correction Subset: [23, 29]
Iter 49: 
Min Hitting Set: [3, 5, 11, 13, 15, 16, 17, 19, 21, 22, 24, 25, 28, 29, 30, 32, 33, 35, 36, 38, 43, 44, 46, 49, 51, 66, 115, 116]
Min Correction Subset: [20, 23]
Iter 50: 
Min Hitting Set: [3, 5, 11, 13, 15, 16, 17, 19, 20, 21, 22, 24, 25, 28, 29, 30, 32, 33, 35, 36, 38, 43, 44, 46, 49, 66, 115, 116]
Min Correction Subset: [26, 62]
Iter 51: 
Min Hitting Set: [3, 5, 11, 13, 15, 16, 17, 19, 20, 22, 24, 25, 28, 29, 30, 32, 33, 35, 36, 38, 43, 44, 46, 49, 62, 66, 115, 116]
Min Correction Subset: [21, 26]
Iter 52: 
Min Hitting Set: [5, 10, 11, 15, 16, 17, 19, 20, 21, 22, 24, 25, 26, 28, 29, 30, 32, 33, 35, 36, 38, 43, 44, 46, 49, 51, 66, 115, 116]
Min Correction Subset: [50, 62]
Iter 53: 
Min Hitting Set: [5, 10, 11, 15, 16, 17, 19, 20, 22, 24, 25, 26, 28, 29, 30, 32, 33, 35, 36, 38, 43, 44, 46, 49, 51, 62, 66, 115, 116]
Min Correction Subset: [45, 52]
Iter 54: 
Min Hitting Set: [5, 10, 11, 15, 16, 17, 19, 20, 22, 24, 25, 26, 28, 29, 30, 32, 33, 35, 36, 38, 43, 44, 45, 46, 49, 51, 62, 66, 115, 116]
Min Correction Subset: [34, 52]
Iter 55: 
Min Hitting Set: [5, 10, 11, 15, 16, 17, 19, 20, 22, 24, 25, 26, 28, 29, 30, 32, 33, 35, 36, 38, 43, 44, 46, 49, 51, 52, 62, 66, 115, 116]
Min Correction Subset: [0, 23]
Iter 56: 
Min Hitting Set: [5, 10, 11, 15, 16, 17, 19, 20, 22, 23, 24, 25, 26, 28, 30, 32, 33, 35, 36, 38, 43, 44, 46, 49, 51, 52, 62, 66, 115, 116]
Min Correction Subset: [13, 29]
Iter 57: 
Min Hitting Set: [3, 5, 11, 15, 16, 17, 19, 22, 23, 24, 25, 26, 28, 29, 30, 32, 33, 35, 36, 38, 43, 44, 46, 49, 51, 52, 62, 66, 115, 116]
Min Correction Subset: [2, 20]
Iter 58: 
Min Hitting Set: [2, 3, 5, 11, 15, 16, 19, 22, 23, 24, 25, 26, 28, 29, 30, 32, 33, 35, 36, 38, 43, 44, 46, 49, 51, 52, 62, 66, 115, 116]
Min Correction Subset: [17, 20]
Iter 59: 
Min Hitting Set: [3, 5, 11, 13, 15, 16, 17, 19, 20, 21, 22, 23, 24, 25, 28, 29, 30, 32, 33, 35, 36, 38, 43, 44, 46, 49, 52, 62, 66, 115, 116]
Min Correction Subset: [0, 26]
Iter 60: 
Min Hitting Set: [3, 5, 11, 15, 16, 17, 19, 20, 22, 23, 24, 25, 26, 28, 29, 30, 32, 33, 35, 36, 38, 43, 44, 46, 49, 51, 52, 62, 66, 115, 116]
Min Correction Subset: [0, 10]
Iter 61: 
Min Hitting Set: [5, 10, 11, 15, 16, 17, 19, 20, 22, 23, 24, 25, 26, 28, 29, 30, 32, 33, 35, 36, 38, 43, 44, 46, 49, 51, 52, 62, 66, 115, 116]
Min Correction Subset: [2, 21, 79]
Iter 62: 
Min Hitting Set: [2, 5, 10, 11, 15, 16, 19, 20, 22, 23, 24, 25, 26, 28, 29, 30, 32, 33, 35, 36, 38, 43, 44, 46, 49, 51, 52, 62, 66, 115, 116]
Min Correction Subset: [0, 17]
Iter 63: 
Min Hitting Set: [0, 5, 10, 11, 13, 15, 16, 17, 19, 20, 21, 22, 24, 25, 28, 29, 30, 32, 33, 35, 36, 38, 43, 44, 46, 49, 52, 62, 66, 115, 116]
Min Correction Subset: [3, 26]
Iter 64: 
Min Hitting Set: [0, 3, 5, 11, 13, 15, 16, 17, 19, 20, 21, 22, 24, 25, 28, 29, 30, 32, 33, 35, 36, 38, 43, 44, 46, 49, 52, 62, 66, 115, 116]
Min Correction Subset: [2, 26]
Iter 65: 
Min Hitting Set: [0, 1, 2, 3, 11, 15, 16, 17, 19, 22, 23, 24, 25, 26, 28, 29, 30, 32, 33, 36, 38, 43, 44, 46, 49, 51, 52, 62, 66, 115, 116]
Min Correction Subset: [13, 20]
Iter 66: 
Min Hitting Set: [5, 10, 11, 15, 16, 17, 19, 20, 21, 22, 23, 24, 25, 26, 28, 29, 30, 32, 33, 35, 36, 38, 43, 44, 46, 49, 51, 52, 62, 66, 115, 116]
Min Correction Subset: [0, 3, 13]
Iter 67: 
Min Hitting Set: [5, 10, 11, 13, 15, 16, 17, 19, 20, 21, 22, 23, 24, 25, 26, 28, 30, 32, 33, 35, 36, 38, 43, 44, 46, 49, 51, 52, 62, 66, 115, 116]
Min Correction Subset: [3, 29]
Iter 68: 
Min Hitting Set: [3, 5, 10, 11, 15, 16, 17, 20, 21, 22, 23, 24, 25, 26, 28, 29, 30, 32, 33, 35, 36, 38, 43, 44, 46, 49, 51, 52, 62, 66, 115, 116]
Min Correction Subset: [0, 19]
Iter 69: 
Min Hitting Set: [0, 1, 3, 11, 15, 16, 17, 20, 21, 22, 23, 24, 25, 26, 28, 29, 30, 32, 33, 35, 36, 38, 43, 44, 46, 49, 51, 52, 62, 66, 115, 116]
Min Correction Subset: [5, 10]
Iter 70: 
Min Hitting Set: [0, 2, 3, 5, 11, 15, 16, 20, 21, 22, 23, 24, 25, 26, 28, 29, 30, 32, 33, 35, 36, 38, 43, 44, 46, 49, 51, 52, 62, 66, 115, 116]
Min Correction Subset: [17, 19]
Iter 71: 
Min Hitting Set: [0, 1, 2, 3, 10, 11, 13, 15, 16, 17, 19, 22, 23, 24, 25, 26, 28, 30, 32, 33, 36, 38, 43, 44, 46, 49, 51, 52, 62, 66, 115, 116]
Min Correction Subset: [5, 20]
Iter 72: 
Min Hitting Set: [2, 3, 5, 10, 11, 13, 15, 16, 17, 19, 22, 23, 24, 25, 26, 28, 30, 32, 33, 35, 36, 38, 43, 44, 46, 49, 51, 52, 62, 66, 115, 116]
Min Correction Subset: [7, 20]
Iter 73: 
Min Hitting Set: [0, 1, 2, 3, 5, 11, 16, 17, 19, 20, 22, 24, 25, 26, 28, 29, 30, 32, 33, 35, 36, 38, 43, 44, 46, 49, 51, 52, 62, 66, 115, 116]
Min Correction Subset: [10, 14]
Iter 74: 
Min Hitting Set: [0, 1, 2, 5, 10, 11, 16, 17, 19, 20, 22, 24, 25, 26, 28, 29, 30, 32, 33, 35, 36, 38, 43, 44, 46, 49, 51, 52, 62, 66, 115, 116]
Min Correction Subset: [14, 15]
Iter 75: 
Min Hitting Set: [0, 2, 5, 10, 11, 15, 16, 17, 19, 20, 22, 24, 25, 26, 28, 29, 30, 32, 33, 35, 36, 38, 43, 44, 46, 49, 51, 52, 62, 66, 115, 116]
Min Correction Subset: [1, 23]
Iter 76: 
Min Hitting Set: [0, 1, 2, 10, 11, 15, 16, 17, 19, 20, 22, 23, 24, 25, 26, 28, 29, 30, 32, 33, 36, 38, 43, 44, 46, 49, 51, 52, 62, 66, 115, 116]
Min Correction Subset: [3, 5]
Iter 77: 
Min Hitting Set: [0, 2, 5, 10, 11, 15, 16, 19, 20, 22, 23, 24, 25, 26, 28, 29, 30, 32, 33, 35, 36, 38, 43, 44, 46, 49, 51, 52, 62, 66, 115, 116]
Min Correction Subset: [3, 17]
Iter 78: 
Min Hitting Set: [2, 5, 10, 11, 13, 15, 16, 17, 19, 20, 22, 23, 24, 25, 26, 28, 29, 30, 32, 33, 35, 36, 38, 43, 44, 46, 49, 52, 62, 66, 115, 116]
Min Correction Subset: [0, 51]
Iter 79: 
Min Hitting Set: [2, 5, 10, 11, 13, 15, 16, 17, 19, 20, 22, 23, 24, 25, 26, 28, 29, 30, 32, 33, 35, 36, 38, 43, 44, 46, 49, 51, 52, 62, 66, 115, 116]
Min Correction Subset: [0, 21, 79]
Iter 80: 
Min Hitting Set: [5, 10, 11, 13, 15, 16, 17, 19, 20, 21, 22, 23, 24, 25, 26, 28, 29, 30, 32, 33, 35, 36, 38, 43, 44, 46, 49, 51, 52, 62, 66, 115, 116]
Min Correction Subset: [1, 3, 48]
Iter 81: 
Min Hitting Set: [5, 10, 11, 13, 15, 16, 17, 19, 20, 21, 22, 23, 24, 26, 28, 29, 30, 32, 33, 35, 36, 38, 43, 44, 46, 48, 49, 51, 52, 62, 66, 115, 116]
Min Correction Subset: [0, 25]
Iter 82: 
Min Hitting Set: [0, 2, 3, 5, 11, 13, 14, 15, 16, 19, 20, 22, 23, 24, 26, 28, 29, 30, 32, 33, 35, 36, 38, 43, 44, 46, 48, 49, 52, 62, 66, 115, 116]
Min Correction Subset: [1, 17]
Iter 83: 
Min Hitting Set: [0, 3, 5, 10, 11, 15, 16, 17, 20, 21, 22, 23, 24, 26, 28, 29, 30, 32, 33, 35, 36, 38, 43, 44, 46, 48, 49, 51, 52, 62, 66, 115, 116]
Min Correction Subset: [2, 19]
Iter 84: 
Min Hitting Set: [3, 5, 10, 11, 15, 16, 17, 19, 20, 21, 22, 23, 24, 25, 26, 28, 29, 30, 32, 33, 35, 36, 38, 43, 44, 46, 49, 51, 52, 62, 66, 115, 116]
Min Correction Subset: [0, 2, 13]
Iter 85: 
Min Hitting Set: [3, 5, 10, 11, 13, 15, 16, 17, 19, 20, 21, 22, 23, 24, 25, 26, 28, 30, 32, 33, 35, 36, 38, 43, 44, 46, 49, 51, 52, 62, 66, 115, 116]
Min Correction Subset: [0, 29]
Iter 86: 
Min Hitting Set: [0, 1, 3, 10, 11, 15, 16, 17, 19, 20, 21, 22, 23, 24, 25, 26, 28, 29, 30, 32, 33, 36, 38, 43, 44, 46, 49, 51, 52, 62, 66, 115, 116]
Min Correction Subset: [5, 13]
Iter 87: 
Min Hitting Set: [0, 1, 5, 10, 11, 15, 16, 17, 19, 20, 21, 22, 23, 24, 25, 26, 28, 29, 30, 32, 33, 36, 38, 43, 44, 46, 49, 51, 52, 62, 66, 115, 116]
Min Correction Subset: [35, 48]
Iter 88: 
Min Hitting Set: [0, 2, 5, 10, 11, 15, 16, 17, 19, 20, 22, 23, 24, 26, 28, 29, 30, 32, 33, 35, 36, 38, 43, 44, 46, 48, 49, 51, 52, 62, 66, 115, 116]
Min Correction Subset: [1, 25]
Iter 89: 
Min Hitting Set: [0, 1, 5, 10, 11, 15, 16, 17, 19, 20, 21, 22, 23, 24, 26, 28, 29, 30, 32, 33, 36, 38, 43, 44, 46, 48, 49, 51, 52, 62, 66, 115, 116]
Min Correction Subset: [2, 25]
Iter 90: 
Min Hitting Set: [0, 1, 5, 10, 11, 14, 16, 17, 19, 20, 21, 22, 24, 25, 26, 28, 29, 30, 32, 33, 35, 36, 38, 43, 44, 46, 49, 51, 52, 62, 66, 115, 116]
Min Correction Subset: [15, 23]
Iter 91: 
Min Hitting Set: [0, 1, 2, 5, 10, 11, 13, 15, 16, 17, 19, 20, 22, 23, 24, 26, 28, 29, 30, 32, 33, 36, 38, 43, 44, 46, 48, 49, 52, 62, 66, 115, 116]
Min Correction Subset: [25, 57]
Iter 92: 
Min Hitting Set: [0, 1, 2, 3, 10, 11, 13, 15, 16, 19, 20, 22, 23, 24, 25, 26, 28, 29, 30, 32, 33, 35, 36, 38, 43, 44, 46, 49, 52, 62, 66, 115, 116]
Min Correction Subset: [5, 17]
Iter 93: 
Min Hitting Set: [0, 1, 2, 3, 5, 11, 14, 16, 19, 20, 22, 23, 24, 25, 26, 28, 29, 30, 32, 33, 35, 36, 38, 43, 44, 46, 49, 51, 52, 62, 66, 115, 116]
Min Correction Subset: [7, 17]
Iter 94: 
Min Hitting Set: [0, 1, 5, 10, 11, 13, 15, 16, 17, 19, 20, 21, 22, 24, 25, 26, 28, 29, 30, 32, 33, 35, 36, 38, 43, 44, 46, 49, 52, 62, 66, 115, 116]
Min Correction Subset: [3, 12, 51]
Iter 95: 
Min Hitting Set: [0, 1, 5, 10, 11, 15, 16, 17, 19, 20, 21, 22, 24, 25, 26, 28, 29, 30, 32, 33, 35, 36, 38, 43, 44, 46, 49, 51, 52, 62, 66, 115, 116]
Min Correction Subset: [2, 3, 23]
Iter 96: 
Min Hitting Set: [0, 1, 2, 5, 10, 11, 15, 16, 17, 19, 20, 22, 24, 25, 26, 28, 29, 30, 32, 33, 35, 36, 38, 43, 44, 46, 49, 51, 52, 62, 66, 115, 116]
Min Correction Subset: [23, 48, 63]
Iter 97: 
Min Hitting Set: [3, 5, 10, 11, 13, 15, 16, 17, 19, 20, 21, 22, 23, 24, 25, 26, 28, 29, 30, 32, 33, 35, 36, 38, 43, 44, 46, 49, 51, 52, 62, 66, 115, 116]
Min Correction Subset: [0, 7, 48]
Iter 98: 
Min Hitting Set: [5, 10, 11, 13, 15, 16, 17, 19, 20, 21, 22, 23, 24, 25, 26, 28, 29, 30, 32, 33, 35, 36, 38, 43, 44, 46, 48, 49, 51, 52, 62, 66, 115, 116]
Min Correction Subset: [0, 7, 8]
Iter 99: 
Min Hitting Set: [0, 3, 5, 11, 13, 14, 15, 16, 17, 19, 20, 21, 22, 23, 24, 25, 26, 28, 29, 30, 32, 33, 35, 36, 38, 43, 44, 46, 49, 52, 62, 66, 115, 116]
Min Correction Subset: [1, 10]
Iter 100: 
Min Hitting Set: [0, 3, 5, 10, 11, 13, 15, 16, 17, 19, 20, 21, 22, 23, 24, 25, 26, 28, 30, 32, 33, 35, 36, 38, 43, 44, 46, 49, 51, 52, 62, 66, 115, 116]
Min Correction Subset: [8, 29]
Iter 101: 
Min Hitting Set: [0, 1, 2, 3, 5, 7, 11, 14, 16, 19, 20, 22, 23, 24, 25, 26, 28, 29, 30, 32, 33, 35, 36, 38, 43, 44, 46, 49, 51, 52, 62, 66, 115, 116]
Min Correction Subset: [10, 17]
Iter 102: 
Min Hitting Set: [0, 1, 3, 10, 11, 13, 15, 16, 17, 19, 20, 21, 22, 23, 24, 25, 26, 28, 29, 30, 32, 33, 36, 38, 43, 44, 46, 48, 49, 52, 62, 66, 115, 116]
Min Correction Subset: [5, 51]
Iter 103: 
Min Hitting Set: [0, 2, 3, 5, 10, 11, 15, 16, 17, 19, 20, 22, 23, 24, 25, 26, 28, 29, 30, 32, 33, 35, 36, 38, 43, 44, 46, 49, 51, 52, 62, 66, 115, 116]
Min Correction Subset: [21, 48, 63]
Iter 104: 
Min Hitting Set: [0, 1, 5, 10, 11, 15, 16, 17, 19, 20, 21, 22, 23, 24, 25, 26, 28, 29, 30, 32, 33, 36, 38, 43, 44, 46, 48, 49, 51, 52, 62, 66, 115, 116]
Min Correction Subset: [8, 35]
Iter 105: 
Min Hitting Set: [0, 5, 10, 11, 15, 16, 17, 19, 20, 21, 22, 23, 24, 25, 26, 28, 29, 30, 32, 33, 35, 36, 38, 43, 44, 46, 48, 49, 51, 52, 62, 66, 115, 116]
Min Correction Subset: [1, 3, 8]
Iter 106: 
Min Hitting Set: [0, 1, 5, 10, 11, 15, 16, 17, 19, 20, 21, 22, 23, 24, 25, 26, 28, 29, 30, 32, 33, 35, 36, 38, 43, 44, 46, 49, 51, 52, 62, 66, 115, 116]
Min Correction Subset: [2, 3, 48]
Iter 107: 
Min Hitting Set: [0, 1, 3, 5, 11, 14, 16, 17, 19, 20, 21, 22, 23, 24, 25, 26, 28, 29, 30, 32, 33, 35, 36, 38, 43, 44, 46, 49, 51, 52, 62, 66, 115, 116]
Min Correction Subset: [2, 10]
Iter 108: 
Min Hitting Set: [0, 1, 2, 5, 10, 11, 15, 16, 17, 19, 20, 22, 24, 25, 26, 28, 29, 30, 32, 33, 35, 36, 38, 43, 44, 46, 48, 49, 51, 52, 62, 66, 115, 116]
Min Correction Subset: [3, 7, 23]
Iter 109: 
Min Hitting Set: [0, 3, 5, 10, 11, 15, 16, 17, 19, 20, 21, 22, 23, 24, 25, 26, 28, 29, 30, 32, 33, 35, 36, 38, 43, 44, 46, 49, 51, 52, 62, 66, 115, 116]
Min Correction Subset: [8, 48, 63]
Iter 110: 
Min Hitting Set: [5, 8, 10, 11, 13, 15, 16, 17, 19, 20, 21, 22, 23, 24, 25, 26, 28, 29, 30, 32, 33, 35, 36, 38, 43, 44, 46, 48, 49, 51, 52, 62, 66, 115, 116]
Min Correction Subset: [0, 3, 7]
Iter 111: 
Min Hitting Set: [0, 1, 2, 5, 7, 10, 11, 15, 16, 17, 19, 20, 22, 24, 25, 26, 28, 29, 30, 32, 33, 35, 36, 38, 43, 44, 46, 48, 49, 51, 52, 62, 66, 115, 116]
Min Correction Subset: [21, 23, 79]
Iter 112: 
Min Hitting Set: [0, 1, 2, 5, 10, 11, 15, 16, 17, 19, 20, 22, 23, 24, 25, 26, 28, 29, 30, 32, 33, 35, 36, 38, 43, 44, 46, 48, 49, 51, 52, 62, 66, 115, 116]
Min Correction Subset: [13, 21, 79]
Iter 113: 
Min Hitting Set: [0, 5, 8, 10, 11, 15, 16, 17, 19, 20, 21, 22, 23, 24, 25, 26, 28, 29, 30, 32, 33, 35, 36, 38, 43, 44, 46, 48, 49, 51, 52, 62, 66, 115, 116]
Min Correction Subset: [1, 3, 7]
Iter 114: 
Min Hitting Set: [0, 1, 5, 10, 11, 15, 16, 17, 19, 20, 21, 22, 23, 24, 25, 26, 28, 29, 30, 32, 33, 35, 36, 38, 43, 44, 46, 48, 49, 51, 52, 62, 66, 115, 116]
Min Correction Subset: [2, 3, 13]
Iter 115: 
Min Hitting Set: [0, 1, 3, 5, 10, 11, 15, 16, 17, 19, 20, 21, 22, 24, 25, 26, 28, 29, 30, 32, 33, 35, 36, 38, 43, 44, 46, 48, 49, 51, 52, 62, 66, 115, 116]
Min Correction Subset: [2, 7, 23]
Iter 116: 
Min Hitting Set: [0, 3, 5, 8, 10, 11, 15, 16, 17, 19, 20, 21, 22, 23, 24, 25, 26, 28, 29, 30, 32, 33, 35, 36, 38, 43, 44, 46, 49, 51, 52, 62, 66, 115, 116]
Min Correction Subset: [1, 2, 48]
Iter 117: 
Min Hitting Set: [0, 2, 3, 5, 8, 10, 11, 15, 16, 17, 20, 21, 22, 23, 24, 25, 26, 28, 29, 30, 32, 33, 35, 36, 38, 43, 44, 46, 49, 51, 52, 62, 66, 115, 116]
Min Correction Subset: [7, 19]
Iter 118: 
Min Hitting Set: [0, 1, 3, 8, 10, 11, 13, 15, 16, 17, 19, 20, 21, 22, 23, 24, 25, 26, 28, 30, 32, 33, 35, 36, 38, 43, 44, 46, 49, 51, 52, 62, 66, 115, 116]
Min Correction Subset: [5, 29]
Iter 119: 
Min Hitting Set: [0, 3, 5, 10, 11, 13, 15, 16, 17, 19, 20, 21, 22, 23, 24, 25, 26, 28, 29, 30, 32, 33, 35, 36, 38, 43, 44, 46, 48, 49, 52, 62, 66, 115, 116]
Min Correction Subset: [1, 51]
Iter 120: 
Min Hitting Set: [0, 3, 5, 10, 11, 15, 16, 17, 19, 20, 21, 22, 23, 24, 25, 26, 28, 29, 30, 32, 33, 35, 36, 38, 43, 44, 46, 48, 49, 51, 52, 62, 66, 115, 116]
Min Correction Subset: [1, 2, 7]
Iter 121: 
Min Hitting Set: [0, 2, 3, 5, 8, 10, 11, 13, 15, 16, 17, 19, 20, 21, 22, 23, 24, 25, 28, 30, 32, 33, 35, 36, 38, 43, 44, 46, 49, 51, 52, 62, 66, 115, 116]
Min Correction Subset: [26, 29]
Iter 122: 
Min Hitting Set: [0, 1, 2, 3, 5, 11, 13, 14, 15, 16, 17, 19, 20, 21, 22, 24, 25, 28, 29, 30, 32, 33, 35, 36, 38, 43, 44, 46, 48, 49, 52, 62, 66, 115, 116]
Min Correction Subset: [10, 12]
Iter 123: 
Min Hitting Set: [0, 1, 2, 3, 5, 10, 11, 13, 15, 16, 17, 19, 20, 21, 22, 24, 25, 28, 29, 30, 32, 33, 35, 36, 38, 43, 44, 46, 48, 49, 52, 62, 66, 115, 116]
Min Correction Subset: [12, 26]
Iter 124: 
Min Hitting Set: [5, 7, 8, 10, 11, 13, 15, 16, 17, 19, 20, 21, 22, 23, 24, 25, 26, 28, 29, 30, 32, 33, 35, 36, 38, 43, 44, 46, 48, 49, 51, 52, 62, 66, 115, 116]
Min Correction Subset: [0, 2, 41]
Iter 125: 
Min Hitting Set: [0, 1, 3, 5, 10, 11, 15, 16, 17, 19, 20, 21, 22, 23, 24, 25, 26, 28, 29, 30, 32, 33, 35, 36, 38, 43, 44, 46, 48, 49, 51, 52, 62, 66, 115, 116]
Min Correction Subset: [2, 8, 41, 63]
Iter 126: 
Min Hitting Set: [0, 1, 3, 5, 10, 11, 15, 16, 17, 19, 20, 21, 22, 23, 24, 25, 26, 28, 29, 30, 32, 33, 35, 36, 38, 43, 44, 46, 49, 51, 52, 62, 63, 66, 115, 116]
Min Correction Subset: [2, 12, 18, 48]
Iter 127: 
Min Hitting Set: [0, 2, 3, 5, 8, 10, 11, 13, 15, 16, 17, 19, 20, 22, 23, 24, 25, 26, 28, 30, 32, 33, 35, 36, 38, 43, 44, 46, 48, 49, 51, 52, 62, 66, 115, 116]
Min Correction Subset: [29, 87]
Iter 128: 
Min Hitting Set: [0, 1, 3, 5, 8, 10, 11, 15, 16, 17, 19, 20, 21, 22, 23, 24, 25, 26, 28, 29, 30, 32, 33, 36, 38, 43, 44, 46, 48, 49, 51, 52, 62, 66, 115, 116]
Min Correction Subset: [13, 35]
Iter 129: 
Min Hitting Set: [0, 1, 2, 5, 7, 10, 11, 15, 16, 17, 19, 20, 21, 22, 24, 25, 26, 28, 29, 30, 32, 33, 35, 36, 38, 43, 44, 46, 48, 49, 51, 52, 62, 66, 115, 116]
Min Correction Subset: [3, 12, 23]
Iter 130: 
Min Hitting Set: [2, 3, 5, 8, 10, 11, 15, 16, 17, 19, 20, 21, 22, 23, 24, 25, 26, 28, 29, 30, 32, 33, 35, 36, 38, 43, 44, 46, 48, 49, 51, 52, 62, 66, 115, 116]
Min Correction Subset: [0, 1, 13]
Iter 131: 
Min Hitting Set: [0, 1, 2, 5, 8, 10, 11, 12, 13, 15, 16, 17, 19, 20, 22, 23, 24, 25, 26, 28, 29, 30, 32, 33, 36, 38, 43, 44, 46, 48, 49, 52, 62, 66, 115, 116]
Min Correction Subset: [35, 51]
Iter 132: 
Min Hitting Set: [0, 2, 3, 5, 10, 11, 13, 15, 16, 17, 19, 20, 22, 23, 24, 25, 26, 28, 29, 30, 32, 33, 35, 36, 38, 43, 44, 46, 49, 51, 52, 62, 63, 66, 115, 116]
Min Correction Subset: [12, 21, 79]
Iter 133: 
Min Hitting Set: [0, 1, 2, 5, 10, 11, 12, 13, 15, 16, 17, 19, 20, 22, 23, 24, 25, 26, 28, 29, 30, 32, 33, 35, 36, 38, 43, 44, 46, 48, 49, 52, 62, 66, 115, 116]
Min Correction Subset: [51, 58, 89]
Iter 134: 
Min Hitting Set: [2, 3, 5, 7, 8, 10, 11, 13, 15, 16, 17, 19, 21, 22, 23, 24, 25, 26, 28, 29, 30, 32, 33, 35, 36, 38, 43, 44, 46, 49, 51, 52, 62, 66, 115, 116]
Min Correction Subset: [0, 20]
Iter 135: 
Min Hitting Set: [0, 2, 3, 5, 7, 8, 10, 11, 15, 16, 17, 20, 21, 22, 23, 24, 25, 26, 28, 29, 30, 32, 33, 35, 36, 38, 43, 44, 46, 49, 51, 52, 62, 66, 115, 116]
Min Correction Subset: [19, 88]
Iter 136: 
Min Hitting Set: [0, 2, 3, 5, 10, 11, 15, 16, 17, 19, 20, 21, 22, 23, 24, 25, 26, 28, 29, 30, 32, 33, 35, 36, 38, 43, 44, 46, 48, 49, 51, 52, 62, 66, 115, 116]
Min Correction Subset: [1, 13, 18]
Iter 137: 
Min Hitting Set: [0, 1, 3, 8, 10, 11, 13, 15, 16, 17, 19, 20, 21, 22, 23, 24, 25, 26, 28, 29, 30, 32, 33, 36, 38, 43, 44, 46, 48, 49, 51, 52, 62, 66, 115, 116]
Min Correction Subset: [2, 5]
Iter 138: 
Min Hitting Set: [0, 1, 5, 8, 10, 11, 13, 15, 16, 17, 19, 20, 21, 22, 23, 24, 25, 26, 28, 29, 30, 32, 33, 36, 38, 43, 44, 46, 48, 49, 51, 52, 62, 66, 115, 116]
Min Correction Subset: [2, 35]
Iter 139: 
Min Hitting Set: [0, 1, 2, 3, 5, 10, 11, 15, 16, 17, 19, 20, 21, 22, 24, 25, 26, 28, 29, 30, 32, 33, 35, 36, 38, 43, 44, 46, 48, 49, 51, 52, 62, 66, 115, 116]
Min Correction Subset: [12, 23, 41]
Iter 140: 
Min Hitting Set: [0, 1, 2, 5, 8, 10, 11, 15, 16, 17, 19, 20, 21, 22, 23, 24, 25, 26, 28, 29, 30, 32, 33, 35, 36, 38, 43, 44, 46, 49, 51, 52, 62, 66, 115, 116]
Min Correction Subset: [3, 12, 48]
Iter 141: 
Min Hitting Set: [0, 1, 2, 5, 10, 11, 15, 16, 17, 19, 20, 21, 22, 23, 24, 25, 26, 28, 29, 30, 32, 33, 35, 36, 38, 43, 44, 46, 48, 49, 51, 52, 62, 66, 115, 116]
Min Correction Subset: [3, 13, 58]
Iter 142: 
Min Hitting Set: [2, 3, 5, 8, 10, 11, 13, 15, 16, 17, 19, 20, 21, 22, 23, 24, 25, 26, 28, 29, 30, 32, 33, 35, 36, 38, 43, 44, 46, 48, 49, 51, 52, 62, 66, 115, 116]
Min Correction Subset: [0, 7, 12]
Iter 143: 
Min Hitting Set: [0, 1, 2, 3, 8, 10, 11, 12, 13, 15, 16, 17, 19, 20, 21, 22, 23, 24, 25, 28, 29, 30, 32, 33, 36, 38, 43, 44, 46, 48, 49, 51, 52, 62, 66, 115, 116]
Min Correction Subset: [5, 26]
Iter 144: 
Min Hitting Set: [0, 1, 2, 3, 8, 10, 11, 12, 13, 15, 16, 17, 19, 20, 22, 23, 24, 25, 26, 28, 29, 30, 32, 33, 36, 38, 43, 44, 46, 48, 49, 51, 52, 62, 66, 115, 116]
Min Correction Subset: [5, 35]
Iter 145: 
Min Hitting Set: [5, 7, 8, 10, 11, 13, 15, 16, 17, 19, 20, 21, 22, 23, 24, 25, 26, 28, 29, 30, 32, 33, 35, 36, 38, 41, 43, 44, 46, 48, 49, 51, 52, 62, 66, 115, 116]
Min Correction Subset: [0, 2, 3]
Iter 146: 
Min Hitting Set: [3, 5, 7, 10, 11, 13, 15, 16, 17, 19, 20, 21, 22, 23, 24, 25, 26, 28, 29, 30, 32, 33, 35, 36, 38, 41, 43, 44, 46, 48, 49, 51, 52, 62, 66, 115, 116]
Min Correction Subset: [0, 8, 12]
Iter 147: 
Min Hitting Set: [0, 1, 2, 5, 10, 11, 15, 16, 17, 19, 20, 21, 22, 23, 24, 25, 26, 28, 29, 30, 32, 33, 35, 36, 38, 43, 44, 46, 48, 49, 51, 52, 58, 62, 66, 115, 116]
Min Correction Subset: [3, 13, 76]
Iter 148: 
Min Hitting Set: [2, 5, 7, 8, 10, 11, 13, 15, 16, 17, 19, 20, 21, 22, 23, 24, 25, 26, 28, 29, 30, 32, 33, 35, 36, 38, 43, 44, 46, 48, 49, 51, 52, 62, 66, 115, 116]
Min Correction Subset: [0, 3, 12]
Iter 149: 
Min Hitting Set: [0, 5, 7, 8, 10, 11, 13, 15, 16, 17, 19, 20, 21, 22, 23, 24, 25, 26, 28, 29, 30, 32, 33, 35, 36, 38, 43, 44, 46, 48, 49, 51, 52, 62, 66, 115, 116]
Min Correction Subset: [1, 2, 3]
Iter 150: 
Min Hitting Set: [0, 1, 2, 3, 5, 10, 11, 12, 13, 15, 16, 17, 19, 20, 21, 22, 24, 25, 28, 29, 30, 32, 33, 35, 36, 38, 43, 44, 46, 48, 49, 51, 52, 62, 66, 115, 116]
Min Correction Subset: [23, 26]
Iter 151: 
Min Hitting Set: [1, 2, 3, 5, 7, 8, 10, 11, 14, 16, 17, 19, 20, 21, 22, 23, 24, 25, 26, 28, 29, 30, 32, 33, 35, 36, 38, 43, 44, 46, 49, 51, 52, 62, 66, 115, 116]
Min Correction Subset: [13, 15]
Iter 152: 
Min Hitting Set: [0, 1, 5, 8, 10, 11, 13, 15, 16, 17, 19, 20, 21, 22, 23, 24, 25, 26, 28, 29, 30, 32, 33, 35, 36, 38, 43, 44, 46, 48, 49, 51, 52, 62, 66, 115, 116]
Min Correction Subset: [2, 3, 41]
Iter 153: 
Min Hitting Set: [0, 2, 3, 5, 8, 10, 11, 15, 16, 17, 18, 19, 20, 21, 22, 23, 24, 25, 26, 28, 29, 30, 32, 33, 35, 36, 38, 43, 44, 46, 49, 51, 52, 62, 66, 115, 116]
Min Correction Subset: [13, 48, 63]
Iter 154: 
Min Hitting Set: [0, 2, 3, 5, 10, 11, 15, 16, 17, 18, 19, 20, 21, 22, 23, 24, 25, 26, 28, 29, 30, 32, 33, 35, 36, 38, 43, 44, 46, 48, 49, 51, 52, 62, 66, 115, 116]
Min Correction Subset: [1, 8, 41, 63]
Iter 155: 
Min Hitting Set: [0, 2, 3, 5, 10, 11, 15, 16, 17, 18, 19, 20, 21, 22, 23, 24, 25, 26, 28, 29, 30, 32, 33, 35, 36, 38, 43, 44, 46, 49, 51, 52, 62, 63, 66, 115, 116]
Min Correction Subset: [1, 9, 48]
Iter 156: 
Min Hitting Set: [0, 1, 2, 3, 5, 11, 12, 13, 14, 16, 17, 19, 20, 22, 23, 24, 25, 26, 28, 29, 30, 32, 33, 35, 36, 38, 43, 44, 46, 49, 51, 52, 62, 63, 66, 115, 116]
Min Correction Subset: [7, 10]
Iter 157: 
Min Hitting Set: [0, 1, 3, 5, 7, 10, 11, 12, 15, 16, 17, 19, 20, 21, 22, 24, 25, 26, 28, 29, 30, 32, 33, 35, 36, 38, 43, 44, 46, 49, 51, 52, 62, 63, 66, 115, 116]
Min Correction Subset: [2, 23, 48]
Iter 158: 
Min Hitting Set: [0, 1, 2, 3, 5, 10, 11, 15, 16, 17, 19, 20, 21, 22, 24, 25, 26, 28, 29, 30, 32, 33, 35, 36, 38, 41, 43, 44, 46, 49, 51, 52, 62, 63, 66, 115, 116]
Min Correction Subset: [12, 23, 48]
Iter 159: 
Min Hitting Set: [0, 1, 2, 3, 5, 10, 11, 15, 16, 17, 19, 20, 21, 22, 24, 25, 26, 28, 29, 30, 32, 33, 35, 36, 38, 41, 43, 44, 46, 48, 49, 51, 52, 62, 66, 115, 116]
Min Correction Subset: [7, 23, 63]
Iter 160: 
Min Hitting Set: [0, 1, 2, 3, 5, 10, 11, 15, 16, 17, 19, 20, 21, 22, 23, 24, 25, 26, 28, 29, 30, 32, 33, 35, 36, 38, 43, 44, 46, 48, 49, 51, 52, 62, 66, 115, 116]
Min Correction Subset: [8, 12, 41, 63]
Iter 161: 
Min Hitting Set: [0, 1, 2, 3, 5, 10, 11, 12, 15, 16, 17, 19, 20, 21, 22, 24, 25, 26, 28, 29, 30, 32, 33, 35, 36, 38, 43, 44, 46, 49, 51, 52, 62, 63, 66, 115, 116]
Min Correction Subset: [13, 23, 48]
Iter 162: 
Min Hitting Set: [0, 1, 3, 5, 10, 11, 15, 16, 17, 19, 20, 21, 22, 23, 24, 25, 26, 28, 29, 30, 32, 33, 35, 36, 38, 41, 43, 44, 46, 48, 49, 51, 52, 62, 66, 115, 116]
Min Correction Subset: [2, 8, 12, 18]
Iter 163: 
Min Hitting Set: [0, 1, 3, 5, 10, 11, 15, 16, 17, 18, 19, 20, 21, 22, 23, 24, 25, 26, 28, 29, 30, 32, 33, 35, 36, 38, 43, 44, 46, 49, 51, 52, 62, 63, 66, 115, 116]
Min Correction Subset: [2, 9, 12, 48]
Iter 164: 
Min Hitting Set: [0, 1, 2, 5, 10, 11, 12, 13, 15, 16, 17, 19, 20, 22, 23, 24, 25, 26, 28, 29, 30, 32, 33, 35, 36, 38, 43, 44, 46, 49, 51, 52, 62, 63, 66, 115, 116]
Min Correction Subset: [3, 21, 79]
Iter 165: 
Min Hitting Set: [0, 1, 3, 5, 10, 11, 12, 15, 16, 17, 19, 20, 21, 22, 23, 24, 25, 26, 28, 29, 30, 32, 33, 35, 36, 38, 43, 44, 46, 49, 51, 52, 62, 63, 66, 115, 116]
Min Correction Subset: [2, 13, 18, 58]
Iter 166: 
Min Hitting Set: [0, 1, 2, 5, 8, 10, 11, 13, 15, 16, 17, 19, 20, 21, 22, 23, 24, 25, 26, 28, 29, 30, 32, 33, 36, 38, 43, 44, 46, 48, 49, 51, 52, 62, 66, 115, 116]
Min Correction Subset: [3, 35]
Iter 167: 
Min Hitting Set: [0, 1, 2, 3, 5, 10, 11, 15, 16, 17, 19, 20, 21, 22, 23, 24, 25, 26, 28, 29, 30, 32, 33, 35, 36, 38, 43, 44, 46, 49, 51, 52, 62, 63, 66, 115, 116]
Min Correction Subset: [12, 18, 48, 58]
Iter 168: 
Min Hitting Set: [0, 1, 2, 3, 10, 11, 12, 13, 15, 16, 17, 19, 20, 22, 23, 24, 25, 26, 28, 29, 30, 32, 33, 35, 36, 38, 43, 44, 46, 48, 49, 51, 52, 62, 66, 115, 116]
Min Correction Subset: [5, 7]
Iter 169: 
Min Hitting Set: [3, 5, 7, 10, 11, 12, 13, 15, 16, 17, 19, 20, 21, 22, 23, 24, 25, 26, 28, 29, 30, 32, 33, 35, 36, 38, 41, 43, 44, 46, 48, 49, 51, 52, 62, 66, 115, 116]
Min Correction Subset: [0, 2, 8]
Iter 170: 
Min Hitting Set: [3, 5, 7, 8, 10, 11, 13, 15, 16, 17, 19, 20, 21, 22, 23, 24, 25, 26, 28, 29, 30, 32, 33, 35, 36, 38, 41, 43, 44, 46, 48, 49, 51, 52, 62, 66, 115, 116]
Min Correction Subset: [0, 12, 18]
Iter 171: 
Min Hitting Set: [0, 1, 2, 5, 10, 11, 12, 13, 15, 16, 17, 19, 20, 21, 22, 23, 24, 25, 26, 28, 29, 30, 32, 33, 35, 36, 38, 43, 44, 46, 48, 49, 51, 52, 62, 66, 115, 116]
Min Correction Subset: [3, 9, 41, 86]
Iter 172: 
Min Hitting Set: [0, 1, 3, 5, 8, 10, 11, 15, 16, 17, 18, 19, 20, 21, 22, 23, 24, 25, 26, 28, 29, 30, 32, 33, 35, 36, 38, 43, 44, 46, 48, 49, 51, 52, 62, 66, 115, 116]
Min Correction Subset: [2, 7, 41, 63]
Iter 173: 
Min Hitting Set: [0, 1, 3, 5, 10, 11, 15, 16, 17, 18, 19, 20, 21, 22, 23, 24, 25, 26, 28, 29, 30, 32, 33, 35, 36, 38, 43, 44, 46, 48, 49, 51, 52, 62, 63, 66, 115, 116]
Min Correction Subset: [2, 9, 12, 41]
Iter 174: 
Min Hitting Set: [2, 3, 5, 8, 10, 11, 12, 13, 15, 16, 17, 19, 20, 21, 22, 23, 24, 25, 26, 28, 29, 30, 32, 33, 35, 36, 38, 43, 44, 46, 48, 49, 51, 52, 62, 66, 115, 116]
Min Correction Subset: [0, 7, 41]
Iter 175: 
Min Hitting Set: [0, 1, 2, 3, 5, 7, 8, 10, 11, 12, 13, 15, 16, 17, 19, 22, 23, 24, 25, 26, 28, 29, 30, 32, 33, 36, 38, 43, 44, 46, 48, 49, 51, 52, 62, 66, 115, 116]
Min Correction Subset: [20, 85]
Iter 176: 
Min Hitting Set: [0, 2, 3, 5, 8, 10, 11, 12, 13, 15, 16, 17, 19, 20, 21, 22, 23, 24, 25, 28, 29, 30, 32, 33, 35, 36, 38, 43, 44, 46, 48, 49, 51, 52, 62, 66, 115, 116]
Min Correction Subset: [1, 26]
Iter 177: 
Min Hitting Set: [0, 2, 3, 5, 8, 10, 11, 15, 16, 17, 18, 19, 20, 21, 22, 23, 24, 25, 26, 28, 29, 30, 32, 33, 35, 36, 38, 43, 44, 46, 48, 49, 51, 52, 62, 66, 115, 116]
Min Correction Subset: [1, 7, 13, 63]
Iter 178: 
Min Hitting Set: [0, 2, 3, 5, 10, 11, 15, 16, 17, 18, 19, 20, 21, 22, 23, 24, 25, 26, 28, 29, 30, 32, 33, 35, 36, 38, 43, 44, 46, 48, 49, 51, 52, 62, 63, 66, 115, 116]
Min Correction Subset: [1, 8, 12, 58]
Iter 179: 
Min Hitting Set: [0, 1, 2, 3, 5, 10, 11, 12, 15, 16, 17, 19, 20, 21, 22, 24, 25, 26, 28, 29, 30, 32, 33, 35, 36, 38, 43, 44, 46, 48, 49, 51, 52, 62, 63, 66, 115, 116]
Min Correction Subset: [23, 41, 86]
Iter 180: 
Min Hitting Set: [0, 1, 5, 8, 10, 11, 13, 15, 16, 17, 19, 20, 21, 22, 23, 24, 25, 26, 28, 29, 30, 32, 33, 35, 36, 38, 41, 43, 44, 46, 48, 49, 51, 52, 62, 66, 115, 116]
Min Correction Subset: [2, 3, 7, 76]
Iter 181: 
Min Hitting Set: [1, 2, 3, 5, 7, 10, 11, 12, 15, 16, 17, 19, 20, 21, 22, 23, 24, 25, 26, 28, 29, 30, 32, 33, 35, 36, 38, 43, 44, 46, 48, 49, 51, 52, 62, 66, 115, 116]
Min Correction Subset: [0, 13, 14]
Iter 182: 
Min Hitting Set: [0, 2, 3, 5, 8, 10, 11, 13, 15, 16, 17, 19, 20, 21, 22, 23, 24, 25, 26, 28, 29, 30, 32, 33, 35, 36, 38, 43, 44, 46, 48, 49, 51, 52, 62, 66, 115, 116]
Min Correction Subset: [1, 7, 12, 63]
Iter 183: 
Min Hitting Set: [0, 1, 2, 3, 5, 10, 11, 15, 16, 17, 19, 20, 21, 22, 24, 25, 26, 28, 29, 30, 32, 33, 35, 36, 38, 41, 43, 44, 46, 48, 49, 51, 52, 62, 63, 66, 115, 116]
Min Correction Subset: [7, 12, 23, 83]
Iter 184: 
Min Hitting Set: [0, 1, 2, 3, 5, 10, 11, 12, 13, 15, 16, 17, 19, 20, 21, 22, 23, 24, 25, 28, 29, 30, 32, 33, 35, 36, 38, 43, 44, 46, 48, 49, 51, 52, 62, 66, 115, 116]
Min Correction Subset: [26, 86]
Iter 185: 
Min Hitting Set: [0, 1, 2, 3, 5, 8, 10, 11, 13, 15, 16, 17, 19, 20, 21, 22, 23, 24, 25, 26, 28, 29, 30, 32, 33, 36, 38, 43, 44, 46, 48, 49, 51, 52, 62, 66, 115, 116]
Min Correction Subset: [35, 41]
Iter 186: 
Min Hitting Set: [0, 1, 2, 5, 10, 11, 13, 15, 16, 17, 19, 20, 21, 22, 23, 24, 25, 26, 28, 29, 30, 32, 33, 35, 36, 38, 41, 43, 44, 46, 48, 49, 51, 52, 62, 66, 115, 116]
Min Correction Subset: [3, 7, 12, 58]
Iter 187: 
Min Hitting Set: [0, 1, 2, 3, 5, 10, 11, 12, 13, 15, 16, 17, 19, 20, 22, 23, 24, 25, 26, 28, 29, 30, 32, 33, 35, 36, 38, 43, 44, 46, 49, 51, 52, 62, 63, 66, 115, 116]
Min Correction Subset: [21, 48, 79]
Iter 188: 
Min Hitting Set: [0, 1, 2, 3, 5, 7, 10, 11, 15, 16, 17, 19, 20, 21, 22, 24, 25, 26, 28, 29, 30, 32, 33, 35, 36, 38, 41, 43, 44, 46, 48, 49, 51, 52, 62, 66, 115, 116]
Min Correction Subset: [12, 18, 23, 85]
Iter 189: 
Min Hitting Set: [0, 1, 2, 3, 5, 10, 11, 12, 15, 16, 17, 19, 20, 21, 22, 23, 24, 25, 26, 28, 29, 30, 32, 33, 35, 36, 38, 43, 44, 46, 48, 49, 51, 52, 62, 66, 115, 116]
Min Correction Subset: [8, 41, 63, 94]
Iter 190: 
Min Hitting Set: [0, 1, 3, 5, 7, 10, 11, 15, 16, 17, 18, 19, 20, 21, 22, 24, 25, 26, 28, 29, 30, 32, 33, 35, 36, 38, 41, 43, 44, 46, 48, 49, 51, 52, 62, 66, 115, 116]
Min Correction Subset: [2, 12, 23, 85]
Iter 191: 
Min Hitting Set: [0, 1, 2, 3, 5, 8, 10, 11, 15, 16, 17, 19, 20, 21, 22, 23, 24, 25, 26, 28, 29, 30, 32, 33, 35, 36, 38, 43, 44, 46, 48, 49, 51, 52, 62, 66, 115, 116]
Min Correction Subset: [7, 12, 41, 63]
Iter 192: 
Min Hitting Set: [0, 2, 3, 5, 10, 11, 12, 13, 15, 16, 17, 19, 20, 22, 23, 24, 25, 26, 28, 29, 30, 32, 33, 35, 36, 38, 43, 44, 46, 48, 49, 51, 52, 62, 63, 66, 115, 116]
Min Correction Subset: [21, 50, 79]
Iter 193: 
Min Hitting Set: [0, 1, 3, 5, 10, 11, 12, 15, 16, 17, 18, 19, 20, 21, 22, 23, 24, 25, 26, 28, 29, 30, 32, 33, 35, 36, 38, 43, 44, 46, 49, 51, 52, 62, 63, 66, 115, 116]
Min Correction Subset: [2, 9, 13, 14, 48]
Iter 194: 
Min Hitting Set: [0, 1, 2, 3, 5, 10, 11, 15, 16, 17, 19, 20, 21, 22, 23, 24, 25, 26, 28, 29, 30, 32, 33, 35, 36, 38, 41, 43, 44, 46, 48, 49, 51, 52, 62, 66, 115, 116]
Min Correction Subset: [7, 12, 18, 58]
Iter 195: 
Min Hitting Set: [0, 1, 2, 3, 5, 10, 11, 12, 15, 16, 17, 19, 20, 21, 22, 23, 24, 25, 26, 28, 29, 30, 32, 33, 35, 36, 38, 43, 44, 46, 49, 51, 52, 62, 63, 66, 115, 116]
Min Correction Subset: [13, 18, 85, 98]
Iter 196: 
Min Hitting Set: [0, 1, 3, 5, 10, 11, 15, 16, 17, 18, 19, 20, 21, 22, 23, 24, 25, 26, 28, 29, 30, 32, 33, 35, 36, 38, 41, 43, 44, 46, 48, 49, 51, 52, 62, 66, 115, 116]
Min Correction Subset: [2, 7, 8, 12, 63]
Iter 197: 
Min Hitting Set: [0, 1, 3, 5, 10, 11, 12, 13, 15, 16, 17, 19, 20, 21, 22, 23, 24, 25, 26, 28, 29, 30, 32, 33, 35, 36, 38, 43, 44, 46, 49, 52, 58, 62, 63, 66, 115, 116]
Min Correction Subset: [2, 51, 85]
Iter 198: 
Min Hitting Set: [0, 1, 3, 5, 10, 11, 12, 13, 15, 16, 17, 19, 20, 21, 22, 23, 24, 25, 26, 28, 29, 30, 32, 33, 35, 36, 38, 43, 44, 46, 49, 51, 52, 62, 63, 66, 115, 116]
Min Correction Subset: [2, 18, 48, 86]
Iter 199: 
Min Hitting Set: [0, 1, 2, 3, 5, 7, 8, 10, 11, 13, 15, 16, 19, 20, 21, 22, 23, 24, 25, 26, 28, 29, 30, 32, 33, 35, 36, 38, 43, 44, 46, 49, 50, 52, 58, 66, 115, 116]
Min Correction Subset: [17, 51]
Iter 200: 
Min Hitting Set: [0, 1, 2, 3, 5, 7, 10, 11, 15, 16, 18, 19, 20, 21, 22, 23, 24, 25, 26, 28, 29, 30, 32, 33, 35, 36, 38, 43, 44, 46, 49, 51, 52, 62, 63, 66, 115, 116]
Min Correction Subset: [13, 17]
Iter 201: 
Min Hitting Set: [0, 1, 2, 3, 5, 10, 11, 15, 16, 17, 18, 19, 20, 21, 22, 23, 24, 25, 26, 28, 29, 30, 32, 33, 35, 36, 38, 43, 44, 46, 49, 51, 52, 62, 63, 66, 115, 116]
Min Correction Subset: [9, 12, 48, 83, 85]
Iter 202: 
Min Hitting Set: [1, 2, 3, 7, 8, 10, 11, 12, 13, 15, 16, 17, 19, 20, 21, 22, 23, 24, 25, 26, 28, 29, 30, 32, 33, 35, 36, 38, 43, 44, 46, 49, 51, 52, 62, 66, 115, 116]
Min Correction Subset: [0, 5]
Iter 203: 
Min Hitting Set: [0, 1, 3, 5, 9, 10, 11, 15, 16, 17, 18, 19, 20, 21, 22, 23, 24, 25, 26, 28, 29, 30, 32, 33, 35, 36, 38, 43, 44, 46, 49, 51, 52, 62, 63, 66, 115, 116]
Min Correction Subset: [2, 12, 48, 85]
Iter 204: 
Min Hitting Set: [3, 5, 7, 8, 10, 11, 13, 15, 16, 17, 18, 19, 20, 21, 22, 23, 24, 25, 26, 28, 29, 30, 32, 33, 35, 36, 38, 41, 43, 44, 46, 48, 49, 51, 52, 62, 66, 115, 116]
Min Correction Subset: [0, 2, 9]
Iter 205: 
Min Hitting Set: [2, 3, 5, 8, 10, 11, 12, 13, 15, 16, 17, 19, 20, 21, 22, 23, 24, 25, 26, 28, 29, 30, 32, 33, 35, 36, 38, 41, 43, 44, 46, 48, 49, 50, 51, 52, 66, 115, 116]
Min Correction Subset: [0, 7, 9]
Iter 206: 
Min Hitting Set: [2, 3, 5, 7, 8, 10, 11, 12, 13, 15, 16, 17, 19, 20, 21, 22, 23, 24, 25, 26, 28, 29, 30, 32, 33, 35, 36, 38, 43, 44, 46, 48, 49, 51, 52, 62, 66, 115, 116]
Min Correction Subset: [0, 9, 41]
Iter 207: 
Min Hitting Set: [2, 3, 5, 7, 8, 9, 10, 11, 13, 15, 16, 17, 18, 19, 20, 21, 22, 23, 24, 25, 26, 28, 29, 30, 32, 33, 35, 36, 38, 43, 44, 46, 49, 51, 52, 62, 66, 115, 116]
Min Correction Subset: [0, 12, 48]
Iter 208: 
Min Hitting Set: [0, 2, 5, 7, 8, 10, 11, 13, 15, 16, 17, 19, 20, 21, 22, 23, 24, 25, 26, 28, 29, 30, 32, 33, 35, 36, 38, 41, 43, 44, 46, 48, 49, 51, 52, 62, 66, 115, 116]
Min Correction Subset: [1, 3, 12]
Iter 209: 
Min Hitting Set: [0, 1, 2, 5, 7, 10, 11, 13, 15, 16, 17, 19, 20, 21, 22, 23, 24, 25, 26, 28, 29, 30, 32, 33, 35, 36, 38, 41, 43, 44, 46, 48, 49, 51, 52, 62, 66, 115, 116]
Min Correction Subset: [3, 8, 12, 76]
Iter 210: 
Min Hitting Set: [0, 1, 3, 5, 8, 10, 11, 15, 16, 17, 18, 19, 20, 21, 22, 23, 24, 25, 26, 28, 29, 30, 32, 33, 35, 36, 38, 41, 43, 44, 46, 48, 49, 51, 52, 62, 66, 115, 116]
Min Correction Subset: [2, 7, 12, 13, 63]
Iter 211: 
Min Hitting Set: [1, 2, 5, 7, 8, 10, 11, 12, 13, 15, 16, 17, 19, 20, 21, 22, 23, 24, 25, 26, 28, 29, 30, 32, 33, 35, 36, 38, 41, 43, 44, 46, 49, 51, 52, 62, 66, 115, 116]
Min Correction Subset: [0, 3, 48]
Iter 212: 
Min Hitting Set: [0, 1, 3, 5, 7, 10, 11, 15, 16, 17, 18, 19, 20, 21, 22, 23, 24, 25, 26, 28, 29, 30, 32, 33, 35, 36, 38, 41, 43, 44, 46, 48, 49, 51, 52, 62, 66, 115, 116]
Min Correction Subset: [2, 4, 8, 12, 85]
Iter 213: 
Min Hitting Set: [0, 1, 2, 5, 7, 10, 11, 12, 13, 15, 16, 17, 19, 20, 21, 22, 24, 25, 26, 28, 29, 30, 32, 33, 35, 36, 38, 41, 43, 44, 46, 48, 49, 51, 52, 62, 66, 115, 116]
Min Correction Subset: [3, 23, 58, 86]
Iter 214: 
Min Hitting Set: [0, 1, 5, 7, 8, 10, 11, 13, 15, 16, 17, 19, 20, 21, 22, 23, 24, 25, 26, 28, 29, 30, 32, 33, 35, 36, 38, 41, 43, 44, 46, 48, 49, 51, 52, 62, 66, 115, 116]
Min Correction Subset: [2, 3, 12, 85]
Iter 215: 
Min Hitting Set: [2, 5, 7, 8, 10, 11, 12, 13, 15, 16, 17, 19, 20, 21, 22, 23, 24, 25, 26, 28, 29, 30, 32, 33, 35, 36, 38, 41, 43, 44, 46, 48, 49, 51, 52, 62, 66, 115, 116]
Min Correction Subset: [0, 3, 86]
Iter 216: 
Min Hitting Set: [2, 3, 5, 7, 10, 11, 12, 13, 15, 16, 17, 19, 20, 21, 22, 23, 24, 25, 26, 28, 29, 30, 32, 33, 35, 36, 38, 41, 43, 44, 46, 48, 49, 51, 52, 62, 66, 115, 116]
Min Correction Subset: [0, 8, 86]
Iter 217: 
Min Hitting Set: [0, 1, 2, 5, 8, 10, 11, 12, 13, 15, 16, 17, 19, 20, 21, 22, 23, 24, 25, 26, 28, 29, 30, 32, 33, 35, 36, 38, 41, 43, 44, 46, 49, 52, 58, 62, 66, 115, 116]
Min Correction Subset: [3, 7, 51]
Iter 218: 
Min Hitting Set: [0, 1, 3, 5, 10, 11, 12, 15, 16, 17, 18, 19, 20, 21, 22, 23, 24, 25, 26, 28, 29, 30, 32, 33, 35, 36, 38, 41, 43, 44, 46, 48, 49, 51, 52, 62, 66, 115, 116]
Min Correction Subset: [2, 7, 9, 13, 63]
Iter 219: 
Min Hitting Set: [0, 1, 5, 7, 10, 11, 12, 13, 15, 16, 17, 19, 20, 21, 22, 23, 24, 25, 26, 28, 29, 30, 32, 33, 35, 36, 38, 41, 43, 44, 46, 48, 49, 51, 52, 62, 66, 115, 116]
Min Correction Subset: [2, 3, 8, 76]
Iter 220: 
Min Hitting Set: [0, 1, 2, 3, 5, 10, 11, 15, 16, 17, 18, 19, 20, 21, 22, 23, 24, 25, 26, 28, 29, 30, 32, 33, 35, 36, 38, 41, 43, 44, 46, 48, 49, 51, 52, 62, 66, 115, 116]
Min Correction Subset: [7, 12, 58, 63, 94]
Iter 221: 
Min Hitting Set: [0, 3, 5, 7, 8, 10, 11, 13, 15, 16, 17, 19, 20, 21, 22, 23, 24, 25, 26, 28, 29, 30, 32, 33, 35, 36, 38, 41, 43, 44, 46, 48, 49, 51, 52, 62, 66, 115, 116]
Min Correction Subset: [1, 2, 9, 18]
Iter 222: 
Min Hitting Set: [0, 1, 3, 5, 10, 11, 12, 13, 15, 16, 17, 19, 20, 21, 22, 23, 24, 25, 26, 28, 29, 30, 32, 33, 35, 36, 38, 41, 43, 44, 46, 48, 49, 51, 52, 62, 66, 115, 116]
Min Correction Subset: [2, 7, 18, 63]
Iter 223: 
Min Hitting Set: [0, 1, 2, 3, 5, 10, 11, 12, 13, 15, 16, 17, 19, 20, 21, 22, 24, 25, 26, 28, 29, 30, 32, 33, 35, 36, 38, 41, 43, 44, 46, 49, 50, 52, 58, 63, 66, 115, 116]
Min Correction Subset: [48, 51, 86]
Iter 224: 
Min Hitting Set: [0, 1, 2, 3, 5, 10, 11, 12, 13, 15, 16, 17, 19, 20, 21, 22, 24, 25, 26, 28, 29, 30, 32, 33, 35, 36, 38, 43, 44, 46, 49, 50, 52, 58, 63, 66, 86, 115, 116]
Min Correction Subset: [23, 48, 51]
Iter 225: 
Min Hitting Set: [0, 3, 5, 7, 8, 10, 11, 15, 16, 17, 18, 19, 20, 21, 22, 23, 24, 25, 26, 28, 29, 30, 32, 33, 35, 36, 38, 41, 43, 44, 46, 48, 49, 51, 52, 62, 66, 115, 116]
Min Correction Subset: [1, 2, 13]
Iter 226: 
Min Hitting Set: [0, 2, 3, 5, 7, 8, 10, 11, 13, 15, 16, 17, 19, 20, 21, 22, 23, 24, 25, 26, 28, 29, 30, 32, 33, 35, 36, 38, 43, 44, 46, 48, 49, 51, 52, 62, 66, 115, 116]
Min Correction Subset: [1, 12, 18, 58]
Iter 227: 
Min Hitting Set: [0, 1, 3, 5, 7, 10, 11, 12, 15, 16, 17, 18, 19, 20, 21, 22, 24, 25, 26, 28, 29, 30, 32, 33, 35, 36, 38, 41, 43, 44, 46, 48, 49, 51, 52, 62, 66, 115, 116]
Min Correction Subset: [2, 13, 23, 85]
Iter 228: 
Min Hitting Set: [0, 1, 2, 3, 5, 7, 10, 11, 15, 16, 17, 19, 20, 21, 22, 24, 25, 26, 28, 29, 30, 32, 33, 35, 36, 38, 41, 43, 44, 46, 48, 49, 51, 52, 62, 66, 85, 115, 116]
Min Correction Subset: [12, 18, 23, 58]
Iter 229: 
Min Hitting Set: [0, 2, 3, 5, 7, 8, 10, 11, 15, 16, 17, 18, 19, 20, 21, 22, 23, 24, 25, 26, 28, 29, 30, 32, 33, 35, 36, 38, 43, 44, 46, 48, 49, 51, 52, 62, 66, 115, 116]
Min Correction Subset: [1, 4, 13, 58]
Iter 230: 
Min Hitting Set: [0, 2, 3, 5, 8, 10, 11, 12, 13, 15, 16, 17, 19, 20, 21, 22, 23, 24, 25, 26, 28, 29, 30, 32, 33, 35, 36, 38, 43, 44, 46, 48, 49, 51, 52, 62, 66, 115, 116]
Min Correction Subset: [1, 7, 41, 63]
Iter 231: 
Min Hitting Set: [0, 2, 3, 5, 10, 11, 12, 13, 15, 16, 17, 19, 20, 21, 22, 23, 24, 25, 26, 28, 29, 30, 32, 33, 35, 36, 38, 41, 43, 44, 46, 48, 49, 51, 52, 62, 66, 115, 116]
Min Correction Subset: [1, 7, 8, 63]
Iter 232: 
Min Hitting Set: [0, 1, 2, 3, 5, 7, 10, 11, 15, 16, 17, 18, 19, 20, 21, 22, 24, 25, 26, 28, 29, 30, 32, 33, 35, 36, 38, 41, 43, 44, 46, 48, 49, 51, 52, 62, 66, 115, 116]
Min Correction Subset: [12, 23, 45, 85, 98]
Iter 233: 
Min Hitting Set: [0, 1, 2, 5, 7, 10, 11, 12, 13, 15, 16, 17, 19, 20, 21, 22, 24, 25, 26, 28, 29, 30, 32, 33, 35, 36, 38, 41, 43, 44, 46, 48, 49, 52, 58, 62, 66, 115, 116]
Min Correction Subset: [3, 51, 89]
Iter 234: 
Min Hitting Set: [0, 2, 3, 5, 9, 10, 11, 12, 13, 15, 16, 17, 19, 20, 21, 22, 23, 24, 25, 26, 28, 29, 30, 32, 33, 35, 36, 38, 43, 44, 46, 49, 51, 52, 62, 63, 66, 115, 116]
Min Correction Subset: [1, 7, 48, 91]
Iter 235: 
Min Hitting Set: [0, 2, 3, 5, 10, 11, 12, 13, 15, 16, 17, 19, 20, 21, 22, 23, 24, 25, 26, 28, 29, 30, 32, 33, 35, 36, 38, 43, 44, 46, 48, 49, 51, 52, 62, 63, 66, 115, 116]
Min Correction Subset: [1, 7, 18, 58]
Iter 236: 
Min Hitting Set: [0, 1, 3, 5, 7, 10, 11, 12, 13, 15, 16, 17, 19, 20, 21, 22, 24, 25, 26, 28, 29, 30, 32, 33, 35, 36, 38, 41, 43, 44, 46, 48, 49, 51, 52, 62, 66, 115, 116]
Min Correction Subset: [2, 18, 23, 86]
Iter 237: 
Min Hitting Set: [0, 1, 3, 5, 7, 10, 11, 15, 16, 17, 18, 19, 20, 21, 22, 24, 25, 26, 28, 29, 30, 32, 33, 35, 36, 38, 41, 43, 44, 46, 48, 49, 51, 52, 62, 66, 85, 115, 116]
Min Correction Subset: [2, 12, 23, 83]
Iter 238: 
Min Hitting Set: [0, 2, 3, 5, 10, 11, 15, 16, 17, 18, 19, 20, 21, 22, 23, 24, 25, 26, 28, 29, 30, 32, 33, 35, 36, 38, 43, 44, 46, 48, 49, 51, 52, 58, 62, 63, 66, 115, 116]
Min Correction Subset: [1, 7, 13, 94]
Iter 239: 
Min Hitting Set: [0, 2, 3, 5, 10, 11, 13, 15, 16, 17, 19, 20, 21, 22, 23, 24, 25, 26, 28, 29, 30, 32, 33, 35, 36, 38, 43, 44, 46, 48, 49, 51, 52, 58, 62, 63, 66, 115, 116]
Min Correction Subset: [1, 7, 8, 94]
Iter 240: 
Min Hitting Set: [0, 1, 2, 5, 8, 10, 11, 12, 13, 15, 16, 17, 19, 20, 21, 22, 23, 24, 25, 26, 28, 29, 30, 32, 33, 35, 36, 38, 41, 43, 44, 46, 49, 51, 52, 62, 66, 115, 116]
Min Correction Subset: [9, 48, 63]
Iter 241: 
Min Hitting Set: [0, 1, 2, 5, 7, 10, 11, 12, 13, 15, 16, 17, 19, 20, 21, 22, 24, 25, 26, 28, 29, 30, 32, 33, 35, 36, 38, 43, 44, 46, 49, 51, 52, 62, 63, 66, 86, 115, 116]
Min Correction Subset: [3, 23, 48]
Iter 242: 
Min Hitting Set: [0, 1, 2, 3, 5, 10, 11, 12, 13, 15, 16, 17, 19, 20, 21, 22, 24, 25, 26, 28, 29, 30, 32, 33, 35, 36, 38, 43, 44, 46, 49, 51, 52, 62, 63, 66, 86, 115, 116]
Min Correction Subset: [14, 23, 48]
Iter 243: 
Min Hitting Set: [2, 3, 5, 7, 8, 9, 10, 11, 12, 13, 15, 16, 17, 19, 20, 21, 22, 23, 24, 25, 26, 28, 29, 30, 32, 33, 35, 36, 38, 43, 44, 46, 49, 51, 52, 62, 66, 115, 116]
Min Correction Subset: [0, 1, 48]
Iter 244: 
Min Hitting Set: [0, 1, 2, 5, 8, 9, 10, 11, 12, 13, 14, 16, 17, 19, 20, 21, 22, 23, 24, 25, 26, 28, 29, 30, 32, 33, 35, 36, 38, 43, 44, 46, 49, 51, 52, 62, 66, 115, 116]
Min Correction Subset: [3, 15]
Iter 245: 
Min Hitting Set: [0, 1, 2, 3, 5, 10, 11, 12, 15, 16, 17, 18, 19, 20, 21, 22, 23, 24, 25, 26, 28, 29, 30, 32, 33, 35, 36, 38, 43, 44, 46, 49, 51, 52, 62, 63, 66, 115, 116]
Min Correction Subset: [9, 13, 14, 48, 58, 98]
Iter 246: 
Min Hitting Set: [0, 1, 2, 5, 10, 11, 12, 13, 15, 16, 17, 19, 20, 21, 22, 23, 24, 25, 26, 28, 29, 30, 32, 33, 35, 36, 38, 41, 43, 44, 46, 48, 49, 51, 52, 62, 66, 115, 116]
Min Correction Subset: [3, 8, 85, 86]
Iter 247: 
Min Hitting Set: [0, 1, 2, 5, 8, 9, 10, 11, 12, 13, 15, 16, 17, 19, 20, 21, 22, 23, 24, 25, 26, 28, 29, 30, 32, 33, 35, 36, 38, 43, 44, 46, 49, 51, 52, 62, 66, 115, 116]
Min Correction Subset: [3, 48, 63]
Iter 248: 
Min Hitting Set: [0, 1, 2, 3, 5, 10, 11, 13, 15, 16, 17, 19, 20, 21, 22, 23, 24, 25, 26, 28, 29, 30, 32, 33, 35, 36, 38, 41, 43, 44, 46, 48, 49, 52, 58, 62, 66, 115, 116]
Min Correction Subset: [8, 12, 51]
Iter 249: 
Min Hitting Set: [0, 1, 3, 5, 10, 11, 12, 13, 15, 16, 17, 19, 20, 21, 22, 23, 24, 25, 26, 28, 29, 30, 32, 33, 35, 36, 38, 43, 44, 46, 49, 51, 52, 62, 63, 66, 86, 115, 116]
Min Correction Subset: [2, 7, 18, 48]
Iter 250: 
Min Hitting Set: [0, 1, 3, 5, 10, 11, 12, 14, 15, 16, 17, 18, 19, 20, 21, 22, 23, 24, 25, 26, 28, 29, 30, 32, 33, 35, 36, 38, 43, 44, 46, 49, 51, 52, 62, 63, 66, 115, 116]
Min Correction Subset: [2, 9, 13, 48, 69]
Iter 251: 
Min Hitting Set: [0, 1, 3, 5, 9, 10, 11, 12, 15, 16, 17, 18, 19, 20, 21, 22, 23, 24, 25, 26, 28, 29, 30, 32, 33, 35, 36, 38, 43, 44, 46, 49, 51, 52, 62, 63, 66, 115, 116]
Min Correction Subset: [2, 48, 58, 86, 98]
Iter 252: 
Min Hitting Set: [0, 1, 3, 5, 10, 11, 12, 15, 16, 17, 18, 19, 20, 21, 22, 23, 24, 25, 26, 28, 29, 30, 32, 33, 35, 36, 38, 43, 44, 46, 48, 49, 50, 51, 52, 63, 66, 115, 116]
Min Correction Subset: [2, 9, 13, 14, 41]
Iter 253: 
Min Hitting Set: [0, 1, 2, 3, 5, 10, 11, 15, 16, 17, 18, 19, 20, 21, 22, 23, 24, 25, 26, 28, 29, 30, 32, 33, 35, 36, 38, 43, 44, 46, 48, 49, 50, 51, 52, 63, 66, 115, 116]
Min Correction Subset: [9, 12, 41, 83, 85]
Iter 254: 
Min Hitting Set: [0, 1, 3, 5, 10, 11, 12, 13, 15, 16, 17, 19, 20, 21, 22, 23, 24, 25, 26, 28, 29, 30, 32, 33, 35, 36, 38, 43, 44, 46, 48, 49, 51, 52, 62, 63, 66, 115, 116]
Min Correction Subset: [2, 18, 41, 86]
Iter 255: 
Min Hitting Set: [0, 1, 2, 5, 10, 11, 12, 13, 15, 16, 17, 19, 20, 21, 22, 23, 24, 25, 26, 28, 29, 30, 32, 33, 35, 36, 38, 43, 44, 46, 49, 51, 52, 62, 63, 66, 86, 115, 116]
Min Correction Subset: [3, 7, 9, 48]
Iter 256: 
Min Hitting Set: [0, 1, 2, 3, 5, 7, 11, 12, 13, 14, 16, 17, 19, 20, 21, 22, 23, 24, 25, 26, 28, 29, 30, 32, 33, 35, 36, 38, 43, 44, 46, 49, 51, 52, 62, 63, 66, 115, 116]
Min Correction Subset: [9, 10]
Iter 257: 
Min Hitting Set: [0, 1, 2, 3, 5, 10, 11, 12, 13, 14, 16, 17, 19, 20, 21, 22, 23, 24, 25, 26, 28, 29, 30, 32, 33, 35, 36, 38, 43, 44, 46, 49, 51, 52, 62, 63, 66, 115, 116]
Min Correction Subset: [7, 15, 45]
Iter 258: 
Min Hitting Set: [0, 1, 2, 3, 5, 10, 11, 12, 13, 15, 16, 17, 19, 20, 21, 22, 23, 24, 25, 26, 28, 29, 30, 32, 33, 35, 36, 38, 43, 44, 46, 49, 51, 52, 62, 63, 66, 115, 116]
Min Correction Subset: [7, 18, 58, 86, 98]
Iter 259: 
Min Hitting Set: [0, 1, 2, 3, 5, 7, 10, 11, 12, 13, 15, 16, 19, 20, 21, 22, 23, 24, 25, 26, 28, 29, 30, 32, 33, 35, 36, 38, 43, 44, 46, 49, 51, 52, 62, 63, 66, 115, 116]
Min Correction Subset: [17, 48]
Iter 260: 
Min Hitting Set: [0, 1, 2, 3, 5, 10, 11, 12, 13, 15, 16, 17, 19, 20, 21, 22, 23, 24, 25, 28, 29, 30, 32, 33, 35, 36, 38, 43, 44, 46, 49, 52, 58, 62, 63, 66, 86, 115, 116]
Min Correction Subset: [26, 51, 89]
Iter 261: 
Min Hitting Set: [0, 1, 2, 3, 5, 9, 10, 11, 15, 16, 17, 18, 19, 20, 21, 22, 23, 24, 25, 26, 28, 29, 30, 32, 33, 35, 36, 38, 43, 44, 46, 49, 51, 52, 62, 63, 66, 115, 116]
Min Correction Subset: [12, 48, 83, 85, 98]
Iter 262: 
Min Hitting Set: [0, 1, 2, 3, 5, 10, 11, 12, 13, 15, 16, 17, 19, 20, 21, 22, 23, 24, 25, 28, 29, 30, 32, 33, 35, 36, 38, 43, 44, 46, 49, 51, 52, 62, 63, 66, 86, 115, 116]
Min Correction Subset: [7, 26, 45]
Iter 263: 
Min Hitting Set: [0, 1, 2, 3, 5, 10, 11, 15, 16, 17, 19, 20, 21, 22, 23, 24, 25, 26, 28, 29, 30, 32, 33, 35, 36, 38, 43, 44, 46, 49, 51, 52, 58, 62, 63, 66, 85, 115, 116]
Min Correction Subset: [9, 12, 18, 48]
Iter 264: 
Min Hitting Set: [0, 1, 2, 3, 5, 10, 11, 12, 15, 16, 17, 19, 20, 21, 22, 23, 24, 25, 26, 28, 29, 30, 32, 33, 35, 36, 38, 43, 44, 46, 49, 51, 52, 62, 63, 66, 98, 115, 116]
Min Correction Subset: [7, 13, 18, 45, 58]
Iter 265: 
Min Hitting Set: [0, 1, 2, 3, 7, 10, 11, 12, 13, 15, 16, 17, 19, 20, 21, 22, 23, 24, 25, 26, 28, 29, 30, 32, 33, 35, 36, 38, 43, 44, 46, 49, 51, 52, 62, 63, 66, 115, 116]
Min Correction Subset: [5, 41]
Iter 266: 
Min Hitting Set: [0, 1, 2, 3, 7, 10, 11, 13, 15, 16, 17, 19, 20, 21, 22, 23, 24, 25, 26, 28, 29, 30, 32, 33, 35, 36, 38, 41, 43, 44, 46, 48, 49, 51, 52, 62, 66, 115, 116]
Min Correction Subset: [5, 12]
Iter 267: 
Min Hitting Set: [0, 1, 2, 3, 5, 7, 10, 11, 13, 15, 16, 19, 20, 21, 22, 23, 24, 25, 26, 28, 29, 30, 32, 33, 35, 36, 38, 41, 43, 44, 46, 48, 49, 51, 52, 62, 66, 115, 116]
Min Correction Subset: [8, 17]
Iter 268: 
Min Hitting Set: [3, 5, 7, 8, 9, 10, 11, 13, 15, 16, 17, 18, 19, 20, 21, 22, 23, 24, 25, 26, 28, 29, 30, 32, 33, 35, 36, 38, 41, 43, 44, 46, 48, 49, 51, 52, 62, 66, 115, 116]
Min Correction Subset: [0, 12, 91]
Iter 269: 
Min Hitting Set: [3, 5, 7, 8, 9, 10, 11, 12, 13, 15, 16, 17, 19, 20, 21, 22, 23, 24, 25, 26, 28, 29, 30, 32, 33, 35, 36, 38, 41, 43, 44, 46, 48, 49, 51, 52, 62, 66, 115, 116]
Min Correction Subset: [0, 2, 18]
Iter 270: 
Min Hitting Set: [0, 1, 3, 5, 10, 11, 12, 15, 16, 17, 18, 19, 20, 21, 22, 23, 24, 25, 26, 28, 29, 30, 32, 33, 35, 36, 38, 41, 43, 44, 46, 48, 49, 50, 51, 52, 63, 66, 115, 116]
Min Correction Subset: [2, 13, 58, 62, 98]
Iter 271: 
Min Hitting Set: [0, 1, 5, 7, 8, 10, 11, 12, 13, 15, 16, 17, 19, 20, 21, 22, 23, 24, 25, 26, 28, 29, 30, 32, 33, 35, 36, 38, 41, 43, 44, 46, 48, 49, 50, 51, 52, 66, 115, 116]
Min Correction Subset: [2, 3, 14, 76]
Iter 272: 
Min Hitting Set: [0, 1, 3, 5, 9, 10, 11, 12, 15, 16, 17, 18, 19, 20, 21, 22, 23, 24, 25, 26, 28, 29, 30, 32, 33, 35, 36, 38, 43, 44, 46, 49, 50, 51, 52, 58, 63, 66, 115, 116]
Min Correction Subset: [2, 48, 85, 86, 98]
Iter 273: 
Min Hitting Set: [0, 1, 2, 5, 7, 10, 11, 12, 13, 15, 16, 17, 19, 20, 21, 22, 24, 25, 26, 28, 29, 30, 32, 33, 35, 36, 38, 43, 44, 46, 48, 49, 51, 52, 62, 63, 66, 86, 115, 116]
Min Correction Subset: [3, 23, 41]
Iter 274: 
Min Hitting Set: [0, 2, 5, 7, 8, 10, 11, 12, 13, 15, 16, 17, 19, 20, 21, 22, 23, 24, 25, 26, 28, 29, 30, 32, 33, 35, 36, 38, 41, 43, 44, 46, 48, 49, 51, 52, 62, 66, 115, 116]
Min Correction Subset: [1, 3, 58]
Iter 275: 
Min Hitting Set: [0, 1, 3, 5, 7, 10, 11, 12, 15, 16, 17, 18, 19, 20, 21, 22, 24, 25, 26, 28, 29, 30, 32, 33, 35, 36, 38, 41, 43, 44, 46, 48, 49, 51, 52, 62, 66, 85, 115, 116]
Min Correction Subset: [2, 13, 23, 58]
Iter 276: 
Min Hitting Set: [0, 1, 2, 3, 5, 7, 10, 11, 12, 15, 16, 17, 19, 20, 21, 22, 24, 25, 26, 28, 29, 30, 32, 33, 35, 36, 38, 41, 43, 44, 46, 48, 49, 51, 52, 62, 66, 98, 115, 116]
Min Correction Subset: [13, 18, 23, 58]
Iter 277: 
Min Hitting Set: [0, 1, 3, 5, 9, 10, 11, 12, 15, 16, 17, 18, 19, 20, 21, 22, 23, 24, 25, 26, 28, 29, 30, 32, 33, 35, 36, 38, 43, 44, 46, 49, 50, 51, 52, 63, 66, 98, 115, 116]
Min Correction Subset: [2, 48, 76, 85, 86]
Iter 278: 
Min Hitting Set: [0, 1, 3, 5, 10, 11, 12, 15, 16, 17, 18, 19, 20, 21, 22, 23, 24, 25, 26, 28, 29, 30, 32, 33, 35, 36, 38, 41, 43, 44, 46, 48, 49, 51, 52, 62, 63, 66, 115, 116]
Min Correction Subset: [2, 4, 7, 13, 58, 94]
Iter 279: 
Min Hitting Set: [0, 1, 3, 5, 7, 10, 11, 12, 13, 15, 16, 17, 18, 19, 20, 21, 22, 24, 25, 26, 28, 29, 30, 32, 33, 35, 36, 38, 41, 43, 44, 46, 48, 49, 51, 52, 62, 66, 115, 116]
Min Correction Subset: [2, 23, 85, 86]
Iter 280: 
Min Hitting Set: [0, 1, 3, 5, 7, 10, 11, 12, 13, 15, 16, 17, 19, 20, 21, 22, 24, 25, 26, 28, 29, 30, 32, 33, 35, 36, 38, 43, 44, 46, 48, 49, 51, 52, 62, 63, 66, 86, 115, 116]
Min Correction Subset: [2, 23, 41]
Iter 281: 
Min Hitting Set: [0, 1, 3, 5, 7, 10, 11, 12, 13, 15, 16, 17, 19, 20, 21, 22, 24, 25, 26, 28, 29, 30, 32, 33, 35, 36, 38, 41, 43, 44, 46, 48, 49, 51, 52, 62, 66, 86, 115, 116]
Min Correction Subset: [2, 18, 23, 76]
Iter 282: 
Min Hitting Set: [0, 1, 3, 5, 7, 10, 11, 12, 13, 15, 16, 17, 19, 20, 21, 22, 23, 24, 25, 26, 28, 29, 30, 32, 33, 35, 36, 38, 41, 43, 44, 46, 48, 49, 51, 52, 62, 66, 115, 116]
Min Correction Subset: [2, 8, 18, 85, 86]
Iter 283: 
Min Hitting Set: [0, 1, 2, 3, 5, 10, 11, 12, 15, 16, 17, 18, 19, 20, 21, 22, 24, 25, 26, 28, 29, 30, 32, 33, 35, 36, 38, 41, 43, 44, 46, 48, 49, 51, 52, 62, 63, 66, 115, 116]
Min Correction Subset: [7, 13, 23, 94]
Iter 284: 
Min Hitting Set: [0, 1, 2, 3, 5, 10, 11, 12, 13, 15, 16, 17, 19, 20, 21, 22, 24, 25, 26, 28, 29, 30, 32, 33, 35, 36, 38, 43, 44, 46, 48, 49, 51, 52, 62, 63, 66, 86, 115, 116]
Min Correction Subset: [7, 23, 41, 94]
Iter 285: 
Min Hitting Set: [0, 1, 3, 5, 10, 11, 12, 13, 15, 16, 17, 19, 20, 21, 22, 23, 24, 25, 26, 28, 29, 30, 32, 33, 35, 36, 38, 43, 44, 46, 48, 49, 51, 52, 62, 63, 66, 86, 115, 116]
Min Correction Subset: [2, 7, 9, 18, 41]
Iter 286: 
Min Hitting Set: [2, 3, 5, 7, 10, 11, 12, 13, 15, 16, 17, 19, 20, 21, 22, 23, 24, 25, 26, 28, 29, 30, 32, 33, 35, 36, 38, 41, 43, 44, 46, 48, 49, 51, 52, 62, 66, 86, 115, 116]
Min Correction Subset: [0, 8, 91]
Iter 287: 
Min Hitting Set: [0, 1, 2, 3, 5, 7, 10, 11, 12, 15, 16, 17, 18, 19, 20, 21, 22, 24, 25, 26, 28, 29, 30, 32, 33, 35, 36, 38, 41, 43, 44, 46, 48, 49, 51, 52, 62, 66, 115, 116]
Min Correction Subset: [4, 13, 14, 23, 58, 63]
Iter 288: 
Min Hitting Set: [0, 1, 2, 3, 5, 8, 10, 11, 13, 15, 16, 17, 19, 20, 21, 22, 23, 24, 25, 26, 28, 29, 30, 32, 33, 35, 36, 38, 41, 43, 44, 46, 48, 49, 52, 58, 62, 66, 115, 116]
Min Correction Subset: [7, 12, 51]
Iter 289: 
Min Hitting Set: [0, 1, 2, 3, 5, 7, 10, 11, 12, 13, 15, 16, 17, 19, 21, 22, 23, 24, 25, 26, 28, 29, 30, 32, 33, 35, 36, 38, 43, 44, 46, 49, 51, 52, 62, 63, 66, 85, 115, 116]
Min Correction Subset: [20, 45]
Iter 290: 
Min Hitting Set: [0, 1, 2, 3, 5, 7, 10, 11, 12, 13, 15, 16, 17, 19, 20, 21, 22, 24, 25, 26, 28, 29, 30, 32, 33, 35, 36, 38, 41, 43, 44, 46, 48, 49, 50, 51, 52, 66, 115, 116]
Min Correction Subset: [18, 23, 85, 86]
Iter 291: 
Min Hitting Set: [0, 2, 3, 5, 7, 10, 11, 12, 13, 15, 16, 17, 19, 20, 21, 22, 23, 24, 25, 26, 28, 29, 30, 32, 33, 35, 36, 38, 41, 43, 44, 46, 48, 49, 50, 51, 52, 66, 115, 116]
Min Correction Subset: [1, 8, 18, 62]
Iter 292: 
Min Hitting Set: [2, 3, 5, 7, 8, 10, 11, 12, 13, 15, 16, 17, 19, 20, 21, 22, 23, 24, 25, 26, 28, 29, 30, 32, 33, 35, 36, 38, 41, 43, 44, 46, 48, 49, 51, 52, 62, 66, 115, 116]
Min Correction Subset: [0, 14, 91]
Iter 293: 
Min Hitting Set: [0, 1, 2, 5, 7, 10, 11, 12, 13, 15, 16, 17, 19, 20, 21, 22, 24, 25, 26, 28, 29, 30, 32, 33, 35, 36, 38, 41, 43, 44, 46, 48, 49, 50, 51, 52, 66, 86, 115, 116]
Min Correction Subset: [3, 18, 23, 76]
Iter 294: 
Min Hitting Set: [0, 3, 5, 7, 8, 10, 11, 13, 15, 16, 17, 18, 19, 20, 21, 22, 23, 24, 25, 26, 28, 29, 30, 32, 33, 35, 36, 38, 41, 43, 44, 46, 48, 49, 51, 52, 62, 66, 115, 116]
Min Correction Subset: [1, 2, 12, 58]
Iter 295: 
Min Hitting Set: [0, 1, 2, 3, 5, 7, 10, 11, 13, 14, 16, 17, 19, 20, 21, 22, 23, 24, 25, 26, 28, 29, 30, 32, 33, 35, 36, 38, 41, 43, 44, 46, 48, 49, 51, 52, 62, 66, 115, 116]
Min Correction Subset: [12, 15]
Iter 296: 
Min Hitting Set: [0, 3, 5, 7, 8, 10, 11, 12, 13, 15, 16, 17, 18, 19, 20, 21, 22, 23, 24, 25, 26, 28, 29, 30, 32, 33, 35, 36, 38, 43, 44, 46, 48, 49, 51, 52, 62, 66, 115, 116]
Min Correction Subset: [1, 2, 9, 41]
Iter 297: 
Min Hitting Set: [0, 3, 5, 7, 10, 11, 12, 13, 15, 16, 17, 18, 19, 20, 21, 22, 23, 24, 25, 26, 28, 29, 30, 32, 33, 35, 36, 38, 41, 43, 44, 46, 48, 49, 51, 52, 62, 66, 115, 116]
Min Correction Subset: [1, 2, 8]
Iter 298: 
Min Hitting Set: [0, 1, 2, 3, 5, 10, 11, 12, 13, 15, 16, 17, 19, 20, 21, 22, 23, 24, 25, 26, 28, 29, 30, 32, 33, 35, 36, 38, 43, 44, 46, 48, 49, 52, 58, 62, 63, 66, 115, 116]
Min Correction Subset: [41, 51, 86]
Iter 299: 
Min Hitting Set: [0, 1, 2, 3, 5, 10, 11, 12, 13, 15, 16, 17, 19, 20, 21, 22, 23, 24, 25, 26, 28, 29, 30, 32, 33, 35, 36, 38, 41, 43, 44, 46, 48, 49, 52, 58, 62, 66, 115, 116]
Min Correction Subset: [7, 51, 85]
Iter 300: 
Min Hitting Set: [0, 1, 3, 5, 10, 11, 12, 13, 15, 16, 17, 18, 19, 20, 21, 22, 23, 24, 25, 26, 28, 29, 30, 32, 33, 35, 36, 38, 43, 44, 46, 48, 49, 51, 52, 62, 63, 66, 115, 116]
Min Correction Subset: [2, 7, 9, 41, 94]
Iter 301: 
Min Hitting Set: [0, 2, 3, 5, 7, 10, 11, 13, 15, 16, 17, 19, 20, 21, 22, 23, 24, 25, 26, 28, 29, 30, 32, 33, 35, 36, 38, 41, 43, 44, 46, 48, 49, 51, 52, 58, 62, 66, 115, 116]
Min Correction Subset: [1, 8, 12, 18]
Iter 302: 
Min Hitting Set: [0, 1, 2, 3, 5, 7, 10, 11, 15, 16, 17, 19, 20, 21, 22, 24, 25, 26, 28, 29, 30, 32, 33, 35, 36, 38, 41, 43, 44, 46, 48, 49, 51, 52, 58, 62, 66, 85, 115, 116]
Min Correction Subset: [12, 18, 23, 83]
Iter 303: 
Min Hitting Set: [0, 2, 3, 5, 7, 10, 11, 12, 13, 15, 16, 17, 19, 20, 21, 22, 23, 24, 25, 26, 28, 29, 30, 32, 33, 35, 36, 38, 41, 43, 44, 46, 48, 49, 51, 52, 62, 66, 115, 116]
Min Correction Subset: [1, 8, 18, 86]
Iter 304: 
Min Hitting Set: [0, 1, 2, 5, 8, 10, 11, 12, 13, 15, 16, 17, 19, 20, 21, 22, 23, 24, 25, 26, 28, 29, 30, 32, 33, 35, 36, 38, 43, 44, 46, 48, 49, 51, 52, 62, 66, 86, 115, 116]
Min Correction Subset: [3, 7, 41, 63]
Iter 305: 
Min Hitting Set: [0, 2, 3, 5, 7, 8, 10, 11, 12, 13, 15, 16, 17, 19, 20, 21, 22, 23, 24, 25, 26, 28, 29, 30, 32, 33, 35, 36, 38, 43, 44, 46, 48, 49, 51, 52, 62, 66, 115, 116]
Min Correction Subset: [1, 18, 58, 98]
Iter 306: 
Min Hitting Set: [0, 1, 3, 5, 7, 10, 11, 12, 13, 15, 16, 17, 19, 20, 21, 22, 23, 24, 25, 26, 28, 29, 30, 32, 33, 35, 36, 38, 43, 44, 46, 49, 51, 52, 62, 63, 66, 86, 115, 116]
Min Correction Subset: [2, 9, 18, 48]
Iter 307: 
Min Hitting Set: [0, 2, 3, 5, 7, 10, 11, 15, 16, 17, 18, 19, 20, 21, 22, 23, 24, 25, 26, 28, 29, 30, 32, 33, 35, 36, 38, 41, 43, 44, 46, 48, 49, 51, 52, 58, 62, 66, 115, 116]
Min Correction Subset: [1, 13, 14, 91]
Iter 308: 
Min Hitting Set: [0, 1, 2, 3, 5, 10, 11, 13, 15, 16, 17, 19, 20, 21, 22, 23, 24, 25, 26, 28, 29, 30, 32, 33, 35, 36, 38, 41, 43, 44, 46, 48, 49, 51, 52, 58, 62, 66, 115, 116]
Min Correction Subset: [7, 12, 18, 63]
Iter 309: 
Min Hitting Set: [0, 1, 2, 3, 5, 10, 11, 15, 16, 17, 18, 19, 20, 21, 22, 23, 24, 25, 26, 28, 29, 30, 32, 33, 35, 36, 38, 41, 43, 44, 46, 48, 49, 51, 52, 58, 62, 66, 115, 116]
Min Correction Subset: [4, 7, 8, 12, 63, 83, 98]
Iter 310: 
Min Hitting Set: [0, 1, 3, 5, 10, 11, 12, 13, 15, 16, 17, 18, 19, 20, 21, 22, 23, 24, 25, 26, 28, 29, 30, 32, 33, 35, 36, 38, 41, 43, 44, 46, 48, 49, 51, 52, 62, 66, 115, 116]
Min Correction Subset: [2, 4, 7, 8, 63]
Iter 311: 
Min Hitting Set: [0, 1, 2, 3, 5, 10, 11, 15, 16, 17, 18, 19, 20, 21, 22, 23, 24, 25, 26, 28, 29, 30, 32, 33, 35, 36, 38, 43, 44, 46, 48, 49, 51, 52, 62, 63, 66, 85, 115, 116]
Min Correction Subset: [9, 12, 14, 41, 58, 98]
Iter 312: 
Min Hitting Set: [0, 1, 2, 3, 5, 10, 11, 12, 15, 16, 17, 18, 19, 20, 21, 22, 23, 24, 25, 26, 28, 29, 30, 32, 33, 35, 36, 38, 41, 43, 44, 46, 48, 49, 51, 52, 62, 66, 115, 116]
Min Correction Subset: [4, 7, 8, 13, 58, 63]
Iter 313: 
Min Hitting Set: [0, 1, 2, 5, 7, 8, 10, 11, 13, 15, 16, 17, 19, 20, 21, 22, 23, 24, 25, 26, 28, 29, 30, 32, 33, 35, 36, 38, 41, 43, 44, 46, 48, 49, 51, 52, 62, 66, 115, 116]
Min Correction Subset: [3, 9, 12, 85]
Iter 314: 
Min Hitting Set: [0, 1, 3, 4, 5, 7, 10, 11, 15, 16, 17, 18, 19, 20, 21, 22, 23, 24, 25, 26, 28, 29, 30, 32, 33, 35, 36, 38, 41, 43, 44, 46, 48, 49, 51, 52, 62, 66, 115, 116]
Min Correction Subset: [2, 12, 13, 14, 58]
Iter 315: 
Min Hitting Set: [0, 1, 3, 5, 7, 10, 11, 12, 15, 16, 17, 18, 19, 20, 21, 22, 23, 24, 25, 26, 28, 29, 30, 32, 33, 35, 36, 38, 41, 43, 44, 46, 48, 49, 51, 52, 62, 66, 115, 116]
Min Correction Subset: [2, 4, 8, 58, 63, 86]
Iter 316: 
Min Hitting Set: [0, 1, 2, 5, 10, 11, 12, 13, 15, 16, 17, 19, 20, 21, 22, 23, 24, 25, 26, 28, 29, 30, 32, 33, 35, 36, 38, 43, 44, 46, 48, 49, 51, 52, 62, 63, 66, 86, 115, 116]
Min Correction Subset: [3, 7, 9, 41]
Iter 317: 
Min Hitting Set: [0, 1, 2, 3, 5, 7, 10, 11, 12, 13, 15, 16, 17, 19, 20, 21, 22, 23, 24, 25, 28, 29, 30, 32, 33, 35, 36, 38, 43, 44, 46, 49, 51, 52, 62, 63, 66, 86, 115, 116]
Min Correction Subset: [9, 26, 48]
Iter 318: 
Min Hitting Set: [0, 1, 2, 5, 10, 11, 12, 13, 15, 16, 17, 19, 20, 21, 22, 23, 24, 25, 26, 28, 29, 30, 32, 33, 35, 36, 38, 41, 43, 44, 46, 48, 49, 51, 52, 62, 66, 86, 115, 116]
Min Correction Subset: [3, 7, 8, 63]
Iter 319: 
Min Hitting Set: [0, 1, 2, 3, 5, 10, 11, 12, 13, 15, 16, 17, 19, 20, 21, 22, 23, 24, 25, 26, 28, 29, 30, 32, 33, 35, 36, 38, 43, 44, 46, 49, 51, 52, 62, 63, 66, 86, 115, 116]
Min Correction Subset: [7, 9, 18, 48, 58, 98]
Iter 320: 
Min Hitting Set: [0, 1, 2, 3, 5, 10, 11, 12, 13, 15, 16, 17, 19, 20, 21, 22, 23, 24, 25, 26, 28, 29, 30, 32, 33, 35, 36, 38, 43, 44, 46, 49, 51, 52, 58, 62, 63, 66, 115, 116]
Min Correction Subset: [18, 48, 85, 86, 98]
Iter 321: 
Min Hitting Set: [0, 1, 2, 3, 5, 7, 10, 11, 13, 15, 16, 17, 19, 20, 21, 22, 23, 24, 25, 26, 28, 29, 30, 32, 33, 35, 36, 38, 41, 43, 44, 46, 48, 49, 51, 52, 62, 66, 115, 116]
Min Correction Subset: [8, 12, 18, 83, 85]
Iter 322: 
Min Hitting Set: [0, 1, 3, 5, 7, 8, 10, 11, 13, 15, 16, 17, 19, 20, 21, 22, 23, 24, 25, 26, 28, 29, 30, 32, 33, 35, 36, 38, 41, 43, 44, 46, 48, 49, 51, 52, 62, 66, 115, 116]
Min Correction Subset: [2, 12, 18, 85]
Iter 323: 
Min Hitting Set: [0, 1, 2, 3, 5, 7, 8, 10, 11, 13, 15, 16, 17, 19, 20, 21, 22, 23, 24, 25, 26, 28, 29, 30, 32, 33, 36, 38, 41, 43, 44, 46, 48, 49, 51, 52, 62, 66, 115, 116]
Min Correction Subset: [12, 18, 35]
Iter 324: 
Min Hitting Set: [0, 1, 2, 3, 5, 10, 11, 12, 13, 15, 16, 17, 18, 19, 20, 21, 22, 23, 24, 25, 26, 28, 29, 30, 32, 33, 35, 36, 38, 43, 44, 46, 49, 51, 52, 62, 63, 66, 115, 116]
Min Correction Subset: [9, 14, 48, 58, 86, 98]
Iter 325: 
Min Hitting Set: [0, 1, 2, 3, 5, 10, 11, 12, 14, 15, 16, 17, 18, 19, 20, 21, 22, 23, 24, 25, 26, 28, 29, 30, 32, 33, 35, 36, 38, 43, 44, 46, 49, 51, 52, 62, 63, 66, 115, 116]
Min Correction Subset: [9, 45, 48, 85, 86, 98]
Iter 326: 
Min Hitting Set: [0, 1, 2, 3, 5, 7, 8, 10, 11, 12, 13, 14, 16, 19, 20, 21, 22, 23, 24, 25, 26, 28, 29, 30, 32, 33, 35, 36, 38, 43, 44, 46, 48, 49, 51, 52, 62, 66, 115, 116]
Min Correction Subset: [17, 78]
Iter 327: 
Min Hitting Set: [0, 1, 2, 3, 5, 10, 11, 15, 16, 17, 18, 19, 20, 21, 22, 23, 24, 25, 26, 28, 29, 30, 32, 33, 35, 36, 38, 41, 43, 44, 46, 48, 49, 51, 52, 62, 63, 66, 115, 116]
Min Correction Subset: [7, 9, 12, 58, 83, 94, 98]
Iter 328: 
Min Hitting Set: [0, 1, 2, 3, 5, 7, 10, 11, 15, 16, 17, 18, 19, 20, 21, 22, 23, 24, 25, 26, 28, 29, 30, 32, 33, 35, 36, 38, 41, 43, 44, 46, 48, 49, 51, 52, 62, 66, 115, 116]
Min Correction Subset: [4, 8, 12, 58, 63, 98]
Iter 329: 
Min Hitting Set: [0, 1, 2, 3, 5, 10, 11, 15, 16, 17, 19, 20, 21, 22, 23, 24, 25, 26, 28, 29, 30, 32, 33, 35, 36, 38, 43, 44, 46, 48, 49, 51, 52, 58, 62, 63, 66, 85, 115, 116]
Min Correction Subset: [9, 12, 18, 41, 45]
Iter 330: 
Min Hitting Set: [0, 1, 2, 5, 9, 10, 11, 12, 13, 15, 16, 17, 19, 20, 21, 22, 23, 24, 25, 26, 28, 29, 30, 32, 33, 35, 36, 38, 43, 44, 46, 49, 51, 52, 62, 63, 66, 86, 115, 116]
Min Correction Subset: [3, 7, 18, 48]
Iter 331: 
Min Hitting Set: [0, 1, 2, 3, 5, 10, 11, 12, 15, 16, 17, 18, 19, 20, 21, 22, 23, 24, 25, 26, 28, 29, 30, 32, 33, 35, 36, 38, 43, 44, 46, 48, 49, 51, 52, 62, 63, 66, 115, 116]
Min Correction Subset: [7, 9, 41, 58, 86, 94, 98]
Iter 332: 
Min Hitting Set: [0, 1, 2, 3, 7, 10, 11, 12, 13, 15, 16, 17, 19, 20, 21, 22, 23, 24, 25, 26, 28, 29, 30, 32, 33, 35, 36, 38, 41, 43, 44, 46, 48, 49, 51, 52, 62, 66, 115, 116]
Min Correction Subset: [5, 9, 45]
Iter 333: 
Min Hitting Set: [0, 1, 2, 5, 7, 8, 9, 10, 11, 13, 15, 16, 17, 19, 20, 21, 22, 23, 24, 25, 26, 28, 29, 30, 32, 33, 35, 36, 38, 43, 44, 46, 48, 49, 51, 52, 62, 66, 115, 116]
Min Correction Subset: [3, 12, 41]
Iter 334: 
Min Hitting Set: [0, 1, 2, 3, 5, 9, 10, 11, 12, 15, 16, 17, 18, 19, 20, 21, 22, 23, 24, 25, 26, 28, 29, 30, 32, 33, 35, 36, 38, 43, 44, 46, 49, 51, 52, 62, 63, 66, 115, 116]
Min Correction Subset: [7, 13, 14, 45, 48, 57, 58, 94, 98]
Iter 335: 
Min Hitting Set: [0, 1, 2, 3, 5, 10, 11, 12, 13, 15, 16, 17, 19, 20, 21, 22, 23, 24, 25, 26, 28, 29, 30, 32, 33, 35, 36, 38, 43, 44, 46, 49, 51, 52, 62, 63, 66, 98, 115, 116]
Min Correction Subset: [14, 18, 48, 58, 86]
Iter 336: 
Min Hitting Set: [0, 1, 2, 5, 7, 10, 11, 12, 13, 15, 16, 17, 19, 20, 21, 22, 23, 24, 25, 26, 28, 29, 30, 32, 33, 35, 36, 38, 43, 44, 46, 49, 51, 52, 62, 63, 66, 86, 115, 116]
Min Correction Subset: [3, 9, 14, 48]
Instance: paths-52-200-270000
----------------------------
Query: 10
Query element:27
Query element:4
Query scope: 90
Query scope: 144
Query scope: 170
Query scope: 190
----------------------------
IIS optimality: suboptimal
IIS solution time: 36014.231
IIS Constraint: 0; goods; {good:0}
IIS Constraint: 1; goods; {good:1}
IIS Constraint: 2; goods; {good:2}
IIS Constraint: 5; goods; {good:5}
IIS Constraint: 7; goods; {good:7}
IIS Constraint: 10; goods; {good:10}
IIS Constraint: 11; goods; {good:11}
IIS Constraint: 12; goods; {good:12}
IIS Constraint: 13; goods; {good:13}
IIS Constraint: 15; goods; {good:15}
IIS Constraint: 16; goods; {good:16}
IIS Constraint: 17; goods; {good:17}
IIS Constraint: 19; goods; {good:19}
IIS Constraint: 20; goods; {good:20}
IIS Constraint: 21; goods; {good:21}
IIS Constraint: 22; goods; {good:22}
IIS Constraint: 23; goods; {good:23}
IIS Constraint: 24; goods; {good:24}
IIS Constraint: 25; goods; {good:25}
IIS Constraint: 26; goods; {good:26}
IIS Constraint: 28; goods; {good:28}
IIS Constraint: 29; goods; {good:29}
IIS Constraint: 30; goods; {good:30}
IIS Constraint: 32; goods; {good:32}
IIS Constraint: 33; goods; {good:33}
IIS Constraint: 35; goods; {good:35}
IIS Constraint: 36; goods; {good:36}
IIS Constraint: 38; goods; {good:38}
IIS Constraint: 43; goods; {good:43}
IIS Constraint: 44; goods; {good:44}
IIS Constraint: 46; goods; {good:46}
IIS Constraint: 49; goods; {good:49}
IIS Constraint: 51; goods; {good:51}
IIS Constraint: 52; goods; {good:52}
IIS Constraint: 62; goods; {good:62}
IIS Constraint: 63; goods; {good:63}
IIS Constraint: 66; goods; {good:66}
IIS Constraint: 86; goods; {good:86}
IIS Constraint: 115; query; {goods:[27,4],query:10}
IIS Constraint: 116; max; {f:20.535584999999998,objective:max}
