IIS generation
Iter 1: 
Min Hitting Set: []
Min Correction Subset: [79]
Iter 2: 
Min Hitting Set: [79]
Min Correction Subset: [25]
Iter 3: 
Min Hitting Set: [25, 79]
Min Correction Subset: [44]
Iter 4: 
Min Hitting Set: [25, 44, 79]
Min Correction Subset: [48]
Iter 5: 
Min Hitting Set: [25, 44, 48, 79]
Min Correction Subset: [45]
Iter 6: 
Min Hitting Set: [25, 44, 45, 48, 79]
Min Correction Subset: [41]
Iter 7: 
Min Hitting Set: [25, 41, 44, 45, 48, 79]
Min Correction Subset: [37]
Iter 8: 
Min Hitting Set: [25, 37, 41, 44, 45, 48, 79]
Min Correction Subset: [33]
Iter 9: 
Min Hitting Set: [25, 33, 37, 41, 44, 45, 48, 79]
Min Correction Subset: [29]
Iter 10: 
Min Hitting Set: [25, 29, 33, 37, 41, 44, 45, 48, 79]
Min Correction Subset: [75]
Iter 11: 
Min Hitting Set: [25, 29, 33, 37, 41, 44, 45, 48, 75, 79]
Min Correction Subset: [40]
Iter 12: 
Min Hitting Set: [25, 29, 33, 37, 40, 41, 44, 45, 48, 75, 79]
Min Correction Subset: [73]
Iter 13: 
Min Hitting Set: [25, 29, 33, 37, 40, 41, 44, 45, 48, 73, 75, 79]
Min Correction Subset: [49]
Iter 14: 
Min Hitting Set: [25, 29, 33, 37, 40, 41, 44, 45, 48, 49, 73, 75, 79]
Min Correction Subset: [52]
Iter 15: 
Min Hitting Set: [25, 29, 33, 37, 40, 41, 44, 45, 48, 49, 52, 73, 75, 79]
Min Correction Subset: [70]
Iter 16: 
Min Hitting Set: [25, 29, 33, 37, 40, 41, 44, 45, 48, 49, 52, 70, 73, 75, 79]
Min Correction Subset: [3]
Iter 17: 
Min Hitting Set: [3, 25, 29, 33, 37, 40, 41, 44, 45, 48, 49, 52, 70, 73, 75, 79]
Min Correction Subset: [78]
Iter 18: 
Min Hitting Set: [3, 25, 29, 33, 37, 40, 41, 44, 45, 48, 49, 52, 70, 73, 75, 78, 79]
Min Correction Subset: [57, 71]
Iter 19: 
Min Hitting Set: [3, 25, 29, 33, 37, 40, 41, 44, 45, 48, 49, 52, 57, 70, 73, 75, 78, 79]
Min Correction Subset: [56, 71]
Iter 20: 
Min Hitting Set: [3, 25, 29, 33, 37, 40, 41, 44, 45, 48, 49, 52, 70, 71, 73, 75, 78, 79]
Min Correction Subset: [7, 68]
Iter 21: 
Min Hitting Set: [3, 7, 25, 29, 33, 37, 40, 41, 44, 45, 48, 49, 52, 70, 71, 73, 75, 78, 79]
Min Correction Subset: [11, 21, 68]
Iter 22: 
Min Hitting Set: [3, 25, 29, 33, 37, 40, 41, 44, 45, 48, 49, 52, 68, 70, 71, 73, 75, 78, 79]
Min Correction Subset: [7, 18, 56]
