IIS generation
Iter 1: 
Min Hitting Set: []
Min Correction Subset: [84]
Iter 2: 
Min Hitting Set: [84]
Min Correction Subset: [45]
Iter 3: 
Min Hitting Set: [45, 84]
Min Correction Subset: [0]
Iter 4: 
Min Hitting Set: [0, 45, 84]
Min Correction Subset: [41]
Iter 5: 
Min Hitting Set: [0, 41, 45, 84]
Min Correction Subset: [25]
Iter 6: 
Min Hitting Set: [0, 25, 41, 45, 84]
Min Correction Subset: [49]
Iter 7: 
Min Hitting Set: [0, 25, 41, 45, 49, 84]
Min Correction Subset: [29]
Iter 8: 
Min Hitting Set: [0, 25, 29, 41, 45, 49, 84]
Min Correction Subset: [33]
Iter 9: 
Min Hitting Set: [0, 25, 29, 33, 41, 45, 49, 84]
Min Correction Subset: [48, 82]
Iter 10: 
Min Hitting Set: [0, 25, 29, 33, 41, 45, 48, 49, 84]
Min Correction Subset: [4, 44]
Iter 11: 
Min Hitting Set: [0, 4, 25, 29, 33, 41, 45, 48, 49, 84]
Min Correction Subset: [7, 17]
Iter 12: 
Min Hitting Set: [0, 4, 7, 25, 29, 33, 41, 45, 48, 49, 84]
Min Correction Subset: [1, 40]
Iter 13: 
Min Hitting Set: [0, 1, 4, 7, 25, 29, 33, 41, 45, 48, 49, 84]
Min Correction Subset: [40, 82]
Iter 14: 
Min Hitting Set: [0, 4, 7, 25, 29, 33, 40, 41, 45, 49, 82, 84]
Min Correction Subset: [37, 52]
Iter 15: 
Min Hitting Set: [0, 4, 7, 25, 29, 33, 37, 40, 41, 45, 49, 82, 84]
Min Correction Subset: [1, 71]
Iter 16: 
Min Hitting Set: [0, 1, 4, 7, 25, 29, 33, 37, 41, 45, 49, 82, 84]
Min Correction Subset: [5, 48]
Iter 17: 
Min Hitting Set: [0, 1, 4, 7, 25, 29, 33, 37, 40, 41, 45, 48, 49, 84]
Min Correction Subset: [21, 82]
Iter 18: 
Min Hitting Set: [0, 1, 4, 7, 25, 29, 33, 37, 41, 45, 48, 49, 82, 84]
Min Correction Subset: [5, 80]
Iter 19: 
Min Hitting Set: [0, 1, 4, 5, 7, 25, 29, 33, 37, 41, 45, 49, 82, 84]
Min Correction Subset: [13, 48]
Iter 20: 
Min Hitting Set: [0, 1, 4, 5, 7, 25, 29, 33, 37, 41, 45, 48, 49, 82, 84]
Min Correction Subset: [3, 13]
Iter 21: 
Min Hitting Set: [0, 1, 4, 5, 7, 13, 25, 29, 33, 37, 41, 45, 49, 82, 84]
Min Correction Subset: [48, 80]
Iter 22: 
Min Hitting Set: [0, 1, 4, 5, 7, 13, 25, 29, 33, 37, 41, 45, 48, 49, 82, 84]
Min Correction Subset: [17, 80]
Iter 23: 
Min Hitting Set: [0, 1, 4, 5, 13, 17, 25, 29, 33, 37, 41, 45, 48, 49, 82, 84]
Min Correction Subset: [8, 50]
Iter 24: 
Min Hitting Set: [0, 1, 4, 5, 8, 13, 17, 25, 29, 33, 37, 41, 45, 48, 49, 82, 84]
Min Correction Subset: [7, 44]
Iter 25: 
Min Hitting Set: [0, 1, 5, 8, 13, 17, 25, 29, 33, 37, 41, 44, 45, 48, 49, 82, 84]
Min Correction Subset: [4, 40]
Iter 26: 
Min Hitting Set: [0, 1, 4, 5, 7, 8, 13, 25, 29, 33, 37, 41, 45, 49, 80, 82, 84]
Min Correction Subset: [11, 48]
Iter 27: 
Min Hitting Set: [0, 1, 4, 7, 8, 13, 25, 29, 33, 37, 41, 45, 48, 49, 80, 82, 84]
Min Correction Subset: [5, 40]
Iter 28: 
Min Hitting Set: [0, 1, 4, 5, 7, 8, 13, 17, 25, 29, 33, 37, 41, 45, 48, 49, 82, 84]
Min Correction Subset: [3, 44]
Iter 29: 
Min Hitting Set: [0, 1, 3, 4, 5, 7, 8, 17, 25, 29, 33, 37, 41, 45, 48, 49, 82, 84]
Min Correction Subset: [13, 80]
Iter 30: 
Min Hitting Set: [0, 1, 3, 4, 7, 8, 25, 29, 33, 37, 40, 41, 45, 48, 49, 80, 82, 84]
Min Correction Subset: [5, 71]
Iter 31: 
Min Hitting Set: [0, 1, 4, 5, 8, 13, 17, 25, 29, 33, 37, 41, 44, 45, 48, 49, 82, 84]
Min Correction Subset: [3, 40]
Iter 32: 
Min Hitting Set: [0, 1, 5, 8, 13, 17, 25, 29, 33, 37, 40, 41, 44, 45, 48, 49, 82, 84]
Min Correction Subset: [4, 46]
Iter 33: 
Min Hitting Set: [0, 3, 4, 7, 8, 25, 29, 33, 37, 40, 41, 45, 48, 49, 71, 80, 82, 84]
Min Correction Subset: [5, 36]
Iter 34: 
Min Hitting Set: [0, 1, 3, 4, 5, 7, 8, 25, 29, 33, 37, 41, 45, 48, 49, 80, 82, 84]
Min Correction Subset: [2, 13, 44]
Iter 35: 
Min Hitting Set: [0, 1, 3, 4, 5, 7, 8, 13, 17, 25, 29, 33, 37, 41, 45, 48, 49, 82, 84]
Min Correction Subset: [44, 80]
Iter 36: 
Min Hitting Set: [0, 1, 3, 4, 5, 8, 13, 17, 25, 29, 33, 37, 41, 44, 45, 48, 49, 82, 84]
Min Correction Subset: [9, 40, 80]
Iter 37: 
Min Hitting Set: [0, 1, 3, 4, 5, 8, 17, 25, 29, 33, 37, 41, 44, 45, 48, 49, 80, 82, 84]
Min Correction Subset: [9, 22, 40]
Iter 38: 
Min Hitting Set: [0, 4, 5, 8, 13, 17, 25, 29, 33, 37, 40, 41, 44, 45, 48, 49, 71, 82, 84]
Min Correction Subset: [1, 32]
Iter 39: 
Min Hitting Set: [0, 1, 4, 5, 8, 13, 17, 25, 29, 33, 37, 40, 41, 44, 45, 48, 49, 82, 84]
Min Correction Subset: [9, 22, 80]
Iter 40: 
Min Hitting Set: [0, 1, 4, 5, 8, 13, 17, 25, 29, 33, 37, 40, 41, 44, 45, 48, 49, 80, 82, 84]
Min Correction Subset: [22, 56, 67, 71]
Iter 41: 
Min Hitting Set: [0, 1, 3, 4, 5, 8, 17, 22, 25, 29, 33, 37, 41, 44, 45, 48, 49, 80, 82, 84]
Min Correction Subset: [2, 13, 40]
Iter 42: 
Min Hitting Set: [0, 1, 3, 4, 5, 7, 8, 13, 22, 25, 29, 33, 37, 41, 45, 48, 49, 80, 82, 84]
Min Correction Subset: [6, 44, 60]
Iter 43: 
Min Hitting Set: [0, 1, 4, 5, 8, 13, 17, 22, 25, 29, 33, 37, 40, 41, 44, 45, 48, 49, 82, 84]
Min Correction Subset: [9, 71, 80]
Iter 44: 
Min Hitting Set: [0, 1, 4, 5, 8, 13, 17, 25, 29, 33, 37, 40, 41, 44, 45, 48, 49, 71, 80, 82, 84]
Min Correction Subset: [7, 22, 56, 67]
Iter 45: 
Min Hitting Set: [0, 1, 4, 5, 8, 13, 17, 22, 25, 29, 33, 37, 40, 41, 44, 45, 48, 49, 80, 82, 84]
Min Correction Subset: [56, 71, 77, 83]
Iter 46: 
Min Hitting Set: [0, 1, 4, 5, 8, 13, 17, 22, 25, 29, 33, 37, 40, 41, 44, 45, 48, 49, 71, 82, 84]
Min Correction Subset: [9, 67, 80]
Iter 47: 
Min Hitting Set: [0, 1, 3, 4, 5, 8, 9, 13, 17, 25, 29, 33, 37, 41, 44, 45, 48, 49, 56, 82, 84]
Min Correction Subset: [40, 66, 80]
Iter 48: 
Min Hitting Set: [0, 1, 4, 5, 7, 8, 13, 25, 29, 33, 37, 40, 41, 44, 45, 48, 49, 71, 80, 82, 84]
Min Correction Subset: [3, 17]
Iter 49: 
Min Hitting Set: [0, 1, 4, 5, 8, 13, 17, 25, 29, 33, 37, 40, 41, 44, 45, 48, 49, 56, 80, 82, 84]
Min Correction Subset: [7, 22, 67, 71]
Iter 50: 
Min Hitting Set: [0, 1, 3, 4, 5, 7, 8, 25, 29, 33, 37, 40, 41, 44, 45, 48, 49, 56, 80, 82, 84]
Min Correction Subset: [2, 13, 22]
Iter 51: 
Min Hitting Set: [0, 1, 4, 5, 8, 13, 17, 25, 29, 33, 37, 40, 41, 44, 45, 48, 49, 56, 71, 80, 82, 84]
Min Correction Subset: [22, 66, 77, 83]
Iter 52: 
Min Hitting Set: [0, 1, 4, 5, 8, 13, 17, 25, 29, 33, 37, 40, 41, 44, 45, 48, 49, 67, 77, 80, 82, 84]
Min Correction Subset: [22, 56, 66, 71]
Iter 53: 
Min Hitting Set: [0, 1, 3, 4, 5, 8, 17, 22, 25, 29, 33, 37, 40, 41, 44, 45, 48, 49, 77, 80, 82, 84]
Min Correction Subset: [56, 67, 71, 83]
Iter 54: 
Min Hitting Set: [0, 1, 3, 4, 5, 8, 17, 22, 25, 29, 33, 37, 40, 41, 44, 45, 48, 49, 80, 82, 83, 84]
Min Correction Subset: [2, 13, 71, 77]
Iter 55: 
Min Hitting Set: [0, 1, 4, 5, 8, 13, 17, 22, 25, 29, 33, 37, 40, 41, 44, 45, 48, 49, 80, 82, 83, 84]
Min Correction Subset: [3, 7, 56, 64, 66, 67, 71, 76]
Iter 56: 
Min Hitting Set: [0, 1, 4, 5, 8, 13, 17, 22, 25, 29, 33, 37, 40, 41, 44, 45, 48, 49, 56, 80, 82, 84]
Min Correction Subset: [7, 66, 67, 71, 76, 83]
Iter 57: 
Min Hitting Set: [0, 1, 3, 4, 5, 8, 13, 17, 22, 25, 29, 33, 37, 41, 44, 45, 48, 49, 71, 80, 82, 84]
Min Correction Subset: [9, 40, 77]
Iter 58: 
Min Hitting Set: [0, 1, 4, 5, 8, 9, 13, 17, 22, 25, 29, 33, 37, 40, 41, 44, 45, 48, 49, 71, 82, 84]
Min Correction Subset: [56, 66, 77, 80, 83]
Iter 59: 
Min Hitting Set: [0, 1, 4, 5, 8, 13, 17, 22, 25, 29, 33, 37, 40, 41, 44, 45, 48, 49, 71, 80, 82, 84]
Min Correction Subset: [7, 56, 66, 67, 76, 83]
Iter 60: 
Min Hitting Set: [0, 1, 3, 4, 5, 7, 8, 22, 25, 29, 33, 37, 40, 41, 44, 45, 48, 49, 71, 80, 82, 84]
Min Correction Subset: [2, 13, 17, 79]
Iter 61: 
Min Hitting Set: [0, 1, 4, 5, 8, 13, 17, 25, 29, 33, 37, 40, 41, 44, 45, 48, 49, 67, 71, 80, 82, 83, 84]
Min Correction Subset: [22, 56, 66, 77]
