IIS generation
Iter 1: 
Min Hitting Set: []
Min Correction Subset: [90]
Iter 2: 
Min Hitting Set: [90]
Min Correction Subset: [24]
Iter 3: 
Min Hitting Set: [24, 90]
Min Correction Subset: [45]
Iter 4: 
Min Hitting Set: [24, 45, 90]
Min Correction Subset: [89]
Iter 5: 
Min Hitting Set: [24, 45, 89, 90]
Min Correction Subset: [2, 8]
Iter 6: 
Min Hitting Set: [2, 24, 45, 89, 90]
Min Correction Subset: [29, 35]
Iter 7: 
Min Hitting Set: [2, 24, 29, 45, 89, 90]
Min Correction Subset: [18, 27]
Iter 8: 
Min Hitting Set: [2, 18, 24, 29, 45, 89, 90]
Min Correction Subset: [25, 37]
Iter 9: 
Min Hitting Set: [2, 18, 24, 25, 29, 45, 89, 90]
Min Correction Subset: [27, 35]
Iter 10: 
Min Hitting Set: [2, 24, 25, 27, 35, 45, 89, 90]
Min Correction Subset: [19, 37]
Iter 11: 
Min Hitting Set: [2, 24, 27, 35, 37, 45, 89, 90]
Min Correction Subset: [5, 18]
Iter 12: 
Min Hitting Set: [2, 18, 24, 35, 37, 45, 89, 90]
Min Correction Subset: [29, 38]
Iter 13: 
Min Hitting Set: [2, 18, 24, 27, 29, 37, 45, 89, 90]
Min Correction Subset: [12, 13, 32]
Iter 14: 
Min Hitting Set: [2, 12, 18, 24, 27, 29, 37, 45, 89, 90]
Min Correction Subset: [5, 8, 9]
Iter 15: 
Min Hitting Set: [8, 12, 18, 24, 27, 29, 37, 45, 89, 90]
Min Correction Subset: [5, 35, 40]
Iter 16: 
Min Hitting Set: [5, 8, 12, 24, 27, 29, 37, 45, 89, 90]
Min Correction Subset: [18, 40]
Iter 17: 
Min Hitting Set: [8, 12, 18, 24, 29, 35, 37, 45, 89, 90]
Min Correction Subset: [13, 20, 27]
Iter 18: 
Min Hitting Set: [8, 13, 18, 24, 29, 35, 37, 45, 89, 90]
Min Correction Subset: [25, 26, 27]
Iter 19: 
Min Hitting Set: [5, 8, 13, 18, 24, 27, 29, 37, 45, 89, 90]
Min Correction Subset: [2, 23, 35]
Iter 20: 
Min Hitting Set: [2, 5, 13, 24, 27, 29, 37, 40, 45, 89, 90]
Min Correction Subset: [17, 18]
Iter 21: 
Min Hitting Set: [2, 5, 13, 18, 24, 27, 29, 37, 45, 89, 90]
Min Correction Subset: [8, 9, 32]
Iter 22: 
Min Hitting Set: [2, 5, 18, 24, 27, 29, 32, 37, 45, 89, 90]
Min Correction Subset: [8, 13, 15]
Iter 23: 
Min Hitting Set: [8, 13, 18, 24, 27, 29, 35, 37, 45, 89, 90]
Min Correction Subset: [19, 32, 38]
Iter 24: 
Min Hitting Set: [8, 18, 24, 27, 29, 32, 35, 37, 45, 89, 90]
Min Correction Subset: [12, 13, 19]
Iter 25: 
Min Hitting Set: [8, 13, 18, 24, 25, 35, 37, 38, 45, 89, 90]
Min Correction Subset: [15, 21, 29]
Iter 26: 
Min Hitting Set: [8, 13, 18, 19, 24, 25, 29, 35, 45, 89, 90]
Min Correction Subset: [27, 37]
Iter 27: 
Min Hitting Set: [8, 18, 19, 24, 27, 29, 32, 35, 37, 45, 89, 90]
Min Correction Subset: [5, 15, 40]
Iter 28: 
Min Hitting Set: [2, 5, 13, 18, 24, 27, 29, 32, 37, 45, 89, 90]
Min Correction Subset: [25, 26, 31]
Iter 29: 
Min Hitting Set: [8, 13, 15, 18, 24, 25, 35, 37, 38, 45, 89, 90]
Min Correction Subset: [19, 32, 40]
Iter 30: 
Min Hitting Set: [8, 13, 18, 24, 25, 29, 35, 37, 38, 40, 45, 89, 90]
Min Correction Subset: [20, 26, 27]
Iter 31: 
Min Hitting Set: [8, 13, 18, 24, 26, 29, 32, 35, 37, 40, 45, 89, 90]
Min Correction Subset: [2, 10, 15]
Iter 32: 
Min Hitting Set: [2, 5, 15, 18, 19, 24, 25, 27, 29, 32, 45, 89, 90]
Min Correction Subset: [13, 35, 40]
Iter 33: 
Min Hitting Set: [2, 5, 13, 18, 19, 24, 25, 27, 29, 32, 45, 89, 90]
Min Correction Subset: [36, 37, 44]
Iter 34: 
Min Hitting Set: [8, 13, 15, 18, 24, 26, 35, 37, 38, 40, 45, 89, 90]
Min Correction Subset: [21, 29, 30]
Iter 35: 
Min Hitting Set: [8, 13, 15, 18, 19, 24, 26, 29, 35, 37, 45, 89, 90]
Min Correction Subset: [23, 31, 38]
Iter 36: 
Min Hitting Set: [2, 5, 13, 18, 24, 27, 29, 31, 32, 37, 45, 89, 90]
Min Correction Subset: [26, 40, 55]
Iter 37: 
Min Hitting Set: [2, 8, 13, 18, 24, 27, 29, 31, 37, 38, 40, 45, 89, 90]
Min Correction Subset: [19, 32, 35]
Iter 38: 
Min Hitting Set: [8, 13, 15, 18, 24, 26, 29, 31, 32, 35, 37, 45, 89, 90]
Min Correction Subset: [2, 27, 40]
Iter 39: 
Min Hitting Set: [2, 8, 13, 18, 24, 26, 29, 35, 37, 38, 40, 45, 89, 90]
Min Correction Subset: [12, 19, 32]
Iter 40: 
Min Hitting Set: [2, 5, 13, 18, 24, 26, 27, 29, 32, 37, 38, 45, 89, 90]
Min Correction Subset: [15, 35, 40]
Iter 41: 
Min Hitting Set: [2, 8, 18, 19, 24, 27, 29, 31, 32, 37, 40, 45, 89, 90]
Min Correction Subset: [13, 15, 26]
Iter 42: 
Min Hitting Set: [2, 8, 13, 18, 19, 24, 27, 29, 31, 37, 40, 45, 89, 90]
Min Correction Subset: [23, 34, 38]
Iter 43: 
Min Hitting Set: [2, 5, 13, 18, 24, 26, 29, 32, 35, 37, 38, 45, 89, 90]
Min Correction Subset: [8, 15, 40]
Iter 44: 
Min Hitting Set: [8, 15, 18, 19, 24, 26, 27, 29, 32, 35, 37, 38, 45, 89, 90]
Min Correction Subset: [5, 6, 13]
Iter 45: 
Min Hitting Set: [8, 13, 15, 18, 24, 26, 27, 29, 32, 35, 37, 38, 45, 89, 90]
Min Correction Subset: [0, 1, 2, 40]
Iter 46: 
Min Hitting Set: [8, 13, 15, 18, 24, 26, 29, 32, 35, 37, 38, 40, 45, 89, 90]
Min Correction Subset: [2, 10, 19, 20]
Iter 47: 
Min Hitting Set: [8, 13, 15, 18, 19, 24, 26, 29, 35, 37, 38, 40, 45, 89, 90]
Min Correction Subset: [12, 27, 32]
Iter 48: 
Min Hitting Set: [2, 5, 13, 15, 18, 24, 26, 27, 29, 32, 37, 38, 45, 89, 90]
Min Correction Subset: [35, 40, 55]
Iter 49: 
Min Hitting Set: [2, 8, 13, 18, 19, 24, 26, 27, 29, 37, 38, 40, 45, 89, 90]
Min Correction Subset: [12, 32, 35]
Iter 50: 
Min Hitting Set: [2, 5, 13, 18, 24, 26, 27, 29, 32, 37, 38, 40, 45, 89, 90]
Min Correction Subset: [8, 9, 35]
Iter 51: 
Min Hitting Set: [2, 5, 13, 18, 24, 26, 29, 32, 35, 37, 38, 40, 45, 89, 90]
Min Correction Subset: [8, 9, 84]
Iter 52: 
Min Hitting Set: [2, 8, 13, 18, 23, 24, 26, 27, 29, 32, 37, 40, 45, 89, 90]
Min Correction Subset: [1, 15, 38]
Iter 53: 
Min Hitting Set: [2, 8, 13, 18, 24, 26, 27, 29, 32, 37, 38, 40, 45, 89, 90]
Min Correction Subset: [10, 15, 20, 21]
Iter 54: 
Min Hitting Set: [2, 8, 13, 15, 18, 21, 24, 26, 32, 35, 37, 38, 45, 89, 90]
Min Correction Subset: [25, 29, 31]
Iter 55: 
Min Hitting Set: [8, 10, 13, 18, 24, 26, 29, 32, 35, 37, 38, 40, 45, 89, 90]
Min Correction Subset: [0, 1, 2, 27]
Iter 56: 
Min Hitting Set: [2, 8, 13, 15, 18, 24, 26, 29, 32, 35, 37, 38, 45, 89, 90]
Min Correction Subset: [27, 40, 55]
Iter 57: 
Min Hitting Set: [8, 13, 15, 18, 19, 24, 26, 27, 29, 35, 37, 38, 40, 45, 89, 90]
Min Correction Subset: [0, 1, 2, 32]
Iter 58: 
Min Hitting Set: [8, 10, 13, 18, 24, 26, 27, 29, 32, 35, 37, 38, 40, 45, 89, 90]
Min Correction Subset: [5, 12, 19, 20]
Iter 59: 
Min Hitting Set: [2, 8, 13, 15, 18, 19, 24, 26, 27, 29, 35, 37, 38, 45, 89, 90]
Min Correction Subset: [32, 40, 55]
Iter 60: 
Min Hitting Set: [2, 8, 12, 13, 18, 20, 21, 24, 25, 35, 37, 38, 40, 45, 89, 90]
Min Correction Subset: [23, 29, 30]
Iter 61: 
Min Hitting Set: [8, 13, 15, 18, 20, 23, 24, 26, 27, 29, 32, 37, 40, 45, 89, 90]
Min Correction Subset: [2, 10, 35]
Iter 62: 
Min Hitting Set: [2, 8, 13, 18, 20, 24, 26, 29, 32, 35, 37, 38, 40, 45, 89, 90]
Min Correction Subset: [5, 10, 12, 19]
Iter 63: 
Min Hitting Set: [2, 8, 12, 13, 18, 21, 24, 26, 29, 35, 37, 38, 40, 45, 89, 90]
Min Correction Subset: [10, 19, 20, 27]
Iter 64: 
Min Hitting Set: [2, 8, 12, 13, 18, 20, 24, 25, 29, 35, 37, 38, 40, 45, 89, 90]
Min Correction Subset: [9, 10, 19, 26]
Iter 65: 
Min Hitting Set: [2, 8, 10, 12, 13, 18, 24, 26, 29, 35, 37, 38, 40, 45, 89, 90]
Min Correction Subset: [3, 5, 11, 17, 23]
Iter 66: 
Min Hitting Set: [2, 5, 8, 12, 18, 20, 24, 26, 29, 35, 37, 38, 40, 45, 89, 90]
Min Correction Subset: [10, 13, 19]
Iter 67: 
Min Hitting Set: [2, 5, 8, 13, 18, 20, 24, 26, 27, 29, 32, 37, 38, 40, 45, 89, 90]
Min Correction Subset: [10, 12, 19, 35]
Iter 68: 
Min Hitting Set: [2, 5, 8, 13, 18, 20, 24, 26, 27, 29, 32, 35, 37, 38, 45, 89, 90]
Min Correction Subset: [15, 40, 41]
Iter 69: 
Min Hitting Set: [2, 5, 8, 10, 13, 18, 24, 26, 29, 32, 35, 37, 38, 40, 45, 89, 90]
Min Correction Subset: [1, 15, 16, 19, 23]
Iter 70: 
Min Hitting Set: [8, 13, 15, 18, 19, 23, 24, 26, 27, 29, 32, 35, 37, 40, 45, 89, 90]
Min Correction Subset: [2, 16, 22, 38]
Iter 71: 
Min Hitting Set: [2, 8, 13, 15, 18, 19, 23, 24, 25, 27, 29, 32, 37, 40, 45, 89, 90]
Min Correction Subset: [5, 35, 38]
Instance: regions-52-200-930000
----------------------------
Query: 8
Query element:49
Query scope: 0
Query scope: 3
Query scope: 11
Query scope: 159
Query scope: 170
----------------------------
IIS optimality: suboptimal
IIS solution time: 36047.178
IIS Constraint: 2; goods; {good:2}
IIS Constraint: 8; goods; {good:8}
IIS Constraint: 13; goods; {good:13}
IIS Constraint: 15; goods; {good:15}
IIS Constraint: 18; goods; {good:18}
IIS Constraint: 19; goods; {good:19}
IIS Constraint: 23; goods; {good:23}
IIS Constraint: 24; goods; {good:24}
IIS Constraint: 25; goods; {good:25}
IIS Constraint: 27; goods; {good:27}
IIS Constraint: 29; goods; {good:29}
IIS Constraint: 32; goods; {good:32}
IIS Constraint: 37; goods; {good:37}
IIS Constraint: 40; goods; {good:40}
IIS Constraint: 45; goods; {good:45}
IIS Constraint: 89; query; {good:49,query:8}
IIS Constraint: 90; max; {f:2792.2793,objective:max}
