IIS generation
Iter 1: 
Min Hitting Set: []
Min Correction Subset: [93]
Iter 2: 
Min Hitting Set: [93]
Min Correction Subset: [49]
Iter 3: 
Min Hitting Set: [49, 93]
Min Correction Subset: [11]
Iter 4: 
Min Hitting Set: [11, 49, 93]
Min Correction Subset: [41]
Iter 5: 
Min Hitting Set: [11, 41, 49, 93]
Min Correction Subset: [44]
Iter 6: 
Min Hitting Set: [11, 41, 44, 49, 93]
Min Correction Subset: [92]
Iter 7: 
Min Hitting Set: [11, 41, 44, 49, 92, 93]
Min Correction Subset: [3, 33]
Iter 8: 
Min Hitting Set: [3, 11, 41, 44, 49, 92, 93]
Min Correction Subset: [7, 29]
Iter 9: 
Min Hitting Set: [3, 7, 11, 41, 44, 49, 92, 93]
Min Correction Subset: [31, 33]
Iter 10: 
Min Hitting Set: [7, 11, 33, 41, 44, 49, 92, 93]
Min Correction Subset: [18, 29]
Iter 11: 
Min Hitting Set: [11, 29, 33, 41, 44, 49, 92, 93]
Min Correction Subset: [5, 8]
Iter 12: 
Min Hitting Set: [5, 11, 29, 33, 41, 44, 49, 92, 93]
Min Correction Subset: [16, 45]
Iter 13: 
Min Hitting Set: [5, 11, 16, 29, 33, 41, 44, 49, 92, 93]
Min Correction Subset: [1, 42]
Iter 14: 
Min Hitting Set: [1, 5, 11, 16, 29, 33, 41, 44, 49, 92, 93]
Min Correction Subset: [19, 42]
Iter 15: 
Min Hitting Set: [5, 11, 16, 29, 33, 41, 42, 44, 49, 92, 93]
Min Correction Subset: [7, 10]
Iter 16: 
Min Hitting Set: [5, 7, 11, 16, 29, 33, 41, 42, 44, 49, 92, 93]
Min Correction Subset: [21, 22]
Iter 17: 
Min Hitting Set: [5, 7, 11, 16, 21, 29, 33, 41, 42, 44, 49, 92, 93]
Min Correction Subset: [10, 37]
Iter 18: 
Min Hitting Set: [5, 10, 11, 16, 21, 29, 33, 41, 42, 44, 49, 92, 93]
Min Correction Subset: [7, 50]
Iter 19: 
Min Hitting Set: [5, 7, 10, 11, 16, 21, 29, 33, 41, 42, 44, 49, 92, 93]
Min Correction Subset: [3, 24]
Iter 20: 
Min Hitting Set: [3, 5, 7, 10, 11, 16, 21, 29, 33, 41, 42, 44, 49, 92, 93]
Min Correction Subset: [31, 48]
Iter 21: 
Min Hitting Set: [3, 5, 7, 10, 11, 16, 21, 29, 31, 41, 42, 44, 49, 92, 93]
Min Correction Subset: [15, 33]
Iter 22: 
Min Hitting Set: [3, 5, 7, 10, 11, 16, 21, 29, 31, 33, 41, 42, 44, 49, 92, 93]
Min Correction Subset: [37, 50]
Iter 23: 
Min Hitting Set: [3, 5, 7, 11, 16, 21, 29, 31, 33, 37, 41, 42, 44, 49, 92, 93]
Min Correction Subset: [25, 39]
Iter 24: 
Min Hitting Set: [3, 5, 7, 11, 16, 21, 25, 29, 31, 33, 37, 41, 42, 44, 49, 92, 93]
Min Correction Subset: [10, 50]
Iter 25: 
Min Hitting Set: [3, 5, 10, 11, 16, 21, 25, 29, 31, 33, 41, 42, 44, 49, 50, 92, 93]
Min Correction Subset: [28, 45]
Iter 26: 
Min Hitting Set: [3, 5, 10, 11, 21, 25, 29, 31, 33, 41, 42, 44, 45, 49, 50, 92, 93]
Min Correction Subset: [7, 55]
Iter 27: 
Min Hitting Set: [3, 5, 7, 10, 11, 21, 25, 29, 31, 33, 37, 41, 42, 44, 45, 49, 92, 93]
Min Correction Subset: [1, 6]
Iter 28: 
Min Hitting Set: [1, 3, 5, 7, 10, 11, 21, 25, 29, 31, 33, 37, 41, 42, 44, 45, 49, 92, 93]
Min Correction Subset: [0, 40]
Iter 29: 
Min Hitting Set: [0, 1, 3, 5, 7, 10, 11, 21, 25, 29, 31, 33, 37, 41, 42, 44, 45, 49, 92, 93]
Min Correction Subset: [2, 50]
Iter 30: 
Min Hitting Set: [0, 1, 3, 5, 7, 10, 11, 21, 25, 29, 31, 33, 41, 42, 44, 45, 49, 50, 92, 93]
Min Correction Subset: [30, 39, 40]
Iter 31: 
Min Hitting Set: [1, 3, 5, 7, 10, 11, 21, 29, 31, 33, 39, 40, 41, 42, 44, 45, 49, 50, 92, 93]
Min Correction Subset: [0, 4]
Iter 32: 
Min Hitting Set: [0, 1, 3, 5, 7, 10, 11, 21, 29, 31, 33, 39, 41, 42, 44, 45, 49, 50, 92, 93]
Min Correction Subset: [6, 20, 24]
Iter 33: 
Min Hitting Set: [0, 5, 6, 7, 10, 11, 21, 24, 29, 31, 33, 39, 41, 42, 44, 45, 49, 50, 92, 93]
Min Correction Subset: [2, 28, 48]
Iter 34: 
Min Hitting Set: [0, 5, 6, 7, 10, 11, 21, 24, 29, 33, 39, 41, 42, 44, 45, 48, 49, 50, 92, 93]
Min Correction Subset: [15, 31]
Iter 35: 
Min Hitting Set: [0, 2, 3, 5, 6, 7, 10, 11, 21, 29, 31, 33, 39, 41, 42, 44, 45, 49, 50, 92, 93]
Min Correction Subset: [20, 25, 35]
Iter 36: 
Min Hitting Set: [0, 2, 3, 5, 6, 7, 10, 11, 20, 21, 29, 31, 33, 39, 41, 42, 44, 45, 49, 50, 92, 93]
Min Correction Subset: [16, 28, 37]
Iter 37: 
Min Hitting Set: [0, 2, 3, 5, 6, 7, 10, 11, 15, 20, 21, 29, 31, 37, 39, 41, 42, 44, 45, 49, 92, 93]
Min Correction Subset: [33, 50]
Iter 38: 
Min Hitting Set: [0, 3, 5, 6, 7, 11, 15, 20, 21, 29, 31, 37, 39, 41, 42, 44, 45, 48, 49, 50, 92, 93]
Min Correction Subset: [10, 33]
Iter 39: 
Min Hitting Set: [0, 3, 5, 6, 7, 11, 20, 21, 29, 31, 33, 37, 39, 41, 42, 44, 45, 48, 49, 50, 92, 93]
Min Correction Subset: [10, 15]
Iter 40: 
Min Hitting Set: [0, 3, 5, 6, 7, 11, 15, 20, 21, 29, 33, 37, 39, 41, 42, 44, 45, 48, 49, 50, 92, 93]
Min Correction Subset: [31, 36]
Instance: arbitrary-52-200-310000
----------------------------
Query: 2
Query element:103
Query scope: 103
----------------------------
IIS optimality: suboptimal
IIS solution time: 36110.320
IIS Constraint: 0; goods; {good:0}
IIS Constraint: 3; goods; {good:3}
IIS Constraint: 5; goods; {good:5}
IIS Constraint: 6; goods; {good:6}
IIS Constraint: 7; goods; {good:7}
IIS Constraint: 11; goods; {good:11}
IIS Constraint: 15; goods; {good:15}
IIS Constraint: 20; goods; {good:20}
IIS Constraint: 21; goods; {good:21}
IIS Constraint: 29; goods; {good:29}
IIS Constraint: 33; goods; {good:33}
IIS Constraint: 37; goods; {good:37}
IIS Constraint: 39; goods; {good:39}
IIS Constraint: 41; goods; {good:41}
IIS Constraint: 42; goods; {good:42}
IIS Constraint: 44; goods; {good:44}
IIS Constraint: 45; goods; {good:45}
IIS Constraint: 48; goods; {good:48}
IIS Constraint: 49; goods; {good:49}
IIS Constraint: 50; goods; {good:50}
IIS Constraint: 92; query; {bid:103,query:2}
IIS Constraint: 93; max; {f:2946.8077,objective:max}
