IIS generation
Iter 1: 
Min Hitting Set: []
Min Correction Subset: [84]
Iter 2: 
Min Hitting Set: [84]
Min Correction Subset: [48]
Iter 3: 
Min Hitting Set: [48, 84]
Min Correction Subset: [17]
Iter 4: 
Min Hitting Set: [17, 48, 84]
Min Correction Subset: [21]
Iter 5: 
Min Hitting Set: [17, 21, 48, 84]
Min Correction Subset: [68]
Iter 6: 
Min Hitting Set: [17, 21, 48, 68, 84]
Min Correction Subset: [44]
Iter 7: 
Min Hitting Set: [17, 21, 44, 48, 68, 84]
Min Correction Subset: [52]
Iter 8: 
Min Hitting Set: [17, 21, 44, 48, 52, 68, 84]
Min Correction Subset: [41]
Iter 9: 
Min Hitting Set: [17, 21, 41, 44, 48, 52, 68, 84]
Min Correction Subset: [45]
Iter 10: 
Min Hitting Set: [17, 21, 41, 44, 45, 48, 52, 68, 84]
Min Correction Subset: [75]
Iter 11: 
Min Hitting Set: [17, 21, 41, 44, 45, 48, 52, 68, 75, 84]
Min Correction Subset: [29]
Iter 12: 
Min Hitting Set: [17, 21, 29, 41, 44, 45, 48, 52, 68, 75, 84]
Min Correction Subset: [49]
Iter 13: 
Min Hitting Set: [17, 21, 29, 41, 44, 45, 48, 49, 52, 68, 75, 84]
Min Correction Subset: [25]
Iter 14: 
Min Hitting Set: [17, 21, 25, 29, 41, 44, 45, 48, 49, 52, 68, 75, 84]
Min Correction Subset: [37]
Iter 15: 
Min Hitting Set: [17, 21, 25, 29, 37, 41, 44, 45, 48, 49, 52, 68, 75, 84]
Min Correction Subset: [33]
Iter 16: 
Min Hitting Set: [17, 21, 25, 29, 33, 37, 41, 44, 45, 48, 49, 52, 68, 75, 84]
Min Correction Subset: [40]
Iter 17: 
Min Hitting Set: [17, 21, 25, 29, 33, 37, 40, 41, 44, 45, 48, 49, 52, 68, 75, 84]
Min Correction Subset: [66]
Iter 18: 
Min Hitting Set: [17, 21, 25, 29, 33, 37, 40, 41, 44, 45, 48, 49, 52, 66, 68, 75, 84]
Min Correction Subset: [53]
Iter 19: 
Min Hitting Set: [17, 21, 25, 29, 33, 37, 40, 41, 44, 45, 48, 49, 52, 53, 66, 68, 75, 84]
Min Correction Subset: [79]
Iter 20: 
Min Hitting Set: [17, 21, 25, 29, 33, 37, 40, 41, 44, 45, 48, 49, 52, 53, 66, 68, 75, 79, 84]
Min Correction Subset: [83]
Iter 21: 
Min Hitting Set: [17, 21, 25, 29, 33, 37, 40, 41, 44, 45, 48, 49, 52, 53, 66, 68, 75, 79, 83, 84]
Min Correction Subset: [3, 13]
Iter 22: 
Min Hitting Set: [3, 17, 21, 25, 29, 33, 37, 40, 41, 44, 45, 48, 49, 52, 53, 66, 68, 75, 79, 83, 84]
Min Correction Subset: [2, 13]
Iter 23: 
Min Hitting Set: [13, 17, 21, 25, 29, 33, 37, 40, 41, 44, 45, 48, 49, 52, 53, 66, 68, 75, 79, 83, 84]
Min Correction Subset: [6, 57]
Iter 24: 
Min Hitting Set: [6, 13, 17, 21, 25, 29, 33, 37, 40, 41, 44, 45, 48, 49, 52, 53, 66, 68, 75, 79, 83, 84]
Min Correction Subset: [2, 64]
Iter 25: 
Min Hitting Set: [2, 6, 13, 17, 21, 25, 29, 33, 37, 40, 41, 44, 45, 48, 49, 52, 53, 66, 68, 75, 79, 83, 84]
Min Correction Subset: [10, 64]
Iter 26: 
Min Hitting Set: [6, 13, 17, 21, 25, 29, 33, 37, 40, 41, 44, 45, 48, 49, 52, 53, 64, 66, 68, 75, 79, 83, 84]
Min Correction Subset: [2, 57]
Iter 27: 
Min Hitting Set: [13, 17, 21, 25, 29, 33, 37, 40, 41, 44, 45, 48, 49, 52, 53, 57, 64, 66, 68, 75, 79, 83, 84]
Min Correction Subset: [2, 67]
