IIS generation
Iter 1: 
Min Hitting Set: []
Min Correction Subset: [82]
Iter 2: 
Min Hitting Set: [82]
Min Correction Subset: [80]
Iter 3: 
Min Hitting Set: [80, 82]
Min Correction Subset: [48]
Iter 4: 
Min Hitting Set: [48, 80, 82]
Min Correction Subset: [0]
Iter 5: 
Min Hitting Set: [0, 48, 80, 82]
Min Correction Subset: [81]
Iter 6: 
Min Hitting Set: [0, 48, 80, 81, 82]
Min Correction Subset: [4]
Iter 7: 
Min Hitting Set: [0, 4, 48, 80, 81, 82]
Min Correction Subset: [13]
Iter 8: 
Min Hitting Set: [0, 4, 13, 48, 80, 81, 82]
Min Correction Subset: [71]
Iter 9: 
Min Hitting Set: [0, 4, 13, 48, 71, 80, 81, 82]
Min Correction Subset: [1]
Iter 10: 
Min Hitting Set: [0, 1, 4, 13, 48, 71, 80, 81, 82]
Min Correction Subset: [44]
Iter 11: 
Min Hitting Set: [0, 1, 4, 13, 44, 48, 71, 80, 81, 82]
Min Correction Subset: [8]
Iter 12: 
Min Hitting Set: [0, 1, 4, 8, 13, 44, 48, 71, 80, 81, 82]
Min Correction Subset: [67]
Iter 13: 
Min Hitting Set: [0, 1, 4, 8, 13, 44, 48, 67, 71, 80, 81, 82]
Min Correction Subset: [17, 62]
Iter 14: 
Min Hitting Set: [0, 1, 4, 8, 13, 17, 44, 48, 67, 71, 80, 81, 82]
Min Correction Subset: [5, 40]
Iter 15: 
Min Hitting Set: [0, 1, 4, 5, 8, 13, 17, 44, 48, 67, 71, 80, 81, 82]
Min Correction Subset: [9, 62]
Iter 16: 
Min Hitting Set: [0, 1, 4, 5, 8, 13, 44, 48, 62, 67, 71, 80, 81, 82]
Min Correction Subset: [9, 54]
Iter 17: 
Min Hitting Set: [0, 1, 4, 5, 8, 9, 13, 44, 48, 62, 67, 71, 80, 81, 82]
Min Correction Subset: [17, 64]
Iter 18: 
Min Hitting Set: [0, 1, 4, 5, 8, 9, 13, 17, 44, 48, 67, 71, 80, 81, 82]
Min Correction Subset: [21, 62]
Iter 19: 
Min Hitting Set: [0, 1, 4, 5, 8, 9, 13, 17, 44, 48, 62, 67, 71, 80, 81, 82]
Min Correction Subset: [21, 64]
Iter 20: 
Min Hitting Set: [0, 1, 4, 5, 8, 9, 13, 17, 21, 44, 48, 67, 71, 80, 81, 82]
Min Correction Subset: [62, 64]
Iter 21: 
Min Hitting Set: [0, 1, 4, 5, 8, 9, 13, 44, 48, 62, 64, 67, 71, 80, 81, 82]
Min Correction Subset: [17, 56]
Iter 22: 
Min Hitting Set: [0, 1, 4, 5, 8, 9, 13, 17, 21, 44, 48, 62, 67, 71, 80, 81, 82]
Min Correction Subset: [25, 56]
Iter 23: 
Min Hitting Set: [0, 1, 4, 5, 8, 9, 13, 44, 48, 56, 62, 64, 67, 71, 80, 81, 82]
Min Correction Subset: [17, 40]
Iter 24: 
Min Hitting Set: [0, 1, 4, 8, 9, 13, 40, 44, 48, 56, 62, 64, 67, 71, 80, 81, 82]
Min Correction Subset: [5, 54]
Iter 25: 
Min Hitting Set: [0, 1, 4, 8, 13, 40, 44, 48, 54, 56, 62, 64, 67, 71, 80, 81, 82]
Min Correction Subset: [9, 72]
Iter 26: 
Min Hitting Set: [0, 1, 4, 5, 8, 9, 13, 17, 21, 44, 48, 56, 62, 67, 71, 80, 81, 82]
Min Correction Subset: [35, 40]
Iter 27: 
Min Hitting Set: [0, 1, 4, 5, 8, 9, 13, 40, 44, 48, 56, 62, 64, 67, 71, 80, 81, 82]
Min Correction Subset: [17, 31]
Iter 28: 
Min Hitting Set: [0, 1, 4, 5, 8, 9, 13, 17, 21, 40, 44, 48, 56, 62, 67, 71, 80, 81, 82]
Min Correction Subset: [25, 64]
Iter 29: 
Min Hitting Set: [0, 1, 4, 5, 8, 9, 13, 17, 21, 25, 40, 44, 48, 62, 67, 71, 80, 81, 82]
Min Correction Subset: [39, 64]
Iter 30: 
Min Hitting Set: [0, 1, 4, 5, 8, 9, 13, 17, 21, 25, 40, 44, 48, 64, 67, 71, 80, 81, 82]
Min Correction Subset: [29, 62]
Iter 31: 
Min Hitting Set: [0, 1, 4, 5, 8, 9, 13, 17, 25, 40, 44, 48, 62, 64, 67, 71, 80, 81, 82]
Min Correction Subset: [21, 35]
Iter 32: 
Min Hitting Set: [0, 1, 4, 5, 8, 9, 13, 17, 25, 35, 44, 48, 62, 64, 67, 71, 80, 81, 82]
Min Correction Subset: [21, 40]
Iter 33: 
Min Hitting Set: [0, 1, 4, 5, 8, 9, 13, 17, 21, 25, 35, 44, 48, 62, 64, 67, 71, 80, 81, 82]
Min Correction Subset: [40, 77]
Iter 34: 
Min Hitting Set: [0, 1, 4, 5, 8, 9, 13, 17, 21, 25, 40, 44, 48, 62, 64, 67, 71, 80, 81, 82]
Min Correction Subset: [70, 77]
Iter 35: 
Min Hitting Set: [0, 1, 4, 5, 8, 9, 13, 17, 21, 25, 35, 44, 48, 62, 64, 67, 71, 77, 80, 81, 82]
Min Correction Subset: [2, 40]
Iter 36: 
Min Hitting Set: [0, 1, 4, 5, 8, 9, 13, 17, 21, 25, 40, 44, 48, 62, 64, 67, 71, 77, 80, 81, 82]
Min Correction Subset: [56, 70]
Iter 37: 
Min Hitting Set: [0, 1, 4, 5, 8, 9, 13, 17, 21, 40, 44, 48, 56, 62, 64, 67, 70, 71, 80, 81, 82]
Min Correction Subset: [25, 77]
Iter 38: 
Min Hitting Set: [0, 1, 4, 5, 8, 9, 13, 17, 21, 25, 40, 44, 48, 62, 64, 67, 70, 71, 80, 81, 82]
Min Correction Subset: [56, 77]
Iter 39: 
Min Hitting Set: [0, 1, 4, 5, 8, 9, 13, 17, 21, 40, 44, 48, 56, 62, 64, 67, 71, 77, 80, 81, 82]
Min Correction Subset: [25, 70]
Iter 40: 
Min Hitting Set: [0, 1, 4, 5, 8, 9, 13, 17, 21, 25, 40, 44, 48, 56, 62, 64, 67, 70, 71, 80, 81, 82]
Min Correction Subset: [12, 49, 77]
Iter 41: 
Min Hitting Set: [0, 1, 4, 5, 8, 9, 13, 17, 21, 25, 40, 44, 48, 56, 62, 64, 67, 71, 77, 80, 81, 82]
Min Correction Subset: [31, 54, 70]
Iter 42: 
Min Hitting Set: [0, 1, 4, 8, 9, 13, 17, 21, 25, 40, 44, 48, 54, 56, 62, 64, 67, 71, 77, 80, 81, 82]
Min Correction Subset: [5, 72]
Iter 43: 
Min Hitting Set: [0, 1, 4, 8, 13, 21, 25, 31, 40, 44, 48, 54, 56, 62, 64, 67, 71, 72, 77, 80, 81, 82]
Min Correction Subset: [9, 10]
Iter 44: 
Min Hitting Set: [0, 1, 4, 5, 8, 9, 13, 21, 25, 31, 40, 44, 48, 56, 62, 64, 67, 71, 77, 80, 81, 82]
Min Correction Subset: [17, 35]
Iter 45: 
Min Hitting Set: [0, 1, 4, 5, 8, 9, 13, 25, 31, 35, 40, 44, 48, 56, 62, 64, 67, 71, 77, 80, 81, 82]
Min Correction Subset: [17, 76]
