IIS generation
Iter 1: 
Min Hitting Set: []
Min Correction Subset: [90]
Iter 2: 
Min Hitting Set: [90]
Min Correction Subset: [12]
Iter 3: 
Min Hitting Set: [12, 90]
Min Correction Subset: [20]
Iter 4: 
Min Hitting Set: [12, 20, 90]
Min Correction Subset: [27]
Iter 5: 
Min Hitting Set: [12, 20, 27, 90]
Min Correction Subset: [21]
Iter 6: 
Min Hitting Set: [12, 20, 21, 27, 90]
Min Correction Subset: [36]
Iter 7: 
Min Hitting Set: [12, 20, 21, 27, 36, 90]
Min Correction Subset: [8]
Iter 8: 
Min Hitting Set: [8, 12, 20, 21, 27, 36, 90]
Min Correction Subset: [89]
Iter 9: 
Min Hitting Set: [8, 12, 20, 21, 27, 36, 89, 90]
Min Correction Subset: [1, 41]
Iter 10: 
Min Hitting Set: [1, 8, 12, 20, 21, 27, 36, 89, 90]
Min Correction Subset: [25, 43]
Iter 11: 
Min Hitting Set: [1, 8, 12, 20, 21, 25, 27, 36, 89, 90]
Min Correction Subset: [19, 34]
Iter 12: 
Min Hitting Set: [1, 8, 12, 19, 20, 21, 25, 27, 36, 89, 90]
Min Correction Subset: [31, 44]
Iter 13: 
Min Hitting Set: [1, 8, 12, 19, 20, 21, 25, 27, 31, 36, 89, 90]
Min Correction Subset: [40, 51]
Iter 14: 
Min Hitting Set: [1, 8, 12, 19, 20, 21, 25, 27, 31, 36, 40, 89, 90]
Min Correction Subset: [34, 44]
Iter 15: 
Min Hitting Set: [1, 8, 12, 20, 21, 25, 27, 34, 36, 40, 44, 89, 90]
Min Correction Subset: [31, 47]
Iter 16: 
Min Hitting Set: [1, 8, 12, 20, 21, 25, 27, 31, 34, 36, 40, 89, 90]
Min Correction Subset: [19, 51]
Iter 17: 
Min Hitting Set: [1, 8, 12, 20, 21, 25, 27, 31, 34, 36, 51, 89, 90]
Min Correction Subset: [30, 40]
Iter 18: 
Min Hitting Set: [1, 8, 12, 19, 20, 21, 25, 27, 31, 34, 36, 40, 89, 90]
Min Correction Subset: [30, 51]
Iter 19: 
Min Hitting Set: [1, 8, 12, 20, 21, 25, 27, 30, 31, 34, 36, 51, 89, 90]
Min Correction Subset: [19, 44]
Iter 20: 
Min Hitting Set: [1, 8, 12, 19, 20, 21, 25, 27, 30, 31, 34, 36, 51, 89, 90]
Min Correction Subset: [0, 40]
Iter 21: 
Min Hitting Set: [1, 8, 12, 19, 20, 21, 25, 27, 31, 34, 36, 40, 51, 89, 90]
Min Correction Subset: [3, 10]
Iter 22: 
Min Hitting Set: [1, 3, 8, 12, 19, 20, 21, 25, 27, 31, 34, 36, 40, 51, 89, 90]
Min Correction Subset: [15, 74]
Iter 23: 
Min Hitting Set: [1, 3, 8, 12, 15, 19, 20, 21, 25, 27, 31, 34, 36, 40, 51, 89, 90]
Min Correction Subset: [17, 55]
Iter 24: 
Min Hitting Set: [1, 3, 8, 12, 15, 17, 19, 20, 21, 25, 27, 31, 34, 36, 40, 51, 89, 90]
Min Correction Subset: [44, 46]
Iter 25: 
Min Hitting Set: [1, 3, 8, 12, 15, 17, 19, 20, 21, 25, 27, 31, 36, 40, 44, 51, 89, 90]
Min Correction Subset: [23, 42]
Iter 26: 
Min Hitting Set: [1, 3, 8, 12, 15, 17, 19, 20, 21, 23, 25, 27, 31, 36, 40, 44, 51, 89, 90]
Min Correction Subset: [6, 34]
Iter 27: 
Min Hitting Set: [1, 3, 8, 12, 15, 17, 20, 21, 23, 25, 27, 31, 34, 36, 40, 44, 51, 89, 90]
Min Correction Subset: [22, 50]
Iter 28: 
Min Hitting Set: [1, 3, 8, 12, 15, 17, 20, 21, 22, 23, 25, 27, 31, 34, 36, 40, 44, 51, 89, 90]
Min Correction Subset: [29, 46]
Iter 29: 
Min Hitting Set: [1, 3, 8, 12, 15, 17, 19, 20, 21, 22, 23, 25, 27, 31, 34, 36, 40, 46, 51, 89, 90]
Min Correction Subset: [7, 29, 44]
Iter 30: 
Min Hitting Set: [1, 3, 8, 12, 15, 17, 20, 21, 22, 23, 25, 27, 29, 31, 34, 36, 40, 44, 51, 89, 90]
Min Correction Subset: [19, 41]
Iter 31: 
Min Hitting Set: [3, 8, 12, 15, 17, 20, 21, 22, 23, 25, 27, 29, 31, 34, 36, 40, 41, 44, 51, 89, 90]
Min Correction Subset: [1, 19]
Iter 32: 
Min Hitting Set: [1, 3, 8, 12, 15, 17, 19, 20, 21, 22, 23, 25, 27, 29, 31, 34, 36, 40, 44, 51, 89, 90]
Min Correction Subset: [30, 42, 48]
Iter 33: 
Min Hitting Set: [1, 3, 8, 12, 15, 17, 19, 20, 21, 22, 25, 27, 29, 31, 34, 36, 40, 42, 44, 51, 89, 90]
Min Correction Subset: [28, 43, 50]
Iter 34: 
Min Hitting Set: [1, 3, 8, 12, 15, 17, 19, 20, 21, 27, 29, 31, 34, 36, 40, 42, 43, 44, 50, 51, 89, 90]
Min Correction Subset: [25, 28]
Iter 35: 
Min Hitting Set: [1, 3, 8, 12, 15, 17, 19, 20, 21, 25, 27, 29, 31, 34, 36, 40, 42, 44, 50, 51, 89, 90]
Min Correction Subset: [0, 22, 48]
Iter 36: 
Min Hitting Set: [1, 3, 8, 12, 15, 17, 19, 20, 21, 22, 25, 27, 28, 29, 30, 31, 34, 36, 40, 42, 44, 89, 90]
Min Correction Subset: [45, 48, 69]
Iter 37: 
Min Hitting Set: [1, 3, 8, 12, 15, 17, 19, 20, 21, 25, 27, 29, 31, 34, 36, 40, 42, 44, 48, 50, 51, 89, 90]
Min Correction Subset: [6, 30, 43]
Iter 38: 
Min Hitting Set: [1, 3, 6, 8, 12, 15, 17, 19, 20, 21, 25, 27, 29, 30, 31, 36, 40, 42, 44, 48, 50, 89, 90]
Min Correction Subset: [0, 45, 46]
Iter 39: 
Min Hitting Set: [1, 3, 8, 12, 15, 17, 19, 20, 21, 25, 27, 30, 31, 34, 36, 40, 42, 44, 46, 48, 50, 89, 90]
Min Correction Subset: [0, 7, 22]
Iter 40: 
Min Hitting Set: [1, 3, 7, 8, 12, 15, 17, 19, 20, 21, 25, 27, 30, 31, 34, 36, 40, 42, 46, 48, 50, 89, 90]
Min Correction Subset: [10, 28, 43]
Instance: arbitrary-52-200-300000
----------------------------
Query: 11
Query element:25
Query element:12
Query scope: 26
Query scope: 47
Query scope: 48
Query scope: 67
Query scope: 70
Query scope: 119
Query scope: 125
Query scope: 134
Query scope: 135
Query scope: 136
Query scope: 137
Query scope: 139
Query scope: 154
Query scope: 161
----------------------------
IIS optimality: suboptimal
IIS solution time: 36062.271
IIS Constraint: 1; goods; {good:1}
IIS Constraint: 3; goods; {good:3}
IIS Constraint: 7; goods; {good:7}
IIS Constraint: 8; goods; {good:8}
IIS Constraint: 12; goods; {good:12}
IIS Constraint: 15; goods; {good:15}
IIS Constraint: 17; goods; {good:17}
IIS Constraint: 19; goods; {good:19}
IIS Constraint: 20; goods; {good:20}
IIS Constraint: 21; goods; {good:21}
IIS Constraint: 25; goods; {good:25}
IIS Constraint: 27; goods; {good:27}
IIS Constraint: 30; goods; {good:30}
IIS Constraint: 31; goods; {good:31}
IIS Constraint: 34; goods; {good:34}
IIS Constraint: 36; goods; {good:36}
IIS Constraint: 40; goods; {good:40}
IIS Constraint: 42; goods; {good:42}
IIS Constraint: 46; goods; {good:46}
IIS Constraint: 48; goods; {good:48}
IIS Constraint: 50; goods; {good:50}
IIS Constraint: 89; query; {goods:[25,12],query:11}
IIS Constraint: 90; max; {f:3069.5441,objective:max}
