IIS generation
Iter 1: 
Min Hitting Set: []
Min Correction Subset: [59]
Iter 2: 
Min Hitting Set: [59]
Min Correction Subset: [55]
Iter 3: 
Min Hitting Set: [55, 59]
Min Correction Subset: [56]
Iter 4: 
Min Hitting Set: [55, 56, 59]
Min Correction Subset: [58]
Iter 5: 
Min Hitting Set: [55, 56, 58, 59]
Min Correction Subset: [52]
Iter 6: 
Min Hitting Set: [52, 55, 56, 58, 59]
Min Correction Subset: [53]
Iter 7: 
Min Hitting Set: [52, 53, 55, 56, 58, 59]
Min Correction Subset: [9, 54]
Iter 8: 
Min Hitting Set: [9, 52, 53, 55, 56, 58, 59]
Min Correction Subset: [20, 21, 22, 23, 24, 25, 26, 27, 28, 29, 54]
Iter 9: 
Min Hitting Set: [52, 53, 54, 55, 56, 58, 59]
Min Correction Subset: [9, 10]
Optimal IIS
Instance: scheduling-52-200-490000
----------------------------
Query: 3
Query element:196
Query element:131
Query scope: 196
Query scope: 131
----------------------------
IIS optimality: suboptimal
IIS solution time: 1034.114
IIS Constraint: 9; goods; {good:9}
IIS Constraint: 52; goods; {good:52}
IIS Constraint: 53; goods; {good:53}
IIS Constraint: 54; goods; {good:54}
IIS Constraint: 55; goods; {good:55}
IIS Constraint: 56; goods; {good:56}
IIS Constraint: 58; query; {bid:131,query:3}
IIS Constraint: 59; max; {f:46.88862,objective:max}
