IIS generation
Iter 1: 
Min Hitting Set: []
Min Correction Subset: [78]
Iter 2: 
Min Hitting Set: [78]
Min Correction Subset: [41]
Iter 3: 
Min Hitting Set: [41, 78]
Min Correction Subset: [45]
Iter 4: 
Min Hitting Set: [41, 45, 78]
Min Correction Subset: [49]
Iter 5: 
Min Hitting Set: [41, 45, 49, 78]
Min Correction Subset: [21]
Iter 6: 
Min Hitting Set: [21, 41, 45, 49, 78]
Min Correction Subset: [37]
Iter 7: 
Min Hitting Set: [21, 37, 41, 45, 49, 78]
Min Correction Subset: [25]
Iter 8: 
Min Hitting Set: [21, 25, 37, 41, 45, 49, 78]
Min Correction Subset: [29]
Iter 9: 
Min Hitting Set: [21, 25, 29, 37, 41, 45, 49, 78]
Min Correction Subset: [33]
Iter 10: 
Min Hitting Set: [21, 25, 29, 33, 37, 41, 45, 49, 78]
Min Correction Subset: [55]
Iter 11: 
Min Hitting Set: [21, 25, 29, 33, 37, 41, 45, 49, 55, 78]
Min Correction Subset: [77]
Iter 12: 
Min Hitting Set: [21, 25, 29, 33, 37, 41, 45, 49, 55, 77, 78]
Min Correction Subset: [63]
Iter 13: 
Min Hitting Set: [21, 25, 29, 33, 37, 41, 45, 49, 55, 63, 77, 78]
Min Correction Subset: [61]
Iter 14: 
Min Hitting Set: [21, 25, 29, 33, 37, 41, 45, 49, 55, 61, 63, 77, 78]
Min Correction Subset: [9, 40]
Iter 15: 
Min Hitting Set: [9, 21, 25, 29, 33, 37, 41, 45, 49, 55, 61, 63, 77, 78]
Min Correction Subset: [13, 40]
Iter 16: 
Min Hitting Set: [21, 25, 29, 33, 37, 40, 41, 45, 49, 55, 61, 63, 77, 78]
Min Correction Subset: [9, 48]
Iter 17: 
Min Hitting Set: [9, 21, 25, 29, 33, 37, 40, 41, 45, 49, 55, 61, 63, 77, 78]
Min Correction Subset: [44, 72]
Iter 18: 
Min Hitting Set: [9, 21, 25, 29, 33, 37, 40, 41, 44, 45, 49, 55, 61, 63, 77, 78]
Min Correction Subset: [13, 71]
Iter 19: 
Min Hitting Set: [9, 13, 21, 25, 29, 33, 37, 41, 44, 45, 49, 55, 61, 63, 77, 78]
Min Correction Subset: [17, 40]
Iter 20: 
Min Hitting Set: [9, 13, 21, 25, 29, 33, 37, 40, 41, 44, 45, 49, 55, 61, 63, 77, 78]
Min Correction Subset: [48, 72]
Iter 21: 
Min Hitting Set: [9, 13, 21, 25, 29, 33, 37, 40, 41, 45, 49, 55, 61, 63, 72, 77, 78]
Min Correction Subset: [17, 48]
Iter 22: 
Min Hitting Set: [9, 13, 17, 21, 25, 29, 33, 37, 41, 45, 49, 55, 61, 63, 72, 77, 78]
Min Correction Subset: [2, 68]
Iter 23: 
Min Hitting Set: [2, 9, 13, 17, 21, 25, 29, 33, 37, 41, 45, 49, 55, 61, 63, 72, 77, 78]
Min Correction Subset: [5, 40]
Iter 24: 
Min Hitting Set: [2, 13, 21, 25, 29, 33, 37, 40, 41, 45, 48, 49, 55, 61, 63, 72, 77, 78]
Min Correction Subset: [9, 44]
Iter 25: 
Min Hitting Set: [2, 13, 21, 25, 29, 33, 37, 40, 41, 44, 45, 48, 49, 55, 61, 63, 77, 78]
Min Correction Subset: [9, 71]
Iter 26: 
Min Hitting Set: [2, 21, 25, 29, 33, 37, 40, 41, 44, 45, 48, 49, 55, 61, 63, 71, 77, 78]
Min Correction Subset: [9, 60]
Iter 27: 
Min Hitting Set: [2, 9, 13, 21, 25, 29, 33, 37, 40, 41, 45, 48, 49, 55, 61, 63, 72, 77, 78]
Min Correction Subset: [17, 71]
Iter 28: 
Min Hitting Set: [2, 9, 17, 21, 25, 29, 33, 37, 40, 41, 45, 49, 55, 61, 63, 71, 72, 77, 78]
Min Correction Subset: [13, 48]
Iter 29: 
Min Hitting Set: [2, 9, 13, 17, 21, 25, 29, 33, 37, 40, 41, 45, 49, 55, 61, 63, 72, 77, 78]
Min Correction Subset: [6, 68]
Iter 30: 
Min Hitting Set: [9, 13, 17, 21, 25, 29, 33, 37, 40, 41, 45, 49, 55, 61, 63, 68, 72, 77, 78]
Min Correction Subset: [5, 36]
Iter 31: 
Min Hitting Set: [5, 9, 13, 17, 21, 25, 29, 33, 37, 41, 45, 49, 55, 61, 63, 68, 72, 77, 78]
Min Correction Subset: [2, 40]
Iter 32: 
Min Hitting Set: [5, 9, 13, 17, 21, 25, 29, 33, 37, 40, 41, 45, 49, 55, 61, 63, 68, 72, 77, 78]
Min Correction Subset: [6, 44, 52]
Iter 33: 
Min Hitting Set: [2, 5, 6, 9, 13, 17, 21, 25, 29, 33, 37, 41, 45, 49, 55, 61, 63, 72, 77, 78]
Min Correction Subset: [10, 68]
Iter 34: 
Min Hitting Set: [5, 9, 21, 25, 29, 33, 37, 40, 41, 44, 45, 48, 49, 55, 61, 63, 68, 71, 77, 78]
Min Correction Subset: [13, 60]
Iter 35: 
Min Hitting Set: [5, 21, 25, 29, 33, 37, 40, 41, 44, 45, 48, 49, 55, 60, 61, 63, 68, 71, 77, 78]
Min Correction Subset: [9, 27, 70]
Iter 36: 
Min Hitting Set: [5, 9, 13, 17, 21, 25, 29, 33, 37, 40, 41, 44, 45, 48, 49, 55, 61, 63, 68, 77, 78]
Min Correction Subset: [1, 36, 54]
Iter 37: 
Min Hitting Set: [9, 13, 17, 21, 25, 29, 33, 36, 37, 40, 41, 44, 45, 48, 49, 55, 61, 63, 68, 77, 78]
Min Correction Subset: [4, 60, 62]
Iter 38: 
Min Hitting Set: [9, 21, 25, 29, 33, 36, 37, 40, 41, 44, 45, 48, 49, 55, 60, 61, 63, 68, 71, 77, 78]
Min Correction Subset: [13, 27, 70]
Iter 39: 
Min Hitting Set: [21, 25, 29, 33, 36, 37, 40, 41, 44, 45, 48, 49, 55, 60, 61, 63, 68, 70, 71, 77, 78]
Min Correction Subset: [1, 9, 32]
Iter 40: 
Min Hitting Set: [9, 13, 21, 25, 29, 33, 36, 37, 40, 41, 44, 45, 48, 49, 55, 60, 61, 63, 68, 71, 77, 78]
Min Correction Subset: [17, 27, 70]
Iter 41: 
Min Hitting Set: [9, 21, 25, 27, 29, 33, 36, 37, 40, 41, 44, 45, 48, 49, 55, 60, 61, 63, 68, 71, 77, 78]
Min Correction Subset: [13, 31, 70]
Iter 42: 
Min Hitting Set: [9, 21, 25, 29, 33, 36, 37, 40, 41, 44, 45, 48, 49, 55, 60, 61, 63, 68, 70, 71, 77, 78]
Min Correction Subset: [1, 27, 32]
Iter 43: 
Min Hitting Set: [1, 21, 25, 29, 33, 36, 37, 40, 41, 44, 45, 48, 49, 55, 60, 61, 63, 68, 70, 71, 77, 78]
Min Correction Subset: [4, 9, 27, 62]
Iter 44: 
Min Hitting Set: [9, 21, 25, 27, 29, 33, 36, 37, 40, 41, 44, 45, 48, 49, 55, 60, 61, 63, 68, 70, 71, 77, 78]
Min Correction Subset: [1, 32, 54]
Iter 45: 
Min Hitting Set: [1, 5, 9, 21, 25, 29, 33, 37, 40, 41, 44, 45, 48, 49, 55, 60, 61, 63, 68, 70, 71, 77, 78]
Min Correction Subset: [4, 27, 54, 62]
Iter 46: 
Min Hitting Set: [1, 5, 21, 25, 27, 29, 33, 37, 40, 41, 44, 45, 48, 49, 55, 60, 61, 63, 68, 70, 71, 77, 78]
Min Correction Subset: [4, 9, 23, 62]
Iter 47: 
Min Hitting Set: [1, 4, 5, 9, 13, 17, 21, 25, 29, 33, 37, 40, 41, 44, 45, 48, 49, 55, 61, 63, 68, 77, 78]
Min Correction Subset: [23, 27, 60]
Iter 48: 
Min Hitting Set: [1, 4, 5, 21, 25, 29, 33, 37, 40, 41, 44, 45, 48, 49, 55, 60, 61, 63, 68, 70, 71, 77, 78]
Min Correction Subset: [9, 23, 27, 54]
Iter 49: 
Min Hitting Set: [1, 5, 21, 23, 25, 27, 29, 33, 37, 40, 41, 44, 45, 48, 49, 55, 60, 61, 63, 68, 70, 71, 77, 78]
Min Correction Subset: [4, 9, 54, 62]
Iter 50: 
Min Hitting Set: [1, 4, 5, 9, 13, 21, 25, 27, 29, 33, 37, 40, 41, 44, 45, 48, 49, 55, 61, 63, 68, 71, 77, 78]
Min Correction Subset: [17, 60]
Iter 51: 
Min Hitting Set: [1, 4, 5, 9, 13, 17, 21, 25, 27, 29, 33, 37, 40, 41, 44, 45, 48, 49, 55, 61, 63, 68, 77, 78]
Min Correction Subset: [8, 60, 62]
Iter 52: 
Min Hitting Set: [1, 5, 9, 13, 17, 21, 25, 27, 29, 33, 37, 40, 41, 44, 45, 48, 49, 55, 61, 62, 63, 68, 77, 78]
Min Correction Subset: [31, 54, 60, 67]
Iter 53: 
Min Hitting Set: [1, 5, 13, 21, 25, 27, 29, 33, 37, 40, 41, 44, 45, 48, 49, 55, 60, 61, 62, 63, 68, 71, 77, 78]
Min Correction Subset: [9, 31, 70]
Iter 54: 
Min Hitting Set: [1, 5, 21, 25, 27, 29, 31, 33, 37, 40, 41, 44, 45, 48, 49, 55, 60, 61, 62, 63, 68, 71, 77, 78]
Min Correction Subset: [13, 35, 70]
Iter 55: 
Min Hitting Set: [5, 9, 21, 25, 27, 29, 33, 37, 40, 41, 44, 45, 48, 49, 54, 55, 60, 61, 63, 68, 70, 71, 77, 78]
Min Correction Subset: [1, 36, 58]
Iter 56: 
Min Hitting Set: [9, 21, 25, 27, 29, 33, 36, 37, 40, 41, 44, 45, 48, 49, 54, 55, 60, 61, 63, 68, 70, 71, 77, 78]
Min Correction Subset: [1, 4, 32, 62]
Iter 57: 
Min Hitting Set: [1, 9, 21, 25, 29, 33, 36, 37, 40, 41, 44, 45, 48, 49, 54, 55, 60, 61, 63, 68, 70, 71, 77, 78]
Min Correction Subset: [23, 27, 53, 62]
Iter 58: 
Min Hitting Set: [1, 9, 21, 25, 27, 29, 33, 36, 37, 40, 41, 44, 45, 48, 49, 55, 60, 61, 63, 68, 70, 71, 77, 78]
Min Correction Subset: [4, 8, 51, 62]
Iter 59: 
Min Hitting Set: [1, 21, 25, 29, 33, 36, 37, 40, 41, 44, 45, 48, 49, 54, 55, 60, 61, 62, 63, 68, 70, 71, 77, 78]
Min Correction Subset: [9, 23, 27, 35, 64]
Iter 60: 
Min Hitting Set: [9, 13, 17, 21, 25, 27, 29, 33, 36, 37, 40, 41, 44, 45, 48, 49, 54, 55, 61, 62, 63, 68, 77, 78]
Min Correction Subset: [1, 32, 60]
Iter 61: 
Min Hitting Set: [1, 21, 25, 27, 29, 33, 36, 37, 40, 41, 44, 45, 48, 49, 55, 60, 61, 62, 63, 68, 70, 71, 77, 78]
Min Correction Subset: [9, 23, 35, 54, 64]
Iter 62: 
Min Hitting Set: [1, 21, 23, 25, 29, 33, 36, 37, 40, 41, 44, 45, 48, 49, 55, 60, 61, 62, 63, 68, 70, 71, 77, 78]
Min Correction Subset: [9, 27, 54, 64]
Iter 63: 
Min Hitting Set: [1, 9, 21, 25, 29, 33, 36, 37, 40, 41, 44, 45, 48, 49, 55, 60, 61, 62, 63, 68, 70, 71, 77, 78]
Min Correction Subset: [10, 27, 52, 54, 67]
Iter 64: 
Min Hitting Set: [1, 5, 9, 13, 17, 21, 25, 29, 33, 37, 40, 41, 45, 49, 52, 55, 60, 61, 62, 63, 68, 72, 77, 78]
Min Correction Subset: [6, 44, 76]
Iter 65: 
Min Hitting Set: [1, 2, 5, 6, 9, 10, 13, 17, 21, 25, 29, 33, 37, 41, 45, 49, 55, 60, 61, 62, 63, 72, 77, 78]
Min Correction Subset: [27, 40, 54]
Iter 66: 
Min Hitting Set: [9, 21, 25, 27, 29, 33, 36, 37, 40, 41, 44, 45, 48, 49, 54, 55, 60, 61, 62, 63, 68, 70, 71, 77, 78]
Min Correction Subset: [1, 23, 32, 67]
Iter 67: 
Min Hitting Set: [1, 5, 21, 23, 25, 29, 33, 37, 40, 41, 44, 45, 48, 49, 54, 55, 60, 61, 62, 63, 68, 70, 71, 77, 78]
Min Correction Subset: [9, 27, 35, 52, 64]
Iter 68: 
Min Hitting Set: [1, 5, 21, 25, 27, 29, 33, 35, 37, 40, 41, 44, 45, 48, 49, 55, 60, 61, 62, 63, 68, 70, 71, 77, 78]
Min Correction Subset: [9, 23, 52, 54, 67]
Iter 69: 
Min Hitting Set: [1, 5, 9, 13, 17, 21, 25, 27, 29, 31, 33, 37, 40, 41, 44, 45, 49, 55, 61, 62, 63, 68, 72, 77, 78]
Min Correction Subset: [10, 48, 52]
Iter 70: 
Min Hitting Set: [1, 5, 9, 13, 17, 21, 25, 27, 29, 33, 37, 40, 41, 44, 45, 48, 49, 55, 61, 62, 63, 67, 68, 77, 78]
Min Correction Subset: [31, 52, 54, 60]
Iter 71: 
Min Hitting Set: [1, 5, 21, 23, 25, 27, 29, 33, 37, 40, 41, 44, 45, 48, 49, 55, 60, 61, 62, 63, 68, 70, 71, 77, 78]
Min Correction Subset: [9, 10, 52, 54, 67]
Iter 72: 
Min Hitting Set: [1, 2, 5, 6, 9, 10, 13, 17, 21, 25, 29, 33, 37, 41, 45, 49, 54, 55, 60, 61, 62, 63, 72, 77, 78]
Min Correction Subset: [27, 40, 64, 68]
Iter 73: 
Min Hitting Set: [1, 2, 5, 9, 13, 17, 21, 25, 29, 33, 37, 41, 44, 45, 48, 49, 54, 55, 60, 61, 62, 63, 68, 77, 78]
Min Correction Subset: [40, 72]
Iter 74: 
Min Hitting Set: [1, 5, 9, 21, 25, 29, 33, 37, 40, 41, 44, 45, 48, 49, 54, 55, 60, 61, 62, 63, 68, 70, 71, 77, 78]
Min Correction Subset: [10, 23, 27, 35, 52, 64]
Iter 75: 
Min Hitting Set: [1, 5, 21, 25, 27, 29, 33, 37, 40, 41, 44, 45, 48, 49, 54, 55, 60, 61, 62, 63, 68, 70, 71, 77, 78]
Min Correction Subset: [9, 10, 23, 35, 52, 64]
