IIS generation
Iter 1: 
Min Hitting Set: []
Min Correction Subset: [148]
Iter 2: 
Min Hitting Set: [148]
Min Correction Subset: [35]
Iter 3: 
Min Hitting Set: [35, 148]
Min Correction Subset: [11]
Iter 4: 
Min Hitting Set: [11, 35, 148]
Min Correction Subset: [31]
Iter 5: 
Min Hitting Set: [11, 31, 35, 148]
Min Correction Subset: [45]
Iter 6: 
Min Hitting Set: [11, 31, 35, 45, 148]
Min Correction Subset: [37]
Iter 7: 
Min Hitting Set: [11, 31, 35, 37, 45, 148]
Min Correction Subset: [42]
Iter 8: 
Min Hitting Set: [11, 31, 35, 37, 42, 45, 148]
Min Correction Subset: [51]
Iter 9: 
Min Hitting Set: [11, 31, 35, 37, 42, 45, 51, 148]
Min Correction Subset: [47]
Iter 10: 
Min Hitting Set: [11, 31, 35, 37, 42, 45, 47, 51, 148]
Min Correction Subset: [22]
Iter 11: 
Min Hitting Set: [11, 22, 31, 35, 37, 42, 45, 47, 51, 148]
Min Correction Subset: [34]
Iter 12: 
Min Hitting Set: [11, 22, 31, 34, 35, 37, 42, 45, 47, 51, 148]
Min Correction Subset: [25]
Iter 13: 
Min Hitting Set: [11, 22, 25, 31, 34, 35, 37, 42, 45, 47, 51, 148]
Min Correction Subset: [30]
Iter 14: 
Min Hitting Set: [11, 22, 25, 30, 31, 34, 35, 37, 42, 45, 47, 51, 148]
Min Correction Subset: [39]
Iter 15: 
Min Hitting Set: [11, 22, 25, 30, 31, 34, 35, 37, 39, 42, 45, 47, 51, 148]
Min Correction Subset: [3]
Iter 16: 
Min Hitting Set: [3, 11, 22, 25, 30, 31, 34, 35, 37, 39, 42, 45, 47, 51, 148]
Min Correction Subset: [44]
Iter 17: 
Min Hitting Set: [3, 11, 22, 25, 30, 31, 34, 35, 37, 39, 42, 44, 45, 47, 51, 148]
Min Correction Subset: [32]
Iter 18: 
Min Hitting Set: [3, 11, 22, 25, 30, 31, 32, 34, 35, 37, 39, 42, 44, 45, 47, 51, 148]
Min Correction Subset: [29]
Iter 19: 
Min Hitting Set: [3, 11, 22, 25, 29, 30, 31, 32, 34, 35, 37, 39, 42, 44, 45, 47, 51, 148]
Min Correction Subset: [33]
Iter 20: 
Min Hitting Set: [3, 11, 22, 25, 29, 30, 31, 32, 33, 34, 35, 37, 39, 42, 44, 45, 47, 51, 148]
Min Correction Subset: [36]
Iter 21: 
Min Hitting Set: [3, 11, 22, 25, 29, 30, 31, 32, 33, 34, 35, 36, 37, 39, 42, 44, 45, 47, 51, 148]
Min Correction Subset: [38]
Iter 22: 
Min Hitting Set: [3, 11, 22, 25, 29, 30, 31, 32, 33, 34, 35, 36, 37, 38, 39, 42, 44, 45, 47, 51, 148]
Min Correction Subset: [50]
Iter 23: 
Min Hitting Set: [3, 11, 22, 25, 29, 30, 31, 32, 33, 34, 35, 36, 37, 38, 39, 42, 44, 45, 47, 50, 51, 148]
Min Correction Subset: [2]
Iter 24: 
Min Hitting Set: [2, 3, 11, 22, 25, 29, 30, 31, 32, 33, 34, 35, 36, 37, 38, 39, 42, 44, 45, 47, 50, 51, 148]
Min Correction Subset: [5]
Iter 25: 
Min Hitting Set: [2, 3, 5, 11, 22, 25, 29, 30, 31, 32, 33, 34, 35, 36, 37, 38, 39, 42, 44, 45, 47, 50, 51, 148]
Min Correction Subset: [21]
Iter 26: 
Min Hitting Set: [2, 3, 5, 11, 21, 22, 25, 29, 30, 31, 32, 33, 34, 35, 36, 37, 38, 39, 42, 44, 45, 47, 50, 51, 148]
Min Correction Subset: [10]
Iter 27: 
Min Hitting Set: [2, 3, 5, 10, 11, 21, 22, 25, 29, 30, 31, 32, 33, 34, 35, 36, 37, 38, 39, 42, 44, 45, 47, 50, 51, 148]
Min Correction Subset: [0]
Iter 28: 
Min Hitting Set: [0, 2, 3, 5, 10, 11, 21, 22, 25, 29, 30, 31, 32, 33, 34, 35, 36, 37, 38, 39, 42, 44, 45, 47, 50, 51, 148]
Min Correction Subset: [23]
Iter 29: 
Min Hitting Set: [0, 2, 3, 5, 10, 11, 21, 22, 23, 25, 29, 30, 31, 32, 33, 34, 35, 36, 37, 38, 39, 42, 44, 45, 47, 50, 51, 148]
Min Correction Subset: [18]
Iter 30: 
Min Hitting Set: [0, 2, 3, 5, 10, 11, 18, 21, 22, 23, 25, 29, 30, 31, 32, 33, 34, 35, 36, 37, 38, 39, 42, 44, 45, 47, 50, 51, 148]
Min Correction Subset: [12]
Iter 31: 
Min Hitting Set: [0, 2, 3, 5, 10, 11, 12, 18, 21, 22, 23, 25, 29, 30, 31, 32, 33, 34, 35, 36, 37, 38, 39, 42, 44, 45, 47, 50, 51, 148]
Min Correction Subset: [6]
Iter 32: 
Min Hitting Set: [0, 2, 3, 5, 6, 10, 11, 12, 18, 21, 22, 23, 25, 29, 30, 31, 32, 33, 34, 35, 36, 37, 38, 39, 42, 44, 45, 47, 50, 51, 148]
Min Correction Subset: [7]
Iter 33: 
Min Hitting Set: [0, 2, 3, 5, 6, 7, 10, 11, 12, 18, 21, 22, 23, 25, 29, 30, 31, 32, 33, 34, 35, 36, 37, 38, 39, 42, 44, 45, 47, 50, 51, 148]
Min Correction Subset: [20]
Iter 34: 
Min Hitting Set: [0, 2, 3, 5, 6, 7, 10, 11, 12, 18, 20, 21, 22, 23, 25, 29, 30, 31, 32, 33, 34, 35, 36, 37, 38, 39, 42, 44, 45, 47, 50, 51, 148]
Min Correction Subset: [17]
Iter 35: 
Min Hitting Set: [0, 2, 3, 5, 6, 7, 10, 11, 12, 17, 18, 20, 21, 22, 23, 25, 29, 30, 31, 32, 33, 34, 35, 36, 37, 38, 39, 42, 44, 45, 47, 50, 51, 148]
Min Correction Subset: [49]
Iter 36: 
Min Hitting Set: [0, 2, 3, 5, 6, 7, 10, 11, 12, 17, 18, 20, 21, 22, 23, 25, 29, 30, 31, 32, 33, 34, 35, 36, 37, 38, 39, 42, 44, 45, 47, 49, 50, 51, 148]
Min Correction Subset: [147]
Iter 37: 
Min Hitting Set: [0, 2, 3, 5, 6, 7, 10, 11, 12, 17, 18, 20, 21, 22, 23, 25, 29, 30, 31, 32, 33, 34, 35, 36, 37, 38, 39, 42, 44, 45, 47, 49, 50, 51, 147, 148]
Min Correction Subset: [41]
Iter 38: 
Min Hitting Set: [0, 2, 3, 5, 6, 7, 10, 11, 12, 17, 18, 20, 21, 22, 23, 25, 29, 30, 31, 32, 33, 34, 35, 36, 37, 38, 39, 41, 42, 44, 45, 47, 49, 50, 51, 147, 148]
Min Correction Subset: [9]
Iter 39: 
Min Hitting Set: [0, 2, 3, 5, 6, 7, 9, 10, 11, 12, 17, 18, 20, 21, 22, 23, 25, 29, 30, 31, 32, 33, 34, 35, 36, 37, 38, 39, 41, 42, 44, 45, 47, 49, 50, 51, 147, 148]
Min Correction Subset: [4]
Iter 40: 
Min Hitting Set: [0, 2, 3, 4, 5, 6, 7, 9, 10, 11, 12, 17, 18, 20, 21, 22, 23, 25, 29, 30, 31, 32, 33, 34, 35, 36, 37, 38, 39, 41, 42, 44, 45, 47, 49, 50, 51, 147, 148]
Min Correction Subset: [28]
Iter 41: 
Min Hitting Set: [0, 2, 3, 4, 5, 6, 7, 9, 10, 11, 12, 17, 18, 20, 21, 22, 23, 25, 28, 29, 30, 31, 32, 33, 34, 35, 36, 37, 38, 39, 41, 42, 44, 45, 47, 49, 50, 51, 147, 148]
Min Correction Subset: [69]
Iter 42: 
Min Hitting Set: [0, 2, 3, 4, 5, 6, 7, 9, 10, 11, 12, 17, 18, 20, 21, 22, 23, 25, 28, 29, 30, 31, 32, 33, 34, 35, 36, 37, 38, 39, 41, 42, 44, 45, 47, 49, 50, 51, 69, 147, 148]
Min Correction Subset: [13, 14]
Iter 43: 
Min Hitting Set: [0, 2, 3, 4, 5, 6, 7, 9, 10, 11, 12, 13, 17, 18, 20, 21, 22, 23, 25, 28, 29, 30, 31, 32, 33, 34, 35, 36, 37, 38, 39, 41, 42, 44, 45, 47, 49, 50, 51, 69, 147, 148]
Min Correction Subset: [15, 84]
Iter 44: 
Min Hitting Set: [0, 2, 3, 4, 5, 6, 7, 9, 10, 11, 12, 13, 15, 17, 18, 20, 21, 22, 23, 25, 28, 29, 30, 31, 32, 33, 34, 35, 36, 37, 38, 39, 41, 42, 44, 45, 47, 49, 50, 51, 69, 147, 148]
Min Correction Subset: [46, 97]
Iter 45: 
Min Hitting Set: [0, 2, 3, 4, 5, 6, 7, 9, 10, 11, 12, 13, 15, 17, 18, 20, 21, 22, 23, 25, 28, 29, 30, 31, 32, 33, 34, 35, 36, 37, 38, 39, 41, 42, 44, 45, 46, 47, 49, 50, 51, 69, 147, 148]
Min Correction Subset: [14, 48]
Iter 46: 
Min Hitting Set: [0, 2, 3, 4, 5, 6, 7, 9, 10, 11, 12, 14, 15, 17, 18, 20, 21, 22, 23, 25, 28, 29, 30, 31, 32, 33, 34, 35, 36, 37, 38, 39, 41, 42, 44, 45, 46, 47, 49, 50, 51, 69, 147, 148]
Min Correction Subset: [48, 80]
Iter 47: 
Min Hitting Set: [0, 2, 3, 4, 5, 6, 7, 9, 10, 11, 12, 14, 15, 17, 18, 20, 21, 22, 23, 25, 28, 29, 30, 31, 32, 33, 34, 35, 36, 37, 38, 39, 41, 42, 44, 45, 46, 47, 48, 49, 50, 51, 69, 147, 148]
Min Correction Subset: [27, 60]
Iter 48: 
Min Hitting Set: [0, 2, 3, 4, 5, 6, 7, 9, 10, 11, 12, 14, 15, 17, 18, 20, 21, 22, 23, 25, 27, 28, 29, 30, 31, 32, 33, 34, 35, 36, 37, 38, 39, 41, 42, 44, 45, 46, 47, 48, 49, 50, 51, 69, 147, 148]
Min Correction Subset: [1, 19, 53]
Iter 49: 
Min Hitting Set: [0, 1, 2, 3, 4, 5, 6, 7, 9, 10, 11, 12, 14, 15, 17, 18, 20, 21, 22, 23, 25, 27, 28, 29, 30, 31, 32, 33, 34, 35, 36, 37, 38, 39, 41, 42, 44, 45, 46, 47, 48, 49, 50, 51, 69, 147, 148]
Min Correction Subset: [55, 70, 84]
