IIS generation
Iter 1: 
Min Hitting Set: []
Min Correction Subset: [90]
Iter 2: 
Min Hitting Set: [90]
Min Correction Subset: [88, 89]
Iter 3: 
Min Hitting Set: [88, 90]
Min Correction Subset: [39, 89]
Iter 4: 
Min Hitting Set: [89, 90]
Min Correction Subset: [5, 27, 30, 33]
Iter 5: 
Min Hitting Set: [5, 89, 90]
Min Correction Subset: [4, 15, 24, 30]
Iter 6: 
Min Hitting Set: [30, 89, 90]
Min Correction Subset: [5, 11, 27, 33]
Iter 7: 
Min Hitting Set: [27, 30, 89, 90]
Min Correction Subset: [5, 11, 24, 45, 48]
Iter 8: 
Min Hitting Set: [5, 24, 89, 90]
Min Correction Subset: [15, 30, 33, 37]
Iter 9: 
Min Hitting Set: [5, 30, 89, 90]
Min Correction Subset: [26, 27, 33, 34]
Iter 10: 
Min Hitting Set: [24, 33, 89, 90]
Min Correction Subset: [15, 27, 30, 37]
Iter 11: 
Min Hitting Set: [24, 27, 30, 89, 90]
Min Correction Subset: [5, 6, 11, 12, 13]
Iter 12: 
Min Hitting Set: [5, 27, 30, 89, 90]
Min Correction Subset: [4, 12, 13, 19, 20]
Iter 13: 
Min Hitting Set: [5, 12, 27, 30, 89, 90]
Min Correction Subset: [10, 11, 15, 16, 24, 39]
Iter 14: 
Min Hitting Set: [11, 12, 15, 27, 89, 90]
Min Correction Subset: [23, 24, 30, 36, 39]
Iter 15: 
Min Hitting Set: [12, 24, 27, 30, 89, 90]
Min Correction Subset: [5, 11, 33, 39, 45]
Iter 16: 
Min Hitting Set: [11, 12, 27, 30, 89, 90]
Min Correction Subset: [4, 5, 33, 39, 42]
Iter 17: 
Min Hitting Set: [13, 24, 30, 33, 89, 90]
Min Correction Subset: [19, 20, 26, 27, 34]
Iter 18: 
Min Hitting Set: [13, 24, 27, 33, 89, 90]
Min Correction Subset: [11, 15, 30, 45]
Iter 19: 
Min Hitting Set: [11, 19, 30, 33, 89, 90]
Min Correction Subset: [4, 8, 15, 27, 45]
Iter 20: 
Min Hitting Set: [4, 11, 27, 30, 89, 90]
Min Correction Subset: [10, 14, 15, 16, 17, 24]
Iter 21: 
Min Hitting Set: [13, 24, 27, 30, 39, 89, 90]
Min Correction Subset: [4, 5, 12, 19, 33]
Iter 22: 
Min Hitting Set: [12, 24, 27, 30, 39, 89, 90]
Min Correction Subset: [5, 11, 33, 36, 45]
Iter 23: 
Min Hitting Set: [12, 24, 27, 30, 33, 89, 90]
Min Correction Subset: [7, 8, 9, 15, 16, 45]
Iter 24: 
Min Hitting Set: [12, 24, 27, 33, 45, 89, 90]
Min Correction Subset: [4, 15, 30, 37, 39]
Iter 25: 
Min Hitting Set: [12, 15, 27, 39, 45, 89, 90]
Min Correction Subset: [5, 11, 23, 30, 36]
Iter 26: 
Min Hitting Set: [5, 12, 15, 27, 39, 89, 90]
Min Correction Subset: [23, 30, 33, 40, 41, 45]
Iter 27: 
Min Hitting Set: [5, 12, 15, 27, 30, 89, 90]
Min Correction Subset: [33, 39, 40, 45, 46, 47]
Iter 28: 
Min Hitting Set: [5, 15, 19, 30, 33, 89, 90]
Min Correction Subset: [20, 26, 27, 34, 41]
Iter 29: 
Min Hitting Set: [5, 15, 20, 30, 33, 89, 90]
Min Correction Subset: [17, 24, 26, 27, 34]
Iter 30: 
Min Hitting Set: [5, 15, 20, 24, 33, 89, 90]
Min Correction Subset: [23, 27, 30, 34]
Iter 31: 
Min Hitting Set: [12, 24, 27, 30, 33, 45, 89, 90]
Min Correction Subset: [7, 8, 10, 15, 16, 37]
Iter 32: 
Min Hitting Set: [12, 15, 27, 30, 33, 45, 89, 90]
Min Correction Subset: [5, 11, 24, 36, 48]
Iter 33: 
Min Hitting Set: [12, 15, 24, 27, 30, 33, 89, 90]
Min Correction Subset: [4, 5, 6, 42, 45, 48]
Iter 34: 
Min Hitting Set: [5, 15, 20, 27, 33, 39, 89, 90]
Min Correction Subset: [23, 24, 30, 36, 42, 45]
Iter 35: 
Min Hitting Set: [5, 12, 15, 27, 39, 45, 89, 90]
Min Correction Subset: [4, 16, 23, 24, 30, 33]
Iter 36: 
Min Hitting Set: [4, 5, 15, 27, 39, 45, 89, 90]
Min Correction Subset: [16, 23, 24, 30, 33, 42]
Iter 37: 
Min Hitting Set: [12, 15, 27, 33, 36, 45, 89, 90]
Min Correction Subset: [5, 11, 23, 24, 30]
Iter 38: 
Min Hitting Set: [5, 12, 16, 27, 30, 45, 89, 90]
Min Correction Subset: [24, 31, 32, 33, 38, 39]
Iter 39: 
Min Hitting Set: [4, 5, 15, 24, 27, 45, 89, 90]
Min Correction Subset: [9, 33, 37, 40, 41, 47]
Iter 40: 
Min Hitting Set: [5, 12, 15, 27, 33, 36, 89, 90]
Min Correction Subset: [4, 24, 31, 32, 38, 39]
Iter 41: 
Min Hitting Set: [4, 5, 15, 24, 27, 33, 89, 90]
Min Correction Subset: [11, 36, 42, 43, 45, 48]
Iter 42: 
Min Hitting Set: [4, 11, 24, 27, 37, 45, 89, 90]
Min Correction Subset: [5, 23, 30, 33, 39]
Iter 43: 
Min Hitting Set: [4, 11, 15, 27, 33, 36, 89, 90]
Min Correction Subset: [5, 9, 12, 19, 24, 40]
Iter 44: 
Min Hitting Set: [4, 5, 15, 27, 33, 36, 89, 90]
Min Correction Subset: [9, 24, 39, 40, 41, 47]
Iter 45: 
Min Hitting Set: [5, 12, 24, 27, 37, 45, 89, 90]
Min Correction Subset: [15, 28, 30, 33, 40]
Iter 46: 
Min Hitting Set: [4, 11, 15, 24, 27, 33, 89, 90]
Min Correction Subset: [2, 5, 9, 12, 19, 47]
Iter 47: 
Min Hitting Set: [12, 24, 27, 30, 37, 39, 45, 89, 90]
Min Correction Subset: [32, 33, 34, 40, 41, 48]
Iter 48: 
Min Hitting Set: [12, 24, 30, 33, 34, 37, 45, 89, 90]
Min Correction Subset: [5, 8, 11, 15, 27]
Iter 49: 
Min Hitting Set: [4, 12, 15, 24, 33, 34, 36, 89, 90]
Min Correction Subset: [5, 23, 27, 30]
Iter 50: 
Min Hitting Set: [12, 24, 27, 33, 36, 37, 45, 89, 90]
Min Correction Subset: [4, 5, 23, 30, 39]
Iter 51: 
Min Hitting Set: [4, 9, 11, 15, 24, 27, 33, 89, 90]
Min Correction Subset: [5, 23, 30, 36, 45, 46]
Iter 52: 
Min Hitting Set: [5, 12, 15, 24, 34, 37, 45, 89, 90]
Min Correction Subset: [21, 27, 30, 33]
Iter 53: 
Min Hitting Set: [12, 15, 20, 24, 30, 33, 45, 89, 90]
Min Correction Subset: [2, 5, 9, 27, 37, 42]
Iter 54: 
Min Hitting Set: [4, 5, 15, 24, 27, 33, 45, 89, 90]
Min Correction Subset: [11, 21, 23, 30, 36, 42]
Iter 55: 
Min Hitting Set: [12, 16, 24, 27, 30, 33, 48, 89, 90]
Min Correction Subset: [5, 11, 39, 45, 46, 62]
Iter 56: 
Min Hitting Set: [12, 16, 27, 30, 33, 39, 48, 89, 90]
Min Correction Subset: [4, 5, 24, 36, 45]
Iter 57: 
Min Hitting Set: [12, 15, 24, 27, 30, 33, 45, 89, 90]
Min Correction Subset: [4, 5, 36, 42, 43, 48]
Iter 58: 
Min Hitting Set: [4, 5, 15, 27, 39, 41, 42, 89, 90]
Min Correction Subset: [16, 23, 24, 30, 33, 36]
Iter 59: 
Min Hitting Set: [5, 12, 15, 27, 33, 39, 42, 89, 90]
Min Correction Subset: [23, 24, 30, 36, 40, 45]
Iter 60: 
Min Hitting Set: [5, 12, 15, 27, 33, 36, 39, 89, 90]
Min Correction Subset: [6, 11, 24, 31, 38, 48]
Iter 61: 
Min Hitting Set: [4, 5, 11, 15, 24, 33, 34, 89, 90]
Min Correction Subset: [21, 27, 30, 45]
Iter 62: 
Min Hitting Set: [4, 5, 11, 15, 24, 27, 33, 89, 90]
Min Correction Subset: [21, 23, 30, 36, 42, 43]
Iter 63: 
Min Hitting Set: [5, 20, 24, 30, 33, 37, 45, 89, 90]
Min Correction Subset: [7, 8, 9, 15, 16, 27]
Iter 64: 
Min Hitting Set: [5, 11, 15, 20, 24, 30, 33, 89, 90]
Min Correction Subset: [12, 13, 19, 26, 27, 34]
Iter 65: 
Min Hitting Set: [4, 9, 11, 15, 27, 30, 33, 89, 90]
Min Correction Subset: [24, 39, 45, 46, 47, 62]
Iter 66: 
Min Hitting Set: [4, 5, 15, 24, 27, 33, 36, 89, 90]
Min Correction Subset: [11, 39, 45, 46, 47, 62]
Iter 67: 
Min Hitting Set: [4, 9, 11, 15, 30, 34, 39, 89, 90]
Min Correction Subset: [5, 6, 26, 27, 33]
Iter 68: 
Min Hitting Set: [12, 24, 27, 33, 36, 37, 39, 45, 89, 90]
Min Correction Subset: [4, 5, 15, 30, 42]
Iter 69: 
Min Hitting Set: [11, 12, 15, 24, 27, 30, 33, 42, 89, 90]
Min Correction Subset: [4, 39, 45, 46, 47, 62]
Iter 70: 
Min Hitting Set: [12, 24, 27, 30, 37, 42, 45, 48, 89, 90]
Min Correction Subset: [5, 6, 11, 33, 39]
Iter 71: 
Min Hitting Set: [12, 24, 27, 30, 37, 39, 45, 48, 89, 90]
Min Correction Subset: [10, 14, 15, 16, 17, 33]
Iter 72: 
Min Hitting Set: [12, 24, 27, 30, 33, 37, 45, 48, 89, 90]
Min Correction Subset: [8, 9, 10, 11, 15, 16]
Iter 73: 
Min Hitting Set: [4, 5, 11, 15, 24, 30, 33, 34, 89, 90]
Min Correction Subset: [6, 12, 13, 19, 20, 27]
Iter 74: 
Min Hitting Set: [4, 11, 15, 24, 27, 30, 33, 47, 89, 90]
Min Correction Subset: [2, 5, 9, 12, 19, 37]
Iter 75: 
Min Hitting Set: [12, 15, 24, 30, 33, 34, 39, 42, 89, 90]
Min Correction Subset: [5, 9, 10, 27, 37, 48]
Iter 76: 
Min Hitting Set: [12, 15, 24, 27, 30, 33, 39, 42, 89, 90]
Min Correction Subset: [5, 6, 11, 28, 36, 45]
Iter 77: 
Min Hitting Set: [4, 11, 12, 15, 24, 27, 30, 33, 89, 90]
Min Correction Subset: [39, 40, 45, 46, 47, 62]
Iter 78: 
Min Hitting Set: [12, 15, 27, 30, 33, 36, 39, 48, 89, 90]
Min Correction Subset: [5, 11, 42, 43, 44, 45]
Iter 79: 
Min Hitting Set: [12, 15, 24, 27, 33, 36, 39, 42, 89, 90]
Min Correction Subset: [5, 11, 23, 30, 45]
Iter 80: 
Min Hitting Set: [12, 16, 27, 30, 39, 45, 47, 48, 89, 90]
Min Correction Subset: [5, 11, 13, 19, 20, 33]
Iter 81: 
Min Hitting Set: [5, 11, 15, 19, 27, 30, 33, 39, 89, 90]
Min Correction Subset: [4, 42, 43, 44, 45, 48]
Iter 82: 
Min Hitting Set: [5, 15, 20, 24, 30, 34, 42, 47, 89, 90]
Min Correction Subset: [26, 27, 33, 45, 54]
Iter 83: 
Min Hitting Set: [5, 12, 15, 24, 27, 30, 33, 45, 89, 90]
Min Correction Subset: [11, 28, 36, 39, 40, 46, 47]
Iter 84: 
Min Hitting Set: [12, 15, 24, 27, 30, 33, 36, 45, 89, 90]
Min Correction Subset: [5, 11, 39, 40, 46, 47]
Iter 85: 
Min Hitting Set: [5, 12, 15, 24, 27, 33, 36, 45, 89, 90]
Min Correction Subset: [11, 21, 23, 30, 39, 42]
Iter 86: 
Min Hitting Set: [4, 5, 11, 15, 24, 27, 30, 40, 89, 90]
Min Correction Subset: [28, 32, 33, 39, 46, 61]
Iter 87: 
Min Hitting Set: [11, 12, 15, 27, 33, 39, 42, 45, 89, 90]
Min Correction Subset: [4, 5, 23, 30, 36]
Iter 88: 
Min Hitting Set: [11, 12, 15, 27, 33, 36, 39, 45, 89, 90]
Min Correction Subset: [4, 5, 23, 24, 30]
Iter 89: 
Min Hitting Set: [4, 9, 11, 15, 27, 30, 39, 40, 89, 90]
Min Correction Subset: [33, 42, 43, 44, 45, 48]
Iter 90: 
Min Hitting Set: [4, 9, 11, 15, 27, 30, 39, 48, 89, 90]
Min Correction Subset: [33, 34, 40, 41, 45, 46, 47]
Iter 91: 
Min Hitting Set: [4, 5, 15, 27, 30, 39, 41, 48, 89, 90]
Min Correction Subset: [11, 33, 42, 43, 44, 45]
Iter 92: 
Min Hitting Set: [12, 15, 27, 30, 33, 39, 45, 48, 89, 90]
Min Correction Subset: [5, 6, 11, 36, 42, 43]
Iter 93: 
Min Hitting Set: [4, 11, 15, 19, 27, 30, 33, 39, 89, 90]
Min Correction Subset: [24, 42, 43, 44, 45, 48]
Iter 94: 
Min Hitting Set: [5, 15, 19, 27, 30, 33, 39, 48, 89, 90]
Min Correction Subset: [11, 24, 36, 42, 43, 45]
Iter 95: 
Min Hitting Set: [4, 9, 11, 16, 27, 30, 33, 45, 89, 90]
Min Correction Subset: [15, 17, 24, 25, 36, 66]
Iter 96: 
Min Hitting Set: [4, 9, 11, 15, 27, 33, 36, 45, 89, 90]
Min Correction Subset: [24, 30, 31, 32, 38, 39]
Iter 97: 
Min Hitting Set: [12, 15, 24, 27, 33, 36, 39, 45, 89, 90]
Min Correction Subset: [4, 5, 6, 23, 28, 30]
Iter 98: 
Min Hitting Set: [5, 12, 15, 24, 27, 33, 39, 42, 89, 90]
Min Correction Subset: [9, 10, 11, 28, 36, 45, 48]
Iter 99: 
Min Hitting Set: [4, 9, 11, 15, 27, 30, 33, 45, 89, 90]
Min Correction Subset: [24, 25, 31, 32, 38, 39, 61]
Iter 100: 
Min Hitting Set: [5, 15, 19, 27, 33, 36, 39, 48, 89, 90]
Min Correction Subset: [6, 11, 42, 43, 44, 45]
Iter 101: 
Min Hitting Set: [4, 9, 11, 15, 27, 30, 32, 45, 89, 90]
Min Correction Subset: [33, 39, 40, 41, 46, 47]
Iter 102: 
Min Hitting Set: [12, 15, 30, 33, 34, 39, 42, 45, 48, 89, 90]
Min Correction Subset: [5, 6, 11, 24, 27]
Iter 103: 
Min Hitting Set: [12, 15, 27, 30, 33, 39, 42, 45, 48, 89, 90]
Min Correction Subset: [5, 6, 11, 24, 28, 36]
Iter 104: 
Min Hitting Set: [12, 15, 27, 30, 33, 36, 39, 45, 48, 89, 90]
Min Correction Subset: [4, 5, 6, 24, 31, 38]
Iter 105: 
Min Hitting Set: [5, 12, 15, 20, 24, 30, 33, 39, 45, 89, 90]
Min Correction Subset: [9, 27, 40, 41, 47, 48]
Iter 106: 
Min Hitting Set: [12, 15, 24, 27, 30, 33, 39, 42, 45, 89, 90]
Min Correction Subset: [5, 9, 10, 13, 19, 37, 48]
Iter 107: 
Min Hitting Set: [5, 12, 15, 24, 27, 33, 39, 42, 48, 89, 90]
Min Correction Subset: [11, 13, 19, 20, 28, 36, 45]
Iter 108: 
Min Hitting Set: [5, 15, 20, 24, 27, 33, 39, 42, 48, 89, 90]
Min Correction Subset: [4, 12, 13, 19, 36, 45]
Iter 109: 
Min Hitting Set: [5, 12, 15, 24, 27, 33, 39, 42, 45, 89, 90]
Min Correction Subset: [11, 21, 23, 30, 36, 37, 38]
Iter 110: 
Min Hitting Set: [5, 12, 15, 24, 27, 33, 36, 39, 42, 89, 90]
Min Correction Subset: [2, 9, 13, 19, 21, 28, 48]
Iter 111: 
Min Hitting Set: [5, 15, 19, 27, 30, 33, 39, 42, 48, 89, 90]
Min Correction Subset: [11, 24, 31, 36, 38, 45]
Iter 112: 
Min Hitting Set: [5, 15, 19, 24, 27, 30, 33, 39, 45, 89, 90]
Min Correction Subset: [9, 10, 11, 36, 42, 43, 48]
Iter 113: 
Min Hitting Set: [11, 15, 19, 24, 27, 30, 33, 39, 42, 89, 90]
Min Correction Subset: [4, 5, 6, 36, 45, 48]
Iter 114: 
Min Hitting Set: [5, 11, 15, 19, 27, 30, 33, 39, 42, 89, 90]
Min Correction Subset: [4, 24, 28, 36, 45, 48]
Iter 115: 
Min Hitting Set: [5, 11, 15, 19, 24, 27, 33, 39, 42, 89, 90]
Min Correction Subset: [23, 28, 30, 36, 45, 46, 47]
Iter 116: 
Min Hitting Set: [5, 15, 20, 27, 33, 36, 39, 42, 48, 89, 90]
Min Correction Subset: [4, 6, 12, 13, 19, 45]
Iter 117: 
Min Hitting Set: [5, 6, 15, 20, 27, 33, 36, 39, 48, 89, 90]
Min Correction Subset: [4, 12, 13, 19, 42, 45]
Iter 118: 
Min Hitting Set: [11, 15, 19, 24, 27, 30, 33, 36, 45, 89, 90]
Min Correction Subset: [4, 5, 39, 40, 46, 47]
Iter 119: 
Min Hitting Set: [6, 15, 19, 27, 30, 33, 36, 39, 45, 89, 90]
Min Correction Subset: [5, 11, 24, 31, 38, 42]
Iter 120: 
Min Hitting Set: [5, 15, 20, 27, 30, 33, 39, 45, 48, 89, 90]
Min Correction Subset: [11, 24, 31, 36, 38, 42]
Iter 121: 
Min Hitting Set: [5, 11, 15, 19, 27, 33, 39, 42, 45, 89, 90]
Min Correction Subset: [4, 24, 31, 36, 38, 48]
Iter 122: 
Min Hitting Set: [5, 11, 15, 19, 24, 27, 33, 42, 45, 89, 90]
Min Correction Subset: [4, 28, 36, 39, 46, 47, 62]
Iter 123: 
Min Hitting Set: [11, 15, 19, 24, 27, 30, 33, 39, 48, 89, 90]
Min Correction Subset: [4, 5, 6, 36, 42, 45]
Iter 124: 
Min Hitting Set: [5, 15, 19, 24, 27, 33, 36, 39, 42, 89, 90]
Min Correction Subset: [11, 13, 40, 43, 44, 45, 46, 47]
Iter 125: 
Min Hitting Set: [5, 13, 15, 24, 27, 33, 36, 39, 42, 89, 90]
Min Correction Subset: [1, 2, 6, 8, 11, 45, 48, 72]
Iter 126: 
Min Hitting Set: [5, 15, 19, 24, 27, 33, 36, 39, 45, 89, 90]
Min Correction Subset: [6, 11, 21, 23, 30, 42, 65]
Iter 127: 
Min Hitting Set: [4, 9, 11, 15, 27, 30, 34, 39, 45, 89, 90]
Min Correction Subset: [24, 31, 36, 38, 42, 43, 48]
Iter 128: 
Min Hitting Set: [4, 9, 11, 15, 24, 27, 30, 33, 39, 89, 90]
Min Correction Subset: [35, 36, 42, 43, 44, 45, 54]
Iter 129: 
Min Hitting Set: [4, 9, 11, 15, 27, 30, 39, 45, 48, 89, 90]
Min Correction Subset: [33, 34, 36, 40, 41, 46, 47]
Iter 130: 
Min Hitting Set: [4, 11, 15, 19, 27, 33, 39, 42, 45, 89, 90]
Min Correction Subset: [5, 23, 24, 30, 36, 40]
Iter 131: 
Min Hitting Set: [4, 11, 15, 19, 27, 30, 33, 39, 42, 89, 90]
Min Correction Subset: [2, 5, 9, 24, 40, 48]
Iter 132: 
Min Hitting Set: [5, 15, 19, 24, 27, 30, 33, 36, 45, 89, 90]
Min Correction Subset: [11, 28, 32, 39, 40, 46, 47]
Iter 133: 
Min Hitting Set: [4, 9, 11, 15, 24, 27, 33, 36, 39, 89, 90]
Min Correction Subset: [5, 23, 30, 42, 43, 44, 45]
Iter 134: 
Min Hitting Set: [4, 11, 15, 19, 24, 27, 30, 33, 45, 89, 90]
Min Correction Subset: [2, 9, 21, 28, 37, 39, 48]
Iter 135: 
Min Hitting Set: [4, 9, 11, 15, 24, 27, 30, 33, 45, 89, 90]
Min Correction Subset: [28, 36, 39, 40, 46, 47, 62]
Iter 136: 
Min Hitting Set: [4, 9, 11, 15, 27, 33, 36, 39, 45, 89, 90]
Min Correction Subset: [5, 23, 24, 30, 31, 38, 42]
Iter 137: 
Min Hitting Set: [4, 11, 15, 19, 27, 36, 39, 40, 42, 89, 90]
Min Correction Subset: [16, 23, 24, 25, 30, 33]
Iter 138: 
Min Hitting Set: [6, 15, 19, 24, 27, 33, 36, 39, 45, 89, 90]
Min Correction Subset: [5, 11, 12, 22, 23, 30]
Iter 139: 
Min Hitting Set: [5, 10, 19, 24, 27, 30, 33, 39, 45, 89, 90]
Min Correction Subset: [4, 7, 8, 9, 15, 16]
Iter 140: 
Min Hitting Set: [5, 11, 15, 19, 27, 33, 36, 39, 45, 89, 90]
Min Correction Subset: [4, 6, 24, 31, 38, 42, 48]
Iter 141: 
Min Hitting Set: [4, 9, 11, 15, 27, 30, 33, 39, 42, 89, 90]
Min Correction Subset: [13, 19, 20, 24, 36, 45, 48]
Iter 142: 
Min Hitting Set: [4, 9, 11, 15, 27, 33, 36, 39, 42, 89, 90]
Min Correction Subset: [5, 23, 24, 30, 31, 45]
Iter 143: 
Min Hitting Set: [4, 11, 15, 19, 27, 30, 39, 40, 42, 89, 90]
Min Correction Subset: [24, 28, 31, 36, 38, 45, 48]
Iter 144: 
Min Hitting Set: [5, 6, 15, 19, 27, 33, 36, 39, 43, 89, 90]
Min Correction Subset: [11, 24, 31, 38, 42, 48]
Iter 145: 
Min Hitting Set: [5, 11, 15, 19, 27, 33, 36, 39, 42, 89, 90]
Min Correction Subset: [4, 24, 31, 38, 45, 48]
Iter 146: 
Min Hitting Set: [5, 9, 12, 16, 24, 30, 34, 39, 45, 89, 90]
Min Correction Subset: [6, 26, 27, 33, 42]
Iter 147: 
Min Hitting Set: [4, 9, 11, 16, 24, 27, 33, 36, 45, 89, 90]
Min Correction Subset: [8, 15, 30, 32, 37, 38]
Iter 148: 
Min Hitting Set: [4, 11, 19, 24, 27, 33, 36, 37, 45, 89, 90]
Min Correction Subset: [8, 10, 15, 16, 17, 30]
Iter 149: 
Min Hitting Set: [5, 13, 15, 27, 33, 38, 39, 42, 45, 89, 90]
Min Correction Subset: [11, 21, 23, 24, 30, 36]
Iter 150: 
Min Hitting Set: [5, 6, 13, 15, 27, 33, 36, 39, 48, 89, 90]
Min Correction Subset: [11, 24, 31, 38, 42, 45]
Iter 151: 
Min Hitting Set: [4, 9, 11, 15, 27, 33, 36, 38, 45, 89, 90]
Min Correction Subset: [5, 23, 24, 30, 39, 42]
Iter 152: 
Min Hitting Set: [4, 5, 11, 15, 27, 33, 36, 39, 48, 89, 90]
Min Correction Subset: [2, 9, 12, 13, 19, 24, 37]
Iter 153: 
Min Hitting Set: [5, 11, 15, 19, 27, 33, 36, 39, 48, 89, 90]
Min Correction Subset: [4, 6, 42, 43, 44, 45]
Iter 154: 
Min Hitting Set: [4, 5, 10, 24, 27, 28, 30, 41, 45, 89, 90]
Min Correction Subset: [8, 9, 15, 16, 33, 39]
Iter 155: 
Min Hitting Set: [4, 9, 11, 15, 24, 27, 33, 36, 45, 89, 90]
Min Correction Subset: [5, 19, 23, 26, 28, 30, 39]
Iter 156: 
Min Hitting Set: [4, 5, 11, 15, 24, 27, 28, 40, 42, 89, 90]
Min Correction Subset: [23, 30, 33, 39, 45]
Iter 157: 
Min Hitting Set: [4, 5, 10, 24, 27, 28, 30, 33, 45, 89, 90]
Min Correction Subset: [11, 12, 13, 18, 19, 20]
Iter 158: 
Min Hitting Set: [5, 13, 15, 27, 33, 36, 39, 42, 48, 89, 90]
Min Correction Subset: [6, 11, 24, 31, 38, 45]
Iter 159: 
Min Hitting Set: [13, 15, 24, 30, 33, 34, 37, 43, 45, 47, 89, 90]
Min Correction Subset: [4, 5, 6, 12, 19]
Iter 160: 
Min Hitting Set: [5, 11, 15, 19, 24, 27, 30, 33, 39, 45, 89, 90]
Min Correction Subset: [2, 9, 10, 21, 28, 42, 47, 48]
Iter 161: 
Min Hitting Set: [5, 15, 19, 24, 27, 30, 33, 39, 42, 45, 89, 90]
Min Correction Subset: [3, 4, 6, 9, 10, 11, 12, 48]
Iter 162: 
Min Hitting Set: [11, 15, 19, 24, 27, 30, 33, 39, 42, 45, 89, 90]
Min Correction Subset: [2, 5, 9, 10, 21, 28, 48]
Iter 163: 
Min Hitting Set: [5, 11, 15, 19, 24, 27, 33, 39, 42, 45, 89, 90]
Min Correction Subset: [4, 21, 23, 30, 36, 37, 38]
Iter 164: 
Min Hitting Set: [5, 11, 15, 19, 24, 27, 30, 33, 39, 42, 89, 90]
Min Correction Subset: [4, 6, 9, 10, 36, 45, 48]
Iter 165: 
Min Hitting Set: [4, 9, 11, 15, 24, 27, 34, 36, 39, 45, 89, 90]
Min Correction Subset: [5, 19, 23, 26, 30, 33]
Iter 166: 
Min Hitting Set: [4, 9, 11, 15, 24, 27, 33, 36, 39, 42, 89, 90]
Min Correction Subset: [5, 19, 23, 26, 30, 45, 46]
Iter 167: 
Min Hitting Set: [4, 9, 11, 15, 24, 27, 33, 39, 42, 45, 89, 90]
Min Correction Subset: [12, 13, 18, 19, 20, 26, 55]
Iter 168: 
Min Hitting Set: [5, 9, 15, 20, 24, 27, 30, 33, 39, 45, 89, 90]
Min Correction Subset: [4, 12, 13, 19, 36, 48]
Iter 169: 
Min Hitting Set: [4, 10, 11, 19, 24, 27, 30, 33, 39, 45, 89, 90]
Min Correction Subset: [7, 8, 9, 14, 15, 16, 22]
Iter 170: 
Min Hitting Set: [5, 15, 20, 24, 27, 30, 33, 39, 45, 48, 89, 90]
Min Correction Subset: [4, 12, 13, 19, 36, 42]
Iter 171: 
Min Hitting Set: [12, 15, 24, 30, 33, 34, 39, 42, 45, 48, 89, 90]
Min Correction Subset: [2, 5, 9, 13, 27, 37]
Iter 172: 
Min Hitting Set: [5, 12, 15, 30, 33, 34, 39, 42, 45, 48, 89, 90]
Min Correction Subset: [6, 13, 19, 20, 26, 27]
Iter 173: 
Min Hitting Set: [9, 12, 15, 24, 27, 30, 33, 36, 39, 45, 89, 90]
Min Correction Subset: [5, 6, 11, 13, 19, 20, 48]
Iter 174: 
Min Hitting Set: [9, 12, 15, 20, 24, 30, 33, 36, 39, 45, 89, 90]
Min Correction Subset: [5, 11, 27, 34, 42, 48]
Iter 175: 
Min Hitting Set: [5, 8, 11, 13, 24, 27, 33, 36, 39, 42, 89, 90]
Min Correction Subset: [4, 15, 30, 45, 46]
Iter 176: 
Min Hitting Set: [5, 9, 15, 19, 24, 30, 34, 39, 42, 45, 89, 90]
Min Correction Subset: [6, 11, 27, 33, 54]
Iter 177: 
Min Hitting Set: [9, 12, 15, 20, 24, 30, 33, 39, 42, 45, 89, 90]
Min Correction Subset: [5, 26, 27, 34, 36, 48]
Iter 178: 
Min Hitting Set: [5, 9, 16, 19, 24, 27, 30, 33, 39, 45, 89, 90]
Min Correction Subset: [4, 6, 11, 36, 42, 43, 48]
Iter 179: 
Min Hitting Set: [6, 9, 13, 15, 24, 27, 30, 33, 39, 42, 89, 90]
Min Correction Subset: [4, 5, 12, 19, 45]
Iter 180: 
Min Hitting Set: [5, 11, 15, 19, 27, 33, 38, 39, 42, 45, 89, 90]
Min Correction Subset: [4, 21, 23, 24, 30, 36]
Iter 181: 
Min Hitting Set: [5, 13, 15, 24, 27, 30, 33, 39, 45, 48, 89, 90]
Min Correction Subset: [6, 11, 28, 35, 36, 42, 43, 54]
Iter 182: 
Min Hitting Set: [12, 15, 24, 27, 30, 33, 39, 42, 45, 48, 89, 90]
Min Correction Subset: [2, 5, 9, 10, 13, 19, 47]
Iter 183: 
Min Hitting Set: [5, 12, 15, 27, 30, 33, 39, 42, 45, 48, 89, 90]
Min Correction Subset: [6, 11, 24, 31, 36, 38]
Iter 184: 
Min Hitting Set: [5, 12, 15, 24, 27, 28, 30, 33, 42, 45, 89, 90]
Min Correction Subset: [2, 9, 10, 13, 19, 37, 48]
Iter 185: 
Min Hitting Set: [5, 11, 15, 19, 24, 27, 28, 30, 33, 45, 89, 90]
Min Correction Subset: [4, 36, 39, 42, 43, 46, 48]
Iter 186: 
Min Hitting Set: [4, 11, 15, 19, 27, 30, 33, 39, 42, 48, 89, 90]
Min Correction Subset: [2, 5, 9, 10, 24, 40, 41]
Iter 187: 
Min Hitting Set: [5, 11, 15, 19, 26, 30, 33, 39, 45, 48, 89, 90]
Min Correction Subset: [4, 17, 24, 27, 34]
Iter 188: 
Min Hitting Set: [6, 9, 12, 15, 24, 27, 33, 36, 39, 45, 89, 90]
Min Correction Subset: [5, 11, 23, 28, 30, 42]
Iter 189: 
Min Hitting Set: [5, 11, 13, 15, 30, 33, 34, 39, 42, 48, 89, 90]
Min Correction Subset: [6, 17, 24, 27, 31, 38]
Iter 190: 
Min Hitting Set: [5, 11, 15, 19, 27, 33, 36, 39, 42, 45, 89, 90]
Min Correction Subset: [4, 6, 24, 31, 38, 46, 48]
Iter 191: 
Min Hitting Set: [5, 6, 15, 19, 27, 33, 36, 39, 42, 45, 89, 90]
Min Correction Subset: [11, 16, 23, 24, 25, 30, 31]
Iter 192: 
Min Hitting Set: [5, 13, 15, 20, 24, 30, 33, 39, 42, 48, 89, 90]
Min Correction Subset: [6, 11, 27, 34, 36, 45]
Iter 193: 
Min Hitting Set: [5, 9, 13, 15, 27, 30, 36, 39, 45, 48, 89, 90]
Min Correction Subset: [11, 33, 34, 40, 41, 42]
Iter 194: 
Min Hitting Set: [12, 15, 24, 27, 30, 33, 36, 45, 47, 48, 89, 90]
Min Correction Subset: [4, 5, 6, 9, 10, 11, 13]
Iter 195: 
Min Hitting Set: [5, 9, 11, 15, 19, 24, 27, 33, 36, 45, 89, 90]
Min Correction Subset: [4, 28, 39, 40, 46, 47, 62]
Iter 196: 
Min Hitting Set: [5, 15, 19, 27, 30, 33, 36, 39, 45, 48, 89, 90]
Min Correction Subset: [2, 9, 10, 23, 24, 31, 40]
Iter 197: 
Min Hitting Set: [5, 13, 15, 24, 27, 30, 33, 39, 42, 48, 89, 90]
Min Correction Subset: [6, 11, 40, 43, 44, 45, 46, 47]
Iter 198: 
Min Hitting Set: [6, 15, 19, 24, 27, 30, 39, 40, 45, 48, 89, 90]
Min Correction Subset: [5, 11, 28, 33, 36, 42]
Iter 199: 
Min Hitting Set: [11, 15, 19, 24, 27, 30, 39, 40, 42, 48, 89, 90]
Min Correction Subset: [4, 5, 6, 33, 36, 45]
Iter 200: 
Min Hitting Set: [5, 13, 15, 24, 27, 30, 39, 42, 47, 48, 89, 90]
Min Correction Subset: [11, 33, 34, 40, 41, 45]
Iter 201: 
Min Hitting Set: [5, 15, 19, 24, 27, 30, 39, 40, 42, 48, 89, 90]
Min Correction Subset: [11, 32, 33, 45, 54, 61]
Iter 202: 
Min Hitting Set: [11, 15, 19, 24, 27, 30, 33, 39, 45, 48, 89, 90]
Min Correction Subset: [4, 5, 6, 9, 10, 12, 16]
Iter 203: 
Min Hitting Set: [5, 11, 13, 15, 24, 27, 33, 36, 39, 42, 89, 90]
Min Correction Subset: [2, 3, 4, 9, 10, 45, 48, 59]
Iter 204: 
Min Hitting Set: [5, 15, 19, 23, 27, 33, 36, 39, 45, 48, 89, 90]
Min Correction Subset: [2, 9, 10, 24, 31, 38, 40]
Iter 205: 
Min Hitting Set: [5, 16, 19, 27, 30, 36, 39, 40, 45, 48, 89, 90]
Min Correction Subset: [15, 17, 24, 32, 33, 66]
Iter 206: 
Min Hitting Set: [6, 8, 12, 24, 27, 30, 33, 45, 47, 48, 89, 90]
Min Correction Subset: [2, 5, 9, 10, 13, 19, 37]
Iter 207: 
Min Hitting Set: [6, 9, 15, 19, 24, 27, 30, 33, 42, 46, 89, 90]
Min Correction Subset: [5, 11, 28, 36, 45, 48]
Iter 208: 
Min Hitting Set: [5, 15, 19, 23, 27, 33, 38, 42, 47, 48, 89, 90]
Min Correction Subset: [11, 24, 39, 45, 46, 62]
Iter 209: 
Min Hitting Set: [5, 13, 15, 23, 24, 27, 33, 42, 47, 48, 89, 90]
Min Correction Subset: [11, 28, 36, 39, 45, 46, 62]
Iter 210: 
Min Hitting Set: [4, 9, 11, 15, 19, 24, 27, 33, 36, 45, 89, 90]
Min Correction Subset: [21, 23, 30, 39, 41, 42, 47, 65]
Iter 211: 
Min Hitting Set: [6, 9, 11, 15, 19, 30, 34, 36, 39, 45, 89, 90]
Min Correction Subset: [4, 5, 27, 33]
Iter 212: 
Min Hitting Set: [4, 11, 15, 19, 24, 27, 28, 33, 42, 45, 89, 90]
Min Correction Subset: [23, 30, 36, 37, 38, 39, 46]
Iter 213: 
Min Hitting Set: [5, 12, 15, 24, 27, 28, 30, 33, 45, 48, 89, 90]
Min Correction Subset: [6, 11, 36, 39, 42, 43, 46]
Iter 214: 
Min Hitting Set: [4, 11, 15, 19, 21, 24, 27, 33, 39, 45, 89, 90]
Min Correction Subset: [2, 5, 9, 10, 37, 42, 48]
Iter 215: 
Min Hitting Set: [11, 16, 19, 24, 27, 30, 33, 39, 45, 48, 89, 90]
Min Correction Subset: [4, 5, 6, 36, 42, 43, 46]
Iter 216: 
Min Hitting Set: [11, 16, 19, 24, 27, 30, 33, 39, 42, 48, 89, 90]
Min Correction Subset: [4, 5, 8, 10, 15, 45]
Iter 217: 
Min Hitting Set: [6, 16, 19, 24, 27, 30, 33, 39, 45, 48, 89, 90]
Min Correction Subset: [5, 11, 21, 36, 42, 43, 65]
Iter 218: 
Min Hitting Set: [5, 15, 19, 27, 30, 36, 39, 40, 45, 48, 89, 90]
Min Correction Subset: [6, 11, 24, 31, 33, 38, 42]
Iter 219: 
Min Hitting Set: [5, 11, 15, 19, 21, 24, 27, 33, 39, 45, 89, 90]
Min Correction Subset: [4, 23, 30, 36, 42, 43]
Iter 220: 
Min Hitting Set: [5, 12, 15, 24, 27, 28, 33, 37, 42, 45, 89, 90]
Min Correction Subset: [11, 36, 39, 40, 43, 46, 47]
Iter 221: 
Min Hitting Set: [4, 11, 15, 19, 21, 24, 27, 33, 42, 46, 89, 90]
Min Correction Subset: [23, 30, 36, 37, 38, 39, 45]
Iter 222: 
Min Hitting Set: [8, 9, 12, 20, 24, 30, 33, 36, 42, 46, 89, 90]
Min Correction Subset: [26, 27, 34, 41, 76, 88]
Iter 223: 
Min Hitting Set: [5, 8, 10, 19, 24, 27, 30, 33, 39, 43, 89, 90]
Min Correction Subset: [6, 11, 36, 42, 45, 48]
Iter 224: 
Min Hitting Set: [5, 12, 15, 24, 27, 33, 36, 42, 47, 48, 89, 90]
Min Correction Subset: [2, 9, 10, 21, 28, 37, 39]
Iter 225: 
Min Hitting Set: [11, 16, 19, 24, 27, 28, 30, 40, 42, 45, 89, 90]
Min Correction Subset: [4, 5, 6, 33, 39]
Iter 226: 
Min Hitting Set: [6, 8, 19, 24, 27, 30, 33, 39, 43, 48, 89, 90]
Min Correction Subset: [5, 11, 28, 36, 42, 45]
Iter 227: 
Min Hitting Set: [5, 13, 15, 24, 27, 37, 42, 45, 46, 48, 89, 90]
Min Correction Subset: [11, 32, 33, 39, 40, 61]
Iter 228: 
Min Hitting Set: [4, 11, 15, 19, 24, 27, 28, 30, 40, 42, 89, 90]
Min Correction Subset: [32, 33, 39, 46, 47, 61]
Iter 229: 
Min Hitting Set: [5, 11, 15, 19, 23, 27, 39, 40, 43, 48, 88, 90]
Min Correction Subset: [30, 37, 89]
Iter 230: 
Min Hitting Set: [5, 11, 12, 15, 27, 30, 39, 40, 45, 48, 88, 90]
Min Correction Subset: [6, 33, 89]
Iter 231: 
Min Hitting Set: [5, 6, 9, 15, 19, 30, 34, 38, 39, 45, 89, 90]
Min Correction Subset: [17, 24, 27, 33, 40]
Iter 232: 
Min Hitting Set: [5, 11, 13, 15, 23, 27, 39, 40, 45, 48, 89, 90]
Min Correction Subset: [4, 6, 24, 31, 36, 38]
Iter 233: 
Min Hitting Set: [5, 8, 9, 13, 24, 27, 30, 33, 42, 46, 89, 90]
Min Correction Subset: [10, 14, 15, 16, 17, 37, 39]
Iter 234: 
Min Hitting Set: [5, 8, 19, 24, 30, 33, 34, 39, 43, 48, 89, 90]
Min Correction Subset: [6, 11, 12, 13, 20, 27]
Iter 235: 
Min Hitting Set: [6, 11, 15, 19, 23, 27, 39, 40, 45, 48, 89, 90]
Min Correction Subset: [4, 5, 33, 36, 42, 43]
Iter 236: 
Min Hitting Set: [5, 13, 15, 23, 27, 33, 38, 39, 43, 48, 89, 90]
Min Correction Subset: [11, 24, 28, 36, 42, 45]
Iter 237: 
Min Hitting Set: [6, 15, 19, 27, 30, 39, 40, 42, 45, 48, 89, 90]
Min Correction Subset: [5, 11, 24, 31, 33, 38]
Iter 238: 
Min Hitting Set: [5, 15, 19, 24, 27, 33, 37, 42, 46, 48, 89, 90]
Min Correction Subset: [11, 12, 13, 36, 38, 39, 40, 45]
Iter 239: 
Min Hitting Set: [5, 8, 13, 24, 30, 33, 34, 39, 43, 48, 88, 90]
Min Correction Subset: [15, 45, 89]
Iter 240: 
Min Hitting Set: [5, 8, 19, 24, 27, 30, 33, 39, 43, 48, 89, 90]
Min Correction Subset: [10, 14, 15, 16, 17, 45, 46]
Iter 241: 
Min Hitting Set: [5, 6, 9, 10, 19, 24, 30, 34, 39, 45, 89, 90]
Min Correction Subset: [11, 27, 33, 42, 54]
Iter 242: 
Min Hitting Set: [5, 15, 19, 24, 27, 30, 33, 39, 43, 48, 89, 90]
Min Correction Subset: [6, 9, 10, 11, 36, 42, 45]
Iter 243: 
Min Hitting Set: [4, 11, 15, 19, 27, 28, 30, 39, 40, 42, 89, 90]
Min Correction Subset: [2, 5, 9, 10, 33, 47, 48]
Iter 244: 
Min Hitting Set: [4, 11, 15, 19, 23, 27, 39, 40, 45, 48, 89, 90]
Min Correction Subset: [24, 30, 31, 36, 37, 38, 54]
Iter 245: 
Min Hitting Set: [4, 11, 15, 19, 27, 30, 39, 40, 45, 48, 89, 90]
Min Correction Subset: [2, 9, 16, 17, 24, 33, 66]
Iter 246: 
Min Hitting Set: [2, 5, 12, 15, 24, 27, 33, 36, 42, 46, 89, 90]
Min Correction Subset: [4, 6, 13, 19, 20, 45, 48]
Iter 247: 
Min Hitting Set: [5, 13, 15, 24, 27, 33, 37, 42, 46, 48, 89, 90]
Min Correction Subset: [2, 3, 4, 9, 10, 36, 45, 59]
Iter 248: 
Min Hitting Set: [5, 6, 13, 15, 24, 27, 33, 36, 39, 48, 89, 90]
Min Correction Subset: [11, 21, 42, 43, 44, 45, 65]
Iter 249: 
Min Hitting Set: [9, 11, 12, 15, 24, 27, 30, 33, 39, 42, 45, 89, 90]
Min Correction Subset: [4, 5, 13, 19, 20, 36, 48]
Iter 250: 
Min Hitting Set: [9, 11, 12, 15, 24, 27, 30, 33, 36, 39, 45, 89, 90]
Min Correction Subset: [4, 5, 6, 13, 19, 20, 42]
Iter 251: 
Min Hitting Set: [5, 9, 11, 15, 19, 24, 27, 30, 33, 39, 45, 89, 90]
Min Correction Subset: [3, 4, 6, 10, 36, 42, 43, 48]
Iter 252: 
Min Hitting Set: [5, 6, 15, 19, 24, 27, 33, 36, 39, 45, 47, 89, 90]
Min Correction Subset: [2, 3, 11, 21, 23, 30, 42, 65]
Iter 253: 
Min Hitting Set: [5, 9, 15, 19, 24, 27, 30, 33, 39, 42, 45, 89, 90]
Min Correction Subset: [1, 2, 4, 6, 8, 11, 36, 48, 72]
Iter 254: 
Min Hitting Set: [5, 9, 15, 19, 24, 27, 33, 36, 39, 42, 45, 89, 90]
Min Correction Subset: [6, 11, 12, 13, 40, 41, 46, 47, 48, 73]
Iter 255: 
Min Hitting Set: [9, 12, 15, 19, 24, 27, 30, 33, 36, 39, 45, 89, 90]
Min Correction Subset: [5, 6, 11, 21, 42, 48, 65]
Iter 256: 
Min Hitting Set: [5, 15, 19, 24, 27, 30, 33, 39, 42, 45, 48, 89, 90]
Min Correction Subset: [3, 4, 6, 9, 10, 11, 12, 36]
Iter 257: 
Min Hitting Set: [5, 15, 19, 24, 27, 33, 36, 39, 42, 45, 48, 89, 90]
Min Correction Subset: [2, 3, 4, 9, 10, 21, 28, 47, 59]
Iter 258: 
Min Hitting Set: [4, 9, 11, 15, 24, 26, 27, 33, 39, 42, 45, 89, 90]
Min Correction Subset: [5, 13, 19, 20, 23, 28, 30, 36]
Iter 259: 
Min Hitting Set: [4, 9, 11, 15, 24, 26, 27, 30, 33, 39, 42, 89, 90]
Min Correction Subset: [34, 36, 40, 43, 44, 45, 46, 47]
Iter 260: 
Min Hitting Set: [4, 9, 11, 15, 26, 27, 30, 33, 39, 42, 45, 89, 90]
Min Correction Subset: [21, 24, 28, 31, 36, 38, 48, 65]
Iter 261: 
Min Hitting Set: [4, 5, 11, 15, 19, 24, 27, 33, 36, 39, 42, 89, 90]
Min Correction Subset: [2, 9, 10, 14, 21, 28, 48, 65]
Iter 262: 
Min Hitting Set: [9, 12, 15, 24, 27, 30, 33, 39, 42, 45, 48, 89, 90]
Min Correction Subset: [5, 6, 11, 13, 19, 20, 36]
Iter 263: 
Min Hitting Set: [5, 8, 9, 13, 24, 27, 30, 33, 39, 42, 45, 89, 90]
Min Correction Subset: [0, 6, 10, 14, 15, 16, 17]
Iter 264: 
Min Hitting Set: [5, 11, 15, 20, 24, 27, 36, 39, 45, 47, 48, 89, 90]
Min Correction Subset: [4, 12, 13, 19, 33, 42]
Iter 265: 
Min Hitting Set: [5, 11, 12, 15, 24, 27, 36, 39, 45, 47, 48, 89, 90]
Min Correction Subset: [4, 21, 23, 30, 33, 42]
Iter 266: 
Min Hitting Set: [4, 9, 11, 12, 15, 24, 27, 30, 33, 39, 45, 89, 90]
Min Correction Subset: [13, 19, 20, 35, 36, 42, 43, 48, 54]
Iter 267: 
Min Hitting Set: [6, 9, 12, 15, 24, 27, 30, 33, 36, 39, 45, 89, 90]
Min Correction Subset: [5, 11, 13, 19, 20, 42, 48]
Iter 268: 
Min Hitting Set: [9, 10, 11, 19, 24, 27, 30, 33, 36, 39, 45, 89, 90]
Min Correction Subset: [1, 2, 4, 5, 8, 15, 72]
Iter 269: 
Min Hitting Set: [4, 9, 11, 12, 15, 24, 27, 30, 33, 36, 45, 89, 90]
Min Correction Subset: [28, 32, 38, 39, 40, 46, 47, 62]
Iter 270: 
Min Hitting Set: [5, 11, 12, 15, 24, 27, 30, 39, 45, 47, 48, 89, 90]
Min Correction Subset: [4, 32, 33, 34, 40, 41, 61]
Iter 271: 
Min Hitting Set: [2, 5, 12, 15, 24, 27, 33, 36, 39, 42, 45, 89, 90]
Min Correction Subset: [9, 10, 13, 19, 21, 28, 47, 48]
Iter 272: 
Min Hitting Set: [4, 11, 15, 19, 24, 27, 30, 33, 39, 45, 48, 89, 90]
Min Correction Subset: [2, 5, 9, 10, 21, 28, 42]
Iter 273: 
Min Hitting Set: [4, 11, 15, 19, 21, 24, 27, 33, 39, 45, 48, 89, 90]
Min Correction Subset: [22, 23, 28, 29, 30, 36, 42]
Iter 274: 
Min Hitting Set: [2, 12, 13, 15, 24, 27, 30, 33, 39, 42, 45, 89, 90]
Min Correction Subset: [5, 6, 9, 10, 11, 36, 48]
Iter 275: 
Min Hitting Set: [2, 5, 13, 15, 27, 30, 33, 36, 39, 45, 48, 89, 90]
Min Correction Subset: [11, 24, 31, 32, 34, 38, 42]
Iter 276: 
Min Hitting Set: [2, 5, 11, 13, 15, 27, 33, 36, 39, 45, 48, 89, 90]
Min Correction Subset: [4, 6, 23, 24, 25, 31, 40]
Iter 277: 
Min Hitting Set: [4, 9, 11, 13, 15, 24, 27, 33, 36, 39, 45, 89, 90]
Min Correction Subset: [1, 2, 5, 8, 19, 23, 26, 30, 72]
Iter 278: 
Min Hitting Set: [4, 9, 11, 15, 19, 24, 27, 33, 36, 39, 45, 89, 90]
Min Correction Subset: [1, 2, 3, 8, 21, 23, 30, 42, 65, 72]
Iter 279: 
Min Hitting Set: [5, 9, 12, 15, 24, 27, 30, 34, 36, 39, 45, 89, 90]
Min Correction Subset: [6, 11, 33, 40, 41, 42]
Iter 280: 
Min Hitting Set: [5, 9, 12, 15, 24, 27, 34, 36, 39, 42, 45, 89, 90]
Min Correction Subset: [11, 21, 23, 30, 33, 40, 41]
Iter 281: 
Min Hitting Set: [5, 9, 12, 15, 24, 27, 30, 33, 36, 39, 45, 89, 90]
Min Correction Subset: [4, 6, 11, 13, 19, 20, 42, 48]
Iter 282: 
Min Hitting Set: [5, 9, 12, 15, 24, 27, 33, 36, 39, 42, 45, 89, 90]
Min Correction Subset: [6, 11, 13, 19, 20, 21, 48, 65]
Iter 283: 
Min Hitting Set: [4, 9, 11, 12, 16, 27, 30, 33, 36, 39, 45, 89, 90]
Min Correction Subset: [15, 17, 24, 25, 48, 66]
Iter 284: 
Min Hitting Set: [5, 9, 15, 19, 24, 27, 30, 33, 36, 45, 47, 89, 90]
Min Correction Subset: [6, 11, 12, 13, 38, 39, 46, 62]
Iter 285: 
Min Hitting Set: [9, 11, 15, 19, 24, 27, 30, 33, 45, 46, 48, 89, 90]
Min Correction Subset: [3, 4, 5, 10, 36, 42, 43]
Iter 286: 
Min Hitting Set: [9, 11, 15, 19, 24, 27, 30, 33, 36, 39, 45, 89, 90]
Min Correction Subset: [4, 5, 6, 8, 10, 21, 48, 65]
Iter 287: 
Min Hitting Set: [6, 9, 11, 12, 15, 27, 30, 33, 36, 39, 45, 89, 90]
Min Correction Subset: [4, 5, 24, 31, 38, 42]
Iter 288: 
Min Hitting Set: [6, 9, 15, 19, 24, 27, 30, 33, 42, 45, 46, 89, 90]
Min Correction Subset: [5, 11, 12, 13, 38, 39]
Iter 289: 
Min Hitting Set: [6, 9, 15, 19, 24, 27, 30, 33, 36, 39, 45, 89, 90]
Min Correction Subset: [5, 11, 12, 42, 43, 48, 54]
Iter 290: 
Min Hitting Set: [4, 9, 11, 15, 19, 24, 27, 30, 33, 39, 45, 89, 90]
Min Correction Subset: [1, 2, 8, 35, 36, 42, 43, 48, 54, 72]
Iter 291: 
Min Hitting Set: [10, 11, 15, 19, 23, 24, 27, 33, 45, 46, 48, 89, 90]
Min Correction Subset: [4, 5, 35, 36, 42, 43, 54]
Iter 292: 
Min Hitting Set: [5, 9, 11, 15, 19, 24, 27, 33, 36, 39, 42, 89, 90]
Min Correction Subset: [4, 21, 34, 40, 45, 46, 47, 48, 65]
Iter 293: 
Min Hitting Set: [4, 9, 11, 15, 19, 27, 30, 32, 33, 36, 45, 89, 90]
Min Correction Subset: [24, 31, 38, 39, 40, 46, 47]
Iter 294: 
Min Hitting Set: [5, 9, 11, 15, 19, 24, 27, 30, 33, 42, 46, 89, 90]
Min Correction Subset: [4, 6, 21, 28, 36, 45, 48, 65]
Iter 295: 
Min Hitting Set: [4, 9, 11, 12, 15, 24, 27, 30, 33, 42, 46, 89, 90]
Min Correction Subset: [13, 19, 20, 21, 28, 36, 45, 48, 65]
Iter 296: 
Min Hitting Set: [10, 11, 15, 19, 24, 27, 30, 33, 36, 39, 45, 89, 90]
Min Correction Subset: [2, 5, 9, 21, 28, 42, 48]
Iter 297: 
Min Hitting Set: [10, 11, 15, 19, 24, 27, 30, 33, 42, 46, 48, 89, 90]
Min Correction Subset: [4, 5, 21, 28, 36, 45, 65]
Iter 298: 
Min Hitting Set: [4, 9, 11, 12, 15, 27, 30, 33, 36, 39, 45, 89, 90]
Min Correction Subset: [13, 19, 20, 24, 31, 38, 42, 48, 76]
Iter 299: 
Min Hitting Set: [4, 9, 11, 12, 15, 24, 27, 30, 33, 36, 39, 89, 90]
Min Correction Subset: [13, 19, 20, 42, 43, 44, 45, 48]
Iter 300: 
Min Hitting Set: [4, 9, 11, 12, 15, 27, 30, 33, 36, 39, 48, 89, 90]
Min Correction Subset: [24, 31, 38, 42, 43, 44, 45]
Iter 301: 
Min Hitting Set: [4, 9, 11, 15, 20, 24, 27, 30, 33, 42, 47, 89, 90]
Min Correction Subset: [28, 36, 39, 45, 46, 48, 62]
Iter 302: 
Min Hitting Set: [6, 9, 12, 15, 24, 27, 30, 33, 36, 42, 46, 89, 90]
Min Correction Subset: [5, 11, 13, 19, 20, 45, 48]
Iter 303: 
Min Hitting Set: [4, 11, 15, 19, 24, 27, 33, 39, 42, 45, 48, 89, 90]
Min Correction Subset: [1, 2, 5, 8, 9, 37, 41, 72]
Iter 304: 
Min Hitting Set: [6, 9, 15, 20, 27, 30, 33, 36, 39, 42, 45, 89, 90]
Min Correction Subset: [5, 11, 12, 13, 19]
Iter 305: 
Min Hitting Set: [6, 9, 13, 15, 24, 27, 30, 33, 39, 42, 45, 89, 90]
Min Correction Subset: [4, 5, 12, 19, 36]
Iter 306: 
Min Hitting Set: [6, 9, 13, 15, 27, 30, 33, 36, 39, 42, 45, 89, 90]
Min Correction Subset: [4, 5, 12, 19, 24]
Iter 307: 
Min Hitting Set: [4, 9, 11, 12, 15, 27, 30, 33, 39, 45, 48, 89, 90]
Min Correction Subset: [24, 31, 35, 36, 38, 42, 43, 54]
Iter 308: 
Min Hitting Set: [6, 9, 12, 15, 27, 30, 33, 36, 39, 42, 45, 89, 90]
Min Correction Subset: [4, 5, 24, 31, 38, 48]
Iter 309: 
Min Hitting Set: [5, 10, 16, 19, 24, 27, 30, 36, 39, 40, 45, 89, 90]
Min Correction Subset: [11, 32, 33, 34, 42, 48, 61]
Iter 310: 
Min Hitting Set: [6, 9, 15, 19, 24, 27, 30, 33, 39, 42, 45, 89, 90]
Min Correction Subset: [5, 11, 21, 28, 36, 48, 65]
Iter 311: 
Min Hitting Set: [5, 8, 10, 13, 24, 27, 30, 33, 39, 42, 45, 89, 90]
Min Correction Subset: [2, 6, 9, 11, 21, 28, 36, 48, 65]
Iter 312: 
Min Hitting Set: [4, 8, 10, 11, 19, 24, 27, 30, 39, 40, 42, 89, 90]
Min Correction Subset: [2, 5, 9, 21, 28, 33, 37]
Iter 313: 
Min Hitting Set: [5, 10, 13, 15, 24, 27, 33, 36, 39, 42, 45, 89, 90]
Min Correction Subset: [1, 2, 8, 9, 21, 28, 37, 48, 72]
Iter 314: 
Min Hitting Set: [4, 9, 11, 15, 19, 24, 27, 33, 39, 42, 45, 89, 90]
Min Correction Subset: [5, 23, 28, 29, 30, 35, 36, 54]
Iter 315: 
Min Hitting Set: [5, 11, 13, 15, 24, 28, 30, 34, 42, 45, 47, 89, 90]
Min Correction Subset: [27, 32, 33, 39, 46]
Iter 316: 
Min Hitting Set: [9, 12, 15, 24, 27, 30, 33, 36, 42, 46, 48, 89, 90]
Min Correction Subset: [5, 6, 11, 13, 19, 20, 45]
Iter 317: 
Min Hitting Set: [6, 9, 11, 15, 19, 24, 27, 36, 39, 40, 42, 89, 90]
Min Correction Subset: [4, 5, 23, 30, 33]
Iter 318: 
Min Hitting Set: [5, 9, 13, 15, 23, 33, 34, 36, 38, 39, 45, 89, 90]
Min Correction Subset: [21, 27, 30, 65]
Iter 319: 
Min Hitting Set: [4, 9, 11, 15, 26, 27, 30, 33, 36, 39, 42, 89, 90]
Min Correction Subset: [5, 12, 18, 19, 24, 45, 48, 55]
Iter 320: 
Min Hitting Set: [5, 6, 15, 19, 21, 24, 34, 39, 42, 45, 47, 89, 90]
Min Correction Subset: [27, 30, 36, 37, 38]
Iter 321: 
Min Hitting Set: [4, 9, 11, 12, 15, 24, 27, 30, 45, 46, 48, 89, 90]
Min Correction Subset: [31, 32, 33, 34, 38, 39, 42]
Iter 322: 
Min Hitting Set: [4, 9, 11, 15, 19, 27, 30, 33, 36, 39, 45, 89, 90]
Min Correction Subset: [1, 2, 8, 24, 31, 38, 42, 48, 72]
Iter 323: 
Min Hitting Set: [5, 9, 13, 16, 24, 27, 30, 33, 36, 45, 47, 89, 90]
Min Correction Subset: [1, 2, 6, 8, 11, 15, 72]
Instance: regions-52-200-860000
----------------------------
Query: 3
Query element:135
Query element:84
Query scope: 135
Query scope: 84
----------------------------
IIS optimality: suboptimal
IIS solution time: 36014.328
IIS Constraint: 5; goods; {good:5}
IIS Constraint: 9; goods; {good:9}
IIS Constraint: 13; goods; {good:13}
IIS Constraint: 16; goods; {good:16}
IIS Constraint: 24; goods; {good:24}
IIS Constraint: 27; goods; {good:27}
IIS Constraint: 30; goods; {good:30}
IIS Constraint: 33; goods; {good:33}
IIS Constraint: 36; goods; {good:36}
IIS Constraint: 45; goods; {good:45}
IIS Constraint: 47; goods; {good:47}
IIS Constraint: 89; query; {bid:84,query:3}
IIS Constraint: 90; max; {f:3162.3212000000003,objective:max}
