IIS generation
Iter 1: 
Min Hitting Set: []
Min Correction Subset: [90]
Iter 2: 
Min Hitting Set: [90]
Min Correction Subset: [38]
Iter 3: 
Min Hitting Set: [38, 90]
Min Correction Subset: [23]
Iter 4: 
Min Hitting Set: [23, 38, 90]
Min Correction Subset: [51]
Iter 5: 
Min Hitting Set: [23, 38, 51, 90]
Min Correction Subset: [16]
Iter 6: 
Min Hitting Set: [16, 23, 38, 51, 90]
Min Correction Subset: [3]
Iter 7: 
Min Hitting Set: [3, 16, 23, 38, 51, 90]
Min Correction Subset: [20]
Iter 8: 
Min Hitting Set: [3, 16, 20, 23, 38, 51, 90]
Min Correction Subset: [24]
Iter 9: 
Min Hitting Set: [3, 16, 20, 23, 24, 38, 51, 90]
Min Correction Subset: [35]
Iter 10: 
Min Hitting Set: [3, 16, 20, 23, 24, 35, 38, 51, 90]
Min Correction Subset: [48]
Iter 11: 
Min Hitting Set: [3, 16, 20, 23, 24, 35, 38, 48, 51, 90]
Min Correction Subset: [47]
Iter 12: 
Min Hitting Set: [3, 16, 20, 23, 24, 35, 38, 47, 48, 51, 90]
Min Correction Subset: [39]
Iter 13: 
Min Hitting Set: [3, 16, 20, 23, 24, 35, 38, 39, 47, 48, 51, 90]
Min Correction Subset: [13]
Iter 14: 
Min Hitting Set: [3, 13, 16, 20, 23, 24, 35, 38, 39, 47, 48, 51, 90]
Min Correction Subset: [6]
Iter 15: 
Min Hitting Set: [3, 6, 13, 16, 20, 23, 24, 35, 38, 39, 47, 48, 51, 90]
Min Correction Subset: [26]
Iter 16: 
Min Hitting Set: [3, 6, 13, 16, 20, 23, 24, 26, 35, 38, 39, 47, 48, 51, 90]
Min Correction Subset: [18]
Iter 17: 
Min Hitting Set: [3, 6, 13, 16, 18, 20, 23, 24, 26, 35, 38, 39, 47, 48, 51, 90]
Min Correction Subset: [28]
Iter 18: 
Min Hitting Set: [3, 6, 13, 16, 18, 20, 23, 24, 26, 28, 35, 38, 39, 47, 48, 51, 90]
Min Correction Subset: [32]
Iter 19: 
Min Hitting Set: [3, 6, 13, 16, 18, 20, 23, 24, 26, 28, 32, 35, 38, 39, 47, 48, 51, 90]
Min Correction Subset: [21]
Iter 20: 
Min Hitting Set: [3, 6, 13, 16, 18, 20, 21, 23, 24, 26, 28, 32, 35, 38, 39, 47, 48, 51, 90]
Min Correction Subset: [17]
Instance: arbitrary-52-200-880000
----------------------------
Query: 8
Query element:42
Query scope: 2
Query scope: 5
Query scope: 12
Query scope: 14
Query scope: 21
Query scope: 23
Query scope: 24
Query scope: 25
Query scope: 26
Query scope: 30
Query scope: 35
Query scope: 58
Query scope: 59
Query scope: 60
Query scope: 61
Query scope: 62
Query scope: 63
Query scope: 64
Query scope: 99
Query scope: 104
Query scope: 105
Query scope: 129
Query scope: 130
Query scope: 137
Query scope: 138
Query scope: 140
Query scope: 143
Query scope: 146
Query scope: 153
Query scope: 156
Query scope: 157
Query scope: 178
Query scope: 180
Query scope: 185
Query scope: 194
Query scope: 195
Query scope: 197
----------------------------
IIS optimality: suboptimal
IIS solution time: 36031.947
IIS Constraint: 3; goods; {good:3}
IIS Constraint: 6; goods; {good:6}
IIS Constraint: 13; goods; {good:13}
IIS Constraint: 16; goods; {good:16}
IIS Constraint: 18; goods; {good:18}
IIS Constraint: 20; goods; {good:20}
IIS Constraint: 21; goods; {good:21}
IIS Constraint: 23; goods; {good:23}
IIS Constraint: 24; goods; {good:24}
IIS Constraint: 26; goods; {good:26}
IIS Constraint: 28; goods; {good:28}
IIS Constraint: 32; goods; {good:32}
IIS Constraint: 35; goods; {good:35}
IIS Constraint: 38; goods; {good:38}
IIS Constraint: 39; goods; {good:39}
IIS Constraint: 47; goods; {good:47}
IIS Constraint: 48; goods; {good:48}
IIS Constraint: 51; goods; {good:51}
IIS Constraint: 90; max; {f:3342.4493,objective:max}
