IIS generation
Iter 1: 
Min Hitting Set: []
Min Correction Subset: [90]
Iter 2: 
Min Hitting Set: [90]
Min Correction Subset: [41]
Iter 3: 
Min Hitting Set: [41, 90]
Min Correction Subset: [9]
Iter 4: 
Min Hitting Set: [9, 41, 90]
Min Correction Subset: [18]
Iter 5: 
Min Hitting Set: [9, 18, 41, 90]
Min Correction Subset: [12]
Iter 6: 
Min Hitting Set: [9, 12, 18, 41, 90]
Min Correction Subset: [8]
Iter 7: 
Min Hitting Set: [8, 9, 12, 18, 41, 90]
Min Correction Subset: [40]
Iter 8: 
Min Hitting Set: [8, 9, 12, 18, 40, 41, 90]
Min Correction Subset: [28]
Iter 9: 
Min Hitting Set: [8, 9, 12, 18, 28, 40, 41, 90]
Min Correction Subset: [17]
Iter 10: 
Min Hitting Set: [8, 9, 12, 17, 18, 28, 40, 41, 90]
Min Correction Subset: [4]
Iter 11: 
Min Hitting Set: [4, 8, 9, 12, 17, 18, 28, 40, 41, 90]
Min Correction Subset: [48]
Iter 12: 
Min Hitting Set: [4, 8, 9, 12, 17, 18, 28, 40, 41, 48, 90]
Min Correction Subset: [3]
Iter 13: 
Min Hitting Set: [3, 4, 8, 9, 12, 17, 18, 28, 40, 41, 48, 90]
Min Correction Subset: [19]
Iter 14: 
Min Hitting Set: [3, 4, 8, 9, 12, 17, 18, 19, 28, 40, 41, 48, 90]
Min Correction Subset: [25, 89]
Iter 15: 
Min Hitting Set: [3, 4, 8, 9, 12, 17, 18, 19, 25, 28, 40, 41, 48, 90]
Min Correction Subset: [31, 37]
Iter 16: 
Min Hitting Set: [3, 4, 8, 9, 12, 17, 18, 19, 25, 28, 31, 40, 41, 48, 90]
Min Correction Subset: [22, 32]
Iter 17: 
Min Hitting Set: [3, 4, 8, 9, 12, 17, 18, 19, 22, 25, 28, 31, 40, 41, 48, 90]
Min Correction Subset: [5, 15]
Iter 18: 
Min Hitting Set: [3, 4, 5, 8, 9, 12, 17, 18, 19, 22, 25, 28, 31, 40, 41, 48, 90]
Min Correction Subset: [14, 32]
Iter 19: 
Min Hitting Set: [3, 4, 5, 8, 9, 12, 17, 18, 19, 25, 28, 31, 32, 40, 41, 48, 90]
Min Correction Subset: [13, 39]
Iter 20: 
Min Hitting Set: [3, 4, 5, 8, 9, 12, 13, 17, 18, 19, 25, 28, 31, 32, 40, 41, 48, 90]
Min Correction Subset: [0, 43]
Iter 21: 
Min Hitting Set: [0, 3, 4, 5, 8, 9, 12, 13, 17, 18, 19, 25, 28, 31, 32, 40, 41, 48, 90]
Min Correction Subset: [20, 39]
Iter 22: 
Min Hitting Set: [0, 3, 4, 5, 8, 9, 12, 17, 18, 19, 25, 28, 31, 32, 39, 40, 41, 48, 90]
Min Correction Subset: [24, 43]
Iter 23: 
Min Hitting Set: [3, 4, 5, 8, 9, 12, 17, 18, 19, 25, 28, 31, 32, 39, 40, 41, 43, 48, 90]
Min Correction Subset: [20, 47]
Iter 24: 
Min Hitting Set: [3, 4, 5, 8, 9, 12, 17, 18, 19, 20, 25, 28, 31, 32, 39, 40, 41, 43, 48, 90]
Min Correction Subset: [15, 88]
Iter 25: 
Min Hitting Set: [3, 4, 8, 9, 12, 15, 17, 18, 19, 20, 25, 28, 31, 32, 39, 40, 41, 43, 48, 90]
Min Correction Subset: [49, 88]
Iter 26: 
Min Hitting Set: [3, 4, 8, 9, 12, 15, 17, 18, 19, 20, 25, 28, 31, 32, 39, 40, 41, 43, 48, 88, 90]
Min Correction Subset: [44, 50]
Iter 27: 
Min Hitting Set: [3, 4, 8, 9, 12, 15, 17, 18, 19, 20, 25, 28, 31, 32, 39, 40, 41, 43, 44, 48, 88, 90]
Min Correction Subset: [1, 45]
Iter 28: 
Min Hitting Set: [1, 3, 4, 8, 9, 12, 15, 17, 18, 19, 20, 25, 28, 31, 32, 39, 40, 41, 43, 44, 48, 88, 90]
Min Correction Subset: [30, 45]
Iter 29: 
Min Hitting Set: [3, 4, 8, 9, 12, 15, 17, 18, 19, 20, 25, 28, 31, 32, 39, 40, 41, 43, 44, 45, 48, 88, 90]
Min Correction Subset: [1, 29]
Iter 30: 
Min Hitting Set: [1, 3, 4, 8, 9, 12, 15, 17, 18, 19, 20, 25, 28, 31, 32, 39, 40, 41, 43, 44, 45, 48, 88, 90]
Min Correction Subset: [24, 29]
Iter 31: 
Min Hitting Set: [3, 4, 8, 9, 12, 15, 17, 18, 19, 20, 25, 28, 29, 31, 32, 39, 40, 41, 43, 44, 45, 48, 88, 90]
Min Correction Subset: [1, 16]
Iter 32: 
Min Hitting Set: [1, 3, 4, 8, 9, 12, 15, 17, 18, 19, 20, 24, 25, 28, 31, 32, 39, 40, 41, 43, 44, 45, 48, 88, 90]
Min Correction Subset: [21, 29]
Iter 33: 
Min Hitting Set: [1, 3, 4, 8, 9, 12, 15, 17, 18, 19, 20, 25, 28, 29, 31, 32, 39, 40, 41, 43, 44, 45, 48, 88, 90]
Min Correction Subset: [30, 47]
Iter 34: 
Min Hitting Set: [1, 3, 4, 8, 9, 12, 15, 17, 18, 19, 25, 28, 29, 30, 31, 32, 39, 40, 41, 43, 44, 47, 48, 88, 90]
Min Correction Subset: [20, 37]
Iter 35: 
Min Hitting Set: [1, 3, 4, 8, 9, 12, 15, 17, 18, 19, 25, 28, 29, 30, 32, 37, 39, 40, 41, 43, 44, 47, 48, 88, 90]
Min Correction Subset: [31, 45]
Iter 36: 
Min Hitting Set: [1, 3, 4, 8, 9, 12, 15, 17, 18, 19, 20, 25, 28, 29, 30, 31, 32, 39, 40, 41, 43, 44, 48, 88, 90]
Min Correction Subset: [14, 33]
Iter 37: 
Min Hitting Set: [1, 3, 4, 8, 9, 12, 14, 15, 17, 18, 19, 20, 25, 28, 29, 30, 31, 32, 39, 40, 41, 43, 44, 48, 88, 90]
Min Correction Subset: [42, 89]
Iter 38: 
Min Hitting Set: [1, 3, 4, 8, 9, 12, 14, 15, 17, 18, 19, 20, 28, 29, 30, 31, 32, 39, 40, 41, 43, 44, 48, 88, 89, 90]
Min Correction Subset: [25, 45]
Iter 39: 
Min Hitting Set: [1, 3, 4, 8, 9, 12, 14, 15, 17, 18, 19, 28, 29, 32, 37, 39, 40, 41, 43, 44, 45, 47, 48, 88, 89, 90]
Min Correction Subset: [20, 38]
Iter 40: 
Min Hitting Set: [1, 3, 4, 8, 9, 12, 14, 15, 17, 18, 19, 20, 28, 29, 30, 31, 32, 39, 40, 41, 43, 44, 45, 48, 88, 89, 90]
Min Correction Subset: [21, 25]
Iter 41: 
Min Hitting Set: [1, 3, 4, 8, 9, 12, 14, 15, 17, 18, 19, 20, 25, 28, 29, 30, 31, 32, 39, 40, 41, 43, 44, 48, 88, 89, 90]
Min Correction Subset: [2, 24, 42]
Iter 42: 
Min Hitting Set: [1, 3, 4, 8, 9, 12, 14, 15, 17, 18, 19, 20, 25, 28, 29, 30, 31, 32, 39, 40, 41, 42, 43, 44, 48, 88, 90]
Min Correction Subset: [16, 36, 38]
Iter 43: 
Min Hitting Set: [3, 4, 8, 9, 12, 14, 15, 16, 17, 18, 19, 25, 28, 29, 32, 37, 38, 39, 40, 41, 42, 43, 44, 45, 47, 48, 88, 90]
Min Correction Subset: [31, 33]
Iter 44: 
Min Hitting Set: [3, 4, 8, 9, 12, 15, 16, 17, 18, 19, 25, 28, 29, 32, 33, 37, 38, 39, 40, 41, 42, 43, 44, 45, 47, 48, 88, 90]
Min Correction Subset: [30, 31]
Iter 45: 
Min Hitting Set: [3, 4, 8, 9, 12, 15, 16, 17, 18, 19, 20, 25, 28, 29, 30, 31, 32, 33, 39, 40, 41, 42, 43, 44, 45, 48, 88, 90]
Min Correction Subset: [1, 51]
Iter 46: 
Min Hitting Set: [1, 3, 4, 8, 9, 12, 15, 17, 18, 19, 20, 25, 28, 29, 30, 31, 32, 33, 38, 39, 40, 41, 42, 43, 44, 48, 88, 90]
Min Correction Subset: [10, 47, 58]
Iter 47: 
Min Hitting Set: [1, 3, 4, 8, 9, 12, 15, 17, 18, 19, 21, 24, 28, 30, 32, 33, 37, 38, 39, 40, 41, 43, 44, 45, 47, 48, 88, 89, 90]
Min Correction Subset: [25, 51]
Iter 48: 
Min Hitting Set: [3, 4, 8, 9, 12, 15, 16, 17, 18, 19, 20, 25, 28, 29, 31, 32, 33, 39, 40, 41, 42, 43, 44, 45, 47, 48, 51, 88, 90]
Min Correction Subset: [21, 26, 30]
Iter 49: 
Min Hitting Set: [1, 3, 4, 8, 9, 12, 15, 17, 18, 19, 25, 28, 29, 30, 32, 33, 37, 38, 39, 40, 41, 42, 43, 44, 45, 47, 48, 88, 90]
Min Correction Subset: [20, 49]
Iter 50: 
Min Hitting Set: [1, 3, 4, 8, 9, 12, 15, 17, 18, 19, 25, 28, 29, 30, 32, 33, 37, 38, 39, 40, 41, 42, 43, 44, 45, 47, 48, 49, 90]
Min Correction Subset: [31, 88]
Iter 51: 
Min Hitting Set: [1, 3, 4, 8, 9, 12, 15, 17, 18, 19, 25, 28, 29, 30, 31, 32, 33, 37, 38, 39, 40, 41, 42, 43, 44, 47, 48, 49, 90]
Min Correction Subset: [20, 46]
Iter 52: 
Min Hitting Set: [1, 3, 4, 8, 9, 12, 15, 16, 17, 18, 19, 20, 25, 28, 29, 30, 31, 32, 33, 39, 40, 41, 42, 43, 44, 47, 48, 88, 90]
Min Correction Subset: [23, 45, 46]
Iter 53: 
Min Hitting Set: [1, 3, 4, 8, 9, 12, 15, 16, 17, 18, 19, 20, 21, 24, 25, 28, 31, 32, 33, 39, 40, 41, 43, 44, 45, 47, 48, 49, 89, 90]
Min Correction Subset: [29, 88]
Iter 54: 
Min Hitting Set: [1, 3, 4, 8, 9, 12, 15, 16, 17, 18, 19, 20, 21, 24, 25, 28, 31, 32, 33, 39, 40, 41, 42, 43, 44, 45, 47, 48, 88, 90]
Min Correction Subset: [22, 26, 51]
Iter 55: 
Min Hitting Set: [3, 4, 8, 9, 12, 14, 15, 16, 17, 18, 19, 20, 22, 25, 26, 28, 29, 31, 39, 40, 41, 42, 43, 44, 45, 47, 48, 49, 51, 90]
Min Correction Subset: [32, 88]
Iter 56: 
Min Hitting Set: [1, 3, 4, 8, 9, 12, 14, 15, 16, 17, 18, 19, 20, 21, 22, 24, 25, 28, 31, 39, 40, 41, 42, 43, 44, 45, 47, 48, 88, 90]
Min Correction Subset: [26, 32]
Iter 57: 
Min Hitting Set: [1, 3, 4, 8, 9, 12, 14, 15, 16, 17, 18, 19, 20, 21, 24, 28, 31, 32, 39, 40, 41, 43, 44, 45, 47, 48, 51, 88, 89, 90]
Min Correction Subset: [25, 33]
Iter 58: 
Min Hitting Set: [1, 3, 4, 8, 9, 12, 15, 16, 17, 18, 19, 20, 21, 24, 28, 31, 32, 33, 39, 40, 41, 43, 44, 45, 47, 48, 51, 88, 89, 90]
Min Correction Subset: [25, 30]
Iter 59: 
Min Hitting Set: [3, 4, 8, 9, 12, 15, 16, 17, 18, 19, 20, 25, 26, 28, 29, 31, 32, 33, 39, 40, 41, 42, 43, 44, 45, 47, 48, 51, 88, 90]
Min Correction Subset: [14, 49, 89]
Iter 60: 
Min Hitting Set: [3, 4, 8, 9, 12, 14, 15, 16, 17, 18, 19, 20, 22, 25, 26, 28, 29, 31, 39, 40, 41, 42, 43, 44, 45, 47, 48, 51, 88, 90]
Min Correction Subset: [1, 5, 89]
Iter 61: 
Min Hitting Set: [3, 4, 5, 8, 9, 12, 14, 16, 17, 18, 19, 20, 22, 25, 26, 28, 29, 31, 39, 40, 41, 42, 43, 44, 45, 47, 48, 51, 88, 90]
Min Correction Subset: [15, 24]
Iter 62: 
Min Hitting Set: [1, 3, 4, 8, 9, 12, 14, 15, 16, 17, 18, 19, 20, 22, 25, 26, 28, 29, 31, 39, 40, 41, 42, 43, 44, 45, 47, 48, 88, 90]
Min Correction Subset: [30, 49, 51]
Iter 63: 
Min Hitting Set: [1, 3, 4, 8, 9, 12, 14, 15, 16, 17, 18, 19, 20, 25, 26, 28, 29, 31, 32, 39, 40, 41, 42, 43, 44, 45, 47, 48, 49, 90]
Min Correction Subset: [24, 88]
Iter 64: 
Min Hitting Set: [3, 4, 8, 9, 12, 15, 16, 17, 18, 19, 20, 25, 28, 29, 30, 31, 32, 33, 39, 40, 41, 42, 43, 44, 45, 47, 48, 51, 88, 89, 90]
Min Correction Subset: [1, 5, 37]
Iter 65: 
Min Hitting Set: [3, 4, 8, 9, 12, 15, 16, 17, 18, 19, 20, 25, 28, 29, 30, 32, 33, 37, 39, 40, 41, 42, 43, 44, 45, 47, 48, 51, 88, 89, 90]
Min Correction Subset: [14, 31]
Iter 66: 
Min Hitting Set: [3, 4, 5, 8, 9, 12, 16, 17, 18, 19, 20, 24, 25, 28, 29, 30, 31, 32, 33, 39, 40, 41, 43, 44, 45, 47, 48, 51, 88, 89, 90]
Min Correction Subset: [15, 42]
Iter 67: 
Min Hitting Set: [1, 3, 4, 8, 9, 12, 14, 15, 16, 17, 18, 19, 20, 25, 26, 28, 29, 31, 32, 39, 40, 41, 42, 43, 44, 45, 47, 48, 51, 88, 90]
Min Correction Subset: [30, 49, 89]
Iter 68: 
Min Hitting Set: [1, 3, 4, 8, 9, 12, 15, 16, 17, 18, 19, 20, 24, 25, 26, 28, 29, 31, 32, 33, 39, 40, 41, 43, 44, 45, 47, 48, 49, 89, 90]
Min Correction Subset: [22, 88]
Iter 69: 
Min Hitting Set: [1, 3, 4, 8, 9, 12, 14, 15, 16, 17, 18, 19, 20, 25, 28, 29, 30, 31, 32, 39, 40, 41, 42, 43, 44, 45, 47, 48, 51, 88, 90]
Min Correction Subset: [33, 34, 50]
Iter 70: 
Min Hitting Set: [1, 3, 4, 8, 9, 12, 14, 15, 16, 17, 18, 19, 20, 25, 28, 29, 30, 31, 32, 39, 40, 41, 42, 43, 45, 47, 48, 50, 51, 88, 90]
Min Correction Subset: [22, 26, 33, 35]
Instance: arbitrary-52-200-500000
----------------------------
Query: 9
Query element:11
Query element:7
Query scope: 5
Query scope: 8
Query scope: 10
Query scope: 26
Query scope: 33
Query scope: 41
Query scope: 57
Query scope: 58
Query scope: 60
Query scope: 65
Query scope: 71
Query scope: 74
Query scope: 75
Query scope: 77
Query scope: 80
Query scope: 89
Query scope: 90
Query scope: 91
Query scope: 93
Query scope: 106
Query scope: 107
Query scope: 109
Query scope: 110
Query scope: 119
Query scope: 122
Query scope: 123
Query scope: 136
Query scope: 139
Query scope: 140
Query scope: 142
Query scope: 143
Query scope: 144
Query scope: 146
Query scope: 158
Query scope: 160
Query scope: 163
Query scope: 164
Query scope: 167
Query scope: 169
Query scope: 171
Query scope: 4
Query scope: 24
Query scope: 29
Query scope: 49
Query scope: 51
Query scope: 61
Query scope: 64
Query scope: 73
Query scope: 105
Query scope: 114
Query scope: 115
Query scope: 116
Query scope: 117
Query scope: 141
Query scope: 145
Query scope: 147
Query scope: 148
Query scope: 159
Query scope: 162
Query scope: 166
Query scope: 170
Query scope: 175
Query scope: 179
Query scope: 194
Query scope: 195
----------------------------
IIS optimality: suboptimal
IIS solution time: 36033.951
IIS Constraint: 1; goods; {good:1}
IIS Constraint: 3; goods; {good:3}
IIS Constraint: 4; goods; {good:4}
IIS Constraint: 8; goods; {good:8}
IIS Constraint: 9; goods; {good:9}
IIS Constraint: 12; goods; {good:12}
IIS Constraint: 14; goods; {good:14}
IIS Constraint: 15; goods; {good:15}
IIS Constraint: 16; goods; {good:16}
IIS Constraint: 17; goods; {good:17}
IIS Constraint: 18; goods; {good:18}
IIS Constraint: 19; goods; {good:19}
IIS Constraint: 20; goods; {good:20}
IIS Constraint: 25; goods; {good:25}
IIS Constraint: 28; goods; {good:28}
IIS Constraint: 29; goods; {good:29}
IIS Constraint: 30; goods; {good:30}
IIS Constraint: 31; goods; {good:31}
IIS Constraint: 32; goods; {good:32}
IIS Constraint: 39; goods; {good:39}
IIS Constraint: 40; goods; {good:40}
IIS Constraint: 41; goods; {good:41}
IIS Constraint: 42; goods; {good:42}
IIS Constraint: 43; goods; {good:43}
IIS Constraint: 45; goods; {good:45}
IIS Constraint: 47; goods; {good:47}
IIS Constraint: 48; goods; {good:48}
IIS Constraint: 50; goods; {good:50}
IIS Constraint: 51; goods; {good:51}
IIS Constraint: 88; query; {good:11,query:9}
IIS Constraint: 90; max; {f:3284.6082,objective:max}
