IIS generation
Iter 1: 
Min Hitting Set: []
Min Correction Subset: [91]
Iter 2: 
Min Hitting Set: [91]
Min Correction Subset: [90]
Iter 3: 
Min Hitting Set: [90, 91]
Min Correction Subset: [18, 23, 24]
Iter 4: 
Min Hitting Set: [18, 90, 91]
Min Correction Subset: [13, 16, 23]
Iter 5: 
Min Hitting Set: [23, 90, 91]
Min Correction Subset: [13, 16, 18]
Iter 6: 
Min Hitting Set: [13, 18, 90, 91]
Min Correction Subset: [23, 24, 26]
Iter 7: 
Min Hitting Set: [16, 23, 90, 91]
Min Correction Subset: [4, 11, 41]
Iter 8: 
Min Hitting Set: [4, 16, 23, 90, 91]
Min Correction Subset: [18, 24, 38]
Iter 9: 
Min Hitting Set: [4, 18, 23, 90, 91]
Min Correction Subset: [8, 12, 13]
Iter 10: 
Min Hitting Set: [4, 13, 24, 90, 91]
Min Correction Subset: [16, 19, 23]
Iter 11: 
Min Hitting Set: [4, 13, 23, 24, 90, 91]
Min Correction Subset: [16, 17, 18, 32]
Iter 12: 
Min Hitting Set: [4, 13, 16, 24, 90, 91]
Min Correction Subset: [23, 26, 41]
Iter 13: 
Min Hitting Set: [13, 16, 24, 41, 90, 91]
Min Correction Subset: [4, 11, 12]
Iter 14: 
Min Hitting Set: [12, 16, 24, 41, 90, 91]
Min Correction Subset: [4, 11, 18]
Iter 15: 
Min Hitting Set: [4, 12, 18, 23, 90, 91]
Min Correction Subset: [6, 13, 16]
Iter 16: 
Min Hitting Set: [4, 13, 18, 23, 90, 91]
Min Correction Subset: [38, 40, 41, 46]
Iter 17: 
Min Hitting Set: [12, 16, 18, 24, 41, 90, 91]
Min Correction Subset: [3, 4, 11]
Iter 18: 
Min Hitting Set: [4, 13, 16, 23, 38, 90, 91]
Min Correction Subset: [24, 26, 32, 34]
Iter 19: 
Min Hitting Set: [4, 13, 16, 24, 41, 90, 91]
Min Correction Subset: [28, 29, 40, 46]
Iter 20: 
Min Hitting Set: [4, 13, 23, 24, 32, 40, 90, 91]
Min Correction Subset: [26, 38, 39, 46]
Iter 21: 
Min Hitting Set: [4, 13, 23, 24, 32, 46, 90, 91]
Min Correction Subset: [38, 41, 43, 44]
Iter 22: 
Min Hitting Set: [11, 13, 16, 24, 41, 46, 90, 91]
Min Correction Subset: [3, 4, 23]
Iter 23: 
Min Hitting Set: [4, 13, 16, 24, 41, 46, 90, 91]
Min Correction Subset: [18, 19, 26, 32]
Iter 24: 
Min Hitting Set: [4, 13, 23, 32, 38, 46, 90, 91]
Min Correction Subset: [24, 28, 29, 41]
Iter 25: 
Min Hitting Set: [4, 13, 23, 28, 32, 38, 90, 91]
Min Correction Subset: [8, 18, 24, 41]
Iter 26: 
Min Hitting Set: [4, 13, 23, 24, 28, 32, 38, 90, 91]
Min Correction Subset: [26, 27, 34, 41]
Iter 27: 
Min Hitting Set: [4, 13, 23, 28, 32, 38, 41, 90, 91]
Min Correction Subset: [8, 16, 18, 19]
Iter 28: 
Min Hitting Set: [4, 13, 19, 24, 32, 41, 46, 90, 91]
Min Correction Subset: [15, 16, 22, 23]
Iter 29: 
Min Hitting Set: [4, 13, 18, 23, 26, 29, 38, 90, 91]
Min Correction Subset: [40, 46, 47, 48]
Iter 30: 
Min Hitting Set: [4, 13, 18, 23, 26, 41, 46, 90, 91]
Min Correction Subset: [21, 22, 29, 36]
Iter 31: 
Min Hitting Set: [4, 13, 19, 22, 24, 32, 41, 46, 90, 91]
Min Correction Subset: [8, 15, 16, 23]
Iter 32: 
Min Hitting Set: [4, 13, 16, 22, 24, 32, 41, 46, 90, 91]
Min Correction Subset: [11, 18, 26, 40]
Iter 33: 
Min Hitting Set: [4, 13, 16, 18, 22, 24, 41, 46, 90, 91]
Min Correction Subset: [26, 28, 29, 40]
Iter 34: 
Min Hitting Set: [4, 13, 16, 22, 24, 26, 38, 40, 90, 91]
Min Correction Subset: [3, 5, 6, 23]
Iter 35: 
Min Hitting Set: [4, 13, 18, 23, 29, 32, 41, 46, 90, 91]
Min Correction Subset: [8, 12, 16, 19]
Iter 36: 
Min Hitting Set: [3, 12, 16, 18, 22, 26, 41, 46, 90, 91]
Min Correction Subset: [4, 11, 23]
Iter 37: 
Min Hitting Set: [4, 8, 16, 23, 26, 29, 38, 46, 90, 91]
Min Correction Subset: [24, 40, 41, 48]
Iter 38: 
Min Hitting Set: [4, 8, 16, 23, 26, 29, 38, 40, 90, 91]
Min Correction Subset: [6, 13, 24, 41]
Iter 39: 
Min Hitting Set: [4, 13, 16, 23, 29, 32, 38, 40, 41, 90, 91]
Min Correction Subset: [18, 24, 25, 31]
Iter 40: 
Min Hitting Set: [11, 13, 16, 23, 24, 29, 32, 41, 46, 90, 91]
Min Correction Subset: [3, 4, 5, 6]
Iter 41: 
Min Hitting Set: [4, 13, 16, 23, 24, 26, 29, 41, 46, 90, 91]
Min Correction Subset: [18, 37, 38, 43, 44]
Iter 42: 
Min Hitting Set: [4, 13, 16, 23, 24, 26, 29, 38, 46, 90, 91]
Min Correction Subset: [40, 41, 47, 48]
Iter 43: 
Min Hitting Set: [4, 13, 16, 22, 23, 24, 26, 38, 40, 90, 91]
Min Correction Subset: [28, 29, 32, 41]
Iter 44: 
Min Hitting Set: [4, 13, 16, 23, 24, 26, 29, 38, 40, 90, 91]
Min Correction Subset: [10, 11, 41, 68]
Iter 45: 
Min Hitting Set: [4, 13, 16, 18, 23, 26, 29, 40, 41, 90, 91]
Min Correction Subset: [38, 39, 46, 72]
Iter 46: 
Min Hitting Set: [4, 13, 16, 18, 22, 23, 26, 41, 46, 90, 91]
Min Correction Subset: [12, 24, 28, 29]
Iter 47: 
Min Hitting Set: [4, 12, 13, 18, 22, 23, 26, 41, 46, 90, 91]
Min Correction Subset: [8, 11, 16, 19]
Iter 48: 
Min Hitting Set: [4, 8, 13, 18, 23, 29, 32, 41, 46, 90, 91]
Min Correction Subset: [10, 11, 26, 40]
Iter 49: 
Min Hitting Set: [4, 8, 16, 18, 23, 26, 29, 41, 46, 90, 91]
Min Correction Subset: [7, 10, 11, 12, 13]
Iter 50: 
Min Hitting Set: [3, 8, 11, 16, 24, 26, 29, 38, 40, 90, 91]
Min Correction Subset: [4, 23, 28, 41]
Iter 51: 
Min Hitting Set: [3, 8, 11, 16, 18, 24, 29, 41, 46, 90, 91]
Min Correction Subset: [4, 6, 12, 13]
Iter 52: 
Min Hitting Set: [3, 11, 12, 16, 18, 22, 26, 41, 46, 90, 91]
Min Correction Subset: [4, 23, 24]
Iter 53: 
Min Hitting Set: [4, 8, 13, 18, 23, 26, 29, 41, 46, 90, 91]
Min Correction Subset: [10, 11, 32, 39, 68]
Iter 54: 
Min Hitting Set: [6, 11, 12, 18, 23, 29, 32, 41, 46, 90, 91]
Min Correction Subset: [4, 13, 16]
Iter 55: 
Min Hitting Set: [3, 11, 13, 16, 18, 24, 29, 41, 46, 90, 91]
Min Correction Subset: [23, 26, 32, 33]
Iter 56: 
Min Hitting Set: [4, 11, 13, 18, 19, 23, 29, 32, 41, 46, 90, 91]
Min Correction Subset: [8, 16, 26, 40]
Iter 57: 
Min Hitting Set: [4, 6, 8, 11, 18, 23, 29, 32, 41, 46, 90, 91]
Min Correction Subset: [13, 16, 26]
Iter 58: 
Min Hitting Set: [6, 8, 11, 13, 18, 23, 29, 32, 41, 46, 90, 91]
Min Correction Subset: [3, 4, 24]
Iter 59: 
Min Hitting Set: [4, 8, 11, 13, 18, 23, 29, 32, 41, 46, 90, 91]
Min Correction Subset: [26, 38, 40, 43, 44]
Iter 60: 
Min Hitting Set: [3, 12, 16, 18, 22, 23, 32, 39, 40, 41, 90, 91]
Min Correction Subset: [4, 11, 70]
Iter 61: 
Min Hitting Set: [4, 12, 16, 18, 22, 23, 32, 39, 40, 41, 90, 91]
Min Correction Subset: [11, 24, 28, 29]
Iter 62: 
Min Hitting Set: [3, 11, 12, 13, 18, 22, 23, 26, 41, 46, 90, 91]
Min Correction Subset: [4, 8, 16, 19]
Iter 63: 
Min Hitting Set: [3, 11, 12, 16, 18, 22, 23, 26, 41, 46, 90, 91]
Min Correction Subset: [4, 24, 28, 29]
Iter 64: 
Min Hitting Set: [3, 11, 12, 16, 22, 24, 26, 38, 41, 46, 90, 91]
Min Correction Subset: [4, 5, 6, 23]
Iter 65: 
Min Hitting Set: [3, 11, 12, 16, 18, 23, 26, 29, 41, 46, 90, 91]
Min Correction Subset: [4, 5, 6, 13, 39]
Iter 66: 
Min Hitting Set: [3, 11, 13, 16, 18, 23, 26, 29, 41, 46, 90, 91]
Min Correction Subset: [37, 38, 43, 44, 45]
Iter 67: 
Min Hitting Set: [4, 13, 16, 22, 23, 24, 32, 38, 40, 41, 90, 91]
Min Correction Subset: [12, 21, 28, 29, 58]
Iter 68: 
Min Hitting Set: [4, 11, 13, 16, 23, 24, 26, 29, 38, 40, 90, 91]
Min Correction Subset: [5, 6, 34, 41, 48]
Iter 69: 
Min Hitting Set: [4, 13, 16, 23, 24, 29, 32, 38, 40, 41, 90, 91]
Min Correction Subset: [10, 11, 12, 18, 68]
Iter 70: 
Min Hitting Set: [4, 13, 16, 18, 23, 29, 32, 38, 40, 41, 90, 91]
Min Correction Subset: [5, 10, 11, 12, 68]
Iter 71: 
Min Hitting Set: [4, 6, 8, 11, 18, 23, 26, 29, 38, 40, 90, 91]
Min Correction Subset: [12, 13, 16]
Iter 72: 
Min Hitting Set: [6, 8, 11, 16, 23, 24, 26, 29, 38, 40, 90, 91]
Min Correction Subset: [3, 4, 28, 32]
Iter 73: 
Min Hitting Set: [4, 6, 11, 12, 18, 23, 26, 29, 38, 40, 90, 91]
Min Correction Subset: [8, 13, 41]
Iter 74: 
Min Hitting Set: [3, 11, 13, 16, 18, 23, 26, 29, 38, 48, 90, 91]
Min Correction Subset: [24, 40, 41, 46]
Iter 75: 
Min Hitting Set: [4, 12, 16, 18, 23, 29, 32, 38, 40, 41, 90, 91]
Min Correction Subset: [11, 21, 22, 24, 26]
Iter 76: 
Min Hitting Set: [3, 11, 13, 16, 18, 23, 29, 34, 38, 40, 90, 91]
Min Correction Subset: [4, 26, 32, 56]
Iter 77: 
Min Hitting Set: [3, 4, 8, 11, 16, 24, 26, 29, 38, 48, 90, 91]
Min Correction Subset: [6, 13, 23, 41]
Iter 78: 
Min Hitting Set: [3, 4, 12, 16, 24, 29, 32, 38, 40, 41, 90, 91]
Min Correction Subset: [10, 11, 18, 23]
Iter 79: 
Min Hitting Set: [4, 12, 16, 23, 24, 29, 32, 38, 40, 41, 90, 91]
Min Correction Subset: [10, 11, 18, 26, 68]
Iter 80: 
Min Hitting Set: [3, 11, 13, 16, 23, 24, 26, 29, 38, 48, 90, 91]
Min Correction Subset: [4, 40, 41, 46]
Iter 81: 
Min Hitting Set: [4, 11, 13, 16, 23, 24, 26, 29, 38, 48, 90, 91]
Min Correction Subset: [21, 22, 40, 41, 46]
Iter 82: 
Min Hitting Set: [4, 6, 8, 11, 16, 24, 26, 29, 38, 40, 90, 91]
Min Correction Subset: [12, 13, 23, 41]
Iter 83: 
Min Hitting Set: [4, 5, 11, 13, 16, 18, 26, 29, 38, 40, 90, 91]
Min Correction Subset: [23, 24, 72]
Iter 84: 
Min Hitting Set: [4, 6, 11, 13, 16, 24, 26, 29, 38, 40, 90, 91]
Min Correction Subset: [23, 34, 41, 48]
Iter 85: 
Min Hitting Set: [4, 8, 11, 13, 18, 23, 29, 34, 38, 40, 90, 91]
Min Correction Subset: [16, 26, 32, 41]
Iter 86: 
Min Hitting Set: [4, 11, 13, 16, 18, 23, 29, 34, 38, 40, 90, 91]
Min Correction Subset: [8, 26, 32, 41]
Iter 87: 
Min Hitting Set: [5, 11, 13, 16, 23, 24, 29, 32, 38, 40, 41, 90, 91]
Min Correction Subset: [3, 4, 39, 46]
Iter 88: 
Min Hitting Set: [5, 11, 13, 16, 23, 24, 29, 32, 38, 41, 46, 90, 91]
Min Correction Subset: [4, 18, 26, 40]
Iter 89: 
Min Hitting Set: [3, 4, 11, 13, 16, 24, 26, 29, 38, 41, 48, 90, 91]
Min Correction Subset: [23, 31, 40, 46]
Iter 90: 
Min Hitting Set: [3, 11, 13, 16, 23, 24, 26, 29, 38, 40, 41, 90, 91]
Min Correction Subset: [4, 5, 6, 18, 39]
Iter 91: 
Min Hitting Set: [4, 12, 16, 18, 23, 24, 29, 32, 38, 40, 41, 90, 91]
Min Correction Subset: [3, 10, 11, 26, 68]
Iter 92: 
Min Hitting Set: [4, 11, 13, 16, 23, 24, 29, 32, 38, 40, 41, 90, 91]
Min Correction Subset: [10, 12, 18, 19, 26]
Iter 93: 
Min Hitting Set: [4, 12, 16, 18, 23, 26, 29, 32, 38, 41, 48, 90, 91]
Min Correction Subset: [24, 25, 40, 46]
Iter 94: 
Min Hitting Set: [4, 12, 16, 18, 23, 26, 29, 32, 38, 40, 41, 90, 91]
Min Correction Subset: [3, 10, 11, 24, 68]
Iter 95: 
Min Hitting Set: [4, 8, 10, 16, 18, 23, 26, 29, 38, 41, 46, 90, 91]
Min Correction Subset: [5, 6, 12, 13, 71]
Iter 96: 
Min Hitting Set: [3, 6, 11, 12, 16, 24, 26, 29, 38, 41, 46, 90, 91]
Min Correction Subset: [4, 18, 23, 28]
Iter 97: 
Min Hitting Set: [4, 11, 13, 16, 23, 24, 26, 29, 38, 40, 41, 90, 91]
Min Correction Subset: [8, 10, 17, 18, 28]
Iter 98: 
Min Hitting Set: [4, 6, 8, 10, 16, 23, 24, 26, 29, 38, 40, 90, 91]
Min Correction Subset: [12, 13, 34, 41, 48]
Iter 99: 
Min Hitting Set: [4, 6, 8, 10, 16, 24, 26, 29, 38, 40, 41, 90, 91]
Min Correction Subset: [12, 13, 23, 28]
Iter 100: 
Min Hitting Set: [4, 10, 13, 16, 18, 23, 24, 29, 38, 41, 48, 90, 91]
Min Correction Subset: [26, 33, 40, 46]
Iter 101: 
Min Hitting Set: [4, 10, 13, 16, 18, 23, 24, 29, 38, 41, 46, 90, 91]
Min Correction Subset: [26, 32, 34, 56]
Iter 102: 
Min Hitting Set: [4, 10, 13, 16, 18, 23, 26, 29, 34, 38, 40, 90, 91]
Min Correction Subset: [5, 6, 24, 41]
Iter 103: 
Min Hitting Set: [4, 10, 13, 16, 18, 23, 26, 29, 38, 40, 41, 90, 91]
Min Correction Subset: [24, 25, 35, 36, 37, 72]
Iter 104: 
Min Hitting Set: [4, 10, 13, 16, 23, 24, 26, 29, 38, 46, 48, 90, 91]
Min Correction Subset: [5, 6, 28, 32, 41]
Iter 105: 
Min Hitting Set: [4, 11, 12, 13, 18, 23, 26, 29, 37, 41, 46, 90, 91]
Min Correction Subset: [3, 8, 16, 19]
Iter 106: 
Min Hitting Set: [4, 5, 10, 13, 16, 23, 24, 26, 29, 38, 40, 90, 91]
Min Correction Subset: [11, 18, 34, 41, 48]
Iter 107: 
Min Hitting Set: [4, 5, 10, 13, 16, 24, 26, 29, 34, 38, 40, 90, 91]
Min Correction Subset: [21, 22, 23, 41]
Iter 108: 
Min Hitting Set: [4, 11, 12, 16, 18, 23, 32, 36, 38, 40, 41, 90, 91]
Min Correction Subset: [3, 24, 28, 29]
Iter 109: 
Min Hitting Set: [3, 4, 12, 16, 18, 24, 32, 36, 38, 40, 41, 90, 91]
Min Correction Subset: [23, 28, 29, 30]
Iter 110: 
Min Hitting Set: [4, 10, 13, 16, 23, 24, 26, 29, 37, 41, 46, 90, 91]
Min Correction Subset: [8, 18, 38, 43, 44]
Iter 111: 
Min Hitting Set: [4, 10, 12, 16, 23, 24, 32, 36, 38, 40, 41, 90, 91]
Min Correction Subset: [21, 26, 28, 29, 58]
Iter 112: 
Min Hitting Set: [4, 10, 13, 16, 23, 24, 29, 32, 34, 38, 40, 90, 91]
Min Correction Subset: [8, 18, 26, 41]
Iter 113: 
Min Hitting Set: [4, 8, 10, 13, 23, 24, 29, 32, 34, 38, 40, 90, 91]
Min Correction Subset: [16, 17, 18, 41]
Iter 114: 
Min Hitting Set: [3, 4, 12, 16, 18, 24, 29, 32, 38, 40, 41, 90, 91]
Min Correction Subset: [10, 11, 23, 26]
Iter 115: 
Min Hitting Set: [4, 10, 12, 16, 23, 24, 29, 32, 38, 40, 41, 90, 91]
Min Correction Subset: [18, 19, 21, 22, 26]
Iter 116: 
Min Hitting Set: [4, 10, 13, 16, 18, 23, 26, 29, 37, 41, 46, 90, 91]
Min Correction Subset: [24, 38, 39, 43, 44]
Iter 117: 
Min Hitting Set: [4, 10, 13, 16, 23, 24, 26, 29, 38, 41, 48, 90, 91]
Min Correction Subset: [3, 21, 22, 40, 46]
Iter 118: 
Min Hitting Set: [4, 10, 12, 16, 21, 23, 24, 32, 38, 40, 41, 90, 91]
Min Correction Subset: [18, 19, 20, 26, 27]
Iter 119: 
Min Hitting Set: [4, 10, 13, 16, 23, 24, 26, 29, 38, 40, 41, 90, 91]
Min Correction Subset: [8, 18, 35, 36, 37, 44]
Iter 120: 
Min Hitting Set: [4, 10, 12, 16, 23, 24, 26, 36, 38, 41, 46, 90, 91]
Min Correction Subset: [15, 21, 22, 28, 29]
Iter 121: 
Min Hitting Set: [4, 5, 10, 13, 16, 24, 26, 29, 41, 44, 46, 90, 91]
Min Correction Subset: [19, 20, 23, 27, 28]
Iter 122: 
Min Hitting Set: [4, 10, 12, 16, 21, 23, 24, 26, 41, 44, 46, 90, 91]
Min Correction Subset: [28, 29, 35, 36, 37]
Iter 123: 
Min Hitting Set: [4, 10, 12, 16, 23, 24, 26, 29, 41, 44, 46, 90, 91]
Min Correction Subset: [13, 18, 19, 20, 27, 34]
Iter 124: 
Min Hitting Set: [4, 10, 13, 16, 23, 24, 26, 29, 41, 44, 46, 90, 91]
Min Correction Subset: [11, 18, 21, 22, 28, 32]
Iter 125: 
Min Hitting Set: [3, 11, 13, 18, 19, 23, 24, 29, 32, 34, 38, 40, 90, 91]
Min Correction Subset: [4, 16, 22, 28]
Iter 126: 
Min Hitting Set: [4, 11, 13, 18, 19, 23, 24, 29, 34, 38, 40, 41, 90, 91]
Min Correction Subset: [3, 26, 32, 33, 56]
Iter 127: 
Min Hitting Set: [4, 10, 13, 16, 21, 23, 24, 26, 37, 38, 40, 41, 90, 91]
Min Correction Subset: [5, 6, 28, 29, 32]
Iter 128: 
Min Hitting Set: [4, 10, 13, 19, 23, 24, 29, 32, 37, 38, 40, 41, 90, 91]
Min Correction Subset: [8, 9, 16, 17, 18]
Iter 129: 
Min Hitting Set: [4, 12, 16, 18, 23, 24, 26, 29, 32, 38, 41, 46, 90, 91]
Min Correction Subset: [10, 11, 39, 40, 68]
Iter 130: 
Min Hitting Set: [4, 10, 13, 18, 19, 23, 24, 26, 29, 38, 40, 41, 90, 91]
Min Correction Subset: [8, 15, 16, 21, 22]
Iter 131: 
Min Hitting Set: [4, 11, 12, 16, 18, 23, 24, 26, 29, 38, 40, 41, 90, 91]
Min Correction Subset: [6, 13, 19, 20, 27, 34, 39]
Iter 132: 
Min Hitting Set: [4, 8, 12, 13, 23, 24, 26, 29, 32, 38, 40, 41, 90, 91]
Min Correction Subset: [11, 16, 18, 19]
Iter 133: 
Min Hitting Set: [6, 11, 12, 16, 18, 23, 24, 29, 32, 41, 44, 46, 90, 91]
Min Correction Subset: [3, 4, 26, 40]
Iter 134: 
Min Hitting Set: [3, 6, 8, 11, 13, 16, 23, 24, 26, 29, 38, 40, 90, 91]
Min Correction Subset: [4, 34, 41, 48]
Iter 135: 
Min Hitting Set: [4, 6, 8, 11, 13, 16, 23, 24, 26, 29, 38, 40, 90, 91]
Min Correction Subset: [34, 41, 46, 47, 48]
Iter 136: 
Min Hitting Set: [4, 8, 11, 13, 23, 24, 26, 29, 32, 38, 41, 46, 90, 91]
Min Correction Subset: [12, 16, 18, 19]
Iter 137: 
Min Hitting Set: [4, 8, 11, 13, 18, 23, 24, 26, 29, 37, 41, 46, 90, 91]
Min Correction Subset: [16, 19, 20, 22, 28]
Iter 138: 
Min Hitting Set: [3, 11, 13, 16, 18, 23, 24, 26, 29, 38, 41, 48, 90, 91]
Min Correction Subset: [5, 6, 12, 40, 46]
Iter 139: 
Min Hitting Set: [4, 8, 11, 13, 19, 23, 24, 29, 32, 38, 40, 41, 90, 91]
Min Correction Subset: [10, 16, 17, 18, 26]
Iter 140: 
Min Hitting Set: [4, 11, 13, 16, 18, 23, 24, 26, 29, 38, 40, 41, 90, 91]
Min Correction Subset: [5, 6, 12, 21, 22, 39, 46]
Iter 141: 
Min Hitting Set: [3, 11, 13, 16, 18, 23, 24, 29, 32, 38, 41, 46, 90, 91]
Min Correction Subset: [26, 33, 40, 43, 44]
Iter 142: 
Min Hitting Set: [4, 10, 13, 16, 23, 24, 26, 28, 36, 38, 46, 48, 90, 91]
Min Correction Subset: [37, 40, 41, 43, 44]
Iter 143: 
Min Hitting Set: [3, 5, 11, 13, 16, 24, 26, 28, 36, 38, 40, 41, 90, 91]
Min Correction Subset: [22, 23, 29, 37, 42]
Iter 144: 
Min Hitting Set: [4, 10, 13, 16, 23, 24, 26, 28, 36, 44, 46, 48, 90, 91]
Min Correction Subset: [5, 6, 8, 18, 40, 41]
Iter 145: 
Min Hitting Set: [4, 8, 11, 13, 18, 23, 26, 28, 36, 41, 44, 46, 90, 91]
Min Correction Subset: [3, 5, 6, 16, 19]
Iter 146: 
Min Hitting Set: [4, 11, 13, 16, 18, 23, 29, 32, 37, 39, 40, 41, 90, 91]
Min Correction Subset: [24, 26, 38, 43, 44]
Iter 147: 
Min Hitting Set: [3, 11, 13, 16, 18, 23, 24, 29, 32, 41, 44, 46, 90, 91]
Min Correction Subset: [4, 19, 20, 26, 27]
Iter 148: 
Min Hitting Set: [3, 11, 13, 16, 18, 23, 24, 26, 29, 38, 41, 46, 90, 91]
Min Correction Subset: [4, 37, 40, 43, 44]
Iter 149: 
Min Hitting Set: [5, 11, 13, 16, 23, 24, 26, 28, 29, 41, 44, 46, 90, 91]
Min Correction Subset: [3, 4, 21, 22]
Iter 150: 
Min Hitting Set: [4, 8, 11, 13, 16, 23, 24, 26, 29, 38, 41, 46, 90, 91]
Min Correction Subset: [3, 37, 40, 43, 44]
Iter 151: 
Min Hitting Set: [6, 11, 13, 16, 22, 23, 24, 26, 28, 41, 44, 46, 90, 91]
Min Correction Subset: [3, 4, 40, 48]
Iter 152: 
Min Hitting Set: [4, 10, 13, 16, 21, 23, 24, 26, 29, 41, 44, 46, 90, 91]
Min Correction Subset: [11, 18, 28, 32, 38, 39]
Iter 153: 
Min Hitting Set: [4, 10, 13, 16, 18, 23, 24, 26, 29, 37, 41, 46, 90, 91]
Min Correction Subset: [38, 39, 40, 43, 44]
Iter 154: 
Min Hitting Set: [4, 8, 11, 13, 16, 23, 24, 26, 29, 41, 44, 46, 90, 91]
Min Correction Subset: [5, 6, 12, 21, 22, 28, 32]
Iter 155: 
Min Hitting Set: [4, 12, 16, 18, 23, 24, 26, 29, 39, 41, 44, 46, 90, 91]
Min Correction Subset: [10, 11, 40, 48, 68]
Iter 156: 
Min Hitting Set: [4, 11, 13, 16, 23, 24, 26, 28, 29, 41, 44, 46, 90, 91]
Min Correction Subset: [8, 10, 17, 18, 40]
Iter 157: 
Min Hitting Set: [4, 6, 8, 11, 16, 23, 24, 26, 29, 34, 38, 40, 90, 91]
Min Correction Subset: [7, 12, 13, 18, 46]
Iter 158: 
Min Hitting Set: [4, 10, 13, 16, 18, 23, 26, 28, 36, 41, 44, 46, 90, 91]
Min Correction Subset: [5, 6, 12, 24, 25, 40]
Iter 159: 
Min Hitting Set: [4, 10, 12, 16, 18, 23, 26, 29, 37, 39, 40, 41, 90, 91]
Min Correction Subset: [38, 43, 44, 46, 72]
Iter 160: 
Min Hitting Set: [4, 10, 13, 16, 23, 24, 26, 29, 32, 41, 44, 46, 90, 91]
Min Correction Subset: [18, 19, 20, 21, 22, 27, 28]
Iter 161: 
Min Hitting Set: [4, 10, 13, 16, 18, 23, 24, 29, 32, 41, 44, 46, 90, 91]
Min Correction Subset: [19, 20, 26, 27, 40]
Iter 162: 
Min Hitting Set: [3, 11, 12, 16, 18, 23, 26, 29, 37, 39, 41, 46, 90, 91]
Min Correction Subset: [24, 28, 38, 43, 44]
Iter 163: 
Min Hitting Set: [4, 6, 10, 13, 16, 22, 24, 26, 28, 44, 46, 48, 90, 91]
Min Correction Subset: [8, 18, 23, 41]
Iter 164: 
Min Hitting Set: [4, 12, 16, 18, 23, 24, 26, 29, 38, 39, 40, 41, 90, 91]
Min Correction Subset: [3, 10, 11, 21, 22, 68]
Iter 165: 
Min Hitting Set: [4, 10, 13, 16, 23, 24, 26, 28, 29, 41, 44, 46, 90, 91]
Min Correction Subset: [11, 18, 21, 22, 35, 36, 37]
Iter 166: 
Min Hitting Set: [4, 10, 13, 16, 23, 24, 26, 28, 36, 41, 44, 46, 90, 91]
Min Correction Subset: [18, 19, 20, 27, 32, 38, 39]
Iter 167: 
Min Hitting Set: [3, 11, 13, 16, 18, 22, 23, 24, 26, 28, 34, 38, 40, 90, 91]
Min Correction Subset: [4, 5, 6, 39, 46]
Iter 168: 
Min Hitting Set: [4, 11, 13, 16, 18, 22, 23, 24, 26, 28, 38, 40, 41, 90, 91]
Min Correction Subset: [3, 29, 36, 42, 43, 44, 73]
Iter 169: 
Min Hitting Set: [3, 6, 11, 13, 16, 18, 23, 24, 26, 29, 38, 40, 48, 90, 91]
Min Correction Subset: [4, 27, 28, 34, 41]
Iter 170: 
Min Hitting Set: [3, 6, 11, 13, 16, 23, 24, 26, 28, 36, 38, 40, 48, 90, 91]
Min Correction Subset: [4, 18, 19, 20, 27]
Iter 171: 
Min Hitting Set: [3, 6, 11, 13, 16, 18, 23, 26, 28, 36, 38, 40, 48, 90, 91]
Min Correction Subset: [24, 39, 41, 46]
Iter 172: 
Min Hitting Set: [3, 4, 11, 13, 16, 18, 22, 24, 26, 28, 38, 40, 48, 90, 91]
Min Correction Subset: [23, 27, 34, 41]
Iter 173: 
Min Hitting Set: [3, 6, 11, 13, 16, 18, 23, 26, 28, 36, 38, 40, 41, 90, 91]
Min Correction Subset: [4, 12, 24, 39, 46]
Iter 174: 
Min Hitting Set: [3, 6, 11, 12, 16, 18, 23, 26, 28, 36, 38, 40, 41, 90, 91]
Min Correction Subset: [4, 21, 22, 24, 39, 46]
Iter 175: 
Min Hitting Set: [4, 10, 12, 13, 16, 18, 23, 24, 26, 29, 38, 40, 41, 90, 91]
Min Correction Subset: [3, 5, 6, 28, 35, 36, 37]
Iter 176: 
Min Hitting Set: [3, 6, 11, 13, 16, 18, 23, 24, 26, 29, 38, 40, 41, 90, 91]
Min Correction Subset: [4, 12, 39, 46, 47, 48, 54]
Iter 177: 
Min Hitting Set: [3, 4, 11, 13, 16, 18, 22, 24, 28, 32, 38, 40, 41, 90, 91]
Min Correction Subset: [23, 26, 35, 36, 37]
Iter 178: 
Min Hitting Set: [3, 4, 11, 13, 16, 18, 22, 24, 26, 28, 38, 40, 41, 90, 91]
Min Correction Subset: [12, 23, 30, 37, 79]
Iter 179: 
Min Hitting Set: [3, 6, 11, 12, 16, 18, 22, 24, 26, 28, 38, 40, 41, 90, 91]
Min Correction Subset: [4, 23, 35, 36, 37]
Iter 180: 
Min Hitting Set: [3, 6, 11, 12, 16, 18, 23, 24, 26, 29, 38, 40, 41, 90, 91]
Min Correction Subset: [4, 5, 35, 36, 37, 39, 46]
Iter 181: 
Min Hitting Set: [3, 11, 13, 16, 18, 22, 23, 24, 26, 29, 41, 44, 46, 90, 91]
Min Correction Subset: [4, 5, 6, 12, 28, 32]
Iter 182: 
Min Hitting Set: [3, 8, 11, 13, 18, 23, 26, 28, 36, 38, 40, 41, 46, 90, 91]
Min Correction Subset: [4, 5, 6, 16, 19]
Iter 183: 
Min Hitting Set: [3, 4, 12, 13, 16, 18, 23, 24, 29, 32, 38, 40, 41, 90, 91]
Min Correction Subset: [10, 11, 39, 46, 68]
Iter 184: 
Min Hitting Set: [4, 11, 13, 16, 18, 23, 29, 32, 36, 38, 40, 41, 46, 90, 91]
Min Correction Subset: [3, 5, 6, 24, 26]
Iter 185: 
Min Hitting Set: [4, 6, 8, 11, 12, 18, 23, 26, 28, 36, 38, 40, 46, 90, 91]
Min Correction Subset: [13, 16, 41]
Iter 186: 
Min Hitting Set: [4, 6, 11, 13, 16, 18, 23, 24, 26, 29, 38, 40, 41, 90, 91]
Min Correction Subset: [12, 28, 35, 36, 37, 39, 46]
Iter 187: 
Min Hitting Set: [4, 11, 13, 16, 18, 23, 24, 29, 32, 37, 40, 41, 46, 90, 91]
Min Correction Subset: [3, 26, 38, 43, 44]
Iter 188: 
Min Hitting Set: [4, 11, 13, 16, 22, 23, 24, 26, 28, 36, 38, 40, 48, 90, 91]
Min Correction Subset: [10, 18, 19, 20, 27, 41]
Iter 189: 
Min Hitting Set: [4, 10, 13, 16, 21, 23, 24, 26, 29, 37, 38, 41, 46, 90, 91]
Min Correction Subset: [11, 18, 33, 40, 43, 44]
Iter 190: 
Min Hitting Set: [4, 10, 13, 16, 22, 23, 24, 26, 29, 37, 38, 40, 41, 90, 91]
Min Correction Subset: [18, 19, 20, 27, 39, 46]
Iter 191: 
Min Hitting Set: [4, 5, 11, 13, 16, 18, 23, 24, 26, 29, 38, 40, 46, 90, 91]
Min Correction Subset: [28, 32, 34, 41, 48]
Iter 192: 
Min Hitting Set: [4, 11, 13, 16, 18, 22, 23, 26, 29, 37, 38, 40, 41, 90, 91]
Min Correction Subset: [3, 5, 6, 24, 25, 32]
Iter 193: 
Min Hitting Set: [4, 6, 11, 12, 16, 18, 23, 24, 26, 29, 38, 40, 41, 90, 91]
Min Correction Subset: [3, 28, 35, 36, 37, 39, 46]
Iter 194: 
Min Hitting Set: [4, 6, 10, 13, 16, 18, 23, 24, 26, 29, 44, 46, 48, 90, 91]
Min Correction Subset: [21, 22, 27, 28, 34, 41]
Iter 195: 
Min Hitting Set: [4, 6, 8, 11, 16, 18, 23, 26, 28, 36, 38, 40, 41, 90, 91]
Min Correction Subset: [12, 13, 24, 39, 46]
Iter 196: 
Min Hitting Set: [4, 6, 11, 12, 16, 18, 23, 24, 26, 29, 41, 44, 46, 90, 91]
Min Correction Subset: [13, 19, 20, 27, 32, 34, 39]
Iter 197: 
Min Hitting Set: [4, 6, 11, 13, 16, 18, 23, 26, 28, 36, 38, 40, 46, 90, 91]
Min Correction Subset: [24, 34, 41, 48]
Iter 198: 
Min Hitting Set: [3, 4, 10, 12, 16, 18, 19, 24, 26, 29, 38, 40, 41, 90, 91]
Min Correction Subset: [11, 21, 22, 23, 28]
Iter 199: 
Min Hitting Set: [4, 11, 13, 16, 23, 24, 26, 28, 36, 38, 40, 41, 46, 90, 91]
Min Correction Subset: [5, 6, 8, 10, 17, 18]
Iter 200: 
Min Hitting Set: [3, 11, 13, 16, 18, 23, 26, 28, 36, 38, 40, 41, 46, 90, 91]
Min Correction Subset: [4, 5, 6, 12, 24]
Iter 201: 
Min Hitting Set: [4, 10, 13, 16, 22, 23, 24, 26, 28, 38, 41, 44, 46, 90, 91]
Min Correction Subset: [5, 6, 18, 19, 20, 27, 39]
Iter 202: 
Min Hitting Set: [3, 6, 8, 11, 16, 23, 24, 26, 27, 29, 44, 46, 48, 90, 91]
Min Correction Subset: [4, 12, 13, 41]
Iter 203: 
Min Hitting Set: [3, 4, 10, 12, 16, 18, 23, 24, 29, 34, 38, 40, 41, 90, 91]
Min Correction Subset: [19, 20, 26, 27, 32]
Iter 204: 
Min Hitting Set: [4, 6, 10, 13, 16, 18, 23, 26, 29, 36, 38, 40, 41, 90, 91]
Min Correction Subset: [11, 21, 22, 24, 39, 46]
Iter 205: 
Min Hitting Set: [3, 11, 12, 13, 16, 18, 23, 24, 26, 29, 41, 44, 46, 90, 91]
Min Correction Subset: [4, 5, 6, 19, 20, 27]
Iter 206: 
Min Hitting Set: [4, 6, 11, 13, 16, 18, 23, 29, 32, 37, 38, 40, 41, 90, 91]
Min Correction Subset: [3, 24, 26, 39, 46]
Iter 207: 
Min Hitting Set: [4, 6, 11, 13, 16, 18, 23, 26, 29, 37, 38, 41, 46, 90, 91]
Min Correction Subset: [24, 25, 40, 43, 44]
Iter 208: 
Min Hitting Set: [4, 6, 11, 13, 16, 18, 23, 26, 29, 37, 38, 40, 41, 90, 91]
Min Correction Subset: [21, 22, 24, 28, 39, 46]
Iter 209: 
Min Hitting Set: [6, 8, 11, 13, 18, 22, 23, 24, 26, 28, 44, 46, 48, 90, 91]
Min Correction Subset: [3, 4, 16, 19]
Iter 210: 
Min Hitting Set: [4, 11, 13, 16, 18, 23, 24, 26, 28, 29, 44, 46, 48, 90, 91]
Min Correction Subset: [5, 6, 38, 39, 40, 41]
Iter 211: 
Min Hitting Set: [4, 5, 11, 13, 16, 18, 23, 26, 29, 37, 41, 44, 46, 90, 91]
Min Correction Subset: [24, 25, 31, 32, 40, 48]
Iter 212: 
Min Hitting Set: [3, 5, 11, 13, 16, 18, 23, 24, 26, 29, 41, 44, 46, 90, 91]
Min Correction Subset: [4, 10, 12, 19, 20, 27, 28]
Iter 213: 
Min Hitting Set: [6, 11, 13, 18, 19, 21, 23, 24, 26, 28, 44, 46, 48, 90, 91]
Min Correction Subset: [3, 4, 8, 16]
Iter 214: 
Min Hitting Set: [4, 10, 13, 16, 23, 24, 26, 28, 36, 38, 39, 40, 48, 90, 91]
Min Correction Subset: [5, 6, 21, 22, 34, 41]
Iter 215: 
Min Hitting Set: [4, 5, 8, 11, 12, 16, 24, 26, 27, 29, 41, 44, 46, 90, 91]
Min Correction Subset: [3, 6, 13, 23]
Iter 216: 
Min Hitting Set: [4, 6, 11, 13, 16, 18, 23, 26, 28, 36, 44, 46, 48, 90, 91]
Min Correction Subset: [24, 25, 32, 41, 72]
Iter 217: 
Min Hitting Set: [3, 11, 13, 16, 18, 23, 24, 27, 29, 32, 41, 44, 46, 90, 91]
Min Correction Subset: [4, 5, 6, 26, 40]
Iter 218: 
Min Hitting Set: [4, 5, 11, 13, 16, 18, 23, 26, 28, 36, 38, 40, 41, 90, 91]
Min Correction Subset: [3, 21, 22, 24, 39, 46]
Iter 219: 
Min Hitting Set: [4, 8, 10, 13, 19, 21, 23, 24, 32, 36, 38, 40, 41, 90, 91]
Min Correction Subset: [5, 6, 12, 28, 29]
Iter 220: 
Min Hitting Set: [6, 11, 13, 16, 18, 22, 23, 24, 26, 28, 44, 46, 48, 90, 91]
Min Correction Subset: [3, 4, 19, 41]
Iter 221: 
Min Hitting Set: [3, 4, 12, 16, 18, 21, 26, 28, 37, 39, 40, 41, 72, 90, 91]
Min Correction Subset: [11, 23, 24]
Iter 222: 
Min Hitting Set: [4, 11, 12, 16, 18, 23, 24, 26, 29, 37, 39, 41, 46, 90, 91]
Min Correction Subset: [3, 5, 6, 38, 43, 44]
Iter 223: 
Min Hitting Set: [3, 4, 12, 16, 18, 23, 24, 26, 29, 39, 40, 41, 44, 90, 91]
Min Correction Subset: [5, 10, 11, 38, 46]
Iter 224: 
Min Hitting Set: [3, 4, 8, 11, 12, 16, 19, 24, 26, 29, 38, 40, 41, 90, 91]
Min Correction Subset: [23, 28, 35, 36, 37]
Iter 225: 
Min Hitting Set: [3, 4, 10, 12, 16, 19, 22, 24, 26, 28, 41, 44, 46, 90, 91]
Min Correction Subset: [5, 6, 13, 23, 71]
Iter 226: 
Min Hitting Set: [4, 6, 8, 11, 16, 23, 24, 26, 27, 29, 44, 46, 48, 90, 91]
Min Correction Subset: [13, 19, 20, 34, 40, 41]
Iter 227: 
Min Hitting Set: [4, 10, 12, 16, 19, 23, 24, 29, 32, 36, 38, 40, 41, 90, 91]
Min Correction Subset: [6, 11, 13, 20, 27, 39]
Iter 228: 
Min Hitting Set: [3, 4, 12, 16, 18, 23, 26, 29, 37, 38, 39, 40, 41, 90, 91]
Min Correction Subset: [10, 11, 24, 25, 32, 70]
Iter 229: 
Min Hitting Set: [4, 11, 13, 16, 18, 23, 24, 26, 28, 36, 41, 44, 46, 90, 91]
Min Correction Subset: [3, 5, 6, 21, 22, 40, 48]
Iter 230: 
Min Hitting Set: [4, 5, 11, 13, 16, 18, 23, 24, 26, 29, 41, 44, 46, 90, 91]
Min Correction Subset: [19, 20, 27, 28, 35, 36, 37]
Iter 231: 
Min Hitting Set: [4, 11, 13, 18, 19, 21, 23, 24, 26, 28, 41, 44, 46, 90, 91]
Min Correction Subset: [5, 6, 8, 16, 32]
Iter 232: 
Min Hitting Set: [4, 10, 12, 16, 21, 23, 24, 27, 32, 36, 38, 40, 41, 90, 91]
Min Correction Subset: [18, 19, 26, 31, 46]
Iter 233: 
Min Hitting Set: [4, 5, 8, 11, 16, 23, 24, 26, 27, 29, 41, 44, 46, 90, 91]
Min Correction Subset: [6, 12, 13, 28, 32, 71]
Iter 234: 
Min Hitting Set: [4, 6, 10, 12, 16, 19, 22, 24, 26, 28, 41, 44, 46, 90, 91]
Min Correction Subset: [11, 23, 35, 36, 37]
Iter 235: 
Min Hitting Set: [4, 10, 13, 16, 23, 24, 26, 28, 36, 38, 39, 40, 41, 90, 91]
Min Correction Subset: [11, 18, 37, 43, 44, 48]
Iter 236: 
Min Hitting Set: [4, 10, 12, 16, 20, 22, 23, 24, 26, 28, 41, 44, 46, 90, 91]
Min Correction Subset: [11, 13, 18, 19, 34, 39]
Iter 237: 
Min Hitting Set: [4, 10, 13, 16, 21, 23, 24, 26, 28, 39, 41, 44, 46, 90, 91]
Min Correction Subset: [18, 19, 20, 27, 35, 36, 37]
Iter 238: 
Min Hitting Set: [4, 5, 8, 11, 16, 19, 23, 24, 29, 32, 41, 44, 46, 90, 91]
Min Correction Subset: [12, 13, 26, 40]
Iter 239: 
Min Hitting Set: [4, 11, 13, 16, 18, 21, 23, 24, 26, 28, 41, 44, 46, 90, 91]
Min Correction Subset: [3, 5, 6, 35, 36, 37, 40]
Iter 240: 
Min Hitting Set: [3, 6, 8, 11, 16, 19, 23, 24, 26, 29, 41, 44, 46, 90, 91]
Min Correction Subset: [4, 12, 13, 28, 32]
Iter 241: 
Min Hitting Set: [4, 10, 13, 16, 23, 24, 26, 28, 34, 36, 39, 40, 44, 90, 91]
Min Correction Subset: [5, 6, 38, 41, 46]
Iter 242: 
Min Hitting Set: [4, 10, 13, 16, 23, 24, 26, 28, 36, 39, 40, 41, 44, 90, 91]
Min Correction Subset: [3, 21, 22, 38, 46, 72]
Iter 243: 
Min Hitting Set: [4, 6, 8, 11, 16, 20, 23, 24, 26, 29, 41, 44, 46, 90, 91]
Min Correction Subset: [12, 13, 21, 22, 28, 32]
Iter 244: 
Min Hitting Set: [6, 11, 13, 16, 19, 22, 23, 24, 28, 32, 40, 41, 44, 46, 90, 91]
Min Correction Subset: [3, 4, 26, 34]
Iter 245: 
Min Hitting Set: [3, 6, 8, 11, 13, 18, 23, 26, 28, 36, 38, 40, 41, 46, 90, 91]
Min Correction Subset: [4, 12, 24, 25, 32, 72]
Iter 246: 
Min Hitting Set: [4, 10, 13, 16, 18, 23, 24, 29, 32, 37, 38, 40, 41, 46, 90, 91]
Min Correction Subset: [5, 6, 12, 21, 22, 26]
Iter 247: 
Min Hitting Set: [3, 11, 13, 18, 19, 22, 23, 24, 28, 32, 38, 40, 41, 46, 90, 91]
Min Correction Subset: [4, 5, 6, 26, 86]
Iter 248: 
Min Hitting Set: [3, 4, 11, 12, 16, 18, 19, 23, 24, 26, 29, 38, 40, 41, 90, 91]
Min Correction Subset: [6, 13, 20, 27, 32, 39, 46]
Iter 249: 
Min Hitting Set: [4, 6, 8, 10, 16, 18, 23, 24, 28, 29, 32, 38, 40, 41, 90, 91]
Min Correction Subset: [7, 12, 13, 26, 46]
Iter 250: 
Min Hitting Set: [3, 5, 11, 13, 16, 18, 24, 26, 28, 36, 37, 38, 41, 46, 90, 91]
Min Correction Subset: [4, 12, 21, 22, 23]
Iter 251: 
Min Hitting Set: [3, 6, 11, 13, 18, 19, 22, 23, 24, 26, 29, 41, 44, 46, 90, 91]
Min Correction Subset: [4, 5, 8, 16, 28, 32]
Iter 252: 
Min Hitting Set: [3, 4, 11, 12, 16, 18, 19, 23, 24, 29, 32, 38, 40, 41, 90, 91]
Min Correction Subset: [5, 6, 13, 21, 22, 26, 71]
Iter 253: 
Min Hitting Set: [3, 11, 13, 16, 18, 19, 23, 24, 26, 28, 29, 41, 44, 46, 90, 91]
Min Correction Subset: [4, 5, 6, 25, 32, 39]
Iter 254: 
Min Hitting Set: [3, 4, 8, 11, 13, 19, 23, 24, 26, 29, 32, 38, 41, 46, 90, 91]
Min Correction Subset: [12, 37, 40, 43, 44]
Iter 255: 
Min Hitting Set: [4, 11, 12, 13, 16, 18, 23, 24, 26, 28, 36, 38, 40, 41, 90, 91]
Min Correction Subset: [3, 5, 6, 21, 22, 39, 46]
Iter 256: 
Min Hitting Set: [3, 6, 11, 12, 16, 18, 22, 23, 24, 26, 37, 39, 41, 46, 90, 91]
Min Correction Subset: [28, 29, 38, 43, 44]
Iter 257: 
Min Hitting Set: [4, 11, 13, 16, 18, 22, 23, 24, 26, 29, 37, 38, 40, 41, 90, 91]
Min Correction Subset: [3, 5, 6, 39, 46, 48, 54]
Iter 258: 
Min Hitting Set: [4, 6, 10, 13, 16, 18, 23, 24, 28, 29, 32, 38, 40, 41, 90, 91]
Min Correction Subset: [19, 20, 26, 27, 43, 44]
Iter 259: 
Min Hitting Set: [4, 10, 13, 16, 18, 23, 26, 28, 32, 36, 38, 40, 41, 46, 90, 91]
Min Correction Subset: [5, 6, 12, 21, 22, 24]
Iter 260: 
Min Hitting Set: [4, 6, 11, 13, 16, 18, 23, 24, 26, 28, 29, 38, 40, 41, 90, 91]
Min Correction Subset: [3, 34, 35, 36, 37, 39, 46]
Iter 261: 
Min Hitting Set: [3, 4, 11, 13, 16, 18, 22, 23, 24, 26, 28, 38, 40, 48, 90, 91]
Min Correction Subset: [5, 6, 35, 36, 37, 41]
Iter 262: 
Min Hitting Set: [4, 6, 8, 11, 13, 18, 22, 23, 24, 26, 29, 37, 38, 48, 90, 91]
Min Correction Subset: [33, 39, 40, 41, 46]
Iter 263: 
Min Hitting Set: [3, 6, 11, 13, 16, 18, 23, 24, 26, 28, 29, 44, 46, 48, 90, 91]
Min Correction Subset: [4, 27, 34, 38, 39, 41]
Iter 264: 
Min Hitting Set: [3, 6, 11, 13, 16, 18, 23, 24, 26, 28, 29, 41, 44, 46, 90, 91]
Min Correction Subset: [4, 12, 21, 22, 35, 36, 37]
Iter 265: 
Min Hitting Set: [4, 6, 11, 13, 16, 18, 23, 26, 29, 37, 38, 40, 41, 46, 90, 91]
Min Correction Subset: [3, 24, 25, 28, 32, 33]
Iter 266: 
Min Hitting Set: [3, 6, 11, 12, 16, 18, 19, 23, 24, 26, 29, 41, 44, 46, 90, 91]
Min Correction Subset: [4, 13, 35, 36, 37, 39, 40]
Iter 267: 
Min Hitting Set: [4, 6, 11, 13, 16, 18, 23, 24, 26, 29, 37, 40, 41, 46, 90, 91]
Min Correction Subset: [12, 28, 32, 38, 43, 44]
Iter 268: 
Min Hitting Set: [4, 6, 10, 13, 16, 18, 23, 24, 26, 29, 37, 38, 41, 46, 90, 91]
Min Correction Subset: [12, 21, 22, 40, 43, 44]
Iter 269: 
Min Hitting Set: [4, 6, 10, 13, 16, 18, 23, 24, 26, 29, 37, 38, 40, 41, 90, 91]
Min Correction Subset: [11, 32, 39, 46, 47, 48, 54]
Iter 270: 
Min Hitting Set: [4, 6, 10, 13, 16, 18, 23, 24, 26, 28, 36, 38, 40, 48, 90, 91]
Min Correction Subset: [11, 12, 21, 22, 39, 46, 68]
Iter 271: 
Min Hitting Set: [3, 11, 12, 16, 18, 19, 23, 26, 28, 36, 38, 39, 40, 41, 90, 91]
Min Correction Subset: [4, 21, 22, 24, 43, 44]
Iter 272: 
Min Hitting Set: [4, 11, 12, 16, 18, 23, 24, 26, 28, 29, 38, 39, 40, 41, 90, 91]
Min Correction Subset: [3, 5, 6, 13, 31, 46, 71]
Iter 273: 
Min Hitting Set: [4, 11, 13, 16, 18, 23, 24, 26, 28, 29, 38, 39, 40, 41, 90, 91]
Min Correction Subset: [3, 5, 6, 35, 36, 37, 56]
Iter 274: 
Min Hitting Set: [4, 11, 13, 16, 18, 21, 23, 24, 26, 28, 36, 38, 40, 48, 90, 91]
Min Correction Subset: [5, 6, 34, 39, 41, 46]
Iter 275: 
Min Hitting Set: [3, 11, 12, 16, 18, 19, 23, 24, 26, 29, 38, 39, 40, 41, 90, 91]
Min Correction Subset: [4, 5, 6, 13, 25, 86]
Iter 276: 
Min Hitting Set: [3, 4, 11, 13, 16, 18, 21, 23, 24, 26, 28, 38, 40, 41, 90, 91]
Min Correction Subset: [29, 31, 35, 36, 37, 43, 44]
Instance: regions-52-200-790000
----------------------------
Query: 2
Query element:159
Query scope: 159
----------------------------
IIS optimality: suboptimal
IIS solution time: 36036.607
IIS Constraint: 3; goods; {good:3}
IIS Constraint: 4; goods; {good:4}
IIS Constraint: 11; goods; {good:11}
IIS Constraint: 13; goods; {good:13}
IIS Constraint: 16; goods; {good:16}
IIS Constraint: 18; goods; {good:18}
IIS Constraint: 21; goods; {good:21}
IIS Constraint: 23; goods; {good:23}
IIS Constraint: 24; goods; {good:24}
IIS Constraint: 26; goods; {good:26}
IIS Constraint: 28; goods; {good:28}
IIS Constraint: 38; goods; {good:38}
IIS Constraint: 40; goods; {good:40}
IIS Constraint: 41; goods; {good:41}
IIS Constraint: 90; query; {bid:159,query:2}
IIS Constraint: 91; max; {f:3124.6005999999998,objective:max}
