IIS generation
Iter 1: 
Min Hitting Set: []
Min Correction Subset: [90]
Iter 2: 
Min Hitting Set: [90]
Min Correction Subset: [23]
Iter 3: 
Min Hitting Set: [23, 90]
Min Correction Subset: [39]
Iter 4: 
Min Hitting Set: [23, 39, 90]
Min Correction Subset: [27]
Iter 5: 
Min Hitting Set: [23, 27, 39, 90]
Min Correction Subset: [13]
Iter 6: 
Min Hitting Set: [13, 23, 27, 39, 90]
Min Correction Subset: [24]
Iter 7: 
Min Hitting Set: [13, 23, 24, 27, 39, 90]
Min Correction Subset: [89]
Iter 8: 
Min Hitting Set: [13, 23, 24, 27, 39, 89, 90]
Min Correction Subset: [26, 32]
Iter 9: 
Min Hitting Set: [13, 23, 24, 26, 27, 39, 89, 90]
Min Correction Subset: [5, 32]
Iter 10: 
Min Hitting Set: [13, 23, 24, 27, 32, 39, 89, 90]
Min Correction Subset: [5, 42]
Iter 11: 
Min Hitting Set: [5, 13, 23, 24, 27, 32, 39, 89, 90]
Min Correction Subset: [7, 14]
Iter 12: 
Min Hitting Set: [5, 7, 13, 23, 24, 27, 32, 39, 89, 90]
Min Correction Subset: [16, 17]
Iter 13: 
Min Hitting Set: [5, 7, 13, 16, 23, 24, 27, 32, 39, 89, 90]
Min Correction Subset: [33, 42]
Iter 14: 
Min Hitting Set: [7, 13, 16, 23, 24, 27, 32, 39, 42, 89, 90]
Min Correction Subset: [5, 26]
Iter 15: 
Min Hitting Set: [5, 7, 13, 16, 23, 24, 26, 27, 39, 42, 89, 90]
Min Correction Subset: [0, 10]
Iter 16: 
Min Hitting Set: [0, 5, 7, 13, 16, 23, 24, 26, 27, 39, 42, 89, 90]
Min Correction Subset: [25, 32]
Iter 17: 
Min Hitting Set: [0, 5, 7, 13, 16, 23, 24, 27, 32, 39, 42, 89, 90]
Min Correction Subset: [26, 33]
Iter 18: 
Min Hitting Set: [0, 7, 13, 16, 23, 24, 26, 27, 32, 39, 42, 89, 90]
Min Correction Subset: [33, 51]
Iter 19: 
Min Hitting Set: [0, 5, 7, 13, 16, 23, 24, 27, 32, 33, 39, 89, 90]
Min Correction Subset: [10, 42]
Iter 20: 
Min Hitting Set: [5, 7, 10, 13, 16, 23, 24, 27, 32, 33, 39, 89, 90]
Min Correction Subset: [38, 58]
Iter 21: 
Min Hitting Set: [5, 7, 10, 13, 16, 23, 24, 27, 32, 33, 38, 39, 89, 90]
Min Correction Subset: [26, 42]
Iter 22: 
Min Hitting Set: [5, 7, 10, 13, 16, 23, 24, 26, 27, 32, 33, 38, 39, 89, 90]
Min Correction Subset: [31, 42, 57]
Iter 23: 
Min Hitting Set: [0, 5, 7, 13, 16, 23, 24, 27, 32, 33, 38, 39, 42, 89, 90]
Min Correction Subset: [26, 51]
Iter 24: 
Min Hitting Set: [0, 7, 13, 16, 23, 24, 26, 27, 32, 33, 38, 39, 42, 89, 90]
Min Correction Subset: [4, 5]
Iter 25: 
Min Hitting Set: [0, 5, 7, 13, 16, 23, 24, 26, 27, 32, 33, 38, 39, 42, 89, 90]
Min Correction Subset: [10, 14]
Iter 26: 
Min Hitting Set: [5, 10, 13, 14, 16, 23, 24, 26, 27, 32, 33, 38, 39, 42, 89, 90]
Min Correction Subset: [22, 28, 29]
Iter 27: 
Min Hitting Set: [5, 10, 13, 14, 16, 22, 23, 24, 26, 27, 32, 33, 38, 39, 42, 89, 90]
Min Correction Subset: [28, 35, 51]
Iter 28: 
Min Hitting Set: [5, 10, 13, 14, 16, 23, 24, 26, 27, 28, 32, 33, 38, 39, 42, 89, 90]
Min Correction Subset: [0, 7, 73]
Iter 29: 
Min Hitting Set: [5, 7, 10, 13, 16, 23, 24, 27, 28, 32, 33, 38, 39, 42, 51, 89, 90]
Min Correction Subset: [0, 26]
Iter 30: 
Min Hitting Set: [5, 7, 10, 13, 16, 23, 24, 26, 27, 28, 32, 33, 38, 39, 42, 89, 90]
Min Correction Subset: [15, 21, 22]
Iter 31: 
Min Hitting Set: [5, 7, 10, 13, 16, 22, 23, 24, 26, 27, 32, 38, 39, 42, 51, 89, 90]
Min Correction Subset: [0, 33]
Iter 32: 
Min Hitting Set: [0, 5, 13, 14, 16, 22, 23, 24, 26, 27, 32, 38, 39, 42, 51, 89, 90]
Min Correction Subset: [33, 41]
Iter 33: 
Min Hitting Set: [0, 5, 13, 14, 16, 22, 23, 24, 27, 32, 33, 38, 39, 42, 51, 89, 90]
Min Correction Subset: [19, 25, 26]
Iter 34: 
Min Hitting Set: [5, 7, 10, 13, 16, 22, 23, 24, 25, 26, 27, 33, 38, 39, 42, 51, 89, 90]
Min Correction Subset: [28, 32, 35]
Iter 35: 
Min Hitting Set: [5, 7, 10, 13, 16, 22, 23, 24, 26, 27, 32, 33, 38, 39, 42, 51, 89, 90]
Min Correction Subset: [0, 14, 21]
Iter 36: 
Min Hitting Set: [5, 7, 10, 13, 16, 21, 23, 24, 25, 26, 27, 28, 33, 38, 39, 42, 89, 90]
Min Correction Subset: [0, 31, 32]
Iter 37: 
Min Hitting Set: [5, 7, 10, 13, 16, 21, 23, 24, 26, 27, 28, 32, 33, 38, 39, 42, 89, 90]
Min Correction Subset: [0, 35, 36]
Iter 38: 
Min Hitting Set: [0, 5, 13, 14, 16, 22, 23, 24, 25, 26, 27, 33, 35, 38, 39, 42, 89, 90]
Min Correction Subset: [10, 32]
Iter 39: 
Min Hitting Set: [0, 5, 13, 14, 16, 22, 23, 24, 26, 27, 32, 33, 35, 38, 39, 42, 89, 90]
Min Correction Subset: [2, 3, 10]
Iter 40: 
Min Hitting Set: [5, 7, 10, 13, 16, 21, 23, 24, 26, 27, 28, 32, 33, 35, 38, 39, 42, 89, 90]
Min Correction Subset: [0, 6, 22, 48]
Iter 41: 
Min Hitting Set: [5, 7, 10, 13, 16, 21, 22, 23, 24, 26, 27, 32, 33, 35, 38, 39, 42, 89, 90]
Min Correction Subset: [8, 20, 28]
Iter 42: 
Min Hitting Set: [0, 5, 7, 10, 13, 16, 21, 23, 24, 25, 26, 27, 28, 33, 38, 39, 42, 89, 90]
Min Correction Subset: [31, 32, 57]
Iter 43: 
Min Hitting Set: [0, 5, 7, 10, 13, 16, 21, 23, 24, 26, 27, 28, 31, 32, 33, 38, 39, 89, 90]
Min Correction Subset: [3, 35, 42]
Iter 44: 
Min Hitting Set: [0, 5, 7, 10, 13, 16, 21, 23, 24, 26, 27, 28, 32, 33, 38, 39, 42, 89, 90]
Min Correction Subset: [6, 22, 31, 48]
Iter 45: 
Min Hitting Set: [0, 5, 10, 13, 14, 16, 22, 23, 24, 26, 27, 28, 32, 33, 38, 39, 42, 89, 90]
Min Correction Subset: [8, 12, 17, 25, 41]
Iter 46: 
Min Hitting Set: [0, 5, 10, 13, 14, 17, 22, 23, 24, 26, 27, 28, 32, 33, 38, 39, 42, 89, 90]
Min Correction Subset: [9, 16, 21, 31, 40, 46]
Iter 47: 
Min Hitting Set: [0, 5, 10, 13, 14, 17, 22, 23, 24, 26, 27, 28, 31, 32, 33, 38, 39, 42, 89, 90]
Min Correction Subset: [2, 3, 4, 11, 16, 30, 53]
Iter 48: 
Min Hitting Set: [0, 4, 10, 13, 14, 17, 22, 23, 24, 26, 27, 28, 31, 32, 33, 38, 39, 42, 89, 90]
Min Correction Subset: [5, 12, 81]
Iter 49: 
Min Hitting Set: [0, 5, 10, 13, 14, 16, 22, 23, 24, 25, 26, 27, 28, 32, 33, 38, 39, 42, 89, 90]
Min Correction Subset: [2, 3, 4, 11, 30, 31, 46]
Iter 50: 
Min Hitting Set: [0, 5, 10, 13, 14, 16, 22, 23, 24, 25, 26, 27, 28, 31, 33, 38, 39, 42, 89, 90]
Min Correction Subset: [17, 32, 34]
Iter 51: 
Min Hitting Set: [0, 3, 5, 13, 14, 16, 22, 23, 24, 25, 26, 27, 28, 32, 33, 38, 39, 42, 89, 90]
Min Correction Subset: [10, 12, 81]
Iter 52: 
Min Hitting Set: [5, 7, 8, 10, 13, 16, 21, 22, 23, 24, 26, 27, 31, 32, 33, 35, 38, 39, 89, 90]
Min Correction Subset: [12, 17, 25, 28]
Iter 53: 
Min Hitting Set: [0, 3, 5, 10, 13, 14, 17, 21, 23, 24, 26, 27, 28, 31, 32, 33, 38, 39, 89, 90]
Min Correction Subset: [35, 36, 42]
Iter 54: 
Min Hitting Set: [0, 4, 10, 12, 13, 14, 16, 22, 23, 24, 26, 27, 28, 32, 33, 38, 39, 42, 89, 90]
Min Correction Subset: [5, 31, 57]
Iter 55: 
Min Hitting Set: [0, 3, 5, 12, 13, 14, 16, 22, 23, 24, 26, 27, 28, 32, 33, 38, 39, 42, 89, 90]
Min Correction Subset: [10, 30, 31]
Iter 56: 
Min Hitting Set: [5, 7, 10, 13, 16, 21, 22, 23, 24, 25, 26, 27, 28, 31, 32, 33, 35, 38, 39, 89, 90]
Min Correction Subset: [0, 42, 43, 73]
Iter 57: 
Min Hitting Set: [0, 5, 7, 10, 13, 16, 22, 23, 24, 25, 26, 27, 28, 31, 32, 33, 38, 39, 42, 89, 90]
Min Correction Subset: [14, 21, 48]
Optimal IIS
Instance: regions-52-200-390000
----------------------------
Query: 10
Query element:47
Query element:63
Query scope: 66
Query scope: 69
Query scope: 70
----------------------------
IIS optimality: suboptimal
IIS solution time: 11232.684
IIS Constraint: 0; goods; {good:0}
IIS Constraint: 5; goods; {good:5}
IIS Constraint: 10; goods; {good:10}
IIS Constraint: 13; goods; {good:13}
IIS Constraint: 14; goods; {good:14}
IIS Constraint: 16; goods; {good:16}
IIS Constraint: 17; goods; {good:17}
IIS Constraint: 22; goods; {good:22}
IIS Constraint: 23; goods; {good:23}
IIS Constraint: 24; goods; {good:24}
IIS Constraint: 26; goods; {good:26}
IIS Constraint: 27; goods; {good:27}
IIS Constraint: 28; goods; {good:28}
IIS Constraint: 31; goods; {good:31}
IIS Constraint: 32; goods; {good:32}
IIS Constraint: 33; goods; {good:33}
IIS Constraint: 38; goods; {good:38}
IIS Constraint: 39; goods; {good:39}
IIS Constraint: 42; goods; {good:42}
IIS Constraint: 89; query; {goods:[47,63],query:10}
IIS Constraint: 90; max; {f:3107.7329999999997,objective:max}
