IIS generation
Iter 1: 
Min Hitting Set: []
Min Correction Subset: [139]
Iter 2: 
Min Hitting Set: [139]
Min Correction Subset: [30]
Iter 3: 
Min Hitting Set: [30, 139]
Min Correction Subset: [44]
Iter 4: 
Min Hitting Set: [30, 44, 139]
Min Correction Subset: [49]
Iter 5: 
Min Hitting Set: [30, 44, 49, 139]
Min Correction Subset: [31]
Iter 6: 
Min Hitting Set: [30, 31, 44, 49, 139]
Min Correction Subset: [10]
Iter 7: 
Min Hitting Set: [10, 30, 31, 44, 49, 139]
Min Correction Subset: [34]
Iter 8: 
Min Hitting Set: [10, 30, 31, 34, 44, 49, 139]
Min Correction Subset: [17]
Iter 9: 
Min Hitting Set: [10, 17, 30, 31, 34, 44, 49, 139]
Min Correction Subset: [48]
Iter 10: 
Min Hitting Set: [10, 17, 30, 31, 34, 44, 48, 49, 139]
Min Correction Subset: [12]
Iter 11: 
Min Hitting Set: [10, 12, 17, 30, 31, 34, 44, 48, 49, 139]
Min Correction Subset: [38]
Iter 12: 
Min Hitting Set: [10, 12, 17, 30, 31, 34, 38, 44, 48, 49, 139]
Min Correction Subset: [42]
Iter 13: 
Min Hitting Set: [10, 12, 17, 30, 31, 34, 38, 42, 44, 48, 49, 139]
Min Correction Subset: [36]
Iter 14: 
Min Hitting Set: [10, 12, 17, 30, 31, 34, 36, 38, 42, 44, 48, 49, 139]
Min Correction Subset: [51]
Iter 15: 
Min Hitting Set: [10, 12, 17, 30, 31, 34, 36, 38, 42, 44, 48, 49, 51, 139]
Min Correction Subset: [2]
Iter 16: 
Min Hitting Set: [2, 10, 12, 17, 30, 31, 34, 36, 38, 42, 44, 48, 49, 51, 139]
Min Correction Subset: [40]
Iter 17: 
Min Hitting Set: [2, 10, 12, 17, 30, 31, 34, 36, 38, 40, 42, 44, 48, 49, 51, 139]
Min Correction Subset: [138]
Iter 18: 
Min Hitting Set: [2, 10, 12, 17, 30, 31, 34, 36, 38, 40, 42, 44, 48, 49, 51, 138, 139]
Min Correction Subset: [47]
Iter 19: 
Min Hitting Set: [2, 10, 12, 17, 30, 31, 34, 36, 38, 40, 42, 44, 47, 48, 49, 51, 138, 139]
Min Correction Subset: [32]
Iter 20: 
Min Hitting Set: [2, 10, 12, 17, 30, 31, 32, 34, 36, 38, 40, 42, 44, 47, 48, 49, 51, 138, 139]
Min Correction Subset: [4, 15]
Iter 21: 
Min Hitting Set: [2, 4, 10, 12, 17, 30, 31, 32, 34, 36, 38, 40, 42, 44, 47, 48, 49, 51, 138, 139]
Min Correction Subset: [16, 25]
Iter 22: 
Min Hitting Set: [2, 4, 10, 12, 16, 17, 30, 31, 32, 34, 36, 38, 40, 42, 44, 47, 48, 49, 51, 138, 139]
Min Correction Subset: [20, 25]
Iter 23: 
Min Hitting Set: [2, 4, 10, 12, 17, 25, 30, 31, 32, 34, 36, 38, 40, 42, 44, 47, 48, 49, 51, 138, 139]
Min Correction Subset: [13, 23]
Iter 24: 
Min Hitting Set: [2, 4, 10, 12, 13, 17, 25, 30, 31, 32, 34, 36, 38, 40, 42, 44, 47, 48, 49, 51, 138, 139]
Min Correction Subset: [20, 23]
Iter 25: 
Min Hitting Set: [2, 4, 10, 12, 17, 23, 25, 30, 31, 32, 34, 36, 38, 40, 42, 44, 47, 48, 49, 51, 138, 139]
Min Correction Subset: [7, 15]
Iter 26: 
Min Hitting Set: [2, 10, 12, 15, 17, 23, 25, 30, 31, 32, 34, 36, 38, 40, 42, 44, 47, 48, 49, 51, 138, 139]
Min Correction Subset: [20, 21]
Iter 27: 
Min Hitting Set: [2, 10, 12, 15, 17, 20, 23, 25, 30, 31, 32, 34, 36, 38, 40, 42, 44, 47, 48, 49, 51, 138, 139]
Min Correction Subset: [9, 13]
Iter 28: 
Min Hitting Set: [2, 10, 12, 13, 15, 17, 20, 25, 30, 31, 32, 34, 36, 38, 40, 42, 44, 47, 48, 49, 51, 138, 139]
Min Correction Subset: [4, 23]
Iter 29: 
Min Hitting Set: [2, 4, 10, 12, 13, 15, 17, 20, 25, 30, 31, 32, 34, 36, 38, 40, 42, 44, 47, 48, 49, 51, 138, 139]
Min Correction Subset: [9, 23]
Iter 30: 
Min Hitting Set: [2, 9, 10, 12, 15, 17, 20, 23, 25, 30, 31, 32, 34, 36, 38, 40, 42, 44, 47, 48, 49, 51, 138, 139]
Min Correction Subset: [8, 13]
Iter 31: 
Min Hitting Set: [2, 10, 12, 13, 15, 17, 20, 23, 25, 30, 31, 32, 34, 36, 38, 40, 42, 44, 47, 48, 49, 51, 138, 139]
Min Correction Subset: [7, 8]
Iter 32: 
Min Hitting Set: [2, 8, 10, 12, 13, 15, 17, 20, 23, 25, 30, 31, 32, 34, 36, 38, 40, 42, 44, 47, 48, 49, 51, 138, 139]
Min Correction Subset: [4, 7]
Iter 33: 
Min Hitting Set: [2, 7, 10, 12, 13, 15, 17, 20, 23, 25, 30, 31, 32, 34, 36, 38, 40, 42, 44, 47, 48, 49, 51, 138, 139]
Min Correction Subset: [22, 45]
Iter 34: 
Min Hitting Set: [2, 7, 10, 12, 13, 15, 17, 20, 22, 23, 25, 30, 31, 32, 34, 36, 38, 40, 42, 44, 47, 48, 49, 51, 138, 139]
Min Correction Subset: [8, 9]
Iter 35: 
Min Hitting Set: [2, 4, 7, 9, 10, 12, 13, 17, 20, 22, 25, 30, 31, 32, 34, 36, 38, 40, 42, 44, 47, 48, 49, 51, 138, 139]
Min Correction Subset: [15, 23]
Iter 36: 
Min Hitting Set: [2, 7, 9, 10, 12, 13, 15, 17, 20, 22, 23, 25, 30, 31, 32, 34, 36, 38, 40, 42, 44, 47, 48, 49, 51, 138, 139]
Min Correction Subset: [4, 8]
Iter 37: 
Min Hitting Set: [2, 4, 7, 9, 10, 12, 13, 15, 17, 20, 22, 25, 30, 31, 32, 34, 36, 38, 40, 42, 44, 47, 48, 49, 51, 138, 139]
Min Correction Subset: [23, 45]
Iter 38: 
Min Hitting Set: [2, 4, 7, 9, 10, 12, 13, 15, 17, 20, 25, 30, 31, 32, 34, 36, 38, 40, 42, 44, 45, 47, 48, 49, 51, 138, 139]
Min Correction Subset: [8, 23]
Iter 39: 
Min Hitting Set: [2, 4, 7, 9, 10, 12, 13, 17, 20, 23, 25, 30, 31, 32, 34, 36, 38, 40, 42, 44, 45, 47, 48, 49, 51, 138, 139]
Min Correction Subset: [15, 22]
Iter 40: 
Min Hitting Set: [2, 4, 8, 9, 10, 12, 13, 15, 17, 20, 25, 30, 31, 32, 34, 36, 38, 40, 42, 44, 45, 47, 48, 49, 51, 138, 139]
Min Correction Subset: [7, 23]
Iter 41: 
Min Hitting Set: [2, 4, 7, 9, 10, 12, 13, 17, 20, 22, 23, 25, 30, 31, 32, 34, 36, 38, 40, 42, 44, 47, 48, 49, 51, 138, 139]
Min Correction Subset: [15, 45]
Iter 42: 
Min Hitting Set: [2, 7, 8, 9, 10, 12, 15, 17, 20, 22, 23, 25, 30, 31, 32, 34, 36, 38, 40, 42, 44, 47, 48, 49, 51, 138, 139]
Min Correction Subset: [4, 50]
Iter 43: 
Min Hitting Set: [2, 4, 8, 9, 10, 12, 15, 17, 20, 22, 23, 25, 30, 31, 32, 34, 36, 38, 40, 42, 44, 47, 48, 49, 51, 138, 139]
Min Correction Subset: [7, 13]
Iter 44: 
Min Hitting Set: [2, 4, 8, 10, 12, 13, 15, 17, 20, 22, 23, 25, 30, 31, 32, 34, 36, 38, 40, 42, 44, 47, 48, 49, 51, 138, 139]
Min Correction Subset: [7, 9]
Iter 45: 
Min Hitting Set: [2, 4, 7, 8, 9, 10, 12, 15, 17, 20, 22, 23, 25, 30, 31, 32, 34, 36, 38, 40, 42, 44, 47, 48, 49, 51, 138, 139]
Min Correction Subset: [13, 21]
Iter 46: 
Min Hitting Set: [2, 4, 7, 8, 10, 12, 13, 17, 21, 22, 23, 25, 30, 31, 32, 34, 36, 38, 40, 42, 44, 45, 47, 48, 49, 51, 138, 139]
Min Correction Subset: [15, 20]
Iter 47: 
Min Hitting Set: [2, 4, 8, 9, 10, 12, 13, 15, 17, 21, 22, 23, 25, 30, 31, 32, 34, 36, 38, 40, 42, 44, 47, 48, 49, 51, 138, 139]
Min Correction Subset: [7, 20]
Iter 48: 
Min Hitting Set: [2, 4, 7, 8, 9, 10, 12, 15, 17, 21, 22, 23, 25, 30, 31, 32, 34, 36, 38, 40, 42, 44, 47, 48, 49, 51, 138, 139]
Min Correction Subset: [13, 19]
Iter 49: 
Min Hitting Set: [2, 4, 7, 8, 10, 12, 13, 15, 17, 20, 22, 23, 25, 30, 31, 32, 34, 36, 38, 40, 42, 44, 47, 48, 49, 51, 138, 139]
Min Correction Subset: [9, 16, 45]
Iter 50: 
Min Hitting Set: [2, 4, 7, 8, 10, 12, 13, 15, 16, 17, 20, 22, 23, 30, 31, 32, 34, 36, 38, 40, 42, 44, 47, 48, 49, 51, 138, 139]
Min Correction Subset: [19, 25]
Iter 51: 
Min Hitting Set: [2, 4, 7, 9, 10, 12, 13, 15, 17, 20, 22, 23, 25, 30, 31, 32, 34, 36, 38, 40, 42, 44, 47, 48, 49, 51, 138, 139]
Min Correction Subset: [8, 45]
Iter 52: 
Min Hitting Set: [2, 4, 8, 9, 10, 12, 13, 15, 17, 20, 22, 23, 25, 30, 31, 32, 34, 36, 38, 40, 42, 44, 47, 48, 49, 51, 138, 139]
Min Correction Subset: [7, 16]
Iter 53: 
Min Hitting Set: [2, 4, 7, 9, 10, 12, 13, 15, 17, 20, 23, 25, 30, 31, 32, 34, 36, 38, 40, 42, 44, 45, 47, 48, 49, 51, 138, 139]
Min Correction Subset: [8, 22]
Iter 54: 
Min Hitting Set: [2, 4, 7, 9, 10, 12, 13, 17, 20, 22, 23, 25, 30, 31, 32, 34, 36, 38, 40, 42, 44, 45, 47, 48, 49, 51, 138, 139]
Min Correction Subset: [8, 15]
Iter 55: 
Min Hitting Set: [2, 4, 7, 8, 10, 12, 13, 15, 17, 21, 23, 25, 30, 31, 32, 34, 36, 38, 40, 42, 44, 45, 47, 48, 49, 51, 138, 139]
Min Correction Subset: [9, 22]
Iter 56: 
Min Hitting Set: [2, 4, 7, 8, 9, 10, 12, 13, 15, 17, 20, 25, 30, 31, 32, 34, 36, 38, 40, 42, 44, 45, 47, 48, 49, 51, 138, 139]
Min Correction Subset: [22, 23]
Iter 57: 
Min Hitting Set: [2, 4, 7, 8, 10, 12, 13, 17, 20, 22, 23, 25, 30, 31, 32, 34, 36, 38, 40, 42, 44, 45, 47, 48, 49, 51, 138, 139]
Min Correction Subset: [9, 15]
Iter 58: 
Min Hitting Set: [2, 4, 7, 8, 10, 12, 13, 15, 17, 21, 22, 23, 25, 30, 31, 32, 34, 36, 38, 40, 42, 44, 45, 47, 48, 49, 51, 138, 139]
Min Correction Subset: [9, 16, 20]
Iter 59: 
Min Hitting Set: [2, 4, 7, 8, 10, 12, 13, 15, 17, 20, 22, 23, 25, 30, 31, 32, 34, 36, 38, 40, 42, 44, 45, 47, 48, 49, 51, 138, 139]
Min Correction Subset: [9, 16, 21]
Iter 60: 
Min Hitting Set: [2, 4, 7, 8, 9, 10, 12, 15, 17, 19, 21, 23, 25, 30, 31, 32, 34, 36, 38, 40, 42, 44, 45, 47, 48, 49, 51, 138, 139]
Min Correction Subset: [1, 22]
Iter 61: 
Min Hitting Set: [2, 4, 7, 8, 9, 10, 12, 13, 17, 20, 22, 23, 25, 30, 31, 32, 34, 36, 38, 40, 42, 44, 45, 47, 48, 49, 51, 138, 139]
Min Correction Subset: [15, 19]
Iter 62: 
Min Hitting Set: [2, 4, 7, 8, 9, 10, 12, 13, 15, 17, 21, 22, 23, 25, 30, 31, 32, 34, 36, 38, 40, 42, 44, 47, 48, 49, 51, 138, 139]
Min Correction Subset: [41, 45, 77]
Iter 63: 
Min Hitting Set: [2, 4, 7, 9, 10, 12, 13, 15, 17, 20, 22, 23, 25, 30, 31, 32, 34, 36, 38, 40, 42, 44, 45, 47, 48, 49, 51, 138, 139]
Min Correction Subset: [8, 19]
Iter 64: 
Min Hitting Set: [2, 4, 7, 8, 9, 10, 12, 13, 15, 17, 20, 22, 25, 30, 31, 32, 34, 36, 38, 40, 42, 44, 45, 47, 48, 49, 51, 138, 139]
Min Correction Subset: [23, 79]
Iter 65: 
Min Hitting Set: [2, 4, 7, 9, 10, 12, 13, 15, 17, 19, 21, 22, 23, 25, 30, 31, 32, 34, 36, 38, 40, 42, 44, 45, 47, 48, 49, 51, 138, 139]
Min Correction Subset: [8, 16, 20]
Iter 66: 
Min Hitting Set: [2, 4, 7, 9, 10, 12, 13, 15, 17, 19, 20, 22, 23, 25, 30, 31, 32, 34, 36, 38, 40, 42, 44, 45, 47, 48, 49, 51, 138, 139]
Min Correction Subset: [8, 16, 21]
Iter 67: 
Min Hitting Set: [2, 4, 7, 8, 10, 12, 13, 15, 16, 17, 21, 22, 23, 25, 30, 31, 32, 34, 36, 38, 40, 42, 44, 45, 47, 48, 49, 51, 138, 139]
Min Correction Subset: [9, 20, 75]
Iter 68: 
Min Hitting Set: [2, 4, 7, 8, 10, 12, 13, 15, 17, 20, 21, 22, 23, 25, 30, 31, 32, 34, 36, 38, 40, 42, 44, 45, 47, 48, 49, 51, 138, 139]
Min Correction Subset: [9, 16, 19]
Iter 69: 
Min Hitting Set: [2, 4, 7, 8, 9, 10, 12, 13, 15, 17, 21, 22, 23, 25, 30, 31, 32, 34, 36, 38, 40, 42, 44, 45, 47, 48, 49, 51, 138, 139]
Min Correction Subset: [16, 20, 39]
Iter 70: 
Min Hitting Set: [2, 4, 7, 8, 10, 12, 13, 15, 16, 17, 20, 22, 23, 25, 30, 31, 32, 34, 36, 38, 40, 42, 44, 45, 47, 48, 49, 51, 138, 139]
Min Correction Subset: [9, 19, 33]
Iter 71: 
Min Hitting Set: [2, 4, 8, 9, 10, 12, 13, 15, 16, 17, 20, 22, 23, 25, 30, 31, 32, 34, 36, 38, 40, 42, 44, 45, 47, 48, 49, 51, 138, 139]
Min Correction Subset: [7, 19]
Iter 72: 
Min Hitting Set: [2, 4, 7, 8, 9, 10, 12, 17, 19, 20, 21, 22, 23, 25, 30, 31, 32, 34, 36, 38, 40, 42, 44, 45, 47, 48, 49, 51, 138, 139]
Min Correction Subset: [13, 15]
Iter 73: 
Min Hitting Set: [2, 4, 7, 8, 9, 10, 12, 13, 17, 19, 20, 22, 23, 25, 30, 31, 32, 34, 36, 38, 40, 42, 44, 45, 47, 48, 49, 51, 138, 139]
Min Correction Subset: [1, 16, 21]
Iter 74: 
Min Hitting Set: [2, 4, 8, 9, 10, 12, 13, 15, 16, 17, 19, 20, 22, 23, 30, 31, 32, 34, 36, 38, 40, 42, 44, 45, 47, 48, 49, 51, 138, 139]
Min Correction Subset: [14, 25]
Iter 75: 
Min Hitting Set: [1, 2, 4, 7, 8, 9, 10, 12, 13, 15, 17, 20, 23, 25, 30, 31, 32, 34, 36, 38, 40, 42, 44, 45, 47, 48, 49, 51, 138, 139]
Min Correction Subset: [22, 29]
Iter 76: 
Min Hitting Set: [2, 4, 8, 9, 10, 12, 13, 15, 16, 17, 19, 20, 22, 23, 25, 30, 31, 32, 34, 36, 38, 40, 42, 44, 45, 47, 48, 49, 51, 138, 139]
Min Correction Subset: [7, 29]
Iter 77: 
Min Hitting Set: [2, 4, 7, 8, 9, 10, 12, 13, 15, 17, 20, 21, 22, 23, 25, 30, 31, 32, 34, 36, 38, 40, 42, 44, 45, 47, 48, 49, 51, 138, 139]
Min Correction Subset: [19, 41, 77]
Iter 78: 
Min Hitting Set: [2, 4, 7, 9, 10, 12, 13, 15, 17, 19, 20, 21, 22, 23, 25, 30, 31, 32, 34, 36, 38, 40, 42, 44, 45, 47, 48, 49, 51, 138, 139]
Min Correction Subset: [8, 29, 63]
Iter 79: 
Min Hitting Set: [2, 4, 7, 8, 10, 12, 13, 15, 17, 19, 20, 21, 22, 23, 25, 30, 31, 32, 34, 36, 38, 40, 42, 44, 45, 47, 48, 49, 51, 138, 139]
Min Correction Subset: [6, 37, 85]
Iter 80: 
Min Hitting Set: [2, 4, 6, 7, 8, 10, 12, 13, 15, 17, 19, 20, 21, 22, 23, 25, 30, 31, 32, 34, 36, 38, 40, 42, 44, 45, 47, 48, 49, 51, 138, 139]
Min Correction Subset: [9, 16, 75]
Iter 81: 
Min Hitting Set: [2, 4, 6, 7, 8, 10, 12, 13, 15, 16, 17, 19, 20, 22, 23, 25, 30, 31, 32, 34, 36, 38, 40, 42, 44, 45, 47, 48, 49, 51, 138, 139]
Min Correction Subset: [9, 21, 67]
Iter 82: 
Min Hitting Set: [1, 2, 4, 6, 7, 8, 9, 10, 12, 13, 15, 17, 20, 22, 23, 25, 30, 31, 32, 34, 36, 38, 40, 41, 42, 44, 47, 48, 49, 51, 138, 139]
Min Correction Subset: [16, 21, 45]
Iter 83: 
Min Hitting Set: [2, 4, 6, 7, 8, 9, 10, 12, 13, 15, 16, 17, 20, 22, 23, 25, 30, 31, 32, 34, 36, 38, 40, 41, 42, 44, 47, 48, 49, 51, 138, 139]
Min Correction Subset: [21, 29, 63]
Iter 84: 
Min Hitting Set: [2, 4, 6, 7, 8, 9, 10, 12, 15, 17, 19, 20, 21, 22, 23, 25, 30, 31, 32, 34, 36, 38, 40, 42, 44, 45, 47, 48, 49, 51, 138, 139]
Min Correction Subset: [1, 13, 18]
Iter 85: 
Min Hitting Set: [2, 4, 6, 7, 8, 9, 10, 12, 13, 15, 17, 20, 21, 22, 23, 25, 30, 31, 32, 34, 36, 38, 40, 41, 42, 44, 47, 48, 49, 51, 138, 139]
Min Correction Subset: [16, 45, 75]
Iter 86: 
Min Hitting Set: [2, 4, 6, 7, 8, 9, 10, 12, 13, 17, 19, 20, 21, 22, 23, 25, 30, 31, 32, 34, 36, 38, 40, 42, 44, 45, 47, 48, 49, 51, 138, 139]
Min Correction Subset: [1, 15, 16]
Iter 87: 
Min Hitting Set: [2, 4, 6, 7, 8, 9, 10, 12, 13, 15, 16, 17, 21, 22, 23, 25, 30, 31, 32, 34, 36, 38, 40, 41, 42, 44, 47, 48, 49, 51, 138, 139]
Min Correction Subset: [1, 19, 20]
Iter 88: 
Min Hitting Set: [2, 4, 6, 8, 9, 10, 12, 13, 15, 16, 17, 19, 20, 22, 23, 25, 29, 30, 31, 32, 34, 36, 38, 40, 42, 44, 45, 47, 48, 49, 51, 138, 139]
Min Correction Subset: [7, 21]
Iter 89: 
Min Hitting Set: [1, 2, 4, 6, 7, 8, 9, 10, 12, 13, 17, 19, 20, 21, 22, 23, 25, 30, 31, 32, 34, 36, 38, 40, 42, 44, 45, 47, 48, 49, 51, 138, 139]
Min Correction Subset: [15, 33, 73]
Iter 90: 
Min Hitting Set: [2, 4, 6, 7, 9, 10, 12, 13, 15, 16, 17, 19, 20, 22, 23, 25, 29, 30, 31, 32, 34, 36, 38, 40, 42, 44, 45, 47, 48, 49, 51, 138, 139]
Min Correction Subset: [8, 35, 75]
Iter 91: 
Min Hitting Set: [2, 4, 6, 7, 8, 9, 10, 12, 13, 15, 16, 17, 20, 21, 22, 23, 25, 30, 31, 32, 34, 36, 38, 40, 41, 42, 44, 47, 48, 49, 51, 138, 139]
Min Correction Subset: [0, 29, 63]
Iter 92: 
Min Hitting Set: [2, 4, 6, 7, 8, 9, 10, 12, 13, 15, 16, 17, 20, 22, 23, 25, 29, 30, 31, 32, 34, 36, 38, 40, 41, 42, 44, 47, 48, 49, 51, 138, 139]
Min Correction Subset: [18, 21, 45]
Iter 93: 
Min Hitting Set: [1, 2, 4, 6, 7, 8, 9, 10, 12, 13, 15, 17, 20, 23, 25, 29, 30, 31, 32, 34, 36, 38, 40, 41, 42, 44, 45, 47, 48, 49, 51, 138, 139]
Min Correction Subset: [14, 16, 21]
Iter 94: 
Min Hitting Set: [1, 2, 4, 6, 7, 8, 9, 10, 12, 15, 16, 17, 19, 21, 23, 25, 29, 30, 31, 32, 34, 36, 38, 40, 42, 44, 45, 47, 48, 49, 51, 138, 139]
Min Correction Subset: [13, 22]
Iter 95: 
Min Hitting Set: [2, 4, 6, 8, 9, 10, 12, 13, 15, 16, 17, 19, 20, 21, 22, 23, 25, 29, 30, 31, 32, 34, 36, 38, 40, 42, 44, 47, 48, 49, 51, 77, 138, 139]
Min Correction Subset: [7, 45]
Iter 96: 
Min Hitting Set: [2, 4, 6, 8, 9, 10, 12, 13, 15, 16, 17, 19, 20, 21, 22, 23, 25, 29, 30, 31, 32, 34, 36, 38, 40, 42, 44, 45, 47, 48, 49, 51, 138, 139]
Min Correction Subset: [1, 7]
Iter 97: 
Min Hitting Set: [2, 4, 6, 7, 8, 10, 12, 13, 15, 16, 17, 19, 20, 21, 22, 23, 25, 29, 30, 31, 32, 34, 36, 38, 40, 42, 44, 47, 48, 49, 51, 77, 138, 139]
Min Correction Subset: [9, 35, 75]
Iter 98: 
Min Hitting Set: [2, 4, 6, 7, 8, 9, 10, 12, 13, 15, 17, 20, 21, 22, 23, 25, 29, 30, 31, 32, 34, 36, 38, 40, 41, 42, 44, 45, 47, 48, 49, 51, 138, 139]
Min Correction Subset: [1, 18, 19, 77]
Iter 99: 
Min Hitting Set: [2, 4, 6, 7, 8, 9, 10, 12, 13, 15, 17, 20, 21, 22, 23, 25, 29, 30, 31, 32, 34, 36, 38, 40, 42, 44, 45, 47, 48, 49, 51, 77, 138, 139]
Min Correction Subset: [16, 19, 35, 75]
Iter 100: 
Min Hitting Set: [2, 4, 6, 7, 8, 9, 10, 12, 13, 15, 17, 19, 20, 21, 22, 23, 25, 29, 30, 31, 32, 34, 36, 38, 40, 42, 44, 45, 47, 48, 49, 51, 138, 139]
Min Correction Subset: [1, 16, 41, 77]
Iter 101: 
Min Hitting Set: [1, 2, 4, 6, 7, 8, 9, 10, 12, 13, 15, 16, 17, 19, 21, 23, 25, 29, 30, 31, 32, 34, 36, 38, 40, 42, 44, 45, 47, 48, 49, 51, 138, 139]
Min Correction Subset: [14, 22, 90]
Iter 102: 
Min Hitting Set: [2, 4, 6, 7, 8, 9, 10, 12, 13, 15, 17, 20, 21, 22, 23, 25, 29, 30, 31, 32, 34, 36, 38, 40, 42, 44, 47, 48, 49, 51, 75, 77, 138, 139]
Min Correction Subset: [16, 41, 45]
Iter 103: 
Min Hitting Set: [1, 2, 4, 6, 7, 8, 9, 10, 12, 13, 14, 15, 17, 19, 20, 23, 25, 29, 30, 31, 32, 34, 36, 38, 40, 42, 44, 45, 47, 48, 49, 51, 138, 139]
Min Correction Subset: [16, 22, 93]
Iter 104: 
Min Hitting Set: [2, 4, 6, 7, 8, 9, 10, 12, 13, 15, 16, 17, 19, 21, 22, 23, 25, 29, 30, 31, 32, 34, 36, 38, 40, 42, 44, 47, 48, 49, 51, 77, 138, 139]
Min Correction Subset: [20, 39, 80]
Iter 105: 
Min Hitting Set: [2, 4, 6, 7, 8, 9, 10, 12, 13, 15, 16, 17, 20, 22, 23, 25, 29, 30, 31, 32, 34, 36, 38, 40, 42, 44, 45, 47, 48, 49, 51, 77, 138, 139]
Min Correction Subset: [19, 21, 35, 75]
Iter 106: 
Min Hitting Set: [1, 2, 4, 6, 7, 8, 9, 10, 12, 13, 14, 15, 16, 17, 19, 20, 23, 29, 30, 31, 32, 34, 36, 38, 40, 42, 44, 45, 47, 48, 49, 51, 138, 139]
Min Correction Subset: [18, 25]
Iter 107: 
Min Hitting Set: [2, 4, 6, 7, 8, 9, 10, 12, 13, 15, 16, 17, 19, 20, 22, 23, 25, 29, 30, 31, 32, 34, 36, 38, 40, 42, 44, 45, 47, 48, 49, 51, 138, 139]
Min Correction Subset: [1, 21, 41, 77]
Iter 108: 
Min Hitting Set: [1, 2, 4, 6, 7, 8, 9, 10, 12, 15, 17, 19, 20, 21, 22, 23, 25, 29, 30, 31, 32, 34, 36, 38, 40, 42, 44, 45, 47, 48, 49, 51, 138, 139]
Min Correction Subset: [13, 41, 77]
Iter 109: 
Min Hitting Set: [2, 4, 6, 7, 8, 9, 10, 12, 13, 15, 16, 17, 20, 21, 22, 23, 25, 29, 30, 31, 32, 34, 36, 38, 40, 42, 44, 47, 48, 49, 51, 77, 138, 139]
Min Correction Subset: [1, 41, 45]
Iter 110: 
Min Hitting Set: [2, 4, 6, 7, 9, 10, 12, 13, 15, 17, 19, 20, 21, 22, 23, 25, 29, 30, 31, 32, 34, 36, 38, 40, 42, 44, 45, 47, 48, 49, 51, 75, 77, 138, 139]
Min Correction Subset: [8, 16, 33]
Iter 111: 
Min Hitting Set: [2, 4, 6, 7, 9, 10, 12, 13, 15, 16, 17, 19, 20, 22, 23, 25, 29, 30, 31, 32, 34, 36, 38, 40, 42, 44, 45, 47, 48, 49, 51, 75, 77, 138, 139]
Min Correction Subset: [1, 8, 18]
Iter 112: 
Min Hitting Set: [2, 4, 6, 7, 8, 9, 10, 12, 13, 15, 16, 17, 19, 20, 22, 23, 25, 29, 30, 31, 32, 34, 36, 38, 40, 41, 42, 44, 45, 47, 48, 49, 51, 138, 139]
Min Correction Subset: [1, 18, 21, 77]
Iter 113: 
Min Hitting Set: [2, 4, 6, 7, 8, 9, 10, 12, 13, 15, 16, 17, 19, 20, 22, 23, 25, 29, 30, 31, 32, 34, 36, 38, 40, 42, 44, 45, 47, 48, 49, 51, 77, 138, 139]
Min Correction Subset: [18, 37, 63, 85]
Iter 114: 
Min Hitting Set: [2, 4, 7, 8, 9, 10, 12, 13, 15, 16, 17, 19, 20, 22, 23, 25, 29, 30, 31, 32, 34, 36, 37, 38, 40, 42, 44, 45, 47, 48, 49, 51, 77, 138, 139]
Min Correction Subset: [1, 18, 33, 35, 75]
Iter 115: 
Min Hitting Set: [2, 4, 7, 8, 9, 10, 12, 15, 17, 18, 19, 20, 21, 22, 23, 25, 29, 30, 31, 32, 34, 36, 37, 38, 40, 41, 42, 44, 45, 47, 48, 49, 51, 138, 139]
Min Correction Subset: [1, 13, 24]
Iter 116: 
Min Hitting Set: [2, 4, 7, 8, 9, 10, 12, 13, 16, 17, 19, 20, 22, 23, 25, 29, 30, 31, 32, 33, 34, 36, 37, 38, 40, 42, 44, 45, 47, 48, 49, 51, 77, 138, 139]
Min Correction Subset: [15, 21, 67]
Iter 117: 
Min Hitting Set: [2, 4, 7, 8, 9, 10, 12, 13, 15, 17, 20, 21, 22, 23, 25, 29, 30, 31, 32, 34, 36, 37, 38, 40, 41, 42, 44, 47, 48, 49, 51, 75, 77, 138, 139]
Min Correction Subset: [16, 45, 80]
Iter 118: 
Min Hitting Set: [1, 2, 4, 7, 8, 9, 10, 12, 13, 14, 15, 17, 19, 20, 22, 23, 25, 29, 30, 31, 32, 34, 36, 37, 38, 40, 42, 44, 45, 47, 48, 49, 51, 138, 139]
Min Correction Subset: [16, 21, 80]
Iter 119: 
Min Hitting Set: [2, 4, 7, 8, 10, 12, 13, 15, 17, 19, 20, 21, 22, 23, 25, 29, 30, 31, 32, 34, 36, 37, 38, 40, 41, 42, 44, 45, 47, 48, 49, 51, 75, 138, 139]
Min Correction Subset: [1, 9, 16]
Iter 120: 
Min Hitting Set: [1, 2, 4, 8, 9, 10, 12, 13, 14, 15, 16, 17, 18, 19, 20, 21, 23, 29, 30, 31, 32, 34, 36, 37, 38, 40, 42, 44, 45, 47, 48, 49, 51, 138, 139]
Min Correction Subset: [7, 22]
Iter 121: 
Min Hitting Set: [2, 4, 7, 8, 9, 10, 12, 13, 15, 16, 17, 18, 19, 20, 22, 23, 25, 29, 30, 31, 32, 34, 36, 37, 38, 40, 41, 42, 44, 47, 48, 49, 51, 138, 139]
Min Correction Subset: [39, 45, 77]
Iter 122: 
Min Hitting Set: [1, 2, 4, 7, 8, 10, 12, 13, 15, 17, 19, 20, 21, 22, 23, 25, 29, 30, 31, 32, 34, 36, 37, 38, 40, 42, 44, 45, 47, 48, 49, 51, 75, 138, 139]
Min Correction Subset: [9, 16, 39]
Iter 123: 
Min Hitting Set: [1, 2, 4, 7, 8, 9, 10, 12, 15, 17, 19, 21, 22, 23, 25, 29, 30, 31, 32, 34, 36, 37, 38, 39, 40, 41, 42, 44, 45, 47, 48, 49, 51, 138, 139]
Min Correction Subset: [13, 20]
Iter 124: 
Min Hitting Set: [1, 2, 4, 7, 9, 10, 12, 13, 15, 16, 17, 19, 20, 22, 23, 25, 29, 30, 31, 32, 34, 36, 37, 38, 40, 42, 44, 45, 47, 48, 49, 51, 75, 138, 139]
Min Correction Subset: [8, 41, 77]
Iter 125: 
Min Hitting Set: [1, 2, 4, 7, 8, 9, 10, 12, 13, 14, 15, 16, 17, 19, 20, 23, 25, 29, 30, 31, 32, 34, 36, 37, 38, 40, 42, 44, 45, 47, 48, 49, 51, 138, 139]
Min Correction Subset: [22, 41, 77]
Iter 126: 
Min Hitting Set: [1, 2, 4, 7, 8, 9, 10, 12, 13, 17, 19, 20, 21, 22, 23, 25, 29, 30, 31, 32, 33, 34, 36, 37, 38, 40, 42, 44, 45, 47, 48, 49, 51, 138, 139]
Min Correction Subset: [15, 16, 80]
Iter 127: 
Min Hitting Set: [1, 2, 4, 7, 8, 9, 10, 12, 13, 15, 16, 17, 21, 22, 23, 25, 29, 30, 31, 32, 34, 36, 37, 38, 40, 42, 44, 47, 48, 49, 51, 77, 80, 138, 139]
Min Correction Subset: [20, 75, 81]
Iter 128: 
Min Hitting Set: [1, 2, 4, 7, 8, 9, 10, 12, 13, 15, 17, 19, 20, 21, 22, 23, 25, 29, 30, 31, 32, 34, 36, 37, 38, 40, 42, 44, 45, 47, 48, 49, 51, 138, 139]
Min Correction Subset: [16, 41, 77, 80]
Iter 129: 
Min Hitting Set: [1, 2, 4, 7, 8, 9, 10, 12, 13, 15, 16, 17, 20, 21, 22, 23, 25, 29, 30, 31, 32, 34, 36, 37, 38, 40, 42, 44, 47, 48, 49, 51, 77, 138, 139]
Min Correction Subset: [18, 41, 45, 81]
Iter 130: 
Min Hitting Set: [2, 4, 7, 8, 10, 12, 13, 15, 16, 17, 19, 21, 22, 23, 25, 29, 30, 31, 32, 34, 36, 37, 38, 39, 40, 42, 44, 45, 47, 48, 49, 51, 75, 138, 139]
Min Correction Subset: [1, 9, 20]
Iter 131: 
Min Hitting Set: [2, 4, 7, 8, 9, 10, 12, 13, 15, 16, 17, 20, 22, 23, 25, 29, 30, 31, 32, 34, 36, 37, 38, 40, 42, 44, 45, 47, 48, 49, 51, 75, 77, 138, 139]
Min Correction Subset: [1, 18, 19, 21]
Iter 132: 
Min Hitting Set: [2, 4, 7, 8, 10, 12, 13, 15, 16, 17, 19, 20, 21, 22, 23, 25, 29, 30, 31, 32, 34, 36, 37, 38, 40, 42, 44, 45, 47, 48, 49, 51, 75, 138, 139]
Min Correction Subset: [9, 41, 77]
Iter 133: 
Min Hitting Set: [1, 2, 4, 7, 8, 9, 10, 12, 13, 15, 16, 17, 19, 20, 22, 23, 25, 29, 30, 31, 32, 34, 36, 37, 38, 40, 42, 44, 45, 47, 48, 49, 51, 138, 139]
Min Correction Subset: [14, 21, 41, 77]
Iter 134: 
Min Hitting Set: [1, 2, 4, 7, 8, 9, 10, 12, 15, 17, 19, 20, 21, 22, 23, 25, 29, 30, 31, 32, 34, 36, 37, 38, 40, 42, 44, 45, 47, 48, 49, 51, 77, 138, 139]
Min Correction Subset: [13, 16, 35, 75]
Iter 135: 
Min Hitting Set: [2, 4, 7, 8, 9, 10, 12, 13, 15, 17, 20, 21, 22, 23, 25, 29, 30, 31, 32, 34, 36, 37, 38, 40, 42, 44, 45, 47, 48, 49, 51, 75, 77, 138, 139]
Min Correction Subset: [1, 16, 18, 19]
Iter 136: 
Min Hitting Set: [2, 4, 7, 8, 9, 10, 12, 13, 16, 17, 19, 20, 21, 22, 23, 25, 29, 30, 31, 32, 33, 34, 36, 37, 38, 40, 42, 44, 45, 47, 48, 49, 51, 138, 139]
Min Correction Subset: [15, 35, 75]
Iter 137: 
Min Hitting Set: [1, 2, 4, 8, 9, 10, 12, 13, 15, 16, 17, 19, 20, 21, 22, 23, 25, 29, 30, 31, 32, 34, 36, 37, 38, 40, 42, 44, 45, 47, 48, 49, 51, 138, 139]
Min Correction Subset: [7, 33]
Iter 138: 
Min Hitting Set: [2, 4, 7, 8, 9, 10, 12, 13, 15, 16, 17, 18, 20, 22, 23, 25, 29, 30, 31, 32, 34, 36, 37, 38, 40, 41, 42, 44, 47, 48, 49, 51, 75, 77, 138, 139]
Min Correction Subset: [1, 21, 24, 45]
Iter 139: 
Min Hitting Set: [1, 2, 4, 7, 8, 9, 10, 12, 13, 15, 16, 17, 18, 20, 22, 23, 25, 29, 30, 31, 32, 34, 36, 38, 40, 42, 44, 47, 48, 49, 51, 75, 77, 85, 138, 139]
Min Correction Subset: [21, 41, 45]
Iter 140: 
Min Hitting Set: [2, 4, 7, 8, 9, 10, 12, 13, 15, 16, 17, 19, 20, 22, 23, 25, 29, 30, 31, 32, 33, 34, 36, 38, 40, 42, 44, 45, 47, 48, 49, 51, 77, 85, 138, 139]
Min Correction Subset: [1, 18, 35, 75, 76]
Iter 141: 
Min Hitting Set: [2, 4, 7, 8, 9, 10, 12, 13, 15, 16, 17, 18, 19, 20, 22, 23, 25, 29, 30, 31, 32, 34, 36, 38, 40, 42, 44, 45, 47, 48, 49, 51, 77, 85, 138, 139]
Min Correction Subset: [21, 33, 35, 67, 75]
Iter 142: 
Min Hitting Set: [1, 2, 4, 7, 8, 9, 10, 12, 13, 15, 16, 17, 20, 21, 22, 23, 25, 29, 30, 31, 32, 34, 36, 37, 38, 40, 42, 44, 45, 47, 48, 49, 51, 77, 138, 139]
Min Correction Subset: [19, 33, 35, 75]
Iter 143: 
Min Hitting Set: [1, 2, 4, 7, 9, 10, 12, 13, 15, 16, 17, 19, 20, 22, 23, 25, 29, 30, 31, 32, 34, 36, 37, 38, 40, 41, 42, 44, 45, 47, 48, 49, 51, 75, 138, 139]
Min Correction Subset: [8, 21, 33]
Iter 144: 
Min Hitting Set: [1, 2, 4, 7, 8, 9, 10, 12, 15, 16, 17, 19, 20, 21, 22, 23, 25, 29, 30, 31, 32, 34, 36, 37, 38, 40, 42, 44, 45, 47, 48, 49, 51, 77, 138, 139]
Min Correction Subset: [13, 18, 35, 75]
Iter 145: 
Min Hitting Set: [2, 4, 7, 8, 9, 10, 12, 13, 15, 16, 17, 19, 20, 22, 23, 25, 29, 30, 31, 32, 34, 36, 37, 38, 40, 42, 44, 45, 47, 48, 49, 51, 75, 77, 138, 139]
Min Correction Subset: [1, 18, 21, 33, 67, 76]
Iter 146: 
Min Hitting Set: [2, 4, 7, 8, 9, 10, 12, 13, 15, 16, 17, 18, 20, 22, 23, 25, 29, 30, 31, 32, 34, 36, 38, 40, 42, 44, 45, 47, 48, 49, 51, 75, 77, 85, 138, 139]
Min Correction Subset: [14, 19, 21, 41]
Iter 147: 
Min Hitting Set: [2, 4, 7, 8, 9, 10, 12, 13, 15, 16, 17, 18, 20, 22, 23, 25, 29, 30, 31, 32, 34, 36, 38, 40, 41, 42, 44, 45, 47, 48, 49, 51, 75, 85, 138, 139]
Min Correction Subset: [14, 19, 21, 39, 77]
Iter 148: 
Min Hitting Set: [1, 2, 4, 7, 8, 9, 10, 12, 15, 17, 19, 20, 21, 22, 23, 25, 29, 30, 31, 32, 34, 36, 38, 40, 41, 42, 44, 45, 47, 48, 49, 51, 75, 85, 138, 139]
Min Correction Subset: [13, 16, 33, 80]
Iter 149: 
Min Hitting Set: [1, 2, 4, 7, 8, 9, 10, 12, 13, 14, 15, 16, 17, 20, 23, 25, 29, 30, 31, 32, 34, 36, 38, 40, 42, 44, 45, 47, 48, 49, 51, 75, 77, 85, 138, 139]
Min Correction Subset: [19, 21, 22]
Iter 150: 
Min Hitting Set: [2, 4, 7, 8, 9, 10, 12, 13, 15, 16, 17, 18, 19, 20, 21, 22, 23, 25, 29, 30, 31, 32, 34, 36, 38, 40, 42, 44, 45, 47, 48, 49, 51, 85, 138, 139]
Min Correction Subset: [35, 41, 75, 77]
Iter 151: 
Min Hitting Set: [1, 2, 4, 7, 8, 10, 12, 13, 15, 16, 17, 21, 22, 23, 25, 29, 30, 31, 32, 33, 34, 36, 38, 39, 40, 41, 42, 44, 47, 48, 49, 51, 75, 85, 138, 139]
Min Correction Subset: [9, 45, 67]
Iter 152: 
Min Hitting Set: [2, 4, 7, 8, 10, 12, 13, 15, 16, 17, 20, 21, 22, 23, 25, 29, 30, 31, 32, 33, 34, 36, 38, 40, 42, 44, 45, 47, 48, 49, 51, 75, 77, 85, 138, 139]
Min Correction Subset: [1, 9, 18]
Iter 153: 
Min Hitting Set: [2, 4, 7, 8, 9, 10, 12, 13, 15, 16, 17, 20, 21, 22, 23, 25, 29, 30, 31, 32, 34, 36, 38, 40, 41, 42, 44, 47, 48, 49, 51, 75, 77, 85, 138, 139]
Min Correction Subset: [1, 18, 45]
Iter 154: 
Min Hitting Set: [2, 4, 7, 8, 9, 10, 12, 13, 15, 17, 18, 20, 21, 22, 23, 25, 29, 30, 31, 32, 34, 36, 38, 40, 41, 42, 44, 45, 47, 48, 49, 51, 75, 85, 138, 139]
Min Correction Subset: [1, 16, 19, 33]
Iter 155: 
Min Hitting Set: [2, 4, 7, 8, 9, 10, 12, 13, 15, 16, 17, 20, 21, 22, 23, 25, 29, 30, 31, 32, 34, 36, 38, 40, 42, 44, 45, 47, 48, 49, 51, 75, 77, 85, 138, 139]
Min Correction Subset: [1, 18, 19, 33]
Iter 156: 
Min Hitting Set: [2, 4, 7, 8, 9, 10, 12, 13, 15, 17, 18, 19, 20, 21, 22, 23, 25, 29, 30, 31, 32, 34, 36, 38, 40, 41, 42, 44, 45, 47, 48, 49, 51, 85, 138, 139]
Min Correction Subset: [1, 16, 33, 35, 75]
Iter 157: 
Min Hitting Set: [2, 4, 7, 8, 9, 10, 12, 13, 15, 16, 17, 19, 20, 21, 22, 23, 25, 29, 30, 31, 32, 34, 36, 38, 40, 42, 44, 45, 47, 48, 49, 51, 75, 85, 138, 139]
Min Correction Subset: [1, 18, 41, 77]
Iter 158: 
Min Hitting Set: [1, 2, 4, 7, 8, 9, 10, 12, 15, 16, 17, 18, 19, 20, 21, 22, 23, 25, 29, 30, 31, 32, 34, 36, 38, 40, 42, 44, 47, 48, 49, 51, 77, 85, 138, 139]
Min Correction Subset: [13, 45, 81]
Iter 159: 
Min Hitting Set: [2, 4, 7, 8, 9, 10, 12, 13, 15, 17, 19, 20, 21, 22, 23, 25, 29, 30, 31, 32, 34, 36, 37, 38, 40, 41, 42, 44, 45, 47, 48, 49, 51, 75, 138, 139]
Min Correction Subset: [1, 16, 18, 33, 76]
Iter 160: 
Min Hitting Set: [1, 2, 4, 7, 8, 9, 10, 12, 13, 15, 17, 21, 22, 23, 25, 29, 30, 31, 32, 34, 36, 37, 38, 39, 40, 41, 42, 44, 45, 47, 48, 49, 51, 75, 138, 139]
Min Correction Subset: [16, 20, 33]
Iter 161: 
Min Hitting Set: [1, 2, 4, 7, 8, 9, 10, 12, 13, 15, 17, 19, 20, 21, 22, 23, 25, 29, 30, 31, 32, 34, 36, 37, 38, 40, 42, 44, 45, 47, 48, 49, 51, 77, 138, 139]
Min Correction Subset: [14, 16, 33, 35, 75, 80]
Iter 162: 
Min Hitting Set: [1, 2, 4, 7, 8, 9, 10, 12, 13, 15, 17, 20, 21, 22, 23, 25, 29, 30, 31, 32, 34, 36, 37, 38, 40, 42, 44, 45, 47, 48, 49, 51, 75, 77, 138, 139]
Min Correction Subset: [16, 18, 19, 33, 81]
Iter 163: 
Min Hitting Set: [1, 2, 4, 7, 8, 9, 10, 12, 13, 15, 16, 17, 21, 22, 23, 25, 29, 30, 31, 32, 34, 36, 37, 38, 39, 40, 41, 42, 44, 47, 48, 49, 51, 75, 138, 139]
Min Correction Subset: [20, 33, 81]
Iter 164: 
Min Hitting Set: [1, 2, 4, 7, 8, 9, 10, 12, 15, 16, 17, 18, 19, 20, 21, 22, 23, 25, 29, 30, 31, 32, 34, 36, 37, 38, 40, 42, 44, 45, 47, 48, 49, 51, 77, 138, 139]
Min Correction Subset: [13, 33, 35, 75]
Iter 165: 
Min Hitting Set: [2, 4, 7, 8, 9, 10, 12, 13, 15, 16, 17, 18, 19, 20, 21, 22, 23, 25, 29, 30, 31, 32, 34, 36, 37, 38, 40, 41, 42, 44, 47, 48, 49, 51, 77, 138, 139]
Min Correction Subset: [1, 35, 45, 75]
Iter 166: 
Min Hitting Set: [1, 2, 4, 7, 8, 9, 10, 12, 13, 15, 16, 17, 19, 20, 21, 22, 23, 25, 29, 30, 31, 32, 34, 36, 37, 38, 40, 41, 42, 44, 47, 48, 49, 51, 77, 138, 139]
Min Correction Subset: [18, 33, 45, 81]
Iter 167: 
Min Hitting Set: [2, 4, 7, 9, 10, 12, 13, 15, 17, 18, 19, 20, 21, 22, 23, 25, 29, 30, 31, 32, 33, 34, 36, 37, 38, 40, 42, 44, 45, 47, 48, 49, 51, 75, 77, 138, 139]
Min Correction Subset: [8, 16, 80]
Iter 168: 
Min Hitting Set: [2, 4, 7, 8, 9, 10, 12, 13, 15, 16, 17, 18, 19, 20, 22, 23, 25, 29, 30, 31, 32, 33, 34, 36, 37, 38, 40, 41, 42, 44, 45, 47, 48, 49, 51, 138, 139]
Min Correction Subset: [1, 21, 24, 35, 67, 75]
Iter 169: 
Min Hitting Set: [2, 4, 7, 8, 9, 10, 12, 13, 15, 16, 17, 18, 19, 20, 22, 23, 25, 29, 30, 31, 32, 34, 36, 37, 38, 40, 41, 42, 44, 45, 47, 48, 49, 51, 67, 138, 139]
Min Correction Subset: [1, 24, 33, 35, 75]
Iter 170: 
Min Hitting Set: [1, 2, 4, 7, 8, 9, 10, 12, 13, 15, 16, 17, 18, 20, 22, 23, 25, 29, 30, 31, 32, 34, 36, 37, 38, 40, 41, 42, 44, 47, 48, 49, 51, 75, 77, 138, 139]
Min Correction Subset: [19, 21, 39, 45, 80]
Iter 171: 
Min Hitting Set: [1, 2, 4, 7, 8, 9, 10, 12, 13, 15, 16, 17, 18, 20, 22, 23, 25, 29, 30, 31, 32, 34, 36, 37, 38, 39, 40, 41, 42, 44, 47, 48, 49, 51, 75, 138, 139]
Min Correction Subset: [21, 45, 77]
