IIS generation
Iter 1: 
Min Hitting Set: []
Min Correction Subset: [90]
Iter 2: 
Min Hitting Set: [90]
Min Correction Subset: [89]
Iter 3: 
Min Hitting Set: [89, 90]
Min Correction Subset: [4, 10]
Iter 4: 
Min Hitting Set: [4, 89, 90]
Min Correction Subset: [31, 36]
Iter 5: 
Min Hitting Set: [4, 31, 89, 90]
Min Correction Subset: [19, 29]
Iter 6: 
Min Hitting Set: [4, 19, 31, 89, 90]
Min Correction Subset: [10, 17]
Iter 7: 
Min Hitting Set: [10, 19, 31, 89, 90]
Min Correction Subset: [4, 12]
Iter 8: 
Min Hitting Set: [4, 10, 19, 31, 89, 90]
Min Correction Subset: [36, 43]
Iter 9: 
Min Hitting Set: [4, 10, 19, 36, 89, 90]
Min Correction Subset: [31, 43]
Iter 10: 
Min Hitting Set: [4, 10, 19, 31, 36, 89, 90]
Min Correction Subset: [20, 27]
Iter 11: 
Min Hitting Set: [4, 10, 19, 20, 31, 36, 89, 90]
Min Correction Subset: [6, 26]
Iter 12: 
Min Hitting Set: [4, 6, 10, 19, 20, 31, 36, 89, 90]
Min Correction Subset: [7, 13, 14]
Iter 13: 
Min Hitting Set: [4, 6, 7, 10, 19, 20, 31, 36, 89, 90]
Min Correction Subset: [37, 43, 44]
Iter 14: 
Min Hitting Set: [4, 6, 7, 10, 19, 20, 31, 43, 89, 90]
Min Correction Subset: [23, 36, 37]
Iter 15: 
Min Hitting Set: [4, 6, 7, 10, 19, 20, 36, 43, 89, 90]
Min Correction Subset: [31, 32]
Iter 16: 
Min Hitting Set: [4, 6, 7, 10, 19, 20, 31, 36, 37, 89, 90]
Min Correction Subset: [1, 9, 14]
Iter 17: 
Min Hitting Set: [4, 6, 10, 14, 19, 20, 31, 36, 37, 89, 90]
Min Correction Subset: [17, 24, 28]
Iter 18: 
Min Hitting Set: [4, 6, 14, 17, 19, 20, 31, 36, 37, 89, 90]
Min Correction Subset: [10, 11]
Iter 19: 
Min Hitting Set: [4, 6, 10, 14, 17, 19, 20, 31, 36, 37, 89, 90]
Min Correction Subset: [40, 41, 47]
Iter 20: 
Min Hitting Set: [4, 6, 10, 14, 17, 19, 20, 31, 36, 37, 40, 89, 90]
Min Correction Subset: [9, 11, 26]
Iter 21: 
Min Hitting Set: [4, 10, 14, 17, 19, 20, 26, 31, 36, 37, 40, 89, 90]
Min Correction Subset: [12, 22, 29]
Iter 22: 
Min Hitting Set: [4, 10, 14, 17, 20, 26, 29, 31, 36, 37, 40, 89, 90]
Min Correction Subset: [19, 25]
Iter 23: 
Min Hitting Set: [10, 12, 14, 17, 19, 20, 26, 31, 36, 37, 40, 89, 90]
Min Correction Subset: [4, 27]
Iter 24: 
Min Hitting Set: [10, 12, 14, 17, 19, 26, 27, 31, 36, 37, 40, 89, 90]
Min Correction Subset: [20, 38]
Iter 25: 
Min Hitting Set: [4, 10, 12, 14, 17, 19, 20, 26, 31, 36, 37, 40, 89, 90]
Min Correction Subset: [9, 27, 29]
Iter 26: 
Min Hitting Set: [4, 10, 14, 17, 19, 20, 26, 29, 31, 37, 40, 43, 89, 90]
Min Correction Subset: [1, 9, 23]
Iter 27: 
Min Hitting Set: [10, 12, 14, 17, 19, 20, 23, 26, 27, 31, 40, 43, 89, 90]
Min Correction Subset: [6, 29, 36]
Iter 28: 
Min Hitting Set: [4, 10, 14, 17, 19, 20, 23, 26, 29, 31, 40, 43, 89, 90]
Min Correction Subset: [6, 36, 37]
Iter 29: 
Min Hitting Set: [4, 6, 11, 14, 17, 19, 20, 23, 29, 31, 40, 43, 89, 90]
Min Correction Subset: [10, 21]
Iter 30: 
Min Hitting Set: [4, 10, 14, 17, 19, 20, 23, 26, 29, 31, 37, 40, 43, 89, 90]
Min Correction Subset: [6, 12, 27]
Iter 31: 
Min Hitting Set: [4, 6, 9, 10, 12, 14, 17, 19, 20, 31, 37, 40, 43, 89, 90]
Min Correction Subset: [23, 28, 29]
Iter 32: 
Min Hitting Set: [4, 6, 9, 10, 12, 14, 19, 20, 28, 31, 37, 40, 43, 89, 90]
Min Correction Subset: [21, 22, 23]
Iter 33: 
Min Hitting Set: [10, 12, 14, 19, 20, 23, 26, 27, 28, 31, 36, 40, 43, 89, 90]
Min Correction Subset: [4, 22, 29]
Iter 34: 
Min Hitting Set: [4, 6, 10, 11, 14, 19, 20, 23, 28, 29, 31, 40, 43, 89, 90]
Min Correction Subset: [1, 22, 37]
Iter 35: 
Min Hitting Set: [4, 6, 9, 10, 14, 19, 20, 22, 23, 28, 31, 40, 43, 89, 90]
Min Correction Subset: [36, 37, 44]
Iter 36: 
Min Hitting Set: [4, 6, 9, 10, 14, 19, 20, 22, 28, 31, 37, 40, 43, 89, 90]
Min Correction Subset: [17, 24, 36]
Iter 37: 
Min Hitting Set: [4, 6, 9, 10, 14, 19, 20, 22, 28, 31, 36, 37, 40, 89, 90]
Min Correction Subset: [17, 24, 27]
Iter 38: 
Min Hitting Set: [10, 12, 14, 19, 20, 23, 26, 27, 28, 29, 31, 36, 37, 40, 89, 90]
Min Correction Subset: [6, 9, 17]
Iter 39: 
Min Hitting Set: [10, 12, 14, 17, 19, 20, 23, 26, 27, 29, 31, 36, 37, 40, 89, 90]
Min Correction Subset: [2, 9, 43]
Iter 40: 
Min Hitting Set: [10, 12, 14, 17, 19, 20, 23, 26, 27, 29, 31, 37, 40, 43, 89, 90]
Min Correction Subset: [1, 4, 7]
Iter 41: 
Min Hitting Set: [4, 6, 10, 11, 14, 17, 19, 20, 23, 29, 31, 37, 40, 43, 89, 90]
Min Correction Subset: [21, 22, 28]
Iter 42: 
Min Hitting Set: [4, 6, 7, 9, 10, 17, 19, 20, 22, 23, 31, 36, 37, 40, 89, 90]
Min Correction Subset: [14, 27, 43]
Iter 43: 
Min Hitting Set: [4, 6, 9, 10, 14, 17, 19, 20, 22, 23, 31, 36, 37, 40, 89, 90]
Min Correction Subset: [24, 43, 46]
Iter 44: 
Min Hitting Set: [7, 9, 10, 12, 19, 20, 22, 26, 27, 28, 31, 36, 40, 43, 89, 90]
Min Correction Subset: [4, 13, 37]
Iter 45: 
Min Hitting Set: [4, 6, 9, 10, 14, 19, 20, 22, 24, 28, 31, 36, 40, 43, 89, 90]
Min Correction Subset: [23, 26, 27]
Iter 46: 
Min Hitting Set: [4, 6, 9, 10, 14, 17, 19, 20, 22, 23, 31, 36, 40, 43, 89, 90]
Min Correction Subset: [12, 27, 38]
Iter 47: 
Min Hitting Set: [4, 9, 10, 13, 19, 20, 22, 26, 27, 28, 31, 36, 40, 43, 89, 90]
Min Correction Subset: [6, 37, 44]
Iter 48: 
Min Hitting Set: [4, 6, 9, 10, 14, 19, 22, 27, 28, 31, 36, 38, 40, 43, 89, 90]
Min Correction Subset: [20, 37]
Iter 49: 
Min Hitting Set: [4, 6, 9, 10, 14, 19, 20, 22, 27, 28, 31, 36, 40, 43, 89, 90]
Min Correction Subset: [12, 26, 29]
Iter 50: 
Min Hitting Set: [7, 9, 10, 12, 19, 20, 22, 26, 27, 28, 31, 36, 37, 40, 43, 89, 90]
Min Correction Subset: [4, 6, 13]
Iter 51: 
Min Hitting Set: [4, 9, 10, 12, 14, 19, 20, 22, 23, 24, 26, 31, 36, 37, 40, 89, 90]
Min Correction Subset: [6, 28, 29]
Iter 52: 
Min Hitting Set: [4, 9, 10, 14, 19, 20, 22, 24, 26, 27, 28, 31, 36, 37, 40, 89, 90]
Min Correction Subset: [6, 12, 13]
Iter 53: 
Min Hitting Set: [4, 6, 9, 10, 12, 14, 19, 20, 22, 23, 24, 31, 36, 37, 40, 89, 90]
Min Correction Subset: [26, 27, 29]
Iter 54: 
Min Hitting Set: [4, 9, 10, 12, 14, 17, 19, 20, 22, 26, 29, 31, 37, 40, 43, 89, 90]
Min Correction Subset: [6, 27, 36]
Iter 55: 
Min Hitting Set: [4, 6, 9, 10, 14, 19, 20, 22, 27, 28, 29, 31, 36, 40, 43, 89, 90]
Min Correction Subset: [12, 17, 24]
Iter 56: 
Min Hitting Set: [4, 6, 9, 10, 14, 17, 19, 20, 22, 27, 29, 31, 36, 40, 43, 89, 90]
Min Correction Subset: [12, 23, 26]
Iter 57: 
Min Hitting Set: [4, 6, 9, 10, 12, 14, 19, 20, 22, 27, 28, 31, 36, 40, 43, 89, 90]
Min Correction Subset: [17, 23, 24]
Iter 58: 
Min Hitting Set: [4, 9, 10, 13, 19, 20, 22, 24, 26, 27, 28, 31, 36, 37, 40, 89, 90]
Min Correction Subset: [7, 12, 14]
Iter 59: 
Min Hitting Set: [4, 6, 11, 12, 14, 17, 19, 20, 21, 23, 29, 31, 37, 40, 43, 89, 90]
Min Correction Subset: [9, 26, 27]
Iter 60: 
Min Hitting Set: [4, 9, 10, 12, 14, 19, 20, 23, 24, 26, 28, 31, 36, 37, 40, 89, 90]
Min Correction Subset: [1, 22, 29]
Iter 61: 
Min Hitting Set: [4, 6, 11, 14, 17, 19, 20, 21, 23, 27, 29, 31, 37, 40, 43, 89, 90]
Min Correction Subset: [1, 9, 10]
Iter 62: 
Min Hitting Set: [6, 7, 9, 10, 12, 17, 19, 20, 22, 27, 29, 31, 37, 40, 43, 89, 90]
Min Correction Subset: [4, 14, 21]
Iter 63: 
Min Hitting Set: [4, 9, 10, 12, 14, 19, 20, 22, 24, 26, 29, 31, 36, 37, 40, 89, 90]
Min Correction Subset: [8, 27, 43]
Iter 64: 
Min Hitting Set: [4, 6, 10, 14, 19, 22, 23, 24, 26, 27, 31, 37, 38, 40, 43, 89, 90]
Min Correction Subset: [9, 20, 36]
Iter 65: 
Min Hitting Set: [6, 7, 9, 10, 12, 17, 19, 20, 21, 27, 29, 31, 37, 40, 43, 89, 90]
Min Correction Subset: [23, 26, 36]
Iter 66: 
Min Hitting Set: [1, 10, 12, 13, 17, 19, 20, 21, 26, 27, 29, 31, 37, 40, 43, 89, 90]
Min Correction Subset: [23, 36, 44]
Iter 67: 
Min Hitting Set: [4, 6, 10, 14, 17, 19, 20, 22, 23, 26, 27, 31, 40, 43, 44, 89, 90]
Min Correction Subset: [29, 36, 37]
Iter 68: 
Min Hitting Set: [4, 6, 10, 14, 19, 20, 22, 23, 24, 26, 27, 31, 36, 40, 43, 89, 90]
Min Correction Subset: [0, 1, 9]
Iter 69: 
Min Hitting Set: [6, 7, 9, 10, 12, 19, 20, 21, 24, 27, 29, 31, 36, 37, 40, 89, 90]
Min Correction Subset: [23, 33, 43]
Iter 70: 
Min Hitting Set: [4, 6, 9, 10, 14, 19, 20, 22, 23, 24, 27, 29, 31, 36, 37, 40, 89, 90]
Min Correction Subset: [25, 26, 43]
Iter 71: 
Min Hitting Set: [4, 6, 7, 9, 10, 12, 17, 19, 20, 22, 23, 29, 31, 36, 40, 43, 89, 90]
Min Correction Subset: [14, 37, 44]
Iter 72: 
Min Hitting Set: [4, 9, 10, 12, 14, 19, 20, 22, 24, 26, 28, 31, 36, 37, 40, 43, 89, 90]
Min Correction Subset: [27, 34, 41]
Iter 73: 
Min Hitting Set: [4, 9, 10, 12, 14, 19, 20, 22, 24, 26, 28, 31, 36, 37, 41, 43, 89, 90]
Min Correction Subset: [6, 13, 27]
Iter 74: 
Min Hitting Set: [4, 6, 9, 10, 14, 20, 22, 23, 24, 25, 27, 29, 31, 36, 41, 44, 89, 90]
Min Correction Subset: [19, 26]
Iter 75: 
Min Hitting Set: [4, 6, 9, 10, 14, 17, 19, 20, 22, 23, 29, 31, 36, 38, 41, 43, 89, 90]
Min Correction Subset: [25, 26, 27]
Iter 76: 
Min Hitting Set: [1, 4, 10, 12, 13, 17, 19, 20, 22, 26, 29, 31, 36, 41, 43, 44, 89, 90]
Min Correction Subset: [14, 21, 27]
Iter 77: 
Min Hitting Set: [4, 6, 9, 10, 12, 14, 19, 22, 23, 24, 27, 31, 37, 38, 41, 43, 89, 90]
Min Correction Subset: [26, 29, 36]
Iter 78: 
Min Hitting Set: [4, 6, 9, 10, 12, 14, 19, 20, 22, 23, 24, 27, 31, 36, 41, 43, 89, 90]
Min Correction Subset: [29, 37, 38, 44]
Iter 79: 
Min Hitting Set: [4, 6, 9, 10, 14, 19, 20, 22, 23, 24, 27, 29, 31, 36, 41, 43, 89, 90]
Min Correction Subset: [0, 1, 2, 7]
Iter 80: 
Min Hitting Set: [4, 6, 7, 9, 10, 17, 19, 20, 22, 23, 27, 29, 31, 41, 43, 44, 89, 90]
Min Correction Subset: [12, 14, 21]
Iter 81: 
Min Hitting Set: [1, 4, 6, 10, 14, 17, 19, 20, 22, 26, 27, 29, 31, 36, 41, 43, 89, 90]
Min Correction Subset: [5, 12, 21, 23]
Iter 82: 
Min Hitting Set: [1, 4, 6, 11, 12, 14, 17, 19, 20, 21, 27, 29, 31, 36, 41, 43, 89, 90]
Min Correction Subset: [22, 37, 44]
Iter 83: 
Min Hitting Set: [1, 10, 12, 13, 17, 20, 21, 25, 26, 27, 29, 31, 36, 41, 43, 44, 89, 90]
Min Correction Subset: [4, 19]
Iter 84: 
Min Hitting Set: [1, 4, 10, 12, 13, 17, 19, 20, 21, 26, 29, 31, 36, 41, 43, 44, 89, 90]
Min Correction Subset: [7, 14, 28]
Iter 85: 
Min Hitting Set: [4, 6, 7, 9, 10, 17, 19, 21, 23, 27, 29, 31, 37, 38, 41, 43, 89, 90]
Min Correction Subset: [14, 22, 36]
Iter 86: 
Min Hitting Set: [1, 4, 6, 10, 12, 14, 19, 20, 22, 24, 26, 29, 31, 36, 41, 43, 89, 90]
Min Correction Subset: [9, 17, 23]
Iter 87: 
Min Hitting Set: [1, 4, 6, 10, 14, 17, 19, 20, 22, 23, 26, 27, 31, 37, 41, 43, 89, 90]
Min Correction Subset: [12, 29, 36]
Iter 88: 
Min Hitting Set: [1, 4, 6, 11, 14, 17, 19, 20, 21, 23, 27, 29, 31, 37, 41, 43, 89, 90]
Min Correction Subset: [10, 38, 44]
Iter 89: 
Min Hitting Set: [1, 4, 6, 10, 12, 14, 17, 19, 20, 22, 26, 29, 31, 36, 41, 43, 89, 90]
Min Correction Subset: [23, 24, 27, 30]
Iter 90: 
Min Hitting Set: [1, 4, 6, 11, 14, 17, 19, 20, 21, 23, 27, 29, 31, 41, 43, 44, 89, 90]
Min Correction Subset: [12, 22, 37]
Iter 91: 
Min Hitting Set: [1, 6, 10, 12, 14, 19, 20, 22, 23, 24, 26, 27, 31, 37, 41, 43, 89, 90]
Min Correction Subset: [4, 35, 36]
Iter 92: 
Min Hitting Set: [6, 7, 9, 10, 12, 17, 19, 20, 21, 27, 29, 31, 36, 37, 41, 43, 89, 90]
Min Correction Subset: [4, 11, 23]
Iter 93: 
Min Hitting Set: [6, 7, 9, 10, 12, 14, 19, 22, 23, 27, 28, 31, 36, 37, 38, 41, 43, 89, 90]
Min Correction Subset: [17, 20, 24]
Iter 94: 
Min Hitting Set: [6, 7, 9, 10, 12, 14, 19, 22, 23, 24, 27, 31, 36, 37, 38, 41, 43, 89, 90]
Min Correction Subset: [4, 11, 32]
Iter 95: 
Min Hitting Set: [1, 4, 6, 10, 12, 14, 17, 20, 22, 23, 25, 26, 29, 31, 41, 43, 44, 89, 90]
Min Correction Subset: [19, 36, 37]
Iter 96: 
Min Hitting Set: [1, 4, 6, 10, 12, 14, 17, 19, 20, 22, 23, 26, 29, 31, 41, 43, 44, 89, 90]
Min Correction Subset: [32, 36, 37]
Iter 97: 
Min Hitting Set: [1, 4, 6, 10, 12, 14, 17, 20, 22, 23, 25, 26, 29, 31, 37, 41, 43, 89, 90]
Min Correction Subset: [19, 21, 36]
Iter 98: 
Min Hitting Set: [1, 4, 6, 10, 12, 14, 17, 19, 20, 22, 23, 26, 29, 31, 37, 41, 43, 89, 90]
Min Correction Subset: [21, 27, 36]
Iter 99: 
Min Hitting Set: [4, 6, 7, 9, 10, 12, 17, 19, 20, 22, 27, 28, 31, 36, 37, 41, 43, 89, 90]
Min Correction Subset: [23, 26, 33]
Iter 100: 
Min Hitting Set: [1, 4, 6, 10, 11, 14, 17, 19, 20, 22, 23, 27, 29, 31, 37, 41, 43, 89, 90]
Min Correction Subset: [21, 26, 36]
Iter 101: 
Min Hitting Set: [4, 6, 7, 9, 10, 12, 17, 19, 20, 22, 23, 26, 27, 31, 37, 41, 43, 89, 90]
Min Correction Subset: [29, 36, 48]
Iter 102: 
Min Hitting Set: [6, 7, 9, 10, 12, 14, 19, 22, 23, 24, 27, 32, 36, 37, 38, 41, 43, 89, 90]
Min Correction Subset: [4, 31]
Iter 103: 
Min Hitting Set: [1, 4, 11, 12, 14, 17, 19, 20, 21, 26, 27, 28, 31, 36, 41, 43, 44, 89, 90]
Min Correction Subset: [10, 29, 37]
Iter 104: 
Min Hitting Set: [4, 6, 7, 9, 10, 12, 19, 20, 22, 23, 24, 27, 31, 36, 37, 41, 43, 89, 90]
Min Correction Subset: [14, 21, 26]
Iter 105: 
Min Hitting Set: [1, 4, 10, 12, 14, 17, 19, 20, 22, 26, 27, 28, 31, 36, 41, 43, 44, 89, 90]
Min Correction Subset: [9, 23, 30, 38]
Iter 106: 
Min Hitting Set: [1, 4, 6, 10, 12, 14, 19, 20, 23, 26, 27, 28, 32, 36, 41, 43, 44, 89, 90]
Min Correction Subset: [29, 31]
Iter 107: 
Min Hitting Set: [1, 6, 10, 11, 12, 14, 19, 20, 22, 23, 24, 27, 31, 36, 37, 41, 43, 89, 90]
Min Correction Subset: [4, 25, 26]
Iter 108: 
Min Hitting Set: [1, 4, 6, 10, 14, 17, 19, 20, 22, 23, 26, 27, 31, 36, 37, 41, 43, 89, 90]
Min Correction Subset: [12, 13, 24, 46]
Iter 109: 
Min Hitting Set: [1, 4, 6, 10, 11, 12, 14, 19, 20, 23, 27, 28, 31, 36, 41, 43, 44, 89, 90]
Min Correction Subset: [9, 26, 29]
Iter 110: 
Min Hitting Set: [1, 4, 6, 10, 12, 13, 19, 20, 23, 26, 27, 28, 31, 36, 41, 43, 44, 89, 90]
Min Correction Subset: [7, 11, 14]
Iter 111: 
Min Hitting Set: [1, 4, 6, 10, 12, 14, 19, 20, 21, 23, 24, 26, 29, 31, 37, 41, 43, 89, 90]
Min Correction Subset: [9, 17, 27]
Iter 112: 
Min Hitting Set: [1, 4, 6, 10, 14, 19, 22, 23, 24, 26, 27, 31, 36, 37, 38, 41, 43, 89, 90]
Min Correction Subset: [9, 12, 20]
Iter 113: 
Min Hitting Set: [1, 4, 10, 12, 14, 17, 19, 23, 26, 27, 28, 31, 36, 37, 38, 41, 43, 89, 90]
Min Correction Subset: [20, 33, 45, 55]
Iter 114: 
Min Hitting Set: [4, 7, 9, 10, 12, 19, 20, 22, 23, 24, 26, 27, 29, 31, 37, 41, 43, 89, 90]
Min Correction Subset: [6, 36, 44]
Iter 115: 
Min Hitting Set: [4, 7, 9, 10, 12, 19, 20, 22, 23, 26, 27, 28, 31, 36, 37, 41, 43, 89, 90]
Min Correction Subset: [6, 17, 24]
Iter 116: 
Min Hitting Set: [4, 7, 9, 10, 12, 17, 19, 20, 22, 26, 27, 28, 31, 36, 37, 41, 43, 89, 90]
Min Correction Subset: [6, 13, 24, 46]
Iter 117: 
Min Hitting Set: [1, 2, 4, 6, 10, 14, 19, 20, 22, 23, 24, 26, 27, 31, 36, 37, 41, 89, 90]
Min Correction Subset: [9, 17, 43]
Iter 118: 
Min Hitting Set: [4, 6, 7, 9, 10, 14, 19, 20, 21, 23, 24, 27, 29, 31, 37, 41, 43, 89, 90]
Min Correction Subset: [12, 26, 36]
Iter 119: 
Min Hitting Set: [4, 7, 9, 10, 12, 19, 20, 22, 23, 24, 26, 27, 28, 31, 36, 37, 41, 89, 90]
Min Correction Subset: [14, 32, 43]
Iter 120: 
Min Hitting Set: [1, 4, 6, 10, 11, 14, 19, 20, 22, 23, 24, 27, 29, 32, 36, 41, 43, 89, 90]
Min Correction Subset: [13, 31]
Iter 121: 
Min Hitting Set: [4, 6, 7, 9, 10, 14, 19, 20, 22, 23, 24, 26, 31, 36, 38, 41, 43, 89, 90]
Min Correction Subset: [12, 27, 29]
Iter 122: 
Min Hitting Set: [1, 4, 6, 10, 14, 19, 20, 22, 23, 24, 26, 27, 31, 36, 37, 41, 43, 89, 90]
Min Correction Subset: [7, 8, 12, 29]
Iter 123: 
Min Hitting Set: [1, 4, 6, 10, 11, 14, 19, 20, 22, 23, 24, 27, 29, 31, 36, 41, 43, 89, 90]
Min Correction Subset: [9, 17, 26]
Iter 124: 
Min Hitting Set: [4, 7, 9, 10, 12, 19, 20, 22, 24, 26, 27, 28, 31, 36, 37, 41, 43, 89, 90]
Min Correction Subset: [8, 16, 23, 29]
Iter 125: 
Min Hitting Set: [4, 6, 7, 9, 10, 19, 20, 21, 23, 24, 27, 29, 31, 36, 37, 41, 43, 89, 90]
Min Correction Subset: [14, 22, 28]
Iter 126: 
Min Hitting Set: [1, 4, 6, 10, 14, 19, 20, 22, 23, 24, 26, 27, 29, 31, 36, 41, 43, 89, 90]
Min Correction Subset: [11, 12, 28, 48]
Iter 127: 
Min Hitting Set: [4, 6, 7, 9, 10, 12, 14, 19, 20, 22, 24, 26, 29, 31, 36, 41, 43, 89, 90]
Min Correction Subset: [1, 13, 37, 44]
Iter 128: 
Min Hitting Set: [1, 4, 6, 10, 14, 19, 20, 23, 24, 26, 27, 28, 29, 31, 37, 41, 43, 89, 90]
Min Correction Subset: [12, 21, 36]
Iter 129: 
Min Hitting Set: [1, 4, 6, 10, 12, 14, 19, 20, 23, 26, 27, 28, 31, 36, 41, 43, 44, 89, 90]
Min Correction Subset: [22, 29, 32, 37]
Iter 130: 
Min Hitting Set: [1, 4, 6, 10, 12, 14, 19, 20, 23, 26, 27, 28, 31, 36, 37, 41, 43, 89, 90]
Min Correction Subset: [11, 17, 18, 24]
Iter 131: 
Min Hitting Set: [1, 4, 6, 10, 12, 14, 17, 19, 20, 22, 23, 26, 29, 31, 36, 41, 43, 89, 90]
Min Correction Subset: [7, 8, 27, 38]
Iter 132: 
Min Hitting Set: [4, 7, 9, 10, 12, 19, 20, 22, 24, 26, 27, 29, 31, 37, 41, 43, 44, 89, 90]
Min Correction Subset: [6, 13, 36]
Iter 133: 
Min Hitting Set: [1, 4, 9, 10, 12, 14, 19, 20, 23, 24, 26, 27, 28, 31, 36, 37, 41, 89, 90]
Min Correction Subset: [22, 43, 44]
Iter 134: 
Min Hitting Set: [4, 7, 9, 10, 12, 19, 20, 22, 24, 26, 27, 29, 31, 36, 41, 43, 44, 89, 90]
Min Correction Subset: [1, 14, 21, 37]
Iter 135: 
Min Hitting Set: [4, 7, 9, 10, 12, 19, 20, 22, 24, 26, 27, 29, 31, 36, 37, 41, 43, 89, 90]
Min Correction Subset: [14, 21, 28, 35]
Iter 136: 
Min Hitting Set: [4, 6, 7, 9, 10, 12, 14, 19, 20, 22, 23, 24, 25, 27, 31, 36, 41, 44, 89, 90]
Min Correction Subset: [32, 39, 43]
Iter 137: 
Min Hitting Set: [1, 4, 6, 10, 11, 14, 17, 19, 20, 22, 23, 24, 27, 29, 31, 36, 41, 43, 89, 90]
Min Correction Subset: [9, 26, 37]
Iter 138: 
Min Hitting Set: [4, 7, 9, 10, 12, 19, 20, 21, 22, 24, 26, 27, 29, 31, 36, 41, 43, 44, 89, 90]
Min Correction Subset: [23, 30, 33, 38]
Iter 139: 
Min Hitting Set: [1, 4, 6, 10, 12, 14, 17, 19, 20, 22, 23, 26, 27, 31, 36, 41, 43, 44, 89, 90]
Min Correction Subset: [28, 29, 35, 45]
Iter 140: 
Min Hitting Set: [1, 4, 6, 7, 10, 12, 14, 17, 19, 20, 22, 23, 26, 29, 31, 36, 41, 43, 89, 90]
Min Correction Subset: [27, 37, 38, 44]
Iter 141: 
Min Hitting Set: [1, 4, 6, 10, 12, 14, 17, 19, 20, 23, 26, 27, 28, 29, 31, 37, 41, 43, 89, 90]
Min Correction Subset: [9, 35, 36, 42]
Iter 142: 
Min Hitting Set: [1, 4, 6, 10, 12, 14, 17, 20, 22, 23, 25, 26, 29, 31, 36, 38, 41, 43, 89, 90]
Min Correction Subset: [18, 19, 21]
Iter 143: 
Min Hitting Set: [4, 6, 7, 9, 10, 19, 20, 21, 23, 24, 27, 28, 29, 31, 36, 37, 41, 43, 89, 90]
Min Correction Subset: [1, 8, 25, 26]
Iter 144: 
Min Hitting Set: [1, 4, 10, 13, 14, 17, 19, 20, 23, 26, 27, 28, 29, 31, 36, 37, 41, 43, 89, 90]
Min Correction Subset: [12, 22, 32, 44]
Iter 145: 
Min Hitting Set: [1, 4, 6, 10, 12, 14, 17, 19, 20, 22, 23, 26, 27, 29, 31, 36, 41, 43, 89, 90]
Min Correction Subset: [7, 11, 28, 48]
Iter 146: 
Min Hitting Set: [1, 4, 6, 11, 12, 14, 17, 19, 21, 27, 29, 31, 33, 36, 37, 38, 41, 43, 89, 90]
Min Correction Subset: [9, 23, 26]
Iter 147: 
Min Hitting Set: [1, 4, 7, 10, 12, 17, 19, 20, 23, 24, 26, 27, 28, 31, 36, 37, 41, 43, 89, 90]
Min Correction Subset: [6, 14, 22]
Iter 148: 
Min Hitting Set: [1, 4, 10, 12, 14, 17, 19, 20, 23, 24, 26, 27, 28, 31, 36, 37, 41, 43, 89, 90]
Min Correction Subset: [6, 13, 22, 29]
Iter 149: 
Min Hitting Set: [1, 4, 6, 9, 10, 14, 19, 20, 22, 23, 24, 27, 28, 29, 31, 36, 41, 43, 89, 90]
Min Correction Subset: [12, 13, 25, 26]
Iter 150: 
Min Hitting Set: [1, 4, 6, 7, 10, 11, 12, 19, 20, 23, 26, 27, 28, 31, 36, 37, 41, 43, 89, 90]
Min Correction Subset: [14, 22, 29, 30]
Iter 151: 
Min Hitting Set: [1, 4, 6, 10, 11, 14, 19, 20, 22, 23, 24, 26, 27, 29, 31, 36, 41, 43, 89, 90]
Min Correction Subset: [12, 37, 38, 44]
Iter 152: 
Min Hitting Set: [4, 6, 7, 9, 10, 12, 14, 17, 19, 20, 21, 23, 26, 29, 31, 37, 41, 43, 89, 90]
Min Correction Subset: [11, 27, 36, 47]
Iter 153: 
Min Hitting Set: [4, 7, 9, 10, 12, 19, 20, 22, 23, 24, 26, 27, 28, 31, 36, 37, 41, 43, 89, 90]
Min Correction Subset: [6, 13, 14, 21]
Iter 154: 
Min Hitting Set: [1, 6, 10, 11, 12, 14, 19, 20, 22, 23, 26, 27, 28, 31, 36, 37, 41, 43, 89, 90]
Min Correction Subset: [4, 7, 8]
Iter 155: 
Min Hitting Set: [1, 4, 6, 9, 10, 11, 12, 14, 19, 20, 23, 27, 28, 31, 36, 37, 41, 43, 89, 90]
Min Correction Subset: [17, 24, 25, 26]
Iter 156: 
Min Hitting Set: [1, 4, 6, 10, 12, 14, 19, 20, 23, 24, 26, 27, 28, 31, 36, 37, 41, 43, 89, 90]
Min Correction Subset: [29, 35, 38, 45]
Iter 157: 
Min Hitting Set: [1, 4, 10, 13, 14, 17, 19, 20, 23, 26, 27, 28, 29, 32, 36, 37, 41, 43, 89, 90]
Min Correction Subset: [11, 31]
Instance: regions-52-200-310000
----------------------------
Query: 1
Query element:186
Query scope: 186
----------------------------
IIS optimality: suboptimal
IIS solution time: 36073.574
IIS Constraint: 1; goods; {good:1}
IIS Constraint: 4; goods; {good:4}
IIS Constraint: 10; goods; {good:10}
IIS Constraint: 13; goods; {good:13}
IIS Constraint: 14; goods; {good:14}
IIS Constraint: 17; goods; {good:17}
IIS Constraint: 19; goods; {good:19}
IIS Constraint: 20; goods; {good:20}
IIS Constraint: 23; goods; {good:23}
IIS Constraint: 26; goods; {good:26}
IIS Constraint: 27; goods; {good:27}
IIS Constraint: 28; goods; {good:28}
IIS Constraint: 29; goods; {good:29}
IIS Constraint: 32; goods; {good:32}
IIS Constraint: 36; goods; {good:36}
IIS Constraint: 37; goods; {good:37}
IIS Constraint: 41; goods; {good:41}
IIS Constraint: 43; goods; {good:43}
IIS Constraint: 89; query; {bid:186,query:1}
IIS Constraint: 90; max; {f:3604.7869,objective:max}
