IIS generation
Iter 1: 
Min Hitting Set: []
Min Correction Subset: [137]
Iter 2: 
Min Hitting Set: [137]
Min Correction Subset: [46]
Iter 3: 
Min Hitting Set: [46, 137]
Min Correction Subset: [7]
Iter 4: 
Min Hitting Set: [7, 46, 137]
Min Correction Subset: [25]
Iter 5: 
Min Hitting Set: [7, 25, 46, 137]
Min Correction Subset: [26]
Iter 6: 
Min Hitting Set: [7, 25, 26, 46, 137]
Min Correction Subset: [2]
Iter 7: 
Min Hitting Set: [2, 7, 25, 26, 46, 137]
Min Correction Subset: [49]
Iter 8: 
Min Hitting Set: [2, 7, 25, 26, 46, 49, 137]
Min Correction Subset: [41]
Iter 9: 
Min Hitting Set: [2, 7, 25, 26, 41, 46, 49, 137]
Min Correction Subset: [45]
Iter 10: 
Min Hitting Set: [2, 7, 25, 26, 41, 45, 46, 49, 137]
Min Correction Subset: [31]
Iter 11: 
Min Hitting Set: [2, 7, 25, 26, 31, 41, 45, 46, 49, 137]
Min Correction Subset: [29]
Iter 12: 
Min Hitting Set: [2, 7, 25, 26, 29, 31, 41, 45, 46, 49, 137]
Min Correction Subset: [32]
Iter 13: 
Min Hitting Set: [2, 7, 25, 26, 29, 31, 32, 41, 45, 46, 49, 137]
Min Correction Subset: [23]
Iter 14: 
Min Hitting Set: [2, 7, 23, 25, 26, 29, 31, 32, 41, 45, 46, 49, 137]
Min Correction Subset: [35]
Iter 15: 
Min Hitting Set: [2, 7, 23, 25, 26, 29, 31, 32, 35, 41, 45, 46, 49, 137]
Min Correction Subset: [37]
Iter 16: 
Min Hitting Set: [2, 7, 23, 25, 26, 29, 31, 32, 35, 37, 41, 45, 46, 49, 137]
Min Correction Subset: [42]
Iter 17: 
Min Hitting Set: [2, 7, 23, 25, 26, 29, 31, 32, 35, 37, 41, 42, 45, 46, 49, 137]
Min Correction Subset: [47]
Iter 18: 
Min Hitting Set: [2, 7, 23, 25, 26, 29, 31, 32, 35, 37, 41, 42, 45, 46, 47, 49, 137]
Min Correction Subset: [40]
Iter 19: 
Min Hitting Set: [2, 7, 23, 25, 26, 29, 31, 32, 35, 37, 40, 41, 42, 45, 46, 47, 49, 137]
Min Correction Subset: [0]
Iter 20: 
Min Hitting Set: [0, 2, 7, 23, 25, 26, 29, 31, 32, 35, 37, 40, 41, 42, 45, 46, 47, 49, 137]
Min Correction Subset: [17]
Iter 21: 
Min Hitting Set: [0, 2, 7, 17, 23, 25, 26, 29, 31, 32, 35, 37, 40, 41, 42, 45, 46, 47, 49, 137]
Min Correction Subset: [39]
Iter 22: 
Min Hitting Set: [0, 2, 7, 17, 23, 25, 26, 29, 31, 32, 35, 37, 39, 40, 41, 42, 45, 46, 47, 49, 137]
Min Correction Subset: [28]
Iter 23: 
Min Hitting Set: [0, 2, 7, 17, 23, 25, 26, 28, 29, 31, 32, 35, 37, 39, 40, 41, 42, 45, 46, 47, 49, 137]
Min Correction Subset: [1]
Iter 24: 
Min Hitting Set: [0, 1, 2, 7, 17, 23, 25, 26, 28, 29, 31, 32, 35, 37, 39, 40, 41, 42, 45, 46, 47, 49, 137]
Min Correction Subset: [34]
Iter 25: 
Min Hitting Set: [0, 1, 2, 7, 17, 23, 25, 26, 28, 29, 31, 32, 34, 35, 37, 39, 40, 41, 42, 45, 46, 47, 49, 137]
Min Correction Subset: [43]
Iter 26: 
Min Hitting Set: [0, 1, 2, 7, 17, 23, 25, 26, 28, 29, 31, 32, 34, 35, 37, 39, 40, 41, 42, 43, 45, 46, 47, 49, 137]
Min Correction Subset: [36]
Iter 27: 
Min Hitting Set: [0, 1, 2, 7, 17, 23, 25, 26, 28, 29, 31, 32, 34, 35, 36, 37, 39, 40, 41, 42, 43, 45, 46, 47, 49, 137]
Min Correction Subset: [50]
Iter 28: 
Min Hitting Set: [0, 1, 2, 7, 17, 23, 25, 26, 28, 29, 31, 32, 34, 35, 36, 37, 39, 40, 41, 42, 43, 45, 46, 47, 49, 50, 137]
Min Correction Subset: [27]
Iter 29: 
Min Hitting Set: [0, 1, 2, 7, 17, 23, 25, 26, 27, 28, 29, 31, 32, 34, 35, 36, 37, 39, 40, 41, 42, 43, 45, 46, 47, 49, 50, 137]
Min Correction Subset: [12]
Iter 30: 
Min Hitting Set: [0, 1, 2, 7, 12, 17, 23, 25, 26, 27, 28, 29, 31, 32, 34, 35, 36, 37, 39, 40, 41, 42, 43, 45, 46, 47, 49, 50, 137]
Min Correction Subset: [136]
Iter 31: 
Min Hitting Set: [0, 1, 2, 7, 12, 17, 23, 25, 26, 27, 28, 29, 31, 32, 34, 35, 36, 37, 39, 40, 41, 42, 43, 45, 46, 47, 49, 50, 136, 137]
Min Correction Subset: [92]
Iter 32: 
Min Hitting Set: [0, 1, 2, 7, 12, 17, 23, 25, 26, 27, 28, 29, 31, 32, 34, 35, 36, 37, 39, 40, 41, 42, 43, 45, 46, 47, 49, 50, 92, 136, 137]
Min Correction Subset: [10, 16]
Iter 33: 
Min Hitting Set: [0, 1, 2, 7, 10, 12, 17, 23, 25, 26, 27, 28, 29, 31, 32, 34, 35, 36, 37, 39, 40, 41, 42, 43, 45, 46, 47, 49, 50, 92, 136, 137]
Min Correction Subset: [9, 16]
Iter 34: 
Min Hitting Set: [0, 1, 2, 7, 12, 16, 17, 23, 25, 26, 27, 28, 29, 31, 32, 34, 35, 36, 37, 39, 40, 41, 42, 43, 45, 46, 47, 49, 50, 92, 136, 137]
Min Correction Subset: [10, 18]
Iter 35: 
Min Hitting Set: [0, 1, 2, 7, 10, 12, 16, 17, 23, 25, 26, 27, 28, 29, 31, 32, 34, 35, 36, 37, 39, 40, 41, 42, 43, 45, 46, 47, 49, 50, 92, 136, 137]
Min Correction Subset: [8, 18]
Iter 36: 
Min Hitting Set: [0, 1, 2, 7, 12, 16, 17, 18, 23, 25, 26, 27, 28, 29, 31, 32, 34, 35, 36, 37, 39, 40, 41, 42, 43, 45, 46, 47, 49, 50, 92, 136, 137]
Min Correction Subset: [6, 10]
Iter 37: 
Min Hitting Set: [0, 1, 2, 7, 10, 12, 16, 17, 18, 23, 25, 26, 27, 28, 29, 31, 32, 34, 35, 36, 37, 39, 40, 41, 42, 43, 45, 46, 47, 49, 50, 92, 136, 137]
Min Correction Subset: [8, 30]
Iter 38: 
Min Hitting Set: [0, 1, 2, 7, 8, 10, 12, 16, 17, 23, 25, 26, 27, 28, 29, 31, 32, 34, 35, 36, 37, 39, 40, 41, 42, 43, 45, 46, 47, 49, 50, 92, 136, 137]
Min Correction Subset: [18, 21]
Iter 39: 
Min Hitting Set: [0, 1, 2, 7, 8, 10, 12, 16, 17, 18, 23, 25, 26, 27, 28, 29, 31, 32, 34, 35, 36, 37, 39, 40, 41, 42, 43, 45, 46, 47, 49, 50, 92, 136, 137]
Min Correction Subset: [48, 53]
Iter 40: 
Min Hitting Set: [0, 1, 2, 7, 8, 10, 12, 16, 17, 18, 23, 25, 26, 27, 28, 29, 31, 32, 34, 35, 36, 37, 39, 40, 41, 42, 43, 45, 46, 47, 48, 49, 50, 92, 136, 137]
Min Correction Subset: [13, 30]
Iter 41: 
Min Hitting Set: [0, 1, 2, 7, 10, 12, 16, 17, 18, 23, 25, 26, 27, 28, 29, 30, 31, 32, 34, 35, 36, 37, 39, 40, 41, 42, 43, 45, 46, 47, 48, 49, 50, 92, 136, 137]
Min Correction Subset: [8, 61]
Iter 42: 
Min Hitting Set: [0, 1, 2, 7, 8, 10, 12, 16, 17, 18, 23, 25, 26, 27, 28, 29, 30, 31, 32, 34, 35, 36, 37, 39, 40, 41, 42, 43, 45, 46, 47, 48, 49, 50, 92, 136, 137]
Min Correction Subset: [6, 61]
Iter 43: 
Min Hitting Set: [0, 1, 2, 6, 7, 12, 16, 17, 18, 23, 25, 26, 27, 28, 29, 30, 31, 32, 34, 35, 36, 37, 39, 40, 41, 42, 43, 45, 46, 47, 48, 49, 50, 61, 92, 136, 137]
Min Correction Subset: [8, 10]
Iter 44: 
Min Hitting Set: [0, 1, 2, 6, 7, 8, 12, 16, 17, 18, 23, 25, 26, 27, 28, 29, 30, 31, 32, 34, 35, 36, 37, 39, 40, 41, 42, 43, 45, 46, 47, 48, 49, 50, 92, 136, 137]
Min Correction Subset: [10, 19]
Iter 45: 
Min Hitting Set: [0, 1, 2, 7, 10, 12, 16, 17, 18, 23, 25, 26, 27, 28, 29, 30, 31, 32, 34, 35, 36, 37, 39, 40, 41, 42, 43, 45, 46, 47, 48, 49, 50, 61, 92, 136, 137]
Min Correction Subset: [8, 15]
Iter 46: 
Min Hitting Set: [0, 1, 2, 6, 7, 8, 10, 12, 16, 17, 18, 23, 25, 26, 27, 28, 29, 30, 31, 32, 34, 35, 36, 37, 39, 40, 41, 42, 43, 45, 46, 47, 48, 49, 50, 92, 136, 137]
Min Correction Subset: [21, 22, 61]
Iter 47: 
Min Hitting Set: [0, 1, 2, 7, 8, 10, 12, 16, 17, 21, 23, 25, 26, 27, 28, 29, 30, 31, 32, 34, 35, 36, 37, 39, 40, 41, 42, 43, 45, 46, 47, 48, 49, 50, 61, 92, 136, 137]
Min Correction Subset: [13, 18]
Iter 48: 
Min Hitting Set: [0, 1, 2, 7, 8, 10, 12, 13, 16, 17, 18, 23, 25, 26, 27, 28, 29, 31, 32, 34, 35, 36, 37, 39, 40, 41, 42, 43, 45, 46, 47, 48, 49, 50, 61, 92, 136, 137]
Min Correction Subset: [19, 30]
Iter 49: 
Min Hitting Set: [0, 1, 2, 7, 8, 10, 12, 16, 17, 18, 23, 25, 26, 27, 28, 29, 30, 31, 32, 34, 35, 36, 37, 39, 40, 41, 42, 43, 45, 46, 47, 48, 49, 50, 61, 92, 136, 137]
Min Correction Subset: [11, 24, 87]
Iter 50: 
Min Hitting Set: [0, 1, 2, 7, 8, 10, 11, 12, 16, 17, 18, 23, 25, 26, 27, 28, 29, 30, 31, 32, 34, 35, 36, 37, 39, 40, 41, 42, 43, 45, 46, 47, 48, 49, 50, 61, 92, 136, 137]
Min Correction Subset: [19, 21, 96]
Iter 51: 
Min Hitting Set: [0, 1, 2, 6, 7, 8, 11, 12, 13, 16, 17, 18, 19, 23, 25, 26, 27, 28, 29, 31, 32, 34, 35, 36, 37, 39, 40, 41, 42, 43, 45, 46, 47, 48, 49, 50, 61, 92, 136, 137]
Min Correction Subset: [10, 30]
Iter 52: 
Min Hitting Set: [0, 1, 2, 7, 8, 10, 11, 12, 13, 16, 17, 18, 19, 23, 25, 26, 27, 28, 29, 31, 32, 34, 35, 36, 37, 39, 40, 41, 42, 43, 45, 46, 47, 48, 49, 50, 61, 92, 136, 137]
Min Correction Subset: [24, 30, 87]
Iter 53: 
Min Hitting Set: [0, 1, 2, 7, 8, 10, 12, 13, 16, 17, 18, 19, 23, 24, 25, 26, 27, 28, 29, 31, 32, 34, 35, 36, 37, 39, 40, 41, 42, 43, 45, 46, 47, 48, 49, 50, 61, 92, 136, 137]
Min Correction Subset: [11, 30]
Iter 54: 
Min Hitting Set: [0, 1, 2, 6, 7, 8, 10, 11, 12, 16, 17, 18, 21, 23, 25, 26, 27, 28, 29, 30, 31, 32, 34, 35, 36, 37, 39, 40, 41, 42, 43, 45, 46, 47, 48, 49, 50, 92, 136, 137]
Min Correction Subset: [19, 22, 61]
Iter 55: 
Min Hitting Set: [0, 1, 2, 7, 8, 10, 11, 12, 16, 17, 18, 21, 23, 25, 26, 27, 28, 29, 30, 31, 32, 34, 35, 36, 37, 39, 40, 41, 42, 43, 45, 46, 47, 48, 49, 50, 61, 92, 136, 137]
Min Correction Subset: [9, 24, 87]
Iter 56: 
Min Hitting Set: [0, 1, 2, 7, 8, 10, 12, 13, 16, 17, 21, 23, 24, 25, 26, 27, 28, 29, 30, 31, 32, 34, 35, 36, 37, 39, 40, 41, 42, 43, 45, 46, 47, 48, 49, 50, 61, 92, 136, 137]
Min Correction Subset: [18, 19]
Iter 57: 
Min Hitting Set: [0, 1, 2, 7, 8, 10, 12, 16, 17, 18, 21, 23, 24, 25, 26, 27, 28, 29, 30, 31, 32, 34, 35, 36, 37, 39, 40, 41, 42, 43, 45, 46, 47, 48, 49, 50, 61, 92, 136, 137]
Min Correction Subset: [11, 13, 19, 67]
Iter 58: 
Min Hitting Set: [0, 1, 2, 6, 7, 8, 12, 16, 17, 18, 19, 23, 25, 26, 27, 28, 29, 30, 31, 32, 34, 35, 36, 37, 39, 40, 41, 42, 43, 45, 46, 47, 48, 49, 50, 61, 87, 92, 136, 137]
Min Correction Subset: [10, 21]
Iter 59: 
Min Hitting Set: [0, 1, 2, 7, 8, 9, 10, 11, 12, 17, 18, 19, 23, 25, 26, 27, 28, 29, 30, 31, 32, 34, 35, 36, 37, 39, 40, 41, 42, 43, 45, 46, 47, 48, 49, 50, 61, 92, 136, 137]
Min Correction Subset: [16, 74]
Iter 60: 
Min Hitting Set: [0, 1, 2, 7, 8, 10, 12, 16, 17, 18, 19, 23, 25, 26, 27, 28, 29, 30, 31, 32, 34, 35, 36, 37, 39, 40, 41, 42, 43, 45, 46, 47, 48, 49, 50, 61, 87, 92, 136, 137]
Min Correction Subset: [13, 21, 96]
Iter 61: 
Min Hitting Set: [0, 1, 2, 6, 7, 8, 12, 16, 17, 18, 19, 21, 23, 24, 25, 26, 27, 28, 29, 30, 31, 32, 34, 35, 36, 37, 39, 40, 41, 42, 43, 45, 46, 47, 48, 49, 50, 92, 136, 137]
Min Correction Subset: [10, 22]
