IIS generation
Iter 1: 
Min Hitting Set: []
Min Correction Subset: [121]
Iter 2: 
Min Hitting Set: [121]
Min Correction Subset: [2]
Iter 3: 
Min Hitting Set: [2, 121]
Min Correction Subset: [11]
Iter 4: 
Min Hitting Set: [2, 11, 121]
Min Correction Subset: [20]
Iter 5: 
Min Hitting Set: [2, 11, 20, 121]
Min Correction Subset: [12]
Iter 6: 
Min Hitting Set: [2, 11, 12, 20, 121]
Min Correction Subset: [17]
Iter 7: 
Min Hitting Set: [2, 11, 12, 17, 20, 121]
Min Correction Subset: [28]
Iter 8: 
Min Hitting Set: [2, 11, 12, 17, 20, 28, 121]
Min Correction Subset: [49]
Iter 9: 
Min Hitting Set: [2, 11, 12, 17, 20, 28, 49, 121]
Min Correction Subset: [21]
Iter 10: 
Min Hitting Set: [2, 11, 12, 17, 20, 21, 28, 49, 121]
Min Correction Subset: [19]
Iter 11: 
Min Hitting Set: [2, 11, 12, 17, 19, 20, 21, 28, 49, 121]
Min Correction Subset: [26]
Iter 12: 
Min Hitting Set: [2, 11, 12, 17, 19, 20, 21, 26, 28, 49, 121]
Min Correction Subset: [48]
Iter 13: 
Min Hitting Set: [2, 11, 12, 17, 19, 20, 21, 26, 28, 48, 49, 121]
Min Correction Subset: [5]
Iter 14: 
Min Hitting Set: [2, 5, 11, 12, 17, 19, 20, 21, 26, 28, 48, 49, 121]
Min Correction Subset: [39]
Iter 15: 
Min Hitting Set: [2, 5, 11, 12, 17, 19, 20, 21, 26, 28, 39, 48, 49, 121]
Min Correction Subset: [50]
Iter 16: 
Min Hitting Set: [2, 5, 11, 12, 17, 19, 20, 21, 26, 28, 39, 48, 49, 50, 121]
Min Correction Subset: [18]
Iter 17: 
Min Hitting Set: [2, 5, 11, 12, 17, 18, 19, 20, 21, 26, 28, 39, 48, 49, 50, 121]
Min Correction Subset: [42]
Iter 18: 
Min Hitting Set: [2, 5, 11, 12, 17, 18, 19, 20, 21, 26, 28, 39, 42, 48, 49, 50, 121]
Min Correction Subset: [35]
Iter 19: 
Min Hitting Set: [2, 5, 11, 12, 17, 18, 19, 20, 21, 26, 28, 35, 39, 42, 48, 49, 50, 121]
Min Correction Subset: [38]
Iter 20: 
Min Hitting Set: [2, 5, 11, 12, 17, 18, 19, 20, 21, 26, 28, 35, 38, 39, 42, 48, 49, 50, 121]
Min Correction Subset: [40]
Iter 21: 
Min Hitting Set: [2, 5, 11, 12, 17, 18, 19, 20, 21, 26, 28, 35, 38, 39, 40, 42, 48, 49, 50, 121]
Min Correction Subset: [34]
Iter 22: 
Min Hitting Set: [2, 5, 11, 12, 17, 18, 19, 20, 21, 26, 28, 34, 35, 38, 39, 40, 42, 48, 49, 50, 121]
Min Correction Subset: [13, 32]
Iter 23: 
Min Hitting Set: [2, 5, 11, 12, 13, 17, 18, 19, 20, 21, 26, 28, 34, 35, 38, 39, 40, 42, 48, 49, 50, 121]
Min Correction Subset: [9, 45]
Iter 24: 
Min Hitting Set: [2, 5, 9, 11, 12, 13, 17, 18, 19, 20, 21, 26, 28, 34, 35, 38, 39, 40, 42, 48, 49, 50, 121]
Min Correction Subset: [6, 44]
Iter 25: 
Min Hitting Set: [2, 5, 6, 9, 11, 12, 13, 17, 18, 19, 20, 21, 26, 28, 34, 35, 38, 39, 40, 42, 48, 49, 50, 121]
Min Correction Subset: [45, 60]
Iter 26: 
Min Hitting Set: [2, 5, 6, 11, 12, 13, 17, 18, 19, 20, 21, 26, 28, 34, 35, 38, 39, 40, 42, 45, 48, 49, 50, 121]
Min Correction Subset: [7, 9]
Iter 27: 
Min Hitting Set: [2, 5, 6, 9, 11, 12, 13, 17, 18, 19, 20, 21, 26, 28, 34, 35, 38, 39, 40, 42, 45, 48, 49, 50, 121]
Min Correction Subset: [1, 120]
Iter 28: 
Min Hitting Set: [1, 2, 5, 6, 9, 11, 12, 13, 17, 18, 19, 20, 21, 26, 28, 34, 35, 38, 39, 40, 42, 45, 48, 49, 50, 121]
Min Correction Subset: [7, 120]
Iter 29: 
Min Hitting Set: [2, 5, 6, 7, 11, 12, 13, 17, 18, 19, 20, 21, 26, 28, 34, 35, 38, 39, 40, 42, 45, 48, 49, 50, 120, 121]
Min Correction Subset: [16, 32]
Iter 30: 
Min Hitting Set: [2, 5, 6, 7, 11, 12, 17, 18, 19, 20, 21, 26, 28, 32, 34, 35, 38, 39, 40, 42, 45, 48, 49, 50, 120, 121]
Min Correction Subset: [9, 13]
Iter 31: 
Min Hitting Set: [2, 5, 6, 9, 11, 12, 17, 18, 19, 20, 21, 26, 28, 32, 34, 35, 38, 39, 40, 42, 45, 48, 49, 50, 120, 121]
Min Correction Subset: [7, 13]
Iter 32: 
Min Hitting Set: [2, 5, 6, 7, 9, 11, 12, 17, 18, 19, 20, 21, 26, 28, 32, 34, 35, 38, 39, 40, 42, 45, 48, 49, 50, 120, 121]
Min Correction Subset: [13, 30]
Iter 33: 
Min Hitting Set: [2, 5, 6, 7, 11, 12, 13, 17, 18, 19, 20, 21, 26, 28, 32, 34, 35, 38, 39, 40, 42, 45, 48, 49, 50, 120, 121]
Min Correction Subset: [3, 44]
Iter 34: 
Min Hitting Set: [2, 5, 7, 11, 12, 13, 17, 18, 19, 20, 21, 26, 28, 32, 34, 35, 38, 39, 40, 42, 44, 45, 48, 49, 50, 120, 121]
Min Correction Subset: [6, 24]
Iter 35: 
Min Hitting Set: [2, 5, 6, 7, 11, 12, 13, 17, 18, 19, 20, 21, 26, 28, 32, 34, 35, 38, 39, 40, 42, 44, 45, 48, 49, 50, 120, 121]
Min Correction Subset: [10, 30, 60]
Iter 36: 
Min Hitting Set: [2, 5, 6, 9, 11, 12, 13, 17, 18, 19, 20, 21, 26, 28, 32, 34, 35, 38, 39, 40, 42, 44, 48, 49, 50, 60, 120, 121]
Min Correction Subset: [45, 77]
Iter 37: 
Min Hitting Set: [2, 5, 6, 7, 9, 11, 12, 17, 18, 19, 20, 21, 26, 28, 30, 32, 34, 35, 38, 39, 40, 42, 44, 45, 48, 49, 50, 120, 121]
Min Correction Subset: [13, 47]
Iter 38: 
Min Hitting Set: [2, 5, 6, 7, 11, 12, 13, 17, 18, 19, 20, 21, 26, 28, 30, 32, 34, 35, 38, 39, 40, 42, 44, 45, 48, 49, 50, 120, 121]
Min Correction Subset: [1, 3, 9]
Iter 39: 
Min Hitting Set: [2, 3, 5, 6, 7, 11, 12, 13, 17, 18, 19, 20, 21, 26, 28, 30, 32, 34, 35, 38, 39, 40, 42, 45, 48, 49, 50, 120, 121]
Min Correction Subset: [0, 9, 16]
Iter 40: 
Min Hitting Set: [2, 3, 5, 6, 7, 11, 12, 13, 16, 17, 18, 19, 20, 21, 26, 28, 30, 34, 35, 38, 39, 40, 42, 45, 48, 49, 50, 120, 121]
Min Correction Subset: [4, 24, 32]
Iter 41: 
Min Hitting Set: [2, 5, 9, 11, 12, 13, 17, 18, 19, 20, 21, 24, 26, 28, 30, 32, 34, 35, 38, 39, 40, 42, 44, 45, 48, 49, 50, 120, 121]
Min Correction Subset: [6, 16]
Iter 42: 
Min Hitting Set: [2, 5, 6, 9, 11, 12, 13, 17, 18, 19, 20, 21, 26, 28, 30, 32, 34, 35, 38, 39, 40, 42, 44, 45, 48, 49, 50, 120, 121]
Min Correction Subset: [7, 46]
Iter 43: 
Min Hitting Set: [1, 2, 5, 7, 11, 12, 13, 16, 17, 18, 19, 20, 21, 24, 26, 28, 30, 34, 35, 38, 39, 40, 42, 44, 45, 48, 49, 50, 121]
Min Correction Subset: [9, 120]
Iter 44: 
Min Hitting Set: [2, 3, 5, 7, 11, 12, 13, 16, 17, 18, 19, 20, 21, 24, 26, 28, 30, 34, 35, 38, 39, 40, 42, 44, 45, 48, 49, 50, 120, 121]
Min Correction Subset: [6, 32]
Iter 45: 
Min Hitting Set: [2, 3, 5, 6, 7, 11, 12, 13, 16, 17, 18, 19, 20, 21, 26, 28, 30, 32, 34, 35, 38, 39, 40, 42, 45, 48, 49, 50, 120, 121]
Min Correction Subset: [24, 41, 81]
Iter 46: 
Min Hitting Set: [2, 3, 5, 6, 7, 11, 12, 13, 16, 17, 18, 19, 20, 21, 24, 26, 28, 30, 34, 35, 38, 39, 40, 42, 45, 48, 49, 50, 120, 121]
Min Correction Subset: [1, 9, 32]
Iter 47: 
Min Hitting Set: [2, 5, 7, 9, 11, 12, 13, 16, 17, 18, 19, 20, 21, 24, 26, 28, 30, 32, 34, 35, 38, 39, 40, 42, 44, 45, 48, 49, 50, 120, 121]
Min Correction Subset: [0, 6]
Iter 48: 
Min Hitting Set: [2, 5, 6, 7, 9, 11, 12, 13, 17, 18, 19, 20, 21, 24, 26, 28, 30, 32, 34, 35, 38, 39, 40, 42, 44, 45, 48, 49, 50, 120, 121]
Min Correction Subset: [16, 60, 81]
Iter 49: 
Min Hitting Set: [2, 5, 6, 7, 9, 11, 12, 13, 17, 18, 19, 20, 21, 24, 26, 28, 32, 34, 35, 38, 39, 40, 42, 44, 45, 48, 49, 50, 60, 120, 121]
Min Correction Subset: [3, 16, 30]
Iter 50: 
Min Hitting Set: [0, 2, 3, 5, 6, 7, 11, 12, 13, 17, 18, 19, 20, 21, 26, 28, 30, 32, 34, 35, 38, 39, 40, 42, 45, 48, 49, 50, 81, 120, 121]
Min Correction Subset: [4, 9, 24]
Iter 51: 
Min Hitting Set: [2, 5, 6, 7, 9, 11, 12, 13, 17, 18, 19, 20, 21, 26, 28, 30, 32, 34, 35, 38, 39, 40, 42, 44, 45, 48, 49, 50, 81, 120, 121]
Min Correction Subset: [3, 15, 16]
Iter 52: 
Min Hitting Set: [2, 5, 6, 7, 9, 11, 12, 13, 16, 17, 18, 19, 20, 21, 24, 26, 28, 34, 35, 38, 39, 40, 42, 44, 45, 48, 49, 50, 60, 120, 121]
Min Correction Subset: [1, 3, 32]
Iter 53: 
Min Hitting Set: [2, 3, 5, 6, 7, 11, 12, 13, 16, 17, 18, 19, 20, 21, 24, 26, 28, 32, 34, 35, 38, 39, 40, 42, 45, 48, 49, 50, 60, 120, 121]
Min Correction Subset: [0, 9, 30]
Iter 54: 
Min Hitting Set: [2, 3, 5, 6, 7, 11, 12, 13, 16, 17, 18, 19, 20, 21, 24, 26, 28, 30, 32, 34, 35, 38, 39, 40, 42, 45, 48, 49, 50, 120, 121]
Min Correction Subset: [9, 10, 44]
Iter 55: 
Min Hitting Set: [2, 3, 5, 6, 7, 9, 11, 12, 13, 16, 17, 18, 19, 20, 21, 24, 26, 28, 30, 34, 35, 38, 39, 40, 42, 45, 48, 49, 50, 120, 121]
Min Correction Subset: [0, 8, 32]
Iter 56: 
Min Hitting Set: [2, 3, 5, 6, 7, 9, 11, 12, 13, 17, 18, 19, 20, 21, 24, 26, 28, 32, 34, 35, 38, 39, 40, 42, 45, 48, 49, 50, 60, 120, 121]
Min Correction Subset: [10, 30, 77]
Iter 57: 
Min Hitting Set: [2, 3, 5, 6, 7, 9, 10, 11, 12, 13, 17, 18, 19, 20, 21, 26, 28, 32, 34, 35, 38, 39, 40, 42, 45, 48, 49, 50, 81, 120, 121]
Min Correction Subset: [0, 1, 30]
Iter 58: 
Min Hitting Set: [1, 2, 3, 5, 6, 7, 9, 11, 12, 13, 17, 18, 19, 20, 21, 26, 28, 32, 34, 35, 38, 39, 40, 42, 48, 49, 50, 60, 77, 81, 121]
Min Correction Subset: [16, 120]
Iter 59: 
Min Hitting Set: [2, 3, 5, 6, 7, 9, 11, 12, 13, 17, 18, 19, 20, 21, 26, 28, 30, 32, 34, 35, 38, 39, 40, 42, 45, 48, 49, 50, 81, 120, 121]
Min Correction Subset: [0, 24, 44]
Iter 60: 
Min Hitting Set: [0, 2, 3, 5, 6, 7, 10, 11, 12, 13, 17, 18, 19, 20, 21, 24, 26, 28, 32, 34, 35, 38, 39, 40, 42, 45, 48, 49, 50, 60, 120, 121]
Min Correction Subset: [1, 9, 16]
Iter 61: 
Min Hitting Set: [2, 3, 5, 6, 7, 9, 11, 12, 13, 17, 18, 19, 20, 21, 24, 26, 28, 30, 32, 34, 35, 38, 39, 40, 42, 45, 48, 49, 50, 60, 120, 121]
Min Correction Subset: [0, 16, 43]
Iter 62: 
Min Hitting Set: [2, 5, 6, 7, 9, 11, 12, 13, 16, 17, 18, 19, 20, 21, 26, 28, 30, 32, 34, 35, 38, 39, 40, 42, 44, 45, 48, 49, 50, 81, 120, 121]
Min Correction Subset: [1, 3, 24]
Iter 63: 
Min Hitting Set: [2, 5, 6, 7, 9, 11, 12, 13, 16, 17, 18, 19, 20, 21, 24, 26, 28, 30, 32, 34, 35, 38, 39, 40, 42, 44, 45, 48, 49, 50, 120, 121]
Min Correction Subset: [1, 3, 15]
Iter 64: 
Min Hitting Set: [2, 3, 5, 6, 7, 11, 12, 13, 16, 17, 18, 19, 20, 21, 24, 26, 28, 30, 32, 34, 35, 38, 39, 40, 42, 44, 45, 48, 49, 50, 120, 121]
Min Correction Subset: [0, 1, 9]
Iter 65: 
Min Hitting Set: [0, 2, 3, 5, 6, 7, 9, 10, 11, 12, 13, 16, 17, 18, 19, 20, 21, 24, 26, 28, 34, 35, 38, 39, 40, 42, 45, 48, 49, 50, 120, 121]
Min Correction Subset: [1, 8, 32]
Iter 66: 
Min Hitting Set: [0, 2, 3, 5, 6, 7, 9, 10, 11, 12, 13, 17, 18, 19, 20, 21, 26, 28, 32, 34, 35, 38, 39, 40, 42, 45, 48, 49, 50, 81, 120, 121]
Min Correction Subset: [1, 24, 30]
Iter 67: 
Min Hitting Set: [0, 2, 3, 5, 6, 7, 9, 11, 12, 13, 17, 18, 19, 20, 21, 26, 28, 30, 32, 34, 35, 38, 39, 40, 42, 45, 48, 49, 50, 81, 120, 121]
Min Correction Subset: [4, 16, 24]
Iter 68: 
Min Hitting Set: [0, 2, 3, 5, 6, 7, 10, 11, 12, 13, 16, 17, 18, 19, 20, 21, 24, 26, 28, 32, 34, 35, 38, 39, 40, 42, 45, 48, 49, 50, 120, 121]
Min Correction Subset: [4, 41, 81]
Iter 69: 
Min Hitting Set: [1, 2, 5, 6, 7, 9, 10, 11, 12, 13, 16, 17, 18, 19, 20, 21, 26, 28, 32, 34, 35, 38, 39, 40, 42, 44, 45, 48, 49, 50, 81, 121]
Min Correction Subset: [3, 120]
Iter 70: 
Min Hitting Set: [2, 3, 5, 6, 7, 9, 11, 12, 13, 16, 17, 18, 19, 20, 21, 24, 26, 28, 30, 32, 34, 35, 38, 39, 40, 42, 45, 48, 49, 50, 81, 120, 121]
Min Correction Subset: [0, 43, 119]
Iter 71: 
Min Hitting Set: [0, 2, 3, 5, 6, 7, 10, 11, 12, 13, 16, 17, 18, 19, 20, 21, 24, 26, 28, 32, 34, 35, 38, 39, 40, 42, 45, 48, 49, 50, 81, 120, 121]
Min Correction Subset: [1, 9, 30]
Iter 72: 
Min Hitting Set: [0, 1, 2, 3, 4, 5, 6, 7, 10, 11, 12, 13, 17, 18, 19, 20, 21, 26, 28, 32, 34, 35, 38, 39, 40, 42, 45, 48, 49, 50, 81, 120, 121]
Min Correction Subset: [8, 16, 30]
Iter 73: 
Min Hitting Set: [0, 1, 2, 3, 5, 6, 7, 9, 11, 12, 13, 16, 17, 18, 19, 20, 21, 26, 28, 30, 32, 34, 35, 38, 39, 40, 42, 45, 48, 49, 50, 81, 121]
Min Correction Subset: [4, 120]
Iter 74: 
Min Hitting Set: [0, 2, 3, 5, 7, 11, 12, 13, 16, 17, 18, 19, 20, 21, 24, 26, 28, 30, 32, 34, 35, 38, 39, 40, 42, 44, 45, 48, 49, 50, 81, 120, 121]
Min Correction Subset: [6, 74]
Iter 75: 
Min Hitting Set: [0, 2, 3, 5, 6, 7, 9, 11, 12, 13, 16, 17, 18, 19, 20, 21, 26, 28, 30, 32, 34, 35, 38, 39, 40, 42, 45, 48, 49, 50, 81, 120, 121]
Min Correction Subset: [4, 24, 44]
Iter 76: 
Min Hitting Set: [0, 1, 2, 3, 4, 5, 6, 7, 9, 11, 12, 13, 16, 17, 18, 19, 20, 21, 26, 28, 30, 34, 35, 38, 39, 40, 42, 45, 48, 49, 50, 81, 121]
Min Correction Subset: [15, 120]
Iter 77: 
Min Hitting Set: [0, 1, 2, 3, 4, 5, 6, 7, 10, 11, 12, 13, 16, 17, 18, 19, 20, 21, 24, 26, 28, 34, 35, 38, 39, 40, 42, 45, 48, 49, 50, 120, 121]
Min Correction Subset: [8, 30, 83]
Iter 78: 
Min Hitting Set: [0, 1, 2, 4, 5, 6, 7, 11, 12, 13, 16, 17, 18, 19, 20, 21, 24, 26, 28, 30, 34, 35, 38, 39, 40, 42, 44, 45, 48, 49, 50, 120, 121]
Min Correction Subset: [3, 9, 32]
Iter 79: 
Min Hitting Set: [0, 2, 3, 4, 5, 6, 7, 9, 11, 12, 13, 17, 18, 19, 20, 21, 26, 28, 30, 32, 34, 35, 38, 39, 40, 42, 45, 48, 49, 50, 81, 120, 121]
Min Correction Subset: [16, 24, 44]
Iter 80: 
Min Hitting Set: [0, 2, 3, 5, 6, 7, 9, 11, 12, 13, 17, 18, 19, 20, 21, 24, 26, 28, 30, 32, 34, 35, 38, 39, 40, 42, 45, 48, 49, 50, 81, 120, 121]
Min Correction Subset: [1, 15, 16, 44]
Iter 81: 
Min Hitting Set: [0, 2, 5, 6, 7, 9, 11, 12, 13, 15, 17, 18, 19, 20, 21, 24, 26, 28, 30, 32, 34, 35, 38, 39, 40, 42, 44, 45, 48, 49, 50, 81, 120, 121]
Min Correction Subset: [1, 3, 16]
Iter 82: 
Min Hitting Set: [0, 1, 2, 4, 5, 6, 7, 11, 12, 13, 15, 17, 18, 19, 20, 21, 26, 28, 30, 32, 34, 35, 38, 39, 40, 42, 44, 45, 48, 49, 50, 81, 120, 121]
Min Correction Subset: [3, 9, 24]
Iter 83: 
Min Hitting Set: [0, 1, 2, 5, 6, 7, 11, 12, 13, 15, 17, 18, 19, 20, 21, 24, 26, 28, 30, 32, 34, 35, 38, 39, 40, 42, 44, 45, 48, 49, 50, 81, 120, 121]
Min Correction Subset: [3, 9, 16]
Iter 84: 
Min Hitting Set: [0, 2, 3, 5, 6, 7, 9, 11, 12, 13, 16, 17, 18, 19, 20, 21, 24, 26, 28, 30, 32, 34, 35, 38, 39, 40, 42, 45, 48, 49, 50, 81, 120, 121]
Min Correction Subset: [1, 15, 44, 78, 119]
Iter 85: 
Min Hitting Set: [0, 1, 2, 3, 5, 6, 7, 9, 11, 12, 13, 16, 17, 18, 19, 20, 21, 24, 26, 28, 30, 34, 35, 38, 39, 40, 42, 45, 48, 49, 50, 81, 120, 121]
Min Correction Subset: [8, 32, 119]
Iter 86: 
Min Hitting Set: [0, 1, 2, 3, 5, 6, 7, 10, 11, 12, 13, 17, 18, 19, 20, 21, 24, 26, 28, 30, 32, 34, 35, 38, 39, 40, 42, 45, 48, 49, 50, 81, 120, 121]
Min Correction Subset: [4, 9, 16]
Iter 87: 
Min Hitting Set: [0, 1, 2, 3, 5, 6, 7, 9, 11, 12, 13, 17, 18, 19, 20, 21, 24, 26, 28, 30, 32, 34, 35, 38, 39, 40, 42, 45, 48, 49, 50, 81, 120, 121]
Min Correction Subset: [15, 16, 44, 78]
Iter 88: 
Min Hitting Set: [0, 2, 3, 5, 6, 7, 9, 11, 12, 13, 17, 18, 19, 20, 21, 24, 26, 28, 30, 32, 34, 35, 38, 39, 40, 42, 44, 45, 48, 49, 50, 81, 120, 121]
Min Correction Subset: [1, 4, 15, 16]
Iter 89: 
Min Hitting Set: [0, 2, 3, 5, 6, 7, 9, 11, 12, 13, 15, 17, 18, 19, 20, 21, 24, 26, 28, 30, 32, 34, 35, 38, 39, 40, 42, 45, 48, 49, 50, 81, 120, 121]
Min Correction Subset: [1, 4, 16, 44]
Iter 90: 
Min Hitting Set: [0, 2, 3, 5, 6, 7, 11, 12, 13, 16, 17, 18, 19, 20, 21, 24, 26, 28, 30, 32, 34, 35, 38, 39, 40, 42, 44, 45, 48, 49, 50, 81, 120, 121]
Min Correction Subset: [9, 10, 15]
Iter 91: 
Min Hitting Set: [2, 3, 5, 6, 7, 9, 11, 12, 13, 16, 17, 18, 19, 20, 21, 24, 26, 28, 30, 32, 34, 35, 38, 39, 40, 42, 45, 48, 49, 50, 81, 119, 120, 121]
Min Correction Subset: [0, 4, 43]
Iter 92: 
Min Hitting Set: [0, 2, 3, 5, 6, 7, 9, 11, 12, 13, 16, 17, 18, 19, 20, 21, 26, 28, 30, 32, 34, 35, 38, 39, 40, 42, 44, 45, 48, 49, 50, 81, 120, 121]
Min Correction Subset: [1, 4, 24, 41]
Iter 93: 
Min Hitting Set: [0, 1, 2, 3, 4, 5, 6, 7, 8, 10, 11, 12, 13, 16, 17, 18, 19, 20, 21, 26, 28, 34, 35, 38, 39, 40, 42, 45, 48, 49, 50, 81, 120, 121]
Min Correction Subset: [24, 30, 32]
Iter 94: 
Min Hitting Set: [0, 1, 2, 3, 5, 6, 7, 8, 10, 11, 12, 13, 16, 17, 18, 19, 20, 21, 24, 26, 28, 34, 35, 38, 39, 40, 42, 45, 48, 49, 50, 81, 120, 121]
Min Correction Subset: [4, 9, 32]
Iter 95: 
Min Hitting Set: [0, 1, 2, 5, 6, 7, 9, 11, 12, 13, 16, 17, 18, 19, 20, 21, 26, 28, 30, 32, 34, 35, 38, 39, 40, 42, 44, 45, 48, 49, 50, 81, 120, 121]
Min Correction Subset: [3, 14, 15]
Iter 96: 
Min Hitting Set: [0, 2, 3, 5, 6, 7, 9, 11, 12, 13, 16, 17, 18, 19, 20, 21, 26, 28, 30, 32, 34, 35, 38, 39, 40, 41, 42, 44, 45, 48, 49, 50, 120, 121]
Min Correction Subset: [4, 24, 25, 81]
Iter 97: 
Min Hitting Set: [0, 1, 2, 3, 4, 5, 6, 7, 8, 10, 11, 12, 13, 16, 17, 18, 19, 20, 21, 24, 26, 28, 34, 35, 38, 39, 40, 42, 45, 48, 49, 50, 120, 121]
Min Correction Subset: [9, 30, 32]
Iter 98: 
Min Hitting Set: [2, 3, 4, 5, 6, 7, 9, 11, 12, 13, 16, 17, 18, 19, 20, 21, 24, 26, 28, 30, 32, 34, 35, 38, 39, 40, 42, 45, 48, 49, 50, 119, 120, 121]
Min Correction Subset: [0, 15, 43]
Iter 99: 
Min Hitting Set: [0, 2, 3, 4, 5, 6, 7, 9, 11, 12, 13, 17, 18, 19, 20, 21, 26, 28, 30, 32, 34, 35, 38, 39, 40, 42, 44, 45, 48, 49, 50, 81, 120, 121]
Min Correction Subset: [14, 15, 16, 24]
Iter 100: 
Min Hitting Set: [2, 4, 5, 6, 7, 9, 11, 12, 13, 15, 16, 17, 18, 19, 20, 21, 24, 26, 28, 30, 32, 34, 35, 38, 39, 40, 42, 44, 45, 48, 49, 50, 119, 120, 121]
Min Correction Subset: [0, 1, 3]
Iter 101: 
Min Hitting Set: [0, 2, 3, 5, 6, 7, 8, 9, 10, 11, 12, 13, 16, 17, 18, 19, 20, 21, 24, 26, 28, 34, 35, 38, 39, 40, 42, 44, 45, 48, 49, 50, 81, 120, 121]
Min Correction Subset: [1, 30, 32]
Iter 102: 
Min Hitting Set: [0, 2, 3, 5, 6, 7, 8, 9, 11, 12, 13, 16, 17, 18, 19, 20, 21, 24, 26, 28, 30, 34, 35, 38, 39, 40, 42, 45, 48, 49, 50, 81, 119, 120, 121]
Min Correction Subset: [1, 4, 32]
Iter 103: 
Min Hitting Set: [0, 2, 3, 4, 5, 6, 7, 8, 9, 11, 12, 13, 16, 17, 18, 19, 20, 21, 26, 28, 30, 34, 35, 38, 39, 40, 42, 45, 48, 49, 50, 81, 119, 120, 121]
Min Correction Subset: [1, 24, 32]
Iter 104: 
Min Hitting Set: [0, 2, 3, 4, 5, 6, 7, 8, 9, 11, 12, 13, 16, 17, 18, 19, 20, 21, 24, 26, 28, 30, 34, 35, 38, 39, 40, 42, 45, 48, 49, 50, 119, 120, 121]
Min Correction Subset: [32, 41, 81]
Iter 105: 
Min Hitting Set: [0, 2, 3, 4, 5, 6, 7, 9, 11, 12, 13, 15, 17, 18, 19, 20, 21, 24, 26, 28, 30, 32, 34, 35, 38, 39, 40, 42, 45, 48, 49, 50, 81, 120, 121]
Min Correction Subset: [1, 16, 44, 78]
Iter 106: 
Min Hitting Set: [0, 2, 3, 4, 5, 6, 7, 9, 11, 12, 13, 17, 18, 19, 20, 21, 24, 26, 28, 30, 32, 34, 35, 38, 39, 40, 42, 44, 45, 48, 49, 50, 81, 120, 121]
Min Correction Subset: [1, 14, 15, 16]
Iter 107: 
Min Hitting Set: [0, 1, 2, 3, 5, 6, 7, 8, 9, 10, 11, 12, 13, 16, 17, 18, 19, 20, 21, 24, 26, 28, 34, 35, 38, 39, 40, 42, 45, 48, 49, 50, 81, 120, 121]
Min Correction Subset: [15, 30, 32]
Iter 108: 
Min Hitting Set: [0, 1, 2, 3, 5, 6, 7, 8, 9, 11, 12, 13, 16, 17, 18, 19, 20, 21, 24, 26, 28, 30, 34, 35, 38, 39, 40, 42, 45, 48, 49, 50, 81, 120, 121]
Min Correction Subset: [4, 14, 15, 32]
Iter 109: 
Min Hitting Set: [0, 2, 3, 4, 5, 6, 7, 9, 11, 12, 13, 16, 17, 18, 19, 20, 21, 26, 28, 30, 32, 34, 35, 38, 39, 40, 42, 44, 45, 48, 49, 50, 81, 120, 121]
Min Correction Subset: [14, 15, 24, 78]
Iter 110: 
Min Hitting Set: [0, 1, 2, 5, 6, 7, 9, 11, 12, 13, 15, 17, 18, 19, 20, 21, 24, 26, 28, 30, 32, 34, 35, 38, 39, 40, 42, 44, 45, 48, 49, 50, 81, 120, 121]
Min Correction Subset: [3, 4, 14, 16]
Iter 111: 
Min Hitting Set: [0, 2, 3, 5, 6, 7, 9, 11, 12, 13, 15, 16, 17, 18, 19, 20, 21, 24, 26, 28, 30, 32, 34, 35, 38, 39, 40, 42, 45, 48, 49, 50, 81, 120, 121]
Min Correction Subset: [1, 4, 44, 47, 86, 119]
Iter 112: 
Min Hitting Set: [0, 1, 2, 3, 5, 6, 7, 9, 11, 12, 13, 17, 18, 19, 20, 21, 24, 26, 28, 30, 32, 34, 35, 38, 39, 40, 42, 45, 48, 49, 50, 78, 81, 120, 121]
Min Correction Subset: [4, 14, 15, 16, 54]
Iter 113: 
Min Hitting Set: [0, 1, 2, 3, 5, 6, 7, 9, 11, 12, 13, 15, 17, 18, 19, 20, 21, 24, 26, 28, 30, 32, 34, 35, 38, 39, 40, 42, 45, 48, 49, 50, 81, 120, 121]
Min Correction Subset: [4, 16, 44, 60, 78]
Iter 114: 
Min Hitting Set: [0, 1, 2, 3, 5, 6, 7, 9, 11, 12, 13, 16, 17, 18, 19, 20, 21, 24, 26, 28, 30, 32, 34, 35, 38, 39, 40, 42, 45, 48, 49, 50, 81, 120, 121]
Min Correction Subset: [4, 14, 15, 44, 78, 119]
Iter 115: 
Min Hitting Set: [0, 2, 3, 5, 6, 7, 9, 11, 12, 13, 16, 17, 18, 19, 20, 21, 24, 26, 28, 30, 32, 34, 35, 38, 39, 40, 42, 44, 45, 48, 49, 50, 81, 120, 121]
Min Correction Subset: [1, 4, 14, 15, 54, 119]
Iter 116: 
Min Hitting Set: [0, 2, 3, 5, 6, 7, 11, 12, 13, 15, 16, 17, 18, 19, 20, 21, 24, 26, 28, 30, 32, 34, 35, 38, 39, 40, 42, 44, 45, 48, 49, 50, 81, 120, 121]
Min Correction Subset: [1, 4, 9, 119]
Iter 117: 
Min Hitting Set: [0, 1, 2, 3, 4, 5, 6, 7, 10, 11, 12, 13, 16, 17, 18, 19, 20, 21, 24, 26, 28, 30, 32, 34, 35, 38, 39, 40, 42, 45, 48, 49, 50, 120, 121]
Min Correction Subset: [15, 41, 81]
Iter 118: 
Min Hitting Set: [0, 1, 2, 5, 6, 7, 9, 11, 12, 13, 15, 16, 17, 18, 19, 20, 21, 26, 28, 30, 32, 34, 35, 38, 39, 40, 42, 44, 45, 48, 49, 50, 81, 120, 121]
Min Correction Subset: [3, 14, 24]
Iter 119: 
Min Hitting Set: [0, 2, 3, 4, 5, 6, 7, 9, 11, 12, 13, 15, 16, 17, 18, 19, 20, 21, 26, 28, 30, 32, 34, 35, 38, 39, 40, 42, 45, 48, 49, 50, 81, 120, 121]
Min Correction Subset: [1, 24, 44]
Iter 120: 
Min Hitting Set: [0, 2, 3, 5, 6, 7, 9, 11, 12, 13, 15, 17, 18, 19, 20, 21, 24, 26, 28, 30, 32, 34, 35, 38, 39, 40, 42, 44, 45, 48, 49, 50, 81, 120, 121]
Min Correction Subset: [1, 4, 8, 16, 60]
Iter 121: 
Min Hitting Set: [0, 2, 5, 6, 7, 9, 11, 12, 13, 15, 16, 17, 18, 19, 20, 21, 24, 26, 28, 30, 32, 34, 35, 38, 39, 40, 42, 44, 45, 48, 49, 50, 81, 120, 121]
Min Correction Subset: [1, 3, 4, 14]
Iter 122: 
Min Hitting Set: [0, 2, 3, 4, 5, 6, 7, 9, 11, 12, 13, 15, 16, 17, 18, 19, 20, 21, 24, 26, 28, 30, 32, 34, 35, 38, 39, 40, 42, 45, 48, 49, 50, 120, 121]
Min Correction Subset: [1, 41, 81]
Iter 123: 
Min Hitting Set: [0, 2, 3, 5, 6, 7, 9, 11, 12, 15, 16, 17, 18, 19, 20, 21, 24, 26, 28, 30, 32, 34, 35, 38, 39, 40, 42, 45, 47, 48, 49, 50, 81, 120, 121]
Min Correction Subset: [8, 13]
Iter 124: 
Min Hitting Set: [0, 1, 2, 5, 6, 7, 11, 12, 13, 15, 16, 17, 18, 19, 20, 21, 24, 26, 28, 30, 32, 34, 35, 38, 39, 40, 42, 44, 45, 48, 49, 50, 81, 120, 121]
Min Correction Subset: [3, 4, 9]
Iter 125: 
Min Hitting Set: [0, 2, 3, 5, 6, 7, 10, 11, 12, 13, 16, 17, 18, 19, 20, 21, 24, 26, 28, 30, 32, 34, 35, 38, 39, 40, 42, 45, 48, 49, 50, 81, 119, 120, 121]
Min Correction Subset: [1, 9, 14, 15]
Iter 126: 
Min Hitting Set: [0, 1, 2, 4, 5, 6, 7, 11, 12, 13, 15, 16, 17, 18, 19, 20, 21, 24, 26, 28, 30, 32, 34, 35, 38, 39, 40, 42, 44, 45, 48, 49, 50, 120, 121]
Min Correction Subset: [3, 41, 81]
Iter 127: 
Min Hitting Set: [0, 1, 2, 5, 6, 7, 9, 11, 12, 13, 14, 16, 17, 18, 19, 20, 21, 26, 28, 30, 32, 34, 35, 38, 39, 40, 42, 44, 45, 48, 49, 50, 81, 120, 121]
Min Correction Subset: [3, 15, 24]
Iter 128: 
Min Hitting Set: [0, 1, 2, 3, 4, 5, 6, 7, 11, 12, 13, 15, 17, 18, 19, 20, 21, 26, 28, 30, 32, 34, 35, 38, 39, 40, 42, 44, 45, 48, 49, 50, 81, 120, 121]
Min Correction Subset: [9, 16, 24]
Iter 129: 
Min Hitting Set: [0, 1, 2, 3, 4, 5, 6, 7, 9, 11, 12, 13, 15, 16, 17, 18, 19, 20, 21, 24, 26, 28, 30, 32, 34, 35, 38, 39, 40, 42, 45, 48, 49, 50, 121]
Min Correction Subset: [44, 120]
Iter 130: 
Min Hitting Set: [0, 2, 3, 4, 5, 6, 7, 11, 12, 13, 15, 16, 17, 18, 19, 20, 21, 26, 28, 30, 32, 34, 35, 38, 39, 40, 42, 44, 45, 48, 49, 50, 81, 120, 121]
Min Correction Subset: [1, 9, 24]
Iter 131: 
Min Hitting Set: [0, 2, 3, 4, 5, 6, 7, 9, 11, 12, 13, 15, 17, 18, 19, 20, 21, 26, 28, 30, 32, 34, 35, 38, 39, 40, 42, 44, 45, 48, 49, 50, 81, 120, 121]
Min Correction Subset: [14, 16, 24, 95]
Iter 132: 
Min Hitting Set: [0, 2, 3, 5, 6, 7, 9, 11, 12, 13, 16, 17, 18, 19, 20, 21, 24, 26, 28, 30, 32, 34, 35, 38, 39, 40, 42, 45, 48, 49, 50, 81, 119, 120, 121]
Min Correction Subset: [1, 4, 15, 44, 78]
Iter 133: 
Min Hitting Set: [0, 2, 3, 4, 5, 6, 7, 9, 11, 12, 13, 14, 17, 18, 19, 20, 21, 26, 28, 30, 32, 34, 35, 38, 39, 40, 42, 44, 45, 48, 49, 50, 81, 120, 121]
Min Correction Subset: [1, 15, 16, 24]
Iter 134: 
Min Hitting Set: [2, 3, 4, 5, 6, 7, 9, 11, 12, 13, 15, 16, 17, 18, 19, 20, 21, 26, 28, 30, 32, 34, 35, 38, 39, 40, 42, 44, 45, 48, 49, 50, 81, 119, 120, 121]
Min Correction Subset: [0, 24, 43]
Iter 135: 
Min Hitting Set: [2, 3, 4, 5, 6, 7, 9, 11, 12, 13, 15, 16, 17, 18, 19, 20, 21, 24, 26, 28, 30, 32, 34, 35, 38, 39, 40, 42, 45, 48, 49, 50, 81, 119, 120, 121]
Min Correction Subset: [0, 1, 43]
Iter 136: 
Min Hitting Set: [1, 2, 4, 5, 6, 7, 11, 12, 13, 15, 16, 17, 18, 19, 20, 21, 24, 26, 28, 30, 32, 34, 35, 38, 39, 40, 42, 44, 45, 48, 49, 50, 81, 119, 120, 121]
Min Correction Subset: [0, 9, 43]
Iter 137: 
Min Hitting Set: [0, 2, 3, 5, 6, 7, 9, 11, 12, 13, 15, 17, 18, 19, 20, 21, 24, 26, 28, 30, 32, 34, 35, 38, 39, 40, 42, 44, 45, 48, 49, 50, 60, 81, 120, 121]
Min Correction Subset: [1, 4, 16, 47, 86]
Iter 138: 
Min Hitting Set: [0, 1, 2, 3, 5, 6, 7, 10, 11, 12, 13, 15, 16, 17, 18, 19, 20, 21, 24, 26, 28, 30, 32, 34, 35, 38, 39, 40, 42, 45, 48, 49, 50, 81, 120, 121]
Min Correction Subset: [4, 8, 9, 44, 86]
Iter 139: 
Min Hitting Set: [0, 2, 3, 4, 5, 6, 7, 10, 11, 12, 13, 15, 16, 17, 18, 19, 20, 21, 24, 26, 28, 30, 32, 34, 35, 38, 39, 40, 42, 45, 48, 49, 50, 81, 120, 121]
Min Correction Subset: [1, 9, 44, 60]
Iter 140: 
Min Hitting Set: [0, 1, 2, 3, 4, 5, 6, 7, 10, 11, 12, 13, 15, 17, 18, 19, 20, 21, 24, 26, 28, 30, 32, 34, 35, 38, 39, 40, 42, 45, 48, 49, 50, 81, 120, 121]
Min Correction Subset: [9, 16, 44]
Iter 141: 
Min Hitting Set: [0, 1, 2, 3, 4, 5, 6, 7, 10, 11, 12, 13, 15, 16, 17, 18, 19, 20, 21, 26, 28, 30, 32, 34, 35, 38, 39, 40, 42, 45, 48, 49, 50, 81, 120, 121]
Min Correction Subset: [9, 24, 44]
Iter 142: 
Min Hitting Set: [0, 1, 2, 3, 5, 6, 7, 9, 11, 12, 13, 15, 17, 18, 19, 20, 21, 24, 26, 28, 30, 32, 34, 35, 38, 39, 40, 42, 45, 48, 49, 50, 60, 81, 120, 121]
Min Correction Subset: [4, 16, 44, 77, 78]
Iter 143: 
Min Hitting Set: [0, 1, 2, 3, 4, 5, 6, 7, 9, 11, 12, 13, 15, 17, 18, 19, 20, 21, 24, 26, 28, 30, 32, 34, 35, 38, 39, 40, 42, 45, 48, 49, 50, 81, 120, 121]
Min Correction Subset: [16, 44, 47, 60, 78, 86]
Iter 144: 
Min Hitting Set: [0, 2, 3, 5, 6, 7, 9, 11, 12, 13, 15, 16, 17, 18, 19, 20, 21, 24, 26, 28, 30, 32, 34, 35, 38, 39, 40, 42, 45, 48, 49, 50, 81, 119, 120, 121]
Min Correction Subset: [1, 4, 25, 44, 47, 86]
Iter 145: 
Min Hitting Set: [0, 2, 3, 5, 6, 7, 9, 11, 12, 13, 15, 16, 17, 18, 19, 20, 21, 24, 26, 28, 30, 32, 34, 35, 38, 39, 40, 42, 45, 47, 48, 49, 50, 81, 120, 121]
Min Correction Subset: [1, 4, 25, 44, 78, 119]
Iter 146: 
Min Hitting Set: [0, 1, 2, 3, 4, 5, 6, 7, 10, 11, 12, 13, 16, 17, 18, 19, 20, 21, 24, 26, 28, 30, 34, 35, 38, 39, 40, 42, 45, 48, 49, 50, 81, 119, 120, 121]
Min Correction Subset: [8, 9, 32]
Iter 147: 
Min Hitting Set: [0, 1, 2, 5, 6, 7, 9, 11, 12, 13, 15, 16, 17, 18, 19, 20, 21, 24, 26, 28, 30, 32, 34, 35, 38, 39, 40, 42, 44, 45, 48, 49, 50, 81, 120, 121]
Min Correction Subset: [3, 8, 55, 86]
Iter 148: 
Min Hitting Set: [0, 1, 2, 3, 4, 5, 6, 7, 8, 10, 11, 12, 13, 16, 17, 18, 19, 20, 21, 24, 26, 28, 30, 34, 35, 38, 39, 40, 42, 45, 48, 49, 50, 81, 120, 121]
Min Correction Subset: [9, 15, 32]
Iter 149: 
Min Hitting Set: [0, 1, 2, 3, 4, 5, 6, 7, 9, 11, 12, 13, 14, 16, 17, 18, 19, 20, 21, 26, 28, 30, 32, 34, 35, 38, 39, 40, 42, 45, 48, 49, 50, 81, 120, 121]
Min Correction Subset: [15, 24, 44, 54]
Iter 150: 
Min Hitting Set: [0, 1, 2, 3, 4, 5, 6, 7, 9, 11, 12, 13, 15, 16, 17, 18, 19, 20, 21, 26, 28, 30, 32, 34, 35, 38, 39, 40, 42, 45, 48, 49, 50, 81, 120, 121]
Min Correction Subset: [24, 44, 78, 119]
Iter 151: 
Min Hitting Set: [0, 1, 2, 3, 5, 6, 7, 9, 11, 12, 13, 15, 17, 18, 19, 20, 21, 24, 26, 28, 30, 32, 34, 35, 38, 39, 40, 42, 45, 48, 49, 50, 78, 81, 120, 121]
Min Correction Subset: [4, 16, 44, 60, 119]
Iter 152: 
Min Hitting Set: [0, 1, 2, 3, 5, 6, 7, 9, 11, 12, 13, 15, 16, 17, 18, 19, 20, 21, 24, 26, 28, 30, 32, 34, 35, 38, 39, 40, 42, 45, 48, 49, 50, 81, 120, 121]
Min Correction Subset: [4, 25, 44, 47, 78, 86, 119]
Iter 153: 
Min Hitting Set: [0, 1, 2, 3, 4, 5, 6, 7, 10, 11, 12, 13, 16, 17, 18, 19, 20, 21, 24, 26, 28, 30, 32, 34, 35, 38, 39, 40, 42, 45, 48, 49, 50, 81, 120, 121]
Min Correction Subset: [9, 15, 44, 78]
Iter 154: 
Min Hitting Set: [0, 1, 2, 3, 4, 5, 6, 7, 10, 11, 12, 13, 15, 16, 17, 18, 19, 20, 21, 24, 26, 28, 30, 32, 34, 35, 38, 39, 40, 42, 45, 48, 49, 50, 120, 121]
Min Correction Subset: [9, 41, 81]
Iter 155: 
Min Hitting Set: [0, 1, 2, 3, 5, 6, 7, 8, 10, 11, 12, 13, 16, 17, 18, 19, 20, 21, 24, 26, 28, 32, 34, 35, 38, 39, 40, 42, 44, 45, 48, 49, 50, 81, 120, 121]
Min Correction Subset: [9, 15, 30]
Iter 156: 
Min Hitting Set: [0, 1, 2, 5, 6, 7, 8, 9, 11, 12, 13, 15, 16, 17, 18, 19, 20, 21, 24, 26, 28, 30, 34, 35, 38, 39, 40, 42, 44, 45, 48, 49, 50, 81, 120, 121]
Min Correction Subset: [3, 14, 32]
Iter 157: 
Min Hitting Set: [0, 1, 2, 5, 6, 7, 8, 9, 11, 12, 13, 14, 16, 17, 18, 19, 20, 21, 24, 26, 28, 30, 34, 35, 38, 39, 40, 42, 44, 45, 48, 49, 50, 81, 120, 121]
Min Correction Subset: [3, 15, 32]
Iter 158: 
Min Hitting Set: [0, 2, 3, 5, 6, 7, 9, 11, 12, 13, 15, 16, 17, 18, 19, 20, 21, 24, 26, 28, 30, 32, 34, 35, 38, 39, 40, 41, 42, 44, 45, 48, 49, 50, 120, 121]
Min Correction Subset: [1, 4, 25, 81]
Iter 159: 
Min Hitting Set: [0, 2, 3, 4, 5, 6, 7, 8, 9, 11, 12, 13, 15, 16, 17, 18, 19, 20, 21, 24, 26, 28, 30, 34, 35, 38, 39, 40, 42, 45, 48, 49, 50, 81, 120, 121]
Min Correction Subset: [1, 32, 44]
Iter 160: 
Min Hitting Set: [0, 2, 3, 4, 5, 6, 7, 9, 11, 12, 13, 15, 16, 17, 18, 19, 20, 21, 24, 26, 28, 30, 32, 34, 35, 38, 39, 40, 42, 45, 48, 49, 50, 81, 120, 121]
Min Correction Subset: [1, 25, 44, 47, 78, 79, 86, 119]
Iter 161: 
Min Hitting Set: [0, 2, 3, 4, 5, 6, 7, 8, 9, 11, 12, 13, 16, 17, 18, 19, 20, 21, 24, 26, 28, 30, 34, 35, 38, 39, 40, 42, 44, 45, 48, 49, 50, 81, 120, 121]
Min Correction Subset: [1, 14, 15, 32]
Iter 162: 
Min Hitting Set: [0, 1, 2, 3, 4, 5, 6, 7, 8, 9, 11, 12, 13, 16, 17, 18, 19, 20, 21, 24, 26, 28, 30, 34, 35, 38, 39, 40, 42, 45, 48, 49, 50, 81, 120, 121]
Min Correction Subset: [15, 32, 44, 78]
Iter 163: 
Min Hitting Set: [0, 1, 2, 3, 4, 5, 6, 7, 9, 11, 12, 13, 16, 17, 18, 19, 20, 21, 24, 26, 28, 30, 32, 34, 35, 38, 39, 40, 42, 45, 48, 49, 50, 81, 120, 121]
Min Correction Subset: [14, 15, 25, 44, 78, 119]
Iter 164: 
Min Hitting Set: [0, 1, 2, 3, 5, 6, 7, 9, 11, 12, 13, 15, 16, 17, 18, 19, 20, 21, 26, 28, 30, 32, 34, 35, 38, 39, 40, 42, 44, 45, 48, 49, 50, 81, 120, 121]
Min Correction Subset: [4, 8, 24, 41]
Iter 165: 
Min Hitting Set: [0, 2, 3, 4, 5, 6, 7, 9, 11, 12, 13, 15, 17, 18, 19, 20, 21, 24, 26, 28, 30, 32, 34, 35, 38, 39, 40, 42, 44, 45, 48, 49, 50, 81, 120, 121]
Min Correction Subset: [1, 16, 36, 47, 60, 86]
Iter 166: 
Min Hitting Set: [0, 1, 2, 3, 4, 5, 6, 7, 9, 11, 12, 13, 17, 18, 19, 20, 21, 24, 26, 28, 30, 32, 34, 35, 38, 39, 40, 42, 45, 48, 49, 50, 78, 81, 120, 121]
Min Correction Subset: [14, 15, 16, 44, 60]
Iter 167: 
Min Hitting Set: [0, 2, 3, 4, 5, 6, 7, 11, 12, 13, 15, 16, 17, 18, 19, 20, 21, 24, 26, 28, 30, 32, 34, 35, 38, 39, 40, 42, 44, 45, 48, 49, 50, 81, 120, 121]
Min Correction Subset: [1, 9, 47, 86, 119]
Iter 168: 
Min Hitting Set: [0, 1, 2, 3, 4, 5, 6, 7, 9, 11, 12, 13, 15, 16, 17, 18, 19, 20, 21, 24, 26, 28, 30, 32, 34, 35, 38, 39, 40, 42, 45, 48, 49, 50, 120, 121]
Min Correction Subset: [41, 60, 81, 119]
Iter 169: 
Min Hitting Set: [1, 2, 3, 4, 5, 6, 7, 9, 11, 12, 13, 15, 16, 17, 18, 19, 20, 21, 24, 26, 28, 30, 32, 34, 35, 38, 39, 40, 42, 44, 45, 48, 49, 50, 119, 121]
Min Correction Subset: [0, 120]
Iter 170: 
Min Hitting Set: [0, 1, 2, 3, 5, 6, 7, 9, 11, 12, 13, 15, 16, 17, 18, 19, 20, 21, 24, 26, 28, 30, 34, 35, 38, 39, 40, 42, 45, 48, 49, 50, 81, 119, 120, 121]
Min Correction Subset: [4, 8, 32]
Iter 171: 
Min Hitting Set: [0, 1, 2, 3, 4, 5, 6, 7, 9, 11, 12, 13, 15, 16, 17, 18, 19, 20, 21, 26, 28, 30, 34, 35, 38, 39, 40, 42, 45, 48, 49, 50, 81, 119, 120, 121]
Min Correction Subset: [8, 24, 32]
Iter 172: 
Min Hitting Set: [0, 1, 2, 3, 5, 6, 7, 10, 11, 12, 13, 16, 17, 18, 19, 20, 21, 24, 26, 28, 30, 32, 34, 35, 38, 39, 40, 42, 44, 45, 48, 49, 50, 81, 120, 121]
Min Correction Subset: [4, 9, 14, 15, 119]
Iter 173: 
Min Hitting Set: [0, 1, 2, 3, 5, 6, 7, 9, 11, 12, 13, 16, 17, 18, 19, 20, 21, 24, 26, 28, 30, 32, 34, 35, 38, 39, 40, 42, 45, 48, 49, 50, 78, 81, 120, 121]
Min Correction Subset: [4, 15, 25, 44, 47, 54, 86, 119]
Iter 174: 
Min Hitting Set: [0, 1, 2, 3, 4, 5, 6, 7, 9, 11, 12, 13, 14, 17, 18, 19, 20, 21, 26, 28, 30, 32, 34, 35, 38, 39, 40, 42, 44, 45, 48, 49, 50, 81, 120, 121]
Min Correction Subset: [15, 16, 24, 41]
Iter 175: 
Min Hitting Set: [0, 2, 3, 4, 5, 6, 7, 9, 11, 12, 13, 16, 17, 18, 19, 20, 21, 24, 26, 28, 30, 32, 34, 35, 38, 39, 40, 41, 42, 45, 48, 49, 50, 78, 120, 121]
Min Correction Subset: [1, 15, 25, 81]
Iter 176: 
Min Hitting Set: [0, 1, 2, 3, 4, 5, 6, 7, 8, 11, 12, 13, 15, 16, 17, 18, 19, 20, 21, 26, 28, 30, 34, 35, 38, 39, 40, 42, 44, 45, 48, 49, 50, 81, 120, 121]
Min Correction Subset: [9, 32, 119]
Iter 177: 
Min Hitting Set: [0, 2, 3, 4, 5, 6, 7, 9, 11, 12, 13, 16, 17, 18, 19, 20, 21, 24, 26, 28, 30, 32, 34, 35, 38, 39, 40, 42, 45, 48, 49, 50, 81, 119, 120, 121]
Min Correction Subset: [1, 14, 15, 44, 78]
Iter 178: 
Min Hitting Set: [0, 2, 3, 4, 5, 6, 7, 9, 11, 12, 13, 16, 17, 18, 19, 20, 21, 24, 26, 28, 30, 32, 34, 35, 38, 39, 40, 42, 45, 48, 49, 50, 78, 81, 120, 121]
Min Correction Subset: [1, 14, 15, 25, 44, 119]
Iter 179: 
Min Hitting Set: [0, 1, 2, 3, 4, 5, 6, 7, 10, 11, 12, 13, 17, 18, 19, 20, 21, 24, 26, 28, 30, 32, 34, 35, 38, 39, 40, 42, 44, 45, 48, 49, 50, 81, 120, 121]
Min Correction Subset: [9, 14, 15, 16]
Iter 180: 
Min Hitting Set: [0, 2, 3, 5, 6, 7, 8, 9, 11, 12, 15, 17, 18, 19, 20, 21, 24, 26, 28, 30, 32, 34, 35, 38, 39, 40, 42, 44, 45, 47, 48, 49, 50, 81, 120, 121]
Min Correction Subset: [4, 13]
Iter 181: 
Min Hitting Set: [0, 1, 2, 3, 5, 6, 7, 9, 11, 12, 13, 16, 17, 18, 19, 20, 21, 24, 26, 28, 30, 32, 34, 35, 38, 39, 40, 42, 44, 45, 48, 49, 50, 81, 120, 121]
Min Correction Subset: [4, 15, 25, 47, 54, 55, 78, 80, 86, 119]
Iter 182: 
Min Hitting Set: [0, 1, 2, 3, 5, 6, 7, 9, 11, 12, 13, 15, 17, 18, 19, 20, 21, 24, 26, 28, 30, 32, 34, 35, 38, 39, 40, 42, 44, 45, 48, 49, 50, 81, 120, 121]
Min Correction Subset: [4, 16, 36, 47, 60, 73, 86, 119]
Iter 183: 
Min Hitting Set: [0, 1, 2, 3, 4, 5, 6, 7, 9, 11, 12, 13, 15, 17, 18, 19, 20, 21, 24, 26, 28, 30, 32, 34, 35, 38, 39, 40, 42, 48, 49, 50, 60, 77, 120, 121]
Min Correction Subset: [16, 45]
Iter 184: 
Min Hitting Set: [0, 1, 2, 3, 4, 5, 6, 7, 9, 11, 12, 13, 15, 17, 18, 19, 20, 21, 24, 26, 28, 30, 32, 34, 35, 38, 39, 40, 42, 45, 48, 49, 50, 60, 120, 121]
Min Correction Subset: [16, 77, 81]
Iter 185: 
Min Hitting Set: [0, 1, 2, 3, 4, 5, 6, 7, 9, 11, 12, 13, 15, 16, 17, 18, 19, 20, 21, 26, 28, 30, 32, 34, 35, 38, 39, 40, 42, 44, 45, 48, 49, 50, 81, 121]
Min Correction Subset: [24, 120]
Iter 186: 
Min Hitting Set: [1, 2, 3, 4, 5, 6, 7, 9, 11, 12, 13, 15, 16, 17, 18, 19, 20, 21, 24, 26, 28, 30, 32, 34, 35, 38, 39, 40, 42, 45, 48, 49, 50, 119, 120, 121]
Min Correction Subset: [0, 43, 86]
Iter 187: 
Min Hitting Set: [0, 1, 2, 3, 5, 6, 7, 11, 12, 13, 15, 16, 17, 18, 19, 20, 21, 24, 26, 28, 30, 32, 34, 35, 38, 39, 40, 42, 44, 45, 48, 49, 50, 81, 120, 121]
Min Correction Subset: [4, 9, 47, 86, 119]
Iter 188: 
Min Hitting Set: [0, 1, 2, 3, 4, 5, 6, 7, 11, 12, 13, 15, 17, 18, 19, 20, 21, 24, 26, 28, 30, 32, 34, 35, 38, 39, 40, 42, 44, 45, 48, 49, 50, 81, 120, 121]
Min Correction Subset: [9, 16, 47, 86]
Iter 189: 
Min Hitting Set: [0, 2, 3, 5, 6, 7, 9, 11, 12, 13, 15, 16, 17, 18, 19, 20, 21, 24, 26, 28, 30, 32, 34, 35, 38, 39, 40, 42, 44, 45, 48, 49, 50, 81, 120, 121]
Min Correction Subset: [1, 4, 25, 47, 55, 78, 80, 86, 119]
