IIS generation
Iter 1: 
Min Hitting Set: []
Min Correction Subset: [119]
Iter 2: 
Min Hitting Set: [119]
Min Correction Subset: [13]
Iter 3: 
Min Hitting Set: [13, 119]
Min Correction Subset: [42]
Iter 4: 
Min Hitting Set: [13, 42, 119]
Min Correction Subset: [21]
Iter 5: 
Min Hitting Set: [13, 21, 42, 119]
Min Correction Subset: [25]
Iter 6: 
Min Hitting Set: [13, 21, 25, 42, 119]
Min Correction Subset: [32]
Iter 7: 
Min Hitting Set: [13, 21, 25, 32, 42, 119]
Min Correction Subset: [118]
Iter 8: 
Min Hitting Set: [13, 21, 25, 32, 42, 118, 119]
Min Correction Subset: [38]
Iter 9: 
Min Hitting Set: [13, 21, 25, 32, 38, 42, 118, 119]
Min Correction Subset: [46]
Iter 10: 
Min Hitting Set: [13, 21, 25, 32, 38, 42, 46, 118, 119]
Min Correction Subset: [18, 44]
Iter 11: 
Min Hitting Set: [13, 18, 21, 25, 32, 38, 42, 46, 118, 119]
Min Correction Subset: [20, 28]
Iter 12: 
Min Hitting Set: [13, 18, 20, 21, 25, 32, 38, 42, 46, 118, 119]
Min Correction Subset: [5, 9]
Iter 13: 
Min Hitting Set: [5, 13, 18, 20, 21, 25, 32, 38, 42, 46, 118, 119]
Min Correction Subset: [2, 17]
Iter 14: 
Min Hitting Set: [2, 5, 13, 18, 20, 21, 25, 32, 38, 42, 46, 118, 119]
Min Correction Subset: [28, 48]
Iter 15: 
Min Hitting Set: [2, 5, 13, 18, 21, 25, 28, 32, 38, 42, 46, 118, 119]
Min Correction Subset: [20, 50]
Iter 16: 
Min Hitting Set: [2, 5, 13, 18, 20, 21, 25, 28, 32, 38, 42, 46, 118, 119]
Min Correction Subset: [19, 27]
Iter 17: 
Min Hitting Set: [2, 5, 13, 18, 19, 20, 21, 25, 28, 32, 38, 42, 46, 118, 119]
Min Correction Subset: [45, 47]
Iter 18: 
Min Hitting Set: [2, 5, 13, 18, 19, 20, 21, 25, 28, 32, 38, 42, 45, 46, 118, 119]
Min Correction Subset: [22, 36]
Iter 19: 
Min Hitting Set: [2, 5, 13, 18, 19, 20, 21, 22, 25, 28, 32, 38, 42, 45, 46, 118, 119]
Min Correction Subset: [17, 33]
Iter 20: 
Min Hitting Set: [5, 13, 17, 18, 19, 20, 21, 22, 25, 28, 32, 38, 42, 45, 46, 118, 119]
Min Correction Subset: [2, 40]
Iter 21: 
Min Hitting Set: [2, 5, 13, 17, 18, 19, 20, 21, 22, 25, 28, 32, 38, 42, 45, 46, 118, 119]
Min Correction Subset: [26, 33]
Iter 22: 
Min Hitting Set: [2, 5, 13, 18, 19, 20, 21, 22, 25, 28, 32, 33, 38, 42, 45, 46, 118, 119]
Min Correction Subset: [6, 17]
Iter 23: 
Min Hitting Set: [2, 5, 13, 17, 18, 19, 20, 21, 22, 25, 28, 32, 33, 38, 42, 45, 46, 118, 119]
Min Correction Subset: [31, 78]
Iter 24: 
Min Hitting Set: [2, 5, 13, 17, 18, 19, 20, 21, 22, 25, 28, 31, 32, 33, 38, 42, 45, 46, 118, 119]
Min Correction Subset: [36, 50]
Iter 25: 
Min Hitting Set: [2, 5, 13, 17, 18, 19, 20, 21, 25, 28, 31, 32, 33, 36, 38, 42, 45, 46, 118, 119]
Min Correction Subset: [22, 26]
Iter 26: 
Min Hitting Set: [2, 5, 13, 17, 18, 19, 21, 22, 25, 26, 28, 31, 32, 38, 42, 45, 46, 50, 118, 119]
Min Correction Subset: [33, 49]
Iter 27: 
Min Hitting Set: [2, 5, 13, 17, 18, 19, 21, 22, 25, 28, 31, 32, 33, 38, 42, 45, 46, 50, 118, 119]
Min Correction Subset: [26, 49]
Iter 28: 
Min Hitting Set: [2, 5, 13, 17, 18, 19, 21, 22, 25, 26, 28, 31, 32, 33, 38, 42, 45, 46, 50, 118, 119]
Min Correction Subset: [36, 49]
Iter 29: 
Min Hitting Set: [2, 5, 13, 17, 18, 19, 21, 25, 26, 28, 31, 32, 33, 36, 38, 42, 45, 46, 50, 118, 119]
Min Correction Subset: [20, 22]
Iter 30: 
Min Hitting Set: [2, 5, 13, 17, 18, 19, 20, 21, 25, 26, 28, 31, 32, 33, 36, 38, 42, 45, 46, 118, 119]
Min Correction Subset: [24, 49]
Iter 31: 
Min Hitting Set: [2, 5, 13, 17, 18, 19, 20, 21, 25, 26, 28, 31, 32, 36, 38, 42, 45, 46, 49, 118, 119]
Min Correction Subset: [3, 33]
Iter 32: 
Min Hitting Set: [2, 5, 13, 17, 18, 19, 21, 22, 25, 28, 31, 32, 33, 38, 42, 45, 46, 49, 50, 118, 119]
Min Correction Subset: [26, 47]
Iter 33: 
Min Hitting Set: [2, 5, 13, 17, 18, 19, 21, 22, 25, 28, 31, 32, 33, 38, 42, 46, 47, 49, 50, 118, 119]
Min Correction Subset: [10, 45]
Iter 34: 
Min Hitting Set: [2, 5, 13, 17, 18, 19, 20, 21, 25, 26, 28, 31, 32, 33, 36, 38, 42, 45, 46, 49, 118, 119]
Min Correction Subset: [34, 50]
Iter 35: 
Min Hitting Set: [2, 5, 13, 17, 18, 19, 21, 22, 25, 26, 28, 31, 32, 33, 38, 42, 45, 46, 49, 50, 118, 119]
Min Correction Subset: [24, 34]
Iter 36: 
Min Hitting Set: [2, 5, 13, 17, 18, 19, 21, 22, 24, 25, 26, 28, 31, 32, 33, 38, 42, 45, 46, 49, 50, 118, 119]
Min Correction Subset: [10, 34]
Iter 37: 
Min Hitting Set: [2, 5, 13, 17, 18, 19, 21, 22, 25, 28, 31, 32, 33, 34, 38, 42, 45, 46, 47, 49, 50, 118, 119]
Min Correction Subset: [26, 40]
Iter 38: 
Min Hitting Set: [5, 13, 17, 18, 19, 21, 22, 25, 28, 31, 32, 33, 34, 38, 40, 42, 45, 46, 47, 49, 50, 118, 119]
Min Correction Subset: [26, 55]
Iter 39: 
Min Hitting Set: [2, 5, 13, 17, 18, 19, 20, 21, 25, 26, 28, 31, 32, 33, 34, 36, 38, 42, 45, 46, 49, 118, 119]
Min Correction Subset: [10, 22]
Iter 40: 
Min Hitting Set: [2, 5, 13, 17, 18, 19, 21, 22, 25, 26, 28, 31, 32, 33, 34, 38, 42, 45, 46, 49, 50, 118, 119]
Min Correction Subset: [41, 44]
Iter 41: 
Min Hitting Set: [2, 5, 13, 17, 19, 21, 22, 25, 26, 28, 31, 32, 33, 34, 38, 42, 44, 45, 46, 49, 50, 118, 119]
Min Correction Subset: [24, 36]
Iter 42: 
Min Hitting Set: [2, 5, 13, 17, 19, 21, 22, 24, 25, 26, 28, 31, 32, 33, 34, 36, 38, 42, 44, 45, 46, 50, 118, 119]
Min Correction Subset: [29, 49]
Iter 43: 
Min Hitting Set: [2, 5, 13, 17, 19, 20, 21, 22, 25, 26, 28, 31, 32, 33, 34, 36, 38, 42, 44, 45, 46, 49, 118, 119]
Min Correction Subset: [48, 50]
Iter 44: 
Min Hitting Set: [2, 5, 13, 17, 19, 21, 22, 25, 26, 28, 31, 32, 33, 34, 36, 38, 42, 44, 45, 46, 49, 50, 118, 119]
Min Correction Subset: [29, 40]
Iter 45: 
Min Hitting Set: [5, 13, 17, 19, 21, 22, 25, 26, 28, 31, 32, 33, 34, 36, 38, 40, 42, 44, 45, 46, 49, 50, 118, 119]
Min Correction Subset: [2, 10, 47]
Iter 46: 
Min Hitting Set: [5, 10, 13, 17, 19, 20, 21, 25, 26, 31, 32, 33, 34, 36, 38, 40, 42, 44, 46, 47, 48, 49, 118, 119]
Min Correction Subset: [2, 28]
Iter 47: 
Min Hitting Set: [5, 10, 13, 17, 19, 21, 22, 24, 25, 26, 28, 31, 32, 33, 38, 40, 42, 44, 45, 46, 49, 50, 118, 119]
Min Correction Subset: [2, 34]
Iter 48: 
Min Hitting Set: [5, 13, 17, 19, 21, 22, 25, 26, 28, 31, 32, 33, 34, 36, 38, 40, 42, 44, 45, 46, 47, 49, 50, 118, 119]
Min Correction Subset: [2, 37, 51]
Iter 49: 
Min Hitting Set: [2, 5, 13, 17, 19, 21, 22, 24, 25, 26, 28, 29, 31, 32, 33, 34, 36, 38, 42, 44, 45, 46, 50, 118, 119]
Min Correction Subset: [10, 20, 49]
Iter 50: 
Min Hitting Set: [2, 5, 13, 17, 19, 20, 21, 22, 25, 26, 29, 31, 32, 33, 34, 36, 38, 42, 44, 45, 46, 48, 49, 118, 119]
Min Correction Subset: [28, 41]
Iter 51: 
Min Hitting Set: [2, 5, 13, 17, 19, 21, 22, 25, 26, 28, 29, 31, 32, 33, 34, 36, 38, 42, 44, 45, 46, 49, 50, 118, 119]
Min Correction Subset: [24, 40]
Iter 52: 
Min Hitting Set: [2, 5, 10, 13, 17, 19, 20, 21, 24, 25, 26, 28, 29, 31, 32, 33, 36, 38, 42, 44, 45, 46, 50, 118, 119]
Min Correction Subset: [22, 49]
Iter 53: 
Min Hitting Set: [2, 5, 13, 17, 19, 21, 22, 24, 25, 26, 28, 29, 31, 32, 33, 34, 38, 42, 44, 45, 46, 49, 50, 118, 119]
Min Correction Subset: [36, 40]
Iter 54: 
Min Hitting Set: [2, 5, 13, 17, 19, 21, 22, 25, 26, 28, 31, 32, 33, 34, 36, 38, 40, 42, 44, 45, 46, 49, 50, 118, 119]
Min Correction Subset: [10, 29, 47]
Iter 55: 
Min Hitting Set: [2, 5, 10, 13, 17, 19, 21, 22, 24, 25, 26, 28, 31, 32, 33, 38, 40, 42, 44, 45, 46, 49, 50, 118, 119]
Min Correction Subset: [34, 36]
Iter 56: 
Min Hitting Set: [2, 5, 10, 13, 17, 19, 21, 22, 24, 25, 26, 28, 29, 31, 32, 33, 36, 38, 42, 44, 45, 46, 50, 118, 119]
Min Correction Subset: [20, 49, 78]
Iter 57: 
Min Hitting Set: [2, 5, 10, 13, 17, 19, 21, 22, 24, 25, 26, 28, 29, 32, 33, 36, 38, 42, 44, 45, 46, 50, 78, 118, 119]
Min Correction Subset: [8, 11, 40]
Iter 58: 
Min Hitting Set: [2, 5, 13, 17, 19, 21, 22, 25, 26, 28, 32, 33, 34, 36, 38, 40, 42, 44, 45, 46, 47, 49, 50, 78, 118, 119]
Min Correction Subset: [24, 31]
Iter 59: 
Min Hitting Set: [2, 5, 13, 17, 19, 21, 22, 25, 26, 28, 31, 32, 33, 34, 36, 38, 40, 42, 44, 45, 46, 47, 49, 50, 118, 119]
Min Correction Subset: [10, 41, 79]
Iter 60: 
Min Hitting Set: [2, 5, 10, 13, 17, 19, 20, 21, 25, 26, 28, 31, 32, 33, 34, 36, 38, 40, 42, 44, 45, 46, 48, 49, 118, 119]
Min Correction Subset: [22, 78]
Iter 61: 
Min Hitting Set: [2, 5, 10, 13, 17, 19, 20, 21, 24, 25, 26, 28, 32, 33, 36, 38, 40, 42, 44, 46, 47, 49, 50, 78, 118, 119]
Min Correction Subset: [6, 45]
Iter 62: 
Min Hitting Set: [2, 5, 6, 10, 13, 19, 20, 21, 24, 25, 26, 28, 32, 33, 36, 38, 40, 42, 44, 46, 47, 49, 50, 78, 118, 119]
Min Correction Subset: [17, 39]
Iter 63: 
Min Hitting Set: [2, 5, 10, 13, 17, 19, 20, 21, 24, 25, 26, 28, 32, 33, 36, 38, 40, 42, 44, 45, 46, 49, 50, 78, 118, 119]
Min Correction Subset: [22, 34]
Iter 64: 
Min Hitting Set: [2, 5, 10, 13, 17, 19, 21, 22, 25, 26, 28, 31, 32, 33, 34, 36, 38, 40, 42, 44, 45, 46, 49, 50, 118, 119]
Min Correction Subset: [8, 29, 47]
Iter 65: 
Min Hitting Set: [2, 5, 8, 10, 13, 17, 19, 21, 22, 24, 25, 26, 28, 29, 32, 33, 36, 38, 42, 44, 45, 46, 50, 78, 118, 119]
Min Correction Subset: [0, 27, 31]
Iter 66: 
Min Hitting Set: [2, 5, 8, 10, 13, 17, 21, 22, 24, 25, 26, 27, 28, 29, 32, 33, 36, 38, 42, 44, 45, 46, 50, 78, 118, 119]
Min Correction Subset: [7, 19]
Iter 67: 
Min Hitting Set: [2, 5, 13, 17, 19, 21, 22, 25, 26, 28, 29, 31, 32, 33, 34, 36, 38, 40, 41, 42, 44, 45, 46, 49, 50, 118, 119]
Min Correction Subset: [4, 47, 78]
Iter 68: 
Min Hitting Set: [2, 5, 10, 13, 17, 19, 21, 22, 25, 26, 28, 31, 32, 33, 34, 36, 38, 40, 42, 44, 45, 46, 47, 49, 50, 118, 119]
Min Correction Subset: [29, 37, 51]
Iter 69: 
Min Hitting Set: [5, 13, 17, 19, 21, 22, 25, 26, 28, 31, 32, 33, 34, 36, 38, 40, 41, 42, 44, 45, 46, 47, 49, 50, 51, 118, 119]
Min Correction Subset: [2, 10, 48]
Iter 70: 
Min Hitting Set: [5, 10, 13, 17, 19, 21, 22, 25, 26, 28, 31, 32, 33, 34, 36, 37, 38, 40, 42, 44, 45, 46, 47, 49, 50, 118, 119]
Min Correction Subset: [2, 29, 41]
Iter 71: 
Min Hitting Set: [2, 5, 10, 13, 17, 19, 21, 22, 24, 25, 26, 28, 29, 31, 32, 33, 36, 38, 40, 42, 44, 45, 46, 50, 78, 118, 119]
Min Correction Subset: [3, 18, 34]
Iter 72: 
Min Hitting Set: [5, 13, 17, 19, 21, 22, 25, 26, 28, 31, 32, 33, 34, 36, 37, 38, 40, 41, 42, 44, 45, 46, 47, 48, 49, 50, 118, 119]
Min Correction Subset: [18, 29, 78]
Iter 73: 
Min Hitting Set: [2, 3, 5, 10, 13, 17, 19, 21, 22, 24, 25, 26, 28, 29, 31, 32, 33, 36, 38, 40, 42, 44, 45, 46, 50, 78, 118, 119]
Min Correction Subset: [0, 27, 34]
Iter 74: 
Min Hitting Set: [2, 5, 13, 17, 18, 19, 21, 22, 25, 26, 28, 31, 32, 33, 34, 36, 38, 40, 41, 42, 45, 46, 47, 49, 50, 51, 118, 119]
Min Correction Subset: [20, 44, 61]
Iter 75: 
Min Hitting Set: [2, 3, 5, 10, 13, 17, 19, 21, 22, 24, 25, 26, 27, 28, 29, 32, 33, 36, 38, 40, 42, 44, 45, 46, 50, 78, 118, 119]
Min Correction Subset: [7, 34, 80]
Iter 76: 
Min Hitting Set: [2, 5, 7, 10, 13, 17, 18, 21, 22, 24, 25, 26, 27, 28, 29, 32, 33, 36, 38, 40, 42, 44, 45, 46, 50, 78, 118, 119]
Min Correction Subset: [19, 34]
Iter 77: 
Min Hitting Set: [2, 5, 13, 17, 19, 21, 22, 25, 26, 28, 29, 31, 32, 33, 34, 36, 38, 40, 41, 42, 44, 45, 46, 47, 49, 50, 118, 119]
Min Correction Subset: [4, 30, 78]
Iter 78: 
Min Hitting Set: [5, 10, 13, 17, 19, 21, 22, 25, 26, 28, 29, 31, 32, 33, 34, 36, 37, 38, 40, 42, 44, 45, 46, 49, 50, 78, 118, 119]
Min Correction Subset: [2, 20, 47]
Iter 79: 
Min Hitting Set: [5, 10, 13, 17, 19, 20, 21, 25, 26, 28, 29, 31, 32, 33, 34, 36, 37, 38, 40, 42, 44, 45, 46, 49, 50, 78, 118, 119]
Min Correction Subset: [22, 47]
Iter 80: 
Min Hitting Set: [2, 5, 13, 17, 19, 20, 21, 22, 24, 25, 26, 29, 31, 32, 33, 34, 36, 38, 40, 41, 42, 44, 45, 46, 48, 78, 118, 119]
Min Correction Subset: [3, 28]
Iter 81: 
Min Hitting Set: [2, 5, 13, 17, 19, 21, 22, 24, 25, 26, 28, 29, 31, 32, 33, 34, 38, 40, 41, 42, 44, 45, 46, 49, 50, 78, 118, 119]
Min Correction Subset: [10, 20, 36]
Iter 82: 
Min Hitting Set: [2, 3, 5, 13, 17, 19, 20, 21, 22, 25, 26, 29, 31, 32, 34, 36, 38, 40, 41, 42, 44, 45, 46, 48, 49, 78, 118, 119]
Min Correction Subset: [28, 47]
Iter 83: 
Min Hitting Set: [2, 5, 8, 10, 13, 17, 19, 21, 22, 24, 25, 26, 28, 29, 31, 32, 33, 34, 36, 38, 42, 44, 45, 46, 50, 78, 118, 119]
Min Correction Subset: [0, 27, 49]
Iter 84: 
Min Hitting Set: [2, 5, 10, 13, 17, 19, 21, 22, 24, 25, 26, 27, 28, 29, 32, 33, 34, 38, 40, 42, 44, 45, 46, 49, 50, 78, 118, 119]
Min Correction Subset: [31, 36]
Iter 85: 
Min Hitting Set: [2, 5, 10, 13, 17, 19, 21, 22, 24, 25, 26, 28, 29, 31, 32, 33, 34, 38, 40, 42, 44, 45, 46, 49, 50, 78, 118, 119]
Min Correction Subset: [0, 27, 36]
Iter 86: 
Min Hitting Set: [2, 5, 8, 10, 13, 17, 19, 21, 22, 24, 25, 26, 27, 28, 29, 32, 33, 34, 36, 38, 42, 44, 45, 46, 50, 78, 118, 119]
Min Correction Subset: [11, 18, 40]
Iter 87: 
Min Hitting Set: [2, 5, 13, 17, 19, 21, 22, 25, 26, 28, 29, 31, 32, 33, 34, 36, 38, 40, 41, 42, 44, 45, 46, 49, 50, 78, 118, 119]
Min Correction Subset: [8, 24, 47]
Iter 88: 
Min Hitting Set: [2, 5, 10, 13, 17, 19, 21, 22, 24, 25, 26, 27, 28, 29, 32, 33, 34, 36, 38, 40, 42, 44, 45, 46, 50, 78, 118, 119]
Min Correction Subset: [20, 31, 41]
Iter 89: 
Min Hitting Set: [5, 13, 17, 19, 21, 22, 25, 26, 28, 31, 32, 33, 34, 36, 38, 40, 41, 42, 44, 45, 46, 47, 48, 49, 50, 51, 78, 118, 119]
Min Correction Subset: [2, 10, 30]
Iter 90: 
Min Hitting Set: [5, 10, 13, 17, 19, 21, 22, 25, 26, 28, 31, 32, 33, 34, 36, 38, 40, 41, 42, 44, 45, 46, 47, 49, 50, 51, 78, 118, 119]
Min Correction Subset: [2, 24, 48]
Iter 91: 
Min Hitting Set: [2, 5, 8, 10, 13, 17, 19, 21, 22, 25, 26, 28, 31, 32, 33, 34, 36, 38, 40, 42, 44, 45, 46, 49, 50, 51, 78, 118, 119]
Min Correction Subset: [20, 24, 47]
Iter 92: 
Min Hitting Set: [2, 5, 10, 13, 17, 19, 21, 22, 24, 25, 26, 27, 28, 29, 31, 32, 33, 34, 36, 38, 40, 42, 44, 45, 46, 50, 78, 118, 119]
Min Correction Subset: [11, 37, 51]
Iter 93: 
Min Hitting Set: [2, 5, 10, 11, 13, 17, 19, 21, 22, 24, 25, 26, 27, 28, 29, 31, 32, 33, 34, 36, 38, 42, 44, 45, 46, 50, 78, 118, 119]
Min Correction Subset: [3, 20, 40]
Iter 94: 
Min Hitting Set: [2, 5, 11, 13, 17, 19, 20, 21, 22, 24, 25, 26, 27, 28, 29, 32, 33, 34, 36, 38, 41, 42, 44, 45, 46, 50, 78, 118, 119]
Min Correction Subset: [10, 18, 31]
Iter 95: 
Min Hitting Set: [2, 5, 10, 11, 13, 17, 19, 20, 21, 22, 24, 25, 26, 27, 28, 29, 32, 33, 34, 36, 38, 42, 44, 45, 46, 48, 78, 118, 119]
Min Correction Subset: [3, 18, 40]
Iter 96: 
Min Hitting Set: [5, 10, 13, 17, 19, 20, 21, 22, 24, 25, 26, 27, 28, 29, 32, 33, 34, 36, 37, 38, 40, 42, 44, 45, 46, 48, 78, 118, 119]
Min Correction Subset: [2, 31]
Iter 97: 
Min Hitting Set: [2, 5, 10, 13, 17, 19, 21, 22, 25, 26, 28, 31, 32, 33, 34, 36, 37, 38, 40, 42, 44, 45, 46, 47, 49, 50, 78, 118, 119]
Min Correction Subset: [4, 24, 30]
Iter 98: 
Min Hitting Set: [2, 5, 11, 13, 17, 18, 19, 20, 21, 22, 24, 25, 26, 27, 28, 29, 32, 33, 34, 36, 38, 41, 42, 45, 46, 50, 78, 118, 119]
Min Correction Subset: [31, 44]
Iter 99: 
Min Hitting Set: [2, 3, 5, 11, 13, 17, 19, 21, 22, 24, 25, 26, 28, 29, 31, 32, 34, 36, 38, 41, 42, 44, 45, 46, 49, 50, 78, 118, 119]
Min Correction Subset: [18, 33]
Iter 100: 
Min Hitting Set: [3, 5, 13, 17, 18, 19, 20, 21, 22, 25, 26, 28, 30, 31, 32, 34, 36, 37, 38, 40, 41, 42, 45, 46, 47, 48, 49, 118, 119]
Min Correction Subset: [2, 33]
Iter 101: 
Min Hitting Set: [2, 3, 4, 5, 13, 17, 18, 19, 20, 21, 22, 25, 26, 31, 32, 34, 36, 37, 38, 40, 41, 42, 45, 46, 47, 48, 49, 118, 119]
Min Correction Subset: [28, 50]
Iter 102: 
Min Hitting Set: [5, 13, 17, 18, 19, 20, 21, 22, 25, 26, 28, 30, 31, 32, 33, 34, 36, 37, 38, 40, 41, 42, 45, 46, 47, 48, 49, 118, 119]
Min Correction Subset: [2, 50]
Iter 103: 
Min Hitting Set: [5, 13, 17, 19, 21, 22, 25, 26, 28, 30, 31, 32, 33, 34, 36, 37, 38, 40, 41, 42, 44, 45, 46, 47, 48, 49, 50, 78, 118, 119]
Min Correction Subset: [2, 4, 10]
Iter 104: 
Min Hitting Set: [5, 10, 13, 17, 19, 21, 22, 24, 25, 26, 28, 29, 31, 32, 33, 34, 36, 37, 38, 40, 42, 44, 45, 46, 47, 49, 50, 78, 118, 119]
Min Correction Subset: [2, 20, 41]
Iter 105: 
Min Hitting Set: [5, 10, 13, 17, 19, 20, 21, 22, 24, 25, 26, 28, 29, 31, 32, 33, 34, 36, 37, 38, 40, 42, 44, 45, 46, 49, 50, 78, 118, 119]
Min Correction Subset: [2, 27, 47]
Iter 106: 
Min Hitting Set: [5, 10, 13, 17, 19, 20, 21, 24, 25, 26, 28, 29, 31, 32, 33, 34, 36, 37, 38, 40, 42, 44, 45, 46, 47, 49, 50, 78, 118, 119]
Min Correction Subset: [2, 22, 41]
Iter 107: 
Min Hitting Set: [2, 5, 10, 13, 17, 18, 19, 21, 22, 25, 26, 28, 30, 31, 32, 33, 34, 36, 37, 38, 40, 42, 44, 45, 46, 47, 49, 50, 118, 119]
Min Correction Subset: [4, 7, 78]
Iter 108: 
Min Hitting Set: [5, 10, 13, 17, 19, 21, 22, 24, 25, 26, 28, 31, 32, 33, 34, 36, 37, 38, 40, 41, 42, 44, 45, 46, 47, 49, 50, 78, 118, 119]
Min Correction Subset: [2, 29, 48]
Iter 109: 
Min Hitting Set: [2, 3, 5, 10, 11, 13, 17, 19, 21, 22, 24, 25, 26, 27, 28, 29, 32, 33, 34, 36, 38, 41, 42, 44, 45, 46, 50, 78, 118, 119]
Min Correction Subset: [8, 20, 40]
Iter 110: 
Min Hitting Set: [2, 5, 7, 10, 11, 13, 17, 21, 22, 24, 25, 26, 27, 28, 29, 32, 33, 34, 36, 38, 40, 41, 42, 44, 45, 46, 50, 78, 118, 119]
Min Correction Subset: [18, 19]
Iter 111: 
Min Hitting Set: [2, 5, 10, 13, 17, 19, 21, 22, 24, 25, 26, 28, 29, 31, 32, 33, 34, 36, 37, 38, 40, 42, 44, 45, 46, 49, 50, 78, 118, 119]
Min Correction Subset: [20, 41, 47]
Iter 112: 
Min Hitting Set: [2, 4, 5, 10, 13, 17, 19, 21, 22, 25, 26, 28, 31, 32, 33, 34, 36, 37, 38, 40, 42, 44, 45, 46, 47, 49, 50, 78, 118, 119]
Min Correction Subset: [9, 20, 41, 69]
Iter 113: 
Min Hitting Set: [2, 4, 9, 10, 13, 17, 19, 21, 22, 25, 26, 28, 31, 32, 33, 34, 36, 37, 38, 40, 42, 44, 45, 46, 47, 49, 50, 78, 118, 119]
Min Correction Subset: [3, 5, 41]
Iter 114: 
Min Hitting Set: [5, 10, 13, 17, 19, 20, 21, 22, 24, 25, 26, 27, 28, 29, 31, 32, 33, 34, 36, 37, 38, 40, 42, 44, 45, 46, 50, 78, 118, 119]
Min Correction Subset: [2, 49]
Iter 115: 
Min Hitting Set: [2, 4, 5, 7, 11, 13, 17, 18, 20, 21, 22, 24, 25, 26, 27, 28, 29, 31, 32, 33, 34, 36, 38, 41, 42, 45, 46, 50, 118, 119]
Min Correction Subset: [10, 19]
Iter 116: 
Min Hitting Set: [2, 5, 7, 10, 11, 13, 17, 18, 20, 21, 22, 24, 25, 26, 27, 28, 29, 32, 33, 34, 36, 38, 42, 44, 45, 46, 50, 78, 118, 119]
Min Correction Subset: [14, 19]
Iter 117: 
Min Hitting Set: [2, 4, 5, 11, 13, 17, 18, 19, 20, 21, 22, 24, 25, 26, 27, 28, 29, 31, 32, 33, 34, 36, 38, 41, 42, 45, 46, 50, 118, 119]
Min Correction Subset: [44, 49]
Iter 118: 
Min Hitting Set: [2, 9, 11, 13, 17, 18, 19, 20, 21, 22, 24, 25, 26, 28, 29, 31, 32, 33, 34, 36, 38, 41, 42, 45, 46, 48, 49, 78, 118, 119]
Min Correction Subset: [5, 10]
Iter 119: 
Min Hitting Set: [2, 5, 11, 13, 17, 18, 19, 20, 21, 22, 24, 25, 26, 27, 28, 29, 32, 33, 34, 36, 38, 41, 42, 44, 45, 46, 50, 78, 118, 119]
Min Correction Subset: [10, 47, 80]
Iter 120: 
Min Hitting Set: [2, 4, 5, 13, 17, 19, 21, 22, 25, 26, 28, 31, 32, 33, 34, 36, 38, 40, 41, 42, 44, 45, 46, 47, 49, 50, 51, 78, 118, 119]
Min Correction Subset: [8, 10, 20, 29]
Iter 121: 
Min Hitting Set: [2, 4, 5, 13, 17, 19, 21, 22, 25, 26, 28, 29, 31, 32, 33, 34, 36, 38, 40, 41, 42, 44, 45, 46, 47, 49, 50, 51, 118, 119]
Min Correction Subset: [3, 10, 20, 24]
Iter 122: 
Min Hitting Set: [4, 5, 10, 13, 17, 19, 20, 21, 22, 24, 25, 26, 27, 28, 29, 31, 32, 33, 34, 38, 40, 42, 44, 45, 46, 49, 50, 51, 118, 119]
Min Correction Subset: [2, 36]
Iter 123: 
Min Hitting Set: [2, 5, 10, 13, 17, 19, 20, 21, 24, 25, 26, 27, 28, 32, 33, 34, 36, 38, 40, 42, 44, 45, 46, 47, 49, 50, 51, 78, 118, 119]
Min Correction Subset: [22, 31]
Iter 124: 
Min Hitting Set: [2, 5, 10, 13, 17, 19, 20, 21, 22, 24, 25, 26, 27, 28, 29, 32, 33, 34, 36, 38, 40, 42, 44, 45, 46, 50, 51, 78, 118, 119]
Min Correction Subset: [31, 41, 79]
Iter 125: 
Min Hitting Set: [2, 9, 10, 11, 13, 17, 19, 21, 22, 24, 25, 26, 27, 28, 29, 32, 33, 34, 36, 38, 40, 41, 42, 44, 45, 46, 50, 78, 118, 119]
Min Correction Subset: [5, 49]
Iter 126: 
Min Hitting Set: [2, 5, 10, 13, 17, 19, 20, 21, 25, 26, 28, 30, 31, 32, 33, 34, 36, 37, 38, 40, 42, 44, 45, 46, 47, 49, 50, 78, 118, 119]
Min Correction Subset: [3, 22, 29]
Iter 127: 
Min Hitting Set: [2, 4, 5, 13, 17, 18, 19, 20, 21, 22, 25, 26, 28, 31, 32, 33, 34, 36, 37, 38, 40, 41, 42, 45, 46, 47, 49, 50, 118, 119]
Min Correction Subset: [3, 44, 79]
Instance: paths-52-200-610000
----------------------------
Query: 7
Query element:43
Query scope: 14
Query scope: 159
----------------------------
IIS optimality: suboptimal
IIS solution time: 36093.993
IIS Constraint: 2; goods; {good:2}
IIS Constraint: 4; goods; {good:4}
IIS Constraint: 5; goods; {good:5}
IIS Constraint: 13; goods; {good:13}
IIS Constraint: 17; goods; {good:17}
IIS Constraint: 18; goods; {good:18}
IIS Constraint: 19; goods; {good:19}
IIS Constraint: 20; goods; {good:20}
IIS Constraint: 21; goods; {good:21}
IIS Constraint: 22; goods; {good:22}
IIS Constraint: 25; goods; {good:25}
IIS Constraint: 26; goods; {good:26}
IIS Constraint: 28; goods; {good:28}
IIS Constraint: 31; goods; {good:31}
IIS Constraint: 32; goods; {good:32}
IIS Constraint: 33; goods; {good:33}
IIS Constraint: 34; goods; {good:34}
IIS Constraint: 36; goods; {good:36}
IIS Constraint: 37; goods; {good:37}
IIS Constraint: 38; goods; {good:38}
IIS Constraint: 40; goods; {good:40}
IIS Constraint: 41; goods; {good:41}
IIS Constraint: 42; goods; {good:42}
IIS Constraint: 45; goods; {good:45}
IIS Constraint: 46; goods; {good:46}
IIS Constraint: 47; goods; {good:47}
IIS Constraint: 49; goods; {good:49}
IIS Constraint: 50; goods; {good:50}
IIS Constraint: 118; query; {good:43,query:7}
IIS Constraint: 119; max; {f:19.426334,objective:max}
