IIS generation
Iter 1: 
Min Hitting Set: []
Min Correction Subset: [89]
Iter 2: 
Min Hitting Set: [89]
Min Correction Subset: [31]
Iter 3: 
Min Hitting Set: [31, 89]
Min Correction Subset: [39]
Iter 4: 
Min Hitting Set: [31, 39, 89]
Min Correction Subset: [21]
Iter 5: 
Min Hitting Set: [21, 31, 39, 89]
Min Correction Subset: [12]
Iter 6: 
Min Hitting Set: [12, 21, 31, 39, 89]
Min Correction Subset: [44]
Iter 7: 
Min Hitting Set: [12, 21, 31, 39, 44, 89]
Min Correction Subset: [88]
Iter 8: 
Min Hitting Set: [12, 21, 31, 39, 44, 88, 89]
Min Correction Subset: [6]
Iter 9: 
Min Hitting Set: [6, 12, 21, 31, 39, 44, 88, 89]
Min Correction Subset: [43]
Iter 10: 
Min Hitting Set: [6, 12, 21, 31, 39, 43, 44, 88, 89]
Min Correction Subset: [9]
Iter 11: 
Min Hitting Set: [6, 9, 12, 21, 31, 39, 43, 44, 88, 89]
Min Correction Subset: [38]
Iter 12: 
Min Hitting Set: [6, 9, 12, 21, 31, 38, 39, 43, 44, 88, 89]
Min Correction Subset: [15]
Iter 13: 
Min Hitting Set: [6, 9, 12, 15, 21, 31, 38, 39, 43, 44, 88, 89]
Min Correction Subset: [5]
Iter 14: 
Min Hitting Set: [5, 6, 9, 12, 15, 21, 31, 38, 39, 43, 44, 88, 89]
Min Correction Subset: [46, 47]
Iter 15: 
Min Hitting Set: [5, 6, 9, 12, 15, 21, 31, 38, 39, 43, 44, 46, 88, 89]
Min Correction Subset: [10, 25]
Iter 16: 
Min Hitting Set: [5, 6, 9, 10, 12, 15, 21, 31, 38, 39, 43, 44, 46, 88, 89]
Min Correction Subset: [18, 25]
Iter 17: 
Min Hitting Set: [5, 6, 9, 12, 15, 21, 25, 31, 38, 39, 43, 44, 46, 88, 89]
Min Correction Subset: [17, 18]
Iter 18: 
Min Hitting Set: [5, 6, 9, 12, 15, 18, 21, 25, 31, 38, 39, 43, 44, 46, 88, 89]
Min Correction Subset: [4, 34]
Iter 19: 
Min Hitting Set: [4, 5, 6, 9, 12, 15, 18, 21, 25, 31, 38, 39, 43, 44, 46, 88, 89]
Min Correction Subset: [19, 34]
Iter 20: 
Min Hitting Set: [5, 6, 9, 12, 15, 18, 21, 25, 31, 34, 38, 39, 43, 44, 46, 88, 89]
Min Correction Subset: [11, 16]
Iter 21: 
Min Hitting Set: [5, 6, 9, 11, 12, 15, 18, 21, 25, 31, 34, 38, 39, 43, 44, 46, 88, 89]
Min Correction Subset: [30, 37]
Iter 22: 
Min Hitting Set: [5, 6, 9, 11, 12, 15, 18, 21, 25, 30, 31, 34, 38, 39, 43, 44, 46, 88, 89]
Min Correction Subset: [2, 8]
Iter 23: 
Min Hitting Set: [2, 5, 6, 9, 11, 12, 15, 18, 21, 25, 30, 31, 34, 38, 39, 43, 44, 46, 88, 89]
Min Correction Subset: [32, 33]
Iter 24: 
Min Hitting Set: [2, 5, 6, 9, 11, 12, 15, 18, 21, 25, 30, 31, 32, 34, 38, 39, 43, 44, 46, 88, 89]
Min Correction Subset: [1, 8]
Iter 25: 
Min Hitting Set: [5, 6, 8, 9, 11, 12, 15, 18, 21, 25, 30, 31, 32, 34, 38, 39, 43, 44, 46, 88, 89]
Min Correction Subset: [1, 33]
Iter 26: 
Min Hitting Set: [5, 6, 8, 9, 11, 12, 15, 18, 21, 25, 30, 31, 33, 34, 38, 39, 43, 44, 46, 88, 89]
Min Correction Subset: [0, 22]
Iter 27: 
Min Hitting Set: [0, 5, 6, 8, 9, 11, 12, 15, 18, 21, 25, 30, 31, 33, 34, 38, 39, 43, 44, 46, 88, 89]
Min Correction Subset: [10, 63]
Iter 28: 
Min Hitting Set: [0, 5, 6, 8, 9, 10, 11, 12, 15, 18, 21, 30, 31, 33, 34, 38, 39, 43, 44, 46, 88, 89]
Min Correction Subset: [4, 25]
Iter 29: 
Min Hitting Set: [0, 4, 5, 6, 8, 9, 10, 11, 12, 15, 18, 21, 30, 31, 33, 34, 38, 39, 43, 44, 46, 88, 89]
Min Correction Subset: [19, 26]
Iter 30: 
Min Hitting Set: [0, 4, 5, 6, 8, 9, 10, 11, 12, 15, 18, 19, 21, 30, 31, 33, 38, 39, 43, 44, 46, 88, 89]
Min Correction Subset: [32, 34]
Iter 31: 
Min Hitting Set: [0, 4, 5, 6, 8, 9, 10, 11, 12, 15, 18, 19, 21, 30, 31, 32, 33, 38, 39, 43, 44, 46, 88, 89]
Min Correction Subset: [34, 41]
Iter 32: 
Min Hitting Set: [0, 4, 5, 6, 8, 9, 10, 11, 12, 15, 18, 19, 21, 30, 31, 33, 34, 38, 39, 43, 44, 46, 88, 89]
Min Correction Subset: [22, 29, 36]
Iter 33: 
Min Hitting Set: [4, 5, 6, 8, 9, 10, 11, 12, 15, 18, 19, 21, 22, 30, 31, 33, 34, 38, 39, 43, 44, 46, 88, 89]
Min Correction Subset: [0, 1, 7]
Iter 34: 
Min Hitting Set: [1, 4, 5, 6, 8, 9, 10, 11, 12, 15, 18, 19, 21, 22, 30, 31, 32, 34, 38, 39, 43, 44, 46, 88, 89]
Min Correction Subset: [17, 25, 41]
Iter 35: 
Min Hitting Set: [1, 5, 6, 8, 9, 10, 11, 12, 15, 18, 19, 21, 22, 25, 30, 31, 32, 34, 38, 39, 43, 44, 46, 88, 89]
Min Correction Subset: [0, 40, 41]
Iter 36: 
Min Hitting Set: [0, 5, 6, 8, 9, 10, 11, 12, 15, 18, 19, 21, 22, 25, 30, 31, 33, 34, 38, 39, 43, 44, 46, 88, 89]
Min Correction Subset: [3, 4, 27]
Iter 37: 
Min Hitting Set: [1, 4, 5, 6, 8, 9, 10, 11, 12, 15, 18, 19, 21, 22, 30, 31, 32, 38, 39, 41, 43, 44, 46, 88, 89]
Min Correction Subset: [17, 34]
Iter 38: 
Min Hitting Set: [0, 4, 5, 6, 8, 9, 10, 11, 12, 15, 18, 19, 21, 22, 25, 30, 31, 33, 34, 38, 39, 43, 44, 46, 88, 89]
Min Correction Subset: [2, 17, 41]
Iter 39: 
Min Hitting Set: [0, 4, 5, 6, 8, 9, 10, 11, 12, 15, 18, 19, 21, 22, 30, 31, 33, 34, 38, 39, 41, 43, 44, 46, 88, 89]
Min Correction Subset: [2, 17, 25]
Iter 40: 
Min Hitting Set: [1, 2, 4, 5, 6, 9, 10, 11, 12, 15, 18, 19, 21, 22, 30, 31, 33, 34, 38, 39, 41, 43, 44, 46, 88, 89]
Min Correction Subset: [7, 8]
Iter 41: 
Min Hitting Set: [0, 4, 5, 6, 8, 9, 10, 11, 12, 15, 17, 18, 19, 21, 22, 30, 31, 33, 34, 38, 39, 43, 44, 46, 88, 89]
Min Correction Subset: [7, 25, 32]
Iter 42: 
Min Hitting Set: [0, 4, 5, 6, 8, 9, 10, 11, 12, 15, 17, 19, 21, 22, 25, 30, 31, 33, 34, 38, 39, 43, 44, 46, 88, 89]
Min Correction Subset: [16, 41, 76]
Iter 43: 
Min Hitting Set: [0, 4, 5, 6, 8, 9, 10, 12, 15, 16, 17, 19, 21, 22, 25, 30, 31, 33, 34, 38, 39, 43, 44, 46, 88, 89]
Min Correction Subset: [11, 18]
Iter 44: 
Min Hitting Set: [1, 4, 5, 6, 8, 9, 10, 11, 12, 15, 17, 19, 21, 22, 25, 30, 31, 32, 38, 39, 41, 43, 44, 46, 88, 89]
Min Correction Subset: [27, 33, 34]
Iter 45: 
Min Hitting Set: [1, 4, 5, 6, 8, 9, 10, 12, 15, 16, 18, 19, 21, 22, 25, 30, 31, 33, 34, 38, 39, 41, 43, 44, 46, 88, 89]
Min Correction Subset: [0, 11]
Iter 46: 
Min Hitting Set: [1, 4, 5, 6, 8, 9, 10, 11, 12, 15, 18, 19, 21, 22, 25, 30, 31, 33, 34, 38, 39, 41, 43, 44, 46, 88, 89]
Min Correction Subset: [27, 32, 45]
Iter 47: 
Min Hitting Set: [1, 5, 6, 8, 9, 10, 11, 12, 15, 18, 19, 21, 22, 25, 27, 30, 31, 33, 34, 38, 39, 41, 43, 44, 46, 88, 89]
Min Correction Subset: [0, 16, 32]
Iter 48: 
Min Hitting Set: [1, 5, 6, 8, 9, 10, 11, 12, 15, 18, 19, 21, 22, 25, 27, 30, 31, 32, 34, 38, 39, 41, 43, 44, 46, 88, 89]
Min Correction Subset: [0, 2, 17]
Iter 49: 
Min Hitting Set: [1, 5, 6, 8, 9, 10, 11, 12, 15, 17, 19, 21, 22, 25, 27, 30, 31, 32, 34, 38, 39, 41, 43, 44, 46, 88, 89]
Min Correction Subset: [18, 26, 33]
Iter 50: 
Min Hitting Set: [4, 5, 6, 7, 8, 9, 10, 11, 12, 15, 17, 19, 21, 22, 25, 30, 31, 32, 33, 38, 39, 41, 43, 44, 46, 88, 89]
Min Correction Subset: [1, 34]
Iter 51: 
Min Hitting Set: [1, 4, 5, 6, 8, 9, 10, 11, 12, 15, 17, 18, 19, 21, 22, 27, 30, 31, 32, 38, 39, 41, 43, 44, 46, 88, 89]
Min Correction Subset: [13, 20, 25]
Iter 52: 
Min Hitting Set: [1, 5, 6, 8, 9, 10, 11, 12, 15, 17, 21, 22, 25, 26, 27, 30, 31, 32, 34, 38, 39, 41, 43, 44, 46, 88, 89]
Min Correction Subset: [18, 19]
Iter 53: 
Min Hitting Set: [0, 5, 6, 8, 9, 10, 12, 15, 16, 17, 18, 21, 22, 25, 26, 27, 30, 31, 33, 34, 38, 39, 43, 44, 46, 88, 89]
Min Correction Subset: [4, 11]
Iter 54: 
Min Hitting Set: [1, 4, 5, 6, 8, 9, 10, 11, 12, 15, 17, 19, 21, 22, 25, 30, 31, 32, 33, 38, 39, 41, 43, 44, 46, 88, 89]
Min Correction Subset: [26, 27, 45]
Iter 55: 
Min Hitting Set: [0, 5, 6, 8, 9, 10, 11, 12, 15, 16, 17, 19, 21, 22, 25, 27, 30, 31, 33, 34, 38, 39, 43, 44, 46, 88, 89]
Min Correction Subset: [4, 26, 45]
Iter 56: 
Min Hitting Set: [0, 5, 6, 8, 9, 10, 11, 12, 15, 18, 21, 22, 25, 26, 27, 30, 31, 33, 34, 38, 39, 41, 43, 44, 46, 88, 89]
Min Correction Subset: [13, 19, 20]
Iter 57: 
Min Hitting Set: [1, 5, 6, 8, 9, 10, 11, 12, 15, 17, 19, 21, 22, 25, 26, 27, 30, 31, 32, 34, 38, 39, 41, 43, 44, 46, 88, 89]
Min Correction Subset: [2, 4, 45]
Iter 58: 
Min Hitting Set: [1, 4, 5, 6, 8, 9, 10, 11, 12, 15, 17, 19, 21, 22, 25, 30, 31, 32, 33, 38, 39, 41, 43, 44, 45, 46, 88, 89]
Min Correction Subset: [0, 16, 34]
Iter 59: 
Min Hitting Set: [0, 4, 5, 6, 8, 9, 10, 12, 15, 16, 18, 19, 21, 22, 25, 27, 30, 31, 33, 34, 38, 39, 41, 43, 44, 46, 88, 89]
Min Correction Subset: [11, 32]
Iter 60: 
Min Hitting Set: [0, 4, 5, 6, 8, 9, 10, 11, 12, 15, 16, 17, 19, 21, 22, 25, 30, 31, 33, 34, 38, 39, 43, 44, 45, 46, 88, 89]
Min Correction Subset: [23, 27, 36]
Iter 61: 
Min Hitting Set: [0, 4, 5, 6, 8, 9, 10, 11, 12, 15, 16, 17, 19, 21, 25, 30, 31, 33, 34, 36, 38, 39, 43, 44, 45, 46, 88, 89]
Min Correction Subset: [1, 2, 22]
Iter 62: 
Min Hitting Set: [0, 4, 5, 6, 8, 9, 10, 11, 12, 15, 16, 17, 19, 21, 22, 25, 27, 30, 31, 33, 34, 38, 39, 43, 44, 46, 88, 89]
Min Correction Subset: [26, 41, 45]
Iter 63: 
Min Hitting Set: [0, 4, 5, 6, 8, 9, 10, 11, 12, 15, 18, 19, 21, 22, 25, 27, 30, 31, 33, 34, 38, 39, 41, 43, 44, 46, 88, 89]
Min Correction Subset: [17, 29, 36]
Iter 64: 
Min Hitting Set: [0, 5, 6, 8, 9, 10, 11, 12, 15, 16, 17, 19, 21, 22, 25, 27, 30, 31, 33, 34, 38, 39, 43, 44, 45, 46, 88, 89]
Min Correction Subset: [4, 41, 76]
Iter 65: 
Min Hitting Set: [0, 4, 5, 6, 8, 9, 10, 11, 12, 15, 17, 19, 21, 22, 25, 27, 30, 31, 33, 34, 38, 39, 41, 43, 44, 46, 88, 89]
Min Correction Subset: [1, 36, 42]
Iter 66: 
Min Hitting Set: [0, 1, 4, 5, 6, 8, 9, 10, 12, 13, 15, 16, 17, 18, 21, 26, 30, 31, 32, 34, 36, 38, 39, 43, 44, 46, 88, 89]
Min Correction Subset: [11, 22]
Iter 67: 
Min Hitting Set: [0, 4, 5, 6, 8, 9, 10, 11, 12, 15, 16, 17, 19, 21, 22, 25, 30, 31, 33, 34, 36, 38, 39, 43, 44, 45, 46, 88, 89]
Min Correction Subset: [1, 35, 42]
Iter 68: 
Min Hitting Set: [1, 4, 5, 6, 8, 9, 10, 11, 12, 15, 17, 19, 21, 22, 25, 27, 30, 31, 32, 33, 34, 38, 39, 41, 43, 44, 46, 88, 89]
Min Correction Subset: [28, 29, 36, 45]
Iter 69: 
Min Hitting Set: [1, 5, 6, 8, 9, 10, 11, 12, 15, 17, 19, 21, 22, 25, 27, 30, 31, 32, 33, 34, 38, 39, 41, 43, 44, 45, 46, 88, 89]
Min Correction Subset: [23, 26, 29, 36]
Iter 70: 
Min Hitting Set: [0, 1, 4, 5, 6, 8, 9, 10, 11, 12, 15, 17, 19, 21, 25, 26, 30, 31, 32, 33, 36, 38, 39, 41, 43, 44, 46, 88, 89]
Min Correction Subset: [22, 34]
Iter 71: 
Min Hitting Set: [0, 1, 5, 6, 8, 9, 10, 11, 12, 15, 17, 19, 21, 25, 27, 30, 31, 33, 34, 36, 38, 39, 41, 43, 44, 45, 46, 88, 89]
Min Correction Subset: [2, 4, 22]
Iter 72: 
Min Hitting Set: [1, 2, 4, 5, 6, 8, 9, 10, 11, 12, 13, 15, 18, 21, 22, 26, 30, 31, 32, 34, 36, 38, 39, 41, 43, 44, 46, 88, 89]
Min Correction Subset: [3, 19, 27]
Iter 73: 
Min Hitting Set: [0, 1, 4, 5, 6, 8, 9, 10, 11, 12, 15, 18, 19, 21, 25, 27, 30, 31, 32, 34, 36, 38, 39, 41, 43, 44, 46, 88, 89]
Min Correction Subset: [13, 20, 22, 79]
Iter 74: 
Min Hitting Set: [1, 4, 5, 6, 8, 9, 10, 11, 12, 15, 17, 19, 21, 22, 25, 26, 30, 31, 32, 34, 36, 38, 39, 41, 43, 44, 46, 88, 89]
Min Correction Subset: [2, 16, 18, 33]
Iter 75: 
Min Hitting Set: [1, 5, 6, 8, 9, 10, 11, 12, 15, 17, 19, 21, 22, 25, 27, 30, 31, 32, 33, 34, 36, 38, 39, 41, 43, 44, 45, 46, 88, 89]
Min Correction Subset: [0, 7, 14, 26, 68]
Iter 76: 
Min Hitting Set: [1, 5, 6, 8, 9, 10, 11, 12, 15, 17, 19, 21, 22, 25, 26, 27, 30, 31, 32, 33, 34, 38, 39, 41, 43, 44, 45, 46, 88, 89]
Min Correction Subset: [16, 23, 29, 36, 40]
Iter 77: 
Min Hitting Set: [0, 1, 4, 5, 6, 8, 9, 10, 11, 12, 15, 17, 19, 21, 22, 25, 30, 31, 32, 33, 36, 38, 39, 41, 43, 44, 45, 46, 88, 89]
Min Correction Subset: [20, 27, 34, 35, 42]
Iter 78: 
Min Hitting Set: [0, 1, 4, 5, 6, 8, 9, 10, 11, 12, 15, 17, 19, 21, 22, 25, 27, 30, 31, 32, 33, 36, 38, 39, 41, 43, 44, 46, 88, 89]
Min Correction Subset: [7, 28, 29, 45]
Iter 79: 
Min Hitting Set: [1, 4, 5, 6, 8, 9, 10, 11, 12, 15, 17, 18, 20, 21, 22, 26, 27, 29, 30, 31, 32, 34, 38, 39, 41, 43, 44, 46, 88, 89]
Min Correction Subset: [0, 3, 19]
Iter 80: 
Min Hitting Set: [0, 1, 2, 4, 5, 6, 7, 9, 10, 12, 15, 16, 18, 19, 21, 22, 25, 30, 31, 32, 34, 36, 38, 39, 43, 44, 45, 46, 88, 89]
Min Correction Subset: [8, 11]
Iter 81: 
Min Hitting Set: [0, 1, 2, 4, 5, 6, 7, 9, 10, 11, 12, 15, 18, 19, 20, 21, 30, 31, 32, 34, 36, 38, 39, 41, 43, 44, 45, 46, 88, 89]
Min Correction Subset: [8, 22]
Iter 82: 
Min Hitting Set: [0, 1, 5, 6, 8, 9, 10, 11, 12, 15, 17, 19, 21, 22, 25, 27, 29, 30, 31, 33, 34, 38, 39, 41, 43, 44, 45, 46, 88, 89]
Min Correction Subset: [16, 23, 32, 36]
Iter 83: 
Min Hitting Set: [1, 2, 4, 5, 6, 7, 9, 10, 11, 12, 15, 18, 19, 20, 21, 22, 27, 29, 30, 31, 32, 34, 38, 39, 41, 43, 44, 46, 88, 89]
Min Correction Subset: [0, 17, 25]
Iter 84: 
Min Hitting Set: [0, 1, 4, 5, 6, 8, 9, 10, 11, 12, 15, 16, 17, 19, 21, 22, 25, 30, 31, 33, 34, 36, 38, 39, 43, 44, 45, 46, 88, 89]
Min Correction Subset: [26, 32, 35, 42]
Iter 85: 
Min Hitting Set: [1, 2, 5, 6, 7, 9, 10, 11, 12, 15, 18, 19, 21, 22, 25, 27, 29, 30, 31, 32, 34, 38, 39, 41, 43, 44, 45, 46, 88, 89]
Min Correction Subset: [8, 36, 42]
Iter 86: 
Min Hitting Set: [0, 1, 2, 4, 5, 6, 8, 9, 10, 11, 12, 15, 18, 20, 21, 26, 27, 29, 30, 31, 32, 34, 38, 39, 41, 43, 44, 46, 88, 89]
Min Correction Subset: [19, 36, 42]
Iter 87: 
Min Hitting Set: [0, 1, 5, 6, 8, 9, 10, 11, 12, 15, 18, 19, 21, 22, 25, 27, 30, 31, 32, 34, 36, 38, 39, 41, 43, 44, 45, 46, 88, 89]
Min Correction Subset: [3, 4, 17, 63]
Iter 88: 
Min Hitting Set: [0, 1, 4, 5, 6, 8, 9, 10, 11, 12, 15, 18, 19, 21, 22, 25, 27, 29, 30, 31, 32, 34, 38, 39, 41, 43, 44, 46, 88, 89]
Min Correction Subset: [16, 23, 26, 45]
Iter 89: 
Min Hitting Set: [1, 4, 5, 6, 8, 9, 10, 11, 12, 15, 16, 17, 19, 21, 22, 25, 26, 27, 29, 30, 31, 32, 38, 39, 41, 43, 44, 46, 88, 89]
Min Correction Subset: [0, 7, 45, 67]
Iter 90: 
Min Hitting Set: [1, 4, 5, 6, 8, 9, 10, 11, 12, 15, 16, 17, 19, 21, 22, 25, 26, 27, 30, 31, 32, 38, 39, 41, 43, 44, 45, 46, 88, 89]
Min Correction Subset: [0, 7, 14, 34]
Iter 91: 
Min Hitting Set: [0, 1, 4, 5, 6, 8, 9, 10, 11, 12, 15, 18, 19, 21, 22, 25, 30, 31, 32, 34, 36, 38, 39, 41, 43, 44, 45, 46, 88, 89]
Min Correction Subset: [16, 28, 29, 33, 35]
Iter 92: 
Min Hitting Set: [0, 4, 5, 6, 8, 9, 10, 11, 12, 15, 16, 17, 19, 21, 22, 25, 30, 31, 33, 34, 35, 36, 38, 39, 43, 44, 45, 46, 88, 89]
Min Correction Subset: [1, 2, 41, 76]
Iter 93: 
Min Hitting Set: [0, 4, 5, 6, 8, 9, 10, 11, 12, 15, 18, 19, 21, 22, 25, 30, 31, 33, 34, 36, 38, 39, 41, 42, 43, 44, 45, 46, 88, 89]
Min Correction Subset: [7, 14, 27, 32, 54]
Iter 94: 
Min Hitting Set: [1, 5, 6, 8, 9, 11, 12, 15, 16, 17, 19, 21, 22, 25, 26, 27, 30, 31, 32, 34, 38, 39, 41, 43, 44, 45, 46, 63, 88, 89]
Min Correction Subset: [10, 18, 23, 42]
Iter 95: 
Min Hitting Set: [0, 5, 6, 8, 9, 10, 11, 12, 15, 17, 19, 21, 22, 25, 27, 30, 31, 33, 34, 35, 36, 38, 39, 41, 43, 44, 45, 46, 88, 89]
Min Correction Subset: [1, 2, 3, 4, 78]
Iter 96: 
Min Hitting Set: [0, 1, 4, 5, 6, 8, 9, 10, 12, 15, 16, 17, 18, 19, 20, 21, 22, 30, 31, 32, 34, 36, 38, 39, 43, 44, 45, 46, 88, 89]
Min Correction Subset: [11, 25]
Iter 97: 
Min Hitting Set: [1, 5, 6, 8, 9, 10, 11, 12, 15, 16, 17, 19, 21, 22, 25, 26, 27, 30, 31, 32, 34, 38, 39, 41, 43, 44, 45, 46, 88, 89]
Min Correction Subset: [0, 28, 29, 33, 36]
Iter 98: 
Min Hitting Set: [0, 1, 4, 5, 6, 8, 9, 10, 12, 15, 16, 18, 19, 21, 22, 25, 30, 31, 32, 34, 36, 38, 39, 41, 43, 44, 45, 46, 88, 89]
Min Correction Subset: [11, 76]
Iter 99: 
Min Hitting Set: [0, 1, 5, 6, 8, 9, 11, 12, 15, 18, 19, 21, 22, 25, 27, 29, 30, 31, 32, 34, 38, 39, 41, 43, 44, 45, 46, 63, 88, 89]
Min Correction Subset: [3, 10, 17]
Iter 100: 
Min Hitting Set: [1, 5, 6, 8, 9, 10, 11, 12, 15, 16, 17, 19, 21, 22, 25, 26, 27, 30, 31, 33, 34, 38, 39, 41, 43, 44, 45, 46, 88, 89]
Min Correction Subset: [23, 28, 29, 36, 40]
Iter 101: 
Min Hitting Set: [0, 1, 4, 5, 6, 8, 9, 10, 11, 12, 15, 16, 17, 18, 19, 20, 21, 30, 31, 32, 34, 36, 38, 39, 43, 44, 45, 46, 88, 89]
Min Correction Subset: [22, 41, 76]
Iter 102: 
Min Hitting Set: [1, 5, 6, 8, 9, 10, 11, 12, 15, 17, 19, 21, 22, 25, 26, 27, 30, 31, 32, 33, 34, 36, 38, 39, 41, 43, 44, 45, 46, 88, 89]
Min Correction Subset: [0, 13, 16, 20, 79]
Iter 103: 
Min Hitting Set: [1, 4, 5, 6, 7, 8, 9, 10, 11, 12, 15, 16, 17, 19, 21, 22, 25, 26, 27, 30, 31, 32, 36, 38, 39, 41, 43, 44, 46, 88, 89]
Min Correction Subset: [23, 28, 29, 45]
Iter 104: 
Min Hitting Set: [1, 4, 5, 6, 7, 8, 9, 10, 11, 12, 15, 16, 17, 19, 21, 22, 25, 26, 27, 29, 30, 31, 32, 38, 39, 41, 43, 44, 46, 88, 89]
Min Correction Subset: [13, 20, 23, 45, 79]
Iter 105: 
Min Hitting Set: [0, 1, 4, 5, 6, 8, 9, 11, 12, 15, 17, 18, 19, 21, 22, 23, 25, 27, 29, 30, 31, 32, 38, 39, 41, 43, 44, 46, 63, 88, 89]
Min Correction Subset: [10, 34]
Iter 106: 
Min Hitting Set: [1, 4, 5, 6, 7, 8, 9, 10, 11, 12, 15, 16, 17, 18, 19, 20, 21, 22, 27, 29, 30, 31, 32, 38, 39, 41, 43, 44, 46, 88, 89]
Min Correction Subset: [0, 23, 26, 45]
Iter 107: 
Min Hitting Set: [3, 5, 6, 7, 8, 9, 10, 11, 12, 15, 16, 17, 19, 21, 22, 25, 30, 31, 33, 34, 36, 38, 39, 41, 42, 43, 44, 45, 46, 88, 89]
Min Correction Subset: [4, 26, 32, 35]
Iter 108: 
Min Hitting Set: [0, 1, 2, 4, 5, 6, 8, 9, 10, 11, 12, 15, 16, 18, 19, 20, 21, 27, 29, 30, 31, 32, 34, 38, 39, 41, 43, 44, 46, 88, 89]
Min Correction Subset: [13, 25, 26, 33]
Iter 109: 
Min Hitting Set: [1, 5, 6, 8, 9, 10, 11, 12, 15, 16, 17, 19, 21, 22, 25, 26, 27, 30, 31, 33, 34, 36, 38, 39, 41, 43, 44, 45, 46, 88, 89]
Min Correction Subset: [4, 7, 14, 32, 54]
Iter 110: 
Min Hitting Set: [0, 1, 4, 5, 6, 8, 9, 10, 11, 12, 13, 15, 17, 18, 19, 21, 22, 27, 29, 30, 31, 32, 38, 39, 41, 43, 44, 45, 46, 88, 89]
Min Correction Subset: [25, 26, 36, 42]
Iter 111: 
Min Hitting Set: [4, 5, 6, 7, 8, 9, 10, 11, 12, 15, 16, 17, 19, 21, 22, 25, 30, 31, 33, 34, 36, 38, 39, 41, 42, 43, 44, 45, 46, 88, 89]
Min Correction Subset: [0, 26, 27, 32, 35]
Iter 112: 
Min Hitting Set: [0, 1, 4, 5, 6, 8, 9, 10, 11, 12, 13, 15, 17, 18, 19, 21, 29, 30, 31, 32, 34, 36, 38, 39, 43, 44, 45, 46, 76, 88, 89]
Min Correction Subset: [2, 25, 26, 41]
Iter 113: 
Min Hitting Set: [0, 1, 4, 5, 6, 8, 9, 10, 11, 12, 13, 15, 17, 18, 19, 21, 30, 31, 32, 34, 35, 36, 38, 39, 41, 43, 44, 45, 46, 88, 89]
Min Correction Subset: [25, 26, 27, 33]
Iter 114: 
Min Hitting Set: [0, 4, 5, 6, 8, 9, 10, 11, 12, 15, 17, 19, 21, 22, 23, 25, 27, 30, 31, 33, 34, 38, 39, 41, 42, 43, 44, 45, 46, 88, 89]
Min Correction Subset: [1, 14, 29, 32, 36]
Iter 115: 
Min Hitting Set: [0, 4, 5, 6, 8, 9, 10, 11, 12, 15, 17, 19, 21, 22, 23, 25, 27, 29, 30, 31, 33, 34, 38, 39, 41, 42, 43, 44, 46, 88, 89]
Min Correction Subset: [13, 20, 26, 45, 79]
Iter 116: 
Min Hitting Set: [0, 1, 2, 4, 5, 6, 8, 9, 10, 11, 12, 13, 15, 18, 21, 26, 27, 29, 30, 31, 32, 34, 38, 39, 41, 42, 43, 44, 46, 88, 89]
Min Correction Subset: [17, 23, 25, 36]
Iter 117: 
Min Hitting Set: [0, 1, 4, 5, 6, 8, 9, 10, 11, 12, 15, 17, 18, 19, 21, 22, 25, 27, 29, 30, 31, 32, 38, 39, 41, 43, 44, 45, 46, 88, 89]
Min Correction Subset: [26, 34, 36, 42, 76]
Iter 118: 
Min Hitting Set: [1, 5, 6, 8, 9, 10, 11, 12, 15, 16, 17, 19, 21, 22, 25, 26, 27, 30, 31, 32, 34, 36, 38, 39, 41, 43, 44, 45, 46, 88, 89]
Min Correction Subset: [0, 2, 7, 18, 67]
Iter 119: 
Min Hitting Set: [4, 5, 6, 7, 8, 9, 10, 11, 12, 15, 16, 17, 19, 21, 22, 25, 30, 31, 33, 34, 35, 36, 38, 39, 41, 43, 44, 45, 46, 88, 89]
Min Correction Subset: [0, 13, 20, 26, 27, 32]
Iter 120: 
Min Hitting Set: [0, 4, 5, 6, 8, 9, 10, 11, 12, 15, 17, 19, 21, 22, 25, 27, 30, 31, 33, 34, 35, 36, 38, 39, 43, 44, 45, 46, 76, 88, 89]
Min Correction Subset: [2, 7, 28, 29, 32]
Iter 121: 
Min Hitting Set: [0, 1, 4, 5, 6, 8, 9, 10, 11, 12, 15, 16, 17, 18, 19, 21, 22, 25, 30, 31, 32, 34, 36, 38, 39, 43, 44, 45, 46, 88, 89]
Min Correction Subset: [13, 20, 41, 76, 79]
Iter 122: 
Min Hitting Set: [0, 1, 4, 5, 6, 8, 9, 10, 11, 12, 15, 17, 18, 19, 20, 21, 30, 31, 32, 33, 34, 36, 38, 39, 41, 43, 44, 45, 46, 88, 89]
Min Correction Subset: [25, 27, 35, 42]
Iter 123: 
Min Hitting Set: [0, 1, 5, 6, 8, 9, 11, 12, 15, 17, 18, 19, 21, 22, 25, 27, 29, 30, 31, 32, 34, 38, 39, 41, 43, 44, 45, 46, 63, 88, 89]
Min Correction Subset: [2, 3, 4, 10]
Iter 124: 
Min Hitting Set: [0, 1, 4, 5, 6, 8, 9, 10, 11, 12, 15, 18, 20, 21, 25, 26, 27, 29, 30, 31, 33, 34, 36, 38, 39, 41, 43, 44, 46, 88, 89]
Min Correction Subset: [2, 19, 32]
Iter 125: 
Min Hitting Set: [0, 1, 4, 5, 6, 8, 9, 10, 11, 12, 15, 18, 20, 21, 25, 26, 27, 29, 30, 31, 32, 34, 38, 39, 41, 42, 43, 44, 46, 88, 89]
Min Correction Subset: [2, 7, 19]
Iter 126: 
Min Hitting Set: [0, 1, 2, 4, 5, 6, 8, 9, 10, 11, 12, 13, 15, 18, 21, 26, 27, 29, 30, 31, 32, 34, 36, 38, 39, 41, 43, 44, 46, 88, 89]
Min Correction Subset: [3, 17, 19, 63]
Iter 127: 
Min Hitting Set: [0, 1, 4, 5, 6, 8, 9, 10, 11, 12, 15, 18, 19, 21, 22, 25, 30, 31, 32, 34, 35, 36, 38, 39, 41, 43, 44, 45, 46, 88, 89]
Min Correction Subset: [13, 20, 26, 27, 28, 29, 33, 76]
Iter 128: 
Min Hitting Set: [0, 1, 3, 5, 6, 8, 9, 10, 11, 12, 15, 18, 19, 21, 22, 23, 25, 29, 30, 31, 32, 34, 38, 39, 41, 43, 44, 45, 46, 88, 89]
Min Correction Subset: [4, 16, 27, 36]
Iter 129: 
Min Hitting Set: [0, 1, 4, 5, 6, 8, 9, 10, 11, 12, 15, 18, 19, 21, 22, 25, 29, 30, 31, 32, 34, 36, 38, 39, 41, 43, 44, 45, 46, 88, 89]
Min Correction Subset: [7, 13, 14, 20, 26, 27, 54, 76]
Iter 130: 
Min Hitting Set: [0, 1, 4, 5, 6, 8, 9, 10, 11, 12, 15, 18, 19, 21, 22, 25, 27, 29, 30, 31, 32, 34, 38, 39, 41, 43, 44, 45, 46, 88, 89]
Min Correction Subset: [16, 17, 23, 36]
Iter 131: 
Min Hitting Set: [0, 1, 4, 5, 6, 8, 9, 10, 12, 15, 16, 18, 19, 21, 22, 25, 30, 31, 32, 34, 36, 38, 39, 41, 43, 44, 45, 46, 76, 88, 89]
Min Correction Subset: [2, 11, 17]
Iter 132: 
Min Hitting Set: [0, 1, 4, 5, 6, 8, 9, 10, 11, 12, 15, 17, 19, 21, 22, 25, 27, 30, 31, 32, 33, 36, 38, 39, 41, 43, 44, 45, 46, 88, 89]
Min Correction Subset: [7, 14, 29, 34, 35, 54]
Iter 133: 
Min Hitting Set: [0, 1, 4, 5, 6, 8, 9, 10, 11, 12, 13, 15, 17, 18, 19, 21, 22, 26, 27, 29, 30, 31, 32, 38, 39, 41, 43, 44, 46, 88, 89]
Min Correction Subset: [16, 23, 25, 36, 76]
Iter 134: 
Min Hitting Set: [0, 4, 5, 6, 7, 8, 9, 10, 11, 12, 15, 17, 19, 21, 22, 25, 30, 31, 33, 34, 35, 36, 38, 39, 43, 44, 45, 46, 76, 88, 89]
Min Correction Subset: [13, 16, 20, 23, 27, 41]
Iter 135: 
Min Hitting Set: [0, 1, 4, 5, 6, 8, 9, 10, 11, 12, 13, 15, 16, 18, 19, 21, 25, 27, 29, 30, 31, 32, 34, 38, 39, 41, 43, 44, 46, 88, 89]
Min Correction Subset: [22, 26, 36, 42]
Iter 136: 
Min Hitting Set: [0, 1, 5, 6, 8, 9, 10, 11, 12, 15, 17, 18, 19, 21, 22, 25, 27, 29, 30, 31, 32, 34, 38, 39, 41, 43, 44, 45, 46, 88, 89]
Min Correction Subset: [2, 4, 26, 36]
Iter 137: 
Min Hitting Set: [0, 2, 4, 5, 6, 8, 9, 10, 11, 12, 15, 18, 19, 20, 21, 30, 31, 32, 33, 34, 36, 38, 39, 41, 42, 43, 44, 45, 46, 88, 89]
Min Correction Subset: [1, 22, 25]
Iter 138: 
Min Hitting Set: [0, 1, 4, 5, 6, 8, 9, 12, 15, 16, 17, 18, 19, 21, 22, 23, 25, 30, 31, 32, 34, 38, 39, 43, 44, 45, 46, 63, 76, 88, 89]
Min Correction Subset: [10, 11]
Iter 139: 
Min Hitting Set: [0, 1, 4, 5, 6, 8, 9, 10, 12, 15, 16, 17, 18, 19, 21, 22, 23, 25, 30, 31, 32, 34, 38, 39, 43, 44, 45, 46, 76, 88, 89]
Min Correction Subset: [2, 11, 20, 41]
Iter 140: 
Min Hitting Set: [0, 1, 4, 5, 6, 8, 9, 10, 11, 12, 15, 18, 19, 20, 21, 25, 30, 31, 32, 34, 35, 36, 38, 39, 41, 43, 44, 45, 46, 88, 89]
Min Correction Subset: [7, 14, 27, 28, 29, 48, 54, 76]
Iter 141: 
Min Hitting Set: [0, 1, 4, 5, 6, 8, 9, 10, 11, 12, 13, 15, 17, 18, 19, 21, 26, 27, 29, 30, 31, 32, 34, 38, 39, 43, 44, 46, 76, 88, 89]
Min Correction Subset: [2, 25, 41, 63]
Optimal IIS
Instance: regions-52-200-280000
----------------------------
Query: 1
Query element:155
Query scope: 155
----------------------------
IIS optimality: suboptimal
IIS solution time: 33719.564
IIS Constraint: 0; goods; {good:0}
IIS Constraint: 1; goods; {good:1}
IIS Constraint: 4; goods; {good:4}
IIS Constraint: 5; goods; {good:5}
IIS Constraint: 6; goods; {good:6}
IIS Constraint: 8; goods; {good:8}
IIS Constraint: 9; goods; {good:9}
IIS Constraint: 10; goods; {good:10}
IIS Constraint: 11; goods; {good:11}
IIS Constraint: 12; goods; {good:12}
IIS Constraint: 13; goods; {good:13}
IIS Constraint: 15; goods; {good:15}
IIS Constraint: 18; goods; {good:18}
IIS Constraint: 19; goods; {good:19}
IIS Constraint: 21; goods; {good:21}
IIS Constraint: 23; goods; {good:23}
IIS Constraint: 25; goods; {good:25}
IIS Constraint: 26; goods; {good:26}
IIS Constraint: 29; goods; {good:29}
IIS Constraint: 30; goods; {good:30}
IIS Constraint: 31; goods; {good:31}
IIS Constraint: 32; goods; {good:32}
IIS Constraint: 34; goods; {good:34}
IIS Constraint: 38; goods; {good:38}
IIS Constraint: 39; goods; {good:39}
IIS Constraint: 41; goods; {good:41}
IIS Constraint: 43; goods; {good:43}
IIS Constraint: 44; goods; {good:44}
IIS Constraint: 46; goods; {good:46}
IIS Constraint: 88; query; {bid:155,query:1}
IIS Constraint: 89; max; {f:3606.1090000000004,objective:max}
