IIS generation
Instance: matching-40-100-940000
----------------------------
Query: 2
Query element:64
Query scope: 64
----------------------------
IIS optimality: suboptimal
IIS solution time: 0.06882
IIS Constraint: 1; goods; {good:1}
IIS Constraint: 5; goods; {good:5}
IIS Constraint: 9; goods; {good:9}
IIS Constraint: 13; goods; {good:13}
IIS Constraint: 17; goods; {good:17}
IIS Constraint: 21; goods; {good:21}
IIS Constraint: 25; goods; {good:25}
IIS Constraint: 29; goods; {good:29}
IIS Constraint: 33; goods; {good:33}
IIS Constraint: 37; goods; {good:37}
IIS Constraint: 40; goods; {good:40}
IIS Constraint: 57; query; {bid:64,query:2}
IIS Constraint: 58; max; {f:100.47449,objective:max}
