IIS generation
Instance: regions-40-100-10000
----------------------------
Query: 3
Query element:55
Query element:61
Query scope: 55
Query scope: 61
----------------------------
IIS optimality: suboptimal
IIS solution time: 0.01353
IIS Constraint: 7; goods; {good:7}
IIS Constraint: 9; goods; {good:9}
IIS Constraint: 13; goods; {good:13}
IIS Constraint: 18; goods; {good:18}
IIS Constraint: 22; goods; {good:22}
IIS Constraint: 23; goods; {good:23}
IIS Constraint: 25; goods; {good:25}
IIS Constraint: 26; goods; {good:26}
IIS Constraint: 60; query; {bid:61,query:3}
IIS Constraint: 61; max; {f:2243.7070000000003,objective:max}
