IIS generation
Instance: paths-40-100-920000
----------------------------
Query: 9
Query element:9
Query element:36
Query scope: 13
Query scope: 48
Query scope: 51
Query scope: 52
Query scope: 53
----------------------------
IIS optimality: suboptimal
IIS solution time: 12.77388
IIS Constraint: 1; goods; {good:1}
IIS Constraint: 3; goods; {good:3}
IIS Constraint: 4; goods; {good:4}
IIS Constraint: 6; goods; {good:6}
IIS Constraint: 8; goods; {good:8}
IIS Constraint: 10; goods; {good:10}
IIS Constraint: 12; goods; {good:12}
IIS Constraint: 14; goods; {good:14}
IIS Constraint: 15; goods; {good:15}
IIS Constraint: 16; goods; {good:16}
IIS Constraint: 18; goods; {good:18}
IIS Constraint: 19; goods; {good:19}
IIS Constraint: 26; goods; {good:26}
IIS Constraint: 28; goods; {good:28}
IIS Constraint: 30; goods; {good:30}
IIS Constraint: 31; goods; {good:31}
IIS Constraint: 34; goods; {good:34}
IIS Constraint: 41; goods; {good:41}
IIS Constraint: 50; goods; {good:50}
IIS Constraint: 57; goods; {good:57}
IIS Constraint: 68; query; {good:9,query:9}
IIS Constraint: 70; max; {f:10.187222,objective:max}
