IIS generation
Instance: matching-40-100-110000
----------------------------
Query: 8
Query element:34
Query scope: 84
----------------------------
IIS optimality: suboptimal
IIS solution time: 1.02704
IIS Constraint: 0; goods; {good:0}
IIS Constraint: 1; goods; {good:1}
IIS Constraint: 5; goods; {good:5}
IIS Constraint: 9; goods; {good:9}
IIS Constraint: 11; goods; {good:11}
IIS Constraint: 13; goods; {good:13}
IIS Constraint: 17; goods; {good:17}
IIS Constraint: 21; goods; {good:21}
IIS Constraint: 25; goods; {good:25}
IIS Constraint: 36; goods; {good:36}
IIS Constraint: 40; goods; {good:40}
IIS Constraint: 42; goods; {good:42}
IIS Constraint: 52; goods; {good:52}
IIS Constraint: 59; goods; {good:59}
IIS Constraint: 60; goods; {good:60}
IIS Constraint: 65; query; {good:34,query:8}
IIS Constraint: 66; max; {f:85.87275,objective:max}
