IIS generation
Instance: arbitrary-40-100-860000
----------------------------
Query: 7
Query element:36
Query scope: 5
Query scope: 6
Query scope: 7
Query scope: 33
Query scope: 36
Query scope: 37
Query scope: 38
Query scope: 45
Query scope: 46
Query scope: 48
Query scope: 49
Query scope: 55
Query scope: 61
Query scope: 65
Query scope: 68
Query scope: 69
Query scope: 75
Query scope: 76
Query scope: 77
Query scope: 78
Query scope: 80
Query scope: 87
Query scope: 89
Query scope: 90
Query scope: 91
----------------------------
IIS optimality: suboptimal
IIS solution time: 1.48831
IIS Constraint: 0; goods; {good:0}
IIS Constraint: 1; goods; {good:1}
IIS Constraint: 2; goods; {good:2}
IIS Constraint: 3; goods; {good:3}
IIS Constraint: 5; goods; {good:5}
IIS Constraint: 7; goods; {good:7}
IIS Constraint: 8; goods; {good:8}
IIS Constraint: 9; goods; {good:9}
IIS Constraint: 10; goods; {good:10}
IIS Constraint: 11; goods; {good:11}
IIS Constraint: 12; goods; {good:12}
IIS Constraint: 13; goods; {good:13}
IIS Constraint: 15; goods; {good:15}
IIS Constraint: 19; goods; {good:19}
IIS Constraint: 20; goods; {good:20}
IIS Constraint: 22; goods; {good:22}
IIS Constraint: 23; goods; {good:23}
IIS Constraint: 24; goods; {good:24}
IIS Constraint: 25; goods; {good:25}
IIS Constraint: 27; goods; {good:27}
IIS Constraint: 28; goods; {good:28}
IIS Constraint: 30; goods; {good:30}
IIS Constraint: 31; goods; {good:31}
IIS Constraint: 37; goods; {good:37}
IIS Constraint: 59; query; {good:36,query:7}
IIS Constraint: 60; max; {f:2123.920000000002,objective:max}
