IIS generation
Instance: paths-40-100-290000
----------------------------
Query: 9
Query element:0
Query element:16
Query scope: 6
Query scope: 10
Query scope: 79
Query scope: 80
Query scope: 81
Query scope: 3
Query scope: 15
Query scope: 60
Query scope: 76
Query scope: 85
Query scope: 90
Query scope: 95
----------------------------
IIS optimality: suboptimal
IIS solution time: 7.19372
IIS Constraint: 1; goods; {good:1}
IIS Constraint: 2; goods; {good:2}
IIS Constraint: 4; goods; {good:4}
IIS Constraint: 7; goods; {good:7}
IIS Constraint: 8; goods; {good:8}
IIS Constraint: 10; goods; {good:10}
IIS Constraint: 11; goods; {good:11}
IIS Constraint: 12; goods; {good:12}
IIS Constraint: 13; goods; {good:13}
IIS Constraint: 14; goods; {good:14}
IIS Constraint: 17; goods; {good:17}
IIS Constraint: 22; goods; {good:22}
IIS Constraint: 26; goods; {good:26}
IIS Constraint: 27; goods; {good:27}
IIS Constraint: 29; goods; {good:29}
IIS Constraint: 30; goods; {good:30}
IIS Constraint: 31; goods; {good:31}
IIS Constraint: 32; goods; {good:32}
IIS Constraint: 37; goods; {good:37}
IIS Constraint: 42; goods; {good:42}
IIS Constraint: 43; goods; {good:43}
IIS Constraint: 44; goods; {good:44}
IIS Constraint: 71; query; {good:0,query:9}
IIS Constraint: 73; max; {f:14.306750000000001,objective:max}
