IIS generation
Instance: matching-40-100-450000
----------------------------
Query: 3
Query element:47
Query element:4
Query scope: 47
Query scope: 4
----------------------------
IIS optimality: suboptimal
IIS solution time: 0.06476
IIS Constraint: 0; goods; {good:0}
IIS Constraint: 1; goods; {good:1}
IIS Constraint: 5; goods; {good:5}
IIS Constraint: 21; goods; {good:21}
IIS Constraint: 25; goods; {good:25}
IIS Constraint: 29; goods; {good:29}
IIS Constraint: 33; goods; {good:33}
IIS Constraint: 36; goods; {good:36}
IIS Constraint: 37; goods; {good:37}
IIS Constraint: 40; goods; {good:40}
IIS Constraint: 63; goods; {good:63}
IIS Constraint: 66; goods; {good:66}
IIS Constraint: 68; query; {bid:4,query:3}
IIS Constraint: 69; max; {f:80.67886000000001,objective:max}
