IIS generation
Instance: paths-40-100-410000
----------------------------
Query: 2
Query element:61
Query scope: 61
----------------------------
IIS optimality: suboptimal
IIS solution time: 4.73630
IIS Constraint: 0; goods; {good:0}
IIS Constraint: 4; goods; {good:4}
IIS Constraint: 7; goods; {good:7}
IIS Constraint: 8; goods; {good:8}
IIS Constraint: 9; goods; {good:9}
IIS Constraint: 10; goods; {good:10}
IIS Constraint: 11; goods; {good:11}
IIS Constraint: 15; goods; {good:15}
IIS Constraint: 17; goods; {good:17}
IIS Constraint: 19; goods; {good:19}
IIS Constraint: 21; goods; {good:21}
IIS Constraint: 23; goods; {good:23}
IIS Constraint: 24; goods; {good:24}
IIS Constraint: 25; goods; {good:25}
IIS Constraint: 27; goods; {good:27}
IIS Constraint: 29; goods; {good:29}
IIS Constraint: 33; goods; {good:33}
IIS Constraint: 34; goods; {good:34}
IIS Constraint: 35; goods; {good:35}
IIS Constraint: 37; goods; {good:37}
IIS Constraint: 43; goods; {good:43}
IIS Constraint: 48; goods; {good:48}
IIS Constraint: 53; goods; {good:53}
IIS Constraint: 60; goods; {good:60}
IIS Constraint: 75; query; {bid:61,query:2}
IIS Constraint: 76; max; {f:16.011465,objective:max}
