IIS generation
Instance: regions-40-100-340000
----------------------------
Query: 7
Query element:4
Query scope: 1
Query scope: 2
Query scope: 3
Query scope: 5
Query scope: 6
Query scope: 7
Query scope: 8
Query scope: 9
Query scope: 10
Query scope: 11
Query scope: 13
Query scope: 27
Query scope: 28
Query scope: 29
Query scope: 30
Query scope: 31
Query scope: 45
Query scope: 46
Query scope: 48
Query scope: 49
Query scope: 54
Query scope: 55
Query scope: 60
Query scope: 68
Query scope: 78
Query scope: 86
Query scope: 87
Query scope: 88
Query scope: 90
----------------------------
IIS optimality: suboptimal
IIS solution time: 0.21889
IIS Constraint: 1; goods; {good:1}
IIS Constraint: 2; goods; {good:2}
IIS Constraint: 3; goods; {good:3}
IIS Constraint: 5; goods; {good:5}
IIS Constraint: 7; goods; {good:7}
IIS Constraint: 9; goods; {good:9}
IIS Constraint: 11; goods; {good:11}
IIS Constraint: 15; goods; {good:15}
IIS Constraint: 16; goods; {good:16}
IIS Constraint: 17; goods; {good:17}
IIS Constraint: 20; goods; {good:20}
IIS Constraint: 21; goods; {good:21}
IIS Constraint: 23; goods; {good:23}
IIS Constraint: 26; goods; {good:26}
IIS Constraint: 28; goods; {good:28}
IIS Constraint: 35; goods; {good:35}
IIS Constraint: 60; query; {good:4,query:7}
IIS Constraint: 61; max; {f:2594.9170000000004,objective:max}
