IIS generation
Instance: arbitrary-40-100-260000
----------------------------
Query: 3
Query element:7
Query element:35
Query scope: 7
Query scope: 35
----------------------------
IIS optimality: suboptimal
IIS solution time: 0.01467
IIS Constraint: 1; goods; {good:1}
IIS Constraint: 2; goods; {good:2}
IIS Constraint: 5; goods; {good:5}
IIS Constraint: 7; goods; {good:7}
IIS Constraint: 9; goods; {good:9}
IIS Constraint: 10; goods; {good:10}
IIS Constraint: 11; goods; {good:11}
IIS Constraint: 12; goods; {good:12}
IIS Constraint: 15; goods; {good:15}
IIS Constraint: 17; goods; {good:17}
IIS Constraint: 19; goods; {good:19}
IIS Constraint: 22; goods; {good:22}
IIS Constraint: 61; query; {bid:35,query:3}
IIS Constraint: 62; max; {f:2300.9939999999997,objective:max}
