IIS generation
Instance: regions-40-100-920000
----------------------------
Query: 3
Query element:32
Query element:16
Query scope: 32
Query scope: 16
----------------------------
IIS optimality: suboptimal
IIS solution time: 2.42330
IIS Constraint: 4; goods; {good:4}
IIS Constraint: 7; goods; {good:7}
IIS Constraint: 9; goods; {good:9}
IIS Constraint: 10; goods; {good:10}
IIS Constraint: 14; goods; {good:14}
IIS Constraint: 16; goods; {good:16}
IIS Constraint: 19; goods; {good:19}
IIS Constraint: 20; goods; {good:20}
IIS Constraint: 21; goods; {good:21}
IIS Constraint: 22; goods; {good:22}
IIS Constraint: 23; goods; {good:23}
IIS Constraint: 24; goods; {good:24}
IIS Constraint: 25; goods; {good:25}
IIS Constraint: 60; query; {bid:16,query:3}
IIS Constraint: 61; max; {f:2721.0170000000003,objective:max}
