IIS generation
Instance: matching-40-100-430000
----------------------------
Query: 7
Query element:41
Query scope: 6
Query scope: 7
Query scope: 8
Query scope: 9
Query scope: 10
Query scope: 11
Query scope: 12
Query scope: 13
Query scope: 14
Query scope: 15
----------------------------
IIS optimality: suboptimal
IIS solution time: 0.07295
IIS Constraint: 0; goods; {good:0}
IIS Constraint: 1; goods; {good:1}
IIS Constraint: 5; goods; {good:5}
IIS Constraint: 9; goods; {good:9}
IIS Constraint: 13; goods; {good:13}
IIS Constraint: 17; goods; {good:17}
IIS Constraint: 21; goods; {good:21}
IIS Constraint: 25; goods; {good:25}
IIS Constraint: 29; goods; {good:29}
IIS Constraint: 36; goods; {good:36}
IIS Constraint: 38; goods; {good:38}
IIS Constraint: 40; goods; {good:40}
IIS Constraint: 59; goods; {good:59}
IIS Constraint: 60; goods; {good:60}
IIS Constraint: 65; query; {good:41,query:7}
IIS Constraint: 66; max; {f:76.44915,objective:max}
