IIS generation
Instance: regions-40-100-910000
----------------------------
Query: 9
Query element:32
Query element:0
Query scope: 16
Query scope: 18
Query scope: 21
Query scope: 31
Query scope: 35
Query scope: 37
Query scope: 38
Query scope: 39
Query scope: 41
Query scope: 66
Query scope: 69
Query scope: 71
Query scope: 77
Query scope: 80
Query scope: 81
Query scope: 88
Query scope: 93
Query scope: 6
Query scope: 11
Query scope: 17
Query scope: 25
Query scope: 29
Query scope: 30
Query scope: 32
Query scope: 34
Query scope: 36
Query scope: 40
Query scope: 42
Query scope: 56
Query scope: 57
Query scope: 68
Query scope: 70
Query scope: 72
Query scope: 73
Query scope: 78
Query scope: 89
Query scope: 90
Query scope: 92
Query scope: 99
----------------------------
IIS optimality: suboptimal
IIS solution time: 2.13087
IIS Constraint: 6; goods; {good:6}
IIS Constraint: 9; goods; {good:9}
IIS Constraint: 11; goods; {good:11}
IIS Constraint: 13; goods; {good:13}
IIS Constraint: 14; goods; {good:14}
IIS Constraint: 17; goods; {good:17}
IIS Constraint: 19; goods; {good:19}
IIS Constraint: 22; goods; {good:22}
IIS Constraint: 58; query; {good:32,query:9}
IIS Constraint: 60; max; {f:2273.8695000000002,objective:max}
