IIS generation
Instance: scheduling-40-100-580000
----------------------------
Query: 3
Query element:110
Query element:52
Query scope: 110
Query scope: 52
----------------------------
IIS optimality: suboptimal
IIS solution time: 0.04756
IIS Constraint: 3; goods; {good:3}
IIS Constraint: 6; goods; {good:6}
IIS Constraint: 11; goods; {good:11}
IIS Constraint: 14; goods; {good:14}
IIS Constraint: 19; goods; {good:19}
IIS Constraint: 21; goods; {good:21}
IIS Constraint: 26; goods; {good:26}
IIS Constraint: 42; goods; {good:42}
IIS Constraint: 43; goods; {good:43}
IIS Constraint: 46; query; {bid:52,query:3}
IIS Constraint: 47; max; {f:49.20334,objective:max}
