IIS generation
Instance: regions-40-100-20000
----------------------------
Query: 11
Query element:35
Query element:11
Query scope: 28
Query scope: 30
Query scope: 31
Query scope: 80
----------------------------
IIS optimality: suboptimal
IIS solution time: 0.08946
IIS Constraint: 6; goods; {good:6}
IIS Constraint: 7; goods; {good:7}
IIS Constraint: 12; goods; {good:12}
IIS Constraint: 16; goods; {good:16}
IIS Constraint: 17; goods; {good:17}
IIS Constraint: 18; goods; {good:18}
IIS Constraint: 21; goods; {good:21}
IIS Constraint: 24; goods; {good:24}
IIS Constraint: 27; goods; {good:27}
IIS Constraint: 29; goods; {good:29}
IIS Constraint: 60; query; {goods:[35,11],query:11}
IIS Constraint: 61; max; {f:2541.0993000000003,objective:max}
