IIS generation
Instance: matching-40-100-630000
----------------------------
Query: 1
Query element:44
Query scope: 44
----------------------------
IIS optimality: suboptimal
IIS solution time: 1.40971
IIS Constraint: 1; goods; {good:1}
IIS Constraint: 2; goods; {good:2}
IIS Constraint: 5; goods; {good:5}
IIS Constraint: 9; goods; {good:9}
IIS Constraint: 13; goods; {good:13}
IIS Constraint: 17; goods; {good:17}
IIS Constraint: 21; goods; {good:21}
IIS Constraint: 25; goods; {good:25}
IIS Constraint: 29; goods; {good:29}
IIS Constraint: 33; goods; {good:33}
IIS Constraint: 37; goods; {good:37}
IIS Constraint: 42; goods; {good:42}
IIS Constraint: 51; goods; {good:51}
IIS Constraint: 53; goods; {good:53}
IIS Constraint: 58; query; {bid:44,query:1}
IIS Constraint: 59; max; {f:29.549748,objective:max}
