IIS generation
Instance: regions-40-100-680000
----------------------------
Query: 3
Query element:86
Query element:59
Query scope: 86
Query scope: 59
----------------------------
IIS optimality: suboptimal
IIS solution time: 0.05057
IIS Constraint: 3; goods; {good:3}
IIS Constraint: 8; goods; {good:8}
IIS Constraint: 13; goods; {good:13}
IIS Constraint: 15; goods; {good:15}
IIS Constraint: 19; goods; {good:19}
IIS Constraint: 22; goods; {good:22}
IIS Constraint: 23; goods; {good:23}
IIS Constraint: 24; goods; {good:24}
IIS Constraint: 60; query; {bid:59,query:3}
IIS Constraint: 61; max; {f:2305.3283,objective:max}
