IIS generation
Instance: arbitrary-40-100-70000
----------------------------
Query: 9
Query element:37
Query element:33
Query scope: 0
Query scope: 4
Query scope: 6
Query scope: 12
Query scope: 17
Query scope: 28
Query scope: 43
Query scope: 46
Query scope: 47
Query scope: 48
Query scope: 49
Query scope: 50
Query scope: 51
Query scope: 58
Query scope: 68
Query scope: 70
Query scope: 75
Query scope: 76
Query scope: 77
Query scope: 78
Query scope: 79
Query scope: 80
Query scope: 84
Query scope: 85
Query scope: 93
Query scope: 98
Query scope: 5
Query scope: 19
Query scope: 53
Query scope: 61
Query scope: 95
Query scope: 99
Query scope: 100
----------------------------
IIS optimality: suboptimal
IIS solution time: 1314.90170
IIS Constraint: 0; goods; {good:0}
IIS Constraint: 1; goods; {good:1}
IIS Constraint: 2; goods; {good:2}
IIS Constraint: 3; goods; {good:3}
IIS Constraint: 4; goods; {good:4}
IIS Constraint: 6; goods; {good:6}
IIS Constraint: 7; goods; {good:7}
IIS Constraint: 9; goods; {good:9}
IIS Constraint: 10; goods; {good:10}
IIS Constraint: 11; goods; {good:11}
IIS Constraint: 14; goods; {good:14}
IIS Constraint: 15; goods; {good:15}
IIS Constraint: 16; goods; {good:16}
IIS Constraint: 17; goods; {good:17}
IIS Constraint: 19; goods; {good:19}
IIS Constraint: 21; goods; {good:21}
IIS Constraint: 23; goods; {good:23}
IIS Constraint: 25; goods; {good:25}
IIS Constraint: 26; goods; {good:26}
IIS Constraint: 27; goods; {good:27}
IIS Constraint: 29; goods; {good:29}
IIS Constraint: 34; goods; {good:34}
IIS Constraint: 35; goods; {good:35}
IIS Constraint: 39; goods; {good:39}
IIS Constraint: 59; query; {good:37,query:9}
IIS Constraint: 61; max; {f:2003.844,objective:max}
