IIS generation
Instance: regions-40-100-140000
----------------------------
Query: 8
Query element:39
Query scope: 51
Query scope: 82
Query scope: 86
Query scope: 93
----------------------------
IIS optimality: suboptimal
IIS solution time: 3.05303
IIS Constraint: 1; goods; {good:1}
IIS Constraint: 4; goods; {good:4}
IIS Constraint: 6; goods; {good:6}
IIS Constraint: 8; goods; {good:8}
IIS Constraint: 10; goods; {good:10}
IIS Constraint: 11; goods; {good:11}
IIS Constraint: 13; goods; {good:13}
IIS Constraint: 14; goods; {good:14}
IIS Constraint: 18; goods; {good:18}
IIS Constraint: 19; goods; {good:19}
IIS Constraint: 22; goods; {good:22}
IIS Constraint: 24; goods; {good:24}
IIS Constraint: 28; goods; {good:28}
IIS Constraint: 31; goods; {good:31}
IIS Constraint: 33; goods; {good:33}
IIS Constraint: 58; query; {good:39,query:8}
IIS Constraint: 59; max; {f:2521.442,objective:max}
