IIS generation
Instance: matching-40-100-540000
----------------------------
Query: 9
Query element:36
Query element:4
Query scope: 23
Query scope: 38
Query scope: 39
Query scope: 83
Query scope: 20
Query scope: 21
Query scope: 87
Query scope: 88
----------------------------
IIS optimality: suboptimal
IIS solution time: 1.34505
IIS Constraint: 0; goods; {good:0}
IIS Constraint: 5; goods; {good:5}
IIS Constraint: 9; goods; {good:9}
IIS Constraint: 13; goods; {good:13}
IIS Constraint: 14; goods; {good:14}
IIS Constraint: 17; goods; {good:17}
IIS Constraint: 18; goods; {good:18}
IIS Constraint: 21; goods; {good:21}
IIS Constraint: 22; goods; {good:22}
IIS Constraint: 25; goods; {good:25}
IIS Constraint: 26; goods; {good:26}
IIS Constraint: 29; goods; {good:29}
IIS Constraint: 33; goods; {good:33}
IIS Constraint: 37; goods; {good:37}
IIS Constraint: 40; goods; {good:40}
IIS Constraint: 42; goods; {good:42}
IIS Constraint: 46; goods; {good:46}
IIS Constraint: 50; goods; {good:50}
IIS Constraint: 63; query; {good:36,query:9}
IIS Constraint: 65; max; {f:98.74577,objective:max}
