IIS generation
Instance: regions-40-100-300000
----------------------------
Query: 10
Query element:18
Query element:43
Query scope: 21
Query scope: 22
----------------------------
IIS optimality: suboptimal
IIS solution time: 3.57731
IIS Constraint: 1; goods; {good:1}
IIS Constraint: 3; goods; {good:3}
IIS Constraint: 4; goods; {good:4}
IIS Constraint: 5; goods; {good:5}
IIS Constraint: 6; goods; {good:6}
IIS Constraint: 12; goods; {good:12}
IIS Constraint: 13; goods; {good:13}
IIS Constraint: 14; goods; {good:14}
IIS Constraint: 15; goods; {good:15}
IIS Constraint: 16; goods; {good:16}
IIS Constraint: 20; goods; {good:20}
IIS Constraint: 21; goods; {good:21}
IIS Constraint: 22; goods; {good:22}
IIS Constraint: 24; goods; {good:24}
IIS Constraint: 25; goods; {good:25}
IIS Constraint: 26; goods; {good:26}
IIS Constraint: 29; goods; {good:29}
IIS Constraint: 34; goods; {good:34}
IIS Constraint: 61; query; {goods:[18,43],query:10}
IIS Constraint: 62; max; {f:2436.768,objective:max}
