IIS generation
Instance: regions-40-100-650000
----------------------------
Query: 11
Query element:37
Query element:36
Query scope: 97
----------------------------
IIS optimality: suboptimal
IIS solution time: 0.05506
IIS Constraint: 1; goods; {good:1}
IIS Constraint: 4; goods; {good:4}
IIS Constraint: 8; goods; {good:8}
IIS Constraint: 9; goods; {good:9}
IIS Constraint: 13; goods; {good:13}
IIS Constraint: 15; goods; {good:15}
IIS Constraint: 16; goods; {good:16}
IIS Constraint: 17; goods; {good:17}
IIS Constraint: 21; goods; {good:21}
IIS Constraint: 22; goods; {good:22}
IIS Constraint: 24; goods; {good:24}
IIS Constraint: 26; goods; {good:26}
IIS Constraint: 28; goods; {good:28}
IIS Constraint: 34; goods; {good:34}
IIS Constraint: 58; query; {goods:[37,36],query:11}
IIS Constraint: 59; max; {f:2813.529,objective:max}
