IIS generation
Instance: arbitrary-40-100-980000
----------------------------
Query: 2
Query element:69
Query scope: 69
----------------------------
IIS optimality: suboptimal
IIS solution time: 0.01433
IIS Constraint: 0; goods; {good:0}
IIS Constraint: 3; goods; {good:3}
IIS Constraint: 6; goods; {good:6}
IIS Constraint: 9; goods; {good:9}
IIS Constraint: 11; goods; {good:11}
IIS Constraint: 12; goods; {good:12}
IIS Constraint: 13; goods; {good:13}
IIS Constraint: 14; goods; {good:14}
IIS Constraint: 18; goods; {good:18}
IIS Constraint: 22; goods; {good:22}
IIS Constraint: 24; goods; {good:24}
IIS Constraint: 26; goods; {good:26}
IIS Constraint: 58; query; {bid:69,query:2}
IIS Constraint: 59; max; {f:2120.2500000000005,objective:max}
