IIS generation
Instance: paths-40-100-910000
----------------------------
Query: 3
Query element:85
Query element:89
Query scope: 85
Query scope: 89
----------------------------
IIS optimality: suboptimal
IIS solution time: 0.07098
IIS Constraint: 0; goods; {good:0}
IIS Constraint: 1; goods; {good:1}
IIS Constraint: 3; goods; {good:3}
IIS Constraint: 4; goods; {good:4}
IIS Constraint: 5; goods; {good:5}
IIS Constraint: 6; goods; {good:6}
IIS Constraint: 8; goods; {good:8}
IIS Constraint: 9; goods; {good:9}
IIS Constraint: 12; goods; {good:12}
IIS Constraint: 13; goods; {good:13}
IIS Constraint: 14; goods; {good:14}
IIS Constraint: 15; goods; {good:15}
IIS Constraint: 16; goods; {good:16}
IIS Constraint: 18; goods; {good:18}
IIS Constraint: 22; goods; {good:22}
IIS Constraint: 31; goods; {good:31}
IIS Constraint: 35; goods; {good:35}
IIS Constraint: 70; query; {bid:89,query:3}
IIS Constraint: 71; max; {f:16.6937162,objective:max}
