IIS generation
Instance: matching-40-100-50000
----------------------------
Query: 3
Query element:22
Query element:1
Query scope: 22
Query scope: 1
----------------------------
IIS optimality: suboptimal
IIS solution time: 0.08404
IIS Constraint: 1; goods; {good:1}
IIS Constraint: 2; goods; {good:2}
IIS Constraint: 5; goods; {good:5}
IIS Constraint: 9; goods; {good:9}
IIS Constraint: 10; goods; {good:10}
IIS Constraint: 13; goods; {good:13}
IIS Constraint: 14; goods; {good:14}
IIS Constraint: 17; goods; {good:17}
IIS Constraint: 21; goods; {good:21}
IIS Constraint: 25; goods; {good:25}
IIS Constraint: 29; goods; {good:29}
IIS Constraint: 36; goods; {good:36}
IIS Constraint: 59; goods; {good:59}
IIS Constraint: 67; query; {bid:22,query:3}
IIS Constraint: 68; query; {bid:1,query:3}
IIS Constraint: 69; max; {f:71.74832,objective:max}
