IIS generation
Instance: matching-40-100-680000
----------------------------
Query: 7
Query element:17
Query scope: 6
Query scope: 7
Query scope: 8
Query scope: 21
Query scope: 23
Query scope: 24
Query scope: 25
Query scope: 26
Query scope: 80
Query scope: 81
Query scope: 82
Query scope: 88
Query scope: 91
Query scope: 99
Query scope: 101
Query scope: 102
----------------------------
IIS optimality: suboptimal
IIS solution time: 0.06391
IIS Constraint: 0; goods; {good:0}
IIS Constraint: 1; goods; {good:1}
IIS Constraint: 5; goods; {good:5}
IIS Constraint: 9; goods; {good:9}
IIS Constraint: 13; goods; {good:13}
IIS Constraint: 21; goods; {good:21}
IIS Constraint: 25; goods; {good:25}
IIS Constraint: 36; goods; {good:36}
IIS Constraint: 39; goods; {good:39}
IIS Constraint: 43; goods; {good:43}
IIS Constraint: 54; goods; {good:54}
IIS Constraint: 55; goods; {good:55}
IIS Constraint: 60; query; {good:17,query:7}
IIS Constraint: 61; max; {f:79.08892,objective:max}
