IIS generation
Instance: matching-40-100-410000
----------------------------
Query: 7
Query element:10
Query scope: 12
Query scope: 32
Query scope: 33
Query scope: 34
Query scope: 35
Query scope: 82
Query scope: 83
----------------------------
IIS optimality: suboptimal
IIS solution time: 1.44704
IIS Constraint: 0; goods; {good:0}
IIS Constraint: 1; goods; {good:1}
IIS Constraint: 5; goods; {good:5}
IIS Constraint: 9; goods; {good:9}
IIS Constraint: 13; goods; {good:13}
IIS Constraint: 17; goods; {good:17}
IIS Constraint: 21; goods; {good:21}
IIS Constraint: 22; goods; {good:22}
IIS Constraint: 25; goods; {good:25}
IIS Constraint: 29; goods; {good:29}
IIS Constraint: 33; goods; {good:33}
IIS Constraint: 36; goods; {good:36}
IIS Constraint: 37; goods; {good:37}
IIS Constraint: 49; goods; {good:49}
IIS Constraint: 56; goods; {good:56}
IIS Constraint: 63; goods; {good:63}
IIS Constraint: 65; query; {good:10,query:7}
IIS Constraint: 66; max; {f:109.77102,objective:max}
