IIS generation
Instance: matching-40-100-240000
----------------------------
Query: 2
Query element:48
Query scope: 48
----------------------------
IIS optimality: suboptimal
IIS solution time: 0.05658
IIS Constraint: 1; goods; {good:1}
IIS Constraint: 5; goods; {good:5}
IIS Constraint: 11; goods; {good:11}
IIS Constraint: 15; goods; {good:15}
IIS Constraint: 25; goods; {good:25}
IIS Constraint: 29; goods; {good:29}
IIS Constraint: 33; goods; {good:33}
IIS Constraint: 37; goods; {good:37}
IIS Constraint: 48; goods; {good:48}
IIS Constraint: 56; goods; {good:56}
IIS Constraint: 61; query; {bid:48,query:2}
IIS Constraint: 62; max; {f:78.7622,objective:max}
