IIS generation
Instance: paths-40-100-520000
----------------------------
Query: 11
Query element:2
Query element:39
Query scope: 52
----------------------------
IIS optimality: suboptimal
IIS solution time: 197.59963
IIS Constraint: 0; goods; {good:0}
IIS Constraint: 1; goods; {good:1}
IIS Constraint: 2; goods; {good:2}
IIS Constraint: 3; goods; {good:3}
IIS Constraint: 4; goods; {good:4}
IIS Constraint: 5; goods; {good:5}
IIS Constraint: 9; goods; {good:9}
IIS Constraint: 10; goods; {good:10}
IIS Constraint: 11; goods; {good:11}
IIS Constraint: 12; goods; {good:12}
IIS Constraint: 13; goods; {good:13}
IIS Constraint: 14; goods; {good:14}
IIS Constraint: 15; goods; {good:15}
IIS Constraint: 19; goods; {good:19}
IIS Constraint: 21; goods; {good:21}
IIS Constraint: 23; goods; {good:23}
IIS Constraint: 24; goods; {good:24}
IIS Constraint: 29; goods; {good:29}
IIS Constraint: 30; goods; {good:30}
IIS Constraint: 34; goods; {good:34}
IIS Constraint: 35; goods; {good:35}
IIS Constraint: 36; goods; {good:36}
IIS Constraint: 45; goods; {good:45}
IIS Constraint: 47; goods; {good:47}
IIS Constraint: 53; goods; {good:53}
IIS Constraint: 54; goods; {good:54}
IIS Constraint: 56; goods; {good:56}
IIS Constraint: 61; goods; {good:61}
IIS Constraint: 67; goods; {good:67}
IIS Constraint: 84; query; {goods:[2,39],query:11}
IIS Constraint: 85; max; {f:13.664153599999999,objective:max}
