IIS generation
Iter 1: 
Min Hitting Set: []
Min Correction Subset: [2195]
Iter 2: 
Min Hitting Set: [2195]
Min Correction Subset: [283]
Iter 3: 
Min Hitting Set: [283, 2195]
Min Correction Subset: [1, 252, 284]
IIS generation
Instance: j9033_1
----------------------------
Query: 6
Query element:80,92
Query element:87,90
Query element:88,90
Query scope: 32433
Query scope: 35268
Query scope: 35666
----------------------------
IIS optimality: suboptimal
IIS solution time: 36059.645
IIS Constraint: 283; precedence; {activity:92,predecessor:89}
IIS Constraint: 2195; max; {f:99.0,objective:max}
