IIS generation
Iter 1: 
Min Hitting Set: []
Min Correction Subset: [2215]
Iter 2: 
Min Hitting Set: [2215]
Min Correction Subset: [255]
Iter 3: 
Min Hitting Set: [255, 2215]
Min Correction Subset: [247]
Iter 4: 
Min Hitting Set: [247, 255, 2215]
Min Correction Subset: [2214]
Optimal IIS
IIS generation
Instance: j9027_5
----------------------------
Query: 2
Query element:61,410
Query scope: 25308
----------------------------
IIS optimality: suboptimal
IIS solution time: 408.600
IIS Constraint: 247; precedence; {activity:89,predecessor:61}
IIS Constraint: 255; precedence; {activity:92,predecessor:89}
IIS Constraint: 2214; query; {activity:61,t:410,query:2}
IIS Constraint: 2215; max; {f:99.0,objective:max}
