IIS generation
Iter 1: 
Min Hitting Set: []
Min Correction Subset: [2248]
Iter 2: 
Min Hitting Set: [2248]
Min Correction Subset: [285]
Iter 3: 
Min Hitting Set: [285, 2248]
Min Correction Subset: [281]
Iter 4: 
Min Hitting Set: [281, 285, 2248]
Min Correction Subset: [2247]
Optimal IIS
IIS generation
Instance: j9042_4
----------------------------
Query: 10
Query element:67,96
Query element:87,94
Query scope: 27135
Query scope: 35271
----------------------------
IIS optimality: suboptimal
IIS solution time: 1847.290
IIS Constraint: 281; precedence; {activity:91,predecessor:87}
IIS Constraint: 285; precedence; {activity:92,predecessor:91}
IIS Constraint: 2247; query; {activity:87,t:96,query:10}
IIS Constraint: 2248; max; {f:102.0,objective:max}
