IIS generation
Iter 1: 
Min Hitting Set: []
Min Correction Subset: [2203]
Iter 2: 
Min Hitting Set: [2203]
Min Correction Subset: [255]
Iter 3: 
Min Hitting Set: [255, 2203]
Min Correction Subset: [248]
Iter 4: 
Min Hitting Set: [248, 255, 2203]
Min Correction Subset: [240]
Iter 5: 
Min Hitting Set: [240, 248, 255, 2203]
Min Correction Subset: [202]
Iter 6: 
Min Hitting Set: [202, 240, 248, 255, 2203]
Min Correction Subset: [2202]
Optimal IIS
IIS generation
Instance: j9021_2
----------------------------
Query: 2
Query element:61,293
Query scope: 25308
----------------------------
IIS optimality: suboptimal
IIS solution time: 12434.200
IIS Constraint: 202; precedence; {activity:73,predecessor:61}
IIS Constraint: 240; precedence; {activity:87,predecessor:73}
IIS Constraint: 248; precedence; {activity:89,predecessor:87}
IIS Constraint: 255; precedence; {activity:92,predecessor:89}
IIS Constraint: 2202; query; {activity:61,t:293,query:2}
IIS Constraint: 2203; max; {f:134.0,objective:max}
