IIS generation
Iter 1: 
Min Hitting Set: []
Min Correction Subset: [285]
Iter 2: 
Min Hitting Set: [285]
Min Correction Subset: [2395]
Iter 3: 
Min Hitting Set: [285, 2395]
Min Correction Subset: [280]
Iter 4: 
Min Hitting Set: [280, 285, 2395]
Min Correction Subset: [2394]
Optimal IIS
IIS generation
Instance: j9047_5
----------------------------
Query: 6
Query element:89,91
Query element:90,91
Query element:81,90
Query scope: 39878
Query scope: 40341
Query scope: 36236
----------------------------
IIS optimality: suboptimal
IIS solution time: 710.641
IIS Constraint: 280; precedence; {activity:91,predecessor:81}
IIS Constraint: 285; precedence; {activity:92,predecessor:91}
IIS Constraint: 2394; query; {activities:[89,90,81],t:91,query:6}
IIS Constraint: 2395; max; {f:93.0,objective:max}
