IIS generation
Iter 1: 
Min Hitting Set: []
Min Correction Subset: [241]
Iter 2: 
Min Hitting Set: [241]
Min Correction Subset: [245]
Iter 3: 
Min Hitting Set: [241, 245]
Min Correction Subset: [248]
Iter 4: 
Min Hitting Set: [241, 245, 248]
Min Correction Subset: [2303]
Iter 5: 
Min Hitting Set: [241, 245, 248, 2303]
Min Correction Subset: [184]
Iter 6: 
Min Hitting Set: [184, 241, 245, 248, 2303]
Min Correction Subset: [175]
Iter 7: 
Min Hitting Set: [175, 184, 241, 245, 248, 2303]
Min Correction Subset: [224]
Iter 8: 
Min Hitting Set: [175, 184, 224, 241, 245, 248, 2303]
Min Correction Subset: [255]
Iter 9: 
Min Hitting Set: [175, 184, 224, 241, 245, 248, 255, 2303]
Min Correction Subset: [2302]
Iter 10: 
Min Hitting Set: [175, 184, 224, 241, 245, 248, 255, 2302, 2303]
Min Correction Subset: [170, 171]
Optimal IIS
IIS generation
Instance: j9028_5
----------------------------
Query: 6
Query element:25,34
Query element:43,34
Query element:28,33
Query element:38,33
Query element:40,33
Query element:46,33
Query element:47,33
Query scope: 10537
Query scope: 18665
Query scope: 11916
Query scope: 16446
Query scope: 17362
Query scope: 20036
Query scope: 20501
----------------------------
IIS optimality: suboptimal
IIS solution time: 783.043
IIS Constraint: 170; precedence; {activity:60,predecessor:40}
IIS Constraint: 175; precedence; {activity:62,predecessor:60}
IIS Constraint: 184; precedence; {activity:67,predecessor:62}
IIS Constraint: 224; precedence; {activity:81,predecessor:67}
IIS Constraint: 241; precedence; {activity:87,predecessor:81}
IIS Constraint: 245; precedence; {activity:88,predecessor:87}
IIS Constraint: 248; precedence; {activity:89,predecessor:88}
IIS Constraint: 255; precedence; {activity:92,predecessor:89}
IIS Constraint: 2302; query; {activities:[25,43,28,38,40,46,47],t:34,query:6}
IIS Constraint: 2303; max; {f:88.0,objective:max}
