IIS generation
Iter 1: 
Min Hitting Set: []
Min Correction Subset: [2267]
Iter 2: 
Min Hitting Set: [2267]
Min Correction Subset: [254]
Iter 3: 
Min Hitting Set: [254, 2267]
Min Correction Subset: [257]
Iter 4: 
Min Hitting Set: [254, 257, 2267]
Min Correction Subset: [245]
Iter 5: 
Min Hitting Set: [245, 254, 257, 2267]
Min Correction Subset: [232]
Iter 6: 
Min Hitting Set: [232, 245, 254, 257, 2267]
Min Correction Subset: [207]
Iter 7: 
Min Hitting Set: [207, 232, 245, 254, 257, 2267]
Min Correction Subset: [2266]
Optimal IIS
IIS generation
Instance: j9019_1
----------------------------
Query: 2
Query element:59,283
Query scope: 25306
----------------------------
IIS optimality: suboptimal
IIS solution time: 457.944
IIS Constraint: 207; precedence; {activity:76,predecessor:59}
IIS Constraint: 232; precedence; {activity:84,predecessor:76}
IIS Constraint: 245; precedence; {activity:88,predecessor:84}
IIS Constraint: 254; precedence; {activity:91,predecessor:88}
IIS Constraint: 257; precedence; {activity:92,predecessor:91}
IIS Constraint: 2266; query; {activity:59,t:283,query:2}
IIS Constraint: 2267; max; {f:98.0,objective:max}
