IIS generation
Iter 1: 
Min Hitting Set: []
Min Correction Subset: [270]
Iter 2: 
Min Hitting Set: [270]
Min Correction Subset: [2212]
Iter 3: 
Min Hitting Set: [270, 2212]
Min Correction Subset: [284]
Iter 4: 
Min Hitting Set: [270, 284, 2212]
Min Correction Subset: [279]
Iter 5: 
Min Hitting Set: [270, 279, 284, 2212]
Min Correction Subset: [267]
Iter 6: 
Min Hitting Set: [267, 270, 279, 284, 2212]
Min Correction Subset: [262, 2210]
Iter 7: 
Min Hitting Set: [262, 267, 270, 279, 284, 2212]
Min Correction Subset: [2210, 2211]
Iter 8: 
Min Hitting Set: [267, 270, 279, 284, 2210, 2212]
Min Correction Subset: [84, 262, 263, 264]
Iter 9: 
Min Hitting Set: [262, 267, 270, 279, 284, 2210, 2212]
Min Correction Subset: [46, 84, 156, 157, 158, 263, 264, 2211]
Optimal IIS
IIS generation
Instance: j9042_5
----------------------------
Query: 10
Query element:85,89
Query element:47,88
Query scope: 33738
Query scope: 18420
----------------------------
IIS optimality: suboptimal
IIS solution time: 4016.116
IIS Constraint: 84; completion; {activity:85}
IIS Constraint: 267; precedence; {activity:86,predecessor:85}
IIS Constraint: 270; precedence; {activity:87,predecessor:86}
IIS Constraint: 279; precedence; {activity:90,predecessor:87}
IIS Constraint: 284; precedence; {activity:92,predecessor:90}
IIS Constraint: 2210; query; {activity:85,t:89,query:10}
IIS Constraint: 2212; max; {f:105.0,objective:max}
