IIS generation
Iter 1: 
Min Hitting Set: []
Min Correction Subset: [2175]
Iter 2: 
Min Hitting Set: [2175]
Min Correction Subset: [229]
Iter 3: 
Min Hitting Set: [229, 2175]
Min Correction Subset: [2174]
Iter 4: 
Min Hitting Set: [229, 2174, 2175]
Min Correction Subset: [90, 224, 225, 226]
Optimal IIS
IIS generation
Instance: j904_6
----------------------------
Query: 5
Query element:91,78
Query element:92,78
Query scope: 38766
Query scope: 39175
----------------------------
IIS optimality: suboptimal
IIS solution time: 67.732
IIS Constraint: 90; completion; {activity:91}
IIS Constraint: 229; precedence; {activity:92,predecessor:91}
IIS Constraint: 2174; query; {activities:[91,92],t:78,query:5}
IIS Constraint: 2175; max; {f:78.0,objective:max}
