IIS generation
Iter 1: 
Min Hitting Set: []
Min Correction Subset: [2271]
Iter 2: 
Min Hitting Set: [2271]
Min Correction Subset: [173]
Iter 3: 
Min Hitting Set: [173, 2271]
Min Correction Subset: [2270]
Iter 4: 
Min Hitting Set: [173, 2270, 2271]
Min Correction Subset: [165]
Iter 5: 
Min Hitting Set: [165, 173, 2270, 2271]
Min Correction Subset: [251, 255]
Iter 6: 
Min Hitting Set: [165, 173, 251, 2270, 2271]
Min Correction Subset: [238, 255]
Iter 7: 
Min Hitting Set: [165, 173, 255, 2270, 2271]
Min Correction Subset: [217]
Iter 8: 
Min Hitting Set: [165, 173, 217, 255, 2270, 2271]
Min Correction Subset: [189, 200]
Iter 9: 
Min Hitting Set: [165, 173, 189, 217, 255, 2270, 2271]
Min Correction Subset: [238, 247]
Iter 10: 
Min Hitting Set: [165, 173, 189, 217, 238, 255, 2270, 2271]
Min Correction Subset: [247, 256]
Iter 11: 
Min Hitting Set: [165, 173, 189, 217, 247, 255, 2270, 2271]
Min Correction Subset: [200, 256]
Iter 12: 
Min Hitting Set: [165, 173, 200, 217, 247, 255, 2270, 2271]
Min Correction Subset: [236, 251]
Iter 13: 
Min Hitting Set: [165, 173, 200, 217, 238, 247, 251, 2270, 2271]
Min Correction Subset: [222, 255]
Iter 14: 
Min Hitting Set: [165, 173, 200, 217, 247, 251, 255, 2270, 2271]
Min Correction Subset: [236, 256]
Iter 15: 
Min Hitting Set: [165, 173, 200, 217, 236, 247, 255, 2270, 2271]
Min Correction Subset: [49, 150]
Optimal IIS
IIS generation
Instance: j9023_1
----------------------------
Query: 1
Query element:50,49
Query scope: 21473
----------------------------
IIS optimality: suboptimal
IIS solution time: 4364.745
IIS Constraint: 49; completion; {activity:50}
IIS Constraint: 165; precedence; {activity:58,predecessor:50}
IIS Constraint: 173; precedence; {activity:62,predecessor:58}
IIS Constraint: 200; precedence; {activity:73,predecessor:62}
IIS Constraint: 217; precedence; {activity:79,predecessor:73}
IIS Constraint: 236; precedence; {activity:85,predecessor:79}
IIS Constraint: 247; precedence; {activity:89,predecessor:85}
IIS Constraint: 255; precedence; {activity:92,predecessor:89}
IIS Constraint: 2270; query; {activity:50,t:49,query:1}
IIS Constraint: 2271; max; {f:90.0,objective:max}
