IIS generation
Iter 1: 
Min Hitting Set: []
Min Correction Subset: [2215]
Iter 2: 
Min Hitting Set: [2215]
Min Correction Subset: [208]
Iter 3: 
Min Hitting Set: [208, 2215]
Min Correction Subset: [2214]
Iter 4: 
Min Hitting Set: [208, 2214, 2215]
Min Correction Subset: [255, 257]
Iter 5: 
Min Hitting Set: [208, 255, 2214, 2215]
Min Correction Subset: [245, 257]
Iter 6: 
Min Hitting Set: [208, 257, 2214, 2215]
Min Correction Subset: [233, 253]
Iter 7: 
Min Hitting Set: [208, 233, 257, 2214, 2215]
Min Correction Subset: [248, 253]
Iter 8: 
Min Hitting Set: [208, 253, 257, 2214, 2215]
Min Correction Subset: [236, 248]
Iter 9: 
Min Hitting Set: [208, 248, 253, 257, 2214, 2215]
Min Correction Subset: [224, 255]
Iter 10: 
Min Hitting Set: [208, 248, 253, 255, 257, 2214, 2215]
Min Correction Subset: [236, 245]
Iter 11: 
Min Hitting Set: [208, 236, 245, 253, 255, 2214, 2215]
Min Correction Subset: [248, 257]
Iter 12: 
Min Hitting Set: [208, 245, 248, 253, 255, 2214, 2215]
Min Correction Subset: [233, 257]
Optimal IIS
IIS generation
Instance: j9022_6
----------------------------
Query: 2
Query element:59,81
Query scope: 25306
----------------------------
IIS optimality: suboptimal
IIS solution time: 2404.062
IIS Constraint: 208; precedence; {activity:76,predecessor:59}
IIS Constraint: 233; precedence; {activity:84,predecessor:76}
IIS Constraint: 245; precedence; {activity:88,predecessor:84}
IIS Constraint: 248; precedence; {activity:89,predecessor:88}
IIS Constraint: 255; precedence; {activity:92,predecessor:89}
IIS Constraint: 2214; query; {activity:59,t:81,query:2}
IIS Constraint: 2215; max; {f:71.0,objective:max}
