IIS generation
Iter 1: 
Min Hitting Set: []
Min Correction Subset: [2135]
Iter 2: 
Min Hitting Set: [2135]
Min Correction Subset: [256]
Iter 3: 
Min Hitting Set: [256, 2135]
Min Correction Subset: [251]
Iter 4: 
Min Hitting Set: [251, 256, 2135]
Min Correction Subset: [2134]
Iter 5: 
Min Hitting Set: [251, 256, 2134, 2135]
Min Correction Subset: [244]
Iter 6: 
Min Hitting Set: [244, 251, 256, 2134, 2135]
Min Correction Subset: [184]
Iter 7: 
Min Hitting Set: [184, 244, 251, 256, 2134, 2135]
Min Correction Subset: [220]
