IIS generation
IIS generation
Instance: j909_7
----------------------------
Query: 8
Query element:61,95
Query element:51,94
Query scope: 26893
Query scope: 22415
Query scope: 41142
Query scope: 26894
Query scope: 22416
Query scope: 41143
Query scope: 26895
Query scope: 22417
Query scope: 41144
Query scope: 26896
Query scope: 22418
Query scope: 41145
Query scope: 26897
Query scope: 22419
Query scope: 41146
Query scope: 26898
Query scope: 22420
Query scope: 41147
Query scope: 26899
Query scope: 22421
Query scope: 41148
Query scope: 26900
Query scope: 22422
Query scope: 41149
Query scope: 26901
Query scope: 22423
Query scope: 41150
Query scope: 26902
Query scope: 22424
Query scope: 41151
Query scope: 26903
Query scope: 22425
Query scope: 41152
Query scope: 26904
Query scope: 22426
Query scope: 41153
Query scope: 26905
Query scope: 22427
Query scope: 41154
Query scope: 26906
Query scope: 22428
Query scope: 41155
Query scope: 26907
Query scope: 22429
Query scope: 41156
Query scope: 26908
Query scope: 22430
Query scope: 41157
Query scope: 26909
Query scope: 22431
Query scope: 41158
Query scope: 26910
Query scope: 22432
Query scope: 41159
Query scope: 26911
Query scope: 22433
Query scope: 41160
Query scope: 26912
Query scope: 22434
Query scope: 41161
Query scope: 26913
Query scope: 22435
Query scope: 41162
Query scope: 26914
Query scope: 22436
Query scope: 41163
Query scope: 26915
Query scope: 22437
Query scope: 41164
Query scope: 26916
Query scope: 22438
Query scope: 41165
Query scope: 26917
Query scope: 22439
Query scope: 41166
Query scope: 26918
Query scope: 22440
Query scope: 41167
Query scope: 26919
Query scope: 22441
Query scope: 41168
Query scope: 26920
Query scope: 22442
Query scope: 41169
Query scope: 26921
Query scope: 22443
Query scope: 41170
Query scope: 26922
Query scope: 22444
Query scope: 41171
Query scope: 26923
Query scope: 22445
Query scope: 41172
Query scope: 26924
Query scope: 22446
Query scope: 41173
Query scope: 26925
Query scope: 22447
Query scope: 41174
Query scope: 26926
Query scope: 22448
Query scope: 41175
Query scope: 26927
Query scope: 22449
Query scope: 41176
Query scope: 26928
Query scope: 22450
Query scope: 41177
Query scope: 26929
Query scope: 22451
Query scope: 41178
Query scope: 26930
Query scope: 22452
Query scope: 41179
Query scope: 26931
Query scope: 22453
Query scope: 41180
Query scope: 26932
Query scope: 22454
Query scope: 41181
Query scope: 26933
Query scope: 22455
Query scope: 41182
Query scope: 26934
Query scope: 22456
Query scope: 41183
Query scope: 26935
Query scope: 22457
Query scope: 41184
Query scope: 26936
Query scope: 22458
Query scope: 41185
Query scope: 26937
Query scope: 22459
Query scope: 41186
Query scope: 26938
Query scope: 22460
Query scope: 41187
Query scope: 26939
Query scope: 22461
Query scope: 41188
Query scope: 26940
Query scope: 22462
Query scope: 41189
Query scope: 26941
Query scope: 22463
Query scope: 41190
Query scope: 26942
Query scope: 22464
Query scope: 41191
Query scope: 26943
Query scope: 22465
Query scope: 41192
Query scope: 26944
Query scope: 22466
Query scope: 41193
Query scope: 26945
Query scope: 22467
Query scope: 41194
Query scope: 26946
Query scope: 22468
Query scope: 41195
Query scope: 26947
Query scope: 22469
Query scope: 41196
Query scope: 26948
Query scope: 22470
Query scope: 41197
Query scope: 26949
Query scope: 22471
Query scope: 41198
Query scope: 26950
Query scope: 22472
Query scope: 41199
Query scope: 26951
Query scope: 22473
Query scope: 41200
Query scope: 26952
Query scope: 22474
Query scope: 41201
Query scope: 26953
Query scope: 22475
Query scope: 41202
Query scope: 26954
Query scope: 22476
Query scope: 41203
Query scope: 26955
Query scope: 22477
Query scope: 41204
Query scope: 26956
Query scope: 22478
Query scope: 41205
Query scope: 26957
Query scope: 22479
Query scope: 41206
Query scope: 26958
Query scope: 22480
Query scope: 41207
Query scope: 26959
Query scope: 22481
Query scope: 41208
Query scope: 26960
Query scope: 22482
Query scope: 41209
Query scope: 26961
Query scope: 22483
Query scope: 41210
Query scope: 26962
Query scope: 22484
Query scope: 41211
Query scope: 26963
Query scope: 22485
Query scope: 41212
Query scope: 26964
Query scope: 22486
Query scope: 41213
Query scope: 26965
Query scope: 22487
Query scope: 41214
Query scope: 26966
Query scope: 22488
Query scope: 41215
Query scope: 26967
Query scope: 22489
Query scope: 41216
Query scope: 26968
Query scope: 22490
Query scope: 41217
Query scope: 26969
Query scope: 22491
Query scope: 41218
Query scope: 26970
Query scope: 22492
Query scope: 41219
Query scope: 26971
Query scope: 22493
Query scope: 41220
Query scope: 26972
Query scope: 22494
Query scope: 41221
Query scope: 26973
Query scope: 22495
Query scope: 41222
Query scope: 26974
Query scope: 22496
Query scope: 41223
Query scope: 26975
Query scope: 22497
Query scope: 41224
Query scope: 26976
Query scope: 22498
Query scope: 41225
Query scope: 26977
Query scope: 22499
Query scope: 41226
Query scope: 26978
Query scope: 22500
Query scope: 41227
Query scope: 26979
Query scope: 22501
Query scope: 41228
Query scope: 26980
Query scope: 22502
Query scope: 41229
Query scope: 26981
Query scope: 22503
Query scope: 41230
Query scope: 26982
Query scope: 22504
Query scope: 41231
Query scope: 26983
Query scope: 22505
Query scope: 41232
Query scope: 26984
Query scope: 22506
Query scope: 41233
Query scope: 26985
Query scope: 22507
Query scope: 41234
Query scope: 26986
Query scope: 22508
Query scope: 41235
Query scope: 26987
Query scope: 22509
Query scope: 41236
Query scope: 26988
Query scope: 22510
Query scope: 41237
Query scope: 26989
Query scope: 22511
Query scope: 41238
Query scope: 26990
Query scope: 22512
Query scope: 41239
Query scope: 26991
Query scope: 22513
Query scope: 41240
Query scope: 26992
Query scope: 22514
Query scope: 41241
Query scope: 26993
Query scope: 22515
Query scope: 41242
Query scope: 26994
Query scope: 22516
Query scope: 41243
Query scope: 26995
Query scope: 22517
Query scope: 41244
Query scope: 26996
Query scope: 22518
Query scope: 41245
Query scope: 26997
Query scope: 22519
Query scope: 41246
Query scope: 26998
Query scope: 22520
Query scope: 41247
Query scope: 26999
Query scope: 22521
Query scope: 41248
Query scope: 27000
Query scope: 22522
Query scope: 41249
Query scope: 27001
Query scope: 22523
Query scope: 41250
Query scope: 27002
Query scope: 22524
Query scope: 41251
Query scope: 27003
Query scope: 22525
Query scope: 41252
Query scope: 27004
Query scope: 22526
Query scope: 41253
Query scope: 27005
Query scope: 22527
Query scope: 41254
Query scope: 27006
Query scope: 22528
Query scope: 41255
Query scope: 27007
Query scope: 22529
Query scope: 41256
Query scope: 27008
Query scope: 22530
Query scope: 41257
Query scope: 27009
Query scope: 22531
Query scope: 41258
Query scope: 27010
Query scope: 22532
Query scope: 41259
Query scope: 27011
Query scope: 22533
Query scope: 41260
Query scope: 27012
Query scope: 22534
Query scope: 41261
Query scope: 27013
Query scope: 22535
Query scope: 41262
Query scope: 27014
Query scope: 22536
Query scope: 41263
Query scope: 27015
Query scope: 22537
Query scope: 41264
Query scope: 27016
Query scope: 22538
Query scope: 41265
Query scope: 27017
Query scope: 22539
Query scope: 41266
Query scope: 27018
Query scope: 22540
Query scope: 41267
Query scope: 27019
Query scope: 22541
Query scope: 41268
Query scope: 27020
Query scope: 22542
Query scope: 41269
Query scope: 27021
Query scope: 22543
Query scope: 41270
Query scope: 27022
Query scope: 22544
Query scope: 41271
Query scope: 27023
Query scope: 22545
Query scope: 41272
Query scope: 27024
Query scope: 22546
Query scope: 41273
Query scope: 27025
Query scope: 22547
Query scope: 41274
Query scope: 27026
Query scope: 22548
Query scope: 41275
Query scope: 27027
Query scope: 22549
Query scope: 41276
Query scope: 27028
Query scope: 22550
Query scope: 41277
Query scope: 27029
Query scope: 22551
Query scope: 41278
Query scope: 27030
Query scope: 22552
Query scope: 41279
Query scope: 27031
Query scope: 22553
Query scope: 41280
Query scope: 27032
Query scope: 22554
Query scope: 41281
Query scope: 27033
Query scope: 22555
Query scope: 41282
Query scope: 27034
Query scope: 22556
Query scope: 41283
Query scope: 27035
Query scope: 22557
Query scope: 41284
Query scope: 27036
Query scope: 22558
Query scope: 41285
Query scope: 27037
Query scope: 22559
Query scope: 41286
Query scope: 27038
Query scope: 22560
Query scope: 41287
Query scope: 27039
Query scope: 22561
Query scope: 41288
Query scope: 27040
Query scope: 22562
Query scope: 41289
Query scope: 27041
Query scope: 22563
Query scope: 41290
Query scope: 27042
Query scope: 22564
Query scope: 41291
Query scope: 27043
Query scope: 22565
Query scope: 41292
Query scope: 27044
Query scope: 22566
Query scope: 41293
Query scope: 27045
Query scope: 22567
Query scope: 41294
Query scope: 27046
Query scope: 22568
Query scope: 41295
Query scope: 27047
Query scope: 22569
Query scope: 41296
Query scope: 27048
Query scope: 22570
Query scope: 41297
Query scope: 27049
Query scope: 22571
Query scope: 41298
Query scope: 27050
Query scope: 22572
Query scope: 41299
Query scope: 27051
Query scope: 22573
Query scope: 41300
Query scope: 27052
Query scope: 22574
Query scope: 41301
Query scope: 27053
Query scope: 22575
Query scope: 41302
Query scope: 27054
Query scope: 22576
Query scope: 41303
Query scope: 27055
Query scope: 22577
Query scope: 41304
Query scope: 27056
Query scope: 22578
Query scope: 41305
Query scope: 27057
Query scope: 22579
Query scope: 41306
Query scope: 27058
Query scope: 22580
Query scope: 41307
Query scope: 27059
Query scope: 22581
Query scope: 41308
Query scope: 27060
Query scope: 22582
Query scope: 41309
Query scope: 27061
Query scope: 22583
Query scope: 41310
Query scope: 27062
Query scope: 22584
Query scope: 41311
Query scope: 27063
Query scope: 22585
Query scope: 41312
Query scope: 27064
Query scope: 22586
Query scope: 41313
Query scope: 27065
Query scope: 22587
Query scope: 41314
Query scope: 27066
Query scope: 22588
Query scope: 41315
Query scope: 27067
Query scope: 22589
Query scope: 41316
Query scope: 27068
Query scope: 22590
Query scope: 41317
Query scope: 27069
Query scope: 22591
Query scope: 41318
Query scope: 27070
Query scope: 22592
Query scope: 41319
Query scope: 27071
Query scope: 22593
Query scope: 41320
Query scope: 27072
Query scope: 22594
Query scope: 41321
Query scope: 27073
Query scope: 22595
Query scope: 41322
Query scope: 27074
Query scope: 22596
Query scope: 41323
Query scope: 27075
Query scope: 22597
Query scope: 41324
Query scope: 27076
Query scope: 22598
Query scope: 41325
Query scope: 27077
Query scope: 22599
Query scope: 41326
Query scope: 27078
Query scope: 22600
Query scope: 41327
Query scope: 27079
Query scope: 22601
Query scope: 41328
Query scope: 27080
Query scope: 22602
Query scope: 41329
Query scope: 27081
Query scope: 22603
Query scope: 41330
Query scope: 27082
Query scope: 22604
Query scope: 41331
Query scope: 27083
Query scope: 22605
Query scope: 41332
Query scope: 27084
Query scope: 22606
Query scope: 41333
Query scope: 27085
Query scope: 22607
Query scope: 41334
Query scope: 27086
Query scope: 22608
Query scope: 41335
Query scope: 27087
Query scope: 22609
Query scope: 41336
Query scope: 27088
Query scope: 22610
Query scope: 41337
Query scope: 27089
Query scope: 22611
Query scope: 41338
Query scope: 27090
Query scope: 22612
Query scope: 41339
Query scope: 27091
Query scope: 22613
Query scope: 41340
Query scope: 27092
Query scope: 22614
Query scope: 41341
Query scope: 27093
Query scope: 22615
Query scope: 41342
Query scope: 27094
Query scope: 22616
Query scope: 41343
Query scope: 27095
Query scope: 22617
Query scope: 41344
Query scope: 27096
Query scope: 22618
Query scope: 41345
Query scope: 27097
Query scope: 22619
Query scope: 41346
Query scope: 27098
Query scope: 22620
Query scope: 41347
Query scope: 27099
Query scope: 22621
Query scope: 41348
Query scope: 27100
Query scope: 22622
Query scope: 41349
Query scope: 27101
Query scope: 22623
Query scope: 41350
Query scope: 27102
Query scope: 22624
Query scope: 41351
Query scope: 27103
Query scope: 22625
Query scope: 41352
Query scope: 27104
Query scope: 22626
Query scope: 41353
Query scope: 27105
Query scope: 22627
Query scope: 41354
Query scope: 27106
Query scope: 22628
Query scope: 41355
Query scope: 27107
Query scope: 22629
Query scope: 41356
Query scope: 27108
Query scope: 22630
Query scope: 41357
Query scope: 27109
Query scope: 22631
Query scope: 41358
Query scope: 27110
Query scope: 22632
Query scope: 41359
Query scope: 27111
Query scope: 22633
Query scope: 41360
Query scope: 27112
Query scope: 22634
Query scope: 41361
Query scope: 27113
Query scope: 22635
Query scope: 41362
Query scope: 27114
Query scope: 22636
Query scope: 41363
Query scope: 27115
Query scope: 22637
Query scope: 41364
Query scope: 27116
Query scope: 22638
Query scope: 41365
Query scope: 27117
Query scope: 22639
Query scope: 41366
Query scope: 27118
Query scope: 22640
Query scope: 41367
Query scope: 27119
Query scope: 22641
Query scope: 41368
Query scope: 27120
Query scope: 22642
Query scope: 41369
Query scope: 27121
Query scope: 22643
Query scope: 41370
Query scope: 27122
Query scope: 22644
Query scope: 41371
Query scope: 27123
Query scope: 22645
Query scope: 41372
Query scope: 27124
Query scope: 22646
Query scope: 41373
Query scope: 27125
Query scope: 22647
Query scope: 41374
Query scope: 27126
Query scope: 22648
Query scope: 41375
Query scope: 27127
Query scope: 22649
Query scope: 41376
Query scope: 27128
Query scope: 22650
Query scope: 41377
Query scope: 27129
Query scope: 22651
Query scope: 41378
Query scope: 27130
Query scope: 22652
Query scope: 41379
Query scope: 27131
Query scope: 22653
Query scope: 41380
Query scope: 27132
Query scope: 22654
Query scope: 41381
Query scope: 27133
Query scope: 22655
Query scope: 41382
Query scope: 27134
Query scope: 22656
Query scope: 41383
Query scope: 27135
Query scope: 22657
Query scope: 41384
Query scope: 27136
Query scope: 22658
Query scope: 41385
Query scope: 27137
Query scope: 22659
Query scope: 41386
Query scope: 27138
Query scope: 22660
Query scope: 41387
Query scope: 27139
Query scope: 22661
Query scope: 41388
Query scope: 27140
Query scope: 22662
Query scope: 41389
Query scope: 27141
Query scope: 22663
Query scope: 41390
Query scope: 27142
Query scope: 22664
Query scope: 41391
Query scope: 27143
Query scope: 22665
Query scope: 41392
Query scope: 27144
Query scope: 22666
Query scope: 41393
Query scope: 27145
Query scope: 22667
Query scope: 41394
Query scope: 27146
Query scope: 22668
Query scope: 41395
Query scope: 27147
Query scope: 22669
Query scope: 41396
Query scope: 27148
Query scope: 22670
Query scope: 41397
Query scope: 27149
Query scope: 22671
Query scope: 41398
Query scope: 27150
Query scope: 22672
Query scope: 41399
Query scope: 27151
Query scope: 22673
Query scope: 41400
Query scope: 27152
Query scope: 22674
Query scope: 41401
Query scope: 27153
Query scope: 22675
Query scope: 41402
Query scope: 27154
Query scope: 22676
Query scope: 41403
Query scope: 27155
Query scope: 22677
Query scope: 41404
Query scope: 27156
Query scope: 22678
Query scope: 41405
Query scope: 27157
Query scope: 22679
Query scope: 41406
Query scope: 27158
Query scope: 22680
Query scope: 41407
Query scope: 27159
Query scope: 22681
Query scope: 41408
Query scope: 27160
Query scope: 22682
Query scope: 41409
Query scope: 27161
Query scope: 22683
Query scope: 41410
Query scope: 27162
Query scope: 22684
Query scope: 41411
Query scope: 27163
Query scope: 22685
Query scope: 41412
Query scope: 27164
Query scope: 22686
Query scope: 41413
Query scope: 27165
Query scope: 22687
Query scope: 41414
Query scope: 27166
Query scope: 22688
Query scope: 41415
Query scope: 27167
Query scope: 22689
Query scope: 41416
Query scope: 27168
Query scope: 22690
Query scope: 41417
Query scope: 27169
Query scope: 22691
Query scope: 41418
Query scope: 27170
Query scope: 22692
Query scope: 41419
Query scope: 27171
Query scope: 22693
Query scope: 41420
Query scope: 27172
Query scope: 22694
Query scope: 41421
Query scope: 27173
Query scope: 22695
Query scope: 41422
Query scope: 27174
Query scope: 22696
Query scope: 41423
Query scope: 27175
Query scope: 22697
Query scope: 41424
Query scope: 27176
Query scope: 22698
Query scope: 41425
Query scope: 27177
Query scope: 22699
Query scope: 41426
Query scope: 27178
Query scope: 22700
Query scope: 41427
Query scope: 27179
Query scope: 22701
Query scope: 41428
Query scope: 27180
Query scope: 22702
Query scope: 41429
Query scope: 27181
Query scope: 22703
Query scope: 41430
Query scope: 27182
Query scope: 22704
Query scope: 41431
Query scope: 27183
Query scope: 22705
Query scope: 41432
Query scope: 27184
Query scope: 22706
Query scope: 41433
Query scope: 27185
Query scope: 22707
Query scope: 41434
Query scope: 27186
Query scope: 22708
Query scope: 41435
Query scope: 27187
Query scope: 22709
Query scope: 41436
Query scope: 27188
Query scope: 22710
Query scope: 41437
Query scope: 27189
Query scope: 22711
Query scope: 41438
Query scope: 27190
Query scope: 22712
Query scope: 41439
Query scope: 27191
Query scope: 22713
Query scope: 41440
Query scope: 27192
Query scope: 22714
Query scope: 41441
Query scope: 27193
Query scope: 22715
Query scope: 41442
Query scope: 27194
Query scope: 22716
Query scope: 41443
Query scope: 27195
Query scope: 22717
Query scope: 41444
Query scope: 27196
Query scope: 22718
Query scope: 41445
Query scope: 27197
Query scope: 22719
Query scope: 41446
Query scope: 27198
Query scope: 22720
Query scope: 41447
Query scope: 27199
Query scope: 22721
Query scope: 41448
Query scope: 27200
Query scope: 22722
Query scope: 41449
Query scope: 27201
Query scope: 22723
Query scope: 41450
Query scope: 27202
Query scope: 22724
Query scope: 41451
Query scope: 27203
Query scope: 22725
Query scope: 41452
Query scope: 27204
Query scope: 22726
Query scope: 41453
Query scope: 27205
Query scope: 22727
Query scope: 41454
Query scope: 27206
Query scope: 22728
Query scope: 41455
Query scope: 27207
Query scope: 22729
Query scope: 41456
Query scope: 27208
Query scope: 22730
Query scope: 41457
Query scope: 27209
Query scope: 22731
Query scope: 41458
Query scope: 27210
Query scope: 22732
Query scope: 41459
Query scope: 27211
Query scope: 22733
Query scope: 41460
Query scope: 27212
Query scope: 22734
Query scope: 41461
Query scope: 27213
Query scope: 22735
Query scope: 41462
Query scope: 27214
Query scope: 22736
Query scope: 41463
Query scope: 27215
Query scope: 22737
Query scope: 41464
Query scope: 27216
Query scope: 22738
Query scope: 41465
Query scope: 27217
Query scope: 22739
Query scope: 41466
Query scope: 27218
Query scope: 22740
Query scope: 41467
Query scope: 27219
Query scope: 22741
Query scope: 41468
Query scope: 27220
Query scope: 22742
Query scope: 41469
Query scope: 27221
Query scope: 22743
Query scope: 41470
Query scope: 27222
Query scope: 22744
Query scope: 41471
Query scope: 27223
Query scope: 22745
Query scope: 41472
Query scope: 27224
Query scope: 22746
Query scope: 41473
Query scope: 27225
Query scope: 22747
Query scope: 41474
Query scope: 27226
Query scope: 22748
Query scope: 41475
Query scope: 27227
Query scope: 22749
Query scope: 41476
Query scope: 27228
Query scope: 22750
Query scope: 41477
Query scope: 27229
Query scope: 22751
Query scope: 41478
Query scope: 27230
Query scope: 22752
Query scope: 41479
Query scope: 27231
Query scope: 22753
Query scope: 41480
Query scope: 27232
Query scope: 22754
Query scope: 41481
Query scope: 27233
Query scope: 22755
Query scope: 41482
Query scope: 27234
Query scope: 22756
Query scope: 41483
Query scope: 27235
Query scope: 22757
Query scope: 41484
Query scope: 27236
Query scope: 22758
Query scope: 41485
Query scope: 27237
Query scope: 22759
Query scope: 41486
Query scope: 27238
Query scope: 22760
Query scope: 41487
Query scope: 27239
Query scope: 22761
Query scope: 41488
Query scope: 27240
Query scope: 22762
Query scope: 41489
Query scope: 27241
Query scope: 22763
Query scope: 41490
Query scope: 27242
Query scope: 22764
Query scope: 41491
Query scope: 27243
Query scope: 22765
Query scope: 41492
Query scope: 27244
Query scope: 22766
Query scope: 41493
Query scope: 27245
Query scope: 22767
Query scope: 41494
Query scope: 27246
Query scope: 22768
Query scope: 41495
Query scope: 27247
Query scope: 22769
Query scope: 41496
Query scope: 27248
Query scope: 22770
Query scope: 41497
Query scope: 27249
Query scope: 22771
Query scope: 41498
Query scope: 27250
Query scope: 22772
Query scope: 41499
Query scope: 27251
Query scope: 22773
Query scope: 41500
Query scope: 27252
Query scope: 22774
Query scope: 41501
Query scope: 27253
Query scope: 22775
Query scope: 41502
Query scope: 27254
Query scope: 22776
Query scope: 41503
Query scope: 27255
Query scope: 22777
Query scope: 41504
Query scope: 27256
Query scope: 22778
Query scope: 41505
Query scope: 27257
Query scope: 22779
Query scope: 41506
Query scope: 27258
Query scope: 22780
Query scope: 41507
Query scope: 27259
Query scope: 22781
Query scope: 41508
Query scope: 27260
Query scope: 22782
Query scope: 41509
Query scope: 27261
Query scope: 22783
Query scope: 41510
Query scope: 27262
Query scope: 22784
Query scope: 41511
Query scope: 27263
Query scope: 22785
Query scope: 41512
Query scope: 27264
Query scope: 22786
Query scope: 41513
Query scope: 27265
Query scope: 22787
Query scope: 41514
Query scope: 27266
Query scope: 22788
Query scope: 41515
Query scope: 27267
Query scope: 22789
Query scope: 41516
Query scope: 27268
Query scope: 22790
Query scope: 41517
Query scope: 27269
Query scope: 22791
Query scope: 41518
Query scope: 27270
Query scope: 22792
Query scope: 41519
Query scope: 27271
Query scope: 22793
Query scope: 41520
Query scope: 27272
Query scope: 22794
Query scope: 41521
Query scope: 27273
Query scope: 22795
Query scope: 41522
Query scope: 27274
Query scope: 22796
Query scope: 41523
Query scope: 27275
Query scope: 22797
Query scope: 41524
Query scope: 27276
Query scope: 22798
Query scope: 41525
Query scope: 27277
Query scope: 22799
Query scope: 41526
Query scope: 27278
Query scope: 22800
Query scope: 41527
Query scope: 27279
Query scope: 22801
Query scope: 41528
Query scope: 27280
Query scope: 22802
Query scope: 41529
Query scope: 27281
Query scope: 22803
Query scope: 41530
Query scope: 27282
Query scope: 22804
Query scope: 41531
Query scope: 27283
Query scope: 22805
Query scope: 41532
Query scope: 27284
Query scope: 22806
Query scope: 41533
Query scope: 27285
Query scope: 22807
Query scope: 41534
Query scope: 27286
Query scope: 22808
Query scope: 41535
Query scope: 27287
Query scope: 22809
Query scope: 41536
Query scope: 27288
Query scope: 22810
Query scope: 41537
Query scope: 27289
Query scope: 22811
Query scope: 41538
Query scope: 27290
Query scope: 22812
Query scope: 41539
Query scope: 27291
Query scope: 22813
Query scope: 41540
Query scope: 27292
Query scope: 22814
Query scope: 41541
Query scope: 27293
Query scope: 22815
Query scope: 41542
Query scope: 27294
Query scope: 22816
Query scope: 41543
Query scope: 27295
Query scope: 22817
Query scope: 41544
Query scope: 27296
Query scope: 22818
Query scope: 41545
Query scope: 27297
Query scope: 22819
Query scope: 41546
Query scope: 27298
Query scope: 22820
Query scope: 41547
Query scope: 27299
Query scope: 22821
Query scope: 41548
Query scope: 27300
Query scope: 22822
Query scope: 41549
Query scope: 27301
Query scope: 22823
Query scope: 41550
Query scope: 27302
Query scope: 22824
Query scope: 41551
Query scope: 27303
Query scope: 22825
Query scope: 41552
Query scope: 27304
Query scope: 22826
Query scope: 41553
Query scope: 27305
Query scope: 22827
Query scope: 41554
Query scope: 27306
Query scope: 22828
Query scope: 41555
Query scope: 27307
Query scope: 22829
Query scope: 41556
Query scope: 27308
Query scope: 22830
Query scope: 41557
Query scope: 27309
Query scope: 22831
Query scope: 41558
Query scope: 27310
Query scope: 22832
Query scope: 41559
Query scope: 27311
Query scope: 22833
Query scope: 41560
Query scope: 27312
Query scope: 22834
Query scope: 41561
Query scope: 27313
Query scope: 22835
Query scope: 41562
Query scope: 27314
Query scope: 22836
Query scope: 41563
Query scope: 27315
Query scope: 22837
Query scope: 41564
Query scope: 27316
Query scope: 22838
Query scope: 41565
Query scope: 27317
Query scope: 22839
Query scope: 41566
Query scope: 27318
Query scope: 22840
Query scope: 41567
Query scope: 27319
Query scope: 22841
Query scope: 41568
Query scope: 27320
Query scope: 22842
Query scope: 41569
Query scope: 27321
Query scope: 22843
Query scope: 41570
Query scope: 27322
Query scope: 22844
Query scope: 41571
Query scope: 27323
Query scope: 22845
Query scope: 41572
Query scope: 27324
Query scope: 22846
Query scope: 41573
Query scope: 27325
Query scope: 22847
Query scope: 41574
Query scope: 27326
Query scope: 22848
Query scope: 41575
Query scope: 27327
Query scope: 22849
Query scope: 41576
Query scope: 27328
Query scope: 22850
Query scope: 41577
Query scope: 27329
Query scope: 22851
Query scope: 41578
Query scope: 27330
Query scope: 22852
Query scope: 41579
Query scope: 27331
Query scope: 22853
Query scope: 41580
Query scope: 27332
Query scope: 22854
Query scope: 41581
Query scope: 27333
Query scope: 22855
Query scope: 41582
Query scope: 27334
Query scope: 22856
Query scope: 41583
Query scope: 27335
Query scope: 22857
Query scope: 41584
Query scope: 27336
Query scope: 22858
Query scope: 41585
Query scope: 27337
Query scope: 22859
Query scope: 41586
Query scope: 27338
Query scope: 22860
Query scope: 41587
Query scope: 27339
Query scope: 22861
Query scope: 41588
Query scope: 27340
Query scope: 22862
Query scope: 41589
Query scope: 27341
Query scope: 22863
Query scope: 41590
----------------------------
IIS optimality: optimal
IIS solution time: 1214.215
