IIS generation
Iter 1: 
Min Hitting Set: []
Min Correction Subset: [2155]
Iter 2: 
Min Hitting Set: [2155]
Min Correction Subset: [256]
Iter 3: 
Min Hitting Set: [256, 2155]
Min Correction Subset: [251]
Iter 4: 
Min Hitting Set: [251, 256, 2155]
Min Correction Subset: [242]
Iter 5: 
Min Hitting Set: [242, 251, 256, 2155]
Min Correction Subset: [213]
Iter 6: 
Min Hitting Set: [213, 242, 251, 256, 2155]
Min Correction Subset: [208]
Iter 7: 
Min Hitting Set: [208, 213, 242, 251, 256, 2155]
Min Correction Subset: [2154]
Optimal IIS
IIS generation
Instance: j9031_6
----------------------------
Query: 2
Query element:62,201
Query scope: 25309
----------------------------
IIS optimality: suboptimal
IIS solution time: 888.888
IIS Constraint: 208; precedence; {activity:76,predecessor:62}
IIS Constraint: 213; precedence; {activity:77,predecessor:76}
IIS Constraint: 242; precedence; {activity:87,predecessor:77}
IIS Constraint: 251; precedence; {activity:90,predecessor:87}
IIS Constraint: 256; precedence; {activity:92,predecessor:90}
IIS Constraint: 2154; query; {activity:62,t:201,query:2}
IIS Constraint: 2155; max; {f:80.0,objective:max}
