IIS generation
Iter 1: 
Min Hitting Set: []
Min Correction Subset: [2232]
Iter 2: 
Min Hitting Set: [2232]
Min Correction Subset: [285, 2230]
Iter 3: 
Min Hitting Set: [285, 2232]
Min Correction Subset: [282, 2230]
Iter 4: 
Min Hitting Set: [2230, 2232]
Min Correction Subset: [91, 283, 284, 285]
Iter 5: 
Min Hitting Set: [282, 285, 2232]
Min Correction Subset: [2230, 2231]
Iter 6: 
Min Hitting Set: [285, 2230, 2232]
Min Correction Subset: [90, 91, 280, 281, 282, 283, 284]
Optimal IIS
IIS generation
Instance: j9046_5
----------------------------
Query: 10
Query element:92,91
Query element:86,88
Query scope: 37571
Query scope: 35175
----------------------------
IIS optimality: suboptimal
IIS solution time: 4793.558
IIS Constraint: 91; completion; {activity:92}
IIS Constraint: 2230; query; {activity:92,t:91,query:10}
IIS Constraint: 2232; max; {f:91.0,objective:max}
