Instance: arbitrary-76-200-810000
----------------------------
Query: 8
Query element:14
Query scope: 8
Query scope: 9
Query scope: 11
Query scope: 36
Query scope: 38
Query scope: 48
Query scope: 49
Query scope: 50
Query scope: 52
Query scope: 67
Query scope: 84
Query scope: 101
Query scope: 111
Query scope: 114
Query scope: 130
Query scope: 132
Query scope: 135
Query scope: 137
Query scope: 140
Query scope: 150
Query scope: 152
Query scope: 156
Query scope: 162
Query scope: 163
Query scope: 164
Query scope: 165
Query scope: 167
Query scope: 177
Query scope: 182
Query scope: 190
Query scope: 192
Query scope: 193
Query scope: 194
