Instance: arbitrary-76-200-360000
----------------------------
Query: 8
Query element:38
Query scope: 7
Query scope: 9
Query scope: 11
Query scope: 12
Query scope: 28
Query scope: 31
Query scope: 32
Query scope: 39
Query scope: 41
Query scope: 64
Query scope: 67
Query scope: 68
Query scope: 77
Query scope: 81
Query scope: 83
Query scope: 84
Query scope: 85
Query scope: 86
Query scope: 87
Query scope: 89
Query scope: 92
Query scope: 106
Query scope: 107
Query scope: 109
Query scope: 110
Query scope: 121
Query scope: 132
Query scope: 133
Query scope: 134
Query scope: 135
Query scope: 140
Query scope: 159
Query scope: 167
Query scope: 178
Query scope: 179
Query scope: 180
Query scope: 181
Query scope: 182
Query scope: 183
Query scope: 187
Query scope: 193
Query scope: 194
Query scope: 195
