Instance: arbitrary-76-200-420000
----------------------------
Query: 9
Query element:71
Query element:41
Query scope: 0
Query scope: 1
Query scope: 5
Query scope: 6
Query scope: 7
Query scope: 9
Query scope: 10
Query scope: 12
Query scope: 15
Query scope: 16
Query scope: 29
Query scope: 30
Query scope: 47
Query scope: 49
Query scope: 54
Query scope: 58
Query scope: 74
Query scope: 81
Query scope: 114
Query scope: 123
Query scope: 131
Query scope: 166
Query scope: 168
Query scope: 170
Query scope: 174
Query scope: 198
Query scope: 8
Query scope: 14
Query scope: 26
Query scope: 28
Query scope: 35
Query scope: 38
Query scope: 53
Query scope: 55
Query scope: 57
Query scope: 62
Query scope: 64
Query scope: 72
Query scope: 73
Query scope: 82
Query scope: 88
Query scope: 89
Query scope: 93
Query scope: 96
Query scope: 97
Query scope: 98
Query scope: 100
Query scope: 108
Query scope: 119
Query scope: 140
Query scope: 149
Query scope: 177
Query scope: 199
