Instance: arbitrary-52-200-770000
----------------------------
Query: 9
Query element:88
Query element:1
Query scope: 198
Query scope: 199
Query scope: 200
Query scope: 201
Query scope: 202
Query scope: 203
Query scope: 7
Query scope: 11
Query scope: 13
Query scope: 26
Query scope: 75
Query scope: 79
Query scope: 80
Query scope: 81
Query scope: 82
Query scope: 83
Query scope: 84
Query scope: 93
Query scope: 96
Query scope: 98
Query scope: 100
Query scope: 101
Query scope: 102
Query scope: 103
Query scope: 104
Query scope: 105
Query scope: 106
Query scope: 107
Query scope: 108
Query scope: 109
Query scope: 110
Query scope: 111
Query scope: 112
Query scope: 121
Query scope: 122
Query scope: 128
Query scope: 132
Query scope: 137
Query scope: 140
Query scope: 143
Query scope: 144
Query scope: 148
Query scope: 166
Query scope: 168
Query scope: 177
Query scope: 191
