Instance: arbitrary-52-200-940000
----------------------------
Query: 8
Query element:23
Query scope: 3
Query scope: 11
Query scope: 12
Query scope: 14
Query scope: 21
Query scope: 31
Query scope: 33
Query scope: 34
Query scope: 39
Query scope: 41
Query scope: 44
Query scope: 45
Query scope: 59
Query scope: 60
Query scope: 61
Query scope: 62
Query scope: 63
Query scope: 64
Query scope: 72
Query scope: 74
Query scope: 82
Query scope: 83
Query scope: 84
Query scope: 85
Query scope: 86
Query scope: 87
Query scope: 88
Query scope: 116
Query scope: 120
Query scope: 122
Query scope: 124
Query scope: 157
Query scope: 158
Query scope: 159
Query scope: 160
Query scope: 161
Query scope: 163
Query scope: 165
Query scope: 166
Query scope: 183
Query scope: 184
Query scope: 187
Query scope: 190
Query scope: 191
Query scope: 192
Query scope: 194
