Instance: arbitrary-52-200-80000
----------------------------
Query: 7
Query element:25
Query scope: 12
Query scope: 14
Query scope: 15
Query scope: 16
Query scope: 17
Query scope: 19
Query scope: 28
Query scope: 29
Query scope: 39
Query scope: 45
Query scope: 53
Query scope: 54
Query scope: 55
Query scope: 56
Query scope: 57
Query scope: 58
Query scope: 71
Query scope: 72
Query scope: 73
Query scope: 74
Query scope: 75
Query scope: 76
Query scope: 83
Query scope: 86
Query scope: 88
Query scope: 89
Query scope: 90
Query scope: 91
Query scope: 92
Query scope: 93
Query scope: 107
Query scope: 109
Query scope: 121
Query scope: 123
Query scope: 124
Query scope: 134
Query scope: 139
Query scope: 142
Query scope: 149
Query scope: 150
Query scope: 151
Query scope: 152
Query scope: 153
Query scope: 161
Query scope: 167
Query scope: 168
Query scope: 190
Query scope: 192
Query scope: 193
Query scope: 195
Query scope: 197
