Instance: arbitrary-52-200-930000
----------------------------
Query: 7
Query element:44
Query scope: 14
Query scope: 19
Query scope: 23
Query scope: 29
Query scope: 32
Query scope: 52
Query scope: 53
Query scope: 54
Query scope: 55
Query scope: 56
Query scope: 62
Query scope: 67
Query scope: 68
Query scope: 69
Query scope: 72
Query scope: 75
Query scope: 76
Query scope: 80
Query scope: 81
Query scope: 82
Query scope: 83
Query scope: 84
Query scope: 85
Query scope: 88
Query scope: 90
Query scope: 100
Query scope: 101
Query scope: 104
Query scope: 105
Query scope: 109
Query scope: 111
Query scope: 127
Query scope: 137
Query scope: 138
Query scope: 139
Query scope: 143
Query scope: 146
Query scope: 170
Query scope: 172
Query scope: 173
Query scope: 182
Query scope: 183
Query scope: 185
Query scope: 187
Query scope: 190
Query scope: 193
