Instance: arbitrary-52-200-310000
----------------------------
Query: 7
Query element:34
Query scope: 1
Query scope: 23
Query scope: 26
Query scope: 27
Query scope: 28
Query scope: 32
Query scope: 35
Query scope: 36
Query scope: 37
Query scope: 38
Query scope: 39
Query scope: 56
Query scope: 58
Query scope: 59
Query scope: 66
Query scope: 67
Query scope: 68
Query scope: 69
Query scope: 71
Query scope: 79
Query scope: 95
Query scope: 98
Query scope: 99
Query scope: 100
Query scope: 107
Query scope: 108
Query scope: 126
Query scope: 137
Query scope: 154
Query scope: 155
Query scope: 157
Query scope: 163
Query scope: 167
Query scope: 170
Query scope: 171
Query scope: 172
Query scope: 173
Query scope: 185
Query scope: 187
Query scope: 188
Query scope: 189
Query scope: 192
Query scope: 194
