Instance: regions-52-200-230000
----------------------------
Query: 11
Query element:10
Query element:12
Query scope: 18
Query scope: 19
Query scope: 20
Query scope: 21
Query scope: 22
Query scope: 23
Query scope: 38
Query scope: 40
Query scope: 54
Query scope: 57
Query scope: 63
Query scope: 77
Query scope: 78
Query scope: 81
Query scope: 91
Query scope: 92
Query scope: 128
Query scope: 129
Query scope: 130
Query scope: 133
Query scope: 147
Query scope: 154
Query scope: 157
Query scope: 158
Query scope: 202
