Instance: regions-52-200-140000
----------------------------
Query: 10
Query element:36
Query element:35
Query scope: 0
Query scope: 1
Query scope: 2
Query scope: 3
Query scope: 4
Query scope: 5
Query scope: 57
Query scope: 58
Query scope: 61
Query scope: 62
Query scope: 91
Query scope: 96
Query scope: 101
Query scope: 115
Query scope: 116
Query scope: 128
Query scope: 131
Query scope: 138
Query scope: 141
Query scope: 143
Query scope: 144
Query scope: 145
Query scope: 146
Query scope: 148
Query scope: 161
Query scope: 163
Query scope: 164
Query scope: 165
Query scope: 167
Query scope: 170
Query scope: 200
