Instance: regions-52-200-200000
----------------------------
Query: 9
Query element:87
Query element:5
Query scope: 198
Query scope: 199
Query scope: 200
Query scope: 201
Query scope: 202
Query scope: 203
Query scope: 5
Query scope: 9
Query scope: 10
Query scope: 11
Query scope: 13
Query scope: 19
Query scope: 20
Query scope: 21
Query scope: 23
Query scope: 35
Query scope: 37
Query scope: 39
Query scope: 40
Query scope: 70
Query scope: 71
Query scope: 73
Query scope: 76
Query scope: 84
Query scope: 103
Query scope: 107
Query scope: 110
Query scope: 140
Query scope: 150
Query scope: 155
Query scope: 156
Query scope: 157
Query scope: 158
Query scope: 159
Query scope: 160
Query scope: 162
Query scope: 163
Query scope: 165
Query scope: 190
Query scope: 192
Query scope: 193
Query scope: 194
Query scope: 195
Query scope: 196
Query scope: 197
