Instance: scheduling-52-200-100000
----------------------------
Query: 11
Query element:21
Query element:20
Query scope: 16
Query scope: 17
Query scope: 18
Query scope: 19
Query scope: 20
Query scope: 61
Query scope: 62
Query scope: 63
Query scope: 64
Query scope: 65
Query scope: 66
Query scope: 67
Query scope: 85
Query scope: 86
Query scope: 87
Query scope: 88
Query scope: 89
Query scope: 90
Query scope: 91
Query scope: 92
Query scope: 93
Query scope: 134
Query scope: 177
Query scope: 178
Query scope: 179
Query scope: 180
Query scope: 181
Query scope: 182
Query scope: 183
Query scope: 184
Query scope: 185
