------------------------------------------
---------------- Solution ----------------
------------------------------------------
0. Bid: 48 Goods: [27, 40, 45, 53, 73, 95, 137]
1. Bid: 105 Goods: [23, 80, 82, 98, 99, 104, 110, 147]
2. Bid: 111 Goods: [12, 21, 148]
3. Bid: 149 Goods: [50, 81, 88, 156]
4. Bid: 158 Goods: [24, 48, 61, 86, 97, 126, 158]
5. Bid: 163 Goods: [111]
6. Bid: 177 Goods: [3, 4, 7, 13, 18, 22, 29, 31, 47, 56, 87, 91, 101, 106, 122, 124, 161]
7. Bid: 192 Goods: [64]
8. Bid: 193 Goods: [37, 78, 79, 164]
9. Bid: 196 Goods: [103]
10. Bid: 197 Goods: [125]
11. Bid: 198 Goods: [11]
12. Bid: 225 Goods: [36]
13. Bid: 228 Goods: [2, 9, 34, 59, 66, 69, 71, 76, 118, 119, 127, 170]
14. Bid: 264 Goods: [8, 10, 17, 39, 72, 100, 114, 176]
15. Bid: 294 Goods: [30, 96, 182]
16. Bid: 296 Goods: [6, 68, 105, 183]
17. Bid: 335 Goods: [26, 60, 75, 92, 108, 115, 190]
18. Bid: 355 Goods: [67, 89, 109, 194]
19. Bid: 376 Goods: [0, 84]
20. Bid: 388 Goods: [44, 74, 93, 200]
21. Bid: 415 Goods: [5, 58, 121, 205]
22. Bid: 461 Goods: [1, 43, 51, 213]
23. Bid: 465 Goods: [20, 38, 54, 77, 120, 214]
24. Bid: 495 Goods: [46]
Objective value: 8100.882500000001
Solving time: 15.31605
