------------------------------------------
---------------- Solution ----------------
------------------------------------------
0. Bid: 16 Goods: [89]
1. Bid: 25 Goods: [10, 108, 132]
2. Bid: 79 Goods: [38, 103, 142]
3. Bid: 81 Goods: [59]
4. Bid: 95 Goods: [16, 27, 28, 76, 81, 83, 118, 119, 145]
5. Bid: 119 Goods: [5, 18, 21, 24, 26, 29, 37, 44, 62, 86, 116, 149]
6. Bid: 148 Goods: [1, 49, 155]
7. Bid: 156 Goods: [78, 100, 157]
8. Bid: 158 Goods: [11, 19, 158]
9. Bid: 184 Goods: [7, 23, 73, 99, 125, 163]
10. Bid: 200 Goods: [93, 107, 124, 166]
11. Bid: 258 Goods: [12, 31, 64, 70, 71, 74, 84, 97, 101, 105, 114, 127, 175]
12. Bid: 294 Goods: [0, 25, 40, 41, 58, 66, 112, 113, 120, 181]
13. Bid: 390 Goods: [13, 22, 63, 65, 111, 199]
14. Bid: 396 Goods: [3, 9, 30, 34, 50, 54, 67, 75, 82, 91, 200]
15. Bid: 426 Goods: [14, 51, 53, 206]
16. Bid: 442 Goods: [43, 61, 68, 95, 110, 209]
17. Bid: 449 Goods: [17, 32, 72, 87, 210]
18. Bid: 451 Goods: [15, 36, 211]
19. Bid: 453 Goods: [45, 80, 106, 212]
20. Bid: 467 Goods: [48, 85, 215]
21. Bid: 480 Goods: [35, 88, 115, 218]
22. Bid: 489 Goods: [4, 8, 92, 94, 102, 121, 123, 126, 220]
Objective value: 7546.2858
Solving time: 23.22825
