------------------------------------------
---------------- Solution ----------------
------------------------------------------
0. Bid: 0 Goods: [8, 50, 128]
1. Bid: 10 Goods: [62, 100, 129]
2. Bid: 20 Goods: [71, 108, 130]
3. Bid: 30 Goods: [19, 29, 131]
4. Bid: 40 Goods: [54, 65, 132]
5. Bid: 56 Goods: [74, 93, 133]
6. Bid: 67 Goods: [15, 25, 134]
7. Bid: 70 Goods: [39, 76, 135]
8. Bid: 84 Goods: [27, 37, 136]
9. Bid: 97 Goods: [23, 60, 137]
10. Bid: 100 Goods: [94, 105, 138]
11. Bid: 110 Goods: [11, 21, 139]
12. Bid: 120 Goods: [78, 116, 140]
13. Bid: 133 Goods: [35, 72, 141]
14. Bid: 136 Goods: [2, 13, 142]
15. Bid: 146 Goods: [31, 41, 143]
16. Bid: 163 Goods: [73, 86, 144]
17. Bid: 180 Goods: [61, 92, 146]
18. Bid: 186 Goods: [43, 53, 147]
19. Bid: 196 Goods: [0, 33, 148]
20. Bid: 206 Goods: [81, 95, 149]
21. Bid: 218 Goods: [87, 124, 150]
22. Bid: 236 Goods: [16, 49, 152]
23. Bid: 245 Goods: [5, 36, 154]
24. Bid: 255 Goods: [102, 113, 155]
25. Bid: 268 Goods: [7, 44, 156]
26. Bid: 278 Goods: [51, 88, 157]
27. Bid: 281 Goods: [67, 77, 158]
28. Bid: 301 Goods: [56, 89, 160]
29. Bid: 311 Goods: [98, 109, 161]
30. Bid: 321 Goods: [1, 32, 162]
31. Bid: 327 Goods: [12, 55, 163]
32. Bid: 341 Goods: [42, 80, 164]
33. Bid: 347 Goods: [24, 66, 165]
34. Bid: 357 Goods: [59, 96, 166]
35. Bid: 367 Goods: [47, 84, 167]
36. Bid: 381 Goods: [34, 45, 168]
37. Bid: 391 Goods: [75, 112, 169]
38. Bid: 397 Goods: [26, 64, 170]
39. Bid: 411 Goods: [52, 85, 171]
40. Bid: 417 Goods: [69, 83, 172]
41. Bid: 427 Goods: [107, 117, 173]
42. Bid: 435 Goods: [28, 79, 174]
43. Bid: 443 Goods: [82, 120, 175]
44. Bid: 455 Goods: [97, 111, 176]
45. Bid: 456 Goods: [48, 91, 177]
46. Bid: 480 Goods: [68, 101, 179]
47. Bid: 486 Goods: [46, 57, 180]
48. Bid: 496 Goods: [3, 40, 181]
Objective value: 406.44291
Solving time: 0.02372
