------------------------------------------
---------------- Solution ----------------
------------------------------------------
0. Bid: 0 Goods: [12, 45, 128]
1. Bid: 10 Goods: [105, 119, 129]
2. Bid: 26 Goods: [40, 82, 131]
3. Bid: 45 Goods: [85, 99, 132]
4. Bid: 46 Goods: [74, 112, 133]
5. Bid: 66 Goods: [109, 123, 135]
6. Bid: 71 Goods: [84, 126, 136]
7. Bid: 79 Goods: [30, 68, 137]
8. Bid: 82 Goods: [27, 37, 138]
9. Bid: 92 Goods: [1, 32, 139]
10. Bid: 102 Goods: [15, 25, 140]
11. Bid: 112 Goods: [26, 64, 141]
12. Bid: 131 Goods: [20, 63, 142]
13. Bid: 132 Goods: [61, 75, 143]
14. Bid: 149 Goods: [10, 48, 144]
15. Bid: 152 Goods: [4, 47, 145]
16. Bid: 162 Goods: [56, 98, 146]
17. Bid: 181 Goods: [115, 125, 147]
18. Bid: 182 Goods: [41, 54, 148]
19. Bid: 201 Goods: [24, 66, 149]
20. Bid: 207 Goods: [87, 124, 150]
21. Bid: 218 Goods: [2, 13, 152]
22. Bid: 238 Goods: [79, 89, 154]
23. Bid: 248 Goods: [51, 88, 155]
24. Bid: 258 Goods: [9, 22, 156]
25. Bid: 268 Goods: [8, 50, 157]
26. Bid: 278 Goods: [62, 100, 158]
27. Bid: 292 Goods: [55, 92, 159]
28. Bid: 305 Goods: [46, 57, 160]
29. Bid: 317 Goods: [73, 86, 161]
30. Bid: 336 Goods: [34, 49, 163]
31. Bid: 347 Goods: [65, 96, 164]
32. Bid: 352 Goods: [67, 77, 165]
33. Bid: 358 Goods: [14, 52, 166]
34. Bid: 368 Goods: [7, 44, 167]
35. Bid: 387 Goods: [16, 58, 168]
36. Bid: 388 Goods: [43, 80, 169]
37. Bid: 398 Goods: [78, 116, 170]
38. Bid: 411 Goods: [38, 76, 171]
39. Bid: 423 Goods: [81, 94, 172]
40. Bid: 424 Goods: [35, 72, 173]
41. Bid: 441 Goods: [107, 117, 174]
42. Bid: 444 Goods: [42, 53, 175]
43. Bid: 463 Goods: [110, 121, 176]
44. Bid: 464 Goods: [71, 108, 177]
45. Bid: 474 Goods: [36, 69, 178]
46. Bid: 484 Goods: [103, 113, 179]
47. Bid: 499 Goods: [18, 60, 180]
Objective value: 357.0727
Solving time: 0.00961
