------------------------------------------
---------------- Solution ----------------
------------------------------------------
0. Bid: 6 Goods: [45]
1. Bid: 9 Goods: [43, 110, 129]
2. Bid: 13 Goods: [5, 94]
3. Bid: 17 Goods: [46, 56, 58, 89, 131]
4. Bid: 23 Goods: [8, 126, 132]
5. Bid: 32 Goods: [12, 85, 106, 134]
6. Bid: 41 Goods: [25, 41, 107, 136]
7. Bid: 49 Goods: [74, 138]
8. Bid: 52 Goods: [51, 118, 139]
9. Bid: 58 Goods: [64, 142]
10. Bid: 73 Goods: [37, 145]
11. Bid: 80 Goods: [9, 62, 147]
12. Bid: 116 Goods: [30, 99, 154]
13. Bid: 131 Goods: [83, 157]
14. Bid: 141 Goods: [15, 17, 18, 22]
15. Bid: 144 Goods: [20, 47, 113, 159]
16. Bid: 149 Goods: [100]
17. Bid: 159 Goods: [48, 50, 96, 162]
18. Bid: 166 Goods: [116]
19. Bid: 168 Goods: [42, 120, 124, 164]
20. Bid: 172 Goods: [6, 122]
21. Bid: 188 Goods: [4, 125, 168]
22. Bid: 191 Goods: [60, 169]
23. Bid: 196 Goods: [54, 93, 170]
24. Bid: 200 Goods: [53, 172]
25. Bid: 206 Goods: [1, 36, 111, 174]
26. Bid: 220 Goods: [29, 117, 59, 177]
27. Bid: 226 Goods: [33, 97]
28. Bid: 227 Goods: [57]
29. Bid: 233 Goods: [109, 65, 179]
30. Bid: 238 Goods: [71, 180]
31. Bid: 259 Goods: [11, 76]
32. Bid: 262 Goods: [34]
33. Bid: 273 Goods: [102, 92, 187]
34. Bid: 287 Goods: [7, 105, 190]
35. Bid: 289 Goods: [32]
36. Bid: 294 Goods: [39, 114, 63, 191]
37. Bid: 319 Goods: [103]
38. Bid: 349 Goods: [24, 23, 68, 49, 203]
39. Bid: 363 Goods: [91]
40. Bid: 376 Goods: [75, 79, 16, 207]
41. Bid: 386 Goods: [112, 21, 210]
42. Bid: 396 Goods: [86, 123, 212]
43. Bid: 418 Goods: [40, 82, 88, 216]
44. Bid: 427 Goods: [108]
45. Bid: 435 Goods: [35, 67, 220]
46. Bid: 437 Goods: [84, 14, 221]
47. Bid: 441 Goods: [28, 70, 90, 222]
48. Bid: 446 Goods: [78, 115, 10]
49. Bid: 461 Goods: [44, 81, 80, 226]
50. Bid: 467 Goods: [2, 66, 228]
51. Bid: 480 Goods: [55, 31, 127, 231]
52. Bid: 491 Goods: [38, 104, 77, 234]
53. Bid: 497 Goods: [61, 0, 87, 19, 119, 235]
Objective value: 39.957197
Solving time: 0.03000
