------------------------------------------
---------------- Solution ----------------
------------------------------------------
0. Bid: 9 Goods: [8, 114, 130]
1. Bid: 15 Goods: [80, 115, 131]
2. Bid: 24 Goods: [13, 96, 132]
3. Bid: 27 Goods: [4, 73, 82]
4. Bid: 29 Goods: [35, 58, 76, 134]
5. Bid: 39 Goods: [19, 22, 70, 137]
6. Bid: 50 Goods: [29, 126, 139]
7. Bid: 73 Goods: [20, 61, 105, 116, 144]
8. Bid: 80 Goods: [26, 67, 146]
9. Bid: 85 Goods: [55, 60, 83, 110, 147]
10. Bid: 104 Goods: [27, 39, 97, 150]
11. Bid: 109 Goods: [42, 53]
12. Bid: 112 Goods: [12, 36, 86, 151]
13. Bid: 117 Goods: [2, 122, 152]
14. Bid: 142 Goods: [113, 158]
15. Bid: 155 Goods: [88, 95, 161]
16. Bid: 158 Goods: [62, 162]
17. Bid: 161 Goods: [9, 11, 57, 163]
18. Bid: 170 Goods: [24, 120]
19. Bid: 171 Goods: [3, 31, 44, 99, 121, 165]
20. Bid: 176 Goods: [81, 166]
21. Bid: 178 Goods: [0, 91, 167]
22. Bid: 183 Goods: [45, 71, 168]
23. Bid: 187 Goods: [75, 170]
24. Bid: 200 Goods: [25, 63, 125, 172]
25. Bid: 243 Goods: [50, 38, 37, 33, 34, 182]
26. Bid: 250 Goods: [32, 109, 106, 184]
27. Bid: 267 Goods: [40, 112, 188]
28. Bid: 272 Goods: [111, 43]
29. Bid: 277 Goods: [93]
30. Bid: 287 Goods: [108, 192]
31. Bid: 296 Goods: [87, 6, 46, 41, 194]
32. Bid: 305 Goods: [127, 5, 30, 77, 196]
33. Bid: 345 Goods: [103, 18, 23, 205]
34. Bid: 353 Goods: [1, 78, 66, 119, 207]
35. Bid: 363 Goods: [69, 47, 209]
36. Bid: 365 Goods: [7, 123, 210]
37. Bid: 381 Goods: [10, 107, 213]
38. Bid: 390 Goods: [56, 102, 215]
39. Bid: 400 Goods: [104, 218]
40. Bid: 430 Goods: [90, 52, 224]
41. Bid: 448 Goods: [100, 227]
42. Bid: 460 Goods: [28, 49, 64, 14, 229]
43. Bid: 473 Goods: [21, 232]
44. Bid: 476 Goods: [65, 233]
45. Bid: 482 Goods: [48, 101, 54, 92, 16, 234]
Objective value: 33.408974
Solving time: 0.02948
