------------------------------------------
---------------- Solution ----------------
------------------------------------------
0. Bid: 14 Goods: [4, 12, 127, 130]
1. Bid: 20 Goods: [25, 36, 43, 99, 132]
2. Bid: 38 Goods: [45, 83, 137]
3. Bid: 56 Goods: [90, 141]
4. Bid: 69 Goods: [34, 120, 144]
5. Bid: 77 Goods: [24, 126, 145]
6. Bid: 102 Goods: [8, 27, 84, 150]
7. Bid: 107 Goods: [39]
8. Bid: 108 Goods: [56, 125, 151]
9. Bid: 120 Goods: [9, 33, 114, 153]
10. Bid: 128 Goods: [82, 155]
11. Bid: 147 Goods: [61, 103, 161]
12. Bid: 150 Goods: [91, 162]
13. Bid: 157 Goods: [58, 101, 163]
14. Bid: 160 Goods: [5, 35, 124, 164]
15. Bid: 166 Goods: [50, 119, 165]
16. Bid: 171 Goods: [16]
17. Bid: 183 Goods: [40, 79, 169]
18. Bid: 190 Goods: [70, 171]
19. Bid: 195 Goods: [109, 172]
20. Bid: 203 Goods: [37, 64, 93, 111, 174]
21. Bid: 208 Goods: [32, 52, 115, 175]
22. Bid: 222 Goods: [23, 78]
23. Bid: 224 Goods: [6, 51, 59, 76, 180]
24. Bid: 230 Goods: [17, 26, 106]
25. Bid: 235 Goods: [100, 55, 183]
26. Bid: 239 Goods: [63, 44, 184]
27. Bid: 242 Goods: [113, 20]
28. Bid: 253 Goods: [73, 0, 187]
29. Bid: 258 Goods: [65, 188]
30. Bid: 270 Goods: [31]
31. Bid: 291 Goods: [67, 7, 196]
32. Bid: 301 Goods: [95, 102, 11, 198]
33. Bid: 325 Goods: [96, 123, 204]
34. Bid: 330 Goods: [97, 205]
35. Bid: 335 Goods: [107, 80, 105]
36. Bid: 336 Goods: [47, 66, 206]
37. Bid: 345 Goods: [88, 13, 86, 209]
38. Bid: 374 Goods: [98]
39. Bid: 382 Goods: [48, 118, 15, 49, 215]
40. Bid: 383 Goods: [2, 1, 116, 216]
41. Bid: 404 Goods: [30]
42. Bid: 426 Goods: [72, 71, 225]
43. Bid: 429 Goods: [104, 69, 28, 226]
44. Bid: 435 Goods: [46, 75, 122, 227]
45. Bid: 439 Goods: [108, 229]
46. Bid: 444 Goods: [3, 92]
47. Bid: 445 Goods: [87, 112, 230]
48. Bid: 455 Goods: [89, 14, 232]
49. Bid: 460 Goods: [41, 77, 54, 233]
50. Bid: 465 Goods: [94, 62, 234]
51. Bid: 467 Goods: [19]
52. Bid: 489 Goods: [42, 85, 53, 240]
Objective value: 36.4318182
Solving time: 0.02754
