------------------------------------------
---------------- Solution ----------------
------------------------------------------
0. Bid: 9 Goods: [127]
1. Bid: 27 Goods: [12, 13, 23, 24, 133]
2. Bid: 68 Goods: [22, 33, 34, 44, 55, 140]
3. Bid: 95 Goods: [126]
4. Bid: 97 Goods: [56, 66, 67, 68, 77, 145]
5. Bid: 114 Goods: [123]
6. Bid: 125 Goods: [51, 52, 62, 63, 64, 73, 74, 75, 87, 149]
7. Bid: 166 Goods: [2]
8. Bid: 181 Goods: [124]
9. Bid: 189 Goods: [92, 103, 104, 105, 116, 161]
10. Bid: 208 Goods: [25, 26, 36, 37, 47, 164]
11. Bid: 242 Goods: [40]
12. Bid: 263 Goods: [78, 79, 82, 83, 84, 85, 86, 89, 90, 91, 94, 95, 96, 97, 98, 100, 101, 107, 108, 110, 111, 118, 173]
13. Bid: 268 Goods: [122]
14. Bid: 270 Goods: [54, 65, 174]
15. Bid: 314 Goods: [3, 14, 15, 183]
16. Bid: 344 Goods: [76]
17. Bid: 351 Goods: [29]
18. Bid: 380 Goods: [10, 20, 21, 30, 32, 41, 42, 195]
19. Bid: 404 Goods: [4, 5, 6, 7, 8, 9, 16, 17, 18, 27, 28, 199]
20. Bid: 430 Goods: [109, 120]
21. Bid: 473 Goods: [102, 106, 112, 113, 212]
22. Bid: 502 Goods: [39, 46, 49, 50, 57, 58, 59, 60, 61, 69, 70, 72, 80, 216]
Objective value: 8530.968
Solving time: 0.55840
