------------------------------------------
---------------- Solution ----------------
------------------------------------------
0. Bid: 6 Goods: [107]
1. Bid: 25 Goods: [58, 59]
2. Bid: 33 Goods: [23, 24, 25, 26, 34, 133]
3. Bid: 45 Goods: [97, 98, 108, 109, 119, 120, 135]
4. Bid: 55 Goods: [10, 21, 32, 43, 137]
5. Bid: 94 Goods: [35, 44, 45, 46, 56, 57, 67, 77, 78, 79, 145]
6. Bid: 99 Goods: [102, 103, 114, 146]
7. Bid: 121 Goods: [123]
8. Bid: 142 Goods: [55]
9. Bid: 161 Goods: [88, 89, 90, 158]
10. Bid: 174 Goods: [3, 4, 5, 14, 15, 16, 126, 160]
11. Bid: 190 Goods: [127]
12. Bid: 215 Goods: [48, 49, 50, 168]
13. Bid: 235 Goods: [118]
14. Bid: 247 Goods: [121]
15. Bid: 255 Goods: [60, 61, 70, 71, 72, 175]
16. Bid: 265 Goods: [74]
17. Bid: 290 Goods: [100, 101, 111, 112, 113, 181]
18. Bid: 372 Goods: [40, 41, 42, 51, 52, 53, 64, 195]
19. Bid: 385 Goods: [95, 96, 198]
20. Bid: 394 Goods: [36, 47, 200]
21. Bid: 418 Goods: [62, 73, 80, 81, 82, 83, 91, 92, 93, 94, 99, 104, 105, 106, 115, 116, 117, 206]
22. Bid: 435 Goods: [27, 38, 39, 210]
23. Bid: 456 Goods: [1, 2, 11, 12, 13, 22, 33, 65, 75, 76, 85, 86, 87, 214]
24. Bid: 472 Goods: [9, 20, 30, 31, 217]
25. Bid: 481 Goods: [6, 7, 8, 17, 18, 19, 28, 29, 219]
Objective value: 7815.875863
Solving time: 0.54111
