------------------------------------------
---------------- Solution ----------------
------------------------------------------
0. Bid: 13 Goods: [88]
1. Bid: 14 Goods: [122]
2. Bid: 65 Goods: [9, 10, 54, 65, 140]
3. Bid: 96 Goods: [64, 74, 75, 76, 84, 85, 86, 95, 96, 97, 98, 106, 108, 109, 146]
4. Bid: 101 Goods: [125]
5. Bid: 123 Goods: [8, 19, 20, 21, 30, 31, 32, 40, 41, 42, 43, 53, 150]
6. Bid: 156 Goods: [51, 52, 62, 63, 157]
7. Bid: 163 Goods: [93, 104, 105, 116, 117, 158]
8. Bid: 184 Goods: [100, 110, 111, 162]
9. Bid: 200 Goods: [101, 102, 103, 112, 113, 114, 166]
10. Bid: 218 Goods: [0, 1, 11, 12, 22, 23, 33, 170]
11. Bid: 290 Goods: [121]
12. Bid: 310 Goods: [57, 58, 68, 186]
13. Bid: 324 Goods: [107]
14. Bid: 346 Goods: [5, 6, 14, 15, 16, 17, 18, 28, 29, 39, 50, 192]
15. Bid: 369 Goods: [26, 27, 37, 38, 49, 196]
16. Bid: 397 Goods: [120]
17. Bid: 401 Goods: [71, 72, 73, 83, 201]
18. Bid: 405 Goods: [123]
19. Bid: 412 Goods: [89, 90, 91, 92, 203]
20. Bid: 418 Goods: [59, 60, 70, 204]
21. Bid: 441 Goods: [69, 78, 79, 80, 81, 82, 208]
22. Bid: 479 Goods: [55, 56, 66, 67, 77, 87, 215]
23. Bid: 491 Goods: [2, 3, 4, 13, 24, 25, 34, 35, 36, 44, 45, 46, 47, 48, 217]
Objective value: 8074.3115
Solving time: 0.53982
