------------------------------------------
---------------- Solution ----------------
------------------------------------------
0. Bid: 3 Goods: [0, 11, 129]
1. Bid: 32 Goods: [123]
2. Bid: 51 Goods: [6]
3. Bid: 80 Goods: [1, 2, 3, 12, 13, 145]
4. Bid: 148 Goods: [77, 78]
5. Bid: 173 Goods: [121]
6. Bid: 185 Goods: [15, 74, 75, 83, 84, 85, 95, 96, 97, 107, 108, 109, 117, 118, 120, 163]
7. Bid: 186 Goods: [65, 76, 87, 164]
8. Bid: 221 Goods: [126]
9. Bid: 231 Goods: [68, 69, 70, 80, 81, 172]
10. Bid: 235 Goods: [35, 88, 89, 99, 100, 101, 110, 111, 173]
11. Bid: 258 Goods: [36, 37, 44, 45, 46, 47, 49, 55, 56, 57, 58, 59, 60, 66, 67, 98, 177]
12. Bid: 269 Goods: [43, 54, 64, 179]
13. Bid: 292 Goods: [79, 90, 119, 183]
14. Bid: 293 Goods: [127]
15. Bid: 320 Goods: [22, 23, 24, 25, 26, 34, 48, 189]
16. Bid: 424 Goods: [71, 82, 91, 92, 93, 94, 102, 104, 105, 112, 113, 114, 115, 116, 207]
17. Bid: 490 Goods: [4, 5, 7, 8, 9, 16, 17, 18, 19, 21, 27, 28, 29, 30, 31, 32, 39, 40, 220]
18. Bid: 496 Goods: [50, 51, 52, 61, 62, 63, 221]
Objective value: 8186.4542
Solving time: 0.56020
