------------------------------------------
---------------- Solution ----------------
------------------------------------------
0. Bid: 2 Goods: [100, 101, 128]
1. Bid: 5 Goods: [23, 24, 33, 34, 35, 44, 45, 55, 68, 69, 129]
2. Bid: 44 Goods: [104, 105, 106, 136]
3. Bid: 47 Goods: [47, 56, 57, 58, 66, 67, 77, 78, 137]
4. Bid: 70 Goods: [0, 1, 12, 141]
5. Bid: 95 Goods: [3]
6. Bid: 98 Goods: [50, 61, 62, 63, 146]
7. Bid: 125 Goods: [102, 103]
8. Bid: 191 Goods: [79, 88, 89, 90, 163]
9. Bid: 227 Goods: [123]
10. Bid: 257 Goods: [73, 84, 85, 86, 94, 95, 96, 97, 107, 118, 175]
11. Bid: 273 Goods: [49, 60, 71, 72, 178]
12. Bid: 283 Goods: [2, 13, 14, 15, 25, 26, 180]
13. Bid: 300 Goods: [76, 87, 98, 108, 109, 119, 120, 183]
14. Bid: 318 Goods: [81, 82, 91, 92, 93, 186]
15. Bid: 336 Goods: [40, 41, 51, 52, 189]
16. Bid: 445 Goods: [126]
17. Bid: 472 Goods: [36, 37, 38, 48, 213]
18. Bid: 484 Goods: [99, 110, 111, 112, 113, 114, 115, 215]
19. Bid: 491 Goods: [4, 5, 6, 7, 8, 9, 10, 16, 17, 18, 19, 20, 21, 27, 28, 29, 30, 31, 32, 39, 42, 43, 53, 54, 64, 75, 216]
Objective value: 7793.4089
Solving time: 0.69799
