IIS generation
Instance: scheduling-128-1000-420000
----------------------------
Query: 11
Query element:5
Query element:4
Query scope: 2
Query scope: 3
Query scope: 4
Query scope: 124
Query scope: 125
Query scope: 126
Query scope: 127
Query scope: 128
Query scope: 238
Query scope: 239
Query scope: 240
Query scope: 241
Query scope: 242
Query scope: 359
Query scope: 360
Query scope: 361
Query scope: 362
Query scope: 363
Query scope: 429
Query scope: 430
Query scope: 431
Query scope: 432
Query scope: 433
Query scope: 519
Query scope: 520
Query scope: 521
Query scope: 522
Query scope: 523
Query scope: 642
Query scope: 643
Query scope: 644
Query scope: 645
Query scope: 646
Query scope: 763
Query scope: 764
Query scope: 765
Query scope: 766
Query scope: 767
Query scope: 889
Query scope: 890
----------------------------
IIS optimality: optimal
IIS solution time: 0.04089
