IIS generation
Instance: regions-128-1000-230000
----------------------------
Query: 8
Query element:81
Query scope: 25
Query scope: 26
Query scope: 49
Query scope: 61
Query scope: 89
Query scope: 91
Query scope: 118
Query scope: 120
Query scope: 121
Query scope: 178
Query scope: 251
Query scope: 266
Query scope: 267
Query scope: 317
Query scope: 371
Query scope: 372
Query scope: 374
Query scope: 435
Query scope: 448
Query scope: 452
Query scope: 465
Query scope: 479
Query scope: 500
Query scope: 515
Query scope: 527
Query scope: 528
Query scope: 532
Query scope: 581
Query scope: 635
Query scope: 636
Query scope: 661
Query scope: 663
Query scope: 687
Query scope: 754
Query scope: 805
Query scope: 846
Query scope: 863
Query scope: 877
Query scope: 879
Query scope: 888
----------------------------
IIS optimality: optimal
IIS solution time: 36062.87764
