IIS generation
Instance: arbitrary-128-1000-510000
----------------------------
Query: 8
Query element:16
Query scope: 11
Query scope: 19
Query scope: 36
Query scope: 40
Query scope: 42
Query scope: 159
Query scope: 175
Query scope: 180
Query scope: 209
Query scope: 225
Query scope: 237
Query scope: 238
Query scope: 240
Query scope: 244
Query scope: 251
Query scope: 252
Query scope: 263
Query scope: 265
Query scope: 266
Query scope: 271
Query scope: 279
Query scope: 280
Query scope: 287
Query scope: 289
Query scope: 304
Query scope: 317
Query scope: 319
Query scope: 354
Query scope: 356
Query scope: 357
Query scope: 358
Query scope: 389
Query scope: 400
Query scope: 402
Query scope: 428
Query scope: 431
Query scope: 444
Query scope: 494
Query scope: 503
Query scope: 518
Query scope: 535
Query scope: 536
Query scope: 542
Query scope: 556
Query scope: 564
Query scope: 590
Query scope: 591
Query scope: 592
Query scope: 593
Query scope: 594
Query scope: 615
Query scope: 631
Query scope: 636
Query scope: 641
Query scope: 646
Query scope: 647
Query scope: 653
Query scope: 665
Query scope: 668
Query scope: 674
Query scope: 675
Query scope: 676
Query scope: 691
Query scope: 694
Query scope: 701
Query scope: 723
Query scope: 726
Query scope: 735
Query scope: 747
Query scope: 749
Query scope: 752
Query scope: 756
Query scope: 760
Query scope: 765
Query scope: 777
Query scope: 778
Query scope: 804
Query scope: 814
Query scope: 822
Query scope: 823
Query scope: 840
Query scope: 872
Query scope: 874
Query scope: 920
Query scope: 937
Query scope: 986
----------------------------
IIS optimality: optimal
IIS solution time: 35999.74898
