IIS generation
Instance: arbitrary-128-1000-740000
----------------------------
Query: 9
Query element:16
Query element:104
Query scope: 1
Query scope: 4
Query scope: 8
Query scope: 11
Query scope: 16
Query scope: 29
Query scope: 38
Query scope: 42
Query scope: 64
Query scope: 70
Query scope: 71
Query scope: 106
Query scope: 107
Query scope: 110
Query scope: 127
Query scope: 131
Query scope: 132
Query scope: 155
Query scope: 164
Query scope: 165
Query scope: 167
Query scope: 171
Query scope: 188
Query scope: 192
Query scope: 202
Query scope: 203
Query scope: 216
Query scope: 221
Query scope: 232
Query scope: 234
Query scope: 239
Query scope: 242
Query scope: 250
Query scope: 280
Query scope: 290
Query scope: 320
Query scope: 330
Query scope: 351
Query scope: 353
Query scope: 371
Query scope: 372
Query scope: 373
Query scope: 375
Query scope: 377
Query scope: 379
Query scope: 382
Query scope: 395
Query scope: 396
Query scope: 399
Query scope: 431
Query scope: 461
Query scope: 473
Query scope: 486
Query scope: 487
Query scope: 496
Query scope: 501
Query scope: 515
Query scope: 545
Query scope: 577
Query scope: 589
Query scope: 599
Query scope: 606
Query scope: 613
Query scope: 640
Query scope: 662
Query scope: 685
Query scope: 689
Query scope: 701
Query scope: 704
Query scope: 734
Query scope: 740
Query scope: 758
Query scope: 812
Query scope: 851
Query scope: 856
Query scope: 861
Query scope: 881
Query scope: 917
Query scope: 929
Query scope: 940
Query scope: 965
Query scope: 971
Query scope: 982
Query scope: 987
Query scope: 993
Query scope: 994
Query scope: 9
Query scope: 19
Query scope: 48
Query scope: 63
Query scope: 128
Query scope: 147
Query scope: 168
Query scope: 172
Query scope: 179
Query scope: 204
Query scope: 206
Query scope: 219
Query scope: 220
Query scope: 223
Query scope: 230
Query scope: 231
Query scope: 244
Query scope: 256
Query scope: 266
Query scope: 269
Query scope: 283
Query scope: 285
Query scope: 333
Query scope: 343
Query scope: 344
Query scope: 366
Query scope: 367
Query scope: 368
Query scope: 370
Query scope: 380
Query scope: 448
Query scope: 451
Query scope: 481
Query scope: 484
Query scope: 508
Query scope: 514
Query scope: 539
Query scope: 597
Query scope: 607
Query scope: 633
Query scope: 638
Query scope: 639
Query scope: 643
Query scope: 649
Query scope: 650
Query scope: 669
Query scope: 674
Query scope: 677
Query scope: 678
Query scope: 681
Query scope: 682
Query scope: 751
Query scope: 853
Query scope: 857
Query scope: 858
Query scope: 870
Query scope: 885
Query scope: 920
Query scope: 976
Query scope: 977
Query scope: 979
Query scope: 991
Query scope: 992
----------------------------
IIS optimality: optimal
IIS solution time: 36013.70069
