IIS generation
Instance: regions-128-1000-520000
----------------------------
Query: 9
Query element:298
Query element:75
Query scope: 932
Query scope: 933
Query scope: 934
Query scope: 935
Query scope: 936
Query scope: 937
Query scope: 18
Query scope: 47
Query scope: 51
Query scope: 52
Query scope: 63
Query scope: 103
Query scope: 190
Query scope: 192
Query scope: 195
Query scope: 196
Query scope: 228
Query scope: 246
Query scope: 247
Query scope: 248
Query scope: 250
Query scope: 251
Query scope: 262
Query scope: 264
Query scope: 267
Query scope: 299
Query scope: 315
Query scope: 316
Query scope: 317
Query scope: 319
Query scope: 320
Query scope: 344
Query scope: 356
Query scope: 357
Query scope: 375
Query scope: 426
Query scope: 456
Query scope: 483
Query scope: 492
Query scope: 494
Query scope: 500
Query scope: 514
Query scope: 515
Query scope: 516
Query scope: 519
Query scope: 520
Query scope: 523
Query scope: 525
Query scope: 530
Query scope: 581
Query scope: 583
Query scope: 601
Query scope: 603
Query scope: 605
Query scope: 627
Query scope: 629
Query scope: 693
Query scope: 694
Query scope: 695
Query scope: 696
Query scope: 718
Query scope: 720
Query scope: 724
Query scope: 725
Query scope: 726
Query scope: 728
Query scope: 729
Query scope: 740
Query scope: 743
Query scope: 745
Query scope: 751
Query scope: 765
Query scope: 766
Query scope: 767
Query scope: 773
Query scope: 774
Query scope: 796
Query scope: 800
Query scope: 801
Query scope: 813
Query scope: 814
Query scope: 836
Query scope: 838
Query scope: 841
Query scope: 844
Query scope: 893
Query scope: 895
Query scope: 896
Query scope: 897
Query scope: 898
Query scope: 907
Query scope: 908
Query scope: 909
Query scope: 910
Query scope: 913
Query scope: 916
Query scope: 917
Query scope: 918
Query scope: 958
Query scope: 960
Query scope: 961
Query scope: 962
Query scope: 967
Query scope: 971
Query scope: 984
Query scope: 985
Query scope: 986
Query scope: 996
Query scope: 999
----------------------------
IIS optimality: suboptimal
IIS solution time: 36015.26723
IIS Constraint: 74; goods; {good:74}
IIS Constraint: 75; goods; {good:75}
IIS Constraint: 76; goods; {good:76}
IIS Constraint: 78; goods; {good:78}
IIS Constraint: 80; goods; {good:80}
IIS Constraint: 81; goods; {good:81}
IIS Constraint: 82; goods; {good:82}
IIS Constraint: 83; goods; {good:83}
IIS Constraint: 85; goods; {good:85}
IIS Constraint: 86; goods; {good:86}
IIS Constraint: 87; goods; {good:87}
IIS Constraint: 88; goods; {good:88}
IIS Constraint: 89; goods; {good:89}
IIS Constraint: 90; goods; {good:90}
IIS Constraint: 91; goods; {good:91}
IIS Constraint: 92; goods; {good:92}
IIS Constraint: 93; goods; {good:93}
IIS Constraint: 94; goods; {good:94}
IIS Constraint: 95; goods; {good:95}
IIS Constraint: 96; goods; {good:96}
IIS Constraint: 97; goods; {good:97}
IIS Constraint: 99; goods; {good:99}
IIS Constraint: 100; goods; {good:100}
IIS Constraint: 101; goods; {good:101}
IIS Constraint: 102; goods; {good:102}
IIS Constraint: 103; goods; {good:103}
IIS Constraint: 104; goods; {good:104}
IIS Constraint: 105; goods; {good:105}
IIS Constraint: 106; goods; {good:106}
IIS Constraint: 108; goods; {good:108}
IIS Constraint: 109; goods; {good:109}
IIS Constraint: 113; goods; {good:113}
IIS Constraint: 115; goods; {good:115}
IIS Constraint: 116; goods; {good:116}
IIS Constraint: 118; goods; {good:118}
IIS Constraint: 119; goods; {good:119}
IIS Constraint: 122; goods; {good:122}
IIS Constraint: 126; goods; {good:126}
IIS Constraint: 311; query; {good:298,query:9}
IIS Constraint: 313; max; {f:8768.7655,objective:max}
