IIS generation
Instance: scheduling-128-1000-190000
----------------------------
Query: 2
Query element:820
Query scope: 820
----------------------------
IIS optimality: suboptimal
IIS solution time: 0.05469
IIS Constraint: 6; goods; {good:6}
IIS Constraint: 128; goods; {good:128}
IIS Constraint: 129; goods; {good:129}
IIS Constraint: 130; goods; {good:130}
IIS Constraint: 131; goods; {good:131}
IIS Constraint: 132; goods; {good:132}
IIS Constraint: 133; goods; {good:133}
IIS Constraint: 134; goods; {good:134}
IIS Constraint: 135; goods; {good:135}
IIS Constraint: 136; goods; {good:136}
IIS Constraint: 137; goods; {good:137}
IIS Constraint: 138; query; {bid:820,query:2}
IIS Constraint: 139; max; {f:96.07920299999999,objective:max}
