IIS generation
Instance: regions-128-1000-560000
----------------------------
Query: 9
Query element:94
Query element:48
Query scope: 5
Query scope: 23
Query scope: 24
Query scope: 89
Query scope: 91
Query scope: 93
Query scope: 177
Query scope: 188
Query scope: 191
Query scope: 193
Query scope: 194
Query scope: 196
Query scope: 197
Query scope: 203
Query scope: 205
Query scope: 217
Query scope: 220
Query scope: 226
Query scope: 228
Query scope: 256
Query scope: 257
Query scope: 258
Query scope: 259
Query scope: 260
Query scope: 261
Query scope: 263
Query scope: 265
Query scope: 267
Query scope: 277
Query scope: 278
Query scope: 279
Query scope: 280
Query scope: 281
Query scope: 282
Query scope: 332
Query scope: 343
Query scope: 369
Query scope: 397
Query scope: 402
Query scope: 416
Query scope: 417
Query scope: 418
Query scope: 450
Query scope: 485
Query scope: 486
Query scope: 487
Query scope: 488
Query scope: 489
Query scope: 490
Query scope: 546
Query scope: 547
Query scope: 549
Query scope: 550
Query scope: 552
Query scope: 562
Query scope: 589
Query scope: 590
Query scope: 595
Query scope: 599
Query scope: 600
Query scope: 601
Query scope: 602
Query scope: 603
Query scope: 604
Query scope: 605
Query scope: 606
Query scope: 616
Query scope: 617
Query scope: 618
Query scope: 619
Query scope: 621
Query scope: 630
Query scope: 632
Query scope: 655
Query scope: 666
Query scope: 667
Query scope: 670
Query scope: 717
Query scope: 718
Query scope: 720
Query scope: 721
Query scope: 722
Query scope: 735
Query scope: 736
Query scope: 739
Query scope: 742
Query scope: 746
Query scope: 753
Query scope: 769
Query scope: 770
Query scope: 771
Query scope: 785
Query scope: 786
Query scope: 787
Query scope: 788
Query scope: 789
Query scope: 790
Query scope: 791
Query scope: 848
Query scope: 849
Query scope: 850
Query scope: 852
Query scope: 853
Query scope: 876
Query scope: 877
Query scope: 879
Query scope: 880
Query scope: 895
Query scope: 919
Query scope: 923
Query scope: 924
Query scope: 927
Query scope: 933
Query scope: 938
Query scope: 949
Query scope: 963
Query scope: 972
Query scope: 987
Query scope: 989
Query scope: 996
Query scope: 12
Query scope: 34
Query scope: 36
Query scope: 101
Query scope: 163
Query scope: 164
Query scope: 218
Query scope: 219
Query scope: 221
Query scope: 222
Query scope: 224
Query scope: 309
Query scope: 312
Query scope: 331
Query scope: 334
Query scope: 364
Query scope: 389
Query scope: 391
Query scope: 392
Query scope: 393
Query scope: 394
Query scope: 395
Query scope: 431
Query scope: 463
Query scope: 464
Query scope: 465
Query scope: 467
Query scope: 483
Query scope: 513
Query scope: 535
Query scope: 573
Query scope: 583
Query scope: 597
Query scope: 635
Query scope: 636
Query scope: 694
Query scope: 695
Query scope: 696
Query scope: 730
Query scope: 731
Query scope: 733
Query scope: 734
Query scope: 760
Query scope: 774
Query scope: 776
Query scope: 783
Query scope: 784
Query scope: 847
Query scope: 864
Query scope: 926
Query scope: 939
Query scope: 940
Query scope: 941
Query scope: 945
Query scope: 947
Query scope: 954
Query scope: 988
----------------------------
IIS optimality: suboptimal
IIS solution time: 36020.12299
IIS Constraint: 43; goods; {good:43}
IIS Constraint: 44; goods; {good:44}
IIS Constraint: 45; goods; {good:45}
IIS Constraint: 46; goods; {good:46}
IIS Constraint: 47; goods; {good:47}
IIS Constraint: 48; goods; {good:48}
IIS Constraint: 49; goods; {good:49}
IIS Constraint: 50; goods; {good:50}
IIS Constraint: 51; goods; {good:51}
IIS Constraint: 52; goods; {good:52}
IIS Constraint: 53; goods; {good:53}
IIS Constraint: 54; goods; {good:54}
IIS Constraint: 55; goods; {good:55}
IIS Constraint: 56; goods; {good:56}
IIS Constraint: 57; goods; {good:57}
IIS Constraint: 58; goods; {good:58}
IIS Constraint: 59; goods; {good:59}
IIS Constraint: 60; goods; {good:60}
IIS Constraint: 61; goods; {good:61}
IIS Constraint: 62; goods; {good:62}
IIS Constraint: 63; goods; {good:63}
IIS Constraint: 64; goods; {good:64}
IIS Constraint: 65; goods; {good:65}
IIS Constraint: 66; goods; {good:66}
IIS Constraint: 67; goods; {good:67}
IIS Constraint: 68; goods; {good:68}
IIS Constraint: 69; goods; {good:69}
IIS Constraint: 70; goods; {good:70}
IIS Constraint: 71; goods; {good:71}
IIS Constraint: 72; goods; {good:72}
IIS Constraint: 73; goods; {good:73}
IIS Constraint: 74; goods; {good:74}
IIS Constraint: 75; goods; {good:75}
IIS Constraint: 76; goods; {good:76}
IIS Constraint: 78; goods; {good:78}
IIS Constraint: 79; goods; {good:79}
IIS Constraint: 80; goods; {good:80}
IIS Constraint: 82; goods; {good:82}
IIS Constraint: 83; goods; {good:83}
IIS Constraint: 84; goods; {good:84}
IIS Constraint: 85; goods; {good:85}
IIS Constraint: 86; goods; {good:86}
IIS Constraint: 87; goods; {good:87}
IIS Constraint: 88; goods; {good:88}
IIS Constraint: 89; goods; {good:89}
IIS Constraint: 91; goods; {good:91}
IIS Constraint: 92; goods; {good:92}
IIS Constraint: 93; goods; {good:93}
IIS Constraint: 96; goods; {good:96}
IIS Constraint: 97; goods; {good:97}
IIS Constraint: 98; goods; {good:98}
IIS Constraint: 101; goods; {good:101}
IIS Constraint: 102; goods; {good:102}
IIS Constraint: 103; goods; {good:103}
IIS Constraint: 104; goods; {good:104}
IIS Constraint: 105; goods; {good:105}
IIS Constraint: 106; goods; {good:106}
IIS Constraint: 107; goods; {good:107}
IIS Constraint: 108; goods; {good:108}
IIS Constraint: 109; goods; {good:109}
IIS Constraint: 110; goods; {good:110}
IIS Constraint: 112; goods; {good:112}
IIS Constraint: 113; goods; {good:113}
IIS Constraint: 116; goods; {good:116}
IIS Constraint: 311; query; {good:94,query:9}
IIS Constraint: 313; max; {f:9385.1202,objective:max}
