IIS generation
Iter 1: 
Min Hitting Set: []
Min Correction Subset: [1660]
Iter 2: 
Min Hitting Set: [1660]
Min Correction Subset: [81]
Iter 3: 
Min Hitting Set: [81, 1660]
Min Correction Subset: [172]
Iter 4: 
Min Hitting Set: [81, 172, 1660]
Min Correction Subset: [1659]
Iter 5: 
Min Hitting Set: [81, 172, 1659, 1660]
Min Correction Subset: [114]
Iter 6: 
Min Hitting Set: [81, 114, 172, 1659, 1660]
Min Correction Subset: [155]
Iter 7: 
Min Hitting Set: [81, 114, 155, 172, 1659, 1660]
Min Correction Subset: [93]
Iter 8: 
Min Hitting Set: [81, 93, 114, 155, 172, 1659, 1660]
Min Correction Subset: [108]
Iter 9: 
Min Hitting Set: [81, 93, 108, 114, 155, 172, 1659, 1660]
Min Correction Subset: [167]
Optimal IIS
IIS generation
Instance: j6032_3
----------------------------
Query: 10
Query element:49,37
Query element:16,36
Query scope: 14646
Query scope: 4564
----------------------------
IIS optimality: suboptimal
IIS solution time: 915.421
IIS Constraint: 81; precedence; {activity:20,predecessor:16}
IIS Constraint: 93; precedence; {activity:28,predecessor:20}
IIS Constraint: 108; precedence; {activity:38,predecessor:28}
IIS Constraint: 114; precedence; {activity:40,predecessor:38}
IIS Constraint: 155; precedence; {activity:56,predecessor:40}
IIS Constraint: 167; precedence; {activity:60,predecessor:56}
IIS Constraint: 172; precedence; {activity:62,predecessor:60}
IIS Constraint: 1659; query; {activity:16,t:37,query:10}
IIS Constraint: 1660; max; {f:85.0,objective:max}
