IIS generation
IIS generation
Instance: j6013_4
----------------------------
Query: 8
Query element:48,63
Query element:27,62
Query scope: 14625
Query scope: 8085
Query scope: 19189
Query scope: 14626
Query scope: 8086
Query scope: 19190
Query scope: 14627
Query scope: 8087
Query scope: 19191
Query scope: 14628
Query scope: 8088
Query scope: 19192
Query scope: 14629
Query scope: 8089
Query scope: 19193
Query scope: 14630
Query scope: 8090
Query scope: 19194
Query scope: 14631
Query scope: 8091
Query scope: 19195
Query scope: 14632
Query scope: 8092
Query scope: 19196
Query scope: 14633
Query scope: 8093
Query scope: 19197
Query scope: 14634
Query scope: 8094
Query scope: 19198
Query scope: 14635
Query scope: 8095
Query scope: 19199
Query scope: 14636
Query scope: 8096
Query scope: 19200
Query scope: 14637
Query scope: 8097
Query scope: 19201
Query scope: 14638
Query scope: 8098
Query scope: 19202
Query scope: 14639
Query scope: 8099
Query scope: 19203
Query scope: 14640
Query scope: 8100
Query scope: 19204
Query scope: 14641
Query scope: 8101
Query scope: 19205
Query scope: 14642
Query scope: 8102
Query scope: 19206
Query scope: 14643
Query scope: 8103
Query scope: 19207
Query scope: 14644
Query scope: 8104
Query scope: 19208
Query scope: 14645
Query scope: 8105
Query scope: 19209
Query scope: 14646
Query scope: 8106
Query scope: 19210
Query scope: 14647
Query scope: 8107
Query scope: 19211
Query scope: 14648
Query scope: 8108
Query scope: 19212
Query scope: 14649
Query scope: 8109
Query scope: 19213
Query scope: 14650
Query scope: 8110
Query scope: 19214
Query scope: 14651
Query scope: 8111
Query scope: 19215
Query scope: 14652
Query scope: 8112
Query scope: 19216
Query scope: 14653
Query scope: 8113
Query scope: 19217
Query scope: 14654
Query scope: 8114
Query scope: 19218
Query scope: 14655
Query scope: 8115
Query scope: 19219
Query scope: 14656
Query scope: 8116
Query scope: 19220
Query scope: 14657
Query scope: 8117
Query scope: 19221
Query scope: 14658
Query scope: 8118
Query scope: 19222
Query scope: 14659
Query scope: 8119
Query scope: 19223
Query scope: 14660
Query scope: 8120
Query scope: 19224
Query scope: 14661
Query scope: 8121
Query scope: 19225
Query scope: 14662
Query scope: 8122
Query scope: 19226
Query scope: 14663
Query scope: 8123
Query scope: 19227
Query scope: 14664
Query scope: 8124
Query scope: 19228
Query scope: 14665
Query scope: 8125
Query scope: 19229
Query scope: 14666
Query scope: 8126
Query scope: 19230
Query scope: 14667
Query scope: 8127
Query scope: 19231
Query scope: 14668
Query scope: 8128
Query scope: 19232
Query scope: 14669
Query scope: 8129
Query scope: 19233
Query scope: 14670
Query scope: 8130
Query scope: 19234
Query scope: 14671
Query scope: 8131
Query scope: 19235
Query scope: 14672
Query scope: 8132
Query scope: 19236
Query scope: 14673
Query scope: 8133
Query scope: 19237
Query scope: 14674
Query scope: 8134
Query scope: 19238
Query scope: 14675
Query scope: 8135
Query scope: 19239
Query scope: 14676
Query scope: 8136
Query scope: 19240
Query scope: 14677
Query scope: 8137
Query scope: 19241
Query scope: 14678
Query scope: 8138
Query scope: 19242
Query scope: 14679
Query scope: 8139
Query scope: 19243
Query scope: 14680
Query scope: 8140
Query scope: 19244
Query scope: 14681
Query scope: 8141
Query scope: 19245
Query scope: 14682
Query scope: 8142
Query scope: 19246
Query scope: 14683
Query scope: 8143
Query scope: 19247
Query scope: 14684
Query scope: 8144
Query scope: 19248
Query scope: 14685
Query scope: 8145
Query scope: 19249
Query scope: 14686
Query scope: 8146
Query scope: 19250
Query scope: 14687
Query scope: 8147
Query scope: 19251
Query scope: 14688
Query scope: 8148
Query scope: 19252
Query scope: 14689
Query scope: 8149
Query scope: 19253
Query scope: 14690
Query scope: 8150
Query scope: 19254
Query scope: 14691
Query scope: 8151
Query scope: 19255
Query scope: 14692
Query scope: 8152
Query scope: 19256
Query scope: 14693
Query scope: 8153
Query scope: 19257
Query scope: 14694
Query scope: 8154
Query scope: 19258
Query scope: 14695
Query scope: 8155
Query scope: 19259
Query scope: 14696
Query scope: 8156
Query scope: 19260
Query scope: 14697
Query scope: 8157
Query scope: 19261
Query scope: 14698
Query scope: 8158
Query scope: 19262
Query scope: 14699
Query scope: 8159
Query scope: 19263
Query scope: 14700
Query scope: 8160
Query scope: 19264
Query scope: 14701
Query scope: 8161
Query scope: 19265
Query scope: 14702
Query scope: 8162
Query scope: 19266
Query scope: 14703
Query scope: 8163
Query scope: 19267
Query scope: 14704
Query scope: 8164
Query scope: 19268
Query scope: 14705
Query scope: 8165
Query scope: 19269
Query scope: 14706
Query scope: 8166
Query scope: 19270
Query scope: 14707
Query scope: 8167
Query scope: 19271
Query scope: 14708
Query scope: 8168
Query scope: 19272
Query scope: 14709
Query scope: 8169
Query scope: 19273
Query scope: 14710
Query scope: 8170
Query scope: 19274
Query scope: 14711
Query scope: 8171
Query scope: 19275
Query scope: 14712
Query scope: 8172
Query scope: 19276
Query scope: 14713
Query scope: 8173
Query scope: 19277
Query scope: 14714
Query scope: 8174
Query scope: 19278
Query scope: 14715
Query scope: 8175
Query scope: 19279
Query scope: 14716
Query scope: 8176
Query scope: 19280
Query scope: 14717
Query scope: 8177
Query scope: 19281
Query scope: 14718
Query scope: 8178
Query scope: 19282
Query scope: 14719
Query scope: 8179
Query scope: 19283
Query scope: 14720
Query scope: 8180
Query scope: 19284
Query scope: 14721
Query scope: 8181
Query scope: 19285
Query scope: 14722
Query scope: 8182
Query scope: 19286
Query scope: 14723
Query scope: 8183
Query scope: 19287
Query scope: 14724
Query scope: 8184
Query scope: 19288
Query scope: 14725
Query scope: 8185
Query scope: 19289
Query scope: 14726
Query scope: 8186
Query scope: 19290
Query scope: 14727
Query scope: 8187
Query scope: 19291
Query scope: 14728
Query scope: 8188
Query scope: 19292
Query scope: 14729
Query scope: 8189
Query scope: 19293
Query scope: 14730
Query scope: 8190
Query scope: 19294
Query scope: 14731
Query scope: 8191
Query scope: 19295
Query scope: 14732
Query scope: 8192
Query scope: 19296
Query scope: 14733
Query scope: 8193
Query scope: 19297
Query scope: 14734
Query scope: 8194
Query scope: 19298
Query scope: 14735
Query scope: 8195
Query scope: 19299
Query scope: 14736
Query scope: 8196
Query scope: 19300
Query scope: 14737
Query scope: 8197
Query scope: 19301
Query scope: 14738
Query scope: 8198
Query scope: 19302
Query scope: 14739
Query scope: 8199
Query scope: 19303
Query scope: 14740
Query scope: 8200
Query scope: 19304
Query scope: 14741
Query scope: 8201
Query scope: 19305
Query scope: 14742
Query scope: 8202
Query scope: 19306
Query scope: 14743
Query scope: 8203
Query scope: 19307
Query scope: 14744
Query scope: 8204
Query scope: 19308
Query scope: 14745
Query scope: 8205
Query scope: 19309
Query scope: 14746
Query scope: 8206
Query scope: 19310
Query scope: 14747
Query scope: 8207
Query scope: 19311
Query scope: 14748
Query scope: 8208
Query scope: 19312
Query scope: 14749
Query scope: 8209
Query scope: 19313
Query scope: 14750
Query scope: 8210
Query scope: 19314
Query scope: 14751
Query scope: 8211
Query scope: 19315
Query scope: 14752
Query scope: 8212
Query scope: 19316
Query scope: 14753
Query scope: 8213
Query scope: 19317
Query scope: 14754
Query scope: 8214
Query scope: 19318
Query scope: 14755
Query scope: 8215
Query scope: 19319
Query scope: 14756
Query scope: 8216
Query scope: 19320
Query scope: 14757
Query scope: 8217
Query scope: 19321
Query scope: 14758
Query scope: 8218
Query scope: 19322
Query scope: 14759
Query scope: 8219
Query scope: 19323
Query scope: 14760
Query scope: 8220
Query scope: 19324
Query scope: 14761
Query scope: 8221
Query scope: 19325
Query scope: 14762
Query scope: 8222
Query scope: 19326
Query scope: 14763
Query scope: 8223
Query scope: 19327
Query scope: 14764
Query scope: 8224
Query scope: 19328
Query scope: 14765
Query scope: 8225
Query scope: 19329
Query scope: 14766
Query scope: 8226
Query scope: 19330
Query scope: 14767
Query scope: 8227
Query scope: 19331
Query scope: 14768
Query scope: 8228
Query scope: 19332
Query scope: 14769
Query scope: 8229
Query scope: 19333
Query scope: 14770
Query scope: 8230
Query scope: 19334
Query scope: 14771
Query scope: 8231
Query scope: 19335
Query scope: 14772
Query scope: 8232
Query scope: 19336
Query scope: 14773
Query scope: 8233
Query scope: 19337
Query scope: 14774
Query scope: 8234
Query scope: 19338
Query scope: 14775
Query scope: 8235
Query scope: 19339
Query scope: 14776
Query scope: 8236
Query scope: 19340
Query scope: 14777
Query scope: 8237
Query scope: 19341
Query scope: 14778
Query scope: 8238
Query scope: 19342
Query scope: 14779
Query scope: 8239
Query scope: 19343
Query scope: 14780
Query scope: 8240
Query scope: 19344
Query scope: 14781
Query scope: 8241
Query scope: 19345
Query scope: 14782
Query scope: 8242
Query scope: 19346
Query scope: 14783
Query scope: 8243
Query scope: 19347
Query scope: 14784
Query scope: 8244
Query scope: 19348
Query scope: 14785
Query scope: 8245
Query scope: 19349
Query scope: 14786
Query scope: 8246
Query scope: 19350
Query scope: 14787
Query scope: 8247
Query scope: 19351
Query scope: 14788
Query scope: 8248
Query scope: 19352
Query scope: 14789
Query scope: 8249
Query scope: 19353
Query scope: 14790
Query scope: 8250
Query scope: 19354
Query scope: 14791
Query scope: 8251
Query scope: 19355
Query scope: 14792
Query scope: 8252
Query scope: 19356
Query scope: 14793
Query scope: 8253
Query scope: 19357
Query scope: 14794
Query scope: 8254
Query scope: 19358
Query scope: 14795
Query scope: 8255
Query scope: 19359
Query scope: 14796
Query scope: 8256
Query scope: 19360
Query scope: 14797
Query scope: 8257
Query scope: 19361
Query scope: 14798
Query scope: 8258
Query scope: 19362
Query scope: 14799
Query scope: 8259
Query scope: 19363
Query scope: 14800
Query scope: 8260
Query scope: 19364
Query scope: 14801
Query scope: 8261
Query scope: 19365
Query scope: 14802
Query scope: 8262
Query scope: 19366
Query scope: 14803
Query scope: 8263
Query scope: 19367
Query scope: 14804
Query scope: 8264
Query scope: 19368
Query scope: 14805
Query scope: 8265
Query scope: 19369
Query scope: 14806
Query scope: 8266
Query scope: 19370
Query scope: 14807
Query scope: 8267
Query scope: 19371
Query scope: 14808
Query scope: 8268
Query scope: 19372
Query scope: 14809
Query scope: 8269
Query scope: 19373
Query scope: 14810
Query scope: 8270
Query scope: 19374
Query scope: 14811
Query scope: 8271
Query scope: 19375
Query scope: 14812
Query scope: 8272
Query scope: 19376
Query scope: 14813
Query scope: 8273
Query scope: 19377
Query scope: 14814
Query scope: 8274
Query scope: 19378
Query scope: 14815
Query scope: 8275
Query scope: 19379
Query scope: 14816
Query scope: 8276
Query scope: 19380
Query scope: 14817
Query scope: 8277
Query scope: 19381
Query scope: 14818
Query scope: 8278
Query scope: 19382
Query scope: 14819
Query scope: 8279
Query scope: 19383
Query scope: 14820
Query scope: 8280
Query scope: 19384
Query scope: 14821
Query scope: 8281
Query scope: 19385
Query scope: 14822
Query scope: 8282
Query scope: 19386
Query scope: 14823
Query scope: 8283
Query scope: 19387
Query scope: 14824
Query scope: 8284
Query scope: 19388
Query scope: 14825
Query scope: 8285
Query scope: 19389
Query scope: 14826
Query scope: 8286
Query scope: 19390
Query scope: 14827
Query scope: 8287
Query scope: 19391
Query scope: 14828
Query scope: 8288
Query scope: 19392
Query scope: 14829
Query scope: 8289
Query scope: 19393
Query scope: 14830
Query scope: 8290
Query scope: 19394
Query scope: 14831
Query scope: 8291
Query scope: 19395
Query scope: 14832
Query scope: 8292
Query scope: 19396
Query scope: 14833
Query scope: 8293
Query scope: 19397
Query scope: 14834
Query scope: 8294
Query scope: 19398
Query scope: 14835
Query scope: 8295
Query scope: 19399
Query scope: 14836
Query scope: 8296
Query scope: 19400
Query scope: 14837
Query scope: 8297
Query scope: 19401
Query scope: 14838
Query scope: 8298
Query scope: 19402
Query scope: 14839
Query scope: 8299
Query scope: 19403
Query scope: 14840
Query scope: 8300
Query scope: 19404
Query scope: 14841
Query scope: 8301
Query scope: 19405
Query scope: 14842
Query scope: 8302
Query scope: 19406
Query scope: 14843
Query scope: 8303
Query scope: 19407
Query scope: 14844
Query scope: 8304
Query scope: 19408
Query scope: 14845
Query scope: 8305
Query scope: 19409
Query scope: 14846
Query scope: 8306
Query scope: 19410
Query scope: 14847
Query scope: 8307
Query scope: 19411
Query scope: 14848
Query scope: 8308
Query scope: 19412
Query scope: 14849
Query scope: 8309
Query scope: 19413
Query scope: 14850
Query scope: 8310
Query scope: 19414
Query scope: 14851
Query scope: 8311
Query scope: 19415
Query scope: 14852
Query scope: 8312
Query scope: 19416
Query scope: 14853
Query scope: 8313
Query scope: 19417
Query scope: 14854
Query scope: 8314
Query scope: 19418
Query scope: 14855
Query scope: 8315
Query scope: 19419
Query scope: 14856
Query scope: 8316
Query scope: 19420
Query scope: 14857
Query scope: 8317
Query scope: 19421
Query scope: 14858
Query scope: 8318
Query scope: 19422
Query scope: 14859
Query scope: 8319
Query scope: 19423
Query scope: 14860
Query scope: 8320
Query scope: 19424
Query scope: 14861
Query scope: 8321
Query scope: 19425
Query scope: 14862
Query scope: 8322
Query scope: 19426
Query scope: 14863
Query scope: 8323
Query scope: 19427
Query scope: 14864
Query scope: 8324
Query scope: 19428
Query scope: 14865
Query scope: 8325
Query scope: 19429
Query scope: 14866
Query scope: 8326
Query scope: 19430
Query scope: 14867
Query scope: 8327
Query scope: 19431
Query scope: 14868
Query scope: 8328
Query scope: 19432
Query scope: 14869
Query scope: 8329
Query scope: 19433
Query scope: 14870
Query scope: 8330
Query scope: 19434
Query scope: 14871
Query scope: 8331
Query scope: 19435
Query scope: 14872
Query scope: 8332
Query scope: 19436
Query scope: 14873
Query scope: 8333
Query scope: 19437
Query scope: 14874
Query scope: 8334
Query scope: 19438
Query scope: 14875
Query scope: 8335
Query scope: 19439
Query scope: 14876
Query scope: 8336
Query scope: 19440
Query scope: 14877
Query scope: 8337
Query scope: 19441
Query scope: 14878
Query scope: 8338
Query scope: 19442
Query scope: 14879
Query scope: 8339
Query scope: 19443
Query scope: 14880
Query scope: 8340
Query scope: 19444
Query scope: 14881
Query scope: 8341
Query scope: 19445
Query scope: 14882
Query scope: 8342
Query scope: 19446
Query scope: 14883
Query scope: 8343
Query scope: 19447
Query scope: 14884
Query scope: 8344
Query scope: 19448
Query scope: 14885
Query scope: 8345
Query scope: 19449
Query scope: 14886
Query scope: 8346
Query scope: 19450
Query scope: 14887
Query scope: 8347
Query scope: 19451
Query scope: 14888
Query scope: 8348
Query scope: 19452
Query scope: 14889
Query scope: 8349
Query scope: 19453
Query scope: 14890
Query scope: 8350
Query scope: 19454
Query scope: 14891
Query scope: 8351
Query scope: 19455
Query scope: 14892
Query scope: 8352
Query scope: 19456
Query scope: 14893
Query scope: 8353
Query scope: 19457
Query scope: 14894
Query scope: 8354
Query scope: 19458
Query scope: 14895
Query scope: 8355
Query scope: 19459
Query scope: 14896
Query scope: 8356
Query scope: 19460
Query scope: 14897
Query scope: 8357
Query scope: 19461
Query scope: 14898
Query scope: 8358
Query scope: 19462
Query scope: 14899
Query scope: 8359
Query scope: 19463
Query scope: 14900
Query scope: 8360
Query scope: 19464
Query scope: 14901
Query scope: 8361
Query scope: 19465
Query scope: 14902
Query scope: 8362
Query scope: 19466
Query scope: 14903
Query scope: 8363
Query scope: 19467
Query scope: 14904
Query scope: 8364
Query scope: 19468
Query scope: 14905
Query scope: 8365
Query scope: 19469
Query scope: 14906
Query scope: 8366
Query scope: 19470
Query scope: 14907
Query scope: 8367
Query scope: 19471
Query scope: 14908
Query scope: 8368
Query scope: 19472
Query scope: 14909
Query scope: 8369
Query scope: 19473
Query scope: 14910
Query scope: 8370
Query scope: 19474
Query scope: 14911
Query scope: 8371
Query scope: 19475
Query scope: 14912
Query scope: 8372
Query scope: 19476
Query scope: 14913
Query scope: 8373
Query scope: 19477
Query scope: 14914
Query scope: 8374
Query scope: 19478
Query scope: 14915
Query scope: 8375
Query scope: 19479
Query scope: 14916
Query scope: 8376
Query scope: 19480
Query scope: 14917
Query scope: 8377
Query scope: 19481
Query scope: 14918
Query scope: 8378
Query scope: 19482
Query scope: 14919
Query scope: 8379
Query scope: 19483
Query scope: 14920
Query scope: 8380
Query scope: 19484
Query scope: 14921
Query scope: 8381
Query scope: 19485
Query scope: 14922
Query scope: 8382
Query scope: 19486
Query scope: 14923
Query scope: 8383
Query scope: 19487
Query scope: 14924
Query scope: 8384
Query scope: 19488
Query scope: 14925
Query scope: 8385
Query scope: 19489
Query scope: 14926
Query scope: 8386
Query scope: 19490
Query scope: 14927
Query scope: 8387
Query scope: 19491
Query scope: 14928
Query scope: 8388
Query scope: 19492
Query scope: 14929
Query scope: 8389
Query scope: 19493
Query scope: 14930
Query scope: 8390
Query scope: 19494
----------------------------
IIS optimality: optimal
IIS solution time: 1132.267
