IIS generation
Iter 1: 
Min Hitting Set: []
Min Correction Subset: [1694]
Iter 2: 
Min Hitting Set: [1694]
Min Correction Subset: [1693]
Iter 3: 
Min Hitting Set: [1693, 1694]
Min Correction Subset: [190, 191]
Iter 4: 
Min Hitting Set: [190, 1693, 1694]
Min Correction Subset: [182, 191]
Iter 5: 
Min Hitting Set: [191, 1693, 1694]
Min Correction Subset: [161, 186]
Iter 6: 
Min Hitting Set: [161, 191, 1693, 1694]
Min Correction Subset: [176, 182, 185]
Optimal IIS
IIS generation
Instance: j6040_1
----------------------------
Query: 2
Query element:42,305
Query scope: 12665
----------------------------
IIS optimality: suboptimal
IIS solution time: 172.869
IIS Constraint: 161; precedence; {activity:52,predecessor:42}
IIS Constraint: 182; precedence; {activity:59,predecessor:52}
IIS Constraint: 190; precedence; {activity:62,predecessor:59}
IIS Constraint: 1693; query; {activity:42,t:305,query:2}
IIS Constraint: 1694; max; {f:86.0,objective:max}
