IIS generation
Iter 1: 
Min Hitting Set: []
Min Correction Subset: [1807]
Iter 2: 
Min Hitting Set: [1807]
Min Correction Subset: [172]
Iter 3: 
Min Hitting Set: [172, 1807]
Min Correction Subset: [166]
Iter 4: 
Min Hitting Set: [166, 172, 1807]
Min Correction Subset: [156]
Iter 5: 
Min Hitting Set: [156, 166, 172, 1807]
Min Correction Subset: [173, 1806]
IIS generation
Instance: j6029_6
----------------------------
Query: 2
Query element:37,366
Query scope: 12660
----------------------------
IIS optimality: suboptimal
IIS solution time: 36004.099
IIS Constraint: 156; precedence; {activity:57,predecessor:37}
IIS Constraint: 166; precedence; {activity:60,predecessor:57}
IIS Constraint: 172; precedence; {activity:62,predecessor:60}
IIS Constraint: 1807; max; {f:178.0,objective:max}
