IIS generation
Iter 1: 
Min Hitting Set: []
Min Correction Subset: [171]
Iter 2: 
Min Hitting Set: [171]
Min Correction Subset: [1428]
Iter 3: 
Min Hitting Set: [171, 1428]
Min Correction Subset: [146]
Iter 4: 
Min Hitting Set: [146, 171, 1428]
Min Correction Subset: [164]
Iter 5: 
Min Hitting Set: [146, 164, 171, 1428]
Min Correction Subset: [140]
Iter 6: 
Min Hitting Set: [140, 146, 164, 171, 1428]
Min Correction Subset: [1426]
Iter 7: 
Min Hitting Set: [140, 146, 164, 171, 1426, 1428]
Min Correction Subset: [158]
Iter 8: 
Min Hitting Set: [140, 146, 158, 164, 171, 1426, 1428]
Min Correction Subset: [42, 118, 119, 120]
Optimal IIS
IIS generation
Instance: j6024_3
----------------------------
Query: 10
Query element:43,38
Query element:20,37
Query scope: 10981
Query scope: 4940
----------------------------
IIS optimality: suboptimal
IIS solution time: 201.635
IIS Constraint: 42; completion; {activity:43}
IIS Constraint: 140; precedence; {activity:51,predecessor:43}
IIS Constraint: 146; precedence; {activity:53,predecessor:51}
IIS Constraint: 158; precedence; {activity:57,predecessor:53}
IIS Constraint: 164; precedence; {activity:59,predecessor:57}
IIS Constraint: 171; precedence; {activity:62,predecessor:59}
IIS Constraint: 1426; query; {activity:43,t:38,query:10}
IIS Constraint: 1428; max; {f:67.0,objective:max}
