IIS generation
Iter 1: 
Min Hitting Set: []
Min Correction Subset: [1473]
Iter 2: 
Min Hitting Set: [1473]
Min Correction Subset: [1474]
Iter 3: 
Min Hitting Set: [1473, 1474]
Min Correction Subset: [186, 192]
Iter 4: 
Min Hitting Set: [186, 1473, 1474]
Min Correction Subset: [191, 192]
Iter 5: 
Min Hitting Set: [192, 1473, 1474]
Min Correction Subset: [189, 191]
Iter 6: 
Min Hitting Set: [191, 192, 1473, 1474]
Min Correction Subset: [186, 189]
Optimal IIS
IIS generation
Instance: j6044_6
----------------------------
Query: 2
Query element:54,228
Query scope: 13889
----------------------------
IIS optimality: suboptimal
IIS solution time: 144.887
IIS Constraint: 189; precedence; {activity:61,predecessor:54}
IIS Constraint: 192; precedence; {activity:62,predecessor:61}
IIS Constraint: 1473; query; {activity:54,t:228,query:2}
IIS Constraint: 1474; max; {f:81.0,objective:max}
