IIS generation
Iter 1: 
Min Hitting Set: []
Min Correction Subset: [1490]
Iter 2: 
Min Hitting Set: [1490]
Min Correction Subset: [173]
Iter 3: 
Min Hitting Set: [173, 1490]
Min Correction Subset: [1491]
Iter 4: 
Min Hitting Set: [173, 1490, 1491]
Min Correction Subset: [113]
Iter 5: 
Min Hitting Set: [113, 173, 1490, 1491]
Min Correction Subset: [191]
Iter 6: 
Min Hitting Set: [113, 173, 191, 1490, 1491]
Min Correction Subset: [123]
Iter 7: 
Min Hitting Set: [113, 123, 173, 191, 1490, 1491]
Min Correction Subset: [159]
Iter 8: 
Min Hitting Set: [113, 123, 159, 173, 191, 1490, 1491]
Min Correction Subset: [143]
Iter 9: 
Min Hitting Set: [113, 123, 143, 159, 173, 191, 1490, 1491]
Min Correction Subset: [185]
Optimal IIS
IIS generation
Instance: j6039_1
----------------------------
Query: 10
Query element:33,40
Query element:26,39
Query scope: 8288
Query scope: 6461
----------------------------
IIS optimality: suboptimal
IIS solution time: 381.702
IIS Constraint: 113; precedence; {activity:36,predecessor:26}
IIS Constraint: 123; precedence; {activity:39,predecessor:36}
IIS Constraint: 143; precedence; {activity:46,predecessor:39}
IIS Constraint: 159; precedence; {activity:51,predecessor:46}
IIS Constraint: 173; precedence; {activity:56,predecessor:51}
IIS Constraint: 185; precedence; {activity:60,predecessor:56}
IIS Constraint: 191; precedence; {activity:62,predecessor:60}
IIS Constraint: 1490; query; {activity:26,t:40,query:10}
IIS Constraint: 1491; max; {f:80.0,objective:max}
