IIS generation
Iter 1: 
Min Hitting Set: []
Min Correction Subset: [1439]
Iter 2: 
Min Hitting Set: [1439]
Min Correction Subset: [171]
Iter 3: 
Min Hitting Set: [171, 1439]
Min Correction Subset: [1438]
Iter 4: 
Min Hitting Set: [171, 1438, 1439]
Min Correction Subset: [163]
Optimal IIS
IIS generation
Instance: j6024_5
----------------------------
Query: 9
Query element:55,71
Query element:55,72
Query scope: 14084
----------------------------
IIS optimality: suboptimal
IIS solution time: 186.067
IIS Constraint: 163; precedence; {activity:59,predecessor:55}
IIS Constraint: 171; precedence; {activity:62,predecessor:59}
IIS Constraint: 1438; query; {activity:55,t:71,t_:72,query:9}
IIS Constraint: 1439; max; {f:76.0,objective:max}
