IIS generation
Iter 1: 
Min Hitting Set: []
Min Correction Subset: [192]
Iter 2: 
Min Hitting Set: [192]
Min Correction Subset: [1776]
Iter 3: 
Min Hitting Set: [192, 1776]
Min Correction Subset: [137]
Iter 4: 
Min Hitting Set: [137, 192, 1776]
Min Correction Subset: [188]
Iter 5: 
Min Hitting Set: [137, 188, 192, 1776]
Min Correction Subset: [170]
Iter 6: 
Min Hitting Set: [137, 170, 188, 192, 1776]
Min Correction Subset: [93]
Iter 7: 
Min Hitting Set: [93, 137, 170, 188, 192, 1776]
Min Correction Subset: [141]
Iter 8: 
Min Hitting Set: [93, 137, 141, 170, 188, 192, 1776]
Min Correction Subset: [1516]
Iter 9: 
Min Hitting Set: [93, 137, 141, 170, 188, 192, 1516, 1776]
Min Correction Subset: [147]
Iter 10: 
Min Hitting Set: [93, 137, 141, 147, 170, 188, 192, 1516, 1776]
Min Correction Subset: [1513]
Iter 11: 
Min Hitting Set: [93, 137, 141, 147, 170, 188, 192, 1513, 1516, 1776]
Min Correction Subset: [1514]
Iter 12: 
Min Hitting Set: [93, 137, 141, 147, 170, 188, 192, 1513, 1514, 1516, 1776]
Min Correction Subset: [1527]
Iter 13: 
Min Hitting Set: [93, 137, 141, 147, 170, 188, 192, 1513, 1514, 1516, 1527, 1776]
Min Correction Subset: [1526]
Iter 14: 
Min Hitting Set: [93, 137, 141, 147, 170, 188, 192, 1513, 1514, 1516, 1526, 1527, 1776]
Min Correction Subset: [1521]
Iter 15: 
Min Hitting Set: [93, 137, 141, 147, 170, 188, 192, 1513, 1514, 1516, 1521, 1526, 1527, 1776]
Min Correction Subset: [1525]
Iter 16: 
Min Hitting Set: [93, 137, 141, 147, 170, 188, 192, 1513, 1514, 1516, 1521, 1525, 1526, 1527, 1776]
Min Correction Subset: [1517]
Iter 17: 
Min Hitting Set: [93, 137, 141, 147, 170, 188, 192, 1513, 1514, 1516, 1517, 1521, 1525, 1526, 1527, 1776]
Min Correction Subset: [1524]
Iter 18: 
Min Hitting Set: [93, 137, 141, 147, 170, 188, 192, 1513, 1514, 1516, 1517, 1521, 1524, 1525, 1526, 1527, 1776]
Min Correction Subset: [1515]
Iter 19: 
Min Hitting Set: [93, 137, 141, 147, 170, 188, 192, 1513, 1514, 1515, 1516, 1517, 1521, 1524, 1525, 1526, 1527, 1776]
Min Correction Subset: [1518]
Iter 20: 
Min Hitting Set: [93, 137, 141, 147, 170, 188, 192, 1513, 1514, 1515, 1516, 1517, 1518, 1521, 1524, 1525, 1526, 1527, 1776]
Min Correction Subset: [1519]
Iter 21: 
Min Hitting Set: [93, 137, 141, 147, 170, 188, 192, 1513, 1514, 1515, 1516, 1517, 1518, 1519, 1521, 1524, 1525, 1526, 1527, 1776]
Min Correction Subset: [1520]
Iter 22: 
Min Hitting Set: [93, 137, 141, 147, 170, 188, 192, 1513, 1514, 1515, 1516, 1517, 1518, 1519, 1520, 1521, 1524, 1525, 1526, 1527, 1776]
Min Correction Subset: [1522]
Iter 23: 
Min Hitting Set: [93, 137, 141, 147, 170, 188, 192, 1513, 1514, 1515, 1516, 1517, 1518, 1519, 1520, 1521, 1522, 1524, 1525, 1526, 1527, 1776]
Min Correction Subset: [1523]
Iter 24: 
Min Hitting Set: [93, 137, 141, 147, 170, 188, 192, 1513, 1514, 1515, 1516, 1517, 1518, 1519, 1520, 1521, 1522, 1523, 1524, 1525, 1526, 1527, 1776]
Min Correction Subset: [191, 1528]
Iter 25: 
Min Hitting Set: [93, 137, 141, 147, 170, 188, 191, 192, 1513, 1514, 1515, 1516, 1517, 1518, 1519, 1520, 1521, 1522, 1523, 1524, 1525, 1526, 1527, 1776]
Min Correction Subset: [185, 1528]
Iter 26: 
Min Hitting Set: [93, 137, 141, 147, 170, 188, 192, 1513, 1514, 1515, 1516, 1517, 1518, 1519, 1520, 1521, 1522, 1523, 1524, 1525, 1526, 1527, 1528, 1776]
Min Correction Subset: [185, 1530]
Iter 27: 
Min Hitting Set: [93, 137, 141, 147, 170, 185, 188, 192, 1513, 1514, 1515, 1516, 1517, 1518, 1519, 1520, 1521, 1522, 1523, 1524, 1525, 1526, 1527, 1528, 1776]
Min Correction Subset: [191, 1529]
Iter 28: 
Min Hitting Set: [93, 137, 141, 147, 170, 185, 188, 191, 192, 1513, 1514, 1515, 1516, 1517, 1518, 1519, 1520, 1521, 1522, 1523, 1524, 1525, 1526, 1527, 1776]
Min Correction Subset: [175, 1532]
Iter 29: 
Min Hitting Set: [93, 137, 141, 147, 170, 175, 185, 188, 191, 192, 1513, 1514, 1515, 1516, 1517, 1518, 1519, 1520, 1521, 1522, 1523, 1524, 1525, 1526, 1527, 1776]
Min Correction Subset: [32, 108, 109, 110, 1539]
Optimal IIS
IIS generation
Instance: j6039_7
----------------------------
Query: 8
Query element:33,35
Query element:24,34
Query scope: 8716
Query scope: 6248
Query scope: 16865
Query scope: 8717
Query scope: 6249
Query scope: 16866
Query scope: 8718
Query scope: 6250
Query scope: 16867
Query scope: 8719
Query scope: 6251
Query scope: 16868
Query scope: 8720
Query scope: 6252
Query scope: 16869
Query scope: 8721
Query scope: 6253
Query scope: 16870
Query scope: 8722
Query scope: 6254
Query scope: 16871
Query scope: 8723
Query scope: 6255
Query scope: 16872
Query scope: 8724
Query scope: 6256
Query scope: 16873
Query scope: 8725
Query scope: 6257
Query scope: 16874
Query scope: 8726
Query scope: 6258
Query scope: 16875
Query scope: 8727
Query scope: 6259
Query scope: 16876
Query scope: 8728
Query scope: 6260
Query scope: 16877
Query scope: 8729
Query scope: 6261
Query scope: 16878
Query scope: 8730
Query scope: 6262
Query scope: 16879
Query scope: 8731
Query scope: 6263
Query scope: 16880
Query scope: 8732
Query scope: 6264
Query scope: 16881
Query scope: 8733
Query scope: 6265
Query scope: 16882
Query scope: 8734
Query scope: 6266
Query scope: 16883
Query scope: 8735
Query scope: 6267
Query scope: 16884
Query scope: 8736
Query scope: 6268
Query scope: 16885
Query scope: 8737
Query scope: 6269
Query scope: 16886
Query scope: 8738
Query scope: 6270
Query scope: 16887
Query scope: 8739
Query scope: 6271
Query scope: 16888
Query scope: 8740
Query scope: 6272
Query scope: 16889
Query scope: 8741
Query scope: 6273
Query scope: 16890
Query scope: 8742
Query scope: 6274
Query scope: 16891
Query scope: 8743
Query scope: 6275
Query scope: 16892
Query scope: 8744
Query scope: 6276
Query scope: 16893
Query scope: 8745
Query scope: 6277
Query scope: 16894
Query scope: 8746
Query scope: 6278
Query scope: 16895
Query scope: 8747
Query scope: 6279
Query scope: 16896
Query scope: 8748
Query scope: 6280
Query scope: 16897
Query scope: 8749
Query scope: 6281
Query scope: 16898
Query scope: 8750
Query scope: 6282
Query scope: 16899
Query scope: 8751
Query scope: 6283
Query scope: 16900
Query scope: 8752
Query scope: 6284
Query scope: 16901
Query scope: 8753
Query scope: 6285
Query scope: 16902
Query scope: 8754
Query scope: 6286
Query scope: 16903
Query scope: 8755
Query scope: 6287
Query scope: 16904
Query scope: 8756
Query scope: 6288
Query scope: 16905
Query scope: 8757
Query scope: 6289
Query scope: 16906
Query scope: 8758
Query scope: 6290
Query scope: 16907
Query scope: 8759
Query scope: 6291
Query scope: 16908
Query scope: 8760
Query scope: 6292
Query scope: 16909
Query scope: 8761
Query scope: 6293
Query scope: 16910
Query scope: 8762
Query scope: 6294
Query scope: 16911
Query scope: 8763
Query scope: 6295
Query scope: 16912
Query scope: 8764
Query scope: 6296
Query scope: 16913
Query scope: 8765
Query scope: 6297
Query scope: 16914
Query scope: 8766
Query scope: 6298
Query scope: 16915
Query scope: 8767
Query scope: 6299
Query scope: 16916
Query scope: 8768
Query scope: 6300
Query scope: 16917
Query scope: 8769
Query scope: 6301
Query scope: 16918
Query scope: 8770
Query scope: 6302
Query scope: 16919
Query scope: 8771
Query scope: 6303
Query scope: 16920
Query scope: 8772
Query scope: 6304
Query scope: 16921
Query scope: 8773
Query scope: 6305
Query scope: 16922
Query scope: 8774
Query scope: 6306
Query scope: 16923
Query scope: 8775
Query scope: 6307
Query scope: 16924
Query scope: 8776
Query scope: 6308
Query scope: 16925
Query scope: 8777
Query scope: 6309
Query scope: 16926
Query scope: 8778
Query scope: 6310
Query scope: 16927
Query scope: 8779
Query scope: 6311
Query scope: 16928
Query scope: 8780
Query scope: 6312
Query scope: 16929
Query scope: 8781
Query scope: 6313
Query scope: 16930
Query scope: 8782
Query scope: 6314
Query scope: 16931
Query scope: 8783
Query scope: 6315
Query scope: 16932
Query scope: 8784
Query scope: 6316
Query scope: 16933
Query scope: 8785
Query scope: 6317
Query scope: 16934
Query scope: 8786
Query scope: 6318
Query scope: 16935
Query scope: 8787
Query scope: 6319
Query scope: 16936
Query scope: 8788
Query scope: 6320
Query scope: 16937
Query scope: 8789
Query scope: 6321
Query scope: 16938
Query scope: 8790
Query scope: 6322
Query scope: 16939
Query scope: 8791
Query scope: 6323
Query scope: 16940
Query scope: 8792
Query scope: 6324
Query scope: 16941
Query scope: 8793
Query scope: 6325
Query scope: 16942
Query scope: 8794
Query scope: 6326
Query scope: 16943
Query scope: 8795
Query scope: 6327
Query scope: 16944
Query scope: 8796
Query scope: 6328
Query scope: 16945
Query scope: 8797
Query scope: 6329
Query scope: 16946
Query scope: 8798
Query scope: 6330
Query scope: 16947
Query scope: 8799
Query scope: 6331
Query scope: 16948
Query scope: 8800
Query scope: 6332
Query scope: 16949
Query scope: 8801
Query scope: 6333
Query scope: 16950
Query scope: 8802
Query scope: 6334
Query scope: 16951
Query scope: 8803
Query scope: 6335
Query scope: 16952
Query scope: 8804
Query scope: 6336
Query scope: 16953
Query scope: 8805
Query scope: 6337
Query scope: 16954
Query scope: 8806
Query scope: 6338
Query scope: 16955
Query scope: 8807
Query scope: 6339
Query scope: 16956
Query scope: 8808
Query scope: 6340
Query scope: 16957
Query scope: 8809
Query scope: 6341
Query scope: 16958
Query scope: 8810
Query scope: 6342
Query scope: 16959
Query scope: 8811
Query scope: 6343
Query scope: 16960
Query scope: 8812
Query scope: 6344
Query scope: 16961
Query scope: 8813
Query scope: 6345
Query scope: 16962
Query scope: 8814
Query scope: 6346
Query scope: 16963
Query scope: 8815
Query scope: 6347
Query scope: 16964
Query scope: 8816
Query scope: 6348
Query scope: 16965
Query scope: 8817
Query scope: 6349
Query scope: 16966
Query scope: 8818
Query scope: 6350
Query scope: 16967
Query scope: 8819
Query scope: 6351
Query scope: 16968
Query scope: 8820
Query scope: 6352
Query scope: 16969
Query scope: 8821
Query scope: 6353
Query scope: 16970
Query scope: 8822
Query scope: 6354
Query scope: 16971
Query scope: 8823
Query scope: 6355
Query scope: 16972
Query scope: 8824
Query scope: 6356
Query scope: 16973
Query scope: 8825
Query scope: 6357
Query scope: 16974
Query scope: 8826
Query scope: 6358
Query scope: 16975
Query scope: 8827
Query scope: 6359
Query scope: 16976
Query scope: 8828
Query scope: 6360
Query scope: 16977
Query scope: 8829
Query scope: 6361
Query scope: 16978
Query scope: 8830
Query scope: 6362
Query scope: 16979
Query scope: 8831
Query scope: 6363
Query scope: 16980
Query scope: 8832
Query scope: 6364
Query scope: 16981
Query scope: 8833
Query scope: 6365
Query scope: 16982
Query scope: 8834
Query scope: 6366
Query scope: 16983
Query scope: 8835
Query scope: 6367
Query scope: 16984
Query scope: 8836
Query scope: 6368
Query scope: 16985
Query scope: 8837
Query scope: 6369
Query scope: 16986
Query scope: 8838
Query scope: 6370
Query scope: 16987
Query scope: 8839
Query scope: 6371
Query scope: 16988
Query scope: 8840
Query scope: 6372
Query scope: 16989
Query scope: 8841
Query scope: 6373
Query scope: 16990
Query scope: 8842
Query scope: 6374
Query scope: 16991
Query scope: 8843
Query scope: 6375
Query scope: 16992
Query scope: 8844
Query scope: 6376
Query scope: 16993
Query scope: 8845
Query scope: 6377
Query scope: 16994
Query scope: 8846
Query scope: 6378
Query scope: 16995
Query scope: 8847
Query scope: 6379
Query scope: 16996
Query scope: 8848
Query scope: 6380
Query scope: 16997
Query scope: 8849
Query scope: 6381
Query scope: 16998
Query scope: 8850
Query scope: 6382
Query scope: 16999
Query scope: 8851
Query scope: 6383
Query scope: 17000
Query scope: 8852
Query scope: 6384
Query scope: 17001
Query scope: 8853
Query scope: 6385
Query scope: 17002
Query scope: 8854
Query scope: 6386
Query scope: 17003
Query scope: 8855
Query scope: 6387
Query scope: 17004
Query scope: 8856
Query scope: 6388
Query scope: 17005
Query scope: 8857
Query scope: 6389
Query scope: 17006
Query scope: 8858
Query scope: 6390
Query scope: 17007
Query scope: 8859
Query scope: 6391
Query scope: 17008
Query scope: 8860
Query scope: 6392
Query scope: 17009
Query scope: 8861
Query scope: 6393
Query scope: 17010
Query scope: 8862
Query scope: 6394
Query scope: 17011
Query scope: 8863
Query scope: 6395
Query scope: 17012
Query scope: 8864
Query scope: 6396
Query scope: 17013
Query scope: 8865
Query scope: 6397
Query scope: 17014
Query scope: 8866
Query scope: 6398
Query scope: 17015
Query scope: 8867
Query scope: 6399
Query scope: 17016
Query scope: 8868
Query scope: 6400
Query scope: 17017
Query scope: 8869
Query scope: 6401
Query scope: 17018
Query scope: 8870
Query scope: 6402
Query scope: 17019
Query scope: 8871
Query scope: 6403
Query scope: 17020
Query scope: 8872
Query scope: 6404
Query scope: 17021
Query scope: 8873
Query scope: 6405
Query scope: 17022
Query scope: 8874
Query scope: 6406
Query scope: 17023
Query scope: 8875
Query scope: 6407
Query scope: 17024
Query scope: 8876
Query scope: 6408
Query scope: 17025
Query scope: 8877
Query scope: 6409
Query scope: 17026
Query scope: 8878
Query scope: 6410
Query scope: 17027
Query scope: 8879
Query scope: 6411
Query scope: 17028
Query scope: 8880
Query scope: 6412
Query scope: 17029
Query scope: 8881
Query scope: 6413
Query scope: 17030
Query scope: 8882
Query scope: 6414
Query scope: 17031
Query scope: 8883
Query scope: 6415
Query scope: 17032
Query scope: 8884
Query scope: 6416
Query scope: 17033
Query scope: 8885
Query scope: 6417
Query scope: 17034
Query scope: 8886
Query scope: 6418
Query scope: 17035
Query scope: 8887
Query scope: 6419
Query scope: 17036
Query scope: 8888
Query scope: 6420
Query scope: 17037
Query scope: 8889
Query scope: 6421
Query scope: 17038
Query scope: 8890
Query scope: 6422
Query scope: 17039
Query scope: 8891
Query scope: 6423
Query scope: 17040
Query scope: 8892
Query scope: 6424
Query scope: 17041
Query scope: 8893
Query scope: 6425
Query scope: 17042
Query scope: 8894
Query scope: 6426
Query scope: 17043
Query scope: 8895
Query scope: 6427
Query scope: 17044
Query scope: 8896
Query scope: 6428
Query scope: 17045
Query scope: 8897
Query scope: 6429
Query scope: 17046
Query scope: 8898
Query scope: 6430
Query scope: 17047
Query scope: 8899
Query scope: 6431
Query scope: 17048
Query scope: 8900
Query scope: 6432
Query scope: 17049
Query scope: 8901
Query scope: 6433
Query scope: 17050
Query scope: 8902
Query scope: 6434
Query scope: 17051
Query scope: 8903
Query scope: 6435
Query scope: 17052
Query scope: 8904
Query scope: 6436
Query scope: 17053
Query scope: 8905
Query scope: 6437
Query scope: 17054
Query scope: 8906
Query scope: 6438
Query scope: 17055
Query scope: 8907
Query scope: 6439
Query scope: 17056
Query scope: 8908
Query scope: 6440
Query scope: 17057
Query scope: 8909
Query scope: 6441
Query scope: 17058
Query scope: 8910
Query scope: 6442
Query scope: 17059
Query scope: 8911
Query scope: 6443
Query scope: 17060
Query scope: 8912
Query scope: 6444
Query scope: 17061
Query scope: 8913
Query scope: 6445
Query scope: 17062
Query scope: 8914
Query scope: 6446
Query scope: 17063
Query scope: 8915
Query scope: 6447
Query scope: 17064
Query scope: 8916
Query scope: 6448
Query scope: 17065
Query scope: 8917
Query scope: 6449
Query scope: 17066
Query scope: 8918
Query scope: 6450
Query scope: 17067
Query scope: 8919
Query scope: 6451
Query scope: 17068
Query scope: 8920
Query scope: 6452
Query scope: 17069
Query scope: 8921
Query scope: 6453
Query scope: 17070
Query scope: 8922
Query scope: 6454
Query scope: 17071
Query scope: 8923
Query scope: 6455
Query scope: 17072
Query scope: 8924
Query scope: 6456
Query scope: 17073
Query scope: 8925
Query scope: 6457
Query scope: 17074
Query scope: 8926
Query scope: 6458
Query scope: 17075
Query scope: 8927
Query scope: 6459
Query scope: 17076
Query scope: 8928
Query scope: 6460
Query scope: 17077
Query scope: 8929
Query scope: 6461
Query scope: 17078
Query scope: 8930
Query scope: 6462
Query scope: 17079
Query scope: 8931
Query scope: 6463
Query scope: 17080
Query scope: 8932
Query scope: 6464
Query scope: 17081
Query scope: 8933
Query scope: 6465
Query scope: 17082
Query scope: 8934
Query scope: 6466
Query scope: 17083
Query scope: 8935
Query scope: 6467
Query scope: 17084
Query scope: 8936
Query scope: 6468
Query scope: 17085
Query scope: 8937
Query scope: 6469
Query scope: 17086
Query scope: 8938
Query scope: 6470
Query scope: 17087
Query scope: 8939
Query scope: 6471
Query scope: 17088
Query scope: 8940
Query scope: 6472
Query scope: 17089
Query scope: 8941
Query scope: 6473
Query scope: 17090
Query scope: 8942
Query scope: 6474
Query scope: 17091
Query scope: 8943
Query scope: 6475
Query scope: 17092
Query scope: 8944
Query scope: 6476
Query scope: 17093
Query scope: 8945
Query scope: 6477
Query scope: 17094
Query scope: 8946
Query scope: 6478
Query scope: 17095
Query scope: 8947
Query scope: 6479
Query scope: 17096
Query scope: 8948
Query scope: 6480
Query scope: 17097
Query scope: 8949
Query scope: 6481
Query scope: 17098
Query scope: 8950
Query scope: 6482
Query scope: 17099
Query scope: 8951
Query scope: 6483
Query scope: 17100
Query scope: 8952
Query scope: 6484
Query scope: 17101
Query scope: 8953
Query scope: 6485
Query scope: 17102
Query scope: 8954
Query scope: 6486
Query scope: 17103
Query scope: 8955
Query scope: 6487
Query scope: 17104
Query scope: 8956
Query scope: 6488
Query scope: 17105
Query scope: 8957
Query scope: 6489
Query scope: 17106
Query scope: 8958
Query scope: 6490
Query scope: 17107
Query scope: 8959
Query scope: 6491
Query scope: 17108
Query scope: 8960
Query scope: 6492
Query scope: 17109
Query scope: 8961
Query scope: 6493
Query scope: 17110
Query scope: 8962
Query scope: 6494
Query scope: 17111
Query scope: 8963
Query scope: 6495
Query scope: 17112
Query scope: 8964
Query scope: 6496
Query scope: 17113
Query scope: 8965
Query scope: 6497
Query scope: 17114
Query scope: 8966
Query scope: 6498
Query scope: 17115
Query scope: 8967
Query scope: 6499
Query scope: 17116
Query scope: 8968
Query scope: 6500
Query scope: 17117
Query scope: 8969
Query scope: 6501
Query scope: 17118
Query scope: 8970
Query scope: 6502
Query scope: 17119
Query scope: 8971
Query scope: 6503
Query scope: 17120
Query scope: 8972
Query scope: 6504
Query scope: 17121
Query scope: 8973
Query scope: 6505
Query scope: 17122
Query scope: 8974
Query scope: 6506
Query scope: 17123
Query scope: 8975
Query scope: 6507
Query scope: 17124
Query scope: 8976
Query scope: 6508
Query scope: 17125
Query scope: 8977
Query scope: 6509
Query scope: 17126
----------------------------
IIS optimality: suboptimal
IIS solution time: 815.939
IIS Constraint: 32; completion; {activity:33}
IIS Constraint: 93; precedence; {activity:26,predecessor:24}
IIS Constraint: 137; precedence; {activity:44,predecessor:26}
IIS Constraint: 141; precedence; {activity:45,predecessor:44}
IIS Constraint: 147; precedence; {activity:47,predecessor:45}
IIS Constraint: 170; precedence; {activity:55,predecessor:47}
IIS Constraint: 175; precedence; {activity:57,predecessor:33}
IIS Constraint: 185; precedence; {activity:60,predecessor:57}
IIS Constraint: 188; precedence; {activity:61,predecessor:55}
IIS Constraint: 191; precedence; {activity:62,predecessor:60}
IIS Constraint: 192; precedence; {activity:62,predecessor:61}
IIS Constraint: 1513; query; {activities:[33,24],t:35,query:8}
IIS Constraint: 1514; query; {activities:[33,24],t:36,query:8}
IIS Constraint: 1515; query; {activities:[33,24],t:37,query:8}
IIS Constraint: 1516; query; {activities:[33,24],t:38,query:8}
IIS Constraint: 1517; query; {activities:[33,24],t:39,query:8}
IIS Constraint: 1518; query; {activities:[33,24],t:40,query:8}
IIS Constraint: 1519; query; {activities:[33,24],t:41,query:8}
IIS Constraint: 1520; query; {activities:[33,24],t:42,query:8}
IIS Constraint: 1521; query; {activities:[33,24],t:43,query:8}
IIS Constraint: 1522; query; {activities:[33,24],t:44,query:8}
IIS Constraint: 1523; query; {activities:[33,24],t:45,query:8}
IIS Constraint: 1524; query; {activities:[33,24],t:46,query:8}
IIS Constraint: 1525; query; {activities:[33,24],t:47,query:8}
IIS Constraint: 1526; query; {activities:[33,24],t:48,query:8}
IIS Constraint: 1527; query; {activities:[33,24],t:49,query:8}
IIS Constraint: 1776; max; {f:68.0,objective:max}
