IIS generation
Iter 1: 
Min Hitting Set: []
Min Correction Subset: [1504]
Iter 2: 
Min Hitting Set: [1504]
Min Correction Subset: [154]
Iter 3: 
Min Hitting Set: [154, 1504]
Min Correction Subset: [151]
Iter 4: 
Min Hitting Set: [151, 154, 1504]
Min Correction Subset: [139]
Iter 5: 
Min Hitting Set: [139, 151, 154, 1504]
Min Correction Subset: [126]
Iter 6: 
Min Hitting Set: [126, 139, 151, 154, 1504]
Min Correction Subset: [1503]
Optimal IIS
IIS generation
Instance: j605_3
----------------------------
Query: 2
Query element:44,226
Query scope: 12667
----------------------------
IIS optimality: suboptimal
IIS solution time: 5616.281
IIS Constraint: 126; precedence; {activity:50,predecessor:44}
IIS Constraint: 139; precedence; {activity:57,predecessor:50}
IIS Constraint: 151; precedence; {activity:61,predecessor:57}
IIS Constraint: 154; precedence; {activity:62,predecessor:61}
IIS Constraint: 1503; query; {activity:44,t:226,query:2}
IIS Constraint: 1504; max; {f:81.0,objective:max}
