IIS generation
Iter 1: 
Min Hitting Set: []
Min Correction Subset: [1480]
Iter 2: 
Min Hitting Set: [1480]
Min Correction Subset: [172]
Iter 3: 
Min Hitting Set: [172, 1480]
Min Correction Subset: [167]
Iter 4: 
Min Hitting Set: [167, 172, 1480]
Min Correction Subset: [137]
Iter 5: 
Min Hitting Set: [137, 167, 172, 1480]
Min Correction Subset: [1479]
Iter 6: 
Min Hitting Set: [137, 167, 172, 1479, 1480]
Min Correction Subset: [157]
Iter 7: 
Min Hitting Set: [137, 157, 167, 172, 1479, 1480]
Min Correction Subset: [153]
Iter 8: 
Min Hitting Set: [137, 153, 157, 167, 172, 1479, 1480]
Min Correction Subset: [539, 540]
Iter 9: 
Min Hitting Set: [137, 153, 157, 167, 172, 539, 1479, 1480]
Min Correction Subset: [37, 111, 112, 113]
Optimal IIS
IIS generation
Instance: j6022_10
----------------------------
Query: 10
Query element:26,43
Query element:39,45
Query scope: 6771
Query scope: 10269
----------------------------
IIS optimality: suboptimal
IIS solution time: 1751.612
IIS Constraint: 37; completion; {activity:38}
IIS Constraint: 137; precedence; {activity:50,predecessor:38}
IIS Constraint: 153; precedence; {activity:55,predecessor:50}
IIS Constraint: 157; precedence; {activity:57,predecessor:55}
IIS Constraint: 167; precedence; {activity:60,predecessor:57}
IIS Constraint: 172; precedence; {activity:62,predecessor:60}
IIS Constraint: 539; renewable; {resource:2,t:39}
IIS Constraint: 1479; query; {activity:39,t:43,query:10}
IIS Constraint: 1480; max; {f:70.0,objective:max}
