IIS generation
Iter 1: 
Min Hitting Set: []
Min Correction Subset: [1363]
Iter 2: 
Min Hitting Set: [1363]
Min Correction Subset: [111]
Iter 3: 
Min Hitting Set: [111, 1363]
Min Correction Subset: [154, 1488]
Iter 4: 
Min Hitting Set: [111, 154, 1363]
Min Correction Subset: [139, 1368]
Iter 5: 
Min Hitting Set: [111, 139, 154, 1363]
Min Correction Subset: [1511, 1605]
Iter 6: 
Min Hitting Set: [111, 139, 154, 1363, 1511]
Min Correction Subset: [1368, 1605]
Iter 7: 
Min Hitting Set: [111, 154, 1363, 1368, 1605]
Min Correction Subset: [129, 1364]
Iter 8: 
Min Hitting Set: [111, 129, 154, 1363, 1368, 1605]
Min Correction Subset: [150, 1366]
Iter 9: 
Min Hitting Set: [111, 129, 150, 154, 1363, 1368, 1605]
Min Correction Subset: [139, 1369]
Iter 10: 
Min Hitting Set: [111, 129, 139, 150, 154, 1363, 1605]
Min Correction Subset: [125, 1364]
Iter 11: 
Min Hitting Set: [111, 139, 150, 154, 1363, 1364, 1605]
Min Correction Subset: [118, 129, 1409]
Iter 12: 
Min Hitting Set: [111, 125, 129, 139, 150, 154, 1363, 1605]
Min Correction Subset: [115, 1364]
Iter 13: 
Min Hitting Set: [111, 129, 139, 150, 154, 1363, 1364, 1605]
Min Correction Subset: [125, 128, 1395]
Iter 14: 
Min Hitting Set: [111, 115, 125, 129, 139, 150, 154, 1363, 1605]
Min Correction Subset: [37, 44, 99, 100, 110, 1364]
Iter 15: 
Min Hitting Set: [111, 125, 129, 139, 150, 154, 1363, 1364, 1605]
Min Correction Subset: [44, 115, 118]
Iter 16: 
Min Hitting Set: [111, 118, 125, 139, 150, 154, 1363, 1364, 1605]
Min Correction Subset: [115, 128, 1371]
Iter 17: 
Min Hitting Set: [111, 118, 128, 139, 150, 154, 1363, 1364, 1605]
Min Correction Subset: [37, 44, 99, 100, 110, 1365]
Iter 18: 
Min Hitting Set: [44, 111, 128, 129, 139, 150, 154, 1363, 1364, 1605]
Min Correction Subset: [115, 118, 1370]
Optimal IIS
IIS generation
Instance: j6012_8
----------------------------
Query: 8
Query element:45,33
Query element:38,31
Query scope: 11356
Query scope: 9533
Query scope: 15872
Query scope: 11357
Query scope: 9534
Query scope: 15873
Query scope: 11358
Query scope: 9535
Query scope: 15874
Query scope: 11359
Query scope: 9536
Query scope: 15875
Query scope: 11360
Query scope: 9537
Query scope: 15876
Query scope: 11361
Query scope: 9538
Query scope: 15877
Query scope: 11362
Query scope: 9539
Query scope: 15878
Query scope: 11363
Query scope: 9540
Query scope: 15879
Query scope: 11364
Query scope: 9541
Query scope: 15880
Query scope: 11365
Query scope: 9542
Query scope: 15881
Query scope: 11366
Query scope: 9543
Query scope: 15882
Query scope: 11367
Query scope: 9544
Query scope: 15883
Query scope: 11368
Query scope: 9545
Query scope: 15884
Query scope: 11369
Query scope: 9546
Query scope: 15885
Query scope: 11370
Query scope: 9547
Query scope: 15886
Query scope: 11371
Query scope: 9548
Query scope: 15887
Query scope: 11372
Query scope: 9549
Query scope: 15888
Query scope: 11373
Query scope: 9550
Query scope: 15889
Query scope: 11374
Query scope: 9551
Query scope: 15890
Query scope: 11375
Query scope: 9552
Query scope: 15891
Query scope: 11376
Query scope: 9553
Query scope: 15892
Query scope: 11377
Query scope: 9554
Query scope: 15893
Query scope: 11378
Query scope: 9555
Query scope: 15894
Query scope: 11379
Query scope: 9556
Query scope: 15895
Query scope: 11380
Query scope: 9557
Query scope: 15896
Query scope: 11381
Query scope: 9558
Query scope: 15897
Query scope: 11382
Query scope: 9559
Query scope: 15898
Query scope: 11383
Query scope: 9560
Query scope: 15899
Query scope: 11384
Query scope: 9561
Query scope: 15900
Query scope: 11385
Query scope: 9562
Query scope: 15901
Query scope: 11386
Query scope: 9563
Query scope: 15902
Query scope: 11387
Query scope: 9564
Query scope: 15903
Query scope: 11388
Query scope: 9565
Query scope: 15904
Query scope: 11389
Query scope: 9566
Query scope: 15905
Query scope: 11390
Query scope: 9567
Query scope: 15906
Query scope: 11391
Query scope: 9568
Query scope: 15907
Query scope: 11392
Query scope: 9569
Query scope: 15908
Query scope: 11393
Query scope: 9570
Query scope: 15909
Query scope: 11394
Query scope: 9571
Query scope: 15910
Query scope: 11395
Query scope: 9572
Query scope: 15911
Query scope: 11396
Query scope: 9573
Query scope: 15912
Query scope: 11397
Query scope: 9574
Query scope: 15913
Query scope: 11398
Query scope: 9575
Query scope: 15914
Query scope: 11399
Query scope: 9576
Query scope: 15915
Query scope: 11400
Query scope: 9577
Query scope: 15916
Query scope: 11401
Query scope: 9578
Query scope: 15917
Query scope: 11402
Query scope: 9579
Query scope: 15918
Query scope: 11403
Query scope: 9580
Query scope: 15919
Query scope: 11404
Query scope: 9581
Query scope: 15920
Query scope: 11405
Query scope: 9582
Query scope: 15921
Query scope: 11406
Query scope: 9583
Query scope: 15922
Query scope: 11407
Query scope: 9584
Query scope: 15923
Query scope: 11408
Query scope: 9585
Query scope: 15924
Query scope: 11409
Query scope: 9586
Query scope: 15925
Query scope: 11410
Query scope: 9587
Query scope: 15926
Query scope: 11411
Query scope: 9588
Query scope: 15927
Query scope: 11412
Query scope: 9589
Query scope: 15928
Query scope: 11413
Query scope: 9590
Query scope: 15929
Query scope: 11414
Query scope: 9591
Query scope: 15930
Query scope: 11415
Query scope: 9592
Query scope: 15931
Query scope: 11416
Query scope: 9593
Query scope: 15932
Query scope: 11417
Query scope: 9594
Query scope: 15933
Query scope: 11418
Query scope: 9595
Query scope: 15934
Query scope: 11419
Query scope: 9596
Query scope: 15935
Query scope: 11420
Query scope: 9597
Query scope: 15936
Query scope: 11421
Query scope: 9598
Query scope: 15937
Query scope: 11422
Query scope: 9599
Query scope: 15938
Query scope: 11423
Query scope: 9600
Query scope: 15939
Query scope: 11424
Query scope: 9601
Query scope: 15940
Query scope: 11425
Query scope: 9602
Query scope: 15941
Query scope: 11426
Query scope: 9603
Query scope: 15942
Query scope: 11427
Query scope: 9604
Query scope: 15943
Query scope: 11428
Query scope: 9605
Query scope: 15944
Query scope: 11429
Query scope: 9606
Query scope: 15945
Query scope: 11430
Query scope: 9607
Query scope: 15946
Query scope: 11431
Query scope: 9608
Query scope: 15947
Query scope: 11432
Query scope: 9609
Query scope: 15948
Query scope: 11433
Query scope: 9610
Query scope: 15949
Query scope: 11434
Query scope: 9611
Query scope: 15950
Query scope: 11435
Query scope: 9612
Query scope: 15951
Query scope: 11436
Query scope: 9613
Query scope: 15952
Query scope: 11437
Query scope: 9614
Query scope: 15953
Query scope: 11438
Query scope: 9615
Query scope: 15954
Query scope: 11439
Query scope: 9616
Query scope: 15955
Query scope: 11440
Query scope: 9617
Query scope: 15956
Query scope: 11441
Query scope: 9618
Query scope: 15957
Query scope: 11442
Query scope: 9619
Query scope: 15958
Query scope: 11443
Query scope: 9620
Query scope: 15959
Query scope: 11444
Query scope: 9621
Query scope: 15960
Query scope: 11445
Query scope: 9622
Query scope: 15961
Query scope: 11446
Query scope: 9623
Query scope: 15962
Query scope: 11447
Query scope: 9624
Query scope: 15963
Query scope: 11448
Query scope: 9625
Query scope: 15964
Query scope: 11449
Query scope: 9626
Query scope: 15965
Query scope: 11450
Query scope: 9627
Query scope: 15966
Query scope: 11451
Query scope: 9628
Query scope: 15967
Query scope: 11452
Query scope: 9629
Query scope: 15968
Query scope: 11453
Query scope: 9630
Query scope: 15969
Query scope: 11454
Query scope: 9631
Query scope: 15970
Query scope: 11455
Query scope: 9632
Query scope: 15971
Query scope: 11456
Query scope: 9633
Query scope: 15972
Query scope: 11457
Query scope: 9634
Query scope: 15973
Query scope: 11458
Query scope: 9635
Query scope: 15974
Query scope: 11459
Query scope: 9636
Query scope: 15975
Query scope: 11460
Query scope: 9637
Query scope: 15976
Query scope: 11461
Query scope: 9638
Query scope: 15977
Query scope: 11462
Query scope: 9639
Query scope: 15978
Query scope: 11463
Query scope: 9640
Query scope: 15979
Query scope: 11464
Query scope: 9641
Query scope: 15980
Query scope: 11465
Query scope: 9642
Query scope: 15981
Query scope: 11466
Query scope: 9643
Query scope: 15982
Query scope: 11467
Query scope: 9644
Query scope: 15983
Query scope: 11468
Query scope: 9645
Query scope: 15984
Query scope: 11469
Query scope: 9646
Query scope: 15985
Query scope: 11470
Query scope: 9647
Query scope: 15986
Query scope: 11471
Query scope: 9648
Query scope: 15987
Query scope: 11472
Query scope: 9649
Query scope: 15988
Query scope: 11473
Query scope: 9650
Query scope: 15989
Query scope: 11474
Query scope: 9651
Query scope: 15990
Query scope: 11475
Query scope: 9652
Query scope: 15991
Query scope: 11476
Query scope: 9653
Query scope: 15992
Query scope: 11477
Query scope: 9654
Query scope: 15993
Query scope: 11478
Query scope: 9655
Query scope: 15994
Query scope: 11479
Query scope: 9656
Query scope: 15995
Query scope: 11480
Query scope: 9657
Query scope: 15996
Query scope: 11481
Query scope: 9658
Query scope: 15997
Query scope: 11482
Query scope: 9659
Query scope: 15998
Query scope: 11483
Query scope: 9660
Query scope: 15999
Query scope: 11484
Query scope: 9661
Query scope: 16000
Query scope: 11485
Query scope: 9662
Query scope: 16001
Query scope: 11486
Query scope: 9663
Query scope: 16002
Query scope: 11487
Query scope: 9664
Query scope: 16003
Query scope: 11488
Query scope: 9665
Query scope: 16004
Query scope: 11489
Query scope: 9666
Query scope: 16005
Query scope: 11490
Query scope: 9667
Query scope: 16006
Query scope: 11491
Query scope: 9668
Query scope: 16007
Query scope: 11492
Query scope: 9669
Query scope: 16008
Query scope: 11493
Query scope: 9670
Query scope: 16009
Query scope: 11494
Query scope: 9671
Query scope: 16010
Query scope: 11495
Query scope: 9672
Query scope: 16011
Query scope: 11496
Query scope: 9673
Query scope: 16012
Query scope: 11497
Query scope: 9674
Query scope: 16013
Query scope: 11498
Query scope: 9675
Query scope: 16014
Query scope: 11499
Query scope: 9676
Query scope: 16015
Query scope: 11500
Query scope: 9677
Query scope: 16016
Query scope: 11501
Query scope: 9678
Query scope: 16017
Query scope: 11502
Query scope: 9679
Query scope: 16018
Query scope: 11503
Query scope: 9680
Query scope: 16019
Query scope: 11504
Query scope: 9681
Query scope: 16020
Query scope: 11505
Query scope: 9682
Query scope: 16021
Query scope: 11506
Query scope: 9683
Query scope: 16022
Query scope: 11507
Query scope: 9684
Query scope: 16023
Query scope: 11508
Query scope: 9685
Query scope: 16024
Query scope: 11509
Query scope: 9686
Query scope: 16025
Query scope: 11510
Query scope: 9687
Query scope: 16026
Query scope: 11511
Query scope: 9688
Query scope: 16027
Query scope: 11512
Query scope: 9689
Query scope: 16028
Query scope: 11513
Query scope: 9690
Query scope: 16029
Query scope: 11514
Query scope: 9691
Query scope: 16030
Query scope: 11515
Query scope: 9692
Query scope: 16031
Query scope: 11516
Query scope: 9693
Query scope: 16032
Query scope: 11517
Query scope: 9694
Query scope: 16033
Query scope: 11518
Query scope: 9695
Query scope: 16034
Query scope: 11519
Query scope: 9696
Query scope: 16035
Query scope: 11520
Query scope: 9697
Query scope: 16036
Query scope: 11521
Query scope: 9698
Query scope: 16037
Query scope: 11522
Query scope: 9699
Query scope: 16038
Query scope: 11523
Query scope: 9700
Query scope: 16039
Query scope: 11524
Query scope: 9701
Query scope: 16040
Query scope: 11525
Query scope: 9702
Query scope: 16041
Query scope: 11526
Query scope: 9703
Query scope: 16042
Query scope: 11527
Query scope: 9704
Query scope: 16043
Query scope: 11528
Query scope: 9705
Query scope: 16044
Query scope: 11529
Query scope: 9706
Query scope: 16045
Query scope: 11530
Query scope: 9707
Query scope: 16046
Query scope: 11531
Query scope: 9708
Query scope: 16047
Query scope: 11532
Query scope: 9709
Query scope: 16048
Query scope: 11533
Query scope: 9710
Query scope: 16049
Query scope: 11534
Query scope: 9711
Query scope: 16050
Query scope: 11535
Query scope: 9712
Query scope: 16051
Query scope: 11536
Query scope: 9713
Query scope: 16052
Query scope: 11537
Query scope: 9714
Query scope: 16053
Query scope: 11538
Query scope: 9715
Query scope: 16054
Query scope: 11539
Query scope: 9716
Query scope: 16055
Query scope: 11540
Query scope: 9717
Query scope: 16056
Query scope: 11541
Query scope: 9718
Query scope: 16057
Query scope: 11542
Query scope: 9719
Query scope: 16058
Query scope: 11543
Query scope: 9720
Query scope: 16059
Query scope: 11544
Query scope: 9721
Query scope: 16060
Query scope: 11545
Query scope: 9722
Query scope: 16061
Query scope: 11546
Query scope: 9723
Query scope: 16062
Query scope: 11547
Query scope: 9724
Query scope: 16063
Query scope: 11548
Query scope: 9725
Query scope: 16064
Query scope: 11549
Query scope: 9726
Query scope: 16065
Query scope: 11550
Query scope: 9727
Query scope: 16066
Query scope: 11551
Query scope: 9728
Query scope: 16067
Query scope: 11552
Query scope: 9729
Query scope: 16068
Query scope: 11553
Query scope: 9730
Query scope: 16069
Query scope: 11554
Query scope: 9731
Query scope: 16070
Query scope: 11555
Query scope: 9732
Query scope: 16071
Query scope: 11556
Query scope: 9733
Query scope: 16072
Query scope: 11557
Query scope: 9734
Query scope: 16073
Query scope: 11558
Query scope: 9735
Query scope: 16074
Query scope: 11559
Query scope: 9736
Query scope: 16075
Query scope: 11560
Query scope: 9737
Query scope: 16076
Query scope: 11561
Query scope: 9738
Query scope: 16077
Query scope: 11562
Query scope: 9739
Query scope: 16078
Query scope: 11563
Query scope: 9740
Query scope: 16079
Query scope: 11564
Query scope: 9741
Query scope: 16080
Query scope: 11565
Query scope: 9742
Query scope: 16081
Query scope: 11566
Query scope: 9743
Query scope: 16082
Query scope: 11567
Query scope: 9744
Query scope: 16083
Query scope: 11568
Query scope: 9745
Query scope: 16084
Query scope: 11569
Query scope: 9746
Query scope: 16085
Query scope: 11570
Query scope: 9747
Query scope: 16086
Query scope: 11571
Query scope: 9748
Query scope: 16087
Query scope: 11572
Query scope: 9749
Query scope: 16088
Query scope: 11573
Query scope: 9750
Query scope: 16089
Query scope: 11574
Query scope: 9751
Query scope: 16090
Query scope: 11575
Query scope: 9752
Query scope: 16091
Query scope: 11576
Query scope: 9753
Query scope: 16092
Query scope: 11577
Query scope: 9754
Query scope: 16093
Query scope: 11578
Query scope: 9755
Query scope: 16094
Query scope: 11579
Query scope: 9756
Query scope: 16095
Query scope: 11580
Query scope: 9757
Query scope: 16096
Query scope: 11581
Query scope: 9758
Query scope: 16097
Query scope: 11582
Query scope: 9759
Query scope: 16098
Query scope: 11583
Query scope: 9760
Query scope: 16099
Query scope: 11584
Query scope: 9761
Query scope: 16100
Query scope: 11585
Query scope: 9762
Query scope: 16101
Query scope: 11586
Query scope: 9763
Query scope: 16102
Query scope: 11587
Query scope: 9764
Query scope: 16103
Query scope: 11588
Query scope: 9765
Query scope: 16104
Query scope: 11589
Query scope: 9766
Query scope: 16105
Query scope: 11590
Query scope: 9767
Query scope: 16106
Query scope: 11591
Query scope: 9768
Query scope: 16107
Query scope: 11592
Query scope: 9769
Query scope: 16108
Query scope: 11593
Query scope: 9770
Query scope: 16109
Query scope: 11594
Query scope: 9771
Query scope: 16110
Query scope: 11595
Query scope: 9772
Query scope: 16111
Query scope: 11596
Query scope: 9773
Query scope: 16112
----------------------------
IIS optimality: suboptimal
IIS solution time: 6689.269
IIS Constraint: 44; completion; {activity:45}
IIS Constraint: 111; precedence; {activity:45,predecessor:38}
IIS Constraint: 118; precedence; {activity:49,predecessor:45}
IIS Constraint: 128; precedence; {activity:53,predecessor:49}
IIS Constraint: 139; precedence; {activity:57,predecessor:53}
IIS Constraint: 150; precedence; {activity:61,predecessor:57}
IIS Constraint: 154; precedence; {activity:62,predecessor:61}
IIS Constraint: 1363; query; {activities:[45,38],t:33,query:8}
IIS Constraint: 1364; query; {activities:[45,38],t:34,query:8}
IIS Constraint: 1605; max; {f:60.0,objective:max}
