IIS generation
Iter 1: 
Min Hitting Set: []
Min Correction Subset: [1598]
Iter 2: 
Min Hitting Set: [1598]
Min Correction Subset: [187]
Iter 3: 
Min Hitting Set: [187, 1598]
Min Correction Subset: [1597]
Iter 4: 
Min Hitting Set: [187, 1597, 1598]
Min Correction Subset: [192]
Optimal IIS
IIS generation
Instance: j6048_7
----------------------------
Query: 2
Query element:45,93
Query scope: 12668
----------------------------
IIS optimality: suboptimal
IIS solution time: 135.054
IIS Constraint: 187; precedence; {activity:61,predecessor:45}
IIS Constraint: 192; precedence; {activity:62,predecessor:61}
IIS Constraint: 1597; query; {activity:45,t:93,query:2}
IIS Constraint: 1598; max; {f:77.0,objective:max}
