IIS generation
Iter 1: 
Min Hitting Set: []
Min Correction Subset: [191]
Iter 2: 
Min Hitting Set: [191]
Min Correction Subset: [186]
Iter 3: 
Min Hitting Set: [186, 191]
Min Correction Subset: [1402]
Iter 4: 
Min Hitting Set: [186, 191, 1402]
Min Correction Subset: [1401]
Iter 5: 
Min Hitting Set: [186, 191, 1401, 1402]
Min Correction Subset: [54, 169, 170, 171]
Optimal IIS
IIS generation
Instance: j6036_2
----------------------------
Query: 1
Query element:55,67
Query scope: 12947
----------------------------
IIS optimality: suboptimal
IIS solution time: 204.391
IIS Constraint: 54; completion; {activity:55}
IIS Constraint: 186; precedence; {activity:60,predecessor:55}
IIS Constraint: 191; precedence; {activity:62,predecessor:60}
IIS Constraint: 1401; query; {activity:55,t:67,query:1}
IIS Constraint: 1402; max; {f:75.0,objective:max}
