IIS generation
Iter 1: 
Min Hitting Set: []
Min Correction Subset: [147]
Iter 2: 
Min Hitting Set: [147]
Min Correction Subset: [1483]
Iter 3: 
Min Hitting Set: [147, 1483]
Min Correction Subset: [92]
Iter 4: 
Min Hitting Set: [92, 147, 1483]
Min Correction Subset: [153]
Iter 5: 
Min Hitting Set: [92, 147, 153, 1483]
Min Correction Subset: [1485]
Iter 6: 
Min Hitting Set: [92, 147, 153, 1483, 1485]
Min Correction Subset: [122]
Iter 7: 
Min Hitting Set: [92, 122, 147, 153, 1483, 1485]
Min Correction Subset: [27, 88, 89]
Optimal IIS
IIS generation
Instance: j604_3
----------------------------
Query: 10
Query element:28,33
Query element:47,32
Query scope: 7878
Query scope: 13501
----------------------------
IIS optimality: suboptimal
IIS solution time: 74.710
IIS Constraint: 27; completion; {activity:28}
IIS Constraint: 92; precedence; {activity:31,predecessor:28}
IIS Constraint: 122; precedence; {activity:50,predecessor:31}
IIS Constraint: 147; precedence; {activity:60,predecessor:50}
IIS Constraint: 153; precedence; {activity:62,predecessor:60}
IIS Constraint: 1483; query; {activity:28,t:33,query:10}
IIS Constraint: 1485; max; {f:58.0,objective:max}
