IIS generation
Iter 1: 
Min Hitting Set: []
Min Correction Subset: [1677]
Iter 2: 
Min Hitting Set: [1677]
Min Correction Subset: [1678]
Iter 3: 
Min Hitting Set: [1677, 1678]
Min Correction Subset: [191]
Iter 4: 
Min Hitting Set: [191, 1677, 1678]
Min Correction Subset: [185]
Iter 5: 
Min Hitting Set: [185, 191, 1677, 1678]
Min Correction Subset: [54, 169, 170, 171]
Optimal IIS
IIS generation
Instance: j6040_5
----------------------------
Query: 1
Query element:55,82
Query scope: 16221
----------------------------
IIS optimality: suboptimal
IIS solution time: 210.070
IIS Constraint: 54; completion; {activity:55}
IIS Constraint: 185; precedence; {activity:60,predecessor:55}
IIS Constraint: 191; precedence; {activity:62,predecessor:60}
IIS Constraint: 1677; query; {activity:55,t:82,query:1}
IIS Constraint: 1678; max; {f:83.0,objective:max}
