IIS generation
Iter 1: 
Min Hitting Set: []
Min Correction Subset: [171]
Iter 2: 
Min Hitting Set: [171]
Min Correction Subset: [1395]
Iter 3: 
Min Hitting Set: [171, 1395]
Min Correction Subset: [164]
Iter 4: 
Min Hitting Set: [164, 171, 1395]
Min Correction Subset: [161]
Iter 5: 
Min Hitting Set: [161, 164, 171, 1395]
Min Correction Subset: [1394]
Optimal IIS
IIS generation
Instance: j6017_4
----------------------------
Query: 2
Query element:56,117
Query scope: 13891
----------------------------
IIS optimality: suboptimal
IIS solution time: 242.728
IIS Constraint: 161; precedence; {activity:58,predecessor:56}
IIS Constraint: 164; precedence; {activity:59,predecessor:58}
IIS Constraint: 171; precedence; {activity:62,predecessor:59}
IIS Constraint: 1394; query; {activity:56,t:117,query:2}
IIS Constraint: 1395; max; {f:71.0,objective:max}
