IIS generation
Iter 1: 
Min Hitting Set: []
Min Correction Subset: [148]
Iter 2: 
Min Hitting Set: [148]
Min Correction Subset: [1304]
Iter 3: 
Min Hitting Set: [148, 1304]
Min Correction Subset: [153]
Iter 4: 
Min Hitting Set: [148, 153, 1304]
Min Correction Subset: [1303]
Optimal IIS
IIS generation
Instance: j6014_8
----------------------------
Query: 9
Query element:55,78
Query element:55,79
Query scope: 12364
----------------------------
IIS optimality: suboptimal
IIS solution time: 217.066
IIS Constraint: 148; precedence; {activity:60,predecessor:55}
IIS Constraint: 153; precedence; {activity:62,predecessor:60}
IIS Constraint: 1303; query; {activity:55,t:78,t_:79,query:9}
IIS Constraint: 1304; max; {f:88.0,objective:max}
