IIS generation
Iter 1: 
Min Hitting Set: []
Min Correction Subset: [186]
Iter 2: 
Min Hitting Set: [186]
Min Correction Subset: [1521]
Iter 3: 
Min Hitting Set: [186, 1521]
Min Correction Subset: [1522]
Iter 4: 
Min Hitting Set: [186, 1521, 1522]
Min Correction Subset: [191]
Iter 5: 
Min Hitting Set: [186, 191, 1521, 1522]
Min Correction Subset: [179]
Iter 6: 
Min Hitting Set: [179, 186, 191, 1521, 1522]
Min Correction Subset: [54, 169, 170, 171]
Optimal IIS
IIS generation
Instance: j6039_4
----------------------------
Query: 1
Query element:55,73
Query scope: 13821
----------------------------
IIS optimality: suboptimal
IIS solution time: 715.487
IIS Constraint: 54; completion; {activity:55}
IIS Constraint: 179; precedence; {activity:58,predecessor:55}
IIS Constraint: 186; precedence; {activity:60,predecessor:58}
IIS Constraint: 191; precedence; {activity:62,predecessor:60}
IIS Constraint: 1521; query; {activity:55,t:73,query:1}
IIS Constraint: 1522; max; {f:92.0,objective:max}
