IIS generation
Iter 1: 
Min Hitting Set: []
Min Correction Subset: [1402]
Iter 2: 
Min Hitting Set: [1402]
Min Correction Subset: [190]
Iter 3: 
Min Hitting Set: [190, 1402]
Min Correction Subset: [1401]
Optimal IIS
IIS generation
Instance: j6042_6
----------------------------
Query: 2
Query element:59,272
Query scope: 13894
----------------------------
IIS optimality: suboptimal
IIS solution time: 2204.029
IIS Constraint: 190; precedence; {activity:62,predecessor:59}
IIS Constraint: 1401; query; {activity:59,t:272,query:2}
IIS Constraint: 1402; max; {f:82.0,objective:max}
