IIS generation
Iter 1: 
Min Hitting Set: []
Min Correction Subset: [191]
Iter 2: 
Min Hitting Set: [191]
Min Correction Subset: [1394]
Iter 3: 
Min Hitting Set: [191, 1394]
Min Correction Subset: [190]
Iter 4: 
Min Hitting Set: [190, 191, 1394]
Min Correction Subset: [1393]
Iter 5: 
Min Hitting Set: [190, 191, 1393, 1394]
Min Correction Subset: [59, 184, 185, 186]
Iter 6: 
Min Hitting Set: [59, 190, 191, 1393, 1394]
Min Correction Subset: [58, 181, 182, 183]
Optimal IIS
IIS generation
Instance: j6044_10
----------------------------
Query: 5
Query element:59,65
Query element:60,65
Query element:62,65
Query scope: 14327
Query scope: 14563
Query scope: 15046
----------------------------
IIS optimality: suboptimal
IIS solution time: 136.663
IIS Constraint: 58; completion; {activity:59}
IIS Constraint: 59; completion; {activity:60}
IIS Constraint: 190; precedence; {activity:62,predecessor:59}
IIS Constraint: 191; precedence; {activity:62,predecessor:60}
IIS Constraint: 1393; query; {activities:[59,60,62],t:65,query:5}
IIS Constraint: 1394; max; {f:65.0,objective:max}
