IIS generation
Iter 1: 
Min Hitting Set: []
Min Correction Subset: [1596]
Iter 2: 
Min Hitting Set: [1596]
Min Correction Subset: [152]
Iter 3: 
Min Hitting Set: [152, 1596]
Min Correction Subset: [145]
Iter 4: 
Min Hitting Set: [145, 152, 1596]
Min Correction Subset: [138]
Iter 5: 
Min Hitting Set: [138, 145, 152, 1596]
Min Correction Subset: [108]
Iter 6: 
Min Hitting Set: [108, 138, 145, 152, 1596]
Min Correction Subset: [1595]
Optimal IIS
IIS generation
Instance: j6013_4
----------------------------
Query: 2
Query element:41,240
Query scope: 12664
----------------------------
IIS optimality: suboptimal
IIS solution time: 7280.648
IIS Constraint: 108; precedence; {activity:42,predecessor:41}
IIS Constraint: 138; precedence; {activity:57,predecessor:42}
IIS Constraint: 145; precedence; {activity:59,predecessor:57}
IIS Constraint: 152; precedence; {activity:62,predecessor:59}
IIS Constraint: 1595; query; {activity:41,t:240,query:2}
IIS Constraint: 1596; max; {f:115.0,objective:max}
