IIS generation
Iter 1: 
Min Hitting Set: []
Min Correction Subset: [1440]
Iter 2: 
Min Hitting Set: [1440]
Min Correction Subset: [154]
Iter 3: 
Min Hitting Set: [154, 1440]
Min Correction Subset: [150]
Iter 4: 
Min Hitting Set: [150, 154, 1440]
Min Correction Subset: [1439]
Optimal IIS
IIS generation
Instance: j604_2
----------------------------
Query: 2
Query element:47,119
Query scope: 12670
----------------------------
IIS optimality: suboptimal
IIS solution time: 138.019
IIS Constraint: 150; precedence; {activity:61,predecessor:47}
IIS Constraint: 154; precedence; {activity:62,predecessor:61}
IIS Constraint: 1439; query; {activity:47,t:119,query:2}
IIS Constraint: 1440; max; {f:60.0,objective:max}
