IIS generation
Iter 1: 
Min Hitting Set: []
Min Correction Subset: [1526]
Iter 2: 
Min Hitting Set: [1526]
Min Correction Subset: [191]
Iter 3: 
Min Hitting Set: [191, 1526]
Min Correction Subset: [1525]
Iter 4: 
Min Hitting Set: [191, 1525, 1526]
Min Correction Subset: [185, 186]
Iter 5: 
Min Hitting Set: [185, 191, 1525, 1526]
Min Correction Subset: [164, 173]
Iter 6: 
Min Hitting Set: [164, 185, 191, 1525, 1526]
Min Correction Subset: [173, 174, 186]
Iter 7: 
Min Hitting Set: [173, 186, 191, 1525, 1526]
Min Correction Subset: [180, 185]
Iter 8: 
Min Hitting Set: [173, 185, 191, 1525, 1526]
Min Correction Subset: [160, 164]
Iter 9: 
Min Hitting Set: [164, 173, 185, 191, 1525, 1526]
Min Correction Subset: [160, 174, 186]
Optimal IIS
IIS generation
Instance: j6048_1
----------------------------
Query: 2
Query element:46,295
Query scope: 12669
----------------------------
IIS optimality: suboptimal
IIS solution time: 129.716
IIS Constraint: 160; precedence; {activity:51,predecessor:46}
IIS Constraint: 173; precedence; {activity:56,predecessor:51}
IIS Constraint: 185; precedence; {activity:60,predecessor:56}
IIS Constraint: 191; precedence; {activity:62,predecessor:60}
IIS Constraint: 1525; query; {activity:46,t:295,query:2}
IIS Constraint: 1526; max; {f:71.0,objective:max}
