IIS generation
Iter 1: 
Min Hitting Set: []
Min Correction Subset: [1432]
Iter 2: 
Min Hitting Set: [1432]
Min Correction Subset: [172]
Iter 3: 
Min Hitting Set: [172, 1432]
Min Correction Subset: [167]
Iter 4: 
Min Hitting Set: [167, 172, 1432]
Min Correction Subset: [158]
Iter 5: 
Min Hitting Set: [158, 167, 172, 1432]
Min Correction Subset: [140]
Iter 6: 
Min Hitting Set: [140, 158, 167, 172, 1432]
Min Correction Subset: [1430]
Iter 7: 
Min Hitting Set: [140, 158, 167, 172, 1430, 1432]
Min Correction Subset: [154]
Iter 8: 
Min Hitting Set: [140, 154, 158, 167, 172, 1430, 1432]
Min Correction Subset: [112]
Iter 9: 
Min Hitting Set: [112, 140, 154, 158, 167, 172, 1430, 1432]
Min Correction Subset: [138]
Iter 10: 
Min Hitting Set: [112, 138, 140, 154, 158, 167, 172, 1430, 1432]
Min Correction Subset: [36, 106, 107, 108]
Optimal IIS
IIS generation
Instance: j6026_10
----------------------------
Query: 10
Query element:37,50
Query element:29,54
Query scope: 9042
Query scope: 7089
----------------------------
IIS optimality: suboptimal
IIS solution time: 1488.253
IIS Constraint: 36; completion; {activity:37}
IIS Constraint: 112; precedence; {activity:39,predecessor:37}
IIS Constraint: 138; precedence; {activity:50,predecessor:39}
IIS Constraint: 140; precedence; {activity:51,predecessor:50}
IIS Constraint: 154; precedence; {activity:56,predecessor:51}
IIS Constraint: 158; precedence; {activity:57,predecessor:56}
IIS Constraint: 167; precedence; {activity:60,predecessor:57}
IIS Constraint: 172; precedence; {activity:62,predecessor:60}
IIS Constraint: 1430; query; {activity:37,t:50,query:10}
IIS Constraint: 1432; max; {f:85.0,objective:max}
