IIS generation
Iter 1: 
Min Hitting Set: []
Min Correction Subset: [1564]
Iter 2: 
Min Hitting Set: [1564]
Min Correction Subset: [152]
Iter 3: 
Min Hitting Set: [152, 1564]
Min Correction Subset: [144]
Iter 4: 
Min Hitting Set: [144, 152, 1564]
Min Correction Subset: [139]
Iter 5: 
Min Hitting Set: [139, 144, 152, 1564]
Min Correction Subset: [134]
Iter 6: 
Min Hitting Set: [134, 139, 144, 152, 1564]
Min Correction Subset: [125]
Iter 7: 
Min Hitting Set: [125, 134, 139, 144, 152, 1564]
Min Correction Subset: [111]
Iter 8: 
Min Hitting Set: [111, 125, 134, 139, 144, 152, 1564]
Min Correction Subset: [1563]
Optimal IIS
IIS generation
Instance: j608_7
----------------------------
Query: 2
Query element:42,221
Query scope: 12665
----------------------------
IIS optimality: suboptimal
IIS solution time: 137.122
IIS Constraint: 111; precedence; {activity:43,predecessor:42}
IIS Constraint: 125; precedence; {activity:50,predecessor:43}
IIS Constraint: 134; precedence; {activity:55,predecessor:50}
IIS Constraint: 139; precedence; {activity:57,predecessor:55}
IIS Constraint: 144; precedence; {activity:59,predecessor:57}
IIS Constraint: 152; precedence; {activity:62,predecessor:59}
IIS Constraint: 1563; query; {activity:42,t:221,query:2}
IIS Constraint: 1564; max; {f:62.0,objective:max}
