IIS generation
Iter 1: 
Min Hitting Set: []
Min Correction Subset: [1466]
Iter 2: 
Min Hitting Set: [1466]
Min Correction Subset: [190]
Iter 3: 
Min Hitting Set: [190, 1466]
Min Correction Subset: [183]
Iter 4: 
Min Hitting Set: [183, 190, 1466]
Min Correction Subset: [1465]
Optimal IIS
IIS generation
Instance: j6038_5
----------------------------
Query: 2
Query element:58,308
Query scope: 13893
----------------------------
IIS optimality: suboptimal
IIS solution time: 198.009
IIS Constraint: 183; precedence; {activity:59,predecessor:58}
IIS Constraint: 190; precedence; {activity:62,predecessor:59}
IIS Constraint: 1465; query; {activity:58,t:308,query:2}
IIS Constraint: 1466; max; {f:103.0,objective:max}
