IIS generation
IIS generation
Instance: j6033_2
----------------------------
Query: 8
Query element:29,48
Query element:41,43
Query scope: 7712
Query scope: 11079
Query scope: 17247
Query scope: 7713
Query scope: 11080
Query scope: 17248
Query scope: 7714
Query scope: 11081
Query scope: 17249
Query scope: 7715
Query scope: 11082
Query scope: 17250
Query scope: 7716
Query scope: 11083
Query scope: 17251
Query scope: 7717
Query scope: 11084
Query scope: 17252
Query scope: 7718
Query scope: 11085
Query scope: 17253
Query scope: 7719
Query scope: 11086
Query scope: 17254
Query scope: 7720
Query scope: 11087
Query scope: 17255
Query scope: 7721
Query scope: 11088
Query scope: 17256
Query scope: 7722
Query scope: 11089
Query scope: 17257
Query scope: 7723
Query scope: 11090
Query scope: 17258
Query scope: 7724
Query scope: 11091
Query scope: 17259
Query scope: 7725
Query scope: 11092
Query scope: 17260
Query scope: 7726
Query scope: 11093
Query scope: 17261
Query scope: 7727
Query scope: 11094
Query scope: 17262
Query scope: 7728
Query scope: 11095
Query scope: 17263
Query scope: 7729
Query scope: 11096
Query scope: 17264
Query scope: 7730
Query scope: 11097
Query scope: 17265
Query scope: 7731
Query scope: 11098
Query scope: 17266
Query scope: 7732
Query scope: 11099
Query scope: 17267
Query scope: 7733
Query scope: 11100
Query scope: 17268
Query scope: 7734
Query scope: 11101
Query scope: 17269
Query scope: 7735
Query scope: 11102
Query scope: 17270
Query scope: 7736
Query scope: 11103
Query scope: 17271
Query scope: 7737
Query scope: 11104
Query scope: 17272
Query scope: 7738
Query scope: 11105
Query scope: 17273
Query scope: 7739
Query scope: 11106
Query scope: 17274
Query scope: 7740
Query scope: 11107
Query scope: 17275
Query scope: 7741
Query scope: 11108
Query scope: 17276
Query scope: 7742
Query scope: 11109
Query scope: 17277
Query scope: 7743
Query scope: 11110
Query scope: 17278
Query scope: 7744
Query scope: 11111
Query scope: 17279
Query scope: 7745
Query scope: 11112
Query scope: 17280
Query scope: 7746
Query scope: 11113
Query scope: 17281
Query scope: 7747
Query scope: 11114
Query scope: 17282
Query scope: 7748
Query scope: 11115
Query scope: 17283
Query scope: 7749
Query scope: 11116
Query scope: 17284
Query scope: 7750
Query scope: 11117
Query scope: 17285
Query scope: 7751
Query scope: 11118
Query scope: 17286
Query scope: 7752
Query scope: 11119
Query scope: 17287
Query scope: 7753
Query scope: 11120
Query scope: 17288
Query scope: 7754
Query scope: 11121
Query scope: 17289
Query scope: 7755
Query scope: 11122
Query scope: 17290
Query scope: 7756
Query scope: 11123
Query scope: 17291
Query scope: 7757
Query scope: 11124
Query scope: 17292
Query scope: 7758
Query scope: 11125
Query scope: 17293
Query scope: 7759
Query scope: 11126
Query scope: 17294
Query scope: 7760
Query scope: 11127
Query scope: 17295
Query scope: 7761
Query scope: 11128
Query scope: 17296
Query scope: 7762
Query scope: 11129
Query scope: 17297
Query scope: 7763
Query scope: 11130
Query scope: 17298
Query scope: 7764
Query scope: 11131
Query scope: 17299
Query scope: 7765
Query scope: 11132
Query scope: 17300
Query scope: 7766
Query scope: 11133
Query scope: 17301
Query scope: 7767
Query scope: 11134
Query scope: 17302
Query scope: 7768
Query scope: 11135
Query scope: 17303
Query scope: 7769
Query scope: 11136
Query scope: 17304
Query scope: 7770
Query scope: 11137
Query scope: 17305
Query scope: 7771
Query scope: 11138
Query scope: 17306
Query scope: 7772
Query scope: 11139
Query scope: 17307
Query scope: 7773
Query scope: 11140
Query scope: 17308
Query scope: 7774
Query scope: 11141
Query scope: 17309
Query scope: 7775
Query scope: 11142
Query scope: 17310
Query scope: 7776
Query scope: 11143
Query scope: 17311
Query scope: 7777
Query scope: 11144
Query scope: 17312
Query scope: 7778
Query scope: 11145
Query scope: 17313
Query scope: 7779
Query scope: 11146
Query scope: 17314
Query scope: 7780
Query scope: 11147
Query scope: 17315
Query scope: 7781
Query scope: 11148
Query scope: 17316
Query scope: 7782
Query scope: 11149
Query scope: 17317
Query scope: 7783
Query scope: 11150
Query scope: 17318
Query scope: 7784
Query scope: 11151
Query scope: 17319
Query scope: 7785
Query scope: 11152
Query scope: 17320
Query scope: 7786
Query scope: 11153
Query scope: 17321
Query scope: 7787
Query scope: 11154
Query scope: 17322
Query scope: 7788
Query scope: 11155
Query scope: 17323
Query scope: 7789
Query scope: 11156
Query scope: 17324
Query scope: 7790
Query scope: 11157
Query scope: 17325
Query scope: 7791
Query scope: 11158
Query scope: 17326
Query scope: 7792
Query scope: 11159
Query scope: 17327
Query scope: 7793
Query scope: 11160
Query scope: 17328
Query scope: 7794
Query scope: 11161
Query scope: 17329
Query scope: 7795
Query scope: 11162
Query scope: 17330
Query scope: 7796
Query scope: 11163
Query scope: 17331
Query scope: 7797
Query scope: 11164
Query scope: 17332
Query scope: 7798
Query scope: 11165
Query scope: 17333
Query scope: 7799
Query scope: 11166
Query scope: 17334
Query scope: 7800
Query scope: 11167
Query scope: 17335
Query scope: 7801
Query scope: 11168
Query scope: 17336
Query scope: 7802
Query scope: 11169
Query scope: 17337
Query scope: 7803
Query scope: 11170
Query scope: 17338
Query scope: 7804
Query scope: 11171
Query scope: 17339
Query scope: 7805
Query scope: 11172
Query scope: 17340
Query scope: 7806
Query scope: 11173
Query scope: 17341
Query scope: 7807
Query scope: 11174
Query scope: 17342
Query scope: 7808
Query scope: 11175
Query scope: 17343
Query scope: 7809
Query scope: 11176
Query scope: 17344
Query scope: 7810
Query scope: 11177
Query scope: 17345
Query scope: 7811
Query scope: 11178
Query scope: 17346
Query scope: 7812
Query scope: 11179
Query scope: 17347
Query scope: 7813
Query scope: 11180
Query scope: 17348
Query scope: 7814
Query scope: 11181
Query scope: 17349
Query scope: 7815
Query scope: 11182
Query scope: 17350
Query scope: 7816
Query scope: 11183
Query scope: 17351
Query scope: 7817
Query scope: 11184
Query scope: 17352
Query scope: 7818
Query scope: 11185
Query scope: 17353
Query scope: 7819
Query scope: 11186
Query scope: 17354
Query scope: 7820
Query scope: 11187
Query scope: 17355
Query scope: 7821
Query scope: 11188
Query scope: 17356
Query scope: 7822
Query scope: 11189
Query scope: 17357
Query scope: 7823
Query scope: 11190
Query scope: 17358
Query scope: 7824
Query scope: 11191
Query scope: 17359
Query scope: 7825
Query scope: 11192
Query scope: 17360
Query scope: 7826
Query scope: 11193
Query scope: 17361
Query scope: 7827
Query scope: 11194
Query scope: 17362
Query scope: 7828
Query scope: 11195
Query scope: 17363
Query scope: 7829
Query scope: 11196
Query scope: 17364
Query scope: 7830
Query scope: 11197
Query scope: 17365
Query scope: 7831
Query scope: 11198
Query scope: 17366
Query scope: 7832
Query scope: 11199
Query scope: 17367
Query scope: 7833
Query scope: 11200
Query scope: 17368
Query scope: 7834
Query scope: 11201
Query scope: 17369
Query scope: 7835
Query scope: 11202
Query scope: 17370
Query scope: 7836
Query scope: 11203
Query scope: 17371
Query scope: 7837
Query scope: 11204
Query scope: 17372
Query scope: 7838
Query scope: 11205
Query scope: 17373
Query scope: 7839
Query scope: 11206
Query scope: 17374
Query scope: 7840
Query scope: 11207
Query scope: 17375
Query scope: 7841
Query scope: 11208
Query scope: 17376
Query scope: 7842
Query scope: 11209
Query scope: 17377
Query scope: 7843
Query scope: 11210
Query scope: 17378
Query scope: 7844
Query scope: 11211
Query scope: 17379
Query scope: 7845
Query scope: 11212
Query scope: 17380
Query scope: 7846
Query scope: 11213
Query scope: 17381
Query scope: 7847
Query scope: 11214
Query scope: 17382
Query scope: 7848
Query scope: 11215
Query scope: 17383
Query scope: 7849
Query scope: 11216
Query scope: 17384
Query scope: 7850
Query scope: 11217
Query scope: 17385
Query scope: 7851
Query scope: 11218
Query scope: 17386
Query scope: 7852
Query scope: 11219
Query scope: 17387
Query scope: 7853
Query scope: 11220
Query scope: 17388
Query scope: 7854
Query scope: 11221
Query scope: 17389
Query scope: 7855
Query scope: 11222
Query scope: 17390
Query scope: 7856
Query scope: 11223
Query scope: 17391
Query scope: 7857
Query scope: 11224
Query scope: 17392
Query scope: 7858
Query scope: 11225
Query scope: 17393
Query scope: 7859
Query scope: 11226
Query scope: 17394
Query scope: 7860
Query scope: 11227
Query scope: 17395
Query scope: 7861
Query scope: 11228
Query scope: 17396
Query scope: 7862
Query scope: 11229
Query scope: 17397
Query scope: 7863
Query scope: 11230
Query scope: 17398
Query scope: 7864
Query scope: 11231
Query scope: 17399
Query scope: 7865
Query scope: 11232
Query scope: 17400
Query scope: 7866
Query scope: 11233
Query scope: 17401
Query scope: 7867
Query scope: 11234
Query scope: 17402
Query scope: 7868
Query scope: 11235
Query scope: 17403
Query scope: 7869
Query scope: 11236
Query scope: 17404
Query scope: 7870
Query scope: 11237
Query scope: 17405
Query scope: 7871
Query scope: 11238
Query scope: 17406
Query scope: 7872
Query scope: 11239
Query scope: 17407
Query scope: 7873
Query scope: 11240
Query scope: 17408
Query scope: 7874
Query scope: 11241
Query scope: 17409
Query scope: 7875
Query scope: 11242
Query scope: 17410
Query scope: 7876
Query scope: 11243
Query scope: 17411
Query scope: 7877
Query scope: 11244
Query scope: 17412
Query scope: 7878
Query scope: 11245
Query scope: 17413
Query scope: 7879
Query scope: 11246
Query scope: 17414
Query scope: 7880
Query scope: 11247
Query scope: 17415
Query scope: 7881
Query scope: 11248
Query scope: 17416
Query scope: 7882
Query scope: 11249
Query scope: 17417
Query scope: 7883
Query scope: 11250
Query scope: 17418
Query scope: 7884
Query scope: 11251
Query scope: 17419
Query scope: 7885
Query scope: 11252
Query scope: 17420
Query scope: 7886
Query scope: 11253
Query scope: 17421
Query scope: 7887
Query scope: 11254
Query scope: 17422
Query scope: 7888
Query scope: 11255
Query scope: 17423
Query scope: 7889
Query scope: 11256
Query scope: 17424
Query scope: 7890
Query scope: 11257
Query scope: 17425
Query scope: 7891
Query scope: 11258
Query scope: 17426
Query scope: 7892
Query scope: 11259
Query scope: 17427
Query scope: 7893
Query scope: 11260
Query scope: 17428
Query scope: 7894
Query scope: 11261
Query scope: 17429
Query scope: 7895
Query scope: 11262
Query scope: 17430
Query scope: 7896
Query scope: 11263
Query scope: 17431
Query scope: 7897
Query scope: 11264
Query scope: 17432
Query scope: 7898
Query scope: 11265
Query scope: 17433
Query scope: 7899
Query scope: 11266
Query scope: 17434
Query scope: 7900
Query scope: 11267
Query scope: 17435
Query scope: 7901
Query scope: 11268
Query scope: 17436
Query scope: 7902
Query scope: 11269
Query scope: 17437
Query scope: 7903
Query scope: 11270
Query scope: 17438
Query scope: 7904
Query scope: 11271
Query scope: 17439
Query scope: 7905
Query scope: 11272
Query scope: 17440
Query scope: 7906
Query scope: 11273
Query scope: 17441
Query scope: 7907
Query scope: 11274
Query scope: 17442
Query scope: 7908
Query scope: 11275
Query scope: 17443
Query scope: 7909
Query scope: 11276
Query scope: 17444
Query scope: 7910
Query scope: 11277
Query scope: 17445
Query scope: 7911
Query scope: 11278
Query scope: 17446
Query scope: 7912
Query scope: 11279
Query scope: 17447
Query scope: 7913
Query scope: 11280
Query scope: 17448
Query scope: 7914
Query scope: 11281
Query scope: 17449
Query scope: 7915
Query scope: 11282
Query scope: 17450
Query scope: 7916
Query scope: 11283
Query scope: 17451
Query scope: 7917
Query scope: 11284
Query scope: 17452
Query scope: 7918
Query scope: 11285
Query scope: 17453
Query scope: 7919
Query scope: 11286
Query scope: 17454
Query scope: 7920
Query scope: 11287
Query scope: 17455
Query scope: 7921
Query scope: 11288
Query scope: 17456
Query scope: 7922
Query scope: 11289
Query scope: 17457
Query scope: 7923
Query scope: 11290
Query scope: 17458
Query scope: 7924
Query scope: 11291
Query scope: 17459
Query scope: 7925
Query scope: 11292
Query scope: 17460
Query scope: 7926
Query scope: 11293
Query scope: 17461
Query scope: 7927
Query scope: 11294
Query scope: 17462
Query scope: 7928
Query scope: 11295
Query scope: 17463
Query scope: 7929
Query scope: 11296
Query scope: 17464
Query scope: 7930
Query scope: 11297
Query scope: 17465
Query scope: 7931
Query scope: 11298
Query scope: 17466
Query scope: 7932
Query scope: 11299
Query scope: 17467
Query scope: 7933
Query scope: 11300
Query scope: 17468
Query scope: 7934
Query scope: 11301
Query scope: 17469
Query scope: 7935
Query scope: 11302
Query scope: 17470
Query scope: 7936
Query scope: 11303
Query scope: 17471
Query scope: 7937
Query scope: 11304
Query scope: 17472
Query scope: 7938
Query scope: 11305
Query scope: 17473
Query scope: 7939
Query scope: 11306
Query scope: 17474
Query scope: 7940
Query scope: 11307
Query scope: 17475
Query scope: 7941
Query scope: 11308
Query scope: 17476
Query scope: 7942
Query scope: 11309
Query scope: 17477
Query scope: 7943
Query scope: 11310
Query scope: 17478
Query scope: 7944
Query scope: 11311
Query scope: 17479
Query scope: 7945
Query scope: 11312
Query scope: 17480
Query scope: 7946
Query scope: 11313
Query scope: 17481
Query scope: 7947
Query scope: 11314
Query scope: 17482
Query scope: 7948
Query scope: 11315
Query scope: 17483
Query scope: 7949
Query scope: 11316
Query scope: 17484
Query scope: 7950
Query scope: 11317
Query scope: 17485
Query scope: 7951
Query scope: 11318
Query scope: 17486
Query scope: 7952
Query scope: 11319
Query scope: 17487
Query scope: 7953
Query scope: 11320
Query scope: 17488
Query scope: 7954
Query scope: 11321
Query scope: 17489
Query scope: 7955
Query scope: 11322
Query scope: 17490
Query scope: 7956
Query scope: 11323
Query scope: 17491
Query scope: 7957
Query scope: 11324
Query scope: 17492
Query scope: 7958
Query scope: 11325
Query scope: 17493
Query scope: 7959
Query scope: 11326
Query scope: 17494
Query scope: 7960
Query scope: 11327
Query scope: 17495
Query scope: 7961
Query scope: 11328
Query scope: 17496
Query scope: 7962
Query scope: 11329
Query scope: 17497
Query scope: 7963
Query scope: 11330
Query scope: 17498
Query scope: 7964
Query scope: 11331
Query scope: 17499
Query scope: 7965
Query scope: 11332
Query scope: 17500
----------------------------
IIS optimality: optimal
IIS solution time: 10.197
