IIS generation
IIS generation
Instance: j6041_2
----------------------------
Query: 8
Query element:23,69
Query element:38,68
Query scope: 5824
Query scope: 9792
Query scope: 16331
Query scope: 5825
Query scope: 9793
Query scope: 16332
Query scope: 5826
Query scope: 9794
Query scope: 16333
Query scope: 5827
Query scope: 9795
Query scope: 16334
Query scope: 5828
Query scope: 9796
Query scope: 16335
Query scope: 5829
Query scope: 9797
Query scope: 16336
Query scope: 5830
Query scope: 9798
Query scope: 16337
Query scope: 5831
Query scope: 9799
Query scope: 16338
Query scope: 5832
Query scope: 9800
Query scope: 16339
Query scope: 5833
Query scope: 9801
Query scope: 16340
Query scope: 5834
Query scope: 9802
Query scope: 16341
Query scope: 5835
Query scope: 9803
Query scope: 16342
Query scope: 5836
Query scope: 9804
Query scope: 16343
Query scope: 5837
Query scope: 9805
Query scope: 16344
Query scope: 5838
Query scope: 9806
Query scope: 16345
Query scope: 5839
Query scope: 9807
Query scope: 16346
Query scope: 5840
Query scope: 9808
Query scope: 16347
Query scope: 5841
Query scope: 9809
Query scope: 16348
Query scope: 5842
Query scope: 9810
Query scope: 16349
Query scope: 5843
Query scope: 9811
Query scope: 16350
Query scope: 5844
Query scope: 9812
Query scope: 16351
Query scope: 5845
Query scope: 9813
Query scope: 16352
Query scope: 5846
Query scope: 9814
Query scope: 16353
Query scope: 5847
Query scope: 9815
Query scope: 16354
Query scope: 5848
Query scope: 9816
Query scope: 16355
Query scope: 5849
Query scope: 9817
Query scope: 16356
Query scope: 5850
Query scope: 9818
Query scope: 16357
Query scope: 5851
Query scope: 9819
Query scope: 16358
Query scope: 5852
Query scope: 9820
Query scope: 16359
Query scope: 5853
Query scope: 9821
Query scope: 16360
Query scope: 5854
Query scope: 9822
Query scope: 16361
Query scope: 5855
Query scope: 9823
Query scope: 16362
Query scope: 5856
Query scope: 9824
Query scope: 16363
Query scope: 5857
Query scope: 9825
Query scope: 16364
Query scope: 5858
Query scope: 9826
Query scope: 16365
Query scope: 5859
Query scope: 9827
Query scope: 16366
Query scope: 5860
Query scope: 9828
Query scope: 16367
Query scope: 5861
Query scope: 9829
Query scope: 16368
Query scope: 5862
Query scope: 9830
Query scope: 16369
Query scope: 5863
Query scope: 9831
Query scope: 16370
Query scope: 5864
Query scope: 9832
Query scope: 16371
Query scope: 5865
Query scope: 9833
Query scope: 16372
Query scope: 5866
Query scope: 9834
Query scope: 16373
Query scope: 5867
Query scope: 9835
Query scope: 16374
Query scope: 5868
Query scope: 9836
Query scope: 16375
Query scope: 5869
Query scope: 9837
Query scope: 16376
Query scope: 5870
Query scope: 9838
Query scope: 16377
Query scope: 5871
Query scope: 9839
Query scope: 16378
Query scope: 5872
Query scope: 9840
Query scope: 16379
Query scope: 5873
Query scope: 9841
Query scope: 16380
Query scope: 5874
Query scope: 9842
Query scope: 16381
Query scope: 5875
Query scope: 9843
Query scope: 16382
Query scope: 5876
Query scope: 9844
Query scope: 16383
Query scope: 5877
Query scope: 9845
Query scope: 16384
Query scope: 5878
Query scope: 9846
Query scope: 16385
Query scope: 5879
Query scope: 9847
Query scope: 16386
Query scope: 5880
Query scope: 9848
Query scope: 16387
Query scope: 5881
Query scope: 9849
Query scope: 16388
Query scope: 5882
Query scope: 9850
Query scope: 16389
Query scope: 5883
Query scope: 9851
Query scope: 16390
Query scope: 5884
Query scope: 9852
Query scope: 16391
Query scope: 5885
Query scope: 9853
Query scope: 16392
Query scope: 5886
Query scope: 9854
Query scope: 16393
Query scope: 5887
Query scope: 9855
Query scope: 16394
Query scope: 5888
Query scope: 9856
Query scope: 16395
Query scope: 5889
Query scope: 9857
Query scope: 16396
Query scope: 5890
Query scope: 9858
Query scope: 16397
Query scope: 5891
Query scope: 9859
Query scope: 16398
Query scope: 5892
Query scope: 9860
Query scope: 16399
Query scope: 5893
Query scope: 9861
Query scope: 16400
Query scope: 5894
Query scope: 9862
Query scope: 16401
Query scope: 5895
Query scope: 9863
Query scope: 16402
Query scope: 5896
Query scope: 9864
Query scope: 16403
Query scope: 5897
Query scope: 9865
Query scope: 16404
Query scope: 5898
Query scope: 9866
Query scope: 16405
Query scope: 5899
Query scope: 9867
Query scope: 16406
Query scope: 5900
Query scope: 9868
Query scope: 16407
Query scope: 5901
Query scope: 9869
Query scope: 16408
Query scope: 5902
Query scope: 9870
Query scope: 16409
Query scope: 5903
Query scope: 9871
Query scope: 16410
Query scope: 5904
Query scope: 9872
Query scope: 16411
Query scope: 5905
Query scope: 9873
Query scope: 16412
Query scope: 5906
Query scope: 9874
Query scope: 16413
Query scope: 5907
Query scope: 9875
Query scope: 16414
Query scope: 5908
Query scope: 9876
Query scope: 16415
Query scope: 5909
Query scope: 9877
Query scope: 16416
Query scope: 5910
Query scope: 9878
Query scope: 16417
Query scope: 5911
Query scope: 9879
Query scope: 16418
Query scope: 5912
Query scope: 9880
Query scope: 16419
Query scope: 5913
Query scope: 9881
Query scope: 16420
Query scope: 5914
Query scope: 9882
Query scope: 16421
Query scope: 5915
Query scope: 9883
Query scope: 16422
Query scope: 5916
Query scope: 9884
Query scope: 16423
Query scope: 5917
Query scope: 9885
Query scope: 16424
Query scope: 5918
Query scope: 9886
Query scope: 16425
Query scope: 5919
Query scope: 9887
Query scope: 16426
Query scope: 5920
Query scope: 9888
Query scope: 16427
Query scope: 5921
Query scope: 9889
Query scope: 16428
Query scope: 5922
Query scope: 9890
Query scope: 16429
Query scope: 5923
Query scope: 9891
Query scope: 16430
Query scope: 5924
Query scope: 9892
Query scope: 16431
Query scope: 5925
Query scope: 9893
Query scope: 16432
Query scope: 5926
Query scope: 9894
Query scope: 16433
Query scope: 5927
Query scope: 9895
Query scope: 16434
Query scope: 5928
Query scope: 9896
Query scope: 16435
Query scope: 5929
Query scope: 9897
Query scope: 16436
Query scope: 5930
Query scope: 9898
Query scope: 16437
Query scope: 5931
Query scope: 9899
Query scope: 16438
Query scope: 5932
Query scope: 9900
Query scope: 16439
Query scope: 5933
Query scope: 9901
Query scope: 16440
Query scope: 5934
Query scope: 9902
Query scope: 16441
Query scope: 5935
Query scope: 9903
Query scope: 16442
Query scope: 5936
Query scope: 9904
Query scope: 16443
Query scope: 5937
Query scope: 9905
Query scope: 16444
Query scope: 5938
Query scope: 9906
Query scope: 16445
Query scope: 5939
Query scope: 9907
Query scope: 16446
Query scope: 5940
Query scope: 9908
Query scope: 16447
Query scope: 5941
Query scope: 9909
Query scope: 16448
Query scope: 5942
Query scope: 9910
Query scope: 16449
Query scope: 5943
Query scope: 9911
Query scope: 16450
Query scope: 5944
Query scope: 9912
Query scope: 16451
Query scope: 5945
Query scope: 9913
Query scope: 16452
Query scope: 5946
Query scope: 9914
Query scope: 16453
Query scope: 5947
Query scope: 9915
Query scope: 16454
Query scope: 5948
Query scope: 9916
Query scope: 16455
Query scope: 5949
Query scope: 9917
Query scope: 16456
Query scope: 5950
Query scope: 9918
Query scope: 16457
Query scope: 5951
Query scope: 9919
Query scope: 16458
Query scope: 5952
Query scope: 9920
Query scope: 16459
Query scope: 5953
Query scope: 9921
Query scope: 16460
Query scope: 5954
Query scope: 9922
Query scope: 16461
Query scope: 5955
Query scope: 9923
Query scope: 16462
Query scope: 5956
Query scope: 9924
Query scope: 16463
Query scope: 5957
Query scope: 9925
Query scope: 16464
Query scope: 5958
Query scope: 9926
Query scope: 16465
Query scope: 5959
Query scope: 9927
Query scope: 16466
Query scope: 5960
Query scope: 9928
Query scope: 16467
Query scope: 5961
Query scope: 9929
Query scope: 16468
Query scope: 5962
Query scope: 9930
Query scope: 16469
Query scope: 5963
Query scope: 9931
Query scope: 16470
Query scope: 5964
Query scope: 9932
Query scope: 16471
Query scope: 5965
Query scope: 9933
Query scope: 16472
Query scope: 5966
Query scope: 9934
Query scope: 16473
Query scope: 5967
Query scope: 9935
Query scope: 16474
Query scope: 5968
Query scope: 9936
Query scope: 16475
Query scope: 5969
Query scope: 9937
Query scope: 16476
Query scope: 5970
Query scope: 9938
Query scope: 16477
Query scope: 5971
Query scope: 9939
Query scope: 16478
Query scope: 5972
Query scope: 9940
Query scope: 16479
Query scope: 5973
Query scope: 9941
Query scope: 16480
Query scope: 5974
Query scope: 9942
Query scope: 16481
Query scope: 5975
Query scope: 9943
Query scope: 16482
Query scope: 5976
Query scope: 9944
Query scope: 16483
Query scope: 5977
Query scope: 9945
Query scope: 16484
Query scope: 5978
Query scope: 9946
Query scope: 16485
Query scope: 5979
Query scope: 9947
Query scope: 16486
Query scope: 5980
Query scope: 9948
Query scope: 16487
Query scope: 5981
Query scope: 9949
Query scope: 16488
Query scope: 5982
Query scope: 9950
Query scope: 16489
Query scope: 5983
Query scope: 9951
Query scope: 16490
Query scope: 5984
Query scope: 9952
Query scope: 16491
Query scope: 5985
Query scope: 9953
Query scope: 16492
Query scope: 5986
Query scope: 9954
Query scope: 16493
Query scope: 5987
Query scope: 9955
Query scope: 16494
Query scope: 5988
Query scope: 9956
Query scope: 16495
Query scope: 5989
Query scope: 9957
Query scope: 16496
Query scope: 5990
Query scope: 9958
Query scope: 16497
Query scope: 5991
Query scope: 9959
Query scope: 16498
Query scope: 5992
Query scope: 9960
Query scope: 16499
Query scope: 5993
Query scope: 9961
Query scope: 16500
Query scope: 5994
Query scope: 9962
Query scope: 16501
Query scope: 5995
Query scope: 9963
Query scope: 16502
Query scope: 5996
Query scope: 9964
Query scope: 16503
Query scope: 5997
Query scope: 9965
Query scope: 16504
Query scope: 5998
Query scope: 9966
Query scope: 16505
Query scope: 5999
Query scope: 9967
Query scope: 16506
Query scope: 6000
Query scope: 9968
Query scope: 16507
Query scope: 6001
Query scope: 9969
Query scope: 16508
Query scope: 6002
Query scope: 9970
Query scope: 16509
Query scope: 6003
Query scope: 9971
Query scope: 16510
Query scope: 6004
Query scope: 9972
Query scope: 16511
Query scope: 6005
Query scope: 9973
Query scope: 16512
Query scope: 6006
Query scope: 9974
Query scope: 16513
Query scope: 6007
Query scope: 9975
Query scope: 16514
Query scope: 6008
Query scope: 9976
Query scope: 16515
Query scope: 6009
Query scope: 9977
Query scope: 16516
Query scope: 6010
Query scope: 9978
Query scope: 16517
Query scope: 6011
Query scope: 9979
Query scope: 16518
Query scope: 6012
Query scope: 9980
Query scope: 16519
Query scope: 6013
Query scope: 9981
Query scope: 16520
Query scope: 6014
Query scope: 9982
Query scope: 16521
Query scope: 6015
Query scope: 9983
Query scope: 16522
Query scope: 6016
Query scope: 9984
Query scope: 16523
Query scope: 6017
Query scope: 9985
Query scope: 16524
Query scope: 6018
Query scope: 9986
Query scope: 16525
Query scope: 6019
Query scope: 9987
Query scope: 16526
Query scope: 6020
Query scope: 9988
Query scope: 16527
Query scope: 6021
Query scope: 9989
Query scope: 16528
Query scope: 6022
Query scope: 9990
Query scope: 16529
Query scope: 6023
Query scope: 9991
Query scope: 16530
Query scope: 6024
Query scope: 9992
Query scope: 16531
Query scope: 6025
Query scope: 9993
Query scope: 16532
Query scope: 6026
Query scope: 9994
Query scope: 16533
Query scope: 6027
Query scope: 9995
Query scope: 16534
Query scope: 6028
Query scope: 9996
Query scope: 16535
Query scope: 6029
Query scope: 9997
Query scope: 16536
Query scope: 6030
Query scope: 9998
Query scope: 16537
Query scope: 6031
Query scope: 9999
Query scope: 16538
Query scope: 6032
Query scope: 10000
Query scope: 16539
Query scope: 6033
Query scope: 10001
Query scope: 16540
Query scope: 6034
Query scope: 10002
Query scope: 16541
Query scope: 6035
Query scope: 10003
Query scope: 16542
Query scope: 6036
Query scope: 10004
Query scope: 16543
Query scope: 6037
Query scope: 10005
Query scope: 16544
Query scope: 6038
Query scope: 10006
Query scope: 16545
Query scope: 6039
Query scope: 10007
Query scope: 16546
Query scope: 6040
Query scope: 10008
Query scope: 16547
Query scope: 6041
Query scope: 10009
Query scope: 16548
Query scope: 6042
Query scope: 10010
Query scope: 16549
Query scope: 6043
Query scope: 10011
Query scope: 16550
Query scope: 6044
Query scope: 10012
Query scope: 16551
Query scope: 6045
Query scope: 10013
Query scope: 16552
Query scope: 6046
Query scope: 10014
Query scope: 16553
Query scope: 6047
Query scope: 10015
Query scope: 16554
Query scope: 6048
Query scope: 10016
Query scope: 16555
Query scope: 6049
Query scope: 10017
Query scope: 16556
Query scope: 6050
Query scope: 10018
Query scope: 16557
Query scope: 6051
Query scope: 10019
Query scope: 16558
Query scope: 6052
Query scope: 10020
Query scope: 16559
Query scope: 6053
Query scope: 10021
Query scope: 16560
Query scope: 6054
Query scope: 10022
Query scope: 16561
Query scope: 6055
Query scope: 10023
Query scope: 16562
Query scope: 6056
Query scope: 10024
Query scope: 16563
Query scope: 6057
Query scope: 10025
Query scope: 16564
Query scope: 6058
Query scope: 10026
Query scope: 16565
Query scope: 6059
Query scope: 10027
Query scope: 16566
Query scope: 6060
Query scope: 10028
Query scope: 16567
Query scope: 6061
Query scope: 10029
Query scope: 16568
Query scope: 6062
Query scope: 10030
Query scope: 16569
Query scope: 6063
Query scope: 10031
Query scope: 16570
Query scope: 6064
Query scope: 10032
Query scope: 16571
Query scope: 6065
Query scope: 10033
Query scope: 16572
Query scope: 6066
Query scope: 10034
Query scope: 16573
Query scope: 6067
Query scope: 10035
Query scope: 16574
Query scope: 6068
Query scope: 10036
Query scope: 16575
Query scope: 6069
Query scope: 10037
Query scope: 16576
Query scope: 6070
Query scope: 10038
Query scope: 16577
Query scope: 6071
Query scope: 10039
Query scope: 16578
Query scope: 6072
Query scope: 10040
Query scope: 16579
Query scope: 6073
Query scope: 10041
Query scope: 16580
Query scope: 6074
Query scope: 10042
Query scope: 16581
Query scope: 6075
Query scope: 10043
Query scope: 16582
Query scope: 6076
Query scope: 10044
Query scope: 16583
Query scope: 6077
Query scope: 10045
Query scope: 16584
Query scope: 6078
Query scope: 10046
Query scope: 16585
Query scope: 6079
Query scope: 10047
Query scope: 16586
Query scope: 6080
Query scope: 10048
Query scope: 16587
----------------------------
IIS optimality: optimal
IIS solution time: 3723.019
