IIS generation
Iter 1: 
Min Hitting Set: []
Min Correction Subset: [153]
Iter 2: 
Min Hitting Set: [153]
Min Correction Subset: [1535]
Iter 3: 
Min Hitting Set: [153, 1535]
Min Correction Subset: [1536]
Iter 4: 
Min Hitting Set: [153, 1535, 1536]
Min Correction Subset: [148]
Iter 5: 
Min Hitting Set: [148, 153, 1535, 1536]
Min Correction Subset: [143]
Iter 6: 
Min Hitting Set: [143, 148, 153, 1535, 1536]
Min Correction Subset: [54, 133, 134, 135]
Optimal IIS
IIS generation
Instance: j6012_3
----------------------------
Query: 1
Query element:55,60
Query scope: 15514
----------------------------
IIS optimality: suboptimal
IIS solution time: 162.937
IIS Constraint: 54; completion; {activity:55}
IIS Constraint: 143; precedence; {activity:58,predecessor:55}
IIS Constraint: 148; precedence; {activity:60,predecessor:58}
IIS Constraint: 153; precedence; {activity:62,predecessor:60}
IIS Constraint: 1535; query; {activity:55,t:60,query:1}
IIS Constraint: 1536; max; {f:75.0,objective:max}
