IIS generation
Iter 1: 
Min Hitting Set: []
Min Correction Subset: [1275]
Iter 2: 
Min Hitting Set: [1275]
Min Correction Subset: [152]
Iter 3: 
Min Hitting Set: [152, 1275]
Min Correction Subset: [172]
Iter 4: 
Min Hitting Set: [152, 172, 1275]
Min Correction Subset: [171]
Iter 5: 
Min Hitting Set: [152, 171, 172, 1275]
Min Correction Subset: [147]
Iter 6: 
Min Hitting Set: [147, 152, 171, 172, 1275]
Min Correction Subset: [93]
Iter 7: 
Min Hitting Set: [93, 147, 152, 171, 172, 1275]
Min Correction Subset: [162]
Iter 8: 
Min Hitting Set: [93, 147, 152, 162, 171, 172, 1275]
Min Correction Subset: [105]
Iter 9: 
Min Hitting Set: [93, 105, 147, 152, 162, 171, 172, 1275]
Min Correction Subset: [173]
Iter 10: 
Min Hitting Set: [93, 105, 147, 152, 162, 171, 172, 173, 1275]
Min Correction Subset: [166]
Iter 11: 
Min Hitting Set: [93, 105, 147, 152, 162, 166, 171, 172, 173, 1275]
Min Correction Subset: [145]
Iter 12: 
Min Hitting Set: [93, 105, 145, 147, 152, 162, 166, 171, 172, 173, 1275]
Min Correction Subset: [169]
Iter 13: 
Min Hitting Set: [93, 105, 145, 147, 152, 162, 166, 169, 171, 172, 173, 1275]
Min Correction Subset: [206]
Iter 14: 
Min Hitting Set: [93, 105, 145, 147, 152, 162, 166, 169, 171, 172, 173, 206, 1275]
Min Correction Subset: [779]
Iter 15: 
Min Hitting Set: [93, 105, 145, 147, 152, 162, 166, 169, 171, 172, 173, 206, 779, 1275]
Min Correction Subset: [215]
Iter 16: 
Min Hitting Set: [93, 105, 145, 147, 152, 162, 166, 169, 171, 172, 173, 206, 215, 779, 1275]
Min Correction Subset: [75]
Iter 17: 
Min Hitting Set: [75, 93, 105, 145, 147, 152, 162, 166, 169, 171, 172, 173, 206, 215, 779, 1275]
Min Correction Subset: [200]
Iter 18: 
Min Hitting Set: [75, 93, 105, 145, 147, 152, 162, 166, 169, 171, 172, 173, 200, 206, 215, 779, 1275]
Min Correction Subset: [209]
Iter 19: 
Min Hitting Set: [75, 93, 105, 145, 147, 152, 162, 166, 169, 171, 172, 173, 200, 206, 209, 215, 779, 1275]
Min Correction Subset: [187]
Iter 20: 
Min Hitting Set: [75, 93, 105, 145, 147, 152, 162, 166, 169, 171, 172, 173, 187, 200, 206, 209, 215, 779, 1275]
Min Correction Subset: [151, 170]
IIS generation
Instance: j6017_5
----------------------------
Query: 9
Query element:55,54
Query element:55,53
Query scope: 12577
----------------------------
IIS optimality: suboptimal
IIS solution time: 36086.777
IIS Constraint: 75; precedence; {activity:15,predecessor:11}
IIS Constraint: 93; precedence; {activity:30,predecessor:16}
IIS Constraint: 105; precedence; {activity:36,predecessor:34}
IIS Constraint: 145; precedence; {activity:53,predecessor:33}
IIS Constraint: 147; precedence; {activity:54,predecessor:48}
IIS Constraint: 152; precedence; {activity:55,predecessor:54}
IIS Constraint: 162; precedence; {activity:59,predecessor:47}
IIS Constraint: 166; precedence; {activity:60,predecessor:53}
IIS Constraint: 169; precedence; {activity:61,predecessor:36}
IIS Constraint: 171; precedence; {activity:62,predecessor:59}
IIS Constraint: 172; precedence; {activity:62,predecessor:60}
IIS Constraint: 173; precedence; {activity:62,predecessor:61}
IIS Constraint: 187; renewable; {resource:1,t:13}
IIS Constraint: 200; renewable; {resource:1,t:26}
IIS Constraint: 206; renewable; {resource:1,t:32}
IIS Constraint: 209; renewable; {resource:1,t:35}
IIS Constraint: 215; renewable; {resource:1,t:41}
IIS Constraint: 779; renewable; {resource:3,t:55}
IIS Constraint: 1275; max; {f:59.0,objective:max}
