------------------------------------------
---------------- Solution ----------------
------------------------------------------
0. Bid: 7 Goods: [21, 38, 44, 54, 60, 81, 101, 120, 158, 162, 173, 174, 202, 257]
1. Bid: 12 Goods: [213]
2. Bid: 15 Goods: [59, 122, 259]
3. Bid: 31 Goods: [62, 74, 131, 262]
4. Bid: 35 Goods: [193, 251, 263]
5. Bid: 66 Goods: [99]
6. Bid: 75 Goods: [29, 78, 93, 94, 100, 152, 270]
7. Bid: 92 Goods: [225]
8. Bid: 96 Goods: [172]
9. Bid: 143 Goods: [157, 245, 284]
10. Bid: 151 Goods: [12, 138, 153, 219, 226, 286]
11. Bid: 165 Goods: [42, 88, 112, 206, 288]
12. Bid: 178 Goods: [229]
13. Bid: 206 Goods: [24, 57, 80, 140, 161, 171, 236, 295]
14. Bid: 226 Goods: [73, 104, 203, 299]
15. Bid: 235 Goods: [15, 90, 106, 220, 301]
16. Bid: 345 Goods: [48, 86, 123, 160, 237, 246, 321]
17. Bid: 373 Goods: [164, 249, 326]
18. Bid: 389 Goods: [5, 6, 92, 129, 133, 330]
19. Bid: 401 Goods: [33, 156, 183, 332]
20. Bid: 435 Goods: [0, 11, 49, 50, 82, 115, 116, 121, 146, 165, 167, 177, 212, 241, 337]
21. Bid: 454 Goods: [128]
22. Bid: 464 Goods: [17, 34, 67, 169, 230, 234, 343]
23. Bid: 496 Goods: [4, 69, 71, 75, 118, 145, 170, 222, 348]
24. Bid: 529 Goods: [254]
25. Bid: 534 Goods: [2, 43, 55, 127, 355]
26. Bid: 547 Goods: [124, 168, 179, 198, 244, 357]
27. Bid: 549 Goods: [70, 204, 221, 358]
28. Bid: 563 Goods: [32, 63, 233, 361]
29. Bid: 565 Goods: [52, 76, 136, 242, 362]
30. Bid: 583 Goods: [26, 192, 228, 365]
31. Bid: 592 Goods: [28, 46, 91, 126, 134, 147, 154, 367]
32. Bid: 612 Goods: [72]
33. Bid: 620 Goods: [61, 66, 142, 176, 185, 216, 372]
34. Bid: 625 Goods: [87]
35. Bid: 634 Goods: [98, 111, 207, 215, 235, 238, 374]
36. Bid: 663 Goods: [65, 89, 139, 151, 163, 379]
37. Bid: 666 Goods: [102]
38. Bid: 722 Goods: [47, 58, 180, 205, 247, 252, 389]
39. Bid: 725 Goods: [36, 110, 199, 390]
40. Bid: 791 Goods: [19, 194, 201, 403]
41. Bid: 802 Goods: [23, 39, 159, 188, 208, 217, 253, 405]
42. Bid: 824 Goods: [9, 16, 84, 117, 189, 218, 409]
43. Bid: 850 Goods: [35, 77, 95, 103, 148, 150, 166, 184, 195, 413]
44. Bid: 891 Goods: [68, 232, 421]
45. Bid: 912 Goods: [250]
46. Bid: 932 Goods: [108, 149, 155, 429]
47. Bid: 967 Goods: [41]
48. Bid: 976 Goods: [3, 10, 13, 191, 197, 437]
49. Bid: 990 Goods: [27, 53, 144, 200, 223, 439]
50. Bid: 993 Goods: [107]
Objective value: 15868.616
Solving time: 36000.00219
