------------------------------------------
---------------- Solution ----------------
------------------------------------------
0. Bid: 3 Goods: [11, 68, 82, 98, 101, 115, 136, 193, 215, 233, 236, 256]
1. Bid: 10 Goods: [20, 53, 66, 69, 75, 120, 140, 151, 211, 257]
2. Bid: 25 Goods: [125, 187, 260]
3. Bid: 37 Goods: [35, 40, 63, 169, 179, 205, 216, 227, 262]
4. Bid: 67 Goods: [200]
5. Bid: 70 Goods: [1, 22, 86, 268]
6. Bid: 148 Goods: [62, 107, 108, 173, 181, 183, 281]
7. Bid: 152 Goods: [234, 242, 282]
8. Bid: 174 Goods: [138, 182, 286]
9. Bid: 188 Goods: [2, 39, 51, 174, 239, 289]
10. Bid: 196 Goods: [59, 80, 127, 129, 167, 290]
11. Bid: 212 Goods: [49, 55, 153, 159, 243, 254, 293]
12. Bid: 251 Goods: [84, 123, 133, 170, 207, 255, 299]
13. Bid: 252 Goods: [0, 102, 249, 300]
14. Bid: 257 Goods: [27, 58, 163, 301]
15. Bid: 295 Goods: [41]
16. Bid: 331 Goods: [17, 26, 83, 190, 228, 314]
17. Bid: 365 Goods: [52, 90, 168, 247, 321]
18. Bid: 383 Goods: [48, 89, 186, 188, 206, 245, 325]
19. Bid: 403 Goods: [57, 76, 135, 142, 172, 191, 231, 240, 328]
20. Bid: 407 Goods: [195]
21. Bid: 411 Goods: [5, 13, 78, 119, 134, 150, 165, 238, 329]
22. Bid: 418 Goods: [64, 111, 114, 117, 330]
23. Bid: 426 Goods: [128, 184, 217, 332]
24. Bid: 433 Goods: [30, 44, 166, 178, 333]
25. Bid: 439 Goods: [3, 4, 18, 74, 192, 196, 198, 334]
26. Bid: 460 Goods: [10, 131, 338]
27. Bid: 487 Goods: [97, 214, 343]
28. Bid: 510 Goods: [73]
29. Bid: 528 Goods: [204]
30. Bid: 552 Goods: [16, 42, 105, 148, 164, 220, 222, 354]
31. Bid: 554 Goods: [171]
32. Bid: 555 Goods: [154]
33. Bid: 569 Goods: [19, 23, 45, 93, 99, 118, 139, 152, 175, 203, 253, 357]
34. Bid: 580 Goods: [149]
35. Bid: 601 Goods: [137, 156, 362]
36. Bid: 683 Goods: [116, 122, 232, 378]
37. Bid: 691 Goods: [31, 103, 124, 126, 229, 237, 380]
38. Bid: 699 Goods: [6, 28, 100, 177, 212, 381]
39. Bid: 703 Goods: [144, 244, 382]
40. Bid: 710 Goods: [60, 202, 384]
41. Bid: 713 Goods: [21, 33, 95, 176, 197, 223, 385]
42. Bid: 719 Goods: [50, 147, 180, 386]
43. Bid: 724 Goods: [61, 199, 235, 246, 387]
44. Bid: 832 Goods: [65, 143, 162, 213, 405]
45. Bid: 872 Goods: [36, 161, 210, 219, 413]
46. Bid: 905 Goods: [14, 25, 106, 218, 224, 241, 419]
47. Bid: 908 Goods: [132, 230, 250, 420]
48. Bid: 947 Goods: [158]
49. Bid: 956 Goods: [29, 43, 113, 226, 252, 430]
50. Bid: 994 Goods: [34, 37, 47, 85, 208, 436]
Objective value: 16358.463500000002
Solving time: 36000.00126
