------------------------------------------
---------------- Solution ----------------
------------------------------------------
0. Bid: 0 Goods: [50, 88, 256]
1. Bid: 17 Goods: [108, 150, 257]
2. Bid: 20 Goods: [237, 250, 258]
3. Bid: 32 Goods: [105, 119, 259]
4. Bid: 33 Goods: [144, 187, 260]
5. Bid: 43 Goods: [180, 223, 261]
6. Bid: 62 Goods: [49, 63, 262]
7. Bid: 80 Goods: [61, 75, 264]
8. Bid: 93 Goods: [4, 47, 266]
9. Bid: 113 Goods: [60, 102, 268]
10. Bid: 123 Goods: [1, 14, 269]
11. Bid: 133 Goods: [104, 137, 270]
12. Bid: 158 Goods: [241, 255, 272]
13. Bid: 159 Goods: [11, 48, 273]
14. Bid: 169 Goods: [138, 149, 274]
15. Bid: 183 Goods: [167, 177, 275]
16. Bid: 189 Goods: [19, 56, 276]
17. Bid: 199 Goods: [147, 184, 277]
18. Bid: 209 Goods: [136, 178, 278]
19. Bid: 219 Goods: [55, 92, 279]
20. Bid: 229 Goods: [26, 37, 280]
21. Bid: 248 Goods: [74, 112, 281]
22. Bid: 269 Goods: [213, 226, 284]
23. Bid: 279 Goods: [145, 158, 285]
24. Bid: 298 Goods: [53, 67, 286]
25. Bid: 319 Goods: [39, 76, 289]
26. Bid: 334 Goods: [10, 21, 290]
27. Bid: 344 Goods: [64, 106, 291]
28. Bid: 352 Goods: [58, 96, 292]
29. Bid: 355 Goods: [25, 38, 293]
30. Bid: 365 Goods: [33, 46, 294]
31. Bid: 375 Goods: [8, 41, 295]
32. Bid: 385 Goods: [141, 172, 296]
33. Bid: 395 Goods: [176, 209, 297]
34. Bid: 424 Goods: [84, 126, 299]
35. Bid: 434 Goods: [238, 249, 300]
36. Bid: 435 Goods: [93, 107, 301]
37. Bid: 454 Goods: [174, 185, 302]
38. Bid: 479 Goods: [133, 146, 305]
39. Bid: 492 Goods: [80, 122, 306]
40. Bid: 514 Goods: [165, 196, 308]
41. Bid: 522 Goods: [212, 245, 309]
42. Bid: 525 Goods: [163, 200, 310]
43. Bid: 535 Goods: [142, 153, 311]
44. Bid: 545 Goods: [152, 195, 312]
45. Bid: 555 Goods: [154, 192, 313]
46. Bid: 565 Goods: [95, 132, 314]
47. Bid: 584 Goods: [162, 173, 315]
48. Bid: 589 Goods: [30, 68, 316]
49. Bid: 604 Goods: [78, 89, 317]
50. Bid: 605 Goods: [233, 246, 318]
51. Bid: 611 Goods: [13, 27, 319]
52. Bid: 631 Goods: [52, 94, 321]
53. Bid: 641 Goods: [77, 90, 322]
54. Bid: 651 Goods: [129, 143, 323]
55. Bid: 661 Goods: [218, 229, 324]
56. Bid: 671 Goods: [182, 193, 325]
57. Bid: 691 Goods: [117, 131, 327]
58. Bid: 705 Goods: [70, 81, 328]
59. Bid: 711 Goods: [62, 100, 329]
60. Bid: 728 Goods: [121, 134, 330]
61. Bid: 731 Goods: [40, 73, 331]
62. Bid: 748 Goods: [85, 98, 332]
63. Bid: 751 Goods: [32, 65, 333]
64. Bid: 761 Goods: [97, 110, 334]
65. Bid: 790 Goods: [101, 115, 336]
66. Bid: 791 Goods: [127, 164, 337]
67. Bid: 801 Goods: [156, 189, 338]
68. Bid: 811 Goods: [202, 240, 339]
69. Bid: 841 Goods: [34, 72, 342]
70. Bid: 861 Goods: [179, 216, 344]
71. Bid: 871 Goods: [225, 239, 345]
72. Bid: 881 Goods: [24, 57, 346]
73. Bid: 891 Goods: [197, 210, 347]
74. Bid: 905 Goods: [7, 44, 348]
75. Bid: 911 Goods: [5, 36, 349]
76. Bid: 924 Goods: [86, 109, 350]
77. Bid: 931 Goods: [12, 45, 351]
78. Bid: 945 Goods: [16, 59, 352]
79. Bid: 951 Goods: [6, 17, 353]
80. Bid: 968 Goods: [157, 188, 354]
81. Bid: 971 Goods: [29, 42, 355]
82. Bid: 994 Goods: [161, 175, 357]
83. Bid: 997 Goods: [69, 82, 358]
Objective value: 399.35076
Solving time: 0.01669
