------------------------------------------
---------------- Solution ----------------
------------------------------------------
0. Bid: 0 Goods: [29, 42, 256]
1. Bid: 19 Goods: [82, 120, 257]
2. Bid: 20 Goods: [22, 60, 258]
3. Bid: 30 Goods: [49, 63, 259]
4. Bid: 40 Goods: [34, 72, 260]
5. Bid: 50 Goods: [131, 168, 261]
6. Bid: 60 Goods: [184, 227, 262]
7. Bid: 70 Goods: [192, 235, 263]
8. Bid: 80 Goods: [108, 150, 264]
9. Bid: 90 Goods: [91, 101, 265]
10. Bid: 109 Goods: [215, 225, 266]
11. Bid: 110 Goods: [196, 239, 267]
12. Bid: 120 Goods: [76, 118, 268]
13. Bid: 137 Goods: [130, 141, 269]
14. Bid: 144 Goods: [27, 64, 270]
15. Bid: 159 Goods: [151, 188, 271]
16. Bid: 160 Goods: [37, 68, 272]
17. Bid: 180 Goods: [32, 74, 274]
18. Bid: 193 Goods: [92, 137, 275]
19. Bid: 200 Goods: [102, 113, 276]
20. Bid: 220 Goods: [124, 167, 278]
21. Bid: 239 Goods: [153, 166, 279]
22. Bid: 247 Goods: [199, 209, 280]
23. Bid: 260 Goods: [1, 15, 282]
24. Bid: 270 Goods: [237, 250, 283]
25. Bid: 273 Goods: [67, 77, 284]
26. Bid: 283 Goods: [53, 84, 285]
27. Bid: 303 Goods: [238, 249, 287]
28. Bid: 306 Goods: [230, 241, 288]
29. Bid: 316 Goods: [104, 147, 289]
30. Bid: 326 Goods: [100, 143, 290]
31. Bid: 346 Goods: [51, 88, 292]
32. Bid: 360 Goods: [106, 117, 293]
33. Bid: 375 Goods: [200, 243, 294]
34. Bid: 376 Goods: [75, 85, 295]
35. Bid: 391 Goods: [231, 245, 296]
36. Bid: 396 Goods: [47, 57, 297]
37. Bid: 406 Goods: [134, 172, 298]
38. Bid: 416 Goods: [136, 178, 299]
39. Bid: 426 Goods: [121, 135, 300]
40. Bid: 440 Goods: [25, 38, 301]
41. Bid: 451 Goods: [212, 254, 302]
42. Bid: 462 Goods: [94, 132, 304]
43. Bid: 476 Goods: [36, 79, 305]
44. Bid: 482 Goods: [62, 73, 306]
45. Bid: 496 Goods: [180, 213, 307]
46. Bid: 502 Goods: [229, 242, 308]
47. Bid: 519 Goods: [24, 66, 309]
48. Bid: 531 Goods: [171, 208, 310]
49. Bid: 532 Goods: [193, 207, 311]
50. Bid: 545 Goods: [6, 17, 312]
51. Bid: 557 Goods: [133, 146, 313]
52. Bid: 558 Goods: [95, 105, 314]
53. Bid: 578 Goods: [177, 191, 316]
54. Bid: 603 Goods: [81, 99, 318]
55. Bid: 608 Goods: [103, 140, 319]
56. Bid: 618 Goods: [56, 89, 320]
57. Bid: 628 Goods: [45, 58, 321]
58. Bid: 645 Goods: [204, 246, 322]
59. Bid: 648 Goods: [129, 142, 323]
60. Bid: 668 Goods: [185, 198, 325]
61. Bid: 678 Goods: [10, 21, 326]
62. Bid: 695 Goods: [80, 122, 327]
63. Bid: 705 Goods: [144, 187, 328]
64. Bid: 708 Goods: [160, 203, 329]
65. Bid: 718 Goods: [125, 156, 330]
66. Bid: 728 Goods: [145, 159, 331]
67. Bid: 738 Goods: [2, 40, 332]
68. Bid: 748 Goods: [127, 164, 333]
69. Bid: 758 Goods: [114, 152, 334]
70. Bid: 777 Goods: [220, 253, 335]
71. Bid: 787 Goods: [96, 139, 336]
72. Bid: 788 Goods: [97, 128, 337]
73. Bid: 798 Goods: [190, 201, 338]
74. Bid: 815 Goods: [181, 195, 339]
75. Bid: 818 Goods: [165, 179, 340]
76. Bid: 832 Goods: [169, 183, 341]
77. Bid: 838 Goods: [23, 33, 342]
78. Bid: 855 Goods: [48, 90, 343]
79. Bid: 868 Goods: [98, 109, 345]
80. Bid: 887 Goods: [186, 224, 346]
81. Bid: 898 Goods: [28, 61, 348]
82. Bid: 926 Goods: [69, 86, 350]
83. Bid: 934 Goods: [20, 70, 351]
84. Bid: 938 Goods: [162, 173, 352]
85. Bid: 954 Goods: [148, 189, 353]
86. Bid: 958 Goods: [55, 65, 354]
87. Bid: 975 Goods: [112, 154, 355]
88. Bid: 995 Goods: [78, 116, 357]
89. Bid: 998 Goods: [138, 176, 358]
Objective value: 830.23649
Solving time: 0.04280
