------------------------------------------
---------------- Solution ----------------
------------------------------------------
0. Bid: 0 Goods: [27, 64, 256]
1. Bid: 30 Goods: [179, 189, 259]
2. Bid: 49 Goods: [124, 166, 260]
3. Bid: 50 Goods: [109, 122, 261]
4. Bid: 62 Goods: [242, 253, 262]
5. Bid: 78 Goods: [10, 48, 264]
6. Bid: 98 Goods: [77, 108, 266]
7. Bid: 106 Goods: [103, 140, 267]
8. Bid: 109 Goods: [73, 104, 268]
9. Bid: 128 Goods: [40, 83, 269]
10. Bid: 138 Goods: [222, 233, 270]
11. Bid: 146 Goods: [100, 133, 271]
12. Bid: 149 Goods: [218, 229, 272]
13. Bid: 159 Goods: [178, 216, 273]
14. Bid: 178 Goods: [24, 67, 274]
15. Bid: 188 Goods: [150, 188, 275]
16. Bid: 210 Goods: [157, 174, 278]
17. Bid: 226 Goods: [112, 145, 279]
18. Bid: 238 Goods: [129, 142, 280]
19. Bid: 243 Goods: [155, 165, 281]
20. Bid: 249 Goods: [138, 149, 282]
21. Bid: 268 Goods: [201, 232, 283]
22. Bid: 269 Goods: [16, 49, 284]
23. Bid: 279 Goods: [217, 248, 285]
24. Bid: 282 Goods: [41, 55, 286]
25. Bid: 292 Goods: [14, 52, 287]
26. Bid: 306 Goods: [59, 96, 288]
27. Bid: 322 Goods: [151, 161, 290]
28. Bid: 332 Goods: [209, 223, 291]
29. Bid: 346 Goods: [26, 37, 292]
30. Bid: 352 Goods: [42, 53, 293]
31. Bid: 362 Goods: [98, 136, 294]
32. Bid: 372 Goods: [146, 184, 295]
33. Bid: 382 Goods: [97, 128, 296]
34. Bid: 399 Goods: [152, 195, 297]
35. Bid: 402 Goods: [130, 141, 298]
36. Bid: 422 Goods: [1, 15, 300]
37. Bid: 430 Goods: [221, 252, 301]
38. Bid: 438 Goods: [29, 60, 302]
39. Bid: 451 Goods: [107, 117, 304]
40. Bid: 461 Goods: [31, 68, 305]
41. Bid: 480 Goods: [162, 200, 306]
42. Bid: 491 Goods: [76, 118, 308]
43. Bid: 501 Goods: [194, 205, 309]
44. Bid: 511 Goods: [0, 33, 310]
45. Bid: 525 Goods: [25, 39, 311]
46. Bid: 546 Goods: [69, 87, 313]
47. Bid: 551 Goods: [75, 85, 314]
48. Bid: 561 Goods: [35, 45, 315]
49. Bid: 571 Goods: [132, 175, 316]
50. Bid: 581 Goods: [183, 220, 317]
51. Bid: 591 Goods: [61, 92, 318]
52. Bid: 601 Goods: [173, 187, 319]
53. Bid: 611 Goods: [156, 198, 320]
54. Bid: 638 Goods: [208, 250, 322]
55. Bid: 641 Goods: [47, 57, 323]
56. Bid: 658 Goods: [81, 94, 324]
57. Bid: 670 Goods: [102, 113, 325]
58. Bid: 671 Goods: [148, 190, 326]
59. Bid: 686 Goods: [180, 226, 327]
60. Bid: 691 Goods: [176, 219, 328]
61. Bid: 701 Goods: [160, 202, 329]
62. Bid: 711 Goods: [28, 71, 330]
63. Bid: 728 Goods: [215, 225, 331]
64. Bid: 741 Goods: [193, 206, 333]
65. Bid: 751 Goods: [230, 241, 334]
66. Bid: 770 Goods: [72, 115, 335]
67. Bid: 779 Goods: [169, 204, 336]
68. Bid: 788 Goods: [89, 120, 337]
69. Bid: 791 Goods: [154, 192, 338]
70. Bid: 801 Goods: [6, 44, 339]
71. Bid: 820 Goods: [234, 245, 340]
72. Bid: 821 Goods: [79, 116, 341]
73. Bid: 831 Goods: [126, 137, 342]
74. Bid: 841 Goods: [95, 105, 343]
75. Bid: 858 Goods: [203, 213, 344]
76. Bid: 861 Goods: [177, 191, 345]
77. Bid: 880 Goods: [158, 196, 346]
78. Bid: 890 Goods: [170, 181, 347]
79. Bid: 898 Goods: [20, 63, 348]
80. Bid: 920 Goods: [93, 106, 350]
81. Bid: 930 Goods: [134, 172, 351]
82. Bid: 931 Goods: [18, 56, 352]
83. Bid: 941 Goods: [127, 164, 353]
84. Bid: 958 Goods: [199, 236, 354]
85. Bid: 961 Goods: [239, 249, 355]
86. Bid: 967 Goods: [197, 210, 357]
87. Bid: 977 Goods: [32, 65, 358]
88. Bid: 994 Goods: [144, 186, 359]
89. Bid: 1006 Goods: [91, 101, 360]
Objective value: 483.89955999999995
Solving time: 0.03875
