------------------------------------------
---------------- Solution ----------------
------------------------------------------
0. Bid: 0 Goods: [27, 64, 256]
1. Bid: 10 Goods: [180, 222, 257]
2. Bid: 20 Goods: [164, 206, 258]
3. Bid: 30 Goods: [7, 17, 259]
4. Bid: 40 Goods: [208, 250, 260]
5. Bid: 50 Goods: [181, 194, 261]
6. Bid: 53 Goods: [86, 97, 262]
7. Bid: 63 Goods: [190, 201, 263]
8. Bid: 79 Goods: [89, 103, 265]
9. Bid: 89 Goods: [129, 160, 266]
10. Bid: 116 Goods: [145, 176, 268]
11. Bid: 119 Goods: [116, 159, 269]
12. Bid: 129 Goods: [238, 249, 270]
13. Bid: 162 Goods: [36, 79, 274]
14. Bid: 179 Goods: [98, 136, 275]
15. Bid: 182 Goods: [178, 216, 276]
16. Bid: 192 Goods: [28, 71, 277]
17. Bid: 202 Goods: [149, 162, 278]
18. Bid: 219 Goods: [144, 177, 279]
19. Bid: 222 Goods: [169, 182, 280]
20. Bid: 232 Goods: [155, 165, 281]
21. Bid: 242 Goods: [142, 153, 282]
22. Bid: 252 Goods: [61, 92, 283]
23. Bid: 269 Goods: [88, 121, 284]
24. Bid: 281 Goods: [37, 68, 285]
25. Bid: 282 Goods: [69, 83, 286]
26. Bid: 292 Goods: [158, 196, 287]
27. Bid: 302 Goods: [151, 188, 288]
28. Bid: 321 Goods: [140, 173, 289]
29. Bid: 329 Goods: [175, 185, 290]
30. Bid: 335 Goods: [237, 251, 291]
31. Bid: 338 Goods: [150, 161, 292]
32. Bid: 348 Goods: [38, 49, 293]
33. Bid: 368 Goods: [66, 104, 295]
34. Bid: 382 Goods: [197, 228, 296]
35. Bid: 390 Goods: [212, 255, 297]
36. Bid: 391 Goods: [2, 13, 298]
37. Bid: 410 Goods: [117, 131, 299]
38. Bid: 411 Goods: [205, 219, 300]
39. Bid: 421 Goods: [217, 248, 301]
40. Bid: 424 Goods: [53, 84, 302]
41. Bid: 434 Goods: [35, 72, 303]
42. Bid: 448 Goods: [55, 65, 304]
43. Bid: 454 Goods: [15, 52, 305]
44. Bid: 468 Goods: [18, 56, 306]
45. Bid: 474 Goods: [34, 45, 307]
46. Bid: 485 Goods: [156, 202, 308]
47. Bid: 508 Goods: [100, 133, 310]
48. Bid: 514 Goods: [233, 247, 311]
49. Bid: 520 Goods: [186, 224, 312]
50. Bid: 539 Goods: [109, 123, 313]
51. Bid: 547 Goods: [95, 105, 314]
52. Bid: 550 Goods: [179, 189, 315]
53. Bid: 560 Goods: [4, 47, 316]
54. Bid: 571 Goods: [3, 44, 317]
55. Bid: 581 Goods: [9, 40, 318]
56. Bid: 582 Goods: [213, 227, 319]
57. Bid: 592 Goods: [60, 102, 320]
58. Bid: 609 Goods: [199, 209, 321]
59. Bid: 612 Goods: [48, 90, 322]
60. Bid: 631 Goods: [183, 193, 323]
61. Bid: 641 Goods: [141, 154, 324]
62. Bid: 642 Goods: [126, 137, 325]
63. Bid: 659 Goods: [204, 246, 326]
64. Bid: 666 Goods: [172, 214, 327]
65. Bid: 682 Goods: [32, 74, 329]
66. Bid: 701 Goods: [128, 171, 330]
67. Bid: 702 Goods: [231, 241, 331]
68. Bid: 729 Goods: [41, 54, 333]
69. Bid: 736 Goods: [146, 157, 334]
70. Bid: 742 Goods: [124, 167, 335]
71. Bid: 756 Goods: [101, 132, 336]
72. Bid: 762 Goods: [81, 112, 337]
73. Bid: 772 Goods: [42, 80, 338]
74. Bid: 784 Goods: [30, 76, 339]
75. Bid: 801 Goods: [218, 229, 340]
76. Bid: 812 Goods: [22, 33, 342]
77. Bid: 832 Goods: [211, 221, 344]
78. Bid: 849 Goods: [113, 127, 345]
79. Bid: 852 Goods: [130, 168, 346]
80. Bid: 864 Goods: [242, 253, 347]
81. Bid: 895 Goods: [82, 120, 351]
82. Bid: 919 Goods: [163, 200, 353]
83. Bid: 925 Goods: [207, 244, 354]
84. Bid: 931 Goods: [63, 73, 355]
85. Bid: 950 Goods: [198, 236, 356]
86. Bid: 959 Goods: [77, 94, 357]
87. Bid: 961 Goods: [192, 225, 358]
88. Bid: 971 Goods: [184, 226, 359]
89. Bid: 991 Goods: [14, 25, 361]
Objective value: 945.65794
Solving time: 0.01769
