------------------------------------------
---------------- Solution ----------------
------------------------------------------
0. Bid: 0 Goods: [109, 123, 256]
1. Bid: 10 Goods: [163, 173, 257]
2. Bid: 20 Goods: [120, 153, 258]
3. Bid: 30 Goods: [80, 122, 259]
4. Bid: 48 Goods: [119, 133, 260]
5. Bid: 50 Goods: [188, 231, 261]
6. Bid: 69 Goods: [215, 225, 262]
7. Bid: 74 Goods: [149, 180, 263]
8. Bid: 80 Goods: [190, 228, 264]
9. Bid: 90 Goods: [194, 205, 265]
10. Bid: 107 Goods: [227, 237, 266]
11. Bid: 119 Goods: [168, 201, 267]
12. Bid: 120 Goods: [111, 148, 268]
13. Bid: 140 Goods: [88, 130, 270]
14. Bid: 150 Goods: [206, 217, 271]
15. Bid: 161 Goods: [13, 30, 272]
16. Bid: 170 Goods: [118, 129, 273]
17. Bid: 183 Goods: [4, 46, 274]
18. Bid: 195 Goods: [101, 114, 275]
19. Bid: 196 Goods: [22, 60, 276]
20. Bid: 206 Goods: [208, 251, 277]
21. Bid: 209 Goods: [68, 110, 278]
22. Bid: 219 Goods: [127, 137, 279]
23. Bid: 229 Goods: [39, 49, 280]
24. Bid: 247 Goods: [74, 89, 281]
25. Bid: 258 Goods: [147, 184, 282]
26. Bid: 259 Goods: [10, 21, 283]
27. Bid: 269 Goods: [1, 32, 284]
28. Bid: 286 Goods: [77, 108, 285]
29. Bid: 298 Goods: [63, 100, 286]
30. Bid: 306 Goods: [93, 106, 287]
31. Bid: 309 Goods: [15, 25, 288]
32. Bid: 322 Goods: [5, 18, 289]
33. Bid: 325 Goods: [81, 112, 290]
34. Bid: 335 Goods: [199, 209, 291]
35. Bid: 352 Goods: [61, 75, 292]
36. Bid: 364 Goods: [72, 105, 293]
37. Bid: 374 Goods: [52, 85, 294]
38. Bid: 394 Goods: [92, 135, 296]
39. Bid: 402 Goods: [175, 212, 297]
40. Bid: 412 Goods: [131, 141, 298]
41. Bid: 419 Goods: [187, 197, 299]
42. Bid: 425 Goods: [73, 86, 300]
43. Bid: 435 Goods: [38, 76, 301]
44. Bid: 445 Goods: [136, 178, 302]
45. Bid: 466 Goods: [179, 220, 304]
46. Bid: 475 Goods: [20, 62, 305]
47. Bid: 490 Goods: [8, 41, 306]
48. Bid: 491 Goods: [171, 181, 307]
49. Bid: 501 Goods: [103, 113, 308]
50. Bid: 521 Goods: [11, 48, 310]
51. Bid: 540 Goods: [126, 164, 311]
52. Bid: 565 Goods: [155, 192, 314]
53. Bid: 574 Goods: [65, 90, 315]
54. Bid: 581 Goods: [134, 145, 316]
55. Bid: 591 Goods: [150, 161, 317]
56. Bid: 611 Goods: [53, 84, 319]
57. Bid: 621 Goods: [196, 229, 320]
58. Bid: 631 Goods: [40, 82, 321]
59. Bid: 650 Goods: [23, 33, 322]
60. Bid: 651 Goods: [7, 17, 323]
61. Bid: 665 Goods: [124, 157, 324]
62. Bid: 671 Goods: [156, 198, 325]
63. Bid: 690 Goods: [185, 216, 326]
64. Bid: 691 Goods: [213, 244, 327]
65. Bid: 706 Goods: [87, 97, 328]
66. Bid: 707 Goods: [36, 78, 329]
67. Bid: 727 Goods: [189, 202, 331]
68. Bid: 737 Goods: [35, 45, 332]
69. Bid: 753 Goods: [121, 143, 333]
70. Bid: 757 Goods: [186, 224, 334]
71. Bid: 776 Goods: [96, 139, 335]
72. Bid: 777 Goods: [160, 193, 336]
73. Bid: 787 Goods: [200, 243, 337]
74. Bid: 797 Goods: [0, 42, 338]
75. Bid: 807 Goods: [230, 241, 339]
76. Bid: 817 Goods: [24, 67, 340]
77. Bid: 827 Goods: [115, 152, 341]
78. Bid: 837 Goods: [26, 64, 342]
79. Bid: 851 Goods: [79, 116, 343]
80. Bid: 857 Goods: [59, 69, 344]
81. Bid: 876 Goods: [176, 219, 345]
82. Bid: 877 Goods: [27, 37, 346]
83. Bid: 888 Goods: [3, 44, 347]
84. Bid: 897 Goods: [166, 204, 348]
85. Bid: 907 Goods: [169, 183, 349]
86. Bid: 926 Goods: [91, 128, 350]
87. Bid: 927 Goods: [125, 138, 351]
88. Bid: 937 Goods: [132, 174, 352]
89. Bid: 954 Goods: [195, 232, 353]
90. Bid: 957 Goods: [19, 56, 354]
91. Bid: 976 Goods: [104, 146, 355]
92. Bid: 977 Goods: [223, 233, 356]
93. Bid: 991 Goods: [57, 71, 357]
94. Bid: 1000 Goods: [211, 248, 358]
Objective value: 523.55492
Solving time: 0.03066
