------------------------------------------
---------------- Solution ----------------
------------------------------------------
0. Bid: 0 Goods: [178, 216, 256]
1. Bid: 16 Goods: [31, 49, 257]
2. Bid: 24 Goods: [201, 232, 258]
3. Bid: 30 Goods: [171, 181, 259]
4. Bid: 48 Goods: [148, 185, 260]
5. Bid: 59 Goods: [184, 217, 261]
6. Bid: 69 Goods: [137, 168, 262]
7. Bid: 79 Goods: [65, 96, 263]
8. Bid: 89 Goods: [73, 87, 264]
9. Bid: 90 Goods: [84, 126, 265]
10. Bid: 100 Goods: [12, 55, 266]
11. Bid: 119 Goods: [78, 89, 267]
12. Bid: 129 Goods: [219, 229, 268]
13. Bid: 133 Goods: [6, 17, 269]
14. Bid: 136 Goods: [173, 187, 270]
15. Bid: 146 Goods: [0, 33, 271]
16. Bid: 152 Goods: [2, 13, 272]
17. Bid: 171 Goods: [117, 131, 273]
18. Bid: 182 Goods: [97, 110, 275]
19. Bid: 192 Goods: [163, 200, 276]
20. Bid: 211 Goods: [105, 136, 277]
21. Bid: 231 Goods: [102, 140, 279]
22. Bid: 232 Goods: [38, 76, 280]
23. Bid: 247 Goods: [169, 204, 281]
24. Bid: 254 Goods: [212, 255, 282]
25. Bid: 259 Goods: [123, 160, 283]
26. Bid: 272 Goods: [116, 159, 284]
27. Bid: 284 Goods: [124, 166, 285]
28. Bid: 285 Goods: [21, 35, 286]
29. Bid: 295 Goods: [54, 92, 287]
30. Bid: 305 Goods: [82, 120, 288]
31. Bid: 322 Goods: [132, 174, 289]
32. Bid: 329 Goods: [121, 152, 290]
33. Bid: 335 Goods: [161, 192, 291]
34. Bid: 345 Goods: [205, 218, 292]
35. Bid: 362 Goods: [28, 61, 293]
36. Bid: 372 Goods: [23, 60, 294]
37. Bid: 375 Goods: [164, 207, 295]
38. Bid: 385 Goods: [7, 44, 296]
39. Bid: 402 Goods: [80, 113, 297]
40. Bid: 405 Goods: [70, 108, 298]
41. Bid: 415 Goods: [130, 141, 299]
42. Bid: 434 Goods: [107, 144, 300]
43. Bid: 435 Goods: [53, 66, 301]
44. Bid: 445 Goods: [188, 230, 302]
45. Bid: 455 Goods: [180, 213, 303]
46. Bid: 469 Goods: [183, 220, 304]
47. Bid: 475 Goods: [69, 100, 305]
48. Bid: 485 Goods: [199, 209, 306]
49. Bid: 505 Goods: [3, 40, 308]
50. Bid: 511 Goods: [208, 250, 309]
51. Bid: 514 Goods: [193, 206, 310]
52. Bid: 524 Goods: [14, 52, 311]
53. Bid: 544 Goods: [9, 22, 313]
54. Bid: 561 Goods: [172, 215, 314]
55. Bid: 564 Goods: [125, 138, 315]
56. Bid: 574 Goods: [41, 72, 316]
57. Bid: 584 Goods: [104, 146, 317]
58. Bid: 594 Goods: [147, 157, 318]
59. Bid: 609 Goods: [214, 252, 319]
60. Bid: 610 Goods: [19, 29, 320]
61. Bid: 620 Goods: [18, 56, 321]
62. Bid: 640 Goods: [189, 202, 323]
63. Bid: 658 Goods: [86, 101, 324]
64. Bid: 660 Goods: [239, 249, 325]
65. Bid: 667 Goods: [191, 228, 326]
66. Bid: 682 Goods: [225, 238, 327]
67. Bid: 683 Goods: [186, 197, 328]
68. Bid: 703 Goods: [10, 48, 330]
69. Bid: 723 Goods: [149, 162, 332]
70. Bid: 747 Goods: [47, 57, 334]
71. Bid: 753 Goods: [20, 63, 335]
72. Bid: 782 Goods: [98, 109, 337]
73. Bid: 783 Goods: [177, 190, 338]
74. Bid: 798 Goods: [93, 128, 339]
75. Bid: 803 Goods: [226, 237, 340]
76. Bid: 813 Goods: [211, 221, 341]
77. Bid: 832 Goods: [112, 145, 342]
78. Bid: 840 Goods: [210, 248, 343]
79. Bid: 843 Goods: [158, 196, 344]
80. Bid: 853 Goods: [156, 198, 345]
81. Bid: 890 Goods: [27, 64, 348]
82. Bid: 893 Goods: [81, 95, 349]
83. Bid: 903 Goods: [25, 39, 350]
84. Bid: 913 Goods: [77, 90, 351]
85. Bid: 937 Goods: [45, 59, 353]
86. Bid: 943 Goods: [154, 165, 354]
87. Bid: 953 Goods: [1, 15, 355]
88. Bid: 959 Goods: [74, 85, 356]
89. Bid: 976 Goods: [37, 68, 357]
90. Bid: 988 Goods: [153, 167, 358]
Objective value: 330.48456400000003
Solving time: 0.06956
