------------------------------------------
---------------- Solution ----------------
------------------------------------------
0. Bid: 0 Goods: [10, 48, 256]
1. Bid: 10 Goods: [51, 61, 257]
2. Bid: 29 Goods: [129, 160, 258]
3. Bid: 30 Goods: [223, 233, 259]
4. Bid: 49 Goods: [168, 201, 260]
5. Bid: 55 Goods: [32, 69, 261]
6. Bid: 84 Goods: [9, 23, 264]
7. Bid: 90 Goods: [100, 142, 265]
8. Bid: 107 Goods: [60, 103, 266]
9. Bid: 119 Goods: [22, 33, 267]
10. Bid: 120 Goods: [3, 13, 268]
11. Bid: 130 Goods: [162, 173, 269]
12. Bid: 144 Goods: [137, 151, 270]
13. Bid: 159 Goods: [56, 89, 271]
14. Bid: 164 Goods: [154, 165, 272]
15. Bid: 187 Goods: [185, 199, 274]
16. Bid: 190 Goods: [109, 122, 275]
17. Bid: 204 Goods: [191, 228, 276]
18. Bid: 210 Goods: [141, 172, 277]
19. Bid: 230 Goods: [146, 184, 279]
20. Bid: 249 Goods: [194, 232, 280]
21. Bid: 273 Goods: [211, 248, 283]
22. Bid: 276 Goods: [44, 87, 284]
23. Bid: 286 Goods: [72, 114, 285]
24. Bid: 296 Goods: [193, 207, 286]
25. Bid: 306 Goods: [14, 52, 287]
26. Bid: 325 Goods: [102, 140, 288]
27. Bid: 326 Goods: [132, 174, 289]
28. Bid: 336 Goods: [133, 164, 290]
29. Bid: 348 Goods: [49, 88, 291]
30. Bid: 356 Goods: [205, 218, 292]
31. Bid: 366 Goods: [4, 37, 293]
32. Bid: 376 Goods: [111, 148, 294]
33. Bid: 395 Goods: [200, 243, 295]
34. Bid: 403 Goods: [167, 204, 296]
35. Bid: 408 Goods: [220, 253, 297]
36. Bid: 409 Goods: [150, 188, 298]
37. Bid: 419 Goods: [54, 65, 299]
38. Bid: 438 Goods: [115, 152, 300]
39. Bid: 439 Goods: [169, 182, 301]
40. Bid: 449 Goods: [180, 222, 302]
41. Bid: 469 Goods: [187, 224, 304]
42. Bid: 479 Goods: [85, 116, 305]
43. Bid: 489 Goods: [215, 225, 306]
44. Bid: 519 Goods: [128, 170, 309]
45. Bid: 529 Goods: [45, 58, 310]
46. Bid: 543 Goods: [82, 120, 311]
47. Bid: 553 Goods: [179, 189, 312]
48. Bid: 559 Goods: [197, 210, 313]
49. Bid: 569 Goods: [196, 239, 314]
50. Bid: 579 Goods: [81, 94, 315]
51. Bid: 606 Goods: [144, 186, 317]
52. Bid: 613 Goods: [171, 181, 318]
53. Bid: 619 Goods: [86, 124, 319]
54. Bid: 633 Goods: [47, 57, 320]
55. Bid: 639 Goods: [98, 136, 321]
56. Bid: 649 Goods: [80, 113, 322]
57. Bid: 659 Goods: [237, 250, 323]
58. Bid: 662 Goods: [6, 17, 324]
59. Bid: 672 Goods: [63, 73, 325]
60. Bid: 690 Goods: [195, 236, 326]
61. Bid: 692 Goods: [5, 18, 327]
62. Bid: 711 Goods: [66, 77, 328]
63. Bid: 722 Goods: [178, 216, 330]
64. Bid: 736 Goods: [176, 209, 331]
65. Bid: 742 Goods: [105, 118, 332]
66. Bid: 771 Goods: [203, 213, 334]
67. Bid: 781 Goods: [208, 251, 335]
68. Bid: 782 Goods: [64, 107, 336]
69. Bid: 801 Goods: [90, 101, 337]
70. Bid: 802 Goods: [21, 34, 338]
71. Bid: 813 Goods: [41, 76, 339]
72. Bid: 822 Goods: [234, 245, 340]
73. Bid: 832 Goods: [231, 241, 341]
74. Bid: 838 Goods: [84, 117, 342]
75. Bid: 848 Goods: [74, 112, 343]
76. Bid: 858 Goods: [2, 40, 344]
77. Bid: 864 Goods: [36, 78, 345]
78. Bid: 878 Goods: [25, 39, 346]
79. Bid: 901 Goods: [155, 192, 348]
80. Bid: 914 Goods: [121, 135, 350]
81. Bid: 924 Goods: [125, 138, 351]
82. Bid: 934 Goods: [175, 212, 352]
83. Bid: 944 Goods: [145, 159, 353]
84. Bid: 954 Goods: [42, 53, 354]
85. Bid: 973 Goods: [29, 43, 355]
86. Bid: 974 Goods: [166, 177, 356]
87. Bid: 994 Goods: [149, 163, 358]
Objective value: 244.0087
Solving time: 0.01623
