------------------------------------------
---------------- Solution ----------------
------------------------------------------
0. Bid: 3 Goods: [34, 135, 230, 256]
1. Bid: 15 Goods: [6, 163, 199, 258]
2. Bid: 26 Goods: [184, 234, 262]
3. Bid: 36 Goods: [118, 154, 264]
4. Bid: 38 Goods: [226, 265]
5. Bid: 53 Goods: [51, 54, 66, 253, 268]
6. Bid: 58 Goods: [9, 62, 175, 176, 269]
7. Bid: 81 Goods: [104, 209, 274]
8. Bid: 94 Goods: [16, 18, 152, 276]
9. Bid: 105 Goods: [173, 178]
10. Bid: 107 Goods: [28, 97, 102, 146, 148, 280]
11. Bid: 112 Goods: [40, 75, 122, 142, 201, 281]
12. Bid: 118 Goods: [215, 283]
13. Bid: 128 Goods: [23, 140]
14. Bid: 134 Goods: [65]
15. Bid: 140 Goods: [77, 200, 288]
16. Bid: 144 Goods: [79]
17. Bid: 159 Goods: [38, 161, 292]
18. Bid: 161 Goods: [7, 8, 55, 99, 243, 293]
19. Bid: 171 Goods: [110, 187, 295]
20. Bid: 181 Goods: [3, 46, 196, 297]
21. Bid: 207 Goods: [14, 43, 222]
22. Bid: 208 Goods: [5, 231, 302]
23. Bid: 212 Goods: [12, 128]
24. Bid: 220 Goods: [22, 232]
25. Bid: 223 Goods: [109, 172, 305]
26. Bid: 241 Goods: [108, 125, 216, 310]
27. Bid: 248 Goods: [10, 119, 120, 158, 311]
28. Bid: 278 Goods: [74, 211, 245, 319]
29. Bid: 291 Goods: [95, 96, 129, 321]
30. Bid: 294 Goods: [76, 78, 198, 322]
31. Bid: 316 Goods: [64, 235, 327]
32. Bid: 324 Goods: [82, 121, 144, 193, 328]
33. Bid: 331 Goods: [25, 252, 330]
34. Bid: 354 Goods: [56, 236]
35. Bid: 355 Goods: [60, 114, 159, 336]
36. Bid: 401 Goods: [94, 213, 348]
37. Bid: 403 Goods: [2, 103, 113, 183, 349]
38. Bid: 409 Goods: [1, 153, 157, 350]
39. Bid: 420 Goods: [4, 116, 131, 352]
40. Bid: 423 Goods: [37, 240, 353]
41. Bid: 425 Goods: [15, 42, 237]
42. Bid: 454 Goods: [13, 32, 133, 360]
43. Bid: 455 Goods: [192, 361]
44. Bid: 466 Goods: [24, 30, 180, 241, 363]
45. Bid: 511 Goods: [39, 67, 137, 150, 373]
46. Bid: 517 Goods: [90, 246, 375]
47. Bid: 523 Goods: [68, 214, 217, 376]
48. Bid: 537 Goods: [179, 204, 379]
49. Bid: 542 Goods: [83, 0, 380]
50. Bid: 544 Goods: [73, 136, 381]
51. Bid: 563 Goods: [89, 112, 130, 386]
52. Bid: 591 Goods: [106, 58, 219, 391]
53. Bid: 602 Goods: [190, 41, 85, 393]
54. Bid: 616 Goods: [36, 105]
55. Bid: 651 Goods: [132, 227, 403]
56. Bid: 657 Goods: [195, 207]
57. Bid: 670 Goods: [169, 186, 406]
58. Bid: 680 Goods: [208, 188, 408]
59. Bid: 704 Goods: [247, 413]
60. Bid: 707 Goods: [101, 71, 239, 414]
61. Bid: 713 Goods: [162, 416]
62. Bid: 717 Goods: [168, 87, 61, 417]
63. Bid: 728 Goods: [70]
64. Bid: 742 Goods: [98, 47, 189, 107, 421]
65. Bid: 755 Goods: [224, 424]
66. Bid: 772 Goods: [72, 17, 138, 111, 427]
67. Bid: 786 Goods: [182]
68. Bid: 788 Goods: [53, 249, 59, 126, 92, 430]
69. Bid: 793 Goods: [185, 44, 205]
70. Bid: 819 Goods: [225, 11]
71. Bid: 823 Goods: [160, 50, 165, 437]
72. Bid: 826 Goods: [88]
73. Bid: 857 Goods: [49, 244, 166, 444]
74. Bid: 877 Goods: [80, 81, 171]
75. Bid: 893 Goods: [35, 134, 452]
76. Bid: 906 Goods: [194, 20, 19, 454]
77. Bid: 909 Goods: [151]
78. Bid: 910 Goods: [147, 181, 29, 455]
79. Bid: 916 Goods: [212, 27, 456]
80. Bid: 956 Goods: [86, 167, 117, 466]
81. Bid: 983 Goods: [155]
82. Bid: 992 Goods: [139, 63]
Objective value: 62.22325159999936
Solving time: 0.08652
