------------------------------------------
---------------- Solution ----------------
------------------------------------------
0. Bid: 17 Goods: [19, 105, 240, 260]
1. Bid: 19 Goods: [24, 185, 261]
2. Bid: 42 Goods: [60, 83, 236, 265]
3. Bid: 50 Goods: [110, 241, 267]
4. Bid: 62 Goods: [30, 80, 98, 209, 269]
5. Bid: 94 Goods: [85, 145]
6. Bid: 110 Goods: [169, 187, 278]
7. Bid: 123 Goods: [35, 137, 282]
8. Bid: 133 Goods: [17, 140, 242, 285]
9. Bid: 143 Goods: [155]
10. Bid: 147 Goods: [9, 31, 102, 199, 287]
11. Bid: 153 Goods: [101, 200, 290]
12. Bid: 158 Goods: [58, 108, 186, 245, 291]
13. Bid: 169 Goods: [208, 293]
14. Bid: 190 Goods: [52, 132, 297]
15. Bid: 209 Goods: [73, 133, 194, 216, 301]
16. Bid: 225 Goods: [29, 53, 117, 221, 304]
17. Bid: 236 Goods: [15, 252]
18. Bid: 244 Goods: [87, 248, 307]
19. Bid: 273 Goods: [63, 149, 195, 313]
20. Bid: 278 Goods: [144, 172]
21. Bid: 279 Goods: [109, 154, 314]
22. Bid: 290 Goods: [179, 317]
23. Bid: 300 Goods: [49, 180, 319]
24. Bid: 334 Goods: [171, 327]
25. Bid: 353 Goods: [14, 74, 229]
26. Bid: 354 Goods: [89, 97, 131, 331]
27. Bid: 359 Goods: [42, 51, 239, 332]
28. Bid: 373 Goods: [7, 48, 156, 174, 334]
29. Bid: 381 Goods: [41, 94, 165, 336]
30. Bid: 392 Goods: [178, 198, 339]
31. Bid: 400 Goods: [192, 341]
32. Bid: 405 Goods: [190, 223, 342]
33. Bid: 442 Goods: [47, 146, 227, 349]
34. Bid: 450 Goods: [1]
35. Bid: 451 Goods: [64, 138, 237, 352]
36. Bid: 455 Goods: [6, 118, 124]
37. Bid: 458 Goods: [96, 175, 353]
38. Bid: 463 Goods: [59, 238, 354]
39. Bid: 490 Goods: [115, 173, 360]
40. Bid: 494 Goods: [84, 100]
41. Bid: 513 Goods: [255]
42. Bid: 514 Goods: [233, 366]
43. Bid: 531 Goods: [184, 253, 111, 369]
44. Bid: 537 Goods: [103]
45. Bid: 543 Goods: [125, 36, 26]
46. Bid: 545 Goods: [78, 183, 371]
47. Bid: 559 Goods: [81, 210, 374]
48. Bid: 569 Goods: [246]
49. Bid: 598 Goods: [76]
50. Bid: 599 Goods: [34, 203, 16, 382]
51. Bid: 612 Goods: [8, 182, 385]
52. Bid: 623 Goods: [5, 4, 228, 213, 40, 387]
53. Bid: 624 Goods: [27, 157, 388]
54. Bid: 676 Goods: [86]
55. Bid: 704 Goods: [218, 20, 45, 225, 402]
56. Bid: 709 Goods: [88, 159, 188, 403]
57. Bid: 712 Goods: [37, 163]
58. Bid: 715 Goods: [177, 405]
59. Bid: 730 Goods: [90, 234, 122, 410]
60. Bid: 738 Goods: [50, 12, 201, 57, 56, 247, 412]
61. Bid: 744 Goods: [10, 164, 91, 414]
62. Bid: 749 Goods: [66, 166, 28, 415]
63. Bid: 773 Goods: [61, 224, 25, 99, 421]
64. Bid: 796 Goods: [22, 23, 128, 39, 46, 120, 67, 426]
65. Bid: 807 Goods: [95, 71, 251, 21, 429]
66. Bid: 828 Goods: [244]
67. Bid: 849 Goods: [220, 77]
68. Bid: 850 Goods: [214, 107, 205, 68, 438]
69. Bid: 856 Goods: [222, 33, 439]
70. Bid: 866 Goods: [65, 112, 181, 441]
71. Bid: 881 Goods: [254, 3, 161, 444]
72. Bid: 893 Goods: [160, 231, 189, 121, 104, 446]
73. Bid: 894 Goods: [150, 447]
74. Bid: 912 Goods: [153, 93, 451]
75. Bid: 925 Goods: [116, 206, 18, 455]
76. Bid: 936 Goods: [151, 43, 457]
77. Bid: 939 Goods: [119, 458]
78. Bid: 961 Goods: [152, 70, 215, 32, 464]
79. Bid: 968 Goods: [191, 126, 114, 465]
80. Bid: 983 Goods: [113, 202, 62, 219, 468]
81. Bid: 989 Goods: [136, 127]
Objective value: 60.5078645
Solving time: 0.46186
