------------------------------------------
---------------- Solution ----------------
------------------------------------------
0. Bid: 23 Goods: [10, 11, 260]
1. Bid: 50 Goods: [218, 234, 235, 265]
2. Bid: 52 Goods: [46, 47, 61, 62, 63, 266]
3. Bid: 62 Goods: [39, 40, 41, 54, 55, 56, 268]
4. Bid: 129 Goods: [23, 24]
5. Bid: 132 Goods: [70, 71, 72, 85, 86, 87, 100, 101, 280]
6. Bid: 138 Goods: [78, 79, 94, 281]
7. Bid: 168 Goods: [13, 29, 116, 140, 141, 142, 143, 287]
8. Bid: 176 Goods: [121, 122, 289]
9. Bid: 210 Goods: [64, 65, 80, 81, 82, 96, 295]
10. Bid: 226 Goods: [237, 238, 239, 252, 253, 254, 255, 298]
11. Bid: 238 Goods: [137, 138, 139, 152, 153, 154, 300]
12. Bid: 261 Goods: [159]
13. Bid: 299 Goods: [155, 156, 311]
14. Bid: 304 Goods: [22, 60, 75, 76, 77, 91, 92, 93, 312]
15. Bid: 309 Goods: [203, 204, 219, 236, 313]
16. Bid: 372 Goods: [9, 25, 26, 42, 325]
17. Bid: 389 Goods: [49, 50, 51, 66, 67, 83, 328]
18. Bid: 427 Goods: [151, 163, 165, 166, 167, 168, 179, 180, 181, 182, 183, 197, 198, 199, 213, 335]
19. Bid: 500 Goods: [1, 2, 3, 16, 17, 18, 32, 33, 34, 52, 53, 68, 69, 84, 150, 348]
20. Bid: 561 Goods: [95, 109, 110, 111, 127, 359]
21. Bid: 576 Goods: [192, 193, 194, 208, 362]
22. Bid: 592 Goods: [99, 114, 115, 130, 365]
23. Bid: 600 Goods: [108, 124, 125, 367]
24. Bid: 615 Goods: [14, 15, 31, 370]
25. Bid: 620 Goods: [128, 144, 160, 177, 178, 371]
26. Bid: 631 Goods: [57, 58, 73, 74, 88, 89, 90, 104, 105, 106, 107, 120, 136, 373]
27. Bid: 637 Goods: [206, 207, 223, 374]
28. Bid: 674 Goods: [157, 173, 174, 175, 189, 190, 191, 381]
29. Bid: 685 Goods: [117, 118, 132, 133, 134, 147, 148, 149, 164, 383]
30. Bid: 716 Goods: [146, 162, 388]
31. Bid: 720 Goods: [216, 217, 233, 249, 250, 389]
32. Bid: 733 Goods: [97, 98, 112, 113, 392]
33. Bid: 745 Goods: [169, 170, 171, 184, 185, 186, 200, 201, 394]
34. Bid: 793 Goods: [205, 221, 222, 403]
35. Bid: 836 Goods: [4, 20, 21, 36, 37, 38, 411]
36. Bid: 850 Goods: [195, 209, 210, 211, 212, 214, 224, 225, 226, 227, 228, 229, 230, 242, 243, 244, 245, 246, 413]
37. Bid: 906 Goods: [27, 28, 43, 44, 45, 59, 248, 423]
38. Bid: 921 Goods: [131, 187, 188, 426]
39. Bid: 947 Goods: [231, 247, 431]
40. Bid: 997 Goods: [129, 145, 161, 441]
Objective value: 15984.605899999997
Solving time: 32.63597
