------------------------------------------
---------------- Solution ----------------
------------------------------------------
0. Bid: 132 Goods: [236, 237, 238, 252, 253, 254, 280]
1. Bid: 151 Goods: [203]
2. Bid: 190 Goods: [123]
3. Bid: 218 Goods: [102, 229, 230, 231, 247, 248, 249, 295]
4. Bid: 243 Goods: [98, 114, 129, 130, 144, 145, 146, 160, 161, 162, 176, 177, 192, 193, 194, 208, 209, 210, 211, 299]
5. Bid: 262 Goods: [40, 56, 57, 58, 73, 74, 86, 87, 88, 89, 104, 105, 302]
6. Bid: 303 Goods: [91, 92, 310]
7. Bid: 362 Goods: [124, 140, 141, 142, 143, 155, 156, 157, 158, 159, 170, 171, 172, 173, 174, 175, 187, 188, 189, 190, 191, 205, 206, 321]
8. Bid: 401 Goods: [34]
9. Bid: 442 Goods: [227]
10. Bid: 451 Goods: [212, 228, 241, 242, 243, 244, 336]
11. Bid: 501 Goods: [48, 49, 66, 67, 80, 81, 82, 83, 97, 112, 113, 345]
12. Bid: 504 Goods: [163, 178, 179, 180, 195, 197, 213, 214, 346]
13. Bid: 540 Goods: [217, 218, 219, 233, 234, 235, 245, 251, 352]
14. Bid: 589 Goods: [10, 11, 12, 13, 14, 15, 25, 26, 27, 28, 29, 30, 41, 42, 43, 44, 45, 46, 59, 60, 75, 76, 77, 93, 362]
15. Bid: 616 Goods: [0, 1, 2, 3, 4, 5, 6, 7, 16, 17, 18, 19, 20, 21, 23, 24, 35, 36, 37, 204, 220, 221, 368]
16. Bid: 678 Goods: [184, 200, 216, 232, 378]
17. Bid: 682 Goods: [47, 62, 63, 78, 79, 94, 186, 379]
18. Bid: 716 Goods: [52, 53, 54, 55, 68, 69, 70, 71, 385]
19. Bid: 743 Goods: [64]
20. Bid: 751 Goods: [84, 85, 99, 115, 391]
21. Bid: 796 Goods: [107, 108, 109, 110, 111, 125, 126, 127, 399]
22. Bid: 868 Goods: [32, 33, 411]
23. Bid: 903 Goods: [116, 132, 133, 147, 148, 149, 164, 165, 181, 182, 198, 418]
24. Bid: 944 Goods: [101, 117, 426]
25. Bid: 954 Goods: [106]
26. Bid: 956 Goods: [120, 121, 122, 134, 135, 136, 137, 138, 139, 150, 151, 152, 153, 154, 167, 168, 169, 183, 199, 215, 429]
Objective value: 15053.860600000004
Solving time: 38.54454
