------------------------------------------
---------------- Solution ----------------
------------------------------------------
0. Bid: 72 Goods: [103]
1. Bid: 113 Goods: [91, 92, 93, 107, 276]
2. Bid: 124 Goods: [0, 16, 17, 18, 278]
3. Bid: 166 Goods: [2, 86, 286]
4. Bid: 168 Goods: [12, 13, 27, 28, 42, 43, 44, 59, 198, 199, 200, 212, 213, 214, 215, 230, 231, 246, 287]
5. Bid: 174 Goods: [249, 250, 251, 252, 288]
6. Bid: 203 Goods: [222, 236, 237, 238, 239, 253, 254, 255, 293]
7. Bid: 211 Goods: [100, 101, 102, 114, 115, 116, 117, 118, 129, 130, 131, 132, 144, 145, 146, 147, 148, 164, 165, 167, 180, 181, 182, 183, 184, 185, 194, 195, 196, 197, 295]
8. Bid: 226 Goods: [9, 10, 24, 25, 39, 40, 297]
9. Bid: 300 Goods: [119, 133, 134, 135, 149, 150, 151, 311]
10. Bid: 312 Goods: [162, 163, 177, 178, 179, 313]
11. Bid: 336 Goods: [94, 95, 317]
12. Bid: 384 Goods: [49]
13. Bid: 400 Goods: [31, 45, 46, 47, 62, 63, 329]
14. Bid: 406 Goods: [141]
15. Bid: 430 Goods: [80, 96, 97, 112, 113, 128, 333]
16. Bid: 432 Goods: [19, 34, 50, 122, 138, 154, 227, 334]
17. Bid: 440 Goods: [11, 186, 201, 202, 216, 217, 218, 335]
18. Bid: 508 Goods: [219]
19. Bid: 550 Goods: [234, 235, 354]
20. Bid: 606 Goods: [168, 169, 366]
21. Bid: 609 Goods: [160, 176, 192, 193, 208, 209, 210, 225, 226, 367]
22. Bid: 633 Goods: [60, 61, 74, 75, 76, 77, 371]
23. Bid: 659 Goods: [143, 158, 159, 174, 376]
24. Bid: 665 Goods: [110, 111, 127, 142, 377]
25. Bid: 724 Goods: [224, 240, 389]
26. Bid: 757 Goods: [4, 20, 21, 35, 36, 51, 52, 53, 67, 68, 69, 84, 395]
27. Bid: 759 Goods: [140, 155, 156, 171, 172, 187, 188, 203, 204, 205, 221, 396]
28. Bid: 766 Goods: [5, 6, 7, 8, 22, 23, 38, 397]
29. Bid: 791 Goods: [1]
30. Bid: 812 Goods: [54, 70, 72, 73, 87, 88, 89, 104, 105, 106, 120, 136, 137, 405]
31. Bid: 842 Goods: [243, 244, 245, 411]
32. Bid: 848 Goods: [55, 173, 189, 190, 191, 206, 412]
33. Bid: 852 Goods: [65, 66, 81, 82, 83, 98, 99, 157, 247, 413]
34. Bid: 889 Goods: [223]
35. Bid: 914 Goods: [248]
36. Bid: 915 Goods: [14]
37. Bid: 928 Goods: [108, 123, 124, 125, 126, 139, 425]
38. Bid: 935 Goods: [30]
39. Bid: 981 Goods: [79]
Objective value: 15540.790800000002
Solving time: 8.17024
