------------------------------------------
---------------- Solution ----------------
------------------------------------------
0. Bid: 13 Goods: [144, 160, 176, 258]
1. Bid: 24 Goods: [67, 83, 84, 260]
2. Bid: 33 Goods: [218, 229, 230, 231, 232, 233, 234, 240, 241, 242, 244, 245, 246, 247, 248, 249, 262]
3. Bid: 48 Goods: [64, 65, 81, 97, 98, 113, 114, 128, 129, 130, 146, 264]
4. Bid: 51 Goods: [40, 55, 56, 70, 71, 72, 73, 88, 112, 265]
5. Bid: 124 Goods: [89, 90, 93, 104, 105, 106, 107, 108, 109, 120, 121, 122, 123, 124, 137, 138, 139, 140, 155, 196, 197, 211, 212, 278]
6. Bid: 127 Goods: [9, 10, 25, 26, 41, 42, 57, 58, 59, 74, 75, 279]
7. Bid: 195 Goods: [164, 165, 179, 180, 181, 195, 291]
8. Bid: 214 Goods: [54, 69, 294]
9. Bid: 250 Goods: [171, 173, 174, 175, 187, 188, 189, 190, 191, 203, 204, 205, 207, 220, 221, 222, 236, 237, 238, 301]
10. Bid: 262 Goods: [102]
11. Bid: 276 Goods: [85, 100, 101, 117, 305]
12. Bid: 285 Goods: [115, 116, 131, 307]
13. Bid: 287 Goods: [62, 76, 77, 308]
14. Bid: 301 Goods: [235, 250, 251, 252, 253, 254, 310]
15. Bid: 340 Goods: [186, 202, 318]
16. Bid: 356 Goods: [163]
17. Bid: 357 Goods: [177, 193, 209, 210, 225, 226, 227, 228, 321]
18. Bid: 449 Goods: [8, 156, 336]
19. Bid: 455 Goods: [94, 95, 110, 111, 125, 126, 127, 143, 337]
20. Bid: 462 Goods: [158]
21. Bid: 509 Goods: [0, 1, 17, 33, 34, 49, 347]
22. Bid: 538 Goods: [166, 182, 183, 224, 352]
23. Bid: 545 Goods: [2, 3, 4, 5, 18, 19, 353]
24. Bid: 558 Goods: [86, 87, 356]
25. Bid: 606 Goods: [243]
26. Bid: 623 Goods: [151, 199, 214, 215, 216, 368]
27. Bid: 680 Goods: [21, 35, 36, 37, 38, 50, 51, 52, 53, 68, 378]
28. Bid: 834 Goods: [11]
29. Bid: 851 Goods: [6, 7, 22, 23, 39, 408]
30. Bid: 859 Goods: [255]
31. Bid: 861 Goods: [133, 134, 141, 142, 149, 150, 410]
32. Bid: 900 Goods: [132, 147, 148, 417]
33. Bid: 904 Goods: [136, 152, 418]
34. Bid: 952 Goods: [169, 170, 184, 185, 200, 201, 427]
35. Bid: 958 Goods: [66, 82, 428]
36. Bid: 979 Goods: [63, 78, 79, 432]
37. Bid: 985 Goods: [91, 145, 161, 162, 178, 194, 433]
38. Bid: 1004 Goods: [13, 14, 15, 29, 30, 31, 45, 46, 47, 60, 61, 436]
Objective value: 16150.962
Solving time: 6.50649
