------------------------------------------
---------------- Solution ----------------
------------------------------------------
0. Bid: 21 Goods: [115, 131, 260]
1. Bid: 25 Goods: [211, 212, 214, 228, 230, 244, 245, 246, 261]
2. Bid: 44 Goods: [91]
3. Bid: 48 Goods: [209, 224, 225, 226, 265]
4. Bid: 69 Goods: [153, 169, 170, 270]
5. Bid: 105 Goods: [3, 4, 276]
6. Bid: 123 Goods: [68, 92, 93, 94, 110, 111, 126, 279]
7. Bid: 194 Goods: [142, 143, 158, 159, 173, 174, 175, 189, 190, 205, 206, 221, 222, 223, 237, 238, 292]
8. Bid: 198 Goods: [53, 54, 55, 70, 71, 85, 86, 101, 293]
9. Bid: 203 Goods: [60, 76, 77, 294]
10. Bid: 246 Goods: [107, 120, 121, 122, 123, 137, 138, 147, 154, 155, 303]
11. Bid: 268 Goods: [145, 146, 160, 161, 162, 307]
12. Bid: 273 Goods: [177, 192, 193, 194, 208, 210, 308]
13. Bid: 282 Goods: [171, 172, 187, 311]
14. Bid: 288 Goods: [66, 67, 82, 312]
15. Bid: 297 Goods: [81, 97]
16. Bid: 298 Goods: [130]
17. Bid: 299 Goods: [139]
18. Bid: 308 Goods: [78, 79, 315]
19. Bid: 309 Goods: [38]
20. Bid: 384 Goods: [185, 200, 329]
21. Bid: 397 Goods: [247]
22. Bid: 419 Goods: [39, 56, 144, 198, 336]
23. Bid: 455 Goods: [96]
24. Bid: 468 Goods: [42, 43, 57, 58, 59, 73, 74, 75, 215, 231, 345]
25. Bid: 493 Goods: [88, 89, 103, 104, 118, 119, 152, 349]
26. Bid: 546 Goods: [5, 21, 37, 112, 113, 128, 129, 359]
27. Bid: 555 Goods: [109, 124, 125, 140, 141, 217, 220, 233, 234, 235, 236, 249, 250, 251, 252, 253, 254, 360]
28. Bid: 596 Goods: [197, 213, 229, 368]
29. Bid: 662 Goods: [99, 100, 114, 379]
30. Bid: 678 Goods: [134, 135, 136, 382]
31. Bid: 697 Goods: [240, 241, 386]
32. Bid: 735 Goods: [90, 105, 106, 393]
33. Bid: 740 Goods: [12, 28, 29, 30, 31, 45, 46, 47, 61, 62, 394]
34. Bid: 766 Goods: [127, 132, 148, 164, 165, 167, 178, 179, 180, 181, 182, 183, 184, 195, 199, 398]
35. Bid: 770 Goods: [196]
36. Bid: 788 Goods: [156, 157, 402]
37. Bid: 813 Goods: [98]
38. Bid: 820 Goods: [0, 1, 16, 18, 19, 32, 33, 34, 35, 36, 48, 49, 50, 51, 408]
39. Bid: 917 Goods: [6, 7, 8, 9, 10, 22, 23, 24, 25, 26, 27, 40, 41, 425]
40. Bid: 970 Goods: [133, 149, 150, 151, 166, 434]
41. Bid: 979 Goods: [186, 188, 202, 203, 204, 218, 436]
Objective value: 16323.9478
Solving time: 35.80473
