IIS generation
Instance: arbitrary-52-100-470000
----------------------------
Query: 11
Query element:25
Query element:11
Query scope: 22
----------------------------
IIS optimality: suboptimal
IIS solution time: 0.08027
IIS Constraint: 3; goods; {good:3}
IIS Constraint: 5; goods; {good:5}
IIS Constraint: 6; goods; {good:6}
IIS Constraint: 8; goods; {good:8}
IIS Constraint: 9; goods; {good:9}
IIS Constraint: 10; goods; {good:10}
IIS Constraint: 11; goods; {good:11}
IIS Constraint: 12; goods; {good:12}
IIS Constraint: 13; goods; {good:13}
IIS Constraint: 16; goods; {good:16}
IIS Constraint: 21; goods; {good:21}
IIS Constraint: 24; goods; {good:24}
IIS Constraint: 25; goods; {good:25}
IIS Constraint: 26; goods; {good:26}
IIS Constraint: 27; goods; {good:27}
IIS Constraint: 30; goods; {good:30}
IIS Constraint: 31; goods; {good:31}
IIS Constraint: 34; goods; {good:34}
IIS Constraint: 50; goods; {good:50}
IIS Constraint: 73; query; {goods:[25,11],query:11}
IIS Constraint: 74; max; {f:2955.974,objective:max}
