IIS generation
Instance: matching-52-100-530000
----------------------------
Query: 1
Query element:49
Query scope: 49
----------------------------
IIS optimality: suboptimal
IIS solution time: 0.09405
IIS Constraint: 0; goods; {good:0}
IIS Constraint: 4; goods; {good:4}
IIS Constraint: 8; goods; {good:8}
IIS Constraint: 40; goods; {good:40}
IIS Constraint: 43; goods; {good:43}
IIS Constraint: 44; goods; {good:44}
IIS Constraint: 47; goods; {good:47}
IIS Constraint: 48; goods; {good:48}
IIS Constraint: 51; goods; {good:51}
IIS Constraint: 52; goods; {good:52}
IIS Constraint: 61; goods; {good:61}
IIS Constraint: 62; goods; {good:62}
IIS Constraint: 65; goods; {good:65}
IIS Constraint: 69; query; {bid:49,query:1}
IIS Constraint: 70; max; {f:50.34528,objective:max}
