IIS generation
Instance: regions-52-100-860000
----------------------------
Query: 2
Query element:12
Query scope: 12
----------------------------
IIS optimality: suboptimal
IIS solution time: 0.07780
IIS Constraint: 5; goods; {good:5}
IIS Constraint: 12; goods; {good:12}
IIS Constraint: 15; goods; {good:15}
IIS Constraint: 18; goods; {good:18}
IIS Constraint: 24; goods; {good:24}
IIS Constraint: 34; goods; {good:34}
IIS Constraint: 36; goods; {good:36}
IIS Constraint: 38; goods; {good:38}
IIS Constraint: 39; goods; {good:39}
IIS Constraint: 71; query; {bid:12,query:2}
IIS Constraint: 72; max; {f:2752.5181000000002,objective:max}
