IIS generation
Instance: regions-52-100-130000
----------------------------
Query: 7
Query element:37
Query scope: 1
Query scope: 2
Query scope: 3
Query scope: 4
Query scope: 5
Query scope: 6
Query scope: 8
Query scope: 9
Query scope: 10
Query scope: 11
Query scope: 12
Query scope: 13
Query scope: 19
Query scope: 31
Query scope: 32
Query scope: 34
Query scope: 35
Query scope: 36
Query scope: 37
Query scope: 38
Query scope: 39
Query scope: 41
Query scope: 42
Query scope: 43
Query scope: 44
Query scope: 45
Query scope: 46
Query scope: 60
Query scope: 63
Query scope: 79
Query scope: 80
Query scope: 82
Query scope: 84
Query scope: 85
Query scope: 86
Query scope: 87
Query scope: 88
Query scope: 91
Query scope: 92
Query scope: 93
Query scope: 94
Query scope: 95
Query scope: 96
Query scope: 98
Query scope: 102
----------------------------
IIS optimality: suboptimal
IIS solution time: 29.56083
IIS Constraint: 0; goods; {good:0}
IIS Constraint: 1; goods; {good:1}
IIS Constraint: 5; goods; {good:5}
IIS Constraint: 7; goods; {good:7}
IIS Constraint: 10; goods; {good:10}
IIS Constraint: 11; goods; {good:11}
IIS Constraint: 13; goods; {good:13}
IIS Constraint: 15; goods; {good:15}
IIS Constraint: 19; goods; {good:19}
IIS Constraint: 22; goods; {good:22}
IIS Constraint: 26; goods; {good:26}
IIS Constraint: 28; goods; {good:28}
IIS Constraint: 33; goods; {good:33}
IIS Constraint: 39; goods; {good:39}
IIS Constraint: 69; query; {good:37,query:7}
IIS Constraint: 70; max; {f:2763.0721999999996,objective:max}
