IIS generation
Instance: paths-52-100-960000
----------------------------
Query: 10
Query element:72
Query element:9
Query scope: 73
----------------------------
IIS optimality: suboptimal
IIS solution time: 42.44086
IIS Constraint: 0; goods; {good:0}
IIS Constraint: 1; goods; {good:1}
IIS Constraint: 4; goods; {good:4}
IIS Constraint: 6; goods; {good:6}
IIS Constraint: 7; goods; {good:7}
IIS Constraint: 8; goods; {good:8}
IIS Constraint: 9; goods; {good:9}
IIS Constraint: 10; goods; {good:10}
IIS Constraint: 12; goods; {good:12}
IIS Constraint: 13; goods; {good:13}
IIS Constraint: 14; goods; {good:14}
IIS Constraint: 15; goods; {good:15}
IIS Constraint: 16; goods; {good:16}
IIS Constraint: 17; goods; {good:17}
IIS Constraint: 18; goods; {good:18}
IIS Constraint: 20; goods; {good:20}
IIS Constraint: 21; goods; {good:21}
IIS Constraint: 22; goods; {good:22}
IIS Constraint: 23; goods; {good:23}
IIS Constraint: 28; goods; {good:28}
IIS Constraint: 29; goods; {good:29}
IIS Constraint: 30; goods; {good:30}
IIS Constraint: 33; goods; {good:33}
IIS Constraint: 34; goods; {good:34}
IIS Constraint: 35; goods; {good:35}
IIS Constraint: 36; goods; {good:36}
IIS Constraint: 40; goods; {good:40}
IIS Constraint: 43; goods; {good:43}
IIS Constraint: 44; goods; {good:44}
IIS Constraint: 48; goods; {good:48}
IIS Constraint: 50; goods; {good:50}
IIS Constraint: 51; goods; {good:51}
IIS Constraint: 57; goods; {good:57}
IIS Constraint: 66; goods; {good:66}
IIS Constraint: 91; query; {goods:[72,9],query:10}
IIS Constraint: 92; max; {f:15.040509000000002,objective:max}
