IIS generation
Instance: matching-52-100-460000
----------------------------
Query: 11
Query element:55
Query element:47
Query scope: 24
Query scope: 26
----------------------------
IIS optimality: suboptimal
IIS solution time: 0.09336
IIS Constraint: 0; goods; {good:0}
IIS Constraint: 4; goods; {good:4}
IIS Constraint: 31; goods; {good:31}
IIS Constraint: 47; goods; {good:47}
IIS Constraint: 51; goods; {good:51}
IIS Constraint: 52; goods; {good:52}
IIS Constraint: 54; goods; {good:54}
IIS Constraint: 56; goods; {good:56}
IIS Constraint: 57; goods; {good:57}
IIS Constraint: 58; goods; {good:58}
IIS Constraint: 59; goods; {good:59}
IIS Constraint: 60; goods; {good:60}
IIS Constraint: 61; goods; {good:61}
IIS Constraint: 62; goods; {good:62}
IIS Constraint: 63; goods; {good:63}
IIS Constraint: 64; goods; {good:64}
IIS Constraint: 65; query; {goods:[55,47],query:11}
IIS Constraint: 66; max; {f:31.878072999999997,objective:max}
