IIS generation
Instance: arbitrary-52-100-920000
----------------------------
Query: 9
Query element:3
Query element:38
Query scope: 4
Query scope: 9
Query scope: 10
Query scope: 13
Query scope: 14
Query scope: 15
Query scope: 16
Query scope: 17
Query scope: 22
Query scope: 24
Query scope: 25
Query scope: 26
Query scope: 27
Query scope: 28
Query scope: 29
Query scope: 30
Query scope: 31
Query scope: 32
Query scope: 33
Query scope: 34
Query scope: 36
Query scope: 44
Query scope: 46
Query scope: 47
Query scope: 48
Query scope: 51
Query scope: 52
Query scope: 58
Query scope: 62
Query scope: 64
Query scope: 66
Query scope: 70
Query scope: 71
Query scope: 75
Query scope: 76
Query scope: 78
Query scope: 79
Query scope: 81
Query scope: 83
Query scope: 85
Query scope: 86
Query scope: 87
Query scope: 89
Query scope: 92
Query scope: 99
Query scope: 12
Query scope: 20
Query scope: 21
Query scope: 23
Query scope: 38
Query scope: 39
Query scope: 53
Query scope: 67
Query scope: 68
Query scope: 72
Query scope: 73
Query scope: 84
Query scope: 88
Query scope: 90
Query scope: 91
Query scope: 101
Query scope: 103
Query scope: 104
----------------------------
IIS optimality: suboptimal
IIS solution time: 0.19444
IIS Constraint: 0; goods; {good:0}
IIS Constraint: 1; goods; {good:1}
IIS Constraint: 2; goods; {good:2}
IIS Constraint: 4; goods; {good:4}
IIS Constraint: 6; goods; {good:6}
IIS Constraint: 8; goods; {good:8}
IIS Constraint: 10; goods; {good:10}
IIS Constraint: 11; goods; {good:11}
IIS Constraint: 13; goods; {good:13}
IIS Constraint: 15; goods; {good:15}
IIS Constraint: 16; goods; {good:16}
IIS Constraint: 17; goods; {good:17}
IIS Constraint: 21; goods; {good:21}
IIS Constraint: 22; goods; {good:22}
IIS Constraint: 23; goods; {good:23}
IIS Constraint: 25; goods; {good:25}
IIS Constraint: 26; goods; {good:26}
IIS Constraint: 27; goods; {good:27}
IIS Constraint: 29; goods; {good:29}
IIS Constraint: 30; goods; {good:30}
IIS Constraint: 31; goods; {good:31}
IIS Constraint: 33; goods; {good:33}
IIS Constraint: 35; goods; {good:35}
IIS Constraint: 40; goods; {good:40}
IIS Constraint: 43; goods; {good:43}
IIS Constraint: 69; query; {good:3,query:9}
IIS Constraint: 71; max; {f:2900.4356000000002,objective:max}
