IIS generation
Instance: scheduling-52-100-100000
----------------------------
Query: 11
Query element:16
Query element:17
Query scope: 12
Query scope: 13
Query scope: 14
Query scope: 15
Query scope: 16
Query scope: 57
Query scope: 58
Query scope: 59
Query scope: 60
Query scope: 61
Query scope: 62
Query scope: 63
Query scope: 81
Query scope: 82
Query scope: 83
Query scope: 84
Query scope: 85
Query scope: 86
Query scope: 87
Query scope: 88
Query scope: 89
----------------------------
IIS optimality: optimal
IIS solution time: 0.00907
