IIS generation
Instance: arbitrary-52-100-780000
----------------------------
Query: 9
Query element:28
Query element:31
Query scope: 6
Query scope: 8
Query scope: 24
Query scope: 27
Query scope: 36
Query scope: 37
Query scope: 38
Query scope: 42
Query scope: 43
Query scope: 44
Query scope: 55
Query scope: 61
Query scope: 66
Query scope: 67
Query scope: 68
Query scope: 69
Query scope: 72
Query scope: 74
Query scope: 75
Query scope: 76
Query scope: 82
Query scope: 84
Query scope: 13
Query scope: 26
Query scope: 33
Query scope: 35
Query scope: 56
Query scope: 70
Query scope: 71
Query scope: 73
Query scope: 77
Query scope: 78
Query scope: 90
Query scope: 96
Query scope: 102
----------------------------
IIS optimality: suboptimal
IIS solution time: 0.86260
IIS Constraint: 0; goods; {good:0}
IIS Constraint: 1; goods; {good:1}
IIS Constraint: 2; goods; {good:2}
IIS Constraint: 3; goods; {good:3}
IIS Constraint: 4; goods; {good:4}
IIS Constraint: 5; goods; {good:5}
IIS Constraint: 6; goods; {good:6}
IIS Constraint: 7; goods; {good:7}
IIS Constraint: 9; goods; {good:9}
IIS Constraint: 10; goods; {good:10}
IIS Constraint: 11; goods; {good:11}
IIS Constraint: 12; goods; {good:12}
IIS Constraint: 14; goods; {good:14}
IIS Constraint: 15; goods; {good:15}
IIS Constraint: 16; goods; {good:16}
IIS Constraint: 17; goods; {good:17}
IIS Constraint: 18; goods; {good:18}
IIS Constraint: 21; goods; {good:21}
IIS Constraint: 22; goods; {good:22}
IIS Constraint: 23; goods; {good:23}
IIS Constraint: 24; goods; {good:24}
IIS Constraint: 25; goods; {good:25}
IIS Constraint: 29; goods; {good:29}
IIS Constraint: 30; goods; {good:30}
IIS Constraint: 32; goods; {good:32}
IIS Constraint: 34; goods; {good:34}
IIS Constraint: 36; goods; {good:36}
IIS Constraint: 37; goods; {good:37}
IIS Constraint: 38; goods; {good:38}
IIS Constraint: 39; goods; {good:39}
IIS Constraint: 41; goods; {good:41}
IIS Constraint: 42; goods; {good:42}
IIS Constraint: 46; goods; {good:46}
IIS Constraint: 49; goods; {good:49}
IIS Constraint: 50; goods; {good:50}
IIS Constraint: 51; goods; {good:51}
IIS Constraint: 57; goods; {good:57}
IIS Constraint: 70; query; {good:28,query:9}
IIS Constraint: 72; max; {f:2288.2560000000003,objective:max}
