IIS generation
Instance: paths-52-100-740000
----------------------------
Query: 9
Query element:55
Query element:48
Query scope: 9
Query scope: 10
Query scope: 11
Query scope: 12
Query scope: 13
Query scope: 26
----------------------------
IIS optimality: suboptimal
IIS solution time: 6.84612
IIS Constraint: 0; goods; {good:0}
IIS Constraint: 3; goods; {good:3}
IIS Constraint: 6; goods; {good:6}
IIS Constraint: 8; goods; {good:8}
IIS Constraint: 11; goods; {good:11}
IIS Constraint: 12; goods; {good:12}
IIS Constraint: 13; goods; {good:13}
IIS Constraint: 14; goods; {good:14}
IIS Constraint: 17; goods; {good:17}
IIS Constraint: 19; goods; {good:19}
IIS Constraint: 20; goods; {good:20}
IIS Constraint: 23; goods; {good:23}
IIS Constraint: 25; goods; {good:25}
IIS Constraint: 31; goods; {good:31}
IIS Constraint: 33; goods; {good:33}
IIS Constraint: 36; goods; {good:36}
IIS Constraint: 39; goods; {good:39}
IIS Constraint: 44; goods; {good:44}
IIS Constraint: 45; goods; {good:45}
IIS Constraint: 47; goods; {good:47}
IIS Constraint: 50; goods; {good:50}
IIS Constraint: 74; goods; {good:74}
IIS Constraint: 103; query; {good:55,query:9}
IIS Constraint: 105; max; {f:16.611790000000003,objective:max}
