IIS generation
Instance: matching-52-100-290000
----------------------------
Query: 1
Query element:46
Query scope: 46
----------------------------
IIS optimality: suboptimal
IIS solution time: 0.14856
IIS Constraint: 0; goods; {good:0}
IIS Constraint: 4; goods; {good:4}
IIS Constraint: 8; goods; {good:8}
IIS Constraint: 40; goods; {good:40}
IIS Constraint: 44; goods; {good:44}
IIS Constraint: 48; goods; {good:48}
IIS Constraint: 52; goods; {good:52}
IIS Constraint: 55; goods; {good:55}
IIS Constraint: 61; goods; {good:61}
IIS Constraint: 62; goods; {good:62}
IIS Constraint: 63; goods; {good:63}
IIS Constraint: 64; goods; {good:64}
IIS Constraint: 65; goods; {good:65}
IIS Constraint: 67; goods; {good:67}
IIS Constraint: 69; query; {bid:46,query:1}
IIS Constraint: 70; max; {f:60.28931,objective:max}
