IIS generation
Instance: matching-52-100-330000
----------------------------
Query: 3
Query element:76
Query element:89
Query scope: 76
Query scope: 89
----------------------------
IIS optimality: suboptimal
IIS solution time: 0.80802
IIS Constraint: 0; goods; {good:0}
IIS Constraint: 2; goods; {good:2}
IIS Constraint: 3; goods; {good:3}
IIS Constraint: 4; goods; {good:4}
IIS Constraint: 7; goods; {good:7}
IIS Constraint: 8; goods; {good:8}
IIS Constraint: 9; goods; {good:9}
IIS Constraint: 40; goods; {good:40}
IIS Constraint: 44; goods; {good:44}
IIS Constraint: 48; goods; {good:48}
IIS Constraint: 53; goods; {good:53}
IIS Constraint: 54; goods; {good:54}
IIS Constraint: 57; goods; {good:57}
IIS Constraint: 58; goods; {good:58}
IIS Constraint: 59; goods; {good:59}
IIS Constraint: 66; query; {bid:76,query:3}
IIS Constraint: 68; max; {f:75.00179,objective:max}
