IIS generation
Instance: arbitrary-52-100-70000
----------------------------
Query: 11
Query element:50
Query element:26
Query scope: 33
Query scope: 35
Query scope: 36
Query scope: 37
Query scope: 38
Query scope: 47
Query scope: 48
Query scope: 52
Query scope: 89
Query scope: 90
----------------------------
IIS optimality: suboptimal
IIS solution time: 1.26294
IIS Constraint: 0; goods; {good:0}
IIS Constraint: 1; goods; {good:1}
IIS Constraint: 3; goods; {good:3}
IIS Constraint: 4; goods; {good:4}
IIS Constraint: 6; goods; {good:6}
IIS Constraint: 13; goods; {good:13}
IIS Constraint: 15; goods; {good:15}
IIS Constraint: 16; goods; {good:16}
IIS Constraint: 17; goods; {good:17}
IIS Constraint: 18; goods; {good:18}
IIS Constraint: 21; goods; {good:21}
IIS Constraint: 24; goods; {good:24}
IIS Constraint: 26; goods; {good:26}
IIS Constraint: 27; goods; {good:27}
IIS Constraint: 29; goods; {good:29}
IIS Constraint: 30; goods; {good:30}
IIS Constraint: 31; goods; {good:31}
IIS Constraint: 35; goods; {good:35}
IIS Constraint: 39; goods; {good:39}
IIS Constraint: 40; goods; {good:40}
IIS Constraint: 41; goods; {good:41}
IIS Constraint: 44; goods; {good:44}
IIS Constraint: 51; goods; {good:51}
IIS Constraint: 72; query; {goods:[50,26],query:11}
IIS Constraint: 73; max; {f:2825.249999999998,objective:max}
