IIS generation
Instance: matching-52-100-510000
----------------------------
Query: 7
Query element:8
Query scope: 5
Query scope: 28
Query scope: 59
Query scope: 97
----------------------------
IIS optimality: suboptimal
IIS solution time: 0.02796
IIS Constraint: 0; goods; {good:0}
IIS Constraint: 2; goods; {good:2}
IIS Constraint: 4; goods; {good:4}
IIS Constraint: 6; goods; {good:6}
IIS Constraint: 10; goods; {good:10}
IIS Constraint: 53; goods; {good:53}
IIS Constraint: 54; goods; {good:54}
IIS Constraint: 56; goods; {good:56}
IIS Constraint: 59; goods; {good:59}
IIS Constraint: 62; goods; {good:62}
IIS Constraint: 63; goods; {good:63}
IIS Constraint: 64; goods; {good:64}
IIS Constraint: 67; goods; {good:67}
IIS Constraint: 68; query; {good:8,query:7}
IIS Constraint: 69; max; {f:92.12994,objective:max}
