IIS generation
Instance: arbitrary-52-100-180000
----------------------------
Query: 7
Query element:12
Query scope: 0
Query scope: 5
Query scope: 6
Query scope: 13
Query scope: 14
Query scope: 16
Query scope: 17
Query scope: 33
Query scope: 34
Query scope: 46
Query scope: 48
Query scope: 52
Query scope: 54
Query scope: 67
Query scope: 76
Query scope: 77
Query scope: 80
Query scope: 83
Query scope: 90
Query scope: 94
Query scope: 96
Query scope: 98
Query scope: 99
Query scope: 100
----------------------------
IIS optimality: suboptimal
IIS solution time: 1616.27172
IIS Constraint: 0; goods; {good:0}
IIS Constraint: 1; goods; {good:1}
IIS Constraint: 2; goods; {good:2}
IIS Constraint: 3; goods; {good:3}
IIS Constraint: 4; goods; {good:4}
IIS Constraint: 5; goods; {good:5}
IIS Constraint: 6; goods; {good:6}
IIS Constraint: 7; goods; {good:7}
IIS Constraint: 8; goods; {good:8}
IIS Constraint: 9; goods; {good:9}
IIS Constraint: 10; goods; {good:10}
IIS Constraint: 11; goods; {good:11}
IIS Constraint: 14; goods; {good:14}
IIS Constraint: 19; goods; {good:19}
IIS Constraint: 20; goods; {good:20}
IIS Constraint: 21; goods; {good:21}
IIS Constraint: 23; goods; {good:23}
IIS Constraint: 26; goods; {good:26}
IIS Constraint: 27; goods; {good:27}
IIS Constraint: 28; goods; {good:28}
IIS Constraint: 30; goods; {good:30}
IIS Constraint: 31; goods; {good:31}
IIS Constraint: 34; goods; {good:34}
IIS Constraint: 35; goods; {good:35}
IIS Constraint: 38; goods; {good:38}
IIS Constraint: 39; goods; {good:39}
IIS Constraint: 40; goods; {good:40}
IIS Constraint: 71; query; {good:12,query:7}
IIS Constraint: 72; max; {f:2972.8199999999997,objective:max}
