IIS generation
Instance: matching-52-100-890000
----------------------------
Query: 10
Query element:17
Query element:57
Query scope: 31
Query scope: 32
Query scope: 33
Query scope: 34
----------------------------
IIS optimality: suboptimal
IIS solution time: 1.59965
IIS Constraint: 0; goods; {good:0}
IIS Constraint: 1; goods; {good:1}
IIS Constraint: 2; goods; {good:2}
IIS Constraint: 4; goods; {good:4}
IIS Constraint: 8; goods; {good:8}
IIS Constraint: 10; goods; {good:10}
IIS Constraint: 40; goods; {good:40}
IIS Constraint: 44; goods; {good:44}
IIS Constraint: 48; goods; {good:48}
IIS Constraint: 55; goods; {good:55}
IIS Constraint: 56; goods; {good:56}
IIS Constraint: 57; goods; {good:57}
IIS Constraint: 58; goods; {good:58}
IIS Constraint: 59; goods; {good:59}
IIS Constraint: 61; goods; {good:61}
IIS Constraint: 64; goods; {good:64}
IIS Constraint: 66; query; {goods:[17,57],query:10}
IIS Constraint: 67; max; {f:105.22973,objective:max}
