------------------------------------------
---------------- Solution ----------------
------------------------------------------
0. Bid: 0 Goods: [20, 53, 76]
1. Bid: 10 Goods: [1, 15, 77]
2. Bid: 29 Goods: [21, 35, 78]
3. Bid: 30 Goods: [16, 58, 79]
4. Bid: 47 Goods: [45, 59, 80]
5. Bid: 50 Goods: [2, 40, 81]
6. Bid: 56 Goods: [14, 52, 82]
7. Bid: 66 Goods: [37, 51, 83]
8. Bid: 78 Goods: [32, 74, 84]
9. Bid: 79 Goods: [30, 68, 85]
10. Bid: 82 Goods: [3, 13, 86]
11. Bid: 97 Goods: [25, 56, 87]
12. Bid: 106 Goods: [47, 61, 88]
13. Bid: 108 Goods: [6, 44, 89]
14. Bid: 118 Goods: [12, 55, 90]
15. Bid: 135 Goods: [17, 31, 91]
16. Bid: 143 Goods: [10, 48, 92]
17. Bid: 144 Goods: [28, 71, 93]
18. Bid: 150 Goods: [4, 46, 94]
19. Bid: 153 Goods: [23, 33, 95]
20. Bid: 163 Goods: [57, 70, 96]
21. Bid: 166 Goods: [8, 50, 97]
22. Bid: 183 Goods: [27, 64, 98]
23. Bid: 195 Goods: [29, 60, 99]
24. Bid: 196 Goods: [38, 49, 100]
Objective value: 144.52844000000002
Solving time: 0.00585
