------------------------------------------
---------------- Solution ----------------
------------------------------------------
0. Bid: 2 Goods: [30, 35, 47, 48, 76]
1. Bid: 7 Goods: [18, 52, 78]
2. Bid: 12 Goods: [9, 29, 69]
3. Bid: 15 Goods: [6]
4. Bid: 17 Goods: [44, 79]
5. Bid: 32 Goods: [53, 61, 83]
6. Bid: 46 Goods: [24, 27, 43, 85]
7. Bid: 47 Goods: [73]
8. Bid: 49 Goods: [17, 51, 86]
9. Bid: 51 Goods: [58, 74, 87]
10. Bid: 60 Goods: [2, 33, 39, 71, 88]
11. Bid: 64 Goods: [7, 11, 56, 90]
12. Bid: 69 Goods: [12]
13. Bid: 73 Goods: [1, 49, 57, 91]
14. Bid: 77 Goods: [3, 75, 92]
15. Bid: 79 Goods: [55, 93]
16. Bid: 93 Goods: [15, 16, 37, 95]
17. Bid: 102 Goods: [13, 34, 64, 98]
18. Bid: 113 Goods: [68, 101]
19. Bid: 127 Goods: [4, 21, 63, 105]
20. Bid: 133 Goods: [36, 54, 106]
21. Bid: 142 Goods: [46, 66, 108]
22. Bid: 150 Goods: [60, 110]
23. Bid: 161 Goods: [38]
24. Bid: 163 Goods: [62]
25. Bid: 167 Goods: [8, 5, 114]
26. Bid: 178 Goods: [22]
27. Bid: 186 Goods: [70, 72, 117]
28. Bid: 188 Goods: [42, 19, 26, 118]
Objective value: 19.105123600000002
Solving time: 0.00751
