------------------------------------------
---------------- Solution ----------------
------------------------------------------
0. Bid: 13 Goods: [33, 52, 80]
1. Bid: 18 Goods: [58, 81]
2. Bid: 27 Goods: [28, 35, 66, 83]
3. Bid: 30 Goods: [26, 32, 61]
4. Bid: 33 Goods: [20, 45, 84]
5. Bid: 40 Goods: [30, 49, 71, 85]
6. Bid: 51 Goods: [12, 15, 34, 42, 87]
7. Bid: 56 Goods: [43, 59, 88]
8. Bid: 61 Goods: [7, 63, 89]
9. Bid: 63 Goods: [8, 19, 62, 90]
10. Bid: 67 Goods: [38, 72, 91]
11. Bid: 76 Goods: [36, 37, 70, 92]
12. Bid: 77 Goods: [55, 93]
13. Bid: 82 Goods: [65, 94]
14. Bid: 91 Goods: [22, 73, 96]
15. Bid: 102 Goods: [17, 46, 99]
16. Bid: 114 Goods: [6, 40, 69, 102]
17. Bid: 116 Goods: [11, 31, 68, 103]
18. Bid: 127 Goods: [57]
19. Bid: 134 Goods: [44, 107]
20. Bid: 142 Goods: [60, 14, 13, 3, 109]
21. Bid: 154 Goods: [67, 112]
22. Bid: 160 Goods: [2, 51, 113]
23. Bid: 171 Goods: [1, 41, 23, 115]
24. Bid: 175 Goods: [0, 47, 116]
25. Bid: 180 Goods: [27, 24, 25, 74, 18, 117]
26. Bid: 190 Goods: [21]
27. Bid: 191 Goods: [9]
Objective value: 22.882631699999997
Solving time: 0.00788
