------------------------------------------
---------------- Solution ----------------
------------------------------------------
0. Bid: 0 Goods: [31, 67]
1. Bid: 1 Goods: [60, 76]
2. Bid: 9 Goods: [11, 34, 59, 77]
3. Bid: 10 Goods: [15]
4. Bid: 13 Goods: [28, 65, 78]
5. Bid: 18 Goods: [23, 30, 80]
6. Bid: 25 Goods: [37, 50, 82]
7. Bid: 31 Goods: [5, 42, 83]
8. Bid: 34 Goods: [16, 49, 51, 85]
9. Bid: 46 Goods: [56]
10. Bid: 49 Goods: [35, 64, 89]
11. Bid: 51 Goods: [75]
12. Bid: 60 Goods: [33, 72, 91]
13. Bid: 67 Goods: [1, 32, 55, 93]
14. Bid: 69 Goods: [36, 40, 94]
15. Bid: 80 Goods: [29, 68, 96]
16. Bid: 108 Goods: [17, 71, 74, 102]
17. Bid: 111 Goods: [44, 61, 103]
18. Bid: 116 Goods: [48, 52, 104]
19. Bid: 123 Goods: [14, 25, 57, 105]
20. Bid: 131 Goods: [7, 58, 107]
21. Bid: 136 Goods: [24, 66, 108]
22. Bid: 145 Goods: [20]
23. Bid: 146 Goods: [2, 54, 111]
24. Bid: 150 Goods: [3]
25. Bid: 151 Goods: [70, 69, 112]
26. Bid: 159 Goods: [39]
27. Bid: 162 Goods: [21, 73, 63, 113]
28. Bid: 183 Goods: [43, 27]
29. Bid: 186 Goods: [0, 9, 46, 13, 45, 118]
30. Bid: 199 Goods: [8]
Objective value: 23.402409
Solving time: 0.00803
