------------------------------------------
---------------- Solution ----------------
------------------------------------------
0. Bid: 0 Goods: [21, 24, 45, 76]
1. Bid: 3 Goods: [67, 77]
2. Bid: 14 Goods: [28, 61, 109]
3. Bid: 20 Goods: [48]
4. Bid: 24 Goods: [8]
5. Bid: 25 Goods: [36]
6. Bid: 26 Goods: [17, 22, 64, 81]
7. Bid: 31 Goods: [3, 35]
8. Bid: 42 Goods: [10, 44, 84]
9. Bid: 52 Goods: [5, 20, 50, 86]
10. Bid: 55 Goods: [56]
11. Bid: 57 Goods: [7, 73, 87]
12. Bid: 60 Goods: [0, 63, 88]
13. Bid: 68 Goods: [39, 90]
14. Bid: 73 Goods: [57]
15. Bid: 87 Goods: [60]
16. Bid: 90 Goods: [33, 65, 95]
17. Bid: 94 Goods: [1, 16, 42, 97]
18. Bid: 102 Goods: [25, 68, 99]
19. Bid: 108 Goods: [75, 101]
20. Bid: 113 Goods: [66]
21. Bid: 116 Goods: [9, 102]
22. Bid: 120 Goods: [27, 51, 103]
23. Bid: 124 Goods: [38, 47, 104]
24. Bid: 131 Goods: [4, 49]
25. Bid: 132 Goods: [19, 69, 105]
26. Bid: 135 Goods: [26, 43, 106]
27. Bid: 143 Goods: [12, 29, 52, 108]
28. Bid: 160 Goods: [72, 74, 113]
29. Bid: 163 Goods: [55, 30, 14, 114]
30. Bid: 168 Goods: [15, 62]
31. Bid: 169 Goods: [59]
32. Bid: 181 Goods: [53, 23, 118]
33. Bid: 189 Goods: [34, 120]
Objective value: 23.4659717
Solving time: 0.00647
