------------------------------------------
---------------- Solution ----------------
------------------------------------------
0. Bid: 0 Goods: [72]
1. Bid: 7 Goods: [8, 16, 17, 24, 25, 26, 27, 77]
2. Bid: 19 Goods: [2, 3]
3. Bid: 58 Goods: [4, 5, 11, 12, 18, 19, 20, 28, 34, 35, 85]
4. Bid: 75 Goods: [1, 9, 10, 74, 88]
5. Bid: 77 Goods: [32, 33, 89]
6. Bid: 83 Goods: [70]
7. Bid: 102 Goods: [48, 56]
8. Bid: 106 Goods: [37, 44, 45, 52, 53, 94]
9. Bid: 109 Goods: [73]
10. Bid: 113 Goods: [23, 31, 38, 39, 46, 47, 95]
11. Bid: 121 Goods: [61, 62, 63, 98]
12. Bid: 140 Goods: [7]
13. Bid: 153 Goods: [55]
14. Bid: 160 Goods: [51, 58, 59, 105]
15. Bid: 167 Goods: [42, 43, 49, 50, 57, 60, 106]
16. Bid: 172 Goods: [13, 14, 15, 21, 22, 29, 30, 107]
Objective value: 4256.0125000000035
Solving time: 0.04379
