------------------------------------------
---------------- Solution ----------------
------------------------------------------
0. Bid: 1 Goods: [39, 46, 47, 76]
1. Bid: 15 Goods: [67]
2. Bid: 23 Goods: [52, 58, 59, 60, 80]
3. Bid: 36 Goods: [0, 1, 2, 3, 8, 9, 10, 11, 19, 20, 82]
4. Bid: 94 Goods: [27, 28, 29, 92]
5. Bid: 111 Goods: [4, 5, 6, 12, 13, 14, 15, 21, 95]
6. Bid: 116 Goods: [71]
7. Bid: 141 Goods: [24]
8. Bid: 143 Goods: [34, 35, 36, 42, 43, 44, 51, 74, 100]
9. Bid: 152 Goods: [54, 55, 61, 62, 63, 102]
10. Bid: 160 Goods: [37, 45, 53, 105]
11. Bid: 163 Goods: [75]
12. Bid: 164 Goods: [68]
13. Bid: 165 Goods: [7]
14. Bid: 195 Goods: [22, 23, 30, 31, 38, 110]
15. Bid: 200 Goods: [17, 25, 33, 40, 41, 48, 49, 50, 56, 57, 111]
Objective value: 4693.7033
Solving time: 0.03032
