Instance: arbitrary-100-200-320000
----------------------------
Query: 7
Query element:99
Query scope: 1
Query scope: 5
Query scope: 6
Query scope: 8
Query scope: 9
Query scope: 10
Query scope: 16
Query scope: 31
Query scope: 32
Query scope: 33
Query scope: 34
Query scope: 36
Query scope: 73
Query scope: 80
Query scope: 85
Query scope: 110
Query scope: 124
Query scope: 125
Query scope: 136
Query scope: 143
Query scope: 144
Query scope: 145
Query scope: 146
Query scope: 156
Query scope: 158
Query scope: 159
Query scope: 180
Query scope: 181
Query scope: 186
Query scope: 187
Query scope: 188
Query scope: 189
Query scope: 190
Query scope: 191
Query scope: 198
Query scope: 199
Query scope: 200
Query scope: 201
Query scope: 203
