Instance: arbitrary-100-200-380000
----------------------------
Query: 7
Query element:35
Query scope: 9
Query scope: 13
Query scope: 16
Query scope: 18
Query scope: 25
Query scope: 34
Query scope: 35
Query scope: 36
Query scope: 37
Query scope: 38
Query scope: 39
Query scope: 46
Query scope: 48
Query scope: 49
Query scope: 50
Query scope: 51
Query scope: 56
Query scope: 64
Query scope: 69
Query scope: 89
Query scope: 95
Query scope: 103
Query scope: 104
Query scope: 105
Query scope: 106
Query scope: 107
Query scope: 112
Query scope: 113
Query scope: 114
Query scope: 115
Query scope: 128
Query scope: 130
Query scope: 146
Query scope: 155
Query scope: 157
Query scope: 158
Query scope: 170
Query scope: 174
Query scope: 175
