Instance: arbitrary-100-200-40000
----------------------------
Query: 9
Query element:65
Query element:20
Query scope: 18
Query scope: 19
Query scope: 20
Query scope: 21
Query scope: 34
Query scope: 57
Query scope: 62
Query scope: 90
Query scope: 96
Query scope: 100
Query scope: 102
Query scope: 105
Query scope: 107
Query scope: 116
Query scope: 133
Query scope: 136
Query scope: 138
Query scope: 144
Query scope: 145
Query scope: 162
Query scope: 164
Query scope: 165
Query scope: 169
Query scope: 184
Query scope: 186
Query scope: 194
Query scope: 197
Query scope: 9
Query scope: 16
Query scope: 25
Query scope: 88
Query scope: 92
Query scope: 95
Query scope: 97
Query scope: 137
Query scope: 147
Query scope: 149
Query scope: 155
Query scope: 188
