Instance: regions-100-200-890000
----------------------------
Query: 9
Query element:73
Query element:95
Query scope: 1
Query scope: 2
Query scope: 5
Query scope: 14
Query scope: 17
Query scope: 29
Query scope: 59
Query scope: 61
Query scope: 62
Query scope: 72
Query scope: 89
Query scope: 92
Query scope: 94
Query scope: 97
Query scope: 98
Query scope: 130
Query scope: 131
Query scope: 135
Query scope: 141
Query scope: 174
Query scope: 177
Query scope: 197
Query scope: 0
Query scope: 79
Query scope: 111
Query scope: 124
Query scope: 125
Query scope: 128
Query scope: 129
Query scope: 178
Query scope: 194
Query scope: 196
