Instance: regions-100-200-920000
----------------------------
Query: 10
Query element:52
Query element:53
Query scope: 7
Query scope: 8
Query scope: 9
Query scope: 10
Query scope: 11
Query scope: 18
Query scope: 37
Query scope: 53
Query scope: 57
Query scope: 61
Query scope: 62
Query scope: 64
Query scope: 65
Query scope: 66
Query scope: 98
Query scope: 99
Query scope: 100
Query scope: 101
Query scope: 112
Query scope: 147
Query scope: 148
Query scope: 150
Query scope: 168
Query scope: 170
Query scope: 171
Query scope: 186
Query scope: 187
Query scope: 189
Query scope: 190
