Instance: scheduling-100-200-60000
----------------------------
Query: 9
Query element:102
Query element:18
Query scope: 188
Query scope: 189
Query scope: 190
Query scope: 191
Query scope: 192
Query scope: 193
Query scope: 194
Query scope: 195
Query scope: 196
Query scope: 197
Query scope: 198
Query scope: 199
Query scope: 200
Query scope: 201
Query scope: 202
Query scope: 203
Query scope: 204
Query scope: 205
Query scope: 206
Query scope: 207
Query scope: 208
Query scope: 209
Query scope: 210
Query scope: 211
Query scope: 212
Query scope: 213
Query scope: 214
Query scope: 215
Query scope: 216
Query scope: 217
Query scope: 218
Query scope: 219
Query scope: 220
Query scope: 221
Query scope: 222
Query scope: 223
Query scope: 224
Query scope: 225
Query scope: 226
Query scope: 227
Query scope: 228
Query scope: 229
Query scope: 230
Query scope: 231
Query scope: 232
Query scope: 233
Query scope: 234
Query scope: 235
Query scope: 236
Query scope: 237
Query scope: 238
Query scope: 239
Query scope: 240
Query scope: 241
Query scope: 242
Query scope: 243
Query scope: 244
Query scope: 245
Query scope: 246
Query scope: 247
Query scope: 248
Query scope: 249
Query scope: 250
Query scope: 251
Query scope: 252
Query scope: 253
Query scope: 254
Query scope: 255
Query scope: 256
Query scope: 257
Query scope: 258
Query scope: 259
Query scope: 260
Query scope: 261
Query scope: 262
Query scope: 263
Query scope: 264
Query scope: 265
Query scope: 266
Query scope: 267
Query scope: 268
Query scope: 269
Query scope: 270
Query scope: 271
Query scope: 272
Query scope: 273
Query scope: 274
Query scope: 275
Query scope: 276
Query scope: 277
Query scope: 278
Query scope: 279
Query scope: 280
Query scope: 281
Query scope: 282
Query scope: 283
Query scope: 13
Query scope: 14
Query scope: 15
Query scope: 16
Query scope: 17
Query scope: 18
Query scope: 106
Query scope: 107
Query scope: 108
Query scope: 109
Query scope: 110
Query scope: 111
Query scope: 112
Query scope: 113
