IIS generation
Instance: regions-32-100-380000
----------------------------
Query: 9
Query element:29
Query element:20
Query scope: 39
Query scope: 47
Query scope: 61
Query scope: 71
Query scope: 6
Query scope: 8
Query scope: 10
Query scope: 11
Query scope: 12
Query scope: 13
Query scope: 14
Query scope: 15
Query scope: 16
Query scope: 19
Query scope: 20
Query scope: 22
Query scope: 23
Query scope: 24
Query scope: 25
Query scope: 27
Query scope: 34
Query scope: 35
Query scope: 42
Query scope: 43
Query scope: 44
Query scope: 48
Query scope: 49
Query scope: 50
Query scope: 51
Query scope: 52
Query scope: 53
Query scope: 54
Query scope: 72
Query scope: 73
Query scope: 74
Query scope: 75
Query scope: 76
Query scope: 80
Query scope: 83
Query scope: 86
Query scope: 87
----------------------------
IIS optimality: suboptimal
IIS solution time: 0.20449
IIS Constraint: 0; goods; {good:0}
IIS Constraint: 1; goods; {good:1}
IIS Constraint: 3; goods; {good:3}
IIS Constraint: 8; goods; {good:8}
IIS Constraint: 10; goods; {good:10}
IIS Constraint: 11; goods; {good:11}
IIS Constraint: 12; goods; {good:12}
IIS Constraint: 13; goods; {good:13}
IIS Constraint: 15; goods; {good:15}
IIS Constraint: 16; goods; {good:16}
IIS Constraint: 17; goods; {good:17}
IIS Constraint: 18; goods; {good:18}
IIS Constraint: 22; goods; {good:22}
IIS Constraint: 46; goods; {good:46}
IIS Constraint: 50; query; {good:29,query:9}
IIS Constraint: 52; max; {f:1660.4814000000001,objective:max}
