IIS generation
Instance: arbitrary-32-100-280000
----------------------------
Query: 7
Query element:2
Query scope: 10
Query scope: 12
Query scope: 13
Query scope: 14
Query scope: 16
Query scope: 17
Query scope: 18
Query scope: 27
Query scope: 31
Query scope: 42
Query scope: 46
Query scope: 49
Query scope: 51
Query scope: 54
Query scope: 55
Query scope: 57
Query scope: 62
Query scope: 63
Query scope: 69
Query scope: 71
Query scope: 72
Query scope: 73
Query scope: 74
Query scope: 75
Query scope: 76
Query scope: 77
Query scope: 78
Query scope: 82
Query scope: 83
Query scope: 85
Query scope: 87
Query scope: 88
Query scope: 101
Query scope: 103
----------------------------
IIS optimality: suboptimal
IIS solution time: 0.20297
IIS Constraint: 1; goods; {good:1}
IIS Constraint: 3; goods; {good:3}
IIS Constraint: 4; goods; {good:4}
IIS Constraint: 5; goods; {good:5}
IIS Constraint: 7; goods; {good:7}
IIS Constraint: 8; goods; {good:8}
IIS Constraint: 9; goods; {good:9}
IIS Constraint: 10; goods; {good:10}
IIS Constraint: 11; goods; {good:11}
IIS Constraint: 13; goods; {good:13}
IIS Constraint: 14; goods; {good:14}
IIS Constraint: 15; goods; {good:15}
IIS Constraint: 17; goods; {good:17}
IIS Constraint: 18; goods; {good:18}
IIS Constraint: 19; goods; {good:19}
IIS Constraint: 22; goods; {good:22}
IIS Constraint: 50; query; {good:2,query:7}
IIS Constraint: 51; max; {f:2071.7983000000004,objective:max}
