IIS generation
Instance: arbitrary-32-100-600000
----------------------------
Query: 3
Query element:42
Query element:82
Query scope: 42
Query scope: 82
----------------------------
IIS optimality: suboptimal
IIS solution time: 0.06244
IIS Constraint: 1; goods; {good:1}
IIS Constraint: 2; goods; {good:2}
IIS Constraint: 3; goods; {good:3}
IIS Constraint: 4; goods; {good:4}
IIS Constraint: 6; goods; {good:6}
IIS Constraint: 7; goods; {good:7}
IIS Constraint: 9; goods; {good:9}
IIS Constraint: 11; goods; {good:11}
IIS Constraint: 12; goods; {good:12}
IIS Constraint: 13; goods; {good:13}
IIS Constraint: 14; goods; {good:14}
IIS Constraint: 16; goods; {good:16}
IIS Constraint: 18; goods; {good:18}
IIS Constraint: 23; goods; {good:23}
IIS Constraint: 51; query; {bid:82,query:3}
IIS Constraint: 52; max; {f:1951.4099999999999,objective:max}
