IIS generation
Instance: matching-32-100-920000
----------------------------
Query: 2
Query element:83
Query scope: 83
----------------------------
IIS optimality: suboptimal
IIS solution time: 0.04067
IIS Constraint: 0; goods; {good:0}
IIS Constraint: 1; goods; {good:1}
IIS Constraint: 4; goods; {good:4}
IIS Constraint: 5; goods; {good:5}
IIS Constraint: 9; goods; {good:9}
IIS Constraint: 13; goods; {good:13}
IIS Constraint: 17; goods; {good:17}
IIS Constraint: 21; goods; {good:21}
IIS Constraint: 25; goods; {good:25}
IIS Constraint: 28; goods; {good:28}
IIS Constraint: 52; query; {bid:83,query:2}
IIS Constraint: 53; max; {f:54.43328,objective:max}
