IIS generation
Instance: matching-32-100-890000
----------------------------
Query: 7
Query element:21
Query scope: 2
Query scope: 3
Query scope: 14
Query scope: 17
Query scope: 19
Query scope: 20
Query scope: 22
Query scope: 25
Query scope: 49
Query scope: 61
Query scope: 64
Query scope: 66
Query scope: 67
Query scope: 90
Query scope: 92
Query scope: 95
----------------------------
IIS optimality: suboptimal
IIS solution time: 0.03891
IIS Constraint: 0; goods; {good:0}
IIS Constraint: 1; goods; {good:1}
IIS Constraint: 5; goods; {good:5}
IIS Constraint: 9; goods; {good:9}
IIS Constraint: 13; goods; {good:13}
IIS Constraint: 17; goods; {good:17}
IIS Constraint: 25; goods; {good:25}
IIS Constraint: 28; goods; {good:28}
IIS Constraint: 29; goods; {good:29}
IIS Constraint: 58; query; {good:21,query:7}
IIS Constraint: 59; max; {f:82.22091,objective:max}
