IIS generation
Instance: matching-32-100-330000
----------------------------
Query: 8
Query element:23
Query scope: 37
Query scope: 40
Query scope: 93
----------------------------
IIS optimality: suboptimal
IIS solution time: 0.03976
IIS Constraint: 0; goods; {good:0}
IIS Constraint: 1; goods; {good:1}
IIS Constraint: 2; goods; {good:2}
IIS Constraint: 5; goods; {good:5}
IIS Constraint: 9; goods; {good:9}
IIS Constraint: 13; goods; {good:13}
IIS Constraint: 14; goods; {good:14}
IIS Constraint: 17; goods; {good:17}
IIS Constraint: 21; goods; {good:21}
IIS Constraint: 25; goods; {good:25}
IIS Constraint: 28; goods; {good:28}
IIS Constraint: 29; goods; {good:29}
IIS Constraint: 30; goods; {good:30}
IIS Constraint: 59; query; {good:23,query:8}
IIS Constraint: 60; max; {f:47.543620000000004,objective:max}
