IIS generation
Instance: matching-32-100-790000
----------------------------
Query: 2
Query element:101
Query scope: 101
----------------------------
IIS optimality: suboptimal
IIS solution time: 0.03572
IIS Constraint: 1; goods; {good:1}
IIS Constraint: 5; goods; {good:5}
IIS Constraint: 9; goods; {good:9}
IIS Constraint: 13; goods; {good:13}
IIS Constraint: 17; goods; {good:17}
IIS Constraint: 21; goods; {good:21}
IIS Constraint: 25; goods; {good:25}
IIS Constraint: 28; goods; {good:28}
IIS Constraint: 29; goods; {good:29}
IIS Constraint: 54; query; {bid:101,query:2}
IIS Constraint: 55; max; {f:76.50487000000001,objective:max}
