IIS generation
Instance: arbitrary-32-100-930000
----------------------------
Query: 7
Query element:9
Query scope: 14
Query scope: 19
Query scope: 20
Query scope: 21
Query scope: 24
Query scope: 30
Query scope: 32
Query scope: 33
Query scope: 34
Query scope: 35
Query scope: 36
Query scope: 37
Query scope: 45
Query scope: 46
Query scope: 49
Query scope: 50
Query scope: 57
Query scope: 58
Query scope: 63
Query scope: 67
Query scope: 68
Query scope: 70
Query scope: 72
Query scope: 74
Query scope: 75
Query scope: 76
Query scope: 78
Query scope: 79
Query scope: 80
Query scope: 81
Query scope: 82
Query scope: 83
Query scope: 84
Query scope: 99
----------------------------
IIS optimality: suboptimal
IIS solution time: 0.51342
IIS Constraint: 0; goods; {good:0}
IIS Constraint: 1; goods; {good:1}
IIS Constraint: 2; goods; {good:2}
IIS Constraint: 3; goods; {good:3}
IIS Constraint: 4; goods; {good:4}
IIS Constraint: 6; goods; {good:6}
IIS Constraint: 7; goods; {good:7}
IIS Constraint: 8; goods; {good:8}
IIS Constraint: 10; goods; {good:10}
IIS Constraint: 11; goods; {good:11}
IIS Constraint: 12; goods; {good:12}
IIS Constraint: 13; goods; {good:13}
IIS Constraint: 14; goods; {good:14}
IIS Constraint: 15; goods; {good:15}
IIS Constraint: 16; goods; {good:16}
IIS Constraint: 17; goods; {good:17}
IIS Constraint: 18; goods; {good:18}
IIS Constraint: 19; goods; {good:19}
IIS Constraint: 21; goods; {good:21}
IIS Constraint: 24; goods; {good:24}
IIS Constraint: 26; goods; {good:26}
IIS Constraint: 28; goods; {good:28}
IIS Constraint: 30; goods; {good:30}
IIS Constraint: 31; goods; {good:31}
IIS Constraint: 51; query; {good:9,query:7}
IIS Constraint: 52; max; {f:2157.654300000002,objective:max}
