IIS generation
Instance: matching-32-100-140000
----------------------------
Query: 8
Query element:26
Query scope: 83
Query scope: 86
Query scope: 88
Query scope: 89
----------------------------
IIS optimality: suboptimal
IIS solution time: 3.99307
IIS Constraint: 0; goods; {good:0}
IIS Constraint: 1; goods; {good:1}
IIS Constraint: 5; goods; {good:5}
IIS Constraint: 9; goods; {good:9}
IIS Constraint: 13; goods; {good:13}
IIS Constraint: 17; goods; {good:17}
IIS Constraint: 21; goods; {good:21}
IIS Constraint: 25; goods; {good:25}
IIS Constraint: 28; goods; {good:28}
IIS Constraint: 29; goods; {good:29}
IIS Constraint: 31; goods; {good:31}
IIS Constraint: 42; goods; {good:42}
IIS Constraint: 43; goods; {good:43}
IIS Constraint: 44; goods; {good:44}
IIS Constraint: 45; goods; {good:45}
IIS Constraint: 54; goods; {good:54}
IIS Constraint: 55; query; {good:26,query:8}
IIS Constraint: 56; max; {f:64.46939,objective:max}
