IIS generation
Instance: scheduling-32-100-530000
----------------------------
Query: 3
Query element:69
Query element:15
Query scope: 69
Query scope: 15
----------------------------
IIS optimality: suboptimal
IIS solution time: 0.03970
IIS Constraint: 0; goods; {good:0}
IIS Constraint: 2; goods; {good:2}
IIS Constraint: 4; goods; {good:4}
IIS Constraint: 5; goods; {good:5}
IIS Constraint: 10; goods; {good:10}
IIS Constraint: 15; goods; {good:15}
IIS Constraint: 20; goods; {good:20}
IIS Constraint: 22; goods; {good:22}
IIS Constraint: 27; goods; {good:27}
IIS Constraint: 39; query; {bid:15,query:3}
IIS Constraint: 40; max; {f:58.83248,objective:max}
