IIS generation
Instance: regions-32-100-770000
----------------------------
Query: 3
Query element:24
Query element:6
Query scope: 24
Query scope: 6
----------------------------
IIS optimality: suboptimal
IIS solution time: 0.05675
IIS Constraint: 1; goods; {good:1}
IIS Constraint: 2; goods; {good:2}
IIS Constraint: 3; goods; {good:3}
IIS Constraint: 7; goods; {good:7}
IIS Constraint: 10; goods; {good:10}
IIS Constraint: 11; goods; {good:11}
IIS Constraint: 12; goods; {good:12}
IIS Constraint: 13; goods; {good:13}
IIS Constraint: 18; goods; {good:18}
IIS Constraint: 27; goods; {good:27}
IIS Constraint: 51; query; {bid:6,query:3}
IIS Constraint: 52; max; {f:1755.9125000000001,objective:max}
