IIS generation
Instance: matching-32-100-290000
----------------------------
Query: 7
Query element:52
Query scope: 52
Query scope: 53
Query scope: 54
Query scope: 55
Query scope: 56
Query scope: 57
Query scope: 58
Query scope: 59
Query scope: 60
Query scope: 61
----------------------------
IIS optimality: suboptimal
IIS solution time: 2.81923
IIS Constraint: 0; goods; {good:0}
IIS Constraint: 1; goods; {good:1}
IIS Constraint: 5; goods; {good:5}
IIS Constraint: 9; goods; {good:9}
IIS Constraint: 13; goods; {good:13}
IIS Constraint: 17; goods; {good:17}
IIS Constraint: 21; goods; {good:21}
IIS Constraint: 25; goods; {good:25}
IIS Constraint: 28; goods; {good:28}
IIS Constraint: 29; goods; {good:29}
IIS Constraint: 41; goods; {good:41}
IIS Constraint: 42; goods; {good:42}
IIS Constraint: 45; goods; {good:45}
IIS Constraint: 60; query; {good:52,query:7}
IIS Constraint: 61; max; {f:46.17293000000001,objective:max}
