IIS generation
Instance: paths-32-100-190000
----------------------------
Query: 2
Query element:1
Query scope: 1
----------------------------
IIS optimality: suboptimal
IIS solution time: 3.77321
IIS Constraint: 0; goods; {good:0}
IIS Constraint: 1; goods; {good:1}
IIS Constraint: 4; goods; {good:4}
IIS Constraint: 5; goods; {good:5}
IIS Constraint: 7; goods; {good:7}
IIS Constraint: 8; goods; {good:8}
IIS Constraint: 12; goods; {good:12}
IIS Constraint: 14; goods; {good:14}
IIS Constraint: 16; goods; {good:16}
IIS Constraint: 20; goods; {good:20}
IIS Constraint: 23; goods; {good:23}
IIS Constraint: 31; goods; {good:31}
IIS Constraint: 32; goods; {good:32}
IIS Constraint: 35; goods; {good:35}
IIS Constraint: 39; goods; {good:39}
IIS Constraint: 40; goods; {good:40}
IIS Constraint: 46; goods; {good:46}
IIS Constraint: 54; goods; {good:54}
IIS Constraint: 58; query; {bid:1,query:2}
IIS Constraint: 59; max; {f:11.387023000000001,objective:max}
