IIS generation
Instance: matching-32-100-930000
----------------------------
Query: 1
Query element:91
Query scope: 91
----------------------------
IIS optimality: suboptimal
IIS solution time: 1.60663
IIS Constraint: 0; goods; {good:0}
IIS Constraint: 1; goods; {good:1}
IIS Constraint: 2; goods; {good:2}
IIS Constraint: 5; goods; {good:5}
IIS Constraint: 9; goods; {good:9}
IIS Constraint: 13; goods; {good:13}
IIS Constraint: 17; goods; {good:17}
IIS Constraint: 18; goods; {good:18}
IIS Constraint: 21; goods; {good:21}
IIS Constraint: 25; goods; {good:25}
IIS Constraint: 28; goods; {good:28}
IIS Constraint: 29; goods; {good:29}
IIS Constraint: 45; goods; {good:45}
IIS Constraint: 52; goods; {good:52}
IIS Constraint: 60; query; {bid:91,query:1}
IIS Constraint: 61; max; {f:58.7458,objective:max}
