IIS generation
Instance: matching-32-100-370000
----------------------------
Query: 8
Query element:22
Query scope: 1
Query scope: 4
Query scope: 55
Query scope: 60
Query scope: 63
Query scope: 90
Query scope: 93
Query scope: 95
----------------------------
IIS optimality: suboptimal
IIS solution time: 1.03356
IIS Constraint: 0; goods; {good:0}
IIS Constraint: 1; goods; {good:1}
IIS Constraint: 5; goods; {good:5}
IIS Constraint: 9; goods; {good:9}
IIS Constraint: 13; goods; {good:13}
IIS Constraint: 17; goods; {good:17}
IIS Constraint: 21; goods; {good:21}
IIS Constraint: 25; goods; {good:25}
IIS Constraint: 28; goods; {good:28}
IIS Constraint: 29; goods; {good:29}
IIS Constraint: 42; goods; {good:42}
IIS Constraint: 45; goods; {good:45}
IIS Constraint: 52; goods; {good:52}
IIS Constraint: 61; query; {good:22,query:8}
IIS Constraint: 62; max; {f:72.791,objective:max}
