IIS generation
Instance: arbitrary-32-100-160000
----------------------------
Query: 1
Query element:69
Query scope: 69
----------------------------
IIS optimality: suboptimal
IIS solution time: 0.32739
IIS Constraint: 0; goods; {good:0}
IIS Constraint: 1; goods; {good:1}
IIS Constraint: 2; goods; {good:2}
IIS Constraint: 3; goods; {good:3}
IIS Constraint: 4; goods; {good:4}
IIS Constraint: 5; goods; {good:5}
IIS Constraint: 6; goods; {good:6}
IIS Constraint: 7; goods; {good:7}
IIS Constraint: 8; goods; {good:8}
IIS Constraint: 9; goods; {good:9}
IIS Constraint: 12; goods; {good:12}
IIS Constraint: 15; goods; {good:15}
IIS Constraint: 16; goods; {good:16}
IIS Constraint: 18; goods; {good:18}
IIS Constraint: 19; goods; {good:19}
IIS Constraint: 20; goods; {good:20}
IIS Constraint: 23; goods; {good:23}
IIS Constraint: 24; goods; {good:24}
IIS Constraint: 25; goods; {good:25}
IIS Constraint: 26; goods; {good:26}
IIS Constraint: 28; goods; {good:28}
IIS Constraint: 30; goods; {good:30}
IIS Constraint: 31; goods; {good:31}
IIS Constraint: 48; goods; {good:48}
IIS Constraint: 51; query; {bid:69,query:1}
IIS Constraint: 52; max; {f:1810.0009999999986,objective:max}
