IIS generation
Instance: regions-32-100-660000
----------------------------
Query: 9
Query element:23
Query element:25
Query scope: 19
Query scope: 20
Query scope: 22
Query scope: 23
Query scope: 24
Query scope: 25
Query scope: 26
Query scope: 27
Query scope: 28
Query scope: 29
Query scope: 30
Query scope: 31
Query scope: 32
Query scope: 33
Query scope: 34
Query scope: 44
Query scope: 45
Query scope: 46
Query scope: 47
Query scope: 48
Query scope: 49
Query scope: 60
Query scope: 61
Query scope: 62
Query scope: 63
Query scope: 64
Query scope: 65
Query scope: 77
Query scope: 78
Query scope: 79
Query scope: 80
Query scope: 81
Query scope: 82
Query scope: 88
Query scope: 89
Query scope: 93
Query scope: 96
Query scope: 98
Query scope: 99
Query scope: 100
Query scope: 101
Query scope: 102
Query scope: 103
Query scope: 41
----------------------------
IIS optimality: suboptimal
IIS solution time: 0.07227
IIS Constraint: 1; goods; {good:1}
IIS Constraint: 4; goods; {good:4}
IIS Constraint: 5; goods; {good:5}
IIS Constraint: 6; goods; {good:6}
IIS Constraint: 8; goods; {good:8}
IIS Constraint: 10; goods; {good:10}
IIS Constraint: 11; goods; {good:11}
IIS Constraint: 13; goods; {good:13}
IIS Constraint: 19; goods; {good:19}
IIS Constraint: 21; goods; {good:21}
IIS Constraint: 53; query; {good:25,query:9}
IIS Constraint: 54; max; {f:1599.4432000000002,objective:max}
