IIS generation
Instance: regions-32-100-240000
----------------------------
Query: 10
Query element:14
Query element:36
Query scope: 31
----------------------------
IIS optimality: suboptimal
IIS solution time: 0.23510
IIS Constraint: 0; goods; {good:0}
IIS Constraint: 2; goods; {good:2}
IIS Constraint: 3; goods; {good:3}
IIS Constraint: 6; goods; {good:6}
IIS Constraint: 7; goods; {good:7}
IIS Constraint: 10; goods; {good:10}
IIS Constraint: 11; goods; {good:11}
IIS Constraint: 15; goods; {good:15}
IIS Constraint: 16; goods; {good:16}
IIS Constraint: 17; goods; {good:17}
IIS Constraint: 24; goods; {good:24}
IIS Constraint: 30; goods; {good:30}
IIS Constraint: 49; query; {goods:[14,36],query:10}
IIS Constraint: 50; max; {f:1639.4539,objective:max}
