IIS generation
Instance: scheduling-32-100-820000
----------------------------
Query: 9
Query element:0
Query element:23
Query scope: 0
Query scope: 24
Query scope: 44
Query scope: 61
Query scope: 84
Query scope: 20
Query scope: 21
Query scope: 22
Query scope: 23
Query scope: 42
Query scope: 43
Query scope: 75
Query scope: 76
Query scope: 77
Query scope: 78
Query scope: 79
Query scope: 80
Query scope: 81
Query scope: 82
Query scope: 83
----------------------------
IIS optimality: suboptimal
IIS solution time: 0.17208
IIS Constraint: 3; goods; {good:3}
IIS Constraint: 6; goods; {good:6}
IIS Constraint: 10; goods; {good:10}
IIS Constraint: 13; goods; {good:13}
IIS Constraint: 16; goods; {good:16}
IIS Constraint: 19; goods; {good:19}
IIS Constraint: 32; goods; {good:32}
IIS Constraint: 35; goods; {good:35}
IIS Constraint: 36; goods; {good:36}
IIS Constraint: 37; query; {good:0,query:9}
IIS Constraint: 39; max; {f:30.93043,objective:max}
