IIS generation
Instance: arbitrary-32-100-210000
----------------------------
Query: 3
Query element:1
Query element:20
Query scope: 1
Query scope: 20
----------------------------
IIS optimality: suboptimal
IIS solution time: 0.42771
IIS Constraint: 0; goods; {good:0}
IIS Constraint: 1; goods; {good:1}
IIS Constraint: 3; goods; {good:3}
IIS Constraint: 4; goods; {good:4}
IIS Constraint: 5; goods; {good:5}
IIS Constraint: 6; goods; {good:6}
IIS Constraint: 7; goods; {good:7}
IIS Constraint: 8; goods; {good:8}
IIS Constraint: 9; goods; {good:9}
IIS Constraint: 10; goods; {good:10}
IIS Constraint: 11; goods; {good:11}
IIS Constraint: 13; goods; {good:13}
IIS Constraint: 14; goods; {good:14}
IIS Constraint: 16; goods; {good:16}
IIS Constraint: 17; goods; {good:17}
IIS Constraint: 18; goods; {good:18}
IIS Constraint: 20; goods; {good:20}
IIS Constraint: 22; goods; {good:22}
IIS Constraint: 24; goods; {good:24}
IIS Constraint: 25; goods; {good:25}
IIS Constraint: 26; goods; {good:26}
IIS Constraint: 27; goods; {good:27}
IIS Constraint: 28; goods; {good:28}
IIS Constraint: 31; goods; {good:31}
IIS Constraint: 50; query; {bid:1,query:3}
IIS Constraint: 52; max; {f:1794.4109999999998,objective:max}
