IIS generation
Instance: regions-32-100-520000
----------------------------
Query: 8
Query element:3
Query scope: 8
Query scope: 9
Query scope: 12
Query scope: 13
Query scope: 19
Query scope: 21
Query scope: 22
Query scope: 23
Query scope: 24
Query scope: 59
Query scope: 60
Query scope: 61
Query scope: 62
Query scope: 63
Query scope: 64
Query scope: 68
Query scope: 79
Query scope: 81
Query scope: 89
Query scope: 90
Query scope: 91
Query scope: 92
Query scope: 96
Query scope: 98
----------------------------
IIS optimality: suboptimal
IIS solution time: 0.19919
IIS Constraint: 0; goods; {good:0}
IIS Constraint: 1; goods; {good:1}
IIS Constraint: 2; goods; {good:2}
IIS Constraint: 6; goods; {good:6}
IIS Constraint: 10; goods; {good:10}
IIS Constraint: 11; goods; {good:11}
IIS Constraint: 12; goods; {good:12}
IIS Constraint: 13; goods; {good:13}
IIS Constraint: 15; goods; {good:15}
IIS Constraint: 16; goods; {good:16}
IIS Constraint: 17; goods; {good:17}
IIS Constraint: 19; goods; {good:19}
IIS Constraint: 27; goods; {good:27}
IIS Constraint: 50; query; {good:3,query:8}
IIS Constraint: 51; max; {f:1449.2334,objective:max}
