IIS generation
Instance: matching-32-100-900000
----------------------------
Query: 2
Query element:26
Query scope: 26
----------------------------
IIS optimality: suboptimal
IIS solution time: 0.04648
IIS Constraint: 0; goods; {good:0}
IIS Constraint: 1; goods; {good:1}
IIS Constraint: 3; goods; {good:3}
IIS Constraint: 5; goods; {good:5}
IIS Constraint: 9; goods; {good:9}
IIS Constraint: 11; goods; {good:11}
IIS Constraint: 13; goods; {good:13}
IIS Constraint: 17; goods; {good:17}
IIS Constraint: 21; goods; {good:21}
IIS Constraint: 25; goods; {good:25}
IIS Constraint: 28; goods; {good:28}
IIS Constraint: 29; goods; {good:29}
IIS Constraint: 58; query; {bid:26,query:2}
IIS Constraint: 59; max; {f:63.236070000000005,objective:max}
