IIS generation
Iter 1: 
Min Hitting Set: []
Min Correction Subset: [32]
Iter 2: 
Min Hitting Set: [32]
Min Correction Subset: [4, 5]
Iter 3: 
Min Hitting Set: [4, 32]
Min Correction Subset: [9, 31]
Iter 4: 
Min Hitting Set: [4, 9, 32]
Min Correction Subset: [14, 31]
Iter 5: 
Min Hitting Set: [4, 31, 32]
Min Correction Subset: [5, 6, 9]
Iter 6: 
Min Hitting Set: [5, 31, 32]
Min Correction Subset: [4, 14]
Iter 7: 
Min Hitting Set: [4, 9, 14, 32]
Min Correction Subset: [10, 31]
Iter 8: 
Min Hitting Set: [4, 5, 31, 32]
Min Correction Subset: [9, 14, 16]
Iter 9: 
Min Hitting Set: [4, 9, 31, 32]
Min Correction Subset: [5, 6, 24]
Iter 10: 
Min Hitting Set: [5, 14, 31, 32]
Min Correction Subset: [3, 7, 11, 16]
Iter 11: 
Min Hitting Set: [5, 14, 16, 31, 32]
Min Correction Subset: [3, 7, 11, 30]
Iter 12: 
Min Hitting Set: [3, 5, 14, 31, 32]
Min Correction Subset: [2, 6, 7, 11]
Optimal IIS
Instance: regions-20-50-690000
----------------------------
Query: 3
Query element:33
Query element:18
Query scope: 33
Query scope: 18
----------------------------
IIS optimality: suboptimal
IIS solution time: 1457.558
IIS Constraint: 5; goods; {good:5}
IIS Constraint: 11; goods; {good:11}
IIS Constraint: 14; goods; {good:14}
IIS Constraint: 31; query; {bid:18,query:3}
IIS Constraint: 32; max; {f:1201.783,objective:max}
