IIS generation
Iter 1: 
Min Hitting Set: []
Min Correction Subset: [26]
Iter 2: 
Min Hitting Set: [26]
Min Correction Subset: [24]
Iter 3: 
Min Hitting Set: [24, 26]
Min Correction Subset: [2]
Iter 4: 
Min Hitting Set: [2, 24, 26]
Min Correction Subset: [25]
Iter 5: 
Min Hitting Set: [2, 24, 25, 26]
Min Correction Subset: [7, 8]
Iter 6: 
Min Hitting Set: [2, 7, 24, 25, 26]
Min Correction Subset: [5, 20]
Iter 7: 
Min Hitting Set: [2, 5, 7, 24, 25, 26]
Min Correction Subset: [0, 20]
Iter 8: 
Min Hitting Set: [2, 7, 20, 24, 25, 26]
Min Correction Subset: [10, 11]
Iter 9: 
Min Hitting Set: [2, 7, 10, 20, 24, 25, 26]
Min Correction Subset: [5, 6]
Iter 10: 
Min Hitting Set: [2, 5, 7, 10, 20, 24, 25, 26]
Min Correction Subset: [12, 23]
Iter 11: 
Min Hitting Set: [2, 5, 7, 10, 12, 20, 24, 25, 26]
Min Correction Subset: [3, 9]
Iter 12: 
Min Hitting Set: [2, 3, 5, 7, 10, 12, 20, 24, 25, 26]
Min Correction Subset: [4, 9]
Iter 13: 
Min Hitting Set: [2, 5, 7, 9, 10, 12, 20, 24, 25, 26]
Min Correction Subset: [3, 4]
Iter 14: 
Min Hitting Set: [2, 3, 4, 5, 7, 10, 12, 20, 24, 25, 26]
Min Correction Subset: [8, 9]
Iter 15: 
Min Hitting Set: [2, 3, 4, 5, 8, 10, 12, 20, 24, 25, 26]
Min Correction Subset: [6, 7]
Iter 16: 
Min Hitting Set: [2, 3, 4, 6, 8, 10, 12, 20, 24, 25, 26]
Min Correction Subset: [7, 9]
Iter 17: 
Min Hitting Set: [2, 3, 6, 7, 9, 10, 12, 20, 24, 25, 26]
Min Correction Subset: [4, 23]
Iter 18: 
Min Hitting Set: [2, 3, 6, 7, 9, 10, 20, 23, 24, 25, 26]
Min Correction Subset: [4, 5]
Iter 19: 
Min Hitting Set: [2, 4, 6, 8, 9, 10, 20, 23, 24, 25, 26]
Min Correction Subset: [11, 12]
Iter 20: 
Min Hitting Set: [2, 4, 6, 8, 9, 11, 20, 23, 24, 25, 26]
Min Correction Subset: [14, 15]
Iter 21: 
Min Hitting Set: [2, 4, 6, 8, 9, 11, 14, 20, 23, 24, 25, 26]
Min Correction Subset: [12, 13]
Iter 22: 
Min Hitting Set: [2, 4, 6, 7, 9, 11, 12, 14, 20, 24, 25, 26]
Min Correction Subset: [3, 17]
Iter 23: 
Min Hitting Set: [2, 3, 4, 6, 7, 8, 11, 12, 14, 20, 24, 25, 26]
Min Correction Subset: [0, 17]
Iter 24: 
Min Hitting Set: [2, 4, 5, 7, 9, 11, 12, 14, 17, 20, 24, 25, 26]
Min Correction Subset: [15, 16]
Iter 25: 
Min Hitting Set: [2, 4, 5, 7, 9, 11, 12, 15, 17, 20, 24, 25, 26]
Min Correction Subset: [13, 14]
Iter 26: 
Min Hitting Set: [0, 2, 3, 5, 7, 9, 11, 13, 15, 23, 24, 25, 26]
Min Correction Subset: [6, 20]
Iter 27: 
Min Hitting Set: [0, 2, 3, 5, 6, 8, 9, 11, 13, 15, 23, 24, 25, 26]
Min Correction Subset: [4, 20]
Optimal IIS
Instance: scheduling-20-50-750000
----------------------------
Query: 1
Query element:0
Query scope: 0
----------------------------
IIS optimality: suboptimal
IIS solution time: 6207.341
IIS Constraint: 2; goods; {good:2}
IIS Constraint: 4; goods; {good:4}
IIS Constraint: 6; goods; {good:6}
IIS Constraint: 7; goods; {good:7}
IIS Constraint: 9; goods; {good:9}
IIS Constraint: 11; goods; {good:11}
IIS Constraint: 13; goods; {good:13}
IIS Constraint: 15; goods; {good:15}
IIS Constraint: 17; goods; {good:17}
IIS Constraint: 20; goods; {good:20}
IIS Constraint: 23; goods; {good:23}
IIS Constraint: 24; goods; {good:24}
IIS Constraint: 25; query; {bid:0,query:1}
IIS Constraint: 26; max; {f:16.82776,objective:max}
