IIS generation
Iter 1: 
Min Hitting Set: []
Min Correction Subset: [26]
Iter 2: 
Min Hitting Set: [26]
Min Correction Subset: [2, 25]
Iter 3: 
Min Hitting Set: [2, 26]
Min Correction Subset: [11, 25]
Iter 4: 
Min Hitting Set: [25, 26]
Min Correction Subset: [2, 3, 4, 22]
Iter 5: 
Min Hitting Set: [2, 11, 26]
Min Correction Subset: [24, 25]
Iter 6: 
Min Hitting Set: [2, 25, 26]
Min Correction Subset: [11, 12, 13, 21]
Iter 7: 
Min Hitting Set: [2, 11, 24, 26]
Min Correction Subset: [21, 25]
Iter 8: 
Min Hitting Set: [2, 11, 25, 26]
Min Correction Subset: [12, 13, 21, 24]
Iter 9: 
Min Hitting Set: [2, 21, 25, 26]
Min Correction Subset: [10, 11, 12, 13, 22]
Iter 10: 
Min Hitting Set: [2, 13, 25, 26]
Min Correction Subset: [4, 11, 12, 21]
Iter 11: 
Min Hitting Set: [2, 12, 25, 26]
Min Correction Subset: [3, 4, 11, 21]
Iter 12: 
Min Hitting Set: [4, 12, 25, 26]
Min Correction Subset: [1, 2, 3, 21, 22]
Iter 13: 
Min Hitting Set: [3, 12, 25, 26]
Min Correction Subset: [4, 11, 20, 21]
Iter 14: 
Min Hitting Set: [21, 22, 25, 26]
Min Correction Subset: [2, 3, 4, 5, 6, 7, 20]
Optimal IIS
Instance: scheduling-20-50-140000
----------------------------
Query: 3
Query element:12
Query element:35
Query scope: 12
Query scope: 35
----------------------------
IIS optimality: suboptimal
IIS solution time: 1266.501
IIS Constraint: 4; goods; {good:4}
IIS Constraint: 12; goods; {good:12}
IIS Constraint: 21; goods; {good:21}
IIS Constraint: 25; query; {bid:35,query:3}
IIS Constraint: 26; max; {f:28.187510000000003,objective:max}
