IIS generation
Iter 1: 
Min Hitting Set: []
Min Correction Subset: [27]
Iter 2: 
Min Hitting Set: [27]
Min Correction Subset: [26]
Iter 3: 
Min Hitting Set: [26, 27]
Min Correction Subset: [12, 13, 14, 22]
Iter 4: 
Min Hitting Set: [12, 26, 27]
Min Correction Subset: [5, 6, 22, 24]
Iter 5: 
Min Hitting Set: [22, 26, 27]
Min Correction Subset: [12, 13, 14, 24]
Iter 6: 
Min Hitting Set: [12, 22, 26, 27]
Min Correction Subset: [5, 6, 23, 24]
Iter 7: 
Min Hitting Set: [13, 24, 26, 27]
Min Correction Subset: [4, 5, 6, 22]
Iter 8: 
Min Hitting Set: [5, 12, 26, 27]
Min Correction Subset: [2, 3, 22, 24]
Iter 9: 
Min Hitting Set: [22, 24, 26, 27]
Min Correction Subset: [11, 12, 13, 14]
Iter 10: 
Min Hitting Set: [5, 12, 22, 26, 27]
Min Correction Subset: [6, 7, 8, 9, 10, 14, 24]
Iter 11: 
Min Hitting Set: [6, 14, 22, 26, 27]
Min Correction Subset: [12, 13, 23, 24]
Iter 12: 
Min Hitting Set: [6, 12, 24, 26, 27]
Min Correction Subset: [1, 2, 3, 22]
Iter 13: 
Min Hitting Set: [13, 22, 24, 26, 27]
Min Correction Subset: [2, 3, 4, 5, 6, 7]
Iter 14: 
Min Hitting Set: [2, 6, 13, 26, 27]
Min Correction Subset: [5, 10, 22, 24]
Iter 15: 
Min Hitting Set: [6, 12, 22, 26, 27]
Min Correction Subset: [1, 2, 3, 4, 5, 24]
Iter 16: 
Min Hitting Set: [3, 5, 6, 13, 26, 27]
Min Correction Subset: [11, 12, 22, 24]
Iter 17: 
Min Hitting Set: [2, 5, 6, 12, 26, 27]
Min Correction Subset: [8, 9, 10, 22, 24]
Iter 18: 
Min Hitting Set: [5, 14, 22, 24, 26, 27]
Min Correction Subset: [6, 7, 8, 9, 10, 11, 12]
Iter 19: 
Min Hitting Set: [6, 14, 22, 24, 26, 27]
Min Correction Subset: [7, 8, 9, 10, 11, 12, 13]
Optimal IIS
Instance: scheduling-20-50-460000
----------------------------
Query: 3
Query element:44
Query element:39
Query scope: 44
Query scope: 39
----------------------------
IIS optimality: suboptimal
IIS solution time: 1949.144
IIS Constraint: 6; goods; {good:6}
IIS Constraint: 12; goods; {good:12}
IIS Constraint: 22; goods; {good:22}
IIS Constraint: 24; goods; {good:24}
IIS Constraint: 26; query; {bid:39,query:3}
IIS Constraint: 27; max; {f:26.230048,objective:max}
