IIS generation
Iter 1: 
Min Hitting Set: []
Min Correction Subset: [21]
Iter 2: 
Min Hitting Set: [21]
Min Correction Subset: [25]
Iter 3: 
Min Hitting Set: [21, 25]
Min Correction Subset: [20]
Iter 4: 
Min Hitting Set: [20, 21, 25]
Min Correction Subset: [24]
Iter 5: 
Min Hitting Set: [20, 21, 24, 25]
Min Correction Subset: [23]
Iter 6: 
Min Hitting Set: [20, 21, 23, 24, 25]
Min Correction Subset: [14, 15, 16, 22]
Iter 7: 
Min Hitting Set: [14, 20, 21, 23, 24, 25]
Min Correction Subset: [3, 4, 7, 22]
Optimal IIS
Instance: scheduling-20-50-970000
----------------------------
Query: 8
Query element:19
Query scope: 26
Query scope: 42
----------------------------
IIS optimality: suboptimal
IIS solution time: 592.994
IIS Constraint: 20; goods; {good:20}
IIS Constraint: 21; goods; {good:21}
IIS Constraint: 22; goods; {good:22}
IIS Constraint: 23; goods; {good:23}
IIS Constraint: 24; query; {good:19,query:8}
IIS Constraint: 25; max; {f:30.188663,objective:max}
