IIS generation
Iter 1: 
Min Hitting Set: []
Min Correction Subset: [39]
Iter 2: 
Min Hitting Set: [39]
Min Correction Subset: [13]
Iter 3: 
Min Hitting Set: [13, 39]
Min Correction Subset: [5]
Iter 4: 
Min Hitting Set: [5, 13, 39]
Min Correction Subset: [1]
Iter 5: 
Min Hitting Set: [1, 5, 13, 39]
Min Correction Subset: [9]
Iter 6: 
Min Hitting Set: [1, 5, 9, 13, 39]
Min Correction Subset: [30]
Iter 7: 
Min Hitting Set: [1, 5, 9, 13, 30, 39]
Min Correction Subset: [17]
Iter 8: 
Min Hitting Set: [1, 5, 9, 13, 17, 30, 39]
Min Correction Subset: [0]
Iter 9: 
Min Hitting Set: [0, 1, 5, 9, 13, 17, 30, 39]
Min Correction Subset: [33]
Iter 10: 
Min Hitting Set: [0, 1, 5, 9, 13, 17, 30, 33, 39]
Min Correction Subset: [16]
Iter 11: 
Min Hitting Set: [0, 1, 5, 9, 13, 16, 17, 30, 33, 39]
Min Correction Subset: [38]
Optimal IIS
Instance: matching-20-50-370000
----------------------------
Query: 1
Query element:11
Query scope: 11
----------------------------
IIS optimality: suboptimal
IIS solution time: 41.308
IIS Constraint: 0; goods; {good:0}
IIS Constraint: 1; goods; {good:1}
IIS Constraint: 5; goods; {good:5}
IIS Constraint: 9; goods; {good:9}
IIS Constraint: 13; goods; {good:13}
IIS Constraint: 16; goods; {good:16}
IIS Constraint: 17; goods; {good:17}
IIS Constraint: 30; goods; {good:30}
IIS Constraint: 33; goods; {good:33}
IIS Constraint: 38; query; {bid:11,query:1}
IIS Constraint: 39; max; {f:46.61995,objective:max}
