IIS generation
Iter 1: 
Min Hitting Set: []
Min Correction Subset: [34]
Iter 2: 
Min Hitting Set: [34]
Min Correction Subset: [22]
Iter 3: 
Min Hitting Set: [22, 34]
Min Correction Subset: [9]
Iter 4: 
Min Hitting Set: [9, 22, 34]
Min Correction Subset: [33]
Iter 5: 
Min Hitting Set: [9, 22, 33, 34]
Min Correction Subset: [4, 16]
Iter 6: 
Min Hitting Set: [4, 9, 22, 33, 34]
Min Correction Subset: [1, 7]
Iter 7: 
Min Hitting Set: [1, 4, 9, 22, 33, 34]
Min Correction Subset: [7, 17]
Iter 8: 
Min Hitting Set: [4, 7, 9, 22, 33, 34]
Min Correction Subset: [5, 13]
Iter 9: 
Min Hitting Set: [4, 5, 7, 9, 22, 33, 34]
Min Correction Subset: [1, 23]
Iter 10: 
Min Hitting Set: [1, 4, 5, 7, 9, 22, 33, 34]
Min Correction Subset: [0, 10]
Iter 11: 
Min Hitting Set: [0, 1, 4, 5, 7, 9, 22, 33, 34]
Min Correction Subset: [3, 10]
Iter 12: 
Min Hitting Set: [1, 4, 5, 7, 9, 10, 22, 33, 34]
Min Correction Subset: [13, 16]
Iter 13: 
Min Hitting Set: [1, 7, 9, 10, 13, 16, 22, 33, 34]
Min Correction Subset: [5, 25]
Iter 14: 
Min Hitting Set: [1, 5, 7, 9, 10, 16, 22, 33, 34]
Min Correction Subset: [13, 17]
Iter 15: 
Min Hitting Set: [1, 5, 9, 10, 16, 17, 22, 33, 34]
Min Correction Subset: [4, 7]
Iter 16: 
Min Hitting Set: [1, 4, 5, 7, 9, 10, 13, 22, 33, 34]
Min Correction Subset: [12, 17]
Iter 17: 
Min Hitting Set: [1, 4, 5, 9, 10, 16, 17, 22, 33, 34]
Min Correction Subset: [2, 12]
Iter 18: 
Min Hitting Set: [1, 4, 5, 7, 9, 10, 12, 13, 22, 33, 34]
Min Correction Subset: [19, 23]
Iter 19: 
Min Hitting Set: [5, 7, 9, 10, 12, 13, 16, 22, 23, 33, 34]
Min Correction Subset: [4, 19]
Iter 20: 
Min Hitting Set: [4, 5, 7, 9, 10, 12, 13, 22, 23, 33, 34]
Min Correction Subset: [17, 29]
Iter 21: 
Min Hitting Set: [1, 4, 5, 9, 10, 12, 16, 17, 19, 22, 33, 34]
Min Correction Subset: [3, 7]
Iter 22: 
Min Hitting Set: [5, 7, 9, 10, 12, 16, 17, 19, 22, 23, 33, 34]
Min Correction Subset: [1, 13]
Iter 23: 
Min Hitting Set: [4, 5, 7, 9, 10, 12, 13, 17, 22, 23, 33, 34]
Min Correction Subset: [1, 20]
Iter 24: 
Min Hitting Set: [1, 5, 7, 9, 10, 12, 16, 17, 19, 22, 33, 34]
Min Correction Subset: [13, 21]
Iter 25: 
Min Hitting Set: [1, 4, 5, 7, 9, 10, 12, 13, 17, 19, 22, 33, 34]
Min Correction Subset: [2, 16, 23]
Iter 26: 
Min Hitting Set: [1, 2, 4, 5, 7, 9, 10, 13, 17, 19, 22, 33, 34]
Min Correction Subset: [12, 24]
Iter 27: 
Min Hitting Set: [1, 5, 7, 9, 10, 12, 13, 16, 17, 19, 22, 33, 34]
Min Correction Subset: [4, 27]
Iter 28: 
Min Hitting Set: [1, 3, 4, 5, 9, 10, 12, 13, 17, 22, 23, 33, 34]
Min Correction Subset: [7, 19, 20]
Iter 29: 
Min Hitting Set: [1, 4, 5, 7, 9, 10, 12, 13, 17, 22, 23, 33, 34]
Min Correction Subset: [3, 19, 24]
Iter 30: 
Min Hitting Set: [1, 3, 4, 5, 9, 10, 12, 13, 17, 20, 22, 23, 33, 34]
Min Correction Subset: [7, 19, 24]
Optimal IIS
Instance: paths-20-50-80000
----------------------------
Query: 8
Query element:14
Query scope: 16
----------------------------
IIS optimality: suboptimal
IIS solution time: 2220.766
IIS Constraint: 1; goods; {good:1}
IIS Constraint: 3; goods; {good:3}
IIS Constraint: 4; goods; {good:4}
IIS Constraint: 5; goods; {good:5}
IIS Constraint: 7; goods; {good:7}
IIS Constraint: 9; goods; {good:9}
IIS Constraint: 10; goods; {good:10}
IIS Constraint: 12; goods; {good:12}
IIS Constraint: 13; goods; {good:13}
IIS Constraint: 17; goods; {good:17}
IIS Constraint: 22; goods; {good:22}
IIS Constraint: 23; goods; {good:23}
IIS Constraint: 33; query; {good:14,query:8}
IIS Constraint: 34; max; {f:7.945774,objective:max}
