IIS generation
Iter 1: 
Min Hitting Set: []
Min Correction Subset: [35]
Iter 2: 
Min Hitting Set: [35]
Min Correction Subset: [5]
Iter 3: 
Min Hitting Set: [5, 35]
Min Correction Subset: [1]
Iter 4: 
Min Hitting Set: [1, 5, 35]
Min Correction Subset: [9]
Iter 5: 
Min Hitting Set: [1, 5, 9, 35]
Min Correction Subset: [34]
Iter 6: 
Min Hitting Set: [1, 5, 9, 34, 35]
Min Correction Subset: [0]
Iter 7: 
Min Hitting Set: [0, 1, 5, 9, 34, 35]
Min Correction Subset: [13, 19]
Optimal IIS
Instance: matching-20-50-120000
----------------------------
Query: 11
Query element:11
Query element:26
Query scope: 16
Query scope: 19
----------------------------
IIS optimality: suboptimal
IIS solution time: 80.518
IIS Constraint: 0; goods; {good:0}
IIS Constraint: 1; goods; {good:1}
IIS Constraint: 5; goods; {good:5}
IIS Constraint: 9; goods; {good:9}
IIS Constraint: 13; goods; {good:13}
IIS Constraint: 34; query; {goods:[11,26],query:11}
IIS Constraint: 35; max; {f:43.840610000000005,objective:max}
