IIS generation
Iter 1: 
Min Hitting Set: []
Min Correction Subset: [35]
Iter 2: 
Min Hitting Set: [35]
Min Correction Subset: [21]
Iter 3: 
Min Hitting Set: [21, 35]
Min Correction Subset: [17]
Iter 4: 
Min Hitting Set: [17, 21, 35]
Min Correction Subset: [13]
Iter 5: 
Min Hitting Set: [13, 17, 21, 35]
Min Correction Subset: [18]
Iter 6: 
Min Hitting Set: [13, 17, 18, 21, 35]
Min Correction Subset: [14]
Iter 7: 
Min Hitting Set: [13, 14, 17, 18, 21, 35]
Min Correction Subset: [19]
Iter 8: 
Min Hitting Set: [13, 14, 17, 18, 19, 21, 35]
Min Correction Subset: [12]
Iter 9: 
Min Hitting Set: [12, 13, 14, 17, 18, 19, 21, 35]
Min Correction Subset: [34]
Iter 10: 
Min Hitting Set: [12, 13, 14, 17, 18, 19, 21, 34, 35]
Min Correction Subset: [16]
Iter 11: 
Min Hitting Set: [12, 13, 14, 16, 17, 18, 19, 21, 34, 35]
Min Correction Subset: [5]
Iter 12: 
Min Hitting Set: [5, 12, 13, 14, 16, 17, 18, 19, 21, 34, 35]
Min Correction Subset: [3, 11]
Iter 13: 
Min Hitting Set: [3, 5, 12, 13, 14, 16, 17, 18, 19, 21, 34, 35]
Min Correction Subset: [4, 25]
Iter 14: 
Min Hitting Set: [3, 4, 5, 12, 13, 14, 16, 17, 18, 19, 21, 34, 35]
Min Correction Subset: [11, 25]
Iter 15: 
Min Hitting Set: [5, 11, 12, 13, 14, 16, 17, 18, 19, 21, 25, 34, 35]
Min Correction Subset: [3, 9]
Iter 16: 
Min Hitting Set: [3, 5, 12, 13, 14, 16, 17, 18, 19, 21, 25, 34, 35]
Min Correction Subset: [4, 11]
Iter 17: 
Min Hitting Set: [3, 4, 5, 11, 12, 13, 14, 16, 17, 18, 19, 21, 34, 35]
Min Correction Subset: [9, 25]
Iter 18: 
Min Hitting Set: [4, 5, 9, 11, 12, 13, 14, 16, 17, 18, 19, 21, 34, 35]
Min Correction Subset: [3, 25]
Iter 19: 
Min Hitting Set: [3, 5, 11, 12, 13, 14, 16, 17, 18, 19, 21, 25, 34, 35]
Min Correction Subset: [7, 23]
Iter 20: 
Min Hitting Set: [3, 5, 7, 11, 12, 13, 14, 16, 17, 18, 19, 21, 25, 34, 35]
Min Correction Subset: [4, 26]
Iter 21: 
Min Hitting Set: [3, 4, 5, 7, 12, 13, 14, 16, 17, 18, 19, 21, 25, 34, 35]
Min Correction Subset: [11, 26]
Iter 22: 
Min Hitting Set: [3, 5, 7, 11, 12, 13, 14, 16, 17, 18, 19, 21, 25, 26, 34, 35]
Min Correction Subset: [4, 9, 20]
Iter 23: 
Min Hitting Set: [3, 4, 5, 7, 11, 12, 13, 14, 16, 17, 18, 19, 21, 25, 34, 35]
Min Correction Subset: [8, 9, 26]
Iter 24: 
Min Hitting Set: [4, 5, 7, 9, 11, 12, 13, 14, 16, 17, 18, 19, 21, 25, 34, 35]
Min Correction Subset: [3, 26]
Iter 25: 
Min Hitting Set: [5, 7, 9, 11, 12, 13, 14, 16, 17, 18, 19, 21, 25, 26, 34, 35]
Min Correction Subset: [3, 24]
Iter 26: 
Min Hitting Set: [3, 4, 5, 7, 12, 13, 14, 16, 17, 18, 19, 21, 25, 26, 34, 35]
Min Correction Subset: [11, 20]
Iter 27: 
Min Hitting Set: [3, 4, 5, 7, 9, 11, 12, 13, 14, 16, 17, 18, 19, 21, 34, 35]
Min Correction Subset: [8, 22, 25]
Iter 28: 
Min Hitting Set: [3, 5, 7, 9, 11, 12, 13, 14, 16, 17, 18, 19, 21, 25, 26, 34, 35]
Min Correction Subset: [4, 20, 24]
Iter 29: 
Min Hitting Set: [3, 5, 7, 11, 12, 13, 14, 16, 17, 18, 19, 20, 21, 25, 26, 34, 35]
Min Correction Subset: [4, 9, 24]
Iter 30: 
Min Hitting Set: [5, 7, 9, 11, 12, 13, 14, 16, 17, 18, 19, 21, 24, 25, 26, 34, 35]
Min Correction Subset: [3, 4, 20]
Optimal IIS
Instance: paths-20-50-470000
----------------------------
Query: 8
Query element:15
Query scope: 8
----------------------------
IIS optimality: suboptimal
IIS solution time: 716.424
IIS Constraint: 3; goods; {good:3}
IIS Constraint: 4; goods; {good:4}
IIS Constraint: 5; goods; {good:5}
IIS Constraint: 7; goods; {good:7}
IIS Constraint: 9; goods; {good:9}
IIS Constraint: 11; goods; {good:11}
IIS Constraint: 12; goods; {good:12}
IIS Constraint: 13; goods; {good:13}
IIS Constraint: 14; goods; {good:14}
IIS Constraint: 16; goods; {good:16}
IIS Constraint: 17; goods; {good:17}
IIS Constraint: 18; goods; {good:18}
IIS Constraint: 19; goods; {good:19}
IIS Constraint: 21; goods; {good:21}
IIS Constraint: 25; goods; {good:25}
IIS Constraint: 34; query; {good:15,query:8}
IIS Constraint: 35; max; {f:11.285003999999999,objective:max}
