IIS generation
Iter 1: 
Min Hitting Set: []
Min Correction Subset: [26]
Iter 2: 
Min Hitting Set: [26]
Min Correction Subset: [22, 25]
Iter 3: 
Min Hitting Set: [22, 26]
Min Correction Subset: [10, 25]
Iter 4: 
Min Hitting Set: [25, 26]
Min Correction Subset: [3, 22]
Iter 5: 
Min Hitting Set: [22, 25, 26]
Min Correction Subset: [3, 10]
Iter 6: 
Min Hitting Set: [3, 25, 26]
Min Correction Subset: [10, 11, 12, 13]
Iter 7: 
Min Hitting Set: [10, 22, 26]
Min Correction Subset: [3, 24]
Iter 8: 
Min Hitting Set: [3, 10, 22, 26]
Min Correction Subset: [24, 25]
Iter 9: 
Min Hitting Set: [10, 22, 24, 26]
Min Correction Subset: [3, 8, 23]
Iter 10: 
Min Hitting Set: [3, 10, 25, 26]
Min Correction Subset: [4, 7, 8, 9, 21, 23]
Iter 11: 
Min Hitting Set: [8, 10, 22, 24, 26]
Min Correction Subset: [3, 5, 21]
Iter 12: 
Min Hitting Set: [3, 10, 21, 25, 26]
Min Correction Subset: [7, 8, 9, 11, 12, 13, 14, 15, 23]
Iter 13: 
Min Hitting Set: [3, 8, 10, 25, 26]
Min Correction Subset: [5, 6, 12, 14, 21, 23]
Iter 14: 
Min Hitting Set: [3, 10, 23, 25, 26]
Min Correction Subset: [4, 5, 6, 7, 8, 9, 12, 21]
Iter 15: 
Min Hitting Set: [3, 12, 23, 25, 26]
Min Correction Subset: [4, 5, 6, 7, 8, 9, 10, 21]
Iter 16: 
Min Hitting Set: [3, 8, 12, 25, 26]
Min Correction Subset: [10, 13, 14, 21, 23]
Iter 17: 
Min Hitting Set: [3, 13, 21, 25, 26]
Min Correction Subset: [6, 7, 8, 9, 10, 14, 15, 23]
Iter 18: 
Min Hitting Set: [3, 10, 12, 21, 25, 26]
Min Correction Subset: [6, 7, 8, 9, 11, 13, 14, 15, 23]
Optimal IIS
Instance: scheduling-20-50-630000
----------------------------
Query: 3
Query element:0
Query element:10
Query scope: 0
Query scope: 10
----------------------------
IIS optimality: suboptimal
IIS solution time: 2589.624
IIS Constraint: 3; goods; {good:3}
IIS Constraint: 13; goods; {good:13}
IIS Constraint: 21; goods; {good:21}
IIS Constraint: 23; goods; {good:23}
IIS Constraint: 25; query; {bid:10,query:3}
IIS Constraint: 26; max; {f:32.087199999999996,objective:max}
