IIS generation
Iter 1: 
Min Hitting Set: []
Min Correction Subset: [31]
Iter 2: 
Min Hitting Set: [31]
Min Correction Subset: [0]
Iter 3: 
Min Hitting Set: [0, 31]
Min Correction Subset: [5]
Iter 4: 
Min Hitting Set: [0, 5, 31]
Min Correction Subset: [11]
Iter 5: 
Min Hitting Set: [0, 5, 11, 31]
Min Correction Subset: [2]
Iter 6: 
Min Hitting Set: [0, 2, 5, 11, 31]
Min Correction Subset: [12]
Iter 7: 
Min Hitting Set: [0, 2, 5, 11, 12, 31]
Min Correction Subset: [9]
Iter 8: 
Min Hitting Set: [0, 2, 5, 9, 11, 12, 31]
Min Correction Subset: [6]
Iter 9: 
Min Hitting Set: [0, 2, 5, 6, 9, 11, 12, 31]
Min Correction Subset: [1]
Iter 10: 
Min Hitting Set: [0, 1, 2, 5, 6, 9, 11, 12, 31]
Min Correction Subset: [4]
Iter 11: 
Min Hitting Set: [0, 1, 2, 4, 5, 6, 9, 11, 12, 31]
Min Correction Subset: [30]
Iter 12: 
Min Hitting Set: [0, 1, 2, 4, 5, 6, 9, 11, 12, 30, 31]
Min Correction Subset: [10, 14]
Optimal IIS
Instance: regions-20-50-610000
----------------------------
Query: 1
Query element:37
Query scope: 37
----------------------------
IIS optimality: suboptimal
IIS solution time: 170.631
IIS Constraint: 0; goods; {good:0}
IIS Constraint: 1; goods; {good:1}
IIS Constraint: 2; goods; {good:2}
IIS Constraint: 4; goods; {good:4}
IIS Constraint: 5; goods; {good:5}
IIS Constraint: 6; goods; {good:6}
IIS Constraint: 9; goods; {good:9}
IIS Constraint: 10; goods; {good:10}
IIS Constraint: 11; goods; {good:11}
IIS Constraint: 12; goods; {good:12}
IIS Constraint: 30; query; {bid:37,query:1}
IIS Constraint: 31; max; {f:1184.732,objective:max}
