IIS generation
Iter 1: 
Min Hitting Set: []
Min Correction Subset: [35]
Iter 2: 
Min Hitting Set: [35]
Min Correction Subset: [13]
Iter 3: 
Min Hitting Set: [13, 35]
Min Correction Subset: [9]
Iter 4: 
Min Hitting Set: [9, 13, 35]
Min Correction Subset: [17]
Iter 5: 
Min Hitting Set: [9, 13, 17, 35]
Min Correction Subset: [3, 5]
Iter 6: 
Min Hitting Set: [3, 9, 13, 17, 35]
Min Correction Subset: [2, 5]
Iter 7: 
Min Hitting Set: [5, 9, 13, 17, 35]
Min Correction Subset: [33, 34]
Optimal IIS
Instance: matching-20-50-860000
----------------------------
Query: 9
Query element:19
Query element:4
Query scope: 7
Query scope: 8
Query scope: 19
Query scope: 43
Query scope: 44
Query scope: 22
----------------------------
IIS optimality: suboptimal
IIS solution time: 296.548
IIS Constraint: 5; goods; {good:5}
IIS Constraint: 9; goods; {good:9}
IIS Constraint: 13; goods; {good:13}
IIS Constraint: 17; goods; {good:17}
IIS Constraint: 33; query; {good:19,query:9}
IIS Constraint: 35; max; {f:45.680800000000005,objective:max}
