IIS generation
Iter 1: 
Min Hitting Set: []
Min Correction Subset: [35]
Iter 2: 
Min Hitting Set: [35]
Min Correction Subset: [33]
Iter 3: 
Min Hitting Set: [33, 35]
Min Correction Subset: [5]
Iter 4: 
Min Hitting Set: [5, 33, 35]
Min Correction Subset: [1]
Iter 5: 
Min Hitting Set: [1, 5, 33, 35]
Min Correction Subset: [9]
Iter 6: 
Min Hitting Set: [1, 5, 9, 33, 35]
Min Correction Subset: [0]
Iter 7: 
Min Hitting Set: [0, 1, 5, 9, 33, 35]
Min Correction Subset: [28]
Iter 8: 
Min Hitting Set: [0, 1, 5, 9, 28, 33, 35]
Min Correction Subset: [16]
Iter 9: 
Min Hitting Set: [0, 1, 5, 9, 16, 28, 33, 35]
Min Correction Subset: [22]
Iter 10: 
Min Hitting Set: [0, 1, 5, 9, 16, 22, 28, 33, 35]
Min Correction Subset: [34]
Iter 11: 
Min Hitting Set: [0, 1, 5, 9, 16, 22, 28, 33, 34, 35]
Min Correction Subset: [13, 18]
Optimal IIS
Instance: matching-20-50-520000
----------------------------
Query: 10
Query element:1
Query element:31
Query scope: 43
Query scope: 44
----------------------------
IIS optimality: suboptimal
IIS solution time: 226.740
IIS Constraint: 0; goods; {good:0}
IIS Constraint: 1; goods; {good:1}
IIS Constraint: 5; goods; {good:5}
IIS Constraint: 9; goods; {good:9}
IIS Constraint: 13; goods; {good:13}
IIS Constraint: 16; goods; {good:16}
IIS Constraint: 22; goods; {good:22}
IIS Constraint: 28; goods; {good:28}
IIS Constraint: 33; goods; {good:33}
IIS Constraint: 34; query; {goods:[1,31],query:10}
IIS Constraint: 35; max; {f:28.583309999999997,objective:max}
