IIS generation
Iter 1: 
Min Hitting Set: []
Min Correction Subset: [33]
Iter 2: 
Min Hitting Set: [33]
Min Correction Subset: [3]
Iter 3: 
Min Hitting Set: [3, 33]
Min Correction Subset: [32]
Iter 4: 
Min Hitting Set: [3, 32, 33]
Min Correction Subset: [2, 13]
Iter 5: 
Min Hitting Set: [2, 3, 32, 33]
Min Correction Subset: [0, 19]
Iter 6: 
Min Hitting Set: [0, 2, 3, 32, 33]
Min Correction Subset: [13, 28]
Iter 7: 
Min Hitting Set: [0, 3, 13, 32, 33]
Min Correction Subset: [4, 27]
Iter 8: 
Min Hitting Set: [0, 3, 4, 13, 32, 33]
Min Correction Subset: [19, 23]
Iter 9: 
Min Hitting Set: [3, 4, 13, 19, 32, 33]
Min Correction Subset: [2, 12]
Iter 10: 
Min Hitting Set: [2, 3, 4, 13, 19, 32, 33]
Min Correction Subset: [9, 27]
Iter 11: 
Min Hitting Set: [2, 3, 13, 19, 27, 32, 33]
Min Correction Subset: [12, 23]
Iter 12: 
Min Hitting Set: [3, 12, 13, 19, 27, 32, 33]
Min Correction Subset: [2, 16]
Iter 13: 
Min Hitting Set: [2, 3, 12, 13, 19, 27, 32, 33]
Min Correction Subset: [16, 23]
Iter 14: 
Min Hitting Set: [2, 3, 13, 19, 23, 27, 32, 33]
Min Correction Subset: [18, 29]
Iter 15: 
Min Hitting Set: [2, 3, 13, 18, 19, 23, 27, 32, 33]
Min Correction Subset: [12, 28]
Iter 16: 
Min Hitting Set: [2, 3, 18, 19, 23, 27, 28, 32, 33]
Min Correction Subset: [13, 24]
Iter 17: 
Min Hitting Set: [3, 12, 13, 16, 18, 19, 27, 32, 33]
Min Correction Subset: [2, 8, 9]
Iter 18: 
Min Hitting Set: [2, 3, 12, 13, 16, 18, 19, 27, 32, 33]
Min Correction Subset: [8, 9, 23]
Iter 19: 
Min Hitting Set: [3, 9, 12, 13, 16, 18, 19, 27, 32, 33]
Min Correction Subset: [8, 10, 24]
Iter 20: 
Min Hitting Set: [2, 3, 18, 19, 23, 24, 27, 28, 32, 33]
Min Correction Subset: [4, 10, 20]
Iter 21: 
Min Hitting Set: [3, 9, 10, 12, 13, 16, 18, 19, 27, 32, 33]
Min Correction Subset: [4, 20, 29]
Iter 22: 
Min Hitting Set: [3, 9, 10, 12, 13, 16, 19, 27, 29, 32, 33]
Min Correction Subset: [2, 8, 18]
Iter 23: 
Min Hitting Set: [3, 4, 8, 9, 12, 13, 16, 18, 19, 32, 33]
Min Correction Subset: [10, 24, 27]
Iter 24: 
Min Hitting Set: [3, 4, 8, 12, 13, 16, 18, 19, 27, 32, 33]
Min Correction Subset: [0, 9, 21, 29]
Iter 25: 
Min Hitting Set: [3, 4, 9, 10, 12, 13, 16, 18, 19, 32, 33]
Min Correction Subset: [1, 2, 27]
Iter 26: 
Min Hitting Set: [2, 3, 4, 9, 18, 19, 23, 24, 28, 32, 33]
Min Correction Subset: [13, 27]
Iter 27: 
Min Hitting Set: [2, 3, 10, 13, 19, 23, 27, 28, 29, 32, 33]
Min Correction Subset: [8, 18, 24]
Iter 28: 
Min Hitting Set: [2, 3, 10, 19, 23, 24, 27, 28, 29, 32, 33]
Min Correction Subset: [4, 12, 20]
Optimal IIS
Instance: paths-20-50-490000
----------------------------
Query: 10
Query element:20
Query element:14
Query scope: 1
----------------------------
IIS optimality: suboptimal
IIS solution time: 2336.250
IIS Constraint: 2; goods; {good:2}
IIS Constraint: 3; goods; {good:3}
IIS Constraint: 4; goods; {good:4}
IIS Constraint: 19; goods; {good:19}
IIS Constraint: 23; goods; {good:23}
IIS Constraint: 24; goods; {good:24}
IIS Constraint: 27; goods; {good:27}
IIS Constraint: 28; goods; {good:28}
IIS Constraint: 29; goods; {good:29}
IIS Constraint: 32; query; {goods:[20,14],query:10}
IIS Constraint: 33; max; {f:8.777652999999999,objective:max}
