IIS generation
Iter 1: 
Min Hitting Set: []
Min Correction Subset: [34]
Iter 2: 
Min Hitting Set: [34]
Min Correction Subset: [6]
Iter 3: 
Min Hitting Set: [6, 34]
Min Correction Subset: [4]
Iter 4: 
Min Hitting Set: [4, 6, 34]
Min Correction Subset: [3]
Iter 5: 
Min Hitting Set: [3, 4, 6, 34]
Min Correction Subset: [9]
Iter 6: 
Min Hitting Set: [3, 4, 6, 9, 34]
Min Correction Subset: [7]
Iter 7: 
Min Hitting Set: [3, 4, 6, 7, 9, 34]
Min Correction Subset: [8]
Iter 8: 
Min Hitting Set: [3, 4, 6, 7, 8, 9, 34]
Min Correction Subset: [5]
Iter 9: 
Min Hitting Set: [3, 4, 5, 6, 7, 8, 9, 34]
Min Correction Subset: [18]
Iter 10: 
Min Hitting Set: [3, 4, 5, 6, 7, 8, 9, 18, 34]
Min Correction Subset: [26]
Iter 11: 
Min Hitting Set: [3, 4, 5, 6, 7, 8, 9, 18, 26, 34]
Min Correction Subset: [27]
Iter 12: 
Min Hitting Set: [3, 4, 5, 6, 7, 8, 9, 18, 26, 27, 34]
Min Correction Subset: [17]
Iter 13: 
Min Hitting Set: [3, 4, 5, 6, 7, 8, 9, 17, 18, 26, 27, 34]
Min Correction Subset: [11, 29]
Iter 14: 
Min Hitting Set: [3, 4, 5, 6, 7, 8, 9, 11, 17, 18, 26, 27, 34]
Min Correction Subset: [14, 29]
Iter 15: 
Min Hitting Set: [3, 4, 5, 6, 7, 8, 9, 17, 18, 26, 27, 29, 34]
Min Correction Subset: [12, 33]
Iter 16: 
Min Hitting Set: [3, 4, 5, 6, 7, 8, 9, 12, 17, 18, 26, 27, 29, 34]
Min Correction Subset: [14, 33]
Iter 17: 
Min Hitting Set: [3, 4, 5, 6, 7, 8, 9, 17, 18, 26, 27, 29, 33, 34]
Min Correction Subset: [13, 20]
Iter 18: 
Min Hitting Set: [3, 4, 5, 6, 7, 8, 9, 13, 17, 18, 26, 27, 29, 33, 34]
Min Correction Subset: [12, 25]
Iter 19: 
Min Hitting Set: [3, 4, 5, 6, 7, 8, 9, 12, 13, 14, 17, 18, 26, 27, 29, 34]
Min Correction Subset: [30, 33]
Iter 20: 
Min Hitting Set: [3, 4, 5, 6, 7, 8, 9, 12, 13, 17, 18, 26, 27, 29, 33, 34]
Min Correction Subset: [20, 25, 32]
Iter 21: 
Min Hitting Set: [3, 4, 5, 6, 7, 8, 9, 12, 17, 18, 20, 26, 27, 29, 33, 34]
Min Correction Subset: [13, 16, 25]
Iter 22: 
Min Hitting Set: [3, 4, 5, 6, 7, 8, 9, 13, 17, 18, 25, 26, 27, 29, 33, 34]
Min Correction Subset: [12, 22, 30]
Optimal IIS
Instance: paths-20-50-270000
----------------------------
Query: 3
Query element:0
Query element:40
Query scope: 0
Query scope: 40
----------------------------
IIS optimality: suboptimal
IIS solution time: 1644.665
IIS Constraint: 3; goods; {good:3}
IIS Constraint: 4; goods; {good:4}
IIS Constraint: 5; goods; {good:5}
IIS Constraint: 6; goods; {good:6}
IIS Constraint: 7; goods; {good:7}
IIS Constraint: 8; goods; {good:8}
IIS Constraint: 9; goods; {good:9}
IIS Constraint: 12; goods; {good:12}
IIS Constraint: 13; goods; {good:13}
IIS Constraint: 17; goods; {good:17}
IIS Constraint: 18; goods; {good:18}
IIS Constraint: 20; goods; {good:20}
IIS Constraint: 26; goods; {good:26}
IIS Constraint: 27; goods; {good:27}
IIS Constraint: 29; goods; {good:29}
IIS Constraint: 33; query; {bid:40,query:3}
IIS Constraint: 34; max; {f:12.470785,objective:max}
