IIS generation
Iter 1: 
Min Hitting Set: []
Min Correction Subset: [32]
Iter 2: 
Min Hitting Set: [32]
Min Correction Subset: [31]
Iter 3: 
Min Hitting Set: [31, 32]
Min Correction Subset: [6, 10]
Iter 4: 
Min Hitting Set: [6, 31, 32]
Min Correction Subset: [9, 10]
Iter 5: 
Min Hitting Set: [10, 31, 32]
Min Correction Subset: [11, 19]
Iter 6: 
Min Hitting Set: [10, 11, 31, 32]
Min Correction Subset: [1, 4, 9]
Iter 7: 
Min Hitting Set: [6, 9, 11, 31, 32]
Min Correction Subset: [10, 19]
Iter 8: 
Min Hitting Set: [9, 10, 19, 31, 32]
Min Correction Subset: [11, 15]
Iter 9: 
Min Hitting Set: [9, 10, 11, 31, 32]
Min Correction Subset: [6, 7, 26]
Iter 10: 
Min Hitting Set: [6, 9, 11, 19, 31, 32]
Min Correction Subset: [10, 18]
Iter 11: 
Min Hitting Set: [6, 9, 10, 11, 31, 32]
Min Correction Subset: [0, 4, 8, 19]
Iter 12: 
Min Hitting Set: [4, 6, 10, 11, 31, 32]
Min Correction Subset: [1, 7, 9]
Iter 13: 
Min Hitting Set: [4, 7, 10, 11, 31, 32]
Min Correction Subset: [2, 6, 19]
Iter 14: 
Min Hitting Set: [4, 6, 9, 10, 11, 31, 32]
Min Correction Subset: [7, 18, 19, 25]
Iter 15: 
Min Hitting Set: [7, 9, 10, 11, 19, 31, 32]
Min Correction Subset: [2, 6, 18]
Iter 16: 
Min Hitting Set: [6, 9, 11, 18, 19, 31, 32]
Min Correction Subset: [10, 15]
Iter 17: 
Min Hitting Set: [6, 9, 15, 18, 19, 31, 32]
Min Correction Subset: [10, 11]
Iter 18: 
Min Hitting Set: [6, 9, 10, 11, 19, 31, 32]
Min Correction Subset: [0, 2, 4, 8, 18]
Iter 19: 
Min Hitting Set: [2, 4, 7, 10, 11, 31, 32]
Min Correction Subset: [9, 17, 19, 23]
Iter 20: 
Min Hitting Set: [7, 9, 10, 11, 18, 19, 31, 32]
Min Correction Subset: [1, 2, 4, 5, 6]
Iter 21: 
Min Hitting Set: [6, 9, 10, 11, 18, 19, 31, 32]
Min Correction Subset: [0, 1, 2, 4, 5]
Optimal IIS
Instance: regions-20-50-340000
----------------------------
Query: 7
Query element:27
Query scope: 31
Query scope: 32
Query scope: 33
Query scope: 34
Query scope: 35
Query scope: 36
----------------------------
IIS optimality: suboptimal
IIS solution time: 1631.647
IIS Constraint: 4; goods; {good:4}
IIS Constraint: 6; goods; {good:6}
IIS Constraint: 9; goods; {good:9}
IIS Constraint: 10; goods; {good:10}
IIS Constraint: 11; goods; {good:11}
IIS Constraint: 19; goods; {good:19}
IIS Constraint: 31; query; {good:27,query:7}
IIS Constraint: 32; max; {f:1199.5346,objective:max}
