IIS generation
Iter 1: 
Min Hitting Set: []
Min Correction Subset: [32]
Iter 2: 
Min Hitting Set: [32]
Min Correction Subset: [6, 31]
Iter 3: 
Min Hitting Set: [6, 32]
Min Correction Subset: [11, 31]
Iter 4: 
Min Hitting Set: [31, 32]
Min Correction Subset: [6, 7, 10]
Iter 5: 
Min Hitting Set: [6, 11, 32]
Min Correction Subset: [30, 31]
Iter 6: 
Min Hitting Set: [6, 31, 32]
Min Correction Subset: [5, 7, 9, 10]
Iter 7: 
Min Hitting Set: [7, 31, 32]
Min Correction Subset: [5, 6, 9, 10]
Iter 8: 
Min Hitting Set: [10, 31, 32]
Min Correction Subset: [5, 6, 7, 9]
Iter 9: 
Min Hitting Set: [5, 10, 31, 32]
Min Correction Subset: [3, 6, 7, 9]
Iter 10: 
Min Hitting Set: [9, 10, 31, 32]
Min Correction Subset: [2, 6, 7, 24]
Iter 11: 
Min Hitting Set: [6, 7, 31, 32]
Min Correction Subset: [4, 5, 9, 22]
Iter 12: 
Min Hitting Set: [6, 9, 31, 32]
Min Correction Subset: [4, 5, 7, 10, 12, 13]
Iter 13: 
Min Hitting Set: [5, 6, 31, 32]
Min Correction Subset: [3, 7, 9, 10]
Iter 14: 
Min Hitting Set: [5, 7, 31, 32]
Min Correction Subset: [6, 9, 10, 13, 20]
Optimal IIS
Instance: regions-20-50-700000
----------------------------
Query: 3
Query element:6
Query element:27
Query scope: 6
Query scope: 27
----------------------------
IIS optimality: suboptimal
IIS solution time: 377.047
IIS Constraint: 7; goods; {good:7}
IIS Constraint: 9; goods; {good:9}
IIS Constraint: 31; query; {bid:27,query:3}
IIS Constraint: 32; max; {f:1034.483,objective:max}
