IIS generation
Iter 1: 
Min Hitting Set: []
Min Correction Subset: [24]
Iter 2: 
Min Hitting Set: [24]
Min Correction Subset: [18]
Iter 3: 
Min Hitting Set: [18, 24]
Min Correction Subset: [16]
Iter 4: 
Min Hitting Set: [16, 18, 24]
Min Correction Subset: [23]
Iter 5: 
Min Hitting Set: [16, 18, 23, 24]
Min Correction Subset: [13]
Iter 6: 
Min Hitting Set: [13, 16, 18, 23, 24]
Min Correction Subset: [11]
Iter 7: 
Min Hitting Set: [11, 13, 16, 18, 23, 24]
Min Correction Subset: [1, 10, 20]
Optimal IIS
Instance: paths-16-20-600000
----------------------------
Query: 10
Query element:7
Query element:0
Query scope: 2
Query scope: 4
----------------------------
IIS optimality: suboptimal
IIS solution time: 3.956
IIS Constraint: 1; goods; {good:1}
IIS Constraint: 11; goods; {good:11}
IIS Constraint: 13; goods; {good:13}
IIS Constraint: 16; goods; {good:16}
IIS Constraint: 18; goods; {good:18}
IIS Constraint: 23; query; {goods:[7,0],query:10}
IIS Constraint: 24; max; {f:5.030716,objective:max}
