IIS generation
Iter 1: 
Min Hitting Set: []
Min Correction Subset: [21]
Iter 2: 
Min Hitting Set: [21]
Min Correction Subset: [20]
Iter 3: 
Min Hitting Set: [20, 21]
Min Correction Subset: [5, 6, 9]
Iter 4: 
Min Hitting Set: [5, 20, 21]
Min Correction Subset: [8, 9, 13, 14, 15]
Optimal IIS
Instance: regions-16-20-280000
----------------------------
Query: 2
Query element:7
Query scope: 7
----------------------------
IIS optimality: suboptimal
IIS solution time: 35.029
IIS Constraint: 9; goods; {good:9}
IIS Constraint: 20; query; {bid:7,query:2}
IIS Constraint: 21; max; {f:578.623,objective:max}
