IIS generation
Iter 1: 
Min Hitting Set: []
Min Correction Subset: [22]
Iter 2: 
Min Hitting Set: [22]
Min Correction Subset: [4]
Iter 3: 
Min Hitting Set: [4, 22]
Min Correction Subset: [8]
Iter 4: 
Min Hitting Set: [4, 8, 22]
Min Correction Subset: [21]
Iter 5: 
Min Hitting Set: [4, 8, 21, 22]
Min Correction Subset: [12, 13]
Iter 6: 
Min Hitting Set: [4, 8, 12, 21, 22]
Min Correction Subset: [1, 6, 15]
Iter 7: 
Min Hitting Set: [1, 4, 8, 12, 21, 22]
Min Correction Subset: [3, 9, 17]
Iter 8: 
Min Hitting Set: [1, 3, 4, 8, 12, 21, 22]
Min Correction Subset: [13, 15, 17]
Iter 9: 
Min Hitting Set: [4, 8, 12, 15, 17, 21, 22]
Min Correction Subset: [0, 1, 6, 7]
Optimal IIS
Instance: arbitrary-16-20-980000
----------------------------
Query: 7
Query element:5
Query scope: 3
Query scope: 11
Query scope: 16
Query scope: 17
Query scope: 18
Query scope: 20
Query scope: 21
----------------------------
IIS optimality: suboptimal
IIS solution time: 216.201
IIS Constraint: 4; goods; {good:4}
IIS Constraint: 6; goods; {good:6}
IIS Constraint: 8; goods; {good:8}
IIS Constraint: 12; goods; {good:12}
IIS Constraint: 17; goods; {good:17}
IIS Constraint: 21; query; {good:5,query:7}
IIS Constraint: 22; max; {f:925.015,objective:max}
