IIS generation
Iter 1: 
Min Hitting Set: []
Min Correction Subset: [20]
Iter 2: 
Min Hitting Set: [20]
Min Correction Subset: [19]
Iter 3: 
Min Hitting Set: [19, 20]
Min Correction Subset: [8, 9, 10]
Optimal IIS
Instance: scheduling-16-20-220000
----------------------------
Query: 10
Query element:4
Query element:0
Query scope: 0
Query scope: 7
Query scope: 16
----------------------------
IIS optimality: suboptimal
IIS solution time: 180.422
IIS Constraint: 8; goods; {good:8}
IIS Constraint: 19; query; {goods:[4,0],query:10}
IIS Constraint: 20; max; {f:16.3764,objective:max}
