IIS generation
Iter 1: 
Min Hitting Set: []
Min Correction Subset: [24]
Iter 2: 
Min Hitting Set: [24]
Min Correction Subset: [13]
Iter 3: 
Min Hitting Set: [13, 24]
Min Correction Subset: [17]
Iter 4: 
Min Hitting Set: [13, 17, 24]
Min Correction Subset: [9]
Iter 5: 
Min Hitting Set: [9, 13, 17, 24]
Min Correction Subset: [1]
Iter 6: 
Min Hitting Set: [1, 9, 13, 17, 24]
Min Correction Subset: [23]
Iter 7: 
Min Hitting Set: [1, 9, 13, 17, 23, 24]
Min Correction Subset: [5]
Optimal IIS
Instance: matching-16-20-150000
----------------------------
Query: 1
Query element:0
Query scope: 0
----------------------------
IIS optimality: suboptimal
IIS solution time: 22.173
IIS Constraint: 1; goods; {good:1}
IIS Constraint: 5; goods; {good:5}
IIS Constraint: 9; goods; {good:9}
IIS Constraint: 13; goods; {good:13}
IIS Constraint: 17; goods; {good:17}
IIS Constraint: 23; query; {bid:0,query:1}
IIS Constraint: 24; max; {f:22.77799,objective:max}
