IIS generation
Iter 1: 
Min Hitting Set: []
Min Correction Subset: [28]
Iter 2: 
Min Hitting Set: [28]
Min Correction Subset: [13]
Iter 3: 
Min Hitting Set: [13, 28]
Min Correction Subset: [19]
Iter 4: 
Min Hitting Set: [13, 19, 28]
Min Correction Subset: [2]
Iter 5: 
Min Hitting Set: [2, 13, 19, 28]
Min Correction Subset: [27]
Iter 6: 
Min Hitting Set: [2, 13, 19, 27, 28]
Min Correction Subset: [18]
Optimal IIS
Instance: paths-16-20-840000
----------------------------
Query: 10
Query element:6
Query element:3
Query scope: 0
Query scope: 15
Query scope: 17
----------------------------
IIS optimality: suboptimal
IIS solution time: 3.736
IIS Constraint: 2; goods; {good:2}
IIS Constraint: 13; goods; {good:13}
IIS Constraint: 18; goods; {good:18}
IIS Constraint: 19; goods; {good:19}
IIS Constraint: 27; query; {goods:[6,3],query:10}
IIS Constraint: 28; max; {f:2.168363,objective:max}
