IIS generation
Iter 1: 
Min Hitting Set: []
Min Correction Subset: [21]
Iter 2: 
Min Hitting Set: [21]
Min Correction Subset: [9]
Iter 3: 
Min Hitting Set: [9, 21]
Min Correction Subset: [8]
Iter 4: 
Min Hitting Set: [8, 9, 21]
Min Correction Subset: [3]
Iter 5: 
Min Hitting Set: [3, 8, 9, 21]
Min Correction Subset: [20]
Iter 6: 
Min Hitting Set: [3, 8, 9, 20, 21]
Min Correction Subset: [4, 5, 10, 14, 18]
Optimal IIS
Instance: arbitrary-16-20-730000
----------------------------
Query: 8
Query element:0
Query scope: 0
Query scope: 5
Query scope: 6
Query scope: 13
----------------------------
IIS optimality: suboptimal
IIS solution time: 4.194
IIS Constraint: 3; goods; {good:3}
IIS Constraint: 4; goods; {good:4}
IIS Constraint: 8; goods; {good:8}
IIS Constraint: 9; goods; {good:9}
IIS Constraint: 20; query; {good:0,query:8}
IIS Constraint: 21; max; {f:981.95,objective:max}
