IIS generation
Iter 1: 
Min Hitting Set: []
Min Correction Subset: [22]
Iter 2: 
Min Hitting Set: [22]
Min Correction Subset: [16]
Iter 3: 
Min Hitting Set: [16, 22]
Min Correction Subset: [21]
Iter 4: 
Min Hitting Set: [16, 21, 22]
Min Correction Subset: [15, 20]
Iter 5: 
Min Hitting Set: [15, 16, 21, 22]
Min Correction Subset: [5, 20]
Iter 6: 
Min Hitting Set: [16, 20, 21, 22]
Min Correction Subset: [5, 15]
Iter 7: 
Min Hitting Set: [5, 15, 16, 21, 22]
Min Correction Subset: [8, 20]
Iter 8: 
Min Hitting Set: [5, 16, 20, 21, 22]
Min Correction Subset: [8, 18]
Iter 9: 
Min Hitting Set: [5, 8, 15, 16, 21, 22]
Min Correction Subset: [18, 20]
Iter 10: 
Min Hitting Set: [5, 8, 16, 20, 21, 22]
Min Correction Subset: [17, 18]
Iter 11: 
Min Hitting Set: [5, 16, 18, 20, 21, 22]
Min Correction Subset: [15, 17]
Iter 12: 
Min Hitting Set: [15, 16, 18, 20, 21, 22]
Min Correction Subset: [5, 17]
Optimal IIS
Instance: paths-16-20-370000
----------------------------
Query: 11
Query element:15
Query element:4
Query scope: 6
Query scope: 16
----------------------------
IIS optimality: suboptimal
IIS solution time: 314.807
IIS Constraint: 5; goods; {good:5}
IIS Constraint: 16; goods; {good:16}
IIS Constraint: 17; goods; {good:17}
IIS Constraint: 18; goods; {good:18}
IIS Constraint: 20; goods; {good:20}
IIS Constraint: 21; query; {goods:[15,4],query:11}
IIS Constraint: 22; max; {f:5.905755,objective:max}
