IIS generation
Iter 1: 
Min Hitting Set: []
Min Correction Subset: [21]
Iter 2: 
Min Hitting Set: [21]
Min Correction Subset: [22]
Iter 3: 
Min Hitting Set: [21, 22]
Min Correction Subset: [9, 11]
Iter 4: 
Min Hitting Set: [9, 21, 22]
Min Correction Subset: [1, 11, 20]
Iter 5: 
Min Hitting Set: [11, 21, 22]
Min Correction Subset: [0, 1, 4, 20]
Iter 6: 
Min Hitting Set: [1, 9, 21, 22]
Min Correction Subset: [2, 6, 11]
Iter 7: 
Min Hitting Set: [1, 11, 21, 22]
Min Correction Subset: [2, 6, 9, 10, 16]
Iter 8: 
Min Hitting Set: [1, 2, 9, 21, 22]
Min Correction Subset: [6, 10, 11, 14, 18]
Optimal IIS
Instance: regions-16-20-90000
----------------------------
Query: 2
Query element:3
Query scope: 3
----------------------------
IIS optimality: suboptimal
IIS solution time: 838.358
IIS Constraint: 1; goods; {good:1}
IIS Constraint: 6; goods; {good:6}
IIS Constraint: 9; goods; {good:9}
IIS Constraint: 21; query; {bid:3,query:2}
IIS Constraint: 22; max; {f:1083.32,objective:max}
