IIS generation
Iter 1: 
Min Hitting Set: []
Min Correction Subset: [20]
Iter 2: 
Min Hitting Set: [20]
Min Correction Subset: [18]
Iter 3: 
Min Hitting Set: [18, 20]
Min Correction Subset: [6, 7]
Iter 4: 
Min Hitting Set: [6, 18, 20]
Min Correction Subset: [7, 8, 9, 10, 11, 17]
Iter 5: 
Min Hitting Set: [7, 18, 20]
Min Correction Subset: [9, 10, 11, 12, 13, 16]
Iter 6: 
Min Hitting Set: [6, 9, 18, 20]
Min Correction Subset: [10, 11, 12, 13, 14, 16]
Iter 7: 
Min Hitting Set: [6, 10, 18, 20]
Min Correction Subset: [7, 11, 12, 13, 14, 15, 16]
Optimal IIS
Instance: scheduling-16-20-50000
----------------------------
Query: 9
Query element:2
Query element:5
Query scope: 0
Query scope: 1
Query scope: 2
Query scope: 12
Query scope: 13
Query scope: 14
Query scope: 3
Query scope: 4
Query scope: 5
Query scope: 15
Query scope: 16
Query scope: 17
----------------------------
IIS optimality: suboptimal
IIS solution time: 263.900
IIS Constraint: 6; goods; {good:6}
IIS Constraint: 11; goods; {good:11}
IIS Constraint: 18; query; {good:2,query:9}
IIS Constraint: 20; max; {f:20.28409,objective:max}
