IIS generation
Iter 1: 
Min Hitting Set: []
Min Correction Subset: [21]
Iter 2: 
Min Hitting Set: [21]
Min Correction Subset: [20]
Iter 3: 
Min Hitting Set: [20, 21]
Min Correction Subset: [4, 9]
Iter 4: 
Min Hitting Set: [4, 20, 21]
Min Correction Subset: [5, 7, 11]
Iter 5: 
Min Hitting Set: [4, 5, 20, 21]
Min Correction Subset: [6, 7, 11]
Optimal IIS
Instance: regions-16-20-950000
----------------------------
Query: 7
Query element:12
Query scope: 0
Query scope: 1
Query scope: 2
Query scope: 10
Query scope: 12
Query scope: 13
Query scope: 15
----------------------------
IIS optimality: suboptimal
IIS solution time: 361.284
IIS Constraint: 4; goods; {good:4}
IIS Constraint: 7; goods; {good:7}
IIS Constraint: 20; query; {good:12,query:7}
IIS Constraint: 21; max; {f:739.164,objective:max}
