IIS generation
Iter 1: 
Min Hitting Set: []
Min Correction Subset: [21]
Iter 2: 
Min Hitting Set: [21]
Min Correction Subset: [20]
Iter 3: 
Min Hitting Set: [20, 21]
Min Correction Subset: [15]
Iter 4: 
Min Hitting Set: [15, 20, 21]
Min Correction Subset: [7, 12]
Iter 5: 
Min Hitting Set: [7, 15, 20, 21]
Min Correction Subset: [8, 12, 17]
Iter 6: 
Min Hitting Set: [12, 15, 20, 21]
Min Correction Subset: [7, 8, 10]
Iter 7: 
Min Hitting Set: [7, 8, 15, 20, 21]
Min Correction Subset: [3, 6, 12]
Optimal IIS
Instance: arbitrary-16-20-810000
----------------------------
Query: 7
Query element:14
Query scope: 0
Query scope: 1
Query scope: 2
Query scope: 3
Query scope: 4
Query scope: 5
Query scope: 12
Query scope: 17
Query scope: 20
Query scope: 23
----------------------------
IIS optimality: suboptimal
IIS solution time: 60.593
IIS Constraint: 7; goods; {good:7}
IIS Constraint: 12; goods; {good:12}
IIS Constraint: 15; goods; {good:15}
IIS Constraint: 20; query; {good:14,query:7}
IIS Constraint: 21; max; {f:918.20924,objective:max}
