IIS generation
Iter 1: 
Min Hitting Set: []
Min Correction Subset: [22]
Iter 2: 
Min Hitting Set: [22]
Min Correction Subset: [1]
Iter 3: 
Min Hitting Set: [1, 22]
Min Correction Subset: [3, 14]
Iter 4: 
Min Hitting Set: [1, 3, 22]
Min Correction Subset: [20, 21]
Iter 5: 
Min Hitting Set: [1, 3, 20, 22]
Min Correction Subset: [6, 14, 18]
Iter 6: 
Min Hitting Set: [1, 14, 20, 22]
Min Correction Subset: [3, 9]
Iter 7: 
Min Hitting Set: [1, 3, 14, 20, 22]
Min Correction Subset: [8, 13, 19]
Iter 8: 
Min Hitting Set: [1, 3, 8, 14, 20, 22]
Min Correction Subset: [0, 2, 13]
Optimal IIS
Instance: arbitrary-16-20-360000
----------------------------
Query: 9
Query element:4
Query element:10
Query scope: 0
Query scope: 1
Query scope: 2
Query scope: 3
Query scope: 5
Query scope: 7
Query scope: 8
Query scope: 10
Query scope: 11
Query scope: 9
Query scope: 13
Query scope: 14
Query scope: 20
----------------------------
IIS optimality: suboptimal
IIS solution time: 504.222
IIS Constraint: 1; goods; {good:1}
IIS Constraint: 3; goods; {good:3}
IIS Constraint: 13; goods; {good:13}
IIS Constraint: 14; goods; {good:14}
IIS Constraint: 20; query; {good:4,query:9}
IIS Constraint: 22; max; {f:996.4400999999999,objective:max}
