IIS generation
Iter 1: 
Min Hitting Set: []
Min Correction Subset: [21]
Iter 2: 
Min Hitting Set: [21]
Min Correction Subset: [20]
Iter 3: 
Min Hitting Set: [20, 21]
Min Correction Subset: [4, 8, 10]
Iter 4: 
Min Hitting Set: [4, 20, 21]
Min Correction Subset: [8, 11, 15]
Iter 5: 
Min Hitting Set: [8, 20, 21]
Min Correction Subset: [2, 4, 11]
Iter 6: 
Min Hitting Set: [4, 8, 20, 21]
Min Correction Subset: [7, 11, 15]
Iter 7: 
Min Hitting Set: [4, 11, 20, 21]
Min Correction Subset: [6, 12, 15]
Iter 8: 
Min Hitting Set: [4, 15, 20, 21]
Min Correction Subset: [0, 5, 14]
Iter 9: 
Min Hitting Set: [0, 4, 15, 20, 21]
Min Correction Subset: [7, 10, 14, 16]
Iter 10: 
Min Hitting Set: [4, 14, 15, 20, 21]
Min Correction Subset: [0, 5, 8, 10]
Iter 11: 
Min Hitting Set: [0, 4, 10, 15, 20, 21]
Min Correction Subset: [2, 5, 6, 12]
Iter 12: 
Min Hitting Set: [10, 11, 12, 14, 20, 21]
Min Correction Subset: [2, 4, 5, 8]
Optimal IIS
Instance: arbitrary-16-20-180000
----------------------------
Query: 8
Query element:1
Query scope: 11
Query scope: 12
Query scope: 19
Query scope: 20
Query scope: 21
Query scope: 22
----------------------------
IIS optimality: suboptimal
IIS solution time: 2193.803
IIS Constraint: 4; goods; {good:4}
IIS Constraint: 5; goods; {good:5}
IIS Constraint: 14; goods; {good:14}
IIS Constraint: 15; goods; {good:15}
IIS Constraint: 20; query; {good:1,query:8}
IIS Constraint: 21; max; {f:871.967,objective:max}
