IIS generation
Iter 1: 
Min Hitting Set: []
Min Correction Subset: [21]
Iter 2: 
Min Hitting Set: [21]
Min Correction Subset: [20]
Iter 3: 
Min Hitting Set: [20, 21]
Min Correction Subset: [3, 7]
Iter 4: 
Min Hitting Set: [3, 20, 21]
Min Correction Subset: [1, 6, 7]
Iter 5: 
Min Hitting Set: [7, 20, 21]
Min Correction Subset: [6, 12, 18]
Iter 6: 
Min Hitting Set: [3, 6, 20, 21]
Min Correction Subset: [1, 7, 8]
Iter 7: 
Min Hitting Set: [6, 7, 20, 21]
Min Correction Subset: [0, 4, 14, 18]
Iter 8: 
Min Hitting Set: [7, 18, 20, 21]
Min Correction Subset: [2, 4, 6, 12]
Iter 9: 
Min Hitting Set: [4, 6, 7, 20, 21]
Min Correction Subset: [0, 1, 2, 14, 18]
Iter 10: 
Min Hitting Set: [6, 7, 18, 20, 21]
Min Correction Subset: [0, 1, 2, 8, 11]
Iter 11: 
Min Hitting Set: [2, 7, 18, 20, 21]
Min Correction Subset: [1, 3, 4, 6, 8]
Optimal IIS
Instance: arbitrary-16-20-350000
----------------------------
Query: 1
Query element:11
Query scope: 11
----------------------------
IIS optimality: suboptimal
IIS solution time: 1026.204
IIS Constraint: 0; goods; {good:0}
IIS Constraint: 6; goods; {good:6}
IIS Constraint: 7; goods; {good:7}
IIS Constraint: 20; query; {bid:11,query:1}
IIS Constraint: 21; max; {f:1233.44,objective:max}
