IIS generation
Iter 1: 
Min Hitting Set: []
Min Correction Subset: [23]
Iter 2: 
Min Hitting Set: [23]
Min Correction Subset: [18]
Iter 3: 
Min Hitting Set: [18, 23]
Min Correction Subset: [22]
Iter 4: 
Min Hitting Set: [18, 22, 23]
Min Correction Subset: [15, 17]
Iter 5: 
Min Hitting Set: [15, 18, 22, 23]
Min Correction Subset: [13, 17]
Iter 6: 
Min Hitting Set: [17, 18, 22, 23]
Min Correction Subset: [0, 13, 20]
Iter 7: 
Min Hitting Set: [13, 15, 18, 22, 23]
Min Correction Subset: [9, 17]
Optimal IIS
Instance: matching-16-20-620000
----------------------------
Query: 10
Query element:9
Query element:7
Query scope: 0
----------------------------
IIS optimality: suboptimal
IIS solution time: 741.335
IIS Constraint: 13; goods; {good:13}
IIS Constraint: 17; goods; {good:17}
IIS Constraint: 18; goods; {good:18}
IIS Constraint: 22; query; {goods:[9,7],query:10}
IIS Constraint: 23; max; {f:39.504810000000006,objective:max}
