IIS generation
Iter 1: 
Min Hitting Set: []
Min Correction Subset: [23]
Iter 2: 
Min Hitting Set: [23]
Min Correction Subset: [22]
Iter 3: 
Min Hitting Set: [22, 23]
Min Correction Subset: [0, 4, 5, 6, 10, 19, 21]
Iter 4: 
Min Hitting Set: [0, 22, 23]
Min Correction Subset: [2, 4, 5, 6, 10, 11, 19, 20, 21]
Optimal IIS
Instance: regions-16-20-630000
----------------------------
Query: 10
Query element:3
Query element:5
Query scope: 0
Query scope: 1
Query scope: 2
Query scope: 3
Query scope: 4
Query scope: 5
Query scope: 6
Query scope: 7
Query scope: 8
Query scope: 9
Query scope: 10
----------------------------
IIS optimality: suboptimal
IIS solution time: 2.830
IIS Constraint: 4; goods; {good:4}
IIS Constraint: 22; query; {goods:[3,5],query:10}
IIS Constraint: 23; max; {f:1049.03,objective:max}
