IIS generation
Iter 1: 
Min Hitting Set: []
Min Correction Subset: [26]
Iter 2: 
Min Hitting Set: [26]
Min Correction Subset: [23]
Iter 3: 
Min Hitting Set: [23, 26]
Min Correction Subset: [14, 21]
Iter 4: 
Min Hitting Set: [14, 23, 26]
Min Correction Subset: [24, 25]
Iter 5: 
Min Hitting Set: [14, 23, 24, 26]
Min Correction Subset: [5, 21]
Iter 6: 
Min Hitting Set: [21, 23, 24, 26]
Min Correction Subset: [13, 22]
Iter 7: 
Min Hitting Set: [13, 21, 23, 24, 26]
Min Correction Subset: [9, 22]
Iter 8: 
Min Hitting Set: [21, 22, 23, 24, 26]
Min Correction Subset: [6, 25]
Iter 9: 
Min Hitting Set: [21, 22, 23, 25, 26]
Min Correction Subset: [3, 5, 14, 19]
Iter 10: 
Min Hitting Set: [5, 14, 22, 23, 25, 26]
Min Correction Subset: [1, 21]
Iter 11: 
Min Hitting Set: [5, 21, 22, 23, 25, 26]
Min Correction Subset: [3, 9, 14, 19]
Optimal IIS
Instance: matching-16-20-90000
----------------------------
Query: 3
Query element:1
Query element:11
Query scope: 1
Query scope: 11
----------------------------
IIS optimality: suboptimal
IIS solution time: 271.894
IIS Constraint: 14; goods; {good:14}
IIS Constraint: 21; goods; {good:21}
IIS Constraint: 22; goods; {good:22}
IIS Constraint: 23; goods; {good:23}
IIS Constraint: 25; query; {bid:11,query:3}
IIS Constraint: 26; max; {f:19.370836,objective:max}
