IIS generation
Iter 1: 
Min Hitting Set: []
Min Correction Subset: [24]
Iter 2: 
Min Hitting Set: [24]
Min Correction Subset: [13, 17]
Iter 3: 
Min Hitting Set: [13, 24]
Min Correction Subset: [22, 23]
Iter 4: 
Min Hitting Set: [13, 22, 24]
Min Correction Subset: [3, 9, 17]
Iter 5: 
Min Hitting Set: [17, 22, 24]
Min Correction Subset: [13, 19]
Iter 6: 
Min Hitting Set: [13, 17, 22, 24]
Min Correction Subset: [9, 12, 23]
Iter 7: 
Min Hitting Set: [9, 13, 23, 24]
Min Correction Subset: [5, 18, 22]
Iter 8: 
Min Hitting Set: [9, 13, 22, 24]
Min Correction Subset: [12, 19, 23]
Iter 9: 
Min Hitting Set: [9, 13, 22, 23, 24]
Min Correction Subset: [5, 12, 18]
Iter 10: 
Min Hitting Set: [13, 17, 18, 23, 24]
Min Correction Subset: [3, 9, 19]
Iter 11: 
Min Hitting Set: [5, 17, 19, 23, 24]
Min Correction Subset: [12, 13]
Iter 12: 
Min Hitting Set: [9, 12, 13, 22, 24]
Min Correction Subset: [3, 5, 21, 23]
Iter 13: 
Min Hitting Set: [5, 9, 13, 23, 24]
Min Correction Subset: [1, 12, 18, 22]
Iter 14: 
Min Hitting Set: [3, 12, 13, 22, 24]
Min Correction Subset: [0, 9, 17]
Iter 15: 
Min Hitting Set: [9, 13, 18, 23, 24]
Min Correction Subset: [3, 5, 17, 22]
Optimal IIS
Instance: matching-16-20-70000
----------------------------
Query: 3
Query element:7
Query element:6
Query scope: 7
Query scope: 6
----------------------------
IIS optimality: suboptimal
IIS solution time: 702.821
IIS Constraint: 9; goods; {good:9}
IIS Constraint: 12; goods; {good:12}
IIS Constraint: 13; goods; {good:13}
IIS Constraint: 22; query; {bid:7,query:3}
IIS Constraint: 23; query; {bid:6,query:3}
IIS Constraint: 24; max; {f:24.137990000000002,objective:max}
