IIS generation
Iter 1: 
Min Hitting Set: []
Min Correction Subset: [28]
Iter 2: 
Min Hitting Set: [28]
Min Correction Subset: [25]
Iter 3: 
Min Hitting Set: [25, 28]
Min Correction Subset: [12]
Iter 4: 
Min Hitting Set: [12, 25, 28]
Min Correction Subset: [19, 26]
Iter 5: 
Min Hitting Set: [12, 19, 25, 28]
Min Correction Subset: [26, 27]
Iter 6: 
Min Hitting Set: [12, 25, 26, 28]
Min Correction Subset: [5, 11, 27]
Iter 7: 
Min Hitting Set: [12, 19, 25, 27, 28]
Min Correction Subset: [9, 22, 26]
Iter 8: 
Min Hitting Set: [12, 25, 26, 27, 28]
Min Correction Subset: [2, 5, 13, 22]
Iter 9: 
Min Hitting Set: [5, 12, 25, 26, 28]
Min Correction Subset: [6, 9, 13, 22]
Iter 10: 
Min Hitting Set: [12, 22, 25, 26, 27, 28]
Min Correction Subset: [5, 9, 10, 13, 14, 21, 23]
Iter 11: 
Min Hitting Set: [5, 12, 13, 25, 26, 28]
Min Correction Subset: [2, 6, 9, 14, 22]
Iter 12: 
Min Hitting Set: [5, 9, 12, 25, 26, 28]
Min Correction Subset: [11, 13, 22, 27]
Iter 13: 
Min Hitting Set: [5, 12, 22, 25, 26, 28]
Min Correction Subset: [6, 10, 11, 13, 23, 27]
Iter 14: 
Min Hitting Set: [5, 6, 12, 22, 25, 26, 28]
Min Correction Subset: [9, 11, 13, 14, 23, 27]
Iter 15: 
Min Hitting Set: [5, 6, 12, 25, 26, 27, 28]
Min Correction Subset: [2, 9, 13, 22]
Optimal IIS
Instance: matching-16-20-730000
----------------------------
Query: 9
Query element:7
Query element:15
Query scope: 2
Query scope: 3
Query scope: 19
Query scope: 20
----------------------------
IIS optimality: suboptimal
IIS solution time: 1043.538
IIS Constraint: 9; goods; {good:9}
IIS Constraint: 12; goods; {good:12}
IIS Constraint: 22; goods; {good:22}
IIS Constraint: 25; goods; {good:25}
IIS Constraint: 26; query; {good:7,query:9}
IIS Constraint: 27; query; {good:15,query:9}
IIS Constraint: 28; max; {f:33.58052,objective:max}
