IIS generation
Iter 1: 
Min Hitting Set: []
Min Correction Subset: [25]
Iter 2: 
Min Hitting Set: [25]
Min Correction Subset: [19]
Iter 3: 
Min Hitting Set: [19, 25]
Min Correction Subset: [23]
Iter 4: 
Min Hitting Set: [19, 23, 25]
Min Correction Subset: [13, 22]
Iter 5: 
Min Hitting Set: [13, 19, 23, 25]
Min Correction Subset: [5, 22]
Iter 6: 
Min Hitting Set: [19, 22, 23, 25]
Min Correction Subset: [3, 5]
Iter 7: 
Min Hitting Set: [5, 19, 22, 23, 25]
Min Correction Subset: [3, 14]
Iter 8: 
Min Hitting Set: [3, 19, 22, 23, 25]
Min Correction Subset: [5, 14, 21]
Iter 9: 
Min Hitting Set: [3, 5, 19, 22, 23, 25]
Min Correction Subset: [9, 14, 21]
Optimal IIS
Instance: matching-16-20-490000
----------------------------
Query: 9
Query element:1
Query element:10
Query scope: 8
Query scope: 9
Query scope: 10
Query scope: 11
Query scope: 19
----------------------------
IIS optimality: suboptimal
IIS solution time: 479.837
IIS Constraint: 5; goods; {good:5}
IIS Constraint: 14; goods; {good:14}
IIS Constraint: 19; goods; {good:19}
IIS Constraint: 22; goods; {good:22}
IIS Constraint: 23; query; {good:1,query:9}
IIS Constraint: 25; max; {f:25.748610000000003,objective:max}
