IIS generation
Iter 1: 
Min Hitting Set: []
Min Correction Subset: [21]
Iter 2: 
Min Hitting Set: [21]
Min Correction Subset: [20]
Iter 3: 
Min Hitting Set: [20, 21]
Min Correction Subset: [2, 3, 4]
Iter 4: 
Min Hitting Set: [2, 20, 21]
Min Correction Subset: [6, 11, 14, 16]
Iter 5: 
Min Hitting Set: [2, 6, 20, 21]
Min Correction Subset: [1, 11, 12, 14, 17]
Iter 6: 
Min Hitting Set: [2, 11, 20, 21]
Min Correction Subset: [0, 3, 6, 8, 14, 16]
Iter 7: 
Min Hitting Set: [3, 14, 20, 21]
Min Correction Subset: [2, 13, 15, 19]
Iter 8: 
Min Hitting Set: [2, 14, 20, 21]
Min Correction Subset: [3, 4, 11, 15, 19]
Optimal IIS
Instance: arbitrary-16-20-460000
----------------------------
Query: 10
Query element:14
Query element:13
Query scope: 3
Query scope: 7
Query scope: 10
----------------------------
IIS optimality: suboptimal
IIS solution time: 531.480
IIS Constraint: 2; goods; {good:2}
IIS Constraint: 11; goods; {good:11}
IIS Constraint: 14; goods; {good:14}
IIS Constraint: 20; query; {goods:[14,13],query:10}
IIS Constraint: 21; max; {f:658.273,objective:max}
