IIS generation
Iter 1: 
Min Hitting Set: []
Min Correction Subset: [29]
Iter 2: 
Min Hitting Set: [29]
Min Correction Subset: [5, 26]
Iter 3: 
Min Hitting Set: [5, 29]
Min Correction Subset: [9, 26]
Iter 4: 
Min Hitting Set: [26, 29]
Min Correction Subset: [5, 25]
Iter 5: 
Min Hitting Set: [5, 26, 29]
Min Correction Subset: [9, 25]
Iter 6: 
Min Hitting Set: [25, 26, 29]
Min Correction Subset: [5, 16]
Iter 7: 
Min Hitting Set: [5, 9, 29]
Min Correction Subset: [13, 26]
Iter 8: 
Min Hitting Set: [5, 9, 26, 29]
Min Correction Subset: [25, 28]
Iter 9: 
Min Hitting Set: [5, 25, 26, 29]
Min Correction Subset: [12, 28]
Iter 10: 
Min Hitting Set: [5, 9, 26, 28, 29]
Min Correction Subset: [13, 25]
Iter 11: 
Min Hitting Set: [5, 25, 26, 28, 29]
Min Correction Subset: [12, 27]
Iter 12: 
Min Hitting Set: [5, 12, 25, 26, 29]
Min Correction Subset: [9, 16]
Iter 13: 
Min Hitting Set: [12, 16, 25, 26, 29]
Min Correction Subset: [5, 27]
Iter 14: 
Min Hitting Set: [5, 9, 12, 25, 26, 29]
Min Correction Subset: [11, 28]
Iter 15: 
Min Hitting Set: [16, 25, 26, 27, 28, 29]
Min Correction Subset: [5, 19]
Iter 16: 
Min Hitting Set: [5, 9, 12, 13, 28, 29]
Min Correction Subset: [1, 14, 16]
Iter 17: 
Min Hitting Set: [5, 12, 16, 25, 26, 28, 29]
Min Correction Subset: [9, 15, 27]
Iter 18: 
Min Hitting Set: [5, 16, 25, 26, 27, 28, 29]
Min Correction Subset: [9, 12]
Iter 19: 
Min Hitting Set: [5, 9, 12, 13, 16, 28, 29]
Min Correction Subset: [0, 14, 26, 27]
Optimal IIS
Instance: matching-16-20-690000
----------------------------
Query: 3
Query element:12
Query element:4
Query scope: 12
Query scope: 4
----------------------------
IIS optimality: suboptimal
IIS solution time: 776.745
IIS Constraint: 5; goods; {good:5}
IIS Constraint: 9; goods; {good:9}
IIS Constraint: 13; goods; {good:13}
IIS Constraint: 16; goods; {good:16}
IIS Constraint: 27; query; {bid:12,query:3}
IIS Constraint: 28; query; {bid:4,query:3}
IIS Constraint: 29; max; {f:28.54758,objective:max}
