IIS generation
Iter 1: 
Min Hitting Set: []
Min Correction Subset: [11]
Iter 2: 
Min Hitting Set: [11]
Min Correction Subset: [22]
Iter 3: 
Min Hitting Set: [11, 22]
Min Correction Subset: [8]
Iter 4: 
Min Hitting Set: [8, 11, 22]
Min Correction Subset: [5, 9]
Iter 5: 
Min Hitting Set: [5, 8, 11, 22]
Min Correction Subset: [20, 21]
Iter 6: 
Min Hitting Set: [5, 8, 11, 20, 22]
Min Correction Subset: [0, 2]
Iter 7: 
Min Hitting Set: [0, 5, 8, 11, 20, 22]
Min Correction Subset: [2, 3, 21]
Iter 8: 
Min Hitting Set: [2, 5, 8, 11, 21, 22]
Min Correction Subset: [13, 17, 19, 20]
Optimal IIS
Instance: regions-16-20-250000
----------------------------
Query: 9
Query element:4
Query element:14
Query scope: 17
Query scope: 18
Query scope: 19
Query scope: 7
Query scope: 12
Query scope: 13
Query scope: 14
Query scope: 15
Query scope: 16
----------------------------
IIS optimality: suboptimal
IIS solution time: 50.304
IIS Constraint: 2; goods; {good:2}
IIS Constraint: 5; goods; {good:5}
IIS Constraint: 8; goods; {good:8}
IIS Constraint: 11; goods; {good:11}
IIS Constraint: 20; query; {good:4,query:9}
IIS Constraint: 22; max; {f:943.188,objective:max}
