IIS generation
Iter 1: 
Min Hitting Set: []
Min Correction Subset: [90]
Iter 2: 
Min Hitting Set: [90]
Min Correction Subset: [796]
Iter 3: 
Min Hitting Set: [90, 796]
Min Correction Subset: [28, 797]
Optimal IIS
IIS generation
Instance: j3035_8
----------------------------
Query: 6
Query element:29,62
Query element:28,60
Query scope: 3567
Query scope: 3448
----------------------------
IIS optimality: infeasible
IIS solution time: 8.026
IIS Constraint: 28; completion; {activity:29}
IIS Constraint: 90; precedence; {activity:29,predecessor:28}
IIS Constraint: 796; query; {activities:[29,28],t:62,query:6}
