IIS generation
Iter 1: 
Min Hitting Set: []
Min Correction Subset: [817]
Iter 2: 
Min Hitting Set: [817]
Min Correction Subset: [816]
Iter 3: 
Min Hitting Set: [816, 817]
Min Correction Subset: [97, 98]
Iter 4: 
Min Hitting Set: [97, 816, 817]
Min Correction Subset: [81, 93]
Iter 5: 
Min Hitting Set: [81, 97, 816, 817]
Min Correction Subset: [89, 98]
Iter 6: 
Min Hitting Set: [81, 98, 816, 817]
Min Correction Subset: [92, 93, 97]
Iter 7: 
Min Hitting Set: [93, 98, 816, 817]
Min Correction Subset: [81, 86]
Iter 8: 
Min Hitting Set: [81, 93, 98, 816, 817]
Min Correction Subset: [86, 89, 92]
Optimal IIS
IIS generation
Instance: j3035_1
----------------------------
Query: 2
Query element:25,65
Query scope: 3180
----------------------------
IIS optimality: suboptimal
IIS solution time: 32.970
IIS Constraint: 81; precedence; {activity:26,predecessor:25}
IIS Constraint: 92; precedence; {activity:30,predecessor:26}
IIS Constraint: 98; precedence; {activity:32,predecessor:30}
IIS Constraint: 816; query; {activity:25,t:65,query:2}
IIS Constraint: 817; max; {f:57.0,objective:max}
