IIS generation
Iter 1: 
Min Hitting Set: []
Min Correction Subset: [38]
Iter 2: 
Min Hitting Set: [38]
Min Correction Subset: [2]
Iter 3: 
Min Hitting Set: [2, 38]
Min Correction Subset: [1]
Iter 4: 
Min Hitting Set: [1, 2, 38]
Min Correction Subset: [37]
Iter 5: 
Min Hitting Set: [1, 2, 37, 38]
Min Correction Subset: [43]
Iter 6: 
Min Hitting Set: [1, 2, 37, 38, 43]
Min Correction Subset: [51]
Iter 7: 
Min Hitting Set: [1, 2, 37, 38, 43, 51]
Min Correction Subset: [288]
Iter 8: 
Min Hitting Set: [1, 2, 37, 38, 43, 51, 288]
Min Correction Subset: [870]
Iter 9: 
Min Hitting Set: [1, 2, 37, 38, 43, 51, 288, 870]
Min Correction Subset: [293]
Iter 10: 
Min Hitting Set: [1, 2, 37, 38, 43, 51, 288, 293, 870]
Min Correction Subset: [62]
Iter 11: 
Min Hitting Set: [1, 2, 37, 38, 43, 51, 62, 288, 293, 870]
Min Correction Subset: [21, 871]
Iter 12: 
Min Hitting Set: [1, 2, 21, 37, 38, 43, 51, 62, 288, 293, 870]
Min Correction Subset: [289, 290, 291]
Iter 13: 
Min Hitting Set: [1, 2, 21, 37, 38, 43, 51, 62, 288, 289, 293, 870]
Min Correction Subset: [290, 291, 292]
Optimal IIS
IIS generation
Instance: j3018_4
----------------------------
Query: 3
Query element:22,42
Query scope: 2955
Query scope: 2956
Query scope: 2957
----------------------------
IIS optimality: infeasible
IIS solution time: 1833.088
IIS Constraint: 1; completion; {activity:2}
IIS Constraint: 2; completion; {activity:3}
IIS Constraint: 21; completion; {activity:22}
IIS Constraint: 37; precedence; {activity:6,predecessor:2}
IIS Constraint: 38; precedence; {activity:6,predecessor:3}
IIS Constraint: 43; precedence; {activity:11,predecessor:6}
IIS Constraint: 51; precedence; {activity:17,predecessor:11}
IIS Constraint: 62; precedence; {activity:22,predecessor:17}
IIS Constraint: 288; renewable; {resource:2,t:3}
IIS Constraint: 290; renewable; {resource:2,t:5}
IIS Constraint: 293; renewable; {resource:2,t:8}
IIS Constraint: 870; query; {activity:22,t:42,query:3}
