IIS generation
Iter 1: 
Min Hitting Set: []
Min Correction Subset: [699]
Iter 2: 
Min Hitting Set: [699]
Min Correction Subset: [78, 682]
IIS generation
Instance: j3013_4
----------------------------
Query: 8
Query element:12,49
Query element:14,49
Query element:28,44
Query scope: 1213
Query scope: 1443
Query scope: 3018
Query scope: 3563
Query scope: 1214
Query scope: 1444
Query scope: 3019
Query scope: 3564
Query scope: 1215
Query scope: 1445
Query scope: 3020
Query scope: 3565
Query scope: 1216
Query scope: 1446
Query scope: 3021
Query scope: 3566
Query scope: 1217
Query scope: 1447
Query scope: 3022
Query scope: 3567
Query scope: 1218
Query scope: 1448
Query scope: 3023
Query scope: 3568
Query scope: 1219
Query scope: 1449
Query scope: 3024
Query scope: 3569
Query scope: 1220
Query scope: 1450
Query scope: 3025
Query scope: 3570
Query scope: 1221
Query scope: 1451
Query scope: 3026
Query scope: 3571
Query scope: 1222
Query scope: 1452
Query scope: 3027
Query scope: 3572
Query scope: 1223
Query scope: 1453
Query scope: 3028
Query scope: 3573
Query scope: 1224
Query scope: 1454
Query scope: 3029
Query scope: 3574
Query scope: 1225
Query scope: 1455
Query scope: 3030
Query scope: 3575
Query scope: 1226
Query scope: 1456
Query scope: 3031
Query scope: 3576
Query scope: 1227
Query scope: 1457
Query scope: 3032
Query scope: 3577
Query scope: 1228
Query scope: 1458
Query scope: 3033
Query scope: 3578
Query scope: 1229
Query scope: 1459
Query scope: 3034
Query scope: 3579
Query scope: 1230
Query scope: 1460
Query scope: 3035
Query scope: 3580
Query scope: 1231
Query scope: 1461
Query scope: 3036
Query scope: 3581
Query scope: 1232
Query scope: 1462
Query scope: 3037
Query scope: 3582
Query scope: 1233
Query scope: 1463
Query scope: 3038
Query scope: 3583
Query scope: 1234
Query scope: 1464
Query scope: 3039
Query scope: 3584
Query scope: 1235
Query scope: 1465
Query scope: 3040
Query scope: 3585
Query scope: 1236
Query scope: 1466
Query scope: 3041
Query scope: 3586
Query scope: 1237
Query scope: 1467
Query scope: 3042
Query scope: 3587
Query scope: 1238
Query scope: 1468
Query scope: 3043
Query scope: 3588
Query scope: 1239
Query scope: 1469
Query scope: 3044
Query scope: 3589
Query scope: 1240
Query scope: 1470
Query scope: 3045
Query scope: 3590
Query scope: 1241
Query scope: 1471
Query scope: 3046
Query scope: 3591
Query scope: 1242
Query scope: 1472
Query scope: 3047
Query scope: 3592
Query scope: 1243
Query scope: 1473
Query scope: 3048
Query scope: 3593
Query scope: 1244
Query scope: 1474
Query scope: 3049
Query scope: 3594
Query scope: 1245
Query scope: 1475
Query scope: 3050
Query scope: 3595
Query scope: 1246
Query scope: 1476
Query scope: 3051
Query scope: 3596
Query scope: 1247
Query scope: 1477
Query scope: 3052
Query scope: 3597
Query scope: 1248
Query scope: 1478
Query scope: 3053
Query scope: 3598
Query scope: 1249
Query scope: 1479
Query scope: 3054
Query scope: 3599
Query scope: 1250
Query scope: 1480
Query scope: 3055
Query scope: 3600
Query scope: 1251
Query scope: 1481
Query scope: 3056
Query scope: 3601
Query scope: 1252
Query scope: 1482
Query scope: 3057
Query scope: 3602
Query scope: 1253
Query scope: 1483
Query scope: 3058
Query scope: 3603
Query scope: 1254
Query scope: 1484
Query scope: 3059
Query scope: 3604
Query scope: 1255
Query scope: 1485
Query scope: 3060
Query scope: 3605
Query scope: 1256
Query scope: 1486
Query scope: 3061
Query scope: 3606
Query scope: 1257
Query scope: 1487
Query scope: 3062
Query scope: 3607
Query scope: 1258
Query scope: 1488
Query scope: 3063
Query scope: 3608
Query scope: 1259
Query scope: 1489
Query scope: 3064
Query scope: 3609
Query scope: 1260
Query scope: 1490
Query scope: 3065
Query scope: 3610
Query scope: 1261
Query scope: 1491
Query scope: 3066
Query scope: 3611
Query scope: 1262
Query scope: 1492
Query scope: 3067
Query scope: 3612
Query scope: 1263
Query scope: 1493
Query scope: 3068
Query scope: 3613
Query scope: 1264
Query scope: 1494
Query scope: 3069
Query scope: 3614
Query scope: 1265
Query scope: 1495
Query scope: 3070
Query scope: 3615
Query scope: 1266
Query scope: 1496
Query scope: 3071
Query scope: 3616
Query scope: 1267
Query scope: 1497
Query scope: 3072
Query scope: 3617
Query scope: 1268
Query scope: 1498
Query scope: 3073
Query scope: 3618
Query scope: 1269
Query scope: 1499
Query scope: 3074
Query scope: 3619
Query scope: 1270
Query scope: 1500
Query scope: 3075
Query scope: 3620
Query scope: 1271
Query scope: 1501
Query scope: 3076
Query scope: 3621
Query scope: 1272
Query scope: 1502
Query scope: 3077
Query scope: 3622
Query scope: 1273
Query scope: 1503
Query scope: 3078
Query scope: 3623
Query scope: 1274
Query scope: 1504
Query scope: 3079
Query scope: 3624
Query scope: 1275
Query scope: 1505
Query scope: 3080
Query scope: 3625
Query scope: 1276
Query scope: 1506
Query scope: 3081
Query scope: 3626
Query scope: 1277
Query scope: 1507
Query scope: 3082
Query scope: 3627
Query scope: 1278
Query scope: 1508
Query scope: 3083
Query scope: 3628
Query scope: 1279
Query scope: 1509
Query scope: 3084
Query scope: 3629
Query scope: 1280
Query scope: 1510
Query scope: 3085
Query scope: 3630
Query scope: 1281
Query scope: 1511
Query scope: 3086
Query scope: 3631
Query scope: 1282
Query scope: 1512
Query scope: 3087
Query scope: 3632
Query scope: 1283
Query scope: 1513
Query scope: 3088
Query scope: 3633
Query scope: 1284
Query scope: 1514
Query scope: 3089
Query scope: 3634
Query scope: 1285
Query scope: 1515
Query scope: 3090
Query scope: 3635
Query scope: 1286
Query scope: 1516
Query scope: 3091
Query scope: 3636
Query scope: 1287
Query scope: 1517
Query scope: 3092
Query scope: 3637
Query scope: 1288
Query scope: 1518
Query scope: 3093
Query scope: 3638
Query scope: 1289
Query scope: 1519
Query scope: 3094
Query scope: 3639
Query scope: 1290
Query scope: 1520
Query scope: 3095
Query scope: 3640
Query scope: 1291
Query scope: 1521
Query scope: 3096
Query scope: 3641
Query scope: 1292
Query scope: 1522
Query scope: 3097
Query scope: 3642
Query scope: 1293
Query scope: 1523
Query scope: 3098
Query scope: 3643
Query scope: 1294
Query scope: 1524
Query scope: 3099
Query scope: 3644
Query scope: 1295
Query scope: 1525
Query scope: 3100
Query scope: 3645
Query scope: 1296
Query scope: 1526
Query scope: 3101
Query scope: 3646
Query scope: 1297
Query scope: 1527
Query scope: 3102
Query scope: 3647
Query scope: 1298
Query scope: 1528
Query scope: 3103
Query scope: 3648
Query scope: 1299
Query scope: 1529
Query scope: 3104
Query scope: 3649
Query scope: 1300
Query scope: 1530
Query scope: 3105
Query scope: 3650
Query scope: 1301
Query scope: 1531
Query scope: 3106
Query scope: 3651
Query scope: 1302
Query scope: 1532
Query scope: 3107
Query scope: 3652
Query scope: 1303
Query scope: 1533
Query scope: 3108
Query scope: 3653
Query scope: 1304
Query scope: 1534
Query scope: 3109
Query scope: 3654
Query scope: 1305
Query scope: 1535
Query scope: 3110
Query scope: 3655
Query scope: 1306
Query scope: 1536
Query scope: 3111
Query scope: 3656
Query scope: 1307
Query scope: 1537
Query scope: 3112
Query scope: 3657
Query scope: 1308
Query scope: 1538
Query scope: 3113
Query scope: 3658
Query scope: 1309
Query scope: 1539
Query scope: 3114
Query scope: 3659
Query scope: 1310
Query scope: 1540
Query scope: 3115
Query scope: 3660
----------------------------
IIS optimality: infeasible
IIS solution time: 36335.083
IIS Constraint: 699; query; {activities:[12,14,28],t:50,query:8}
