IIS generation
Iter 1: 
Min Hitting Set: []
Min Correction Subset: [804]
Iter 2: 
Min Hitting Set: [804]
Min Correction Subset: [86]
Iter 3: 
Min Hitting Set: [86, 804]
Min Correction Subset: [97]
Iter 4: 
Min Hitting Set: [86, 97, 804]
Min Correction Subset: [49]
Iter 5: 
Min Hitting Set: [49, 86, 97, 804]
Min Correction Subset: [69]
Iter 6: 
Min Hitting Set: [49, 69, 86, 97, 804]
Min Correction Subset: [66]
Iter 7: 
Min Hitting Set: [49, 66, 69, 86, 97, 804]
Min Correction Subset: [75]
Iter 8: 
Min Hitting Set: [49, 66, 69, 75, 86, 97, 804]
Min Correction Subset: [710]
Iter 9: 
Min Hitting Set: [49, 66, 69, 75, 86, 97, 710, 804]
Min Correction Subset: [709]
Iter 10: 
Min Hitting Set: [49, 66, 69, 75, 86, 97, 709, 710, 804]
Min Correction Subset: [708]
Iter 11: 
Min Hitting Set: [49, 66, 69, 75, 86, 97, 708, 709, 710, 804]
Min Correction Subset: [715]
Iter 12: 
Min Hitting Set: [49, 66, 69, 75, 86, 97, 708, 709, 710, 715, 804]
Min Correction Subset: [711]
Iter 13: 
Min Hitting Set: [49, 66, 69, 75, 86, 97, 708, 709, 710, 711, 715, 804]
Min Correction Subset: [712]
Iter 14: 
Min Hitting Set: [49, 66, 69, 75, 86, 97, 708, 709, 710, 711, 712, 715, 804]
Min Correction Subset: [714]
Iter 15: 
Min Hitting Set: [49, 66, 69, 75, 86, 97, 708, 709, 710, 711, 712, 714, 715, 804]
Min Correction Subset: [713]
Iter 16: 
Min Hitting Set: [49, 66, 69, 75, 86, 97, 708, 709, 710, 711, 712, 713, 714, 715, 804]
Min Correction Subset: [717]
Iter 17: 
Min Hitting Set: [49, 66, 69, 75, 86, 97, 708, 709, 710, 711, 712, 713, 714, 715, 717, 804]
Min Correction Subset: [716]
Iter 18: 
Min Hitting Set: [49, 66, 69, 75, 86, 97, 708, 709, 710, 711, 712, 713, 714, 715, 716, 717, 804]
Min Correction Subset: [718]
Iter 19: 
Min Hitting Set: [49, 66, 69, 75, 86, 97, 708, 709, 710, 711, 712, 713, 714, 715, 716, 717, 718, 804]
Min Correction Subset: [90]
Iter 20: 
Min Hitting Set: [49, 66, 69, 75, 86, 90, 97, 708, 709, 710, 711, 712, 713, 714, 715, 716, 717, 718, 804]
Min Correction Subset: [719]
Iter 21: 
Min Hitting Set: [49, 66, 69, 75, 86, 90, 97, 708, 709, 710, 711, 712, 713, 714, 715, 716, 717, 718, 719, 804]
Min Correction Subset: [721]
Iter 22: 
Min Hitting Set: [49, 66, 69, 75, 86, 90, 97, 708, 709, 710, 711, 712, 713, 714, 715, 716, 717, 718, 719, 721, 804]
Min Correction Subset: [720]
Iter 23: 
Min Hitting Set: [49, 66, 69, 75, 86, 90, 97, 708, 709, 710, 711, 712, 713, 714, 715, 716, 717, 718, 719, 720, 721, 804]
Min Correction Subset: [59, 723]
Iter 24: 
Min Hitting Set: [49, 59, 66, 69, 75, 86, 90, 97, 708, 709, 710, 711, 712, 713, 714, 715, 716, 717, 718, 719, 720, 721, 804]
Min Correction Subset: [84, 722]
Iter 25: 
Min Hitting Set: [49, 59, 66, 69, 75, 84, 86, 90, 97, 708, 709, 710, 711, 712, 713, 714, 715, 716, 717, 718, 719, 720, 721, 804]
Min Correction Subset: [87, 722]
Iter 26: 
Min Hitting Set: [49, 59, 66, 69, 75, 86, 90, 97, 708, 709, 710, 711, 712, 713, 714, 715, 716, 717, 718, 719, 720, 721, 722, 804]
Min Correction Subset: [84, 723]
Iter 27: 
Min Hitting Set: [49, 66, 69, 75, 86, 90, 97, 708, 709, 710, 711, 712, 713, 714, 715, 716, 717, 718, 719, 720, 721, 722, 723, 804]
Min Correction Subset: [87, 725]
Iter 28: 
Min Hitting Set: [49, 66, 69, 75, 84, 86, 87, 90, 97, 708, 709, 710, 711, 712, 713, 714, 715, 716, 717, 718, 719, 720, 721, 723, 804]
Min Correction Subset: [59, 722]
Iter 29: 
Min Hitting Set: [49, 59, 66, 69, 75, 84, 86, 87, 90, 97, 708, 709, 710, 711, 712, 713, 714, 715, 716, 717, 718, 719, 720, 721, 804]
Min Correction Subset: [16, 55, 56, 722]
Iter 30: 
Min Hitting Set: [49, 66, 69, 75, 86, 87, 90, 97, 708, 709, 710, 711, 712, 713, 714, 715, 716, 717, 718, 719, 720, 721, 722, 723, 804]
Min Correction Subset: [84, 724]
Iter 31: 
Min Hitting Set: [49, 66, 69, 75, 84, 86, 87, 90, 97, 708, 709, 710, 711, 712, 713, 714, 715, 716, 717, 718, 719, 720, 721, 722, 723, 804]
Min Correction Subset: [59, 724]
Iter 32: 
Min Hitting Set: [49, 59, 66, 69, 75, 84, 86, 87, 90, 97, 708, 709, 710, 711, 712, 713, 714, 715, 716, 717, 718, 719, 720, 721, 722, 804]
Min Correction Subset: [16, 55, 56, 723]
Iter 33: 
Min Hitting Set: [49, 66, 69, 75, 86, 87, 90, 97, 708, 709, 710, 711, 712, 713, 714, 715, 716, 717, 718, 719, 720, 721, 722, 723, 724, 804]
Min Correction Subset: [84, 725]
Optimal IIS
IIS generation
Instance: j3044_6
----------------------------
Query: 8
Query element:13,24
Query element:17,24
Query element:11,22
Query scope: 1255
Query scope: 1700
Query scope: 1050
Query scope: 3385
Query scope: 1256
Query scope: 1701
Query scope: 1051
Query scope: 3386
Query scope: 1257
Query scope: 1702
Query scope: 1052
Query scope: 3387
Query scope: 1258
Query scope: 1703
Query scope: 1053
Query scope: 3388
Query scope: 1259
Query scope: 1704
Query scope: 1054
Query scope: 3389
Query scope: 1260
Query scope: 1705
Query scope: 1055
Query scope: 3390
Query scope: 1261
Query scope: 1706
Query scope: 1056
Query scope: 3391
Query scope: 1262
Query scope: 1707
Query scope: 1057
Query scope: 3392
Query scope: 1263
Query scope: 1708
Query scope: 1058
Query scope: 3393
Query scope: 1264
Query scope: 1709
Query scope: 1059
Query scope: 3394
Query scope: 1265
Query scope: 1710
Query scope: 1060
Query scope: 3395
Query scope: 1266
Query scope: 1711
Query scope: 1061
Query scope: 3396
Query scope: 1267
Query scope: 1712
Query scope: 1062
Query scope: 3397
Query scope: 1268
Query scope: 1713
Query scope: 1063
Query scope: 3398
Query scope: 1269
Query scope: 1714
Query scope: 1064
Query scope: 3399
Query scope: 1270
Query scope: 1715
Query scope: 1065
Query scope: 3400
Query scope: 1271
Query scope: 1716
Query scope: 1066
Query scope: 3401
Query scope: 1272
Query scope: 1717
Query scope: 1067
Query scope: 3402
Query scope: 1273
Query scope: 1718
Query scope: 1068
Query scope: 3403
Query scope: 1274
Query scope: 1719
Query scope: 1069
Query scope: 3404
Query scope: 1275
Query scope: 1720
Query scope: 1070
Query scope: 3405
Query scope: 1276
Query scope: 1721
Query scope: 1071
Query scope: 3406
Query scope: 1277
Query scope: 1722
Query scope: 1072
Query scope: 3407
Query scope: 1278
Query scope: 1723
Query scope: 1073
Query scope: 3408
Query scope: 1279
Query scope: 1724
Query scope: 1074
Query scope: 3409
Query scope: 1280
Query scope: 1725
Query scope: 1075
Query scope: 3410
Query scope: 1281
Query scope: 1726
Query scope: 1076
Query scope: 3411
Query scope: 1282
Query scope: 1727
Query scope: 1077
Query scope: 3412
Query scope: 1283
Query scope: 1728
Query scope: 1078
Query scope: 3413
Query scope: 1284
Query scope: 1729
Query scope: 1079
Query scope: 3414
Query scope: 1285
Query scope: 1730
Query scope: 1080
Query scope: 3415
Query scope: 1286
Query scope: 1731
Query scope: 1081
Query scope: 3416
Query scope: 1287
Query scope: 1732
Query scope: 1082
Query scope: 3417
Query scope: 1288
Query scope: 1733
Query scope: 1083
Query scope: 3418
Query scope: 1289
Query scope: 1734
Query scope: 1084
Query scope: 3419
Query scope: 1290
Query scope: 1735
Query scope: 1085
Query scope: 3420
Query scope: 1291
Query scope: 1736
Query scope: 1086
Query scope: 3421
Query scope: 1292
Query scope: 1737
Query scope: 1087
Query scope: 3422
Query scope: 1293
Query scope: 1738
Query scope: 1088
Query scope: 3423
Query scope: 1294
Query scope: 1739
Query scope: 1089
Query scope: 3424
Query scope: 1295
Query scope: 1740
Query scope: 1090
Query scope: 3425
Query scope: 1296
Query scope: 1741
Query scope: 1091
Query scope: 3426
Query scope: 1297
Query scope: 1742
Query scope: 1092
Query scope: 3427
Query scope: 1298
Query scope: 1743
Query scope: 1093
Query scope: 3428
Query scope: 1299
Query scope: 1744
Query scope: 1094
Query scope: 3429
Query scope: 1300
Query scope: 1745
Query scope: 1095
Query scope: 3430
Query scope: 1301
Query scope: 1746
Query scope: 1096
Query scope: 3431
Query scope: 1302
Query scope: 1747
Query scope: 1097
Query scope: 3432
Query scope: 1303
Query scope: 1748
Query scope: 1098
Query scope: 3433
Query scope: 1304
Query scope: 1749
Query scope: 1099
Query scope: 3434
Query scope: 1305
Query scope: 1750
Query scope: 1100
Query scope: 3435
Query scope: 1306
Query scope: 1751
Query scope: 1101
Query scope: 3436
Query scope: 1307
Query scope: 1752
Query scope: 1102
Query scope: 3437
Query scope: 1308
Query scope: 1753
Query scope: 1103
Query scope: 3438
Query scope: 1309
Query scope: 1754
Query scope: 1104
Query scope: 3439
Query scope: 1310
Query scope: 1755
Query scope: 1105
Query scope: 3440
Query scope: 1311
Query scope: 1756
Query scope: 1106
Query scope: 3441
Query scope: 1312
Query scope: 1757
Query scope: 1107
Query scope: 3442
Query scope: 1313
Query scope: 1758
Query scope: 1108
Query scope: 3443
Query scope: 1314
Query scope: 1759
Query scope: 1109
Query scope: 3444
Query scope: 1315
Query scope: 1760
Query scope: 1110
Query scope: 3445
Query scope: 1316
Query scope: 1761
Query scope: 1111
Query scope: 3446
Query scope: 1317
Query scope: 1762
Query scope: 1112
Query scope: 3447
Query scope: 1318
Query scope: 1763
Query scope: 1113
Query scope: 3448
Query scope: 1319
Query scope: 1764
Query scope: 1114
Query scope: 3449
Query scope: 1320
Query scope: 1765
Query scope: 1115
Query scope: 3450
Query scope: 1321
Query scope: 1766
Query scope: 1116
Query scope: 3451
Query scope: 1322
Query scope: 1767
Query scope: 1117
Query scope: 3452
Query scope: 1323
Query scope: 1768
Query scope: 1118
Query scope: 3453
Query scope: 1324
Query scope: 1769
Query scope: 1119
Query scope: 3454
Query scope: 1325
Query scope: 1770
Query scope: 1120
Query scope: 3455
Query scope: 1326
Query scope: 1771
Query scope: 1121
Query scope: 3456
Query scope: 1327
Query scope: 1772
Query scope: 1122
Query scope: 3457
Query scope: 1328
Query scope: 1773
Query scope: 1123
Query scope: 3458
Query scope: 1329
Query scope: 1774
Query scope: 1124
Query scope: 3459
Query scope: 1330
Query scope: 1775
Query scope: 1125
Query scope: 3460
Query scope: 1331
Query scope: 1776
Query scope: 1126
Query scope: 3461
Query scope: 1332
Query scope: 1777
Query scope: 1127
Query scope: 3462
Query scope: 1333
Query scope: 1778
Query scope: 1128
Query scope: 3463
Query scope: 1334
Query scope: 1779
Query scope: 1129
Query scope: 3464
Query scope: 1335
Query scope: 1780
Query scope: 1130
Query scope: 3465
Query scope: 1336
Query scope: 1781
Query scope: 1131
Query scope: 3466
Query scope: 1337
Query scope: 1782
Query scope: 1132
Query scope: 3467
Query scope: 1338
Query scope: 1783
Query scope: 1133
Query scope: 3468
Query scope: 1339
Query scope: 1784
Query scope: 1134
Query scope: 3469
Query scope: 1340
Query scope: 1785
Query scope: 1135
Query scope: 3470
Query scope: 1341
Query scope: 1786
Query scope: 1136
Query scope: 3471
Query scope: 1342
Query scope: 1787
Query scope: 1137
Query scope: 3472
Query scope: 1343
Query scope: 1788
Query scope: 1138
Query scope: 3473
Query scope: 1344
Query scope: 1789
Query scope: 1139
Query scope: 3474
Query scope: 1345
Query scope: 1790
Query scope: 1140
Query scope: 3475
Query scope: 1346
Query scope: 1791
Query scope: 1141
Query scope: 3476
Query scope: 1347
Query scope: 1792
Query scope: 1142
Query scope: 3477
Query scope: 1348
Query scope: 1793
Query scope: 1143
Query scope: 3478
Query scope: 1349
Query scope: 1794
Query scope: 1144
Query scope: 3479
----------------------------
IIS optimality: suboptimal
IIS solution time: 94.235
IIS Constraint: 16; completion; {activity:17}
IIS Constraint: 49; precedence; {activity:14,predecessor:11}
IIS Constraint: 59; precedence; {activity:19,predecessor:17}
IIS Constraint: 66; precedence; {activity:21,predecessor:14}
IIS Constraint: 69; precedence; {activity:22,predecessor:21}
IIS Constraint: 75; precedence; {activity:24,predecessor:22}
IIS Constraint: 84; precedence; {activity:27,predecessor:19}
IIS Constraint: 86; precedence; {activity:28,predecessor:24}
IIS Constraint: 87; precedence; {activity:28,predecessor:27}
IIS Constraint: 90; precedence; {activity:29,predecessor:28}
IIS Constraint: 97; precedence; {activity:32,predecessor:29}
IIS Constraint: 708; query; {activities:[13,17,11],t:24,query:8}
IIS Constraint: 709; query; {activities:[13,17,11],t:25,query:8}
IIS Constraint: 710; query; {activities:[13,17,11],t:26,query:8}
IIS Constraint: 711; query; {activities:[13,17,11],t:27,query:8}
IIS Constraint: 712; query; {activities:[13,17,11],t:28,query:8}
IIS Constraint: 713; query; {activities:[13,17,11],t:29,query:8}
IIS Constraint: 714; query; {activities:[13,17,11],t:30,query:8}
IIS Constraint: 715; query; {activities:[13,17,11],t:31,query:8}
IIS Constraint: 716; query; {activities:[13,17,11],t:32,query:8}
IIS Constraint: 717; query; {activities:[13,17,11],t:33,query:8}
IIS Constraint: 718; query; {activities:[13,17,11],t:34,query:8}
IIS Constraint: 719; query; {activities:[13,17,11],t:35,query:8}
IIS Constraint: 720; query; {activities:[13,17,11],t:36,query:8}
IIS Constraint: 721; query; {activities:[13,17,11],t:37,query:8}
IIS Constraint: 804; max; {f:56.0,objective:max}
