IIS generation
Iter 1: 
Min Hitting Set: []
Min Correction Subset: [84]
Iter 2: 
Min Hitting Set: [84]
Min Correction Subset: [731]
Iter 3: 
Min Hitting Set: [84, 731]
Min Correction Subset: [60]
Iter 4: 
Min Hitting Set: [60, 84, 731]
Min Correction Subset: [72]
Iter 5: 
Min Hitting Set: [60, 72, 84, 731]
Min Correction Subset: [67]
Iter 6: 
Min Hitting Set: [60, 67, 72, 84, 731]
Min Correction Subset: [88]
Iter 7: 
Min Hitting Set: [60, 67, 72, 84, 88, 731]
Min Correction Subset: [56]
Iter 8: 
Min Hitting Set: [56, 60, 67, 72, 84, 88, 731]
Min Correction Subset: [75]
Iter 9: 
Min Hitting Set: [56, 60, 67, 72, 75, 84, 88, 731]
Min Correction Subset: [78]
Iter 10: 
Min Hitting Set: [56, 60, 67, 72, 75, 78, 84, 88, 731]
Min Correction Subset: [285]
Iter 11: 
Min Hitting Set: [56, 60, 67, 72, 75, 78, 84, 88, 285, 731]
Min Correction Subset: [284]
Iter 12: 
Min Hitting Set: [56, 60, 67, 72, 75, 78, 84, 88, 284, 285, 731]
Min Correction Subset: [44]
Iter 13: 
Min Hitting Set: [44, 56, 60, 67, 72, 75, 78, 84, 88, 284, 285, 731]
Min Correction Subset: [730]
Iter 14: 
Min Hitting Set: [44, 56, 60, 67, 72, 75, 78, 84, 88, 284, 285, 730, 731]
Min Correction Subset: [83, 87]
Iter 15: 
Min Hitting Set: [44, 56, 60, 67, 72, 75, 78, 83, 84, 88, 284, 285, 730, 731]
Min Correction Subset: [81, 82]
Iter 16: 
Min Hitting Set: [44, 56, 60, 67, 72, 75, 78, 81, 83, 84, 88, 284, 285, 730, 731]
Min Correction Subset: [82, 87]
Iter 17: 
Min Hitting Set: [44, 56, 60, 67, 72, 75, 78, 82, 84, 87, 88, 284, 285, 730, 731]
Min Correction Subset: [81, 83]
Iter 18: 
Min Hitting Set: [44, 56, 60, 67, 72, 75, 78, 82, 83, 84, 88, 284, 285, 730, 731]
Min Correction Subset: [87, 139]
Iter 19: 
Min Hitting Set: [44, 56, 60, 67, 72, 75, 78, 81, 84, 87, 88, 284, 285, 730, 731]
Min Correction Subset: [17, 53, 54, 55]
Optimal IIS
IIS generation
Instance: j3023_7
----------------------------
Query: 6
Query element:11,27
Query element:10,25
Query scope: 1129
Query scope: 1027
----------------------------
IIS optimality: suboptimal
IIS solution time: 5556.296
IIS Constraint: 17; completion; {activity:18}
IIS Constraint: 44; precedence; {activity:12,predecessor:10}
IIS Constraint: 56; precedence; {activity:19,predecessor:12}
IIS Constraint: 60; precedence; {activity:20,predecessor:19}
IIS Constraint: 67; precedence; {activity:25,predecessor:20}
IIS Constraint: 72; precedence; {activity:26,predecessor:25}
IIS Constraint: 75; precedence; {activity:27,predecessor:18}
IIS Constraint: 78; precedence; {activity:28,predecessor:26}
IIS Constraint: 81; precedence; {activity:29,predecessor:27}
IIS Constraint: 84; precedence; {activity:30,predecessor:28}
IIS Constraint: 87; precedence; {activity:32,predecessor:29}
IIS Constraint: 88; precedence; {activity:32,predecessor:30}
IIS Constraint: 284; renewable; {resource:2,t:34}
IIS Constraint: 285; renewable; {resource:2,t:35}
IIS Constraint: 730; query; {activities:[11,10],t:27,query:6}
IIS Constraint: 731; max; {f:60.0,objective:max}
