IIS generation
Iter 1: 
Min Hitting Set: []
Min Correction Subset: [90]
Iter 2: 
Min Hitting Set: [90]
Min Correction Subset: [714]
Iter 3: 
Min Hitting Set: [90, 714]
Min Correction Subset: [81]
Iter 4: 
Min Hitting Set: [81, 90, 714]
Min Correction Subset: [86]
Iter 5: 
Min Hitting Set: [81, 86, 90, 714]
Min Correction Subset: [97]
Iter 6: 
Min Hitting Set: [81, 86, 90, 97, 714]
Min Correction Subset: [71]
Iter 7: 
Min Hitting Set: [71, 81, 86, 90, 97, 714]
Min Correction Subset: [72]
Iter 8: 
Min Hitting Set: [71, 72, 81, 86, 90, 97, 714]
Min Correction Subset: [53]
Iter 9: 
Min Hitting Set: [53, 71, 72, 81, 86, 90, 97, 714]
Min Correction Subset: [61]
Iter 10: 
Min Hitting Set: [53, 61, 71, 72, 81, 86, 90, 97, 714]
Min Correction Subset: [46]
Iter 11: 
Min Hitting Set: [46, 53, 61, 71, 72, 81, 86, 90, 97, 714]
Min Correction Subset: [583]
Iter 12: 
Min Hitting Set: [46, 53, 61, 71, 72, 81, 86, 90, 97, 583, 714]
Min Correction Subset: [52]
Iter 13: 
Min Hitting Set: [46, 52, 53, 61, 71, 72, 81, 86, 90, 97, 583, 714]
Min Correction Subset: [713]
Iter 14: 
Min Hitting Set: [46, 52, 53, 61, 71, 72, 81, 86, 90, 97, 583, 713, 714]
Min Correction Subset: [581]
Iter 15: 
Min Hitting Set: [46, 52, 53, 61, 71, 72, 81, 86, 90, 97, 581, 583, 713, 714]
Min Correction Subset: [585]
Iter 16: 
Min Hitting Set: [46, 52, 53, 61, 71, 72, 81, 86, 90, 97, 581, 583, 585, 713, 714]
Min Correction Subset: [578]
Iter 17: 
Min Hitting Set: [46, 52, 53, 61, 71, 72, 81, 86, 90, 97, 578, 581, 583, 585, 713, 714]
Min Correction Subset: [112]
Iter 18: 
Min Hitting Set: [46, 52, 53, 61, 71, 72, 81, 86, 90, 97, 112, 578, 581, 583, 585, 713, 714]
Min Correction Subset: [15, 70]
Iter 19: 
Min Hitting Set: [15, 46, 52, 53, 61, 71, 72, 81, 86, 90, 97, 112, 578, 581, 583, 585, 713, 714]
Min Correction Subset: [1, 7]
Iter 20: 
Min Hitting Set: [1, 15, 46, 52, 53, 61, 71, 72, 81, 86, 90, 97, 112, 578, 581, 583, 585, 713, 714]
Min Correction Subset: [7, 38]
Iter 21: 
Min Hitting Set: [7, 15, 46, 52, 53, 61, 71, 72, 81, 86, 90, 97, 112, 578, 581, 583, 585, 713, 714]
Min Correction Subset: [2, 4]
Iter 22: 
Min Hitting Set: [2, 7, 15, 46, 52, 53, 61, 71, 72, 81, 86, 90, 97, 112, 578, 581, 583, 585, 713, 714]
Min Correction Subset: [4, 35]
Iter 23: 
Min Hitting Set: [4, 7, 15, 46, 52, 53, 61, 71, 72, 81, 86, 90, 97, 112, 578, 581, 583, 585, 713, 714]
Min Correction Subset: [47, 60]
Iter 24: 
Min Hitting Set: [4, 7, 15, 46, 47, 52, 53, 61, 71, 72, 81, 86, 90, 97, 112, 578, 581, 583, 585, 713, 714]
Min Correction Subset: [579, 580]
Iter 25: 
Min Hitting Set: [4, 7, 15, 46, 47, 52, 53, 61, 71, 72, 81, 86, 90, 97, 112, 578, 579, 581, 583, 585, 713, 714]
Min Correction Subset: [17, 58, 59]
Iter 26: 
Min Hitting Set: [4, 7, 15, 17, 46, 47, 52, 53, 61, 71, 72, 81, 86, 90, 97, 112, 578, 579, 581, 583, 585, 713, 714]
Min Correction Subset: [10, 43, 44]
Iter 27: 
Min Hitting Set: [4, 7, 10, 15, 17, 46, 47, 52, 53, 61, 71, 72, 81, 86, 90, 97, 112, 578, 579, 581, 583, 585, 713, 714]
Min Correction Subset: [54, 59, 60]
Iter 28: 
Min Hitting Set: [4, 7, 10, 15, 46, 47, 52, 53, 59, 61, 71, 72, 81, 86, 90, 97, 112, 578, 579, 581, 583, 585, 713, 714]
Min Correction Subset: [2, 9, 41, 42]
Iter 29: 
Min Hitting Set: [2, 4, 7, 10, 15, 46, 47, 52, 53, 59, 61, 71, 72, 81, 86, 90, 97, 112, 578, 579, 581, 583, 585, 713, 714]
Min Correction Subset: [9, 40, 41, 42]
Optimal IIS
IIS generation
Instance: j3038_7
----------------------------
Query: 10
Query element:18,28
Query element:16,29
Query scope: 1699
Query scope: 1488
----------------------------
IIS optimality: suboptimal
IIS solution time: 4072.620
IIS Constraint: 4; completion; {activity:5}
IIS Constraint: 7; completion; {activity:8}
IIS Constraint: 10; completion; {activity:11}
IIS Constraint: 15; completion; {activity:16}
IIS Constraint: 42; precedence; {activity:10,predecessor:8}
IIS Constraint: 46; precedence; {activity:12,predecessor:8}
IIS Constraint: 47; precedence; {activity:13,predecessor:5}
IIS Constraint: 52; precedence; {activity:16,predecessor:10}
IIS Constraint: 53; precedence; {activity:16,predecessor:12}
IIS Constraint: 59; precedence; {activity:18,predecessor:13}
IIS Constraint: 61; precedence; {activity:19,predecessor:11}
IIS Constraint: 71; precedence; {activity:23,predecessor:18}
IIS Constraint: 72; precedence; {activity:23,predecessor:19}
IIS Constraint: 81; precedence; {activity:26,predecessor:23}
IIS Constraint: 86; precedence; {activity:28,predecessor:26}
IIS Constraint: 90; precedence; {activity:29,predecessor:28}
IIS Constraint: 97; precedence; {activity:32,predecessor:29}
IIS Constraint: 112; renewable; {resource:1,t:12}
IIS Constraint: 578; renewable; {resource:4,t:19}
IIS Constraint: 579; renewable; {resource:4,t:20}
IIS Constraint: 581; renewable; {resource:4,t:22}
IIS Constraint: 583; renewable; {resource:4,t:24}
IIS Constraint: 585; renewable; {resource:4,t:26}
IIS Constraint: 713; query; {activity:16,t:28,query:10}
IIS Constraint: 714; max; {f:65.0,objective:max}
