IIS generation
Iter 1: 
Min Hitting Set: []
Min Correction Subset: [1033]
Iter 2: 
Min Hitting Set: [1033]
Min Correction Subset: [76]
Iter 3: 
Min Hitting Set: [76, 1033]
Min Correction Subset: [66]
Iter 4: 
Min Hitting Set: [66, 76, 1033]
Min Correction Subset: [63]
Iter 5: 
Min Hitting Set: [63, 66, 76, 1033]
Min Correction Subset: [58]
Iter 6: 
Min Hitting Set: [58, 63, 66, 76, 1033]
Min Correction Subset: [902]
Iter 7: 
Min Hitting Set: [58, 63, 66, 76, 902, 1033]
Min Correction Subset: [900]
Iter 8: 
Min Hitting Set: [58, 63, 66, 76, 900, 902, 1033]
Min Correction Subset: [905]
Iter 9: 
Min Hitting Set: [58, 63, 66, 76, 900, 902, 905, 1033]
Min Correction Subset: [906]
Iter 10: 
Min Hitting Set: [58, 63, 66, 76, 900, 902, 905, 906, 1033]
Min Correction Subset: [79]
Iter 11: 
Min Hitting Set: [58, 63, 66, 76, 79, 900, 902, 905, 906, 1033]
Min Correction Subset: [901]
Iter 12: 
Min Hitting Set: [58, 63, 66, 76, 79, 900, 901, 902, 905, 906, 1033]
Min Correction Subset: [903]
Iter 13: 
Min Hitting Set: [58, 63, 66, 76, 79, 900, 901, 902, 903, 905, 906, 1033]
Min Correction Subset: [907]
Iter 14: 
Min Hitting Set: [58, 63, 66, 76, 79, 900, 901, 902, 903, 905, 906, 907, 1033]
Min Correction Subset: [904]
Iter 15: 
Min Hitting Set: [58, 63, 66, 76, 79, 900, 901, 902, 903, 904, 905, 906, 907, 1033]
Min Correction Subset: [908]
Iter 16: 
Min Hitting Set: [58, 63, 66, 76, 79, 900, 901, 902, 903, 904, 905, 906, 907, 908, 1033]
Min Correction Subset: [909]
Iter 17: 
Min Hitting Set: [58, 63, 66, 76, 79, 900, 901, 902, 903, 904, 905, 906, 907, 908, 909, 1033]
Min Correction Subset: [911]
Iter 18: 
Min Hitting Set: [58, 63, 66, 76, 79, 900, 901, 902, 903, 904, 905, 906, 907, 908, 909, 911, 1033]
Min Correction Subset: [910]
Iter 19: 
Min Hitting Set: [58, 63, 66, 76, 79, 900, 901, 902, 903, 904, 905, 906, 907, 908, 909, 910, 911, 1033]
Min Correction Subset: [913]
Iter 20: 
Min Hitting Set: [58, 63, 66, 76, 79, 900, 901, 902, 903, 904, 905, 906, 907, 908, 909, 910, 911, 913, 1033]
Min Correction Subset: [912]
Iter 21: 
Min Hitting Set: [58, 63, 66, 76, 79, 900, 901, 902, 903, 904, 905, 906, 907, 908, 909, 910, 911, 912, 913, 1033]
Min Correction Subset: [915]
Iter 22: 
Min Hitting Set: [58, 63, 66, 76, 79, 900, 901, 902, 903, 904, 905, 906, 907, 908, 909, 910, 911, 912, 913, 915, 1033]
Min Correction Subset: [914]
Iter 23: 
Min Hitting Set: [58, 63, 66, 76, 79, 900, 901, 902, 903, 904, 905, 906, 907, 908, 909, 910, 911, 912, 913, 914, 915, 1033]
Min Correction Subset: [916]
Iter 24: 
Min Hitting Set: [58, 63, 66, 76, 79, 900, 901, 902, 903, 904, 905, 906, 907, 908, 909, 910, 911, 912, 913, 914, 915, 916, 1033]
Min Correction Subset: [917]
Iter 25: 
Min Hitting Set: [58, 63, 66, 76, 79, 900, 901, 902, 903, 904, 905, 906, 907, 908, 909, 910, 911, 912, 913, 914, 915, 916, 917, 1033]
Min Correction Subset: [918]
Iter 26: 
Min Hitting Set: [58, 63, 66, 76, 79, 900, 901, 902, 903, 904, 905, 906, 907, 908, 909, 910, 911, 912, 913, 914, 915, 916, 917, 918, 1033]
Min Correction Subset: [923]
Iter 27: 
Min Hitting Set: [58, 63, 66, 76, 79, 900, 901, 902, 903, 904, 905, 906, 907, 908, 909, 910, 911, 912, 913, 914, 915, 916, 917, 918, 923, 1033]
Min Correction Subset: [920]
Iter 28: 
Min Hitting Set: [58, 63, 66, 76, 79, 900, 901, 902, 903, 904, 905, 906, 907, 908, 909, 910, 911, 912, 913, 914, 915, 916, 917, 918, 920, 923, 1033]
Min Correction Subset: [924]
Iter 29: 
Min Hitting Set: [58, 63, 66, 76, 79, 900, 901, 902, 903, 904, 905, 906, 907, 908, 909, 910, 911, 912, 913, 914, 915, 916, 917, 918, 920, 923, 924, 1033]
Min Correction Subset: [921]
Iter 30: 
Min Hitting Set: [58, 63, 66, 76, 79, 900, 901, 902, 903, 904, 905, 906, 907, 908, 909, 910, 911, 912, 913, 914, 915, 916, 917, 918, 920, 921, 923, 924, 1033]
Min Correction Subset: [919]
Iter 31: 
Min Hitting Set: [58, 63, 66, 76, 79, 900, 901, 902, 903, 904, 905, 906, 907, 908, 909, 910, 911, 912, 913, 914, 915, 916, 917, 918, 919, 920, 921, 923, 924, 1033]
Min Correction Subset: [922]
Iter 32: 
Min Hitting Set: [58, 63, 66, 76, 79, 900, 901, 902, 903, 904, 905, 906, 907, 908, 909, 910, 911, 912, 913, 914, 915, 916, 917, 918, 919, 920, 921, 922, 923, 924, 1033]
Min Correction Subset: [925]
Iter 33: 
Min Hitting Set: [58, 63, 66, 76, 79, 900, 901, 902, 903, 904, 905, 906, 907, 908, 909, 910, 911, 912, 913, 914, 915, 916, 917, 918, 919, 920, 921, 922, 923, 924, 925, 1033]
Min Correction Subset: [926]
Iter 34: 
Min Hitting Set: [58, 63, 66, 76, 79, 900, 901, 902, 903, 904, 905, 906, 907, 908, 909, 910, 911, 912, 913, 914, 915, 916, 917, 918, 919, 920, 921, 922, 923, 924, 925, 926, 1033]
Min Correction Subset: [50, 51]
Iter 35: 
Min Hitting Set: [50, 58, 63, 66, 76, 79, 900, 901, 902, 903, 904, 905, 906, 907, 908, 909, 910, 911, 912, 913, 914, 915, 916, 917, 918, 919, 920, 921, 922, 923, 924, 925, 926, 1033]
Min Correction Subset: [64, 927]
Iter 36: 
Min Hitting Set: [50, 58, 63, 64, 66, 76, 79, 900, 901, 902, 903, 904, 905, 906, 907, 908, 909, 910, 911, 912, 913, 914, 915, 916, 917, 918, 919, 920, 921, 922, 923, 924, 925, 926, 1033]
Min Correction Subset: [11, 42, 1032]
Optimal IIS
IIS generation
Instance: j303_1
----------------------------
Query: 8
Query element:12,29
Query element:8,27
Query element:14,27
Query scope: 1639
Query scope: 1091
Query scope: 1941
Query scope: 4772
Query scope: 1640
Query scope: 1092
Query scope: 1942
Query scope: 4773
Query scope: 1641
Query scope: 1093
Query scope: 1943
Query scope: 4774
Query scope: 1642
Query scope: 1094
Query scope: 1944
Query scope: 4775
Query scope: 1643
Query scope: 1095
Query scope: 1945
Query scope: 4776
Query scope: 1644
Query scope: 1096
Query scope: 1946
Query scope: 4777
Query scope: 1645
Query scope: 1097
Query scope: 1947
Query scope: 4778
Query scope: 1646
Query scope: 1098
Query scope: 1948
Query scope: 4779
Query scope: 1647
Query scope: 1099
Query scope: 1949
Query scope: 4780
Query scope: 1648
Query scope: 1100
Query scope: 1950
Query scope: 4781
Query scope: 1649
Query scope: 1101
Query scope: 1951
Query scope: 4782
Query scope: 1650
Query scope: 1102
Query scope: 1952
Query scope: 4783
Query scope: 1651
Query scope: 1103
Query scope: 1953
Query scope: 4784
Query scope: 1652
Query scope: 1104
Query scope: 1954
Query scope: 4785
Query scope: 1653
Query scope: 1105
Query scope: 1955
Query scope: 4786
Query scope: 1654
Query scope: 1106
Query scope: 1956
Query scope: 4787
Query scope: 1655
Query scope: 1107
Query scope: 1957
Query scope: 4788
Query scope: 1656
Query scope: 1108
Query scope: 1958
Query scope: 4789
Query scope: 1657
Query scope: 1109
Query scope: 1959
Query scope: 4790
Query scope: 1658
Query scope: 1110
Query scope: 1960
Query scope: 4791
Query scope: 1659
Query scope: 1111
Query scope: 1961
Query scope: 4792
Query scope: 1660
Query scope: 1112
Query scope: 1962
Query scope: 4793
Query scope: 1661
Query scope: 1113
Query scope: 1963
Query scope: 4794
Query scope: 1662
Query scope: 1114
Query scope: 1964
Query scope: 4795
Query scope: 1663
Query scope: 1115
Query scope: 1965
Query scope: 4796
Query scope: 1664
Query scope: 1116
Query scope: 1966
Query scope: 4797
Query scope: 1665
Query scope: 1117
Query scope: 1967
Query scope: 4798
Query scope: 1666
Query scope: 1118
Query scope: 1968
Query scope: 4799
Query scope: 1667
Query scope: 1119
Query scope: 1969
Query scope: 4800
Query scope: 1668
Query scope: 1120
Query scope: 1970
Query scope: 4801
Query scope: 1669
Query scope: 1121
Query scope: 1971
Query scope: 4802
Query scope: 1670
Query scope: 1122
Query scope: 1972
Query scope: 4803
Query scope: 1671
Query scope: 1123
Query scope: 1973
Query scope: 4804
Query scope: 1672
Query scope: 1124
Query scope: 1974
Query scope: 4805
Query scope: 1673
Query scope: 1125
Query scope: 1975
Query scope: 4806
Query scope: 1674
Query scope: 1126
Query scope: 1976
Query scope: 4807
Query scope: 1675
Query scope: 1127
Query scope: 1977
Query scope: 4808
Query scope: 1676
Query scope: 1128
Query scope: 1978
Query scope: 4809
Query scope: 1677
Query scope: 1129
Query scope: 1979
Query scope: 4810
Query scope: 1678
Query scope: 1130
Query scope: 1980
Query scope: 4811
Query scope: 1679
Query scope: 1131
Query scope: 1981
Query scope: 4812
Query scope: 1680
Query scope: 1132
Query scope: 1982
Query scope: 4813
Query scope: 1681
Query scope: 1133
Query scope: 1983
Query scope: 4814
Query scope: 1682
Query scope: 1134
Query scope: 1984
Query scope: 4815
Query scope: 1683
Query scope: 1135
Query scope: 1985
Query scope: 4816
Query scope: 1684
Query scope: 1136
Query scope: 1986
Query scope: 4817
Query scope: 1685
Query scope: 1137
Query scope: 1987
Query scope: 4818
Query scope: 1686
Query scope: 1138
Query scope: 1988
Query scope: 4819
Query scope: 1687
Query scope: 1139
Query scope: 1989
Query scope: 4820
Query scope: 1688
Query scope: 1140
Query scope: 1990
Query scope: 4821
Query scope: 1689
Query scope: 1141
Query scope: 1991
Query scope: 4822
Query scope: 1690
Query scope: 1142
Query scope: 1992
Query scope: 4823
Query scope: 1691
Query scope: 1143
Query scope: 1993
Query scope: 4824
Query scope: 1692
Query scope: 1144
Query scope: 1994
Query scope: 4825
Query scope: 1693
Query scope: 1145
Query scope: 1995
Query scope: 4826
Query scope: 1694
Query scope: 1146
Query scope: 1996
Query scope: 4827
Query scope: 1695
Query scope: 1147
Query scope: 1997
Query scope: 4828
Query scope: 1696
Query scope: 1148
Query scope: 1998
Query scope: 4829
Query scope: 1697
Query scope: 1149
Query scope: 1999
Query scope: 4830
Query scope: 1698
Query scope: 1150
Query scope: 2000
Query scope: 4831
Query scope: 1699
Query scope: 1151
Query scope: 2001
Query scope: 4832
Query scope: 1700
Query scope: 1152
Query scope: 2002
Query scope: 4833
Query scope: 1701
Query scope: 1153
Query scope: 2003
Query scope: 4834
Query scope: 1702
Query scope: 1154
Query scope: 2004
Query scope: 4835
Query scope: 1703
Query scope: 1155
Query scope: 2005
Query scope: 4836
Query scope: 1704
Query scope: 1156
Query scope: 2006
Query scope: 4837
Query scope: 1705
Query scope: 1157
Query scope: 2007
Query scope: 4838
Query scope: 1706
Query scope: 1158
Query scope: 2008
Query scope: 4839
Query scope: 1707
Query scope: 1159
Query scope: 2009
Query scope: 4840
Query scope: 1708
Query scope: 1160
Query scope: 2010
Query scope: 4841
Query scope: 1709
Query scope: 1161
Query scope: 2011
Query scope: 4842
Query scope: 1710
Query scope: 1162
Query scope: 2012
Query scope: 4843
Query scope: 1711
Query scope: 1163
Query scope: 2013
Query scope: 4844
Query scope: 1712
Query scope: 1164
Query scope: 2014
Query scope: 4845
Query scope: 1713
Query scope: 1165
Query scope: 2015
Query scope: 4846
Query scope: 1714
Query scope: 1166
Query scope: 2016
Query scope: 4847
Query scope: 1715
Query scope: 1167
Query scope: 2017
Query scope: 4848
Query scope: 1716
Query scope: 1168
Query scope: 2018
Query scope: 4849
Query scope: 1717
Query scope: 1169
Query scope: 2019
Query scope: 4850
Query scope: 1718
Query scope: 1170
Query scope: 2020
Query scope: 4851
Query scope: 1719
Query scope: 1171
Query scope: 2021
Query scope: 4852
Query scope: 1720
Query scope: 1172
Query scope: 2022
Query scope: 4853
Query scope: 1721
Query scope: 1173
Query scope: 2023
Query scope: 4854
Query scope: 1722
Query scope: 1174
Query scope: 2024
Query scope: 4855
Query scope: 1723
Query scope: 1175
Query scope: 2025
Query scope: 4856
Query scope: 1724
Query scope: 1176
Query scope: 2026
Query scope: 4857
Query scope: 1725
Query scope: 1177
Query scope: 2027
Query scope: 4858
Query scope: 1726
Query scope: 1178
Query scope: 2028
Query scope: 4859
Query scope: 1727
Query scope: 1179
Query scope: 2029
Query scope: 4860
Query scope: 1728
Query scope: 1180
Query scope: 2030
Query scope: 4861
Query scope: 1729
Query scope: 1181
Query scope: 2031
Query scope: 4862
Query scope: 1730
Query scope: 1182
Query scope: 2032
Query scope: 4863
Query scope: 1731
Query scope: 1183
Query scope: 2033
Query scope: 4864
Query scope: 1732
Query scope: 1184
Query scope: 2034
Query scope: 4865
Query scope: 1733
Query scope: 1185
Query scope: 2035
Query scope: 4866
Query scope: 1734
Query scope: 1186
Query scope: 2036
Query scope: 4867
Query scope: 1735
Query scope: 1187
Query scope: 2037
Query scope: 4868
Query scope: 1736
Query scope: 1188
Query scope: 2038
Query scope: 4869
Query scope: 1737
Query scope: 1189
Query scope: 2039
Query scope: 4870
Query scope: 1738
Query scope: 1190
Query scope: 2040
Query scope: 4871
Query scope: 1739
Query scope: 1191
Query scope: 2041
Query scope: 4872
Query scope: 1740
Query scope: 1192
Query scope: 2042
Query scope: 4873
Query scope: 1741
Query scope: 1193
Query scope: 2043
Query scope: 4874
Query scope: 1742
Query scope: 1194
Query scope: 2044
Query scope: 4875
Query scope: 1743
Query scope: 1195
Query scope: 2045
Query scope: 4876
Query scope: 1744
Query scope: 1196
Query scope: 2046
Query scope: 4877
Query scope: 1745
Query scope: 1197
Query scope: 2047
Query scope: 4878
Query scope: 1746
Query scope: 1198
Query scope: 2048
Query scope: 4879
Query scope: 1747
Query scope: 1199
Query scope: 2049
Query scope: 4880
Query scope: 1748
Query scope: 1200
Query scope: 2050
Query scope: 4881
Query scope: 1749
Query scope: 1201
Query scope: 2051
Query scope: 4882
Query scope: 1750
Query scope: 1202
Query scope: 2052
Query scope: 4883
Query scope: 1751
Query scope: 1203
Query scope: 2053
Query scope: 4884
Query scope: 1752
Query scope: 1204
Query scope: 2054
Query scope: 4885
Query scope: 1753
Query scope: 1205
Query scope: 2055
Query scope: 4886
Query scope: 1754
Query scope: 1206
Query scope: 2056
Query scope: 4887
Query scope: 1755
Query scope: 1207
Query scope: 2057
Query scope: 4888
Query scope: 1756
Query scope: 1208
Query scope: 2058
Query scope: 4889
Query scope: 1757
Query scope: 1209
Query scope: 2059
Query scope: 4890
Query scope: 1758
Query scope: 1210
Query scope: 2060
Query scope: 4891
Query scope: 1759
Query scope: 1211
Query scope: 2061
Query scope: 4892
Query scope: 1760
Query scope: 1212
Query scope: 2062
Query scope: 4893
Query scope: 1761
Query scope: 1213
Query scope: 2063
Query scope: 4894
Query scope: 1762
Query scope: 1214
Query scope: 2064
Query scope: 4895
Query scope: 1763
Query scope: 1215
Query scope: 2065
Query scope: 4896
Query scope: 1764
Query scope: 1216
Query scope: 2066
Query scope: 4897
Query scope: 1765
Query scope: 1217
Query scope: 2067
Query scope: 4898
Query scope: 1766
Query scope: 1218
Query scope: 2068
Query scope: 4899
Query scope: 1767
Query scope: 1219
Query scope: 2069
Query scope: 4900
Query scope: 1768
Query scope: 1220
Query scope: 2070
Query scope: 4901
Query scope: 1769
Query scope: 1221
Query scope: 2071
Query scope: 4902
Query scope: 1770
Query scope: 1222
Query scope: 2072
Query scope: 4903
----------------------------
IIS optimality: suboptimal
IIS solution time: 397.276
IIS Constraint: 11; completion; {activity:12}
IIS Constraint: 50; precedence; {activity:18,predecessor:8}
IIS Constraint: 58; precedence; {activity:24,predecessor:18}
IIS Constraint: 63; precedence; {activity:26,predecessor:24}
IIS Constraint: 64; precedence; {activity:27,predecessor:12}
IIS Constraint: 66; precedence; {activity:27,predecessor:26}
IIS Constraint: 76; precedence; {activity:31,predecessor:27}
IIS Constraint: 79; precedence; {activity:32,predecessor:31}
IIS Constraint: 900; query; {activities:[12,8,14],t:29,query:8}
IIS Constraint: 901; query; {activities:[12,8,14],t:30,query:8}
IIS Constraint: 902; query; {activities:[12,8,14],t:31,query:8}
IIS Constraint: 903; query; {activities:[12,8,14],t:32,query:8}
IIS Constraint: 904; query; {activities:[12,8,14],t:33,query:8}
IIS Constraint: 905; query; {activities:[12,8,14],t:34,query:8}
IIS Constraint: 906; query; {activities:[12,8,14],t:35,query:8}
IIS Constraint: 907; query; {activities:[12,8,14],t:36,query:8}
IIS Constraint: 908; query; {activities:[12,8,14],t:37,query:8}
IIS Constraint: 909; query; {activities:[12,8,14],t:38,query:8}
IIS Constraint: 910; query; {activities:[12,8,14],t:39,query:8}
IIS Constraint: 911; query; {activities:[12,8,14],t:40,query:8}
IIS Constraint: 912; query; {activities:[12,8,14],t:41,query:8}
IIS Constraint: 913; query; {activities:[12,8,14],t:42,query:8}
IIS Constraint: 914; query; {activities:[12,8,14],t:43,query:8}
IIS Constraint: 915; query; {activities:[12,8,14],t:44,query:8}
IIS Constraint: 916; query; {activities:[12,8,14],t:45,query:8}
IIS Constraint: 917; query; {activities:[12,8,14],t:46,query:8}
IIS Constraint: 918; query; {activities:[12,8,14],t:47,query:8}
IIS Constraint: 919; query; {activities:[12,8,14],t:48,query:8}
IIS Constraint: 920; query; {activities:[12,8,14],t:49,query:8}
IIS Constraint: 921; query; {activities:[12,8,14],t:50,query:8}
IIS Constraint: 922; query; {activities:[12,8,14],t:51,query:8}
IIS Constraint: 923; query; {activities:[12,8,14],t:52,query:8}
IIS Constraint: 924; query; {activities:[12,8,14],t:53,query:8}
IIS Constraint: 925; query; {activities:[12,8,14],t:54,query:8}
IIS Constraint: 926; query; {activities:[12,8,14],t:55,query:8}
IIS Constraint: 1033; max; {f:72.0,objective:max}
