IIS generation
Iter 1: 
Min Hitting Set: []
Min Correction Subset: [721]
Iter 2: 
Min Hitting Set: [721]
Min Correction Subset: [79]
Iter 3: 
Min Hitting Set: [79, 721]
Min Correction Subset: [72]
Iter 4: 
Min Hitting Set: [72, 79, 721]
Min Correction Subset: [78]
Iter 5: 
Min Hitting Set: [72, 78, 79, 721]
Min Correction Subset: [66]
Iter 6: 
Min Hitting Set: [66, 72, 78, 79, 721]
Min Correction Subset: [73]
Iter 7: 
Min Hitting Set: [66, 72, 73, 78, 79, 721]
Min Correction Subset: [108]
Iter 8: 
Min Hitting Set: [66, 72, 73, 78, 79, 108, 721]
Min Correction Subset: [76]
Iter 9: 
Min Hitting Set: [66, 72, 73, 76, 78, 79, 108, 721]
Min Correction Subset: [117]
Iter 10: 
Min Hitting Set: [66, 72, 73, 76, 78, 79, 108, 117, 721]
Min Correction Subset: [115]
Iter 11: 
Min Hitting Set: [66, 72, 73, 76, 78, 79, 108, 115, 117, 721]
Min Correction Subset: [104]
Iter 12: 
Min Hitting Set: [66, 72, 73, 76, 78, 79, 104, 108, 115, 117, 721]
Min Correction Subset: [113]
Iter 13: 
Min Hitting Set: [66, 72, 73, 76, 78, 79, 104, 108, 113, 115, 117, 721]
Min Correction Subset: [720]
Iter 14: 
Min Hitting Set: [66, 72, 73, 76, 78, 79, 104, 108, 113, 115, 117, 720, 721]
Min Correction Subset: [27, 67]
Iter 15: 
Min Hitting Set: [27, 66, 72, 73, 76, 78, 79, 104, 108, 113, 115, 117, 720, 721]
Min Correction Subset: [62, 74]
Iter 16: 
Min Hitting Set: [27, 62, 66, 72, 73, 76, 78, 79, 104, 108, 113, 115, 117, 720, 721]
Min Correction Subset: [22, 56]
Iter 17: 
Min Hitting Set: [22, 27, 62, 66, 72, 73, 76, 78, 79, 104, 108, 113, 115, 117, 720, 721]
Min Correction Subset: [15, 47]
Iter 18: 
Min Hitting Set: [15, 22, 27, 62, 66, 72, 73, 76, 78, 79, 104, 108, 113, 115, 117, 720, 721]
Min Correction Subset: [56, 106]
Iter 19: 
Min Hitting Set: [15, 27, 56, 62, 66, 72, 73, 76, 78, 79, 104, 108, 113, 115, 117, 720, 721]
Min Correction Subset: [17, 22, 49]
Iter 20: 
Min Hitting Set: [15, 22, 27, 56, 62, 66, 72, 73, 76, 78, 79, 104, 108, 113, 115, 117, 720, 721]
Min Correction Subset: [17, 49, 106]
Iter 21: 
Min Hitting Set: [15, 17, 27, 56, 62, 66, 72, 73, 76, 78, 79, 104, 108, 113, 115, 117, 720, 721]
Min Correction Subset: [109, 110, 111, 112]
Iter 22: 
Min Hitting Set: [15, 17, 27, 56, 62, 66, 72, 73, 76, 78, 79, 104, 108, 109, 113, 115, 117, 720, 721]
Min Correction Subset: [97, 98, 99, 100, 101, 105, 106]
Iter 23: 
Min Hitting Set: [15, 22, 27, 62, 66, 72, 73, 76, 78, 79, 104, 106, 108, 109, 113, 115, 117, 720, 721]
Min Correction Subset: [56, 110, 111]
Iter 24: 
Min Hitting Set: [15, 22, 27, 62, 66, 72, 73, 76, 78, 79, 104, 106, 108, 110, 113, 115, 117, 720, 721]
Min Correction Subset: [56, 102, 103]
Iter 25: 
Min Hitting Set: [15, 17, 27, 56, 62, 66, 72, 73, 76, 78, 79, 104, 106, 108, 110, 113, 115, 117, 720, 721]
Min Correction Subset: [96, 97, 98, 99, 100, 101, 102, 103]
Iter 26: 
Min Hitting Set: [15, 17, 27, 56, 62, 66, 72, 73, 76, 78, 79, 97, 104, 108, 110, 113, 115, 117, 720, 721]
Min Correction Subset: [98, 99, 100, 101, 106, 107, 109]
Optimal IIS
IIS generation
Instance: j301_2
----------------------------
Query: 5
Query element:30,47
Query element:32,47
Query scope: 3720
Query scope: 3960
----------------------------
IIS optimality: suboptimal
IIS solution time: 4521.714
IIS Constraint: 15; completion; {activity:16}
IIS Constraint: 17; completion; {activity:18}
IIS Constraint: 27; completion; {activity:28}
IIS Constraint: 56; precedence; {activity:23,predecessor:18}
IIS Constraint: 62; precedence; {activity:26,predecessor:16}
IIS Constraint: 66; precedence; {activity:27,predecessor:26}
IIS Constraint: 72; precedence; {activity:30,predecessor:27}
IIS Constraint: 73; precedence; {activity:30,predecessor:28}
IIS Constraint: 76; precedence; {activity:31,predecessor:23}
IIS Constraint: 78; precedence; {activity:32,predecessor:30}
IIS Constraint: 79; precedence; {activity:32,predecessor:31}
IIS Constraint: 98; renewable; {resource:1,t:18}
IIS Constraint: 104; renewable; {resource:1,t:24}
IIS Constraint: 108; renewable; {resource:1,t:28}
IIS Constraint: 110; renewable; {resource:1,t:30}
IIS Constraint: 113; renewable; {resource:1,t:33}
IIS Constraint: 115; renewable; {resource:1,t:35}
IIS Constraint: 117; renewable; {resource:1,t:37}
IIS Constraint: 720; query; {activities:[30,32],t:47,query:5}
IIS Constraint: 721; max; {f:47.0,objective:max}
