IIS generation
Iter 1: 
Min Hitting Set: []
Min Correction Subset: [769]
Iter 2: 
Min Hitting Set: [769]
Min Correction Subset: [97]
Iter 3: 
Min Hitting Set: [97, 769]
Min Correction Subset: [90]
Iter 4: 
Min Hitting Set: [90, 97, 769]
Min Correction Subset: [44]
Iter 5: 
Min Hitting Set: [44, 90, 97, 769]
Min Correction Subset: [86]
Iter 6: 
Min Hitting Set: [44, 86, 90, 97, 769]
Min Correction Subset: [69]
Iter 7: 
Min Hitting Set: [44, 69, 86, 90, 97, 769]
Min Correction Subset: [66]
Iter 8: 
Min Hitting Set: [44, 66, 69, 86, 90, 97, 769]
Min Correction Subset: [461]
Iter 9: 
Min Hitting Set: [44, 66, 69, 86, 90, 97, 461, 769]
Min Correction Subset: [279]
Iter 10: 
Min Hitting Set: [44, 66, 69, 86, 90, 97, 279, 461, 769]
Min Correction Subset: [65]
Iter 11: 
Min Hitting Set: [44, 65, 66, 69, 86, 90, 97, 279, 461, 769]
Min Correction Subset: [768]
Iter 12: 
Min Hitting Set: [44, 65, 66, 69, 86, 90, 97, 279, 461, 768, 769]
Min Correction Subset: [41, 56]
Iter 13: 
Min Hitting Set: [41, 44, 65, 66, 69, 86, 90, 97, 279, 461, 768, 769]
Min Correction Subset: [286, 453]
Iter 14: 
Min Hitting Set: [41, 44, 65, 66, 69, 86, 90, 97, 279, 286, 461, 768, 769]
Min Correction Subset: [6, 38]
Iter 15: 
Min Hitting Set: [6, 41, 44, 65, 66, 69, 86, 90, 97, 279, 286, 461, 768, 769]
Min Correction Subset: [1, 5]
Iter 16: 
Min Hitting Set: [1, 6, 41, 44, 65, 66, 69, 86, 90, 97, 279, 286, 461, 768, 769]
Min Correction Subset: [7, 39]
Iter 17: 
Min Hitting Set: [1, 6, 7, 41, 44, 65, 66, 69, 86, 90, 97, 279, 286, 461, 768, 769]
Min Correction Subset: [5, 37]
Iter 18: 
Min Hitting Set: [5, 6, 7, 41, 44, 65, 66, 69, 86, 90, 97, 279, 286, 461, 768, 769]
Min Correction Subset: [38, 40]
Iter 19: 
Min Hitting Set: [5, 7, 38, 41, 44, 65, 66, 69, 86, 90, 97, 279, 286, 461, 768, 769]
Min Correction Subset: [1, 2, 4]
Iter 20: 
Min Hitting Set: [1, 5, 7, 38, 41, 44, 65, 66, 69, 86, 90, 97, 279, 286, 461, 768, 769]
Min Correction Subset: [13, 50, 51]
Iter 21: 
Min Hitting Set: [1, 5, 7, 13, 38, 41, 44, 65, 66, 69, 86, 90, 97, 279, 286, 461, 768, 769]
Min Correction Subset: [39, 60, 62]
Iter 22: 
Min Hitting Set: [1, 5, 13, 38, 39, 41, 44, 65, 66, 69, 86, 90, 97, 279, 286, 461, 768, 769]
Min Correction Subset: [4, 35, 36]
Iter 23: 
Min Hitting Set: [4, 5, 13, 38, 39, 41, 44, 65, 66, 69, 86, 90, 97, 279, 286, 461, 768, 769]
Min Correction Subset: [16, 55, 56]
Iter 24: 
Min Hitting Set: [4, 5, 13, 38, 39, 44, 56, 65, 66, 69, 86, 90, 97, 279, 286, 461, 768, 769]
Min Correction Subset: [467, 468, 469]
Iter 25: 
Min Hitting Set: [4, 5, 13, 38, 39, 44, 56, 65, 66, 69, 86, 90, 97, 279, 286, 461, 467, 768, 769]
Min Correction Subset: [10, 58, 64, 99]
Iter 26: 
Min Hitting Set: [4, 5, 10, 13, 38, 39, 44, 56, 65, 66, 69, 86, 90, 97, 279, 286, 461, 467, 768, 769]
Min Correction Subset: [287, 288, 454, 455]
Optimal IIS
IIS generation
Instance: j3042_6
----------------------------
Query: 6
Query element:13,35
Query element:11,32
Query scope: 1380
Query scope: 1147
----------------------------
IIS optimality: suboptimal
IIS solution time: 13928.273
IIS Constraint: 4; completion; {activity:5}
IIS Constraint: 5; completion; {activity:6}
IIS Constraint: 10; completion; {activity:11}
IIS Constraint: 13; completion; {activity:14}
IIS Constraint: 38; precedence; {activity:7,predecessor:5}
IIS Constraint: 39; precedence; {activity:8,predecessor:7}
IIS Constraint: 44; precedence; {activity:11,predecessor:8}
IIS Constraint: 56; precedence; {activity:17,predecessor:6}
IIS Constraint: 65; precedence; {activity:21,predecessor:14}
IIS Constraint: 66; precedence; {activity:21,predecessor:17}
IIS Constraint: 69; precedence; {activity:22,predecessor:21}
IIS Constraint: 86; precedence; {activity:28,predecessor:22}
IIS Constraint: 90; precedence; {activity:29,predecessor:28}
IIS Constraint: 97; precedence; {activity:32,predecessor:29}
IIS Constraint: 279; renewable; {resource:2,t:12}
IIS Constraint: 286; renewable; {resource:2,t:19}
IIS Constraint: 287; renewable; {resource:2,t:20}
IIS Constraint: 461; renewable; {resource:3,t:27}
IIS Constraint: 467; renewable; {resource:3,t:33}
IIS Constraint: 768; query; {activities:[13,11],t:35,query:6}
IIS Constraint: 769; max; {f:66.0,objective:max}
