IIS generation
Iter 1: 
Min Hitting Set: []
Min Correction Subset: [783]
Iter 2: 
Min Hitting Set: [783]
Min Correction Subset: [77]
Iter 3: 
Min Hitting Set: [77, 783]
Min Correction Subset: [78]
Iter 4: 
Min Hitting Set: [77, 78, 783]
Min Correction Subset: [565]
Iter 5: 
Min Hitting Set: [77, 78, 565, 783]
Min Correction Subset: [70]
Iter 6: 
Min Hitting Set: [70, 77, 78, 565, 783]
Min Correction Subset: [54]
Iter 7: 
Min Hitting Set: [54, 70, 77, 78, 565, 783]
Min Correction Subset: [679]
Iter 8: 
Min Hitting Set: [54, 70, 77, 78, 565, 679, 783]
Min Correction Subset: [686]
Iter 9: 
Min Hitting Set: [54, 70, 77, 78, 565, 679, 686, 783]
Min Correction Subset: [685]
Iter 10: 
Min Hitting Set: [54, 70, 77, 78, 565, 679, 685, 686, 783]
Min Correction Subset: [676]
Iter 11: 
Min Hitting Set: [54, 70, 77, 78, 565, 676, 679, 685, 686, 783]
Min Correction Subset: [677]
Iter 12: 
Min Hitting Set: [54, 70, 77, 78, 565, 676, 677, 679, 685, 686, 783]
Min Correction Subset: [684]
Iter 13: 
Min Hitting Set: [54, 70, 77, 78, 565, 676, 677, 679, 684, 685, 686, 783]
Min Correction Subset: [73]
Iter 14: 
Min Hitting Set: [54, 70, 73, 77, 78, 565, 676, 677, 679, 684, 685, 686, 783]
Min Correction Subset: [683]
Iter 15: 
Min Hitting Set: [54, 70, 73, 77, 78, 565, 676, 677, 679, 683, 684, 685, 686, 783]
Min Correction Subset: [56]
Iter 16: 
Min Hitting Set: [54, 56, 70, 73, 77, 78, 565, 676, 677, 679, 683, 684, 685, 686, 783]
Min Correction Subset: [687]
Iter 17: 
Min Hitting Set: [54, 56, 70, 73, 77, 78, 565, 676, 677, 679, 683, 684, 685, 686, 687, 783]
Min Correction Subset: [682]
Iter 18: 
Min Hitting Set: [54, 56, 70, 73, 77, 78, 565, 676, 677, 679, 682, 683, 684, 685, 686, 687, 783]
Min Correction Subset: [680]
Iter 19: 
Min Hitting Set: [54, 56, 70, 73, 77, 78, 565, 676, 677, 679, 680, 682, 683, 684, 685, 686, 687, 783]
Min Correction Subset: [681]
Iter 20: 
Min Hitting Set: [54, 56, 70, 73, 77, 78, 565, 676, 677, 679, 680, 681, 682, 683, 684, 685, 686, 687, 783]
Min Correction Subset: [20, 55]
Iter 21: 
Min Hitting Set: [20, 54, 56, 70, 73, 77, 78, 565, 676, 677, 679, 680, 681, 682, 683, 684, 685, 686, 687, 783]
Min Correction Subset: [58, 74]
Iter 22: 
Min Hitting Set: [20, 54, 56, 58, 70, 73, 77, 78, 565, 676, 677, 679, 680, 681, 682, 683, 684, 685, 686, 687, 783]
Min Correction Subset: [67, 75]
Iter 23: 
Min Hitting Set: [20, 54, 56, 58, 67, 70, 73, 77, 78, 565, 676, 677, 679, 680, 681, 682, 683, 684, 685, 686, 687, 783]
Min Correction Subset: [60, 79]
Iter 24: 
Min Hitting Set: [20, 54, 56, 58, 60, 67, 70, 73, 77, 78, 565, 676, 677, 679, 680, 681, 682, 683, 684, 685, 686, 687, 783]
Min Correction Subset: [37, 558]
Iter 25: 
Min Hitting Set: [20, 37, 54, 56, 58, 60, 67, 70, 73, 77, 78, 565, 676, 677, 679, 680, 681, 682, 683, 684, 685, 686, 687, 783]
Min Correction Subset: [74, 75]
Iter 26: 
Min Hitting Set: [20, 37, 54, 56, 60, 70, 73, 74, 75, 77, 78, 565, 676, 677, 679, 680, 681, 682, 683, 684, 685, 686, 687, 783]
Min Correction Subset: [58, 67]
Iter 27: 
Min Hitting Set: [20, 37, 54, 56, 60, 67, 70, 73, 74, 77, 78, 565, 676, 677, 679, 680, 681, 682, 683, 684, 685, 686, 687, 783]
Min Correction Subset: [65, 558]
Iter 28: 
Min Hitting Set: [20, 54, 56, 60, 67, 70, 73, 74, 77, 78, 558, 565, 676, 677, 679, 680, 681, 682, 683, 684, 685, 686, 687, 783]
Min Correction Subset: [66, 779]
Iter 29: 
Min Hitting Set: [20, 54, 56, 60, 66, 67, 70, 73, 74, 77, 78, 558, 565, 676, 677, 679, 680, 681, 682, 683, 684, 685, 686, 687, 783]
Min Correction Subset: [72, 678]
Iter 30: 
Min Hitting Set: [20, 54, 56, 60, 66, 67, 70, 72, 73, 74, 77, 78, 558, 565, 676, 677, 679, 680, 681, 682, 683, 684, 685, 686, 687, 783]
Min Correction Subset: [69, 678]
Iter 31: 
Min Hitting Set: [20, 54, 56, 60, 66, 67, 70, 73, 74, 77, 78, 558, 565, 676, 677, 678, 679, 680, 681, 682, 683, 684, 685, 686, 687, 783]
Min Correction Subset: [25, 63, 64]
Iter 32: 
Min Hitting Set: [20, 25, 54, 56, 60, 66, 67, 70, 73, 74, 77, 78, 558, 565, 676, 677, 678, 679, 680, 681, 682, 683, 684, 685, 686, 687, 783]
Min Correction Subset: [16, 48, 49, 782]
Optimal IIS
IIS generation
Instance: j306_7
----------------------------
Query: 8
Query element:17,29
Query element:13,26
Query scope: 1871
Query scope: 1406
Query scope: 3674
Query scope: 1872
Query scope: 1407
Query scope: 3675
Query scope: 1873
Query scope: 1408
Query scope: 3676
Query scope: 1874
Query scope: 1409
Query scope: 3677
Query scope: 1875
Query scope: 1410
Query scope: 3678
Query scope: 1876
Query scope: 1411
Query scope: 3679
Query scope: 1877
Query scope: 1412
Query scope: 3680
Query scope: 1878
Query scope: 1413
Query scope: 3681
Query scope: 1879
Query scope: 1414
Query scope: 3682
Query scope: 1880
Query scope: 1415
Query scope: 3683
Query scope: 1881
Query scope: 1416
Query scope: 3684
Query scope: 1882
Query scope: 1417
Query scope: 3685
Query scope: 1883
Query scope: 1418
Query scope: 3686
Query scope: 1884
Query scope: 1419
Query scope: 3687
Query scope: 1885
Query scope: 1420
Query scope: 3688
Query scope: 1886
Query scope: 1421
Query scope: 3689
Query scope: 1887
Query scope: 1422
Query scope: 3690
Query scope: 1888
Query scope: 1423
Query scope: 3691
Query scope: 1889
Query scope: 1424
Query scope: 3692
Query scope: 1890
Query scope: 1425
Query scope: 3693
Query scope: 1891
Query scope: 1426
Query scope: 3694
Query scope: 1892
Query scope: 1427
Query scope: 3695
Query scope: 1893
Query scope: 1428
Query scope: 3696
Query scope: 1894
Query scope: 1429
Query scope: 3697
Query scope: 1895
Query scope: 1430
Query scope: 3698
Query scope: 1896
Query scope: 1431
Query scope: 3699
Query scope: 1897
Query scope: 1432
Query scope: 3700
Query scope: 1898
Query scope: 1433
Query scope: 3701
Query scope: 1899
Query scope: 1434
Query scope: 3702
Query scope: 1900
Query scope: 1435
Query scope: 3703
Query scope: 1901
Query scope: 1436
Query scope: 3704
Query scope: 1902
Query scope: 1437
Query scope: 3705
Query scope: 1903
Query scope: 1438
Query scope: 3706
Query scope: 1904
Query scope: 1439
Query scope: 3707
Query scope: 1905
Query scope: 1440
Query scope: 3708
Query scope: 1906
Query scope: 1441
Query scope: 3709
Query scope: 1907
Query scope: 1442
Query scope: 3710
Query scope: 1908
Query scope: 1443
Query scope: 3711
Query scope: 1909
Query scope: 1444
Query scope: 3712
Query scope: 1910
Query scope: 1445
Query scope: 3713
Query scope: 1911
Query scope: 1446
Query scope: 3714
Query scope: 1912
Query scope: 1447
Query scope: 3715
Query scope: 1913
Query scope: 1448
Query scope: 3716
Query scope: 1914
Query scope: 1449
Query scope: 3717
Query scope: 1915
Query scope: 1450
Query scope: 3718
Query scope: 1916
Query scope: 1451
Query scope: 3719
Query scope: 1917
Query scope: 1452
Query scope: 3720
Query scope: 1918
Query scope: 1453
Query scope: 3721
Query scope: 1919
Query scope: 1454
Query scope: 3722
Query scope: 1920
Query scope: 1455
Query scope: 3723
Query scope: 1921
Query scope: 1456
Query scope: 3724
Query scope: 1922
Query scope: 1457
Query scope: 3725
Query scope: 1923
Query scope: 1458
Query scope: 3726
Query scope: 1924
Query scope: 1459
Query scope: 3727
Query scope: 1925
Query scope: 1460
Query scope: 3728
Query scope: 1926
Query scope: 1461
Query scope: 3729
Query scope: 1927
Query scope: 1462
Query scope: 3730
Query scope: 1928
Query scope: 1463
Query scope: 3731
Query scope: 1929
Query scope: 1464
Query scope: 3732
Query scope: 1930
Query scope: 1465
Query scope: 3733
Query scope: 1931
Query scope: 1466
Query scope: 3734
Query scope: 1932
Query scope: 1467
Query scope: 3735
Query scope: 1933
Query scope: 1468
Query scope: 3736
Query scope: 1934
Query scope: 1469
Query scope: 3737
Query scope: 1935
Query scope: 1470
Query scope: 3738
Query scope: 1936
Query scope: 1471
Query scope: 3739
Query scope: 1937
Query scope: 1472
Query scope: 3740
Query scope: 1938
Query scope: 1473
Query scope: 3741
Query scope: 1939
Query scope: 1474
Query scope: 3742
Query scope: 1940
Query scope: 1475
Query scope: 3743
Query scope: 1941
Query scope: 1476
Query scope: 3744
Query scope: 1942
Query scope: 1477
Query scope: 3745
Query scope: 1943
Query scope: 1478
Query scope: 3746
Query scope: 1944
Query scope: 1479
Query scope: 3747
Query scope: 1945
Query scope: 1480
Query scope: 3748
Query scope: 1946
Query scope: 1481
Query scope: 3749
Query scope: 1947
Query scope: 1482
Query scope: 3750
Query scope: 1948
Query scope: 1483
Query scope: 3751
Query scope: 1949
Query scope: 1484
Query scope: 3752
Query scope: 1950
Query scope: 1485
Query scope: 3753
Query scope: 1951
Query scope: 1486
Query scope: 3754
Query scope: 1952
Query scope: 1487
Query scope: 3755
Query scope: 1953
Query scope: 1488
Query scope: 3756
Query scope: 1954
Query scope: 1489
Query scope: 3757
Query scope: 1955
Query scope: 1490
Query scope: 3758
Query scope: 1956
Query scope: 1491
Query scope: 3759
Query scope: 1957
Query scope: 1492
Query scope: 3760
Query scope: 1958
Query scope: 1493
Query scope: 3761
Query scope: 1959
Query scope: 1494
Query scope: 3762
Query scope: 1960
Query scope: 1495
Query scope: 3763
Query scope: 1961
Query scope: 1496
Query scope: 3764
Query scope: 1962
Query scope: 1497
Query scope: 3765
Query scope: 1963
Query scope: 1498
Query scope: 3766
Query scope: 1964
Query scope: 1499
Query scope: 3767
Query scope: 1965
Query scope: 1500
Query scope: 3768
Query scope: 1966
Query scope: 1501
Query scope: 3769
Query scope: 1967
Query scope: 1502
Query scope: 3770
Query scope: 1968
Query scope: 1503
Query scope: 3771
Query scope: 1969
Query scope: 1504
Query scope: 3772
Query scope: 1970
Query scope: 1505
Query scope: 3773
Query scope: 1971
Query scope: 1506
Query scope: 3774
Query scope: 1972
Query scope: 1507
Query scope: 3775
Query scope: 1973
Query scope: 1508
Query scope: 3776
Query scope: 1974
Query scope: 1509
Query scope: 3777
Query scope: 1975
Query scope: 1510
Query scope: 3778
Query scope: 1976
Query scope: 1511
Query scope: 3779
----------------------------
IIS optimality: suboptimal
IIS solution time: 5615.558
IIS Constraint: 16; completion; {activity:17}
IIS Constraint: 20; completion; {activity:21}
IIS Constraint: 25; completion; {activity:26}
IIS Constraint: 54; precedence; {activity:20,predecessor:13}
IIS Constraint: 56; precedence; {activity:22,predecessor:20}
IIS Constraint: 60; precedence; {activity:24,predecessor:21}
IIS Constraint: 66; precedence; {activity:27,predecessor:17}
IIS Constraint: 67; precedence; {activity:27,predecessor:24}
IIS Constraint: 70; precedence; {activity:29,predecessor:26}
IIS Constraint: 73; precedence; {activity:30,predecessor:22}
IIS Constraint: 74; precedence; {activity:30,predecessor:27}
IIS Constraint: 77; precedence; {activity:32,predecessor:29}
IIS Constraint: 78; precedence; {activity:32,predecessor:30}
IIS Constraint: 558; renewable; {resource:4,t:31}
IIS Constraint: 565; renewable; {resource:4,t:38}
IIS Constraint: 676; query; {activities:[17,13],t:29,query:8}
IIS Constraint: 677; query; {activities:[17,13],t:30,query:8}
IIS Constraint: 678; query; {activities:[17,13],t:31,query:8}
IIS Constraint: 679; query; {activities:[17,13],t:32,query:8}
IIS Constraint: 680; query; {activities:[17,13],t:33,query:8}
IIS Constraint: 681; query; {activities:[17,13],t:34,query:8}
IIS Constraint: 682; query; {activities:[17,13],t:35,query:8}
IIS Constraint: 683; query; {activities:[17,13],t:36,query:8}
IIS Constraint: 684; query; {activities:[17,13],t:37,query:8}
IIS Constraint: 685; query; {activities:[17,13],t:38,query:8}
IIS Constraint: 686; query; {activities:[17,13],t:39,query:8}
IIS Constraint: 687; query; {activities:[17,13],t:40,query:8}
IIS Constraint: 783; max; {f:46.0,objective:max}
