IIS generation
Iter 1: 
Min Hitting Set: []
Min Correction Subset: [778]
Iter 2: 
Min Hitting Set: [778]
Min Correction Subset: [779]
Iter 3: 
Min Hitting Set: [778, 779]
Min Correction Subset: [89]
Iter 4: 
Min Hitting Set: [89, 778, 779]
Min Correction Subset: [86]
Optimal IIS
IIS generation
Instance: j3020_6
----------------------------
Query: 2
Query element:28,56
Query scope: 3486
----------------------------
IIS optimality: suboptimal
IIS solution time: 10.236
IIS Constraint: 86; precedence; {activity:31,predecessor:28}
IIS Constraint: 89; precedence; {activity:32,predecessor:31}
IIS Constraint: 778; query; {activity:28,t:56,query:2}
IIS Constraint: 779; max; {f:51.0,objective:max}
