IIS generation
IIS generation
Instance: j3019_6
----------------------------
Query: 8
Query element:17,21
Query element:14,19
Query scope: 1573
Query scope: 1272
Query scope: 3157
Query scope: 1574
Query scope: 1273
Query scope: 3158
Query scope: 1575
Query scope: 1274
Query scope: 3159
Query scope: 1576
Query scope: 1275
Query scope: 3160
Query scope: 1577
Query scope: 1276
Query scope: 3161
Query scope: 1578
Query scope: 1277
Query scope: 3162
Query scope: 1579
Query scope: 1278
Query scope: 3163
Query scope: 1580
Query scope: 1279
Query scope: 3164
Query scope: 1581
Query scope: 1280
Query scope: 3165
Query scope: 1582
Query scope: 1281
Query scope: 3166
Query scope: 1583
Query scope: 1282
Query scope: 3167
Query scope: 1584
Query scope: 1283
Query scope: 3168
Query scope: 1585
Query scope: 1284
Query scope: 3169
Query scope: 1586
Query scope: 1285
Query scope: 3170
Query scope: 1587
Query scope: 1286
Query scope: 3171
Query scope: 1588
Query scope: 1287
Query scope: 3172
Query scope: 1589
Query scope: 1288
Query scope: 3173
Query scope: 1590
Query scope: 1289
Query scope: 3174
Query scope: 1591
Query scope: 1290
Query scope: 3175
Query scope: 1592
Query scope: 1291
Query scope: 3176
Query scope: 1593
Query scope: 1292
Query scope: 3177
Query scope: 1594
Query scope: 1293
Query scope: 3178
Query scope: 1595
Query scope: 1294
Query scope: 3179
Query scope: 1596
Query scope: 1295
Query scope: 3180
Query scope: 1597
Query scope: 1296
Query scope: 3181
Query scope: 1598
Query scope: 1297
Query scope: 3182
Query scope: 1599
Query scope: 1298
Query scope: 3183
Query scope: 1600
Query scope: 1299
Query scope: 3184
Query scope: 1601
Query scope: 1300
Query scope: 3185
Query scope: 1602
Query scope: 1301
Query scope: 3186
Query scope: 1603
Query scope: 1302
Query scope: 3187
Query scope: 1604
Query scope: 1303
Query scope: 3188
Query scope: 1605
Query scope: 1304
Query scope: 3189
Query scope: 1606
Query scope: 1305
Query scope: 3190
Query scope: 1607
Query scope: 1306
Query scope: 3191
Query scope: 1608
Query scope: 1307
Query scope: 3192
Query scope: 1609
Query scope: 1308
Query scope: 3193
Query scope: 1610
Query scope: 1309
Query scope: 3194
Query scope: 1611
Query scope: 1310
Query scope: 3195
Query scope: 1612
Query scope: 1311
Query scope: 3196
Query scope: 1613
Query scope: 1312
Query scope: 3197
Query scope: 1614
Query scope: 1313
Query scope: 3198
Query scope: 1615
Query scope: 1314
Query scope: 3199
Query scope: 1616
Query scope: 1315
Query scope: 3200
Query scope: 1617
Query scope: 1316
Query scope: 3201
Query scope: 1618
Query scope: 1317
Query scope: 3202
Query scope: 1619
Query scope: 1318
Query scope: 3203
Query scope: 1620
Query scope: 1319
Query scope: 3204
Query scope: 1621
Query scope: 1320
Query scope: 3205
Query scope: 1622
Query scope: 1321
Query scope: 3206
Query scope: 1623
Query scope: 1322
Query scope: 3207
Query scope: 1624
Query scope: 1323
Query scope: 3208
Query scope: 1625
Query scope: 1324
Query scope: 3209
Query scope: 1626
Query scope: 1325
Query scope: 3210
Query scope: 1627
Query scope: 1326
Query scope: 3211
Query scope: 1628
Query scope: 1327
Query scope: 3212
Query scope: 1629
Query scope: 1328
Query scope: 3213
Query scope: 1630
Query scope: 1329
Query scope: 3214
Query scope: 1631
Query scope: 1330
Query scope: 3215
Query scope: 1632
Query scope: 1331
Query scope: 3216
Query scope: 1633
Query scope: 1332
Query scope: 3217
Query scope: 1634
Query scope: 1333
Query scope: 3218
Query scope: 1635
Query scope: 1334
Query scope: 3219
Query scope: 1636
Query scope: 1335
Query scope: 3220
Query scope: 1637
Query scope: 1336
Query scope: 3221
Query scope: 1638
Query scope: 1337
Query scope: 3222
Query scope: 1639
Query scope: 1338
Query scope: 3223
Query scope: 1640
Query scope: 1339
Query scope: 3224
Query scope: 1641
Query scope: 1340
Query scope: 3225
Query scope: 1642
Query scope: 1341
Query scope: 3226
Query scope: 1643
Query scope: 1342
Query scope: 3227
Query scope: 1644
Query scope: 1343
Query scope: 3228
Query scope: 1645
Query scope: 1344
Query scope: 3229
Query scope: 1646
Query scope: 1345
Query scope: 3230
Query scope: 1647
Query scope: 1346
Query scope: 3231
Query scope: 1648
Query scope: 1347
Query scope: 3232
Query scope: 1649
Query scope: 1348
Query scope: 3233
Query scope: 1650
Query scope: 1349
Query scope: 3234
Query scope: 1651
Query scope: 1350
Query scope: 3235
Query scope: 1652
Query scope: 1351
Query scope: 3236
Query scope: 1653
Query scope: 1352
Query scope: 3237
Query scope: 1654
Query scope: 1353
Query scope: 3238
Query scope: 1655
Query scope: 1354
Query scope: 3239
Query scope: 1656
Query scope: 1355
Query scope: 3240
Query scope: 1657
Query scope: 1356
Query scope: 3241
Query scope: 1658
Query scope: 1357
Query scope: 3242
Query scope: 1659
Query scope: 1358
Query scope: 3243
Query scope: 1660
Query scope: 1359
Query scope: 3244
Query scope: 1661
Query scope: 1360
Query scope: 3245
Query scope: 1662
Query scope: 1361
Query scope: 3246
Query scope: 1663
Query scope: 1362
Query scope: 3247
Query scope: 1664
Query scope: 1363
Query scope: 3248
Query scope: 1665
Query scope: 1364
Query scope: 3249
Query scope: 1666
Query scope: 1365
Query scope: 3250
Query scope: 1667
Query scope: 1366
Query scope: 3251
Query scope: 1668
Query scope: 1367
Query scope: 3252
Query scope: 1669
Query scope: 1368
Query scope: 3253
Query scope: 1670
Query scope: 1369
Query scope: 3254
Query scope: 1671
Query scope: 1370
Query scope: 3255
Query scope: 1672
Query scope: 1371
Query scope: 3256
Query scope: 1673
Query scope: 1372
Query scope: 3257
Query scope: 1674
Query scope: 1373
Query scope: 3258
Query scope: 1675
Query scope: 1374
Query scope: 3259
Query scope: 1676
Query scope: 1375
Query scope: 3260
----------------------------
IIS optimality: optimal
IIS solution time: 1.845
