IIS generation
Iter 1: 
Min Hitting Set: []
Min Correction Subset: [961]
Iter 2: 
Min Hitting Set: [961]
Min Correction Subset: [74]
Iter 3: 
Min Hitting Set: [74, 961]
Min Correction Subset: [78]
Iter 4: 
Min Hitting Set: [74, 78, 961]
Min Correction Subset: [47]
Iter 5: 
Min Hitting Set: [47, 74, 78, 961]
Min Correction Subset: [64]
Iter 6: 
Min Hitting Set: [47, 64, 74, 78, 961]
Min Correction Subset: [832]
Iter 7: 
Min Hitting Set: [47, 64, 74, 78, 832, 961]
Min Correction Subset: [67]
Iter 8: 
Min Hitting Set: [47, 64, 67, 74, 78, 832, 961]
Min Correction Subset: [65, 833]
Iter 9: 
Min Hitting Set: [47, 64, 65, 67, 74, 78, 832, 961]
Min Correction Subset: [58, 476]
Iter 10: 
Min Hitting Set: [47, 58, 64, 65, 67, 74, 78, 832, 961]
Min Correction Subset: [11, 42]
Iter 11: 
Min Hitting Set: [11, 47, 58, 64, 65, 67, 74, 78, 832, 961]
Min Correction Subset: [57, 476]
Iter 12: 
Min Hitting Set: [11, 47, 64, 65, 67, 74, 78, 476, 832, 961]
Min Correction Subset: [44, 839]
Iter 13: 
Min Hitting Set: [11, 44, 47, 64, 65, 67, 74, 78, 476, 832, 961]
Min Correction Subset: [73, 838]
Iter 14: 
Min Hitting Set: [11, 44, 47, 64, 65, 67, 73, 74, 78, 476, 832, 961]
Min Correction Subset: [66, 835]
Iter 15: 
Min Hitting Set: [11, 44, 47, 64, 65, 66, 67, 73, 74, 78, 476, 832, 961]
Min Correction Subset: [70, 838]
Iter 16: 
Min Hitting Set: [11, 44, 47, 64, 65, 66, 67, 74, 78, 476, 832, 838, 961]
Min Correction Subset: [57, 836]
Iter 17: 
Min Hitting Set: [11, 44, 47, 57, 64, 65, 66, 67, 74, 78, 476, 832, 838, 961]
Min Correction Subset: [70, 841]
Iter 18: 
Min Hitting Set: [11, 44, 47, 57, 64, 65, 66, 67, 70, 74, 78, 476, 832, 838, 961]
Min Correction Subset: [75, 835]
Iter 19: 
Min Hitting Set: [11, 44, 47, 57, 64, 65, 67, 70, 74, 78, 476, 832, 835, 838, 961]
Min Correction Subset: [75, 841]
Iter 20: 
Min Hitting Set: [11, 44, 47, 57, 64, 65, 67, 74, 78, 476, 832, 835, 838, 841, 961]
Min Correction Subset: [66, 840]
Iter 21: 
Min Hitting Set: [11, 44, 47, 57, 64, 65, 66, 67, 74, 75, 78, 476, 832, 838, 841, 961]
Min Correction Subset: [58, 839]
Iter 22: 
Min Hitting Set: [11, 47, 57, 58, 64, 65, 66, 67, 74, 75, 78, 832, 838, 839, 841, 961]
Min Correction Subset: [44, 476]
Iter 23: 
Min Hitting Set: [11, 44, 47, 57, 58, 64, 65, 66, 67, 74, 75, 78, 832, 838, 841, 961]
Min Correction Subset: [70, 476]
Iter 24: 
Min Hitting Set: [11, 44, 47, 57, 58, 64, 65, 66, 67, 70, 74, 75, 78, 832, 838, 961]
Min Correction Subset: [73, 476]
Iter 25: 
Min Hitting Set: [11, 44, 47, 57, 58, 64, 65, 66, 67, 70, 73, 74, 75, 78, 832, 961]
Min Correction Subset: [54, 835]
Iter 26: 
Min Hitting Set: [11, 47, 57, 64, 65, 66, 67, 74, 78, 476, 832, 835, 838, 839, 841, 961]
Min Correction Subset: [44, 836]
Iter 27: 
Min Hitting Set: [11, 47, 64, 65, 66, 67, 74, 78, 476, 832, 835, 836, 838, 839, 841, 961]
Min Correction Subset: [73, 840]
Iter 28: 
Min Hitting Set: [11, 47, 64, 65, 67, 74, 78, 476, 832, 835, 836, 838, 839, 840, 841, 961]
Min Correction Subset: [54, 833]
Iter 29: 
Min Hitting Set: [11, 47, 64, 67, 74, 78, 476, 832, 833, 835, 836, 838, 839, 840, 841, 961]
Min Correction Subset: [65, 834]
Iter 30: 
Min Hitting Set: [11, 47, 54, 64, 65, 66, 67, 70, 73, 74, 75, 78, 476, 832, 836, 839, 961]
Min Correction Subset: [57, 835]
Iter 31: 
Min Hitting Set: [11, 47, 54, 64, 65, 67, 74, 78, 476, 832, 835, 836, 838, 839, 840, 841, 961]
Min Correction Subset: [44, 837]
Iter 32: 
Min Hitting Set: [11, 44, 47, 54, 57, 58, 64, 65, 66, 67, 70, 73, 74, 75, 78, 832, 961]
Min Correction Subset: [6, 37, 476]
Iter 33: 
Min Hitting Set: [11, 44, 47, 54, 57, 64, 65, 67, 74, 78, 476, 832, 835, 838, 839, 840, 841, 961]
Min Correction Subset: [75, 836]
Iter 34: 
Min Hitting Set: [11, 44, 47, 54, 57, 64, 65, 66, 67, 70, 73, 74, 75, 78, 476, 832, 839, 961]
Min Correction Subset: [58, 835]
Iter 35: 
Min Hitting Set: [11, 44, 47, 54, 57, 58, 64, 65, 66, 67, 70, 73, 74, 75, 78, 476, 832, 961]
Min Correction Subset: [53, 59, 833]
Iter 36: 
Min Hitting Set: [11, 44, 47, 58, 64, 65, 67, 74, 78, 476, 832, 833, 835, 836, 838, 840, 841, 961]
Min Correction Subset: [75, 839]
Iter 37: 
Min Hitting Set: [11, 44, 47, 64, 65, 67, 74, 78, 476, 832, 833, 835, 836, 838, 839, 840, 841, 961]
Min Correction Subset: [73, 837]
Iter 38: 
Min Hitting Set: [11, 47, 64, 65, 67, 74, 78, 476, 832, 833, 835, 836, 837, 838, 839, 840, 841, 961]
Min Correction Subset: [54, 884]
Iter 39: 
Min Hitting Set: [11, 47, 54, 64, 65, 67, 74, 78, 476, 832, 833, 835, 836, 837, 838, 839, 840, 841, 961]
Min Correction Subset: [53, 66, 834]
Iter 40: 
Min Hitting Set: [11, 47, 53, 54, 64, 65, 67, 74, 78, 476, 832, 835, 836, 837, 838, 839, 840, 841, 961]
Min Correction Subset: [58, 482, 833]
Iter 41: 
Min Hitting Set: [11, 47, 54, 64, 67, 74, 78, 476, 832, 833, 834, 835, 836, 837, 838, 839, 840, 841, 961]
Min Correction Subset: [65, 842]
Iter 42: 
Min Hitting Set: [11, 44, 47, 53, 54, 57, 58, 64, 65, 66, 67, 70, 73, 74, 75, 78, 476, 832, 961]
Min Correction Subset: [60, 655, 841]
Iter 43: 
Min Hitting Set: [11, 44, 47, 53, 54, 57, 58, 64, 65, 66, 67, 73, 74, 75, 78, 476, 832, 838, 841, 961]
Min Correction Subset: [70, 836]
Iter 44: 
Min Hitting Set: [11, 44, 47, 53, 54, 57, 58, 64, 65, 66, 67, 70, 73, 74, 75, 78, 476, 832, 841, 961]
Min Correction Subset: [1, 6, 839]
Iter 45: 
Min Hitting Set: [11, 47, 53, 54, 58, 64, 65, 67, 74, 78, 476, 832, 835, 836, 837, 838, 839, 840, 841, 961]
Min Correction Subset: [66, 482, 833]
Iter 46: 
Min Hitting Set: [6, 11, 44, 47, 54, 57, 58, 64, 65, 66, 67, 70, 73, 74, 75, 78, 832, 833, 841, 961]
Min Correction Subset: [53, 59, 834]
Iter 47: 
Min Hitting Set: [11, 47, 53, 54, 64, 65, 67, 74, 78, 476, 832, 833, 835, 836, 837, 838, 839, 840, 841, 961]
Min Correction Subset: [44, 474, 834]
Iter 48: 
Min Hitting Set: [6, 11, 44, 47, 53, 54, 57, 58, 64, 65, 66, 67, 70, 73, 74, 75, 78, 832, 841, 961]
Min Correction Subset: [3, 17, 476]
Iter 49: 
Min Hitting Set: [11, 47, 54, 64, 65, 67, 74, 78, 476, 832, 833, 834, 835, 836, 837, 838, 839, 840, 841, 961]
Min Correction Subset: [58, 62, 485]
Iter 50: 
Min Hitting Set: [11, 44, 47, 53, 54, 58, 64, 65, 66, 67, 73, 74, 78, 476, 832, 835, 836, 838, 839, 841, 961]
Min Correction Subset: [70, 840]
Iter 51: 
Min Hitting Set: [11, 47, 54, 58, 64, 65, 67, 74, 78, 476, 832, 833, 834, 835, 836, 837, 838, 839, 840, 841, 961]
Min Correction Subset: [62, 73, 485]
Iter 52: 
Min Hitting Set: [11, 44, 47, 53, 54, 58, 64, 65, 66, 67, 70, 73, 74, 78, 476, 832, 835, 836, 839, 841, 961]
Min Correction Subset: [57, 837]
Iter 53: 
Min Hitting Set: [11, 47, 54, 64, 65, 67, 74, 78, 476, 485, 832, 833, 834, 835, 836, 837, 838, 839, 840, 841, 961]
Min Correction Subset: [24, 60, 61, 62]
Iter 54: 
Min Hitting Set: [11, 47, 54, 62, 64, 65, 67, 74, 78, 476, 832, 833, 834, 835, 836, 837, 838, 839, 840, 841, 961]
Min Correction Subset: [14, 45, 46, 843]
Optimal IIS
IIS generation
Instance: j306_10
----------------------------
Query: 8
Query element:10,29
Query element:14,29
Query element:15,25
Query element:16,25
Query scope: 1233
Query scope: 1796
Query scope: 1933
Query scope: 2073
Query scope: 4478
Query scope: 1234
Query scope: 1797
Query scope: 1934
Query scope: 2074
Query scope: 4479
Query scope: 1235
Query scope: 1798
Query scope: 1935
Query scope: 2075
Query scope: 4480
Query scope: 1236
Query scope: 1799
Query scope: 1936
Query scope: 2076
Query scope: 4481
Query scope: 1237
Query scope: 1800
Query scope: 1937
Query scope: 2077
Query scope: 4482
Query scope: 1238
Query scope: 1801
Query scope: 1938
Query scope: 2078
Query scope: 4483
Query scope: 1239
Query scope: 1802
Query scope: 1939
Query scope: 2079
Query scope: 4484
Query scope: 1240
Query scope: 1803
Query scope: 1940
Query scope: 2080
Query scope: 4485
Query scope: 1241
Query scope: 1804
Query scope: 1941
Query scope: 2081
Query scope: 4486
Query scope: 1242
Query scope: 1805
Query scope: 1942
Query scope: 2082
Query scope: 4487
Query scope: 1243
Query scope: 1806
Query scope: 1943
Query scope: 2083
Query scope: 4488
Query scope: 1244
Query scope: 1807
Query scope: 1944
Query scope: 2084
Query scope: 4489
Query scope: 1245
Query scope: 1808
Query scope: 1945
Query scope: 2085
Query scope: 4490
Query scope: 1246
Query scope: 1809
Query scope: 1946
Query scope: 2086
Query scope: 4491
Query scope: 1247
Query scope: 1810
Query scope: 1947
Query scope: 2087
Query scope: 4492
Query scope: 1248
Query scope: 1811
Query scope: 1948
Query scope: 2088
Query scope: 4493
Query scope: 1249
Query scope: 1812
Query scope: 1949
Query scope: 2089
Query scope: 4494
Query scope: 1250
Query scope: 1813
Query scope: 1950
Query scope: 2090
Query scope: 4495
Query scope: 1251
Query scope: 1814
Query scope: 1951
Query scope: 2091
Query scope: 4496
Query scope: 1252
Query scope: 1815
Query scope: 1952
Query scope: 2092
Query scope: 4497
Query scope: 1253
Query scope: 1816
Query scope: 1953
Query scope: 2093
Query scope: 4498
Query scope: 1254
Query scope: 1817
Query scope: 1954
Query scope: 2094
Query scope: 4499
Query scope: 1255
Query scope: 1818
Query scope: 1955
Query scope: 2095
Query scope: 4500
Query scope: 1256
Query scope: 1819
Query scope: 1956
Query scope: 2096
Query scope: 4501
Query scope: 1257
Query scope: 1820
Query scope: 1957
Query scope: 2097
Query scope: 4502
Query scope: 1258
Query scope: 1821
Query scope: 1958
Query scope: 2098
Query scope: 4503
Query scope: 1259
Query scope: 1822
Query scope: 1959
Query scope: 2099
Query scope: 4504
Query scope: 1260
Query scope: 1823
Query scope: 1960
Query scope: 2100
Query scope: 4505
Query scope: 1261
Query scope: 1824
Query scope: 1961
Query scope: 2101
Query scope: 4506
Query scope: 1262
Query scope: 1825
Query scope: 1962
Query scope: 2102
Query scope: 4507
Query scope: 1263
Query scope: 1826
Query scope: 1963
Query scope: 2103
Query scope: 4508
Query scope: 1264
Query scope: 1827
Query scope: 1964
Query scope: 2104
Query scope: 4509
Query scope: 1265
Query scope: 1828
Query scope: 1965
Query scope: 2105
Query scope: 4510
Query scope: 1266
Query scope: 1829
Query scope: 1966
Query scope: 2106
Query scope: 4511
Query scope: 1267
Query scope: 1830
Query scope: 1967
Query scope: 2107
Query scope: 4512
Query scope: 1268
Query scope: 1831
Query scope: 1968
Query scope: 2108
Query scope: 4513
Query scope: 1269
Query scope: 1832
Query scope: 1969
Query scope: 2109
Query scope: 4514
Query scope: 1270
Query scope: 1833
Query scope: 1970
Query scope: 2110
Query scope: 4515
Query scope: 1271
Query scope: 1834
Query scope: 1971
Query scope: 2111
Query scope: 4516
Query scope: 1272
Query scope: 1835
Query scope: 1972
Query scope: 2112
Query scope: 4517
Query scope: 1273
Query scope: 1836
Query scope: 1973
Query scope: 2113
Query scope: 4518
Query scope: 1274
Query scope: 1837
Query scope: 1974
Query scope: 2114
Query scope: 4519
Query scope: 1275
Query scope: 1838
Query scope: 1975
Query scope: 2115
Query scope: 4520
Query scope: 1276
Query scope: 1839
Query scope: 1976
Query scope: 2116
Query scope: 4521
Query scope: 1277
Query scope: 1840
Query scope: 1977
Query scope: 2117
Query scope: 4522
Query scope: 1278
Query scope: 1841
Query scope: 1978
Query scope: 2118
Query scope: 4523
Query scope: 1279
Query scope: 1842
Query scope: 1979
Query scope: 2119
Query scope: 4524
Query scope: 1280
Query scope: 1843
Query scope: 1980
Query scope: 2120
Query scope: 4525
Query scope: 1281
Query scope: 1844
Query scope: 1981
Query scope: 2121
Query scope: 4526
Query scope: 1282
Query scope: 1845
Query scope: 1982
Query scope: 2122
Query scope: 4527
Query scope: 1283
Query scope: 1846
Query scope: 1983
Query scope: 2123
Query scope: 4528
Query scope: 1284
Query scope: 1847
Query scope: 1984
Query scope: 2124
Query scope: 4529
Query scope: 1285
Query scope: 1848
Query scope: 1985
Query scope: 2125
Query scope: 4530
Query scope: 1286
Query scope: 1849
Query scope: 1986
Query scope: 2126
Query scope: 4531
Query scope: 1287
Query scope: 1850
Query scope: 1987
Query scope: 2127
Query scope: 4532
Query scope: 1288
Query scope: 1851
Query scope: 1988
Query scope: 2128
Query scope: 4533
Query scope: 1289
Query scope: 1852
Query scope: 1989
Query scope: 2129
Query scope: 4534
Query scope: 1290
Query scope: 1853
Query scope: 1990
Query scope: 2130
Query scope: 4535
Query scope: 1291
Query scope: 1854
Query scope: 1991
Query scope: 2131
Query scope: 4536
Query scope: 1292
Query scope: 1855
Query scope: 1992
Query scope: 2132
Query scope: 4537
Query scope: 1293
Query scope: 1856
Query scope: 1993
Query scope: 2133
Query scope: 4538
Query scope: 1294
Query scope: 1857
Query scope: 1994
Query scope: 2134
Query scope: 4539
Query scope: 1295
Query scope: 1858
Query scope: 1995
Query scope: 2135
Query scope: 4540
Query scope: 1296
Query scope: 1859
Query scope: 1996
Query scope: 2136
Query scope: 4541
Query scope: 1297
Query scope: 1860
Query scope: 1997
Query scope: 2137
Query scope: 4542
Query scope: 1298
Query scope: 1861
Query scope: 1998
Query scope: 2138
Query scope: 4543
Query scope: 1299
Query scope: 1862
Query scope: 1999
Query scope: 2139
Query scope: 4544
Query scope: 1300
Query scope: 1863
Query scope: 2000
Query scope: 2140
Query scope: 4545
Query scope: 1301
Query scope: 1864
Query scope: 2001
Query scope: 2141
Query scope: 4546
Query scope: 1302
Query scope: 1865
Query scope: 2002
Query scope: 2142
Query scope: 4547
Query scope: 1303
Query scope: 1866
Query scope: 2003
Query scope: 2143
Query scope: 4548
Query scope: 1304
Query scope: 1867
Query scope: 2004
Query scope: 2144
Query scope: 4549
Query scope: 1305
Query scope: 1868
Query scope: 2005
Query scope: 2145
Query scope: 4550
Query scope: 1306
Query scope: 1869
Query scope: 2006
Query scope: 2146
Query scope: 4551
Query scope: 1307
Query scope: 1870
Query scope: 2007
Query scope: 2147
Query scope: 4552
Query scope: 1308
Query scope: 1871
Query scope: 2008
Query scope: 2148
Query scope: 4553
Query scope: 1309
Query scope: 1872
Query scope: 2009
Query scope: 2149
Query scope: 4554
Query scope: 1310
Query scope: 1873
Query scope: 2010
Query scope: 2150
Query scope: 4555
Query scope: 1311
Query scope: 1874
Query scope: 2011
Query scope: 2151
Query scope: 4556
Query scope: 1312
Query scope: 1875
Query scope: 2012
Query scope: 2152
Query scope: 4557
Query scope: 1313
Query scope: 1876
Query scope: 2013
Query scope: 2153
Query scope: 4558
Query scope: 1314
Query scope: 1877
Query scope: 2014
Query scope: 2154
Query scope: 4559
Query scope: 1315
Query scope: 1878
Query scope: 2015
Query scope: 2155
Query scope: 4560
Query scope: 1316
Query scope: 1879
Query scope: 2016
Query scope: 2156
Query scope: 4561
Query scope: 1317
Query scope: 1880
Query scope: 2017
Query scope: 2157
Query scope: 4562
Query scope: 1318
Query scope: 1881
Query scope: 2018
Query scope: 2158
Query scope: 4563
Query scope: 1319
Query scope: 1882
Query scope: 2019
Query scope: 2159
Query scope: 4564
Query scope: 1320
Query scope: 1883
Query scope: 2020
Query scope: 2160
Query scope: 4565
Query scope: 1321
Query scope: 1884
Query scope: 2021
Query scope: 2161
Query scope: 4566
Query scope: 1322
Query scope: 1885
Query scope: 2022
Query scope: 2162
Query scope: 4567
Query scope: 1323
Query scope: 1886
Query scope: 2023
Query scope: 2163
Query scope: 4568
Query scope: 1324
Query scope: 1887
Query scope: 2024
Query scope: 2164
Query scope: 4569
Query scope: 1325
Query scope: 1888
Query scope: 2025
Query scope: 2165
Query scope: 4570
Query scope: 1326
Query scope: 1889
Query scope: 2026
Query scope: 2166
Query scope: 4571
Query scope: 1327
Query scope: 1890
Query scope: 2027
Query scope: 2167
Query scope: 4572
Query scope: 1328
Query scope: 1891
Query scope: 2028
Query scope: 2168
Query scope: 4573
Query scope: 1329
Query scope: 1892
Query scope: 2029
Query scope: 2169
Query scope: 4574
Query scope: 1330
Query scope: 1893
Query scope: 2030
Query scope: 2170
Query scope: 4575
Query scope: 1331
Query scope: 1894
Query scope: 2031
Query scope: 2171
Query scope: 4576
Query scope: 1332
Query scope: 1895
Query scope: 2032
Query scope: 2172
Query scope: 4577
Query scope: 1333
Query scope: 1896
Query scope: 2033
Query scope: 2173
Query scope: 4578
Query scope: 1334
Query scope: 1897
Query scope: 2034
Query scope: 2174
Query scope: 4579
Query scope: 1335
Query scope: 1898
Query scope: 2035
Query scope: 2175
Query scope: 4580
Query scope: 1336
Query scope: 1899
Query scope: 2036
Query scope: 2176
Query scope: 4581
Query scope: 1337
Query scope: 1900
Query scope: 2037
Query scope: 2177
Query scope: 4582
Query scope: 1338
Query scope: 1901
Query scope: 2038
Query scope: 2178
Query scope: 4583
Query scope: 1339
Query scope: 1902
Query scope: 2039
Query scope: 2179
Query scope: 4584
Query scope: 1340
Query scope: 1903
Query scope: 2040
Query scope: 2180
Query scope: 4585
Query scope: 1341
Query scope: 1904
Query scope: 2041
Query scope: 2181
Query scope: 4586
Query scope: 1342
Query scope: 1905
Query scope: 2042
Query scope: 2182
Query scope: 4587
Query scope: 1343
Query scope: 1906
Query scope: 2043
Query scope: 2183
Query scope: 4588
Query scope: 1344
Query scope: 1907
Query scope: 2044
Query scope: 2184
Query scope: 4589
Query scope: 1345
Query scope: 1908
Query scope: 2045
Query scope: 2185
Query scope: 4590
Query scope: 1346
Query scope: 1909
Query scope: 2046
Query scope: 2186
Query scope: 4591
Query scope: 1347
Query scope: 1910
Query scope: 2047
Query scope: 2187
Query scope: 4592
Query scope: 1348
Query scope: 1911
Query scope: 2048
Query scope: 2188
Query scope: 4593
Query scope: 1349
Query scope: 1912
Query scope: 2049
Query scope: 2189
Query scope: 4594
Query scope: 1350
Query scope: 1913
Query scope: 2050
Query scope: 2190
Query scope: 4595
Query scope: 1351
Query scope: 1914
Query scope: 2051
Query scope: 2191
Query scope: 4596
Query scope: 1352
Query scope: 1915
Query scope: 2052
Query scope: 2192
Query scope: 4597
Query scope: 1353
Query scope: 1916
Query scope: 2053
Query scope: 2193
Query scope: 4598
Query scope: 1354
Query scope: 1917
Query scope: 2054
Query scope: 2194
Query scope: 4599
Query scope: 1355
Query scope: 1918
Query scope: 2055
Query scope: 2195
Query scope: 4600
Query scope: 1356
Query scope: 1919
Query scope: 2056
Query scope: 2196
Query scope: 4601
Query scope: 1357
Query scope: 1920
Query scope: 2057
Query scope: 2197
Query scope: 4602
Query scope: 1358
Query scope: 1921
Query scope: 2058
Query scope: 2198
Query scope: 4603
Query scope: 1359
Query scope: 1922
Query scope: 2059
Query scope: 2199
Query scope: 4604
Query scope: 1360
Query scope: 1923
Query scope: 2060
Query scope: 2200
Query scope: 4605
----------------------------
IIS optimality: suboptimal
IIS solution time: 19275.014
IIS Constraint: 11; completion; {activity:12}
IIS Constraint: 14; completion; {activity:15}
IIS Constraint: 47; precedence; {activity:16,predecessor:12}
IIS Constraint: 54; precedence; {activity:21,predecessor:15}
IIS Constraint: 62; precedence; {activity:25,predecessor:16}
IIS Constraint: 64; precedence; {activity:26,predecessor:25}
IIS Constraint: 65; precedence; {activity:27,predecessor:21}
IIS Constraint: 67; precedence; {activity:27,predecessor:26}
IIS Constraint: 74; precedence; {activity:30,predecessor:27}
IIS Constraint: 78; precedence; {activity:32,predecessor:30}
IIS Constraint: 476; renewable; {resource:3,t:20}
IIS Constraint: 832; query; {activities:[10,14,15,16],t:25,query:8}
IIS Constraint: 833; query; {activities:[10,14,15,16],t:26,query:8}
IIS Constraint: 834; query; {activities:[10,14,15,16],t:27,query:8}
IIS Constraint: 835; query; {activities:[10,14,15,16],t:28,query:8}
IIS Constraint: 836; query; {activities:[10,14,15,16],t:29,query:8}
IIS Constraint: 837; query; {activities:[10,14,15,16],t:30,query:8}
IIS Constraint: 838; query; {activities:[10,14,15,16],t:31,query:8}
IIS Constraint: 839; query; {activities:[10,14,15,16],t:32,query:8}
IIS Constraint: 840; query; {activities:[10,14,15,16],t:33,query:8}
IIS Constraint: 841; query; {activities:[10,14,15,16],t:34,query:8}
IIS Constraint: 961; max; {f:61.0,objective:max}
