IIS generation
IIS generation
Instance: j305_1
----------------------------
Query: 8
Query element:21,24
Query element:9,22
Query scope: 2540
Query scope: 992
Query scope: 4076
Query scope: 2541
Query scope: 993
Query scope: 4077
Query scope: 2542
Query scope: 994
Query scope: 4078
Query scope: 2543
Query scope: 995
Query scope: 4079
Query scope: 2544
Query scope: 996
Query scope: 4080
Query scope: 2545
Query scope: 997
Query scope: 4081
Query scope: 2546
Query scope: 998
Query scope: 4082
Query scope: 2547
Query scope: 999
Query scope: 4083
Query scope: 2548
Query scope: 1000
Query scope: 4084
Query scope: 2549
Query scope: 1001
Query scope: 4085
Query scope: 2550
Query scope: 1002
Query scope: 4086
Query scope: 2551
Query scope: 1003
Query scope: 4087
Query scope: 2552
Query scope: 1004
Query scope: 4088
Query scope: 2553
Query scope: 1005
Query scope: 4089
Query scope: 2554
Query scope: 1006
Query scope: 4090
Query scope: 2555
Query scope: 1007
Query scope: 4091
Query scope: 2556
Query scope: 1008
Query scope: 4092
Query scope: 2557
Query scope: 1009
Query scope: 4093
Query scope: 2558
Query scope: 1010
Query scope: 4094
Query scope: 2559
Query scope: 1011
Query scope: 4095
Query scope: 2560
Query scope: 1012
Query scope: 4096
Query scope: 2561
Query scope: 1013
Query scope: 4097
Query scope: 2562
Query scope: 1014
Query scope: 4098
Query scope: 2563
Query scope: 1015
Query scope: 4099
Query scope: 2564
Query scope: 1016
Query scope: 4100
Query scope: 2565
Query scope: 1017
Query scope: 4101
Query scope: 2566
Query scope: 1018
Query scope: 4102
Query scope: 2567
Query scope: 1019
Query scope: 4103
Query scope: 2568
Query scope: 1020
Query scope: 4104
Query scope: 2569
Query scope: 1021
Query scope: 4105
Query scope: 2570
Query scope: 1022
Query scope: 4106
Query scope: 2571
Query scope: 1023
Query scope: 4107
Query scope: 2572
Query scope: 1024
Query scope: 4108
Query scope: 2573
Query scope: 1025
Query scope: 4109
Query scope: 2574
Query scope: 1026
Query scope: 4110
Query scope: 2575
Query scope: 1027
Query scope: 4111
Query scope: 2576
Query scope: 1028
Query scope: 4112
Query scope: 2577
Query scope: 1029
Query scope: 4113
Query scope: 2578
Query scope: 1030
Query scope: 4114
Query scope: 2579
Query scope: 1031
Query scope: 4115
Query scope: 2580
Query scope: 1032
Query scope: 4116
Query scope: 2581
Query scope: 1033
Query scope: 4117
Query scope: 2582
Query scope: 1034
Query scope: 4118
Query scope: 2583
Query scope: 1035
Query scope: 4119
Query scope: 2584
Query scope: 1036
Query scope: 4120
Query scope: 2585
Query scope: 1037
Query scope: 4121
Query scope: 2586
Query scope: 1038
Query scope: 4122
Query scope: 2587
Query scope: 1039
Query scope: 4123
Query scope: 2588
Query scope: 1040
Query scope: 4124
Query scope: 2589
Query scope: 1041
Query scope: 4125
Query scope: 2590
Query scope: 1042
Query scope: 4126
Query scope: 2591
Query scope: 1043
Query scope: 4127
Query scope: 2592
Query scope: 1044
Query scope: 4128
Query scope: 2593
Query scope: 1045
Query scope: 4129
Query scope: 2594
Query scope: 1046
Query scope: 4130
Query scope: 2595
Query scope: 1047
Query scope: 4131
Query scope: 2596
Query scope: 1048
Query scope: 4132
Query scope: 2597
Query scope: 1049
Query scope: 4133
Query scope: 2598
Query scope: 1050
Query scope: 4134
Query scope: 2599
Query scope: 1051
Query scope: 4135
Query scope: 2600
Query scope: 1052
Query scope: 4136
Query scope: 2601
Query scope: 1053
Query scope: 4137
Query scope: 2602
Query scope: 1054
Query scope: 4138
Query scope: 2603
Query scope: 1055
Query scope: 4139
Query scope: 2604
Query scope: 1056
Query scope: 4140
Query scope: 2605
Query scope: 1057
Query scope: 4141
Query scope: 2606
Query scope: 1058
Query scope: 4142
Query scope: 2607
Query scope: 1059
Query scope: 4143
Query scope: 2608
Query scope: 1060
Query scope: 4144
Query scope: 2609
Query scope: 1061
Query scope: 4145
Query scope: 2610
Query scope: 1062
Query scope: 4146
Query scope: 2611
Query scope: 1063
Query scope: 4147
Query scope: 2612
Query scope: 1064
Query scope: 4148
Query scope: 2613
Query scope: 1065
Query scope: 4149
Query scope: 2614
Query scope: 1066
Query scope: 4150
Query scope: 2615
Query scope: 1067
Query scope: 4151
Query scope: 2616
Query scope: 1068
Query scope: 4152
Query scope: 2617
Query scope: 1069
Query scope: 4153
Query scope: 2618
Query scope: 1070
Query scope: 4154
Query scope: 2619
Query scope: 1071
Query scope: 4155
Query scope: 2620
Query scope: 1072
Query scope: 4156
Query scope: 2621
Query scope: 1073
Query scope: 4157
Query scope: 2622
Query scope: 1074
Query scope: 4158
Query scope: 2623
Query scope: 1075
Query scope: 4159
Query scope: 2624
Query scope: 1076
Query scope: 4160
Query scope: 2625
Query scope: 1077
Query scope: 4161
Query scope: 2626
Query scope: 1078
Query scope: 4162
Query scope: 2627
Query scope: 1079
Query scope: 4163
Query scope: 2628
Query scope: 1080
Query scope: 4164
Query scope: 2629
Query scope: 1081
Query scope: 4165
Query scope: 2630
Query scope: 1082
Query scope: 4166
Query scope: 2631
Query scope: 1083
Query scope: 4167
Query scope: 2632
Query scope: 1084
Query scope: 4168
Query scope: 2633
Query scope: 1085
Query scope: 4169
Query scope: 2634
Query scope: 1086
Query scope: 4170
Query scope: 2635
Query scope: 1087
Query scope: 4171
Query scope: 2636
Query scope: 1088
Query scope: 4172
Query scope: 2637
Query scope: 1089
Query scope: 4173
Query scope: 2638
Query scope: 1090
Query scope: 4174
Query scope: 2639
Query scope: 1091
Query scope: 4175
Query scope: 2640
Query scope: 1092
Query scope: 4176
Query scope: 2641
Query scope: 1093
Query scope: 4177
Query scope: 2642
Query scope: 1094
Query scope: 4178
Query scope: 2643
Query scope: 1095
Query scope: 4179
Query scope: 2644
Query scope: 1096
Query scope: 4180
Query scope: 2645
Query scope: 1097
Query scope: 4181
Query scope: 2646
Query scope: 1098
Query scope: 4182
Query scope: 2647
Query scope: 1099
Query scope: 4183
Query scope: 2648
Query scope: 1100
Query scope: 4184
Query scope: 2649
Query scope: 1101
Query scope: 4185
Query scope: 2650
Query scope: 1102
Query scope: 4186
Query scope: 2651
Query scope: 1103
Query scope: 4187
Query scope: 2652
Query scope: 1104
Query scope: 4188
Query scope: 2653
Query scope: 1105
Query scope: 4189
Query scope: 2654
Query scope: 1106
Query scope: 4190
Query scope: 2655
Query scope: 1107
Query scope: 4191
Query scope: 2656
Query scope: 1108
Query scope: 4192
Query scope: 2657
Query scope: 1109
Query scope: 4193
Query scope: 2658
Query scope: 1110
Query scope: 4194
Query scope: 2659
Query scope: 1111
Query scope: 4195
Query scope: 2660
Query scope: 1112
Query scope: 4196
----------------------------
IIS optimality: optimal
IIS solution time: 1059.805
