IIS generation
Iter 1: 
Min Hitting Set: []
Min Correction Subset: [641]
Iter 2: 
Min Hitting Set: [641]
Min Correction Subset: [78]
Iter 3: 
Min Hitting Set: [78, 641]
Min Correction Subset: [73]
Iter 4: 
Min Hitting Set: [73, 78, 641]
Min Correction Subset: [67]
Iter 5: 
Min Hitting Set: [67, 73, 78, 641]
Min Correction Subset: [640]
Iter 6: 
Min Hitting Set: [67, 73, 78, 640, 641]
Min Correction Subset: [64, 65]
Iter 7: 
Min Hitting Set: [64, 67, 73, 78, 640, 641]
Min Correction Subset: [54, 65]
Iter 8: 
Min Hitting Set: [65, 67, 73, 78, 640, 641]
Min Correction Subset: [64, 240, 241]
Optimal IIS
IIS generation
Instance: j306_6
----------------------------
Query: 6
Query element:10,21
Query element:16,19
Query scope: 1009
Query scope: 1689
----------------------------
IIS optimality: suboptimal
IIS solution time: 292.810
IIS Constraint: 54; precedence; {activity:19,predecessor:16}
IIS Constraint: 64; precedence; {activity:26,predecessor:19}
IIS Constraint: 67; precedence; {activity:28,predecessor:26}
IIS Constraint: 73; precedence; {activity:30,predecessor:28}
IIS Constraint: 78; precedence; {activity:32,predecessor:30}
IIS Constraint: 640; query; {activities:[10,16],t:21,query:6}
IIS Constraint: 641; max; {f:37.0,objective:max}
