IIS generation
Iter 1: 
Min Hitting Set: []
Min Correction Subset: [685]
Iter 2: 
Min Hitting Set: [685]
Min Correction Subset: [65]
Iter 3: 
Min Hitting Set: [65, 685]
Min Correction Subset: [253]
Iter 4: 
Min Hitting Set: [65, 253, 685]
Min Correction Subset: [684]
Iter 5: 
Min Hitting Set: [65, 253, 684, 685]
Min Correction Subset: [66, 74]
Iter 6: 
Min Hitting Set: [65, 66, 253, 684, 685]
Min Correction Subset: [74, 77]
Iter 7: 
Min Hitting Set: [65, 74, 253, 684, 685]
Min Correction Subset: [77, 78]
Iter 8: 
Min Hitting Set: [65, 74, 77, 253, 684, 685]
Min Correction Subset: [66, 78]
Iter 9: 
Min Hitting Set: [65, 66, 77, 253, 684, 685]
Min Correction Subset: [71, 74]
Iter 10: 
Min Hitting Set: [65, 74, 78, 253, 684, 685]
Min Correction Subset: [69, 77]
Iter 11: 
Min Hitting Set: [65, 66, 74, 77, 253, 684, 685]
Min Correction Subset: [71, 78]
Iter 12: 
Min Hitting Set: [65, 66, 71, 77, 253, 684, 685]
Min Correction Subset: [70, 78]
Iter 13: 
Min Hitting Set: [65, 74, 77, 78, 253, 684, 685]
Min Correction Subset: [66, 69]
Iter 14: 
Min Hitting Set: [65, 69, 74, 78, 253, 684, 685]
Min Correction Subset: [23, 58, 59]
Optimal IIS
IIS generation
Instance: j302_10
----------------------------
Query: 6
Query element:21,22
Query element:25,22
Query element:15,21
Query scope: 2390
Query scope: 2865
Query scope: 1651
----------------------------
IIS optimality: suboptimal
IIS solution time: 3432.140
IIS Constraint: 23; completion; {activity:24}
IIS Constraint: 65; precedence; {activity:27,predecessor:24}
IIS Constraint: 69; precedence; {activity:28,predecessor:27}
IIS Constraint: 74; precedence; {activity:30,predecessor:28}
IIS Constraint: 78; precedence; {activity:32,predecessor:30}
IIS Constraint: 253; renewable; {resource:2,t:22}
IIS Constraint: 684; query; {activities:[21,25,15],t:22,query:6}
IIS Constraint: 685; max; {f:43.0,objective:max}
