IIS generation
Iter 1: 
Min Hitting Set: []
Min Correction Subset: [97]
Iter 2: 
Min Hitting Set: [97]
Min Correction Subset: [792]
Iter 3: 
Min Hitting Set: [97, 792]
Min Correction Subset: [793]
Iter 4: 
Min Hitting Set: [97, 792, 793]
Min Correction Subset: [89]
Optimal IIS
IIS generation
Instance: j3040_7
----------------------------
Query: 2
Query element:24,163
Query scope: 3179
----------------------------
IIS optimality: suboptimal
IIS solution time: 12.097
IIS Constraint: 89; precedence; {activity:29,predecessor:24}
IIS Constraint: 97; precedence; {activity:32,predecessor:29}
IIS Constraint: 792; query; {activity:24,t:163,query:2}
IIS Constraint: 793; max; {f:46.0,objective:max}
