IIS generation
Iter 1: 
Min Hitting Set: []
Min Correction Subset: [849]
Iter 2: 
Min Hitting Set: [849]
Min Correction Subset: [63]
Iter 3: 
Min Hitting Set: [63, 849]
Min Correction Subset: [3]
Iter 4: 
Min Hitting Set: [3, 63, 849]
Min Correction Subset: [99]
Iter 5: 
Min Hitting Set: [3, 63, 99, 849]
Min Correction Subset: [2]
Iter 6: 
Min Hitting Set: [2, 3, 63, 99, 849]
Min Correction Subset: [72]
Iter 7: 
Min Hitting Set: [2, 3, 63, 72, 99, 849]
Min Correction Subset: [81]
Iter 8: 
Min Hitting Set: [2, 3, 63, 72, 81, 99, 849]
Min Correction Subset: [1, 10, 12, 21, 68, 69, 95, 97, 113, 114, 115, 116, 117, 118, 119]
IIS generation
Instance: j3046_8
----------------------------
Query: 3
Query element:18,49
Query scope: 2403
Query scope: 2404
Query scope: 2405
Query scope: 2406
Query scope: 2407
Query scope: 2408
Query scope: 2409
Query scope: 2410
Query scope: 2411
Query scope: 2412
Query scope: 2413
Query scope: 2414
Query scope: 2415
Query scope: 2416
Query scope: 2417
----------------------------
IIS optimality: suboptimal
IIS solution time: 36033.291
IIS Constraint: 2; completion; {activity:3}
IIS Constraint: 3; completion; {activity:4}
IIS Constraint: 63; precedence; {activity:20,predecessor:14}
IIS Constraint: 72; precedence; {activity:23,predecessor:20}
IIS Constraint: 81; precedence; {activity:26,predecessor:24}
IIS Constraint: 99; precedence; {activity:32,predecessor:31}
IIS Constraint: 849; max; {f:58.0,objective:max}
