IIS generation
Iter 1: 
Min Hitting Set: []
Min Correction Subset: [70]
Iter 2: 
Min Hitting Set: [70]
Min Correction Subset: [77]
Iter 3: 
Min Hitting Set: [70, 77]
Min Correction Subset: [801]
Iter 4: 
Min Hitting Set: [70, 77, 801]
Min Correction Subset: [57]
Iter 5: 
Min Hitting Set: [57, 70, 77, 801]
Min Correction Subset: [79]
Iter 6: 
Min Hitting Set: [57, 70, 77, 79, 801]
Min Correction Subset: [76]
Iter 7: 
Min Hitting Set: [57, 70, 76, 77, 79, 801]
Min Correction Subset: [64]
Iter 8: 
Min Hitting Set: [57, 64, 70, 76, 77, 79, 801]
Min Correction Subset: [68]
Iter 9: 
Min Hitting Set: [57, 64, 68, 70, 76, 77, 79, 801]
Min Correction Subset: [286]
Iter 10: 
Min Hitting Set: [57, 64, 68, 70, 76, 77, 79, 286, 801]
Min Correction Subset: [636]
Iter 11: 
Min Hitting Set: [57, 64, 68, 70, 76, 77, 79, 286, 636, 801]
Min Correction Subset: [644]
Iter 12: 
Min Hitting Set: [57, 64, 68, 70, 76, 77, 79, 286, 636, 644, 801]
Min Correction Subset: [61]
Iter 13: 
Min Hitting Set: [57, 61, 64, 68, 70, 76, 77, 79, 286, 636, 644, 801]
Min Correction Subset: [800]
Iter 14: 
Min Hitting Set: [57, 61, 64, 68, 70, 76, 77, 79, 286, 636, 644, 800, 801]
Min Correction Subset: [18, 51]
Iter 15: 
Min Hitting Set: [18, 57, 61, 64, 68, 70, 76, 77, 79, 286, 636, 644, 800, 801]
Min Correction Subset: [5, 36]
Iter 16: 
Min Hitting Set: [5, 18, 57, 61, 64, 68, 70, 76, 77, 79, 286, 636, 644, 800, 801]
Min Correction Subset: [17, 50]
Iter 17: 
Min Hitting Set: [5, 17, 18, 57, 61, 64, 68, 70, 76, 77, 79, 286, 636, 644, 800, 801]
Min Correction Subset: [23, 58]
Iter 18: 
Min Hitting Set: [5, 17, 18, 23, 57, 61, 64, 68, 70, 76, 77, 79, 286, 636, 644, 800, 801]
Min Correction Subset: [637, 638]
Iter 19: 
Min Hitting Set: [5, 17, 18, 23, 57, 61, 64, 68, 70, 76, 77, 79, 286, 636, 637, 644, 800, 801]
Min Correction Subset: [63, 71]
Iter 20: 
Min Hitting Set: [5, 17, 18, 23, 57, 61, 63, 64, 68, 70, 76, 77, 79, 286, 636, 637, 644, 800, 801]
Min Correction Subset: [56, 73]
Iter 21: 
Min Hitting Set: [5, 17, 18, 23, 56, 57, 61, 63, 64, 68, 70, 76, 77, 79, 286, 636, 637, 644, 800, 801]
Min Correction Subset: [24, 74]
Iter 22: 
Min Hitting Set: [5, 17, 18, 23, 24, 56, 57, 61, 63, 64, 68, 70, 76, 77, 79, 286, 636, 637, 644, 800, 801]
Min Correction Subset: [59, 67]
Iter 23: 
Min Hitting Set: [5, 17, 18, 23, 24, 56, 57, 59, 61, 63, 64, 68, 70, 76, 77, 79, 286, 636, 637, 644, 800, 801]
Min Correction Subset: [19, 52, 53]
Optimal IIS
IIS generation
Instance: j307_5
----------------------------
Query: 9
Query element:25,35
Query element:25,34
Query scope: 3485
----------------------------
IIS optimality: suboptimal
IIS solution time: 3823.875
IIS Constraint: 5; completion; {activity:6}
IIS Constraint: 17; completion; {activity:18}
IIS Constraint: 18; completion; {activity:19}
IIS Constraint: 19; completion; {activity:20}
IIS Constraint: 23; completion; {activity:24}
IIS Constraint: 24; completion; {activity:25}
IIS Constraint: 56; precedence; {activity:22,predecessor:20}
IIS Constraint: 57; precedence; {activity:23,predecessor:6}
IIS Constraint: 59; precedence; {activity:25,predecessor:19}
IIS Constraint: 61; precedence; {activity:25,predecessor:24}
IIS Constraint: 63; precedence; {activity:26,predecessor:18}
IIS Constraint: 64; precedence; {activity:26,predecessor:23}
IIS Constraint: 68; precedence; {activity:28,predecessor:22}
IIS Constraint: 70; precedence; {activity:29,predecessor:26}
IIS Constraint: 76; precedence; {activity:31,predecessor:28}
IIS Constraint: 77; precedence; {activity:32,predecessor:29}
IIS Constraint: 79; precedence; {activity:32,predecessor:31}
IIS Constraint: 286; renewable; {resource:2,t:26}
IIS Constraint: 636; renewable; {resource:4,t:16}
IIS Constraint: 637; renewable; {resource:4,t:17}
IIS Constraint: 644; renewable; {resource:4,t:24}
IIS Constraint: 800; query; {activity:25,t:35,t_:34,query:9}
IIS Constraint: 801; max; {f:44.0,objective:max}
