IIS generation
Iter 1: 
Min Hitting Set: []
Min Correction Subset: [707]
Iter 2: 
Min Hitting Set: [707]
Min Correction Subset: [575]
Iter 3: 
Min Hitting Set: [575, 707]
Min Correction Subset: [56]
Iter 4: 
Min Hitting Set: [56, 575, 707]
Min Correction Subset: [98]
Iter 5: 
Min Hitting Set: [56, 98, 575, 707]
Min Correction Subset: [53]
Iter 6: 
Min Hitting Set: [53, 56, 98, 575, 707]
Min Correction Subset: [113]
Iter 7: 
Min Hitting Set: [53, 56, 98, 113, 575, 707]
Min Correction Subset: [105]
Iter 8: 
Min Hitting Set: [53, 56, 98, 105, 113, 575, 707]
Min Correction Subset: [2]
Iter 9: 
Min Hitting Set: [2, 53, 56, 98, 105, 113, 575, 707]
Min Correction Subset: [68]
Iter 10: 
Min Hitting Set: [2, 53, 56, 68, 98, 105, 113, 575, 707]
Min Correction Subset: [75]
Iter 11: 
Min Hitting Set: [2, 53, 56, 68, 75, 98, 105, 113, 575, 707]
Min Correction Subset: [576]
Iter 12: 
Min Hitting Set: [2, 53, 56, 68, 75, 98, 105, 113, 575, 576, 707]
Min Correction Subset: [87]
Iter 13: 
Min Hitting Set: [2, 53, 56, 68, 75, 87, 98, 105, 113, 575, 576, 707]
Min Correction Subset: [79]
Iter 14: 
Min Hitting Set: [2, 53, 56, 68, 75, 79, 87, 98, 105, 113, 575, 576, 707]
Min Correction Subset: [46]
Iter 15: 
Min Hitting Set: [2, 46, 53, 56, 68, 75, 79, 87, 98, 105, 113, 575, 576, 707]
Min Correction Subset: [706]
Iter 16: 
Min Hitting Set: [2, 46, 53, 56, 68, 75, 79, 87, 98, 105, 113, 575, 576, 706, 707]
Min Correction Subset: [58, 69]
Iter 17: 
Min Hitting Set: [2, 46, 53, 56, 58, 68, 75, 79, 87, 98, 105, 113, 575, 576, 706, 707]
Min Correction Subset: [8, 39]
Iter 18: 
Min Hitting Set: [2, 8, 46, 53, 56, 58, 68, 75, 79, 87, 98, 105, 113, 575, 576, 706, 707]
Min Correction Subset: [9, 40]
Iter 19: 
Min Hitting Set: [2, 8, 9, 46, 53, 56, 58, 68, 75, 79, 87, 98, 105, 113, 575, 576, 706, 707]
Min Correction Subset: [82, 89]
Iter 20: 
Min Hitting Set: [2, 8, 9, 46, 53, 56, 58, 68, 75, 79, 82, 87, 98, 105, 113, 575, 576, 706, 707]
Min Correction Subset: [6, 37]
Iter 21: 
Min Hitting Set: [2, 6, 8, 9, 46, 53, 56, 58, 68, 75, 79, 82, 87, 98, 105, 113, 575, 576, 706, 707]
Min Correction Subset: [88, 89]
Iter 22: 
Min Hitting Set: [2, 6, 8, 9, 46, 53, 56, 58, 68, 75, 79, 87, 89, 98, 105, 113, 575, 576, 706, 707]
Min Correction Subset: [47, 574]
Iter 23: 
Min Hitting Set: [2, 6, 8, 9, 46, 47, 53, 56, 58, 68, 75, 79, 87, 89, 98, 105, 113, 575, 576, 706, 707]
Min Correction Subset: [414, 574]
Iter 24: 
Min Hitting Set: [2, 6, 8, 9, 46, 53, 56, 58, 68, 75, 79, 87, 89, 98, 105, 113, 574, 575, 576, 706, 707]
Min Correction Subset: [71, 82]
Iter 25: 
Min Hitting Set: [2, 6, 8, 9, 46, 53, 56, 58, 68, 75, 79, 82, 87, 89, 98, 105, 113, 574, 575, 576, 706, 707]
Min Correction Subset: [71, 88]
Iter 26: 
Min Hitting Set: [2, 6, 8, 9, 46, 53, 56, 58, 68, 71, 75, 79, 87, 89, 98, 105, 113, 574, 575, 576, 706, 707]
Min Correction Subset: [86, 88]
Iter 27: 
Min Hitting Set: [2, 6, 8, 9, 46, 53, 56, 58, 68, 75, 79, 82, 87, 88, 98, 105, 113, 574, 575, 576, 706, 707]
Min Correction Subset: [47, 572]
Iter 28: 
Min Hitting Set: [2, 6, 8, 9, 46, 47, 53, 56, 58, 68, 75, 79, 82, 87, 88, 98, 105, 113, 574, 575, 576, 706, 707]
Min Correction Subset: [109, 110]
Iter 29: 
Min Hitting Set: [2, 6, 8, 9, 46, 47, 53, 56, 58, 68, 75, 79, 82, 87, 88, 98, 105, 109, 113, 574, 575, 576, 706, 707]
Min Correction Subset: [57, 85]
Iter 30: 
Min Hitting Set: [2, 6, 8, 9, 46, 47, 53, 56, 57, 58, 68, 75, 79, 82, 87, 88, 98, 105, 109, 113, 574, 575, 576, 706, 707]
Min Correction Subset: [110, 111, 112]
Iter 31: 
Min Hitting Set: [2, 6, 8, 9, 46, 47, 53, 56, 57, 58, 68, 75, 79, 82, 87, 88, 98, 105, 110, 113, 574, 575, 576, 706, 707]
Min Correction Subset: [5, 36, 572]
Iter 32: 
Min Hitting Set: [2, 6, 8, 9, 46, 53, 56, 57, 58, 68, 75, 79, 82, 87, 88, 98, 105, 110, 113, 572, 574, 575, 576, 706, 707]
Min Correction Subset: [47, 571]
Iter 33: 
Min Hitting Set: [2, 6, 8, 9, 46, 47, 53, 56, 57, 58, 68, 75, 79, 82, 87, 88, 98, 105, 110, 113, 572, 574, 575, 576, 706, 707]
Min Correction Subset: [7, 38, 573]
Iter 34: 
Min Hitting Set: [2, 6, 7, 8, 9, 46, 47, 53, 56, 57, 58, 68, 75, 79, 82, 87, 88, 98, 105, 110, 113, 572, 574, 575, 576, 706, 707]
Min Correction Subset: [5, 36, 571]
Iter 35: 
Min Hitting Set: [2, 6, 7, 8, 9, 46, 53, 56, 57, 58, 68, 75, 79, 82, 87, 88, 98, 105, 110, 113, 571, 572, 574, 575, 576, 706, 707]
Min Correction Subset: [47, 69]
Iter 36: 
Min Hitting Set: [2, 6, 7, 8, 9, 46, 53, 56, 57, 68, 69, 75, 79, 82, 87, 88, 98, 105, 110, 113, 571, 572, 574, 575, 576, 706, 707]
Min Correction Subset: [47, 89]
Iter 37: 
Min Hitting Set: [2, 5, 6, 7, 8, 9, 46, 47, 53, 56, 57, 68, 69, 75, 79, 82, 87, 88, 98, 105, 110, 113, 574, 575, 576, 706, 707]
Min Correction Subset: [37, 39, 571]
Iter 38: 
Min Hitting Set: [2, 7, 9, 36, 37, 39, 46, 47, 53, 56, 57, 68, 69, 75, 79, 82, 87, 88, 98, 105, 110, 113, 574, 575, 576, 706, 707]
Min Correction Subset: [413, 414, 573]
Iter 39: 
Min Hitting Set: [2, 9, 36, 37, 39, 46, 47, 53, 56, 57, 68, 69, 75, 79, 82, 87, 88, 98, 105, 110, 113, 573, 574, 575, 576, 706, 707]
Min Correction Subset: [7, 38, 85]
Iter 40: 
Min Hitting Set: [2, 9, 36, 37, 39, 46, 47, 53, 56, 68, 69, 75, 79, 82, 85, 87, 88, 98, 105, 110, 113, 573, 574, 575, 576, 706, 707]
Min Correction Subset: [57, 66]
Iter 41: 
Min Hitting Set: [2, 9, 36, 37, 38, 39, 46, 47, 53, 56, 57, 68, 69, 75, 79, 82, 87, 88, 98, 105, 110, 113, 414, 575, 576, 706, 707]
Min Correction Subset: [4, 5, 8, 35]
Optimal IIS
IIS generation
Instance: j3019_9
----------------------------
Query: 3
Query element:20,26
Query scope: 2305
Query scope: 2306
Query scope: 2307
Query scope: 2308
Query scope: 2309
Query scope: 2310
----------------------------
IIS optimality: suboptimal
IIS solution time: 7815.878
IIS Constraint: 2; completion; {activity:3}
IIS Constraint: 5; completion; {activity:6}
IIS Constraint: 7; completion; {activity:8}
IIS Constraint: 8; completion; {activity:9}
IIS Constraint: 9; completion; {activity:10}
IIS Constraint: 37; precedence; {activity:7,predecessor:6}
IIS Constraint: 46; precedence; {activity:14,predecessor:3}
IIS Constraint: 47; precedence; {activity:14,predecessor:8}
IIS Constraint: 53; precedence; {activity:19,predecessor:10}
IIS Constraint: 56; precedence; {activity:21,predecessor:7}
IIS Constraint: 57; precedence; {activity:21,predecessor:9}
IIS Constraint: 68; precedence; {activity:25,predecessor:14}
IIS Constraint: 69; precedence; {activity:25,predecessor:19}
IIS Constraint: 75; precedence; {activity:27,predecessor:25}
IIS Constraint: 79; precedence; {activity:29,predecessor:27}
IIS Constraint: 82; precedence; {activity:30,predecessor:21}
IIS Constraint: 87; precedence; {activity:32,predecessor:29}
IIS Constraint: 88; precedence; {activity:32,predecessor:30}
IIS Constraint: 98; renewable; {resource:1,t:8}
IIS Constraint: 105; renewable; {resource:1,t:15}
IIS Constraint: 110; renewable; {resource:1,t:20}
IIS Constraint: 113; renewable; {resource:1,t:23}
IIS Constraint: 414; renewable; {resource:3,t:16}
IIS Constraint: 575; renewable; {resource:4,t:23}
IIS Constraint: 576; renewable; {resource:4,t:24}
IIS Constraint: 706; query; {activity:20,t:26,query:3}
IIS Constraint: 707; max; {f:38.0,objective:max}
