IIS generation
Iter 1: 
Min Hitting Set: []
Min Correction Subset: [757]
Iter 2: 
Min Hitting Set: [757]
Min Correction Subset: [80]
Iter 3: 
Min Hitting Set: [80, 757]
Min Correction Subset: [610]
Iter 4: 
Min Hitting Set: [80, 610, 757]
Min Correction Subset: [97]
Iter 5: 
Min Hitting Set: [80, 97, 610, 757]
Min Correction Subset: [64]
Iter 6: 
Min Hitting Set: [64, 80, 97, 610, 757]
Min Correction Subset: [90]
Iter 7: 
Min Hitting Set: [64, 80, 90, 97, 610, 757]
Min Correction Subset: [756]
Iter 8: 
Min Hitting Set: [64, 80, 90, 97, 610, 756, 757]
Min Correction Subset: [56, 68]
Iter 9: 
Min Hitting Set: [56, 64, 80, 90, 97, 610, 756, 757]
Min Correction Subset: [68, 85]
Iter 10: 
Min Hitting Set: [64, 68, 80, 90, 97, 610, 756, 757]
Min Correction Subset: [61, 83]
Iter 11: 
Min Hitting Set: [61, 64, 68, 80, 90, 97, 610, 756, 757]
Min Correction Subset: [78, 85]
Iter 12: 
Min Hitting Set: [61, 64, 68, 80, 85, 90, 97, 610, 756, 757]
Min Correction Subset: [56, 78]
Iter 13: 
Min Hitting Set: [56, 61, 64, 80, 85, 90, 97, 610, 756, 757]
Min Correction Subset: [25, 96]
Iter 14: 
Min Hitting Set: [25, 56, 61, 64, 80, 85, 90, 97, 610, 756, 757]
Min Correction Subset: [9, 41, 42]
Iter 15: 
Min Hitting Set: [9, 25, 56, 61, 64, 80, 85, 90, 97, 610, 756, 757]
Min Correction Subset: [12, 47, 48, 49]
Iter 16: 
Min Hitting Set: [9, 12, 25, 56, 61, 64, 80, 85, 90, 97, 610, 756, 757]
Min Correction Subset: [40, 68, 617, 618, 619]
Iter 17: 
Min Hitting Set: [9, 12, 25, 61, 64, 68, 78, 80, 90, 97, 610, 756, 757]
Min Correction Subset: [85, 87]
Iter 18: 
Min Hitting Set: [9, 12, 25, 61, 64, 68, 78, 80, 85, 90, 97, 610, 756, 757]
Min Correction Subset: [56, 87]
Iter 19: 
Min Hitting Set: [9, 12, 25, 56, 61, 64, 68, 80, 85, 90, 97, 610, 756, 757]
Min Correction Subset: [40, 87, 617, 618, 619]
Iter 20: 
Min Hitting Set: [9, 12, 25, 40, 56, 61, 64, 80, 85, 90, 97, 610, 756, 757]
Min Correction Subset: [87, 617, 618, 619, 620]
Optimal IIS
IIS generation
Instance: j3034_10
----------------------------
Query: 3
Query element:26,41
Query scope: 3056
Query scope: 3057
----------------------------
IIS optimality: suboptimal
IIS solution time: 2515.598
IIS Constraint: 9; completion; {activity:10}
IIS Constraint: 12; completion; {activity:13}
IIS Constraint: 25; completion; {activity:26}
IIS Constraint: 56; precedence; {activity:16,predecessor:10}
IIS Constraint: 61; precedence; {activity:19,predecessor:13}
IIS Constraint: 64; precedence; {activity:20,predecessor:19}
IIS Constraint: 80; precedence; {activity:26,predecessor:20}
IIS Constraint: 85; precedence; {activity:28,predecessor:16}
IIS Constraint: 90; precedence; {activity:29,predecessor:28}
IIS Constraint: 97; precedence; {activity:32,predecessor:29}
IIS Constraint: 610; renewable; {resource:4,t:18}
IIS Constraint: 617; renewable; {resource:4,t:25}
IIS Constraint: 756; query; {activity:26,t:41,query:3}
IIS Constraint: 757; max; {f:47.0,objective:max}
