IIS generation
IIS generation
Instance: j302_8
----------------------------
Query: 8
Query element:22,26
Query element:8,25
Query scope: 2773
Query scope: 885
Query scope: 4079
Query scope: 2774
Query scope: 886
Query scope: 4080
Query scope: 2775
Query scope: 887
Query scope: 4081
Query scope: 2776
Query scope: 888
Query scope: 4082
Query scope: 2777
Query scope: 889
Query scope: 4083
Query scope: 2778
Query scope: 890
Query scope: 4084
Query scope: 2779
Query scope: 891
Query scope: 4085
Query scope: 2780
Query scope: 892
Query scope: 4086
Query scope: 2781
Query scope: 893
Query scope: 4087
Query scope: 2782
Query scope: 894
Query scope: 4088
Query scope: 2783
Query scope: 895
Query scope: 4089
Query scope: 2784
Query scope: 896
Query scope: 4090
Query scope: 2785
Query scope: 897
Query scope: 4091
Query scope: 2786
Query scope: 898
Query scope: 4092
Query scope: 2787
Query scope: 899
Query scope: 4093
Query scope: 2788
Query scope: 900
Query scope: 4094
Query scope: 2789
Query scope: 901
Query scope: 4095
Query scope: 2790
Query scope: 902
Query scope: 4096
Query scope: 2791
Query scope: 903
Query scope: 4097
Query scope: 2792
Query scope: 904
Query scope: 4098
Query scope: 2793
Query scope: 905
Query scope: 4099
Query scope: 2794
Query scope: 906
Query scope: 4100
Query scope: 2795
Query scope: 907
Query scope: 4101
Query scope: 2796
Query scope: 908
Query scope: 4102
Query scope: 2797
Query scope: 909
Query scope: 4103
Query scope: 2798
Query scope: 910
Query scope: 4104
Query scope: 2799
Query scope: 911
Query scope: 4105
Query scope: 2800
Query scope: 912
Query scope: 4106
Query scope: 2801
Query scope: 913
Query scope: 4107
Query scope: 2802
Query scope: 914
Query scope: 4108
Query scope: 2803
Query scope: 915
Query scope: 4109
Query scope: 2804
Query scope: 916
Query scope: 4110
Query scope: 2805
Query scope: 917
Query scope: 4111
Query scope: 2806
Query scope: 918
Query scope: 4112
Query scope: 2807
Query scope: 919
Query scope: 4113
Query scope: 2808
Query scope: 920
Query scope: 4114
Query scope: 2809
Query scope: 921
Query scope: 4115
Query scope: 2810
Query scope: 922
Query scope: 4116
Query scope: 2811
Query scope: 923
Query scope: 4117
Query scope: 2812
Query scope: 924
Query scope: 4118
Query scope: 2813
Query scope: 925
Query scope: 4119
Query scope: 2814
Query scope: 926
Query scope: 4120
Query scope: 2815
Query scope: 927
Query scope: 4121
Query scope: 2816
Query scope: 928
Query scope: 4122
Query scope: 2817
Query scope: 929
Query scope: 4123
Query scope: 2818
Query scope: 930
Query scope: 4124
Query scope: 2819
Query scope: 931
Query scope: 4125
Query scope: 2820
Query scope: 932
Query scope: 4126
Query scope: 2821
Query scope: 933
Query scope: 4127
Query scope: 2822
Query scope: 934
Query scope: 4128
Query scope: 2823
Query scope: 935
Query scope: 4129
Query scope: 2824
Query scope: 936
Query scope: 4130
Query scope: 2825
Query scope: 937
Query scope: 4131
Query scope: 2826
Query scope: 938
Query scope: 4132
Query scope: 2827
Query scope: 939
Query scope: 4133
Query scope: 2828
Query scope: 940
Query scope: 4134
Query scope: 2829
Query scope: 941
Query scope: 4135
Query scope: 2830
Query scope: 942
Query scope: 4136
Query scope: 2831
Query scope: 943
Query scope: 4137
Query scope: 2832
Query scope: 944
Query scope: 4138
Query scope: 2833
Query scope: 945
Query scope: 4139
Query scope: 2834
Query scope: 946
Query scope: 4140
Query scope: 2835
Query scope: 947
Query scope: 4141
Query scope: 2836
Query scope: 948
Query scope: 4142
Query scope: 2837
Query scope: 949
Query scope: 4143
Query scope: 2838
Query scope: 950
Query scope: 4144
Query scope: 2839
Query scope: 951
Query scope: 4145
Query scope: 2840
Query scope: 952
Query scope: 4146
Query scope: 2841
Query scope: 953
Query scope: 4147
Query scope: 2842
Query scope: 954
Query scope: 4148
Query scope: 2843
Query scope: 955
Query scope: 4149
Query scope: 2844
Query scope: 956
Query scope: 4150
Query scope: 2845
Query scope: 957
Query scope: 4151
Query scope: 2846
Query scope: 958
Query scope: 4152
Query scope: 2847
Query scope: 959
Query scope: 4153
Query scope: 2848
Query scope: 960
Query scope: 4154
Query scope: 2849
Query scope: 961
Query scope: 4155
Query scope: 2850
Query scope: 962
Query scope: 4156
Query scope: 2851
Query scope: 963
Query scope: 4157
Query scope: 2852
Query scope: 964
Query scope: 4158
Query scope: 2853
Query scope: 965
Query scope: 4159
Query scope: 2854
Query scope: 966
Query scope: 4160
Query scope: 2855
Query scope: 967
Query scope: 4161
Query scope: 2856
Query scope: 968
Query scope: 4162
Query scope: 2857
Query scope: 969
Query scope: 4163
Query scope: 2858
Query scope: 970
Query scope: 4164
Query scope: 2859
Query scope: 971
Query scope: 4165
Query scope: 2860
Query scope: 972
Query scope: 4166
Query scope: 2861
Query scope: 973
Query scope: 4167
Query scope: 2862
Query scope: 974
Query scope: 4168
Query scope: 2863
Query scope: 975
Query scope: 4169
Query scope: 2864
Query scope: 976
Query scope: 4170
Query scope: 2865
Query scope: 977
Query scope: 4171
Query scope: 2866
Query scope: 978
Query scope: 4172
Query scope: 2867
Query scope: 979
Query scope: 4173
Query scope: 2868
Query scope: 980
Query scope: 4174
Query scope: 2869
Query scope: 981
Query scope: 4175
Query scope: 2870
Query scope: 982
Query scope: 4176
Query scope: 2871
Query scope: 983
Query scope: 4177
Query scope: 2872
Query scope: 984
Query scope: 4178
Query scope: 2873
Query scope: 985
Query scope: 4179
Query scope: 2874
Query scope: 986
Query scope: 4180
Query scope: 2875
Query scope: 987
Query scope: 4181
Query scope: 2876
Query scope: 988
Query scope: 4182
Query scope: 2877
Query scope: 989
Query scope: 4183
Query scope: 2878
Query scope: 990
Query scope: 4184
Query scope: 2879
Query scope: 991
Query scope: 4185
Query scope: 2880
Query scope: 992
Query scope: 4186
Query scope: 2881
Query scope: 993
Query scope: 4187
Query scope: 2882
Query scope: 994
Query scope: 4188
Query scope: 2883
Query scope: 995
Query scope: 4189
Query scope: 2884
Query scope: 996
Query scope: 4190
Query scope: 2885
Query scope: 997
Query scope: 4191
Query scope: 2886
Query scope: 998
Query scope: 4192
Query scope: 2887
Query scope: 999
Query scope: 4193
Query scope: 2888
Query scope: 1000
Query scope: 4194
Query scope: 2889
Query scope: 1001
Query scope: 4195
Query scope: 2890
Query scope: 1002
Query scope: 4196
Query scope: 2891
Query scope: 1003
Query scope: 4197
----------------------------
IIS optimality: optimal
IIS solution time: 1.871
