IIS generation
Iter 1: 
Min Hitting Set: []
Min Correction Subset: [839]
Iter 2: 
Min Hitting Set: [839]
Min Correction Subset: [89]
Iter 3: 
Min Hitting Set: [89, 839]
Min Correction Subset: [86]
Iter 4: 
Min Hitting Set: [86, 89, 839]
Min Correction Subset: [77]
Iter 5: 
Min Hitting Set: [77, 86, 89, 839]
Min Correction Subset: [38]
Iter 6: 
Min Hitting Set: [38, 77, 86, 89, 839]
Min Correction Subset: [88]
Iter 7: 
Min Hitting Set: [38, 77, 86, 88, 89, 839]
Min Correction Subset: [42]
Iter 8: 
Min Hitting Set: [38, 42, 77, 86, 88, 89, 839]
Min Correction Subset: [2]
Iter 9: 
Min Hitting Set: [2, 38, 42, 77, 86, 88, 89, 839]
Min Correction Subset: [1]
Iter 10: 
Min Hitting Set: [1, 2, 38, 42, 77, 86, 88, 89, 839]
Min Correction Subset: [61]
Iter 11: 
Min Hitting Set: [1, 2, 38, 42, 61, 77, 86, 88, 89, 839]
Min Correction Subset: [83]
Iter 12: 
Min Hitting Set: [1, 2, 38, 42, 61, 77, 83, 86, 88, 89, 839]
Min Correction Subset: [48]
Iter 13: 
Min Hitting Set: [1, 2, 38, 42, 48, 61, 77, 83, 86, 88, 89, 839]
Min Correction Subset: [87]
Iter 14: 
Min Hitting Set: [1, 2, 38, 42, 48, 61, 77, 83, 86, 87, 88, 89, 839]
Min Correction Subset: [6, 37]
IIS generation
Instance: j3030_2
----------------------------
Query: 9
Query element:25,67
Query element:25,66
Query scope: 3392
----------------------------
IIS optimality: suboptimal
IIS solution time: 36001.390
IIS Constraint: 1; completion; {activity:2}
IIS Constraint: 2; completion; {activity:3}
IIS Constraint: 38; precedence; {activity:8,predecessor:2}
IIS Constraint: 42; precedence; {activity:11,predecessor:9}
IIS Constraint: 48; precedence; {activity:15,predecessor:13}
IIS Constraint: 61; precedence; {activity:22,predecessor:17}
IIS Constraint: 77; precedence; {activity:28,predecessor:27}
IIS Constraint: 83; precedence; {activity:30,predecessor:26}
IIS Constraint: 86; precedence; {activity:31,predecessor:28}
IIS Constraint: 87; precedence; {activity:32,predecessor:29}
IIS Constraint: 88; precedence; {activity:32,predecessor:30}
IIS Constraint: 89; precedence; {activity:32,predecessor:31}
IIS Constraint: 839; max; {f:68.0,objective:max}
