IIS generation
IIS generation
Instance: j307_9
----------------------------
Query: 8
Query element:28,21
Query element:11,19
Query scope: 3008
Query scope: 1099
Query scope: 3590
Query scope: 3009
Query scope: 1100
Query scope: 3591
Query scope: 3010
Query scope: 1101
Query scope: 3592
Query scope: 3011
Query scope: 1102
Query scope: 3593
Query scope: 3012
Query scope: 1103
Query scope: 3594
Query scope: 3013
Query scope: 1104
Query scope: 3595
Query scope: 3014
Query scope: 1105
Query scope: 3596
Query scope: 3015
Query scope: 1106
Query scope: 3597
Query scope: 3016
Query scope: 1107
Query scope: 3598
Query scope: 3017
Query scope: 1108
Query scope: 3599
Query scope: 3018
Query scope: 1109
Query scope: 3600
Query scope: 3019
Query scope: 1110
Query scope: 3601
Query scope: 3020
Query scope: 1111
Query scope: 3602
Query scope: 3021
Query scope: 1112
Query scope: 3603
Query scope: 3022
Query scope: 1113
Query scope: 3604
Query scope: 3023
Query scope: 1114
Query scope: 3605
Query scope: 3024
Query scope: 1115
Query scope: 3606
Query scope: 3025
Query scope: 1116
Query scope: 3607
Query scope: 3026
Query scope: 1117
Query scope: 3608
Query scope: 3027
Query scope: 1118
Query scope: 3609
Query scope: 3028
Query scope: 1119
Query scope: 3610
Query scope: 3029
Query scope: 1120
Query scope: 3611
Query scope: 3030
Query scope: 1121
Query scope: 3612
Query scope: 3031
Query scope: 1122
Query scope: 3613
Query scope: 3032
Query scope: 1123
Query scope: 3614
Query scope: 3033
Query scope: 1124
Query scope: 3615
Query scope: 3034
Query scope: 1125
Query scope: 3616
Query scope: 3035
Query scope: 1126
Query scope: 3617
Query scope: 3036
Query scope: 1127
Query scope: 3618
Query scope: 3037
Query scope: 1128
Query scope: 3619
Query scope: 3038
Query scope: 1129
Query scope: 3620
Query scope: 3039
Query scope: 1130
Query scope: 3621
Query scope: 3040
Query scope: 1131
Query scope: 3622
Query scope: 3041
Query scope: 1132
Query scope: 3623
Query scope: 3042
Query scope: 1133
Query scope: 3624
Query scope: 3043
Query scope: 1134
Query scope: 3625
Query scope: 3044
Query scope: 1135
Query scope: 3626
Query scope: 3045
Query scope: 1136
Query scope: 3627
Query scope: 3046
Query scope: 1137
Query scope: 3628
Query scope: 3047
Query scope: 1138
Query scope: 3629
Query scope: 3048
Query scope: 1139
Query scope: 3630
Query scope: 3049
Query scope: 1140
Query scope: 3631
Query scope: 3050
Query scope: 1141
Query scope: 3632
Query scope: 3051
Query scope: 1142
Query scope: 3633
Query scope: 3052
Query scope: 1143
Query scope: 3634
Query scope: 3053
Query scope: 1144
Query scope: 3635
Query scope: 3054
Query scope: 1145
Query scope: 3636
Query scope: 3055
Query scope: 1146
Query scope: 3637
Query scope: 3056
Query scope: 1147
Query scope: 3638
Query scope: 3057
Query scope: 1148
Query scope: 3639
Query scope: 3058
Query scope: 1149
Query scope: 3640
Query scope: 3059
Query scope: 1150
Query scope: 3641
Query scope: 3060
Query scope: 1151
Query scope: 3642
Query scope: 3061
Query scope: 1152
Query scope: 3643
Query scope: 3062
Query scope: 1153
Query scope: 3644
Query scope: 3063
Query scope: 1154
Query scope: 3645
Query scope: 3064
Query scope: 1155
Query scope: 3646
Query scope: 3065
Query scope: 1156
Query scope: 3647
Query scope: 3066
Query scope: 1157
Query scope: 3648
Query scope: 3067
Query scope: 1158
Query scope: 3649
Query scope: 3068
Query scope: 1159
Query scope: 3650
Query scope: 3069
Query scope: 1160
Query scope: 3651
Query scope: 3070
Query scope: 1161
Query scope: 3652
Query scope: 3071
Query scope: 1162
Query scope: 3653
Query scope: 3072
Query scope: 1163
Query scope: 3654
Query scope: 3073
Query scope: 1164
Query scope: 3655
Query scope: 3074
Query scope: 1165
Query scope: 3656
Query scope: 3075
Query scope: 1166
Query scope: 3657
Query scope: 3076
Query scope: 1167
Query scope: 3658
Query scope: 3077
Query scope: 1168
Query scope: 3659
Query scope: 3078
Query scope: 1169
Query scope: 3660
Query scope: 3079
Query scope: 1170
Query scope: 3661
Query scope: 3080
Query scope: 1171
Query scope: 3662
Query scope: 3081
Query scope: 1172
Query scope: 3663
Query scope: 3082
Query scope: 1173
Query scope: 3664
Query scope: 3083
Query scope: 1174
Query scope: 3665
Query scope: 3084
Query scope: 1175
Query scope: 3666
Query scope: 3085
Query scope: 1176
Query scope: 3667
Query scope: 3086
Query scope: 1177
Query scope: 3668
Query scope: 3087
Query scope: 1178
Query scope: 3669
Query scope: 3088
Query scope: 1179
Query scope: 3670
Query scope: 3089
Query scope: 1180
Query scope: 3671
Query scope: 3090
Query scope: 1181
Query scope: 3672
Query scope: 3091
Query scope: 1182
Query scope: 3673
Query scope: 3092
Query scope: 1183
Query scope: 3674
Query scope: 3093
Query scope: 1184
Query scope: 3675
Query scope: 3094
Query scope: 1185
Query scope: 3676
Query scope: 3095
Query scope: 1186
Query scope: 3677
Query scope: 3096
Query scope: 1187
Query scope: 3678
Query scope: 3097
Query scope: 1188
Query scope: 3679
Query scope: 3098
Query scope: 1189
Query scope: 3680
Query scope: 3099
Query scope: 1190
Query scope: 3681
Query scope: 3100
Query scope: 1191
Query scope: 3682
Query scope: 3101
Query scope: 1192
Query scope: 3683
Query scope: 3102
Query scope: 1193
Query scope: 3684
Query scope: 3103
Query scope: 1194
Query scope: 3685
Query scope: 3104
Query scope: 1195
Query scope: 3686
Query scope: 3105
Query scope: 1196
Query scope: 3687
Query scope: 3106
Query scope: 1197
Query scope: 3688
Query scope: 3107
Query scope: 1198
Query scope: 3689
Query scope: 3108
Query scope: 1199
Query scope: 3690
Query scope: 3109
Query scope: 1200
Query scope: 3691
Query scope: 3110
Query scope: 1201
Query scope: 3692
Query scope: 3111
Query scope: 1202
Query scope: 3693
Query scope: 3112
Query scope: 1203
Query scope: 3694
Query scope: 3113
Query scope: 1204
Query scope: 3695
----------------------------
IIS optimality: optimal
IIS solution time: 2.270
