IIS generation
Iter 1: 
Min Hitting Set: []
Min Correction Subset: [79]
Iter 2: 
Min Hitting Set: [79]
Min Correction Subset: [681]
Iter 3: 
Min Hitting Set: [79, 681]
Min Correction Subset: [76]
Iter 4: 
Min Hitting Set: [76, 79, 681]
Min Correction Subset: [680]
Iter 5: 
Min Hitting Set: [76, 79, 680, 681]
Min Correction Subset: [68]
Optimal IIS
IIS generation
Instance: j308_4
----------------------------
Query: 9
Query element:25,36
Query element:25,37
Query scope: 2791
----------------------------
IIS optimality: suboptimal
IIS solution time: 10.945
IIS Constraint: 68; precedence; {activity:28,predecessor:25}
IIS Constraint: 76; precedence; {activity:31,predecessor:28}
IIS Constraint: 79; precedence; {activity:32,predecessor:31}
IIS Constraint: 680; query; {activity:25,t:36,t_:37,query:9}
IIS Constraint: 681; max; {f:48.0,objective:max}
