IIS generation
Iter 1: 
Min Hitting Set: []
Min Correction Subset: [774]
Iter 2: 
Min Hitting Set: [774]
Min Correction Subset: [78]
Iter 3: 
Min Hitting Set: [78, 774]
Min Correction Subset: [73]
Iter 4: 
Min Hitting Set: [73, 78, 774]
Min Correction Subset: [72]
Iter 5: 
Min Hitting Set: [72, 73, 78, 774]
Min Correction Subset: [63]
Iter 6: 
Min Hitting Set: [63, 72, 73, 78, 774]
Min Correction Subset: [56]
Iter 7: 
Min Hitting Set: [56, 63, 72, 73, 78, 774]
Min Correction Subset: [74]
Iter 8: 
Min Hitting Set: [56, 63, 72, 73, 74, 78, 774]
Min Correction Subset: [53, 71]
Iter 9: 
Min Hitting Set: [53, 56, 63, 72, 73, 74, 78, 774]
Min Correction Subset: [68, 77]
Iter 10: 
Min Hitting Set: [53, 56, 63, 68, 72, 73, 74, 78, 774]
Min Correction Subset: [62, 76]
Iter 11: 
Min Hitting Set: [53, 56, 62, 63, 68, 72, 73, 74, 78, 774]
Min Correction Subset: [71, 105]
Iter 12: 
Min Hitting Set: [56, 62, 63, 68, 71, 72, 73, 74, 78, 774]
Min Correction Subset: [61, 65]
Iter 13: 
Min Hitting Set: [56, 61, 62, 63, 68, 71, 72, 73, 74, 78, 774]
Min Correction Subset: [65, 76]
Iter 14: 
Min Hitting Set: [56, 63, 65, 68, 71, 72, 73, 74, 76, 78, 774]
Min Correction Subset: [77, 79]
Iter 15: 
Min Hitting Set: [56, 63, 65, 71, 72, 73, 74, 76, 77, 78, 774]
Min Correction Subset: [62, 79]
Iter 16: 
Min Hitting Set: [56, 62, 63, 65, 71, 72, 73, 74, 77, 78, 774]
Min Correction Subset: [59, 61]
Iter 17: 
Min Hitting Set: [56, 61, 62, 63, 71, 72, 73, 74, 76, 77, 78, 774]
Min Correction Subset: [19, 53]
Iter 18: 
Min Hitting Set: [53, 56, 61, 62, 63, 71, 72, 73, 74, 76, 77, 78, 774]
Min Correction Subset: [65, 79]
Iter 19: 
Min Hitting Set: [53, 56, 61, 62, 63, 65, 71, 72, 73, 74, 77, 78, 774]
Min Correction Subset: [68, 70]
Iter 20: 
Min Hitting Set: [53, 56, 61, 63, 68, 71, 72, 73, 74, 76, 78, 79, 774]
Min Correction Subset: [62, 105]
Iter 21: 
Min Hitting Set: [53, 56, 61, 63, 68, 72, 73, 74, 76, 78, 79, 105, 774]
Min Correction Subset: [71, 773]
Iter 22: 
Min Hitting Set: [53, 56, 61, 62, 63, 65, 68, 71, 72, 73, 74, 78, 79, 774]
Min Correction Subset: [76, 77]
Iter 23: 
Min Hitting Set: [53, 56, 61, 62, 63, 65, 68, 71, 72, 73, 74, 77, 78, 774]
Min Correction Subset: [298, 773]
Iter 24: 
Min Hitting Set: [53, 56, 61, 63, 68, 72, 73, 74, 76, 78, 79, 105, 773, 774]
Min Correction Subset: [59, 71]
Iter 25: 
Min Hitting Set: [53, 56, 59, 62, 63, 65, 68, 72, 73, 74, 77, 78, 105, 773, 774]
Min Correction Subset: [61, 71]
Iter 26: 
Min Hitting Set: [53, 56, 61, 63, 68, 71, 72, 73, 74, 76, 78, 79, 105, 773, 774]
Min Correction Subset: [62, 298]
Iter 27: 
Min Hitting Set: [53, 56, 61, 62, 63, 65, 68, 71, 72, 73, 74, 77, 78, 298, 774]
Min Correction Subset: [76, 635]
Iter 28: 
Min Hitting Set: [53, 56, 61, 62, 63, 68, 71, 72, 73, 74, 76, 78, 79, 298, 774]
Min Correction Subset: [59, 77]
Iter 29: 
Min Hitting Set: [53, 56, 59, 61, 62, 63, 68, 71, 72, 73, 74, 76, 78, 79, 298, 774]
Min Correction Subset: [283, 773]
Iter 30: 
Min Hitting Set: [53, 56, 59, 62, 63, 65, 68, 71, 72, 73, 74, 76, 77, 78, 773, 774]
Min Correction Subset: [61, 630]
Iter 31: 
Min Hitting Set: [53, 56, 59, 61, 62, 63, 68, 71, 72, 73, 74, 76, 78, 79, 773, 774]
Min Correction Subset: [77, 772]
Iter 32: 
Min Hitting Set: [53, 56, 61, 62, 63, 68, 71, 72, 73, 74, 76, 77, 78, 79, 773, 774]
Min Correction Subset: [59, 65]
Iter 33: 
Min Hitting Set: [53, 56, 61, 62, 63, 65, 68, 71, 72, 73, 74, 76, 77, 78, 773, 774]
Min Correction Subset: [79, 635]
Iter 34: 
Min Hitting Set: [53, 56, 61, 62, 63, 65, 68, 71, 72, 73, 74, 77, 78, 635, 773, 774]
Min Correction Subset: [21, 57, 76]
Iter 35: 
Min Hitting Set: [53, 56, 59, 61, 62, 63, 68, 71, 72, 73, 74, 76, 77, 78, 79, 773, 774]
Min Correction Subset: [65, 772]
Iter 36: 
Min Hitting Set: [53, 56, 61, 62, 63, 65, 68, 71, 72, 73, 74, 76, 77, 78, 79, 773, 774]
Min Correction Subset: [6, 37, 298]
Iter 37: 
Min Hitting Set: [53, 56, 59, 61, 63, 68, 72, 73, 74, 76, 78, 79, 105, 298, 772, 773, 774]
Min Correction Subset: [62, 77]
Iter 38: 
Min Hitting Set: [53, 56, 59, 61, 62, 63, 68, 71, 72, 73, 74, 76, 78, 79, 298, 772, 773, 774]
Min Correction Subset: [2, 5, 6, 18, 51, 77, 287]
IIS generation
Instance: j3011_5
----------------------------
Query: 10
Query element:19,29
Query element:17,27
Query scope: 2461
Query scope: 2198
----------------------------
IIS optimality: suboptimal
IIS solution time: 36081.043
IIS Constraint: 53; precedence; {activity:20,predecessor:17}
IIS Constraint: 56; precedence; {activity:21,predecessor:20}
IIS Constraint: 59; precedence; {activity:23,predecessor:19}
IIS Constraint: 61; precedence; {activity:24,predecessor:16}
IIS Constraint: 62; precedence; {activity:25,predecessor:13}
IIS Constraint: 63; precedence; {activity:25,predecessor:23}
IIS Constraint: 68; precedence; {activity:28,predecessor:24}
IIS Constraint: 71; precedence; {activity:29,predecessor:26}
IIS Constraint: 72; precedence; {activity:30,predecessor:21}
IIS Constraint: 73; precedence; {activity:30,predecessor:25}
IIS Constraint: 74; precedence; {activity:30,predecessor:28}
IIS Constraint: 76; precedence; {activity:31,predecessor:27}
IIS Constraint: 78; precedence; {activity:32,predecessor:30}
IIS Constraint: 79; precedence; {activity:32,predecessor:31}
IIS Constraint: 298; renewable; {resource:2,t:45}
IIS Constraint: 772; query; {activity:19,t:29,query:10}
IIS Constraint: 773; query; {activity:17,t:29,query:10}
IIS Constraint: 774; max; {f:49.0,objective:max}
