IIS generation
Iter 1: 
Min Hitting Set: []
Min Correction Subset: [850]
Iter 2: 
Min Hitting Set: [850]
Min Correction Subset: [851]
Iter 3: 
Min Hitting Set: [850, 851]
Min Correction Subset: [88]
Iter 4: 
Min Hitting Set: [88, 850, 851]
Min Correction Subset: [83]
Iter 5: 
Min Hitting Set: [83, 88, 850, 851]
Min Correction Subset: [74]
Optimal IIS
IIS generation
Instance: j3031_3
----------------------------
Query: 9
Query element:25,50
Query element:25,51
Query scope: 3489
----------------------------
IIS optimality: suboptimal
IIS solution time: 181.596
IIS Constraint: 74; precedence; {activity:27,predecessor:25}
IIS Constraint: 83; precedence; {activity:30,predecessor:27}
IIS Constraint: 88; precedence; {activity:32,predecessor:30}
IIS Constraint: 850; query; {activity:25,t:50,t_:51,query:9}
IIS Constraint: 851; max; {f:58.0,objective:max}
