IIS generation
Iter 1: 
Min Hitting Set: []
Min Correction Subset: [708]
Iter 2: 
Min Hitting Set: [708]
Min Correction Subset: [418, 419, 420, 421, 709]
Optimal IIS
IIS generation
Instance: j3010_10
----------------------------
Query: 6
Query element:7,27
Query element:18,27
Query element:23,27
Query element:24,27
Query element:20,23
Query element:22,23
Query scope: 769
Query scope: 2170
Query scope: 2807
Query scope: 2928
Query scope: 2425
Query scope: 2679
----------------------------
IIS optimality: infeasible
IIS solution time: 269.491
IIS Constraint: 418; renewable; {resource:3,t:24}
IIS Constraint: 708; query; {activities:[7,18,23,24,20,22],t:27,query:6}
