IIS generation
Iter 1: 
Min Hitting Set: []
Min Correction Subset: [786]
Iter 2: 
Min Hitting Set: [786]
Min Correction Subset: [1]
Iter 3: 
Min Hitting Set: [1, 786]
Min Correction Subset: [99]
Iter 4: 
Min Hitting Set: [1, 99, 786]
Min Correction Subset: [98]
Iter 5: 
Min Hitting Set: [1, 98, 99, 786]
Min Correction Subset: [43]
Iter 6: 
Min Hitting Set: [1, 43, 98, 99, 786]
Min Correction Subset: [3]
Iter 7: 
Min Hitting Set: [1, 3, 43, 98, 99, 786]
Min Correction Subset: [95]
Iter 8: 
Min Hitting Set: [1, 3, 43, 95, 98, 99, 786]
Min Correction Subset: [45]
Iter 9: 
Min Hitting Set: [1, 3, 43, 45, 95, 98, 99, 786]
Min Correction Subset: [37]
Iter 10: 
Min Hitting Set: [1, 3, 37, 43, 45, 95, 98, 99, 786]
Min Correction Subset: [78]
Iter 11: 
Min Hitting Set: [1, 3, 37, 43, 45, 78, 95, 98, 99, 786]
Min Correction Subset: [38]
Iter 12: 
Min Hitting Set: [1, 3, 37, 38, 43, 45, 78, 95, 98, 99, 786]
Min Correction Subset: [92]
Iter 13: 
Min Hitting Set: [1, 3, 37, 38, 43, 45, 78, 92, 95, 98, 99, 786]
Min Correction Subset: [8, 41]
IIS generation
Instance: j3037_6
----------------------------
Query: 10
Query element:17,38
Query element:12,40
Query scope: 2009
Query scope: 1368
----------------------------
IIS optimality: suboptimal
IIS solution time: 36072.639
IIS Constraint: 1; completion; {activity:2}
IIS Constraint: 3; completion; {activity:4}
IIS Constraint: 37; precedence; {activity:6,predecessor:4}
IIS Constraint: 38; precedence; {activity:7,predecessor:6}
IIS Constraint: 43; precedence; {activity:11,predecessor:8}
IIS Constraint: 45; precedence; {activity:12,predecessor:10}
IIS Constraint: 78; precedence; {activity:25,predecessor:22}
IIS Constraint: 92; precedence; {activity:30,predecessor:24}
IIS Constraint: 95; precedence; {activity:31,predecessor:25}
IIS Constraint: 98; precedence; {activity:32,predecessor:30}
IIS Constraint: 99; precedence; {activity:32,predecessor:31}
IIS Constraint: 786; max; {f:73.0,objective:max}
