IIS generation
Iter 1: 
Min Hitting Set: []
Min Correction Subset: [781]
Iter 2: 
Min Hitting Set: [781]
Min Correction Subset: [99]
Iter 3: 
Min Hitting Set: [99, 781]
Min Correction Subset: [98]
Iter 4: 
Min Hitting Set: [98, 99, 781]
Min Correction Subset: [3]
Iter 5: 
Min Hitting Set: [3, 98, 99, 781]
Min Correction Subset: [91]
Iter 6: 
Min Hitting Set: [3, 91, 98, 99, 781]
Min Correction Subset: [73]
IIS generation
Instance: j3041_1
----------------------------
Query: 2
Query element:29,75
Query scope: 3486
----------------------------
IIS optimality: suboptimal
IIS solution time: 36001.131
IIS Constraint: 3; completion; {activity:4}
IIS Constraint: 91; precedence; {activity:30,predecessor:19}
IIS Constraint: 98; precedence; {activity:32,predecessor:30}
IIS Constraint: 99; precedence; {activity:32,predecessor:31}
IIS Constraint: 781; max; {f:86.0,objective:max}
