IIS generation
Iter 1: 
Min Hitting Set: []
Min Correction Subset: [817]
Iter 2: 
Min Hitting Set: [817]
Min Correction Subset: [99]
Iter 3: 
Min Hitting Set: [99, 817]
Min Correction Subset: [1]
Iter 4: 
Min Hitting Set: [1, 99, 817]
Min Correction Subset: [84]
Iter 5: 
Min Hitting Set: [1, 84, 99, 817]
Min Correction Subset: [3]
Iter 6: 
Min Hitting Set: [1, 3, 84, 99, 817]
Min Correction Subset: [63]
Iter 7: 
Min Hitting Set: [1, 3, 63, 84, 99, 817]
Min Correction Subset: [95]
Iter 8: 
Min Hitting Set: [1, 3, 63, 84, 95, 99, 817]
Min Correction Subset: [92]
Iter 9: 
Min Hitting Set: [1, 3, 63, 84, 92, 95, 99, 817]
Min Correction Subset: [98]
Iter 10: 
Min Hitting Set: [1, 3, 63, 84, 92, 95, 98, 99, 817]
Min Correction Subset: [96]
Iter 11: 
Min Hitting Set: [1, 3, 63, 84, 92, 95, 96, 98, 99, 817]
Min Correction Subset: [80]
Iter 12: 
Min Hitting Set: [1, 3, 63, 80, 84, 92, 95, 96, 98, 99, 817]
Min Correction Subset: [74]
Iter 13: 
Min Hitting Set: [1, 3, 63, 74, 80, 84, 92, 95, 96, 98, 99, 817]
Min Correction Subset: [46]
Iter 14: 
Min Hitting Set: [1, 3, 46, 63, 74, 80, 84, 92, 95, 96, 98, 99, 817]
Min Correction Subset: [78]
Iter 15: 
Min Hitting Set: [1, 3, 46, 63, 74, 78, 80, 84, 92, 95, 96, 98, 99, 817]
Min Correction Subset: [87]
Iter 16: 
Min Hitting Set: [1, 3, 46, 63, 74, 78, 80, 84, 87, 92, 95, 96, 98, 99, 817]
Min Correction Subset: [45]
Iter 17: 
Min Hitting Set: [1, 3, 45, 46, 63, 74, 78, 80, 84, 87, 92, 95, 96, 98, 99, 817]
Min Correction Subset: [58]
Iter 18: 
Min Hitting Set: [1, 3, 45, 46, 58, 63, 74, 78, 80, 84, 87, 92, 95, 96, 98, 99, 817]
Min Correction Subset: [671]
Iter 19: 
Min Hitting Set: [1, 3, 45, 46, 58, 63, 74, 78, 80, 84, 87, 92, 95, 96, 98, 99, 671, 817]
Min Correction Subset: [137]
Iter 20: 
Min Hitting Set: [1, 3, 45, 46, 58, 63, 74, 78, 80, 84, 87, 92, 95, 96, 98, 99, 137, 671, 817]
Min Correction Subset: [2, 4]
IIS generation
Instance: j3042_9
----------------------------
Query: 1
Query element:25,48
Query scope: 3174
----------------------------
IIS optimality: suboptimal
IIS solution time: 36002.696
IIS Constraint: 1; completion; {activity:2}
IIS Constraint: 3; completion; {activity:4}
IIS Constraint: 45; precedence; {activity:13,predecessor:7}
IIS Constraint: 46; precedence; {activity:13,predecessor:9}
IIS Constraint: 58; precedence; {activity:18,predecessor:15}
IIS Constraint: 63; precedence; {activity:20,predecessor:13}
IIS Constraint: 74; precedence; {activity:24,predecessor:22}
IIS Constraint: 78; precedence; {activity:25,predecessor:18}
IIS Constraint: 80; precedence; {activity:26,predecessor:17}
IIS Constraint: 84; precedence; {activity:27,predecessor:26}
IIS Constraint: 87; precedence; {activity:28,predecessor:25}
IIS Constraint: 92; precedence; {activity:30,predecessor:24}
IIS Constraint: 95; precedence; {activity:31,predecessor:27}
IIS Constraint: 96; precedence; {activity:31,predecessor:28}
IIS Constraint: 98; precedence; {activity:32,predecessor:30}
IIS Constraint: 99; precedence; {activity:32,predecessor:31}
IIS Constraint: 137; renewable; {resource:1,t:37}
IIS Constraint: 671; renewable; {resource:4,t:34}
IIS Constraint: 817; max; {f:60.0,objective:max}
