IIS generation
Iter 1: 
Min Hitting Set: []
Min Correction Subset: [811]
Iter 2: 
Min Hitting Set: [811]
Min Correction Subset: [89]
Iter 3: 
Min Hitting Set: [89, 811]
Min Correction Subset: [810]
Iter 4: 
Min Hitting Set: [89, 810, 811]
Min Correction Subset: [85, 86]
Iter 5: 
Min Hitting Set: [85, 89, 810, 811]
Min Correction Subset: [73, 86]
Iter 6: 
Min Hitting Set: [86, 89, 810, 811]
Min Correction Subset: [77, 85]
Iter 7: 
Min Hitting Set: [85, 86, 89, 810, 811]
Min Correction Subset: [73, 77]
Optimal IIS
IIS generation
Instance: j3029_4
----------------------------
Query: 2
Query element:24,134
Query scope: 3179
----------------------------
IIS optimality: suboptimal
IIS solution time: 3128.596
IIS Constraint: 77; precedence; {activity:28,predecessor:24}
IIS Constraint: 86; precedence; {activity:31,predecessor:28}
IIS Constraint: 89; precedence; {activity:32,predecessor:31}
IIS Constraint: 810; query; {activity:24,t:134,query:2}
IIS Constraint: 811; max; {f:105.0,objective:max}
