IIS generation
Iter 1: 
Min Hitting Set: []
Min Correction Subset: [697, 791]
Iter 2: 
Min Hitting Set: [697]
Min Correction Subset: [703, 791]
Iter 3: 
Min Hitting Set: [791]
Min Correction Subset: [3, 686]
Iter 4: 
Min Hitting Set: [3, 791]
Min Correction Subset: [9, 40, 690]
IIS generation
Instance: j3025_5
----------------------------
Query: 8
Query element:18,42
Query element:16,41
Query scope: 1961
Query scope: 1732
Query scope: 3639
Query scope: 1962
Query scope: 1733
Query scope: 3640
Query scope: 1963
Query scope: 1734
Query scope: 3641
Query scope: 1964
Query scope: 1735
Query scope: 3642
Query scope: 1965
Query scope: 1736
Query scope: 3643
Query scope: 1966
Query scope: 1737
Query scope: 3644
Query scope: 1967
Query scope: 1738
Query scope: 3645
Query scope: 1968
Query scope: 1739
Query scope: 3646
Query scope: 1969
Query scope: 1740
Query scope: 3647
Query scope: 1970
Query scope: 1741
Query scope: 3648
Query scope: 1971
Query scope: 1742
Query scope: 3649
Query scope: 1972
Query scope: 1743
Query scope: 3650
Query scope: 1973
Query scope: 1744
Query scope: 3651
Query scope: 1974
Query scope: 1745
Query scope: 3652
Query scope: 1975
Query scope: 1746
Query scope: 3653
Query scope: 1976
Query scope: 1747
Query scope: 3654
Query scope: 1977
Query scope: 1748
Query scope: 3655
Query scope: 1978
Query scope: 1749
Query scope: 3656
Query scope: 1979
Query scope: 1750
Query scope: 3657
Query scope: 1980
Query scope: 1751
Query scope: 3658
Query scope: 1981
Query scope: 1752
Query scope: 3659
Query scope: 1982
Query scope: 1753
Query scope: 3660
Query scope: 1983
Query scope: 1754
Query scope: 3661
Query scope: 1984
Query scope: 1755
Query scope: 3662
Query scope: 1985
Query scope: 1756
Query scope: 3663
Query scope: 1986
Query scope: 1757
Query scope: 3664
Query scope: 1987
Query scope: 1758
Query scope: 3665
Query scope: 1988
Query scope: 1759
Query scope: 3666
Query scope: 1989
Query scope: 1760
Query scope: 3667
Query scope: 1990
Query scope: 1761
Query scope: 3668
Query scope: 1991
Query scope: 1762
Query scope: 3669
Query scope: 1992
Query scope: 1763
Query scope: 3670
Query scope: 1993
Query scope: 1764
Query scope: 3671
Query scope: 1994
Query scope: 1765
Query scope: 3672
Query scope: 1995
Query scope: 1766
Query scope: 3673
Query scope: 1996
Query scope: 1767
Query scope: 3674
Query scope: 1997
Query scope: 1768
Query scope: 3675
Query scope: 1998
Query scope: 1769
Query scope: 3676
Query scope: 1999
Query scope: 1770
Query scope: 3677
Query scope: 2000
Query scope: 1771
Query scope: 3678
Query scope: 2001
Query scope: 1772
Query scope: 3679
Query scope: 2002
Query scope: 1773
Query scope: 3680
Query scope: 2003
Query scope: 1774
Query scope: 3681
Query scope: 2004
Query scope: 1775
Query scope: 3682
Query scope: 2005
Query scope: 1776
Query scope: 3683
Query scope: 2006
Query scope: 1777
Query scope: 3684
Query scope: 2007
Query scope: 1778
Query scope: 3685
Query scope: 2008
Query scope: 1779
Query scope: 3686
Query scope: 2009
Query scope: 1780
Query scope: 3687
Query scope: 2010
Query scope: 1781
Query scope: 3688
Query scope: 2011
Query scope: 1782
Query scope: 3689
Query scope: 2012
Query scope: 1783
Query scope: 3690
Query scope: 2013
Query scope: 1784
Query scope: 3691
Query scope: 2014
Query scope: 1785
Query scope: 3692
Query scope: 2015
Query scope: 1786
Query scope: 3693
Query scope: 2016
Query scope: 1787
Query scope: 3694
Query scope: 2017
Query scope: 1788
Query scope: 3695
Query scope: 2018
Query scope: 1789
Query scope: 3696
Query scope: 2019
Query scope: 1790
Query scope: 3697
Query scope: 2020
Query scope: 1791
Query scope: 3698
Query scope: 2021
Query scope: 1792
Query scope: 3699
Query scope: 2022
Query scope: 1793
Query scope: 3700
Query scope: 2023
Query scope: 1794
Query scope: 3701
Query scope: 2024
Query scope: 1795
Query scope: 3702
Query scope: 2025
Query scope: 1796
Query scope: 3703
Query scope: 2026
Query scope: 1797
Query scope: 3704
Query scope: 2027
Query scope: 1798
Query scope: 3705
Query scope: 2028
Query scope: 1799
Query scope: 3706
Query scope: 2029
Query scope: 1800
Query scope: 3707
Query scope: 2030
Query scope: 1801
Query scope: 3708
Query scope: 2031
Query scope: 1802
Query scope: 3709
Query scope: 2032
Query scope: 1803
Query scope: 3710
Query scope: 2033
Query scope: 1804
Query scope: 3711
Query scope: 2034
Query scope: 1805
Query scope: 3712
Query scope: 2035
Query scope: 1806
Query scope: 3713
Query scope: 2036
Query scope: 1807
Query scope: 3714
Query scope: 2037
Query scope: 1808
Query scope: 3715
Query scope: 2038
Query scope: 1809
Query scope: 3716
Query scope: 2039
Query scope: 1810
Query scope: 3717
Query scope: 2040
Query scope: 1811
Query scope: 3718
Query scope: 2041
Query scope: 1812
Query scope: 3719
Query scope: 2042
Query scope: 1813
Query scope: 3720
Query scope: 2043
Query scope: 1814
Query scope: 3721
Query scope: 2044
Query scope: 1815
Query scope: 3722
Query scope: 2045
Query scope: 1816
Query scope: 3723
Query scope: 2046
Query scope: 1817
Query scope: 3724
Query scope: 2047
Query scope: 1818
Query scope: 3725
Query scope: 2048
Query scope: 1819
Query scope: 3726
Query scope: 2049
Query scope: 1820
Query scope: 3727
Query scope: 2050
Query scope: 1821
Query scope: 3728
Query scope: 2051
Query scope: 1822
Query scope: 3729
Query scope: 2052
Query scope: 1823
Query scope: 3730
Query scope: 2053
Query scope: 1824
Query scope: 3731
Query scope: 2054
Query scope: 1825
Query scope: 3732
Query scope: 2055
Query scope: 1826
Query scope: 3733
Query scope: 2056
Query scope: 1827
Query scope: 3734
Query scope: 2057
Query scope: 1828
Query scope: 3735
Query scope: 2058
Query scope: 1829
Query scope: 3736
Query scope: 2059
Query scope: 1830
Query scope: 3737
Query scope: 2060
Query scope: 1831
Query scope: 3738
Query scope: 2061
Query scope: 1832
Query scope: 3739
Query scope: 2062
Query scope: 1833
Query scope: 3740
Query scope: 2063
Query scope: 1834
Query scope: 3741
Query scope: 2064
Query scope: 1835
Query scope: 3742
----------------------------
IIS optimality: suboptimal
IIS solution time: 36181.452
IIS Constraint: 3; completion; {activity:4}
IIS Constraint: 791; max; {f:72.0,objective:max}
