IIS generation
Iter 1: 
Min Hitting Set: []
Min Correction Subset: [99]
Iter 2: 
Min Hitting Set: [99]
Min Correction Subset: [84]
Iter 3: 
Min Hitting Set: [84, 99]
Min Correction Subset: [89]
Iter 4: 
Min Hitting Set: [84, 89, 99]
Min Correction Subset: [758]
Iter 5: 
Min Hitting Set: [84, 89, 99, 758]
Min Correction Subset: [96]
Iter 6: 
Min Hitting Set: [84, 89, 96, 99, 758]
Min Correction Subset: [77]
Iter 7: 
Min Hitting Set: [77, 84, 89, 96, 99, 758]
Min Correction Subset: [69]
Iter 8: 
Min Hitting Set: [69, 77, 84, 89, 96, 99, 758]
Min Correction Subset: [63]
Iter 9: 
Min Hitting Set: [63, 69, 77, 84, 89, 96, 99, 758]
Min Correction Subset: [97]
Iter 10: 
Min Hitting Set: [63, 69, 77, 84, 89, 96, 97, 99, 758]
Min Correction Subset: [617]
Iter 11: 
Min Hitting Set: [63, 69, 77, 84, 89, 96, 97, 99, 617, 758]
Min Correction Subset: [80]
Iter 12: 
Min Hitting Set: [63, 69, 77, 80, 84, 89, 96, 97, 99, 617, 758]
Min Correction Subset: [756, 757]
Iter 13: 
Min Hitting Set: [63, 69, 77, 80, 84, 89, 96, 97, 99, 617, 756, 758]
Min Correction Subset: [83, 86]
Iter 14: 
Min Hitting Set: [63, 69, 77, 80, 83, 84, 89, 96, 97, 99, 617, 756, 758]
Min Correction Subset: [20, 65, 66]
Iter 15: 
Min Hitting Set: [20, 63, 69, 77, 80, 83, 84, 89, 96, 97, 99, 617, 756, 758]
Min Correction Subset: [14, 49, 50, 51]
Iter 16: 
Min Hitting Set: [14, 20, 63, 69, 77, 80, 83, 84, 89, 96, 97, 99, 617, 756, 758]
Min Correction Subset: [619, 620, 621, 622]
Iter 17: 
Min Hitting Set: [14, 20, 63, 69, 77, 80, 83, 84, 89, 96, 97, 99, 617, 619, 756, 758]
Min Correction Subset: [620, 621, 622, 623]
Iter 18: 
Min Hitting Set: [14, 20, 63, 69, 77, 80, 83, 84, 89, 96, 97, 99, 617, 620, 756, 758]
Min Correction Subset: [17, 58, 59, 60]
Iter 19: 
Min Hitting Set: [14, 17, 20, 63, 69, 77, 80, 83, 84, 89, 96, 97, 99, 617, 620, 756, 758]
Min Correction Subset: [621, 622, 623, 624]
Iter 20: 
Min Hitting Set: [14, 17, 20, 63, 69, 77, 80, 83, 84, 89, 96, 97, 99, 617, 621, 756, 758]
Min Correction Subset: [622, 623, 624, 625]
Iter 21: 
Min Hitting Set: [14, 17, 20, 63, 69, 77, 80, 83, 84, 89, 96, 97, 99, 617, 622, 756, 758]
Min Correction Subset: [618, 619, 620, 621]
Iter 22: 
Min Hitting Set: [14, 17, 20, 63, 69, 77, 80, 83, 84, 89, 96, 97, 99, 617, 621, 622, 756, 758]
Min Correction Subset: [613, 614, 615, 616]
Optimal IIS
IIS generation
Instance: j3038_2
----------------------------
Query: 10
Query element:15,33
Query element:16,36
Query scope: 1704
Query scope: 1833
----------------------------
IIS optimality: suboptimal
IIS solution time: 10968.437
IIS Constraint: 14; completion; {activity:15}
IIS Constraint: 17; completion; {activity:18}
IIS Constraint: 20; completion; {activity:21}
IIS Constraint: 63; precedence; {activity:20,predecessor:15}
IIS Constraint: 69; precedence; {activity:22,predecessor:21}
IIS Constraint: 77; precedence; {activity:25,predecessor:20}
IIS Constraint: 80; precedence; {activity:26,predecessor:18}
IIS Constraint: 83; precedence; {activity:27,predecessor:22}
IIS Constraint: 84; precedence; {activity:27,predecessor:26}
IIS Constraint: 89; precedence; {activity:29,predecessor:25}
IIS Constraint: 96; precedence; {activity:31,predecessor:27}
IIS Constraint: 97; precedence; {activity:32,predecessor:29}
IIS Constraint: 99; precedence; {activity:32,predecessor:31}
IIS Constraint: 613; renewable; {resource:4,t:21}
IIS Constraint: 617; renewable; {resource:4,t:25}
IIS Constraint: 621; renewable; {resource:4,t:29}
IIS Constraint: 622; renewable; {resource:4,t:30}
IIS Constraint: 756; query; {activity:15,t:33,query:10}
IIS Constraint: 758; max; {f:54.0,objective:max}
