IIS generation
Iter 1: 
Min Hitting Set: []
Min Correction Subset: [791]
Iter 2: 
Min Hitting Set: [791]
Min Correction Subset: [87]
Iter 3: 
Min Hitting Set: [87, 791]
Min Correction Subset: [80]
Iter 4: 
Min Hitting Set: [80, 87, 791]
Min Correction Subset: [790]
Optimal IIS
IIS generation
Instance: j3023_1
----------------------------
Query: 2
Query element:28,103
Query scope: 3486
----------------------------
IIS optimality: suboptimal
IIS solution time: 9.382
IIS Constraint: 80; precedence; {activity:29,predecessor:28}
IIS Constraint: 87; precedence; {activity:32,predecessor:29}
IIS Constraint: 790; query; {activity:28,t:103,query:2}
IIS Constraint: 791; max; {f:63.0,objective:max}
