IIS generation
Iter 1: 
Min Hitting Set: []
Min Correction Subset: [99]
Iter 2: 
Min Hitting Set: [99]
Min Correction Subset: [701]
Iter 3: 
Min Hitting Set: [99, 701]
Min Correction Subset: [95]
Iter 4: 
Min Hitting Set: [95, 99, 701]
Min Correction Subset: [700]
Iter 5: 
Min Hitting Set: [95, 99, 700, 701]
Min Correction Subset: [24, 76, 77, 78]
Optimal IIS
IIS generation
Instance: j3044_1
----------------------------
Query: 1
Query element:25,40
Query scope: 2618
----------------------------
IIS optimality: suboptimal
IIS solution time: 16.513
IIS Constraint: 24; completion; {activity:25}
IIS Constraint: 95; precedence; {activity:31,predecessor:25}
IIS Constraint: 99; precedence; {activity:32,predecessor:31}
IIS Constraint: 700; query; {activity:25,t:40,query:1}
IIS Constraint: 701; max; {f:50.0,objective:max}
