IIS generation
Iter 1: 
Min Hitting Set: []
Min Correction Subset: [745]
Iter 2: 
Min Hitting Set: [745]
Min Correction Subset: [79]
Iter 3: 
Min Hitting Set: [79, 745]
Min Correction Subset: [744]
Iter 4: 
Min Hitting Set: [79, 744, 745]
Min Correction Subset: [75]
Iter 5: 
Min Hitting Set: [75, 79, 744, 745]
Min Correction Subset: [66]
Iter 6: 
Min Hitting Set: [66, 75, 79, 744, 745]
Min Correction Subset: [63]
Optimal IIS
IIS generation
Instance: j304_3
----------------------------
Query: 2
Query element:25,91
Query scope: 3180
----------------------------
IIS optimality: suboptimal
IIS solution time: 22.796
IIS Constraint: 63; precedence; {activity:26,predecessor:25}
IIS Constraint: 66; precedence; {activity:27,predecessor:26}
IIS Constraint: 75; precedence; {activity:31,predecessor:27}
IIS Constraint: 79; precedence; {activity:32,predecessor:31}
IIS Constraint: 744; query; {activity:25,t:91,query:2}
IIS Constraint: 745; max; {f:47.0,objective:max}
