IIS generation
Iter 1: 
Min Hitting Set: []
Min Correction Subset: [16]
Iter 2: 
Min Hitting Set: [16]
Min Correction Subset: [15]
Iter 3: 
Min Hitting Set: [15, 16]
Min Correction Subset: [7, 8, 14]
Optimal IIS
Instance: scheduling-12-20-860000
----------------------------
Query: 7
Query element:4
Query scope: 0
Query scope: 1
Query scope: 2
Query scope: 3
Query scope: 4
Query scope: 7
Query scope: 8
Query scope: 9
Query scope: 10
Query scope: 11
Query scope: 13
Query scope: 14
Query scope: 15
Query scope: 16
----------------------------
IIS optimality: suboptimal
IIS solution time: 25.641
IIS Constraint: 7; goods; {good:7}
IIS Constraint: 15; query; {good:4,query:7}
IIS Constraint: 16; max; {f:14.49143,objective:max}
