IIS generation
Iter 1: 
Min Hitting Set: []
Min Correction Subset: [37]
Iter 2: 
Min Hitting Set: [37]
Min Correction Subset: [14]
Iter 3: 
Min Hitting Set: [14, 37]
Min Correction Subset: [2]
Iter 4: 
Min Hitting Set: [2, 14, 37]
Min Correction Subset: [17]
Iter 5: 
Min Hitting Set: [2, 14, 17, 37]
Min Correction Subset: [1]
Iter 6: 
Min Hitting Set: [1, 2, 14, 17, 37]
Min Correction Subset: [13]
Iter 7: 
Min Hitting Set: [1, 2, 13, 14, 17, 37]
Min Correction Subset: [16]
Iter 8: 
Min Hitting Set: [1, 2, 13, 14, 16, 17, 37]
Min Correction Subset: [36]
Optimal IIS
Instance: paths-12-20-760000
----------------------------
Query: 2
Query element:9
Query scope: 9
----------------------------
IIS optimality: suboptimal
IIS solution time: 7.764
IIS Constraint: 1; goods; {good:1}
IIS Constraint: 2; goods; {good:2}
IIS Constraint: 13; goods; {good:13}
IIS Constraint: 14; goods; {good:14}
IIS Constraint: 16; goods; {good:16}
IIS Constraint: 17; goods; {good:17}
IIS Constraint: 36; query; {bid:9,query:2}
IIS Constraint: 37; max; {f:4.92244,objective:max}
