IIS generation
Iter 1: 
Min Hitting Set: []
Min Correction Subset: [19]
Iter 2: 
Min Hitting Set: [19]
Min Correction Subset: [18]
Optimal IIS
Instance: regions-12-20-220000
----------------------------
Query: 10
Query element:7
Query element:2
Query scope: 1
Query scope: 4
Query scope: 5
Query scope: 6
Query scope: 7
Query scope: 8
Query scope: 9
Query scope: 10
Query scope: 11
Query scope: 12
Query scope: 13
Query scope: 14
Query scope: 15
Query scope: 16
Query scope: 17
Query scope: 19
----------------------------
IIS optimality: suboptimal
IIS solution time: 1.007
IIS Constraint: 18; query; {goods:[7,2],query:10}
IIS Constraint: 19; max; {f:751.5309,objective:max}
