IIS generation
Iter 1: 
Min Hitting Set: []
Min Correction Subset: [18]
Iter 2: 
Min Hitting Set: [18]
Min Correction Subset: [3]
Iter 3: 
Min Hitting Set: [3, 18]
Min Correction Subset: [1, 4]
Iter 4: 
Min Hitting Set: [1, 3, 18]
Min Correction Subset: [16, 17]
Iter 5: 
Min Hitting Set: [1, 3, 16, 18]
Min Correction Subset: [6, 11]
Iter 6: 
Min Hitting Set: [1, 3, 6, 16, 18]
Min Correction Subset: [4, 11]
Iter 7: 
Min Hitting Set: [3, 4, 11, 16, 18]
Min Correction Subset: [1, 17]
Iter 8: 
Min Hitting Set: [1, 3, 11, 17, 18]
Min Correction Subset: [4, 7, 14]
Optimal IIS
Instance: arbitrary-12-20-960000
----------------------------
Query: 3
Query element:18
Query element:20
Query scope: 18
Query scope: 20
----------------------------
IIS optimality: suboptimal
IIS solution time: 397.235
IIS Constraint: 3; goods; {good:3}
IIS Constraint: 4; goods; {good:4}
IIS Constraint: 6; goods; {good:6}
IIS Constraint: 17; query; {bid:20,query:3}
IIS Constraint: 18; max; {f:758.3879999999999,objective:max}
