IIS generation
Iter 1: 
Min Hitting Set: []
Min Correction Subset: [19]
Iter 2: 
Min Hitting Set: [19]
Min Correction Subset: [18]
Iter 3: 
Min Hitting Set: [18, 19]
Min Correction Subset: [3, 4, 7]
Iter 4: 
Min Hitting Set: [3, 18, 19]
Min Correction Subset: [7, 8, 9]
Iter 5: 
Min Hitting Set: [7, 18, 19]
Min Correction Subset: [1, 3, 4]
Optimal IIS
Instance: regions-12-20-860000
----------------------------
Query: 8
Query element:6
Query scope: 0
Query scope: 1
Query scope: 2
Query scope: 3
Query scope: 4
Query scope: 5
Query scope: 7
Query scope: 8
Query scope: 9
Query scope: 10
Query scope: 11
Query scope: 12
Query scope: 14
Query scope: 16
Query scope: 18
Query scope: 19
----------------------------
IIS optimality: suboptimal
IIS solution time: 326.068
IIS Constraint: 3; goods; {good:3}
IIS Constraint: 7; goods; {good:7}
IIS Constraint: 18; query; {good:6,query:8}
IIS Constraint: 19; max; {f:602.644,objective:max}
