IIS generation
Iter 1: 
Min Hitting Set: []
Min Correction Subset: [16]
Iter 2: 
Min Hitting Set: [16]
Min Correction Subset: [7]
Iter 3: 
Min Hitting Set: [7, 16]
Min Correction Subset: [1]
Iter 4: 
Min Hitting Set: [1, 7, 16]
Min Correction Subset: [2]
Iter 5: 
Min Hitting Set: [1, 2, 7, 16]
Min Correction Subset: [3]
Iter 6: 
Min Hitting Set: [1, 2, 3, 7, 16]
Min Correction Subset: [4]
Iter 7: 
Min Hitting Set: [1, 2, 3, 4, 7, 16]
Min Correction Subset: [6]
Iter 8: 
Min Hitting Set: [1, 2, 3, 4, 6, 7, 16]
Min Correction Subset: [5]
Iter 9: 
Min Hitting Set: [1, 2, 3, 4, 5, 6, 7, 16]
Min Correction Subset: [15]
Iter 10: 
Min Hitting Set: [1, 2, 3, 4, 5, 6, 7, 15, 16]
Min Correction Subset: [9, 14]
Iter 11: 
Min Hitting Set: [1, 2, 3, 4, 5, 6, 7, 9, 15, 16]
Min Correction Subset: [8, 14]
Iter 12: 
Min Hitting Set: [1, 2, 3, 4, 5, 6, 7, 14, 15, 16]
Min Correction Subset: [8, 13]
Iter 13: 
Min Hitting Set: [1, 2, 3, 4, 5, 6, 7, 8, 14, 15, 16]
Min Correction Subset: [9, 13]
Optimal IIS
Instance: scheduling-12-20-710000
----------------------------
Query: 1
Query element:14
Query scope: 14
----------------------------
IIS optimality: suboptimal
IIS solution time: 145.855
IIS Constraint: 1; goods; {good:1}
IIS Constraint: 2; goods; {good:2}
IIS Constraint: 3; goods; {good:3}
IIS Constraint: 4; goods; {good:4}
IIS Constraint: 5; goods; {good:5}
IIS Constraint: 6; goods; {good:6}
IIS Constraint: 7; goods; {good:7}
IIS Constraint: 13; goods; {good:13}
IIS Constraint: 14; goods; {good:14}
IIS Constraint: 15; query; {bid:14,query:1}
IIS Constraint: 16; max; {f:18.480909999999998,objective:max}
