IIS generation
Iter 1: 
Min Hitting Set: []
Min Correction Subset: [22]
Iter 2: 
Min Hitting Set: [22]
Min Correction Subset: [13]
Iter 3: 
Min Hitting Set: [13, 22]
Min Correction Subset: [4]
Iter 4: 
Min Hitting Set: [4, 13, 22]
Min Correction Subset: [16]
Iter 5: 
Min Hitting Set: [4, 13, 16, 22]
Min Correction Subset: [21]
Iter 6: 
Min Hitting Set: [4, 13, 16, 21, 22]
Min Correction Subset: [1]
Optimal IIS
Instance: paths-12-20-590000
----------------------------
Query: 7
Query element:0
Query scope: 7
----------------------------
IIS optimality: suboptimal
IIS solution time: 22.695
IIS Constraint: 1; goods; {good:1}
IIS Constraint: 4; goods; {good:4}
IIS Constraint: 13; goods; {good:13}
IIS Constraint: 16; goods; {good:16}
IIS Constraint: 21; query; {good:0,query:7}
IIS Constraint: 22; max; {f:5.677632,objective:max}
