IIS generation
Iter 1: 
Min Hitting Set: []
Min Correction Subset: [18]
Iter 2: 
Min Hitting Set: [18]
Min Correction Subset: [17]
Iter 3: 
Min Hitting Set: [17, 18]
Min Correction Subset: [3, 4, 6]
Iter 4: 
Min Hitting Set: [3, 17, 18]
Min Correction Subset: [0, 6, 7, 9, 10]
Iter 5: 
Min Hitting Set: [6, 17, 18]
Min Correction Subset: [2, 3, 9, 14]
Optimal IIS
Instance: arbitrary-12-20-180000
----------------------------
Query: 2
Query element:9
Query scope: 9
----------------------------
IIS optimality: suboptimal
IIS solution time: 155.675
IIS Constraint: 3; goods; {good:3}
IIS Constraint: 6; goods; {good:6}
IIS Constraint: 17; query; {bid:9,query:2}
IIS Constraint: 18; max; {f:648.303,objective:max}
