IIS generation
Iter 1: 
Min Hitting Set: []
Min Correction Subset: [7]
Iter 2: 
Min Hitting Set: [7]
Min Correction Subset: [16]
Iter 3: 
Min Hitting Set: [7, 16]
Min Correction Subset: [14]
Iter 4: 
Min Hitting Set: [7, 14, 16]
Min Correction Subset: [13]
Iter 5: 
Min Hitting Set: [7, 13, 14, 16]
Min Correction Subset: [15]
Iter 6: 
Min Hitting Set: [7, 13, 14, 15, 16]
Min Correction Subset: [1]
Iter 7: 
Min Hitting Set: [1, 7, 13, 14, 15, 16]
Min Correction Subset: [5]
Iter 8: 
Min Hitting Set: [1, 5, 7, 13, 14, 15, 16]
Min Correction Subset: [2, 3]
Iter 9: 
Min Hitting Set: [1, 2, 5, 7, 13, 14, 15, 16]
Min Correction Subset: [3, 4]
Optimal IIS
Instance: scheduling-12-20-100000
----------------------------
Query: 2
Query element:25
Query scope: 25
----------------------------
IIS optimality: suboptimal
IIS solution time: 5.901
IIS Constraint: 1; goods; {good:1}
IIS Constraint: 3; goods; {good:3}
IIS Constraint: 5; goods; {good:5}
IIS Constraint: 7; goods; {good:7}
IIS Constraint: 13; goods; {good:13}
IIS Constraint: 14; goods; {good:14}
IIS Constraint: 15; query; {bid:25,query:2}
IIS Constraint: 16; max; {f:12.893400000000002,objective:max}
