IIS generation
Iter 1: 
Min Hitting Set: []
Min Correction Subset: [18]
Iter 2: 
Min Hitting Set: [18]
Min Correction Subset: [7]
Iter 3: 
Min Hitting Set: [7, 18]
Min Correction Subset: [17]
Iter 4: 
Min Hitting Set: [7, 17, 18]
Min Correction Subset: [3]
Optimal IIS
Instance: scheduling-12-20-50000
----------------------------
Query: 1
Query element:15
Query scope: 15
----------------------------
IIS optimality: suboptimal
IIS solution time: 2.178
IIS Constraint: 3; goods; {good:3}
IIS Constraint: 7; goods; {good:7}
IIS Constraint: 17; query; {bid:15,query:1}
IIS Constraint: 18; max; {f:22.18494,objective:max}
