IIS generation
Iter 1: 
Min Hitting Set: []
Min Correction Subset: [19]
Iter 2: 
Min Hitting Set: [19]
Min Correction Subset: [17, 18]
Iter 3: 
Min Hitting Set: [17, 19]
Min Correction Subset: [4, 5, 18]
Iter 4: 
Min Hitting Set: [18, 19]
Min Correction Subset: [1, 2, 5]
Iter 5: 
Min Hitting Set: [5, 17, 19]
Min Correction Subset: [0, 1, 11, 18]
Optimal IIS
Instance: regions-12-20-580000
----------------------------
Query: 3
Query element:15
Query element:17
Query scope: 15
Query scope: 17
----------------------------
IIS optimality: suboptimal
IIS solution time: 286.643
IIS Constraint: 1; goods; {good:1}
IIS Constraint: 18; query; {bid:17,query:3}
IIS Constraint: 19; max; {f:839.0759999999999,objective:max}
