IIS generation
Iter 1: 
Min Hitting Set: []
Min Correction Subset: [17]
Iter 2: 
Min Hitting Set: [17]
Min Correction Subset: [16]
Iter 3: 
Min Hitting Set: [16, 17]
Min Correction Subset: [5, 6, 7, 8, 9, 14]
Iter 4: 
Min Hitting Set: [5, 16, 17]
Min Correction Subset: [6, 7, 8, 9, 10, 14]
Optimal IIS
Instance: scheduling-12-20-270000
----------------------------
Query: 7
Query element:2
Query scope: 0
Query scope: 1
Query scope: 2
Query scope: 3
Query scope: 4
Query scope: 5
Query scope: 11
Query scope: 12
Query scope: 13
Query scope: 19
----------------------------
IIS optimality: suboptimal
IIS solution time: 379.550
IIS Constraint: 6; goods; {good:6}
IIS Constraint: 16; query; {good:2,query:7}
IIS Constraint: 17; max; {f:15.8474,objective:max}
