IIS generation
Iter 1: 
Min Hitting Set: []
Min Correction Subset: [3]
Iter 2: 
Min Hitting Set: [3]
Min Correction Subset: [23]
Iter 3: 
Min Hitting Set: [3, 23]
Min Correction Subset: [2]
Iter 4: 
Min Hitting Set: [2, 3, 23]
Min Correction Subset: [22]
Iter 5: 
Min Hitting Set: [2, 3, 22, 23]
Min Correction Subset: [7, 14]
Iter 6: 
Min Hitting Set: [2, 3, 7, 22, 23]
Min Correction Subset: [0, 14]
Optimal IIS
Instance: paths-12-20-720000
----------------------------
Query: 11
Query element:0
Query element:2
Query scope: 1
Query scope: 3
Query scope: 9
----------------------------
IIS optimality: suboptimal
IIS solution time: 71.097
IIS Constraint: 2; goods; {good:2}
IIS Constraint: 3; goods; {good:3}
IIS Constraint: 14; goods; {good:14}
IIS Constraint: 22; query; {goods:[0,2],query:11}
IIS Constraint: 23; max; {f:5.665068000000001,objective:max}
