IIS generation
Iter 1: 
Min Hitting Set: []
Min Correction Subset: [17]
Iter 2: 
Min Hitting Set: [17]
Min Correction Subset: [10]
Iter 3: 
Min Hitting Set: [10, 17]
Min Correction Subset: [16]
Optimal IIS
Instance: arbitrary-12-20-640000
----------------------------
Query: 2
Query element:13
Query scope: 13
----------------------------
IIS optimality: suboptimal
IIS solution time: 2.494
IIS Constraint: 10; goods; {good:10}
IIS Constraint: 16; query; {bid:13,query:2}
IIS Constraint: 17; max; {f:657.0354,objective:max}
