IIS generation
Iter 1: 
Min Hitting Set: []
Min Correction Subset: [17]
Iter 2: 
Min Hitting Set: [17]
Min Correction Subset: [16]
Iter 3: 
Min Hitting Set: [16, 17]
Min Correction Subset: [3, 4, 5, 6]
Iter 4: 
Min Hitting Set: [3, 16, 17]
Min Correction Subset: [5, 6, 7, 8, 15]
Iter 5: 
Min Hitting Set: [5, 16, 17]
Min Correction Subset: [3, 8, 9, 10, 15]
Optimal IIS
Instance: scheduling-12-20-120000
----------------------------
Query: 2
Query element:18
Query scope: 18
----------------------------
IIS optimality: suboptimal
IIS solution time: 348.784
IIS Constraint: 3; goods; {good:3}
IIS Constraint: 6; goods; {good:6}
IIS Constraint: 16; query; {bid:18,query:2}
IIS Constraint: 17; max; {f:21.77578,objective:max}
