IIS generation
Iter 1: 
Min Hitting Set: []
Min Correction Subset: [21]
Iter 2: 
Min Hitting Set: [21]
Min Correction Subset: [20]
Iter 3: 
Min Hitting Set: [20, 21]
Min Correction Subset: [12]
Iter 4: 
Min Hitting Set: [12, 20, 21]
Min Correction Subset: [17]
Iter 5: 
Min Hitting Set: [12, 17, 20, 21]
Min Correction Subset: [11, 15]
Iter 6: 
Min Hitting Set: [11, 12, 17, 20, 21]
Min Correction Subset: [4, 15]
Iter 7: 
Min Hitting Set: [12, 15, 17, 20, 21]
Min Correction Subset: [11, 13]
Iter 8: 
Min Hitting Set: [11, 12, 15, 17, 20, 21]
Min Correction Subset: [0, 4, 13]
Iter 9: 
Min Hitting Set: [12, 13, 15, 17, 20, 21]
Min Correction Subset: [11, 16]
Optimal IIS
Instance: paths-12-20-810000
----------------------------
Query: 7
Query element:14
Query scope: 9
Query scope: 10
Query scope: 11
Query scope: 12
----------------------------
IIS optimality: suboptimal
IIS solution time: 164.486
IIS Constraint: 4; goods; {good:4}
IIS Constraint: 11; goods; {good:11}
IIS Constraint: 12; goods; {good:12}
IIS Constraint: 17; goods; {good:17}
IIS Constraint: 20; query; {good:14,query:7}
IIS Constraint: 21; max; {f:4.926219000000001,objective:max}
