IIS generation
Iter 1: 
Min Hitting Set: []
Min Correction Subset: [20]
Iter 2: 
Min Hitting Set: [20]
Min Correction Subset: [19]
Iter 3: 
Min Hitting Set: [19, 20]
Min Correction Subset: [6, 7, 8]
Iter 4: 
Min Hitting Set: [6, 19, 20]
Min Correction Subset: [1, 2, 3, 4, 12]
Iter 5: 
Min Hitting Set: [1, 6, 19, 20]
Min Correction Subset: [2, 3, 7, 8, 9, 10, 12]
Iter 6: 
Min Hitting Set: [2, 7, 19, 20]
Min Correction Subset: [3, 4, 5, 6, 8, 9, 12]
Optimal IIS
Instance: scheduling-12-20-780000
----------------------------
Query: 3
Query element:12
Query element:6
Query scope: 12
Query scope: 6
----------------------------
IIS optimality: suboptimal
IIS solution time: 248.994
IIS Constraint: 3; goods; {good:3}
IIS Constraint: 8; goods; {good:8}
IIS Constraint: 19; query; {bid:6,query:3}
IIS Constraint: 20; max; {f:20.7227,objective:max}
