IIS generation
Iter 1: 
Min Hitting Set: []
Min Correction Subset: [18]
Iter 2: 
Min Hitting Set: [18]
Min Correction Subset: [17]
Iter 3: 
Min Hitting Set: [17, 18]
Min Correction Subset: [0, 1, 2, 4]
Iter 4: 
Min Hitting Set: [0, 17, 18]
Min Correction Subset: [2, 4, 5, 7]
Iter 5: 
Min Hitting Set: [2, 17, 18]
Min Correction Subset: [0, 3, 4, 7]
Iter 6: 
Min Hitting Set: [4, 17, 18]
Min Correction Subset: [0, 1, 6, 7]
Optimal IIS
Instance: regions-12-20-100000
----------------------------
Query: 1
Query element:9
Query scope: 9
----------------------------
IIS optimality: suboptimal
IIS solution time: 370.929
IIS Constraint: 0; goods; {good:0}
IIS Constraint: 4; goods; {good:4}
IIS Constraint: 17; query; {bid:9,query:1}
IIS Constraint: 18; max; {f:716.7259,objective:max}
