IIS generation
Iter 1: 
Min Hitting Set: []
Min Correction Subset: [17]
Iter 2: 
Min Hitting Set: [17]
Min Correction Subset: [3]
Iter 3: 
Min Hitting Set: [3, 17]
Min Correction Subset: [16]
Iter 4: 
Min Hitting Set: [3, 16, 17]
Min Correction Subset: [0, 6]
Iter 5: 
Min Hitting Set: [0, 3, 16, 17]
Min Correction Subset: [6, 10]
Iter 6: 
Min Hitting Set: [3, 6, 16, 17]
Min Correction Subset: [0, 10]
Iter 7: 
Min Hitting Set: [0, 3, 6, 16, 17]
Min Correction Subset: [1, 11]
Iter 8: 
Min Hitting Set: [0, 1, 3, 6, 16, 17]
Min Correction Subset: [4, 11, 14]
Iter 9: 
Min Hitting Set: [0, 3, 6, 11, 16, 17]
Min Correction Subset: [1, 4, 5]
Optimal IIS
Instance: arbitrary-12-20-10000
----------------------------
Query: 10
Query element:2
Query element:7
Query scope: 5
Query scope: 15
----------------------------
IIS optimality: suboptimal
IIS solution time: 377.963
IIS Constraint: 0; goods; {good:0}
IIS Constraint: 3; goods; {good:3}
IIS Constraint: 4; goods; {good:4}
IIS Constraint: 6; goods; {good:6}
IIS Constraint: 11; goods; {good:11}
IIS Constraint: 16; query; {goods:[2,7],query:10}
IIS Constraint: 17; max; {f:932.185,objective:max}
