IIS generation
Iter 1: 
Min Hitting Set: []
Min Correction Subset: [20]
Iter 2: 
Min Hitting Set: [20]
Min Correction Subset: [6]
Iter 3: 
Min Hitting Set: [6, 20]
Min Correction Subset: [0, 12]
Iter 4: 
Min Hitting Set: [0, 6, 20]
Min Correction Subset: [7, 18]
Iter 5: 
Min Hitting Set: [0, 6, 7, 20]
Min Correction Subset: [18, 19]
Iter 6: 
Min Hitting Set: [0, 6, 18, 20]
Min Correction Subset: [5, 15, 19]
Iter 7: 
Min Hitting Set: [0, 6, 7, 19, 20]
Min Correction Subset: [2, 5, 12]
Iter 8: 
Min Hitting Set: [5, 6, 12, 18, 20]
Min Correction Subset: [0, 19]
Iter 9: 
Min Hitting Set: [0, 5, 6, 18, 20]
Min Correction Subset: [8, 15, 19]
Iter 10: 
Min Hitting Set: [6, 7, 12, 19, 20]
Min Correction Subset: [0, 5]
Iter 11: 
Min Hitting Set: [0, 5, 6, 7, 19, 20]
Min Correction Subset: [2, 12, 18]
Optimal IIS
Instance: paths-12-20-980000
----------------------------
Query: 9
Query element:7
Query element:1
Query scope: 3
Query scope: 7
Query scope: 12
Query scope: 18
Query scope: 5
----------------------------
IIS optimality: suboptimal
IIS solution time: 154.271
IIS Constraint: 0; goods; {good:0}
IIS Constraint: 5; goods; {good:5}
IIS Constraint: 6; goods; {good:6}
IIS Constraint: 18; query; {good:7,query:9}
IIS Constraint: 19; query; {good:1,query:9}
IIS Constraint: 20; max; {f:4.863353999999999,objective:max}
