IIS generation
Iter 1: 
Min Hitting Set: []
Min Correction Subset: [16]
Iter 2: 
Min Hitting Set: [16]
Min Correction Subset: [15]
Iter 3: 
Min Hitting Set: [15, 16]
Min Correction Subset: [6, 7, 14]
Iter 4: 
Min Hitting Set: [6, 15, 16]
Min Correction Subset: [7, 8, 14]
Iter 5: 
Min Hitting Set: [7, 15, 16]
Min Correction Subset: [0, 1, 14]
Iter 6: 
Min Hitting Set: [14, 15, 16]
Min Correction Subset: [5, 6, 7, 8]
Optimal IIS
Instance: scheduling-12-20-970000
----------------------------
Query: 2
Query element:18
Query scope: 18
----------------------------
IIS optimality: suboptimal
IIS solution time: 654.070
IIS Constraint: 7; goods; {good:7}
IIS Constraint: 14; goods; {good:14}
IIS Constraint: 15; query; {bid:18,query:2}
IIS Constraint: 16; max; {f:15.90957,objective:max}
