IIS generation
Iter 1: 
Min Hitting Set: []
Min Correction Subset: [26]
Iter 2: 
Min Hitting Set: [26]
Min Correction Subset: [25]
Iter 3: 
Min Hitting Set: [25, 26]
Min Correction Subset: [1]
Iter 4: 
Min Hitting Set: [1, 25, 26]
Min Correction Subset: [5, 11]
Iter 5: 
Min Hitting Set: [1, 5, 25, 26]
Min Correction Subset: [0, 9]
Iter 6: 
Min Hitting Set: [0, 1, 5, 25, 26]
Min Correction Subset: [9, 11]
Iter 7: 
Min Hitting Set: [1, 9, 11, 25, 26]
Min Correction Subset: [0, 3, 5]
Optimal IIS
Instance: matching-12-20-110000
----------------------------
Query: 2
Query element:9
Query scope: 9
----------------------------
IIS optimality: suboptimal
IIS solution time: 62.716
IIS Constraint: 1; goods; {good:1}
IIS Constraint: 5; goods; {good:5}
IIS Constraint: 9; goods; {good:9}
IIS Constraint: 25; query; {bid:9,query:2}
IIS Constraint: 26; max; {f:34.66931,objective:max}
