Instance: regions-20-50-620000
----------------------------
Query: 10
Query element:4
Query element:8
Query scope: 0
Query scope: 1
Query scope: 2
Query scope: 3
Query scope: 4
Query scope: 5
Query scope: 6
Query scope: 8
Query scope: 10
Query scope: 12
Query scope: 13
Query scope: 14
Query scope: 15
Query scope: 16
Query scope: 17
Query scope: 22
Query scope: 27
Query scope: 39
Query scope: 40
Query scope: 41
Query scope: 42
Query scope: 46
Query scope: 48
Query scope: 49
Query scope: 50
Query scope: 51
