Instance: arbitrary-256-1000-810000
----------------------------
Query: 9
Query element:245
Query element:110
Query scope: 34
Query scope: 85
Query scope: 106
Query scope: 110
Query scope: 111
Query scope: 122
Query scope: 125
Query scope: 126
Query scope: 139
Query scope: 148
Query scope: 165
Query scope: 181
Query scope: 184
Query scope: 204
Query scope: 222
Query scope: 287
Query scope: 289
Query scope: 297
Query scope: 302
Query scope: 304
Query scope: 306
Query scope: 321
Query scope: 342
Query scope: 398
Query scope: 421
Query scope: 441
Query scope: 469
Query scope: 496
Query scope: 617
Query scope: 627
Query scope: 635
Query scope: 663
Query scope: 667
Query scope: 674
Query scope: 686
Query scope: 731
Query scope: 758
Query scope: 772
Query scope: 774
Query scope: 776
Query scope: 801
Query scope: 823
Query scope: 826
Query scope: 833
Query scope: 842
Query scope: 852
Query scope: 861
Query scope: 866
Query scope: 885
Query scope: 892
Query scope: 903
Query scope: 961
Query scope: 995
Query scope: 31
Query scope: 58
Query scope: 83
Query scope: 102
Query scope: 105
Query scope: 114
Query scope: 161
Query scope: 259
Query scope: 262
Query scope: 263
Query scope: 307
Query scope: 436
Query scope: 448
Query scope: 466
Query scope: 483
Query scope: 484
Query scope: 494
Query scope: 527
Query scope: 546
Query scope: 571
Query scope: 591
Query scope: 595
Query scope: 598
Query scope: 641
Query scope: 645
Query scope: 652
Query scope: 654
Query scope: 704
Query scope: 714
Query scope: 726
Query scope: 786
Query scope: 807
Query scope: 829
Query scope: 910
Query scope: 994
Query scope: 996
