Instance: arbitrary-256-1000-350000
----------------------------
Query: 8
Query element:46
Query scope: 8
Query scope: 21
Query scope: 22
Query scope: 39
Query scope: 46
Query scope: 114
Query scope: 171
Query scope: 183
Query scope: 277
Query scope: 278
Query scope: 300
Query scope: 315
Query scope: 326
Query scope: 381
Query scope: 383
Query scope: 385
Query scope: 405
Query scope: 430
Query scope: 497
Query scope: 512
Query scope: 516
Query scope: 523
Query scope: 546
Query scope: 568
Query scope: 570
Query scope: 599
Query scope: 632
Query scope: 694
Query scope: 699
Query scope: 775
Query scope: 793
Query scope: 795
Query scope: 800
Query scope: 802
Query scope: 803
Query scope: 859
Query scope: 904
Query scope: 926
Query scope: 938
Query scope: 959
Query scope: 974
Query scope: 991
