Instance: scheduling-256-1000-60000
----------------------------
Query: 9
Query element:5
Query element:144
Query scope: 0
Query scope: 1
Query scope: 2
Query scope: 3
Query scope: 4
Query scope: 5
Query scope: 238
Query scope: 491
Query scope: 492
Query scope: 493
Query scope: 494
Query scope: 525
Query scope: 526
Query scope: 527
Query scope: 776
Query scope: 777
Query scope: 778
Query scope: 779
Query scope: 780
Query scope: 781
Query scope: 139
Query scope: 140
Query scope: 141
Query scope: 142
Query scope: 143
Query scope: 144
Query scope: 377
Query scope: 664
Query scope: 665
Query scope: 666
Query scope: 912
Query scope: 913
Query scope: 914
Query scope: 915
Query scope: 916
Query scope: 917
Query scope: 918
Query scope: 919
Query scope: 920
