IIS generation
Iter 1: 
Min Hitting Set: []
Min Correction Subset: [99]
Iter 2: 
Min Hitting Set: [99]
Min Correction Subset: [84]
Iter 3: 
Min Hitting Set: [84, 99]
Min Correction Subset: [96]
Iter 4: 
Min Hitting Set: [84, 96, 99]
Min Correction Subset: [94]
Iter 5: 
Min Hitting Set: [84, 94, 96, 99]
Min Correction Subset: [78]
Iter 6: 
Min Hitting Set: [78, 84, 94, 96, 99]
Min Correction Subset: [76]
Iter 7: 
Min Hitting Set: [76, 78, 84, 94, 96, 99]
Min Correction Subset: [32]
Iter 8: 
Min Hitting Set: [32, 76, 78, 84, 94, 96, 99]
Min Correction Subset: [91]
Iter 9: 
Min Hitting Set: [32, 76, 78, 84, 91, 94, 96, 99]
Min Correction Subset: [98]
Iter 10: 
Min Hitting Set: [32, 76, 78, 84, 91, 94, 96, 98, 99]
Min Correction Subset: [77]
Iter 11: 
Min Hitting Set: [32, 76, 77, 78, 84, 91, 94, 96, 98, 99]
Min Correction Subset: [83]
Iter 12: 
Min Hitting Set: [32, 76, 77, 78, 83, 84, 91, 94, 96, 98, 99]
Min Correction Subset: [95]
Iter 13: 
Min Hitting Set: [32, 76, 77, 78, 83, 84, 91, 94, 95, 96, 98, 99]
Min Correction Subset: [81]
Iter 14: 
Min Hitting Set: [32, 76, 77, 78, 81, 83, 84, 91, 94, 95, 96, 98, 99]
Min Correction Subset: [88]
Iter 15: 
Min Hitting Set: [32, 76, 77, 78, 81, 83, 84, 88, 91, 94, 95, 96, 98, 99]
Min Correction Subset: [82]
Iter 16: 
Min Hitting Set: [32, 76, 77, 78, 81, 82, 83, 84, 88, 91, 94, 95, 96, 98, 99]
Min Correction Subset: [80]
Iter 17: 
Min Hitting Set: [32, 76, 77, 78, 80, 81, 82, 83, 84, 88, 91, 94, 95, 96, 98, 99]
Min Correction Subset: [86]
Iter 18: 
Min Hitting Set: [32, 76, 77, 78, 80, 81, 82, 83, 84, 86, 88, 91, 94, 95, 96, 98, 99]
Min Correction Subset: [97]
Iter 19: 
Min Hitting Set: [32, 76, 77, 78, 80, 81, 82, 83, 84, 86, 88, 91, 94, 95, 96, 97, 98, 99]
Min Correction Subset: [90]
Iter 20: 
Min Hitting Set: [32, 76, 77, 78, 80, 81, 82, 83, 84, 86, 88, 90, 91, 94, 95, 96, 97, 98, 99]
Min Correction Subset: [85]
Iter 21: 
Min Hitting Set: [32, 76, 77, 78, 80, 81, 82, 83, 84, 85, 86, 88, 90, 91, 94, 95, 96, 97, 98, 99]
Min Correction Subset: [87]
Iter 22: 
Min Hitting Set: [32, 76, 77, 78, 80, 81, 82, 83, 84, 85, 86, 87, 88, 90, 91, 94, 95, 96, 97, 98, 99]
Min Correction Subset: [89]
Iter 23: 
Min Hitting Set: [32, 76, 77, 78, 80, 81, 82, 83, 84, 85, 86, 87, 88, 89, 90, 91, 94, 95, 96, 97, 98, 99]
Min Correction Subset: [93]
Iter 24: 
Min Hitting Set: [32, 76, 77, 78, 80, 81, 82, 83, 84, 85, 86, 87, 88, 89, 90, 91, 93, 94, 95, 96, 97, 98, 99]
Min Correction Subset: [3]
Iter 25: 
Min Hitting Set: [3, 32, 76, 77, 78, 80, 81, 82, 83, 84, 85, 86, 87, 88, 89, 90, 91, 93, 94, 95, 96, 97, 98, 99]
Min Correction Subset: [25]
Iter 26: 
Min Hitting Set: [3, 25, 32, 76, 77, 78, 80, 81, 82, 83, 84, 85, 86, 87, 88, 89, 90, 91, 93, 94, 95, 96, 97, 98, 99]
Min Correction Subset: [92]
Iter 27: 
Min Hitting Set: [3, 25, 32, 76, 77, 78, 80, 81, 82, 83, 84, 85, 86, 87, 88, 89, 90, 91, 92, 93, 94, 95, 96, 97, 98, 99]
Min Correction Subset: [79]
Iter 28: 
Min Hitting Set: [3, 25, 32, 76, 77, 78, 79, 80, 81, 82, 83, 84, 85, 86, 87, 88, 89, 90, 91, 92, 93, 94, 95, 96, 97, 98, 99]
Min Correction Subset: [18]
Iter 29: 
Min Hitting Set: [3, 18, 25, 32, 76, 77, 78, 79, 80, 81, 82, 83, 84, 85, 86, 87, 88, 89, 90, 91, 92, 93, 94, 95, 96, 97, 98, 99]
Min Correction Subset: [41]
Iter 30: 
Min Hitting Set: [3, 18, 25, 32, 41, 76, 77, 78, 79, 80, 81, 82, 83, 84, 85, 86, 87, 88, 89, 90, 91, 92, 93, 94, 95, 96, 97, 98, 99]
Min Correction Subset: [21]
Iter 31: 
Min Hitting Set: [3, 18, 21, 25, 32, 41, 76, 77, 78, 79, 80, 81, 82, 83, 84, 85, 86, 87, 88, 89, 90, 91, 92, 93, 94, 95, 96, 97, 98, 99]
Min Correction Subset: [8]
Iter 32: 
Min Hitting Set: [3, 8, 18, 21, 25, 32, 41, 76, 77, 78, 79, 80, 81, 82, 83, 84, 85, 86, 87, 88, 89, 90, 91, 92, 93, 94, 95, 96, 97, 98, 99]
Min Correction Subset: [4]
Iter 33: 
Min Hitting Set: [3, 4, 8, 18, 21, 25, 32, 41, 76, 77, 78, 79, 80, 81, 82, 83, 84, 85, 86, 87, 88, 89, 90, 91, 92, 93, 94, 95, 96, 97, 98, 99]
Min Correction Subset: [49]
Iter 34: 
Min Hitting Set: [3, 4, 8, 18, 21, 25, 32, 41, 49, 76, 77, 78, 79, 80, 81, 82, 83, 84, 85, 86, 87, 88, 89, 90, 91, 92, 93, 94, 95, 96, 97, 98, 99]
Min Correction Subset: [43]
Iter 35: 
Min Hitting Set: [3, 4, 8, 18, 21, 25, 32, 41, 43, 49, 76, 77, 78, 79, 80, 81, 82, 83, 84, 85, 86, 87, 88, 89, 90, 91, 92, 93, 94, 95, 96, 97, 98, 99]
Min Correction Subset: [35, 45]
