IIS generation
Iter 1: 
Min Hitting Set: []
Min Correction Subset: [114]
Iter 2: 
Min Hitting Set: [114]
Min Correction Subset: [45]
Iter 3: 
Min Hitting Set: [45, 114]
Min Correction Subset: [56]
Iter 4: 
Min Hitting Set: [45, 56, 114]
Min Correction Subset: [65]
Iter 5: 
Min Hitting Set: [45, 56, 65, 114]
Min Correction Subset: [29]
Iter 6: 
Min Hitting Set: [29, 45, 56, 65, 114]
Min Correction Subset: [39]
Iter 7: 
Min Hitting Set: [29, 39, 45, 56, 65, 114]
Min Correction Subset: [58]
Iter 8: 
Min Hitting Set: [29, 39, 45, 56, 58, 65, 114]
Min Correction Subset: [71]
Iter 9: 
Min Hitting Set: [29, 39, 45, 56, 58, 65, 71, 114]
Min Correction Subset: [23]
Iter 10: 
Min Hitting Set: [23, 29, 39, 45, 56, 58, 65, 71, 114]
Min Correction Subset: [54]
Iter 11: 
Min Hitting Set: [23, 29, 39, 45, 54, 56, 58, 65, 71, 114]
Min Correction Subset: [46]
Iter 12: 
Min Hitting Set: [23, 29, 39, 45, 46, 54, 56, 58, 65, 71, 114]
Min Correction Subset: [66]
Iter 13: 
Min Hitting Set: [23, 29, 39, 45, 46, 54, 56, 58, 65, 66, 71, 114]
Min Correction Subset: [19]
Iter 14: 
Min Hitting Set: [19, 23, 29, 39, 45, 46, 54, 56, 58, 65, 66, 71, 114]
Min Correction Subset: [75]
Iter 15: 
Min Hitting Set: [19, 23, 29, 39, 45, 46, 54, 56, 58, 65, 66, 71, 75, 114]
Min Correction Subset: [73]
Iter 16: 
Min Hitting Set: [19, 23, 29, 39, 45, 46, 54, 56, 58, 65, 66, 71, 73, 75, 114]
Min Correction Subset: [21]
Instance: arbitrary-76-200-580000
----------------------------
Query: 10
Query element:7
Query element:96
Query scope: 108
----------------------------
IIS optimality: suboptimal
IIS solution time: 36095.728
IIS Constraint: 19; goods; {good:19}
IIS Constraint: 23; goods; {good:23}
IIS Constraint: 29; goods; {good:29}
IIS Constraint: 39; goods; {good:39}
IIS Constraint: 45; goods; {good:45}
IIS Constraint: 46; goods; {good:46}
IIS Constraint: 54; goods; {good:54}
IIS Constraint: 56; goods; {good:56}
IIS Constraint: 58; goods; {good:58}
IIS Constraint: 65; goods; {good:65}
IIS Constraint: 66; goods; {good:66}
IIS Constraint: 71; goods; {good:71}
IIS Constraint: 73; goods; {good:73}
IIS Constraint: 75; goods; {good:75}
IIS Constraint: 114; max; {f:3748.4783,objective:max}
