IIS generation
Iter 1: 
Min Hitting Set: []
Min Correction Subset: [100]
Iter 2: 
Min Hitting Set: [100]
Min Correction Subset: [92]
Iter 3: 
Min Hitting Set: [92, 100]
Min Correction Subset: [82]
Iter 4: 
Min Hitting Set: [82, 92, 100]
Min Correction Subset: [93]
Iter 5: 
Min Hitting Set: [82, 92, 93, 100]
Min Correction Subset: [87]
Iter 6: 
Min Hitting Set: [82, 87, 92, 93, 100]
Min Correction Subset: [81]
Iter 7: 
Min Hitting Set: [81, 82, 87, 92, 93, 100]
Min Correction Subset: [95]
Iter 8: 
Min Hitting Set: [81, 82, 87, 92, 93, 95, 100]
Min Correction Subset: [85]
Iter 9: 
Min Hitting Set: [81, 82, 85, 87, 92, 93, 95, 100]
Min Correction Subset: [97]
Iter 10: 
Min Hitting Set: [81, 82, 85, 87, 92, 93, 95, 97, 100]
Min Correction Subset: [96]
Iter 11: 
Min Hitting Set: [81, 82, 85, 87, 92, 93, 95, 96, 97, 100]
Min Correction Subset: [76]
Iter 12: 
Min Hitting Set: [76, 81, 82, 85, 87, 92, 93, 95, 96, 97, 100]
Min Correction Subset: [79]
Iter 13: 
Min Hitting Set: [76, 79, 81, 82, 85, 87, 92, 93, 95, 96, 97, 100]
Min Correction Subset: [94]
Iter 14: 
Min Hitting Set: [76, 79, 81, 82, 85, 87, 92, 93, 94, 95, 96, 97, 100]
Min Correction Subset: [90]
Iter 15: 
Min Hitting Set: [76, 79, 81, 82, 85, 87, 90, 92, 93, 94, 95, 96, 97, 100]
Min Correction Subset: [4]
Iter 16: 
Min Hitting Set: [4, 76, 79, 81, 82, 85, 87, 90, 92, 93, 94, 95, 96, 97, 100]
Min Correction Subset: [8, 80]
Iter 17: 
Min Hitting Set: [4, 8, 76, 79, 81, 82, 85, 87, 90, 92, 93, 94, 95, 96, 97, 100]
Min Correction Subset: [84, 89]
Iter 18: 
Min Hitting Set: [4, 8, 76, 79, 81, 82, 84, 85, 87, 90, 92, 93, 94, 95, 96, 97, 100]
Min Correction Subset: [89, 98]
Iter 19: 
Min Hitting Set: [4, 8, 76, 79, 81, 82, 85, 87, 89, 90, 92, 93, 94, 95, 96, 97, 100]
Min Correction Subset: [0, 84]
Iter 20: 
Min Hitting Set: [4, 8, 76, 79, 81, 82, 84, 85, 87, 89, 90, 92, 93, 94, 95, 96, 97, 100]
Min Correction Subset: [86, 98]
Iter 21: 
Min Hitting Set: [4, 8, 76, 79, 81, 82, 84, 85, 87, 90, 92, 93, 94, 95, 96, 97, 98, 100]
Min Correction Subset: [0, 89]
Iter 22: 
Min Hitting Set: [0, 4, 8, 76, 79, 81, 82, 84, 85, 87, 90, 92, 93, 94, 95, 96, 97, 98, 100]
Min Correction Subset: [17, 78]
Iter 23: 
Min Hitting Set: [0, 4, 8, 17, 76, 79, 81, 82, 84, 85, 87, 90, 92, 93, 94, 95, 96, 97, 98, 100]
Min Correction Subset: [5, 89]
Iter 24: 
Min Hitting Set: [0, 4, 8, 17, 76, 79, 81, 82, 85, 87, 89, 90, 92, 93, 94, 95, 96, 97, 98, 100]
Min Correction Subset: [47, 84]
Iter 25: 
Min Hitting Set: [4, 8, 17, 76, 79, 81, 82, 84, 85, 87, 89, 90, 92, 93, 94, 95, 96, 97, 98, 100]
Min Correction Subset: [0, 78]
Iter 26: 
Min Hitting Set: [4, 8, 76, 78, 79, 81, 82, 84, 85, 87, 89, 90, 92, 93, 94, 95, 96, 97, 98, 100]
Min Correction Subset: [0, 83]
Iter 27: 
Min Hitting Set: [0, 4, 8, 76, 78, 79, 81, 82, 84, 85, 87, 89, 90, 92, 93, 94, 95, 96, 97, 98, 100]
Min Correction Subset: [17, 83]
Iter 28: 
Min Hitting Set: [0, 4, 8, 17, 76, 79, 81, 82, 84, 85, 87, 89, 90, 92, 93, 94, 95, 96, 97, 98, 100]
Min Correction Subset: [13, 83]
Iter 29: 
Min Hitting Set: [4, 8, 76, 78, 79, 81, 82, 83, 84, 85, 87, 89, 90, 92, 93, 94, 95, 96, 97, 98, 100]
Min Correction Subset: [16, 86]
Iter 30: 
Min Hitting Set: [4, 8, 76, 78, 79, 81, 82, 83, 84, 85, 86, 87, 89, 90, 92, 93, 94, 95, 96, 97, 100]
Min Correction Subset: [80, 98]
Iter 31: 
Min Hitting Set: [4, 76, 78, 79, 80, 81, 82, 83, 84, 85, 86, 87, 89, 90, 92, 93, 94, 95, 96, 97, 100]
Min Correction Subset: [8, 77]
Iter 32: 
Min Hitting Set: [4, 8, 76, 78, 79, 80, 81, 82, 83, 84, 85, 86, 87, 89, 90, 92, 93, 94, 95, 96, 97, 100]
Min Correction Subset: [0, 49]
Iter 33: 
Min Hitting Set: [0, 4, 8, 17, 76, 79, 80, 81, 82, 83, 84, 85, 86, 87, 89, 90, 92, 93, 94, 95, 96, 97, 100]
Min Correction Subset: [21, 78]
Iter 34: 
Min Hitting Set: [0, 4, 8, 76, 78, 79, 80, 81, 82, 83, 84, 85, 86, 87, 89, 90, 92, 93, 94, 95, 96, 97, 100]
Min Correction Subset: [40, 88]
Iter 35: 
Min Hitting Set: [0, 4, 8, 40, 76, 78, 79, 80, 81, 82, 83, 84, 85, 86, 87, 89, 90, 92, 93, 94, 95, 96, 97, 100]
Min Correction Subset: [88, 98]
Iter 36: 
Min Hitting Set: [0, 4, 8, 76, 78, 79, 80, 81, 82, 83, 84, 85, 86, 87, 88, 89, 90, 92, 93, 94, 95, 96, 97, 100]
Min Correction Subset: [3, 40]
Iter 37: 
Min Hitting Set: [0, 4, 8, 40, 76, 78, 79, 81, 82, 83, 84, 85, 86, 87, 89, 90, 92, 93, 94, 95, 96, 97, 98, 100]
Min Correction Subset: [19, 88]
Iter 38: 
Min Hitting Set: [0, 4, 8, 40, 76, 78, 79, 80, 81, 82, 83, 84, 85, 86, 87, 88, 89, 90, 92, 93, 94, 95, 96, 97, 100]
Min Correction Subset: [49, 98]
Iter 39: 
Min Hitting Set: [4, 8, 40, 49, 76, 78, 79, 81, 82, 83, 84, 85, 86, 87, 88, 89, 90, 92, 93, 94, 95, 96, 97, 98, 100]
Min Correction Subset: [0, 77]
Iter 40: 
Min Hitting Set: [4, 40, 49, 76, 77, 78, 79, 80, 81, 82, 83, 84, 85, 86, 87, 88, 89, 90, 92, 93, 94, 95, 96, 97, 100]
Min Correction Subset: [8, 91]
Iter 41: 
Min Hitting Set: [0, 4, 8, 40, 76, 78, 79, 81, 82, 83, 84, 85, 86, 87, 88, 89, 90, 92, 93, 94, 95, 96, 97, 98, 100]
Min Correction Subset: [20, 63, 80]
Iter 42: 
Min Hitting Set: [0, 4, 8, 40, 49, 76, 78, 79, 80, 81, 82, 83, 84, 85, 86, 87, 88, 89, 90, 92, 93, 94, 95, 96, 97, 100]
Min Correction Subset: [17, 98]
Iter 43: 
Min Hitting Set: [0, 4, 8, 40, 76, 78, 79, 80, 81, 82, 83, 84, 85, 86, 87, 88, 89, 90, 92, 93, 94, 95, 96, 97, 98, 100]
Min Correction Subset: [17, 31, 49]
Iter 44: 
Min Hitting Set: [0, 4, 8, 17, 40, 49, 76, 78, 79, 80, 81, 82, 83, 84, 85, 86, 87, 88, 89, 90, 92, 93, 94, 95, 96, 97, 100]
Min Correction Subset: [19, 98]
Iter 45: 
Min Hitting Set: [0, 4, 8, 17, 19, 40, 76, 78, 79, 80, 81, 82, 83, 84, 85, 86, 87, 89, 90, 92, 93, 94, 95, 96, 97, 98, 100]
Min Correction Subset: [31, 49, 88]
Iter 46: 
Min Hitting Set: [0, 4, 8, 40, 49, 76, 78, 79, 80, 81, 82, 83, 84, 85, 86, 87, 88, 89, 90, 92, 93, 94, 95, 96, 97, 98, 100]
Min Correction Subset: [17, 19, 31]
Iter 47: 
Min Hitting Set: [0, 4, 8, 19, 40, 49, 76, 78, 79, 80, 81, 82, 83, 84, 85, 86, 87, 89, 90, 92, 93, 94, 95, 96, 97, 98, 100]
Min Correction Subset: [16, 59, 88]
Iter 48: 
Min Hitting Set: [0, 4, 8, 17, 40, 76, 78, 79, 80, 81, 82, 83, 84, 85, 86, 87, 88, 89, 90, 92, 93, 94, 95, 96, 97, 98, 100]
Min Correction Subset: [16, 19, 49, 59]
Iter 49: 
Min Hitting Set: [0, 4, 8, 16, 17, 40, 76, 78, 79, 80, 81, 82, 83, 84, 85, 87, 88, 89, 90, 92, 93, 94, 95, 96, 97, 98, 100]
Min Correction Subset: [20, 63, 86]
Iter 50: 
Min Hitting Set: [0, 4, 8, 16, 17, 20, 40, 76, 78, 79, 81, 82, 83, 84, 85, 87, 88, 89, 90, 92, 93, 94, 95, 96, 97, 98, 100]
Min Correction Subset: [19, 49, 86]
Iter 51: 
Min Hitting Set: [0, 4, 8, 16, 19, 20, 40, 49, 76, 78, 79, 81, 82, 83, 84, 85, 87, 89, 90, 92, 93, 94, 95, 96, 97, 98, 100]
Min Correction Subset: [63, 86, 88]
Iter 52: 
Min Hitting Set: [0, 4, 8, 16, 19, 40, 49, 63, 76, 78, 79, 81, 82, 83, 84, 85, 87, 89, 90, 92, 93, 94, 95, 96, 97, 98, 100]
Min Correction Subset: [17, 31, 88]
Iter 53: 
Min Hitting Set: [0, 4, 8, 16, 19, 31, 40, 63, 76, 78, 79, 81, 82, 83, 84, 85, 87, 89, 90, 92, 93, 94, 95, 96, 97, 98, 100]
Min Correction Subset: [49, 86, 88]
Iter 54: 
Min Hitting Set: [0, 4, 8, 19, 31, 40, 63, 76, 78, 79, 81, 82, 83, 84, 85, 86, 87, 88, 89, 90, 92, 93, 94, 95, 96, 97, 98, 100]
Min Correction Subset: [16, 59, 80]
Iter 55: 
Min Hitting Set: [0, 4, 8, 19, 31, 40, 76, 78, 79, 80, 81, 82, 83, 84, 85, 86, 87, 88, 89, 90, 92, 93, 94, 95, 96, 97, 98, 100]
Min Correction Subset: [16, 45, 59, 91]
Iter 56: 
Min Hitting Set: [4, 19, 40, 49, 76, 77, 78, 79, 80, 81, 82, 83, 84, 85, 86, 87, 88, 89, 90, 91, 92, 93, 94, 95, 96, 97, 98, 100]
Min Correction Subset: [0, 42]
Iter 57: 
Min Hitting Set: [0, 4, 8, 16, 19, 40, 49, 63, 76, 78, 79, 81, 82, 83, 84, 85, 87, 88, 89, 90, 92, 93, 94, 95, 96, 97, 98, 100]
Min Correction Subset: [17, 59, 86]
Iter 58: 
Min Hitting Set: [0, 4, 8, 16, 17, 40, 49, 63, 76, 78, 79, 81, 82, 83, 84, 85, 87, 88, 89, 90, 92, 93, 94, 95, 96, 97, 98, 100]
Min Correction Subset: [19, 59, 86]
