IIS generation
Iter 1: 
Min Hitting Set: []
Min Correction Subset: [140]
Iter 2: 
Min Hitting Set: [140]
Min Correction Subset: [37, 51]
Iter 3: 
Min Hitting Set: [37, 140]
Min Correction Subset: [6, 81]
Iter 4: 
Min Hitting Set: [6, 37, 140]
Min Correction Subset: [16, 139]
Iter 5: 
Min Hitting Set: [6, 16, 37, 140]
Min Correction Subset: [1, 139]
Iter 6: 
Min Hitting Set: [6, 37, 139, 140]
Min Correction Subset: [34, 81]
Iter 7: 
Min Hitting Set: [37, 81, 139, 140]
Min Correction Subset: [6, 87]
Iter 8: 
Min Hitting Set: [6, 37, 81, 139, 140]
Min Correction Subset: [1, 16, 34]
Iter 9: 
Min Hitting Set: [6, 34, 37, 139, 140]
Min Correction Subset: [1, 81]
Iter 10: 
Min Hitting Set: [6, 34, 37, 81, 139, 140]
Min Correction Subset: [1, 17, 68]
Iter 11: 
Min Hitting Set: [1, 6, 16, 37, 81, 140]
Min Correction Subset: [10, 139]
Iter 12: 
Min Hitting Set: [1, 6, 37, 81, 139, 140]
Min Correction Subset: [16, 34, 87]
Iter 13: 
Min Hitting Set: [1, 6, 34, 37, 139, 140]
Min Correction Subset: [12, 16, 81]
Iter 14: 
Min Hitting Set: [1, 37, 81, 87, 139, 140]
Min Correction Subset: [6, 51]
Iter 15: 
Min Hitting Set: [1, 51, 81, 87, 139, 140]
Min Correction Subset: [6, 34, 68]
Iter 16: 
Min Hitting Set: [16, 51, 68, 81, 87, 139, 140]
Min Correction Subset: [6, 32, 69]
Iter 17: 
Min Hitting Set: [1, 6, 16, 34, 51, 139, 140]
Min Correction Subset: [12, 37, 81]
Iter 18: 
Min Hitting Set: [1, 6, 16, 34, 37, 139, 140]
Min Correction Subset: [17, 51, 81]
Iter 19: 
Min Hitting Set: [1, 6, 16, 37, 81, 139, 140]
Min Correction Subset: [34, 51, 87]
Iter 20: 
Min Hitting Set: [6, 17, 34, 37, 81, 139, 140]
Min Correction Subset: [0, 1, 16]
Iter 21: 
Min Hitting Set: [1, 6, 34, 37, 81, 139, 140]
Min Correction Subset: [17, 68, 87]
Iter 22: 
Min Hitting Set: [6, 16, 17, 51, 81, 139, 140]
Min Correction Subset: [1, 34, 37]
Iter 23: 
Min Hitting Set: [1, 6, 51, 81, 87, 139, 140]
Min Correction Subset: [16, 34, 37]
Iter 24: 
Min Hitting Set: [1, 6, 37, 81, 87, 139, 140]
Min Correction Subset: [16, 34, 68]
Iter 25: 
Min Hitting Set: [6, 16, 37, 68, 81, 87, 139, 140]
Min Correction Subset: [9, 34, 75]
Iter 26: 
Min Hitting Set: [1, 6, 16, 17, 34, 37, 139, 140]
Min Correction Subset: [12, 68, 81]
Iter 27: 
Min Hitting Set: [1, 6, 17, 34, 37, 81, 139, 140]
Min Correction Subset: [51, 68, 116]
Iter 28: 
Min Hitting Set: [1, 6, 34, 51, 68, 81, 139, 140]
Min Correction Subset: [10, 16, 37, 87]
Iter 29: 
Min Hitting Set: [6, 16, 34, 51, 68, 81, 139, 140]
Min Correction Subset: [1, 17, 37]
Iter 30: 
Min Hitting Set: [1, 6, 34, 51, 81, 87, 139, 140]
Min Correction Subset: [7, 8, 45, 68]
Iter 31: 
Min Hitting Set: [6, 16, 34, 37, 68, 81, 139, 140]
Min Correction Subset: [1, 17, 87]
Iter 32: 
Min Hitting Set: [1, 6, 34, 37, 68, 81, 139, 140]
Min Correction Subset: [12, 16, 32, 69]
Iter 33: 
Min Hitting Set: [1, 6, 12, 17, 34, 37, 68, 139, 140]
Min Correction Subset: [0, 42, 81]
Iter 34: 
Min Hitting Set: [1, 6, 16, 34, 37, 68, 81, 139, 140]
Min Correction Subset: [12, 46, 51, 87]
Iter 35: 
Min Hitting Set: [1, 6, 12, 34, 37, 68, 81, 139, 140]
Min Correction Subset: [3, 32, 45, 69]
Iter 36: 
Min Hitting Set: [1, 32, 34, 51, 68, 81, 87, 139, 140]
Min Correction Subset: [6, 12, 46]
Iter 37: 
Min Hitting Set: [6, 16, 17, 34, 45, 51, 81, 139, 140]
Min Correction Subset: [1, 37, 87]
Iter 38: 
Min Hitting Set: [1, 12, 32, 34, 51, 68, 81, 87, 139, 140]
Min Correction Subset: [6, 7, 46]
Iter 39: 
Min Hitting Set: [1, 6, 32, 34, 51, 68, 81, 87, 139, 140]
Min Correction Subset: [12, 13, 16, 37]
Iter 40: 
Min Hitting Set: [6, 16, 34, 37, 45, 68, 81, 87, 139, 140]
Min Correction Subset: [1, 17, 51]
Iter 41: 
Min Hitting Set: [1, 7, 12, 32, 34, 51, 81, 87, 139, 140]
Min Correction Subset: [6, 10, 74]
Iter 42: 
Min Hitting Set: [1, 6, 16, 34, 45, 51, 68, 81, 139, 140]
Min Correction Subset: [9, 12, 13, 75]
Iter 43: 
Min Hitting Set: [1, 6, 12, 34, 45, 51, 81, 87, 139, 140]
Min Correction Subset: [16, 32, 37, 69]
Iter 44: 
Min Hitting Set: [1, 6, 9, 16, 17, 45, 51, 81, 139, 140]
Min Correction Subset: [34, 37, 87]
Iter 45: 
Min Hitting Set: [1, 6, 9, 16, 45, 51, 81, 87, 139, 140]
Min Correction Subset: [34, 37, 68]
Iter 46: 
Min Hitting Set: [1, 6, 9, 32, 37, 68, 81, 87, 139, 140]
Min Correction Subset: [16, 34, 51]
Iter 47: 
Min Hitting Set: [6, 9, 16, 17, 37, 45, 51, 81, 139, 140]
Min Correction Subset: [1, 34, 87]
Iter 48: 
Min Hitting Set: [1, 6, 12, 34, 37, 45, 68, 81, 139, 140]
Min Correction Subset: [8, 11, 32, 69]
Iter 49: 
Min Hitting Set: [1, 6, 12, 32, 34, 37, 68, 81, 139, 140]
Min Correction Subset: [4, 11, 74, 87]
Iter 50: 
Min Hitting Set: [1, 6, 9, 32, 37, 51, 68, 81, 87, 139, 140]
Min Correction Subset: [18, 19, 34]
Iter 51: 
Min Hitting Set: [1, 6, 12, 32, 34, 51, 68, 81, 87, 139, 140]
Min Correction Subset: [17, 18, 19, 37]
Iter 52: 
Min Hitting Set: [1, 6, 12, 32, 34, 37, 68, 81, 87, 139, 140]
Min Correction Subset: [17, 18, 35, 51]
Iter 53: 
Min Hitting Set: [1, 6, 12, 32, 34, 37, 51, 68, 81, 87, 139, 140]
Min Correction Subset: [17, 18, 19, 74]
Iter 54: 
Min Hitting Set: [1, 7, 12, 32, 34, 37, 51, 74, 81, 87, 139, 140]
Min Correction Subset: [6, 46, 77]
Iter 55: 
Min Hitting Set: [1, 6, 12, 32, 34, 37, 51, 68, 74, 81, 139, 140]
Min Correction Subset: [0, 16, 42, 82]
Iter 56: 
Min Hitting Set: [6, 16, 18, 32, 37, 51, 68, 75, 81, 87, 139, 140]
Min Correction Subset: [1, 17, 34]
Iter 57: 
Min Hitting Set: [6, 11, 16, 17, 34, 45, 51, 75, 81, 87, 139, 140]
Min Correction Subset: [1, 12, 37, 68]
Iter 58: 
Min Hitting Set: [1, 6, 10, 11, 16, 17, 34, 45, 51, 75, 81, 140]
Min Correction Subset: [68, 139]
Iter 59: 
Min Hitting Set: [0, 1, 6, 8, 12, 17, 32, 34, 51, 87, 139, 140]
Min Correction Subset: [10, 37, 81]
Iter 60: 
Min Hitting Set: [1, 6, 16, 18, 32, 51, 68, 75, 81, 87, 139, 140]
Min Correction Subset: [34, 37, 74]
Iter 61: 
Min Hitting Set: [0, 1, 6, 12, 17, 32, 34, 37, 68, 74, 139, 140]
Min Correction Subset: [10, 51, 81]
Iter 62: 
Min Hitting Set: [6, 11, 16, 17, 34, 37, 45, 51, 75, 81, 139, 140]
Min Correction Subset: [1, 7, 8, 68]
Iter 63: 
Min Hitting Set: [0, 1, 6, 12, 32, 34, 37, 51, 68, 74, 139, 140]
Min Correction Subset: [11, 81, 87]
Iter 64: 
Min Hitting Set: [0, 1, 6, 11, 12, 17, 34, 37, 45, 51, 139, 140]
Min Correction Subset: [10, 81, 87]
Iter 65: 
Min Hitting Set: [1, 6, 9, 11, 16, 17, 34, 45, 51, 81, 139, 140]
Min Correction Subset: [12, 13, 37, 68]
Iter 66: 
Min Hitting Set: [0, 6, 8, 12, 17, 32, 34, 51, 81, 87, 139, 140]
Min Correction Subset: [18, 19, 37, 105]
Iter 67: 
Min Hitting Set: [1, 6, 16, 18, 32, 37, 68, 75, 81, 87, 139, 140]
Min Correction Subset: [34, 51, 116]
Iter 68: 
Min Hitting Set: [6, 16, 17, 32, 34, 37, 68, 75, 81, 87, 139, 140]
Min Correction Subset: [0, 1, 12, 51]
Iter 69: 
Min Hitting Set: [0, 6, 12, 17, 32, 34, 37, 68, 81, 87, 139, 140]
Min Correction Subset: [1, 18, 19, 105]
Iter 70: 
Min Hitting Set: [6, 12, 16, 18, 32, 34, 37, 51, 68, 81, 87, 139, 140]
Min Correction Subset: [0, 1, 17]
Iter 71: 
Min Hitting Set: [6, 12, 16, 17, 18, 32, 34, 51, 68, 81, 87, 139, 140]
Min Correction Subset: [4, 11, 37, 74]
Iter 72: 
Min Hitting Set: [0, 1, 6, 8, 12, 32, 34, 37, 51, 74, 87, 139, 140]
Min Correction Subset: [10, 17, 81]
Iter 73: 
Min Hitting Set: [0, 1, 6, 10, 11, 12, 18, 32, 34, 51, 68, 139, 140]
Min Correction Subset: [8, 37, 81]
Iter 74: 
Min Hitting Set: [0, 1, 6, 12, 18, 32, 34, 37, 68, 81, 87, 139, 140]
Min Correction Subset: [10, 17, 51, 116]
Iter 75: 
Min Hitting Set: [0, 1, 6, 12, 17, 32, 34, 37, 51, 68, 87, 139, 140]
Min Correction Subset: [3, 16, 81]
Iter 76: 
Min Hitting Set: [6, 8, 9, 16, 17, 18, 32, 37, 51, 81, 87, 139, 140]
Min Correction Subset: [0, 1, 34]
Iter 77: 
Min Hitting Set: [1, 6, 9, 16, 18, 37, 45, 51, 69, 81, 87, 139, 140]
Min Correction Subset: [34, 68, 105]
Iter 78: 
Min Hitting Set: [0, 6, 12, 18, 34, 37, 51, 68, 69, 81, 87, 139, 140]
Min Correction Subset: [1, 17, 91]
Iter 79: 
Min Hitting Set: [0, 3, 6, 11, 12, 17, 34, 37, 68, 81, 105, 139, 140]
Min Correction Subset: [1, 25, 51, 87]
Iter 80: 
Min Hitting Set: [0, 1, 6, 12, 34, 37, 51, 68, 69, 74, 81, 139, 140]
Min Correction Subset: [11, 18, 19, 32]
Iter 81: 
Min Hitting Set: [0, 1, 6, 9, 32, 34, 37, 51, 68, 74, 81, 139, 140]
Min Correction Subset: [16, 22, 25, 87]
Iter 82: 
Min Hitting Set: [1, 6, 11, 16, 18, 32, 37, 51, 68, 75, 81, 139, 140]
Min Correction Subset: [34, 74, 87]
Iter 83: 
Min Hitting Set: [1, 6, 16, 18, 32, 37, 51, 68, 74, 75, 81, 139, 140]
Min Correction Subset: [34, 45, 87]
Iter 84: 
Min Hitting Set: [6, 12, 16, 17, 18, 32, 34, 37, 68, 81, 87, 139, 140]
Min Correction Subset: [0, 1, 35, 51]
Iter 85: 
Min Hitting Set: [1, 6, 16, 32, 34, 37, 51, 68, 74, 75, 81, 139, 140]
Min Correction Subset: [12, 13, 46, 87]
Iter 86: 
Min Hitting Set: [1, 6, 12, 16, 32, 34, 37, 51, 68, 74, 81, 139, 140]
Min Correction Subset: [3, 10, 17, 87]
Iter 87: 
Min Hitting Set: [1, 6, 9, 16, 18, 32, 37, 51, 68, 81, 87, 139, 140]
Min Correction Subset: [21, 22, 25, 34]
Iter 88: 
Min Hitting Set: [1, 6, 10, 12, 16, 18, 32, 34, 37, 68, 81, 87, 140]
Min Correction Subset: [11, 139]
Iter 89: 
Min Hitting Set: [1, 6, 11, 12, 16, 17, 32, 34, 37, 68, 81, 139, 140]
Min Correction Subset: [18, 19, 51, 87]
Iter 90: 
Min Hitting Set: [1, 6, 11, 12, 16, 18, 34, 45, 51, 81, 87, 139, 140]
Min Correction Subset: [17, 32, 37, 69]
Iter 91: 
Min Hitting Set: [1, 6, 9, 16, 17, 32, 34, 37, 68, 81, 87, 139, 140]
Min Correction Subset: [12, 35, 36, 51]
Iter 92: 
Min Hitting Set: [1, 6, 12, 16, 17, 32, 34, 37, 68, 81, 87, 139, 140]
Min Correction Subset: [18, 19, 35, 51]
Iter 93: 
Min Hitting Set: [1, 6, 11, 12, 16, 17, 18, 34, 45, 51, 81, 139, 140]
Min Correction Subset: [32, 37, 69, 87]
Iter 94: 
Min Hitting Set: [1, 6, 10, 11, 12, 16, 18, 32, 34, 51, 68, 81, 140]
Min Correction Subset: [28, 139]
Iter 95: 
Min Hitting Set: [1, 6, 11, 12, 16, 17, 34, 37, 45, 51, 81, 139, 140]
Min Correction Subset: [0, 32, 42, 69]
Iter 96: 
Min Hitting Set: [0, 6, 12, 17, 18, 32, 34, 37, 68, 81, 87, 139, 140]
Min Correction Subset: [4, 51, 74, 116]
Iter 97: 
Min Hitting Set: [6, 12, 16, 17, 18, 32, 34, 51, 68, 74, 81, 87, 139, 140]
Min Correction Subset: [0, 1, 37, 42]
Iter 98: 
Min Hitting Set: [6, 12, 16, 17, 18, 32, 34, 37, 51, 68, 81, 87, 139, 140]
Min Correction Subset: [1, 4, 25, 74]
Iter 99: 
Min Hitting Set: [6, 12, 16, 17, 18, 32, 34, 37, 51, 68, 74, 81, 139, 140]
Min Correction Subset: [1, 22, 25, 87]
Iter 100: 
Min Hitting Set: [0, 1, 6, 11, 12, 17, 34, 37, 45, 51, 81, 87, 139, 140]
Min Correction Subset: [18, 19, 68, 74]
Iter 101: 
Min Hitting Set: [0, 1, 6, 11, 12, 18, 34, 37, 45, 51, 81, 87, 139, 140]
Min Correction Subset: [7, 16, 68, 105]
Iter 102: 
Min Hitting Set: [1, 6, 12, 16, 18, 32, 34, 37, 45, 51, 81, 87, 139, 140]
Min Correction Subset: [7, 8, 17, 68]
Iter 103: 
Min Hitting Set: [0, 1, 3, 6, 11, 12, 17, 34, 37, 51, 68, 87, 139, 140]
Min Correction Subset: [32, 69, 81]
Iter 104: 
Min Hitting Set: [0, 1, 6, 9, 17, 32, 34, 37, 51, 68, 81, 87, 139, 140]
Min Correction Subset: [12, 13, 45, 46]
Iter 105: 
Min Hitting Set: [1, 6, 11, 12, 16, 17, 32, 34, 51, 68, 81, 105, 139, 140]
Min Correction Subset: [18, 19, 37, 74]
Iter 106: 
Min Hitting Set: [1, 6, 12, 16, 18, 32, 34, 37, 51, 68, 81, 87, 139, 140]
Min Correction Subset: [0, 17, 22, 42]
Iter 107: 
Min Hitting Set: [1, 6, 12, 16, 17, 18, 32, 34, 37, 68, 74, 81, 139, 140]
Min Correction Subset: [45, 51, 87, 116]
Iter 108: 
Min Hitting Set: [0, 1, 6, 12, 32, 34, 37, 51, 68, 74, 81, 87, 139, 140]
Min Correction Subset: [8, 9, 45, 69]
Iter 109: 
Min Hitting Set: [1, 6, 8, 12, 16, 17, 32, 34, 37, 51, 74, 81, 139, 140]
Min Correction Subset: [7, 13, 68, 87]
Iter 110: 
Min Hitting Set: [0, 6, 12, 17, 18, 34, 37, 68, 69, 74, 81, 87, 139, 140]
Min Correction Subset: [11, 16, 32, 51]
Iter 111: 
Min Hitting Set: [1, 6, 11, 13, 16, 17, 18, 32, 34, 45, 51, 81, 139, 140]
Min Correction Subset: [8, 37, 68, 87]
Iter 112: 
Min Hitting Set: [1, 6, 12, 16, 17, 18, 34, 51, 68, 69, 74, 81, 139, 140]
Min Correction Subset: [26, 37, 56, 87]
Iter 113: 
Min Hitting Set: [0, 1, 9, 32, 34, 37, 46, 51, 68, 74, 81, 87, 139, 140]
Min Correction Subset: [6, 19, 105]
Iter 114: 
Min Hitting Set: [1, 6, 11, 12, 16, 17, 34, 37, 51, 68, 69, 81, 139, 140]
Min Correction Subset: [0, 18, 19, 42]
Iter 115: 
Min Hitting Set: [1, 9, 16, 19, 22, 32, 46, 51, 68, 74, 81, 87, 139, 140]
Min Correction Subset: [6, 34, 47]
Iter 116: 
Min Hitting Set: [0, 1, 6, 12, 19, 34, 37, 51, 68, 69, 81, 87, 139, 140]
Min Correction Subset: [4, 11, 32, 74]
Iter 117: 
Min Hitting Set: [0, 6, 8, 12, 17, 32, 34, 51, 74, 81, 87, 105, 139, 140]
Min Correction Subset: [1, 16, 37, 68]
Iter 118: 
Min Hitting Set: [0, 1, 6, 11, 12, 18, 34, 51, 68, 69, 81, 87, 139, 140]
Min Correction Subset: [16, 22, 25, 37]
Iter 119: 
Min Hitting Set: [6, 13, 16, 17, 18, 34, 37, 51, 68, 69, 74, 81, 87, 139, 140]
Min Correction Subset: [0, 12, 42, 46]
Iter 120: 
Min Hitting Set: [6, 12, 16, 17, 18, 34, 37, 51, 68, 69, 74, 81, 87, 139, 140]
Min Correction Subset: [0, 1, 19, 138]
Iter 121: 
Min Hitting Set: [13, 16, 17, 19, 34, 37, 46, 51, 68, 69, 74, 81, 87, 139, 140]
Min Correction Subset: [0, 1, 6]
Iter 122: 
Min Hitting Set: [6, 12, 16, 17, 19, 34, 37, 51, 68, 69, 74, 81, 87, 139, 140]
Min Correction Subset: [0, 1, 42, 88]
Iter 123: 
Min Hitting Set: [0, 1, 6, 12, 32, 34, 37, 45, 51, 68, 74, 81, 87, 139, 140]
Min Correction Subset: [3, 10, 19, 105]
Iter 124: 
Min Hitting Set: [1, 12, 16, 19, 22, 34, 46, 51, 68, 69, 74, 81, 87, 139, 140]
Min Correction Subset: [6, 32, 47]
Iter 125: 
Min Hitting Set: [0, 6, 8, 12, 16, 17, 19, 32, 34, 51, 74, 81, 87, 139, 140]
Min Correction Subset: [1, 7, 37, 68]
Iter 126: 
Min Hitting Set: [1, 13, 16, 17, 19, 32, 34, 45, 46, 51, 74, 81, 87, 139, 140]
Min Correction Subset: [6, 68, 78]
Iter 127: 
Min Hitting Set: [0, 6, 12, 16, 17, 19, 34, 37, 68, 69, 74, 81, 87, 139, 140]
Min Correction Subset: [32, 35, 51, 116]
Iter 128: 
Min Hitting Set: [1, 6, 12, 16, 17, 19, 32, 34, 45, 51, 74, 81, 87, 139, 140]
Min Correction Subset: [7, 8, 37, 68]
Iter 129: 
Min Hitting Set: [1, 6, 8, 12, 16, 17, 19, 32, 34, 51, 74, 81, 87, 139, 140]
Min Correction Subset: [0, 7, 42, 68]
Iter 130: 
Min Hitting Set: [0, 6, 11, 12, 17, 19, 25, 34, 37, 45, 51, 68, 81, 139, 140]
Min Correction Subset: [1, 4, 74, 87]
Iter 131: 
Min Hitting Set: [0, 6, 12, 17, 19, 22, 34, 37, 51, 68, 69, 74, 81, 139, 140]
Min Correction Subset: [1, 8, 16, 87]
Iter 132: 
Min Hitting Set: [0, 1, 6, 9, 19, 25, 32, 37, 45, 51, 68, 81, 87, 139, 140]
Min Correction Subset: [16, 34, 74]
Iter 133: 
Min Hitting Set: [0, 1, 3, 6, 12, 17, 32, 34, 37, 45, 51, 68, 87, 139, 140]
Min Correction Subset: [10, 16, 81]
Iter 134: 
Min Hitting Set: [0, 1, 6, 8, 10, 12, 16, 19, 34, 51, 69, 74, 87, 139, 140]
Min Correction Subset: [37, 68, 81]
Iter 135: 
Min Hitting Set: [1, 6, 11, 12, 16, 17, 19, 34, 51, 68, 69, 81, 87, 139, 140]
Min Correction Subset: [4, 37, 74, 105]
Iter 136: 
Min Hitting Set: [0, 1, 6, 12, 16, 17, 19, 32, 34, 37, 45, 51, 87, 139, 140]
Min Correction Subset: [7, 68, 81]
Iter 137: 
Min Hitting Set: [0, 1, 6, 8, 12, 16, 19, 32, 34, 37, 51, 81, 87, 139, 140]
Min Correction Subset: [17, 22, 25, 68]
Iter 138: 
Min Hitting Set: [1, 6, 9, 12, 16, 19, 22, 32, 51, 68, 74, 81, 87, 139, 140]
Min Correction Subset: [0, 34, 37, 42]
Iter 139: 
Min Hitting Set: [0, 1, 6, 9, 12, 19, 32, 34, 37, 51, 68, 81, 87, 139, 140]
Min Correction Subset: [8, 11, 17, 22, 25]
Iter 140: 
Min Hitting Set: [0, 9, 16, 17, 19, 32, 34, 46, 51, 68, 74, 81, 87, 139, 140]
Min Correction Subset: [1, 6, 25]
Iter 141: 
Min Hitting Set: [0, 1, 6, 8, 12, 19, 32, 34, 37, 51, 68, 81, 87, 139, 140]
Min Correction Subset: [16, 17, 22, 25, 82]
Iter 142: 
Min Hitting Set: [0, 1, 6, 10, 11, 12, 16, 19, 34, 37, 51, 68, 69, 139, 140]
Min Correction Subset: [17, 45, 81]
Iter 143: 
Min Hitting Set: [0, 6, 12, 17, 19, 32, 34, 37, 45, 68, 74, 81, 87, 139, 140]
Min Correction Subset: [11, 35, 36, 51]
Iter 144: 
Min Hitting Set: [0, 6, 12, 16, 17, 19, 34, 51, 68, 69, 74, 81, 87, 139, 140]
Min Correction Subset: [1, 22, 25, 37]
Iter 145: 
Min Hitting Set: [0, 6, 8, 12, 17, 32, 34, 37, 51, 74, 81, 87, 105, 139, 140]
Min Correction Subset: [1, 7, 13, 68]
Iter 146: 
Min Hitting Set: [1, 9, 16, 17, 19, 32, 34, 46, 51, 68, 74, 81, 87, 139, 140]
Min Correction Subset: [6, 22, 25]
Iter 147: 
Min Hitting Set: [0, 1, 6, 11, 13, 16, 17, 19, 34, 37, 45, 51, 81, 139, 140]
Min Correction Subset: [8, 12, 68, 87]
Iter 148: 
Min Hitting Set: [1, 9, 16, 19, 22, 32, 34, 46, 51, 68, 74, 81, 87, 139, 140]
Min Correction Subset: [0, 6, 42]
Iter 149: 
Min Hitting Set: [1, 6, 12, 16, 17, 19, 34, 51, 68, 69, 74, 81, 87, 139, 140]
Min Correction Subset: [0, 8, 32, 37, 42]
Iter 150: 
Min Hitting Set: [1, 6, 12, 16, 17, 19, 34, 37, 51, 68, 69, 74, 81, 139, 140]
Min Correction Subset: [3, 11, 32, 42, 105]
Iter 151: 
Min Hitting Set: [1, 6, 11, 12, 16, 17, 19, 34, 37, 51, 68, 69, 81, 139, 140]
Min Correction Subset: [4, 74, 87, 105]
Iter 152: 
Min Hitting Set: [0, 6, 8, 13, 17, 32, 34, 37, 51, 74, 81, 87, 105, 139, 140]
Min Correction Subset: [1, 12, 16, 19]
Iter 153: 
Min Hitting Set: [1, 6, 12, 19, 22, 34, 42, 51, 68, 69, 74, 81, 87, 139, 140]
Min Correction Subset: [0, 16, 47, 82]
Iter 154: 
Min Hitting Set: [1, 6, 9, 16, 19, 22, 32, 37, 46, 51, 68, 81, 87, 139, 140]
Min Correction Subset: [3, 10, 34, 64]
Iter 155: 
Min Hitting Set: [0, 1, 3, 6, 8, 12, 16, 32, 34, 37, 51, 68, 74, 81, 139, 140]
Min Correction Subset: [17, 22, 25, 87]
Iter 156: 
Min Hitting Set: [0, 1, 3, 6, 9, 12, 22, 32, 34, 37, 51, 68, 74, 81, 139, 140]
Min Correction Subset: [10, 18, 19, 87]
Iter 157: 
Min Hitting Set: [1, 6, 12, 16, 19, 22, 32, 34, 45, 51, 68, 74, 81, 87, 139, 140]
Min Correction Subset: [0, 17, 37, 42]
Iter 158: 
Min Hitting Set: [1, 6, 12, 16, 19, 22, 32, 34, 37, 45, 51, 68, 81, 87, 139, 140]
Min Correction Subset: [0, 4, 42, 74]
Iter 159: 
Min Hitting Set: [1, 6, 12, 16, 17, 19, 32, 34, 45, 51, 68, 74, 81, 87, 139, 140]
Min Correction Subset: [8, 9, 11, 42, 69]
Iter 160: 
Min Hitting Set: [0, 1, 6, 9, 10, 13, 22, 32, 34, 37, 51, 68, 74, 81, 139, 140]
Min Correction Subset: [17, 18, 19, 87]
Iter 161: 
Min Hitting Set: [0, 1, 6, 9, 17, 19, 32, 34, 37, 45, 51, 81, 87, 105, 139, 140]
Min Correction Subset: [12, 13, 16, 68]
Iter 162: 
Min Hitting Set: [1, 6, 12, 16, 17, 19, 34, 37, 51, 68, 69, 74, 81, 105, 139, 140]
Min Correction Subset: [3, 11, 22, 32, 87]
Iter 163: 
Min Hitting Set: [0, 1, 6, 8, 13, 25, 32, 34, 37, 51, 74, 81, 87, 105, 139, 140]
Min Correction Subset: [12, 16, 46, 68]
Iter 164: 
Min Hitting Set: [0, 1, 6, 8, 12, 16, 19, 25, 32, 34, 51, 74, 81, 87, 139, 140]
Min Correction Subset: [7, 17, 22, 68]
Iter 165: 
Min Hitting Set: [0, 1, 9, 19, 22, 32, 34, 37, 46, 51, 68, 74, 81, 87, 139, 140]
Min Correction Subset: [6, 17, 47]
Iter 166: 
Min Hitting Set: [1, 6, 9, 12, 16, 17, 19, 32, 34, 51, 68, 74, 81, 87, 139, 140]
Min Correction Subset: [0, 22, 25, 37, 42]
Iter 167: 
Min Hitting Set: [0, 1, 6, 8, 12, 17, 22, 32, 34, 51, 74, 81, 87, 105, 139, 140]
Min Correction Subset: [7, 18, 19, 68]
Iter 168: 
Min Hitting Set: [1, 6, 9, 12, 16, 17, 19, 32, 34, 37, 51, 68, 74, 81, 139, 140]
Min Correction Subset: [0, 3, 10, 42, 64]
Iter 169: 
Min Hitting Set: [0, 6, 8, 13, 16, 17, 19, 32, 34, 37, 51, 74, 81, 87, 139, 140]
Min Correction Subset: [1, 12, 46, 68]
Iter 170: 
Min Hitting Set: [0, 1, 6, 9, 12, 17, 32, 34, 37, 51, 68, 81, 87, 105, 139, 140]
Min Correction Subset: [11, 16, 18, 19]
Iter 171: 
Min Hitting Set: [0, 1, 6, 9, 12, 19, 22, 32, 34, 37, 51, 68, 81, 87, 139, 140]
Min Correction Subset: [3, 10, 16, 17, 82]
Iter 172: 
Min Hitting Set: [0, 6, 9, 17, 19, 32, 34, 37, 45, 51, 68, 74, 81, 87, 139, 140]
Min Correction Subset: [1, 12, 13, 16]
Iter 173: 
Min Hitting Set: [0, 6, 9, 12, 17, 19, 32, 34, 37, 51, 68, 74, 81, 87, 139, 140]
Min Correction Subset: [1, 16, 22, 25]
Iter 174: 
Min Hitting Set: [0, 1, 6, 9, 17, 19, 32, 34, 37, 45, 51, 68, 81, 87, 139, 140]
Min Correction Subset: [12, 13, 16, 74]
Iter 175: 
Min Hitting Set: [0, 1, 6, 12, 17, 19, 32, 34, 37, 51, 68, 69, 81, 87, 139, 140]
Min Correction Subset: [3, 10, 16, 22, 25]
Iter 176: 
Min Hitting Set: [0, 1, 6, 8, 13, 16, 17, 19, 32, 34, 37, 51, 74, 81, 139, 140]
Min Correction Subset: [12, 46, 68, 87]
Iter 177: 
Min Hitting Set: [1, 6, 12, 16, 17, 19, 34, 37, 42, 51, 68, 69, 74, 87, 139, 140]
Min Correction Subset: [11, 32, 81]
Iter 178: 
Min Hitting Set: [0, 1, 6, 8, 12, 16, 19, 32, 34, 37, 51, 68, 81, 87, 139, 140]
Min Correction Subset: [17, 22, 25, 62, 99]
Iter 179: 
Min Hitting Set: [0, 6, 8, 13, 17, 19, 25, 32, 34, 51, 68, 74, 81, 87, 139, 140]
Min Correction Subset: [1, 12, 16, 37]
Iter 180: 
Min Hitting Set: [0, 1, 6, 9, 11, 16, 17, 19, 34, 37, 45, 51, 81, 87, 139, 140]
Min Correction Subset: [4, 8, 68, 74]
Iter 181: 
Min Hitting Set: [0, 9, 16, 17, 25, 32, 34, 46, 51, 68, 74, 81, 87, 105, 139, 140]
Min Correction Subset: [6, 11, 19]
Iter 182: 
Min Hitting Set: [0, 1, 6, 8, 13, 16, 17, 19, 32, 34, 51, 74, 81, 87, 139, 140]
Min Correction Subset: [12, 37, 46, 68]
Iter 183: 
Min Hitting Set: [0, 6, 8, 12, 17, 19, 25, 32, 34, 51, 68, 74, 81, 87, 139, 140]
Min Correction Subset: [1, 16, 37, 82]
Iter 184: 
Min Hitting Set: [0, 6, 8, 12, 17, 19, 25, 32, 34, 37, 51, 68, 81, 87, 139, 140]
Min Correction Subset: [1, 4, 9, 69, 74]
Iter 185: 
Min Hitting Set: [0, 6, 11, 12, 17, 25, 34, 37, 51, 68, 69, 81, 87, 105, 139, 140]
Min Correction Subset: [4, 18, 19, 74]
Iter 186: 
Min Hitting Set: [0, 1, 6, 11, 12, 16, 17, 19, 34, 37, 51, 68, 69, 87, 139, 140]
Min Correction Subset: [10, 64, 81]
Iter 187: 
Min Hitting Set: [0, 1, 6, 8, 12, 16, 17, 19, 32, 34, 51, 74, 81, 87, 139, 140]
Min Correction Subset: [7, 13, 37, 68]
Iter 188: 
Min Hitting Set: [1, 6, 13, 16, 17, 19, 34, 42, 51, 68, 69, 74, 81, 87, 139, 140]
Min Correction Subset: [11, 12, 37, 46]
Iter 189: 
Min Hitting Set: [0, 9, 16, 17, 19, 25, 32, 34, 46, 51, 68, 74, 81, 87, 139, 140]
Min Correction Subset: [1, 6, 8]
Iter 190: 
Min Hitting Set: [0, 1, 6, 8, 12, 16, 17, 19, 32, 34, 37, 51, 81, 87, 139, 140]
Min Correction Subset: [4, 22, 68, 74]
Iter 191: 
Min Hitting Set: [0, 1, 6, 10, 11, 12, 16, 17, 34, 37, 51, 68, 69, 74, 139, 140]
Min Correction Subset: [18, 19, 81]
Iter 192: 
Min Hitting Set: [1, 6, 8, 12, 16, 19, 22, 32, 34, 37, 42, 51, 81, 87, 139, 140]
Min Correction Subset: [7, 13, 17, 68]
Iter 193: 
Min Hitting Set: [0, 3, 6, 8, 12, 17, 18, 25, 34, 37, 51, 68, 74, 81, 139, 140]
Min Correction Subset: [1, 32, 45, 69]
Iter 194: 
Min Hitting Set: [0, 6, 8, 12, 17, 19, 25, 32, 34, 37, 51, 68, 74, 81, 139, 140]
Min Correction Subset: [1, 16, 82, 87]
Iter 195: 
Min Hitting Set: [0, 1, 3, 6, 13, 18, 25, 34, 37, 51, 68, 69, 74, 81, 139, 140]
Min Correction Subset: [11, 17, 32, 87]
Iter 196: 
Min Hitting Set: [6, 12, 16, 17, 19, 25, 34, 42, 51, 68, 69, 74, 81, 87, 139, 140]
Min Correction Subset: [0, 1, 8, 11, 37]
Iter 197: 
Min Hitting Set: [1, 6, 8, 13, 16, 19, 22, 32, 34, 37, 42, 51, 81, 87, 139, 140]
Min Correction Subset: [12, 17, 46, 68]
Iter 198: 
Min Hitting Set: [6, 13, 16, 17, 19, 34, 37, 42, 51, 68, 69, 74, 81, 87, 139, 140]
Min Correction Subset: [1, 8, 12, 46]
Iter 199: 
Min Hitting Set: [1, 3, 6, 12, 16, 17, 19, 34, 37, 51, 68, 69, 74, 81, 139, 140]
Min Correction Subset: [8, 11, 32, 45, 87]
Iter 200: 
Min Hitting Set: [6, 12, 16, 17, 19, 34, 37, 42, 51, 68, 69, 74, 81, 87, 139, 140]
Min Correction Subset: [0, 1, 8, 32, 45]
Iter 201: 
Min Hitting Set: [1, 6, 12, 16, 17, 19, 34, 42, 51, 68, 69, 74, 81, 87, 139, 140]
Min Correction Subset: [11, 22, 25, 32, 37]
Iter 202: 
Min Hitting Set: [0, 6, 12, 17, 19, 25, 32, 34, 37, 51, 68, 69, 81, 87, 139, 140]
Min Correction Subset: [1, 4, 8, 74]
Iter 203: 
Min Hitting Set: [1, 6, 12, 16, 19, 25, 34, 42, 51, 68, 69, 74, 81, 87, 139, 140]
Min Correction Subset: [11, 17, 32, 37]
Iter 204: 
Min Hitting Set: [0, 1, 6, 10, 11, 12, 16, 17, 19, 32, 34, 37, 45, 68, 74, 139, 140]
Min Correction Subset: [8, 51, 81]
Iter 205: 
Min Hitting Set: [1, 6, 10, 11, 12, 16, 17, 19, 32, 34, 37, 45, 68, 74, 81, 139, 140]
Min Correction Subset: [35, 36, 51, 87]
Iter 206: 
Min Hitting Set: [0, 6, 8, 13, 16, 17, 19, 25, 32, 34, 37, 51, 68, 74, 81, 139, 140]
Min Correction Subset: [1, 12, 46, 87]
Iter 207: 
Min Hitting Set: [0, 6, 9, 12, 16, 17, 19, 25, 32, 34, 37, 51, 68, 74, 81, 139, 140]
Min Correction Subset: [1, 10, 64, 87]
Iter 208: 
Min Hitting Set: [0, 6, 9, 12, 16, 17, 19, 25, 32, 34, 51, 68, 74, 81, 87, 139, 140]
Min Correction Subset: [1, 3, 10, 37, 64]
Iter 209: 
Min Hitting Set: [1, 3, 6, 8, 12, 16, 17, 19, 34, 37, 42, 51, 68, 74, 81, 139, 140]
Min Correction Subset: [32, 45, 69, 87]
Iter 210: 
Min Hitting Set: [0, 3, 6, 12, 16, 17, 19, 22, 34, 51, 68, 69, 74, 81, 87, 139, 140]
Min Correction Subset: [1, 8, 32, 37, 45]
Iter 211: 
Min Hitting Set: [0, 1, 6, 8, 12, 13, 16, 17, 19, 32, 34, 37, 51, 74, 81, 139, 140]
Min Correction Subset: [10, 64, 68, 87]
Iter 212: 
Min Hitting Set: [0, 1, 6, 9, 16, 17, 19, 32, 34, 37, 45, 51, 74, 81, 87, 139, 140]
Min Correction Subset: [7, 12, 13, 68]
Iter 213: 
Min Hitting Set: [0, 1, 6, 8, 12, 16, 17, 19, 32, 34, 51, 68, 74, 81, 87, 139, 140]
Min Correction Subset: [9, 22, 25, 37, 69]
Iter 214: 
Min Hitting Set: [0, 1, 13, 17, 19, 25, 32, 34, 46, 51, 68, 69, 74, 81, 87, 139, 140]
Min Correction Subset: [6, 47, 115]
Iter 215: 
Min Hitting Set: [6, 12, 16, 17, 19, 32, 34, 37, 42, 45, 51, 68, 74, 81, 87, 139, 140]
Min Correction Subset: [1, 8, 9, 11, 69]
Iter 216: 
Min Hitting Set: [0, 1, 3, 6, 8, 12, 19, 22, 32, 34, 37, 51, 68, 74, 81, 139, 140]
Min Correction Subset: [9, 17, 69, 87]
Iter 217: 
Min Hitting Set: [0, 1, 6, 11, 12, 16, 17, 19, 34, 51, 68, 69, 74, 81, 87, 139, 140]
Min Correction Subset: [22, 25, 32, 37, 45]
Iter 218: 
Min Hitting Set: [6, 11, 12, 16, 17, 19, 34, 37, 42, 45, 51, 68, 74, 81, 87, 139, 140]
Min Correction Subset: [0, 1, 32, 69]
Iter 219: 
Min Hitting Set: [1, 6, 12, 16, 17, 19, 32, 34, 37, 42, 45, 51, 68, 74, 81, 139, 140]
Min Correction Subset: [8, 9, 11, 69, 87]
Iter 220: 
Min Hitting Set: [1, 6, 10, 12, 16, 17, 19, 32, 34, 37, 51, 68, 69, 74, 81, 139, 140]
Min Correction Subset: [0, 11, 22, 42, 87]
Iter 221: 
Min Hitting Set: [0, 1, 6, 11, 12, 16, 17, 19, 34, 37, 51, 68, 69, 74, 81, 139, 140]
Min Correction Subset: [8, 32, 45, 87, 98]
Iter 222: 
Min Hitting Set: [6, 9, 12, 16, 17, 19, 32, 34, 37, 42, 51, 68, 74, 81, 87, 139, 140]
Min Correction Subset: [1, 24, 25, 62, 99]
Iter 223: 
Min Hitting Set: [0, 1, 6, 8, 12, 13, 16, 19, 22, 32, 34, 51, 74, 81, 87, 139, 140]
Min Correction Subset: [17, 18, 37, 68]
Iter 224: 
Min Hitting Set: [1, 6, 12, 16, 17, 19, 32, 34, 37, 42, 51, 68, 69, 74, 81, 139, 140]
Min Correction Subset: [3, 8, 11, 59, 87]
Iter 225: 
Min Hitting Set: [1, 6, 8, 12, 16, 17, 19, 32, 34, 37, 42, 51, 68, 74, 81, 139, 140]
Min Correction Subset: [3, 10, 22, 25, 87]
Iter 226: 
Min Hitting Set: [0, 1, 6, 8, 12, 17, 19, 22, 32, 34, 37, 51, 68, 74, 81, 139, 140]
Min Correction Subset: [16, 82, 87, 105]
Iter 227: 
Min Hitting Set: [0, 1, 6, 8, 12, 17, 19, 22, 32, 34, 51, 68, 74, 81, 87, 139, 140]
Min Correction Subset: [3, 10, 16, 37, 64]
Iter 228: 
Min Hitting Set: [1, 6, 8, 13, 16, 17, 19, 34, 37, 42, 51, 69, 74, 81, 87, 139, 140]
Min Correction Subset: [12, 46, 68, 105]
Iter 229: 
Min Hitting Set: [0, 1, 6, 9, 12, 16, 19, 22, 32, 34, 51, 68, 74, 81, 87, 139, 140]
Min Correction Subset: [8, 11, 17, 37, 59]
Iter 230: 
Min Hitting Set: [0, 1, 6, 11, 12, 17, 19, 22, 34, 37, 45, 51, 68, 81, 105, 139, 140]
Min Correction Subset: [16, 32, 69, 87]
Iter 231: 
Min Hitting Set: [0, 1, 3, 6, 11, 13, 19, 22, 34, 51, 68, 69, 74, 81, 87, 139, 140]
Min Correction Subset: [8, 12, 16, 46]
Iter 232: 
Min Hitting Set: [0, 1, 3, 6, 8, 12, 19, 22, 32, 34, 51, 68, 74, 81, 87, 139, 140]
Min Correction Subset: [7, 9, 17, 37, 69]
Iter 233: 
Min Hitting Set: [0, 1, 3, 6, 12, 17, 18, 22, 34, 51, 68, 69, 74, 81, 87, 139, 140]
Min Correction Subset: [11, 16, 32, 37]
Iter 234: 
Min Hitting Set: [0, 1, 3, 6, 8, 12, 18, 22, 34, 37, 51, 68, 74, 81, 87, 139, 140]
Min Correction Subset: [17, 32, 45, 69]
Iter 235: 
Min Hitting Set: [0, 6, 12, 17, 19, 25, 34, 37, 42, 51, 68, 69, 74, 81, 87, 139, 140]
Min Correction Subset: [1, 3, 11, 16, 32]
Iter 236: 
Min Hitting Set: [1, 6, 12, 16, 17, 19, 32, 34, 37, 42, 51, 68, 69, 81, 87, 139, 140]
Min Correction Subset: [4, 11, 22, 25, 74]
Iter 237: 
Min Hitting Set: [0, 1, 3, 6, 7, 12, 17, 18, 34, 37, 51, 69, 74, 81, 87, 139, 140]
Min Correction Subset: [8, 16, 45, 68]
Iter 238: 
Min Hitting Set: [1, 3, 6, 9, 12, 16, 18, 22, 32, 37, 45, 51, 68, 74, 81, 139, 140]
Min Correction Subset: [11, 34, 42, 87]
Iter 239: 
Min Hitting Set: [0, 6, 9, 12, 17, 19, 25, 32, 34, 37, 51, 68, 74, 81, 87, 139, 140]
Min Correction Subset: [1, 10, 16, 64, 96]
Iter 240: 
Min Hitting Set: [0, 1, 6, 10, 11, 12, 19, 25, 34, 51, 68, 69, 74, 81, 87, 139, 140]
Min Correction Subset: [16, 32, 37, 45, 105]
Iter 241: 
Min Hitting Set: [0, 1, 3, 6, 11, 12, 18, 25, 34, 37, 45, 51, 68, 81, 87, 139, 140]
Min Correction Subset: [16, 32, 69, 82]
Iter 242: 
Min Hitting Set: [0, 1, 6, 9, 12, 16, 17, 19, 32, 34, 51, 68, 74, 81, 87, 139, 140]
Min Correction Subset: [3, 10, 22, 25, 37]
Iter 243: 
Min Hitting Set: [1, 3, 6, 12, 16, 19, 22, 32, 34, 37, 51, 68, 69, 74, 81, 139, 140]
Min Correction Subset: [0, 17, 42, 87]
Iter 244: 
Min Hitting Set: [0, 1, 6, 8, 12, 13, 16, 19, 22, 32, 34, 37, 51, 81, 87, 139, 140]
Min Correction Subset: [10, 17, 64, 68]
Iter 245: 
Min Hitting Set: [1, 6, 12, 16, 17, 19, 25, 34, 42, 51, 68, 69, 74, 81, 87, 139, 140]
Min Correction Subset: [3, 11, 32, 37, 101]
Iter 246: 
Min Hitting Set: [0, 1, 6, 8, 10, 13, 16, 17, 32, 34, 37, 51, 68, 74, 81, 139, 140]
Min Correction Subset: [11, 18, 19, 87]
Iter 247: 
Min Hitting Set: [1, 6, 12, 16, 17, 19, 32, 34, 37, 42, 45, 51, 74, 81, 87, 139, 140]
Min Correction Subset: [3, 10, 64, 68]
Iter 248: 
Min Hitting Set: [1, 6, 11, 12, 16, 19, 25, 34, 42, 51, 68, 69, 74, 81, 87, 139, 140]
Min Correction Subset: [10, 32, 37, 45, 64]
Iter 249: 
Min Hitting Set: [1, 3, 6, 12, 16, 17, 19, 34, 37, 51, 68, 69, 74, 81, 87, 139, 140]
Min Correction Subset: [22, 25, 32, 45, 89]
Iter 250: 
Min Hitting Set: [1, 3, 9, 19, 22, 32, 37, 42, 46, 47, 51, 68, 74, 81, 87, 139, 140]
Min Correction Subset: [6, 16, 41]
Iter 251: 
Min Hitting Set: [0, 1, 6, 12, 17, 19, 22, 32, 34, 37, 51, 68, 69, 81, 87, 139, 140]
Min Correction Subset: [4, 10, 64, 74, 107]
Iter 252: 
Min Hitting Set: [0, 1, 9, 10, 16, 19, 22, 32, 37, 46, 47, 51, 68, 81, 87, 139, 140]
Min Correction Subset: [6, 11, 62]
Iter 253: 
Min Hitting Set: [0, 1, 6, 10, 12, 19, 25, 32, 34, 37, 51, 68, 69, 81, 87, 139, 140]
Min Correction Subset: [3, 11, 17, 42, 105]
Iter 254: 
Min Hitting Set: [0, 1, 6, 10, 11, 13, 16, 17, 34, 37, 45, 51, 68, 74, 81, 139, 140]
Min Correction Subset: [12, 42, 46, 87]
Iter 255: 
Min Hitting Set: [1, 6, 9, 10, 13, 16, 19, 22, 32, 37, 42, 51, 68, 81, 87, 139, 140]
Min Correction Subset: [17, 34, 47, 74]
Iter 256: 
Min Hitting Set: [1, 3, 6, 12, 16, 19, 22, 34, 37, 51, 68, 69, 74, 81, 87, 139, 140]
Min Correction Subset: [0, 17, 32, 42]
Iter 257: 
Min Hitting Set: [0, 1, 3, 6, 12, 19, 22, 34, 37, 51, 68, 69, 74, 81, 87, 139, 140]
Min Correction Subset: [11, 16, 17, 32, 82]
Iter 258: 
Min Hitting Set: [0, 1, 6, 10, 11, 12, 19, 22, 34, 51, 68, 69, 81, 87, 105, 139, 140]
Min Correction Subset: [16, 37, 74, 82]
Iter 259: 
Min Hitting Set: [0, 1, 6, 7, 10, 11, 12, 16, 17, 34, 37, 45, 51, 74, 81, 139, 140]
Min Correction Subset: [18, 19, 32, 69]
Iter 260: 
Min Hitting Set: [0, 1, 6, 10, 11, 12, 19, 25, 34, 37, 51, 68, 69, 81, 87, 139, 140]
Min Correction Subset: [4, 32, 45, 74, 105]
Iter 261: 
Min Hitting Set: [0, 1, 6, 10, 11, 12, 22, 34, 37, 51, 68, 69, 74, 81, 87, 139, 140]
Min Correction Subset: [17, 18, 19, 105]
Iter 262: 
Min Hitting Set: [1, 6, 12, 16, 19, 25, 34, 37, 42, 51, 68, 69, 74, 81, 87, 139, 140]
Min Correction Subset: [11, 17, 22, 32, 45]
Iter 263: 
Min Hitting Set: [1, 6, 12, 16, 19, 22, 34, 37, 42, 51, 68, 69, 74, 81, 87, 139, 140]
Min Correction Subset: [3, 11, 17, 32, 101]
Iter 264: 
Min Hitting Set: [0, 1, 3, 6, 9, 19, 25, 32, 37, 46, 51, 68, 74, 81, 87, 139, 140]
Min Correction Subset: [16, 34, 45]
Iter 265: 
Min Hitting Set: [1, 6, 10, 12, 16, 19, 25, 32, 34, 37, 42, 45, 51, 68, 87, 139, 140]
Min Correction Subset: [11, 17, 81]
Iter 266: 
Min Hitting Set: [1, 3, 6, 9, 12, 16, 18, 22, 32, 37, 51, 68, 74, 81, 87, 139, 140]
Min Correction Subset: [17, 34, 42, 47]
Iter 267: 
Min Hitting Set: [1, 6, 10, 11, 12, 16, 17, 19, 32, 34, 37, 45, 68, 74, 81, 87, 139, 140]
Min Correction Subset: [35, 36, 51, 138]
Iter 268: 
Min Hitting Set: [1, 6, 10, 11, 12, 16, 17, 19, 32, 34, 37, 45, 51, 68, 74, 81, 139, 140]
Min Correction Subset: [7, 8, 9, 69, 87]
Iter 269: 
Min Hitting Set: [0, 1, 6, 10, 11, 12, 16, 19, 25, 34, 37, 45, 51, 68, 69, 105, 139, 140]
Min Correction Subset: [8, 81, 87]
Iter 270: 
Min Hitting Set: [0, 1, 3, 6, 9, 12, 16, 17, 19, 22, 32, 51, 68, 74, 81, 87, 139, 140]
Min Correction Subset: [11, 18, 34, 37]
Iter 271: 
Min Hitting Set: [1, 3, 6, 9, 12, 16, 19, 22, 32, 37, 42, 45, 51, 68, 74, 81, 139, 140]
Min Correction Subset: [11, 34, 87, 105]
Iter 272: 
Min Hitting Set: [0, 1, 6, 12, 17, 19, 22, 32, 34, 37, 51, 68, 69, 74, 81, 87, 139, 140]
Min Correction Subset: [3, 10, 16, 64, 82]
Iter 273: 
Min Hitting Set: [0, 1, 3, 6, 12, 16, 19, 25, 32, 34, 37, 51, 68, 69, 74, 81, 139, 140]
Min Correction Subset: [11, 17, 22, 87]
Iter 274: 
Min Hitting Set: [1, 3, 6, 13, 16, 19, 22, 32, 34, 37, 42, 51, 68, 69, 74, 81, 139, 140]
Min Correction Subset: [12, 17, 46, 87]
Iter 275: 
Min Hitting Set: [0, 1, 6, 8, 10, 11, 12, 16, 17, 19, 32, 34, 37, 51, 68, 105, 139, 140]
Min Correction Subset: [22, 81, 87]
Iter 276: 
Min Hitting Set: [0, 1, 6, 8, 12, 16, 17, 19, 22, 32, 34, 51, 68, 74, 81, 87, 139, 140]
Min Correction Subset: [9, 10, 37, 64, 69]
Iter 277: 
Min Hitting Set: [0, 1, 6, 11, 12, 16, 19, 22, 34, 45, 51, 68, 69, 74, 81, 87, 139, 140]
Min Correction Subset: [3, 10, 17, 37, 105]
Iter 278: 
Min Hitting Set: [0, 1, 3, 6, 11, 12, 19, 25, 32, 34, 51, 68, 69, 74, 81, 87, 139, 140]
Min Correction Subset: [10, 16, 17, 37, 82]
Iter 279: 
Min Hitting Set: [1, 6, 12, 16, 17, 19, 32, 34, 37, 42, 45, 51, 68, 74, 81, 87, 139, 140]
Min Correction Subset: [3, 8, 9, 11, 69]
Iter 280: 
Min Hitting Set: [0, 1, 6, 8, 12, 16, 17, 19, 22, 32, 34, 37, 51, 68, 74, 81, 139, 140]
Min Correction Subset: [9, 10, 64, 69, 87]
Iter 281: 
Min Hitting Set: [0, 6, 12, 16, 17, 19, 25, 34, 37, 51, 68, 69, 74, 81, 87, 105, 139, 140]
Min Correction Subset: [1, 3, 10, 32, 64]
Iter 282: 
Min Hitting Set: [0, 1, 3, 6, 12, 16, 17, 19, 32, 34, 37, 51, 68, 69, 74, 81, 139, 140]
Min Correction Subset: [11, 22, 25, 87, 105]
Iter 283: 
Min Hitting Set: [0, 1, 3, 6, 12, 16, 19, 22, 32, 34, 37, 51, 68, 69, 74, 81, 139, 140]
Min Correction Subset: [8, 9, 17, 42, 87]
Iter 284: 
Min Hitting Set: [1, 3, 6, 12, 16, 19, 22, 32, 34, 37, 42, 51, 68, 69, 74, 81, 139, 140]
Min Correction Subset: [8, 9, 11, 17, 87]
Iter 285: 
Min Hitting Set: [0, 1, 6, 10, 11, 12, 16, 19, 25, 34, 51, 68, 69, 81, 87, 105, 139, 140]
Min Correction Subset: [4, 22, 37, 74]
Iter 286: 
Min Hitting Set: [1, 3, 6, 12, 16, 17, 19, 34, 37, 45, 51, 68, 69, 74, 81, 87, 139, 140]
Min Correction Subset: [0, 22, 25, 32, 42]
Iter 287: 
Min Hitting Set: [0, 1, 6, 12, 16, 17, 19, 22, 32, 34, 51, 68, 69, 74, 81, 87, 139, 140]
Min Correction Subset: [3, 10, 37, 64, 105]
Iter 288: 
Min Hitting Set: [0, 1, 3, 6, 12, 17, 19, 25, 32, 34, 51, 68, 69, 74, 81, 87, 139, 140]
Min Correction Subset: [8, 11, 16, 37, 59]
Iter 289: 
Min Hitting Set: [0, 1, 3, 6, 12, 16, 17, 19, 32, 34, 51, 68, 69, 74, 81, 87, 139, 140]
Min Correction Subset: [22, 25, 37, 62, 99]
Iter 290: 
Min Hitting Set: [6, 8, 12, 16, 17, 19, 25, 32, 34, 37, 42, 51, 68, 74, 81, 87, 139, 140]
Min Correction Subset: [1, 9, 10, 64, 69]
Iter 291: 
Min Hitting Set: [0, 3, 6, 12, 16, 17, 19, 25, 34, 37, 51, 68, 69, 74, 81, 87, 139, 140]
Min Correction Subset: [1, 8, 24, 62, 99]
Iter 292: 
Min Hitting Set: [0, 6, 8, 10, 12, 16, 17, 19, 25, 32, 34, 37, 51, 68, 74, 81, 139, 140]
Min Correction Subset: [1, 9, 69, 87]
Iter 293: 
Min Hitting Set: [1, 6, 10, 12, 16, 17, 19, 25, 32, 34, 51, 68, 69, 74, 81, 87, 139, 140]
Min Correction Subset: [0, 3, 11, 37, 42]
Iter 294: 
Min Hitting Set: [0, 1, 6, 10, 12, 16, 17, 32, 34, 37, 51, 68, 69, 74, 81, 87, 139, 140]
Min Correction Subset: [8, 11, 18, 19, 59]
Iter 295: 
Min Hitting Set: [0, 1, 6, 8, 10, 11, 12, 17, 19, 32, 34, 37, 51, 68, 81, 87, 139, 140]
Min Correction Subset: [9, 16, 22, 25, 69]
Iter 296: 
Min Hitting Set: [0, 1, 6, 8, 10, 11, 12, 16, 17, 19, 32, 34, 37, 51, 68, 87, 139, 140]
Min Correction Subset: [22, 25, 81]
Iter 297: 
Min Hitting Set: [0, 6, 8, 10, 13, 17, 19, 25, 32, 34, 37, 51, 68, 74, 81, 87, 139, 140]
Min Correction Subset: [1, 12, 16, 46]
Iter 298: 
Min Hitting Set: [0, 1, 6, 8, 13, 16, 17, 19, 32, 34, 37, 51, 68, 74, 81, 87, 139, 140]
Min Correction Subset: [11, 12, 22, 25, 46]
Iter 299: 
Min Hitting Set: [0, 1, 6, 8, 10, 11, 12, 19, 25, 34, 37, 51, 68, 69, 81, 105, 139, 140]
Min Correction Subset: [4, 42, 74, 87]
Iter 300: 
Min Hitting Set: [0, 1, 6, 8, 10, 12, 17, 19, 25, 32, 34, 37, 51, 68, 81, 87, 139, 140]
Min Correction Subset: [4, 7, 9, 69, 74]
Iter 301: 
Min Hitting Set: [0, 1, 6, 9, 10, 12, 16, 17, 19, 25, 32, 37, 51, 68, 81, 87, 139, 140]
Min Correction Subset: [11, 34, 74, 75]
Iter 302: 
Min Hitting Set: [0, 1, 6, 8, 12, 16, 17, 19, 32, 34, 37, 51, 68, 74, 81, 87, 139, 140]
Min Correction Subset: [7, 9, 10, 64, 69]
Iter 303: 
Min Hitting Set: [0, 6, 8, 10, 12, 16, 17, 19, 25, 32, 34, 51, 68, 74, 81, 87, 139, 140]
Min Correction Subset: [1, 7, 9, 37, 69]
Iter 304: 
Min Hitting Set: [0, 1, 6, 7, 8, 10, 12, 17, 19, 25, 32, 34, 51, 74, 81, 87, 139, 140]
Min Correction Subset: [16, 37, 68, 82]
Iter 305: 
Min Hitting Set: [0, 1, 3, 6, 9, 12, 19, 25, 32, 34, 37, 51, 68, 74, 81, 87, 139, 140]
Min Correction Subset: [16, 17, 47, 82, 105]
Iter 306: 
Min Hitting Set: [0, 1, 6, 9, 12, 16, 17, 19, 32, 34, 37, 51, 68, 74, 81, 87, 139, 140]
Min Correction Subset: [22, 24, 25, 62, 99]
Iter 307: 
Min Hitting Set: [0, 1, 6, 10, 11, 12, 19, 22, 34, 51, 68, 69, 74, 81, 87, 105, 139, 140]
Min Correction Subset: [8, 16, 32, 37, 45]
Iter 308: 
Min Hitting Set: [0, 1, 6, 10, 11, 12, 16, 19, 22, 34, 51, 68, 69, 74, 81, 87, 139, 140]
Min Correction Subset: [8, 17, 32, 37, 45]
Iter 309: 
Min Hitting Set: [0, 1, 6, 9, 10, 16, 17, 19, 22, 32, 34, 37, 45, 51, 68, 87, 139, 140]
Min Correction Subset: [12, 81, 105]
Iter 310: 
Min Hitting Set: [0, 1, 3, 6, 9, 12, 16, 19, 22, 32, 34, 37, 51, 68, 74, 81, 139, 140]
Min Correction Subset: [10, 17, 18, 64, 87]
Iter 311: 
Min Hitting Set: [1, 6, 8, 12, 16, 17, 19, 22, 34, 37, 42, 51, 68, 69, 74, 81, 139, 140]
Min Correction Subset: [3, 11, 32, 87, 105]
Instance: paths-76-200-110000
----------------------------
Query: 3
Query element:57
Query element:60
Query scope: 57
Query scope: 60
----------------------------
IIS optimality: suboptimal
IIS solution time: 36025.071
IIS Constraint: 1; goods; {good:1}
IIS Constraint: 6; goods; {good:6}
IIS Constraint: 8; goods; {good:8}
IIS Constraint: 12; goods; {good:12}
IIS Constraint: 16; goods; {good:16}
IIS Constraint: 17; goods; {good:17}
IIS Constraint: 19; goods; {good:19}
IIS Constraint: 22; goods; {good:22}
IIS Constraint: 34; goods; {good:34}
IIS Constraint: 37; goods; {good:37}
IIS Constraint: 42; goods; {good:42}
IIS Constraint: 51; goods; {good:51}
IIS Constraint: 68; goods; {good:68}
IIS Constraint: 69; goods; {good:69}
IIS Constraint: 74; goods; {good:74}
IIS Constraint: 81; goods; {good:81}
IIS Constraint: 139; query; {bid:60,query:3}
IIS Constraint: 140; max; {f:20.847877,objective:max}
