IIS generation
Iter 1: 
Min Hitting Set: []
Min Correction Subset: [145]
Iter 2: 
Min Hitting Set: [145]
Min Correction Subset: [32]
Iter 3: 
Min Hitting Set: [32, 145]
Min Correction Subset: [74]
Iter 4: 
Min Hitting Set: [32, 74, 145]
Min Correction Subset: [44]
Iter 5: 
Min Hitting Set: [32, 44, 74, 145]
Min Correction Subset: [65]
Iter 6: 
Min Hitting Set: [32, 44, 65, 74, 145]
Min Correction Subset: [24]
Iter 7: 
Min Hitting Set: [24, 32, 44, 65, 74, 145]
Min Correction Subset: [41]
Iter 8: 
Min Hitting Set: [24, 32, 41, 44, 65, 74, 145]
Min Correction Subset: [1]
Iter 9: 
Min Hitting Set: [1, 24, 32, 41, 44, 65, 74, 145]
Min Correction Subset: [89]
Iter 10: 
Min Hitting Set: [1, 24, 32, 41, 44, 65, 74, 89, 145]
Min Correction Subset: [144]
Iter 11: 
Min Hitting Set: [1, 24, 32, 41, 44, 65, 74, 89, 144, 145]
Min Correction Subset: [0, 50]
Iter 12: 
Min Hitting Set: [0, 1, 24, 32, 41, 44, 65, 74, 89, 144, 145]
Min Correction Subset: [4, 48]
Iter 13: 
Min Hitting Set: [0, 1, 4, 24, 32, 41, 44, 65, 74, 89, 144, 145]
Min Correction Subset: [38, 103]
Iter 14: 
Min Hitting Set: [0, 1, 4, 24, 32, 38, 41, 44, 65, 74, 89, 144, 145]
Min Correction Subset: [7, 29]
Iter 15: 
Min Hitting Set: [0, 1, 4, 7, 24, 32, 38, 41, 44, 65, 74, 89, 144, 145]
Min Correction Subset: [28, 68]
Iter 16: 
Min Hitting Set: [0, 1, 4, 7, 24, 28, 32, 38, 41, 44, 65, 74, 89, 144, 145]
Min Correction Subset: [31, 59]
Iter 17: 
Min Hitting Set: [0, 1, 4, 7, 24, 28, 31, 32, 38, 41, 44, 65, 74, 89, 144, 145]
Min Correction Subset: [60, 119]
Iter 18: 
Min Hitting Set: [0, 1, 4, 7, 24, 28, 31, 32, 38, 41, 44, 60, 65, 74, 89, 144, 145]
Min Correction Subset: [26, 66]
Iter 19: 
Min Hitting Set: [0, 1, 4, 7, 24, 26, 28, 31, 32, 38, 41, 44, 60, 65, 74, 89, 144, 145]
Min Correction Subset: [43, 94]
Iter 20: 
Min Hitting Set: [0, 1, 4, 7, 24, 26, 28, 31, 32, 38, 41, 43, 44, 60, 65, 74, 89, 144, 145]
Min Correction Subset: [15, 50]
Iter 21: 
Min Hitting Set: [1, 4, 7, 24, 26, 28, 31, 32, 38, 41, 43, 44, 50, 60, 65, 74, 89, 144, 145]
Min Correction Subset: [0, 13]
Iter 22: 
Min Hitting Set: [0, 1, 4, 7, 24, 26, 28, 31, 32, 38, 41, 43, 44, 50, 60, 65, 74, 89, 144, 145]
Min Correction Subset: [13, 22]
Iter 23: 
Min Hitting Set: [1, 4, 7, 13, 24, 26, 28, 31, 32, 38, 41, 43, 44, 50, 60, 65, 74, 89, 144, 145]
Min Correction Subset: [0, 34]
Iter 24: 
Min Hitting Set: [0, 1, 4, 7, 13, 24, 26, 28, 31, 32, 38, 41, 43, 44, 50, 60, 65, 74, 89, 144, 145]
Min Correction Subset: [15, 23]
Iter 25: 
Min Hitting Set: [0, 1, 4, 7, 13, 15, 24, 26, 28, 31, 32, 38, 41, 43, 44, 60, 65, 74, 89, 144, 145]
Min Correction Subset: [36, 50]
Iter 26: 
Min Hitting Set: [0, 1, 4, 7, 13, 15, 24, 26, 28, 31, 32, 38, 41, 43, 44, 50, 60, 65, 74, 89, 144, 145]
Min Correction Subset: [3, 56, 119]
Iter 27: 
Min Hitting Set: [0, 1, 4, 7, 13, 15, 24, 26, 28, 31, 32, 38, 41, 43, 44, 50, 65, 74, 89, 119, 144, 145]
Min Correction Subset: [60, 85]
Iter 28: 
Min Hitting Set: [0, 1, 4, 7, 13, 15, 24, 26, 28, 31, 32, 38, 41, 43, 44, 50, 60, 65, 74, 89, 119, 144, 145]
Min Correction Subset: [17, 18, 35]
Iter 29: 
Min Hitting Set: [0, 1, 4, 7, 13, 15, 17, 24, 26, 28, 31, 32, 38, 41, 43, 44, 50, 60, 65, 74, 89, 119, 144, 145]
Min Correction Subset: [2, 67, 85]
Iter 30: 
Min Hitting Set: [0, 1, 4, 7, 13, 15, 17, 24, 26, 28, 31, 32, 38, 41, 43, 44, 50, 65, 74, 85, 89, 119, 144, 145]
Min Correction Subset: [18, 29, 60]
Iter 31: 
Min Hitting Set: [0, 1, 4, 13, 15, 18, 24, 26, 28, 29, 31, 32, 38, 41, 43, 44, 50, 65, 74, 85, 89, 119, 144, 145]
Min Correction Subset: [7, 9]
Iter 32: 
Min Hitting Set: [0, 1, 4, 7, 13, 15, 18, 24, 26, 28, 31, 32, 38, 41, 43, 44, 50, 65, 74, 85, 89, 119, 144, 145]
Min Correction Subset: [17, 23, 35]
Iter 33: 
Min Hitting Set: [0, 1, 4, 7, 13, 18, 23, 24, 26, 28, 31, 32, 38, 41, 43, 44, 50, 65, 74, 85, 89, 119, 144, 145]
Min Correction Subset: [17, 29, 35]
Iter 34: 
Min Hitting Set: [0, 1, 4, 7, 13, 18, 23, 24, 26, 28, 29, 31, 32, 38, 41, 43, 44, 50, 65, 74, 85, 89, 119, 144, 145]
Min Correction Subset: [10, 17, 25]
Iter 35: 
Min Hitting Set: [0, 1, 4, 7, 13, 15, 17, 24, 26, 28, 29, 31, 32, 38, 41, 43, 44, 50, 65, 74, 85, 89, 119, 144, 145]
Min Correction Subset: [68, 73, 94]
Iter 36: 
Min Hitting Set: [0, 1, 4, 7, 13, 15, 17, 24, 26, 29, 31, 32, 38, 41, 44, 50, 65, 68, 74, 85, 89, 94, 119, 144, 145]
Min Correction Subset: [28, 43, 81]
Iter 37: 
Min Hitting Set: [0, 1, 4, 7, 13, 15, 17, 24, 26, 29, 31, 32, 38, 41, 43, 44, 50, 65, 68, 74, 85, 89, 119, 144, 145]
Min Correction Subset: [18, 34, 91]
Iter 38: 
Min Hitting Set: [1, 4, 7, 13, 15, 17, 18, 24, 26, 31, 32, 34, 38, 41, 43, 44, 50, 65, 68, 74, 85, 89, 119, 144, 145]
Min Correction Subset: [28, 29]
Iter 39: 
Min Hitting Set: [1, 4, 7, 13, 15, 17, 24, 26, 29, 31, 32, 34, 38, 41, 43, 44, 50, 65, 68, 74, 85, 89, 119, 144, 145]
Min Correction Subset: [0, 2, 35]
Iter 40: 
Min Hitting Set: [0, 1, 4, 7, 13, 15, 17, 18, 24, 26, 28, 31, 32, 38, 41, 44, 50, 65, 74, 85, 89, 94, 119, 144, 145]
Min Correction Subset: [23, 29, 60]
Iter 41: 
Min Hitting Set: [0, 1, 4, 7, 13, 17, 18, 23, 24, 26, 28, 31, 32, 38, 41, 44, 50, 65, 74, 85, 89, 94, 119, 144, 145]
Min Correction Subset: [29, 56, 76]
Iter 42: 
Min Hitting Set: [1, 2, 4, 7, 13, 17, 23, 24, 26, 28, 31, 32, 34, 38, 41, 44, 50, 56, 60, 65, 74, 89, 94, 144, 145]
Min Correction Subset: [0, 43]
Iter 43: 
Min Hitting Set: [1, 2, 4, 7, 13, 17, 23, 24, 26, 29, 31, 32, 34, 38, 41, 43, 44, 50, 65, 68, 74, 85, 89, 119, 144, 145]
Min Correction Subset: [0, 15]
Iter 44: 
Min Hitting Set: [1, 2, 4, 7, 13, 15, 17, 24, 26, 29, 31, 32, 34, 38, 41, 43, 44, 50, 65, 68, 74, 85, 89, 119, 144, 145]
Min Correction Subset: [0, 71, 73]
Iter 45: 
Min Hitting Set: [1, 2, 4, 7, 13, 15, 17, 24, 26, 28, 31, 32, 34, 38, 41, 43, 44, 50, 56, 60, 65, 73, 74, 89, 144, 145]
Min Correction Subset: [0, 119]
Iter 46: 
Min Hitting Set: [0, 1, 4, 7, 13, 15, 17, 24, 26, 28, 31, 32, 34, 38, 41, 44, 50, 56, 60, 65, 74, 85, 89, 94, 144, 145]
Min Correction Subset: [10, 16, 18]
Iter 47: 
Min Hitting Set: [0, 1, 4, 7, 13, 17, 18, 23, 24, 26, 28, 31, 32, 38, 41, 44, 50, 56, 65, 74, 85, 89, 94, 119, 144, 145]
Min Correction Subset: [15, 20, 29]
Iter 48: 
Min Hitting Set: [0, 1, 4, 7, 13, 17, 18, 23, 24, 26, 28, 29, 31, 32, 38, 41, 44, 50, 65, 74, 85, 89, 94, 119, 144, 145]
Min Correction Subset: [10, 35, 60]
Iter 49: 
Min Hitting Set: [0, 1, 4, 7, 10, 13, 18, 23, 24, 26, 28, 29, 31, 32, 38, 41, 44, 50, 65, 74, 85, 89, 94, 119, 144, 145]
Min Correction Subset: [15, 17, 20]
Iter 50: 
Min Hitting Set: [0, 1, 4, 7, 13, 15, 17, 18, 24, 26, 28, 31, 32, 38, 41, 44, 50, 56, 60, 65, 74, 85, 89, 94, 144, 145]
Min Correction Subset: [34, 59, 91]
Iter 51: 
Min Hitting Set: [0, 1, 4, 7, 13, 15, 17, 18, 24, 26, 28, 32, 38, 41, 44, 50, 56, 59, 60, 65, 74, 85, 89, 94, 144, 145]
Min Correction Subset: [31, 34]
Iter 52: 
Min Hitting Set: [0, 1, 4, 7, 10, 13, 15, 24, 26, 28, 31, 32, 34, 35, 38, 41, 44, 50, 56, 60, 65, 74, 85, 89, 94, 144, 145]
Min Correction Subset: [17, 18, 23]
Iter 53: 
Min Hitting Set: [0, 1, 4, 7, 10, 13, 15, 17, 24, 26, 29, 31, 32, 34, 38, 41, 43, 44, 50, 65, 68, 74, 85, 89, 119, 144, 145]
Min Correction Subset: [18, 35, 60]
Iter 54: 
Min Hitting Set: [0, 1, 4, 7, 13, 15, 17, 18, 24, 26, 28, 31, 32, 34, 38, 41, 44, 50, 56, 60, 65, 74, 85, 89, 94, 144, 145]
Min Correction Subset: [29, 76, 119]
Iter 55: 
Min Hitting Set: [0, 1, 4, 7, 13, 17, 18, 23, 24, 26, 29, 31, 32, 34, 38, 41, 43, 44, 50, 60, 65, 68, 74, 85, 89, 119, 144, 145]
Min Correction Subset: [10, 15, 30]
Iter 56: 
Min Hitting Set: [0, 1, 4, 7, 13, 15, 17, 18, 24, 26, 29, 31, 32, 34, 35, 38, 41, 43, 44, 50, 65, 68, 74, 85, 89, 119, 144, 145]
Min Correction Subset: [3, 16, 60]
Iter 57: 
Min Hitting Set: [0, 1, 4, 7, 13, 15, 17, 18, 24, 26, 28, 31, 32, 34, 38, 41, 44, 50, 56, 60, 65, 74, 85, 89, 94, 119, 144, 145]
Min Correction Subset: [16, 23, 29]
Iter 58: 
Min Hitting Set: [0, 1, 4, 7, 13, 15, 17, 18, 24, 26, 28, 29, 31, 32, 34, 38, 41, 44, 50, 60, 65, 74, 85, 89, 94, 119, 144, 145]
Min Correction Subset: [3, 23, 120]
Iter 59: 
Min Hitting Set: [0, 1, 3, 4, 7, 10, 13, 15, 17, 24, 26, 28, 29, 31, 32, 34, 38, 41, 44, 50, 60, 65, 74, 85, 89, 94, 144, 145]
Min Correction Subset: [36, 56, 119]
Iter 60: 
Min Hitting Set: [0, 1, 3, 4, 7, 10, 13, 15, 17, 24, 26, 28, 29, 31, 32, 34, 36, 38, 41, 44, 60, 65, 74, 85, 89, 94, 144, 145]
Min Correction Subset: [16, 50]
Iter 61: 
Min Hitting Set: [0, 1, 4, 7, 10, 13, 17, 23, 24, 26, 28, 29, 31, 32, 34, 38, 41, 44, 50, 56, 60, 65, 74, 85, 89, 94, 144, 145]
Min Correction Subset: [18, 59, 91]
Iter 62: 
Min Hitting Set: [0, 1, 3, 4, 7, 13, 15, 16, 17, 24, 26, 28, 29, 32, 34, 36, 38, 41, 44, 59, 60, 65, 74, 85, 89, 94, 144, 145]
Min Correction Subset: [31, 50]
Iter 63: 
Min Hitting Set: [0, 1, 2, 4, 7, 10, 13, 17, 23, 24, 26, 28, 29, 31, 32, 38, 41, 44, 50, 56, 60, 65, 74, 89, 91, 94, 144, 145]
Min Correction Subset: [15, 20, 37]
Iter 64: 
Min Hitting Set: [0, 1, 3, 4, 7, 13, 15, 16, 17, 24, 26, 28, 29, 31, 32, 36, 38, 41, 44, 60, 65, 74, 85, 89, 91, 94, 144, 145]
Min Correction Subset: [18, 23, 50]
Iter 65: 
Min Hitting Set: [0, 1, 4, 7, 13, 15, 17, 18, 23, 24, 26, 28, 32, 34, 38, 41, 44, 50, 56, 59, 60, 65, 74, 85, 89, 94, 119, 144, 145]
Min Correction Subset: [31, 43]
Iter 66: 
Min Hitting Set: [0, 1, 4, 7, 13, 15, 17, 18, 23, 24, 26, 29, 32, 34, 38, 41, 43, 44, 50, 59, 60, 65, 68, 74, 85, 89, 119, 144, 145]
Min Correction Subset: [3, 16, 56]
Iter 67: 
Min Hitting Set: [0, 1, 4, 7, 13, 15, 17, 18, 23, 24, 26, 29, 32, 34, 38, 41, 43, 44, 50, 56, 59, 60, 65, 68, 74, 85, 89, 144, 145]
Min Correction Subset: [10, 31, 119]
Iter 68: 
Min Hitting Set: [0, 1, 3, 4, 7, 13, 15, 16, 17, 18, 24, 26, 28, 29, 31, 32, 36, 38, 41, 44, 60, 65, 74, 85, 89, 91, 94, 144, 145]
Min Correction Subset: [23, 50, 86]
Iter 69: 
Min Hitting Set: [0, 1, 3, 4, 7, 13, 15, 17, 18, 24, 26, 28, 29, 31, 32, 36, 38, 41, 44, 50, 60, 65, 74, 85, 89, 91, 94, 144, 145]
Min Correction Subset: [16, 56, 119]
Iter 70: 
Min Hitting Set: [0, 1, 2, 4, 7, 10, 13, 15, 23, 24, 26, 29, 32, 34, 35, 38, 41, 43, 44, 50, 56, 59, 60, 65, 68, 74, 89, 144, 145]
Min Correction Subset: [3, 42, 85]
Iter 71: 
Min Hitting Set: [0, 1, 3, 4, 7, 10, 13, 15, 18, 24, 26, 29, 32, 34, 35, 38, 41, 43, 44, 50, 59, 65, 68, 74, 85, 89, 119, 144, 145]
Min Correction Subset: [17, 23, 25]
Iter 72: 
Min Hitting Set: [0, 1, 2, 3, 4, 7, 13, 15, 16, 17, 24, 26, 28, 31, 32, 38, 41, 44, 50, 56, 60, 65, 74, 89, 91, 94, 119, 144, 145]
Min Correction Subset: [14, 43, 73]
Iter 73: 
Min Hitting Set: [0, 1, 3, 4, 7, 13, 15, 17, 18, 24, 26, 29, 32, 34, 35, 38, 41, 43, 44, 50, 59, 65, 68, 74, 85, 89, 119, 144, 145]
Min Correction Subset: [16, 23, 60]
Iter 74: 
Min Hitting Set: [0, 1, 3, 4, 7, 13, 15, 17, 18, 24, 26, 29, 32, 34, 38, 41, 43, 44, 50, 59, 60, 65, 68, 74, 85, 89, 119, 144, 145]
Min Correction Subset: [16, 23, 31]
Iter 75: 
Min Hitting Set: [0, 1, 3, 4, 7, 13, 15, 16, 17, 24, 26, 29, 32, 34, 38, 41, 43, 44, 50, 59, 60, 65, 68, 74, 85, 89, 119, 144, 145]
Min Correction Subset: [11, 18, 28, 81]
Iter 76: 
Min Hitting Set: [1, 4, 7, 13, 15, 16, 17, 23, 24, 26, 28, 29, 32, 34, 35, 38, 41, 43, 44, 50, 59, 65, 73, 74, 85, 89, 119, 144, 145]
Min Correction Subset: [0, 68]
Iter 77: 
Min Hitting Set: [0, 1, 3, 4, 7, 10, 13, 15, 18, 23, 24, 26, 29, 32, 34, 38, 41, 43, 44, 50, 59, 65, 68, 74, 85, 89, 119, 144, 145]
Min Correction Subset: [16, 25, 60]
Iter 78: 
Min Hitting Set: [0, 1, 2, 3, 4, 7, 13, 15, 17, 18, 24, 26, 29, 31, 32, 38, 41, 43, 44, 50, 56, 59, 60, 65, 68, 74, 89, 144, 145]
Min Correction Subset: [34, 57, 91]
Iter 79: 
Min Hitting Set: [0, 1, 2, 3, 4, 7, 13, 15, 17, 18, 24, 26, 29, 31, 32, 34, 38, 41, 43, 44, 50, 56, 60, 65, 68, 74, 89, 144, 145]
Min Correction Subset: [23, 42, 85]
Iter 80: 
Min Hitting Set: [0, 1, 3, 4, 7, 13, 15, 17, 18, 24, 26, 29, 31, 32, 34, 38, 41, 43, 44, 50, 56, 60, 65, 68, 74, 85, 89, 144, 145]
Min Correction Subset: [57, 59, 91]
Iter 81: 
Min Hitting Set: [0, 1, 3, 4, 7, 13, 15, 17, 18, 24, 26, 29, 31, 32, 38, 41, 43, 44, 50, 56, 60, 65, 68, 74, 85, 89, 91, 144, 145]
Min Correction Subset: [11, 20, 28, 81]
Iter 82: 
Min Hitting Set: [0, 1, 4, 7, 10, 13, 18, 20, 23, 24, 26, 29, 31, 32, 38, 41, 43, 44, 50, 56, 60, 65, 68, 74, 85, 89, 91, 144, 145]
Min Correction Subset: [15, 17, 25]
Iter 83: 
Min Hitting Set: [0, 1, 4, 7, 13, 15, 17, 18, 23, 24, 26, 28, 31, 32, 38, 41, 44, 50, 56, 60, 65, 73, 74, 85, 89, 91, 94, 119, 144, 145]
Min Correction Subset: [10, 16, 29]
Iter 84: 
Min Hitting Set: [0, 1, 4, 7, 13, 15, 17, 18, 23, 24, 26, 28, 29, 31, 32, 38, 41, 44, 50, 56, 60, 65, 73, 74, 85, 89, 91, 94, 144, 145]
Min Correction Subset: [3, 16, 120]
Iter 85: 
Min Hitting Set: [0, 1, 3, 4, 7, 13, 15, 17, 18, 24, 26, 28, 29, 31, 32, 38, 41, 43, 44, 50, 56, 60, 65, 73, 74, 85, 89, 91, 144, 145]
Min Correction Subset: [10, 68, 94]
Iter 86: 
Min Hitting Set: [0, 1, 3, 4, 7, 10, 13, 15, 17, 24, 26, 28, 29, 31, 32, 38, 41, 43, 44, 50, 60, 65, 73, 74, 85, 89, 91, 119, 144, 145]
Min Correction Subset: [18, 68, 94]
Iter 87: 
Min Hitting Set: [0, 1, 3, 4, 7, 10, 13, 15, 17, 24, 26, 28, 29, 31, 32, 38, 41, 43, 44, 50, 60, 65, 74, 85, 89, 91, 94, 119, 144, 145]
Min Correction Subset: [16, 18, 23]
Iter 88: 
Min Hitting Set: [0, 1, 3, 4, 7, 13, 15, 17, 18, 24, 26, 28, 29, 31, 32, 38, 41, 43, 44, 50, 56, 60, 65, 68, 74, 85, 89, 91, 144, 145]
Min Correction Subset: [23, 36, 73, 119]
Iter 89: 
Min Hitting Set: [0, 1, 3, 4, 7, 13, 15, 17, 18, 24, 26, 28, 29, 31, 32, 38, 41, 44, 50, 56, 60, 65, 73, 74, 85, 89, 91, 94, 144, 145]
Min Correction Subset: [16, 20, 37, 117]
Iter 90: 
Min Hitting Set: [0, 1, 4, 7, 13, 15, 16, 17, 23, 24, 26, 28, 31, 32, 38, 41, 44, 50, 56, 60, 65, 73, 74, 85, 89, 91, 94, 119, 144, 145]
Min Correction Subset: [10, 18, 20, 29]
Iter 91: 
Min Hitting Set: [0, 1, 4, 7, 13, 15, 16, 17, 23, 24, 26, 28, 29, 31, 32, 38, 41, 44, 50, 60, 65, 73, 74, 85, 89, 91, 94, 119, 144, 145]
Min Correction Subset: [3, 56, 120]
Iter 92: 
Min Hitting Set: [0, 1, 3, 4, 7, 13, 15, 16, 17, 24, 26, 28, 29, 31, 32, 36, 38, 41, 43, 44, 50, 60, 65, 68, 74, 85, 89, 91, 144, 145]
Min Correction Subset: [10, 20, 37, 117]
Iter 93: 
Min Hitting Set: [0, 1, 3, 4, 7, 13, 15, 17, 18, 20, 24, 26, 29, 31, 32, 38, 41, 43, 44, 50, 60, 65, 68, 74, 85, 89, 91, 119, 144, 145]
Min Correction Subset: [10, 25, 36, 56]
Iter 94: 
Min Hitting Set: [0, 1, 3, 4, 7, 10, 13, 18, 20, 23, 24, 25, 26, 29, 31, 32, 38, 41, 43, 44, 50, 65, 68, 74, 85, 89, 91, 119, 144, 145]
Min Correction Subset: [15, 17, 35]
Iter 95: 
Min Hitting Set: [0, 1, 4, 7, 13, 15, 16, 17, 20, 23, 24, 26, 28, 31, 32, 38, 41, 44, 50, 56, 60, 65, 73, 74, 85, 89, 91, 94, 119, 144, 145]
Min Correction Subset: [3, 14, 51, 120]
Iter 96: 
Min Hitting Set: [0, 1, 3, 4, 7, 10, 13, 15, 16, 17, 24, 26, 28, 29, 31, 32, 35, 38, 41, 44, 50, 65, 73, 74, 85, 89, 91, 94, 119, 144, 145]
Min Correction Subset: [18, 23, 60]
Iter 97: 
Min Hitting Set: [0, 1, 3, 4, 7, 10, 13, 15, 16, 17, 24, 26, 28, 29, 31, 32, 36, 38, 41, 44, 50, 60, 65, 73, 74, 85, 89, 91, 94, 144, 145]
Min Correction Subset: [18, 20, 56, 119]
Iter 98: 
Min Hitting Set: [0, 1, 3, 4, 7, 13, 15, 17, 18, 20, 24, 26, 29, 31, 32, 38, 41, 43, 44, 50, 56, 60, 65, 68, 73, 74, 85, 89, 91, 144, 145]
Min Correction Subset: [10, 16, 36, 119]
Iter 99: 
Min Hitting Set: [0, 1, 3, 4, 7, 13, 15, 17, 18, 20, 24, 26, 29, 31, 32, 36, 38, 41, 43, 44, 50, 56, 60, 65, 68, 74, 85, 89, 91, 144, 145]
Min Correction Subset: [10, 11, 28, 81]
Iter 100: 
Min Hitting Set: [0, 1, 3, 4, 7, 13, 15, 16, 17, 20, 24, 26, 28, 29, 31, 32, 36, 38, 41, 44, 50, 60, 65, 73, 74, 85, 89, 91, 94, 144, 145]
Min Correction Subset: [10, 18, 56, 119]
Iter 101: 
Min Hitting Set: [0, 1, 3, 4, 7, 13, 15, 16, 17, 20, 24, 26, 28, 29, 31, 32, 38, 41, 44, 50, 56, 60, 65, 73, 74, 85, 89, 91, 94, 144, 145]
Min Correction Subset: [10, 18, 36, 119]
Iter 102: 
Min Hitting Set: [0, 1, 4, 7, 10, 13, 14, 16, 17, 20, 23, 24, 26, 28, 31, 32, 38, 41, 44, 50, 56, 60, 65, 74, 85, 89, 91, 94, 119, 144, 145]
Min Correction Subset: [15, 18, 29]
Iter 103: 
Min Hitting Set: [0, 1, 3, 4, 7, 10, 13, 15, 16, 17, 24, 26, 28, 29, 31, 32, 38, 41, 44, 50, 56, 60, 65, 73, 74, 85, 89, 91, 94, 144, 145]
Min Correction Subset: [14, 20, 37, 43]
Iter 104: 
Min Hitting Set: [0, 1, 4, 7, 10, 13, 14, 15, 16, 17, 23, 24, 26, 28, 31, 32, 36, 38, 41, 44, 56, 60, 65, 74, 85, 89, 91, 94, 119, 144, 145]
Min Correction Subset: [3, 50]
Iter 105: 
Min Hitting Set: [0, 1, 3, 4, 7, 10, 13, 15, 16, 17, 18, 24, 26, 28, 29, 31, 32, 38, 41, 43, 44, 50, 65, 73, 74, 85, 89, 91, 119, 144, 145]
Min Correction Subset: [20, 68, 94]
Iter 106: 
Min Hitting Set: [0, 1, 2, 3, 4, 7, 10, 13, 14, 17, 20, 23, 24, 26, 28, 29, 31, 32, 38, 41, 44, 50, 56, 60, 65, 74, 89, 91, 94, 144, 145]
Min Correction Subset: [15, 42, 85]
Iter 107: 
Min Hitting Set: [0, 1, 3, 4, 7, 10, 13, 18, 20, 23, 24, 25, 26, 29, 31, 32, 35, 38, 41, 43, 44, 50, 65, 68, 74, 85, 89, 91, 119, 144, 145]
Min Correction Subset: [15, 17, 28]
Iter 108: 
Min Hitting Set: [0, 1, 3, 4, 7, 10, 13, 15, 16, 18, 23, 24, 26, 28, 29, 31, 32, 38, 41, 43, 44, 50, 65, 68, 74, 85, 89, 91, 119, 144, 145]
Min Correction Subset: [25, 60, 71]
Iter 109: 
Min Hitting Set: [0, 1, 3, 4, 7, 10, 13, 17, 18, 20, 23, 24, 26, 29, 31, 32, 38, 41, 43, 44, 50, 60, 65, 68, 74, 85, 89, 91, 119, 144, 145]
Min Correction Subset: [11, 15, 28, 81]
Iter 110: 
Min Hitting Set: [0, 1, 3, 4, 7, 10, 13, 17, 20, 23, 24, 26, 28, 29, 31, 32, 38, 41, 43, 44, 50, 60, 65, 74, 85, 89, 91, 94, 119, 144, 145]
Min Correction Subset: [15, 18, 25, 71]
Iter 111: 
Min Hitting Set: [0, 1, 3, 4, 7, 10, 13, 15, 16, 17, 24, 26, 28, 29, 31, 32, 38, 41, 43, 44, 50, 60, 65, 68, 74, 85, 89, 91, 119, 144, 145]
Min Correction Subset: [14, 20, 23, 51]
Iter 112: 
Min Hitting Set: [0, 1, 3, 4, 7, 10, 13, 15, 18, 20, 23, 24, 26, 29, 32, 34, 38, 41, 43, 44, 50, 56, 59, 60, 65, 68, 74, 85, 89, 144, 145]
Min Correction Subset: [17, 67, 119]
Iter 113: 
Min Hitting Set: [1, 3, 4, 7, 10, 13, 15, 16, 23, 24, 26, 28, 29, 32, 34, 35, 38, 41, 43, 44, 50, 59, 65, 68, 71, 74, 85, 89, 119, 144, 145]
Min Correction Subset: [0, 36, 56]
Iter 114: 
Min Hitting Set: [0, 1, 3, 4, 7, 13, 15, 16, 17, 20, 24, 26, 28, 31, 32, 38, 41, 44, 50, 56, 60, 65, 73, 74, 85, 89, 91, 94, 119, 144, 145]
Min Correction Subset: [23, 29, 71, 76]
Iter 115: 
Min Hitting Set: [0, 1, 3, 4, 7, 10, 13, 20, 23, 24, 25, 26, 28, 29, 31, 32, 35, 38, 41, 43, 44, 50, 65, 74, 85, 89, 91, 94, 119, 144, 145]
Min Correction Subset: [15, 17, 18]
Iter 116: 
Min Hitting Set: [0, 1, 3, 4, 7, 10, 13, 15, 17, 18, 20, 24, 26, 29, 31, 32, 38, 41, 43, 44, 50, 60, 65, 68, 74, 85, 89, 91, 119, 144, 145]
Min Correction Subset: [23, 25, 36, 56]
Iter 117: 
Min Hitting Set: [0, 1, 4, 7, 13, 14, 15, 16, 17, 20, 23, 24, 26, 28, 31, 32, 38, 41, 44, 50, 56, 60, 65, 74, 85, 89, 91, 94, 119, 144, 145]
Min Correction Subset: [2, 3, 18, 120]
Iter 118: 
Min Hitting Set: [0, 1, 3, 4, 7, 10, 13, 15, 18, 20, 23, 24, 26, 29, 32, 34, 38, 41, 43, 44, 50, 59, 60, 65, 68, 74, 85, 89, 119, 144, 145]
Min Correction Subset: [17, 25, 71]
Iter 119: 
Min Hitting Set: [0, 1, 3, 4, 7, 10, 13, 15, 18, 20, 23, 24, 25, 26, 29, 31, 32, 38, 41, 43, 44, 50, 65, 68, 74, 85, 89, 91, 119, 144, 145]
Min Correction Subset: [16, 17, 71]
Iter 120: 
Min Hitting Set: [0, 1, 3, 4, 7, 10, 13, 14, 15, 16, 17, 24, 25, 26, 28, 29, 31, 32, 38, 41, 44, 50, 60, 65, 74, 85, 89, 91, 94, 119, 144, 145]
Min Correction Subset: [20, 35, 36, 56]
Iter 121: 
Min Hitting Set: [0, 1, 3, 4, 7, 10, 13, 14, 15, 16, 17, 24, 26, 28, 29, 31, 32, 36, 38, 41, 44, 50, 60, 65, 74, 85, 89, 91, 94, 119, 144, 145]
Min Correction Subset: [43, 56, 73, 76]
Iter 122: 
Min Hitting Set: [0, 1, 2, 3, 4, 7, 10, 13, 15, 17, 20, 23, 24, 26, 28, 32, 34, 38, 41, 43, 44, 50, 56, 59, 60, 65, 68, 74, 76, 89, 144, 145]
Min Correction Subset: [16, 18, 29]
Iter 123: 
Min Hitting Set: [0, 1, 3, 4, 7, 13, 15, 16, 17, 20, 24, 26, 28, 29, 32, 34, 38, 41, 43, 44, 50, 56, 59, 60, 65, 68, 74, 85, 89, 119, 144, 145]
Min Correction Subset: [14, 21, 31, 51]
Iter 124: 
Min Hitting Set: [0, 1, 3, 4, 7, 10, 13, 15, 17, 18, 20, 24, 26, 28, 29, 31, 32, 38, 41, 43, 44, 50, 56, 60, 65, 73, 74, 85, 89, 91, 144, 145]
Min Correction Subset: [23, 68, 94]
Iter 125: 
Min Hitting Set: [0, 1, 3, 4, 7, 13, 15, 16, 17, 20, 24, 26, 28, 31, 32, 38, 41, 43, 44, 50, 56, 60, 65, 68, 71, 74, 85, 89, 91, 119, 144, 145]
Min Correction Subset: [23, 29, 51, 94]
Instance: paths-76-200-620000
----------------------------
Query: 10
Query element:96
Query element:61
Query scope: 89
----------------------------
IIS optimality: suboptimal
IIS solution time: 36101.244
IIS Constraint: 0; goods; {good:0}
IIS Constraint: 1; goods; {good:1}
IIS Constraint: 3; goods; {good:3}
IIS Constraint: 4; goods; {good:4}
IIS Constraint: 7; goods; {good:7}
IIS Constraint: 13; goods; {good:13}
IIS Constraint: 15; goods; {good:15}
IIS Constraint: 16; goods; {good:16}
IIS Constraint: 17; goods; {good:17}
IIS Constraint: 20; goods; {good:20}
IIS Constraint: 24; goods; {good:24}
IIS Constraint: 26; goods; {good:26}
IIS Constraint: 28; goods; {good:28}
IIS Constraint: 31; goods; {good:31}
IIS Constraint: 32; goods; {good:32}
IIS Constraint: 38; goods; {good:38}
IIS Constraint: 41; goods; {good:41}
IIS Constraint: 43; goods; {good:43}
IIS Constraint: 44; goods; {good:44}
IIS Constraint: 50; goods; {good:50}
IIS Constraint: 56; goods; {good:56}
IIS Constraint: 60; goods; {good:60}
IIS Constraint: 65; goods; {good:65}
IIS Constraint: 68; goods; {good:68}
IIS Constraint: 71; goods; {good:71}
IIS Constraint: 74; goods; {good:74}
IIS Constraint: 85; goods; {good:85}
IIS Constraint: 89; goods; {good:89}
IIS Constraint: 91; goods; {good:91}
IIS Constraint: 119; goods; {good:119}
IIS Constraint: 144; query; {goods:[96,61],query:10}
IIS Constraint: 145; max; {f:22.077575799999998,objective:max}
