IIS generation
Iter 1: 
Min Hitting Set: []
Min Correction Subset: [102]
Iter 2: 
Min Hitting Set: [102]
Min Correction Subset: [87]
Iter 3: 
Min Hitting Set: [87, 102]
Min Correction Subset: [77]
Iter 4: 
Min Hitting Set: [77, 87, 102]
Min Correction Subset: [86]
Iter 5: 
Min Hitting Set: [77, 86, 87, 102]
Min Correction Subset: [78]
Iter 6: 
Min Hitting Set: [77, 78, 86, 87, 102]
Min Correction Subset: [84]
Iter 7: 
Min Hitting Set: [77, 78, 84, 86, 87, 102]
Min Correction Subset: [82]
Iter 8: 
Min Hitting Set: [77, 78, 82, 84, 86, 87, 102]
Min Correction Subset: [99]
Iter 9: 
Min Hitting Set: [77, 78, 82, 84, 86, 87, 99, 102]
Min Correction Subset: [97]
Iter 10: 
Min Hitting Set: [77, 78, 82, 84, 86, 87, 97, 99, 102]
Min Correction Subset: [80]
Iter 11: 
Min Hitting Set: [77, 78, 80, 82, 84, 86, 87, 97, 99, 102]
Min Correction Subset: [94]
Iter 12: 
Min Hitting Set: [77, 78, 80, 82, 84, 86, 87, 94, 97, 99, 102]
Min Correction Subset: [88]
Iter 13: 
Min Hitting Set: [77, 78, 80, 82, 84, 86, 87, 88, 94, 97, 99, 102]
Min Correction Subset: [90]
Iter 14: 
Min Hitting Set: [77, 78, 80, 82, 84, 86, 87, 88, 90, 94, 97, 99, 102]
Min Correction Subset: [83]
Iter 15: 
Min Hitting Set: [77, 78, 80, 82, 83, 84, 86, 87, 88, 90, 94, 97, 99, 102]
Min Correction Subset: [96]
Iter 16: 
Min Hitting Set: [77, 78, 80, 82, 83, 84, 86, 87, 88, 90, 94, 96, 97, 99, 102]
Min Correction Subset: [81]
Iter 17: 
Min Hitting Set: [77, 78, 80, 81, 82, 83, 84, 86, 87, 88, 90, 94, 96, 97, 99, 102]
Min Correction Subset: [85]
Iter 18: 
Min Hitting Set: [77, 78, 80, 81, 82, 83, 84, 85, 86, 87, 88, 90, 94, 96, 97, 99, 102]
Min Correction Subset: [95]
Iter 19: 
Min Hitting Set: [77, 78, 80, 81, 82, 83, 84, 85, 86, 87, 88, 90, 94, 95, 96, 97, 99, 102]
Min Correction Subset: [89]
Iter 20: 
Min Hitting Set: [77, 78, 80, 81, 82, 83, 84, 85, 86, 87, 88, 89, 90, 94, 95, 96, 97, 99, 102]
Min Correction Subset: [17]
Iter 21: 
Min Hitting Set: [17, 77, 78, 80, 81, 82, 83, 84, 85, 86, 87, 88, 89, 90, 94, 95, 96, 97, 99, 102]
Min Correction Subset: [76]
Iter 22: 
Min Hitting Set: [17, 76, 77, 78, 80, 81, 82, 83, 84, 85, 86, 87, 88, 89, 90, 94, 95, 96, 97, 99, 102]
Min Correction Subset: [98]
Iter 23: 
Min Hitting Set: [17, 76, 77, 78, 80, 81, 82, 83, 84, 85, 86, 87, 88, 89, 90, 94, 95, 96, 97, 98, 99, 102]
Min Correction Subset: [21]
Iter 24: 
Min Hitting Set: [17, 21, 76, 77, 78, 80, 81, 82, 83, 84, 85, 86, 87, 88, 89, 90, 94, 95, 96, 97, 98, 99, 102]
Min Correction Subset: [61]
Iter 25: 
Min Hitting Set: [17, 21, 61, 76, 77, 78, 80, 81, 82, 83, 84, 85, 86, 87, 88, 89, 90, 94, 95, 96, 97, 98, 99, 102]
Min Correction Subset: [101]
Iter 26: 
Min Hitting Set: [17, 21, 61, 76, 77, 78, 80, 81, 82, 83, 84, 85, 86, 87, 88, 89, 90, 94, 95, 96, 97, 98, 99, 101, 102]
Min Correction Subset: [12, 79]
Iter 27: 
Min Hitting Set: [12, 17, 21, 61, 76, 77, 78, 80, 81, 82, 83, 84, 85, 86, 87, 88, 89, 90, 94, 95, 96, 97, 98, 99, 101, 102]
Min Correction Subset: [25, 91]
Iter 28: 
Min Hitting Set: [12, 17, 21, 25, 61, 76, 77, 78, 80, 81, 82, 83, 84, 85, 86, 87, 88, 89, 90, 94, 95, 96, 97, 98, 99, 101, 102]
Min Correction Subset: [16, 79]
Iter 29: 
Min Hitting Set: [17, 21, 25, 61, 76, 77, 78, 79, 80, 81, 82, 83, 84, 85, 86, 87, 88, 89, 90, 94, 95, 96, 97, 98, 99, 101, 102]
Min Correction Subset: [2, 13]
Iter 30: 
Min Hitting Set: [2, 17, 21, 25, 61, 76, 77, 78, 79, 80, 81, 82, 83, 84, 85, 86, 87, 88, 89, 90, 94, 95, 96, 97, 98, 99, 101, 102]
Min Correction Subset: [5, 18]
Iter 31: 
Min Hitting Set: [2, 5, 17, 21, 25, 61, 76, 77, 78, 79, 80, 81, 82, 83, 84, 85, 86, 87, 88, 89, 90, 94, 95, 96, 97, 98, 99, 101, 102]
Min Correction Subset: [12, 55]
Iter 32: 
Min Hitting Set: [2, 5, 12, 17, 21, 25, 61, 76, 77, 78, 79, 80, 81, 82, 83, 84, 85, 86, 87, 88, 89, 90, 94, 95, 96, 97, 98, 99, 101, 102]
Min Correction Subset: [24, 67]
Iter 33: 
Min Hitting Set: [2, 5, 12, 17, 21, 24, 25, 61, 76, 77, 78, 79, 80, 81, 82, 83, 84, 85, 86, 87, 88, 89, 90, 94, 95, 96, 97, 98, 99, 101, 102]
Min Correction Subset: [22, 91]
Iter 34: 
Min Hitting Set: [2, 5, 12, 17, 21, 24, 61, 76, 77, 78, 79, 80, 81, 82, 83, 84, 85, 86, 87, 88, 89, 90, 91, 94, 95, 96, 97, 98, 99, 101, 102]
Min Correction Subset: [25, 64]
Iter 35: 
Min Hitting Set: [2, 5, 12, 17, 21, 24, 25, 61, 76, 77, 78, 79, 80, 81, 82, 83, 84, 85, 86, 87, 88, 89, 90, 91, 94, 95, 96, 97, 98, 99, 101, 102]
Min Correction Subset: [13, 22, 92]
Iter 36: 
Min Hitting Set: [5, 12, 13, 17, 21, 22, 24, 25, 61, 76, 77, 78, 79, 80, 81, 82, 83, 84, 85, 86, 87, 88, 89, 90, 94, 95, 96, 97, 98, 99, 101, 102]
Min Correction Subset: [2, 91]
Iter 37: 
Min Hitting Set: [2, 5, 12, 17, 21, 22, 24, 25, 61, 76, 77, 78, 79, 80, 81, 82, 83, 84, 85, 86, 87, 88, 89, 90, 94, 95, 96, 97, 98, 99, 101, 102]
Min Correction Subset: [13, 26, 92]
Iter 38: 
Min Hitting Set: [5, 12, 13, 17, 21, 24, 25, 61, 76, 77, 78, 79, 80, 81, 82, 83, 84, 85, 86, 87, 88, 89, 90, 91, 94, 95, 96, 97, 98, 99, 101, 102]
Min Correction Subset: [9, 22, 92]
Iter 39: 
Min Hitting Set: [2, 5, 12, 13, 17, 21, 22, 24, 25, 61, 76, 77, 78, 79, 80, 81, 82, 83, 84, 85, 86, 87, 88, 89, 90, 94, 95, 96, 97, 98, 99, 101, 102]
Min Correction Subset: [9, 26, 92]
