IIS generation
Iter 1: 
Min Hitting Set: []
Min Correction Subset: [114]
Iter 2: 
Min Hitting Set: [114]
Min Correction Subset: [113]
Iter 3: 
Min Hitting Set: [113, 114]
Min Correction Subset: [45]
Iter 4: 
Min Hitting Set: [45, 113, 114]
Min Correction Subset: [22]
Iter 5: 
Min Hitting Set: [22, 45, 113, 114]
Min Correction Subset: [42]
Iter 6: 
Min Hitting Set: [22, 42, 45, 113, 114]
Min Correction Subset: [9, 17]
Iter 7: 
Min Hitting Set: [9, 22, 42, 45, 113, 114]
Min Correction Subset: [11, 14]
Iter 8: 
Min Hitting Set: [9, 11, 22, 42, 45, 113, 114]
Min Correction Subset: [14, 57]
Iter 9: 
Min Hitting Set: [9, 14, 22, 42, 45, 113, 114]
Min Correction Subset: [37, 51]
Iter 10: 
Min Hitting Set: [9, 14, 22, 37, 42, 45, 113, 114]
Min Correction Subset: [61, 70]
Iter 11: 
Min Hitting Set: [9, 14, 22, 37, 42, 45, 61, 113, 114]
Min Correction Subset: [16, 51]
Iter 12: 
Min Hitting Set: [9, 14, 22, 42, 45, 51, 61, 113, 114]
Min Correction Subset: [16, 57]
Iter 13: 
Min Hitting Set: [9, 14, 16, 22, 42, 45, 51, 61, 113, 114]
Min Correction Subset: [37, 70]
Iter 14: 
Min Hitting Set: [9, 14, 16, 22, 42, 45, 51, 70, 113, 114]
Min Correction Subset: [17, 38]
Iter 15: 
Min Hitting Set: [14, 16, 17, 22, 42, 45, 51, 70, 113, 114]
Min Correction Subset: [37, 61]
Iter 16: 
Min Hitting Set: [14, 16, 17, 22, 37, 42, 45, 61, 113, 114]
Min Correction Subset: [38, 70]
Iter 17: 
Min Hitting Set: [14, 16, 17, 22, 37, 42, 45, 70, 113, 114]
Min Correction Subset: [57, 61]
Iter 18: 
Min Hitting Set: [14, 16, 17, 22, 37, 42, 45, 61, 70, 113, 114]
Min Correction Subset: [38, 57]
Iter 19: 
Min Hitting Set: [14, 16, 17, 22, 37, 42, 45, 57, 70, 113, 114]
Min Correction Subset: [25, 61]
Iter 20: 
Min Hitting Set: [14, 16, 17, 22, 37, 38, 42, 45, 61, 113, 114]
Min Correction Subset: [70, 76]
Iter 21: 
Min Hitting Set: [14, 17, 22, 42, 45, 51, 57, 61, 70, 113, 114]
Min Correction Subset: [16, 37]
Iter 22: 
Min Hitting Set: [14, 16, 17, 22, 37, 42, 45, 57, 61, 70, 113, 114]
Min Correction Subset: [38, 53]
Iter 23: 
Min Hitting Set: [14, 16, 17, 22, 37, 38, 42, 45, 61, 70, 113, 114]
Min Correction Subset: [12, 26]
Iter 24: 
Min Hitting Set: [12, 14, 16, 17, 22, 37, 38, 42, 45, 61, 70, 113, 114]
Min Correction Subset: [11, 44, 51]
Iter 25: 
Min Hitting Set: [12, 14, 16, 17, 22, 38, 42, 45, 51, 61, 70, 113, 114]
Min Correction Subset: [34, 49, 57]
Iter 26: 
Min Hitting Set: [11, 12, 16, 17, 22, 37, 38, 42, 45, 57, 61, 70, 113, 114]
Min Correction Subset: [6, 14]
Iter 27: 
Min Hitting Set: [12, 14, 16, 17, 22, 38, 42, 45, 51, 57, 61, 70, 113, 114]
Min Correction Subset: [35, 43, 50]
Iter 28: 
Min Hitting Set: [12, 14, 16, 17, 22, 35, 38, 42, 45, 51, 57, 61, 70, 113, 114]
Min Correction Subset: [11, 25, 37]
Iter 29: 
Min Hitting Set: [12, 14, 17, 22, 35, 37, 38, 42, 45, 51, 57, 61, 70, 113, 114]
Min Correction Subset: [16, 25]
Iter 30: 
Min Hitting Set: [12, 14, 17, 22, 25, 35, 37, 38, 42, 45, 51, 57, 70, 113, 114]
Min Correction Subset: [16, 61]
Iter 31: 
Min Hitting Set: [12, 14, 16, 17, 22, 25, 35, 38, 42, 45, 51, 57, 61, 70, 113, 114]
Min Correction Subset: [5, 37, 74]
Iter 32: 
Min Hitting Set: [12, 14, 16, 17, 22, 25, 35, 37, 38, 42, 45, 51, 57, 70, 113, 114]
Min Correction Subset: [61, 74]
Iter 33: 
Min Hitting Set: [12, 14, 16, 17, 22, 35, 37, 38, 42, 45, 51, 57, 61, 70, 113, 114]
Min Correction Subset: [5, 25, 74]
Iter 34: 
Min Hitting Set: [12, 14, 17, 22, 25, 35, 37, 38, 42, 45, 51, 57, 61, 70, 113, 114]
Min Correction Subset: [0, 1, 16]
Iter 35: 
Min Hitting Set: [12, 14, 16, 17, 22, 25, 35, 38, 42, 45, 51, 57, 61, 70, 74, 113, 114]
Min Correction Subset: [26, 34, 46]
Iter 36: 
Min Hitting Set: [14, 16, 17, 22, 25, 26, 35, 38, 42, 45, 51, 57, 61, 70, 74, 113, 114]
Min Correction Subset: [12, 13, 21]
Iter 37: 
Min Hitting Set: [11, 12, 14, 16, 17, 22, 34, 35, 38, 42, 45, 51, 61, 70, 74, 113, 114]
Min Correction Subset: [1, 57, 59]
Iter 38: 
Min Hitting Set: [12, 14, 16, 17, 22, 34, 35, 37, 38, 42, 45, 51, 57, 61, 70, 74, 113, 114]
Min Correction Subset: [27, 28, 36]
Iter 39: 
Min Hitting Set: [12, 14, 16, 17, 22, 27, 34, 35, 37, 38, 42, 45, 51, 57, 61, 70, 74, 113, 114]
Min Correction Subset: [19, 28, 50]
Iter 40: 
Min Hitting Set: [12, 14, 16, 17, 22, 28, 34, 37, 38, 42, 45, 50, 51, 57, 61, 70, 74, 113, 114]
Min Correction Subset: [35, 43, 52]
Iter 41: 
Min Hitting Set: [12, 14, 16, 17, 22, 28, 34, 37, 38, 42, 43, 45, 51, 57, 61, 70, 74, 113, 114]
Min Correction Subset: [35, 52, 59, 60]
Iter 42: 
Min Hitting Set: [12, 14, 16, 17, 22, 28, 34, 35, 37, 38, 42, 45, 51, 57, 61, 70, 74, 113, 114]
Min Correction Subset: [25, 27, 36, 52]
Iter 43: 
Min Hitting Set: [12, 14, 16, 17, 22, 25, 28, 34, 35, 38, 42, 45, 51, 57, 61, 70, 74, 113, 114]
Min Correction Subset: [26, 37, 52]
Iter 44: 
Min Hitting Set: [12, 14, 16, 17, 22, 25, 26, 28, 35, 38, 42, 45, 51, 57, 61, 70, 74, 113, 114]
Min Correction Subset: [33, 34, 52]
Iter 45: 
Min Hitting Set: [12, 14, 16, 17, 22, 25, 28, 34, 35, 37, 38, 42, 45, 51, 57, 61, 70, 113, 114]
Min Correction Subset: [11, 36, 53, 60]
Iter 46: 
Min Hitting Set: [11, 12, 14, 16, 17, 22, 25, 28, 34, 35, 37, 38, 42, 45, 57, 61, 70, 113, 114]
Min Correction Subset: [5, 51, 74]
Iter 47: 
Min Hitting Set: [12, 14, 16, 17, 22, 25, 28, 34, 35, 37, 42, 45, 51, 53, 57, 61, 70, 113, 114]
Min Correction Subset: [11, 38]
Iter 48: 
Min Hitting Set: [11, 12, 14, 16, 17, 22, 25, 28, 34, 35, 37, 42, 45, 53, 57, 70, 74, 113, 114]
Min Correction Subset: [38, 51]
Iter 49: 
Min Hitting Set: [11, 12, 14, 16, 17, 22, 25, 28, 34, 35, 37, 38, 42, 45, 57, 70, 74, 113, 114]
Min Correction Subset: [51, 61]
Iter 50: 
Min Hitting Set: [12, 14, 16, 17, 22, 34, 36, 37, 38, 42, 45, 50, 51, 52, 57, 61, 70, 74, 113, 114]
Min Correction Subset: [35, 43, 60]
Iter 51: 
Min Hitting Set: [1, 12, 14, 16, 17, 22, 28, 34, 35, 36, 37, 38, 42, 45, 51, 61, 70, 74, 113, 114]
Min Correction Subset: [49, 56, 57]
Iter 52: 
Min Hitting Set: [12, 14, 16, 17, 22, 25, 28, 34, 35, 37, 38, 42, 45, 51, 53, 57, 70, 74, 113, 114]
Min Correction Subset: [0, 1, 61]
Iter 53: 
Min Hitting Set: [12, 14, 16, 17, 22, 28, 34, 35, 36, 37, 38, 42, 45, 51, 57, 61, 70, 74, 113, 114]
Min Correction Subset: [48, 49, 52, 60]
Iter 54: 
Min Hitting Set: [11, 12, 14, 16, 17, 22, 28, 34, 35, 37, 38, 42, 45, 52, 57, 61, 70, 74, 113, 114]
Min Correction Subset: [25, 50, 51]
Iter 55: 
Min Hitting Set: [11, 12, 14, 16, 17, 22, 28, 34, 35, 38, 42, 45, 51, 52, 57, 61, 70, 74, 113, 114]
Min Correction Subset: [0, 1, 25, 37]
Iter 56: 
Min Hitting Set: [12, 14, 16, 17, 22, 25, 28, 34, 35, 37, 38, 42, 45, 51, 57, 60, 61, 70, 113, 114]
Min Correction Subset: [1, 26, 27, 52]
Iter 57: 
Min Hitting Set: [1, 12, 14, 17, 22, 25, 28, 34, 35, 37, 38, 42, 45, 51, 57, 60, 61, 70, 113, 114]
Min Correction Subset: [5, 16, 74]
Iter 58: 
Min Hitting Set: [12, 14, 16, 17, 22, 34, 36, 37, 38, 42, 45, 50, 51, 52, 57, 60, 61, 70, 74, 113, 114]
Min Correction Subset: [11, 35, 43]
Iter 59: 
Min Hitting Set: [12, 14, 16, 17, 22, 34, 35, 36, 37, 38, 42, 45, 50, 51, 52, 57, 61, 70, 74, 113, 114]
Min Correction Subset: [26, 27, 53, 60]
Iter 60: 
Min Hitting Set: [12, 14, 16, 17, 22, 25, 27, 28, 34, 35, 37, 38, 42, 45, 51, 57, 60, 61, 70, 113, 114]
Min Correction Subset: [11, 41, 48, 49]
Iter 61: 
Min Hitting Set: [1, 11, 12, 14, 16, 17, 22, 27, 34, 35, 37, 38, 42, 45, 49, 50, 61, 70, 74, 113, 114]
Min Correction Subset: [25, 44, 51]
Iter 62: 
Min Hitting Set: [11, 12, 14, 16, 17, 22, 25, 26, 28, 35, 38, 42, 45, 51, 52, 57, 61, 70, 74, 113, 114]
Min Correction Subset: [3, 34, 37, 46]
Iter 63: 
Min Hitting Set: [11, 12, 14, 16, 17, 22, 25, 28, 34, 35, 37, 42, 45, 51, 52, 53, 57, 61, 70, 113, 114]
Min Correction Subset: [38, 44]
Iter 64: 
Min Hitting Set: [11, 12, 14, 16, 17, 22, 25, 26, 28, 35, 37, 38, 42, 45, 51, 52, 57, 61, 70, 113, 114]
Min Correction Subset: [34, 46, 50, 75]
Iter 65: 
Min Hitting Set: [1, 12, 14, 16, 17, 22, 25, 28, 34, 35, 37, 38, 42, 45, 49, 51, 60, 61, 70, 113, 114]
Min Correction Subset: [5, 57, 74]
Iter 66: 
Min Hitting Set: [11, 12, 14, 16, 17, 22, 25, 27, 28, 34, 35, 38, 42, 45, 51, 52, 57, 61, 70, 74, 113, 114]
Min Correction Subset: [0, 1, 5, 37]
Iter 67: 
Min Hitting Set: [12, 14, 16, 17, 22, 25, 28, 34, 35, 37, 38, 42, 45, 49, 51, 52, 57, 60, 61, 70, 113, 114]
Min Correction Subset: [0, 1, 5, 74]
Iter 68: 
Min Hitting Set: [5, 12, 14, 16, 17, 22, 28, 34, 35, 37, 38, 42, 45, 49, 51, 52, 57, 60, 61, 70, 113, 114]
Min Correction Subset: [11, 36, 43, 44]
Iter 69: 
Min Hitting Set: [5, 12, 14, 16, 17, 22, 28, 34, 37, 38, 42, 43, 45, 49, 51, 52, 57, 60, 61, 70, 113, 114]
Min Correction Subset: [1, 26, 27, 36]
Iter 70: 
Min Hitting Set: [5, 12, 14, 16, 17, 22, 27, 34, 37, 38, 42, 43, 45, 49, 50, 51, 57, 60, 61, 70, 113, 114]
Min Correction Subset: [25, 26, 36, 52]
Iter 71: 
Min Hitting Set: [1, 5, 12, 14, 17, 22, 25, 28, 34, 37, 38, 42, 43, 45, 49, 51, 57, 60, 61, 70, 113, 114]
Min Correction Subset: [11, 16, 74]
Iter 72: 
Min Hitting Set: [5, 12, 14, 16, 17, 22, 25, 26, 28, 34, 35, 36, 38, 42, 45, 49, 51, 57, 61, 70, 113, 114]
Min Correction Subset: [0, 1, 11, 37]
Iter 73: 
Min Hitting Set: [1, 5, 11, 12, 14, 16, 17, 22, 26, 28, 34, 35, 38, 42, 45, 51, 52, 57, 61, 70, 113, 114]
Min Correction Subset: [25, 37, 74]
Iter 74: 
Min Hitting Set: [11, 12, 14, 16, 17, 22, 25, 26, 28, 34, 35, 37, 38, 42, 45, 52, 57, 61, 70, 74, 113, 114]
Min Correction Subset: [1, 50, 51]
Iter 75: 
Min Hitting Set: [1, 11, 12, 14, 16, 17, 22, 27, 28, 34, 38, 42, 43, 45, 51, 52, 57, 61, 70, 74, 113, 114]
Min Correction Subset: [4, 5, 25, 37]
Iter 76: 
Min Hitting Set: [5, 11, 12, 14, 16, 17, 22, 25, 27, 34, 37, 38, 42, 43, 45, 50, 57, 60, 61, 70, 113, 114]
Min Correction Subset: [35, 51, 52]
Iter 77: 
Min Hitting Set: [1, 5, 11, 12, 14, 17, 22, 25, 28, 34, 35, 37, 38, 42, 45, 51, 57, 60, 61, 70, 113, 114]
Min Correction Subset: [26, 27, 36, 52]
Iter 78: 
Min Hitting Set: [11, 12, 14, 16, 17, 22, 26, 28, 34, 37, 38, 42, 43, 45, 51, 52, 57, 61, 70, 74, 113, 114]
Min Correction Subset: [25, 40, 41, 48, 49]
Iter 79: 
Min Hitting Set: [1, 5, 12, 14, 16, 17, 22, 26, 28, 34, 35, 36, 37, 38, 42, 45, 49, 51, 61, 70, 113, 114]
Min Correction Subset: [25, 56, 57, 58]
Iter 80: 
Min Hitting Set: [1, 5, 12, 14, 16, 17, 22, 25, 28, 34, 38, 42, 43, 45, 49, 51, 52, 60, 61, 70, 113, 114]
Min Correction Subset: [11, 37, 57]
Iter 81: 
Min Hitting Set: [5, 12, 14, 16, 17, 22, 26, 28, 34, 35, 36, 37, 38, 42, 45, 49, 51, 57, 61, 70, 113, 114]
Min Correction Subset: [25, 44, 50, 52, 103]
Iter 82: 
Min Hitting Set: [12, 14, 16, 17, 22, 27, 34, 35, 36, 37, 38, 42, 44, 45, 49, 50, 57, 61, 70, 74, 113, 114]
Min Correction Subset: [1, 25, 26, 51]
Iter 83: 
Min Hitting Set: [5, 11, 12, 14, 16, 17, 22, 25, 26, 28, 34, 38, 42, 43, 45, 51, 57, 60, 61, 70, 113, 114]
Min Correction Subset: [0, 1, 37, 74]
Iter 84: 
Min Hitting Set: [11, 12, 14, 16, 17, 22, 25, 27, 34, 35, 37, 38, 42, 45, 50, 57, 60, 61, 70, 74, 113, 114]
Min Correction Subset: [26, 44, 51, 52]
Iter 85: 
Min Hitting Set: [5, 11, 12, 14, 16, 17, 22, 25, 27, 34, 37, 38, 42, 43, 45, 50, 52, 57, 61, 70, 113, 114]
Min Correction Subset: [0, 1, 44, 51]
Iter 86: 
Min Hitting Set: [12, 14, 16, 17, 22, 26, 34, 35, 36, 37, 38, 42, 44, 45, 49, 50, 57, 61, 70, 74, 113, 114]
Min Correction Subset: [0, 1, 25, 51]
Iter 87: 
Min Hitting Set: [5, 12, 14, 16, 17, 22, 26, 34, 35, 36, 37, 38, 42, 45, 49, 50, 51, 57, 61, 70, 113, 114]
Min Correction Subset: [19, 28, 44, 52, 82]
Iter 88: 
Min Hitting Set: [5, 12, 14, 16, 17, 22, 26, 36, 37, 38, 42, 43, 45, 49, 50, 51, 52, 57, 61, 70, 113, 114]
Min Correction Subset: [34, 35, 46]
Iter 89: 
Min Hitting Set: [5, 12, 14, 16, 17, 22, 26, 35, 36, 37, 38, 42, 45, 49, 50, 51, 52, 57, 61, 70, 113, 114]
Min Correction Subset: [33, 34, 60, 73]
Iter 90: 
Min Hitting Set: [1, 5, 11, 12, 14, 16, 17, 22, 25, 26, 28, 34, 35, 38, 42, 45, 49, 51, 61, 70, 113, 114]
Min Correction Subset: [37, 57, 74]
Iter 91: 
Min Hitting Set: [1, 11, 12, 14, 16, 17, 22, 25, 26, 28, 34, 35, 38, 42, 45, 49, 51, 61, 70, 74, 113, 114]
Min Correction Subset: [27, 36, 57]
Iter 92: 
Min Hitting Set: [5, 12, 14, 16, 17, 22, 34, 36, 37, 38, 42, 43, 45, 49, 50, 51, 52, 57, 60, 61, 70, 113, 114]
Min Correction Subset: [25, 27, 28, 35]
Iter 93: 
Min Hitting Set: [5, 12, 14, 16, 17, 22, 34, 35, 36, 37, 38, 42, 45, 49, 50, 51, 52, 57, 60, 61, 70, 113, 114]
Min Correction Subset: [11, 25, 26, 44]
Iter 94: 
Min Hitting Set: [1, 5, 11, 12, 14, 16, 17, 22, 25, 27, 28, 34, 37, 38, 42, 43, 45, 49, 52, 61, 70, 113, 114]
Min Correction Subset: [50, 51, 57]
Iter 95: 
Min Hitting Set: [1, 5, 11, 12, 14, 16, 17, 22, 25, 27, 28, 34, 37, 38, 42, 43, 45, 52, 57, 61, 70, 113, 114]
Min Correction Subset: [49, 50, 51]
Iter 96: 
Min Hitting Set: [1, 5, 11, 12, 14, 16, 17, 22, 25, 26, 28, 34, 35, 38, 42, 45, 51, 57, 60, 61, 70, 113, 114]
Min Correction Subset: [27, 36, 37, 44]
Iter 97: 
Min Hitting Set: [1, 5, 11, 12, 14, 16, 17, 22, 25, 28, 34, 37, 38, 42, 45, 50, 52, 57, 60, 61, 70, 113, 114]
Min Correction Subset: [35, 43, 44]
Iter 98: 
Min Hitting Set: [1, 12, 14, 16, 17, 22, 34, 35, 36, 37, 38, 42, 44, 45, 49, 50, 57, 60, 61, 70, 74, 113, 114]
Min Correction Subset: [26, 27, 51, 52]
Iter 99: 
Min Hitting Set: [11, 12, 14, 16, 17, 22, 25, 34, 36, 37, 38, 42, 44, 45, 50, 52, 57, 60, 61, 70, 74, 113, 114]
Min Correction Subset: [35, 43, 59]
Iter 100: 
Min Hitting Set: [1, 12, 14, 16, 17, 22, 25, 27, 28, 34, 35, 36, 37, 38, 42, 45, 49, 51, 61, 70, 74, 113, 114]
Min Correction Subset: [11, 56, 57, 58]
Iter 101: 
Min Hitting Set: [5, 12, 14, 16, 17, 22, 26, 35, 36, 37, 38, 42, 45, 49, 50, 51, 52, 57, 60, 61, 70, 113, 114]
Min Correction Subset: [15, 19, 23, 28, 39]
Iter 102: 
Min Hitting Set: [1, 11, 12, 14, 16, 17, 22, 25, 26, 27, 28, 34, 35, 38, 42, 45, 49, 51, 61, 70, 74, 113, 114]
Min Correction Subset: [5, 37, 57]
Iter 103: 
Min Hitting Set: [1, 5, 11, 12, 14, 16, 17, 22, 25, 27, 28, 34, 35, 38, 42, 45, 51, 52, 57, 61, 70, 113, 114]
Min Correction Subset: [3, 29, 36, 44, 50]
Iter 104: 
Min Hitting Set: [5, 12, 14, 16, 17, 22, 26, 28, 34, 35, 36, 37, 38, 42, 45, 49, 50, 51, 57, 61, 70, 113, 114]
Min Correction Subset: [11, 52, 53, 59, 60]
Iter 105: 
Min Hitting Set: [1, 11, 12, 14, 16, 17, 22, 25, 28, 34, 35, 36, 37, 38, 42, 45, 51, 57, 60, 61, 70, 113, 114]
Min Correction Subset: [2, 19, 26, 27]
Iter 106: 
Min Hitting Set: [1, 12, 14, 16, 17, 19, 22, 25, 34, 35, 36, 37, 38, 42, 45, 49, 51, 53, 57, 61, 70, 113, 114]
Min Correction Subset: [4, 5, 11, 74]
Iter 107: 
Min Hitting Set: [12, 14, 16, 17, 19, 22, 26, 34, 35, 36, 37, 38, 42, 45, 49, 51, 52, 57, 61, 70, 74, 113, 114]
Min Correction Subset: [0, 1, 4, 5, 25]
Iter 108: 
Min Hitting Set: [1, 11, 12, 14, 16, 17, 19, 22, 25, 34, 35, 36, 37, 38, 42, 45, 51, 57, 60, 61, 70, 113, 114]
Min Correction Subset: [4, 5, 39, 74]
Iter 109: 
Min Hitting Set: [5, 12, 14, 16, 17, 22, 26, 28, 34, 36, 37, 38, 42, 43, 45, 49, 51, 52, 57, 61, 70, 113, 114]
Min Correction Subset: [1, 2, 27, 35, 60]
Iter 110: 
Min Hitting Set: [1, 12, 14, 16, 17, 19, 22, 25, 34, 35, 36, 37, 38, 42, 45, 49, 51, 57, 60, 70, 74, 113, 114]
Min Correction Subset: [5, 11, 61]
Iter 111: 
Min Hitting Set: [5, 12, 14, 16, 17, 19, 22, 26, 34, 35, 36, 37, 38, 42, 45, 49, 51, 52, 57, 61, 70, 113, 114]
Min Correction Subset: [28, 43, 44, 50, 82]
Iter 112: 
Min Hitting Set: [1, 12, 14, 17, 19, 22, 25, 34, 36, 37, 38, 42, 43, 45, 49, 51, 57, 60, 61, 70, 74, 113, 114]
Min Correction Subset: [16, 27, 28, 35]
Iter 113: 
Min Hitting Set: [5, 12, 14, 16, 17, 22, 26, 28, 34, 35, 36, 37, 38, 42, 45, 49, 51, 52, 57, 61, 70, 113, 114]
Min Correction Subset: [11, 15, 39, 53, 60]
Iter 114: 
Min Hitting Set: [1, 11, 12, 14, 16, 17, 19, 22, 25, 34, 36, 37, 38, 42, 43, 45, 51, 57, 60, 70, 74, 113, 114]
Min Correction Subset: [4, 5, 61]
Iter 115: 
Min Hitting Set: [5, 11, 12, 14, 16, 17, 22, 25, 26, 28, 34, 35, 37, 38, 42, 44, 45, 50, 52, 57, 61, 70, 113, 114]
Min Correction Subset: [0, 1, 51, 66]
Iter 116: 
Min Hitting Set: [5, 11, 12, 14, 16, 17, 19, 22, 25, 26, 34, 36, 38, 42, 43, 45, 51, 57, 60, 61, 70, 74, 113, 114]
Min Correction Subset: [27, 28, 35, 37]
Iter 117: 
Min Hitting Set: [5, 11, 12, 14, 16, 17, 19, 22, 27, 34, 35, 36, 37, 38, 42, 45, 49, 50, 51, 57, 61, 70, 113, 114]
Min Correction Subset: [25, 26, 52, 74]
Iter 118: 
Min Hitting Set: [5, 11, 12, 14, 16, 17, 22, 27, 34, 35, 37, 38, 39, 42, 45, 49, 50, 51, 52, 57, 61, 70, 113, 114]
Min Correction Subset: [19, 28, 53, 59, 60]
Iter 119: 
Min Hitting Set: [5, 11, 12, 14, 16, 17, 22, 25, 26, 28, 34, 35, 36, 38, 42, 45, 51, 57, 60, 61, 70, 74, 113, 114]
Min Correction Subset: [40, 41, 48, 49, 103]
Iter 120: 
Min Hitting Set: [11, 12, 14, 16, 17, 22, 25, 27, 28, 34, 35, 36, 37, 38, 42, 45, 49, 51, 59, 61, 70, 74, 113, 114]
Min Correction Subset: [0, 1, 56, 57]
Iter 121: 
Min Hitting Set: [1, 11, 12, 14, 16, 17, 19, 22, 25, 26, 34, 35, 36, 37, 38, 42, 45, 49, 50, 61, 70, 74, 113, 114]
Min Correction Subset: [51, 57, 66]
Iter 122: 
Min Hitting Set: [5, 11, 12, 14, 16, 17, 19, 22, 26, 34, 35, 36, 37, 38, 42, 45, 49, 50, 51, 57, 61, 70, 113, 114]
Min Correction Subset: [44, 52, 53, 59, 60]
Iter 123: 
Min Hitting Set: [5, 11, 12, 14, 16, 17, 22, 26, 28, 34, 35, 36, 37, 38, 42, 44, 45, 49, 51, 57, 61, 70, 113, 114]
Min Correction Subset: [1, 2, 52, 59, 60]
Iter 124: 
Min Hitting Set: [5, 12, 14, 16, 17, 22, 26, 28, 34, 35, 36, 37, 38, 39, 42, 45, 49, 51, 52, 57, 61, 70, 113, 114]
Min Correction Subset: [0, 1, 11, 25, 74]
Iter 125: 
Min Hitting Set: [1, 12, 14, 17, 19, 22, 25, 34, 35, 36, 37, 38, 42, 43, 45, 49, 51, 53, 57, 61, 70, 74, 113, 114]
Min Correction Subset: [4, 5, 11, 16]
Iter 126: 
Min Hitting Set: [5, 12, 14, 16, 17, 22, 25, 26, 28, 34, 36, 37, 38, 42, 43, 45, 49, 51, 57, 60, 61, 70, 113, 114]
Min Correction Subset: [1, 2, 27, 35, 52]
Iter 127: 
Min Hitting Set: [5, 11, 12, 14, 16, 17, 22, 26, 28, 34, 35, 36, 37, 38, 42, 45, 49, 51, 52, 57, 61, 70, 113, 114]
Min Correction Subset: [1, 2, 48, 50, 60]
Iter 128: 
Min Hitting Set: [12, 14, 16, 17, 19, 22, 25, 27, 34, 36, 37, 38, 42, 43, 45, 48, 51, 57, 60, 61, 70, 74, 113, 114]
Min Correction Subset: [11, 28, 35, 50, 103]
Iter 129: 
Min Hitting Set: [12, 14, 16, 17, 19, 22, 25, 27, 34, 35, 37, 38, 42, 44, 45, 48, 51, 57, 60, 61, 70, 74, 113, 114]
Min Correction Subset: [3, 26, 36, 52]
Iter 130: 
Min Hitting Set: [1, 12, 14, 16, 17, 22, 25, 26, 28, 34, 35, 37, 38, 42, 44, 45, 49, 53, 57, 61, 70, 74, 113, 114]
Min Correction Subset: [13, 21, 51, 52]
Iter 131: 
Min Hitting Set: [1, 12, 14, 16, 17, 19, 22, 34, 35, 36, 37, 38, 42, 44, 45, 49, 51, 57, 60, 61, 70, 74, 113, 114]
Min Correction Subset: [25, 26, 27, 52]
Iter 132: 
Min Hitting Set: [1, 5, 12, 14, 16, 17, 22, 25, 26, 28, 34, 36, 38, 42, 43, 45, 49, 51, 57, 60, 61, 70, 113, 114]
Min Correction Subset: [27, 35, 37, 44, 75]
Iter 133: 
Min Hitting Set: [1, 5, 11, 12, 14, 17, 19, 22, 25, 34, 35, 36, 37, 42, 44, 45, 48, 51, 53, 57, 61, 70, 113, 114]
Min Correction Subset: [38, 50]
Iter 134: 
Min Hitting Set: [5, 11, 12, 14, 16, 17, 19, 22, 27, 34, 36, 37, 38, 42, 43, 45, 48, 51, 52, 57, 61, 70, 113, 114]
Min Correction Subset: [28, 35, 50, 66, 103]
Iter 135: 
Min Hitting Set: [1, 12, 14, 16, 17, 22, 25, 26, 28, 34, 35, 36, 38, 42, 45, 48, 51, 57, 60, 61, 70, 74, 113, 114]
Min Correction Subset: [11, 37, 41, 49]
Iter 136: 
Min Hitting Set: [1, 5, 12, 14, 16, 17, 22, 25, 26, 28, 34, 35, 36, 38, 42, 45, 49, 51, 57, 60, 61, 70, 113, 114]
Min Correction Subset: [3, 4, 11, 50, 52]
Iter 137: 
Min Hitting Set: [1, 5, 12, 14, 16, 17, 22, 26, 28, 35, 37, 38, 42, 44, 45, 48, 50, 52, 57, 60, 61, 70, 113, 114]
Min Correction Subset: [25, 51, 74]
Iter 138: 
Min Hitting Set: [1, 11, 14, 16, 17, 21, 22, 25, 26, 28, 34, 35, 38, 42, 44, 45, 49, 51, 57, 61, 70, 74, 113, 114]
Min Correction Subset: [12, 13, 105]
Iter 139: 
Min Hitting Set: [1, 11, 13, 14, 16, 17, 22, 25, 26, 28, 34, 35, 38, 42, 44, 45, 49, 51, 57, 61, 70, 74, 113, 114]
Min Correction Subset: [2, 12, 48]
Iter 140: 
Min Hitting Set: [3, 12, 14, 16, 17, 22, 25, 27, 28, 34, 37, 38, 42, 43, 45, 48, 51, 57, 60, 61, 70, 74, 113, 114]
Min Correction Subset: [11, 26, 36, 52]
Iter 141: 
Min Hitting Set: [1, 12, 14, 16, 17, 22, 26, 28, 35, 37, 38, 42, 44, 45, 48, 50, 52, 57, 60, 61, 70, 74, 113, 114]
Min Correction Subset: [11, 25, 51, 66]
Iter 142: 
Min Hitting Set: [5, 11, 12, 14, 16, 17, 19, 22, 27, 34, 37, 38, 42, 43, 45, 48, 50, 51, 52, 57, 61, 70, 113, 114]
Min Correction Subset: [0, 1, 28, 35, 59]
Iter 143: 
Min Hitting Set: [1, 11, 12, 14, 16, 17, 22, 25, 26, 28, 34, 35, 38, 42, 44, 45, 48, 51, 57, 61, 70, 74, 113, 114]
Min Correction Subset: [52, 53, 58, 59, 60]
Iter 144: 
Min Hitting Set: [5, 11, 12, 14, 16, 17, 19, 22, 27, 34, 35, 37, 38, 42, 45, 49, 50, 51, 52, 57, 61, 70, 113, 114]
Min Correction Subset: [26, 30, 43, 44, 53]
Iter 145: 
Min Hitting Set: [5, 11, 12, 14, 16, 17, 22, 26, 28, 35, 37, 38, 42, 45, 49, 50, 51, 52, 57, 60, 61, 70, 113, 114]
Min Correction Subset: [33, 34, 36, 43]
Iter 146: 
Min Hitting Set: [5, 11, 12, 14, 16, 17, 22, 26, 28, 34, 35, 37, 38, 42, 45, 49, 50, 51, 52, 57, 61, 70, 113, 114]
Min Correction Subset: [1, 19, 27, 36, 44]
Iter 147: 
Min Hitting Set: [5, 11, 12, 14, 16, 17, 22, 26, 28, 34, 35, 37, 38, 42, 44, 45, 48, 51, 52, 57, 61, 70, 113, 114]
Min Correction Subset: [0, 1, 2, 27, 60]
Iter 148: 
Min Hitting Set: [5, 11, 12, 14, 16, 17, 19, 22, 27, 34, 35, 37, 38, 42, 44, 45, 48, 51, 52, 57, 61, 70, 113, 114]
Min Correction Subset: [26, 30, 43, 50, 53]
Iter 149: 
Min Hitting Set: [5, 11, 12, 14, 16, 17, 22, 27, 28, 34, 36, 37, 38, 42, 43, 45, 48, 51, 52, 57, 61, 70, 113, 114]
Min Correction Subset: [1, 19, 25, 26, 53]
Iter 150: 
Min Hitting Set: [13, 14, 16, 17, 22, 25, 26, 35, 36, 37, 38, 39, 42, 45, 48, 50, 51, 52, 57, 60, 61, 70, 74, 113, 114]
Min Correction Subset: [11, 12, 34]
Iter 151: 
Min Hitting Set: [12, 14, 16, 17, 19, 22, 25, 34, 35, 36, 37, 38, 42, 43, 45, 48, 51, 52, 57, 60, 61, 70, 74, 113, 114]
Min Correction Subset: [1, 2, 26, 27]
Iter 152: 
Min Hitting Set: [5, 11, 12, 14, 16, 17, 22, 25, 27, 28, 34, 38, 42, 43, 45, 49, 50, 51, 52, 57, 61, 70, 74, 113, 114]
Min Correction Subset: [1, 19, 26, 37]
Iter 153: 
Min Hitting Set: [5, 11, 12, 14, 16, 17, 22, 25, 26, 28, 34, 35, 36, 38, 42, 45, 49, 51, 57, 60, 61, 70, 74, 113, 114]
Min Correction Subset: [1, 2, 27, 50, 103]
Iter 154: 
Min Hitting Set: [1, 12, 14, 16, 17, 22, 25, 26, 28, 34, 35, 36, 38, 42, 45, 49, 50, 51, 57, 60, 61, 70, 74, 113, 114]
Min Correction Subset: [4, 5, 11, 37, 39]
Iter 155: 
Min Hitting Set: [1, 5, 12, 14, 16, 17, 19, 22, 25, 34, 35, 36, 38, 42, 43, 45, 49, 51, 52, 57, 60, 61, 70, 113, 114]
Min Correction Subset: [26, 27, 37, 50]
Iter 156: 
Min Hitting Set: [1, 11, 12, 14, 16, 17, 19, 22, 25, 27, 34, 37, 38, 42, 43, 45, 49, 50, 52, 61, 66, 70, 74, 113, 114]
Min Correction Subset: [44, 51, 57]
Iter 157: 
Min Hitting Set: [1, 11, 12, 14, 16, 17, 19, 22, 25, 27, 34, 37, 38, 42, 43, 45, 48, 50, 52, 57, 61, 70, 74, 113, 114]
Min Correction Subset: [44, 51, 53, 60]
Instance: regions-76-200-600000
----------------------------
Query: 10
Query element:52
Query element:61
Query scope: 3
Query scope: 8
Query scope: 10
Query scope: 18
Query scope: 19
Query scope: 20
Query scope: 21
Query scope: 22
Query scope: 23
Query scope: 24
Query scope: 27
Query scope: 45
Query scope: 51
Query scope: 55
Query scope: 69
Query scope: 70
Query scope: 74
Query scope: 76
Query scope: 112
Query scope: 113
Query scope: 132
Query scope: 134
Query scope: 138
Query scope: 141
Query scope: 143
Query scope: 159
Query scope: 176
Query scope: 179
Query scope: 180
----------------------------
IIS optimality: suboptimal
IIS solution time: 36022.771
IIS Constraint: 1; goods; {good:1}
IIS Constraint: 11; goods; {good:11}
IIS Constraint: 12; goods; {good:12}
IIS Constraint: 14; goods; {good:14}
IIS Constraint: 16; goods; {good:16}
IIS Constraint: 17; goods; {good:17}
IIS Constraint: 19; goods; {good:19}
IIS Constraint: 22; goods; {good:22}
IIS Constraint: 25; goods; {good:25}
IIS Constraint: 27; goods; {good:27}
IIS Constraint: 34; goods; {good:34}
IIS Constraint: 37; goods; {good:37}
IIS Constraint: 38; goods; {good:38}
IIS Constraint: 42; goods; {good:42}
IIS Constraint: 43; goods; {good:43}
IIS Constraint: 45; goods; {good:45}
IIS Constraint: 48; goods; {good:48}
IIS Constraint: 50; goods; {good:50}
IIS Constraint: 52; goods; {good:52}
IIS Constraint: 57; goods; {good:57}
IIS Constraint: 61; goods; {good:61}
IIS Constraint: 70; goods; {good:70}
IIS Constraint: 74; goods; {good:74}
IIS Constraint: 113; query; {goods:[52,61],query:10}
IIS Constraint: 114; max; {f:4117.6394,objective:max}
