IIS generation
Iter 1: 
Min Hitting Set: []
Min Correction Subset: [102]
Iter 2: 
Min Hitting Set: [102]
Min Correction Subset: [72]
Iter 3: 
Min Hitting Set: [72, 102]
Min Correction Subset: [87]
Iter 4: 
Min Hitting Set: [72, 87, 102]
Min Correction Subset: [88]
Iter 5: 
Min Hitting Set: [72, 87, 88, 102]
Min Correction Subset: [68]
Iter 6: 
Min Hitting Set: [68, 72, 87, 88, 102]
Min Correction Subset: [81]
Iter 7: 
Min Hitting Set: [68, 72, 81, 87, 88, 102]
Min Correction Subset: [86]
Iter 8: 
Min Hitting Set: [68, 72, 81, 86, 87, 88, 102]
Min Correction Subset: [82]
Iter 9: 
Min Hitting Set: [68, 72, 81, 82, 86, 87, 88, 102]
Min Correction Subset: [99]
Iter 10: 
Min Hitting Set: [68, 72, 81, 82, 86, 87, 88, 99, 102]
Min Correction Subset: [64]
Iter 11: 
Min Hitting Set: [64, 68, 72, 81, 82, 86, 87, 88, 99, 102]
Min Correction Subset: [94]
Iter 12: 
Min Hitting Set: [64, 68, 72, 81, 82, 86, 87, 88, 94, 99, 102]
Min Correction Subset: [76]
Iter 13: 
Min Hitting Set: [64, 68, 72, 76, 81, 82, 86, 87, 88, 94, 99, 102]
Min Correction Subset: [85]
Iter 14: 
Min Hitting Set: [64, 68, 72, 76, 81, 82, 85, 86, 87, 88, 94, 99, 102]
Min Correction Subset: [100]
Iter 15: 
Min Hitting Set: [64, 68, 72, 76, 81, 82, 85, 86, 87, 88, 94, 99, 100, 102]
Min Correction Subset: [80]
Iter 16: 
Min Hitting Set: [64, 68, 72, 76, 80, 81, 82, 85, 86, 87, 88, 94, 99, 100, 102]
Min Correction Subset: [97]
Iter 17: 
Min Hitting Set: [64, 68, 72, 76, 80, 81, 82, 85, 86, 87, 88, 94, 97, 99, 100, 102]
Min Correction Subset: [91]
Iter 18: 
Min Hitting Set: [64, 68, 72, 76, 80, 81, 82, 85, 86, 87, 88, 91, 94, 97, 99, 100, 102]
Min Correction Subset: [101]
Iter 19: 
Min Hitting Set: [64, 68, 72, 76, 80, 81, 82, 85, 86, 87, 88, 91, 94, 97, 99, 100, 101, 102]
Min Correction Subset: [98]
Iter 20: 
Min Hitting Set: [64, 68, 72, 76, 80, 81, 82, 85, 86, 87, 88, 91, 94, 97, 98, 99, 100, 101, 102]
Min Correction Subset: [46, 89]
Iter 21: 
Min Hitting Set: [46, 64, 68, 72, 76, 80, 81, 82, 85, 86, 87, 88, 91, 94, 97, 98, 99, 100, 101, 102]
Min Correction Subset: [69, 93]
Iter 22: 
Min Hitting Set: [46, 64, 68, 69, 72, 76, 80, 81, 82, 85, 86, 87, 88, 91, 94, 97, 98, 99, 100, 101, 102]
Min Correction Subset: [28, 83]
Iter 23: 
Min Hitting Set: [28, 46, 64, 68, 69, 72, 76, 80, 81, 82, 85, 86, 87, 88, 91, 94, 97, 98, 99, 100, 101, 102]
Min Correction Subset: [22, 60]
Iter 24: 
Min Hitting Set: [22, 28, 46, 64, 68, 69, 72, 76, 80, 81, 82, 85, 86, 87, 88, 91, 94, 97, 98, 99, 100, 101, 102]
Min Correction Subset: [65, 89]
Iter 25: 
Min Hitting Set: [22, 28, 64, 68, 69, 72, 76, 80, 81, 82, 85, 86, 87, 88, 89, 91, 94, 97, 98, 99, 100, 101, 102]
Min Correction Subset: [62, 93]
Iter 26: 
Min Hitting Set: [22, 28, 64, 68, 72, 76, 80, 81, 82, 85, 86, 87, 88, 89, 91, 93, 94, 97, 98, 99, 100, 101, 102]
Min Correction Subset: [58, 96]
Iter 27: 
Min Hitting Set: [22, 28, 58, 64, 68, 72, 76, 80, 81, 82, 85, 86, 87, 88, 89, 91, 93, 94, 97, 98, 99, 100, 101, 102]
Min Correction Subset: [62, 96]
Iter 28: 
Min Hitting Set: [22, 28, 64, 68, 72, 76, 80, 81, 82, 85, 86, 87, 88, 89, 91, 93, 94, 96, 97, 98, 99, 100, 101, 102]
Min Correction Subset: [32, 83]
Iter 29: 
Min Hitting Set: [22, 64, 68, 72, 76, 80, 81, 82, 83, 85, 86, 87, 88, 89, 91, 93, 94, 96, 97, 98, 99, 100, 101, 102]
Min Correction Subset: [12, 28]
Iter 30: 
Min Hitting Set: [22, 28, 64, 68, 72, 76, 80, 81, 82, 83, 85, 86, 87, 88, 89, 91, 93, 94, 96, 97, 98, 99, 100, 101, 102]
Min Correction Subset: [12, 58]
Iter 31: 
Min Hitting Set: [12, 22, 64, 68, 72, 76, 80, 81, 82, 83, 85, 86, 87, 88, 89, 91, 93, 94, 96, 97, 98, 99, 100, 101, 102]
Min Correction Subset: [28, 84]
Iter 32: 
Min Hitting Set: [22, 28, 58, 64, 68, 72, 76, 80, 81, 82, 83, 85, 86, 87, 88, 89, 91, 93, 94, 96, 97, 98, 99, 100, 101, 102]
Min Correction Subset: [12, 40]
Iter 33: 
Min Hitting Set: [12, 22, 28, 64, 68, 72, 76, 80, 81, 82, 83, 85, 86, 87, 88, 89, 91, 93, 94, 96, 97, 98, 99, 100, 101, 102]
Min Correction Subset: [32, 84]
Iter 34: 
Min Hitting Set: [12, 22, 28, 32, 64, 68, 72, 76, 80, 81, 82, 85, 86, 87, 88, 89, 91, 93, 94, 96, 97, 98, 99, 100, 101, 102]
Min Correction Subset: [21, 47, 79]
Iter 35: 
Min Hitting Set: [12, 21, 22, 28, 32, 64, 68, 72, 76, 80, 81, 82, 85, 86, 87, 88, 89, 91, 93, 94, 96, 97, 98, 99, 100, 101, 102]
Min Correction Subset: [47, 58, 79]
Iter 36: 
Min Hitting Set: [12, 22, 28, 32, 47, 64, 68, 72, 76, 80, 81, 82, 85, 86, 87, 88, 89, 91, 93, 94, 96, 97, 98, 99, 100, 101, 102]
Min Correction Subset: [21, 43, 79]
Iter 37: 
Min Hitting Set: [12, 22, 28, 32, 64, 68, 72, 76, 79, 80, 81, 82, 85, 86, 87, 88, 89, 91, 93, 94, 96, 97, 98, 99, 100, 101, 102]
Min Correction Subset: [40, 58, 69]
Iter 38: 
Min Hitting Set: [22, 28, 32, 40, 58, 64, 68, 72, 76, 79, 80, 81, 82, 85, 86, 87, 88, 89, 91, 93, 94, 96, 97, 98, 99, 100, 101, 102]
Min Correction Subset: [12, 69]
Iter 39: 
Min Hitting Set: [12, 22, 28, 32, 62, 64, 68, 69, 72, 76, 79, 80, 81, 82, 85, 86, 87, 88, 89, 91, 94, 96, 97, 98, 99, 100, 101, 102]
Min Correction Subset: [58, 93]
Iter 40: 
Min Hitting Set: [12, 22, 28, 32, 64, 68, 69, 72, 76, 79, 80, 81, 82, 85, 86, 87, 88, 89, 91, 93, 94, 96, 97, 98, 99, 100, 101, 102]
Min Correction Subset: [40, 58, 77]
Iter 41: 
Min Hitting Set: [12, 22, 28, 32, 58, 62, 64, 68, 72, 76, 79, 80, 81, 82, 85, 86, 87, 88, 89, 91, 93, 94, 97, 98, 99, 100, 101, 102]
Min Correction Subset: [69, 96]
Iter 42: 
Min Hitting Set: [12, 22, 28, 32, 58, 64, 68, 72, 76, 79, 80, 81, 82, 85, 86, 87, 88, 89, 91, 93, 94, 96, 97, 98, 99, 100, 101, 102]
Min Correction Subset: [40, 69, 95]
Iter 43: 
Min Hitting Set: [12, 22, 28, 32, 40, 64, 68, 72, 76, 79, 80, 81, 82, 85, 86, 87, 88, 89, 91, 93, 94, 96, 97, 98, 99, 100, 101, 102]
Min Correction Subset: [58, 69, 77]
Iter 44: 
Min Hitting Set: [12, 22, 58, 62, 64, 68, 69, 72, 76, 79, 80, 81, 82, 83, 84, 85, 86, 87, 88, 89, 91, 94, 97, 98, 99, 100, 101, 102]
Min Correction Subset: [77, 93]
Iter 45: 
Min Hitting Set: [22, 28, 32, 40, 58, 64, 68, 69, 72, 76, 79, 80, 81, 82, 85, 86, 87, 88, 89, 91, 93, 94, 96, 97, 98, 99, 100, 101, 102]
Min Correction Subset: [12, 77]
Iter 46: 
Min Hitting Set: [12, 22, 28, 32, 40, 64, 68, 72, 76, 77, 79, 80, 81, 82, 85, 86, 87, 88, 89, 91, 93, 94, 96, 97, 98, 99, 100, 101, 102]
Min Correction Subset: [58, 69, 95]
Iter 47: 
Min Hitting Set: [12, 22, 28, 32, 64, 68, 69, 72, 76, 77, 79, 80, 81, 82, 85, 86, 87, 88, 89, 91, 93, 94, 96, 97, 98, 99, 100, 101, 102]
Min Correction Subset: [21, 40, 58]
Iter 48: 
Min Hitting Set: [12, 22, 28, 32, 40, 64, 68, 69, 72, 76, 79, 80, 81, 82, 85, 86, 87, 88, 89, 91, 93, 94, 96, 97, 98, 99, 100, 101, 102]
Min Correction Subset: [21, 58, 77]
Iter 49: 
Min Hitting Set: [12, 22, 28, 32, 58, 62, 64, 68, 69, 72, 76, 77, 79, 80, 81, 82, 85, 86, 87, 88, 89, 91, 94, 97, 98, 99, 100, 101, 102]
Min Correction Subset: [40, 93]
Iter 50: 
Min Hitting Set: [12, 22, 28, 32, 58, 62, 64, 68, 69, 72, 76, 79, 80, 81, 82, 85, 86, 87, 88, 89, 91, 93, 94, 97, 98, 99, 100, 101, 102]
Min Correction Subset: [73, 96]
Iter 51: 
Min Hitting Set: [12, 22, 28, 32, 58, 64, 68, 69, 72, 76, 79, 80, 81, 82, 85, 86, 87, 88, 89, 91, 93, 94, 96, 97, 98, 99, 100, 101, 102]
Min Correction Subset: [40, 73, 95]
Iter 52: 
Min Hitting Set: [12, 22, 28, 32, 40, 58, 64, 68, 72, 76, 79, 80, 81, 82, 85, 86, 87, 88, 89, 91, 93, 94, 96, 97, 98, 99, 100, 101, 102]
Min Correction Subset: [36, 69, 95]
Iter 53: 
Min Hitting Set: [12, 21, 22, 28, 32, 58, 64, 68, 72, 76, 80, 81, 82, 85, 86, 87, 88, 89, 91, 93, 94, 95, 96, 97, 98, 99, 100, 101, 102]
Min Correction Subset: [25, 47, 79]
Iter 54: 
Min Hitting Set: [12, 22, 28, 32, 58, 64, 68, 72, 76, 79, 80, 81, 82, 85, 86, 87, 88, 89, 91, 93, 94, 95, 96, 97, 98, 99, 100, 101, 102]
Min Correction Subset: [40, 62, 77]
Iter 55: 
Min Hitting Set: [22, 28, 32, 40, 58, 64, 68, 69, 72, 76, 77, 79, 80, 81, 82, 85, 86, 87, 88, 89, 91, 93, 94, 96, 97, 98, 99, 100, 101, 102]
Min Correction Subset: [12, 21, 62]
Iter 56: 
Min Hitting Set: [22, 28, 32, 40, 58, 62, 64, 68, 69, 72, 76, 77, 79, 80, 81, 82, 85, 86, 87, 88, 89, 91, 94, 96, 97, 98, 99, 100, 101, 102]
Min Correction Subset: [12, 93]
Iter 57: 
Min Hitting Set: [12, 22, 28, 32, 58, 64, 68, 72, 76, 77, 79, 80, 81, 82, 85, 86, 87, 88, 89, 91, 93, 94, 95, 96, 97, 98, 99, 100, 101, 102]
Min Correction Subset: [19, 29, 40, 62]
Iter 58: 
Min Hitting Set: [12, 21, 22, 28, 32, 40, 64, 68, 69, 72, 76, 79, 80, 81, 82, 85, 86, 87, 88, 89, 91, 93, 94, 96, 97, 98, 99, 100, 101, 102]
Min Correction Subset: [36, 62, 73, 95]
Iter 59: 
Min Hitting Set: [12, 22, 28, 32, 58, 62, 64, 68, 72, 76, 79, 80, 81, 82, 85, 86, 87, 88, 89, 91, 93, 94, 95, 96, 97, 98, 99, 100, 101, 102]
Min Correction Subset: [40, 69, 77]
Iter 60: 
Min Hitting Set: [12, 22, 28, 32, 40, 64, 68, 72, 76, 77, 79, 80, 81, 82, 85, 86, 87, 88, 89, 91, 93, 94, 95, 96, 97, 98, 99, 100, 101, 102]
Min Correction Subset: [21, 58, 69]
Iter 61: 
Min Hitting Set: [12, 22, 28, 32, 40, 58, 64, 68, 72, 76, 79, 80, 81, 82, 85, 86, 87, 88, 89, 91, 93, 94, 95, 96, 97, 98, 99, 100, 101, 102]
Min Correction Subset: [19, 29, 62, 77]
Iter 62: 
Min Hitting Set: [12, 22, 28, 32, 58, 62, 64, 68, 69, 72, 73, 76, 79, 80, 81, 82, 85, 86, 87, 88, 89, 91, 93, 94, 97, 98, 99, 100, 101, 102]
Min Correction Subset: [40, 77, 96]
Iter 63: 
Min Hitting Set: [22, 28, 32, 40, 58, 62, 64, 68, 69, 72, 76, 77, 79, 80, 81, 82, 85, 86, 87, 88, 89, 91, 93, 94, 96, 97, 98, 99, 100, 101, 102]
Min Correction Subset: [12, 19, 29]
Iter 64: 
Min Hitting Set: [12, 22, 28, 32, 58, 62, 64, 68, 69, 72, 73, 76, 79, 80, 81, 82, 85, 86, 87, 88, 89, 91, 93, 94, 96, 97, 98, 99, 100, 101, 102]
Min Correction Subset: [21, 40, 77]
Iter 65: 
Min Hitting Set: [12, 22, 28, 32, 58, 62, 64, 68, 69, 72, 73, 76, 77, 79, 80, 81, 82, 85, 86, 87, 88, 89, 91, 93, 94, 97, 98, 99, 100, 101, 102]
Min Correction Subset: [21, 40, 96]
Iter 66: 
Min Hitting Set: [12, 22, 28, 32, 40, 58, 62, 64, 68, 69, 72, 73, 76, 77, 79, 80, 81, 82, 85, 86, 87, 88, 89, 91, 94, 97, 98, 99, 100, 101, 102]
Min Correction Subset: [24, 70, 93]
Iter 67: 
Min Hitting Set: [12, 22, 28, 32, 40, 58, 62, 64, 68, 69, 72, 76, 79, 80, 81, 82, 85, 86, 87, 88, 89, 91, 93, 94, 96, 97, 98, 99, 100, 101, 102]
Min Correction Subset: [19, 21, 29, 77]
Iter 68: 
Min Hitting Set: [12, 22, 28, 32, 40, 62, 64, 68, 69, 72, 76, 77, 79, 80, 81, 82, 85, 86, 87, 88, 89, 91, 93, 94, 96, 97, 98, 99, 100, 101, 102]
Min Correction Subset: [21, 58, 73, 95]
Iter 69: 
Min Hitting Set: [12, 21, 22, 28, 32, 40, 62, 64, 68, 69, 72, 76, 79, 80, 81, 82, 85, 86, 87, 88, 89, 91, 93, 94, 96, 97, 98, 99, 100, 101, 102]
Min Correction Subset: [19, 29, 58, 77]
Iter 70: 
Min Hitting Set: [12, 19, 22, 28, 32, 58, 64, 68, 72, 76, 77, 79, 80, 81, 82, 85, 86, 87, 88, 89, 91, 93, 94, 95, 96, 97, 98, 99, 100, 101, 102]
Min Correction Subset: [21, 40, 62, 69]
Iter 71: 
Min Hitting Set: [12, 21, 22, 28, 32, 40, 64, 68, 72, 76, 77, 79, 80, 81, 82, 85, 86, 87, 88, 89, 91, 93, 94, 95, 96, 97, 98, 99, 100, 101, 102]
Min Correction Subset: [19, 29, 58, 69]
Iter 72: 
Min Hitting Set: [12, 19, 22, 28, 32, 40, 58, 64, 68, 72, 76, 79, 80, 81, 82, 85, 86, 87, 88, 89, 91, 93, 94, 95, 96, 97, 98, 99, 100, 101, 102]
Min Correction Subset: [21, 62, 69, 77]
Iter 73: 
Min Hitting Set: [12, 22, 28, 32, 40, 58, 64, 68, 72, 76, 77, 79, 80, 81, 82, 85, 86, 87, 88, 89, 91, 93, 94, 95, 96, 97, 98, 99, 100, 101, 102]
Min Correction Subset: [19, 21, 29, 62, 69]
Iter 74: 
Min Hitting Set: [12, 22, 28, 32, 40, 64, 68, 69, 72, 73, 76, 77, 79, 80, 81, 82, 85, 86, 87, 88, 89, 91, 93, 94, 96, 97, 98, 99, 100, 101, 102]
Min Correction Subset: [19, 21, 29, 58]
Iter 75: 
Min Hitting Set: [12, 22, 28, 32, 58, 62, 64, 68, 72, 76, 77, 79, 80, 81, 82, 85, 86, 87, 88, 89, 91, 93, 94, 95, 96, 97, 98, 99, 100, 101, 102]
Min Correction Subset: [19, 29, 40, 69]
Iter 76: 
Min Hitting Set: [19, 22, 28, 32, 40, 58, 62, 64, 68, 69, 72, 76, 77, 79, 80, 81, 82, 85, 86, 87, 88, 89, 91, 93, 94, 96, 97, 98, 99, 100, 101, 102]
Min Correction Subset: [12, 36, 73, 95]
