IIS generation
Iter 1: 
Min Hitting Set: []
Min Correction Subset: [168]
Iter 2: 
Min Hitting Set: [168]
Min Correction Subset: [33]
Iter 3: 
Min Hitting Set: [33, 168]
Min Correction Subset: [58]
Iter 4: 
Min Hitting Set: [33, 58, 168]
Min Correction Subset: [69]
Iter 5: 
Min Hitting Set: [33, 58, 69, 168]
Min Correction Subset: [25]
Iter 6: 
Min Hitting Set: [25, 33, 58, 69, 168]
Min Correction Subset: [47]
Iter 7: 
Min Hitting Set: [25, 33, 47, 58, 69, 168]
Min Correction Subset: [20]
Iter 8: 
Min Hitting Set: [20, 25, 33, 47, 58, 69, 168]
Min Correction Subset: [32]
Iter 9: 
Min Hitting Set: [20, 25, 32, 33, 47, 58, 69, 168]
Min Correction Subset: [31]
Iter 10: 
Min Hitting Set: [20, 25, 31, 32, 33, 47, 58, 69, 168]
Min Correction Subset: [46]
Iter 11: 
Min Hitting Set: [20, 25, 31, 32, 33, 46, 47, 58, 69, 168]
Min Correction Subset: [72]
Iter 12: 
Min Hitting Set: [20, 25, 31, 32, 33, 46, 47, 58, 69, 72, 168]
Min Correction Subset: [1]
Iter 13: 
Min Hitting Set: [1, 20, 25, 31, 32, 33, 46, 47, 58, 69, 72, 168]
Min Correction Subset: [71]
Iter 14: 
Min Hitting Set: [1, 20, 25, 31, 32, 33, 46, 47, 58, 69, 71, 72, 168]
Min Correction Subset: [57]
Iter 15: 
Min Hitting Set: [1, 20, 25, 31, 32, 33, 46, 47, 57, 58, 69, 71, 72, 168]
Min Correction Subset: [18]
Iter 16: 
Min Hitting Set: [1, 18, 20, 25, 31, 32, 33, 46, 47, 57, 58, 69, 71, 72, 168]
Min Correction Subset: [10]
Iter 17: 
Min Hitting Set: [1, 10, 18, 20, 25, 31, 32, 33, 46, 47, 57, 58, 69, 71, 72, 168]
Min Correction Subset: [59]
Iter 18: 
Min Hitting Set: [1, 10, 18, 20, 25, 31, 32, 33, 46, 47, 57, 58, 59, 69, 71, 72, 168]
Min Correction Subset: [12]
Iter 19: 
Min Hitting Set: [1, 10, 12, 18, 20, 25, 31, 32, 33, 46, 47, 57, 58, 59, 69, 71, 72, 168]
Min Correction Subset: [61]
Iter 20: 
Min Hitting Set: [1, 10, 12, 18, 20, 25, 31, 32, 33, 46, 47, 57, 58, 59, 61, 69, 71, 72, 168]
Min Correction Subset: [40]
Iter 21: 
Min Hitting Set: [1, 10, 12, 18, 20, 25, 31, 32, 33, 40, 46, 47, 57, 58, 59, 61, 69, 71, 72, 168]
Min Correction Subset: [22]
Iter 22: 
Min Hitting Set: [1, 10, 12, 18, 20, 22, 25, 31, 32, 33, 40, 46, 47, 57, 58, 59, 61, 69, 71, 72, 168]
Min Correction Subset: [45]
Iter 23: 
Min Hitting Set: [1, 10, 12, 18, 20, 22, 25, 31, 32, 33, 40, 45, 46, 47, 57, 58, 59, 61, 69, 71, 72, 168]
Min Correction Subset: [27]
Iter 24: 
Min Hitting Set: [1, 10, 12, 18, 20, 22, 25, 27, 31, 32, 33, 40, 45, 46, 47, 57, 58, 59, 61, 69, 71, 72, 168]
Min Correction Subset: [11]
Iter 25: 
Min Hitting Set: [1, 10, 11, 12, 18, 20, 22, 25, 27, 31, 32, 33, 40, 45, 46, 47, 57, 58, 59, 61, 69, 71, 72, 168]
Min Correction Subset: [36]
Iter 26: 
Min Hitting Set: [1, 10, 11, 12, 18, 20, 22, 25, 27, 31, 32, 33, 36, 40, 45, 46, 47, 57, 58, 59, 61, 69, 71, 72, 168]
Min Correction Subset: [24]
Iter 27: 
Min Hitting Set: [1, 10, 11, 12, 18, 20, 22, 24, 25, 27, 31, 32, 33, 36, 40, 45, 46, 47, 57, 58, 59, 61, 69, 71, 72, 168]
Min Correction Subset: [7]
Iter 28: 
Min Hitting Set: [1, 7, 10, 11, 12, 18, 20, 22, 24, 25, 27, 31, 32, 33, 36, 40, 45, 46, 47, 57, 58, 59, 61, 69, 71, 72, 168]
Min Correction Subset: [26]
Iter 29: 
Min Hitting Set: [1, 7, 10, 11, 12, 18, 20, 22, 24, 25, 26, 27, 31, 32, 33, 36, 40, 45, 46, 47, 57, 58, 59, 61, 69, 71, 72, 168]
Min Correction Subset: [56]
Iter 30: 
Min Hitting Set: [1, 7, 10, 11, 12, 18, 20, 22, 24, 25, 26, 27, 31, 32, 33, 36, 40, 45, 46, 47, 56, 57, 58, 59, 61, 69, 71, 72, 168]
Min Correction Subset: [17]
Iter 31: 
Min Hitting Set: [1, 7, 10, 11, 12, 17, 18, 20, 22, 24, 25, 26, 27, 31, 32, 33, 36, 40, 45, 46, 47, 56, 57, 58, 59, 61, 69, 71, 72, 168]
Min Correction Subset: [13]
Iter 32: 
Min Hitting Set: [1, 7, 10, 11, 12, 13, 17, 18, 20, 22, 24, 25, 26, 27, 31, 32, 33, 36, 40, 45, 46, 47, 56, 57, 58, 59, 61, 69, 71, 72, 168]
Min Correction Subset: [44]
Iter 33: 
Min Hitting Set: [1, 7, 10, 11, 12, 13, 17, 18, 20, 22, 24, 25, 26, 27, 31, 32, 33, 36, 40, 44, 45, 46, 47, 56, 57, 58, 59, 61, 69, 71, 72, 168]
Min Correction Subset: [39]
Iter 34: 
Min Hitting Set: [1, 7, 10, 11, 12, 13, 17, 18, 20, 22, 24, 25, 26, 27, 31, 32, 33, 36, 39, 40, 44, 45, 46, 47, 56, 57, 58, 59, 61, 69, 71, 72, 168]
Min Correction Subset: [102]
Iter 35: 
Min Hitting Set: [1, 7, 10, 11, 12, 13, 17, 18, 20, 22, 24, 25, 26, 27, 31, 32, 33, 36, 39, 40, 44, 45, 46, 47, 56, 57, 58, 59, 61, 69, 71, 72, 102, 168]
Min Correction Subset: [37]
Iter 36: 
Min Hitting Set: [1, 7, 10, 11, 12, 13, 17, 18, 20, 22, 24, 25, 26, 27, 31, 32, 33, 36, 37, 39, 40, 44, 45, 46, 47, 56, 57, 58, 59, 61, 69, 71, 72, 102, 168]
Min Correction Subset: [70]
Iter 37: 
Min Hitting Set: [1, 7, 10, 11, 12, 13, 17, 18, 20, 22, 24, 25, 26, 27, 31, 32, 33, 36, 37, 39, 40, 44, 45, 46, 47, 56, 57, 58, 59, 61, 69, 70, 71, 72, 102, 168]
Min Correction Subset: [50]
Iter 38: 
Min Hitting Set: [1, 7, 10, 11, 12, 13, 17, 18, 20, 22, 24, 25, 26, 27, 31, 32, 33, 36, 37, 39, 40, 44, 45, 46, 47, 50, 56, 57, 58, 59, 61, 69, 70, 71, 72, 102, 168]
Min Correction Subset: [167]
Iter 39: 
Min Hitting Set: [1, 7, 10, 11, 12, 13, 17, 18, 20, 22, 24, 25, 26, 27, 31, 32, 33, 36, 37, 39, 40, 44, 45, 46, 47, 50, 56, 57, 58, 59, 61, 69, 70, 71, 72, 102, 167, 168]
Min Correction Subset: [99]
Iter 40: 
Min Hitting Set: [1, 7, 10, 11, 12, 13, 17, 18, 20, 22, 24, 25, 26, 27, 31, 32, 33, 36, 37, 39, 40, 44, 45, 46, 47, 50, 56, 57, 58, 59, 61, 69, 70, 71, 72, 99, 102, 167, 168]
Min Correction Subset: [83]
Iter 41: 
Min Hitting Set: [1, 7, 10, 11, 12, 13, 17, 18, 20, 22, 24, 25, 26, 27, 31, 32, 33, 36, 37, 39, 40, 44, 45, 46, 47, 50, 56, 57, 58, 59, 61, 69, 70, 71, 72, 83, 99, 102, 167, 168]
Min Correction Subset: [43, 100]
Iter 42: 
Min Hitting Set: [1, 7, 10, 11, 12, 13, 17, 18, 20, 22, 24, 25, 26, 27, 31, 32, 33, 36, 37, 39, 40, 43, 44, 45, 46, 47, 50, 56, 57, 58, 59, 61, 69, 70, 71, 72, 83, 99, 102, 167, 168]
Min Correction Subset: [23, 38]
Iter 43: 
Min Hitting Set: [1, 7, 10, 11, 12, 13, 17, 18, 20, 22, 23, 24, 25, 26, 27, 31, 32, 33, 36, 37, 39, 40, 43, 44, 45, 46, 47, 50, 56, 57, 58, 59, 61, 69, 70, 71, 72, 83, 99, 102, 167, 168]
Min Correction Subset: [3, 66]
Iter 44: 
Min Hitting Set: [1, 3, 7, 10, 11, 12, 13, 17, 18, 20, 22, 23, 24, 25, 26, 27, 31, 32, 33, 36, 37, 39, 40, 43, 44, 45, 46, 47, 50, 56, 57, 58, 59, 61, 69, 70, 71, 72, 83, 99, 102, 167, 168]
Min Correction Subset: [34, 38]
Iter 45: 
Min Hitting Set: [1, 3, 7, 10, 11, 12, 13, 17, 18, 20, 22, 24, 25, 26, 27, 31, 32, 33, 36, 37, 38, 39, 40, 43, 44, 45, 46, 47, 50, 56, 57, 58, 59, 61, 69, 70, 71, 72, 83, 99, 102, 167, 168]
Min Correction Subset: [5, 80]
Iter 46: 
Min Hitting Set: [1, 3, 5, 7, 10, 11, 12, 13, 17, 18, 20, 22, 24, 25, 26, 27, 31, 32, 33, 36, 37, 38, 39, 40, 43, 44, 45, 46, 47, 50, 56, 57, 58, 59, 61, 69, 70, 71, 72, 83, 99, 102, 167, 168]
Min Correction Subset: [15, 67]
Iter 47: 
Min Hitting Set: [1, 3, 5, 7, 10, 11, 12, 13, 15, 17, 18, 20, 22, 24, 25, 26, 27, 31, 32, 33, 36, 37, 38, 39, 40, 43, 44, 45, 46, 47, 50, 56, 57, 58, 59, 61, 69, 70, 71, 72, 83, 99, 102, 167, 168]
Min Correction Subset: [67, 101]
Iter 48: 
Min Hitting Set: [1, 3, 5, 7, 10, 11, 12, 13, 17, 18, 20, 22, 24, 25, 26, 27, 31, 32, 33, 36, 37, 38, 39, 40, 43, 44, 45, 46, 47, 50, 56, 57, 58, 59, 61, 67, 69, 70, 71, 72, 83, 99, 102, 167, 168]
Min Correction Subset: [60, 80]
Iter 49: 
Min Hitting Set: [1, 3, 7, 10, 11, 12, 13, 17, 18, 20, 22, 24, 25, 26, 27, 31, 32, 33, 36, 37, 38, 39, 40, 43, 44, 45, 46, 47, 50, 56, 57, 58, 59, 61, 67, 69, 70, 71, 72, 80, 83, 99, 102, 167, 168]
Min Correction Subset: [21, 123]
Iter 50: 
Min Hitting Set: [1, 3, 7, 10, 11, 12, 13, 17, 18, 20, 21, 22, 24, 25, 26, 27, 31, 32, 33, 36, 37, 38, 39, 40, 43, 44, 45, 46, 47, 50, 56, 57, 58, 59, 61, 67, 69, 70, 71, 72, 80, 83, 99, 102, 167, 168]
Min Correction Subset: [66, 120]
Iter 51: 
Min Hitting Set: [1, 7, 10, 11, 12, 13, 17, 18, 20, 21, 22, 24, 25, 26, 27, 31, 32, 33, 36, 37, 38, 39, 40, 43, 44, 45, 46, 47, 50, 56, 57, 58, 59, 61, 66, 67, 69, 70, 71, 72, 80, 83, 99, 102, 167, 168]
Min Correction Subset: [3, 9]
Iter 52: 
Min Hitting Set: [1, 3, 7, 10, 11, 12, 13, 17, 18, 20, 21, 22, 24, 25, 26, 27, 31, 32, 33, 36, 37, 38, 39, 40, 43, 44, 45, 46, 47, 50, 56, 57, 58, 59, 61, 66, 67, 69, 70, 71, 72, 80, 83, 99, 102, 167, 168]
Min Correction Subset: [34, 117]
Iter 53: 
Min Hitting Set: [1, 3, 7, 10, 11, 12, 13, 17, 18, 20, 21, 22, 24, 25, 26, 27, 31, 32, 33, 34, 36, 37, 38, 39, 40, 43, 44, 45, 46, 47, 50, 56, 57, 58, 59, 61, 66, 67, 69, 70, 71, 72, 80, 83, 99, 102, 167, 168]
Min Correction Subset: [19, 73]
Iter 54: 
Min Hitting Set: [1, 3, 7, 10, 11, 12, 13, 17, 18, 19, 20, 21, 22, 24, 25, 26, 27, 31, 32, 33, 34, 36, 37, 38, 39, 40, 43, 44, 45, 46, 47, 50, 56, 57, 58, 59, 61, 66, 67, 69, 70, 71, 72, 80, 83, 99, 102, 167, 168]
Min Correction Subset: [35, 117]
Iter 55: 
Min Hitting Set: [1, 3, 7, 10, 11, 12, 13, 17, 18, 19, 20, 21, 22, 24, 25, 26, 27, 31, 32, 33, 36, 37, 38, 39, 40, 43, 44, 45, 46, 47, 50, 56, 57, 58, 59, 61, 66, 67, 69, 70, 71, 72, 80, 83, 99, 102, 117, 167, 168]
Min Correction Subset: [35, 95]
Iter 56: 
Min Hitting Set: [1, 3, 7, 10, 11, 12, 13, 17, 18, 19, 20, 21, 22, 24, 25, 26, 27, 31, 32, 33, 34, 35, 36, 37, 38, 39, 40, 43, 44, 45, 46, 47, 50, 56, 57, 58, 59, 61, 66, 67, 69, 70, 71, 72, 80, 83, 99, 102, 167, 168]
Min Correction Subset: [60, 73, 117]
Iter 57: 
Min Hitting Set: [1, 3, 7, 10, 11, 12, 13, 17, 18, 20, 21, 22, 24, 25, 26, 27, 31, 32, 33, 34, 35, 36, 37, 38, 39, 40, 43, 44, 45, 46, 47, 50, 56, 57, 58, 59, 61, 66, 67, 69, 70, 71, 72, 73, 80, 83, 99, 102, 167, 168]
Min Correction Subset: [19, 53, 77, 117]
Iter 58: 
Min Hitting Set: [1, 3, 7, 10, 11, 12, 13, 17, 18, 19, 20, 21, 22, 24, 25, 26, 27, 31, 32, 33, 35, 36, 37, 38, 39, 40, 43, 44, 45, 46, 47, 50, 56, 57, 58, 59, 61, 66, 67, 69, 70, 71, 72, 80, 83, 99, 102, 117, 167, 168]
Min Correction Subset: [34, 95]
Iter 59: 
Min Hitting Set: [1, 3, 7, 10, 11, 12, 13, 17, 18, 19, 20, 21, 22, 24, 25, 26, 27, 31, 32, 33, 36, 37, 38, 39, 40, 43, 44, 45, 46, 47, 50, 56, 57, 58, 59, 61, 66, 67, 69, 70, 71, 72, 80, 83, 95, 99, 102, 117, 167, 168]
Min Correction Subset: [35, 60, 73]
Iter 60: 
Min Hitting Set: [1, 3, 7, 10, 11, 12, 13, 17, 18, 20, 21, 22, 24, 25, 26, 27, 31, 32, 33, 36, 37, 38, 39, 40, 43, 44, 45, 46, 47, 50, 56, 57, 58, 59, 61, 66, 67, 69, 70, 71, 72, 73, 80, 83, 95, 99, 102, 117, 167, 168]
Min Correction Subset: [19, 34, 53, 77]
Iter 61: 
Min Hitting Set: [1, 3, 7, 10, 11, 12, 13, 17, 18, 19, 20, 21, 22, 24, 25, 26, 27, 31, 32, 33, 34, 35, 36, 37, 38, 39, 40, 43, 44, 45, 46, 47, 50, 56, 57, 58, 59, 61, 66, 67, 69, 70, 71, 72, 80, 83, 99, 102, 117, 167, 168]
Min Correction Subset: [15, 60, 73, 108]
Iter 62: 
Min Hitting Set: [1, 3, 7, 10, 11, 12, 13, 17, 18, 20, 21, 22, 24, 25, 26, 27, 31, 32, 33, 34, 36, 37, 38, 39, 40, 43, 44, 45, 46, 47, 50, 56, 57, 58, 59, 61, 66, 67, 69, 70, 71, 72, 73, 80, 83, 95, 99, 102, 117, 167, 168]
Min Correction Subset: [19, 35, 53, 77]
