IIS generation
Iter 1: 
Min Hitting Set: []
Min Correction Subset: [113]
Iter 2: 
Min Hitting Set: [113]
Min Correction Subset: [60]
Iter 3: 
Min Hitting Set: [60, 113]
Min Correction Subset: [112]
Iter 4: 
Min Hitting Set: [60, 112, 113]
Min Correction Subset: [17, 54]
Iter 5: 
Min Hitting Set: [17, 60, 112, 113]
Min Correction Subset: [32, 52]
Iter 6: 
Min Hitting Set: [17, 32, 60, 112, 113]
Min Correction Subset: [4, 57]
Iter 7: 
Min Hitting Set: [4, 17, 32, 60, 112, 113]
Min Correction Subset: [23, 57]
Iter 8: 
Min Hitting Set: [17, 32, 57, 60, 112, 113]
Min Correction Subset: [4, 23]
Iter 9: 
Min Hitting Set: [4, 17, 23, 32, 60, 112, 113]
Min Correction Subset: [50, 70]
Iter 10: 
Min Hitting Set: [4, 17, 23, 32, 50, 60, 112, 113]
Min Correction Subset: [56, 64]
Iter 11: 
Min Hitting Set: [4, 17, 23, 32, 50, 56, 60, 112, 113]
Min Correction Subset: [24, 55]
Iter 12: 
Min Hitting Set: [4, 17, 23, 24, 32, 50, 56, 60, 112, 113]
Min Correction Subset: [2, 52]
Iter 13: 
Min Hitting Set: [4, 17, 23, 24, 50, 52, 56, 60, 112, 113]
Min Correction Subset: [8, 32]
Iter 14: 
Min Hitting Set: [4, 17, 23, 24, 32, 50, 52, 56, 60, 112, 113]
Min Correction Subset: [8, 45]
Iter 15: 
Min Hitting Set: [4, 8, 17, 23, 24, 50, 52, 56, 60, 112, 113]
Min Correction Subset: [19, 54]
Iter 16: 
Min Hitting Set: [4, 8, 23, 24, 50, 52, 54, 56, 60, 112, 113]
Min Correction Subset: [17, 32]
Iter 17: 
Min Hitting Set: [4, 8, 17, 23, 24, 50, 52, 54, 56, 60, 112, 113]
Min Correction Subset: [38, 41]
Iter 18: 
Min Hitting Set: [4, 8, 17, 23, 24, 38, 50, 52, 54, 56, 60, 112, 113]
Min Correction Subset: [14, 62]
Iter 19: 
Min Hitting Set: [4, 8, 14, 17, 23, 24, 38, 50, 52, 54, 56, 60, 112, 113]
Min Correction Subset: [32, 63]
Iter 20: 
Min Hitting Set: [4, 8, 14, 23, 24, 32, 38, 50, 52, 54, 56, 60, 112, 113]
Min Correction Subset: [16, 49, 59]
Iter 21: 
Min Hitting Set: [4, 8, 14, 16, 23, 24, 32, 38, 50, 52, 54, 56, 60, 112, 113]
Min Correction Subset: [0, 2, 61]
Iter 22: 
Min Hitting Set: [2, 4, 8, 14, 16, 23, 24, 32, 38, 50, 54, 56, 60, 112, 113]
Min Correction Subset: [52, 64]
Iter 23: 
Min Hitting Set: [2, 4, 8, 14, 16, 23, 24, 32, 38, 50, 54, 60, 64, 112, 113]
Min Correction Subset: [20, 52]
Iter 24: 
Min Hitting Set: [2, 4, 8, 14, 16, 23, 24, 32, 38, 50, 52, 54, 60, 64, 112, 113]
Min Correction Subset: [22, 61, 69]
Iter 25: 
Min Hitting Set: [4, 8, 14, 16, 23, 24, 32, 38, 50, 52, 54, 60, 61, 64, 112, 113]
Min Correction Subset: [35, 55, 62]
Iter 26: 
Min Hitting Set: [4, 8, 16, 23, 32, 38, 50, 52, 54, 55, 60, 61, 62, 64, 112, 113]
Min Correction Subset: [14, 35, 57]
Iter 27: 
Min Hitting Set: [4, 8, 14, 16, 23, 32, 38, 50, 52, 54, 55, 60, 61, 64, 112, 113]
Min Correction Subset: [22, 44, 57]
Iter 28: 
Min Hitting Set: [4, 8, 14, 16, 32, 38, 50, 52, 54, 55, 57, 60, 61, 64, 112, 113]
Min Correction Subset: [23, 56]
Iter 29: 
Min Hitting Set: [4, 8, 14, 16, 32, 38, 50, 52, 54, 55, 56, 57, 60, 61, 112, 113]
Min Correction Subset: [23, 35]
Iter 30: 
Min Hitting Set: [8, 14, 16, 23, 32, 38, 50, 52, 54, 55, 56, 57, 60, 61, 112, 113]
Min Correction Subset: [35, 62, 64]
Iter 31: 
Min Hitting Set: [8, 16, 23, 32, 38, 50, 52, 54, 55, 56, 57, 60, 61, 62, 112, 113]
Min Correction Subset: [41, 59, 75]
Iter 32: 
Min Hitting Set: [8, 23, 32, 41, 50, 52, 54, 55, 56, 57, 59, 60, 61, 62, 112, 113]
Min Correction Subset: [38, 74]
Iter 33: 
Min Hitting Set: [8, 23, 32, 38, 50, 52, 54, 55, 56, 57, 59, 60, 61, 62, 112, 113]
Min Correction Subset: [2, 30, 35]
Iter 34: 
Min Hitting Set: [2, 8, 23, 32, 38, 50, 52, 54, 55, 57, 59, 60, 61, 62, 64, 112, 113]
Min Correction Subset: [4, 56]
Iter 35: 
Min Hitting Set: [2, 8, 23, 32, 38, 50, 52, 54, 55, 56, 57, 59, 60, 61, 62, 112, 113]
Min Correction Subset: [64, 65, 66]
Iter 36: 
Min Hitting Set: [2, 4, 8, 14, 22, 23, 32, 38, 50, 52, 54, 55, 59, 60, 64, 112, 113]
Min Correction Subset: [17, 35, 69]
Iter 37: 
Min Hitting Set: [2, 4, 8, 14, 23, 32, 38, 50, 52, 54, 55, 57, 59, 60, 64, 69, 112, 113]
Min Correction Subset: [17, 41, 61]
Iter 38: 
Min Hitting Set: [2, 4, 8, 14, 17, 22, 23, 32, 38, 50, 52, 54, 55, 59, 60, 64, 112, 113]
Min Correction Subset: [41, 61, 96]
Iter 39: 
Min Hitting Set: [4, 8, 14, 23, 32, 35, 38, 50, 52, 54, 55, 57, 59, 60, 61, 64, 112, 113]
Min Correction Subset: [2, 17, 70]
Iter 40: 
Min Hitting Set: [4, 8, 14, 23, 32, 35, 38, 52, 54, 55, 57, 59, 60, 61, 64, 70, 112, 113]
Min Correction Subset: [2, 74, 75]
Iter 41: 
Min Hitting Set: [4, 8, 14, 23, 32, 35, 41, 52, 54, 55, 57, 59, 60, 61, 64, 70, 74, 112, 113]
Min Correction Subset: [38, 56]
Iter 42: 
Min Hitting Set: [8, 14, 23, 32, 35, 41, 52, 54, 55, 56, 57, 59, 60, 61, 64, 70, 74, 112, 113]
Min Correction Subset: [4, 50, 65]
Iter 43: 
Min Hitting Set: [2, 8, 23, 32, 38, 41, 52, 54, 55, 56, 57, 59, 60, 62, 65, 69, 70, 112, 113]
Min Correction Subset: [14, 26, 64]
Iter 44: 
Min Hitting Set: [2, 4, 8, 23, 32, 38, 41, 50, 52, 54, 55, 57, 59, 60, 62, 64, 69, 112, 113]
Min Correction Subset: [14, 35, 44]
Iter 45: 
Min Hitting Set: [2, 4, 8, 22, 23, 32, 35, 38, 41, 50, 52, 54, 55, 59, 60, 62, 64, 112, 113]
Min Correction Subset: [49, 74, 75]
Iter 46: 
Min Hitting Set: [2, 4, 8, 22, 23, 32, 35, 38, 41, 49, 50, 52, 54, 55, 60, 62, 64, 112, 113]
Min Correction Subset: [6, 57, 59]
Iter 47: 
Min Hitting Set: [4, 8, 22, 23, 32, 35, 38, 52, 54, 55, 59, 60, 61, 62, 64, 70, 74, 112, 113]
Min Correction Subset: [14, 41, 57]
Iter 48: 
Min Hitting Set: [4, 8, 14, 22, 23, 32, 35, 38, 52, 54, 55, 59, 60, 61, 64, 70, 74, 112, 113]
Min Correction Subset: [0, 50, 65]
Iter 49: 
Min Hitting Set: [2, 4, 8, 14, 23, 32, 38, 41, 49, 50, 52, 54, 55, 57, 60, 64, 69, 112, 113]
Min Correction Subset: [0, 12, 56]
Iter 50: 
Min Hitting Set: [2, 8, 14, 23, 32, 38, 41, 49, 50, 52, 54, 55, 56, 57, 60, 64, 69, 112, 113]
Min Correction Subset: [30, 35, 62]
Iter 51: 
Min Hitting Set: [8, 14, 23, 32, 35, 41, 52, 54, 55, 56, 57, 59, 60, 61, 65, 70, 74, 112, 113]
Min Correction Subset: [2, 17, 22]
Iter 52: 
Min Hitting Set: [2, 8, 23, 32, 41, 44, 49, 50, 52, 54, 55, 56, 57, 60, 62, 64, 69, 74, 112, 113]
Min Correction Subset: [20, 34, 38]
Iter 53: 
Min Hitting Set: [2, 8, 23, 24, 32, 35, 38, 49, 50, 52, 54, 56, 57, 60, 61, 62, 64, 75, 112, 113]
Min Correction Subset: [4, 55]
Iter 54: 
Min Hitting Set: [2, 8, 23, 32, 35, 38, 49, 50, 52, 54, 55, 56, 57, 60, 61, 62, 64, 75, 112, 113]
Min Correction Subset: [17, 22, 44]
Iter 55: 
Min Hitting Set: [8, 17, 23, 32, 35, 38, 50, 52, 54, 55, 56, 57, 59, 60, 61, 62, 64, 74, 112, 113]
Min Correction Subset: [2, 22, 70]
Iter 56: 
Min Hitting Set: [0, 4, 8, 14, 22, 23, 32, 35, 38, 52, 54, 55, 59, 60, 61, 64, 70, 74, 112, 113]
Min Correction Subset: [17, 44, 50]
Iter 57: 
Min Hitting Set: [2, 8, 23, 32, 38, 41, 44, 49, 50, 52, 54, 55, 56, 57, 60, 62, 64, 69, 112, 113]
Min Correction Subset: [30, 35, 61]
Iter 58: 
Min Hitting Set: [2, 4, 8, 14, 20, 22, 32, 35, 41, 49, 50, 54, 55, 56, 57, 60, 64, 74, 112, 113]
Min Correction Subset: [23, 38]
Iter 59: 
Min Hitting Set: [2, 8, 14, 20, 22, 23, 32, 35, 41, 49, 50, 54, 55, 56, 57, 60, 64, 74, 112, 113]
Min Correction Subset: [4, 52]
Iter 60: 
Min Hitting Set: [2, 4, 8, 20, 22, 23, 32, 35, 41, 50, 54, 55, 56, 59, 60, 62, 64, 74, 112, 113]
Min Correction Subset: [52, 57]
Iter 61: 
Min Hitting Set: [2, 8, 22, 23, 32, 35, 38, 41, 49, 50, 52, 54, 55, 56, 57, 60, 62, 64, 112, 113]
Min Correction Subset: [69, 74, 75]
Iter 62: 
Min Hitting Set: [4, 8, 14, 17, 32, 35, 38, 52, 54, 55, 56, 57, 59, 60, 61, 65, 70, 74, 112, 113]
Min Correction Subset: [23, 69]
Iter 63: 
Min Hitting Set: [8, 14, 17, 23, 32, 35, 38, 52, 54, 55, 56, 57, 59, 60, 61, 65, 70, 74, 112, 113]
Min Correction Subset: [4, 50, 64]
Iter 64: 
Min Hitting Set: [8, 22, 23, 32, 35, 38, 50, 52, 54, 55, 56, 57, 59, 60, 61, 62, 64, 70, 74, 112, 113]
Min Correction Subset: [4, 41, 71]
Iter 65: 
Min Hitting Set: [4, 8, 14, 22, 23, 32, 35, 38, 44, 52, 54, 55, 56, 59, 60, 61, 65, 70, 74, 112, 113]
Min Correction Subset: [2, 17, 82]
Iter 66: 
Min Hitting Set: [2, 4, 8, 14, 22, 23, 32, 35, 38, 50, 52, 54, 55, 56, 59, 60, 61, 64, 74, 112, 113]
Min Correction Subset: [1, 10, 41]
Iter 67: 
Min Hitting Set: [2, 4, 8, 20, 22, 32, 35, 38, 41, 49, 50, 54, 55, 56, 57, 60, 62, 64, 69, 112, 113]
Min Correction Subset: [14, 23]
Iter 68: 
Min Hitting Set: [2, 4, 8, 14, 20, 22, 32, 35, 38, 41, 49, 50, 54, 55, 56, 57, 60, 64, 69, 112, 113]
Min Correction Subset: [23, 52]
Iter 69: 
Min Hitting Set: [2, 8, 22, 23, 32, 35, 38, 41, 49, 50, 52, 54, 55, 56, 57, 60, 62, 64, 69, 112, 113]
Min Correction Subset: [14, 59, 70]
Iter 70: 
Min Hitting Set: [0, 2, 4, 8, 22, 23, 32, 35, 38, 41, 50, 52, 54, 55, 59, 60, 62, 64, 74, 112, 113]
Min Correction Subset: [10, 14, 56]
Iter 71: 
Min Hitting Set: [0, 4, 8, 14, 17, 22, 23, 32, 35, 38, 41, 52, 54, 55, 59, 60, 64, 70, 74, 112, 113]
Min Correction Subset: [2, 57, 61]
Iter 72: 
Min Hitting Set: [2, 8, 14, 20, 22, 23, 32, 35, 41, 49, 50, 52, 54, 55, 56, 57, 60, 65, 74, 112, 113]
Min Correction Subset: [34, 38, 63]
Iter 73: 
Min Hitting Set: [2, 4, 8, 14, 17, 32, 35, 38, 41, 49, 52, 54, 55, 56, 57, 60, 65, 69, 70, 112, 113]
Min Correction Subset: [0, 23, 75]
Iter 74: 
Min Hitting Set: [2, 8, 22, 23, 32, 35, 38, 41, 50, 52, 54, 55, 56, 57, 59, 60, 62, 64, 74, 112, 113]
Min Correction Subset: [21, 61, 69]
Iter 75: 
Min Hitting Set: [2, 8, 14, 17, 23, 35, 38, 41, 49, 50, 52, 54, 55, 56, 57, 60, 63, 64, 69, 112, 113]
Min Correction Subset: [32, 71]
Iter 76: 
Min Hitting Set: [2, 8, 14, 17, 23, 32, 35, 38, 41, 49, 50, 52, 54, 55, 56, 57, 60, 65, 69, 112, 113]
Min Correction Subset: [61, 64, 70]
Iter 77: 
Min Hitting Set: [2, 8, 14, 23, 32, 35, 38, 41, 44, 49, 50, 52, 54, 55, 56, 57, 60, 64, 69, 112, 113]
Min Correction Subset: [4, 5, 66]
Iter 78: 
Min Hitting Set: [2, 4, 8, 14, 23, 32, 35, 38, 41, 44, 50, 52, 54, 55, 56, 59, 60, 61, 65, 74, 112, 113]
Min Correction Subset: [1, 57, 64]
Iter 79: 
Min Hitting Set: [8, 14, 17, 22, 23, 32, 35, 38, 41, 49, 50, 52, 54, 55, 56, 57, 60, 61, 66, 74, 112, 113]
Min Correction Subset: [0, 1, 4]
Iter 80: 
Min Hitting Set: [2, 4, 8, 23, 32, 35, 38, 41, 44, 50, 52, 54, 55, 56, 59, 60, 62, 64, 69, 74, 112, 113]
Min Correction Subset: [5, 14, 34]
Iter 81: 
Min Hitting Set: [4, 8, 17, 22, 23, 32, 34, 35, 41, 50, 52, 54, 55, 56, 59, 60, 61, 62, 64, 74, 112, 113]
Min Correction Subset: [2, 14, 69]
Iter 82: 
Min Hitting Set: [2, 4, 8, 23, 32, 34, 35, 41, 44, 50, 52, 54, 55, 56, 59, 60, 62, 64, 69, 74, 112, 113]
Min Correction Subset: [14, 22, 57]
Iter 83: 
Min Hitting Set: [2, 4, 8, 14, 23, 32, 35, 38, 41, 44, 50, 52, 54, 55, 56, 59, 60, 61, 64, 75, 112, 113]
Min Correction Subset: [25, 65, 66, 74]
Iter 84: 
Min Hitting Set: [1, 4, 8, 14, 17, 23, 32, 35, 38, 44, 52, 54, 55, 56, 59, 60, 61, 65, 70, 75, 112, 113]
Min Correction Subset: [2, 22, 50]
Iter 85: 
Min Hitting Set: [2, 4, 8, 14, 22, 23, 32, 35, 38, 41, 50, 52, 54, 55, 56, 59, 60, 64, 69, 74, 112, 113]
Min Correction Subset: [26, 30, 61, 70]
Iter 86: 
Min Hitting Set: [2, 4, 8, 14, 23, 30, 32, 34, 41, 44, 50, 52, 54, 55, 56, 59, 60, 64, 69, 74, 112, 113]
Min Correction Subset: [20, 38, 57]
Iter 87: 
Min Hitting Set: [1, 2, 4, 8, 14, 23, 32, 35, 38, 44, 50, 52, 54, 55, 56, 59, 60, 61, 66, 75, 112, 113]
Min Correction Subset: [17, 41, 69]
Iter 88: 
Min Hitting Set: [0, 2, 4, 8, 14, 17, 32, 35, 38, 41, 49, 52, 54, 55, 56, 57, 60, 66, 69, 70, 112, 113]
Min Correction Subset: [23, 61, 109]
Iter 89: 
Min Hitting Set: [2, 4, 8, 14, 23, 32, 35, 38, 41, 44, 50, 52, 54, 55, 56, 59, 60, 61, 64, 74, 112, 113]
Min Correction Subset: [24, 26, 51, 70]
Iter 90: 
Min Hitting Set: [1, 4, 8, 14, 17, 22, 23, 24, 32, 35, 38, 50, 52, 54, 56, 59, 60, 61, 66, 74, 112, 113]
Min Correction Subset: [41, 69, 71]
Iter 91: 
Min Hitting Set: [2, 4, 8, 14, 22, 23, 24, 32, 35, 38, 41, 50, 52, 54, 56, 59, 60, 61, 64, 74, 112, 113]
Min Correction Subset: [0, 55, 65]
Iter 92: 
Min Hitting Set: [2, 4, 8, 14, 23, 24, 32, 35, 38, 41, 44, 49, 52, 54, 56, 57, 60, 65, 69, 70, 112, 113]
Min Correction Subset: [1, 43, 64]
Iter 93: 
Min Hitting Set: [0, 2, 4, 8, 14, 23, 24, 32, 35, 38, 41, 44, 50, 52, 54, 59, 60, 61, 64, 74, 112, 113]
Min Correction Subset: [22, 56, 69]
Iter 94: 
Min Hitting Set: [0, 2, 4, 8, 14, 23, 24, 32, 35, 38, 41, 44, 52, 54, 59, 60, 64, 69, 70, 74, 112, 113]
Min Correction Subset: [17, 18, 56]
Iter 95: 
Min Hitting Set: [0, 4, 8, 14, 17, 22, 23, 24, 32, 35, 38, 41, 50, 52, 54, 59, 60, 61, 64, 74, 112, 113]
Min Correction Subset: [2, 49, 56]
Iter 96: 
Min Hitting Set: [1, 2, 4, 8, 14, 22, 23, 24, 32, 35, 38, 50, 52, 54, 56, 59, 60, 61, 65, 69, 75, 112, 113]
Min Correction Subset: [17, 25, 28, 29]
Iter 97: 
Min Hitting Set: [0, 4, 8, 14, 17, 22, 23, 24, 32, 35, 38, 41, 49, 50, 52, 54, 57, 60, 61, 64, 74, 112, 113]
Min Correction Subset: [55, 59, 65]
Iter 98: 
Min Hitting Set: [0, 4, 8, 14, 17, 23, 32, 35, 38, 41, 49, 50, 52, 54, 55, 57, 60, 64, 69, 70, 74, 112, 113]
Min Correction Subset: [2, 22, 61]
Iter 99: 
Min Hitting Set: [0, 2, 4, 8, 14, 17, 23, 32, 35, 38, 41, 49, 52, 54, 55, 57, 60, 64, 66, 69, 70, 112, 113]
Min Correction Subset: [47, 56, 59]
Iter 100: 
Min Hitting Set: [0, 2, 4, 8, 14, 17, 22, 23, 32, 35, 38, 41, 52, 54, 55, 59, 60, 64, 69, 70, 74, 112, 113]
Min Correction Subset: [44, 50, 57]
Iter 101: 
Min Hitting Set: [1, 4, 8, 14, 17, 22, 23, 24, 32, 35, 38, 50, 52, 54, 56, 59, 60, 61, 65, 69, 75, 112, 113]
Min Correction Subset: [0, 2, 70, 97]
Iter 102: 
Min Hitting Set: [1, 4, 8, 14, 17, 32, 35, 38, 50, 52, 54, 55, 56, 57, 59, 60, 61, 66, 69, 70, 75, 112, 113]
Min Correction Subset: [2, 22, 23]
Iter 103: 
Min Hitting Set: [0, 2, 4, 8, 14, 17, 22, 23, 24, 32, 35, 38, 41, 50, 52, 54, 59, 60, 61, 64, 74, 112, 113]
Min Correction Subset: [47, 56, 69]
Iter 104: 
Min Hitting Set: [1, 2, 4, 8, 14, 17, 24, 32, 35, 38, 49, 50, 52, 54, 56, 57, 60, 61, 65, 69, 75, 112, 113]
Min Correction Subset: [10, 23, 109]
Iter 105: 
Min Hitting Set: [0, 2, 4, 8, 14, 17, 23, 32, 35, 38, 41, 44, 52, 54, 55, 59, 60, 64, 69, 70, 74, 112, 113]
Min Correction Subset: [56, 57, 75, 91]
Instance: arbitrary-76-200-20000
----------------------------
Query: 11
Query element:72
Query element:87
Query scope: 69
----------------------------
IIS optimality: suboptimal
IIS solution time: 36009.507
IIS Constraint: 0; goods; {good:0}
IIS Constraint: 2; goods; {good:2}
IIS Constraint: 4; goods; {good:4}
IIS Constraint: 8; goods; {good:8}
IIS Constraint: 14; goods; {good:14}
IIS Constraint: 17; goods; {good:17}
IIS Constraint: 23; goods; {good:23}
IIS Constraint: 32; goods; {good:32}
IIS Constraint: 35; goods; {good:35}
IIS Constraint: 38; goods; {good:38}
IIS Constraint: 41; goods; {good:41}
IIS Constraint: 44; goods; {good:44}
IIS Constraint: 52; goods; {good:52}
IIS Constraint: 54; goods; {good:54}
IIS Constraint: 55; goods; {good:55}
IIS Constraint: 59; goods; {good:59}
IIS Constraint: 60; goods; {good:60}
IIS Constraint: 64; goods; {good:64}
IIS Constraint: 69; goods; {good:69}
IIS Constraint: 70; goods; {good:70}
IIS Constraint: 74; goods; {good:74}
IIS Constraint: 112; query; {goods:[72,87],query:11}
IIS Constraint: 113; max; {f:4213.036099999999,objective:max}
