IIS generation
Iter 1: 
Min Hitting Set: []
Min Correction Subset: [99]
Iter 2: 
Min Hitting Set: [99]
Min Correction Subset: [94]
Iter 3: 
Min Hitting Set: [94, 99]
Min Correction Subset: [88]
Iter 4: 
Min Hitting Set: [88, 94, 99]
Min Correction Subset: [85]
Iter 5: 
Min Hitting Set: [85, 88, 94, 99]
Min Correction Subset: [96]
Iter 6: 
Min Hitting Set: [85, 88, 94, 96, 99]
Min Correction Subset: [78]
Iter 7: 
Min Hitting Set: [78, 85, 88, 94, 96, 99]
Min Correction Subset: [77]
Iter 8: 
Min Hitting Set: [77, 78, 85, 88, 94, 96, 99]
Min Correction Subset: [97]
Iter 9: 
Min Hitting Set: [77, 78, 85, 88, 94, 96, 97, 99]
Min Correction Subset: [76]
Iter 10: 
Min Hitting Set: [76, 77, 78, 85, 88, 94, 96, 97, 99]
Min Correction Subset: [92]
Iter 11: 
Min Hitting Set: [76, 77, 78, 85, 88, 92, 94, 96, 97, 99]
Min Correction Subset: [79]
Iter 12: 
Min Hitting Set: [76, 77, 78, 79, 85, 88, 92, 94, 96, 97, 99]
Min Correction Subset: [82]
Iter 13: 
Min Hitting Set: [76, 77, 78, 79, 82, 85, 88, 92, 94, 96, 97, 99]
Min Correction Subset: [81]
Iter 14: 
Min Hitting Set: [76, 77, 78, 79, 81, 82, 85, 88, 92, 94, 96, 97, 99]
Min Correction Subset: [91]
Iter 15: 
Min Hitting Set: [76, 77, 78, 79, 81, 82, 85, 88, 91, 92, 94, 96, 97, 99]
Min Correction Subset: [26]
Iter 16: 
Min Hitting Set: [26, 76, 77, 78, 79, 81, 82, 85, 88, 91, 92, 94, 96, 97, 99]
Min Correction Subset: [90]
Iter 17: 
Min Hitting Set: [26, 76, 77, 78, 79, 81, 82, 85, 88, 90, 91, 92, 94, 96, 97, 99]
Min Correction Subset: [86]
Iter 18: 
Min Hitting Set: [26, 76, 77, 78, 79, 81, 82, 85, 86, 88, 90, 91, 92, 94, 96, 97, 99]
Min Correction Subset: [93]
Iter 19: 
Min Hitting Set: [26, 76, 77, 78, 79, 81, 82, 85, 86, 88, 90, 91, 92, 93, 94, 96, 97, 99]
Min Correction Subset: [84]
Iter 20: 
Min Hitting Set: [26, 76, 77, 78, 79, 81, 82, 84, 85, 86, 88, 90, 91, 92, 93, 94, 96, 97, 99]
Min Correction Subset: [87]
Iter 21: 
Min Hitting Set: [26, 76, 77, 78, 79, 81, 82, 84, 85, 86, 87, 88, 90, 91, 92, 93, 94, 96, 97, 99]
Min Correction Subset: [89]
Iter 22: 
Min Hitting Set: [26, 76, 77, 78, 79, 81, 82, 84, 85, 86, 87, 88, 89, 90, 91, 92, 93, 94, 96, 97, 99]
Min Correction Subset: [80]
Iter 23: 
Min Hitting Set: [26, 76, 77, 78, 79, 80, 81, 82, 84, 85, 86, 87, 88, 89, 90, 91, 92, 93, 94, 96, 97, 99]
Min Correction Subset: [83]
Iter 24: 
Min Hitting Set: [26, 76, 77, 78, 79, 80, 81, 82, 83, 84, 85, 86, 87, 88, 89, 90, 91, 92, 93, 94, 96, 97, 99]
Min Correction Subset: [98]
Iter 25: 
Min Hitting Set: [26, 76, 77, 78, 79, 80, 81, 82, 83, 84, 85, 86, 87, 88, 89, 90, 91, 92, 93, 94, 96, 97, 98, 99]
Min Correction Subset: [31, 95]
Iter 26: 
Min Hitting Set: [26, 31, 76, 77, 78, 79, 80, 81, 82, 83, 84, 85, 86, 87, 88, 89, 90, 91, 92, 93, 94, 96, 97, 98, 99]
Min Correction Subset: [53, 95]
Iter 27: 
Min Hitting Set: [26, 76, 77, 78, 79, 80, 81, 82, 83, 84, 85, 86, 87, 88, 89, 90, 91, 92, 93, 94, 95, 96, 97, 98, 99]
Min Correction Subset: [28, 31]
Iter 28: 
Min Hitting Set: [26, 31, 76, 77, 78, 79, 80, 81, 82, 83, 84, 85, 86, 87, 88, 89, 90, 91, 92, 93, 94, 95, 96, 97, 98, 99]
Min Correction Subset: [21, 28]
Iter 29: 
Min Hitting Set: [26, 28, 76, 77, 78, 79, 80, 81, 82, 83, 84, 85, 86, 87, 88, 89, 90, 91, 92, 93, 94, 95, 96, 97, 98, 99]
Min Correction Subset: [20, 62]
Iter 30: 
Min Hitting Set: [20, 26, 28, 76, 77, 78, 79, 80, 81, 82, 83, 84, 85, 86, 87, 88, 89, 90, 91, 92, 93, 94, 95, 96, 97, 98, 99]
Min Correction Subset: [0, 31]
Iter 31: 
Min Hitting Set: [20, 26, 28, 31, 76, 77, 78, 79, 80, 81, 82, 83, 84, 85, 86, 87, 88, 89, 90, 91, 92, 93, 94, 95, 96, 97, 98, 99]
Min Correction Subset: [0, 21, 52]
Iter 32: 
Min Hitting Set: [20, 21, 26, 31, 76, 77, 78, 79, 80, 81, 82, 83, 84, 85, 86, 87, 88, 89, 90, 91, 92, 93, 94, 95, 96, 97, 98, 99]
Min Correction Subset: [0, 28]
Iter 33: 
Min Hitting Set: [0, 20, 26, 28, 76, 77, 78, 79, 80, 81, 82, 83, 84, 85, 86, 87, 88, 89, 90, 91, 92, 93, 94, 95, 96, 97, 98, 99]
Min Correction Subset: [21, 31, 52]
