IIS generation
Iter 1: 
Min Hitting Set: []
Min Correction Subset: [114]
Iter 2: 
Min Hitting Set: [114]
Min Correction Subset: [20]
Iter 3: 
Min Hitting Set: [20, 114]
Min Correction Subset: [32]
Iter 4: 
Min Hitting Set: [20, 32, 114]
Min Correction Subset: [33]
Iter 5: 
Min Hitting Set: [20, 32, 33, 114]
Min Correction Subset: [30]
Iter 6: 
Min Hitting Set: [20, 30, 32, 33, 114]
Min Correction Subset: [41]
Iter 7: 
Min Hitting Set: [20, 30, 32, 33, 41, 114]
Min Correction Subset: [16]
Iter 8: 
Min Hitting Set: [16, 20, 30, 32, 33, 41, 114]
Min Correction Subset: [113]
Iter 9: 
Min Hitting Set: [16, 20, 30, 32, 33, 41, 113, 114]
Min Correction Subset: [53, 54]
Iter 10: 
Min Hitting Set: [16, 20, 30, 32, 33, 41, 53, 113, 114]
Min Correction Subset: [0, 42]
Iter 11: 
Min Hitting Set: [0, 16, 20, 30, 32, 33, 41, 53, 113, 114]
Min Correction Subset: [52, 58]
Iter 12: 
Min Hitting Set: [0, 16, 20, 30, 32, 33, 41, 52, 53, 113, 114]
Min Correction Subset: [26, 57]
Iter 13: 
Min Hitting Set: [0, 16, 20, 26, 30, 32, 33, 41, 52, 53, 113, 114]
Min Correction Subset: [19, 55]
Iter 14: 
Min Hitting Set: [0, 16, 19, 20, 26, 30, 32, 33, 41, 52, 53, 113, 114]
Min Correction Subset: [17, 57]
Iter 15: 
Min Hitting Set: [0, 16, 19, 20, 30, 32, 33, 41, 52, 53, 57, 113, 114]
Min Correction Subset: [24, 36]
Iter 16: 
Min Hitting Set: [0, 16, 19, 20, 24, 30, 32, 33, 41, 52, 53, 57, 113, 114]
Min Correction Subset: [26, 63]
Iter 17: 
Min Hitting Set: [0, 16, 19, 20, 24, 26, 30, 32, 33, 41, 52, 53, 57, 113, 114]
Min Correction Subset: [17, 40]
Iter 18: 
Min Hitting Set: [0, 16, 17, 19, 20, 24, 26, 30, 32, 33, 41, 52, 53, 113, 114]
Min Correction Subset: [56, 57]
Iter 19: 
Min Hitting Set: [0, 16, 17, 19, 20, 24, 26, 30, 32, 33, 41, 52, 53, 57, 113, 114]
Min Correction Subset: [2, 3]
Iter 20: 
Min Hitting Set: [0, 2, 16, 17, 19, 20, 24, 26, 30, 32, 33, 41, 52, 53, 57, 113, 114]
Min Correction Subset: [21, 62]
Iter 21: 
Min Hitting Set: [0, 2, 16, 17, 19, 20, 21, 24, 26, 30, 32, 33, 41, 52, 53, 57, 113, 114]
Min Correction Subset: [40, 62]
Iter 22: 
Min Hitting Set: [0, 2, 16, 17, 19, 20, 24, 26, 30, 32, 33, 41, 52, 53, 57, 62, 113, 114]
Min Correction Subset: [36, 40]
Iter 23: 
Min Hitting Set: [0, 2, 16, 17, 19, 20, 26, 30, 32, 33, 36, 41, 52, 53, 57, 62, 113, 114]
Min Correction Subset: [21, 61]
Iter 24: 
Min Hitting Set: [0, 2, 16, 19, 20, 21, 26, 30, 32, 33, 36, 40, 41, 52, 53, 57, 113, 114]
Min Correction Subset: [24, 44]
Iter 25: 
Min Hitting Set: [0, 2, 16, 19, 20, 21, 24, 26, 30, 32, 33, 40, 41, 52, 53, 57, 113, 114]
Min Correction Subset: [17, 61]
Iter 26: 
Min Hitting Set: [0, 2, 16, 19, 20, 21, 24, 26, 30, 32, 33, 40, 41, 52, 53, 57, 61, 113, 114]
Min Correction Subset: [17, 28]
Iter 27: 
Min Hitting Set: [0, 2, 16, 17, 19, 20, 21, 24, 26, 30, 32, 33, 40, 41, 52, 53, 57, 113, 114]
Min Correction Subset: [55, 62, 76]
Iter 28: 
Min Hitting Set: [0, 2, 16, 17, 20, 21, 24, 26, 30, 32, 33, 40, 41, 52, 53, 55, 57, 113, 114]
Min Correction Subset: [19, 63]
Iter 29: 
Min Hitting Set: [0, 2, 16, 17, 20, 21, 24, 30, 32, 33, 40, 41, 52, 53, 55, 57, 63, 113, 114]
Min Correction Subset: [18, 26]
Iter 30: 
Min Hitting Set: [0, 2, 16, 17, 19, 20, 21, 24, 26, 30, 32, 33, 40, 41, 52, 53, 55, 57, 113, 114]
Min Correction Subset: [42, 62, 63]
Iter 31: 
Min Hitting Set: [2, 16, 17, 19, 20, 21, 24, 26, 30, 32, 33, 40, 41, 42, 52, 53, 55, 57, 113, 114]
Min Correction Subset: [29, 62, 63]
Iter 32: 
Min Hitting Set: [0, 2, 16, 17, 19, 20, 21, 24, 26, 30, 32, 33, 40, 41, 52, 53, 57, 62, 113, 114]
Min Correction Subset: [29, 44, 47]
Iter 33: 
Min Hitting Set: [2, 16, 17, 19, 20, 21, 26, 30, 32, 33, 36, 41, 42, 44, 52, 53, 57, 62, 113, 114]
Min Correction Subset: [24, 27]
Iter 34: 
Min Hitting Set: [2, 16, 17, 19, 20, 21, 24, 26, 29, 30, 32, 33, 40, 41, 42, 52, 53, 55, 57, 113, 114]
Min Correction Subset: [38, 46, 54]
Iter 35: 
Min Hitting Set: [2, 16, 17, 19, 20, 21, 24, 26, 29, 30, 32, 33, 40, 41, 42, 52, 54, 55, 57, 113, 114]
Min Correction Subset: [36, 53]
Iter 36: 
Min Hitting Set: [2, 16, 17, 19, 20, 21, 24, 26, 29, 30, 32, 33, 36, 41, 42, 52, 54, 57, 62, 113, 114]
Min Correction Subset: [27, 40]
Iter 37: 
Min Hitting Set: [2, 16, 17, 19, 20, 21, 26, 27, 30, 32, 33, 36, 41, 42, 44, 52, 54, 57, 62, 113, 114]
Min Correction Subset: [24, 45]
Iter 38: 
Min Hitting Set: [2, 16, 17, 19, 20, 21, 24, 26, 29, 30, 32, 33, 36, 40, 41, 42, 52, 54, 55, 57, 113, 114]
Min Correction Subset: [46, 53]
Iter 39: 
Min Hitting Set: [2, 16, 17, 19, 20, 21, 24, 26, 29, 30, 32, 33, 40, 41, 42, 46, 52, 53, 55, 57, 113, 114]
Min Correction Subset: [0, 44, 58]
Iter 40: 
Min Hitting Set: [2, 16, 17, 19, 20, 21, 24, 26, 29, 30, 32, 33, 40, 41, 42, 46, 53, 55, 57, 58, 113, 114]
Min Correction Subset: [52, 63]
Iter 41: 
Min Hitting Set: [2, 16, 17, 19, 20, 21, 24, 26, 30, 32, 33, 40, 41, 42, 44, 46, 52, 53, 57, 62, 113, 114]
Min Correction Subset: [14, 27, 35]
Iter 42: 
Min Hitting Set: [2, 16, 17, 19, 20, 21, 24, 26, 27, 30, 32, 33, 40, 41, 42, 44, 46, 52, 53, 57, 62, 113, 114]
Min Correction Subset: [0, 45, 58]
Iter 43: 
Min Hitting Set: [2, 16, 17, 19, 20, 21, 26, 27, 30, 32, 33, 36, 41, 42, 44, 45, 46, 52, 53, 57, 62, 113, 114]
Min Correction Subset: [40, 63]
Iter 44: 
Min Hitting Set: [0, 2, 16, 17, 20, 21, 24, 26, 27, 30, 32, 33, 40, 41, 44, 46, 52, 53, 55, 57, 63, 113, 114]
Min Correction Subset: [11, 19]
Iter 45: 
Min Hitting Set: [0, 2, 16, 17, 19, 20, 21, 24, 26, 27, 30, 32, 33, 40, 41, 44, 46, 52, 53, 57, 62, 113, 114]
Min Correction Subset: [47, 58, 60]
Iter 46: 
Min Hitting Set: [0, 2, 16, 17, 19, 20, 21, 24, 26, 27, 30, 32, 33, 40, 41, 46, 47, 52, 53, 57, 62, 113, 114]
Min Correction Subset: [49, 55, 58]
Iter 47: 
Min Hitting Set: [2, 16, 17, 19, 20, 21, 24, 26, 27, 30, 32, 33, 40, 41, 42, 46, 47, 53, 57, 58, 62, 63, 113, 114]
Min Correction Subset: [0, 52]
Iter 48: 
Min Hitting Set: [2, 16, 17, 19, 20, 21, 24, 26, 27, 30, 32, 33, 40, 41, 42, 46, 47, 52, 53, 57, 58, 62, 113, 114]
Min Correction Subset: [29, 36, 44]
Iter 49: 
Min Hitting Set: [2, 16, 17, 19, 20, 21, 24, 26, 27, 30, 32, 33, 40, 41, 42, 44, 46, 52, 53, 57, 58, 62, 113, 114]
Min Correction Subset: [47, 55, 76]
Iter 50: 
Min Hitting Set: [0, 2, 16, 17, 19, 20, 21, 24, 26, 27, 30, 32, 33, 40, 41, 44, 46, 53, 55, 57, 58, 63, 113, 114]
Min Correction Subset: [29, 52]
Iter 51: 
Min Hitting Set: [2, 16, 17, 19, 20, 21, 24, 26, 27, 29, 30, 32, 33, 40, 41, 42, 46, 52, 53, 55, 57, 58, 113, 114]
Min Correction Subset: [35, 36, 49]
Iter 52: 
Min Hitting Set: [2, 16, 17, 19, 20, 21, 24, 26, 29, 30, 32, 33, 35, 40, 41, 42, 46, 52, 53, 55, 57, 58, 113, 114]
Min Correction Subset: [27, 47, 60]
Iter 53: 
Min Hitting Set: [2, 16, 17, 19, 20, 21, 24, 26, 30, 32, 33, 35, 36, 40, 41, 42, 46, 47, 52, 53, 57, 58, 62, 113, 114]
Min Correction Subset: [14, 44, 54]
Iter 54: 
Min Hitting Set: [2, 16, 17, 19, 20, 21, 24, 26, 30, 32, 33, 35, 36, 40, 41, 42, 47, 52, 53, 54, 57, 58, 62, 113, 114]
Min Correction Subset: [0, 44, 63]
Iter 55: 
Min Hitting Set: [0, 2, 16, 17, 19, 20, 21, 24, 26, 27, 29, 30, 32, 33, 36, 41, 46, 54, 55, 57, 58, 62, 63, 113, 114]
Min Correction Subset: [42, 53]
Iter 56: 
Min Hitting Set: [0, 2, 16, 17, 19, 20, 21, 24, 26, 29, 30, 32, 33, 35, 40, 41, 42, 47, 52, 53, 54, 55, 57, 113, 114]
Min Correction Subset: [27, 44, 62]
Iter 57: 
Min Hitting Set: [0, 2, 16, 17, 19, 20, 21, 24, 26, 29, 30, 32, 33, 35, 40, 41, 47, 52, 53, 54, 55, 57, 62, 113, 114]
Min Correction Subset: [46, 59, 60]
Iter 58: 
Min Hitting Set: [0, 2, 16, 17, 19, 20, 21, 24, 26, 30, 32, 33, 35, 40, 41, 44, 52, 53, 54, 55, 57, 60, 62, 113, 114]
Min Correction Subset: [27, 46, 47]
Iter 59: 
Min Hitting Set: [0, 2, 16, 17, 19, 20, 21, 24, 26, 30, 32, 33, 35, 40, 41, 44, 46, 52, 53, 55, 57, 60, 62, 113, 114]
Min Correction Subset: [49, 58, 63]
Iter 60: 
Min Hitting Set: [0, 2, 16, 17, 19, 20, 21, 24, 26, 30, 32, 33, 35, 40, 41, 44, 46, 47, 52, 53, 57, 58, 62, 113, 114]
Min Correction Subset: [27, 61, 63]
Iter 61: 
Min Hitting Set: [0, 2, 14, 16, 17, 19, 20, 24, 26, 29, 30, 32, 33, 40, 41, 46, 47, 49, 52, 53, 57, 61, 62, 113, 114]
Min Correction Subset: [21, 58]
Iter 62: 
Min Hitting Set: [0, 2, 16, 17, 19, 20, 21, 24, 26, 30, 32, 33, 35, 40, 41, 44, 46, 52, 53, 55, 57, 60, 63, 113, 114]
Min Correction Subset: [25, 42, 62]
Iter 63: 
Min Hitting Set: [0, 2, 16, 17, 19, 20, 21, 24, 26, 27, 30, 32, 33, 40, 41, 44, 46, 47, 49, 52, 53, 57, 62, 113, 114]
Min Correction Subset: [29, 35, 63]
Iter 64: 
Min Hitting Set: [0, 2, 16, 17, 19, 20, 24, 26, 30, 32, 33, 35, 40, 41, 44, 46, 47, 52, 53, 57, 58, 61, 62, 113, 114]
Min Correction Subset: [13, 21]
Iter 65: 
Min Hitting Set: [2, 16, 17, 19, 20, 21, 24, 26, 27, 30, 32, 33, 36, 41, 42, 46, 47, 52, 54, 57, 58, 62, 63, 113, 114]
Min Correction Subset: [40, 55]
Iter 66: 
Min Hitting Set: [2, 16, 17, 19, 20, 21, 26, 27, 30, 32, 33, 36, 41, 42, 44, 45, 52, 53, 54, 55, 57, 60, 62, 63, 113, 114]
Min Correction Subset: [40, 46]
Iter 67: 
Min Hitting Set: [0, 2, 14, 16, 17, 19, 20, 21, 24, 26, 29, 30, 32, 33, 35, 40, 41, 46, 47, 53, 57, 58, 62, 63, 113, 114]
Min Correction Subset: [52, 55]
Iter 68: 
Min Hitting Set: [0, 2, 14, 16, 17, 19, 20, 21, 24, 26, 27, 29, 30, 32, 33, 40, 41, 46, 47, 49, 52, 53, 57, 62, 113, 114]
Min Correction Subset: [44, 61, 63]
Iter 69: 
Min Hitting Set: [2, 16, 17, 19, 20, 21, 26, 27, 30, 32, 33, 36, 41, 42, 44, 45, 46, 52, 54, 55, 57, 60, 62, 63, 113, 114]
Min Correction Subset: [53, 61]
Iter 70: 
Min Hitting Set: [0, 2, 16, 17, 19, 20, 21, 24, 26, 30, 32, 33, 35, 40, 41, 44, 46, 47, 52, 53, 57, 58, 62, 63, 113, 114]
Min Correction Subset: [29, 51, 61]
Iter 71: 
Min Hitting Set: [2, 16, 17, 19, 20, 21, 24, 26, 27, 29, 30, 32, 33, 35, 40, 41, 42, 44, 46, 52, 53, 55, 57, 58, 113, 114]
Min Correction Subset: [0, 36, 62]
Iter 72: 
Min Hitting Set: [2, 16, 17, 19, 20, 21, 24, 26, 27, 29, 30, 32, 33, 36, 40, 41, 42, 44, 46, 52, 53, 55, 57, 58, 113, 114]
Min Correction Subset: [49, 61, 62]
Iter 73: 
Min Hitting Set: [0, 2, 16, 17, 19, 20, 21, 24, 26, 27, 29, 30, 32, 33, 36, 41, 44, 46, 53, 55, 57, 58, 62, 63, 113, 114]
Min Correction Subset: [28, 52]
Iter 74: 
Min Hitting Set: [0, 2, 16, 17, 19, 20, 21, 24, 26, 27, 29, 30, 32, 33, 40, 41, 44, 46, 47, 49, 52, 53, 57, 62, 113, 114]
Min Correction Subset: [55, 63, 76]
Iter 75: 
Min Hitting Set: [0, 2, 14, 16, 17, 19, 20, 21, 24, 26, 29, 30, 32, 33, 40, 41, 46, 47, 49, 52, 53, 57, 62, 63, 113, 114]
Min Correction Subset: [54, 55, 96]
Iter 76: 
Min Hitting Set: [2, 16, 17, 19, 20, 21, 26, 27, 29, 30, 32, 33, 36, 40, 41, 42, 44, 45, 49, 52, 53, 54, 55, 57, 60, 113, 114]
Min Correction Subset: [24, 62]
Iter 77: 
Min Hitting Set: [2, 16, 17, 19, 20, 21, 24, 26, 27, 29, 30, 32, 33, 36, 40, 41, 42, 44, 46, 52, 54, 55, 57, 58, 61, 113, 114]
Min Correction Subset: [35, 53]
Iter 78: 
Min Hitting Set: [0, 2, 14, 16, 17, 19, 20, 21, 24, 26, 27, 29, 30, 32, 33, 36, 41, 46, 52, 53, 55, 57, 58, 62, 63, 113, 114]
Min Correction Subset: [40, 44]
Iter 79: 
Min Hitting Set: [2, 16, 17, 19, 20, 21, 24, 26, 27, 29, 30, 32, 33, 36, 40, 41, 42, 44, 46, 49, 52, 53, 55, 57, 58, 113, 114]
Min Correction Subset: [14, 18, 62]
Iter 80: 
Min Hitting Set: [2, 16, 17, 19, 20, 21, 24, 26, 27, 30, 32, 33, 35, 40, 41, 42, 44, 46, 52, 53, 55, 57, 58, 61, 62, 113, 114]
Min Correction Subset: [15, 37, 63]
Iter 81: 
Min Hitting Set: [0, 2, 16, 17, 18, 19, 20, 21, 24, 29, 30, 32, 33, 35, 40, 41, 47, 49, 52, 53, 54, 57, 60, 62, 63, 113, 114]
Min Correction Subset: [26, 55]
Iter 82: 
Min Hitting Set: [0, 2, 14, 16, 17, 18, 19, 20, 21, 24, 29, 30, 32, 33, 40, 41, 46, 49, 52, 53, 55, 57, 60, 62, 63, 113, 114]
Min Correction Subset: [26, 61]
Iter 83: 
Min Hitting Set: [0, 2, 14, 16, 17, 19, 20, 21, 24, 26, 29, 30, 32, 33, 40, 41, 46, 49, 52, 53, 55, 57, 60, 62, 63, 113, 114]
Min Correction Subset: [27, 35, 47]
Iter 84: 
Min Hitting Set: [0, 2, 14, 16, 17, 19, 20, 21, 24, 26, 29, 30, 32, 33, 40, 41, 46, 47, 49, 52, 53, 55, 57, 62, 63, 113, 114]
Min Correction Subset: [35, 36, 59]
Iter 85: 
Min Hitting Set: [2, 16, 17, 19, 20, 21, 26, 27, 29, 30, 32, 33, 36, 41, 42, 44, 45, 46, 52, 53, 55, 57, 60, 62, 63, 113, 114]
Min Correction Subset: [35, 40, 47]
Iter 86: 
Min Hitting Set: [0, 2, 16, 17, 18, 19, 20, 21, 24, 30, 32, 33, 35, 40, 41, 42, 44, 46, 47, 52, 53, 55, 57, 61, 63, 113, 114]
Min Correction Subset: [26, 27]
Iter 87: 
Min Hitting Set: [2, 16, 17, 18, 19, 20, 21, 27, 30, 32, 33, 36, 41, 42, 44, 45, 46, 47, 52, 53, 55, 57, 61, 62, 63, 113, 114]
Min Correction Subset: [24, 26]
Iter 88: 
Min Hitting Set: [0, 2, 16, 17, 19, 20, 21, 26, 27, 29, 30, 32, 33, 36, 41, 44, 45, 46, 47, 52, 53, 55, 57, 62, 63, 113, 114]
Min Correction Subset: [3, 24, 42]
Iter 89: 
Min Hitting Set: [0, 3, 16, 17, 19, 20, 21, 26, 27, 29, 30, 32, 33, 36, 41, 44, 45, 46, 47, 52, 53, 55, 57, 62, 63, 113, 114]
Min Correction Subset: [24, 25, 42]
Iter 90: 
Min Hitting Set: [0, 3, 14, 16, 17, 19, 20, 21, 24, 26, 29, 30, 32, 33, 40, 41, 47, 49, 52, 53, 54, 57, 59, 62, 63, 113, 114]
Min Correction Subset: [27, 46, 58]
Iter 91: 
Min Hitting Set: [0, 3, 16, 17, 19, 20, 21, 24, 26, 29, 30, 32, 33, 35, 40, 41, 46, 47, 49, 52, 53, 54, 57, 62, 63, 113, 114]
Min Correction Subset: [27, 55, 58]
Iter 92: 
Min Hitting Set: [0, 3, 16, 17, 19, 20, 21, 24, 26, 27, 29, 30, 32, 33, 40, 41, 47, 49, 52, 53, 54, 57, 59, 62, 63, 113, 114]
Min Correction Subset: [14, 39, 44]
Iter 93: 
Min Hitting Set: [0, 3, 16, 17, 19, 20, 21, 24, 26, 27, 29, 30, 32, 33, 36, 41, 44, 46, 47, 52, 53, 55, 57, 62, 63, 113, 114]
Min Correction Subset: [40, 42, 102]
Iter 94: 
Min Hitting Set: [3, 16, 17, 19, 20, 21, 26, 27, 29, 30, 32, 33, 36, 41, 42, 44, 45, 46, 47, 52, 53, 55, 57, 62, 63, 113, 114]
Min Correction Subset: [40, 58, 59]
Iter 95: 
Min Hitting Set: [3, 16, 17, 18, 19, 20, 21, 24, 27, 30, 32, 33, 36, 40, 41, 42, 44, 46, 52, 53, 55, 57, 58, 61, 63, 113, 114]
Min Correction Subset: [26, 49]
Iter 96: 
Min Hitting Set: [0, 3, 14, 16, 17, 19, 20, 21, 24, 26, 29, 30, 32, 33, 36, 40, 41, 46, 47, 52, 53, 55, 57, 62, 63, 113, 114]
Min Correction Subset: [15, 51, 61]
Iter 97: 
Min Hitting Set: [0, 3, 16, 17, 19, 20, 21, 24, 26, 30, 32, 33, 35, 40, 41, 44, 46, 47, 52, 53, 55, 57, 61, 62, 63, 113, 114]
Min Correction Subset: [29, 36, 58]
Iter 98: 
Min Hitting Set: [0, 3, 14, 16, 17, 19, 20, 21, 24, 26, 30, 32, 33, 36, 40, 41, 46, 47, 52, 53, 55, 57, 61, 62, 63, 113, 114]
Min Correction Subset: [28, 44, 58]
Iter 99: 
Min Hitting Set: [0, 3, 14, 16, 19, 20, 21, 24, 26, 28, 30, 32, 33, 36, 40, 41, 46, 47, 52, 53, 55, 57, 61, 62, 63, 113, 114]
Min Correction Subset: [17, 58]
Iter 100: 
Min Hitting Set: [3, 16, 19, 20, 21, 26, 27, 28, 30, 32, 33, 36, 40, 41, 42, 44, 45, 46, 52, 53, 55, 57, 58, 61, 62, 63, 113, 114]
Min Correction Subset: [17, 18, 25]
Iter 101: 
Min Hitting Set: [0, 3, 16, 17, 19, 20, 21, 24, 26, 30, 32, 33, 35, 36, 40, 41, 44, 46, 47, 52, 53, 55, 57, 61, 62, 63, 113, 114]
Min Correction Subset: [27, 28, 29, 37]
Iter 102: 
Min Hitting Set: [3, 14, 16, 17, 19, 20, 21, 24, 26, 27, 30, 32, 33, 36, 40, 41, 42, 46, 47, 52, 53, 55, 57, 58, 61, 63, 113, 114]
Min Correction Subset: [29, 44, 62]
Iter 103: 
Min Hitting Set: [3, 15, 16, 17, 19, 20, 21, 24, 26, 27, 30, 32, 33, 35, 40, 41, 42, 44, 46, 52, 53, 55, 57, 58, 61, 62, 113, 114]
Min Correction Subset: [28, 29, 36, 37]
Iter 104: 
Min Hitting Set: [3, 16, 17, 19, 20, 21, 24, 26, 27, 30, 32, 33, 36, 41, 42, 44, 46, 47, 52, 53, 55, 57, 58, 61, 62, 63, 113, 114]
Min Correction Subset: [0, 40, 45]
Iter 105: 
Min Hitting Set: [3, 16, 17, 19, 20, 21, 26, 27, 30, 32, 33, 36, 41, 42, 44, 45, 46, 47, 52, 53, 55, 57, 58, 61, 62, 63, 113, 114]
Min Correction Subset: [24, 29, 82]
Iter 106: 
Min Hitting Set: [3, 16, 17, 19, 20, 21, 24, 26, 30, 32, 33, 35, 37, 40, 41, 42, 44, 46, 47, 52, 53, 55, 57, 58, 61, 62, 113, 114]
Min Correction Subset: [27, 49, 63]
Iter 107: 
Min Hitting Set: [3, 16, 17, 18, 19, 20, 21, 24, 26, 27, 30, 32, 33, 36, 40, 41, 42, 44, 46, 52, 53, 55, 57, 58, 61, 63, 113, 114]
Min Correction Subset: [29, 35, 62]
Iter 108: 
Min Hitting Set: [3, 14, 16, 17, 19, 20, 21, 24, 26, 27, 29, 30, 32, 33, 36, 40, 41, 42, 46, 52, 53, 55, 57, 58, 61, 63, 113, 114]
Min Correction Subset: [0, 44, 62]
Iter 109: 
Min Hitting Set: [0, 3, 16, 17, 19, 20, 21, 24, 26, 27, 30, 32, 33, 36, 40, 41, 44, 46, 47, 52, 53, 55, 57, 61, 62, 63, 113, 114]
Min Correction Subset: [25, 42, 51, 58]
Iter 110: 
Min Hitting Set: [3, 15, 16, 17, 19, 20, 21, 26, 27, 29, 30, 32, 33, 36, 40, 41, 42, 44, 45, 46, 52, 53, 55, 57, 58, 62, 113, 114]
Min Correction Subset: [0, 24, 43]
Iter 111: 
Min Hitting Set: [3, 16, 17, 19, 20, 21, 24, 26, 27, 30, 32, 33, 36, 40, 41, 42, 44, 46, 52, 53, 55, 57, 58, 61, 62, 63, 113, 114]
Min Correction Subset: [0, 8, 54, 87]
Iter 112: 
Min Hitting Set: [0, 3, 16, 17, 19, 20, 21, 24, 26, 27, 30, 32, 33, 36, 40, 41, 44, 51, 52, 53, 54, 55, 57, 60, 62, 63, 113, 114]
Min Correction Subset: [37, 38, 46]
Iter 113: 
Min Hitting Set: [0, 3, 16, 17, 19, 20, 21, 24, 26, 27, 30, 32, 33, 36, 40, 41, 44, 46, 51, 52, 53, 55, 57, 60, 62, 63, 113, 114]
Min Correction Subset: [29, 47, 58]
Iter 114: 
Min Hitting Set: [0, 3, 14, 16, 17, 19, 20, 21, 24, 26, 28, 30, 32, 33, 36, 40, 41, 46, 47, 51, 52, 53, 55, 57, 62, 63, 113, 114]
Min Correction Subset: [27, 44, 58]
Iter 115: 
Min Hitting Set: [0, 3, 16, 17, 19, 20, 21, 24, 26, 29, 30, 32, 33, 35, 40, 41, 44, 46, 47, 51, 52, 53, 55, 57, 62, 63, 113, 114]
Min Correction Subset: [28, 36, 60, 73]
Iter 116: 
Min Hitting Set: [0, 3, 16, 17, 19, 20, 21, 24, 26, 29, 30, 32, 33, 35, 40, 41, 44, 46, 51, 52, 53, 55, 57, 60, 62, 63, 113, 114]
Min Correction Subset: [2, 36, 58, 61]
Iter 117: 
Min Hitting Set: [0, 2, 16, 17, 19, 20, 21, 24, 26, 27, 30, 32, 33, 36, 40, 41, 44, 46, 47, 51, 52, 53, 55, 57, 62, 63, 113, 114]
Min Correction Subset: [29, 35, 58, 61]
Iter 118: 
Min Hitting Set: [0, 2, 16, 17, 19, 20, 21, 24, 26, 27, 30, 32, 33, 36, 40, 41, 44, 46, 51, 52, 53, 55, 57, 58, 62, 63, 113, 114]
Min Correction Subset: [29, 39, 47, 61]
Iter 119: 
Min Hitting Set: [0, 2, 16, 17, 19, 20, 21, 24, 26, 27, 30, 32, 33, 36, 40, 41, 44, 46, 52, 53, 55, 57, 58, 61, 62, 63, 113, 114]
Min Correction Subset: [43, 47, 49, 51]
Iter 120: 
Min Hitting Set: [0, 2, 16, 17, 19, 20, 21, 24, 26, 29, 30, 32, 33, 35, 40, 41, 44, 46, 51, 52, 53, 55, 57, 60, 62, 63, 113, 114]
Min Correction Subset: [27, 49, 58, 83]
Iter 121: 
Min Hitting Set: [0, 2, 14, 16, 17, 19, 20, 21, 24, 26, 30, 32, 33, 36, 37, 40, 41, 46, 47, 51, 52, 53, 54, 57, 58, 62, 63, 113, 114]
Min Correction Subset: [29, 35, 55]
Iter 122: 
Min Hitting Set: [0, 2, 15, 16, 17, 19, 20, 21, 24, 26, 27, 29, 30, 32, 33, 36, 40, 41, 44, 46, 51, 52, 53, 55, 57, 58, 62, 113, 114]
Min Correction Subset: [49, 61, 63]
Iter 123: 
Min Hitting Set: [0, 2, 15, 16, 17, 19, 20, 21, 24, 26, 27, 29, 30, 32, 33, 36, 40, 41, 44, 46, 49, 52, 53, 55, 57, 58, 62, 113, 114]
Min Correction Subset: [1, 8, 63, 112]
Iter 124: 
Min Hitting Set: [0, 2, 14, 16, 17, 19, 20, 21, 24, 26, 29, 30, 32, 33, 36, 40, 41, 46, 47, 52, 53, 55, 57, 58, 61, 62, 63, 113, 114]
Min Correction Subset: [27, 28, 35]
Iter 125: 
Min Hitting Set: [0, 2, 14, 16, 19, 20, 21, 24, 25, 26, 28, 29, 30, 32, 33, 35, 40, 41, 44, 46, 47, 53, 55, 57, 58, 61, 63, 113, 114]
Min Correction Subset: [52, 62]
Iter 126: 
Min Hitting Set: [0, 2, 14, 16, 17, 19, 20, 21, 24, 26, 27, 30, 32, 33, 36, 40, 41, 46, 47, 52, 53, 55, 57, 58, 61, 62, 63, 113, 114]
Min Correction Subset: [3, 42, 43, 44]
Iter 127: 
Min Hitting Set: [0, 2, 16, 17, 19, 20, 21, 24, 26, 27, 29, 30, 32, 33, 36, 40, 41, 44, 46, 51, 52, 53, 55, 57, 60, 62, 63, 113, 114]
Min Correction Subset: [14, 35, 47, 58]
Iter 128: 
Min Hitting Set: [0, 2, 16, 17, 19, 20, 21, 24, 26, 27, 29, 30, 32, 33, 36, 40, 41, 44, 46, 47, 51, 52, 53, 55, 57, 62, 63, 113, 114]
Min Correction Subset: [14, 18, 25, 61]
Iter 129: 
Min Hitting Set: [0, 3, 16, 17, 19, 20, 21, 24, 26, 30, 32, 33, 35, 37, 40, 41, 44, 47, 52, 53, 54, 57, 58, 60, 61, 62, 63, 113, 114]
Min Correction Subset: [46, 55, 76]
Iter 130: 
Min Hitting Set: [0, 3, 14, 16, 17, 19, 20, 21, 24, 26, 28, 29, 30, 32, 33, 36, 40, 41, 46, 47, 51, 53, 55, 57, 58, 62, 63, 113, 114]
Min Correction Subset: [44, 52]
Iter 131: 
Min Hitting Set: [3, 14, 16, 17, 19, 20, 21, 24, 26, 29, 30, 32, 33, 35, 36, 40, 41, 42, 46, 47, 52, 54, 57, 58, 61, 62, 63, 113, 114]
Min Correction Subset: [15, 45, 53]
Iter 132: 
Min Hitting Set: [0, 3, 14, 16, 19, 20, 21, 24, 25, 26, 28, 30, 32, 33, 35, 40, 41, 44, 46, 47, 52, 53, 55, 57, 58, 61, 63, 113, 114]
Min Correction Subset: [17, 62]
Iter 133: 
Min Hitting Set: [0, 3, 14, 16, 19, 20, 21, 24, 25, 26, 28, 30, 32, 33, 36, 40, 41, 46, 47, 52, 53, 55, 57, 58, 61, 62, 63, 113, 114]
Min Correction Subset: [8, 9, 17]
Iter 134: 
Min Hitting Set: [0, 2, 16, 17, 19, 20, 21, 24, 26, 27, 30, 32, 33, 36, 40, 41, 44, 46, 47, 52, 53, 55, 57, 58, 61, 62, 63, 113, 114]
Min Correction Subset: [22, 28, 29, 37]
Iter 135: 
Min Hitting Set: [0, 3, 14, 16, 17, 19, 20, 21, 24, 26, 28, 30, 32, 33, 36, 40, 41, 46, 47, 52, 53, 55, 57, 58, 61, 62, 63, 113, 114]
Min Correction Subset: [25, 42, 43, 44]
Iter 136: 
Min Hitting Set: [0, 3, 16, 17, 19, 20, 21, 24, 26, 28, 30, 32, 33, 35, 40, 41, 44, 46, 47, 52, 53, 55, 57, 58, 61, 62, 63, 113, 114]
Min Correction Subset: [14, 15, 22, 23]
Iter 137: 
Min Hitting Set: [2, 14, 16, 17, 19, 20, 21, 24, 26, 29, 30, 32, 33, 35, 36, 40, 41, 42, 46, 47, 52, 53, 54, 57, 58, 61, 62, 63, 113, 114]
Min Correction Subset: [0, 44, 55]
Iter 138: 
Min Hitting Set: [0, 2, 14, 16, 17, 19, 20, 21, 24, 25, 26, 28, 30, 32, 33, 35, 40, 41, 44, 46, 47, 52, 53, 55, 57, 58, 61, 63, 113, 114]
Min Correction Subset: [42, 49, 62]
Iter 139: 
Min Hitting Set: [3, 8, 14, 15, 16, 17, 19, 20, 21, 24, 26, 27, 29, 30, 32, 33, 36, 40, 41, 42, 44, 46, 49, 52, 53, 55, 57, 58, 113, 114]
Min Correction Subset: [0, 62, 63]
Iter 140: 
Min Hitting Set: [0, 2, 16, 17, 19, 20, 21, 22, 24, 26, 28, 30, 32, 33, 35, 40, 41, 44, 46, 47, 52, 53, 55, 57, 58, 61, 62, 63, 113, 114]
Min Correction Subset: [8, 29, 36, 49]
Iter 141: 
Min Hitting Set: [0, 2, 14, 16, 17, 19, 20, 21, 24, 26, 28, 30, 32, 33, 36, 40, 41, 44, 46, 47, 52, 53, 55, 57, 58, 61, 62, 63, 113, 114]
Min Correction Subset: [29, 37, 38, 42, 49]
Iter 142: 
Min Hitting Set: [2, 14, 16, 17, 19, 20, 21, 24, 26, 28, 30, 32, 33, 36, 40, 41, 42, 46, 47, 52, 53, 54, 55, 57, 58, 61, 62, 63, 113, 114]
Min Correction Subset: [0, 15, 27, 51]
Iter 143: 
Min Hitting Set: [0, 3, 14, 15, 16, 17, 19, 20, 21, 24, 25, 26, 27, 29, 30, 32, 33, 36, 40, 41, 46, 49, 52, 53, 55, 57, 58, 63, 113, 114]
Min Correction Subset: [44, 47, 62]
Iter 144: 
Min Hitting Set: [2, 14, 16, 17, 19, 20, 21, 24, 26, 29, 30, 32, 33, 35, 40, 41, 42, 46, 51, 52, 53, 54, 55, 57, 58, 60, 62, 63, 113, 114]
Min Correction Subset: [27, 44, 47]
Iter 145: 
Min Hitting Set: [0, 3, 16, 17, 19, 20, 21, 22, 24, 26, 27, 30, 32, 33, 36, 40, 41, 42, 44, 46, 47, 52, 53, 55, 57, 61, 62, 63, 113, 114]
Min Correction Subset: [45, 49, 58, 83]
Iter 146: 
Min Hitting Set: [0, 3, 14, 16, 17, 19, 20, 21, 24, 26, 27, 29, 30, 32, 33, 36, 40, 41, 42, 46, 47, 52, 53, 55, 57, 58, 61, 63, 113, 114]
Min Correction Subset: [15, 37, 49, 62]
Iter 147: 
Min Hitting Set: [0, 3, 14, 16, 17, 19, 20, 21, 24, 26, 27, 29, 30, 32, 33, 36, 40, 41, 42, 46, 51, 52, 53, 55, 57, 58, 62, 63, 113, 114]
Min Correction Subset: [44, 45, 47, 49]
Iter 148: 
Min Hitting Set: [3, 8, 14, 16, 17, 19, 20, 21, 24, 26, 28, 30, 32, 33, 36, 40, 41, 42, 46, 47, 51, 52, 53, 55, 57, 58, 62, 63, 113, 114]
Min Correction Subset: [0, 27, 61]
Iter 149: 
Min Hitting Set: [0, 2, 14, 16, 17, 19, 20, 21, 24, 26, 29, 30, 32, 33, 35, 40, 41, 42, 44, 46, 49, 51, 52, 53, 55, 57, 60, 63, 113, 114]
Min Correction Subset: [27, 58, 62]
Iter 150: 
Min Hitting Set: [0, 3, 14, 16, 17, 19, 20, 21, 24, 26, 28, 30, 32, 33, 36, 40, 41, 42, 46, 47, 52, 53, 55, 57, 58, 61, 62, 63, 113, 114]
Min Correction Subset: [15, 27, 44, 51]
Iter 151: 
Min Hitting Set: [3, 15, 16, 17, 19, 20, 21, 24, 26, 28, 30, 32, 33, 35, 36, 40, 41, 42, 44, 46, 47, 52, 54, 57, 58, 61, 62, 63, 113, 114]
Min Correction Subset: [43, 53, 55]
Iter 152: 
Min Hitting Set: [0, 3, 14, 15, 16, 17, 19, 20, 21, 24, 26, 28, 29, 30, 32, 33, 36, 40, 41, 44, 46, 47, 53, 55, 57, 58, 62, 63, 113, 114]
Min Correction Subset: [49, 52, 61]
Iter 153: 
Min Hitting Set: [0, 3, 14, 16, 17, 19, 20, 21, 24, 26, 28, 29, 30, 32, 33, 36, 40, 41, 44, 46, 47, 53, 55, 57, 58, 61, 62, 63, 113, 114]
Min Correction Subset: [15, 51, 52]
Iter 154: 
Min Hitting Set: [0, 3, 14, 16, 17, 19, 20, 21, 24, 26, 28, 30, 32, 33, 36, 40, 41, 42, 46, 47, 51, 52, 53, 55, 57, 58, 62, 63, 113, 114]
Min Correction Subset: [27, 29, 35, 61]
Iter 155: 
Min Hitting Set: [0, 3, 16, 17, 19, 20, 21, 22, 24, 26, 27, 30, 32, 33, 36, 41, 42, 44, 46, 47, 52, 53, 55, 57, 58, 61, 62, 63, 113, 114]
Min Correction Subset: [29, 35, 40]
Iter 156: 
Min Hitting Set: [0, 3, 15, 16, 17, 19, 20, 21, 25, 26, 27, 29, 30, 32, 33, 36, 40, 41, 44, 45, 46, 47, 52, 53, 55, 57, 62, 63, 113, 114]
Min Correction Subset: [9, 24, 61]
Iter 157: 
Min Hitting Set: [0, 3, 16, 17, 19, 20, 21, 22, 24, 26, 27, 30, 32, 33, 36, 40, 41, 44, 46, 49, 52, 53, 55, 57, 58, 61, 62, 63, 113, 114]
Min Correction Subset: [8, 29, 39, 47]
Iter 158: 
Min Hitting Set: [0, 2, 15, 16, 17, 19, 20, 21, 24, 25, 26, 29, 30, 32, 33, 35, 40, 41, 44, 46, 49, 52, 53, 55, 57, 60, 62, 63, 113, 114]
Min Correction Subset: [47, 51, 58]
Iter 159: 
Min Hitting Set: [0, 2, 14, 16, 17, 19, 20, 21, 24, 26, 27, 29, 30, 32, 33, 36, 40, 41, 44, 46, 51, 52, 53, 55, 57, 58, 62, 63, 113, 114]
Min Correction Subset: [8, 9, 47, 49]
Iter 160: 
Min Hitting Set: [0, 2, 14, 16, 17, 19, 20, 21, 24, 26, 29, 30, 32, 33, 35, 40, 41, 44, 46, 49, 51, 52, 53, 55, 57, 60, 62, 63, 113, 114]
Min Correction Subset: [27, 28, 47, 58]
Iter 161: 
Min Hitting Set: [0, 2, 15, 16, 17, 19, 20, 21, 24, 26, 28, 29, 30, 32, 33, 35, 40, 41, 44, 46, 47, 53, 55, 57, 58, 61, 62, 63, 113, 114]
Min Correction Subset: [8, 52, 54]
Iter 162: 
Min Hitting Set: [2, 16, 17, 19, 20, 21, 22, 24, 26, 27, 30, 32, 33, 36, 40, 41, 42, 44, 46, 47, 52, 53, 54, 55, 57, 58, 61, 62, 63, 113, 114]
Min Correction Subset: [0, 1, 8, 112]
Iter 163: 
Min Hitting Set: [3, 8, 15, 16, 19, 20, 21, 24, 25, 26, 28, 30, 32, 33, 35, 40, 41, 42, 44, 46, 47, 49, 52, 53, 55, 57, 58, 61, 62, 113, 114]
Min Correction Subset: [17, 63]
Iter 164: 
Min Hitting Set: [0, 2, 14, 16, 17, 19, 20, 21, 24, 25, 26, 27, 29, 30, 32, 33, 36, 40, 41, 44, 46, 49, 51, 52, 53, 55, 57, 58, 63, 113, 114]
Min Correction Subset: [3, 42, 62]
Iter 165: 
Min Hitting Set: [0, 3, 8, 14, 15, 16, 17, 19, 20, 21, 24, 26, 27, 29, 30, 32, 33, 36, 40, 41, 42, 44, 46, 49, 52, 53, 55, 57, 58, 113, 114]
Min Correction Subset: [28, 61, 62, 63]
Iter 166: 
Min Hitting Set: [0, 3, 14, 16, 17, 19, 20, 21, 22, 24, 26, 27, 30, 32, 33, 36, 40, 41, 42, 46, 47, 52, 53, 55, 57, 58, 61, 62, 63, 113, 114]
Min Correction Subset: [8, 9, 28, 54]
Iter 167: 
Min Hitting Set: [3, 8, 15, 16, 17, 19, 20, 21, 24, 26, 27, 29, 30, 32, 33, 36, 40, 41, 42, 44, 46, 49, 52, 53, 55, 57, 58, 61, 62, 113, 114]
Min Correction Subset: [14, 18, 54, 63]
Instance: regions-76-200-650000
----------------------------
Query: 10
Query element:6
Query element:14
Query scope: 17
Query scope: 88
Query scope: 93
Query scope: 98
Query scope: 100
Query scope: 101
Query scope: 106
Query scope: 128
Query scope: 130
Query scope: 131
Query scope: 134
Query scope: 172
----------------------------
IIS optimality: suboptimal
IIS solution time: 36025.278
IIS Constraint: 3; goods; {good:3}
IIS Constraint: 8; goods; {good:8}
IIS Constraint: 15; goods; {good:15}
IIS Constraint: 16; goods; {good:16}
IIS Constraint: 17; goods; {good:17}
IIS Constraint: 19; goods; {good:19}
IIS Constraint: 20; goods; {good:20}
IIS Constraint: 21; goods; {good:21}
IIS Constraint: 24; goods; {good:24}
IIS Constraint: 26; goods; {good:26}
IIS Constraint: 27; goods; {good:27}
IIS Constraint: 29; goods; {good:29}
IIS Constraint: 30; goods; {good:30}
IIS Constraint: 32; goods; {good:32}
IIS Constraint: 33; goods; {good:33}
IIS Constraint: 36; goods; {good:36}
IIS Constraint: 40; goods; {good:40}
IIS Constraint: 41; goods; {good:41}
IIS Constraint: 42; goods; {good:42}
IIS Constraint: 44; goods; {good:44}
IIS Constraint: 46; goods; {good:46}
IIS Constraint: 49; goods; {good:49}
IIS Constraint: 52; goods; {good:52}
IIS Constraint: 53; goods; {good:53}
IIS Constraint: 55; goods; {good:55}
IIS Constraint: 57; goods; {good:57}
IIS Constraint: 58; goods; {good:58}
IIS Constraint: 61; goods; {good:61}
IIS Constraint: 62; goods; {good:62}
IIS Constraint: 113; query; {goods:[6,14],query:10}
IIS Constraint: 114; max; {f:4611.408100000001,objective:max}
