IIS generation
Iter 1: 
Min Hitting Set: []
Min Correction Subset: [103]
Iter 2: 
Min Hitting Set: [103]
Min Correction Subset: [96]
Iter 3: 
Min Hitting Set: [96, 103]
Min Correction Subset: [94]
Iter 4: 
Min Hitting Set: [94, 96, 103]
Min Correction Subset: [98]
Iter 5: 
Min Hitting Set: [94, 96, 98, 103]
Min Correction Subset: [81]
Iter 6: 
Min Hitting Set: [81, 94, 96, 98, 103]
Min Correction Subset: [97]
Iter 7: 
Min Hitting Set: [81, 94, 96, 97, 98, 103]
Min Correction Subset: [84]
Iter 8: 
Min Hitting Set: [81, 84, 94, 96, 97, 98, 103]
Min Correction Subset: [100]
Iter 9: 
Min Hitting Set: [81, 84, 94, 96, 97, 98, 100, 103]
Min Correction Subset: [77, 101]
Iter 10: 
Min Hitting Set: [77, 81, 84, 94, 96, 97, 98, 100, 103]
Min Correction Subset: [37, 86]
Iter 11: 
Min Hitting Set: [37, 77, 81, 84, 94, 96, 97, 98, 100, 103]
Min Correction Subset: [90, 101]
Iter 12: 
Min Hitting Set: [37, 81, 84, 94, 96, 97, 98, 100, 101, 103]
Min Correction Subset: [77, 90]
Iter 13: 
Min Hitting Set: [37, 77, 81, 84, 90, 94, 96, 97, 98, 100, 103]
Min Correction Subset: [99, 101]
Iter 14: 
Min Hitting Set: [37, 77, 81, 84, 94, 96, 97, 98, 100, 101, 103]
Min Correction Subset: [0, 90]
Iter 15: 
Min Hitting Set: [37, 81, 84, 90, 94, 96, 97, 98, 100, 101, 103]
Min Correction Subset: [77, 102]
Iter 16: 
Min Hitting Set: [37, 77, 81, 84, 90, 94, 96, 97, 98, 100, 101, 103]
Min Correction Subset: [99, 102]
Iter 17: 
Min Hitting Set: [37, 77, 81, 84, 90, 94, 96, 97, 98, 99, 100, 103]
Min Correction Subset: [21, 101]
Iter 18: 
Min Hitting Set: [37, 81, 84, 90, 94, 96, 97, 98, 100, 101, 102, 103]
Min Correction Subset: [77, 86]
Iter 19: 
Min Hitting Set: [81, 84, 86, 90, 94, 96, 97, 98, 100, 101, 102, 103]
Min Correction Subset: [37, 82]
Iter 20: 
Min Hitting Set: [37, 77, 81, 84, 90, 94, 96, 97, 98, 100, 101, 102, 103]
Min Correction Subset: [41, 86]
Iter 21: 
Min Hitting Set: [37, 81, 84, 86, 90, 94, 96, 97, 98, 100, 101, 102, 103]
Min Correction Subset: [77, 82]
Iter 22: 
Min Hitting Set: [81, 82, 84, 86, 90, 94, 96, 97, 98, 100, 101, 102, 103]
Min Correction Subset: [59, 77]
Iter 23: 
Min Hitting Set: [37, 77, 81, 84, 86, 90, 94, 96, 97, 98, 99, 100, 101, 103]
Min Correction Subset: [21, 82, 92]
Iter 24: 
Min Hitting Set: [21, 77, 81, 82, 84, 86, 90, 94, 96, 97, 98, 99, 100, 103]
Min Correction Subset: [92, 101]
Iter 25: 
Min Hitting Set: [77, 81, 82, 84, 86, 90, 94, 96, 97, 98, 99, 100, 101, 103]
Min Correction Subset: [17, 30, 92]
Iter 26: 
Min Hitting Set: [37, 77, 81, 84, 86, 90, 92, 94, 96, 97, 98, 99, 100, 101, 103]
Min Correction Subset: [21, 82, 95]
Iter 27: 
Min Hitting Set: [21, 77, 81, 82, 84, 86, 90, 92, 94, 96, 97, 98, 99, 100, 103]
Min Correction Subset: [88, 101]
Iter 28: 
Min Hitting Set: [77, 81, 82, 84, 86, 90, 92, 94, 96, 97, 98, 99, 100, 101, 103]
Min Correction Subset: [0, 54, 79]
Iter 29: 
Min Hitting Set: [0, 77, 81, 82, 84, 86, 92, 94, 96, 97, 98, 99, 100, 101, 103]
Min Correction Subset: [4, 90]
Iter 30: 
Min Hitting Set: [0, 77, 81, 82, 84, 86, 90, 92, 94, 96, 97, 98, 99, 100, 101, 103]
Min Correction Subset: [3, 21, 80]
Iter 31: 
Min Hitting Set: [0, 21, 37, 77, 81, 84, 86, 90, 92, 94, 96, 97, 98, 99, 100, 101, 103]
Min Correction Subset: [17, 82, 95]
Iter 32: 
Min Hitting Set: [0, 17, 21, 77, 81, 82, 84, 86, 90, 94, 96, 97, 98, 99, 100, 101, 103]
Min Correction Subset: [13, 26, 92]
Iter 33: 
Min Hitting Set: [0, 21, 77, 81, 82, 84, 86, 90, 92, 94, 96, 97, 98, 99, 100, 101, 103]
Min Correction Subset: [17, 30, 95]
Iter 34: 
Min Hitting Set: [0, 17, 21, 37, 77, 81, 84, 86, 90, 92, 94, 96, 97, 98, 99, 100, 101, 103]
Min Correction Subset: [7, 48, 88]
Iter 35: 
Min Hitting Set: [0, 17, 21, 37, 77, 81, 84, 86, 88, 90, 92, 94, 96, 97, 98, 99, 100, 103]
Min Correction Subset: [82, 101]
Iter 36: 
Min Hitting Set: [0, 17, 21, 77, 81, 82, 84, 86, 88, 90, 92, 94, 96, 97, 98, 99, 100, 103]
Min Correction Subset: [76, 101]
Iter 37: 
Min Hitting Set: [0, 17, 21, 37, 77, 81, 84, 86, 88, 90, 92, 94, 96, 97, 98, 99, 100, 101, 103]
Min Correction Subset: [13, 26, 95]
Iter 38: 
Min Hitting Set: [0, 17, 21, 26, 37, 77, 81, 84, 86, 88, 90, 94, 96, 97, 98, 99, 100, 101, 103]
Min Correction Subset: [13, 22, 92]
Iter 39: 
Min Hitting Set: [0, 13, 17, 21, 37, 77, 81, 84, 86, 88, 90, 94, 96, 97, 98, 99, 100, 101, 103]
Min Correction Subset: [4, 54, 79]
Iter 40: 
Min Hitting Set: [13, 17, 21, 37, 77, 79, 81, 84, 86, 88, 90, 94, 96, 97, 98, 99, 100, 101, 103]
Min Correction Subset: [5, 22, 92]
Iter 41: 
Min Hitting Set: [21, 37, 77, 79, 81, 84, 86, 88, 90, 92, 94, 95, 96, 97, 98, 99, 100, 101, 103]
Min Correction Subset: [3, 17, 80]
Iter 42: 
Min Hitting Set: [37, 54, 77, 80, 81, 84, 86, 88, 90, 92, 94, 95, 96, 97, 98, 99, 100, 101, 103]
Min Correction Subset: [10, 21, 91]
Iter 43: 
Min Hitting Set: [17, 21, 37, 54, 77, 81, 84, 86, 88, 90, 92, 94, 95, 96, 97, 98, 99, 100, 101, 103]
Min Correction Subset: [4, 46, 79]
Iter 44: 
Min Hitting Set: [17, 21, 37, 77, 79, 81, 84, 86, 88, 90, 92, 94, 95, 96, 97, 98, 99, 100, 101, 103]
Min Correction Subset: [3, 48, 89]
Iter 45: 
Min Hitting Set: [3, 21, 37, 48, 77, 79, 81, 84, 86, 90, 92, 94, 95, 96, 97, 98, 99, 100, 101, 103]
Min Correction Subset: [0, 41, 78]
Iter 46: 
Min Hitting Set: [3, 21, 37, 41, 48, 77, 79, 81, 84, 90, 92, 94, 95, 96, 97, 98, 99, 100, 101, 103]
Min Correction Subset: [7, 44, 88]
Iter 47: 
Min Hitting Set: [3, 21, 37, 41, 77, 79, 81, 84, 88, 90, 92, 94, 95, 96, 97, 98, 99, 100, 101, 103]
Min Correction Subset: [19, 33, 82]
Iter 48: 
Min Hitting Set: [0, 3, 4, 21, 77, 81, 82, 84, 86, 88, 92, 94, 95, 96, 97, 98, 99, 100, 101, 103]
Min Correction Subset: [8, 90]
Iter 49: 
Min Hitting Set: [0, 3, 21, 77, 79, 81, 82, 84, 86, 88, 90, 92, 94, 95, 96, 97, 98, 99, 100, 101, 103]
Min Correction Subset: [4, 41, 78]
Iter 50: 
Min Hitting Set: [3, 21, 41, 77, 79, 81, 82, 84, 86, 88, 90, 92, 94, 95, 96, 97, 98, 99, 100, 101, 103]
Min Correction Subset: [0, 37, 78]
Iter 51: 
Min Hitting Set: [0, 3, 4, 21, 77, 81, 82, 84, 86, 88, 90, 92, 94, 95, 96, 97, 98, 99, 100, 101, 103]
Min Correction Subset: [8, 54, 79]
Iter 52: 
Min Hitting Set: [3, 21, 37, 41, 77, 79, 81, 82, 84, 88, 90, 92, 94, 95, 96, 97, 98, 99, 100, 101, 103]
Min Correction Subset: [7, 48, 89]
Iter 53: 
Min Hitting Set: [3, 7, 21, 37, 41, 77, 79, 81, 82, 84, 90, 92, 94, 95, 96, 97, 98, 99, 100, 101, 103]
Min Correction Subset: [11, 88, 102]
Iter 54: 
Min Hitting Set: [3, 7, 21, 37, 41, 77, 79, 81, 82, 84, 90, 92, 94, 95, 96, 97, 98, 100, 101, 102, 103]
Min Correction Subset: [17, 86, 99]
Iter 55: 
Min Hitting Set: [3, 7, 21, 77, 78, 79, 81, 82, 84, 86, 90, 92, 94, 95, 96, 97, 98, 100, 101, 102, 103]
Min Correction Subset: [59, 73, 99]
Iter 56: 
Min Hitting Set: [3, 7, 21, 59, 78, 79, 81, 82, 84, 86, 90, 92, 94, 95, 96, 97, 98, 100, 101, 102, 103]
Min Correction Subset: [77, 88]
Iter 57: 
Min Hitting Set: [3, 7, 21, 77, 78, 79, 81, 82, 84, 86, 90, 92, 94, 95, 96, 97, 98, 99, 100, 101, 102, 103]
Min Correction Subset: [11, 48, 88]
Iter 58: 
Min Hitting Set: [0, 3, 4, 7, 8, 21, 77, 81, 82, 84, 86, 88, 92, 94, 95, 96, 97, 98, 99, 100, 101, 103]
Min Correction Subset: [83, 90]
Iter 59: 
Min Hitting Set: [3, 7, 21, 59, 78, 79, 81, 82, 84, 86, 88, 90, 92, 94, 95, 96, 97, 98, 100, 101, 102, 103]
Min Correction Subset: [55, 73, 77]
Iter 60: 
Min Hitting Set: [3, 7, 21, 77, 78, 79, 81, 82, 84, 86, 88, 90, 92, 94, 95, 96, 97, 98, 99, 100, 101, 103]
Min Correction Subset: [65, 87, 102]
Iter 61: 
Min Hitting Set: [17, 21, 48, 73, 77, 78, 79, 81, 82, 84, 86, 88, 90, 92, 94, 95, 96, 97, 98, 100, 101, 102, 103]
Min Correction Subset: [7, 89, 99]
Iter 62: 
Min Hitting Set: [17, 21, 48, 77, 78, 79, 81, 82, 84, 86, 88, 90, 92, 94, 95, 96, 97, 98, 99, 100, 101, 102, 103]
Min Correction Subset: [3, 44, 89]
Iter 63: 
Min Hitting Set: [3, 21, 48, 77, 78, 79, 81, 82, 84, 86, 88, 90, 92, 94, 95, 96, 97, 98, 99, 100, 101, 102, 103]
Min Correction Subset: [7, 17, 80]
Iter 64: 
Min Hitting Set: [17, 21, 73, 77, 78, 79, 81, 82, 84, 86, 88, 89, 90, 92, 94, 95, 96, 97, 98, 100, 101, 102, 103]
Min Correction Subset: [59, 69, 99]
Iter 65: 
Min Hitting Set: [3, 7, 21, 37, 41, 48, 77, 79, 81, 82, 84, 90, 92, 94, 95, 96, 97, 98, 99, 100, 101, 102, 103]
Min Correction Subset: [2, 14, 25, 91]
Iter 66: 
Min Hitting Set: [3, 7, 37, 41, 48, 77, 79, 81, 82, 84, 90, 91, 92, 94, 95, 96, 97, 98, 99, 100, 101, 102, 103]
Min Correction Subset: [11, 21, 86, 88]
Iter 67: 
Min Hitting Set: [3, 7, 48, 77, 78, 79, 81, 82, 84, 86, 90, 91, 92, 94, 95, 96, 97, 98, 99, 100, 101, 102, 103]
Min Correction Subset: [17, 32, 73, 87]
Iter 68: 
Min Hitting Set: [3, 7, 59, 73, 78, 79, 81, 82, 84, 86, 88, 90, 91, 92, 94, 95, 96, 97, 98, 100, 101, 102, 103]
Min Correction Subset: [55, 69, 77]
Iter 69: 
Min Hitting Set: [3, 7, 77, 78, 79, 81, 82, 84, 86, 87, 88, 90, 91, 92, 94, 95, 96, 97, 98, 99, 100, 101, 103]
Min Correction Subset: [11, 17, 48, 80]
Iter 70: 
Min Hitting Set: [3, 7, 11, 77, 78, 79, 81, 82, 84, 86, 87, 90, 91, 92, 94, 95, 96, 97, 98, 99, 100, 101, 103]
Min Correction Subset: [10, 21, 93, 102]
Iter 71: 
Min Hitting Set: [17, 21, 77, 78, 79, 81, 82, 84, 86, 88, 89, 90, 91, 92, 94, 95, 96, 97, 98, 99, 100, 101, 102, 103]
Min Correction Subset: [32, 65, 73, 87]
Iter 72: 
Min Hitting Set: [69, 73, 77, 78, 79, 80, 81, 82, 84, 86, 88, 89, 90, 91, 92, 94, 95, 96, 97, 98, 100, 101, 102, 103]
Min Correction Subset: [21, 59, 99]
Iter 73: 
Min Hitting Set: [77, 78, 79, 80, 81, 82, 84, 86, 87, 88, 89, 90, 91, 92, 94, 95, 96, 97, 98, 99, 100, 101, 102, 103]
Min Correction Subset: [2, 10, 21, 93]
Iter 74: 
Min Hitting Set: [2, 3, 7, 11, 21, 37, 41, 77, 79, 81, 82, 84, 87, 90, 92, 94, 95, 96, 97, 98, 99, 100, 101, 103]
Min Correction Subset: [17, 86, 102]
Iter 75: 
Min Hitting Set: [2, 17, 21, 37, 41, 77, 79, 81, 82, 84, 87, 88, 89, 90, 92, 94, 95, 96, 97, 98, 99, 100, 101, 103]
Min Correction Subset: [13, 86, 102]
Iter 76: 
Min Hitting Set: [2, 3, 7, 11, 21, 77, 78, 79, 81, 82, 84, 86, 87, 90, 92, 94, 95, 96, 97, 98, 99, 100, 101, 103]
Min Correction Subset: [14, 25, 85, 91]
Iter 77: 
Min Hitting Set: [3, 7, 11, 21, 77, 78, 79, 81, 82, 84, 86, 87, 90, 91, 92, 94, 95, 96, 97, 98, 99, 100, 101, 103]
Min Correction Subset: [10, 85, 88, 102]
Iter 78: 
Min Hitting Set: [3, 7, 10, 11, 77, 78, 79, 81, 82, 84, 86, 87, 90, 91, 92, 94, 95, 96, 97, 98, 99, 100, 101, 103]
Min Correction Subset: [18, 85, 88, 102]
Iter 79: 
Min Hitting Set: [21, 77, 78, 79, 80, 81, 82, 84, 86, 87, 88, 89, 90, 91, 92, 94, 95, 96, 97, 98, 99, 100, 101, 103]
Min Correction Subset: [18, 29, 85, 102]
Iter 80: 
Min Hitting Set: [21, 69, 73, 77, 78, 79, 80, 81, 82, 84, 86, 88, 89, 90, 91, 92, 94, 95, 96, 97, 98, 100, 101, 102, 103]
Min Correction Subset: [13, 55, 99]
Iter 81: 
Min Hitting Set: [13, 17, 21, 69, 73, 77, 78, 79, 81, 82, 84, 86, 88, 89, 90, 91, 92, 94, 96, 97, 98, 100, 101, 102, 103]
Min Correction Subset: [5, 22, 95]
Iter 82: 
Min Hitting Set: [13, 17, 21, 22, 69, 73, 77, 78, 79, 81, 82, 84, 86, 88, 89, 90, 91, 94, 96, 97, 98, 100, 101, 102, 103]
Min Correction Subset: [5, 26, 92]
Iter 83: 
Min Hitting Set: [5, 13, 17, 21, 69, 73, 77, 78, 79, 81, 82, 84, 86, 88, 89, 90, 91, 94, 96, 97, 98, 100, 101, 102, 103]
Min Correction Subset: [9, 92, 99]
Iter 84: 
Min Hitting Set: [17, 21, 44, 48, 77, 78, 79, 81, 82, 84, 86, 87, 90, 91, 92, 94, 95, 96, 97, 98, 99, 100, 101, 102, 103]
Min Correction Subset: [3, 40, 88]
Iter 85: 
Min Hitting Set: [17, 21, 77, 78, 79, 81, 82, 84, 86, 87, 88, 89, 90, 91, 92, 94, 95, 96, 97, 98, 99, 100, 101, 102, 103]
Min Correction Subset: [2, 7, 13, 80]
Iter 86: 
Min Hitting Set: [3, 7, 21, 48, 77, 78, 79, 81, 82, 84, 86, 87, 90, 91, 92, 94, 95, 96, 97, 98, 99, 100, 101, 102, 103]
Min Correction Subset: [11, 41, 83, 88]
Iter 87: 
Min Hitting Set: [3, 7, 21, 37, 41, 48, 73, 77, 79, 81, 82, 84, 90, 91, 92, 94, 95, 96, 97, 98, 99, 100, 101, 102, 103]
Min Correction Subset: [19, 33, 86, 88]
Iter 88: 
Min Hitting Set: [3, 7, 21, 33, 37, 41, 48, 73, 77, 79, 81, 84, 90, 91, 92, 94, 95, 96, 97, 98, 99, 100, 101, 102, 103]
Min Correction Subset: [13, 19, 29, 82]
Iter 89: 
Min Hitting Set: [3, 7, 19, 21, 37, 41, 48, 73, 77, 79, 81, 84, 90, 91, 92, 94, 95, 96, 97, 98, 99, 100, 101, 102, 103]
Min Correction Subset: [15, 33, 82]
Iter 90: 
Min Hitting Set: [5, 13, 17, 21, 33, 37, 41, 73, 77, 79, 81, 84, 88, 89, 90, 91, 94, 96, 97, 98, 99, 100, 101, 102, 103]
Min Correction Subset: [9, 22, 92]
Iter 91: 
Min Hitting Set: [2, 17, 21, 77, 78, 79, 81, 82, 84, 85, 86, 87, 88, 89, 90, 92, 94, 95, 96, 97, 98, 99, 100, 101, 103]
Min Correction Subset: [14, 25, 91, 102]
Iter 92: 
Min Hitting Set: [21, 73, 77, 78, 79, 80, 81, 82, 84, 86, 88, 89, 90, 91, 92, 94, 95, 96, 97, 98, 99, 100, 101, 102, 103]
Min Correction Subset: [14, 17, 25, 29, 85]
Iter 93: 
Min Hitting Set: [21, 77, 78, 79, 80, 81, 82, 84, 85, 86, 87, 88, 89, 90, 91, 92, 94, 95, 96, 97, 98, 99, 100, 101, 103]
Min Correction Subset: [17, 37, 83, 102]
Iter 94: 
Min Hitting Set: [21, 25, 73, 77, 78, 79, 80, 81, 82, 84, 86, 88, 89, 90, 92, 94, 95, 96, 97, 98, 99, 100, 101, 102, 103]
Min Correction Subset: [2, 17, 87, 91]
Iter 95: 
Min Hitting Set: [14, 21, 37, 41, 77, 79, 80, 81, 82, 84, 87, 88, 89, 90, 92, 94, 95, 96, 97, 98, 99, 100, 101, 102, 103]
Min Correction Subset: [2, 17, 86, 91]
Iter 96: 
Min Hitting Set: [21, 25, 77, 78, 79, 80, 81, 82, 84, 86, 87, 88, 89, 90, 92, 94, 95, 96, 97, 98, 99, 100, 101, 102, 103]
Min Correction Subset: [2, 17, 29, 91]
Iter 97: 
Min Hitting Set: [2, 3, 7, 17, 77, 78, 79, 81, 82, 84, 86, 87, 88, 90, 91, 92, 94, 95, 96, 97, 98, 99, 100, 101, 102, 103]
Min Correction Subset: [11, 18, 48, 89]
Iter 98: 
Min Hitting Set: [7, 17, 21, 77, 78, 79, 81, 82, 84, 86, 87, 88, 89, 90, 91, 92, 94, 95, 96, 97, 98, 99, 100, 101, 102, 103]
Min Correction Subset: [2, 3, 13, 80]
Iter 99: 
Min Hitting Set: [2, 17, 21, 77, 78, 79, 81, 82, 84, 85, 86, 87, 88, 89, 90, 91, 92, 94, 95, 96, 97, 98, 99, 100, 101, 103]
Min Correction Subset: [7, 13, 80, 102]
Iter 100: 
Min Hitting Set: [2, 3, 7, 11, 77, 78, 79, 81, 82, 84, 85, 86, 87, 90, 91, 92, 94, 95, 96, 97, 98, 99, 100, 101, 102, 103]
Min Correction Subset: [37, 72, 83, 88]
Iter 101: 
Min Hitting Set: [13, 17, 21, 77, 78, 79, 81, 82, 84, 85, 86, 87, 88, 89, 90, 91, 92, 94, 95, 96, 97, 98, 99, 100, 101, 103]
Min Correction Subset: [37, 72, 83, 102]
Iter 102: 
Min Hitting Set: [13, 17, 21, 37, 41, 77, 79, 81, 82, 84, 85, 87, 88, 89, 90, 91, 92, 94, 95, 96, 97, 98, 99, 100, 101, 103]
Min Correction Subset: [25, 33, 86, 102]
Iter 103: 
Min Hitting Set: [13, 17, 21, 77, 78, 79, 81, 82, 84, 86, 87, 88, 89, 90, 91, 92, 94, 95, 96, 97, 98, 99, 100, 101, 102, 103]
Min Correction Subset: [10, 14, 25, 29, 85]
Iter 104: 
Min Hitting Set: [2, 17, 21, 37, 41, 77, 79, 81, 82, 84, 85, 87, 88, 89, 90, 92, 94, 95, 96, 97, 98, 99, 100, 101, 102, 103]
Min Correction Subset: [0, 19, 33, 86]
Iter 105: 
Min Hitting Set: [13, 17, 21, 25, 77, 78, 79, 81, 82, 84, 86, 87, 88, 89, 90, 92, 94, 95, 96, 97, 98, 99, 100, 101, 102, 103]
Min Correction Subset: [14, 18, 29, 33, 85]
Iter 106: 
Min Hitting Set: [10, 14, 77, 78, 79, 80, 81, 82, 84, 86, 87, 88, 89, 90, 91, 92, 94, 95, 96, 97, 98, 99, 100, 101, 102, 103]
Min Correction Subset: [2, 13, 18, 21, 93]
Iter 107: 
Min Hitting Set: [21, 77, 78, 79, 80, 81, 82, 84, 85, 86, 87, 88, 89, 90, 91, 92, 94, 95, 96, 97, 98, 99, 100, 101, 102, 103]
Min Correction Subset: [2, 17, 41, 83, 93]
Iter 108: 
Min Hitting Set: [14, 17, 21, 77, 78, 79, 80, 81, 82, 84, 86, 87, 88, 89, 90, 92, 94, 95, 96, 97, 98, 99, 100, 101, 102, 103]
Min Correction Subset: [2, 13, 25, 91]
Iter 109: 
Min Hitting Set: [2, 17, 21, 77, 78, 79, 81, 82, 84, 85, 86, 87, 88, 89, 90, 92, 94, 95, 96, 97, 98, 99, 100, 101, 102, 103]
Min Correction Subset: [6, 14, 25, 91]
Iter 110: 
Min Hitting Set: [5, 13, 14, 17, 21, 33, 37, 41, 69, 73, 77, 79, 81, 84, 88, 89, 90, 92, 94, 96, 97, 98, 100, 101, 102, 103]
Min Correction Subset: [25, 82, 99]
Iter 111: 
Min Hitting Set: [21, 29, 33, 37, 41, 77, 79, 80, 81, 84, 87, 88, 89, 90, 91, 92, 94, 95, 96, 97, 98, 99, 100, 101, 102, 103]
Min Correction Subset: [0, 17, 42, 78]
Iter 112: 
Min Hitting Set: [2, 14, 21, 77, 78, 79, 80, 81, 82, 84, 86, 87, 88, 89, 90, 92, 94, 95, 96, 97, 98, 99, 100, 101, 102, 103]
Min Correction Subset: [6, 17, 25, 91]
Iter 113: 
Min Hitting Set: [13, 14, 17, 21, 73, 77, 78, 79, 81, 82, 84, 86, 88, 89, 90, 92, 94, 95, 96, 97, 98, 99, 100, 101, 102, 103]
Min Correction Subset: [2, 22, 25, 91]
Iter 114: 
Min Hitting Set: [5, 13, 17, 21, 25, 33, 37, 41, 69, 73, 77, 79, 81, 84, 88, 89, 90, 92, 94, 96, 97, 98, 100, 101, 102, 103]
Min Correction Subset: [59, 86, 99]
Iter 115: 
Min Hitting Set: [2, 29, 77, 78, 79, 80, 81, 82, 84, 86, 87, 88, 89, 90, 91, 92, 94, 95, 96, 97, 98, 99, 100, 101, 102, 103]
Min Correction Subset: [10, 21, 25, 85, 93]
Iter 116: 
Min Hitting Set: [13, 17, 21, 29, 33, 37, 41, 77, 79, 81, 84, 87, 88, 89, 90, 91, 92, 94, 95, 96, 97, 98, 99, 100, 101, 103]
Min Correction Subset: [0, 25, 78, 102]
Iter 117: 
Min Hitting Set: [13, 17, 21, 25, 29, 33, 37, 41, 77, 79, 81, 84, 87, 88, 89, 90, 92, 94, 95, 96, 97, 98, 99, 100, 101, 103]
Min Correction Subset: [0, 65, 78, 102]
Iter 118: 
Min Hitting Set: [2, 14, 17, 21, 77, 78, 79, 81, 82, 84, 86, 87, 88, 89, 90, 92, 94, 95, 96, 97, 98, 99, 100, 101, 102, 103]
Min Correction Subset: [10, 25, 37, 83, 91]
Iter 119: 
Min Hitting Set: [13, 17, 21, 25, 33, 37, 41, 77, 79, 81, 84, 87, 88, 89, 90, 92, 94, 95, 96, 97, 98, 99, 100, 101, 102, 103]
Min Correction Subset: [15, 19, 29, 82]
Iter 120: 
Min Hitting Set: [14, 73, 77, 78, 79, 80, 81, 82, 84, 86, 88, 89, 90, 91, 92, 93, 94, 95, 96, 97, 98, 99, 100, 101, 102, 103]
Min Correction Subset: [13, 18, 29, 85, 87]
Iter 121: 
Min Hitting Set: [21, 29, 77, 78, 79, 80, 81, 82, 83, 84, 86, 87, 88, 89, 90, 91, 92, 94, 95, 96, 97, 98, 99, 100, 101, 103]
Min Correction Subset: [14, 25, 85, 102]
Iter 122: 
Min Hitting Set: [5, 13, 17, 21, 25, 29, 33, 37, 41, 65, 77, 79, 81, 84, 88, 89, 90, 92, 94, 96, 97, 98, 99, 100, 101, 103]
Min Correction Subset: [9, 22, 95]
Iter 123: 
Min Hitting Set: [77, 78, 79, 80, 81, 82, 83, 84, 85, 86, 87, 88, 89, 90, 91, 92, 93, 94, 95, 96, 97, 98, 99, 100, 101, 103]
Min Correction Subset: [0, 5, 18, 21, 42, 65, 102]
Iter 124: 
Min Hitting Set: [14, 77, 78, 79, 80, 81, 82, 84, 86, 87, 88, 89, 90, 91, 92, 93, 94, 95, 96, 97, 98, 99, 100, 101, 102, 103]
Min Correction Subset: [10, 17, 18, 29, 85]
Iter 125: 
Min Hitting Set: [29, 77, 78, 79, 80, 81, 82, 84, 86, 87, 88, 89, 90, 91, 92, 93, 94, 95, 96, 97, 98, 99, 100, 101, 102, 103]
Min Correction Subset: [14, 37, 72, 83, 85]
Iter 126: 
Min Hitting Set: [2, 77, 78, 79, 80, 81, 82, 84, 85, 86, 87, 88, 89, 90, 91, 92, 94, 95, 96, 97, 98, 99, 100, 101, 102, 103]
Min Correction Subset: [10, 21, 37, 83, 93]
Iter 127: 
Min Hitting Set: [77, 78, 79, 80, 81, 82, 84, 85, 86, 87, 88, 89, 90, 91, 92, 93, 94, 95, 96, 97, 98, 99, 100, 101, 102, 103]
Min Correction Subset: [5, 18, 37, 72, 83]
Iter 128: 
Min Hitting Set: [5, 13, 17, 21, 22, 25, 29, 33, 37, 41, 65, 77, 79, 81, 84, 88, 89, 90, 94, 96, 97, 98, 99, 100, 101, 103]
Min Correction Subset: [9, 26, 92]
Iter 129: 
Min Hitting Set: [13, 17, 21, 25, 29, 33, 37, 41, 65, 77, 79, 81, 84, 88, 89, 90, 92, 94, 95, 96, 97, 98, 99, 100, 101, 103]
Min Correction Subset: [73, 82, 87, 102]
Iter 130: 
Min Hitting Set: [0, 4, 8, 21, 25, 29, 77, 80, 81, 82, 83, 84, 86, 87, 88, 89, 92, 94, 95, 96, 97, 98, 99, 100, 101, 103]
Min Correction Subset: [17, 90]
Iter 131: 
Min Hitting Set: [21, 25, 29, 77, 78, 79, 80, 81, 82, 83, 84, 86, 87, 88, 89, 90, 92, 94, 95, 96, 97, 98, 99, 100, 101, 103]
Min Correction Subset: [2, 17, 91, 102]
Iter 132: 
Min Hitting Set: [21, 77, 78, 79, 80, 81, 82, 83, 84, 85, 86, 87, 88, 89, 90, 91, 92, 94, 95, 96, 97, 98, 99, 100, 101, 103]
Min Correction Subset: [2, 17, 93, 102]
Iter 133: 
Min Hitting Set: [13, 17, 21, 25, 29, 33, 37, 41, 65, 77, 79, 81, 84, 87, 88, 89, 90, 92, 94, 95, 96, 97, 98, 99, 100, 101, 103]
Min Correction Subset: [0, 42, 78, 102]
Iter 134: 
Min Hitting Set: [3, 7, 17, 18, 21, 25, 37, 77, 78, 79, 81, 82, 84, 86, 87, 88, 90, 92, 94, 95, 96, 97, 98, 99, 100, 101, 103]
Min Correction Subset: [11, 48, 89, 102]
Iter 135: 
Min Hitting Set: [29, 37, 77, 78, 79, 80, 81, 82, 84, 86, 87, 88, 89, 90, 91, 92, 93, 94, 95, 96, 97, 98, 99, 100, 101, 102, 103]
Min Correction Subset: [10, 13, 14, 25, 85]
Iter 136: 
Min Hitting Set: [3, 7, 11, 21, 77, 78, 79, 81, 82, 83, 84, 85, 86, 87, 90, 91, 92, 93, 94, 95, 96, 97, 98, 99, 100, 101, 103]
Min Correction Subset: [0, 13, 42, 88, 102]
Iter 137: 
Min Hitting Set: [21, 25, 29, 77, 78, 79, 80, 81, 82, 83, 84, 86, 87, 88, 89, 90, 92, 94, 95, 96, 97, 98, 99, 100, 101, 102, 103]
Min Correction Subset: [2, 10, 17, 91]
Iter 138: 
Min Hitting Set: [2, 21, 37, 77, 78, 79, 80, 81, 82, 84, 85, 86, 87, 88, 89, 90, 91, 92, 94, 95, 96, 97, 98, 99, 100, 101, 103]
Min Correction Subset: [0, 17, 83, 102]
Iter 139: 
Min Hitting Set: [5, 9, 13, 14, 17, 21, 77, 78, 79, 81, 82, 84, 86, 87, 88, 89, 90, 91, 94, 96, 97, 98, 99, 100, 101, 102, 103]
Min Correction Subset: [22, 25, 85, 92]
Iter 140: 
Min Hitting Set: [2, 37, 77, 78, 79, 80, 81, 82, 84, 85, 86, 87, 88, 89, 90, 91, 92, 94, 95, 96, 97, 98, 99, 100, 101, 102, 103]
Min Correction Subset: [10, 21, 41, 83, 93]
Iter 141: 
Min Hitting Set: [17, 21, 25, 29, 37, 77, 78, 79, 80, 81, 82, 84, 86, 87, 88, 89, 90, 92, 94, 95, 96, 97, 98, 99, 100, 101, 103]
Min Correction Subset: [13, 41, 83, 102]
Iter 142: 
Min Hitting Set: [5, 9, 13, 14, 17, 21, 25, 77, 78, 79, 81, 82, 84, 86, 87, 88, 89, 90, 94, 96, 97, 98, 99, 100, 101, 102, 103]
Min Correction Subset: [22, 37, 83, 92]
Iter 143: 
Min Hitting Set: [13, 17, 21, 22, 25, 77, 78, 79, 81, 82, 83, 84, 85, 86, 87, 88, 89, 90, 92, 94, 96, 97, 98, 99, 100, 101, 103]
Min Correction Subset: [5, 26, 95]
Iter 144: 
Min Hitting Set: [2, 14, 17, 21, 77, 78, 79, 81, 82, 83, 84, 86, 87, 88, 89, 90, 92, 94, 95, 96, 97, 98, 99, 100, 101, 102, 103]
Min Correction Subset: [3, 18, 25, 80, 91]
Iter 145: 
Min Hitting Set: [0, 13, 17, 21, 25, 37, 41, 77, 79, 81, 82, 84, 85, 87, 88, 89, 90, 92, 94, 95, 96, 97, 98, 99, 100, 101, 103]
Min Correction Subset: [19, 33, 86, 102]
Iter 146: 
Min Hitting Set: [5, 9, 13, 17, 21, 77, 78, 79, 81, 82, 83, 84, 85, 86, 87, 88, 89, 90, 91, 94, 96, 97, 98, 99, 100, 101, 103]
Min Correction Subset: [22, 25, 92, 102]
Iter 147: 
Min Hitting Set: [3, 7, 11, 37, 73, 77, 78, 79, 81, 82, 84, 85, 86, 90, 91, 92, 93, 94, 95, 96, 97, 98, 99, 100, 101, 102, 103]
Min Correction Subset: [13, 32, 65, 69, 87]
