IIS generation
Iter 1: 
Min Hitting Set: []
Min Correction Subset: [152]
Iter 2: 
Min Hitting Set: [152]
Min Correction Subset: [46]
Iter 3: 
Min Hitting Set: [46, 152]
Min Correction Subset: [34]
Iter 4: 
Min Hitting Set: [34, 46, 152]
Min Correction Subset: [52]
Iter 5: 
Min Hitting Set: [34, 46, 52, 152]
Min Correction Subset: [2]
Iter 6: 
Min Hitting Set: [2, 34, 46, 52, 152]
Min Correction Subset: [18]
Iter 7: 
Min Hitting Set: [2, 18, 34, 46, 52, 152]
Min Correction Subset: [100]
Iter 8: 
Min Hitting Set: [2, 18, 34, 46, 52, 100, 152]
Min Correction Subset: [17]
Iter 9: 
Min Hitting Set: [2, 17, 18, 34, 46, 52, 100, 152]
Min Correction Subset: [70]
Iter 10: 
Min Hitting Set: [2, 17, 18, 34, 46, 52, 70, 100, 152]
Min Correction Subset: [53]
Iter 11: 
Min Hitting Set: [2, 17, 18, 34, 46, 52, 53, 70, 100, 152]
Min Correction Subset: [11]
Iter 12: 
Min Hitting Set: [2, 11, 17, 18, 34, 46, 52, 53, 70, 100, 152]
Min Correction Subset: [1]
Iter 13: 
Min Hitting Set: [1, 2, 11, 17, 18, 34, 46, 52, 53, 70, 100, 152]
Min Correction Subset: [29]
Iter 14: 
Min Hitting Set: [1, 2, 11, 17, 18, 29, 34, 46, 52, 53, 70, 100, 152]
Min Correction Subset: [4]
Iter 15: 
Min Hitting Set: [1, 2, 4, 11, 17, 18, 29, 34, 46, 52, 53, 70, 100, 152]
Min Correction Subset: [41]
Iter 16: 
Min Hitting Set: [1, 2, 4, 11, 17, 18, 29, 34, 41, 46, 52, 53, 70, 100, 152]
Min Correction Subset: [21]
Iter 17: 
Min Hitting Set: [1, 2, 4, 11, 17, 18, 21, 29, 34, 41, 46, 52, 53, 70, 100, 152]
Min Correction Subset: [151]
Iter 18: 
Min Hitting Set: [1, 2, 4, 11, 17, 18, 21, 29, 34, 41, 46, 52, 53, 70, 100, 151, 152]
Min Correction Subset: [62]
Iter 19: 
Min Hitting Set: [1, 2, 4, 11, 17, 18, 21, 29, 34, 41, 46, 52, 53, 62, 70, 100, 151, 152]
Min Correction Subset: [14]
Iter 20: 
Min Hitting Set: [1, 2, 4, 11, 14, 17, 18, 21, 29, 34, 41, 46, 52, 53, 62, 70, 100, 151, 152]
Min Correction Subset: [87]
Iter 21: 
Min Hitting Set: [1, 2, 4, 11, 14, 17, 18, 21, 29, 34, 41, 46, 52, 53, 62, 70, 87, 100, 151, 152]
Min Correction Subset: [44]
Iter 22: 
Min Hitting Set: [1, 2, 4, 11, 14, 17, 18, 21, 29, 34, 41, 44, 46, 52, 53, 62, 70, 87, 100, 151, 152]
Min Correction Subset: [48]
Iter 23: 
Min Hitting Set: [1, 2, 4, 11, 14, 17, 18, 21, 29, 34, 41, 44, 46, 48, 52, 53, 62, 70, 87, 100, 151, 152]
Min Correction Subset: [61]
Iter 24: 
Min Hitting Set: [1, 2, 4, 11, 14, 17, 18, 21, 29, 34, 41, 44, 46, 48, 52, 53, 61, 62, 70, 87, 100, 151, 152]
Min Correction Subset: [67]
Iter 25: 
Min Hitting Set: [1, 2, 4, 11, 14, 17, 18, 21, 29, 34, 41, 44, 46, 48, 52, 53, 61, 62, 67, 70, 87, 100, 151, 152]
Min Correction Subset: [65]
Iter 26: 
Min Hitting Set: [1, 2, 4, 11, 14, 17, 18, 21, 29, 34, 41, 44, 46, 48, 52, 53, 61, 62, 65, 67, 70, 87, 100, 151, 152]
Min Correction Subset: [5, 12]
Iter 27: 
Min Hitting Set: [1, 2, 4, 5, 11, 14, 17, 18, 21, 29, 34, 41, 44, 46, 48, 52, 53, 61, 62, 65, 67, 70, 87, 100, 151, 152]
Min Correction Subset: [13, 109]
Iter 28: 
Min Hitting Set: [1, 2, 4, 5, 11, 13, 14, 17, 18, 21, 29, 34, 41, 44, 46, 48, 52, 53, 61, 62, 65, 67, 70, 87, 100, 151, 152]
Min Correction Subset: [43, 99]
Iter 29: 
Min Hitting Set: [1, 2, 4, 5, 11, 13, 14, 17, 18, 21, 29, 34, 41, 43, 44, 46, 48, 52, 53, 61, 62, 65, 67, 70, 87, 100, 151, 152]
Min Correction Subset: [31, 90]
Iter 30: 
Min Hitting Set: [1, 2, 4, 5, 11, 13, 14, 17, 18, 21, 29, 31, 34, 41, 43, 44, 46, 48, 52, 53, 61, 62, 65, 67, 70, 87, 100, 151, 152]
Min Correction Subset: [45, 79]
Iter 31: 
Min Hitting Set: [1, 2, 4, 5, 11, 13, 14, 17, 18, 21, 29, 31, 34, 41, 43, 44, 45, 46, 48, 52, 53, 61, 62, 65, 67, 70, 87, 100, 151, 152]
Min Correction Subset: [49, 79]
Iter 32: 
Min Hitting Set: [1, 2, 4, 5, 11, 13, 14, 17, 18, 21, 29, 31, 34, 41, 43, 44, 46, 48, 52, 53, 61, 62, 65, 67, 70, 79, 87, 100, 151, 152]
Min Correction Subset: [16, 76]
Iter 33: 
Min Hitting Set: [1, 2, 4, 5, 11, 13, 14, 16, 17, 18, 21, 29, 31, 34, 41, 43, 44, 46, 48, 52, 53, 61, 62, 65, 67, 70, 79, 87, 100, 151, 152]
Min Correction Subset: [8, 12]
Iter 34: 
Min Hitting Set: [1, 2, 4, 11, 12, 13, 14, 16, 17, 18, 21, 29, 31, 34, 41, 43, 44, 46, 48, 52, 53, 61, 62, 65, 67, 70, 79, 87, 100, 151, 152]
Min Correction Subset: [5, 8]
Iter 35: 
Min Hitting Set: [1, 2, 4, 5, 8, 11, 13, 14, 16, 17, 18, 21, 29, 31, 34, 41, 43, 44, 46, 48, 52, 53, 61, 62, 65, 67, 70, 79, 87, 100, 151, 152]
Min Correction Subset: [12, 90]
Iter 36: 
Min Hitting Set: [1, 2, 4, 5, 8, 11, 13, 14, 16, 17, 18, 21, 29, 34, 41, 43, 44, 46, 48, 52, 53, 61, 62, 65, 67, 70, 79, 87, 90, 100, 151, 152]
Min Correction Subset: [33, 109]
Iter 37: 
Min Hitting Set: [1, 2, 4, 5, 8, 11, 14, 16, 17, 18, 21, 29, 34, 41, 43, 44, 46, 48, 52, 53, 61, 62, 65, 67, 70, 79, 87, 90, 100, 109, 151, 152]
Min Correction Subset: [59, 92]
Iter 38: 
Min Hitting Set: [1, 2, 4, 5, 8, 11, 14, 16, 17, 18, 21, 29, 34, 41, 43, 44, 46, 48, 52, 53, 59, 61, 62, 65, 67, 70, 79, 87, 90, 100, 109, 151, 152]
Min Correction Subset: [13, 78]
Iter 39: 
Min Hitting Set: [1, 2, 4, 5, 8, 11, 13, 14, 16, 17, 18, 21, 29, 34, 41, 43, 44, 46, 48, 52, 53, 59, 61, 62, 65, 67, 70, 79, 87, 90, 100, 109, 151, 152]
Min Correction Subset: [86, 89]
Iter 40: 
Min Hitting Set: [1, 2, 4, 5, 8, 11, 13, 14, 16, 17, 18, 21, 29, 34, 41, 43, 44, 46, 48, 52, 53, 59, 61, 62, 65, 67, 70, 79, 86, 87, 90, 100, 109, 151, 152]
Min Correction Subset: [51, 89]
Iter 41: 
Min Hitting Set: [1, 2, 4, 5, 8, 11, 13, 14, 16, 17, 18, 21, 29, 34, 41, 43, 44, 46, 48, 52, 53, 59, 61, 62, 65, 67, 70, 79, 87, 89, 90, 100, 109, 151, 152]
Min Correction Subset: [12, 39]
Iter 42: 
Min Hitting Set: [1, 2, 4, 5, 11, 12, 13, 14, 16, 17, 18, 21, 29, 34, 41, 43, 44, 46, 48, 52, 53, 59, 61, 62, 65, 67, 70, 79, 87, 89, 90, 100, 109, 151, 152]
Min Correction Subset: [86, 92]
Iter 43: 
Min Hitting Set: [1, 2, 4, 5, 11, 12, 13, 14, 16, 17, 18, 21, 29, 34, 41, 43, 44, 46, 48, 52, 53, 61, 62, 65, 67, 70, 79, 87, 89, 90, 92, 100, 109, 151, 152]
Min Correction Subset: [42, 86]
Iter 44: 
Min Hitting Set: [1, 2, 4, 5, 11, 12, 13, 14, 16, 17, 18, 21, 29, 34, 41, 43, 44, 46, 48, 52, 53, 61, 62, 65, 67, 70, 79, 86, 87, 89, 90, 92, 100, 109, 151, 152]
Min Correction Subset: [19, 72]
Iter 45: 
Min Hitting Set: [1, 2, 4, 5, 11, 12, 13, 14, 16, 17, 18, 19, 21, 29, 34, 41, 43, 44, 46, 48, 52, 53, 61, 62, 65, 67, 70, 79, 86, 87, 89, 90, 92, 100, 109, 151, 152]
Min Correction Subset: [8, 101]
Iter 46: 
Min Hitting Set: [1, 2, 4, 8, 11, 12, 13, 14, 16, 17, 18, 19, 21, 29, 34, 41, 43, 44, 46, 48, 52, 53, 61, 62, 65, 67, 70, 79, 86, 87, 89, 90, 92, 100, 109, 151, 152]
Min Correction Subset: [5, 59]
Iter 47: 
Min Hitting Set: [1, 2, 4, 8, 11, 12, 13, 14, 16, 17, 18, 19, 21, 29, 34, 41, 43, 44, 46, 48, 52, 53, 59, 61, 62, 65, 67, 70, 79, 86, 87, 89, 90, 100, 109, 151, 152]
Min Correction Subset: [5, 7]
Iter 48: 
Min Hitting Set: [1, 2, 4, 5, 8, 11, 12, 13, 14, 16, 17, 18, 19, 21, 29, 34, 41, 43, 44, 46, 48, 52, 53, 59, 61, 62, 65, 67, 70, 79, 86, 87, 89, 90, 100, 109, 151, 152]
Min Correction Subset: [25, 32, 107]
Iter 49: 
Min Hitting Set: [1, 2, 4, 5, 8, 11, 12, 13, 14, 16, 17, 18, 19, 21, 25, 29, 34, 41, 43, 44, 46, 48, 52, 53, 59, 61, 62, 65, 67, 70, 79, 86, 87, 89, 90, 100, 109, 151, 152]
Min Correction Subset: [27, 51, 92]
Iter 50: 
Min Hitting Set: [1, 2, 4, 5, 8, 11, 12, 13, 14, 16, 17, 18, 19, 21, 25, 29, 34, 41, 43, 44, 46, 48, 51, 52, 53, 61, 62, 65, 67, 70, 79, 86, 87, 90, 92, 100, 109, 151, 152]
Min Correction Subset: [59, 89]
Iter 51: 
Min Hitting Set: [1, 2, 4, 5, 8, 11, 12, 13, 14, 16, 17, 18, 19, 21, 25, 29, 34, 41, 43, 44, 46, 48, 51, 52, 53, 59, 61, 62, 65, 67, 70, 79, 86, 87, 90, 100, 109, 151, 152]
Min Correction Subset: [89, 111]
Iter 52: 
Min Hitting Set: [1, 2, 4, 5, 8, 11, 12, 13, 14, 16, 17, 18, 19, 21, 25, 29, 34, 41, 43, 44, 46, 48, 52, 53, 61, 62, 65, 67, 70, 79, 86, 87, 89, 90, 92, 100, 109, 151, 152]
Min Correction Subset: [42, 59]
Iter 53: 
Min Hitting Set: [1, 2, 4, 5, 8, 11, 12, 13, 14, 16, 17, 18, 19, 21, 25, 29, 34, 41, 42, 43, 44, 46, 48, 52, 53, 61, 62, 65, 67, 70, 79, 87, 89, 90, 92, 100, 109, 151, 152]
Min Correction Subset: [59, 117]
Iter 54: 
Min Hitting Set: [1, 2, 4, 5, 8, 11, 12, 13, 14, 16, 17, 18, 19, 21, 25, 29, 34, 41, 43, 44, 46, 48, 52, 53, 59, 61, 62, 65, 67, 70, 79, 86, 87, 89, 90, 92, 100, 109, 151, 152]
Min Correction Subset: [0, 33, 99]
Iter 55: 
Min Hitting Set: [1, 2, 4, 5, 8, 11, 12, 13, 14, 16, 17, 18, 19, 21, 25, 29, 33, 34, 41, 44, 46, 48, 52, 53, 59, 61, 62, 65, 67, 70, 79, 86, 87, 89, 90, 92, 99, 100, 151, 152]
Min Correction Subset: [0, 43]
Iter 56: 
Min Hitting Set: [1, 2, 4, 5, 8, 11, 12, 13, 14, 16, 17, 18, 19, 21, 25, 29, 33, 34, 41, 43, 44, 46, 48, 52, 53, 59, 61, 62, 65, 67, 70, 79, 86, 87, 89, 90, 92, 100, 151, 152]
Min Correction Subset: [49, 109]
Iter 57: 
Min Hitting Set: [0, 1, 2, 4, 5, 8, 11, 12, 13, 14, 16, 17, 18, 19, 21, 25, 29, 34, 41, 43, 44, 46, 48, 52, 53, 59, 61, 62, 65, 67, 70, 79, 86, 87, 89, 90, 92, 100, 109, 151, 152]
Min Correction Subset: [35, 54, 101]
Iter 58: 
Min Hitting Set: [0, 1, 2, 4, 5, 11, 12, 13, 14, 16, 17, 18, 19, 21, 25, 29, 34, 41, 43, 44, 46, 48, 52, 53, 59, 61, 62, 65, 67, 70, 79, 86, 87, 89, 90, 92, 100, 101, 109, 151, 152]
Min Correction Subset: [27, 51, 104]
Iter 59: 
Min Hitting Set: [0, 1, 2, 4, 5, 11, 12, 13, 14, 16, 17, 18, 19, 21, 25, 29, 34, 41, 43, 44, 46, 48, 51, 52, 53, 59, 61, 62, 65, 67, 70, 79, 86, 87, 89, 90, 100, 101, 109, 151, 152]
Min Correction Subset: [8, 35, 42]
Iter 60: 
Min Hitting Set: [0, 1, 2, 4, 5, 11, 12, 13, 14, 16, 17, 18, 19, 21, 25, 29, 34, 35, 41, 43, 44, 46, 48, 51, 52, 53, 59, 61, 62, 65, 67, 70, 79, 86, 87, 89, 90, 100, 101, 109, 151, 152]
Min Correction Subset: [33, 49, 105]
Iter 61: 
Min Hitting Set: [1, 2, 4, 5, 11, 12, 13, 14, 16, 17, 18, 19, 21, 25, 29, 33, 34, 35, 41, 43, 44, 46, 48, 49, 51, 52, 53, 59, 61, 62, 65, 67, 70, 79, 86, 87, 89, 90, 100, 101, 151, 152]
Min Correction Subset: [8, 39, 42]
Iter 62: 
Min Hitting Set: [1, 2, 4, 5, 8, 11, 12, 13, 14, 16, 17, 18, 19, 21, 25, 29, 33, 34, 41, 43, 44, 46, 48, 49, 51, 52, 53, 59, 61, 62, 65, 67, 70, 79, 86, 87, 89, 90, 100, 101, 151, 152]
Min Correction Subset: [26, 27, 92]
Iter 63: 
Min Hitting Set: [1, 2, 4, 5, 8, 11, 12, 13, 14, 16, 17, 18, 19, 21, 25, 27, 29, 33, 34, 41, 43, 44, 46, 48, 49, 52, 53, 59, 61, 62, 65, 67, 70, 79, 86, 87, 89, 90, 100, 101, 151, 152]
Min Correction Subset: [31, 51, 56]
Iter 64: 
Min Hitting Set: [1, 2, 4, 5, 11, 12, 13, 14, 16, 17, 18, 19, 21, 25, 27, 29, 31, 33, 34, 41, 42, 43, 44, 46, 48, 49, 52, 53, 59, 61, 62, 65, 67, 70, 79, 86, 87, 89, 100, 101, 151, 152]
Min Correction Subset: [8, 90]
Iter 65: 
Min Hitting Set: [1, 2, 4, 5, 8, 11, 12, 13, 14, 16, 17, 18, 19, 21, 25, 27, 29, 31, 33, 34, 41, 43, 44, 46, 48, 49, 52, 53, 59, 61, 62, 65, 67, 70, 79, 86, 87, 89, 100, 101, 151, 152]
Min Correction Subset: [51, 90]
Iter 66: 
Min Hitting Set: [1, 2, 4, 5, 11, 12, 13, 14, 16, 17, 18, 19, 21, 25, 29, 33, 34, 41, 42, 43, 44, 46, 48, 49, 51, 52, 53, 59, 61, 62, 65, 67, 70, 79, 87, 89, 90, 92, 100, 101, 151, 152]
Min Correction Subset: [86, 117]
Iter 67: 
Min Hitting Set: [1, 2, 4, 5, 11, 12, 13, 14, 16, 17, 18, 19, 21, 25, 29, 33, 34, 41, 42, 43, 44, 46, 48, 49, 51, 52, 53, 61, 62, 65, 67, 70, 79, 87, 89, 90, 92, 100, 101, 117, 151, 152]
Min Correction Subset: [45, 59]
Iter 68: 
Min Hitting Set: [1, 2, 4, 5, 11, 12, 13, 14, 16, 17, 18, 19, 21, 25, 29, 33, 34, 41, 42, 43, 44, 45, 46, 48, 49, 51, 52, 53, 61, 62, 65, 67, 70, 87, 89, 90, 92, 100, 101, 117, 151, 152]
Min Correction Subset: [39, 60, 86]
Iter 69: 
Min Hitting Set: [1, 2, 4, 5, 11, 12, 13, 14, 16, 17, 18, 19, 21, 25, 29, 33, 34, 41, 42, 43, 44, 46, 48, 49, 51, 52, 53, 59, 61, 62, 65, 67, 70, 79, 86, 87, 89, 90, 92, 100, 101, 151, 152]
Min Correction Subset: [8, 39, 45]
Iter 70: 
Min Hitting Set: [1, 2, 4, 5, 11, 12, 13, 14, 16, 17, 18, 19, 21, 25, 29, 33, 34, 41, 42, 43, 44, 45, 46, 48, 49, 51, 52, 53, 61, 62, 65, 67, 70, 86, 87, 89, 90, 92, 100, 101, 117, 151, 152]
Min Correction Subset: [0, 8, 99]
Iter 71: 
Min Hitting Set: [1, 2, 4, 5, 8, 11, 12, 13, 14, 16, 17, 18, 19, 21, 25, 29, 33, 34, 41, 43, 44, 46, 48, 51, 52, 53, 59, 61, 62, 65, 67, 70, 79, 86, 87, 89, 90, 92, 100, 101, 109, 151, 152]
Min Correction Subset: [35, 49, 105]
Iter 72: 
Min Hitting Set: [1, 2, 4, 5, 8, 11, 12, 13, 14, 16, 17, 18, 19, 21, 25, 29, 33, 34, 35, 41, 43, 44, 46, 48, 49, 51, 52, 53, 59, 61, 62, 65, 67, 70, 79, 86, 87, 89, 90, 92, 100, 151, 152]
Min Correction Subset: [0, 6, 101]
Iter 73: 
Min Hitting Set: [1, 2, 4, 5, 8, 11, 13, 14, 16, 17, 18, 19, 21, 25, 29, 33, 34, 39, 41, 43, 44, 45, 46, 48, 49, 51, 52, 53, 59, 61, 62, 65, 67, 70, 86, 87, 89, 90, 92, 100, 101, 151, 152]
Min Correction Subset: [12, 35]
Iter 74: 
Min Hitting Set: [1, 2, 4, 5, 8, 11, 12, 13, 14, 16, 17, 18, 19, 21, 25, 29, 33, 34, 41, 43, 44, 45, 46, 48, 49, 51, 52, 53, 59, 61, 62, 65, 67, 70, 86, 87, 89, 90, 92, 100, 101, 151, 152]
Min Correction Subset: [36, 42, 79]
Iter 75: 
Min Hitting Set: [1, 2, 4, 5, 8, 11, 12, 13, 14, 16, 17, 18, 19, 21, 25, 29, 33, 34, 41, 43, 44, 46, 48, 49, 51, 52, 53, 59, 61, 62, 65, 67, 70, 79, 86, 87, 89, 90, 92, 100, 101, 151, 152]
Min Correction Subset: [26, 27, 117]
Iter 76: 
Min Hitting Set: [1, 2, 4, 5, 8, 11, 12, 13, 14, 16, 17, 18, 19, 21, 25, 27, 29, 33, 34, 41, 43, 44, 46, 48, 49, 51, 52, 53, 59, 61, 62, 65, 67, 70, 79, 86, 87, 89, 90, 100, 101, 151, 152]
Min Correction Subset: [26, 92, 111]
Iter 77: 
Min Hitting Set: [1, 2, 4, 5, 8, 11, 12, 13, 14, 16, 17, 18, 19, 21, 25, 27, 29, 33, 34, 41, 43, 44, 46, 48, 49, 51, 52, 53, 59, 61, 62, 65, 67, 70, 79, 86, 87, 90, 100, 101, 111, 151, 152]
Min Correction Subset: [7, 39, 89]
Iter 78: 
Min Hitting Set: [1, 2, 4, 5, 8, 11, 12, 13, 14, 16, 17, 18, 19, 21, 25, 26, 29, 33, 34, 41, 43, 44, 46, 48, 49, 51, 52, 53, 59, 61, 62, 65, 67, 70, 79, 86, 87, 89, 90, 100, 101, 151, 152]
Min Correction Subset: [27, 39, 45]
Iter 79: 
Min Hitting Set: [1, 2, 4, 7, 8, 11, 12, 13, 14, 16, 17, 18, 19, 21, 25, 27, 29, 33, 34, 41, 43, 44, 46, 48, 49, 51, 52, 53, 59, 61, 62, 65, 67, 70, 79, 86, 87, 90, 100, 101, 111, 151, 152]
Min Correction Subset: [5, 39]
Iter 80: 
Min Hitting Set: [1, 2, 4, 5, 11, 12, 13, 14, 16, 17, 18, 19, 21, 25, 29, 33, 34, 41, 42, 43, 44, 45, 46, 48, 49, 51, 52, 53, 61, 62, 65, 67, 70, 86, 87, 89, 90, 92, 99, 100, 101, 117, 151, 152]
Min Correction Subset: [23, 59, 64]
Iter 81: 
Min Hitting Set: [1, 2, 4, 5, 8, 11, 12, 13, 14, 16, 17, 18, 19, 21, 25, 26, 27, 29, 33, 34, 41, 43, 44, 46, 48, 49, 51, 52, 53, 59, 61, 62, 65, 67, 70, 79, 86, 87, 89, 90, 100, 101, 151, 152]
Min Correction Subset: [7, 39, 42, 111]
Iter 82: 
Min Hitting Set: [1, 2, 4, 5, 8, 11, 12, 13, 14, 16, 17, 18, 19, 21, 25, 27, 29, 33, 34, 41, 43, 44, 46, 48, 49, 51, 52, 53, 59, 61, 62, 65, 67, 70, 79, 86, 87, 89, 90, 100, 101, 111, 151, 152]
Min Correction Subset: [7, 26, 39, 42]
Iter 83: 
Min Hitting Set: [1, 2, 4, 5, 11, 12, 13, 14, 16, 17, 18, 19, 21, 25, 26, 29, 33, 34, 41, 42, 43, 44, 45, 46, 48, 49, 51, 52, 53, 59, 61, 62, 65, 67, 70, 86, 87, 89, 90, 99, 100, 101, 151, 152]
Min Correction Subset: [7, 8, 92]
Iter 84: 
Min Hitting Set: [0, 1, 2, 4, 5, 8, 11, 13, 14, 16, 17, 18, 19, 21, 25, 27, 29, 33, 34, 35, 39, 41, 43, 44, 46, 48, 49, 51, 52, 53, 59, 61, 62, 65, 67, 70, 79, 86, 87, 90, 100, 111, 151, 152]
Min Correction Subset: [12, 89]
Iter 85: 
Min Hitting Set: [1, 2, 4, 5, 8, 11, 12, 13, 14, 16, 17, 18, 19, 21, 25, 26, 29, 33, 34, 39, 41, 43, 44, 46, 48, 49, 51, 52, 53, 59, 61, 62, 65, 67, 70, 79, 86, 87, 90, 100, 101, 111, 151, 152]
Min Correction Subset: [27, 31, 89]
Iter 86: 
Min Hitting Set: [1, 2, 4, 5, 8, 11, 12, 13, 14, 16, 17, 18, 19, 21, 25, 26, 29, 33, 34, 39, 41, 43, 44, 46, 48, 49, 51, 52, 53, 59, 61, 62, 65, 67, 70, 79, 86, 87, 89, 90, 100, 101, 151, 152]
Min Correction Subset: [7, 27, 35, 42]
Iter 87: 
Min Hitting Set: [1, 2, 4, 5, 8, 11, 13, 14, 16, 17, 18, 19, 21, 25, 26, 29, 33, 34, 35, 39, 41, 43, 44, 46, 48, 49, 51, 52, 53, 59, 61, 62, 65, 67, 70, 79, 86, 87, 89, 90, 100, 101, 151, 152]
Min Correction Subset: [0, 12, 99]
Iter 88: 
Min Hitting Set: [1, 2, 4, 5, 8, 11, 12, 13, 14, 16, 17, 18, 19, 21, 25, 27, 29, 33, 34, 39, 41, 43, 44, 46, 48, 49, 51, 52, 53, 59, 61, 62, 65, 67, 70, 79, 86, 87, 90, 100, 101, 111, 151, 152]
Min Correction Subset: [7, 35, 36, 89]
Iter 89: 
Min Hitting Set: [1, 2, 4, 5, 8, 11, 12, 13, 14, 16, 17, 18, 19, 21, 25, 26, 29, 33, 34, 41, 42, 43, 44, 45, 46, 48, 49, 51, 52, 53, 59, 61, 62, 65, 67, 70, 86, 87, 89, 90, 100, 101, 151, 152]
Min Correction Subset: [27, 39, 56, 92]
Iter 90: 
Min Hitting Set: [1, 2, 4, 7, 8, 11, 12, 13, 14, 16, 17, 18, 19, 21, 25, 27, 29, 33, 34, 39, 41, 43, 44, 46, 48, 49, 51, 52, 53, 59, 61, 62, 65, 67, 70, 79, 86, 87, 90, 100, 101, 111, 151, 152]
Min Correction Subset: [5, 35, 38]
Iter 91: 
Min Hitting Set: [0, 1, 2, 4, 5, 8, 11, 13, 14, 16, 17, 18, 19, 21, 25, 26, 29, 33, 34, 35, 39, 41, 44, 46, 48, 49, 51, 52, 53, 59, 61, 62, 65, 67, 70, 79, 86, 87, 89, 90, 99, 100, 151, 152]
Min Correction Subset: [12, 54, 101]
Iter 92: 
Min Hitting Set: [1, 2, 4, 5, 7, 8, 11, 12, 13, 14, 16, 17, 18, 19, 21, 25, 27, 29, 33, 34, 41, 43, 44, 46, 48, 49, 51, 52, 53, 59, 61, 62, 65, 67, 70, 79, 86, 87, 90, 100, 101, 111, 151, 152]
Min Correction Subset: [39, 42, 89]
Iter 93: 
Min Hitting Set: [1, 2, 4, 5, 8, 11, 12, 13, 14, 16, 17, 18, 19, 21, 25, 26, 27, 29, 33, 34, 39, 41, 43, 44, 46, 48, 49, 52, 53, 56, 59, 61, 62, 65, 67, 70, 79, 86, 87, 89, 90, 100, 101, 151, 152]
Min Correction Subset: [6, 31, 51, 64]
Iter 94: 
Min Hitting Set: [1, 2, 4, 5, 8, 11, 12, 13, 14, 16, 17, 18, 19, 21, 25, 26, 27, 29, 33, 34, 39, 41, 43, 44, 46, 48, 49, 51, 52, 53, 59, 61, 62, 65, 67, 70, 79, 86, 87, 89, 90, 100, 101, 151, 152]
Min Correction Subset: [7, 35, 42, 111]
Iter 95: 
Min Hitting Set: [1, 2, 4, 5, 8, 11, 12, 13, 14, 16, 17, 18, 19, 21, 25, 26, 27, 29, 33, 34, 41, 42, 43, 44, 46, 48, 49, 51, 52, 53, 59, 61, 62, 65, 67, 70, 79, 86, 87, 89, 90, 100, 101, 151, 152]
Min Correction Subset: [7, 39, 45, 111]
Iter 96: 
Min Hitting Set: [1, 2, 4, 5, 8, 11, 12, 13, 14, 16, 17, 18, 19, 21, 25, 27, 29, 33, 34, 41, 42, 43, 44, 45, 46, 48, 49, 51, 52, 53, 59, 61, 62, 65, 67, 70, 86, 87, 89, 90, 92, 100, 101, 151, 152]
Min Correction Subset: [6, 26, 111, 117]
Iter 97: 
Min Hitting Set: [1, 2, 4, 5, 8, 11, 12, 13, 14, 16, 17, 18, 19, 21, 25, 26, 27, 29, 31, 33, 34, 41, 43, 44, 46, 48, 49, 52, 53, 59, 61, 62, 65, 67, 70, 79, 86, 87, 89, 90, 100, 101, 111, 151, 152]
Min Correction Subset: [6, 51, 56, 92]
Iter 98: 
Min Hitting Set: [1, 2, 4, 5, 7, 8, 11, 12, 13, 14, 16, 17, 18, 19, 21, 25, 26, 27, 29, 33, 34, 41, 43, 44, 46, 48, 49, 51, 52, 53, 59, 61, 62, 65, 67, 70, 79, 86, 87, 89, 90, 100, 101, 151, 152]
Min Correction Subset: [0, 35, 38, 42, 99, 111]
Iter 99: 
Min Hitting Set: [1, 2, 4, 5, 8, 11, 12, 13, 14, 16, 17, 18, 19, 21, 25, 26, 29, 33, 34, 39, 41, 42, 43, 44, 46, 48, 49, 51, 52, 53, 59, 61, 62, 65, 67, 70, 79, 86, 87, 89, 90, 100, 101, 151, 152]
Min Correction Subset: [27, 35, 36, 45]
