IIS generation
Iter 1: 
Min Hitting Set: []
Min Correction Subset: [147]
Iter 2: 
Min Hitting Set: [147]
Min Correction Subset: [66]
Iter 3: 
Min Hitting Set: [66, 147]
Min Correction Subset: [14]
Iter 4: 
Min Hitting Set: [14, 66, 147]
Min Correction Subset: [146]
Iter 5: 
Min Hitting Set: [14, 66, 146, 147]
Min Correction Subset: [4]
Iter 6: 
Min Hitting Set: [4, 14, 66, 146, 147]
Min Correction Subset: [32]
Iter 7: 
Min Hitting Set: [4, 14, 32, 66, 146, 147]
Min Correction Subset: [59]
Iter 8: 
Min Hitting Set: [4, 14, 32, 59, 66, 146, 147]
Min Correction Subset: [12]
Iter 9: 
Min Hitting Set: [4, 12, 14, 32, 59, 66, 146, 147]
Min Correction Subset: [50]
Iter 10: 
Min Hitting Set: [4, 12, 14, 32, 50, 59, 66, 146, 147]
Min Correction Subset: [0, 65]
Iter 11: 
Min Hitting Set: [0, 4, 12, 14, 32, 50, 59, 66, 146, 147]
Min Correction Subset: [1, 13]
Iter 12: 
Min Hitting Set: [0, 1, 4, 12, 14, 32, 50, 59, 66, 146, 147]
Min Correction Subset: [29, 85]
Iter 13: 
Min Hitting Set: [0, 1, 4, 12, 14, 29, 32, 50, 59, 66, 146, 147]
Min Correction Subset: [54, 76]
Iter 14: 
Min Hitting Set: [0, 1, 4, 12, 14, 29, 32, 50, 54, 59, 66, 146, 147]
Min Correction Subset: [8, 19]
Iter 15: 
Min Hitting Set: [0, 1, 4, 8, 12, 14, 29, 32, 50, 54, 59, 66, 146, 147]
Min Correction Subset: [16, 19]
Iter 16: 
Min Hitting Set: [0, 1, 4, 12, 14, 19, 29, 32, 50, 54, 59, 66, 146, 147]
Min Correction Subset: [2, 71]
Iter 17: 
Min Hitting Set: [0, 1, 2, 4, 12, 14, 19, 29, 32, 50, 54, 59, 66, 146, 147]
Min Correction Subset: [6, 43]
Iter 18: 
Min Hitting Set: [0, 1, 2, 4, 6, 12, 14, 19, 29, 32, 50, 54, 59, 66, 146, 147]
Min Correction Subset: [37, 95]
Iter 19: 
Min Hitting Set: [0, 1, 2, 4, 6, 12, 14, 19, 29, 32, 37, 50, 54, 59, 66, 146, 147]
Min Correction Subset: [20, 95]
Iter 20: 
Min Hitting Set: [0, 1, 2, 4, 6, 12, 14, 19, 29, 32, 50, 54, 59, 66, 95, 146, 147]
Min Correction Subset: [23, 80]
Iter 21: 
Min Hitting Set: [0, 1, 2, 4, 6, 12, 14, 19, 23, 29, 32, 50, 54, 59, 66, 95, 146, 147]
Min Correction Subset: [16, 18]
Iter 22: 
Min Hitting Set: [0, 1, 2, 4, 6, 12, 14, 16, 19, 23, 29, 32, 50, 54, 59, 66, 95, 146, 147]
Min Correction Subset: [11, 40]
Iter 23: 
Min Hitting Set: [0, 1, 2, 4, 6, 11, 12, 14, 16, 19, 23, 29, 32, 50, 54, 59, 66, 95, 146, 147]
Min Correction Subset: [37, 41]
Iter 24: 
Min Hitting Set: [0, 1, 2, 4, 6, 11, 12, 14, 16, 19, 23, 29, 32, 37, 50, 54, 59, 66, 95, 146, 147]
Min Correction Subset: [43, 72]
Iter 25: 
Min Hitting Set: [0, 1, 2, 4, 11, 12, 14, 16, 19, 23, 29, 32, 37, 43, 50, 54, 59, 66, 95, 146, 147]
Min Correction Subset: [6, 68]
Iter 26: 
Min Hitting Set: [0, 1, 2, 4, 6, 11, 12, 14, 16, 19, 23, 29, 32, 37, 43, 50, 54, 59, 66, 95, 146, 147]
Min Correction Subset: [20, 41]
Iter 27: 
Min Hitting Set: [0, 1, 2, 4, 6, 11, 12, 14, 16, 19, 23, 29, 32, 41, 43, 50, 54, 59, 66, 95, 146, 147]
Min Correction Subset: [20, 22, 72]
Iter 28: 
Min Hitting Set: [0, 1, 2, 4, 6, 11, 12, 14, 16, 19, 23, 29, 32, 41, 50, 54, 59, 66, 72, 95, 146, 147]
Min Correction Subset: [57, 68, 110]
Iter 29: 
Min Hitting Set: [0, 1, 2, 4, 11, 12, 14, 16, 19, 20, 23, 29, 32, 37, 43, 50, 54, 59, 66, 68, 146, 147]
Min Correction Subset: [13, 95]
Iter 30: 
Min Hitting Set: [0, 2, 4, 11, 12, 13, 14, 16, 19, 20, 23, 29, 32, 37, 43, 50, 54, 59, 66, 68, 146, 147]
Min Correction Subset: [1, 95]
Iter 31: 
Min Hitting Set: [0, 1, 2, 4, 11, 12, 13, 14, 16, 19, 20, 23, 29, 32, 37, 43, 50, 54, 59, 66, 68, 146, 147]
Min Correction Subset: [8, 95]
Iter 32: 
Min Hitting Set: [0, 1, 2, 4, 8, 11, 12, 13, 14, 16, 20, 23, 29, 32, 37, 43, 50, 54, 59, 66, 68, 146, 147]
Min Correction Subset: [41, 95]
Iter 33: 
Min Hitting Set: [0, 1, 2, 4, 8, 11, 12, 14, 16, 20, 23, 29, 32, 37, 43, 50, 54, 59, 66, 68, 95, 146, 147]
Min Correction Subset: [6, 81]
Iter 34: 
Min Hitting Set: [0, 1, 2, 4, 6, 8, 11, 12, 14, 16, 23, 29, 32, 41, 50, 54, 59, 66, 68, 72, 95, 146, 147]
Min Correction Subset: [13, 56, 81]
Iter 35: 
Min Hitting Set: [0, 2, 4, 6, 8, 11, 12, 13, 14, 16, 23, 29, 32, 41, 50, 54, 59, 66, 68, 72, 95, 146, 147]
Min Correction Subset: [1, 20]
Iter 36: 
Min Hitting Set: [0, 2, 4, 8, 11, 12, 13, 14, 16, 20, 23, 29, 32, 41, 43, 50, 54, 59, 66, 68, 81, 95, 146, 147]
Min Correction Subset: [1, 76]
Iter 37: 
Min Hitting Set: [0, 2, 4, 8, 11, 12, 13, 14, 16, 20, 23, 29, 32, 41, 43, 50, 59, 66, 68, 76, 81, 95, 146, 147]
Min Correction Subset: [1, 62]
Iter 38: 
Min Hitting Set: [0, 1, 2, 4, 8, 11, 12, 14, 16, 20, 23, 29, 32, 41, 43, 50, 59, 66, 68, 76, 81, 95, 146, 147]
Min Correction Subset: [6, 13, 22]
Iter 39: 
Min Hitting Set: [0, 1, 2, 4, 6, 8, 11, 12, 13, 14, 16, 23, 29, 32, 41, 50, 59, 66, 68, 72, 76, 95, 146, 147]
Min Correction Subset: [9, 54, 110]
Iter 40: 
Min Hitting Set: [0, 1, 2, 4, 6, 8, 11, 12, 13, 14, 16, 23, 29, 32, 41, 50, 54, 59, 66, 68, 72, 95, 146, 147]
Min Correction Subset: [39, 76, 81]
Iter 41: 
Min Hitting Set: [0, 1, 2, 4, 6, 8, 11, 12, 14, 16, 23, 29, 32, 41, 50, 59, 66, 72, 76, 81, 95, 110, 146, 147]
Min Correction Subset: [13, 20, 56]
Iter 42: 
Min Hitting Set: [0, 1, 2, 4, 6, 8, 11, 12, 13, 14, 16, 23, 29, 32, 41, 50, 59, 66, 72, 76, 95, 110, 146, 147]
Min Correction Subset: [3, 37, 90]
Iter 43: 
Min Hitting Set: [0, 1, 2, 4, 6, 8, 11, 12, 14, 16, 20, 23, 29, 32, 37, 43, 50, 59, 66, 76, 81, 95, 110, 146, 147]
Min Correction Subset: [41, 85]
Iter 44: 
Min Hitting Set: [0, 1, 2, 4, 6, 8, 11, 12, 14, 16, 20, 23, 32, 37, 43, 50, 59, 66, 76, 81, 85, 95, 110, 146, 147]
Min Correction Subset: [29, 41]
Iter 45: 
Min Hitting Set: [0, 1, 2, 4, 6, 8, 11, 12, 13, 14, 16, 20, 23, 29, 32, 37, 41, 43, 50, 59, 66, 76, 110, 146, 147]
Min Correction Subset: [74, 95]
Iter 46: 
Min Hitting Set: [0, 1, 2, 4, 6, 8, 11, 12, 13, 14, 16, 23, 29, 32, 37, 41, 50, 59, 66, 72, 76, 95, 110, 146, 147]
Min Correction Subset: [68, 69, 115]
Iter 47: 
Min Hitting Set: [0, 1, 2, 4, 8, 11, 12, 14, 16, 20, 22, 23, 29, 32, 37, 41, 43, 50, 54, 59, 66, 68, 81, 95, 146, 147]
Min Correction Subset: [3, 6, 13]
Iter 48: 
Min Hitting Set: [0, 1, 2, 3, 4, 8, 11, 12, 14, 16, 20, 22, 23, 29, 32, 41, 43, 50, 54, 59, 66, 68, 81, 95, 146, 147]
Min Correction Subset: [37, 62, 85]
Iter 49: 
Min Hitting Set: [0, 1, 2, 4, 8, 11, 12, 13, 14, 16, 23, 29, 32, 37, 41, 43, 50, 54, 59, 66, 68, 72, 81, 95, 146, 147]
Min Correction Subset: [22, 71, 76]
Iter 50: 
Min Hitting Set: [0, 1, 4, 8, 11, 12, 13, 14, 16, 23, 29, 32, 37, 41, 43, 50, 54, 59, 66, 68, 71, 72, 81, 95, 146, 147]
Min Correction Subset: [2, 36]
Iter 51: 
Min Hitting Set: [0, 1, 2, 3, 4, 8, 11, 12, 14, 16, 20, 22, 23, 32, 41, 43, 50, 54, 59, 66, 68, 81, 85, 95, 146, 147]
Min Correction Subset: [13, 29, 38]
Iter 52: 
Min Hitting Set: [0, 1, 2, 4, 8, 11, 12, 13, 14, 16, 22, 23, 32, 37, 41, 43, 50, 54, 59, 66, 68, 81, 85, 95, 146, 147]
Min Correction Subset: [36, 57, 76]
Iter 53: 
Min Hitting Set: [0, 1, 2, 4, 6, 8, 11, 12, 13, 14, 16, 23, 29, 32, 37, 41, 50, 54, 59, 66, 68, 72, 76, 95, 146, 147]
Min Correction Subset: [3, 20, 90]
Iter 54: 
Min Hitting Set: [0, 1, 2, 3, 4, 6, 8, 11, 12, 13, 14, 16, 23, 32, 41, 50, 54, 59, 66, 68, 72, 76, 85, 95, 146, 147]
Min Correction Subset: [29, 71, 80]
Iter 55: 
Min Hitting Set: [0, 1, 2, 3, 4, 6, 8, 11, 12, 13, 14, 16, 32, 41, 50, 54, 59, 66, 68, 72, 76, 80, 85, 95, 146, 147]
Min Correction Subset: [18, 39, 110]
Iter 56: 
Min Hitting Set: [0, 1, 2, 3, 4, 6, 11, 12, 13, 14, 18, 19, 32, 41, 50, 54, 59, 66, 68, 72, 76, 80, 85, 95, 146, 147]
Min Correction Subset: [16, 29]
Iter 57: 
Min Hitting Set: [0, 1, 2, 3, 4, 6, 11, 12, 13, 14, 16, 19, 32, 41, 50, 59, 66, 68, 72, 76, 80, 85, 95, 110, 146, 147]
Min Correction Subset: [8, 20, 29]
Iter 58: 
Min Hitting Set: [0, 1, 2, 3, 4, 6, 8, 11, 12, 13, 14, 16, 32, 41, 50, 59, 66, 68, 72, 76, 80, 85, 95, 110, 146, 147]
Min Correction Subset: [28, 29, 91]
Iter 59: 
Min Hitting Set: [0, 1, 2, 4, 11, 12, 13, 14, 18, 19, 20, 23, 29, 32, 37, 43, 50, 54, 59, 66, 68, 76, 81, 85, 95, 146, 147]
Min Correction Subset: [16, 80]
Iter 60: 
Min Hitting Set: [0, 1, 2, 4, 11, 12, 13, 14, 18, 19, 20, 29, 32, 37, 43, 50, 54, 59, 66, 68, 76, 80, 81, 85, 95, 146, 147]
Min Correction Subset: [16, 39]
Iter 61: 
Min Hitting Set: [0, 1, 2, 4, 11, 12, 13, 14, 16, 19, 20, 29, 32, 37, 43, 50, 59, 66, 68, 76, 80, 81, 85, 95, 110, 146, 147]
Min Correction Subset: [6, 22, 41]
Iter 62: 
Min Hitting Set: [0, 1, 2, 4, 11, 12, 13, 14, 16, 19, 20, 29, 32, 37, 41, 43, 50, 59, 66, 68, 76, 80, 81, 95, 110, 146, 147]
Min Correction Subset: [8, 18, 36]
Iter 63: 
Min Hitting Set: [0, 1, 2, 4, 8, 11, 12, 13, 14, 16, 20, 29, 32, 37, 41, 43, 50, 59, 66, 68, 76, 80, 81, 95, 110, 146, 147]
Min Correction Subset: [6, 22, 36]
Iter 64: 
Min Hitting Set: [0, 1, 2, 4, 6, 8, 11, 12, 13, 14, 16, 20, 29, 32, 37, 43, 50, 59, 66, 68, 76, 80, 85, 95, 110, 146, 147]
Min Correction Subset: [41, 72, 81]
Iter 65: 
Min Hitting Set: [0, 1, 2, 4, 6, 8, 11, 12, 13, 14, 16, 20, 29, 32, 37, 50, 59, 66, 68, 72, 76, 80, 85, 95, 110, 146, 147]
Min Correction Subset: [41, 43]
Iter 66: 
Min Hitting Set: [0, 1, 2, 4, 6, 8, 11, 12, 13, 14, 16, 20, 29, 32, 37, 41, 43, 50, 59, 66, 68, 76, 80, 95, 110, 146, 147]
Min Correction Subset: [3, 62, 90]
Iter 67: 
Min Hitting Set: [0, 1, 2, 3, 4, 6, 8, 11, 12, 13, 14, 16, 29, 32, 41, 50, 59, 62, 66, 68, 72, 76, 80, 95, 110, 146, 147]
Min Correction Subset: [20, 37, 85]
Iter 68: 
Min Hitting Set: [0, 2, 3, 4, 6, 8, 11, 12, 13, 14, 16, 20, 29, 32, 41, 50, 59, 62, 66, 68, 72, 76, 80, 95, 110, 146, 147]
Min Correction Subset: [1, 39]
Iter 69: 
Min Hitting Set: [0, 1, 2, 3, 4, 6, 8, 11, 12, 13, 14, 16, 29, 32, 41, 50, 59, 66, 68, 72, 76, 80, 85, 95, 110, 146, 147]
Min Correction Subset: [20, 56, 62]
Iter 70: 
Min Hitting Set: [0, 1, 2, 3, 4, 6, 8, 11, 12, 14, 16, 29, 32, 41, 50, 56, 59, 66, 68, 72, 76, 80, 85, 95, 110, 146, 147]
Min Correction Subset: [13, 37, 81]
Iter 71: 
Min Hitting Set: [0, 1, 2, 3, 4, 6, 8, 11, 12, 14, 16, 29, 32, 37, 41, 50, 56, 59, 66, 68, 72, 76, 80, 95, 110, 146, 147]
Min Correction Subset: [13, 17, 69]
Iter 72: 
Min Hitting Set: [0, 1, 2, 3, 4, 6, 8, 11, 12, 14, 16, 29, 32, 37, 41, 50, 56, 59, 66, 69, 72, 76, 80, 95, 110, 146, 147]
Min Correction Subset: [68, 85, 115]
Iter 73: 
Min Hitting Set: [0, 1, 2, 3, 4, 6, 8, 11, 12, 13, 14, 16, 20, 29, 32, 37, 41, 50, 59, 66, 68, 72, 76, 80, 95, 110, 146, 147]
Min Correction Subset: [18, 36, 85]
Iter 74: 
Min Hitting Set: [0, 1, 2, 3, 4, 6, 8, 11, 12, 14, 16, 29, 32, 37, 41, 50, 56, 59, 66, 69, 72, 76, 80, 85, 95, 110, 146, 147]
Min Correction Subset: [19, 68, 115]
Iter 75: 
Min Hitting Set: [0, 1, 2, 3, 4, 6, 8, 11, 12, 13, 14, 16, 20, 29, 32, 41, 43, 50, 59, 66, 68, 76, 80, 85, 95, 110, 146, 147]
Min Correction Subset: [37, 72, 81]
Iter 76: 
Min Hitting Set: [0, 1, 2, 3, 4, 6, 8, 11, 12, 13, 14, 16, 20, 29, 32, 41, 50, 59, 66, 68, 72, 76, 80, 85, 95, 110, 146, 147]
Min Correction Subset: [28, 37, 91]
Iter 77: 
Min Hitting Set: [0, 1, 2, 3, 4, 6, 8, 11, 12, 13, 14, 16, 20, 28, 32, 41, 50, 59, 66, 68, 72, 76, 80, 85, 95, 110, 146, 147]
Min Correction Subset: [29, 43, 62]
Iter 78: 
Min Hitting Set: [0, 2, 4, 6, 11, 12, 13, 14, 18, 19, 20, 29, 32, 37, 39, 41, 50, 54, 59, 62, 66, 68, 72, 76, 80, 95, 146, 147]
Min Correction Subset: [1, 16]
Iter 79: 
Min Hitting Set: [0, 1, 2, 3, 4, 6, 8, 11, 12, 13, 14, 16, 28, 32, 41, 50, 59, 62, 66, 68, 72, 76, 80, 85, 95, 110, 146, 147]
Min Correction Subset: [19, 20, 56]
Iter 80: 
Min Hitting Set: [0, 4, 11, 12, 13, 14, 16, 19, 20, 29, 32, 36, 37, 39, 41, 43, 50, 59, 62, 66, 68, 71, 76, 80, 81, 95, 110, 146, 147]
Min Correction Subset: [1, 2]
Iter 81: 
Min Hitting Set: [0, 2, 4, 11, 12, 13, 14, 16, 19, 20, 29, 32, 36, 37, 39, 41, 43, 50, 59, 62, 66, 68, 76, 80, 81, 95, 110, 146, 147]
Min Correction Subset: [1, 54]
Iter 82: 
Min Hitting Set: [0, 2, 4, 11, 12, 13, 14, 16, 19, 20, 29, 32, 36, 37, 39, 41, 43, 50, 54, 59, 62, 66, 68, 76, 80, 81, 95, 146, 147]
Min Correction Subset: [1, 8, 17]
Iter 83: 
Min Hitting Set: [0, 1, 2, 4, 6, 11, 12, 13, 14, 16, 19, 20, 29, 32, 36, 37, 41, 50, 59, 62, 66, 68, 72, 76, 80, 95, 110, 146, 147]
Min Correction Subset: [7, 8, 40]
Iter 84: 
Min Hitting Set: [0, 2, 4, 8, 12, 13, 14, 16, 20, 29, 32, 36, 37, 39, 40, 41, 43, 50, 54, 59, 62, 66, 68, 76, 80, 81, 95, 146, 147]
Min Correction Subset: [11, 19]
Iter 85: 
Min Hitting Set: [0, 1, 2, 3, 4, 6, 8, 11, 12, 13, 14, 16, 28, 32, 41, 50, 56, 59, 62, 66, 68, 72, 76, 80, 85, 95, 110, 146, 147]
Min Correction Subset: [19, 29, 81]
Iter 86: 
Min Hitting Set: [0, 1, 2, 3, 4, 6, 12, 14, 16, 18, 19, 29, 32, 37, 40, 41, 50, 56, 59, 66, 69, 72, 76, 80, 85, 95, 110, 146, 147]
Min Correction Subset: [20, 68, 115]
Iter 87: 
Min Hitting Set: [0, 1, 2, 3, 4, 8, 11, 12, 13, 14, 16, 20, 22, 29, 32, 37, 43, 50, 59, 66, 68, 76, 80, 81, 85, 95, 110, 146, 147]
Min Correction Subset: [36, 41, 83]
Iter 88: 
Min Hitting Set: [0, 1, 2, 3, 4, 6, 8, 11, 12, 13, 14, 16, 20, 28, 32, 41, 43, 50, 59, 66, 68, 76, 80, 81, 85, 95, 110, 146, 147]
Min Correction Subset: [18, 29, 91]
Iter 89: 
Min Hitting Set: [0, 1, 2, 3, 4, 8, 11, 12, 13, 14, 16, 20, 22, 32, 41, 43, 50, 59, 66, 68, 76, 80, 81, 85, 91, 95, 110, 146, 147]
Min Correction Subset: [6, 15, 36]
Iter 90: 
Min Hitting Set: [0, 1, 2, 3, 4, 6, 8, 11, 12, 13, 14, 16, 18, 20, 29, 32, 37, 41, 50, 59, 66, 68, 72, 76, 80, 95, 110, 146, 147]
Min Correction Subset: [19, 85, 115]
Iter 91: 
Min Hitting Set: [0, 1, 2, 3, 4, 6, 8, 11, 12, 13, 14, 16, 20, 32, 41, 43, 50, 59, 66, 68, 76, 80, 81, 85, 91, 95, 110, 146, 147]
Min Correction Subset: [29, 71, 90]
Iter 92: 
Min Hitting Set: [0, 1, 2, 4, 6, 12, 13, 14, 16, 18, 19, 29, 32, 37, 40, 41, 50, 56, 59, 66, 68, 72, 76, 80, 90, 95, 110, 146, 147]
Min Correction Subset: [8, 81, 85]
Iter 93: 
Min Hitting Set: [0, 1, 2, 4, 6, 8, 11, 12, 13, 14, 16, 20, 32, 41, 43, 50, 59, 66, 68, 76, 80, 81, 85, 90, 91, 95, 110, 146, 147]
Min Correction Subset: [29, 36, 83]
Iter 94: 
Min Hitting Set: [0, 1, 3, 4, 12, 13, 14, 16, 19, 20, 32, 36, 40, 41, 43, 50, 54, 59, 66, 68, 71, 80, 81, 85, 91, 95, 110, 146, 147]
Min Correction Subset: [2, 29]
Iter 95: 
Min Hitting Set: [0, 1, 3, 4, 6, 12, 14, 16, 19, 20, 29, 32, 36, 37, 40, 43, 50, 54, 59, 66, 69, 71, 80, 81, 85, 95, 110, 146, 147]
Min Correction Subset: [2, 8]
Iter 96: 
Min Hitting Set: [0, 1, 2, 4, 6, 12, 14, 16, 19, 20, 29, 32, 36, 37, 40, 43, 50, 59, 62, 66, 69, 76, 80, 81, 85, 95, 110, 146, 147]
Min Correction Subset: [8, 13, 18]
Iter 97: 
Min Hitting Set: [0, 2, 4, 6, 8, 11, 12, 13, 14, 16, 20, 29, 32, 37, 39, 41, 50, 54, 59, 62, 66, 68, 72, 76, 80, 85, 95, 146, 147]
Min Correction Subset: [1, 81]
Iter 98: 
Min Hitting Set: [0, 1, 2, 4, 12, 13, 14, 16, 19, 20, 32, 36, 40, 41, 43, 50, 59, 66, 68, 76, 80, 81, 85, 90, 91, 95, 110, 146, 147]
Min Correction Subset: [6, 22, 71]
Iter 99: 
Min Hitting Set: [0, 1, 4, 6, 8, 11, 12, 13, 14, 16, 20, 29, 32, 36, 37, 41, 43, 50, 59, 62, 66, 71, 76, 80, 95, 110, 115, 146, 147]
Min Correction Subset: [2, 23]
Iter 100: 
Min Hitting Set: [0, 1, 3, 4, 6, 8, 11, 12, 13, 14, 16, 20, 23, 29, 32, 36, 37, 41, 50, 59, 66, 71, 72, 76, 95, 110, 115, 146, 147]
Min Correction Subset: [2, 28]
Iter 101: 
Min Hitting Set: [0, 1, 2, 4, 6, 8, 11, 12, 13, 14, 16, 20, 23, 29, 32, 36, 37, 41, 43, 50, 59, 62, 66, 76, 95, 110, 115, 146, 147]
Min Correction Subset: [68, 72, 85]
Iter 102: 
Min Hitting Set: [0, 1, 2, 4, 6, 8, 11, 12, 14, 16, 18, 23, 29, 32, 37, 41, 50, 56, 59, 66, 69, 72, 76, 90, 95, 110, 115, 146, 147]
Min Correction Subset: [19, 68, 85]
Iter 103: 
Min Hitting Set: [0, 1, 2, 3, 4, 6, 8, 11, 12, 13, 14, 16, 23, 29, 32, 37, 41, 50, 56, 59, 66, 68, 72, 76, 85, 95, 110, 146, 147]
Min Correction Subset: [20, 71, 90]
Iter 104: 
Min Hitting Set: [0, 1, 2, 4, 6, 8, 11, 12, 14, 16, 23, 29, 32, 37, 41, 50, 56, 59, 66, 69, 72, 76, 85, 90, 95, 110, 115, 146, 147]
Min Correction Subset: [44, 68, 80]
Iter 105: 
Min Hitting Set: [0, 1, 2, 4, 6, 8, 11, 12, 13, 14, 16, 20, 29, 32, 37, 41, 50, 59, 66, 72, 76, 80, 85, 90, 95, 110, 115, 146, 147]
Min Correction Subset: [17, 18, 56, 68]
Iter 106: 
Min Hitting Set: [0, 1, 2, 3, 4, 6, 8, 11, 12, 13, 14, 16, 20, 29, 32, 37, 41, 50, 59, 66, 68, 72, 76, 80, 85, 95, 110, 146, 147]
Min Correction Subset: [19, 81, 115]
Iter 107: 
Min Hitting Set: [0, 1, 2, 4, 6, 8, 11, 12, 14, 16, 17, 29, 32, 37, 41, 50, 56, 59, 66, 72, 76, 80, 85, 90, 95, 110, 115, 146, 147]
Min Correction Subset: [3, 7, 13, 81]
Iter 108: 
Min Hitting Set: [0, 1, 2, 4, 6, 8, 11, 12, 13, 14, 16, 29, 32, 37, 41, 50, 56, 59, 66, 72, 76, 80, 85, 90, 95, 110, 115, 146, 147]
Min Correction Subset: [3, 7, 20, 81]
Iter 109: 
Min Hitting Set: [0, 1, 2, 4, 6, 8, 11, 12, 13, 14, 16, 20, 23, 29, 32, 36, 37, 41, 50, 59, 62, 66, 68, 72, 76, 95, 110, 115, 146, 147]
Min Correction Subset: [3, 85, 90]
Iter 110: 
Min Hitting Set: [0, 1, 2, 3, 4, 6, 8, 11, 12, 14, 16, 29, 32, 37, 41, 50, 56, 59, 66, 69, 72, 76, 80, 85, 90, 95, 110, 115, 146, 147]
Min Correction Subset: [13, 18, 36, 81]
Iter 111: 
Min Hitting Set: [0, 1, 2, 4, 12, 13, 14, 16, 19, 20, 23, 32, 36, 40, 41, 43, 50, 59, 66, 68, 71, 76, 81, 85, 90, 91, 95, 110, 146, 147]
Min Correction Subset: [6, 22, 39]
Iter 112: 
Min Hitting Set: [0, 1, 2, 4, 6, 12, 13, 14, 16, 18, 19, 20, 29, 32, 37, 40, 41, 43, 50, 59, 66, 68, 76, 80, 81, 90, 95, 110, 146, 147]
Min Correction Subset: [36, 72, 85]
Iter 113: 
Min Hitting Set: [0, 1, 2, 4, 6, 12, 13, 14, 16, 18, 19, 20, 29, 32, 37, 40, 41, 50, 59, 66, 68, 72, 76, 80, 81, 90, 95, 110, 146, 147]
Min Correction Subset: [8, 43, 85]
Iter 114: 
Min Hitting Set: [0, 1, 2, 4, 12, 13, 14, 16, 19, 20, 22, 29, 32, 36, 37, 40, 41, 43, 50, 59, 66, 68, 76, 80, 81, 90, 95, 110, 146, 147]
Min Correction Subset: [7, 8, 18]
Iter 115: 
Min Hitting Set: [0, 1, 2, 4, 6, 12, 13, 14, 18, 19, 20, 29, 32, 37, 39, 40, 41, 50, 59, 66, 72, 76, 80, 85, 90, 95, 110, 115, 146, 147]
Min Correction Subset: [16, 54]
Iter 116: 
Min Hitting Set: [0, 1, 2, 4, 6, 8, 11, 12, 13, 14, 16, 20, 29, 32, 37, 41, 43, 50, 56, 59, 66, 76, 80, 85, 90, 95, 110, 115, 146, 147]
Min Correction Subset: [19, 68, 72]
Iter 117: 
Min Hitting Set: [0, 1, 2, 4, 6, 12, 14, 16, 18, 19, 20, 29, 32, 36, 37, 40, 43, 50, 59, 66, 69, 76, 80, 81, 85, 90, 95, 110, 146, 147]
Min Correction Subset: [38, 68, 115]
Iter 118: 
Min Hitting Set: [0, 1, 2, 4, 6, 8, 11, 12, 13, 14, 16, 18, 20, 29, 32, 37, 41, 50, 59, 66, 72, 76, 80, 85, 90, 95, 110, 115, 146, 147]
Min Correction Subset: [17, 19, 36, 83]
Iter 119: 
Min Hitting Set: [0, 1, 2, 4, 6, 8, 11, 12, 13, 14, 16, 17, 20, 29, 32, 37, 41, 50, 59, 62, 66, 72, 76, 80, 85, 95, 110, 115, 146, 147]
Min Correction Subset: [3, 69, 81, 90]
Instance: paths-76-200-900000
----------------------------
Query: 1
Query element:154
Query scope: 154
----------------------------
IIS optimality: suboptimal
IIS solution time: 36097.715
IIS Constraint: 0; goods; {good:0}
IIS Constraint: 1; goods; {good:1}
IIS Constraint: 2; goods; {good:2}
IIS Constraint: 4; goods; {good:4}
IIS Constraint: 6; goods; {good:6}
IIS Constraint: 8; goods; {good:8}
IIS Constraint: 11; goods; {good:11}
IIS Constraint: 12; goods; {good:12}
IIS Constraint: 13; goods; {good:13}
IIS Constraint: 14; goods; {good:14}
IIS Constraint: 16; goods; {good:16}
IIS Constraint: 17; goods; {good:17}
IIS Constraint: 20; goods; {good:20}
IIS Constraint: 29; goods; {good:29}
IIS Constraint: 32; goods; {good:32}
IIS Constraint: 37; goods; {good:37}
IIS Constraint: 41; goods; {good:41}
IIS Constraint: 50; goods; {good:50}
IIS Constraint: 59; goods; {good:59}
IIS Constraint: 62; goods; {good:62}
IIS Constraint: 66; goods; {good:66}
IIS Constraint: 72; goods; {good:72}
IIS Constraint: 76; goods; {good:76}
IIS Constraint: 80; goods; {good:80}
IIS Constraint: 85; goods; {good:85}
IIS Constraint: 95; goods; {good:95}
IIS Constraint: 110; goods; {good:110}
IIS Constraint: 115; goods; {good:115}
IIS Constraint: 146; query; {bid:154,query:1}
IIS Constraint: 147; max; {f:24.356799,objective:max}
