IIS generation
Iter 1: 
Min Hitting Set: []
Min Correction Subset: [169]
Iter 2: 
Min Hitting Set: [169]
Min Correction Subset: [22]
Iter 3: 
Min Hitting Set: [22, 169]
Min Correction Subset: [52]
Iter 4: 
Min Hitting Set: [22, 52, 169]
Min Correction Subset: [7]
Iter 5: 
Min Hitting Set: [7, 22, 52, 169]
Min Correction Subset: [4]
Iter 6: 
Min Hitting Set: [4, 7, 22, 52, 169]
Min Correction Subset: [69]
Iter 7: 
Min Hitting Set: [4, 7, 22, 52, 69, 169]
Min Correction Subset: [53]
Iter 8: 
Min Hitting Set: [4, 7, 22, 52, 53, 69, 169]
Min Correction Subset: [74]
Iter 9: 
Min Hitting Set: [4, 7, 22, 52, 53, 69, 74, 169]
Min Correction Subset: [36]
Iter 10: 
Min Hitting Set: [4, 7, 22, 36, 52, 53, 69, 74, 169]
Min Correction Subset: [56]
Iter 11: 
Min Hitting Set: [4, 7, 22, 36, 52, 53, 56, 69, 74, 169]
Min Correction Subset: [46]
Iter 12: 
Min Hitting Set: [4, 7, 22, 36, 46, 52, 53, 56, 69, 74, 169]
Min Correction Subset: [33]
Iter 13: 
Min Hitting Set: [4, 7, 22, 33, 36, 46, 52, 53, 56, 69, 74, 169]
Min Correction Subset: [0]
Iter 14: 
Min Hitting Set: [0, 4, 7, 22, 33, 36, 46, 52, 53, 56, 69, 74, 169]
Min Correction Subset: [101]
Iter 15: 
Min Hitting Set: [0, 4, 7, 22, 33, 36, 46, 52, 53, 56, 69, 74, 101, 169]
Min Correction Subset: [75]
Iter 16: 
Min Hitting Set: [0, 4, 7, 22, 33, 36, 46, 52, 53, 56, 69, 74, 75, 101, 169]
Min Correction Subset: [28]
Iter 17: 
Min Hitting Set: [0, 4, 7, 22, 28, 33, 36, 46, 52, 53, 56, 69, 74, 75, 101, 169]
Min Correction Subset: [27]
Iter 18: 
Min Hitting Set: [0, 4, 7, 22, 27, 28, 33, 36, 46, 52, 53, 56, 69, 74, 75, 101, 169]
Min Correction Subset: [168]
Iter 19: 
Min Hitting Set: [0, 4, 7, 22, 27, 28, 33, 36, 46, 52, 53, 56, 69, 74, 75, 101, 168, 169]
Min Correction Subset: [30, 51]
Iter 20: 
Min Hitting Set: [0, 4, 7, 22, 27, 28, 30, 33, 36, 46, 52, 53, 56, 69, 74, 75, 101, 168, 169]
Min Correction Subset: [51, 111]
Iter 21: 
Min Hitting Set: [0, 4, 7, 22, 27, 28, 33, 36, 46, 51, 52, 53, 56, 69, 74, 75, 101, 168, 169]
Min Correction Subset: [48, 117]
Iter 22: 
Min Hitting Set: [0, 4, 7, 22, 27, 28, 33, 36, 46, 48, 51, 52, 53, 56, 69, 74, 75, 101, 168, 169]
Min Correction Subset: [21, 45]
Iter 23: 
Min Hitting Set: [0, 4, 7, 21, 22, 27, 28, 33, 36, 46, 48, 51, 52, 53, 56, 69, 74, 75, 101, 168, 169]
Min Correction Subset: [20, 45]
Iter 24: 
Min Hitting Set: [0, 4, 7, 22, 27, 28, 33, 36, 45, 46, 48, 51, 52, 53, 56, 69, 74, 75, 101, 168, 169]
Min Correction Subset: [8, 43]
Iter 25: 
Min Hitting Set: [0, 4, 7, 8, 22, 27, 28, 33, 36, 45, 46, 48, 51, 52, 53, 56, 69, 74, 75, 101, 168, 169]
Min Correction Subset: [40, 107]
Iter 26: 
Min Hitting Set: [0, 4, 7, 8, 22, 27, 28, 33, 36, 40, 45, 46, 48, 51, 52, 53, 56, 69, 74, 75, 101, 168, 169]
Min Correction Subset: [17, 43]
Iter 27: 
Min Hitting Set: [0, 4, 7, 22, 27, 28, 33, 36, 40, 43, 45, 46, 48, 51, 52, 53, 56, 69, 74, 75, 101, 168, 169]
Min Correction Subset: [8, 30]
Iter 28: 
Min Hitting Set: [0, 4, 7, 8, 22, 27, 28, 33, 36, 40, 43, 45, 46, 48, 51, 52, 53, 56, 69, 74, 75, 101, 168, 169]
Min Correction Subset: [21, 66]
Iter 29: 
Min Hitting Set: [0, 4, 7, 8, 21, 22, 27, 28, 33, 36, 40, 43, 45, 46, 48, 51, 52, 53, 56, 69, 74, 75, 101, 168, 169]
Min Correction Subset: [14, 66]
Iter 30: 
Min Hitting Set: [0, 4, 7, 8, 22, 27, 28, 33, 36, 40, 43, 45, 46, 48, 51, 52, 53, 56, 66, 69, 74, 75, 101, 168, 169]
Min Correction Subset: [20, 124]
Iter 31: 
Min Hitting Set: [0, 4, 7, 8, 20, 21, 22, 27, 28, 33, 36, 40, 43, 46, 48, 51, 52, 53, 56, 66, 69, 74, 75, 101, 168, 169]
Min Correction Subset: [45, 107]
Iter 32: 
Min Hitting Set: [0, 4, 7, 8, 20, 21, 22, 27, 28, 33, 36, 43, 46, 48, 51, 52, 53, 56, 66, 69, 74, 75, 101, 107, 168, 169]
Min Correction Subset: [17, 40]
Iter 33: 
Min Hitting Set: [0, 4, 7, 8, 17, 20, 22, 27, 28, 33, 36, 40, 45, 46, 48, 51, 52, 53, 56, 66, 69, 74, 75, 101, 168, 169]
Min Correction Subset: [43, 124]
Iter 34: 
Min Hitting Set: [0, 4, 7, 8, 17, 22, 27, 28, 33, 36, 40, 45, 46, 48, 51, 52, 53, 56, 66, 69, 74, 75, 101, 124, 168, 169]
Min Correction Subset: [43, 107]
Iter 35: 
Min Hitting Set: [0, 4, 7, 8, 22, 27, 28, 33, 36, 40, 43, 45, 46, 48, 51, 52, 53, 56, 66, 69, 74, 75, 101, 124, 168, 169]
Min Correction Subset: [30, 32, 107]
Iter 36: 
Min Hitting Set: [0, 4, 7, 8, 17, 22, 27, 28, 33, 36, 45, 46, 48, 51, 52, 53, 56, 66, 69, 74, 75, 101, 107, 124, 168, 169]
Min Correction Subset: [14, 40]
Iter 37: 
Min Hitting Set: [0, 4, 7, 20, 22, 27, 28, 30, 33, 36, 40, 43, 45, 46, 48, 51, 52, 53, 56, 66, 69, 74, 75, 101, 168, 169]
Min Correction Subset: [8, 113]
Iter 38: 
Min Hitting Set: [0, 4, 7, 8, 14, 17, 20, 21, 22, 27, 28, 33, 36, 43, 46, 48, 51, 52, 53, 56, 69, 74, 75, 101, 107, 168, 169]
Min Correction Subset: [40, 124]
Iter 39: 
Min Hitting Set: [0, 4, 7, 8, 14, 17, 20, 21, 22, 27, 28, 33, 36, 46, 48, 51, 52, 53, 56, 69, 74, 75, 101, 107, 124, 168, 169]
Min Correction Subset: [43, 57]
Iter 40: 
Min Hitting Set: [0, 4, 7, 8, 20, 21, 22, 27, 28, 33, 36, 40, 43, 46, 48, 51, 52, 53, 56, 66, 69, 74, 75, 101, 107, 168, 169]
Min Correction Subset: [17, 45]
Iter 41: 
Min Hitting Set: [0, 4, 7, 8, 20, 22, 27, 28, 33, 36, 40, 43, 45, 46, 48, 51, 52, 53, 56, 66, 69, 74, 75, 101, 107, 168, 169]
Min Correction Subset: [14, 21, 124]
Iter 42: 
Min Hitting Set: [0, 4, 7, 8, 22, 27, 28, 33, 36, 40, 43, 45, 46, 48, 51, 52, 53, 56, 66, 69, 74, 75, 101, 107, 124, 168, 169]
Min Correction Subset: [14, 17, 20]
Iter 43: 
Min Hitting Set: [0, 4, 7, 8, 20, 21, 22, 27, 28, 33, 36, 40, 43, 45, 46, 48, 51, 52, 53, 56, 66, 69, 74, 75, 101, 107, 168, 169]
Min Correction Subset: [57, 113, 124]
Iter 44: 
Min Hitting Set: [0, 4, 7, 20, 22, 27, 28, 30, 33, 36, 40, 43, 45, 46, 48, 51, 52, 53, 56, 66, 69, 74, 75, 101, 113, 124, 168, 169]
Min Correction Subset: [8, 107]
Iter 45: 
Min Hitting Set: [0, 4, 7, 8, 20, 22, 27, 28, 33, 36, 40, 43, 45, 46, 48, 51, 52, 53, 56, 66, 69, 74, 75, 101, 107, 124, 168, 169]
Min Correction Subset: [14, 30, 113]
Iter 46: 
Min Hitting Set: [0, 4, 7, 8, 20, 22, 27, 28, 30, 33, 36, 40, 43, 45, 46, 48, 51, 52, 53, 56, 66, 69, 74, 75, 101, 124, 168, 169]
Min Correction Subset: [21, 32, 107]
Iter 47: 
Min Hitting Set: [0, 4, 7, 8, 14, 17, 20, 21, 22, 27, 28, 33, 36, 43, 46, 48, 51, 52, 53, 56, 69, 74, 75, 101, 107, 124, 168, 169]
Min Correction Subset: [30, 45]
Iter 48: 
Min Hitting Set: [0, 4, 7, 8, 14, 21, 22, 27, 28, 33, 36, 40, 43, 45, 46, 48, 51, 52, 53, 56, 69, 74, 75, 101, 107, 124, 168, 169]
Min Correction Subset: [20, 66]
Iter 49: 
Min Hitting Set: [0, 4, 7, 8, 14, 22, 27, 28, 33, 36, 40, 43, 45, 46, 48, 51, 52, 53, 56, 66, 69, 74, 75, 101, 107, 124, 168, 169]
Min Correction Subset: [17, 20, 30]
Iter 50: 
Min Hitting Set: [0, 4, 7, 8, 14, 17, 22, 27, 28, 33, 36, 45, 46, 48, 51, 52, 53, 56, 57, 66, 69, 74, 75, 101, 107, 124, 168, 169]
Min Correction Subset: [21, 43]
Iter 51: 
Min Hitting Set: [0, 4, 7, 8, 14, 17, 22, 27, 28, 33, 36, 43, 45, 46, 48, 51, 52, 53, 56, 66, 69, 74, 75, 101, 107, 124, 168, 169]
Min Correction Subset: [40, 86]
Iter 52: 
Min Hitting Set: [0, 4, 7, 8, 20, 22, 27, 28, 33, 36, 40, 43, 45, 46, 48, 51, 52, 53, 56, 66, 69, 74, 75, 101, 107, 113, 124, 168, 169]
Min Correction Subset: [14, 21, 30]
Iter 53: 
Min Hitting Set: [0, 4, 7, 8, 14, 20, 22, 27, 28, 33, 36, 40, 43, 45, 46, 48, 51, 52, 53, 56, 57, 66, 69, 74, 75, 101, 107, 168, 169]
Min Correction Subset: [17, 30, 113]
Iter 54: 
Min Hitting Set: [0, 4, 7, 8, 14, 20, 22, 27, 28, 33, 36, 40, 43, 45, 46, 48, 51, 52, 53, 56, 66, 69, 74, 75, 101, 107, 113, 168, 169]
Min Correction Subset: [17, 21, 124]
Iter 55: 
Min Hitting Set: [0, 4, 7, 20, 22, 27, 28, 30, 33, 36, 40, 43, 45, 46, 48, 51, 52, 53, 56, 66, 69, 74, 75, 101, 107, 113, 124, 168, 169]
Min Correction Subset: [8, 14]
Iter 56: 
Min Hitting Set: [0, 4, 7, 8, 20, 22, 27, 28, 30, 33, 36, 40, 43, 45, 46, 48, 51, 52, 53, 56, 66, 69, 74, 75, 101, 107, 124, 168, 169]
Min Correction Subset: [21, 57, 113]
Iter 57: 
Min Hitting Set: [0, 4, 7, 14, 20, 21, 22, 27, 28, 30, 33, 36, 40, 43, 45, 46, 48, 51, 52, 53, 56, 69, 74, 75, 101, 107, 113, 168, 169]
Min Correction Subset: [8, 124]
Iter 58: 
Min Hitting Set: [0, 4, 7, 8, 14, 20, 21, 22, 27, 28, 30, 33, 36, 40, 43, 45, 46, 48, 51, 52, 53, 56, 69, 74, 75, 101, 124, 168, 169]
Min Correction Subset: [32, 57, 107]
Iter 59: 
Min Hitting Set: [0, 4, 7, 14, 22, 27, 28, 30, 33, 36, 40, 43, 45, 46, 48, 51, 52, 53, 56, 66, 69, 74, 75, 101, 107, 113, 124, 168, 169]
Min Correction Subset: [8, 20]
Iter 60: 
Min Hitting Set: [0, 4, 7, 8, 14, 20, 21, 22, 27, 28, 33, 36, 40, 43, 45, 46, 48, 51, 52, 53, 56, 69, 74, 75, 101, 107, 113, 168, 169]
Min Correction Subset: [66, 124]
Iter 61: 
Min Hitting Set: [0, 4, 7, 8, 20, 21, 22, 27, 28, 33, 36, 40, 43, 45, 46, 48, 51, 52, 53, 56, 66, 69, 74, 75, 101, 107, 113, 168, 169]
Min Correction Subset: [14, 17, 124]
Iter 62: 
Min Hitting Set: [0, 4, 7, 8, 14, 22, 27, 28, 30, 33, 36, 40, 43, 45, 46, 48, 51, 52, 53, 56, 66, 69, 74, 75, 101, 107, 113, 124, 168, 169]
Min Correction Subset: [17, 20, 57]
Iter 63: 
Min Hitting Set: [0, 4, 7, 8, 14, 22, 27, 28, 30, 33, 36, 40, 43, 45, 46, 48, 51, 52, 53, 56, 57, 66, 69, 74, 75, 101, 107, 124, 168, 169]
Min Correction Subset: [17, 21, 32, 113]
Iter 64: 
Min Hitting Set: [0, 4, 7, 14, 20, 22, 27, 28, 30, 33, 36, 40, 43, 45, 46, 48, 51, 52, 53, 56, 66, 69, 74, 75, 101, 107, 113, 124, 168, 169]
Min Correction Subset: [8, 21]
Iter 65: 
Min Hitting Set: [0, 4, 7, 8, 20, 21, 22, 27, 28, 30, 33, 36, 40, 43, 45, 46, 48, 51, 52, 53, 56, 66, 69, 74, 75, 101, 107, 124, 168, 169]
Min Correction Subset: [14, 17, 113]
Iter 66: 
Min Hitting Set: [0, 4, 7, 8, 17, 22, 27, 28, 30, 33, 36, 40, 43, 45, 46, 48, 51, 52, 53, 56, 57, 66, 69, 74, 75, 101, 107, 124, 168, 169]
Min Correction Subset: [14, 20, 96]
Iter 67: 
Min Hitting Set: [0, 4, 7, 8, 14, 22, 27, 28, 30, 32, 33, 36, 40, 43, 45, 46, 48, 51, 52, 53, 56, 57, 66, 69, 74, 75, 101, 124, 168, 169]
Min Correction Subset: [20, 25, 107]
Iter 68: 
Min Hitting Set: [0, 4, 7, 14, 20, 21, 22, 27, 28, 30, 33, 36, 40, 43, 45, 46, 48, 51, 52, 53, 56, 69, 74, 75, 101, 107, 113, 124, 168, 169]
Min Correction Subset: [8, 66]
Iter 69: 
Min Hitting Set: [0, 4, 7, 8, 20, 22, 27, 28, 30, 32, 33, 36, 40, 43, 45, 46, 48, 51, 52, 53, 56, 66, 69, 74, 75, 101, 113, 124, 168, 169]
Min Correction Subset: [14, 25, 107]
Iter 70: 
Min Hitting Set: [0, 4, 7, 8, 14, 20, 21, 22, 27, 28, 32, 33, 36, 40, 43, 45, 46, 48, 51, 52, 53, 56, 66, 69, 74, 75, 101, 113, 168, 169]
Min Correction Subset: [25, 31, 107]
Iter 71: 
Min Hitting Set: [0, 4, 7, 8, 14, 20, 21, 22, 27, 28, 33, 36, 40, 43, 45, 46, 48, 51, 52, 53, 56, 66, 69, 74, 75, 101, 107, 113, 168, 169]
Min Correction Subset: [17, 32, 124]
Iter 72: 
Min Hitting Set: [0, 4, 7, 8, 20, 21, 22, 27, 28, 33, 36, 40, 43, 45, 46, 48, 51, 52, 53, 56, 66, 69, 74, 75, 101, 107, 113, 124, 168, 169]
Min Correction Subset: [14, 17, 86]
Iter 73: 
Min Hitting Set: [0, 4, 7, 8, 14, 17, 20, 22, 27, 28, 33, 36, 40, 43, 45, 46, 48, 51, 52, 53, 56, 66, 69, 74, 75, 101, 107, 113, 168, 169]
Min Correction Subset: [18, 21, 124]
Iter 74: 
Min Hitting Set: [0, 4, 7, 8, 14, 20, 22, 27, 28, 33, 36, 40, 43, 45, 46, 48, 51, 52, 53, 56, 66, 69, 74, 75, 101, 107, 113, 124, 168, 169]
Min Correction Subset: [10, 21, 30, 103]
Iter 75: 
Min Hitting Set: [0, 4, 7, 8, 14, 17, 21, 22, 27, 28, 33, 36, 40, 43, 45, 46, 48, 51, 52, 53, 56, 66, 69, 74, 75, 101, 107, 124, 168, 169]
Min Correction Subset: [20, 30, 113]
Iter 76: 
Min Hitting Set: [0, 4, 7, 8, 14, 20, 21, 22, 27, 28, 33, 36, 40, 43, 45, 46, 48, 51, 52, 53, 56, 69, 74, 75, 101, 107, 113, 124, 168, 169]
Min Correction Subset: [17, 32, 66]
Iter 77: 
Min Hitting Set: [0, 4, 7, 8, 17, 20, 21, 22, 27, 28, 30, 33, 36, 40, 43, 46, 48, 51, 52, 53, 56, 66, 69, 74, 75, 101, 107, 124, 168, 169]
Min Correction Subset: [14, 45]
Iter 78: 
Min Hitting Set: [0, 4, 7, 8, 14, 17, 20, 21, 22, 27, 28, 30, 33, 36, 40, 43, 46, 48, 51, 52, 53, 56, 69, 74, 75, 101, 107, 124, 168, 169]
Min Correction Subset: [45, 66]
Iter 79: 
Min Hitting Set: [0, 4, 7, 8, 17, 20, 21, 22, 27, 28, 33, 36, 40, 43, 45, 46, 48, 51, 52, 53, 56, 66, 69, 74, 75, 101, 107, 113, 168, 169]
Min Correction Subset: [14, 97, 124]
Iter 80: 
Min Hitting Set: [0, 4, 7, 8, 14, 17, 20, 21, 22, 27, 28, 33, 36, 40, 43, 45, 46, 48, 51, 52, 53, 56, 69, 74, 75, 101, 107, 124, 168, 169]
Min Correction Subset: [30, 66, 97]
Iter 81: 
Min Hitting Set: [0, 4, 7, 14, 20, 21, 22, 27, 28, 30, 33, 36, 40, 43, 45, 46, 48, 51, 52, 53, 56, 66, 69, 74, 75, 101, 107, 113, 124, 168, 169]
Min Correction Subset: [8, 57]
Iter 82: 
Min Hitting Set: [0, 4, 7, 8, 17, 20, 22, 27, 28, 30, 33, 36, 40, 43, 45, 46, 48, 51, 52, 53, 56, 57, 66, 69, 74, 75, 101, 107, 124, 168, 169]
Min Correction Subset: [14, 21, 31, 85]
Iter 83: 
Min Hitting Set: [0, 4, 7, 8, 17, 20, 21, 22, 27, 28, 30, 33, 36, 40, 45, 46, 48, 51, 52, 53, 56, 57, 66, 69, 74, 75, 101, 107, 124, 168, 169]
Min Correction Subset: [14, 43]
Iter 84: 
Min Hitting Set: [0, 4, 7, 8, 17, 20, 21, 22, 27, 28, 30, 33, 36, 40, 43, 45, 46, 48, 51, 52, 53, 56, 66, 69, 74, 75, 101, 107, 124, 168, 169]
Min Correction Subset: [14, 57, 113]
Iter 85: 
Min Hitting Set: [0, 4, 7, 8, 14, 17, 20, 21, 22, 27, 28, 30, 33, 36, 40, 43, 46, 48, 51, 52, 53, 56, 66, 69, 74, 75, 101, 107, 113, 168, 169]
Min Correction Subset: [45, 124]
Iter 86: 
Min Hitting Set: [0, 4, 7, 8, 14, 20, 22, 27, 28, 30, 33, 36, 40, 43, 45, 46, 48, 51, 52, 53, 56, 66, 69, 74, 75, 101, 107, 113, 124, 168, 169]
Min Correction Subset: [17, 18, 21, 57]
Iter 87: 
Min Hitting Set: [0, 4, 7, 8, 14, 17, 22, 27, 28, 30, 33, 36, 40, 43, 45, 46, 48, 51, 52, 53, 56, 66, 69, 74, 75, 101, 107, 113, 124, 168, 169]
Min Correction Subset: [20, 57, 96]
Iter 88: 
Min Hitting Set: [0, 4, 7, 8, 14, 20, 21, 22, 27, 28, 32, 33, 36, 40, 43, 45, 46, 48, 51, 52, 53, 56, 66, 69, 74, 75, 101, 107, 113, 168, 169]
Min Correction Subset: [17, 78, 124]
Iter 89: 
Min Hitting Set: [0, 4, 7, 8, 17, 20, 21, 22, 27, 28, 33, 36, 40, 43, 45, 46, 48, 51, 52, 53, 56, 66, 69, 74, 75, 97, 101, 107, 113, 168, 169]
Min Correction Subset: [14, 24, 124]
Iter 90: 
Min Hitting Set: [0, 4, 7, 8, 20, 21, 22, 27, 28, 33, 36, 40, 43, 45, 46, 48, 51, 52, 53, 56, 66, 69, 74, 75, 86, 101, 107, 113, 124, 168, 169]
Min Correction Subset: [14, 30, 31, 85]
Iter 91: 
Min Hitting Set: [0, 4, 7, 8, 14, 17, 20, 21, 22, 27, 28, 30, 33, 36, 40, 45, 46, 48, 51, 52, 53, 56, 57, 69, 74, 75, 101, 107, 124, 168, 169]
Min Correction Subset: [15, 16, 43]
Iter 92: 
Min Hitting Set: [0, 4, 7, 8, 14, 17, 20, 21, 22, 27, 28, 33, 36, 40, 43, 45, 46, 48, 51, 52, 53, 56, 66, 69, 74, 75, 101, 107, 113, 168, 169]
Min Correction Subset: [18, 61, 117, 124]
Iter 93: 
Min Hitting Set: [0, 4, 7, 8, 14, 17, 20, 21, 22, 27, 28, 33, 36, 40, 43, 45, 46, 51, 52, 53, 56, 66, 69, 74, 75, 101, 107, 113, 117, 168, 169]
Min Correction Subset: [48, 61, 124]
Iter 94: 
Min Hitting Set: [0, 4, 7, 8, 14, 20, 21, 22, 27, 28, 30, 32, 33, 36, 40, 43, 45, 46, 48, 51, 52, 53, 56, 69, 74, 75, 101, 107, 124, 168, 169]
Min Correction Subset: [15, 17, 66]
Iter 95: 
Min Hitting Set: [0, 4, 7, 8, 14, 22, 27, 28, 30, 32, 33, 36, 40, 43, 45, 46, 48, 51, 52, 53, 56, 57, 66, 69, 74, 75, 101, 107, 124, 168, 169]
Min Correction Subset: [17, 20, 86, 105]
Iter 96: 
Min Hitting Set: [0, 4, 7, 8, 14, 17, 20, 21, 22, 27, 28, 30, 33, 36, 40, 43, 45, 46, 48, 51, 52, 53, 56, 69, 74, 75, 101, 107, 124, 168, 169]
Min Correction Subset: [18, 66, 117]
Iter 97: 
Min Hitting Set: [0, 4, 7, 8, 14, 20, 21, 22, 27, 28, 30, 33, 36, 40, 43, 45, 46, 48, 51, 52, 53, 56, 66, 69, 74, 75, 101, 107, 124, 168, 169]
Min Correction Subset: [17, 57, 113]
Iter 98: 
Min Hitting Set: [0, 4, 7, 8, 14, 20, 21, 22, 27, 28, 33, 36, 40, 43, 45, 46, 48, 51, 52, 53, 56, 66, 69, 74, 75, 101, 107, 113, 124, 168, 169]
Min Correction Subset: [10, 18, 30, 103, 117]
Iter 99: 
Min Hitting Set: [0, 4, 7, 8, 14, 20, 21, 22, 27, 28, 33, 36, 40, 43, 45, 46, 51, 52, 53, 56, 66, 69, 74, 75, 101, 107, 113, 117, 124, 168, 169]
Min Correction Subset: [17, 32, 48, 61]
Iter 100: 
Min Hitting Set: [0, 4, 7, 8, 14, 17, 22, 27, 28, 30, 33, 36, 40, 43, 45, 46, 48, 51, 52, 53, 56, 57, 66, 69, 74, 75, 101, 107, 124, 168, 169]
Min Correction Subset: [15, 16, 20, 24, 96]
Iter 101: 
Min Hitting Set: [0, 4, 7, 8, 14, 17, 20, 21, 22, 27, 28, 30, 33, 36, 40, 43, 46, 51, 52, 53, 56, 66, 69, 74, 75, 101, 107, 117, 124, 168, 169]
Min Correction Subset: [45, 57]
Iter 102: 
Min Hitting Set: [0, 4, 7, 8, 14, 17, 20, 21, 22, 27, 28, 33, 36, 40, 43, 45, 46, 51, 52, 53, 56, 66, 69, 74, 75, 101, 107, 117, 124, 168, 169]
Min Correction Subset: [16, 24, 57, 113]
Iter 103: 
Min Hitting Set: [0, 4, 7, 8, 17, 20, 21, 22, 27, 28, 30, 33, 36, 40, 43, 45, 46, 51, 52, 53, 56, 57, 66, 69, 74, 75, 101, 107, 117, 124, 168, 169]
Min Correction Subset: [14, 48, 61]
Iter 104: 
Min Hitting Set: [0, 4, 7, 8, 17, 20, 21, 22, 27, 28, 30, 33, 36, 40, 43, 45, 46, 48, 51, 52, 53, 56, 57, 66, 69, 74, 75, 101, 107, 124, 168, 169]
Min Correction Subset: [14, 24, 31, 113]
Iter 105: 
Min Hitting Set: [0, 4, 7, 14, 20, 21, 22, 27, 28, 30, 33, 36, 40, 43, 45, 46, 48, 51, 52, 53, 56, 57, 66, 69, 74, 75, 101, 107, 113, 124, 168, 169]
Min Correction Subset: [8, 17, 34]
Iter 106: 
Min Hitting Set: [0, 4, 7, 14, 17, 20, 21, 22, 27, 28, 30, 33, 36, 40, 43, 46, 51, 52, 53, 56, 57, 66, 69, 74, 75, 101, 107, 113, 117, 124, 168, 169]
Min Correction Subset: [8, 48]
Iter 107: 
Min Hitting Set: [0, 4, 7, 14, 17, 20, 21, 22, 27, 28, 30, 33, 36, 40, 43, 46, 48, 51, 52, 53, 56, 57, 66, 69, 74, 75, 101, 107, 113, 124, 168, 169]
Min Correction Subset: [8, 45]
Iter 108: 
Min Hitting Set: [0, 4, 7, 8, 14, 20, 21, 22, 27, 28, 30, 33, 36, 40, 43, 45, 46, 48, 51, 52, 53, 56, 57, 66, 69, 74, 75, 101, 107, 124, 168, 169]
Min Correction Subset: [17, 32, 86, 113]
Iter 109: 
Min Hitting Set: [0, 4, 7, 8, 17, 20, 22, 27, 28, 30, 31, 33, 36, 40, 43, 45, 46, 48, 51, 52, 53, 56, 57, 66, 69, 74, 75, 101, 107, 124, 168, 169]
Min Correction Subset: [14, 18, 21, 117]
Iter 110: 
Min Hitting Set: [0, 4, 7, 8, 14, 18, 20, 22, 27, 28, 30, 33, 36, 40, 43, 45, 46, 48, 51, 52, 53, 56, 66, 69, 74, 75, 101, 107, 113, 124, 168, 169]
Min Correction Subset: [12, 17, 21, 57]
Iter 111: 
Min Hitting Set: [0, 4, 7, 8, 14, 18, 20, 21, 22, 27, 28, 33, 36, 40, 43, 45, 46, 48, 51, 52, 53, 56, 66, 69, 74, 75, 101, 107, 113, 124, 168, 169]
Min Correction Subset: [15, 16, 17, 30, 78]
Iter 112: 
Min Hitting Set: [0, 4, 7, 8, 14, 17, 20, 21, 22, 27, 28, 33, 36, 40, 43, 45, 46, 51, 52, 53, 56, 61, 66, 69, 74, 75, 101, 107, 113, 117, 168, 169]
Min Correction Subset: [24, 31, 48, 124]
Iter 113: 
Min Hitting Set: [0, 4, 7, 8, 14, 16, 17, 20, 21, 22, 27, 28, 33, 36, 40, 45, 46, 51, 52, 53, 56, 57, 69, 74, 75, 97, 101, 107, 117, 124, 168, 169]
Min Correction Subset: [30, 43]
Iter 114: 
Min Hitting Set: [0, 4, 7, 8, 14, 17, 18, 20, 22, 27, 28, 30, 33, 36, 40, 43, 45, 46, 48, 51, 52, 53, 56, 66, 69, 74, 75, 101, 107, 113, 168, 169]
Min Correction Subset: [12, 21, 124]
Iter 115: 
Min Hitting Set: [0, 4, 7, 8, 14, 20, 22, 27, 28, 30, 33, 36, 40, 43, 45, 46, 48, 51, 52, 53, 56, 57, 66, 69, 74, 75, 101, 107, 113, 124, 168, 169]
Min Correction Subset: [17, 21, 32, 86]
Iter 116: 
Min Hitting Set: [0, 4, 7, 8, 14, 17, 20, 22, 27, 28, 30, 33, 36, 40, 43, 45, 46, 51, 52, 53, 56, 66, 69, 74, 75, 101, 107, 113, 117, 124, 168, 169]
Min Correction Subset: [21, 48]
Iter 117: 
Min Hitting Set: [0, 4, 7, 8, 14, 17, 20, 22, 27, 28, 30, 33, 36, 40, 43, 45, 46, 48, 51, 52, 53, 56, 66, 69, 74, 75, 101, 107, 113, 124, 168, 169]
Min Correction Subset: [18, 21, 57, 61, 117]
Iter 118: 
Min Hitting Set: [0, 4, 7, 8, 14, 16, 17, 20, 21, 22, 27, 28, 30, 33, 36, 40, 46, 48, 51, 52, 53, 56, 57, 66, 69, 74, 75, 101, 107, 124, 168, 169]
Min Correction Subset: [43, 45]
Iter 119: 
Min Hitting Set: [0, 4, 7, 8, 14, 16, 17, 21, 22, 27, 28, 30, 33, 36, 45, 46, 48, 51, 52, 53, 56, 57, 66, 69, 74, 75, 86, 101, 107, 124, 168, 169]
Min Correction Subset: [40, 43]
Iter 120: 
Min Hitting Set: [0, 4, 7, 8, 14, 16, 17, 20, 21, 22, 27, 28, 30, 33, 36, 40, 45, 46, 51, 52, 53, 56, 57, 69, 74, 75, 101, 107, 117, 124, 168, 169]
Min Correction Subset: [32, 43, 103]
Iter 121: 
Min Hitting Set: [0, 4, 7, 8, 14, 16, 17, 22, 27, 28, 30, 33, 36, 40, 43, 45, 46, 48, 51, 52, 53, 56, 57, 66, 69, 74, 75, 101, 107, 124, 168, 169]
Min Correction Subset: [15, 20, 47, 61, 96, 117]
Iter 122: 
Min Hitting Set: [0, 4, 7, 8, 14, 20, 22, 27, 28, 30, 32, 33, 36, 40, 43, 45, 46, 48, 51, 52, 53, 56, 57, 66, 69, 74, 75, 101, 107, 124, 168, 169]
Min Correction Subset: [17, 21, 78, 113]
Iter 123: 
Min Hitting Set: [0, 4, 7, 8, 14, 17, 20, 21, 22, 27, 28, 30, 33, 36, 40, 43, 46, 48, 51, 52, 53, 56, 57, 66, 69, 74, 75, 101, 107, 124, 168, 169]
Min Correction Subset: [16, 24, 45]
Iter 124: 
Min Hitting Set: [0, 4, 7, 8, 14, 17, 20, 21, 22, 27, 28, 30, 33, 36, 40, 43, 45, 46, 51, 52, 53, 56, 69, 74, 75, 101, 107, 113, 117, 124, 168, 169]
Min Correction Subset: [57, 66, 97]
Iter 125: 
Min Hitting Set: [0, 4, 7, 8, 14, 17, 20, 21, 22, 27, 28, 30, 33, 36, 43, 45, 46, 51, 52, 53, 56, 57, 69, 74, 75, 86, 101, 107, 117, 124, 168, 169]
Min Correction Subset: [40, 48]
Iter 126: 
Min Hitting Set: [0, 4, 7, 8, 20, 21, 22, 27, 28, 30, 33, 36, 40, 43, 45, 46, 48, 51, 52, 53, 56, 66, 69, 74, 75, 86, 101, 107, 113, 124, 168, 169]
Min Correction Subset: [14, 17, 31, 57]
Iter 127: 
Min Hitting Set: [0, 4, 7, 8, 17, 20, 21, 22, 27, 28, 30, 33, 36, 40, 43, 45, 46, 48, 51, 52, 53, 56, 66, 69, 74, 75, 101, 107, 113, 124, 168, 169]
Min Correction Subset: [14, 18, 57, 117]
Iter 128: 
Min Hitting Set: [0, 4, 7, 8, 14, 16, 17, 20, 21, 22, 27, 28, 33, 36, 40, 43, 45, 46, 51, 52, 53, 56, 69, 74, 75, 97, 101, 107, 117, 124, 168, 169]
Min Correction Subset: [15, 30, 47, 66]
Iter 129: 
Min Hitting Set: [0, 4, 7, 8, 14, 17, 20, 21, 22, 27, 28, 30, 31, 33, 36, 40, 43, 45, 46, 51, 52, 53, 56, 57, 69, 74, 75, 101, 117, 124, 168, 169]
Min Correction Subset: [25, 66, 107]
Iter 130: 
Min Hitting Set: [0, 4, 7, 8, 14, 20, 21, 22, 27, 28, 30, 33, 36, 40, 43, 45, 46, 48, 51, 52, 53, 56, 66, 69, 74, 75, 101, 107, 113, 124, 168, 169]
Min Correction Subset: [15, 16, 17, 32, 78]
Iter 131: 
Min Hitting Set: [0, 4, 7, 8, 14, 17, 20, 22, 27, 28, 30, 33, 36, 40, 43, 45, 46, 48, 51, 52, 53, 56, 57, 66, 69, 74, 75, 101, 107, 124, 168, 169]
Min Correction Subset: [15, 16, 21, 24, 32, 113]
Iter 132: 
Min Hitting Set: [0, 4, 7, 8, 14, 17, 20, 21, 22, 27, 28, 33, 36, 40, 43, 45, 46, 51, 52, 53, 56, 57, 66, 69, 74, 75, 101, 107, 117, 124, 168, 169]
Min Correction Subset: [15, 16, 30, 113]
Iter 133: 
Min Hitting Set: [0, 4, 7, 8, 14, 17, 20, 21, 22, 27, 28, 30, 33, 36, 40, 43, 45, 46, 51, 52, 53, 56, 57, 69, 74, 75, 101, 107, 117, 124, 168, 169]
Min Correction Subset: [15, 16, 24, 66]
Iter 134: 
Min Hitting Set: [0, 4, 7, 8, 14, 16, 17, 20, 21, 22, 27, 28, 33, 36, 40, 43, 45, 46, 51, 52, 53, 56, 66, 69, 74, 75, 101, 107, 117, 124, 168, 169]
Min Correction Subset: [30, 48, 61, 97]
Iter 135: 
Min Hitting Set: [0, 4, 7, 8, 14, 15, 17, 22, 27, 28, 30, 33, 36, 40, 43, 45, 46, 48, 51, 52, 53, 56, 57, 66, 69, 74, 75, 101, 107, 124, 168, 169]
Min Correction Subset: [16, 20, 24, 78, 96]
Iter 136: 
Min Hitting Set: [0, 4, 7, 8, 14, 17, 20, 21, 22, 27, 28, 33, 36, 40, 43, 45, 46, 48, 51, 52, 53, 56, 66, 69, 74, 75, 101, 107, 113, 117, 168, 169]
Min Correction Subset: [10, 15, 16, 30, 124]
Iter 137: 
Min Hitting Set: [0, 4, 7, 14, 17, 20, 21, 22, 27, 28, 30, 33, 36, 40, 43, 45, 46, 48, 51, 52, 53, 56, 57, 66, 69, 74, 75, 101, 107, 113, 124, 168, 169]
Min Correction Subset: [8, 13, 34]
Iter 138: 
Min Hitting Set: [0, 4, 7, 8, 17, 20, 21, 22, 27, 28, 30, 33, 36, 40, 43, 45, 46, 48, 51, 52, 53, 56, 66, 69, 74, 75, 101, 107, 113, 117, 124, 168, 169]
Min Correction Subset: [14, 31, 57, 85]
Iter 139: 
Min Hitting Set: [0, 4, 7, 8, 17, 20, 21, 22, 27, 28, 30, 33, 36, 40, 43, 45, 46, 48, 51, 52, 53, 56, 57, 66, 69, 74, 75, 101, 107, 113, 124, 168, 169]
Min Correction Subset: [14, 18, 31, 85, 117]
Iter 140: 
Min Hitting Set: [0, 4, 7, 8, 14, 17, 20, 22, 27, 28, 30, 33, 36, 40, 43, 45, 46, 48, 51, 52, 53, 56, 61, 66, 69, 74, 75, 101, 107, 113, 124, 168, 169]
Min Correction Subset: [15, 16, 18, 21, 57]
Iter 141: 
Min Hitting Set: [0, 4, 7, 8, 14, 16, 17, 22, 27, 28, 30, 33, 36, 40, 43, 45, 46, 48, 51, 52, 53, 56, 57, 61, 66, 69, 74, 75, 101, 107, 124, 168, 169]
Min Correction Subset: [15, 18, 20, 47, 96, 117]
Iter 142: 
Min Hitting Set: [0, 4, 7, 8, 14, 15, 16, 17, 22, 27, 28, 30, 33, 36, 40, 43, 45, 46, 48, 51, 52, 53, 56, 57, 66, 69, 74, 75, 101, 107, 124, 168, 169]
Min Correction Subset: [20, 31, 32, 47, 85, 96]
Iter 143: 
Min Hitting Set: [0, 4, 7, 8, 14, 16, 17, 20, 21, 22, 27, 28, 33, 36, 40, 43, 45, 46, 48, 51, 52, 53, 56, 66, 69, 74, 75, 101, 107, 113, 117, 168, 169]
Min Correction Subset: [10, 30, 32, 103, 124]
Iter 144: 
Min Hitting Set: [0, 4, 7, 8, 14, 17, 20, 21, 22, 24, 27, 28, 30, 33, 36, 40, 43, 45, 46, 51, 52, 53, 56, 57, 69, 74, 75, 101, 107, 117, 124, 168, 169]
Min Correction Subset: [15, 16, 32, 66]
Iter 145: 
Min Hitting Set: [0, 4, 7, 8, 14, 15, 20, 21, 22, 27, 28, 30, 32, 33, 36, 40, 43, 45, 46, 51, 52, 53, 56, 57, 69, 74, 75, 101, 107, 117, 124, 168, 169]
Min Correction Subset: [17, 66, 86]
Iter 146: 
Min Hitting Set: [0, 4, 7, 8, 14, 16, 17, 20, 21, 22, 27, 28, 30, 33, 36, 40, 43, 45, 46, 51, 52, 53, 56, 57, 69, 74, 75, 101, 107, 117, 124, 168, 169]
Min Correction Subset: [15, 24, 47, 66]
Iter 147: 
Min Hitting Set: [0, 4, 7, 8, 17, 18, 20, 22, 27, 28, 30, 31, 33, 36, 40, 43, 45, 46, 48, 51, 52, 53, 56, 66, 69, 74, 75, 101, 107, 113, 124, 168, 169]
Min Correction Subset: [14, 21, 57]
Iter 148: 
Min Hitting Set: [0, 4, 7, 8, 14, 17, 20, 21, 22, 27, 28, 33, 36, 40, 43, 45, 46, 48, 51, 52, 53, 56, 66, 69, 74, 75, 101, 107, 113, 117, 124, 168, 169]
Min Correction Subset: [10, 30, 32, 34, 103]
Instance: paths-76-200-230000
----------------------------
Query: 10
Query element:62
Query element:96
Query scope: 79
Query scope: 83
----------------------------
IIS optimality: suboptimal
IIS solution time: 36021.176
IIS Constraint: 0; goods; {good:0}
IIS Constraint: 4; goods; {good:4}
IIS Constraint: 7; goods; {good:7}
IIS Constraint: 8; goods; {good:8}
IIS Constraint: 14; goods; {good:14}
IIS Constraint: 17; goods; {good:17}
IIS Constraint: 20; goods; {good:20}
IIS Constraint: 21; goods; {good:21}
IIS Constraint: 22; goods; {good:22}
IIS Constraint: 27; goods; {good:27}
IIS Constraint: 28; goods; {good:28}
IIS Constraint: 33; goods; {good:33}
IIS Constraint: 36; goods; {good:36}
IIS Constraint: 40; goods; {good:40}
IIS Constraint: 43; goods; {good:43}
IIS Constraint: 45; goods; {good:45}
IIS Constraint: 46; goods; {good:46}
IIS Constraint: 48; goods; {good:48}
IIS Constraint: 51; goods; {good:51}
IIS Constraint: 52; goods; {good:52}
IIS Constraint: 53; goods; {good:53}
IIS Constraint: 56; goods; {good:56}
IIS Constraint: 66; goods; {good:66}
IIS Constraint: 69; goods; {good:69}
IIS Constraint: 74; goods; {good:74}
IIS Constraint: 75; goods; {good:75}
IIS Constraint: 101; goods; {good:101}
IIS Constraint: 107; goods; {good:107}
IIS Constraint: 113; goods; {good:113}
IIS Constraint: 117; goods; {good:117}
IIS Constraint: 124; goods; {good:124}
IIS Constraint: 168; query; {goods:[62,96],query:10}
IIS Constraint: 169; max; {f:21.866981000000003,objective:max}
