IIS generation
Iter 1: 
Min Hitting Set: []
Min Correction Subset: [102]
Iter 2: 
Min Hitting Set: [102]
Min Correction Subset: [95]
Iter 3: 
Min Hitting Set: [95, 102]
Min Correction Subset: [97]
Iter 4: 
Min Hitting Set: [95, 97, 102]
Min Correction Subset: [99]
Iter 5: 
Min Hitting Set: [95, 97, 99, 102]
Min Correction Subset: [94]
Iter 6: 
Min Hitting Set: [94, 95, 97, 99, 102]
Min Correction Subset: [76]
Iter 7: 
Min Hitting Set: [76, 94, 95, 97, 99, 102]
Min Correction Subset: [79]
Iter 8: 
Min Hitting Set: [76, 79, 94, 95, 97, 99, 102]
Min Correction Subset: [88]
Iter 9: 
Min Hitting Set: [76, 79, 88, 94, 95, 97, 99, 102]
Min Correction Subset: [96]
Iter 10: 
Min Hitting Set: [76, 79, 88, 94, 95, 96, 97, 99, 102]
Min Correction Subset: [91]
Iter 11: 
Min Hitting Set: [76, 79, 88, 91, 94, 95, 96, 97, 99, 102]
Min Correction Subset: [80]
Iter 12: 
Min Hitting Set: [76, 79, 80, 88, 91, 94, 95, 96, 97, 99, 102]
Min Correction Subset: [77]
Iter 13: 
Min Hitting Set: [76, 77, 79, 80, 88, 91, 94, 95, 96, 97, 99, 102]
Min Correction Subset: [92]
Iter 14: 
Min Hitting Set: [76, 77, 79, 80, 88, 91, 92, 94, 95, 96, 97, 99, 102]
Min Correction Subset: [86]
Iter 15: 
Min Hitting Set: [76, 77, 79, 80, 86, 88, 91, 92, 94, 95, 96, 97, 99, 102]
Min Correction Subset: [85]
Iter 16: 
Min Hitting Set: [76, 77, 79, 80, 85, 86, 88, 91, 92, 94, 95, 96, 97, 99, 102]
Min Correction Subset: [83]
Iter 17: 
Min Hitting Set: [76, 77, 79, 80, 83, 85, 86, 88, 91, 92, 94, 95, 96, 97, 99, 102]
Min Correction Subset: [78, 84]
Iter 18: 
Min Hitting Set: [76, 77, 78, 79, 80, 83, 85, 86, 88, 91, 92, 94, 95, 96, 97, 99, 102]
Min Correction Subset: [48, 98]
Iter 19: 
Min Hitting Set: [48, 76, 77, 78, 79, 80, 83, 85, 86, 88, 91, 92, 94, 95, 96, 97, 99, 102]
Min Correction Subset: [12, 44]
Iter 20: 
Min Hitting Set: [12, 48, 76, 77, 78, 79, 80, 83, 85, 86, 88, 91, 92, 94, 95, 96, 97, 99, 102]
Min Correction Subset: [8, 89]
Iter 21: 
Min Hitting Set: [8, 12, 48, 76, 77, 78, 79, 80, 83, 85, 86, 88, 91, 92, 94, 95, 96, 97, 99, 102]
Min Correction Subset: [44, 89]
Iter 22: 
Min Hitting Set: [44, 48, 76, 77, 78, 79, 80, 83, 85, 86, 88, 89, 91, 92, 94, 95, 96, 97, 99, 102]
Min Correction Subset: [12, 84]
Iter 23: 
Min Hitting Set: [12, 48, 76, 77, 79, 80, 83, 84, 85, 86, 88, 89, 91, 92, 94, 95, 96, 97, 99, 102]
Min Correction Subset: [8, 44]
Iter 24: 
Min Hitting Set: [8, 44, 48, 76, 77, 79, 80, 83, 84, 85, 86, 88, 91, 92, 94, 95, 96, 97, 99, 102]
Min Correction Subset: [25, 39]
Iter 25: 
Min Hitting Set: [8, 25, 44, 48, 76, 77, 79, 80, 83, 84, 85, 86, 88, 91, 92, 94, 95, 96, 97, 99, 102]
Min Correction Subset: [12, 89]
Iter 26: 
Min Hitting Set: [25, 44, 48, 76, 77, 79, 80, 83, 84, 85, 86, 88, 89, 91, 92, 94, 95, 96, 97, 99, 102]
Min Correction Subset: [29, 78]
Iter 27: 
Min Hitting Set: [8, 12, 25, 44, 48, 76, 77, 78, 79, 80, 83, 85, 86, 88, 91, 92, 94, 95, 96, 97, 99, 102]
Min Correction Subset: [56, 89]
Iter 28: 
Min Hitting Set: [12, 25, 44, 48, 76, 77, 78, 79, 80, 83, 85, 86, 88, 89, 91, 92, 94, 95, 96, 97, 99, 102]
Min Correction Subset: [8, 84]
Iter 29: 
Min Hitting Set: [8, 12, 25, 48, 76, 77, 78, 79, 80, 83, 85, 86, 88, 89, 91, 92, 94, 95, 96, 97, 99, 102]
Min Correction Subset: [16, 44]
Iter 30: 
Min Hitting Set: [25, 44, 48, 76, 77, 78, 79, 80, 83, 84, 85, 86, 88, 89, 91, 92, 94, 95, 96, 97, 99, 102]
Min Correction Subset: [20, 40]
Iter 31: 
Min Hitting Set: [20, 25, 44, 48, 76, 77, 78, 79, 80, 83, 84, 85, 86, 88, 89, 91, 92, 94, 95, 96, 97, 99, 102]
Min Correction Subset: [67, 100]
Iter 32: 
Min Hitting Set: [20, 25, 44, 48, 67, 76, 77, 78, 79, 80, 83, 84, 85, 86, 88, 89, 91, 92, 94, 95, 96, 97, 99, 102]
Min Correction Subset: [40, 100]
Iter 33: 
Min Hitting Set: [25, 40, 44, 48, 76, 77, 78, 79, 80, 83, 84, 85, 86, 88, 89, 91, 92, 94, 95, 96, 97, 99, 100, 102]
Min Correction Subset: [8, 93]
Iter 34: 
Min Hitting Set: [8, 12, 25, 40, 44, 48, 76, 77, 78, 79, 80, 83, 85, 86, 88, 89, 91, 92, 94, 95, 96, 97, 99, 100, 102]
Min Correction Subset: [20, 84]
Iter 35: 
Min Hitting Set: [8, 20, 25, 44, 48, 76, 77, 78, 79, 80, 83, 84, 85, 86, 88, 89, 91, 92, 94, 95, 96, 97, 99, 100, 102]
Min Correction Subset: [40, 67]
Iter 36: 
Min Hitting Set: [8, 25, 40, 44, 48, 67, 76, 77, 78, 79, 80, 83, 84, 85, 86, 88, 89, 91, 92, 94, 95, 96, 97, 99, 102]
Min Correction Subset: [20, 100]
Iter 37: 
Min Hitting Set: [8, 25, 40, 44, 48, 76, 77, 78, 79, 80, 83, 84, 85, 86, 88, 89, 91, 92, 94, 95, 96, 97, 99, 100, 102]
Min Correction Subset: [12, 41]
Iter 38: 
Min Hitting Set: [8, 12, 20, 25, 40, 44, 48, 67, 76, 77, 78, 79, 80, 83, 85, 86, 88, 89, 91, 92, 94, 95, 96, 97, 99, 102]
Min Correction Subset: [37, 100]
Iter 39: 
Min Hitting Set: [8, 12, 20, 25, 40, 44, 48, 76, 77, 78, 79, 80, 83, 85, 86, 88, 89, 91, 92, 94, 95, 96, 97, 99, 100, 102]
Min Correction Subset: [4, 84]
Iter 40: 
Min Hitting Set: [8, 12, 25, 40, 44, 48, 76, 77, 78, 79, 80, 83, 84, 85, 86, 88, 89, 91, 92, 94, 95, 96, 97, 99, 100, 102]
Min Correction Subset: [16, 41]
Iter 41: 
Min Hitting Set: [8, 25, 40, 41, 44, 48, 76, 77, 78, 79, 80, 83, 84, 85, 86, 88, 89, 91, 92, 94, 95, 96, 97, 99, 100, 102]
Min Correction Subset: [82, 101]
Iter 42: 
Min Hitting Set: [8, 25, 40, 41, 44, 48, 76, 77, 78, 79, 80, 82, 83, 84, 85, 86, 88, 89, 91, 92, 94, 95, 96, 97, 99, 100, 102]
Min Correction Subset: [72, 87]
Iter 43: 
Min Hitting Set: [8, 25, 40, 41, 44, 48, 72, 76, 77, 78, 79, 80, 82, 83, 84, 85, 86, 88, 89, 91, 92, 94, 95, 96, 97, 99, 100, 102]
Min Correction Subset: [20, 67, 93]
Iter 44: 
Min Hitting Set: [25, 40, 41, 44, 48, 72, 76, 77, 78, 79, 80, 82, 83, 84, 85, 86, 88, 89, 91, 92, 93, 94, 95, 96, 97, 99, 100, 102]
Min Correction Subset: [8, 29]
Iter 45: 
Min Hitting Set: [25, 29, 40, 41, 44, 48, 72, 76, 77, 79, 80, 82, 83, 84, 85, 86, 88, 89, 91, 92, 93, 94, 95, 96, 97, 99, 100, 102]
Min Correction Subset: [33, 78]
Iter 46: 
Min Hitting Set: [8, 25, 40, 41, 44, 48, 67, 72, 76, 77, 78, 79, 80, 82, 83, 84, 85, 86, 88, 89, 91, 92, 94, 95, 96, 97, 99, 100, 102]
Min Correction Subset: [12, 55, 93]
Iter 47: 
Min Hitting Set: [8, 12, 16, 25, 40, 48, 67, 72, 76, 77, 78, 79, 80, 82, 83, 84, 85, 86, 88, 89, 91, 92, 94, 95, 96, 97, 99, 100, 102]
Min Correction Subset: [20, 44]
Iter 48: 
Min Hitting Set: [8, 12, 16, 20, 25, 40, 48, 72, 76, 77, 78, 79, 80, 82, 83, 84, 85, 86, 88, 89, 91, 92, 94, 95, 96, 97, 99, 100, 102]
Min Correction Subset: [44, 67]
Iter 49: 
Min Hitting Set: [8, 12, 16, 20, 25, 48, 67, 72, 76, 77, 78, 79, 80, 82, 83, 84, 85, 86, 88, 89, 91, 92, 94, 95, 96, 97, 99, 100, 102]
Min Correction Subset: [44, 98]
Iter 50: 
Min Hitting Set: [8, 12, 16, 20, 25, 67, 72, 76, 77, 78, 79, 80, 82, 83, 84, 85, 86, 88, 89, 91, 92, 94, 95, 96, 97, 98, 99, 100, 102]
Min Correction Subset: [48, 101]
Iter 51: 
Min Hitting Set: [8, 12, 16, 20, 25, 67, 72, 76, 77, 78, 79, 80, 83, 84, 85, 86, 88, 89, 91, 92, 94, 95, 96, 97, 98, 99, 100, 101, 102]
Min Correction Subset: [48, 82]
Iter 52: 
Min Hitting Set: [8, 25, 40, 41, 44, 48, 72, 76, 77, 78, 79, 80, 82, 83, 84, 85, 86, 88, 89, 91, 92, 93, 94, 95, 96, 97, 99, 100, 102]
Min Correction Subset: [20, 67, 90]
Iter 53: 
Min Hitting Set: [8, 12, 16, 20, 25, 44, 48, 67, 72, 76, 77, 78, 79, 80, 82, 83, 84, 85, 86, 88, 89, 91, 92, 94, 95, 96, 97, 99, 100, 102]
Min Correction Subset: [40, 101]
Iter 54: 
Min Hitting Set: [8, 12, 16, 20, 25, 67, 72, 76, 77, 78, 79, 80, 82, 83, 84, 85, 86, 88, 89, 91, 92, 94, 95, 96, 97, 98, 99, 100, 101, 102]
Min Correction Subset: [17, 40]
Iter 55: 
Min Hitting Set: [8, 12, 16, 20, 25, 40, 44, 48, 72, 76, 77, 78, 79, 80, 82, 83, 84, 85, 86, 88, 89, 91, 92, 94, 95, 96, 97, 99, 100, 102]
Min Correction Subset: [41, 67]
Iter 56: 
Min Hitting Set: [8, 12, 20, 25, 40, 41, 44, 48, 72, 76, 77, 78, 79, 80, 82, 83, 84, 85, 86, 88, 89, 91, 92, 94, 95, 96, 97, 99, 100, 102]
Min Correction Subset: [16, 29, 93]
Iter 57: 
Min Hitting Set: [8, 20, 25, 40, 41, 44, 48, 72, 76, 77, 78, 79, 80, 82, 83, 84, 85, 86, 88, 89, 91, 92, 93, 94, 95, 96, 97, 99, 100, 102]
Min Correction Subset: [16, 67, 90]
Iter 58: 
Min Hitting Set: [8, 25, 40, 41, 44, 48, 67, 72, 76, 77, 78, 79, 80, 82, 83, 84, 85, 86, 88, 89, 91, 92, 93, 94, 95, 96, 97, 99, 100, 102]
Min Correction Subset: [20, 37, 39]
Iter 59: 
Min Hitting Set: [8, 39, 40, 41, 44, 48, 67, 72, 76, 77, 78, 79, 80, 82, 83, 84, 85, 86, 88, 89, 91, 92, 93, 94, 95, 96, 97, 99, 100, 102]
Min Correction Subset: [12, 37, 55]
Iter 60: 
Min Hitting Set: [8, 12, 16, 39, 40, 44, 48, 67, 72, 76, 77, 78, 79, 80, 82, 83, 84, 85, 86, 88, 89, 91, 92, 94, 95, 96, 97, 99, 100, 102]
Min Correction Subset: [20, 41]
Iter 61: 
Min Hitting Set: [8, 37, 39, 40, 41, 44, 48, 67, 72, 76, 77, 78, 79, 80, 82, 83, 84, 85, 86, 88, 89, 91, 92, 93, 94, 95, 96, 97, 99, 100, 102]
Min Correction Subset: [12, 29, 55]
Iter 62: 
Min Hitting Set: [8, 12, 29, 39, 40, 41, 44, 48, 67, 72, 76, 77, 78, 79, 80, 82, 83, 84, 85, 86, 88, 89, 91, 92, 94, 95, 96, 97, 99, 100, 102]
Min Correction Subset: [20, 37, 93]
Iter 63: 
Min Hitting Set: [8, 12, 16, 20, 39, 40, 44, 48, 67, 72, 76, 77, 78, 79, 80, 82, 83, 84, 85, 86, 88, 89, 91, 92, 94, 95, 96, 97, 99, 100, 102]
Min Correction Subset: [41, 81, 101]
Iter 64: 
Min Hitting Set: [29, 37, 39, 40, 41, 44, 48, 67, 72, 76, 77, 78, 79, 80, 83, 84, 85, 86, 88, 89, 91, 92, 93, 94, 95, 96, 97, 99, 100, 101, 102]
Min Correction Subset: [8, 25]
Iter 65: 
Min Hitting Set: [25, 29, 37, 40, 41, 44, 48, 67, 72, 76, 77, 78, 79, 80, 83, 84, 85, 86, 88, 89, 91, 92, 93, 94, 95, 96, 97, 99, 100, 101, 102]
Min Correction Subset: [8, 82]
Iter 66: 
Min Hitting Set: [25, 29, 37, 40, 41, 44, 48, 67, 72, 76, 77, 78, 79, 80, 82, 83, 84, 85, 86, 88, 89, 91, 92, 93, 94, 95, 96, 97, 99, 100, 102]
Min Correction Subset: [8, 52]
Iter 67: 
Min Hitting Set: [8, 12, 39, 40, 41, 44, 48, 67, 72, 76, 77, 78, 79, 80, 82, 83, 84, 85, 86, 88, 89, 91, 92, 93, 94, 95, 96, 97, 99, 100, 102]
Min Correction Subset: [20, 52, 101]
Iter 68: 
Min Hitting Set: [8, 12, 16, 20, 39, 40, 44, 48, 67, 72, 76, 77, 78, 79, 80, 83, 84, 85, 86, 88, 89, 91, 92, 94, 95, 96, 97, 99, 100, 101, 102]
Min Correction Subset: [41, 82]
Iter 69: 
Min Hitting Set: [8, 12, 16, 20, 39, 40, 67, 72, 76, 77, 78, 79, 80, 82, 83, 84, 85, 86, 88, 89, 91, 92, 94, 95, 96, 97, 98, 99, 100, 101, 102]
Min Correction Subset: [17, 48]
Iter 70: 
Min Hitting Set: [8, 12, 16, 17, 20, 25, 67, 72, 76, 77, 78, 79, 80, 82, 83, 84, 85, 86, 88, 89, 91, 92, 94, 95, 96, 97, 98, 99, 100, 101, 102]
Min Correction Subset: [41, 48]
Iter 71: 
Min Hitting Set: [8, 12, 16, 20, 25, 40, 41, 44, 48, 72, 76, 77, 78, 79, 80, 82, 83, 84, 85, 86, 88, 89, 91, 92, 94, 95, 96, 97, 99, 100, 102]
Min Correction Subset: [52, 53, 67]
Iter 72: 
Min Hitting Set: [8, 12, 39, 40, 41, 44, 48, 67, 72, 76, 77, 78, 79, 80, 83, 84, 85, 86, 88, 89, 91, 92, 93, 94, 95, 96, 97, 99, 100, 101, 102]
Min Correction Subset: [10, 82]
Iter 73: 
Min Hitting Set: [25, 29, 37, 40, 41, 44, 48, 52, 67, 72, 76, 77, 78, 79, 80, 82, 83, 84, 85, 86, 88, 89, 91, 92, 93, 94, 95, 96, 97, 99, 100, 102]
Min Correction Subset: [8, 20, 90]
Iter 74: 
Min Hitting Set: [20, 25, 29, 37, 40, 41, 44, 48, 52, 67, 72, 76, 77, 78, 79, 80, 82, 83, 84, 85, 86, 88, 89, 91, 92, 93, 94, 95, 96, 97, 99, 102]
Min Correction Subset: [12, 100]
Iter 75: 
Min Hitting Set: [8, 12, 20, 25, 29, 37, 40, 41, 44, 48, 67, 72, 76, 77, 78, 79, 80, 82, 83, 84, 85, 86, 88, 89, 91, 92, 94, 95, 96, 97, 99, 102]
Min Correction Subset: [16, 100]
Iter 76: 
Min Hitting Set: [8, 12, 20, 39, 40, 41, 44, 48, 67, 72, 76, 77, 78, 79, 80, 82, 83, 84, 85, 86, 88, 89, 91, 92, 93, 94, 95, 96, 97, 99, 100, 102]
Min Correction Subset: [16, 29, 101]
Iter 77: 
Min Hitting Set: [8, 12, 39, 40, 41, 44, 48, 67, 72, 76, 77, 78, 79, 80, 82, 83, 84, 85, 86, 88, 89, 91, 92, 93, 94, 95, 96, 97, 99, 100, 101, 102]
Min Correction Subset: [16, 52, 59, 90]
Iter 78: 
Min Hitting Set: [25, 29, 37, 40, 41, 44, 48, 52, 72, 76, 77, 78, 79, 80, 82, 83, 84, 85, 86, 88, 89, 90, 91, 92, 93, 94, 95, 96, 97, 99, 100, 102]
Min Correction Subset: [8, 33, 47]
Iter 79: 
Min Hitting Set: [8, 12, 16, 20, 25, 37, 40, 41, 44, 48, 67, 72, 76, 77, 78, 79, 80, 82, 83, 84, 85, 86, 88, 89, 91, 92, 94, 95, 96, 97, 99, 102]
Min Correction Subset: [100, 101]
Iter 80: 
Min Hitting Set: [8, 12, 16, 20, 25, 40, 41, 44, 48, 67, 72, 76, 77, 78, 79, 80, 82, 83, 84, 85, 86, 88, 89, 91, 92, 94, 95, 96, 97, 99, 100, 102]
Min Correction Subset: [37, 39, 55, 81, 93, 101]
Iter 81: 
Min Hitting Set: [25, 29, 33, 37, 40, 41, 44, 48, 52, 72, 76, 77, 79, 80, 82, 83, 84, 85, 86, 88, 89, 90, 91, 92, 93, 94, 95, 96, 97, 99, 100, 102]
Min Correction Subset: [20, 78]
