IIS generation
Iter 1: 
Min Hitting Set: []
Min Correction Subset: [113]
Iter 2: 
Min Hitting Set: [113]
Min Correction Subset: [28]
Iter 3: 
Min Hitting Set: [28, 113]
Min Correction Subset: [72]
Iter 4: 
Min Hitting Set: [28, 72, 113]
Min Correction Subset: [39]
Iter 5: 
Min Hitting Set: [28, 39, 72, 113]
Min Correction Subset: [73]
Iter 6: 
Min Hitting Set: [28, 39, 72, 73, 113]
Min Correction Subset: [31]
Iter 7: 
Min Hitting Set: [28, 31, 39, 72, 73, 113]
Min Correction Subset: [23]
Iter 8: 
Min Hitting Set: [23, 28, 31, 39, 72, 73, 113]
Min Correction Subset: [43]
Iter 9: 
Min Hitting Set: [23, 28, 31, 39, 43, 72, 73, 113]
Min Correction Subset: [10, 62]
Iter 10: 
Min Hitting Set: [10, 23, 28, 31, 39, 43, 72, 73, 113]
Min Correction Subset: [1, 34]
Iter 11: 
Min Hitting Set: [1, 10, 23, 28, 31, 39, 43, 72, 73, 113]
Min Correction Subset: [24, 48]
Iter 12: 
Min Hitting Set: [1, 10, 23, 24, 28, 31, 39, 43, 72, 73, 113]
Min Correction Subset: [16, 70]
Iter 13: 
Min Hitting Set: [1, 10, 16, 23, 24, 28, 31, 39, 43, 72, 73, 113]
Min Correction Subset: [13, 101]
Iter 14: 
Min Hitting Set: [1, 10, 13, 16, 23, 24, 28, 31, 39, 43, 72, 73, 113]
Min Correction Subset: [30, 70]
Iter 15: 
Min Hitting Set: [1, 10, 13, 23, 24, 28, 31, 39, 43, 70, 72, 73, 113]
Min Correction Subset: [8, 45]
Iter 16: 
Min Hitting Set: [1, 8, 10, 13, 23, 24, 28, 31, 39, 43, 70, 72, 73, 113]
Min Correction Subset: [32, 45]
Iter 17: 
Min Hitting Set: [1, 10, 13, 23, 24, 28, 31, 39, 43, 45, 70, 72, 73, 113]
Min Correction Subset: [26, 51]
Iter 18: 
Min Hitting Set: [1, 10, 13, 23, 24, 26, 28, 31, 39, 43, 45, 70, 72, 73, 113]
Min Correction Subset: [37, 44]
Iter 19: 
Min Hitting Set: [1, 10, 13, 23, 24, 26, 28, 31, 37, 39, 43, 45, 70, 72, 73, 113]
Min Correction Subset: [27, 52]
Iter 20: 
Min Hitting Set: [1, 10, 13, 23, 24, 26, 27, 28, 31, 37, 39, 43, 45, 70, 72, 73, 113]
Min Correction Subset: [5, 34]
Iter 21: 
Min Hitting Set: [10, 13, 23, 24, 26, 27, 28, 31, 34, 37, 39, 43, 45, 70, 72, 73, 113]
Min Correction Subset: [33, 60]
Iter 22: 
Min Hitting Set: [10, 13, 23, 24, 26, 27, 28, 31, 33, 34, 37, 39, 43, 45, 70, 72, 73, 113]
Min Correction Subset: [40, 111]
Iter 23: 
Min Hitting Set: [10, 13, 23, 24, 26, 27, 28, 31, 33, 34, 37, 39, 40, 43, 45, 70, 72, 73, 113]
Min Correction Subset: [22, 111]
Iter 24: 
Min Hitting Set: [10, 13, 23, 24, 26, 27, 28, 31, 33, 34, 37, 39, 43, 45, 70, 72, 73, 111, 113]
Min Correction Subset: [5, 44]
Instance: arbitrary-76-200-920000
----------------------------
Query: 9
Query element:50
Query element:69
Query scope: 9
Query scope: 10
Query scope: 27
Query scope: 34
Query scope: 43
Query scope: 52
Query scope: 62
Query scope: 76
Query scope: 100
Query scope: 108
Query scope: 122
Query scope: 123
Query scope: 124
Query scope: 145
Query scope: 146
Query scope: 169
Query scope: 183
Query scope: 185
Query scope: 186
Query scope: 194
Query scope: 201
Query scope: 19
Query scope: 25
Query scope: 30
Query scope: 35
Query scope: 42
Query scope: 47
Query scope: 82
Query scope: 85
Query scope: 91
Query scope: 92
Query scope: 93
Query scope: 121
Query scope: 125
Query scope: 126
Query scope: 141
Query scope: 151
Query scope: 152
Query scope: 164
Query scope: 175
Query scope: 187
Query scope: 190
Query scope: 192
Query scope: 203
----------------------------
IIS optimality: suboptimal
IIS solution time: 36003.976
IIS Constraint: 10; goods; {good:10}
IIS Constraint: 13; goods; {good:13}
IIS Constraint: 23; goods; {good:23}
IIS Constraint: 24; goods; {good:24}
IIS Constraint: 26; goods; {good:26}
IIS Constraint: 27; goods; {good:27}
IIS Constraint: 28; goods; {good:28}
IIS Constraint: 31; goods; {good:31}
IIS Constraint: 33; goods; {good:33}
IIS Constraint: 34; goods; {good:34}
IIS Constraint: 37; goods; {good:37}
IIS Constraint: 39; goods; {good:39}
IIS Constraint: 43; goods; {good:43}
IIS Constraint: 45; goods; {good:45}
IIS Constraint: 70; goods; {good:70}
IIS Constraint: 72; goods; {good:72}
IIS Constraint: 73; goods; {good:73}
IIS Constraint: 111; query; {good:50,query:9}
IIS Constraint: 113; max; {f:4791.3357,objective:max}
