IIS generation
Iter 1: 
Min Hitting Set: []
Min Correction Subset: [165]
Iter 2: 
Min Hitting Set: [165]
Min Correction Subset: [43]
Iter 3: 
Min Hitting Set: [43, 165]
Min Correction Subset: [42]
Iter 4: 
Min Hitting Set: [42, 43, 165]
Min Correction Subset: [72]
Iter 5: 
Min Hitting Set: [42, 43, 72, 165]
Min Correction Subset: [66]
Iter 6: 
Min Hitting Set: [42, 43, 66, 72, 165]
Min Correction Subset: [48]
Iter 7: 
Min Hitting Set: [42, 43, 48, 66, 72, 165]
Min Correction Subset: [30, 95]
Iter 8: 
Min Hitting Set: [30, 42, 43, 48, 66, 72, 165]
Min Correction Subset: [21, 163]
Iter 9: 
Min Hitting Set: [21, 30, 42, 43, 48, 66, 72, 165]
Min Correction Subset: [36, 163]
Iter 10: 
Min Hitting Set: [30, 42, 43, 48, 66, 72, 163, 165]
Min Correction Subset: [5, 32]
Iter 11: 
Min Hitting Set: [5, 30, 42, 43, 48, 66, 72, 163, 165]
Min Correction Subset: [32, 93]
Iter 12: 
Min Hitting Set: [30, 32, 42, 43, 48, 66, 72, 163, 165]
Min Correction Subset: [8, 35]
Iter 13: 
Min Hitting Set: [8, 30, 32, 42, 43, 48, 66, 72, 163, 165]
Min Correction Subset: [35, 40]
Iter 14: 
Min Hitting Set: [30, 32, 35, 42, 43, 48, 66, 72, 163, 165]
Min Correction Subset: [8, 50]
Iter 15: 
Min Hitting Set: [8, 30, 32, 35, 42, 43, 48, 66, 72, 163, 165]
Min Correction Subset: [36, 70]
Iter 16: 
Min Hitting Set: [8, 30, 32, 35, 36, 42, 43, 48, 66, 72, 163, 165]
Min Correction Subset: [13, 14]
Iter 17: 
Min Hitting Set: [8, 13, 30, 32, 35, 36, 42, 43, 48, 66, 72, 163, 165]
Min Correction Subset: [14, 54]
Iter 18: 
Min Hitting Set: [8, 14, 30, 32, 35, 36, 42, 43, 48, 66, 72, 163, 165]
Min Correction Subset: [13, 49]
Iter 19: 
Min Hitting Set: [8, 13, 14, 30, 32, 35, 36, 42, 43, 48, 66, 72, 163, 165]
Min Correction Subset: [41, 57]
Iter 20: 
Min Hitting Set: [8, 13, 14, 30, 32, 35, 36, 41, 42, 43, 48, 66, 72, 163, 165]
Min Correction Subset: [54, 70]
Iter 21: 
Min Hitting Set: [8, 13, 30, 32, 35, 41, 42, 43, 48, 54, 66, 70, 72, 163, 165]
Min Correction Subset: [36, 57]
Iter 22: 
Min Hitting Set: [8, 13, 30, 32, 35, 42, 43, 48, 54, 57, 66, 70, 72, 163, 165]
Min Correction Subset: [14, 21]
Iter 23: 
Min Hitting Set: [8, 13, 14, 30, 32, 35, 42, 43, 48, 57, 66, 70, 72, 163, 165]
Min Correction Subset: [36, 54]
Iter 24: 
Min Hitting Set: [8, 13, 21, 30, 32, 35, 36, 42, 43, 48, 54, 57, 66, 72, 165]
Min Correction Subset: [67, 163]
Iter 25: 
Min Hitting Set: [8, 13, 14, 30, 32, 35, 36, 42, 43, 48, 54, 57, 66, 72, 163, 165]
Min Correction Subset: [20, 70]
Iter 26: 
Min Hitting Set: [8, 13, 14, 30, 32, 35, 42, 43, 48, 54, 57, 66, 70, 72, 163, 165]
Min Correction Subset: [56, 67]
Iter 27: 
Min Hitting Set: [8, 13, 14, 21, 30, 32, 35, 36, 42, 43, 48, 57, 66, 67, 70, 72, 165]
Min Correction Subset: [51, 163]
Iter 28: 
Min Hitting Set: [8, 13, 14, 30, 32, 35, 42, 43, 48, 54, 57, 66, 67, 70, 72, 163, 165]
Min Correction Subset: [21, 39]
Iter 29: 
Min Hitting Set: [8, 13, 21, 30, 32, 35, 42, 43, 48, 54, 57, 66, 67, 70, 72, 163, 165]
Min Correction Subset: [39, 49]
Iter 30: 
Min Hitting Set: [8, 13, 14, 30, 32, 35, 39, 42, 43, 48, 54, 57, 66, 67, 70, 72, 163, 165]
Min Correction Subset: [50, 56]
Iter 31: 
Min Hitting Set: [13, 14, 30, 32, 35, 39, 42, 43, 48, 50, 54, 56, 57, 66, 70, 72, 163, 165]
Min Correction Subset: [8, 46]
Iter 32: 
Min Hitting Set: [8, 13, 14, 30, 32, 35, 39, 42, 43, 48, 54, 56, 57, 66, 70, 72, 163, 165]
Min Correction Subset: [21, 67]
Iter 33: 
Min Hitting Set: [8, 13, 21, 30, 32, 35, 42, 43, 48, 49, 54, 56, 57, 66, 70, 72, 163, 165]
Min Correction Subset: [14, 39]
Iter 34: 
Min Hitting Set: [8, 13, 21, 30, 32, 35, 39, 42, 43, 48, 54, 56, 57, 66, 70, 72, 163, 165]
Min Correction Subset: [14, 60]
Iter 35: 
Min Hitting Set: [8, 14, 21, 30, 32, 35, 36, 42, 43, 48, 49, 56, 57, 66, 70, 72, 163, 165]
Min Correction Subset: [39, 87]
Iter 36: 
Min Hitting Set: [8, 13, 14, 30, 32, 35, 36, 39, 42, 43, 48, 56, 57, 66, 67, 70, 72, 163, 165]
Min Correction Subset: [49, 87]
Iter 37: 
Min Hitting Set: [8, 14, 21, 30, 32, 35, 36, 39, 42, 43, 48, 49, 56, 57, 66, 70, 72, 163, 165]
Min Correction Subset: [16, 60]
Iter 38: 
Min Hitting Set: [8, 14, 21, 30, 32, 35, 42, 43, 48, 49, 54, 56, 57, 60, 66, 70, 72, 87, 163, 165]
Min Correction Subset: [13, 36]
Iter 39: 
Min Hitting Set: [8, 14, 21, 30, 32, 35, 36, 42, 43, 48, 49, 56, 57, 60, 66, 70, 72, 87, 163, 165]
Min Correction Subset: [50, 67]
Iter 40: 
Min Hitting Set: [8, 14, 30, 32, 35, 36, 39, 42, 43, 48, 49, 50, 57, 60, 66, 67, 70, 72, 163, 165]
Min Correction Subset: [7, 21]
Iter 41: 
Min Hitting Set: [8, 14, 21, 30, 32, 35, 36, 42, 43, 48, 49, 56, 57, 60, 66, 67, 70, 72, 87, 163, 165]
Min Correction Subset: [4, 39]
Iter 42: 
Min Hitting Set: [8, 13, 21, 30, 32, 35, 39, 42, 43, 48, 49, 54, 56, 57, 60, 66, 67, 70, 72, 163, 165]
Min Correction Subset: [36, 93]
Iter 43: 
Min Hitting Set: [8, 14, 21, 30, 32, 35, 36, 39, 42, 43, 48, 49, 50, 56, 57, 60, 66, 70, 72, 163, 165]
Min Correction Subset: [13, 93]
Iter 44: 
Min Hitting Set: [8, 13, 21, 30, 32, 35, 36, 39, 42, 43, 48, 49, 54, 56, 57, 60, 66, 67, 70, 72, 163, 165]
Min Correction Subset: [14, 93]
Iter 45: 
Min Hitting Set: [8, 13, 21, 30, 32, 35, 39, 42, 43, 48, 49, 54, 56, 57, 60, 66, 67, 70, 72, 93, 163, 165]
Min Correction Subset: [36, 40]
Iter 46: 
Min Hitting Set: [8, 13, 21, 30, 32, 39, 40, 42, 43, 48, 49, 54, 56, 57, 60, 66, 67, 70, 72, 93, 163, 165]
Min Correction Subset: [34, 35]
Iter 47: 
Min Hitting Set: [8, 13, 14, 21, 30, 32, 35, 36, 39, 42, 43, 48, 49, 50, 56, 57, 60, 66, 70, 72, 163, 165]
Min Correction Subset: [23, 93]
Iter 48: 
Min Hitting Set: [8, 14, 21, 30, 32, 35, 36, 39, 42, 43, 48, 49, 50, 56, 57, 60, 66, 70, 72, 93, 163, 165]
Min Correction Subset: [37, 67]
Iter 49: 
Min Hitting Set: [8, 14, 21, 30, 32, 35, 36, 39, 42, 43, 48, 49, 50, 57, 60, 66, 67, 70, 72, 93, 163, 165]
Min Correction Subset: [69, 86]
Iter 50: 
Min Hitting Set: [8, 14, 21, 30, 32, 35, 36, 39, 42, 43, 48, 49, 50, 57, 60, 66, 67, 69, 70, 72, 93, 163, 165]
Min Correction Subset: [13, 56]
Iter 51: 
Min Hitting Set: [8, 14, 21, 30, 32, 35, 36, 39, 42, 43, 48, 49, 56, 57, 60, 66, 67, 69, 70, 72, 93, 163, 165]
Min Correction Subset: [40, 68]
Iter 52: 
Min Hitting Set: [8, 13, 21, 30, 32, 35, 39, 40, 42, 43, 48, 49, 54, 56, 57, 60, 66, 67, 69, 70, 72, 93, 163, 165]
Min Correction Subset: [36, 87]
Iter 53: 
Min Hitting Set: [8, 14, 21, 30, 32, 35, 36, 39, 40, 42, 43, 48, 49, 56, 57, 60, 66, 67, 69, 70, 72, 93, 163, 165]
Min Correction Subset: [50, 54]
Iter 54: 
Min Hitting Set: [8, 13, 21, 30, 32, 35, 39, 40, 42, 43, 48, 54, 56, 57, 60, 66, 67, 69, 70, 72, 87, 93, 163, 165]
Min Correction Subset: [14, 49]
Iter 55: 
Min Hitting Set: [8, 13, 14, 21, 30, 32, 35, 36, 39, 40, 42, 43, 48, 49, 50, 57, 60, 66, 67, 69, 70, 72, 93, 163, 165]
Min Correction Subset: [46, 56]
Iter 56: 
Min Hitting Set: [13, 14, 21, 30, 32, 35, 36, 39, 40, 42, 43, 46, 48, 49, 50, 57, 60, 66, 67, 69, 70, 72, 93, 163, 165]
Min Correction Subset: [8, 41]
Iter 57: 
Min Hitting Set: [13, 14, 21, 30, 32, 35, 36, 39, 40, 41, 42, 43, 46, 48, 50, 60, 66, 67, 69, 70, 72, 87, 93, 163, 165]
Min Correction Subset: [8, 49]
Iter 58: 
Min Hitting Set: [13, 21, 30, 32, 35, 36, 39, 40, 41, 42, 43, 46, 48, 49, 50, 54, 60, 66, 67, 69, 70, 72, 93, 163, 165]
Min Correction Subset: [8, 14]
Iter 59: 
Min Hitting Set: [14, 21, 30, 32, 35, 36, 39, 40, 41, 42, 43, 46, 48, 49, 50, 56, 60, 66, 67, 69, 70, 72, 93, 163, 165]
Min Correction Subset: [57, 68]
Iter 60: 
Min Hitting Set: [14, 21, 30, 32, 35, 36, 39, 41, 42, 43, 46, 48, 49, 50, 56, 60, 66, 67, 68, 69, 70, 72, 93, 163, 165]
Min Correction Subset: [40, 57]
Iter 61: 
Min Hitting Set: [8, 13, 21, 30, 32, 35, 39, 40, 42, 43, 48, 49, 54, 56, 57, 60, 66, 67, 69, 70, 72, 87, 93, 163, 165]
Min Correction Subset: [41, 85]
Iter 62: 
Min Hitting Set: [13, 14, 21, 30, 32, 35, 36, 39, 40, 41, 42, 43, 46, 48, 49, 50, 57, 60, 66, 67, 69, 70, 72, 93, 163, 165]
Min Correction Subset: [8, 56]
Iter 63: 
Min Hitting Set: [8, 14, 21, 30, 32, 35, 36, 39, 40, 41, 42, 43, 48, 49, 50, 56, 57, 60, 66, 67, 69, 70, 72, 93, 163, 165]
Min Correction Subset: [46, 54]
Iter 64: 
Min Hitting Set: [8, 14, 21, 30, 32, 35, 36, 39, 40, 41, 42, 43, 48, 49, 54, 56, 57, 60, 66, 67, 69, 70, 72, 93, 163, 165]
Min Correction Subset: [1, 13, 46]
Iter 65: 
Min Hitting Set: [14, 21, 30, 32, 35, 36, 39, 40, 41, 42, 43, 46, 48, 49, 50, 56, 57, 60, 66, 67, 69, 70, 72, 93, 163, 165]
Min Correction Subset: [8, 68]
Iter 66: 
Min Hitting Set: [8, 13, 21, 30, 32, 35, 36, 39, 40, 41, 42, 43, 48, 49, 54, 56, 57, 60, 66, 67, 69, 70, 72, 93, 163, 165]
Min Correction Subset: [1, 14, 50]
Iter 67: 
Min Hitting Set: [8, 13, 14, 21, 30, 32, 35, 39, 40, 41, 42, 43, 48, 54, 56, 57, 60, 66, 67, 69, 70, 72, 87, 93, 163, 165]
Min Correction Subset: [49, 50]
Iter 68: 
Min Hitting Set: [14, 21, 30, 32, 35, 36, 39, 41, 42, 43, 46, 48, 49, 50, 56, 57, 60, 66, 67, 68, 69, 70, 72, 93, 163, 165]
Min Correction Subset: [8, 24]
Iter 69: 
Min Hitting Set: [8, 14, 21, 30, 32, 35, 36, 39, 40, 41, 42, 43, 46, 48, 49, 54, 56, 57, 60, 66, 67, 69, 70, 72, 93, 163, 165]
Min Correction Subset: [1, 13, 50]
Iter 70: 
Min Hitting Set: [8, 14, 21, 30, 32, 35, 36, 39, 40, 41, 42, 43, 46, 48, 49, 50, 56, 57, 60, 66, 67, 69, 70, 72, 93, 163, 165]
Min Correction Subset: [54, 68]
Iter 71: 
Min Hitting Set: [8, 14, 21, 30, 32, 35, 36, 39, 40, 41, 42, 43, 46, 48, 49, 50, 56, 60, 66, 67, 68, 69, 70, 72, 93, 163, 165]
Min Correction Subset: [54, 57]
Iter 72: 
Min Hitting Set: [8, 14, 21, 30, 32, 35, 36, 39, 41, 42, 43, 46, 48, 49, 50, 56, 57, 60, 66, 67, 68, 69, 70, 72, 93, 163, 165]
Min Correction Subset: [40, 54]
Iter 73: 
Min Hitting Set: [1, 8, 13, 21, 30, 32, 35, 39, 40, 41, 42, 43, 48, 49, 54, 56, 57, 60, 66, 67, 69, 70, 72, 87, 93, 163, 165]
Min Correction Subset: [4, 5, 14]
Iter 74: 
Min Hitting Set: [1, 5, 8, 13, 21, 30, 35, 39, 40, 41, 42, 43, 48, 49, 54, 56, 57, 60, 66, 67, 69, 70, 72, 87, 93, 163, 165]
Min Correction Subset: [14, 32]
Iter 75: 
Min Hitting Set: [1, 5, 8, 14, 21, 30, 35, 36, 39, 40, 41, 42, 43, 48, 49, 54, 56, 57, 60, 66, 67, 69, 70, 72, 93, 163, 165]
Min Correction Subset: [13, 32]
Iter 76: 
Min Hitting Set: [5, 8, 13, 14, 21, 30, 35, 36, 39, 40, 41, 42, 43, 48, 49, 54, 56, 57, 60, 66, 67, 69, 70, 72, 93, 163, 165]
Min Correction Subset: [32, 85]
Iter 77: 
Min Hitting Set: [8, 13, 14, 21, 30, 32, 35, 36, 39, 40, 42, 43, 48, 49, 54, 56, 57, 60, 66, 67, 69, 70, 72, 85, 93, 163, 165]
Min Correction Subset: [41, 87]
Iter 78: 
Min Hitting Set: [8, 13, 14, 21, 30, 32, 35, 39, 40, 42, 43, 46, 48, 50, 54, 57, 60, 66, 67, 69, 70, 72, 85, 87, 93, 163, 165]
Min Correction Subset: [36, 49]
Iter 79: 
Min Hitting Set: [8, 13, 14, 21, 30, 32, 35, 39, 40, 42, 43, 48, 49, 54, 56, 57, 60, 66, 67, 69, 70, 72, 85, 87, 93, 163, 165]
Min Correction Subset: [36, 41]
Iter 80: 
Min Hitting Set: [1, 8, 14, 21, 30, 32, 35, 36, 39, 40, 41, 42, 43, 48, 49, 54, 56, 57, 60, 66, 67, 69, 70, 72, 93, 163, 165]
Min Correction Subset: [13, 20, 46]
Iter 81: 
Min Hitting Set: [1, 8, 14, 20, 21, 30, 32, 35, 36, 39, 40, 41, 42, 43, 48, 49, 54, 56, 57, 60, 66, 67, 69, 72, 93, 163, 165]
Min Correction Subset: [70, 85]
Iter 82: 
Min Hitting Set: [8, 13, 14, 21, 30, 32, 35, 39, 40, 41, 42, 43, 48, 49, 54, 56, 57, 60, 66, 67, 69, 70, 72, 87, 93, 163, 165]
Min Correction Subset: [36, 37, 85]
Iter 83: 
Min Hitting Set: [8, 13, 14, 21, 30, 32, 35, 36, 39, 40, 41, 42, 43, 48, 49, 54, 56, 57, 60, 66, 67, 69, 70, 72, 93, 163, 165]
Min Correction Subset: [5, 50, 85]
Iter 84: 
Min Hitting Set: [1, 5, 8, 13, 21, 30, 32, 35, 36, 39, 40, 41, 42, 43, 48, 49, 54, 56, 57, 60, 66, 67, 69, 70, 72, 93, 163, 165]
Min Correction Subset: [14, 37, 85]
Iter 85: 
Min Hitting Set: [5, 8, 13, 21, 30, 32, 35, 37, 39, 40, 41, 42, 43, 48, 49, 50, 54, 56, 57, 60, 66, 69, 70, 72, 87, 93, 163, 165]
Min Correction Subset: [1, 67]
Iter 86: 
Min Hitting Set: [8, 14, 21, 30, 32, 35, 36, 39, 40, 41, 42, 43, 46, 48, 49, 50, 54, 56, 57, 60, 66, 67, 69, 70, 72, 93, 163, 165]
Min Correction Subset: [4, 12, 13]
Iter 87: 
Min Hitting Set: [8, 13, 14, 21, 30, 32, 35, 39, 40, 41, 42, 43, 48, 49, 54, 56, 57, 60, 66, 67, 69, 70, 72, 85, 87, 93, 163, 165]
Min Correction Subset: [4, 5, 36]
Iter 88: 
Min Hitting Set: [8, 13, 14, 21, 30, 32, 35, 36, 39, 40, 42, 43, 48, 50, 54, 56, 57, 60, 66, 67, 69, 70, 72, 85, 87, 93, 163, 165]
Min Correction Subset: [23, 49]
Iter 89: 
Min Hitting Set: [8, 13, 14, 21, 30, 32, 35, 36, 39, 40, 42, 43, 48, 49, 54, 56, 57, 60, 66, 67, 69, 70, 72, 85, 87, 93, 163, 165]
Min Correction Subset: [34, 41, 50]
Iter 90: 
Min Hitting Set: [8, 13, 14, 21, 30, 32, 34, 36, 39, 40, 42, 43, 48, 49, 54, 56, 57, 60, 66, 67, 69, 70, 72, 85, 87, 93, 163, 165]
Min Correction Subset: [1, 35]
Iter 91: 
Min Hitting Set: [8, 13, 14, 21, 23, 30, 32, 35, 36, 39, 40, 42, 43, 48, 50, 54, 56, 57, 60, 66, 67, 69, 70, 72, 85, 87, 163, 165]
Min Correction Subset: [41, 49]
Iter 92: 
Min Hitting Set: [8, 13, 14, 21, 30, 32, 35, 36, 39, 40, 41, 42, 43, 48, 49, 50, 54, 56, 57, 60, 66, 67, 69, 70, 72, 93, 163, 165]
Min Correction Subset: [68, 85, 101]
Iter 93: 
Min Hitting Set: [8, 13, 14, 21, 30, 32, 35, 36, 39, 40, 41, 42, 43, 48, 49, 50, 54, 56, 60, 66, 67, 68, 69, 70, 72, 93, 163, 165]
Min Correction Subset: [4, 46, 85]
Iter 94: 
Min Hitting Set: [8, 13, 14, 21, 30, 32, 35, 36, 39, 40, 41, 42, 43, 48, 49, 54, 56, 57, 60, 66, 67, 69, 70, 72, 85, 93, 163, 165]
Min Correction Subset: [1, 50, 98]
Iter 95: 
Min Hitting Set: [8, 13, 14, 21, 30, 32, 35, 36, 39, 40, 41, 42, 43, 46, 48, 49, 50, 54, 60, 66, 67, 68, 69, 70, 72, 93, 163, 165]
Min Correction Subset: [56, 57]
Iter 96: 
Min Hitting Set: [8, 13, 14, 21, 30, 32, 35, 36, 39, 41, 42, 43, 46, 48, 49, 50, 54, 57, 60, 66, 67, 68, 69, 70, 72, 93, 163, 165]
Min Correction Subset: [40, 56]
Iter 97: 
Min Hitting Set: [8, 13, 14, 21, 30, 32, 35, 36, 39, 40, 41, 42, 43, 46, 48, 49, 50, 57, 60, 66, 67, 68, 69, 70, 72, 93, 163, 165]
Min Correction Subset: [56, 87]
Iter 98: 
Min Hitting Set: [8, 13, 14, 21, 23, 30, 32, 35, 36, 39, 40, 41, 42, 43, 46, 48, 50, 57, 60, 66, 67, 68, 69, 70, 72, 87, 163, 165]
Min Correction Subset: [4, 49]
Iter 99: 
Min Hitting Set: [1, 4, 8, 14, 20, 21, 30, 32, 34, 36, 40, 42, 43, 48, 49, 54, 56, 57, 60, 66, 67, 69, 72, 85, 87, 93, 163, 165]
Min Correction Subset: [13, 35]
Iter 100: 
Min Hitting Set: [8, 13, 14, 21, 30, 32, 35, 36, 39, 42, 43, 48, 49, 50, 54, 56, 57, 60, 66, 67, 68, 69, 70, 72, 85, 87, 93, 163, 165]
Min Correction Subset: [40, 41]
Iter 101: 
Min Hitting Set: [8, 13, 14, 21, 30, 32, 35, 36, 39, 41, 42, 43, 48, 49, 50, 54, 56, 57, 60, 66, 67, 68, 69, 70, 72, 85, 93, 163, 165]
Min Correction Subset: [40, 87]
Iter 102: 
Min Hitting Set: [1, 4, 8, 14, 20, 21, 30, 32, 34, 35, 36, 40, 42, 43, 48, 49, 54, 56, 57, 60, 66, 67, 69, 72, 85, 87, 93, 163, 165]
Min Correction Subset: [39, 70]
Iter 103: 
Min Hitting Set: [4, 8, 14, 21, 30, 32, 35, 36, 41, 42, 43, 46, 48, 49, 50, 54, 56, 57, 60, 66, 67, 68, 69, 70, 72, 87, 93, 163, 165]
Min Correction Subset: [39, 85]
Iter 104: 
Min Hitting Set: [4, 8, 13, 14, 21, 30, 32, 35, 40, 41, 42, 43, 46, 48, 49, 50, 54, 57, 60, 66, 67, 69, 70, 72, 85, 87, 93, 163, 165]
Min Correction Subset: [36, 56]
Iter 105: 
Min Hitting Set: [4, 8, 13, 14, 21, 30, 32, 35, 36, 40, 42, 43, 46, 48, 49, 50, 57, 60, 66, 67, 68, 69, 70, 72, 85, 87, 93, 163, 165]
Min Correction Subset: [41, 56]
Iter 106: 
Min Hitting Set: [1, 8, 13, 14, 20, 21, 30, 32, 34, 36, 39, 40, 41, 42, 43, 48, 49, 54, 56, 57, 60, 66, 67, 69, 72, 85, 93, 163, 165]
Min Correction Subset: [35, 87]
Iter 107: 
Min Hitting Set: [1, 8, 13, 14, 20, 21, 30, 32, 35, 36, 39, 40, 41, 42, 43, 48, 49, 54, 56, 57, 60, 66, 67, 69, 72, 85, 93, 163, 165]
Min Correction Subset: [5, 70, 77]
Iter 108: 
Min Hitting Set: [1, 5, 8, 13, 20, 21, 30, 32, 35, 36, 39, 40, 41, 42, 43, 48, 49, 54, 56, 57, 60, 66, 67, 69, 72, 85, 93, 163, 165]
Min Correction Subset: [14, 70]
Iter 109: 
Min Hitting Set: [1, 5, 8, 13, 21, 30, 32, 35, 36, 39, 40, 41, 42, 43, 48, 49, 54, 56, 57, 60, 66, 67, 69, 70, 72, 85, 93, 163, 165]
Min Correction Subset: [4, 14, 50]
Iter 110: 
Min Hitting Set: [5, 8, 13, 21, 30, 32, 35, 36, 39, 40, 41, 42, 43, 48, 49, 50, 54, 56, 57, 60, 66, 67, 69, 70, 72, 85, 93, 163, 165]
Min Correction Subset: [1, 14, 46]
Iter 111: 
Min Hitting Set: [4, 8, 13, 14, 21, 23, 30, 32, 35, 36, 39, 40, 41, 42, 43, 48, 50, 54, 56, 60, 66, 67, 68, 69, 70, 72, 87, 163, 165]
Min Correction Subset: [49, 57]
Iter 112: 
Min Hitting Set: [1, 4, 8, 13, 21, 30, 32, 34, 36, 39, 40, 42, 43, 48, 49, 54, 56, 57, 60, 66, 67, 69, 70, 72, 85, 87, 93, 163, 165]
Min Correction Subset: [14, 35]
Iter 113: 
Min Hitting Set: [1, 4, 8, 13, 21, 30, 32, 35, 36, 39, 40, 41, 42, 43, 48, 49, 54, 56, 57, 60, 66, 67, 69, 70, 72, 85, 93, 163, 165]
Min Correction Subset: [5, 14, 86]
Iter 114: 
Min Hitting Set: [1, 4, 8, 13, 21, 30, 32, 35, 36, 39, 40, 41, 42, 43, 48, 49, 54, 56, 57, 60, 66, 67, 70, 72, 85, 86, 93, 163, 165]
Min Correction Subset: [14, 68, 78]
Iter 115: 
Min Hitting Set: [1, 4, 8, 13, 21, 30, 32, 35, 36, 37, 39, 40, 41, 42, 43, 48, 49, 50, 54, 56, 60, 66, 68, 70, 72, 86, 93, 163, 165]
Min Correction Subset: [14, 67]
Iter 116: 
Min Hitting Set: [4, 8, 13, 14, 21, 30, 32, 35, 36, 39, 40, 41, 42, 43, 48, 49, 50, 54, 56, 60, 66, 67, 68, 70, 72, 86, 93, 163, 165]
Min Correction Subset: [46, 57, 87]
Iter 117: 
Min Hitting Set: [8, 13, 14, 21, 30, 32, 35, 36, 39, 40, 41, 42, 43, 46, 48, 49, 50, 54, 56, 60, 66, 67, 68, 70, 72, 86, 93, 163, 165]
Min Correction Subset: [20, 55, 57]
Iter 118: 
Min Hitting Set: [8, 13, 14, 21, 30, 32, 35, 36, 39, 40, 41, 42, 43, 48, 49, 50, 54, 56, 57, 60, 66, 67, 70, 72, 85, 86, 93, 163, 165]
Min Correction Subset: [6, 44, 79]
Iter 119: 
Min Hitting Set: [6, 8, 13, 14, 21, 30, 32, 35, 36, 39, 40, 41, 42, 43, 48, 49, 50, 54, 56, 57, 60, 66, 67, 70, 72, 85, 86, 93, 163, 165]
Min Correction Subset: [1, 46, 98]
Iter 120: 
Min Hitting Set: [1, 6, 8, 13, 14, 21, 30, 32, 35, 36, 39, 40, 41, 42, 43, 48, 49, 54, 56, 57, 60, 66, 67, 70, 72, 85, 86, 93, 163, 165]
Min Correction Subset: [50, 87, 90]
Iter 121: 
Min Hitting Set: [6, 8, 13, 14, 21, 30, 32, 35, 36, 39, 40, 41, 42, 43, 46, 48, 49, 50, 56, 57, 60, 66, 67, 68, 70, 72, 86, 93, 163, 165]
Min Correction Subset: [4, 23, 54]
Instance: paths-76-200-770000
----------------------------
Query: 9
Query element:51
Query element:25
Query scope: 3
Query scope: 35
Query scope: 57
Query scope: 58
Query scope: 73
Query scope: 138
Query scope: 139
Query scope: 167
Query scope: 168
Query scope: 171
Query scope: 173
Query scope: 174
Query scope: 192
Query scope: 193
Query scope: 25
Query scope: 76
Query scope: 92
Query scope: 157
Query scope: 165
----------------------------
IIS optimality: suboptimal
IIS solution time: 36079.249
IIS Constraint: 6; goods; {good:6}
IIS Constraint: 8; goods; {good:8}
IIS Constraint: 13; goods; {good:13}
IIS Constraint: 14; goods; {good:14}
IIS Constraint: 21; goods; {good:21}
IIS Constraint: 30; goods; {good:30}
IIS Constraint: 32; goods; {good:32}
IIS Constraint: 35; goods; {good:35}
IIS Constraint: 36; goods; {good:36}
IIS Constraint: 39; goods; {good:39}
IIS Constraint: 40; goods; {good:40}
IIS Constraint: 41; goods; {good:41}
IIS Constraint: 42; goods; {good:42}
IIS Constraint: 43; goods; {good:43}
IIS Constraint: 46; goods; {good:46}
IIS Constraint: 48; goods; {good:48}
IIS Constraint: 49; goods; {good:49}
IIS Constraint: 50; goods; {good:50}
IIS Constraint: 56; goods; {good:56}
IIS Constraint: 57; goods; {good:57}
IIS Constraint: 60; goods; {good:60}
IIS Constraint: 66; goods; {good:66}
IIS Constraint: 67; goods; {good:67}
IIS Constraint: 68; goods; {good:68}
IIS Constraint: 70; goods; {good:70}
IIS Constraint: 72; goods; {good:72}
IIS Constraint: 86; goods; {good:86}
IIS Constraint: 93; goods; {good:93}
IIS Constraint: 163; query; {good:51,query:9}
IIS Constraint: 165; max; {f:24.840325,objective:max}
