IIS generation
Iter 1: 
Min Hitting Set: []
Min Correction Subset: [161]
Iter 2: 
Min Hitting Set: [161]
Min Correction Subset: [38]
Iter 3: 
Min Hitting Set: [38, 161]
Min Correction Subset: [0, 34]
Iter 4: 
Min Hitting Set: [0, 38, 161]
Min Correction Subset: [34, 49]
Iter 5: 
Min Hitting Set: [34, 38, 161]
Min Correction Subset: [48, 70]
Iter 6: 
Min Hitting Set: [34, 38, 48, 161]
Min Correction Subset: [0, 54]
Iter 7: 
Min Hitting Set: [0, 34, 38, 48, 161]
Min Correction Subset: [32, 35]
Iter 8: 
Min Hitting Set: [0, 32, 34, 38, 48, 161]
Min Correction Subset: [10, 22]
Iter 9: 
Min Hitting Set: [0, 10, 32, 34, 38, 48, 161]
Min Correction Subset: [35, 47]
Iter 10: 
Min Hitting Set: [0, 10, 34, 35, 38, 48, 161]
Min Correction Subset: [13, 61]
Iter 11: 
Min Hitting Set: [0, 10, 13, 34, 35, 38, 48, 161]
Min Correction Subset: [30, 61]
Iter 12: 
Min Hitting Set: [0, 10, 34, 35, 38, 48, 61, 161]
Min Correction Subset: [22, 32]
Iter 13: 
Min Hitting Set: [0, 22, 34, 35, 38, 48, 61, 161]
Min Correction Subset: [40, 50]
Iter 14: 
Min Hitting Set: [0, 22, 34, 35, 38, 40, 48, 61, 161]
Min Correction Subset: [32, 160]
Iter 15: 
Min Hitting Set: [0, 22, 32, 34, 35, 38, 40, 48, 61, 161]
Min Correction Subset: [30, 49]
Iter 16: 
Min Hitting Set: [0, 22, 32, 35, 38, 40, 48, 49, 61, 161]
Min Correction Subset: [4, 34]
Iter 17: 
Min Hitting Set: [0, 22, 30, 32, 34, 35, 38, 40, 48, 61, 161]
Min Correction Subset: [19, 67]
Iter 18: 
Min Hitting Set: [0, 19, 22, 30, 32, 34, 35, 38, 40, 48, 61, 161]
Min Correction Subset: [2, 64]
Iter 19: 
Min Hitting Set: [0, 2, 19, 22, 30, 32, 34, 35, 38, 40, 48, 61, 161]
Min Correction Subset: [11, 64]
Iter 20: 
Min Hitting Set: [0, 19, 22, 30, 32, 34, 35, 38, 40, 48, 61, 64, 161]
Min Correction Subset: [33, 50]
Iter 21: 
Min Hitting Set: [0, 19, 22, 30, 32, 34, 35, 38, 48, 50, 61, 64, 161]
Min Correction Subset: [9, 49]
Iter 22: 
Min Hitting Set: [0, 19, 22, 32, 34, 35, 38, 48, 49, 50, 61, 64, 161]
Min Correction Subset: [30, 47]
Iter 23: 
Min Hitting Set: [0, 19, 22, 32, 34, 38, 47, 48, 49, 50, 61, 64, 161]
Min Correction Subset: [35, 67]
Iter 24: 
Min Hitting Set: [0, 22, 32, 34, 38, 47, 48, 49, 50, 61, 64, 67, 161]
Min Correction Subset: [4, 160]
Iter 25: 
Min Hitting Set: [0, 4, 22, 32, 38, 47, 48, 49, 50, 61, 64, 67, 161]
Min Correction Subset: [34, 160]
Iter 26: 
Min Hitting Set: [0, 4, 22, 32, 34, 38, 47, 48, 49, 50, 61, 64, 67, 161]
Min Correction Subset: [20, 160]
Iter 27: 
Min Hitting Set: [0, 4, 22, 35, 38, 47, 48, 49, 50, 61, 64, 67, 160, 161]
Min Correction Subset: [32, 34]
Iter 28: 
Min Hitting Set: [0, 22, 32, 34, 38, 47, 48, 49, 50, 61, 64, 67, 160, 161]
Min Correction Subset: [35, 70]
Iter 29: 
Min Hitting Set: [0, 22, 32, 34, 38, 47, 49, 50, 61, 64, 67, 70, 160, 161]
Min Correction Subset: [48, 69]
Iter 30: 
Min Hitting Set: [0, 22, 34, 35, 38, 47, 48, 49, 50, 61, 64, 67, 160, 161]
Min Correction Subset: [20, 69]
Iter 31: 
Min Hitting Set: [0, 22, 32, 34, 38, 47, 49, 50, 61, 64, 67, 69, 70, 160, 161]
Min Correction Subset: [2, 35]
Iter 32: 
Min Hitting Set: [0, 20, 22, 34, 35, 38, 47, 48, 49, 50, 61, 64, 67, 160, 161]
Min Correction Subset: [24, 32]
Iter 33: 
Min Hitting Set: [0, 4, 20, 22, 32, 34, 35, 38, 47, 48, 49, 50, 61, 64, 67, 161]
Min Correction Subset: [19, 160]
Iter 34: 
Min Hitting Set: [0, 4, 19, 20, 22, 32, 34, 35, 38, 47, 48, 49, 50, 61, 64, 161]
Min Correction Subset: [57, 160]
Iter 35: 
Min Hitting Set: [0, 4, 22, 32, 35, 38, 47, 48, 49, 50, 61, 64, 67, 69, 160, 161]
Min Correction Subset: [30, 34]
Iter 36: 
Min Hitting Set: [0, 22, 30, 32, 34, 35, 38, 48, 49, 50, 61, 64, 67, 69, 160, 161]
Min Correction Subset: [19, 47]
Iter 37: 
Min Hitting Set: [0, 19, 22, 32, 34, 35, 38, 47, 48, 49, 50, 61, 64, 69, 160, 161]
Min Correction Subset: [67, 86]
Iter 38: 
Min Hitting Set: [0, 22, 32, 34, 35, 38, 47, 48, 49, 50, 61, 64, 67, 69, 160, 161]
Min Correction Subset: [20, 40]
Iter 39: 
Min Hitting Set: [0, 20, 22, 32, 34, 35, 38, 47, 48, 49, 50, 61, 64, 67, 160, 161]
Min Correction Subset: [40, 69]
Iter 40: 
Min Hitting Set: [0, 20, 22, 32, 34, 35, 38, 40, 47, 48, 49, 50, 61, 64, 67, 160, 161]
Min Correction Subset: [9, 19, 57]
Iter 41: 
Min Hitting Set: [0, 19, 20, 22, 32, 34, 35, 38, 40, 47, 48, 49, 50, 61, 64, 67, 160, 161]
Min Correction Subset: [2, 23, 54]
Iter 42: 
Min Hitting Set: [19, 22, 32, 34, 35, 38, 40, 47, 49, 50, 54, 61, 64, 67, 69, 70, 160, 161]
Min Correction Subset: [0, 48]
Iter 43: 
Min Hitting Set: [19, 22, 32, 34, 35, 38, 40, 47, 48, 49, 50, 54, 61, 64, 67, 69, 160, 161]
Min Correction Subset: [0, 86]
Iter 44: 
Min Hitting Set: [19, 20, 22, 32, 34, 35, 38, 47, 48, 49, 50, 54, 61, 64, 69, 86, 160, 161]
Min Correction Subset: [0, 9]
Iter 45: 
Min Hitting Set: [0, 2, 22, 32, 34, 38, 40, 47, 49, 50, 57, 61, 64, 67, 69, 70, 160, 161]
Min Correction Subset: [12, 35]
Iter 46: 
Min Hitting Set: [9, 19, 20, 22, 30, 32, 34, 35, 38, 40, 48, 50, 54, 61, 64, 86, 160, 161]
Min Correction Subset: [5, 47]
Iter 47: 
Min Hitting Set: [9, 20, 22, 32, 34, 35, 38, 40, 47, 48, 49, 50, 54, 61, 64, 67, 86, 160, 161]
Min Correction Subset: [0, 30]
Iter 48: 
Min Hitting Set: [9, 20, 22, 30, 32, 34, 35, 38, 40, 47, 48, 50, 54, 61, 64, 67, 86, 160, 161]
Min Correction Subset: [0, 93]
Iter 49: 
Min Hitting Set: [0, 2, 20, 22, 32, 34, 35, 38, 40, 47, 48, 49, 50, 57, 61, 64, 67, 160, 161]
Min Correction Subset: [23, 27, 54]
Iter 50: 
Min Hitting Set: [0, 20, 22, 32, 34, 35, 38, 40, 47, 48, 49, 50, 54, 57, 61, 64, 67, 160, 161]
Min Correction Subset: [8, 26, 69]
Iter 51: 
Min Hitting Set: [0, 20, 22, 32, 34, 35, 38, 47, 48, 49, 50, 54, 57, 61, 64, 67, 69, 160, 161]
Min Correction Subset: [4, 40]
Iter 52: 
Min Hitting Set: [0, 9, 22, 32, 34, 35, 38, 40, 47, 48, 49, 50, 54, 61, 64, 67, 69, 160, 161]
Min Correction Subset: [20, 30]
Iter 53: 
Min Hitting Set: [0, 9, 22, 30, 32, 34, 35, 38, 40, 47, 48, 50, 54, 61, 64, 67, 69, 160, 161]
Min Correction Subset: [4, 49]
Iter 54: 
Min Hitting Set: [0, 22, 30, 32, 34, 35, 38, 40, 47, 48, 49, 50, 54, 57, 61, 64, 67, 69, 160, 161]
Min Correction Subset: [4, 20]
Iter 55: 
Min Hitting Set: [0, 4, 20, 22, 32, 34, 35, 38, 47, 48, 49, 50, 54, 57, 61, 64, 67, 69, 160, 161]
Min Correction Subset: [10, 21, 40]
Iter 56: 
Min Hitting Set: [0, 4, 10, 20, 32, 34, 35, 38, 47, 48, 49, 50, 54, 57, 61, 64, 67, 69, 160, 161]
Min Correction Subset: [22, 60]
Iter 57: 
Min Hitting Set: [0, 19, 20, 22, 32, 34, 35, 38, 40, 47, 48, 49, 50, 54, 61, 64, 67, 69, 160, 161]
Min Correction Subset: [2, 30, 55]
Iter 58: 
Min Hitting Set: [0, 4, 9, 22, 30, 32, 34, 35, 38, 40, 47, 48, 50, 54, 61, 64, 67, 69, 160, 161]
Min Correction Subset: [31, 49]
Iter 59: 
Min Hitting Set: [0, 4, 19, 22, 30, 32, 35, 38, 40, 47, 48, 49, 50, 54, 61, 64, 67, 69, 160, 161]
Min Correction Subset: [18, 34]
Iter 60: 
Min Hitting Set: [0, 4, 19, 22, 30, 32, 34, 35, 38, 40, 47, 48, 49, 50, 54, 61, 64, 67, 69, 160, 161]
Min Correction Subset: [2, 20]
Iter 61: 
Min Hitting Set: [0, 19, 20, 22, 30, 32, 34, 35, 38, 40, 47, 48, 49, 50, 54, 61, 64, 67, 69, 160, 161]
Min Correction Subset: [23, 57, 73]
Iter 62: 
Min Hitting Set: [0, 19, 20, 22, 23, 30, 32, 34, 35, 38, 40, 47, 48, 49, 50, 61, 64, 67, 69, 160, 161]
Min Correction Subset: [10, 21, 33]
Iter 63: 
Min Hitting Set: [0, 2, 19, 20, 22, 23, 32, 33, 34, 35, 38, 40, 47, 48, 49, 61, 64, 67, 69, 160, 161]
Min Correction Subset: [11, 30, 55]
Iter 64: 
Min Hitting Set: [0, 19, 20, 22, 23, 30, 32, 33, 34, 35, 38, 40, 47, 48, 49, 61, 64, 67, 69, 160, 161]
Min Correction Subset: [4, 31, 159]
Iter 65: 
Min Hitting Set: [0, 2, 4, 11, 20, 22, 23, 32, 33, 34, 35, 38, 40, 47, 48, 49, 57, 61, 67, 69, 160, 161]
Min Correction Subset: [15, 19, 30]
Iter 66: 
Min Hitting Set: [0, 4, 20, 22, 23, 30, 32, 33, 34, 35, 38, 40, 47, 48, 49, 57, 61, 64, 67, 69, 160, 161]
Min Correction Subset: [19, 44, 91]
Iter 67: 
Min Hitting Set: [0, 2, 4, 11, 19, 20, 22, 23, 32, 33, 34, 35, 38, 40, 47, 48, 49, 61, 67, 69, 160, 161]
Min Correction Subset: [12, 54, 96]
Iter 68: 
Min Hitting Set: [0, 2, 4, 11, 12, 19, 20, 22, 23, 32, 33, 34, 38, 40, 47, 49, 61, 67, 69, 70, 160, 161]
Min Correction Subset: [35, 64]
Iter 69: 
Min Hitting Set: [0, 2, 4, 12, 19, 22, 23, 30, 32, 33, 34, 38, 40, 47, 49, 61, 64, 67, 69, 70, 160, 161]
Min Correction Subset: [20, 48]
Iter 70: 
Min Hitting Set: [0, 4, 10, 19, 20, 22, 30, 32, 34, 35, 38, 47, 48, 49, 50, 54, 57, 61, 64, 67, 69, 161]
Min Correction Subset: [23, 160]
Iter 71: 
Min Hitting Set: [0, 4, 19, 20, 22, 23, 30, 32, 33, 34, 35, 38, 40, 47, 49, 54, 61, 64, 67, 69, 70, 160, 161]
Min Correction Subset: [2, 48]
Iter 72: 
Min Hitting Set: [0, 4, 19, 20, 22, 23, 30, 32, 33, 34, 35, 38, 40, 47, 48, 49, 54, 61, 64, 67, 69, 160, 161]
Min Correction Subset: [8, 27, 46]
Iter 73: 
Min Hitting Set: [0, 2, 4, 8, 11, 12, 19, 20, 22, 23, 32, 33, 34, 35, 38, 40, 47, 48, 49, 61, 67, 160, 161]
Min Correction Subset: [64, 69]
Iter 74: 
Min Hitting Set: [0, 4, 8, 12, 19, 20, 22, 23, 30, 32, 33, 34, 35, 38, 40, 47, 48, 49, 57, 61, 64, 67, 161]
Min Correction Subset: [2, 160]
Iter 75: 
Min Hitting Set: [0, 4, 8, 19, 20, 22, 23, 30, 32, 33, 34, 35, 38, 40, 47, 48, 49, 54, 61, 64, 67, 160, 161]
Min Correction Subset: [2, 31, 69]
Iter 76: 
Min Hitting Set: [0, 8, 12, 19, 20, 22, 23, 30, 31, 32, 33, 34, 35, 38, 40, 47, 48, 49, 61, 64, 67, 160, 161]
Min Correction Subset: [4, 13, 69]
Iter 77: 
Min Hitting Set: [0, 8, 12, 13, 19, 20, 22, 23, 30, 31, 32, 33, 34, 35, 38, 40, 47, 48, 49, 64, 67, 160, 161]
Min Correction Subset: [21, 61]
Iter 78: 
Min Hitting Set: [0, 8, 12, 19, 20, 22, 23, 30, 31, 32, 33, 34, 35, 38, 40, 47, 48, 49, 61, 64, 67, 69, 160, 161]
Min Correction Subset: [14, 24, 57]
Iter 79: 
Min Hitting Set: [0, 4, 8, 12, 19, 20, 22, 23, 24, 30, 31, 33, 34, 35, 38, 40, 47, 48, 49, 61, 64, 67, 160, 161]
Min Correction Subset: [2, 32]
Iter 80: 
Min Hitting Set: [0, 19, 20, 22, 27, 30, 31, 32, 33, 34, 35, 38, 40, 47, 48, 49, 54, 57, 61, 64, 67, 69, 160, 161]
Min Correction Subset: [2, 4, 18]
Iter 81: 
Min Hitting Set: [0, 4, 19, 20, 22, 27, 30, 32, 33, 34, 35, 38, 40, 47, 48, 49, 54, 57, 61, 64, 67, 69, 160, 161]
Min Correction Subset: [2, 31, 159]
Iter 82: 
Min Hitting Set: [0, 4, 8, 18, 19, 20, 22, 30, 31, 32, 33, 35, 38, 40, 47, 48, 49, 54, 57, 61, 64, 67, 160, 161]
Min Correction Subset: [34, 69]
Iter 83: 
Min Hitting Set: [0, 4, 8, 19, 20, 22, 30, 31, 32, 33, 34, 35, 38, 40, 47, 48, 49, 54, 57, 61, 64, 67, 160, 161]
Min Correction Subset: [2, 55, 69]
Iter 84: 
Min Hitting Set: [0, 2, 4, 11, 19, 22, 27, 30, 32, 33, 34, 35, 38, 40, 47, 48, 49, 54, 57, 61, 67, 69, 160, 161]
Min Correction Subset: [20, 64]
Iter 85: 
Min Hitting Set: [0, 2, 11, 19, 20, 22, 27, 31, 32, 33, 34, 35, 38, 40, 47, 48, 49, 54, 57, 61, 67, 69, 160, 161]
Min Correction Subset: [4, 64]
Iter 86: 
Min Hitting Set: [0, 2, 4, 8, 19, 20, 22, 30, 32, 33, 34, 35, 38, 40, 47, 48, 49, 54, 57, 61, 64, 67, 160, 161]
Min Correction Subset: [10, 31, 69]
Iter 87: 
Min Hitting Set: [0, 2, 4, 8, 11, 19, 20, 22, 32, 33, 34, 35, 38, 40, 47, 49, 54, 57, 61, 67, 69, 70, 160, 161]
Min Correction Subset: [48, 64]
Iter 88: 
Min Hitting Set: [0, 2, 4, 8, 11, 19, 20, 22, 32, 33, 34, 35, 38, 40, 47, 48, 49, 54, 57, 61, 67, 69, 160, 161]
Min Correction Subset: [27, 64, 99]
Iter 89: 
Min Hitting Set: [0, 4, 8, 19, 20, 22, 31, 32, 33, 34, 35, 38, 40, 47, 48, 49, 54, 55, 57, 61, 64, 67, 160, 161]
Min Correction Subset: [2, 27, 69]
Iter 90: 
Min Hitting Set: [0, 2, 4, 8, 12, 19, 22, 23, 24, 30, 33, 34, 35, 38, 40, 47, 48, 49, 61, 64, 67, 69, 160, 161]
Min Correction Subset: [26, 32]
Iter 91: 
Min Hitting Set: [0, 2, 4, 8, 19, 22, 30, 32, 33, 34, 35, 38, 40, 47, 48, 49, 54, 57, 61, 64, 67, 69, 160, 161]
Min Correction Subset: [7, 16, 20]
Iter 92: 
Min Hitting Set: [0, 2, 12, 19, 20, 22, 27, 31, 32, 33, 34, 38, 40, 47, 49, 55, 57, 61, 64, 67, 69, 70, 160, 161]
Min Correction Subset: [30, 48, 73]
Iter 93: 
Min Hitting Set: [0, 2, 4, 10, 12, 18, 19, 20, 22, 27, 30, 32, 38, 47, 49, 50, 57, 61, 64, 67, 69, 70, 160, 161]
Min Correction Subset: [34, 35]
Iter 94: 
Min Hitting Set: [0, 2, 4, 11, 19, 20, 22, 27, 32, 33, 34, 35, 38, 40, 47, 48, 49, 54, 57, 61, 67, 69, 160, 161]
Min Correction Subset: [30, 31, 159]
Iter 95: 
Min Hitting Set: [0, 2, 12, 19, 20, 22, 27, 30, 31, 32, 33, 34, 38, 40, 47, 49, 57, 61, 64, 67, 69, 70, 160, 161]
Min Correction Subset: [3, 11, 48]
Iter 96: 
Min Hitting Set: [0, 18, 19, 20, 22, 27, 31, 32, 33, 34, 35, 38, 40, 47, 48, 49, 54, 55, 57, 61, 64, 67, 69, 160, 161]
Min Correction Subset: [2, 4, 93]
Iter 97: 
Min Hitting Set: [0, 4, 19, 20, 22, 27, 30, 31, 32, 33, 34, 35, 38, 40, 47, 48, 49, 54, 57, 61, 64, 67, 69, 160, 161]
Min Correction Subset: [8, 23, 50]
Iter 98: 
Min Hitting Set: [0, 2, 4, 11, 19, 20, 22, 23, 27, 30, 32, 33, 34, 35, 38, 40, 47, 48, 49, 54, 57, 61, 67, 69, 161]
Min Correction Subset: [37, 160]
Iter 99: 
Min Hitting Set: [0, 2, 4, 8, 10, 19, 20, 22, 30, 32, 33, 34, 35, 38, 40, 47, 48, 49, 54, 57, 61, 64, 67, 160, 161]
Min Correction Subset: [31, 69, 159]
Iter 100: 
Min Hitting Set: [0, 2, 8, 13, 19, 20, 22, 31, 32, 33, 34, 35, 38, 40, 47, 48, 49, 54, 55, 57, 61, 64, 67, 160, 161]
Min Correction Subset: [10, 30, 69]
Iter 101: 
Min Hitting Set: [0, 2, 8, 19, 20, 22, 30, 31, 32, 33, 34, 35, 38, 40, 47, 48, 49, 54, 57, 61, 64, 67, 69, 160, 161]
Min Correction Subset: [4, 70, 93]
Iter 102: 
Min Hitting Set: [0, 2, 4, 8, 19, 20, 22, 30, 32, 33, 34, 35, 38, 40, 47, 48, 49, 54, 57, 61, 64, 67, 69, 160, 161]
Min Correction Subset: [31, 50, 159]
Iter 103: 
Min Hitting Set: [0, 4, 8, 19, 20, 22, 31, 32, 33, 34, 35, 38, 40, 47, 48, 49, 54, 55, 57, 61, 64, 67, 69, 160, 161]
Min Correction Subset: [2, 39, 112]
Iter 104: 
Min Hitting Set: [0, 2, 4, 11, 12, 19, 20, 21, 22, 27, 31, 32, 34, 35, 38, 47, 48, 49, 50, 57, 61, 67, 69, 160, 161]
Min Correction Subset: [40, 64]
Iter 105: 
Min Hitting Set: [0, 2, 4, 8, 13, 19, 20, 21, 22, 30, 32, 34, 35, 38, 47, 48, 49, 50, 54, 57, 64, 67, 69, 160, 161]
Min Correction Subset: [18, 61]
Iter 106: 
Min Hitting Set: [0, 2, 4, 8, 19, 20, 22, 30, 31, 32, 33, 34, 35, 38, 40, 47, 48, 49, 54, 57, 61, 64, 67, 160, 161]
Min Correction Subset: [23, 69, 70]
Iter 107: 
Min Hitting Set: [0, 2, 4, 10, 12, 19, 20, 22, 27, 30, 32, 34, 38, 47, 48, 49, 50, 57, 61, 64, 67, 69, 70, 160, 161]
Min Correction Subset: [35, 40]
Iter 108: 
Min Hitting Set: [0, 2, 4, 19, 20, 21, 22, 27, 30, 32, 34, 35, 38, 47, 48, 49, 50, 54, 57, 61, 64, 67, 69, 160, 161]
Min Correction Subset: [3, 8, 26, 46]
Instance: paths-76-200-780000
----------------------------
Query: 3
Query element:150
Query element:83
Query scope: 150
Query scope: 83
----------------------------
IIS optimality: suboptimal
IIS solution time: 36048.208
IIS Constraint: 0; goods; {good:0}
IIS Constraint: 2; goods; {good:2}
IIS Constraint: 4; goods; {good:4}
IIS Constraint: 19; goods; {good:19}
IIS Constraint: 20; goods; {good:20}
IIS Constraint: 21; goods; {good:21}
IIS Constraint: 22; goods; {good:22}
IIS Constraint: 27; goods; {good:27}
IIS Constraint: 30; goods; {good:30}
IIS Constraint: 32; goods; {good:32}
IIS Constraint: 34; goods; {good:34}
IIS Constraint: 35; goods; {good:35}
IIS Constraint: 38; goods; {good:38}
IIS Constraint: 47; goods; {good:47}
IIS Constraint: 48; goods; {good:48}
IIS Constraint: 49; goods; {good:49}
IIS Constraint: 50; goods; {good:50}
IIS Constraint: 54; goods; {good:54}
IIS Constraint: 57; goods; {good:57}
IIS Constraint: 61; goods; {good:61}
IIS Constraint: 64; goods; {good:64}
IIS Constraint: 67; goods; {good:67}
IIS Constraint: 69; goods; {good:69}
IIS Constraint: 160; query; {bid:83,query:3}
IIS Constraint: 161; max; {f:24.858321,objective:max}
