IIS generation
Iter 1: 
Min Hitting Set: []
Min Correction Subset: [162]
Iter 2: 
Min Hitting Set: [162]
Min Correction Subset: [2]
Iter 3: 
Min Hitting Set: [2, 162]
Min Correction Subset: [18]
Iter 4: 
Min Hitting Set: [2, 18, 162]
Min Correction Subset: [30]
Iter 5: 
Min Hitting Set: [2, 18, 30, 162]
Min Correction Subset: [73]
Iter 6: 
Min Hitting Set: [2, 18, 30, 73, 162]
Min Correction Subset: [161]
Iter 7: 
Min Hitting Set: [2, 18, 30, 73, 161, 162]
Min Correction Subset: [8, 12]
Iter 8: 
Min Hitting Set: [2, 8, 18, 30, 73, 161, 162]
Min Correction Subset: [6, 38]
Iter 9: 
Min Hitting Set: [2, 6, 8, 18, 30, 73, 161, 162]
Min Correction Subset: [38, 64]
Iter 10: 
Min Hitting Set: [2, 8, 18, 30, 38, 73, 161, 162]
Min Correction Subset: [20, 47]
Iter 11: 
Min Hitting Set: [2, 8, 18, 20, 30, 38, 73, 161, 162]
Min Correction Subset: [47, 63]
Iter 12: 
Min Hitting Set: [2, 8, 18, 30, 38, 47, 73, 161, 162]
Min Correction Subset: [63, 64]
Iter 13: 
Min Hitting Set: [2, 8, 18, 30, 38, 47, 63, 73, 161, 162]
Min Correction Subset: [6, 12]
Iter 14: 
Min Hitting Set: [2, 12, 18, 30, 38, 47, 64, 73, 161, 162]
Min Correction Subset: [11, 20]
Iter 15: 
Min Hitting Set: [2, 12, 18, 20, 30, 38, 63, 73, 161, 162]
Min Correction Subset: [6, 28]
Iter 16: 
Min Hitting Set: [2, 6, 12, 18, 20, 30, 63, 64, 73, 161, 162]
Min Correction Subset: [8, 38]
Iter 17: 
Min Hitting Set: [2, 6, 8, 18, 20, 30, 38, 63, 73, 161, 162]
Min Correction Subset: [26, 47]
Iter 18: 
Min Hitting Set: [2, 6, 8, 18, 20, 30, 47, 64, 73, 161, 162]
Min Correction Subset: [12, 38]
Iter 19: 
Min Hitting Set: [2, 6, 8, 12, 18, 20, 30, 47, 64, 73, 161, 162]
Min Correction Subset: [19, 28]
Iter 20: 
Min Hitting Set: [2, 12, 18, 20, 28, 30, 38, 47, 64, 73, 161, 162]
Min Correction Subset: [6, 8]
Iter 21: 
Min Hitting Set: [2, 6, 8, 12, 18, 20, 28, 30, 47, 64, 73, 161, 162]
Min Correction Subset: [27, 38]
Iter 22: 
Min Hitting Set: [2, 6, 8, 18, 20, 28, 30, 38, 47, 63, 73, 161, 162]
Min Correction Subset: [22, 37]
Iter 23: 
Min Hitting Set: [2, 6, 8, 18, 20, 22, 28, 30, 38, 47, 63, 73, 161, 162]
Min Correction Subset: [36, 96]
Iter 24: 
Min Hitting Set: [2, 6, 8, 18, 20, 22, 28, 30, 36, 38, 47, 63, 73, 161, 162]
Min Correction Subset: [12, 14]
Iter 25: 
Min Hitting Set: [2, 6, 12, 18, 20, 22, 28, 30, 36, 38, 47, 63, 73, 161, 162]
Min Correction Subset: [8, 82]
Iter 26: 
Min Hitting Set: [2, 8, 12, 18, 20, 22, 28, 30, 36, 38, 47, 63, 73, 161, 162]
Min Correction Subset: [37, 64]
Iter 27: 
Min Hitting Set: [2, 8, 12, 18, 20, 28, 30, 36, 37, 38, 47, 63, 73, 161, 162]
Min Correction Subset: [27, 82]
Iter 28: 
Min Hitting Set: [2, 8, 12, 18, 20, 28, 30, 36, 37, 38, 47, 64, 73, 82, 161, 162]
Min Correction Subset: [6, 63]
Iter 29: 
Min Hitting Set: [2, 8, 12, 18, 20, 27, 28, 30, 36, 37, 38, 47, 63, 73, 161, 162]
Min Correction Subset: [33, 96]
Iter 30: 
Min Hitting Set: [2, 8, 12, 18, 20, 27, 28, 30, 37, 38, 47, 63, 73, 96, 161, 162]
Min Correction Subset: [6, 82]
Iter 31: 
Min Hitting Set: [2, 6, 12, 18, 20, 28, 30, 37, 38, 47, 64, 73, 82, 96, 161, 162]
Min Correction Subset: [8, 63]
Iter 32: 
Min Hitting Set: [2, 6, 12, 18, 20, 28, 30, 37, 38, 47, 63, 73, 82, 96, 161, 162]
Min Correction Subset: [8, 36]
Iter 33: 
Min Hitting Set: [2, 8, 12, 18, 20, 28, 30, 37, 38, 47, 63, 73, 82, 96, 161, 162]
Min Correction Subset: [22, 36]
Iter 34: 
Min Hitting Set: [2, 6, 8, 12, 18, 20, 22, 27, 28, 30, 47, 64, 73, 96, 161, 162]
Min Correction Subset: [38, 121]
Iter 35: 
Min Hitting Set: [2, 8, 12, 18, 20, 22, 28, 30, 37, 38, 47, 63, 73, 82, 96, 161, 162]
Min Correction Subset: [27, 36]
Iter 36: 
Min Hitting Set: [2, 8, 12, 18, 20, 28, 30, 36, 37, 38, 47, 63, 73, 82, 96, 161, 162]
Min Correction Subset: [6, 60]
Iter 37: 
Min Hitting Set: [2, 6, 8, 12, 18, 20, 22, 27, 28, 30, 38, 47, 64, 73, 96, 161, 162]
Min Correction Subset: [9, 82]
Iter 38: 
Min Hitting Set: [2, 6, 12, 18, 20, 28, 30, 36, 37, 38, 47, 63, 73, 82, 96, 161, 162]
Min Correction Subset: [8, 51]
Iter 39: 
Min Hitting Set: [2, 6, 8, 12, 18, 20, 22, 28, 30, 36, 38, 47, 64, 73, 82, 96, 161, 162]
Min Correction Subset: [27, 37]
Iter 40: 
Min Hitting Set: [2, 6, 8, 12, 18, 20, 22, 27, 28, 30, 38, 47, 64, 73, 82, 96, 161, 162]
Min Correction Subset: [34, 63]
Iter 41: 
Min Hitting Set: [2, 6, 8, 12, 18, 20, 28, 30, 36, 37, 38, 47, 63, 73, 82, 96, 161, 162]
Min Correction Subset: [16, 27, 33]
Iter 42: 
Min Hitting Set: [2, 6, 8, 12, 18, 20, 28, 30, 33, 36, 37, 38, 47, 63, 73, 82, 161, 162]
Min Correction Subset: [22, 96]
Iter 43: 
Min Hitting Set: [2, 6, 8, 12, 18, 20, 22, 28, 30, 33, 36, 37, 38, 47, 63, 73, 82, 161, 162]
Min Correction Subset: [64, 96]
Iter 44: 
Min Hitting Set: [2, 6, 8, 12, 18, 20, 28, 30, 33, 36, 37, 38, 47, 63, 73, 82, 96, 161, 162]
Min Correction Subset: [27, 64, 121]
Iter 45: 
Min Hitting Set: [2, 6, 8, 12, 18, 20, 22, 27, 28, 30, 38, 47, 63, 64, 73, 82, 96, 161, 162]
Min Correction Subset: [36, 37]
Iter 46: 
Min Hitting Set: [2, 6, 8, 12, 18, 20, 27, 28, 30, 36, 37, 38, 47, 63, 73, 82, 96, 161, 162]
Min Correction Subset: [13, 14, 64]
Iter 47: 
Min Hitting Set: [2, 6, 8, 14, 18, 20, 27, 28, 30, 36, 37, 38, 47, 63, 73, 82, 96, 161, 162]
Min Correction Subset: [12, 22]
Iter 48: 
Min Hitting Set: [2, 6, 8, 14, 18, 20, 22, 27, 28, 30, 37, 38, 47, 63, 73, 82, 96, 161, 162]
Min Correction Subset: [12, 36]
Iter 49: 
Min Hitting Set: [2, 6, 8, 14, 18, 20, 22, 28, 30, 33, 36, 37, 38, 47, 63, 64, 73, 82, 161, 162]
Min Correction Subset: [12, 27]
Iter 50: 
Min Hitting Set: [2, 6, 8, 14, 18, 20, 22, 27, 28, 30, 36, 38, 47, 63, 64, 73, 82, 96, 161, 162]
Min Correction Subset: [12, 37]
Iter 51: 
Min Hitting Set: [2, 6, 8, 12, 18, 20, 28, 30, 33, 36, 37, 38, 47, 63, 64, 73, 82, 96, 161, 162]
Min Correction Subset: [4, 27, 121]
Iter 52: 
Min Hitting Set: [2, 6, 8, 12, 18, 20, 27, 28, 30, 36, 37, 38, 47, 63, 64, 73, 82, 96, 161, 162]
Min Correction Subset: [22, 65, 121]
Iter 53: 
Min Hitting Set: [2, 6, 8, 12, 18, 20, 22, 27, 28, 30, 36, 38, 47, 63, 64, 73, 82, 96, 161, 162]
Min Correction Subset: [37, 86]
Iter 54: 
Min Hitting Set: [2, 6, 8, 12, 14, 18, 20, 22, 27, 28, 30, 37, 38, 47, 63, 73, 82, 96, 161, 162]
Min Correction Subset: [26, 72, 121]
Iter 55: 
Min Hitting Set: [2, 6, 8, 12, 14, 18, 20, 22, 26, 27, 28, 30, 37, 38, 63, 73, 82, 96, 161, 162]
Min Correction Subset: [5, 47]
Iter 56: 
Min Hitting Set: [2, 6, 8, 12, 18, 20, 22, 27, 28, 30, 37, 47, 63, 64, 73, 82, 96, 121, 161, 162]
Min Correction Subset: [29, 38]
Iter 57: 
Min Hitting Set: [2, 6, 8, 12, 18, 20, 27, 28, 30, 36, 37, 38, 47, 63, 64, 73, 82, 96, 121, 161, 162]
Min Correction Subset: [22, 48, 111]
Iter 58: 
Min Hitting Set: [2, 6, 8, 12, 18, 20, 22, 27, 28, 30, 37, 38, 47, 63, 64, 73, 82, 96, 121, 161, 162]
Min Correction Subset: [34, 51, 72]
Iter 59: 
Min Hitting Set: [2, 6, 8, 14, 18, 20, 22, 27, 28, 30, 36, 37, 38, 47, 63, 72, 73, 82, 96, 161, 162]
Min Correction Subset: [4, 26, 121]
Iter 60: 
Min Hitting Set: [2, 6, 8, 12, 18, 20, 22, 27, 28, 30, 34, 37, 38, 47, 64, 73, 82, 96, 121, 161, 162]
Min Correction Subset: [36, 63]
Iter 61: 
Min Hitting Set: [2, 6, 8, 12, 18, 20, 22, 28, 30, 33, 34, 36, 37, 38, 47, 64, 73, 82, 121, 161, 162]
Min Correction Subset: [27, 63]
Iter 62: 
Min Hitting Set: [2, 6, 12, 18, 20, 22, 28, 30, 33, 36, 37, 38, 47, 51, 63, 64, 73, 82, 121, 161, 162]
Min Correction Subset: [8, 27]
Iter 63: 
Min Hitting Set: [2, 6, 12, 18, 20, 22, 27, 28, 30, 36, 37, 38, 47, 51, 63, 64, 73, 82, 96, 121, 161, 162]
Min Correction Subset: [8, 11]
Iter 64: 
Min Hitting Set: [2, 6, 11, 12, 18, 22, 27, 28, 30, 36, 37, 38, 47, 51, 63, 64, 73, 82, 96, 121, 161, 162]
Min Correction Subset: [8, 20]
Iter 65: 
Min Hitting Set: [2, 6, 8, 11, 14, 18, 22, 27, 28, 30, 34, 36, 37, 38, 47, 64, 73, 82, 96, 121, 161, 162]
Min Correction Subset: [51, 63]
Iter 66: 
Min Hitting Set: [2, 6, 8, 11, 12, 18, 22, 27, 28, 30, 34, 37, 38, 47, 63, 64, 73, 82, 96, 121, 161, 162]
Min Correction Subset: [20, 51]
Iter 67: 
Min Hitting Set: [2, 6, 8, 11, 14, 18, 22, 27, 28, 30, 36, 37, 38, 47, 51, 63, 73, 82, 96, 121, 161, 162]
Min Correction Subset: [20, 55]
Iter 68: 
Min Hitting Set: [2, 6, 8, 12, 18, 20, 22, 27, 28, 30, 34, 37, 38, 47, 63, 64, 73, 82, 96, 121, 161, 162]
Min Correction Subset: [13, 36, 51]
Iter 69: 
Min Hitting Set: [2, 6, 8, 12, 14, 18, 20, 22, 27, 28, 30, 37, 38, 47, 51, 63, 73, 82, 96, 121, 161, 162]
Min Correction Subset: [5, 26, 36]
Iter 70: 
Min Hitting Set: [2, 6, 8, 14, 18, 20, 22, 26, 27, 28, 30, 34, 36, 37, 38, 47, 63, 73, 82, 96, 161, 162]
Min Correction Subset: [12, 51, 121]
Iter 71: 
Min Hitting Set: [2, 6, 8, 14, 18, 20, 22, 27, 28, 30, 34, 36, 37, 38, 47, 63, 73, 82, 96, 121, 161, 162]
Min Correction Subset: [24, 51, 64]
Iter 72: 
Min Hitting Set: [2, 6, 8, 14, 18, 20, 22, 26, 27, 28, 30, 36, 37, 38, 47, 51, 63, 73, 82, 96, 161, 162]
Min Correction Subset: [4, 72, 121]
Iter 73: 
Min Hitting Set: [2, 6, 8, 14, 18, 20, 22, 27, 28, 30, 36, 37, 38, 47, 51, 63, 73, 82, 96, 121, 161, 162]
Min Correction Subset: [5, 12, 26]
Iter 74: 
Min Hitting Set: [2, 6, 8, 12, 18, 20, 22, 28, 30, 33, 36, 37, 38, 47, 63, 64, 72, 73, 82, 121, 161, 162]
Min Correction Subset: [27, 96]
Iter 75: 
Min Hitting Set: [2, 5, 6, 8, 12, 13, 18, 20, 22, 27, 28, 30, 37, 38, 47, 51, 63, 73, 82, 96, 121, 161, 162]
Min Correction Subset: [36, 64, 123]
Iter 76: 
Min Hitting Set: [2, 6, 8, 12, 13, 18, 20, 22, 27, 28, 30, 36, 37, 38, 47, 51, 63, 73, 82, 96, 121, 161, 162]
Min Correction Subset: [14, 64, 123]
Iter 77: 
Min Hitting Set: [2, 5, 6, 8, 14, 18, 20, 22, 27, 28, 30, 36, 37, 38, 47, 51, 63, 73, 82, 96, 121, 161, 162]
Min Correction Subset: [12, 25, 26]
Iter 78: 
Min Hitting Set: [2, 6, 8, 12, 18, 20, 22, 27, 28, 30, 34, 36, 37, 38, 47, 63, 64, 73, 82, 96, 121, 161, 162]
Min Correction Subset: [51, 72, 86]
Iter 79: 
Min Hitting Set: [2, 6, 8, 12, 18, 20, 22, 27, 28, 30, 33, 34, 36, 38, 47, 63, 64, 73, 82, 86, 121, 161, 162]
Min Correction Subset: [37, 96]
Iter 80: 
Min Hitting Set: [2, 5, 6, 8, 12, 18, 20, 22, 27, 28, 30, 37, 38, 47, 51, 63, 64, 73, 82, 96, 121, 161, 162]
Min Correction Subset: [25, 34, 36]
Iter 81: 
Min Hitting Set: [2, 6, 8, 12, 18, 20, 22, 27, 28, 30, 34, 36, 38, 47, 63, 64, 73, 82, 86, 96, 121, 161, 162]
Min Correction Subset: [37, 51]
Iter 82: 
Min Hitting Set: [2, 6, 8, 12, 14, 18, 20, 22, 27, 28, 30, 36, 37, 38, 47, 51, 63, 73, 82, 96, 121, 161, 162]
Min Correction Subset: [11, 24, 64]
Iter 83: 
Min Hitting Set: [2, 6, 11, 12, 18, 20, 22, 27, 28, 30, 36, 38, 47, 51, 63, 64, 73, 82, 86, 96, 121, 161, 162]
Min Correction Subset: [8, 37]
Iter 84: 
Min Hitting Set: [2, 6, 11, 12, 18, 20, 22, 27, 28, 30, 36, 37, 38, 47, 51, 63, 64, 73, 82, 96, 121, 161, 162]
Min Correction Subset: [8, 24]
Iter 85: 
Min Hitting Set: [2, 6, 8, 12, 18, 20, 22, 27, 28, 30, 34, 36, 37, 38, 47, 51, 64, 73, 82, 96, 121, 161, 162]
Min Correction Subset: [63, 86]
Iter 86: 
Min Hitting Set: [2, 6, 8, 12, 18, 20, 22, 27, 28, 30, 36, 37, 38, 47, 51, 63, 64, 73, 82, 96, 121, 161, 162]
Min Correction Subset: [5, 26, 33, 119]
Iter 87: 
Min Hitting Set: [2, 6, 8, 12, 18, 20, 22, 28, 30, 33, 36, 37, 38, 47, 51, 63, 64, 73, 82, 96, 121, 161, 162]
Min Correction Subset: [11, 27, 34]
Iter 88: 
Min Hitting Set: [2, 6, 8, 12, 18, 20, 22, 27, 28, 30, 33, 36, 37, 38, 47, 51, 63, 64, 73, 82, 121, 161, 162]
Min Correction Subset: [24, 96]
Iter 89: 
Min Hitting Set: [2, 6, 8, 12, 18, 20, 22, 26, 27, 28, 30, 36, 37, 38, 47, 63, 64, 72, 73, 82, 96, 161, 162]
Min Correction Subset: [15, 24, 121]
Iter 90: 
Min Hitting Set: [2, 6, 8, 14, 18, 20, 22, 26, 27, 28, 30, 36, 37, 38, 47, 63, 64, 72, 73, 82, 96, 121, 161, 162]
Min Correction Subset: [11, 12, 51]
Iter 91: 
Min Hitting Set: [2, 6, 8, 14, 18, 20, 22, 26, 27, 28, 30, 36, 37, 38, 47, 51, 63, 64, 73, 82, 96, 121, 161, 162]
Min Correction Subset: [12, 34, 56]
Iter 92: 
Min Hitting Set: [2, 6, 8, 12, 18, 20, 22, 28, 30, 33, 34, 36, 37, 38, 47, 63, 64, 73, 82, 86, 96, 121, 161, 162]
Min Correction Subset: [24, 27, 51]
Iter 93: 
Min Hitting Set: [2, 5, 6, 8, 12, 18, 20, 22, 27, 28, 30, 34, 37, 38, 47, 51, 63, 64, 73, 82, 96, 121, 161, 162]
Min Correction Subset: [24, 36, 86]
Iter 94: 
Min Hitting Set: [2, 6, 8, 12, 18, 20, 22, 24, 26, 27, 28, 30, 33, 36, 37, 38, 47, 63, 64, 72, 73, 82, 161, 162]
Min Correction Subset: [96, 121]
Iter 95: 
Min Hitting Set: [2, 5, 6, 8, 12, 18, 20, 22, 27, 28, 30, 36, 38, 47, 51, 63, 64, 73, 82, 86, 96, 121, 161, 162]
Min Correction Subset: [25, 34, 37]
Iter 96: 
Min Hitting Set: [2, 6, 8, 12, 18, 20, 22, 24, 27, 28, 30, 33, 36, 37, 38, 47, 51, 63, 64, 73, 82, 121, 161, 162]
Min Correction Subset: [52, 96]
Iter 97: 
Min Hitting Set: [2, 6, 8, 12, 18, 20, 22, 26, 27, 28, 30, 34, 36, 38, 47, 51, 64, 73, 82, 86, 96, 121, 161, 162]
Min Correction Subset: [37, 63]
Iter 98: 
Min Hitting Set: [2, 6, 8, 12, 18, 20, 22, 26, 27, 28, 30, 36, 37, 38, 47, 51, 63, 64, 73, 82, 96, 121, 161, 162]
Min Correction Subset: [19, 34, 86, 117]
Iter 99: 
Min Hitting Set: [2, 6, 8, 12, 18, 19, 20, 22, 26, 27, 30, 36, 37, 38, 47, 51, 63, 64, 73, 82, 96, 121, 161, 162]
Min Correction Subset: [28, 89]
Iter 100: 
Min Hitting Set: [2, 6, 8, 12, 18, 20, 22, 28, 30, 33, 34, 36, 37, 38, 47, 51, 63, 64, 73, 82, 96, 121, 161, 162]
Min Correction Subset: [4, 27, 86]
Iter 101: 
Min Hitting Set: [2, 6, 8, 12, 18, 20, 22, 28, 30, 33, 34, 36, 37, 38, 47, 51, 63, 64, 73, 82, 86, 96, 121, 161, 162]
Min Correction Subset: [27, 52, 72]
Iter 102: 
Min Hitting Set: [2, 6, 8, 14, 18, 20, 22, 26, 27, 28, 30, 34, 36, 37, 38, 47, 51, 64, 73, 82, 86, 96, 121, 161, 162]
Min Correction Subset: [12, 63]
Iter 103: 
Min Hitting Set: [2, 6, 8, 14, 18, 20, 22, 26, 27, 28, 30, 34, 36, 37, 38, 47, 51, 63, 64, 73, 82, 96, 121, 161, 162]
Min Correction Subset: [11, 12, 16, 19]
Iter 104: 
Min Hitting Set: [2, 6, 8, 12, 18, 20, 22, 24, 26, 27, 28, 30, 34, 37, 38, 47, 51, 63, 64, 72, 73, 82, 96, 161, 162]
Min Correction Subset: [4, 66, 121]
Iter 105: 
Min Hitting Set: [2, 5, 6, 8, 12, 18, 20, 22, 25, 27, 28, 30, 37, 38, 47, 51, 63, 64, 73, 82, 86, 96, 121, 161, 162]
Min Correction Subset: [34, 36, 72]
Iter 106: 
Min Hitting Set: [2, 5, 6, 8, 12, 18, 20, 22, 27, 28, 30, 34, 37, 38, 47, 51, 63, 64, 73, 82, 86, 96, 121, 161, 162]
Min Correction Subset: [21, 36, 52]
Iter 107: 
Min Hitting Set: [2, 5, 6, 8, 12, 18, 20, 22, 25, 27, 28, 30, 36, 38, 47, 51, 63, 64, 73, 82, 86, 96, 121, 161, 162]
Min Correction Subset: [34, 37, 72]
Iter 108: 
Min Hitting Set: [2, 5, 6, 8, 12, 18, 20, 22, 27, 28, 30, 34, 36, 38, 47, 51, 63, 64, 73, 82, 86, 96, 121, 161, 162]
Min Correction Subset: [19, 37, 72]
Iter 109: 
Min Hitting Set: [2, 6, 8, 12, 18, 20, 22, 26, 27, 28, 30, 34, 36, 37, 38, 47, 51, 63, 64, 73, 82, 96, 121, 161, 162]
Min Correction Subset: [11, 19, 86, 117]
Iter 110: 
Min Hitting Set: [2, 6, 8, 12, 18, 20, 22, 26, 27, 28, 30, 34, 36, 37, 38, 47, 63, 64, 73, 82, 86, 96, 121, 161, 162]
Min Correction Subset: [5, 33, 51, 77]
Iter 111: 
Min Hitting Set: [2, 6, 8, 12, 18, 20, 22, 27, 28, 30, 33, 36, 37, 38, 47, 63, 64, 72, 73, 82, 86, 96, 121, 161, 162]
Min Correction Subset: [34, 51, 117]
Iter 112: 
Min Hitting Set: [2, 6, 8, 12, 18, 20, 22, 27, 28, 30, 33, 36, 37, 38, 47, 51, 63, 64, 73, 82, 96, 117, 121, 161, 162]
Min Correction Subset: [5, 26, 34, 72]
Iter 113: 
Min Hitting Set: [2, 6, 8, 12, 18, 20, 22, 26, 27, 28, 30, 36, 37, 38, 47, 51, 63, 64, 73, 82, 96, 117, 121, 161, 162]
Min Correction Subset: [11, 24, 34, 86]
Iter 114: 
Min Hitting Set: [2, 6, 8, 12, 18, 20, 22, 27, 28, 30, 33, 34, 36, 37, 38, 47, 63, 64, 73, 82, 86, 96, 121, 161, 162]
Min Correction Subset: [5, 25, 26, 51]
Iter 115: 
Min Hitting Set: [2, 5, 6, 8, 12, 18, 20, 22, 27, 28, 30, 36, 37, 38, 47, 51, 63, 64, 73, 82, 86, 96, 121, 161, 162]
Min Correction Subset: [11, 24, 34, 56]
Iter 116: 
Min Hitting Set: [2, 5, 6, 8, 12, 18, 20, 22, 27, 28, 30, 34, 36, 37, 38, 47, 63, 64, 73, 82, 86, 96, 121, 161, 162]
Min Correction Subset: [26, 33, 51, 84]
Iter 117: 
Min Hitting Set: [2, 5, 6, 8, 12, 18, 20, 22, 26, 27, 28, 30, 34, 36, 37, 38, 63, 64, 73, 82, 86, 96, 121, 161, 162]
Min Correction Subset: [47, 51, 89]
Iter 118: 
Min Hitting Set: [2, 6, 8, 12, 18, 20, 22, 26, 27, 28, 30, 34, 36, 37, 38, 47, 51, 64, 73, 82, 86, 96, 121, 161, 162]
Min Correction Subset: [63, 117]
Iter 119: 
Min Hitting Set: [2, 5, 6, 8, 11, 14, 18, 20, 22, 26, 27, 28, 30, 34, 36, 37, 38, 51, 63, 73, 82, 96, 121, 161, 162]
Min Correction Subset: [12, 47]
Iter 120: 
Min Hitting Set: [2, 6, 8, 11, 14, 18, 20, 22, 26, 27, 28, 30, 34, 36, 37, 38, 47, 51, 63, 73, 82, 96, 121, 161, 162]
Min Correction Subset: [12, 16, 64]
Instance: paths-76-200-580000
----------------------------
Query: 11
Query element:117
Query element:28
Query scope: 167
----------------------------
IIS optimality: suboptimal
IIS solution time: 36024.349
IIS Constraint: 2; goods; {good:2}
IIS Constraint: 6; goods; {good:6}
IIS Constraint: 8; goods; {good:8}
IIS Constraint: 11; goods; {good:11}
IIS Constraint: 14; goods; {good:14}
IIS Constraint: 18; goods; {good:18}
IIS Constraint: 20; goods; {good:20}
IIS Constraint: 22; goods; {good:22}
IIS Constraint: 26; goods; {good:26}
IIS Constraint: 27; goods; {good:27}
IIS Constraint: 28; goods; {good:28}
IIS Constraint: 30; goods; {good:30}
IIS Constraint: 34; goods; {good:34}
IIS Constraint: 36; goods; {good:36}
IIS Constraint: 37; goods; {good:37}
IIS Constraint: 38; goods; {good:38}
IIS Constraint: 47; goods; {good:47}
IIS Constraint: 51; goods; {good:51}
IIS Constraint: 63; goods; {good:63}
IIS Constraint: 73; goods; {good:73}
IIS Constraint: 82; goods; {good:82}
IIS Constraint: 96; goods; {good:96}
IIS Constraint: 121; goods; {good:121}
IIS Constraint: 161; query; {goods:[117,28],query:11}
IIS Constraint: 162; max; {f:21.435329000000003,objective:max}
