IIS generation
Iter 1: 
Min Hitting Set: []
Min Correction Subset: [115]
Iter 2: 
Min Hitting Set: [115]
Min Correction Subset: [51]
Iter 3: 
Min Hitting Set: [51, 115]
Min Correction Subset: [61]
Iter 4: 
Min Hitting Set: [51, 61, 115]
Min Correction Subset: [23]
Iter 5: 
Min Hitting Set: [23, 51, 61, 115]
Min Correction Subset: [10]
Iter 6: 
Min Hitting Set: [10, 23, 51, 61, 115]
Min Correction Subset: [15]
Iter 7: 
Min Hitting Set: [10, 15, 23, 51, 61, 115]
Min Correction Subset: [26]
Iter 8: 
Min Hitting Set: [10, 15, 23, 26, 51, 61, 115]
Min Correction Subset: [114]
Iter 9: 
Min Hitting Set: [10, 15, 23, 26, 51, 61, 114, 115]
Min Correction Subset: [73]
Iter 10: 
Min Hitting Set: [10, 15, 23, 26, 51, 61, 73, 114, 115]
Min Correction Subset: [28]
Iter 11: 
Min Hitting Set: [10, 15, 23, 26, 28, 51, 61, 73, 114, 115]
Min Correction Subset: [34]
Iter 12: 
Min Hitting Set: [10, 15, 23, 26, 28, 34, 51, 61, 73, 114, 115]
Min Correction Subset: [20, 21]
Iter 13: 
Min Hitting Set: [10, 15, 20, 23, 26, 28, 34, 51, 61, 73, 114, 115]
Min Correction Subset: [24, 25]
Iter 14: 
Min Hitting Set: [10, 15, 20, 23, 24, 26, 28, 34, 51, 61, 73, 114, 115]
Min Correction Subset: [21, 25]
Iter 15: 
Min Hitting Set: [10, 15, 21, 23, 25, 26, 28, 34, 51, 61, 73, 114, 115]
Min Correction Subset: [4, 24]
Iter 16: 
Min Hitting Set: [10, 15, 21, 23, 24, 26, 28, 34, 51, 61, 73, 114, 115]
Min Correction Subset: [4, 5]
Iter 17: 
Min Hitting Set: [4, 10, 15, 21, 23, 24, 26, 28, 34, 51, 61, 73, 114, 115]
Min Correction Subset: [45, 46]
Iter 18: 
Min Hitting Set: [4, 10, 15, 21, 23, 24, 26, 28, 34, 45, 51, 61, 73, 114, 115]
Min Correction Subset: [18, 25]
Iter 19: 
Min Hitting Set: [4, 10, 15, 21, 23, 25, 26, 28, 34, 45, 51, 61, 73, 114, 115]
Min Correction Subset: [49, 50]
Iter 20: 
Min Hitting Set: [4, 10, 15, 21, 23, 25, 26, 28, 34, 45, 49, 51, 61, 73, 114, 115]
Min Correction Subset: [59, 60]
Iter 21: 
Min Hitting Set: [4, 10, 15, 21, 23, 25, 26, 28, 34, 45, 49, 51, 59, 61, 73, 114, 115]
Min Correction Subset: [44, 46]
Iter 22: 
Min Hitting Set: [4, 10, 15, 21, 23, 25, 26, 28, 34, 46, 49, 51, 59, 61, 73, 114, 115]
Min Correction Subset: [20, 29]
Iter 23: 
Min Hitting Set: [4, 10, 15, 20, 23, 25, 26, 28, 34, 46, 49, 51, 59, 61, 73, 114, 115]
Min Correction Subset: [6, 17]
Iter 24: 
Min Hitting Set: [4, 6, 10, 15, 20, 23, 25, 26, 28, 34, 46, 49, 51, 59, 61, 73, 114, 115]
Min Correction Subset: [17, 22]
Iter 25: 
Min Hitting Set: [4, 10, 15, 17, 20, 23, 25, 26, 28, 34, 46, 49, 51, 59, 61, 73, 114, 115]
Min Correction Subset: [5, 6]
Iter 26: 
Min Hitting Set: [4, 5, 10, 15, 17, 20, 23, 25, 26, 28, 34, 46, 49, 51, 59, 61, 73, 114, 115]
Min Correction Subset: [22, 52]
Iter 27: 
Min Hitting Set: [4, 6, 10, 15, 20, 22, 23, 25, 26, 28, 34, 46, 49, 51, 59, 61, 73, 114, 115]
Min Correction Subset: [17, 21]
Iter 28: 
Min Hitting Set: [4, 5, 10, 15, 17, 20, 22, 23, 25, 26, 28, 34, 46, 49, 51, 59, 61, 73, 114, 115]
Min Correction Subset: [6, 12]
Iter 29: 
Min Hitting Set: [4, 6, 10, 15, 17, 20, 22, 23, 25, 26, 28, 34, 46, 49, 51, 59, 61, 73, 114, 115]
Min Correction Subset: [9, 53]
Iter 30: 
Min Hitting Set: [4, 6, 9, 10, 15, 17, 20, 22, 23, 25, 26, 28, 34, 46, 49, 51, 59, 61, 73, 114, 115]
Min Correction Subset: [65, 89]
Iter 31: 
Min Hitting Set: [4, 6, 9, 10, 15, 17, 20, 22, 23, 25, 26, 28, 34, 46, 49, 51, 59, 61, 65, 73, 114, 115]
Min Correction Subset: [18, 111]
Iter 32: 
Min Hitting Set: [4, 6, 9, 10, 15, 18, 20, 21, 22, 23, 24, 26, 28, 34, 46, 49, 51, 59, 61, 65, 73, 114, 115]
Min Correction Subset: [17, 25]
Iter 33: 
Min Hitting Set: [4, 6, 9, 10, 15, 17, 18, 20, 22, 23, 25, 26, 28, 34, 46, 49, 51, 59, 61, 65, 73, 114, 115]
Min Correction Subset: [31, 39]
Iter 34: 
Min Hitting Set: [4, 6, 9, 10, 15, 17, 18, 20, 22, 23, 25, 26, 28, 31, 34, 46, 49, 51, 59, 61, 65, 73, 114, 115]
Min Correction Subset: [41, 43]
Iter 35: 
Min Hitting Set: [4, 6, 9, 10, 15, 17, 18, 20, 22, 23, 25, 26, 28, 31, 34, 41, 46, 49, 51, 59, 61, 65, 73, 114, 115]
Min Correction Subset: [42, 50]
Iter 36: 
Min Hitting Set: [4, 6, 9, 10, 15, 17, 18, 20, 22, 23, 25, 26, 28, 31, 34, 41, 46, 50, 51, 59, 61, 65, 73, 114, 115]
Min Correction Subset: [43, 49]
Iter 37: 
Min Hitting Set: [4, 6, 9, 10, 15, 17, 18, 20, 22, 23, 25, 26, 28, 31, 34, 43, 46, 50, 51, 59, 61, 65, 73, 114, 115]
Min Correction Subset: [45, 53]
Iter 38: 
Min Hitting Set: [4, 6, 10, 15, 17, 18, 20, 22, 23, 25, 26, 28, 31, 34, 43, 46, 50, 51, 53, 59, 61, 65, 73, 114, 115]
Min Correction Subset: [29, 30, 39]
Iter 39: 
Min Hitting Set: [4, 6, 10, 15, 17, 18, 20, 22, 23, 25, 26, 28, 34, 39, 43, 46, 50, 51, 53, 59, 61, 65, 73, 114, 115]
Min Correction Subset: [8, 9, 111]
Iter 40: 
Min Hitting Set: [4, 6, 10, 15, 17, 20, 22, 23, 25, 26, 28, 34, 39, 43, 46, 50, 51, 53, 59, 61, 65, 73, 111, 114, 115]
Min Correction Subset: [18, 19]
Iter 41: 
Min Hitting Set: [4, 6, 9, 10, 15, 17, 18, 20, 22, 23, 25, 26, 28, 34, 39, 43, 46, 50, 51, 53, 59, 61, 65, 73, 114, 115]
Min Correction Subset: [13, 33, 42]
Iter 42: 
Min Hitting Set: [4, 6, 9, 10, 15, 17, 18, 20, 22, 23, 25, 26, 28, 34, 39, 42, 43, 46, 49, 51, 53, 59, 61, 65, 73, 114, 115]
Min Correction Subset: [0, 1, 21]
Iter 43: 
Min Hitting Set: [4, 6, 9, 10, 15, 18, 21, 22, 23, 25, 26, 28, 29, 34, 39, 42, 43, 46, 49, 51, 53, 59, 61, 65, 73, 114, 115]
Min Correction Subset: [17, 40]
Iter 44: 
Min Hitting Set: [4, 6, 9, 10, 15, 17, 18, 21, 22, 23, 24, 26, 28, 29, 34, 39, 42, 43, 46, 49, 51, 53, 59, 61, 65, 73, 114, 115]
Min Correction Subset: [16, 25]
Iter 45: 
Min Hitting Set: [4, 6, 9, 10, 15, 17, 18, 21, 22, 23, 25, 26, 28, 29, 34, 39, 42, 43, 46, 49, 51, 53, 59, 61, 65, 73, 114, 115]
Min Correction Subset: [20, 44]
Iter 46: 
Min Hitting Set: [4, 6, 9, 10, 15, 17, 18, 20, 21, 22, 23, 25, 26, 28, 34, 39, 42, 43, 45, 46, 49, 51, 59, 61, 65, 73, 114, 115]
Min Correction Subset: [27, 53]
Iter 47: 
Min Hitting Set: [4, 6, 9, 10, 15, 17, 18, 20, 21, 22, 23, 25, 26, 28, 34, 39, 42, 43, 46, 49, 51, 53, 59, 61, 65, 73, 114, 115]
Min Correction Subset: [14, 27, 54]
Iter 48: 
Min Hitting Set: [4, 6, 9, 10, 15, 17, 18, 20, 21, 22, 23, 25, 26, 27, 28, 34, 39, 42, 43, 45, 46, 49, 51, 59, 61, 65, 73, 114, 115]
Min Correction Subset: [13, 31, 91]
Iter 49: 
Min Hitting Set: [4, 6, 9, 10, 13, 15, 17, 18, 20, 21, 22, 23, 25, 26, 27, 28, 34, 39, 43, 44, 45, 50, 51, 59, 61, 65, 73, 114, 115]
Min Correction Subset: [46, 54]
Iter 50: 
Min Hitting Set: [4, 6, 9, 10, 13, 15, 17, 18, 20, 21, 22, 23, 25, 26, 27, 28, 34, 39, 43, 46, 50, 51, 53, 59, 61, 65, 73, 114, 115]
Min Correction Subset: [12, 29, 30]
Iter 51: 
Min Hitting Set: [4, 6, 9, 10, 13, 15, 17, 18, 21, 22, 23, 25, 26, 27, 28, 29, 34, 39, 43, 44, 45, 46, 50, 51, 59, 61, 65, 73, 114, 115]
Min Correction Subset: [54, 60, 62]
Iter 52: 
Min Hitting Set: [4, 6, 9, 10, 13, 15, 17, 18, 21, 22, 23, 25, 26, 27, 28, 29, 34, 39, 43, 44, 45, 46, 50, 51, 60, 61, 65, 73, 114, 115]
Min Correction Subset: [30, 58, 59]
Iter 53: 
Min Hitting Set: [4, 6, 9, 10, 13, 15, 17, 18, 20, 21, 22, 23, 25, 26, 27, 28, 30, 34, 39, 43, 45, 46, 50, 51, 60, 61, 65, 73, 114, 115]
Min Correction Subset: [49, 58, 109]
Iter 54: 
Min Hitting Set: [4, 6, 9, 10, 15, 17, 18, 20, 21, 22, 23, 25, 26, 27, 28, 30, 31, 34, 42, 43, 45, 46, 49, 51, 60, 61, 65, 73, 114, 115]
Min Correction Subset: [32, 40, 41]
Iter 55: 
Min Hitting Set: [4, 6, 9, 10, 15, 18, 20, 21, 22, 23, 25, 26, 27, 28, 30, 31, 34, 40, 42, 43, 45, 46, 49, 51, 60, 61, 65, 73, 114, 115]
Min Correction Subset: [17, 59]
Iter 56: 
Min Hitting Set: [4, 6, 9, 10, 15, 17, 18, 20, 21, 22, 23, 25, 26, 27, 28, 30, 31, 34, 41, 42, 45, 46, 49, 51, 60, 61, 65, 73, 114, 115]
Min Correction Subset: [54, 55, 62]
Iter 57: 
Min Hitting Set: [4, 6, 9, 10, 15, 17, 18, 20, 21, 22, 23, 25, 26, 28, 29, 31, 34, 41, 42, 46, 49, 51, 53, 54, 59, 61, 65, 73, 114, 115]
Min Correction Subset: [39, 43, 60]
Iter 58: 
Min Hitting Set: [4, 6, 9, 10, 15, 18, 20, 21, 22, 23, 25, 26, 28, 30, 31, 34, 40, 42, 43, 46, 49, 51, 53, 54, 59, 61, 65, 73, 114, 115]
Min Correction Subset: [17, 29]
Iter 59: 
Min Hitting Set: [4, 6, 9, 10, 15, 17, 18, 20, 21, 22, 23, 25, 26, 28, 30, 31, 34, 41, 42, 46, 49, 51, 53, 54, 60, 61, 65, 73, 114, 115]
Min Correction Subset: [27, 59]
Iter 60: 
Min Hitting Set: [4, 6, 9, 10, 15, 18, 21, 22, 23, 25, 26, 27, 28, 29, 31, 34, 40, 42, 43, 44, 45, 49, 51, 54, 59, 61, 65, 73, 114, 115]
Min Correction Subset: [17, 46]
Iter 61: 
Min Hitting Set: [4, 6, 9, 10, 15, 18, 21, 22, 23, 25, 26, 28, 29, 31, 34, 40, 42, 43, 44, 46, 49, 51, 53, 54, 59, 61, 65, 73, 114, 115]
Min Correction Subset: [17, 69]
Iter 62: 
Min Hitting Set: [4, 6, 9, 10, 15, 17, 18, 21, 22, 23, 25, 26, 27, 28, 29, 31, 34, 41, 42, 44, 45, 49, 51, 54, 58, 60, 61, 65, 73, 114, 115]
Min Correction Subset: [30, 39, 46]
Iter 63: 
Min Hitting Set: [4, 6, 9, 10, 15, 17, 18, 21, 22, 23, 25, 26, 27, 28, 29, 30, 31, 34, 41, 42, 44, 45, 49, 51, 54, 60, 61, 65, 73, 114, 115]
Min Correction Subset: [37, 46, 59]
Iter 64: 
Min Hitting Set: [4, 6, 9, 10, 15, 17, 18, 21, 22, 23, 25, 26, 28, 29, 31, 34, 41, 42, 44, 46, 49, 51, 53, 54, 59, 60, 61, 65, 73, 114, 115]
Min Correction Subset: [33, 40, 43]
Iter 65: 
Min Hitting Set: [4, 6, 9, 10, 15, 17, 18, 21, 22, 23, 25, 26, 28, 29, 31, 34, 41, 42, 43, 44, 46, 49, 51, 53, 54, 59, 61, 65, 73, 114, 115]
Min Correction Subset: [13, 27, 60]
Iter 66: 
Min Hitting Set: [4, 6, 9, 10, 15, 17, 18, 21, 22, 23, 25, 26, 28, 29, 31, 34, 41, 42, 43, 44, 46, 49, 51, 53, 54, 59, 60, 61, 65, 73, 114, 115]
Min Correction Subset: [32, 55, 63]
Iter 67: 
Min Hitting Set: [4, 6, 9, 10, 15, 17, 18, 20, 21, 22, 23, 25, 26, 27, 28, 30, 31, 32, 34, 42, 43, 44, 45, 49, 51, 54, 59, 61, 65, 73, 114, 115]
Min Correction Subset: [39, 46, 60]
Instance: regions-76-200-400000
----------------------------
Query: 1
Query element:75
Query scope: 75
----------------------------
IIS optimality: suboptimal
IIS solution time: 36008.700
IIS Constraint: 4; goods; {good:4}
IIS Constraint: 6; goods; {good:6}
IIS Constraint: 9; goods; {good:9}
IIS Constraint: 10; goods; {good:10}
IIS Constraint: 15; goods; {good:15}
IIS Constraint: 17; goods; {good:17}
IIS Constraint: 18; goods; {good:18}
IIS Constraint: 20; goods; {good:20}
IIS Constraint: 21; goods; {good:21}
IIS Constraint: 22; goods; {good:22}
IIS Constraint: 23; goods; {good:23}
IIS Constraint: 25; goods; {good:25}
IIS Constraint: 26; goods; {good:26}
IIS Constraint: 27; goods; {good:27}
IIS Constraint: 28; goods; {good:28}
IIS Constraint: 30; goods; {good:30}
IIS Constraint: 31; goods; {good:31}
IIS Constraint: 32; goods; {good:32}
IIS Constraint: 34; goods; {good:34}
IIS Constraint: 42; goods; {good:42}
IIS Constraint: 43; goods; {good:43}
IIS Constraint: 44; goods; {good:44}
IIS Constraint: 45; goods; {good:45}
IIS Constraint: 49; goods; {good:49}
IIS Constraint: 51; goods; {good:51}
IIS Constraint: 54; goods; {good:54}
IIS Constraint: 59; goods; {good:59}
IIS Constraint: 61; goods; {good:61}
IIS Constraint: 65; goods; {good:65}
IIS Constraint: 73; goods; {good:73}
IIS Constraint: 114; query; {bid:75,query:1}
IIS Constraint: 115; max; {f:4455.7165,objective:max}
