IIS generation
Iter 1: 
Min Hitting Set: []
Min Correction Subset: [116]
Iter 2: 
Min Hitting Set: [116]
Min Correction Subset: [43]
Iter 3: 
Min Hitting Set: [43, 116]
Min Correction Subset: [37]
Iter 4: 
Min Hitting Set: [37, 43, 116]
Min Correction Subset: [51]
Iter 5: 
Min Hitting Set: [37, 43, 51, 116]
Min Correction Subset: [35]
Iter 6: 
Min Hitting Set: [35, 37, 43, 51, 116]
Min Correction Subset: [14]
Iter 7: 
Min Hitting Set: [14, 35, 37, 43, 51, 116]
Min Correction Subset: [53]
Iter 8: 
Min Hitting Set: [14, 35, 37, 43, 51, 53, 116]
Min Correction Subset: [57]
Iter 9: 
Min Hitting Set: [14, 35, 37, 43, 51, 53, 57, 116]
Min Correction Subset: [55]
Iter 10: 
Min Hitting Set: [14, 35, 37, 43, 51, 53, 55, 57, 116]
Min Correction Subset: [32]
Iter 11: 
Min Hitting Set: [14, 32, 35, 37, 43, 51, 53, 55, 57, 116]
Min Correction Subset: [8]
Iter 12: 
Min Hitting Set: [8, 14, 32, 35, 37, 43, 51, 53, 55, 57, 116]
Min Correction Subset: [21]
Iter 13: 
Min Hitting Set: [8, 14, 21, 32, 35, 37, 43, 51, 53, 55, 57, 116]
Min Correction Subset: [30]
Iter 14: 
Min Hitting Set: [8, 14, 21, 30, 32, 35, 37, 43, 51, 53, 55, 57, 116]
Min Correction Subset: [58]
Iter 15: 
Min Hitting Set: [8, 14, 21, 30, 32, 35, 37, 43, 51, 53, 55, 57, 58, 116]
Min Correction Subset: [1]
Iter 16: 
Min Hitting Set: [1, 8, 14, 21, 30, 32, 35, 37, 43, 51, 53, 55, 57, 58, 116]
Min Correction Subset: [26]
Iter 17: 
Min Hitting Set: [1, 8, 14, 21, 26, 30, 32, 35, 37, 43, 51, 53, 55, 57, 58, 116]
Min Correction Subset: [13]
Iter 18: 
Min Hitting Set: [1, 8, 13, 14, 21, 26, 30, 32, 35, 37, 43, 51, 53, 55, 57, 58, 116]
Min Correction Subset: [28]
Iter 19: 
Min Hitting Set: [1, 8, 13, 14, 21, 26, 28, 30, 32, 35, 37, 43, 51, 53, 55, 57, 58, 116]
Min Correction Subset: [41]
Iter 20: 
Min Hitting Set: [1, 8, 13, 14, 21, 26, 28, 30, 32, 35, 37, 41, 43, 51, 53, 55, 57, 58, 116]
Min Correction Subset: [60]
Iter 21: 
Min Hitting Set: [1, 8, 13, 14, 21, 26, 28, 30, 32, 35, 37, 41, 43, 51, 53, 55, 57, 58, 60, 116]
Min Correction Subset: [29]
Iter 22: 
Min Hitting Set: [1, 8, 13, 14, 21, 26, 28, 29, 30, 32, 35, 37, 41, 43, 51, 53, 55, 57, 58, 60, 116]
Min Correction Subset: [59]
Iter 23: 
Min Hitting Set: [1, 8, 13, 14, 21, 26, 28, 29, 30, 32, 35, 37, 41, 43, 51, 53, 55, 57, 58, 59, 60, 116]
Min Correction Subset: [46]
Iter 24: 
Min Hitting Set: [1, 8, 13, 14, 21, 26, 28, 29, 30, 32, 35, 37, 41, 43, 46, 51, 53, 55, 57, 58, 59, 60, 116]
Min Correction Subset: [45]
Iter 25: 
Min Hitting Set: [1, 8, 13, 14, 21, 26, 28, 29, 30, 32, 35, 37, 41, 43, 45, 46, 51, 53, 55, 57, 58, 59, 60, 116]
Min Correction Subset: [48]
Iter 26: 
Min Hitting Set: [1, 8, 13, 14, 21, 26, 28, 29, 30, 32, 35, 37, 41, 43, 45, 46, 48, 51, 53, 55, 57, 58, 59, 60, 116]
Min Correction Subset: [27]
Iter 27: 
Min Hitting Set: [1, 8, 13, 14, 21, 26, 27, 28, 29, 30, 32, 35, 37, 41, 43, 45, 46, 48, 51, 53, 55, 57, 58, 59, 60, 116]
Min Correction Subset: [6]
Iter 28: 
Min Hitting Set: [1, 6, 8, 13, 14, 21, 26, 27, 28, 29, 30, 32, 35, 37, 41, 43, 45, 46, 48, 51, 53, 55, 57, 58, 59, 60, 116]
Min Correction Subset: [39]
Iter 29: 
Min Hitting Set: [1, 6, 8, 13, 14, 21, 26, 27, 28, 29, 30, 32, 35, 37, 39, 41, 43, 45, 46, 48, 51, 53, 55, 57, 58, 59, 60, 116]
Min Correction Subset: [36]
Iter 30: 
Min Hitting Set: [1, 6, 8, 13, 14, 21, 26, 27, 28, 29, 30, 32, 35, 36, 37, 39, 41, 43, 45, 46, 48, 51, 53, 55, 57, 58, 59, 60, 116]
Min Correction Subset: [33]
Iter 31: 
Min Hitting Set: [1, 6, 8, 13, 14, 21, 26, 27, 28, 29, 30, 32, 33, 35, 36, 37, 39, 41, 43, 45, 46, 48, 51, 53, 55, 57, 58, 59, 60, 116]
Min Correction Subset: [2]
Iter 32: 
Min Hitting Set: [1, 2, 6, 8, 13, 14, 21, 26, 27, 28, 29, 30, 32, 33, 35, 36, 37, 39, 41, 43, 45, 46, 48, 51, 53, 55, 57, 58, 59, 60, 116]
Min Correction Subset: [49]
Iter 33: 
Min Hitting Set: [1, 2, 6, 8, 13, 14, 21, 26, 27, 28, 29, 30, 32, 33, 35, 36, 37, 39, 41, 43, 45, 46, 48, 49, 51, 53, 55, 57, 58, 59, 60, 116]
Min Correction Subset: [17]
Iter 34: 
Min Hitting Set: [1, 2, 6, 8, 13, 14, 17, 21, 26, 27, 28, 29, 30, 32, 33, 35, 36, 37, 39, 41, 43, 45, 46, 48, 49, 51, 53, 55, 57, 58, 59, 60, 116]
Min Correction Subset: [115]
Iter 35: 
Min Hitting Set: [1, 2, 6, 8, 13, 14, 17, 21, 26, 27, 28, 29, 30, 32, 33, 35, 36, 37, 39, 41, 43, 45, 46, 48, 49, 51, 53, 55, 57, 58, 59, 60, 115, 116]
Min Correction Subset: [23, 31]
Iter 36: 
Min Hitting Set: [1, 2, 6, 8, 13, 14, 17, 21, 23, 26, 27, 28, 29, 30, 32, 33, 35, 36, 37, 39, 41, 43, 45, 46, 48, 49, 51, 53, 55, 57, 58, 59, 60, 115, 116]
Min Correction Subset: [42, 98]
Iter 37: 
Min Hitting Set: [1, 2, 6, 8, 13, 14, 17, 21, 23, 26, 27, 28, 29, 30, 32, 33, 35, 36, 37, 39, 41, 42, 43, 45, 46, 48, 49, 51, 53, 55, 57, 58, 59, 60, 115, 116]
Min Correction Subset: [31, 38]
Iter 38: 
Min Hitting Set: [1, 2, 6, 8, 13, 14, 17, 21, 26, 27, 28, 29, 30, 31, 32, 33, 35, 36, 37, 39, 41, 42, 43, 45, 46, 48, 49, 51, 53, 55, 57, 58, 59, 60, 115, 116]
Min Correction Subset: [16, 34]
Iter 39: 
Min Hitting Set: [1, 2, 6, 8, 13, 14, 16, 17, 21, 26, 27, 28, 29, 30, 31, 32, 33, 35, 36, 37, 39, 41, 42, 43, 45, 46, 48, 49, 51, 53, 55, 57, 58, 59, 60, 115, 116]
Min Correction Subset: [34, 50]
Iter 40: 
Min Hitting Set: [1, 2, 6, 8, 13, 14, 17, 21, 26, 27, 28, 29, 30, 31, 32, 33, 34, 35, 36, 37, 39, 41, 42, 43, 45, 46, 48, 49, 51, 53, 55, 57, 58, 59, 60, 115, 116]
Min Correction Subset: [10, 16]
Iter 41: 
Min Hitting Set: [1, 2, 6, 8, 13, 14, 16, 17, 21, 26, 27, 28, 29, 30, 31, 32, 33, 34, 35, 36, 37, 39, 41, 42, 43, 45, 46, 48, 49, 51, 53, 55, 57, 58, 59, 60, 115, 116]
Min Correction Subset: [50, 61]
Iter 42: 
Min Hitting Set: [1, 2, 6, 8, 13, 14, 16, 17, 21, 26, 27, 28, 29, 30, 31, 32, 33, 35, 36, 37, 39, 41, 42, 43, 45, 46, 48, 49, 50, 51, 53, 55, 57, 58, 59, 60, 115, 116]
Min Correction Subset: [10, 34]
Iter 43: 
Min Hitting Set: [1, 2, 6, 8, 10, 13, 14, 16, 17, 21, 26, 27, 28, 29, 30, 31, 32, 33, 35, 36, 37, 39, 41, 42, 43, 45, 46, 48, 49, 50, 51, 53, 55, 57, 58, 59, 60, 115, 116]
Min Correction Subset: [34, 54]
Iter 44: 
Min Hitting Set: [1, 2, 6, 8, 10, 13, 14, 17, 21, 26, 27, 28, 29, 30, 31, 32, 33, 34, 35, 36, 37, 39, 41, 42, 43, 45, 46, 48, 49, 50, 51, 53, 55, 57, 58, 59, 60, 115, 116]
Min Correction Subset: [16, 98]
Iter 45: 
Min Hitting Set: [1, 2, 6, 8, 10, 13, 14, 17, 21, 26, 27, 28, 29, 30, 31, 32, 33, 34, 35, 36, 37, 39, 41, 43, 45, 46, 48, 49, 50, 51, 53, 55, 57, 58, 59, 60, 98, 115, 116]
Min Correction Subset: [16, 75]
Iter 46: 
Min Hitting Set: [1, 2, 6, 8, 13, 14, 16, 17, 21, 26, 27, 28, 29, 30, 31, 32, 33, 34, 35, 36, 37, 39, 41, 43, 45, 46, 48, 49, 50, 51, 53, 55, 57, 58, 59, 60, 98, 115, 116]
Min Correction Subset: [11, 25]
Iter 47: 
Min Hitting Set: [1, 2, 6, 8, 11, 13, 14, 16, 17, 21, 26, 27, 28, 29, 30, 31, 32, 33, 34, 35, 36, 37, 39, 41, 43, 45, 46, 48, 49, 50, 51, 53, 55, 57, 58, 59, 60, 98, 115, 116]
Min Correction Subset: [18, 24]
Iter 48: 
Min Hitting Set: [1, 2, 6, 8, 11, 13, 14, 16, 17, 18, 21, 26, 27, 28, 29, 30, 31, 32, 33, 34, 35, 36, 37, 39, 41, 43, 45, 46, 48, 49, 50, 51, 53, 55, 57, 58, 59, 60, 98, 115, 116]
Min Correction Subset: [40, 61]
Iter 49: 
Min Hitting Set: [1, 2, 6, 8, 11, 13, 14, 16, 17, 18, 21, 26, 27, 28, 29, 30, 31, 32, 33, 34, 35, 36, 37, 39, 41, 43, 45, 46, 48, 49, 51, 53, 55, 57, 58, 59, 60, 61, 98, 115, 116]
Min Correction Subset: [10, 50]
Iter 50: 
Min Hitting Set: [1, 2, 6, 8, 10, 11, 13, 14, 16, 17, 18, 21, 26, 27, 28, 29, 30, 31, 32, 33, 34, 35, 36, 37, 39, 41, 43, 45, 46, 48, 49, 51, 53, 55, 57, 58, 59, 60, 61, 98, 115, 116]
Min Correction Subset: [40, 50]
Iter 51: 
Min Hitting Set: [1, 2, 6, 8, 11, 13, 14, 16, 17, 18, 21, 26, 27, 28, 29, 30, 31, 32, 33, 34, 35, 36, 37, 39, 40, 41, 43, 45, 46, 48, 49, 50, 51, 53, 55, 57, 58, 59, 60, 98, 115, 116]
Min Correction Subset: [7, 10]
Iter 52: 
Min Hitting Set: [1, 2, 6, 8, 10, 11, 13, 14, 16, 17, 18, 21, 26, 27, 28, 29, 30, 31, 32, 33, 34, 35, 36, 37, 39, 40, 41, 43, 45, 46, 48, 49, 50, 51, 53, 55, 57, 58, 59, 60, 98, 115, 116]
Min Correction Subset: [7, 20]
Iter 53: 
Min Hitting Set: [1, 2, 6, 7, 8, 11, 13, 14, 16, 17, 18, 21, 26, 27, 28, 29, 30, 31, 32, 33, 34, 35, 36, 37, 39, 40, 41, 43, 45, 46, 48, 49, 50, 51, 53, 55, 57, 58, 59, 60, 98, 115, 116]
Min Correction Subset: [12, 38]
Iter 54: 
Min Hitting Set: [1, 2, 6, 7, 8, 11, 13, 14, 16, 17, 18, 21, 26, 27, 28, 29, 30, 31, 32, 33, 34, 35, 36, 37, 38, 39, 40, 41, 43, 45, 46, 48, 49, 50, 51, 53, 55, 57, 58, 59, 60, 98, 115, 116]
Min Correction Subset: [0, 10]
Iter 55: 
Min Hitting Set: [1, 2, 6, 7, 8, 10, 11, 13, 14, 16, 17, 18, 21, 26, 27, 28, 29, 30, 31, 32, 33, 34, 35, 36, 37, 38, 39, 40, 41, 43, 45, 46, 48, 49, 50, 51, 53, 55, 57, 58, 59, 60, 98, 115, 116]
Min Correction Subset: [12, 20]
Iter 56: 
Min Hitting Set: [1, 2, 6, 8, 10, 11, 12, 13, 14, 16, 17, 18, 20, 21, 26, 27, 28, 29, 30, 31, 32, 33, 34, 35, 36, 37, 39, 40, 41, 43, 45, 46, 48, 49, 50, 51, 53, 55, 57, 58, 59, 60, 98, 115, 116]
Min Correction Subset: [7, 61]
Iter 57: 
Min Hitting Set: [1, 2, 6, 7, 8, 10, 11, 12, 13, 14, 16, 17, 18, 21, 26, 27, 28, 29, 30, 31, 32, 33, 34, 35, 36, 37, 39, 40, 41, 43, 45, 46, 48, 49, 50, 51, 53, 55, 57, 58, 59, 60, 98, 115, 116]
Min Correction Subset: [38, 42]
Iter 58: 
Min Hitting Set: [1, 2, 6, 7, 8, 10, 11, 12, 13, 14, 16, 17, 18, 21, 26, 27, 28, 29, 30, 31, 32, 33, 34, 35, 36, 37, 39, 40, 41, 42, 43, 45, 46, 48, 49, 50, 51, 53, 55, 57, 58, 59, 60, 115, 116]
Min Correction Subset: [20, 38]
Iter 59: 
Min Hitting Set: [1, 2, 6, 8, 10, 11, 12, 13, 14, 16, 17, 18, 20, 21, 26, 27, 28, 29, 30, 31, 32, 33, 34, 35, 36, 37, 39, 40, 41, 42, 43, 45, 46, 48, 49, 51, 53, 55, 57, 58, 59, 60, 61, 115, 116]
Min Correction Subset: [50, 98]
Iter 60: 
Min Hitting Set: [1, 2, 6, 8, 10, 11, 12, 13, 14, 16, 17, 18, 20, 21, 26, 27, 28, 29, 30, 31, 32, 33, 34, 35, 36, 37, 39, 41, 42, 43, 45, 46, 48, 49, 50, 51, 53, 55, 57, 58, 59, 60, 61, 115, 116]
Min Correction Subset: [7, 40]
Iter 61: 
Min Hitting Set: [1, 2, 6, 8, 10, 11, 13, 14, 16, 17, 18, 20, 21, 26, 27, 28, 29, 30, 31, 32, 33, 34, 35, 36, 37, 38, 39, 40, 41, 43, 45, 46, 48, 49, 51, 53, 55, 57, 58, 59, 60, 61, 98, 115, 116]
Min Correction Subset: [42, 50]
Iter 62: 
Min Hitting Set: [1, 2, 6, 8, 10, 11, 12, 13, 14, 16, 17, 18, 20, 21, 26, 27, 28, 29, 30, 31, 32, 33, 34, 35, 36, 37, 39, 40, 41, 42, 43, 45, 46, 48, 49, 50, 51, 53, 55, 57, 58, 59, 60, 61, 115, 116]
Min Correction Subset: [25, 38, 44]
Iter 63: 
Min Hitting Set: [1, 2, 6, 8, 10, 12, 13, 14, 16, 17, 18, 20, 21, 25, 26, 27, 28, 29, 30, 31, 32, 33, 34, 35, 36, 37, 39, 40, 41, 42, 43, 45, 46, 48, 49, 50, 51, 53, 55, 57, 58, 59, 60, 61, 115, 116]
Min Correction Subset: [11, 38]
Iter 64: 
Min Hitting Set: [1, 2, 6, 7, 8, 10, 11, 13, 14, 16, 17, 18, 20, 21, 26, 27, 28, 29, 30, 31, 32, 33, 34, 35, 36, 37, 38, 39, 40, 41, 43, 45, 46, 48, 49, 50, 51, 53, 55, 57, 58, 59, 60, 98, 115, 116]
Min Correction Subset: [47, 61, 94]
Iter 65: 
Min Hitting Set: [1, 2, 6, 7, 8, 10, 11, 13, 14, 16, 17, 18, 20, 21, 26, 27, 28, 29, 30, 31, 32, 33, 34, 35, 36, 37, 38, 39, 41, 43, 45, 46, 48, 49, 50, 51, 53, 55, 57, 58, 59, 60, 61, 98, 115, 116]
Min Correction Subset: [3, 42, 75]
Iter 66: 
Min Hitting Set: [1, 2, 6, 7, 8, 10, 11, 13, 14, 17, 18, 20, 21, 26, 27, 28, 29, 30, 31, 32, 33, 34, 35, 36, 37, 38, 39, 41, 43, 45, 46, 48, 49, 50, 51, 53, 55, 57, 58, 59, 60, 61, 75, 98, 115, 116]
Min Correction Subset: [0, 16]
Iter 67: 
Min Hitting Set: [1, 2, 6, 7, 8, 10, 11, 13, 14, 16, 17, 18, 20, 21, 26, 27, 28, 29, 30, 31, 32, 33, 34, 35, 36, 37, 38, 39, 41, 42, 43, 45, 46, 48, 49, 50, 51, 53, 55, 57, 58, 59, 60, 61, 115, 116]
Min Correction Subset: [24, 25, 98]
Iter 68: 
Min Hitting Set: [1, 2, 6, 7, 8, 10, 11, 13, 14, 16, 17, 20, 21, 24, 26, 27, 28, 29, 30, 31, 32, 33, 34, 35, 36, 37, 38, 39, 41, 42, 43, 45, 46, 48, 49, 50, 51, 53, 55, 57, 58, 59, 60, 61, 115, 116]
Min Correction Subset: [3, 4, 12, 75]
Iter 69: 
Min Hitting Set: [0, 1, 2, 6, 7, 8, 11, 12, 13, 14, 16, 17, 21, 24, 26, 27, 28, 29, 30, 31, 32, 33, 34, 35, 36, 37, 38, 39, 41, 42, 43, 45, 46, 48, 49, 50, 51, 53, 55, 57, 58, 59, 60, 61, 115, 116]
Min Correction Subset: [10, 20]
Iter 70: 
Min Hitting Set: [1, 2, 6, 7, 8, 10, 11, 12, 13, 14, 16, 17, 21, 24, 26, 27, 28, 29, 30, 31, 32, 33, 34, 35, 36, 37, 38, 39, 41, 42, 43, 45, 46, 48, 49, 50, 51, 53, 55, 57, 58, 59, 60, 61, 115, 116]
Min Correction Subset: [20, 40, 47]
Iter 71: 
Min Hitting Set: [1, 2, 6, 8, 10, 11, 13, 14, 16, 17, 20, 21, 24, 26, 27, 28, 29, 30, 31, 32, 33, 34, 35, 36, 37, 38, 39, 40, 41, 43, 45, 46, 48, 49, 50, 51, 53, 55, 57, 58, 59, 60, 61, 75, 98, 115, 116]
Min Correction Subset: [7, 22, 97]
Iter 72: 
Min Hitting Set: [1, 2, 6, 7, 8, 10, 11, 12, 13, 14, 16, 17, 21, 24, 26, 27, 28, 29, 30, 31, 32, 33, 34, 35, 36, 37, 38, 39, 41, 42, 43, 45, 46, 47, 48, 49, 50, 51, 53, 55, 57, 58, 59, 60, 61, 115, 116]
Min Correction Subset: [20, 40, 98]
Iter 73: 
Min Hitting Set: [1, 2, 6, 7, 8, 10, 11, 12, 13, 14, 16, 17, 21, 24, 26, 27, 28, 29, 30, 31, 32, 33, 34, 35, 36, 37, 38, 39, 40, 41, 42, 43, 45, 46, 47, 48, 49, 50, 51, 53, 55, 57, 58, 59, 60, 115, 116]
Min Correction Subset: [3, 4, 61]
Iter 74: 
Min Hitting Set: [1, 2, 6, 7, 8, 10, 11, 12, 13, 14, 16, 17, 21, 24, 26, 27, 28, 29, 30, 31, 32, 33, 34, 35, 36, 37, 38, 39, 40, 41, 42, 43, 45, 46, 48, 49, 50, 51, 53, 55, 57, 58, 59, 60, 61, 115, 116]
Min Correction Subset: [9, 18, 19, 94, 98]
Iter 75: 
Min Hitting Set: [1, 2, 6, 7, 8, 10, 12, 13, 14, 16, 17, 18, 21, 25, 26, 27, 28, 29, 30, 31, 32, 33, 34, 35, 36, 37, 38, 39, 40, 41, 42, 43, 45, 46, 48, 49, 50, 51, 53, 55, 57, 58, 59, 60, 61, 115, 116]
Min Correction Subset: [0, 11]
Iter 76: 
Min Hitting Set: [0, 1, 2, 6, 7, 8, 12, 13, 14, 16, 17, 18, 20, 21, 25, 26, 27, 28, 29, 30, 31, 32, 33, 34, 35, 36, 37, 38, 39, 41, 42, 43, 45, 46, 48, 49, 50, 51, 53, 55, 57, 58, 59, 60, 61, 115, 116]
Min Correction Subset: [11, 75]
Iter 77: 
Min Hitting Set: [1, 2, 6, 7, 8, 10, 11, 13, 14, 16, 17, 20, 21, 24, 26, 27, 28, 29, 30, 31, 32, 33, 34, 35, 36, 37, 38, 39, 41, 43, 45, 46, 48, 49, 50, 51, 53, 55, 57, 58, 59, 60, 61, 75, 98, 115, 116]
Min Correction Subset: [12, 40, 47, 94]
Iter 78: 
Min Hitting Set: [1, 2, 6, 7, 8, 10, 11, 12, 13, 14, 16, 17, 18, 21, 26, 27, 28, 29, 30, 31, 32, 33, 34, 35, 36, 37, 38, 39, 40, 41, 42, 43, 45, 46, 48, 49, 51, 53, 55, 57, 58, 59, 60, 61, 98, 115, 116]
Min Correction Subset: [0, 50]
Iter 79: 
Min Hitting Set: [1, 2, 6, 7, 8, 10, 11, 12, 13, 14, 16, 17, 18, 20, 21, 25, 26, 27, 28, 29, 30, 31, 32, 33, 34, 35, 36, 37, 39, 41, 42, 43, 45, 46, 48, 49, 50, 51, 53, 55, 57, 58, 59, 60, 61, 115, 116]
Min Correction Subset: [0, 9, 38, 47, 94]
Iter 80: 
Min Hitting Set: [0, 1, 2, 6, 7, 8, 11, 12, 13, 14, 16, 17, 18, 20, 21, 25, 26, 27, 28, 29, 30, 31, 32, 33, 34, 35, 36, 37, 39, 41, 42, 43, 45, 46, 48, 49, 50, 51, 53, 55, 57, 58, 59, 60, 61, 115, 116]
Min Correction Subset: [10, 40]
Optimal IIS
Instance: regions-76-200-570000
----------------------------
Query: 10
Query element:23
Query element:15
Query scope: 45
Query scope: 46
Query scope: 47
Query scope: 82
Query scope: 94
Query scope: 95
Query scope: 98
Query scope: 104
Query scope: 111
Query scope: 156
Query scope: 157
Query scope: 160
Query scope: 166
Query scope: 175
----------------------------
IIS optimality: suboptimal
IIS solution time: 23191.650
IIS Constraint: 1; goods; {good:1}
IIS Constraint: 2; goods; {good:2}
IIS Constraint: 6; goods; {good:6}
IIS Constraint: 7; goods; {good:7}
IIS Constraint: 8; goods; {good:8}
IIS Constraint: 10; goods; {good:10}
IIS Constraint: 11; goods; {good:11}
IIS Constraint: 13; goods; {good:13}
IIS Constraint: 14; goods; {good:14}
IIS Constraint: 16; goods; {good:16}
IIS Constraint: 17; goods; {good:17}
IIS Constraint: 20; goods; {good:20}
IIS Constraint: 21; goods; {good:21}
IIS Constraint: 24; goods; {good:24}
IIS Constraint: 26; goods; {good:26}
IIS Constraint: 27; goods; {good:27}
IIS Constraint: 28; goods; {good:28}
IIS Constraint: 29; goods; {good:29}
IIS Constraint: 30; goods; {good:30}
IIS Constraint: 31; goods; {good:31}
IIS Constraint: 32; goods; {good:32}
IIS Constraint: 33; goods; {good:33}
IIS Constraint: 34; goods; {good:34}
IIS Constraint: 35; goods; {good:35}
IIS Constraint: 36; goods; {good:36}
IIS Constraint: 37; goods; {good:37}
IIS Constraint: 38; goods; {good:38}
IIS Constraint: 39; goods; {good:39}
IIS Constraint: 41; goods; {good:41}
IIS Constraint: 43; goods; {good:43}
IIS Constraint: 45; goods; {good:45}
IIS Constraint: 46; goods; {good:46}
IIS Constraint: 47; goods; {good:47}
IIS Constraint: 48; goods; {good:48}
IIS Constraint: 49; goods; {good:49}
IIS Constraint: 50; goods; {good:50}
IIS Constraint: 51; goods; {good:51}
IIS Constraint: 53; goods; {good:53}
IIS Constraint: 55; goods; {good:55}
IIS Constraint: 57; goods; {good:57}
IIS Constraint: 58; goods; {good:58}
IIS Constraint: 59; goods; {good:59}
IIS Constraint: 60; goods; {good:60}
IIS Constraint: 61; goods; {good:61}
IIS Constraint: 75; goods; {good:75}
IIS Constraint: 98; goods; {good:98}
IIS Constraint: 115; query; {goods:[23,15],query:10}
IIS Constraint: 116; max; {f:4121.6387,objective:max}
