IIS generation
Iter 1: 
Min Hitting Set: []
Min Correction Subset: [180]
Iter 2: 
Min Hitting Set: [180]
Min Correction Subset: [25]
Iter 3: 
Min Hitting Set: [25, 180]
Min Correction Subset: [51]
Iter 4: 
Min Hitting Set: [25, 51, 180]
Min Correction Subset: [1]
Iter 5: 
Min Hitting Set: [1, 25, 51, 180]
Min Correction Subset: [37]
Iter 6: 
Min Hitting Set: [1, 25, 37, 51, 180]
Min Correction Subset: [13]
Iter 7: 
Min Hitting Set: [1, 13, 25, 37, 51, 180]
Min Correction Subset: [38]
Iter 8: 
Min Hitting Set: [1, 13, 25, 37, 38, 51, 180]
Min Correction Subset: [50]
Iter 9: 
Min Hitting Set: [1, 13, 25, 37, 38, 50, 51, 180]
Min Correction Subset: [73]
Iter 10: 
Min Hitting Set: [1, 13, 25, 37, 38, 50, 51, 73, 180]
Min Correction Subset: [74]
Iter 11: 
Min Hitting Set: [1, 13, 25, 37, 38, 50, 51, 73, 74, 180]
Min Correction Subset: [68]
Iter 12: 
Min Hitting Set: [1, 13, 25, 37, 38, 50, 51, 68, 73, 74, 180]
Min Correction Subset: [95]
Iter 13: 
Min Hitting Set: [1, 13, 25, 37, 38, 50, 51, 68, 73, 74, 95, 180]
Min Correction Subset: [6]
Iter 14: 
Min Hitting Set: [1, 6, 13, 25, 37, 38, 50, 51, 68, 73, 74, 95, 180]
Min Correction Subset: [17]
Iter 15: 
Min Hitting Set: [1, 6, 13, 17, 25, 37, 38, 50, 51, 68, 73, 74, 95, 180]
Min Correction Subset: [100]
Iter 16: 
Min Hitting Set: [1, 6, 13, 17, 25, 37, 38, 50, 51, 68, 73, 74, 95, 100, 180]
Min Correction Subset: [41]
Iter 17: 
Min Hitting Set: [1, 6, 13, 17, 25, 37, 38, 41, 50, 51, 68, 73, 74, 95, 100, 180]
Min Correction Subset: [7]
Iter 18: 
Min Hitting Set: [1, 6, 7, 13, 17, 25, 37, 38, 41, 50, 51, 68, 73, 74, 95, 100, 180]
Min Correction Subset: [47]
Iter 19: 
Min Hitting Set: [1, 6, 7, 13, 17, 25, 37, 38, 41, 47, 50, 51, 68, 73, 74, 95, 100, 180]
Min Correction Subset: [59]
Iter 20: 
Min Hitting Set: [1, 6, 7, 13, 17, 25, 37, 38, 41, 47, 50, 51, 59, 68, 73, 74, 95, 100, 180]
Min Correction Subset: [56]
Iter 21: 
Min Hitting Set: [1, 6, 7, 13, 17, 25, 37, 38, 41, 47, 50, 51, 56, 59, 68, 73, 74, 95, 100, 180]
Min Correction Subset: [0]
Iter 22: 
Min Hitting Set: [0, 1, 6, 7, 13, 17, 25, 37, 38, 41, 47, 50, 51, 56, 59, 68, 73, 74, 95, 100, 180]
Min Correction Subset: [98]
Iter 23: 
Min Hitting Set: [0, 1, 6, 7, 13, 17, 25, 37, 38, 41, 47, 50, 51, 56, 59, 68, 73, 74, 95, 98, 100, 180]
Min Correction Subset: [19]
Iter 24: 
Min Hitting Set: [0, 1, 6, 7, 13, 17, 19, 25, 37, 38, 41, 47, 50, 51, 56, 59, 68, 73, 74, 95, 98, 100, 180]
Min Correction Subset: [40]
Iter 25: 
Min Hitting Set: [0, 1, 6, 7, 13, 17, 19, 25, 37, 38, 40, 41, 47, 50, 51, 56, 59, 68, 73, 74, 95, 98, 100, 180]
Min Correction Subset: [67]
Iter 26: 
Min Hitting Set: [0, 1, 6, 7, 13, 17, 19, 25, 37, 38, 40, 41, 47, 50, 51, 56, 59, 67, 68, 73, 74, 95, 98, 100, 180]
Min Correction Subset: [179]
Iter 27: 
Min Hitting Set: [0, 1, 6, 7, 13, 17, 19, 25, 37, 38, 40, 41, 47, 50, 51, 56, 59, 67, 68, 73, 74, 95, 98, 100, 179, 180]
Min Correction Subset: [5]
Iter 28: 
Min Hitting Set: [0, 1, 5, 6, 7, 13, 17, 19, 25, 37, 38, 40, 41, 47, 50, 51, 56, 59, 67, 68, 73, 74, 95, 98, 100, 179, 180]
Min Correction Subset: [11]
Iter 29: 
Min Hitting Set: [0, 1, 5, 6, 7, 11, 13, 17, 19, 25, 37, 38, 40, 41, 47, 50, 51, 56, 59, 67, 68, 73, 74, 95, 98, 100, 179, 180]
Min Correction Subset: [4]
Iter 30: 
Min Hitting Set: [0, 1, 4, 5, 6, 7, 11, 13, 17, 19, 25, 37, 38, 40, 41, 47, 50, 51, 56, 59, 67, 68, 73, 74, 95, 98, 100, 179, 180]
Min Correction Subset: [66]
Iter 31: 
Min Hitting Set: [0, 1, 4, 5, 6, 7, 11, 13, 17, 19, 25, 37, 38, 40, 41, 47, 50, 51, 56, 59, 66, 67, 68, 73, 74, 95, 98, 100, 179, 180]
Min Correction Subset: [9, 104]
Iter 32: 
Min Hitting Set: [0, 1, 4, 5, 6, 7, 9, 11, 13, 17, 19, 25, 37, 38, 40, 41, 47, 50, 51, 56, 59, 66, 67, 68, 73, 74, 95, 98, 100, 179, 180]
Min Correction Subset: [27, 94]
Iter 33: 
Min Hitting Set: [0, 1, 4, 5, 6, 7, 9, 11, 13, 17, 19, 25, 27, 37, 38, 40, 41, 47, 50, 51, 56, 59, 66, 67, 68, 73, 74, 95, 98, 100, 179, 180]
Min Correction Subset: [16, 94]
Iter 34: 
Min Hitting Set: [0, 1, 4, 5, 6, 7, 9, 11, 13, 17, 19, 25, 37, 38, 40, 41, 47, 50, 51, 56, 59, 66, 67, 68, 73, 74, 94, 95, 98, 100, 179, 180]
Min Correction Subset: [27, 104]
Iter 35: 
Min Hitting Set: [0, 1, 4, 5, 6, 7, 11, 13, 17, 19, 25, 37, 38, 40, 41, 47, 50, 51, 56, 59, 66, 67, 68, 73, 74, 94, 95, 98, 100, 104, 179, 180]
Min Correction Subset: [29, 75]
Iter 36: 
Min Hitting Set: [0, 1, 4, 5, 6, 7, 11, 13, 17, 19, 25, 29, 37, 38, 40, 41, 47, 50, 51, 56, 59, 66, 67, 68, 73, 74, 94, 95, 98, 100, 104, 179, 180]
Min Correction Subset: [18, 30]
Iter 37: 
Min Hitting Set: [0, 1, 4, 5, 6, 7, 11, 13, 17, 18, 19, 25, 29, 37, 38, 40, 41, 47, 50, 51, 56, 59, 66, 67, 68, 73, 74, 94, 95, 98, 100, 104, 179, 180]
Min Correction Subset: [23, 26]
Iter 38: 
Min Hitting Set: [0, 1, 4, 5, 6, 7, 11, 13, 17, 18, 19, 23, 25, 29, 37, 38, 40, 41, 47, 50, 51, 56, 59, 66, 67, 68, 73, 74, 94, 95, 98, 100, 104, 179, 180]
Min Correction Subset: [75, 103]
Iter 39: 
Min Hitting Set: [0, 1, 4, 5, 6, 7, 11, 13, 17, 18, 19, 23, 25, 37, 38, 40, 41, 47, 50, 51, 56, 59, 66, 67, 68, 73, 74, 75, 94, 95, 98, 100, 104, 179, 180]
Min Correction Subset: [39, 78]
Iter 40: 
Min Hitting Set: [0, 1, 4, 5, 6, 7, 11, 13, 17, 18, 19, 23, 25, 37, 38, 39, 40, 41, 47, 50, 51, 56, 59, 66, 67, 68, 73, 74, 75, 94, 95, 98, 100, 104, 179, 180]
Min Correction Subset: [64, 93]
Iter 41: 
Min Hitting Set: [0, 1, 4, 5, 6, 7, 11, 13, 17, 18, 19, 23, 25, 37, 38, 39, 40, 41, 47, 50, 51, 56, 59, 64, 66, 67, 68, 73, 74, 75, 94, 95, 98, 100, 104, 179, 180]
Min Correction Subset: [30, 107]
Iter 42: 
Min Hitting Set: [0, 1, 4, 5, 6, 7, 11, 13, 17, 19, 23, 25, 30, 37, 38, 39, 40, 41, 47, 50, 51, 56, 59, 64, 66, 67, 68, 73, 74, 75, 94, 95, 98, 100, 104, 179, 180]
Min Correction Subset: [18, 26]
Iter 43: 
Min Hitting Set: [0, 1, 4, 5, 6, 7, 11, 13, 17, 19, 25, 26, 30, 37, 38, 39, 40, 41, 47, 50, 51, 56, 59, 64, 66, 67, 68, 73, 74, 75, 94, 95, 98, 100, 104, 179, 180]
Min Correction Subset: [18, 23]
Iter 44: 
Min Hitting Set: [0, 1, 4, 5, 6, 7, 11, 13, 17, 18, 19, 23, 25, 30, 37, 38, 39, 40, 41, 47, 50, 51, 56, 59, 64, 66, 67, 68, 73, 74, 75, 94, 95, 98, 100, 104, 179, 180]
Min Correction Subset: [103, 107]
Iter 45: 
Min Hitting Set: [0, 1, 4, 5, 6, 7, 11, 13, 17, 18, 19, 23, 25, 37, 38, 39, 40, 41, 47, 50, 51, 56, 59, 64, 66, 67, 68, 73, 74, 75, 94, 95, 98, 100, 104, 107, 179, 180]
Min Correction Subset: [26, 30, 103]
Iter 46: 
Min Hitting Set: [0, 1, 4, 5, 6, 7, 11, 13, 17, 18, 19, 25, 26, 37, 38, 39, 40, 41, 47, 50, 51, 56, 59, 64, 66, 67, 68, 73, 74, 75, 94, 95, 98, 100, 104, 107, 179, 180]
Min Correction Subset: [23, 103]
Iter 47: 
Min Hitting Set: [0, 1, 4, 5, 6, 7, 11, 13, 17, 18, 19, 23, 25, 37, 38, 39, 40, 41, 47, 50, 51, 56, 59, 64, 66, 67, 68, 73, 74, 75, 94, 95, 98, 100, 103, 104, 107, 179, 180]
Min Correction Subset: [2, 29, 99]
Iter 48: 
Min Hitting Set: [0, 1, 4, 5, 6, 7, 11, 13, 17, 18, 19, 23, 25, 29, 30, 37, 38, 39, 40, 41, 47, 50, 51, 56, 59, 64, 66, 67, 68, 73, 74, 94, 95, 98, 100, 103, 104, 179, 180]
Min Correction Subset: [8, 26, 107]
Iter 49: 
Min Hitting Set: [0, 1, 4, 5, 6, 7, 11, 13, 17, 18, 19, 23, 25, 29, 37, 38, 39, 40, 41, 47, 50, 51, 56, 59, 64, 66, 67, 68, 73, 74, 94, 95, 98, 100, 103, 104, 107, 179, 180]
Min Correction Subset: [26, 30, 80]
Iter 50: 
Min Hitting Set: [0, 1, 4, 5, 6, 7, 11, 13, 17, 18, 19, 25, 26, 29, 30, 37, 38, 39, 40, 41, 47, 50, 51, 56, 59, 64, 66, 67, 68, 73, 74, 94, 95, 98, 100, 103, 104, 179, 180]
Min Correction Subset: [23, 107]
Iter 51: 
Min Hitting Set: [0, 1, 4, 5, 6, 7, 11, 13, 17, 19, 23, 25, 26, 29, 30, 37, 38, 39, 40, 41, 47, 50, 51, 56, 59, 64, 66, 67, 68, 73, 74, 94, 95, 98, 100, 103, 104, 179, 180]
Min Correction Subset: [18, 107]
Iter 52: 
Min Hitting Set: [0, 1, 4, 5, 6, 7, 11, 13, 17, 18, 19, 25, 26, 29, 37, 38, 39, 40, 41, 47, 50, 51, 56, 59, 64, 66, 67, 68, 73, 74, 94, 95, 98, 100, 103, 104, 107, 179, 180]
Min Correction Subset: [16, 46, 83]
Iter 53: 
Min Hitting Set: [0, 1, 4, 5, 6, 7, 11, 13, 16, 17, 18, 19, 25, 26, 27, 29, 37, 38, 39, 40, 41, 47, 50, 51, 56, 59, 64, 66, 67, 68, 73, 74, 95, 98, 100, 103, 104, 107, 179, 180]
Min Correction Subset: [30, 94]
Iter 54: 
Min Hitting Set: [0, 1, 4, 5, 6, 7, 11, 13, 16, 17, 18, 19, 25, 26, 29, 37, 38, 39, 40, 41, 47, 50, 51, 56, 59, 64, 66, 67, 68, 73, 74, 94, 95, 98, 100, 103, 104, 107, 179, 180]
Min Correction Subset: [23, 30, 111]
Iter 55: 
Min Hitting Set: [0, 1, 4, 5, 6, 7, 11, 13, 16, 17, 18, 19, 23, 25, 26, 29, 30, 37, 38, 39, 40, 41, 47, 50, 51, 56, 59, 64, 66, 67, 68, 73, 74, 94, 95, 98, 100, 103, 104, 179, 180]
Min Correction Subset: [46, 83, 107]
Iter 56: 
Min Hitting Set: [0, 1, 4, 5, 6, 7, 11, 13, 17, 18, 19, 23, 25, 26, 29, 30, 37, 38, 39, 40, 41, 47, 50, 51, 56, 59, 64, 66, 67, 68, 73, 74, 83, 94, 95, 98, 100, 103, 104, 179, 180]
Min Correction Subset: [16, 46, 81]
Iter 57: 
Min Hitting Set: [0, 1, 4, 5, 6, 7, 11, 13, 17, 18, 19, 23, 25, 26, 29, 30, 37, 38, 39, 40, 41, 46, 47, 50, 51, 56, 59, 64, 66, 67, 68, 73, 74, 94, 95, 98, 100, 103, 104, 179, 180]
Min Correction Subset: [12, 16, 83, 107]
Iter 58: 
Min Hitting Set: [0, 1, 4, 5, 6, 7, 11, 13, 16, 17, 18, 19, 23, 25, 26, 29, 37, 38, 39, 40, 41, 47, 50, 51, 56, 59, 64, 66, 67, 68, 73, 74, 94, 95, 98, 100, 103, 104, 107, 179, 180]
Min Correction Subset: [30, 46, 83, 96]
Iter 59: 
Min Hitting Set: [0, 1, 4, 5, 6, 7, 11, 13, 16, 17, 18, 19, 23, 25, 29, 30, 37, 38, 39, 40, 41, 47, 50, 51, 56, 59, 64, 66, 67, 68, 73, 74, 94, 95, 98, 100, 103, 104, 107, 179, 180]
Min Correction Subset: [9, 26, 80]
Iter 60: 
Min Hitting Set: [0, 1, 4, 5, 6, 7, 11, 13, 17, 18, 19, 25, 26, 29, 30, 37, 38, 39, 40, 41, 46, 47, 50, 51, 56, 59, 64, 66, 67, 68, 73, 74, 94, 95, 98, 100, 103, 104, 107, 179, 180]
Min Correction Subset: [12, 16, 23, 83]
Iter 61: 
Min Hitting Set: [0, 1, 4, 5, 6, 7, 11, 13, 17, 19, 23, 25, 26, 29, 30, 37, 38, 39, 40, 41, 46, 47, 50, 51, 56, 59, 64, 66, 67, 68, 73, 74, 94, 95, 98, 100, 103, 104, 107, 179, 180]
Min Correction Subset: [18, 34, 93]
Iter 62: 
Min Hitting Set: [0, 1, 4, 5, 6, 7, 11, 13, 17, 19, 23, 25, 26, 29, 30, 37, 38, 39, 40, 41, 46, 47, 50, 51, 56, 59, 66, 67, 68, 73, 74, 93, 94, 95, 98, 100, 103, 104, 107, 179, 180]
Min Correction Subset: [18, 64]
Iter 63: 
Min Hitting Set: [0, 1, 4, 5, 6, 7, 11, 13, 16, 17, 18, 19, 25, 26, 27, 29, 30, 37, 38, 39, 40, 41, 47, 50, 51, 56, 59, 64, 66, 67, 68, 73, 74, 95, 98, 100, 103, 104, 107, 179, 180]
Min Correction Subset: [65, 94]
Iter 64: 
Min Hitting Set: [0, 1, 4, 5, 6, 7, 11, 13, 17, 18, 19, 23, 25, 26, 29, 37, 38, 39, 40, 41, 46, 47, 50, 51, 56, 59, 64, 66, 67, 68, 73, 74, 94, 95, 98, 100, 103, 104, 107, 179, 180]
Min Correction Subset: [12, 16, 30, 83, 93, 96]
Iter 65: 
Min Hitting Set: [0, 1, 4, 5, 6, 7, 11, 13, 17, 18, 19, 23, 25, 26, 29, 37, 38, 39, 40, 41, 46, 47, 50, 51, 56, 59, 66, 67, 68, 73, 74, 93, 94, 95, 98, 100, 103, 104, 107, 179, 180]
Min Correction Subset: [12, 16, 30, 64, 83, 96]
Iter 66: 
Min Hitting Set: [0, 1, 4, 5, 6, 7, 11, 13, 16, 17, 18, 19, 25, 26, 29, 30, 37, 38, 39, 40, 41, 47, 50, 51, 56, 59, 64, 66, 67, 68, 73, 74, 94, 95, 98, 100, 103, 104, 107, 179, 180]
Min Correction Subset: [23, 46, 83]
Iter 67: 
Min Hitting Set: [0, 1, 4, 5, 6, 7, 11, 13, 17, 19, 23, 25, 26, 29, 30, 37, 38, 39, 40, 41, 46, 47, 50, 51, 56, 59, 64, 66, 67, 68, 73, 74, 93, 94, 95, 98, 100, 103, 104, 107, 179, 180]
Min Correction Subset: [12, 16, 18, 83]
