IIS generation
Iter 1: 
Min Hitting Set: []
Min Correction Subset: [139]
Iter 2: 
Min Hitting Set: [139]
Min Correction Subset: [27]
Iter 3: 
Min Hitting Set: [27, 139]
Min Correction Subset: [22]
Iter 4: 
Min Hitting Set: [22, 27, 139]
Min Correction Subset: [74]
Iter 5: 
Min Hitting Set: [22, 27, 74, 139]
Min Correction Subset: [62]
Iter 6: 
Min Hitting Set: [22, 27, 62, 74, 139]
Min Correction Subset: [54]
Iter 7: 
Min Hitting Set: [22, 27, 54, 62, 74, 139]
Min Correction Subset: [61]
Iter 8: 
Min Hitting Set: [22, 27, 54, 61, 62, 74, 139]
Min Correction Subset: [20]
Iter 9: 
Min Hitting Set: [20, 22, 27, 54, 61, 62, 74, 139]
Min Correction Subset: [21]
Iter 10: 
Min Hitting Set: [20, 21, 22, 27, 54, 61, 62, 74, 139]
Min Correction Subset: [58]
Iter 11: 
Min Hitting Set: [20, 21, 22, 27, 54, 58, 61, 62, 74, 139]
Min Correction Subset: [138]
Iter 12: 
Min Hitting Set: [20, 21, 22, 27, 54, 58, 61, 62, 74, 138, 139]
Min Correction Subset: [6, 24]
Iter 13: 
Min Hitting Set: [6, 20, 21, 22, 27, 54, 58, 61, 62, 74, 138, 139]
Min Correction Subset: [14, 15]
Iter 14: 
Min Hitting Set: [6, 14, 20, 21, 22, 27, 54, 58, 61, 62, 74, 138, 139]
Min Correction Subset: [24, 42]
Iter 15: 
Min Hitting Set: [14, 20, 21, 22, 24, 27, 54, 58, 61, 62, 74, 138, 139]
Min Correction Subset: [6, 25]
Iter 16: 
Min Hitting Set: [6, 14, 20, 21, 22, 24, 27, 54, 58, 61, 62, 74, 138, 139]
Min Correction Subset: [67, 82]
Iter 17: 
Min Hitting Set: [6, 14, 20, 21, 22, 24, 27, 54, 58, 61, 62, 67, 74, 138, 139]
Min Correction Subset: [4, 25]
Iter 18: 
Min Hitting Set: [14, 20, 21, 22, 24, 25, 27, 54, 58, 61, 62, 67, 74, 138, 139]
Min Correction Subset: [6, 8]
Iter 19: 
Min Hitting Set: [6, 14, 20, 21, 22, 24, 25, 27, 54, 58, 61, 62, 67, 74, 138, 139]
Min Correction Subset: [15, 103]
Iter 20: 
Min Hitting Set: [6, 15, 20, 21, 22, 24, 25, 27, 54, 58, 61, 62, 67, 74, 138, 139]
Min Correction Subset: [14, 109]
Iter 21: 
Min Hitting Set: [6, 14, 15, 20, 21, 22, 24, 25, 27, 54, 58, 61, 62, 67, 74, 138, 139]
Min Correction Subset: [40, 103]
Iter 22: 
Min Hitting Set: [6, 14, 20, 21, 22, 24, 25, 27, 54, 58, 61, 62, 67, 74, 103, 138, 139]
Min Correction Subset: [4, 15]
Iter 23: 
Min Hitting Set: [4, 6, 14, 20, 21, 22, 24, 27, 54, 58, 61, 62, 67, 74, 103, 138, 139]
Min Correction Subset: [25, 31]
Iter 24: 
Min Hitting Set: [4, 6, 14, 20, 21, 22, 24, 25, 27, 54, 58, 61, 62, 67, 74, 103, 138, 139]
Min Correction Subset: [19, 45]
Iter 25: 
Min Hitting Set: [4, 6, 14, 19, 20, 21, 22, 24, 25, 27, 54, 58, 61, 62, 67, 74, 103, 138, 139]
Min Correction Subset: [28, 66]
Iter 26: 
Min Hitting Set: [4, 6, 14, 19, 20, 21, 22, 24, 25, 27, 28, 54, 58, 61, 62, 67, 74, 103, 138, 139]
Min Correction Subset: [15, 17]
Iter 27: 
Min Hitting Set: [6, 14, 15, 19, 20, 21, 22, 24, 25, 27, 28, 54, 58, 61, 62, 67, 74, 103, 138, 139]
Min Correction Subset: [17, 38]
Iter 28: 
Min Hitting Set: [4, 6, 14, 17, 19, 20, 21, 22, 24, 25, 27, 28, 54, 58, 61, 62, 67, 74, 103, 138, 139]
Min Correction Subset: [48, 107]
Iter 29: 
Min Hitting Set: [4, 6, 14, 17, 19, 20, 21, 22, 24, 25, 27, 28, 48, 54, 58, 61, 62, 67, 74, 103, 138, 139]
Min Correction Subset: [15, 32]
Iter 30: 
Min Hitting Set: [6, 14, 15, 17, 19, 20, 21, 22, 24, 25, 27, 28, 48, 54, 58, 61, 62, 67, 74, 103, 138, 139]
Min Correction Subset: [56, 81]
Iter 31: 
Min Hitting Set: [6, 14, 15, 17, 19, 20, 21, 22, 24, 25, 27, 28, 48, 54, 56, 58, 61, 62, 67, 74, 103, 138, 139]
Min Correction Subset: [4, 38]
Iter 32: 
Min Hitting Set: [6, 14, 15, 19, 20, 21, 22, 24, 25, 27, 28, 38, 48, 54, 56, 58, 61, 62, 67, 74, 103, 138, 139]
Min Correction Subset: [9, 53]
Iter 33: 
Min Hitting Set: [6, 9, 14, 15, 19, 20, 21, 22, 24, 25, 27, 28, 38, 48, 54, 56, 58, 61, 62, 67, 74, 103, 138, 139]
Min Correction Subset: [1, 75, 85]
Iter 34: 
Min Hitting Set: [1, 6, 9, 14, 15, 19, 20, 21, 22, 24, 25, 27, 28, 38, 48, 54, 56, 58, 61, 62, 67, 74, 103, 138, 139]
Min Correction Subset: [8, 36, 113]
Iter 35: 
Min Hitting Set: [1, 8, 9, 14, 15, 19, 20, 21, 22, 24, 25, 27, 28, 38, 48, 54, 56, 58, 61, 62, 67, 74, 103, 138, 139]
Min Correction Subset: [3, 6]
Iter 36: 
Min Hitting Set: [1, 6, 8, 9, 14, 15, 19, 20, 21, 22, 24, 25, 27, 28, 38, 48, 54, 56, 58, 61, 62, 67, 74, 103, 138, 139]
Min Correction Subset: [4, 64, 76]
Iter 37: 
Min Hitting Set: [1, 4, 6, 8, 9, 14, 15, 17, 19, 20, 21, 22, 24, 25, 27, 28, 48, 54, 56, 58, 61, 62, 67, 74, 103, 138, 139]
Min Correction Subset: [12, 31, 38]
Iter 38: 
Min Hitting Set: [1, 4, 6, 8, 9, 14, 15, 19, 20, 21, 22, 24, 27, 28, 31, 38, 48, 54, 56, 58, 61, 62, 67, 74, 103, 138, 139]
Min Correction Subset: [25, 45]
Iter 39: 
Min Hitting Set: [1, 4, 6, 8, 9, 14, 15, 20, 21, 22, 24, 27, 28, 31, 38, 45, 48, 54, 56, 58, 61, 62, 67, 74, 103, 138, 139]
Min Correction Subset: [19, 77]
Iter 40: 
Min Hitting Set: [1, 4, 6, 8, 9, 14, 15, 19, 20, 21, 22, 24, 25, 27, 28, 38, 48, 54, 56, 58, 61, 62, 67, 74, 103, 138, 139]
Min Correction Subset: [32, 40, 80]
Iter 41: 
Min Hitting Set: [1, 4, 6, 8, 9, 14, 15, 19, 20, 21, 22, 24, 25, 27, 28, 38, 40, 48, 54, 56, 58, 61, 62, 67, 74, 138, 139]
Min Correction Subset: [17, 103]
Iter 42: 
Min Hitting Set: [1, 4, 6, 8, 9, 14, 15, 17, 19, 20, 21, 22, 24, 25, 27, 28, 38, 40, 48, 54, 56, 58, 61, 62, 67, 74, 138, 139]
Min Correction Subset: [12, 103]
Iter 43: 
Min Hitting Set: [1, 4, 6, 8, 9, 12, 14, 17, 19, 20, 21, 22, 24, 25, 27, 28, 32, 48, 54, 56, 58, 61, 62, 67, 74, 103, 138, 139]
Min Correction Subset: [15, 38]
Iter 44: 
Min Hitting Set: [1, 4, 6, 8, 9, 14, 15, 19, 20, 21, 22, 24, 25, 27, 28, 38, 40, 48, 54, 56, 58, 61, 62, 67, 74, 103, 138, 139]
Min Correction Subset: [3, 17, 36]
Iter 45: 
Min Hitting Set: [1, 4, 6, 8, 9, 12, 14, 15, 17, 19, 20, 21, 22, 24, 25, 27, 28, 40, 48, 54, 56, 58, 61, 62, 67, 74, 138, 139]
Min Correction Subset: [36, 66, 103]
Iter 46: 
Min Hitting Set: [1, 4, 6, 8, 9, 12, 14, 15, 17, 19, 20, 21, 22, 24, 25, 27, 40, 48, 54, 56, 58, 61, 62, 66, 67, 74, 138, 139]
Min Correction Subset: [26, 28, 32]
Iter 47: 
Min Hitting Set: [1, 4, 6, 9, 12, 14, 15, 17, 19, 20, 21, 22, 24, 25, 27, 28, 36, 40, 48, 54, 56, 58, 61, 62, 67, 74, 138, 139]
Min Correction Subset: [8, 42, 85]
Iter 48: 
Min Hitting Set: [4, 6, 9, 12, 14, 15, 17, 19, 20, 21, 22, 24, 25, 27, 28, 36, 40, 48, 54, 56, 58, 61, 62, 67, 74, 85, 138, 139]
Min Correction Subset: [1, 75, 102]
Iter 49: 
Min Hitting Set: [3, 4, 8, 9, 14, 17, 19, 20, 21, 22, 24, 25, 27, 32, 38, 48, 54, 56, 58, 61, 62, 66, 67, 74, 75, 103, 138, 139]
Min Correction Subset: [0, 6]
Iter 50: 
Min Hitting Set: [4, 6, 9, 14, 15, 19, 20, 21, 22, 25, 27, 28, 36, 38, 40, 42, 48, 54, 56, 58, 61, 62, 67, 74, 75, 103, 138, 139]
Min Correction Subset: [24, 30]
Iter 51: 
Min Hitting Set: [4, 6, 8, 9, 14, 17, 19, 20, 21, 22, 24, 25, 27, 32, 38, 48, 54, 56, 58, 61, 62, 66, 67, 74, 75, 103, 138, 139]
Min Correction Subset: [1, 43, 85]
Iter 52: 
Min Hitting Set: [1, 4, 6, 8, 9, 14, 17, 19, 20, 21, 22, 24, 25, 27, 32, 38, 48, 54, 56, 58, 61, 62, 66, 67, 74, 103, 138, 139]
Min Correction Subset: [15, 26, 28]
Iter 53: 
Min Hitting Set: [1, 4, 6, 8, 9, 14, 17, 19, 20, 21, 22, 24, 25, 27, 28, 32, 38, 48, 54, 56, 58, 61, 62, 67, 74, 103, 138, 139]
Min Correction Subset: [3, 15, 36]
Iter 54: 
Min Hitting Set: [1, 4, 6, 8, 9, 12, 14, 15, 17, 19, 20, 21, 22, 24, 25, 27, 28, 40, 48, 54, 56, 58, 61, 62, 66, 67, 74, 138, 139]
Min Correction Subset: [3, 36, 38]
Iter 55: 
Min Hitting Set: [1, 4, 6, 8, 9, 14, 15, 19, 20, 21, 22, 24, 25, 27, 28, 36, 38, 40, 48, 54, 56, 58, 61, 62, 67, 74, 103, 138, 139]
Min Correction Subset: [57, 71, 112]
Iter 56: 
Min Hitting Set: [1, 4, 6, 8, 9, 14, 15, 19, 20, 21, 22, 24, 25, 27, 28, 36, 38, 40, 48, 54, 56, 57, 58, 61, 62, 67, 74, 103, 138, 139]
Min Correction Subset: [12, 45, 99]
Iter 57: 
Min Hitting Set: [1, 4, 6, 8, 9, 12, 14, 15, 17, 19, 20, 21, 22, 24, 25, 27, 28, 36, 40, 48, 54, 56, 57, 58, 61, 62, 67, 74, 138, 139]
Min Correction Subset: [38, 72, 99]
Iter 58: 
Min Hitting Set: [1, 4, 6, 8, 9, 14, 17, 19, 20, 21, 22, 24, 25, 27, 28, 32, 36, 38, 48, 54, 56, 57, 58, 61, 62, 67, 74, 99, 103, 138, 139]
Min Correction Subset: [12, 15, 31]
Iter 59: 
Min Hitting Set: [1, 4, 6, 8, 9, 14, 15, 19, 20, 21, 22, 24, 25, 27, 32, 36, 38, 48, 54, 56, 57, 58, 61, 62, 66, 67, 74, 99, 103, 138, 139]
Min Correction Subset: [17, 26, 28]
Iter 60: 
Min Hitting Set: [1, 4, 6, 8, 9, 14, 15, 19, 20, 21, 22, 24, 25, 27, 28, 36, 38, 40, 48, 54, 56, 57, 58, 61, 62, 67, 74, 99, 103, 138, 139]
Min Correction Subset: [26, 32, 73, 94]
Iter 61: 
Min Hitting Set: [1, 4, 6, 8, 9, 14, 15, 17, 19, 20, 21, 22, 24, 25, 27, 32, 38, 48, 54, 56, 57, 58, 61, 62, 66, 67, 74, 99, 103, 138, 139]
Min Correction Subset: [12, 40, 80]
Iter 62: 
Min Hitting Set: [1, 4, 6, 8, 9, 12, 14, 15, 17, 19, 20, 21, 22, 24, 25, 27, 32, 38, 48, 54, 56, 57, 58, 61, 62, 66, 67, 74, 103, 138, 139]
Min Correction Subset: [28, 46, 114]
Iter 63: 
Min Hitting Set: [1, 4, 6, 8, 9, 12, 14, 17, 19, 20, 21, 22, 24, 25, 27, 28, 32, 36, 38, 48, 54, 56, 57, 58, 61, 62, 67, 74, 103, 138, 139]
Min Correction Subset: [15, 53, 107]
Iter 64: 
Min Hitting Set: [1, 4, 6, 8, 12, 14, 17, 19, 20, 21, 22, 24, 25, 27, 28, 32, 36, 38, 53, 54, 56, 57, 58, 61, 62, 67, 74, 103, 107, 138, 139]
Min Correction Subset: [9, 48]
Iter 65: 
Min Hitting Set: [1, 4, 6, 8, 12, 14, 17, 19, 20, 21, 22, 24, 25, 27, 28, 32, 36, 38, 48, 53, 54, 56, 57, 58, 61, 62, 67, 74, 103, 138, 139]
Min Correction Subset: [15, 40, 80]
Iter 66: 
Min Hitting Set: [1, 4, 6, 8, 9, 12, 14, 15, 17, 19, 20, 21, 22, 24, 25, 27, 28, 32, 38, 48, 54, 56, 57, 58, 61, 62, 67, 74, 103, 138, 139]
Min Correction Subset: [26, 40, 80]
Iter 67: 
Min Hitting Set: [1, 4, 6, 8, 14, 15, 17, 19, 20, 21, 22, 24, 25, 26, 27, 28, 38, 40, 48, 53, 54, 56, 57, 58, 61, 62, 67, 74, 99, 103, 138, 139]
Min Correction Subset: [9, 66, 107]
Iter 68: 
Min Hitting Set: [1, 4, 6, 8, 9, 12, 14, 15, 17, 19, 20, 21, 22, 24, 25, 26, 27, 28, 38, 40, 54, 56, 57, 58, 61, 62, 66, 67, 74, 107, 138, 139]
Min Correction Subset: [45, 99, 103]
Iter 69: 
Min Hitting Set: [1, 4, 6, 8, 9, 14, 15, 19, 20, 21, 22, 24, 25, 26, 27, 28, 36, 38, 40, 45, 48, 54, 56, 57, 58, 61, 62, 67, 74, 103, 138, 139]
Min Correction Subset: [17, 66, 70, 107]
Iter 70: 
Min Hitting Set: [1, 4, 6, 8, 9, 14, 15, 17, 19, 20, 21, 22, 24, 25, 26, 27, 28, 38, 40, 48, 54, 56, 57, 58, 61, 62, 67, 74, 99, 103, 138, 139]
Min Correction Subset: [3, 12, 31, 36]
Iter 71: 
Min Hitting Set: [1, 4, 6, 8, 9, 12, 14, 15, 17, 19, 20, 21, 22, 24, 25, 26, 27, 28, 36, 40, 48, 54, 56, 57, 58, 61, 62, 67, 74, 99, 138, 139]
Min Correction Subset: [38, 53, 107]
Iter 72: 
Min Hitting Set: [1, 4, 6, 8, 9, 12, 14, 15, 19, 20, 21, 22, 24, 25, 27, 28, 32, 36, 38, 40, 54, 56, 57, 58, 61, 62, 67, 74, 103, 107, 138, 139]
Min Correction Subset: [17, 45, 82, 99]
Iter 73: 
Min Hitting Set: [1, 4, 6, 8, 9, 12, 14, 15, 19, 20, 21, 22, 24, 25, 27, 28, 32, 36, 38, 40, 54, 56, 57, 58, 61, 62, 74, 82, 103, 107, 138, 139]
Min Correction Subset: [17, 72, 85, 99]
Iter 74: 
Min Hitting Set: [1, 4, 6, 8, 9, 14, 15, 19, 20, 21, 22, 24, 25, 26, 27, 28, 36, 38, 40, 54, 56, 57, 58, 61, 62, 74, 82, 99, 103, 107, 138, 139]
Min Correction Subset: [12, 17, 31, 85]
Iter 75: 
Min Hitting Set: [1, 4, 6, 8, 9, 14, 15, 17, 19, 20, 21, 22, 24, 26, 27, 28, 31, 38, 40, 45, 48, 54, 56, 57, 58, 61, 62, 74, 82, 103, 138, 139]
Min Correction Subset: [23, 25, 42]
Iter 76: 
Min Hitting Set: [1, 4, 6, 8, 9, 12, 14, 15, 17, 19, 20, 21, 22, 24, 25, 26, 27, 28, 38, 40, 48, 54, 56, 57, 58, 61, 62, 74, 82, 103, 138, 139]
Min Correction Subset: [66, 70, 85, 107]
Iter 77: 
Min Hitting Set: [1, 4, 6, 9, 14, 15, 19, 20, 21, 22, 24, 25, 26, 27, 28, 36, 38, 40, 45, 54, 56, 57, 58, 61, 62, 74, 82, 85, 103, 107, 138, 139]
Min Correction Subset: [8, 23, 42, 102]
Iter 78: 
Min Hitting Set: [4, 6, 9, 14, 15, 19, 20, 21, 22, 24, 25, 26, 27, 28, 36, 38, 40, 54, 56, 57, 58, 61, 62, 74, 82, 85, 99, 102, 103, 107, 138, 139]
Min Correction Subset: [12, 17, 31, 48]
Iter 79: 
Min Hitting Set: [4, 6, 9, 12, 14, 15, 19, 20, 21, 22, 24, 25, 27, 28, 32, 36, 38, 40, 54, 56, 57, 58, 61, 62, 74, 82, 85, 102, 103, 107, 138, 139]
Min Correction Subset: [17, 29, 72, 99]
Iter 80: 
Min Hitting Set: [4, 6, 9, 12, 14, 17, 19, 20, 21, 22, 24, 25, 27, 28, 32, 36, 38, 40, 54, 56, 57, 58, 61, 62, 74, 82, 85, 102, 103, 107, 138, 139]
Min Correction Subset: [15, 29, 66]
Iter 81: 
Min Hitting Set: [4, 6, 9, 12, 14, 15, 17, 19, 20, 21, 22, 24, 25, 26, 27, 28, 36, 40, 54, 56, 57, 58, 61, 62, 74, 82, 85, 99, 102, 107, 138, 139]
Min Correction Subset: [29, 38, 66]
Iter 82: 
Min Hitting Set: [1, 4, 6, 8, 9, 12, 14, 15, 17, 19, 20, 21, 22, 24, 25, 26, 27, 28, 38, 40, 54, 56, 57, 58, 61, 62, 74, 82, 103, 107, 138, 139]
Min Correction Subset: [32, 45, 68, 99]
Iter 83: 
Min Hitting Set: [1, 4, 6, 8, 9, 12, 14, 15, 17, 19, 20, 21, 22, 24, 25, 27, 28, 32, 38, 40, 54, 56, 57, 58, 61, 62, 74, 82, 103, 107, 138, 139]
Min Correction Subset: [36, 66, 72, 99]
Iter 84: 
Min Hitting Set: [4, 6, 9, 14, 15, 19, 20, 21, 22, 24, 25, 27, 28, 32, 36, 38, 40, 48, 54, 56, 57, 58, 61, 62, 74, 82, 85, 99, 102, 103, 107, 138, 139]
Min Correction Subset: [12, 26, 73, 94]
Iter 85: 
Min Hitting Set: [4, 6, 9, 14, 15, 19, 20, 21, 22, 24, 25, 26, 27, 28, 36, 38, 40, 48, 54, 56, 57, 58, 61, 62, 74, 82, 85, 99, 102, 103, 107, 138, 139]
Min Correction Subset: [12, 17, 29, 45]
Iter 86: 
Min Hitting Set: [4, 6, 9, 14, 15, 17, 19, 20, 21, 22, 24, 25, 26, 27, 28, 36, 38, 40, 54, 56, 57, 58, 61, 62, 74, 82, 85, 99, 102, 103, 107, 138, 139]
Min Correction Subset: [12, 29, 31, 66]
Iter 87: 
Min Hitting Set: [1, 4, 6, 8, 9, 12, 14, 15, 17, 19, 20, 21, 22, 24, 25, 26, 27, 28, 38, 40, 45, 54, 56, 57, 58, 61, 62, 66, 74, 82, 107, 138, 139]
Min Correction Subset: [72, 99, 103]
Iter 88: 
Min Hitting Set: [1, 4, 6, 8, 9, 12, 14, 15, 17, 19, 20, 21, 22, 24, 25, 27, 28, 32, 38, 40, 54, 56, 57, 58, 61, 62, 66, 74, 82, 99, 107, 138, 139]
Min Correction Subset: [26, 48, 94, 103]
Iter 89: 
Min Hitting Set: [1, 4, 6, 8, 9, 12, 14, 15, 17, 19, 20, 21, 22, 24, 25, 27, 28, 32, 38, 40, 48, 54, 56, 57, 58, 61, 62, 66, 74, 82, 99, 138, 139]
Min Correction Subset: [53, 103, 107]
Iter 90: 
Min Hitting Set: [1, 4, 6, 8, 12, 14, 15, 17, 19, 20, 21, 22, 24, 25, 26, 27, 28, 38, 40, 48, 53, 54, 56, 57, 58, 61, 62, 66, 74, 82, 99, 138, 139]
Min Correction Subset: [9, 103, 107]
Iter 91: 
Min Hitting Set: [1, 4, 6, 8, 9, 12, 14, 17, 19, 20, 21, 22, 24, 25, 27, 28, 29, 32, 36, 38, 40, 54, 56, 57, 58, 61, 62, 74, 82, 103, 107, 138, 139]
Min Correction Subset: [15, 45, 99]
Iter 92: 
Min Hitting Set: [1, 4, 6, 8, 9, 12, 14, 15, 17, 19, 20, 21, 22, 24, 25, 26, 27, 28, 38, 40, 54, 56, 57, 58, 61, 62, 66, 74, 82, 99, 107, 138, 139]
Min Correction Subset: [3, 36, 48, 103]
Iter 93: 
Min Hitting Set: [4, 6, 9, 12, 14, 15, 19, 20, 21, 22, 24, 25, 27, 28, 32, 36, 38, 40, 54, 56, 57, 58, 61, 62, 74, 82, 85, 99, 102, 103, 107, 138, 139]
Min Correction Subset: [17, 26, 48, 94]
Iter 94: 
Min Hitting Set: [1, 4, 6, 8, 9, 12, 14, 15, 17, 19, 20, 21, 22, 24, 25, 26, 27, 28, 38, 40, 54, 56, 57, 58, 61, 62, 74, 82, 99, 103, 107, 138, 139]
Min Correction Subset: [3, 32, 36, 48, 68]
Iter 95: 
Min Hitting Set: [1, 4, 6, 8, 9, 12, 14, 15, 17, 19, 20, 21, 22, 24, 25, 27, 28, 32, 38, 40, 54, 56, 57, 58, 61, 62, 66, 74, 82, 103, 107, 138, 139]
Min Correction Subset: [3, 36, 72, 99]
Iter 96: 
Min Hitting Set: [4, 6, 9, 12, 14, 15, 19, 20, 21, 22, 24, 25, 26, 27, 28, 36, 38, 40, 54, 56, 57, 58, 61, 62, 74, 82, 85, 99, 102, 103, 107, 138, 139]
Min Correction Subset: [17, 32, 48, 68]
Iter 97: 
Min Hitting Set: [4, 6, 9, 12, 14, 15, 17, 19, 20, 21, 22, 24, 25, 26, 27, 28, 36, 40, 54, 56, 57, 58, 61, 62, 66, 74, 82, 85, 99, 102, 107, 138, 139]
Min Correction Subset: [32, 38, 68]
Iter 98: 
Min Hitting Set: [1, 4, 6, 8, 9, 12, 14, 15, 17, 19, 20, 21, 22, 24, 25, 26, 27, 28, 36, 38, 40, 54, 56, 57, 58, 61, 62, 74, 82, 99, 107, 138, 139]
Min Correction Subset: [32, 48, 68, 103]
Iter 99: 
Min Hitting Set: [4, 6, 9, 12, 14, 15, 19, 20, 21, 22, 24, 25, 26, 27, 28, 32, 36, 38, 54, 56, 57, 58, 61, 62, 74, 82, 85, 99, 102, 103, 107, 138, 139]
Min Correction Subset: [17, 40, 80]
Iter 100: 
Min Hitting Set: [1, 4, 6, 8, 9, 12, 14, 15, 17, 19, 20, 21, 22, 24, 25, 27, 28, 32, 36, 38, 40, 54, 56, 57, 58, 61, 62, 74, 82, 103, 107, 138, 139]
Min Correction Subset: [29, 66, 72, 99]
Iter 101: 
Min Hitting Set: [1, 4, 6, 8, 9, 12, 14, 15, 17, 19, 20, 21, 22, 24, 25, 27, 28, 32, 38, 40, 54, 56, 57, 58, 61, 62, 74, 82, 99, 103, 107, 138, 139]
Min Correction Subset: [3, 36, 48, 66, 96]
Iter 102: 
Min Hitting Set: [4, 6, 14, 15, 19, 20, 21, 22, 24, 25, 26, 27, 28, 29, 36, 38, 40, 48, 53, 54, 56, 57, 58, 61, 62, 74, 82, 85, 99, 102, 103, 107, 138, 139]
Min Correction Subset: [9, 69, 73, 80]
Iter 103: 
Min Hitting Set: [1, 4, 6, 8, 9, 14, 15, 17, 19, 20, 21, 22, 24, 25, 26, 27, 28, 29, 36, 38, 40, 54, 56, 57, 58, 61, 62, 74, 82, 99, 103, 107, 138, 139]
Min Correction Subset: [12, 31, 48, 68]
Iter 104: 
Min Hitting Set: [1, 4, 6, 8, 9, 14, 15, 17, 19, 20, 21, 22, 24, 25, 26, 27, 28, 36, 38, 40, 48, 54, 56, 57, 58, 61, 62, 66, 74, 82, 99, 103, 138, 139]
Min Correction Subset: [32, 53, 68, 107]
Iter 105: 
Min Hitting Set: [1, 4, 6, 8, 9, 12, 14, 15, 17, 19, 20, 21, 22, 24, 25, 27, 28, 32, 36, 40, 48, 53, 54, 56, 57, 58, 61, 62, 66, 74, 82, 99, 138, 139]
Min Correction Subset: [69, 80, 103, 107]
Iter 106: 
Min Hitting Set: [1, 4, 6, 8, 9, 12, 14, 15, 17, 19, 20, 21, 22, 24, 25, 26, 27, 28, 32, 36, 54, 56, 57, 58, 61, 62, 66, 74, 82, 99, 103, 107, 138, 139]
Min Correction Subset: [38, 40, 80]
Iter 107: 
Min Hitting Set: [1, 4, 6, 8, 9, 12, 14, 15, 17, 19, 20, 21, 22, 24, 25, 26, 27, 28, 32, 36, 40, 54, 56, 57, 58, 61, 62, 66, 74, 82, 99, 107, 138, 139]
Min Correction Subset: [38, 48, 68]
Iter 108: 
Min Hitting Set: [1, 4, 6, 8, 9, 12, 14, 15, 17, 19, 20, 21, 22, 24, 25, 26, 27, 28, 32, 36, 38, 40, 54, 56, 57, 58, 61, 62, 74, 82, 99, 107, 138, 139]
Min Correction Subset: [29, 66, 85, 103]
Iter 109: 
Min Hitting Set: [4, 6, 9, 12, 14, 15, 17, 19, 20, 21, 22, 24, 25, 26, 27, 28, 36, 38, 40, 48, 54, 56, 57, 58, 61, 62, 74, 82, 85, 99, 102, 107, 138, 139]
Min Correction Subset: [29, 32, 46, 66, 103]
Iter 110: 
Min Hitting Set: [4, 6, 9, 12, 14, 15, 17, 19, 20, 21, 22, 24, 25, 26, 27, 28, 32, 36, 38, 40, 54, 56, 57, 58, 61, 62, 74, 82, 85, 99, 102, 107, 138, 139]
Min Correction Subset: [29, 48, 66, 96, 103]
Iter 111: 
Min Hitting Set: [1, 4, 6, 8, 9, 12, 14, 15, 17, 19, 20, 21, 22, 24, 25, 26, 27, 28, 32, 38, 48, 54, 56, 57, 58, 61, 62, 66, 74, 82, 99, 103, 138, 139]
Min Correction Subset: [3, 36, 40, 80]
Iter 112: 
Min Hitting Set: [1, 4, 6, 8, 9, 12, 14, 17, 19, 20, 21, 22, 24, 25, 27, 28, 32, 36, 38, 45, 54, 56, 57, 58, 61, 62, 66, 74, 80, 82, 103, 107, 138, 139]
Min Correction Subset: [15, 48, 85]
Iter 113: 
Min Hitting Set: [1, 4, 6, 8, 12, 14, 17, 19, 20, 21, 22, 24, 25, 27, 28, 32, 36, 38, 45, 48, 53, 54, 56, 57, 58, 61, 62, 66, 74, 80, 82, 103, 138, 139]
Min Correction Subset: [15, 72, 99]
Iter 114: 
Min Hitting Set: [1, 4, 6, 8, 9, 12, 14, 15, 17, 19, 20, 21, 22, 24, 25, 27, 28, 32, 38, 54, 56, 57, 58, 61, 62, 66, 74, 80, 82, 99, 103, 107, 138, 139]
Min Correction Subset: [3, 26, 36, 48, 94]
Iter 115: 
Min Hitting Set: [4, 6, 14, 15, 19, 20, 21, 22, 24, 25, 26, 27, 28, 29, 36, 38, 48, 53, 54, 56, 57, 58, 61, 62, 74, 80, 82, 85, 99, 102, 103, 107, 138, 139]
Min Correction Subset: [9, 12, 17, 31]
Iter 116: 
Min Hitting Set: [1, 4, 6, 8, 12, 14, 15, 17, 19, 20, 21, 22, 24, 25, 27, 28, 38, 40, 48, 53, 54, 56, 57, 58, 61, 62, 66, 73, 74, 82, 99, 107, 138, 139]
Min Correction Subset: [26, 32, 68, 80]
Iter 117: 
Min Hitting Set: [1, 4, 6, 8, 9, 12, 14, 15, 17, 19, 20, 21, 22, 24, 25, 26, 27, 28, 36, 38, 40, 54, 56, 57, 58, 61, 62, 74, 82, 99, 103, 107, 138, 139]
Min Correction Subset: [13, 29, 32, 46, 48, 66, 85, 96, 114]
Iter 118: 
Min Hitting Set: [1, 4, 6, 8, 9, 12, 14, 15, 17, 19, 20, 21, 22, 24, 25, 27, 28, 32, 36, 38, 40, 54, 56, 57, 58, 61, 62, 74, 82, 99, 103, 107, 138, 139]
Min Correction Subset: [26, 48, 68, 85, 94]
Iter 119: 
Min Hitting Set: [4, 6, 9, 14, 15, 19, 20, 21, 22, 24, 25, 26, 27, 28, 29, 36, 38, 40, 48, 54, 56, 57, 58, 61, 62, 74, 82, 85, 99, 102, 103, 107, 138, 139]
Min Correction Subset: [12, 17, 31, 68]
Iter 120: 
Min Hitting Set: [1, 4, 6, 8, 9, 12, 14, 15, 19, 20, 21, 22, 24, 25, 26, 27, 28, 32, 36, 38, 40, 54, 56, 57, 58, 61, 62, 74, 82, 99, 103, 107, 138, 139]
Min Correction Subset: [17, 29, 48, 85]
Iter 121: 
Min Hitting Set: [1, 4, 6, 8, 9, 12, 14, 15, 17, 19, 20, 21, 22, 24, 25, 27, 28, 32, 36, 40, 48, 54, 56, 57, 58, 61, 62, 66, 74, 82, 99, 107, 138, 139]
Min Correction Subset: [26, 38, 73, 94]
Iter 122: 
Min Hitting Set: [1, 4, 6, 8, 9, 12, 14, 15, 17, 19, 20, 21, 22, 24, 25, 27, 28, 32, 38, 40, 48, 54, 56, 57, 58, 61, 62, 66, 74, 82, 99, 103, 138, 139]
Min Correction Subset: [26, 53, 94, 107]
Iter 123: 
Min Hitting Set: [1, 4, 6, 8, 9, 12, 14, 15, 17, 19, 20, 21, 22, 24, 25, 26, 27, 28, 38, 40, 48, 54, 56, 57, 58, 61, 62, 66, 74, 82, 99, 107, 138, 139]
Min Correction Subset: [3, 36, 68, 103]
Iter 124: 
Min Hitting Set: [1, 4, 6, 8, 9, 12, 14, 15, 17, 19, 20, 21, 22, 24, 25, 26, 27, 28, 29, 32, 36, 38, 54, 56, 57, 58, 61, 62, 74, 82, 103, 107, 138, 139]
Min Correction Subset: [40, 72, 80, 99]
Iter 125: 
Min Hitting Set: [4, 6, 9, 12, 14, 15, 17, 19, 20, 21, 22, 24, 25, 26, 27, 28, 32, 36, 38, 48, 54, 56, 57, 58, 61, 62, 74, 82, 85, 99, 102, 103, 138, 139]
Min Correction Subset: [29, 66, 70, 107]
Iter 126: 
Min Hitting Set: [4, 6, 12, 14, 17, 19, 20, 21, 22, 24, 25, 27, 28, 32, 36, 38, 48, 53, 54, 56, 57, 58, 61, 62, 66, 74, 80, 82, 85, 99, 102, 103, 138, 139]
Min Correction Subset: [9, 15, 107]
Iter 127: 
Min Hitting Set: [1, 4, 6, 8, 9, 12, 14, 15, 17, 19, 20, 21, 22, 24, 25, 26, 27, 28, 36, 40, 54, 56, 57, 58, 61, 62, 66, 68, 74, 82, 99, 107, 138, 139]
Min Correction Subset: [38, 48, 85]
Iter 128: 
Min Hitting Set: [4, 6, 9, 12, 14, 17, 19, 20, 21, 22, 24, 25, 27, 28, 32, 36, 38, 40, 54, 56, 57, 58, 61, 62, 66, 74, 82, 85, 99, 102, 103, 107, 138, 139]
Min Correction Subset: [15, 48, 68]
Iter 129: 
Min Hitting Set: [4, 6, 9, 12, 14, 15, 19, 20, 21, 22, 24, 25, 26, 27, 28, 29, 32, 36, 38, 40, 54, 56, 57, 58, 61, 62, 74, 82, 85, 102, 103, 107, 138, 139]
Min Correction Subset: [48, 68, 72, 99]
Iter 130: 
Min Hitting Set: [1, 4, 6, 8, 9, 12, 14, 15, 19, 20, 21, 22, 24, 25, 27, 28, 32, 36, 38, 40, 48, 54, 56, 57, 58, 61, 62, 74, 82, 99, 103, 107, 138, 139]
Min Correction Subset: [17, 26, 29, 73, 94]
Iter 131: 
Min Hitting Set: [4, 6, 9, 12, 14, 15, 17, 19, 20, 21, 22, 24, 25, 26, 27, 28, 36, 40, 54, 56, 57, 58, 61, 62, 66, 68, 74, 82, 85, 99, 102, 107, 138, 139]
Min Correction Subset: [13, 32, 38, 48]
Iter 132: 
Min Hitting Set: [1, 4, 6, 8, 9, 12, 14, 15, 17, 19, 20, 21, 22, 24, 25, 26, 27, 28, 38, 40, 48, 54, 56, 57, 58, 61, 62, 74, 82, 99, 103, 107, 138, 139]
Min Correction Subset: [3, 32, 36, 46, 66, 114]
Iter 133: 
Min Hitting Set: [4, 6, 12, 14, 15, 19, 20, 21, 22, 24, 25, 26, 27, 28, 36, 38, 48, 53, 54, 56, 57, 58, 61, 62, 74, 80, 82, 85, 99, 102, 103, 107, 138, 139]
Min Correction Subset: [32, 40, 73, 94]
Iter 134: 
Min Hitting Set: [4, 6, 12, 14, 15, 19, 20, 21, 22, 24, 25, 27, 28, 29, 32, 36, 38, 48, 53, 54, 56, 57, 58, 61, 62, 74, 80, 82, 85, 102, 103, 107, 138, 139]
Min Correction Subset: [9, 17, 45, 99]
Iter 135: 
Min Hitting Set: [4, 6, 9, 12, 14, 15, 17, 19, 20, 21, 22, 24, 25, 27, 28, 32, 36, 38, 40, 54, 56, 57, 58, 61, 62, 74, 82, 85, 99, 102, 103, 107, 138, 139]
Min Correction Subset: [26, 29, 66, 73, 94]
Iter 136: 
Min Hitting Set: [4, 6, 9, 12, 14, 15, 19, 20, 21, 22, 24, 25, 26, 27, 28, 36, 38, 40, 48, 54, 56, 57, 58, 61, 62, 74, 82, 85, 99, 102, 103, 107, 138, 139]
Min Correction Subset: [17, 32, 46, 68, 73, 94]
Iter 137: 
Min Hitting Set: [1, 4, 6, 8, 9, 12, 14, 15, 19, 20, 21, 22, 24, 25, 27, 28, 36, 38, 48, 54, 56, 57, 58, 61, 62, 74, 80, 82, 94, 99, 103, 107, 138, 139]
Min Correction Subset: [17, 26, 31, 32, 68, 73]
Iter 138: 
Min Hitting Set: [1, 4, 6, 8, 9, 12, 14, 15, 17, 19, 20, 21, 22, 24, 25, 26, 27, 28, 32, 36, 38, 54, 56, 57, 58, 61, 62, 74, 82, 99, 103, 107, 138, 139]
Min Correction Subset: [29, 40, 66, 80]
Iter 139: 
Min Hitting Set: [1, 4, 6, 14, 15, 17, 19, 20, 21, 22, 24, 27, 28, 31, 36, 38, 42, 45, 48, 53, 54, 56, 57, 58, 61, 62, 66, 73, 74, 80, 82, 103, 138, 139]
Min Correction Subset: [9, 25]
Iter 140: 
Min Hitting Set: [4, 6, 9, 12, 14, 15, 17, 19, 20, 21, 22, 24, 25, 27, 28, 36, 38, 54, 56, 57, 58, 61, 62, 74, 80, 82, 85, 94, 99, 102, 103, 107, 138, 139]
Min Correction Subset: [26, 31, 32, 48, 68]
Iter 141: 
Min Hitting Set: [1, 4, 6, 8, 12, 14, 15, 17, 19, 20, 21, 22, 24, 25, 27, 28, 32, 38, 48, 53, 54, 56, 57, 58, 61, 62, 66, 74, 80, 82, 99, 103, 138, 139]
Min Correction Subset: [9, 26, 73, 107]
Iter 142: 
Min Hitting Set: [4, 6, 9, 12, 14, 15, 19, 20, 21, 22, 24, 25, 27, 28, 29, 32, 36, 38, 40, 48, 54, 56, 57, 58, 61, 62, 74, 82, 85, 102, 103, 107, 138, 139]
Min Correction Subset: [17, 45, 68, 99]
Iter 143: 
Min Hitting Set: [4, 6, 9, 12, 14, 15, 19, 20, 21, 22, 24, 25, 26, 27, 28, 29, 36, 38, 40, 54, 56, 57, 58, 61, 62, 68, 74, 82, 85, 102, 103, 107, 138, 139]
Min Correction Subset: [17, 48, 72, 99]
Iter 144: 
Min Hitting Set: [4, 6, 9, 12, 14, 15, 19, 20, 21, 22, 24, 25, 26, 27, 28, 32, 36, 38, 54, 56, 57, 58, 61, 62, 74, 80, 82, 85, 99, 102, 103, 107, 138, 139]
Min Correction Subset: [17, 40, 48, 94]
