IIS generation
Iter 1: 
Min Hitting Set: []
Min Correction Subset: [155]
Iter 2: 
Min Hitting Set: [155]
Min Correction Subset: [8]
Iter 3: 
Min Hitting Set: [8, 155]
Min Correction Subset: [10]
Iter 4: 
Min Hitting Set: [8, 10, 155]
Min Correction Subset: [15]
Iter 5: 
Min Hitting Set: [8, 10, 15, 155]
Min Correction Subset: [46]
Iter 6: 
Min Hitting Set: [8, 10, 15, 46, 155]
Min Correction Subset: [55]
Iter 7: 
Min Hitting Set: [8, 10, 15, 46, 55, 155]
Min Correction Subset: [12]
Iter 8: 
Min Hitting Set: [8, 10, 12, 15, 46, 55, 155]
Min Correction Subset: [76]
Iter 9: 
Min Hitting Set: [8, 10, 12, 15, 46, 55, 76, 155]
Min Correction Subset: [102]
Iter 10: 
Min Hitting Set: [8, 10, 12, 15, 46, 55, 76, 102, 155]
Min Correction Subset: [34]
Iter 11: 
Min Hitting Set: [8, 10, 12, 15, 34, 46, 55, 76, 102, 155]
Min Correction Subset: [43]
Iter 12: 
Min Hitting Set: [8, 10, 12, 15, 34, 43, 46, 55, 76, 102, 155]
Min Correction Subset: [21]
Iter 13: 
Min Hitting Set: [8, 10, 12, 15, 21, 34, 43, 46, 55, 76, 102, 155]
Min Correction Subset: [119]
Iter 14: 
Min Hitting Set: [8, 10, 12, 15, 21, 34, 43, 46, 55, 76, 102, 119, 155]
Min Correction Subset: [37]
Iter 15: 
Min Hitting Set: [8, 10, 12, 15, 21, 34, 37, 43, 46, 55, 76, 102, 119, 155]
Min Correction Subset: [103]
Iter 16: 
Min Hitting Set: [8, 10, 12, 15, 21, 34, 37, 43, 46, 55, 76, 102, 103, 119, 155]
Min Correction Subset: [3]
Iter 17: 
Min Hitting Set: [3, 8, 10, 12, 15, 21, 34, 37, 43, 46, 55, 76, 102, 103, 119, 155]
Min Correction Subset: [18]
Iter 18: 
Min Hitting Set: [3, 8, 10, 12, 15, 18, 21, 34, 37, 43, 46, 55, 76, 102, 103, 119, 155]
Min Correction Subset: [71]
Iter 19: 
Min Hitting Set: [3, 8, 10, 12, 15, 18, 21, 34, 37, 43, 46, 55, 71, 76, 102, 103, 119, 155]
Min Correction Subset: [11]
Iter 20: 
Min Hitting Set: [3, 8, 10, 11, 12, 15, 18, 21, 34, 37, 43, 46, 55, 71, 76, 102, 103, 119, 155]
Min Correction Subset: [73]
Iter 21: 
Min Hitting Set: [3, 8, 10, 11, 12, 15, 18, 21, 34, 37, 43, 46, 55, 71, 73, 76, 102, 103, 119, 155]
Min Correction Subset: [74]
Iter 22: 
Min Hitting Set: [3, 8, 10, 11, 12, 15, 18, 21, 34, 37, 43, 46, 55, 71, 73, 74, 76, 102, 103, 119, 155]
Min Correction Subset: [75]
Iter 23: 
Min Hitting Set: [3, 8, 10, 11, 12, 15, 18, 21, 34, 37, 43, 46, 55, 71, 73, 74, 75, 76, 102, 103, 119, 155]
Min Correction Subset: [6]
Iter 24: 
Min Hitting Set: [3, 6, 8, 10, 11, 12, 15, 18, 21, 34, 37, 43, 46, 55, 71, 73, 74, 75, 76, 102, 103, 119, 155]
Min Correction Subset: [39]
Iter 25: 
Min Hitting Set: [3, 6, 8, 10, 11, 12, 15, 18, 21, 34, 37, 39, 43, 46, 55, 71, 73, 74, 75, 76, 102, 103, 119, 155]
Min Correction Subset: [68]
Iter 26: 
Min Hitting Set: [3, 6, 8, 10, 11, 12, 15, 18, 21, 34, 37, 39, 43, 46, 55, 68, 71, 73, 74, 75, 76, 102, 103, 119, 155]
Min Correction Subset: [116]
Iter 27: 
Min Hitting Set: [3, 6, 8, 10, 11, 12, 15, 18, 21, 34, 37, 39, 43, 46, 55, 68, 71, 73, 74, 75, 76, 102, 103, 116, 119, 155]
Min Correction Subset: [2]
Iter 28: 
Min Hitting Set: [2, 3, 6, 8, 10, 11, 12, 15, 18, 21, 34, 37, 39, 43, 46, 55, 68, 71, 73, 74, 75, 76, 102, 103, 116, 119, 155]
Min Correction Subset: [78]
Iter 29: 
Min Hitting Set: [2, 3, 6, 8, 10, 11, 12, 15, 18, 21, 34, 37, 39, 43, 46, 55, 68, 71, 73, 74, 75, 76, 78, 102, 103, 116, 119, 155]
Min Correction Subset: [48]
Iter 30: 
Min Hitting Set: [2, 3, 6, 8, 10, 11, 12, 15, 18, 21, 34, 37, 39, 43, 46, 48, 55, 68, 71, 73, 74, 75, 76, 78, 102, 103, 116, 119, 155]
Min Correction Subset: [5]
Iter 31: 
Min Hitting Set: [2, 3, 5, 6, 8, 10, 11, 12, 15, 18, 21, 34, 37, 39, 43, 46, 48, 55, 68, 71, 73, 74, 75, 76, 78, 102, 103, 116, 119, 155]
Min Correction Subset: [117]
Iter 32: 
Min Hitting Set: [2, 3, 5, 6, 8, 10, 11, 12, 15, 18, 21, 34, 37, 39, 43, 46, 48, 55, 68, 71, 73, 74, 75, 76, 78, 102, 103, 116, 117, 119, 155]
Min Correction Subset: [35, 50]
Iter 33: 
Min Hitting Set: [2, 3, 5, 6, 8, 10, 11, 12, 15, 18, 21, 34, 35, 37, 39, 43, 46, 48, 55, 68, 71, 73, 74, 75, 76, 78, 102, 103, 116, 117, 119, 155]
Min Correction Subset: [36, 153]
Iter 34: 
Min Hitting Set: [2, 3, 5, 6, 8, 10, 11, 12, 15, 18, 21, 34, 35, 36, 37, 39, 43, 46, 48, 55, 68, 71, 73, 74, 75, 76, 78, 102, 103, 116, 117, 119, 155]
Min Correction Subset: [33, 153]
Iter 35: 
Min Hitting Set: [2, 3, 5, 6, 8, 10, 11, 12, 15, 18, 21, 34, 35, 37, 39, 43, 46, 48, 55, 68, 71, 73, 74, 75, 76, 78, 102, 103, 116, 117, 119, 153, 155]
Min Correction Subset: [42, 112]
Iter 36: 
Min Hitting Set: [2, 3, 5, 6, 8, 10, 11, 12, 15, 18, 21, 34, 35, 37, 39, 42, 43, 46, 48, 55, 68, 71, 73, 74, 75, 76, 78, 102, 103, 116, 117, 119, 153, 155]
Min Correction Subset: [23, 50]
Iter 37: 
Min Hitting Set: [2, 3, 5, 6, 8, 10, 11, 12, 15, 18, 21, 34, 37, 39, 42, 43, 46, 48, 50, 55, 68, 71, 73, 74, 75, 76, 78, 102, 103, 116, 117, 119, 153, 155]
Min Correction Subset: [31, 65]
Iter 38: 
Min Hitting Set: [2, 3, 5, 6, 8, 10, 11, 12, 15, 18, 21, 31, 34, 37, 39, 42, 43, 46, 48, 50, 55, 68, 71, 73, 74, 75, 76, 78, 102, 103, 116, 117, 119, 153, 155]
Min Correction Subset: [29, 56]
Iter 39: 
Min Hitting Set: [2, 3, 5, 6, 8, 10, 11, 12, 15, 18, 21, 29, 31, 34, 37, 39, 42, 43, 46, 48, 50, 55, 68, 71, 73, 74, 75, 76, 78, 102, 103, 116, 117, 119, 153, 155]
Min Correction Subset: [33, 45]
Iter 40: 
Min Hitting Set: [2, 3, 5, 6, 8, 10, 11, 12, 15, 18, 21, 29, 31, 33, 34, 37, 39, 42, 43, 46, 48, 50, 55, 68, 71, 73, 74, 75, 76, 78, 102, 103, 116, 117, 119, 153, 155]
Min Correction Subset: [16, 36]
Iter 41: 
Min Hitting Set: [2, 3, 5, 6, 8, 10, 11, 12, 15, 18, 21, 29, 31, 33, 34, 36, 37, 39, 42, 43, 46, 48, 50, 55, 68, 71, 73, 74, 75, 76, 78, 102, 103, 116, 117, 119, 155]
Min Correction Subset: [38, 153]
Iter 42: 
Min Hitting Set: [2, 3, 5, 6, 8, 10, 11, 12, 15, 18, 21, 29, 31, 33, 34, 36, 37, 39, 42, 43, 46, 48, 50, 55, 68, 71, 73, 74, 75, 76, 78, 102, 103, 116, 117, 119, 153, 155]
Min Correction Subset: [16, 69]
Iter 43: 
Min Hitting Set: [2, 3, 5, 6, 8, 10, 11, 12, 15, 16, 18, 21, 29, 31, 33, 34, 37, 39, 42, 43, 46, 48, 50, 55, 68, 71, 73, 74, 75, 76, 78, 102, 103, 116, 117, 119, 153, 155]
Min Correction Subset: [56, 112]
Iter 44: 
Min Hitting Set: [2, 3, 5, 6, 8, 10, 11, 12, 15, 16, 18, 21, 31, 33, 34, 37, 39, 43, 46, 48, 50, 55, 56, 68, 71, 73, 74, 75, 76, 78, 102, 103, 112, 116, 117, 119, 153, 155]
Min Correction Subset: [29, 36]
Iter 45: 
Min Hitting Set: [2, 3, 5, 6, 8, 10, 11, 12, 15, 16, 18, 21, 29, 31, 33, 34, 37, 39, 43, 46, 48, 50, 55, 68, 71, 73, 74, 75, 76, 78, 102, 103, 112, 116, 117, 119, 153, 155]
Min Correction Subset: [36, 70]
Iter 46: 
Min Hitting Set: [2, 3, 5, 6, 8, 10, 11, 12, 15, 16, 18, 21, 29, 31, 33, 34, 36, 37, 39, 43, 46, 48, 50, 55, 68, 71, 73, 74, 75, 76, 78, 102, 103, 112, 116, 117, 119, 153, 155]
Min Correction Subset: [24, 69]
Iter 47: 
Min Hitting Set: [2, 3, 5, 6, 8, 10, 11, 12, 15, 18, 21, 29, 31, 33, 34, 36, 37, 39, 43, 46, 48, 50, 55, 68, 69, 71, 73, 74, 75, 76, 78, 102, 103, 112, 116, 117, 119, 153, 155]
Min Correction Subset: [16, 17]
Iter 48: 
Min Hitting Set: [2, 3, 5, 6, 8, 10, 11, 12, 15, 16, 18, 21, 29, 31, 33, 34, 36, 37, 39, 43, 46, 48, 50, 55, 68, 69, 71, 73, 74, 75, 76, 78, 102, 103, 112, 116, 117, 119, 153, 155]
Min Correction Subset: [38, 65]
Iter 49: 
Min Hitting Set: [2, 3, 5, 6, 8, 10, 11, 12, 15, 16, 18, 21, 29, 33, 34, 36, 37, 38, 39, 43, 46, 48, 50, 55, 65, 68, 69, 71, 73, 74, 75, 76, 78, 102, 103, 112, 116, 117, 119, 155]
Min Correction Subset: [31, 62]
Iter 50: 
Min Hitting Set: [2, 3, 5, 6, 8, 10, 11, 12, 15, 16, 18, 21, 29, 31, 33, 34, 36, 37, 38, 39, 43, 46, 48, 50, 55, 68, 69, 71, 73, 74, 75, 76, 78, 102, 103, 112, 116, 117, 119, 155]
Min Correction Subset: [23, 113]
Iter 51: 
Min Hitting Set: [2, 3, 5, 6, 8, 10, 11, 12, 15, 16, 18, 21, 23, 29, 31, 33, 34, 36, 37, 38, 39, 43, 46, 48, 50, 55, 68, 69, 71, 73, 74, 75, 76, 78, 102, 103, 112, 116, 117, 119, 155]
Min Correction Subset: [19, 40]
Iter 52: 
Min Hitting Set: [2, 3, 5, 6, 8, 10, 11, 12, 15, 16, 18, 19, 21, 23, 29, 31, 33, 34, 36, 37, 38, 39, 43, 46, 48, 50, 55, 68, 69, 71, 73, 74, 75, 76, 78, 102, 103, 112, 116, 117, 119, 155]
Min Correction Subset: [32, 153]
Iter 53: 
Min Hitting Set: [2, 3, 5, 6, 8, 10, 11, 12, 15, 16, 18, 19, 21, 23, 29, 31, 33, 34, 36, 37, 38, 39, 43, 46, 48, 50, 55, 68, 69, 71, 73, 74, 75, 76, 78, 102, 103, 112, 116, 117, 119, 153, 155]
Min Correction Subset: [22, 40]
Iter 54: 
Min Hitting Set: [2, 3, 5, 6, 8, 10, 11, 12, 15, 16, 18, 21, 23, 29, 31, 33, 34, 36, 37, 38, 39, 40, 43, 46, 48, 50, 55, 68, 69, 71, 73, 74, 75, 76, 78, 102, 103, 112, 116, 117, 119, 153, 155]
Min Correction Subset: [19, 65]
Iter 55: 
Min Hitting Set: [2, 3, 5, 6, 8, 10, 11, 12, 15, 16, 18, 21, 23, 29, 31, 33, 34, 36, 37, 39, 40, 43, 46, 48, 50, 55, 65, 68, 69, 71, 73, 74, 75, 76, 78, 102, 103, 112, 116, 117, 119, 153, 155]
Min Correction Subset: [38, 42]
Iter 56: 
Min Hitting Set: [2, 3, 5, 6, 8, 10, 11, 12, 15, 16, 18, 21, 23, 31, 33, 34, 36, 37, 39, 40, 42, 43, 46, 48, 50, 55, 56, 65, 68, 69, 71, 73, 74, 75, 76, 78, 102, 103, 116, 117, 119, 153, 155]
Min Correction Subset: [19, 29]
Iter 57: 
Min Hitting Set: [2, 3, 5, 6, 8, 10, 11, 12, 15, 16, 18, 19, 21, 23, 31, 33, 34, 36, 37, 38, 39, 40, 43, 46, 48, 50, 55, 56, 68, 69, 71, 73, 74, 75, 76, 78, 102, 103, 112, 116, 117, 119, 153, 155]
Min Correction Subset: [29, 70]
Iter 58: 
Min Hitting Set: [2, 3, 5, 6, 8, 10, 11, 12, 15, 16, 18, 21, 23, 29, 31, 33, 34, 36, 37, 38, 39, 40, 43, 46, 48, 50, 55, 65, 68, 69, 71, 73, 74, 75, 76, 78, 102, 103, 112, 116, 117, 119, 153, 155]
Min Correction Subset: [56, 86]
Iter 59: 
Min Hitting Set: [2, 3, 5, 6, 8, 10, 11, 12, 15, 16, 18, 21, 23, 29, 31, 33, 34, 36, 37, 39, 40, 42, 43, 46, 48, 50, 55, 56, 65, 68, 69, 71, 73, 74, 75, 76, 78, 102, 103, 116, 117, 119, 153, 155]
Min Correction Subset: [38, 112]
Iter 60: 
Min Hitting Set: [2, 3, 5, 6, 8, 10, 11, 12, 15, 16, 18, 19, 21, 23, 29, 31, 33, 34, 36, 37, 38, 39, 40, 42, 43, 46, 48, 50, 55, 56, 68, 69, 71, 73, 74, 75, 76, 78, 102, 103, 116, 117, 119, 153, 155]
Min Correction Subset: [22, 112]
Iter 61: 
Min Hitting Set: [2, 3, 5, 6, 8, 10, 11, 12, 15, 16, 18, 19, 21, 23, 29, 31, 33, 34, 36, 37, 38, 39, 40, 43, 46, 48, 50, 55, 56, 68, 69, 71, 73, 74, 75, 76, 78, 102, 103, 112, 116, 117, 119, 153, 155]
Min Correction Subset: [42, 154]
Iter 62: 
Min Hitting Set: [2, 3, 5, 6, 8, 10, 11, 12, 15, 16, 18, 19, 21, 22, 23, 29, 31, 33, 34, 36, 37, 38, 39, 42, 43, 46, 48, 50, 55, 56, 68, 69, 71, 73, 74, 75, 76, 78, 102, 103, 116, 117, 119, 153, 155]
Min Correction Subset: [13, 40]
Iter 63: 
Min Hitting Set: [2, 3, 5, 6, 8, 10, 11, 12, 15, 16, 18, 21, 23, 29, 31, 33, 34, 36, 37, 39, 40, 42, 43, 46, 48, 50, 55, 56, 65, 68, 69, 71, 73, 74, 75, 76, 78, 102, 103, 112, 116, 117, 119, 153, 155]
Min Correction Subset: [19, 38]
Iter 64: 
Min Hitting Set: [2, 3, 5, 6, 8, 10, 11, 12, 15, 16, 18, 19, 21, 23, 29, 31, 33, 34, 36, 37, 39, 40, 42, 43, 46, 48, 50, 55, 56, 65, 68, 69, 71, 73, 74, 75, 76, 78, 102, 103, 112, 116, 117, 119, 153, 155]
Min Correction Subset: [38, 62]
Iter 65: 
Min Hitting Set: [2, 3, 5, 6, 8, 10, 11, 12, 15, 16, 18, 21, 23, 29, 33, 34, 36, 37, 38, 39, 40, 42, 43, 46, 48, 50, 55, 56, 62, 65, 68, 69, 71, 73, 74, 75, 76, 78, 102, 103, 112, 116, 117, 119, 153, 155]
Min Correction Subset: [31, 108]
Iter 66: 
Min Hitting Set: [2, 3, 5, 6, 8, 10, 11, 12, 15, 16, 18, 19, 21, 23, 29, 31, 33, 34, 36, 37, 38, 39, 40, 42, 43, 46, 48, 50, 55, 56, 68, 69, 71, 73, 74, 75, 76, 78, 102, 103, 112, 116, 117, 119, 153, 155]
Min Correction Subset: [32, 45, 108]
Iter 67: 
Min Hitting Set: [2, 3, 5, 6, 8, 10, 11, 12, 15, 16, 18, 21, 23, 29, 31, 34, 36, 37, 38, 39, 40, 42, 43, 45, 46, 48, 50, 55, 56, 65, 68, 69, 71, 73, 74, 75, 76, 78, 102, 103, 112, 116, 117, 119, 153, 155]
Min Correction Subset: [19, 62]
Iter 68: 
Min Hitting Set: [2, 3, 5, 6, 8, 10, 11, 12, 15, 16, 18, 19, 21, 23, 31, 34, 36, 37, 38, 39, 40, 42, 43, 45, 46, 48, 50, 55, 56, 68, 69, 70, 71, 73, 74, 75, 76, 78, 102, 103, 112, 116, 117, 119, 153, 155]
Min Correction Subset: [22, 29]
Iter 69: 
Min Hitting Set: [2, 3, 5, 6, 8, 10, 11, 12, 15, 16, 18, 19, 21, 22, 23, 31, 32, 33, 34, 36, 37, 38, 39, 40, 42, 43, 46, 48, 50, 55, 56, 68, 69, 70, 71, 73, 74, 75, 76, 78, 102, 103, 116, 117, 119, 155]
Min Correction Subset: [29, 153]
Iter 70: 
Min Hitting Set: [2, 3, 5, 6, 8, 10, 11, 12, 15, 16, 18, 19, 21, 22, 23, 29, 31, 34, 36, 37, 38, 39, 40, 42, 43, 45, 46, 48, 50, 55, 56, 68, 69, 71, 73, 74, 75, 76, 78, 102, 103, 116, 117, 119, 153, 155]
Min Correction Subset: [70, 108, 112]
Iter 71: 
Min Hitting Set: [2, 3, 5, 6, 8, 10, 11, 12, 15, 16, 18, 19, 21, 23, 29, 31, 32, 33, 34, 36, 37, 38, 39, 40, 42, 43, 46, 48, 50, 55, 56, 68, 69, 71, 73, 74, 75, 76, 78, 102, 103, 112, 116, 117, 119, 155]
Min Correction Subset: [22, 153]
Iter 72: 
Min Hitting Set: [2, 3, 5, 6, 8, 10, 11, 12, 15, 16, 18, 19, 21, 23, 29, 31, 34, 37, 38, 39, 40, 42, 43, 45, 46, 48, 50, 55, 56, 68, 69, 70, 71, 73, 74, 75, 76, 78, 102, 103, 112, 116, 117, 119, 153, 155]
Min Correction Subset: [36, 108]
Iter 73: 
Min Hitting Set: [2, 3, 5, 6, 8, 10, 11, 12, 15, 16, 18, 19, 21, 23, 29, 31, 34, 36, 37, 38, 39, 40, 42, 43, 45, 46, 48, 50, 55, 56, 68, 69, 71, 73, 74, 75, 76, 78, 102, 103, 112, 116, 117, 119, 153, 155]
Min Correction Subset: [22, 65, 154]
Iter 74: 
Min Hitting Set: [2, 3, 5, 6, 8, 10, 11, 12, 15, 16, 18, 19, 21, 23, 29, 31, 34, 36, 37, 38, 39, 40, 43, 45, 46, 48, 50, 55, 56, 68, 69, 71, 73, 74, 75, 76, 78, 102, 103, 112, 116, 117, 119, 153, 154, 155]
Min Correction Subset: [9, 42]
Iter 75: 
Min Hitting Set: [2, 3, 5, 6, 8, 10, 11, 12, 15, 16, 18, 19, 21, 22, 23, 31, 34, 36, 37, 38, 39, 40, 42, 43, 45, 46, 48, 50, 55, 56, 68, 69, 70, 71, 73, 74, 75, 76, 78, 102, 103, 116, 117, 119, 153, 155]
Min Correction Subset: [4, 29, 84]
Iter 76: 
Min Hitting Set: [2, 3, 5, 6, 8, 10, 11, 12, 15, 16, 18, 21, 23, 29, 34, 37, 38, 39, 40, 42, 43, 45, 46, 48, 50, 55, 56, 62, 65, 68, 69, 70, 71, 73, 74, 75, 76, 78, 102, 103, 108, 112, 116, 117, 119, 153, 155]
Min Correction Subset: [31, 36]
Iter 77: 
Min Hitting Set: [2, 3, 5, 6, 8, 10, 11, 12, 15, 16, 18, 19, 21, 22, 23, 29, 31, 34, 37, 38, 39, 40, 42, 43, 45, 46, 48, 50, 55, 56, 68, 69, 70, 71, 73, 74, 75, 76, 78, 102, 103, 108, 116, 117, 119, 153, 155]
Min Correction Subset: [36, 112]
Iter 78: 
Min Hitting Set: [2, 3, 5, 6, 8, 10, 11, 12, 15, 16, 18, 21, 23, 29, 34, 36, 37, 38, 39, 40, 42, 43, 45, 46, 48, 50, 55, 56, 62, 65, 68, 69, 71, 73, 74, 75, 76, 78, 102, 103, 108, 112, 116, 117, 119, 153, 155]
Min Correction Subset: [22, 31, 70]
Iter 79: 
Min Hitting Set: [2, 3, 5, 6, 8, 10, 11, 12, 15, 16, 18, 19, 21, 22, 23, 29, 31, 32, 33, 34, 36, 37, 38, 39, 40, 42, 43, 46, 48, 50, 55, 56, 68, 69, 71, 73, 74, 75, 76, 78, 102, 103, 108, 116, 117, 119, 155]
Min Correction Subset: [153, 154]
Iter 80: 
Min Hitting Set: [2, 3, 5, 6, 8, 10, 11, 12, 15, 16, 18, 19, 21, 22, 23, 29, 31, 33, 34, 36, 37, 38, 39, 40, 42, 43, 46, 48, 50, 55, 56, 68, 69, 71, 73, 74, 75, 76, 78, 102, 103, 108, 116, 117, 119, 153, 155]
Min Correction Subset: [65, 112, 154]
Iter 81: 
Min Hitting Set: [2, 3, 5, 6, 8, 10, 11, 12, 15, 16, 18, 21, 23, 29, 31, 34, 36, 37, 38, 39, 40, 42, 43, 45, 46, 48, 50, 55, 56, 62, 65, 68, 69, 71, 73, 74, 75, 76, 78, 102, 103, 112, 116, 117, 119, 153, 155]
Min Correction Subset: [7, 17, 19, 86]
Iter 82: 
Min Hitting Set: [2, 3, 5, 6, 8, 10, 11, 12, 15, 16, 18, 19, 21, 23, 29, 31, 34, 36, 37, 39, 40, 42, 43, 45, 46, 48, 50, 55, 56, 62, 65, 68, 69, 71, 73, 74, 75, 76, 78, 102, 103, 112, 116, 117, 119, 153, 155]
Min Correction Subset: [38, 84]
Iter 83: 
Min Hitting Set: [2, 3, 5, 6, 8, 10, 11, 12, 15, 17, 18, 21, 23, 29, 31, 34, 36, 37, 38, 39, 40, 42, 43, 45, 46, 48, 50, 55, 56, 62, 65, 68, 69, 71, 73, 74, 75, 76, 78, 102, 103, 112, 116, 117, 119, 153, 155]
Min Correction Subset: [16, 108]
Iter 84: 
Min Hitting Set: [2, 3, 5, 6, 8, 10, 11, 12, 15, 16, 18, 19, 21, 22, 23, 29, 31, 34, 36, 37, 38, 39, 40, 42, 43, 45, 46, 48, 50, 55, 56, 68, 69, 71, 73, 74, 75, 76, 78, 102, 103, 112, 116, 117, 119, 153, 155]
Min Correction Subset: [13, 62, 154]
Iter 85: 
Min Hitting Set: [2, 3, 5, 6, 8, 10, 11, 12, 15, 17, 18, 21, 22, 23, 29, 34, 36, 37, 38, 39, 40, 42, 43, 45, 46, 48, 50, 55, 56, 62, 65, 68, 69, 71, 73, 74, 75, 76, 78, 102, 103, 108, 116, 117, 119, 153, 155]
Min Correction Subset: [16, 31]
Iter 86: 
Min Hitting Set: [2, 3, 5, 6, 8, 10, 11, 12, 15, 16, 18, 21, 23, 29, 31, 34, 36, 37, 38, 39, 40, 42, 43, 45, 46, 48, 50, 55, 62, 65, 68, 69, 71, 73, 74, 75, 76, 78, 86, 102, 103, 112, 116, 117, 119, 153, 155]
Min Correction Subset: [17, 56]
Iter 87: 
Min Hitting Set: [2, 3, 5, 6, 8, 10, 11, 12, 13, 15, 16, 18, 19, 21, 22, 23, 29, 31, 34, 36, 37, 38, 39, 42, 43, 45, 46, 48, 50, 55, 56, 68, 69, 71, 73, 74, 75, 76, 78, 102, 103, 112, 116, 117, 119, 153, 155]
Min Correction Subset: [40, 154]
Iter 88: 
Min Hitting Set: [2, 3, 5, 6, 8, 10, 11, 12, 15, 16, 18, 19, 21, 23, 29, 31, 34, 36, 37, 38, 39, 40, 42, 43, 45, 46, 48, 50, 55, 56, 68, 69, 71, 73, 74, 75, 76, 78, 102, 103, 112, 116, 117, 119, 153, 154, 155]
Min Correction Subset: [9, 22, 62, 86]
Iter 89: 
Min Hitting Set: [2, 3, 5, 6, 8, 9, 10, 11, 12, 15, 16, 18, 19, 21, 23, 29, 31, 34, 36, 37, 38, 39, 40, 43, 45, 46, 48, 50, 55, 56, 68, 69, 71, 73, 74, 75, 76, 78, 102, 103, 112, 116, 117, 119, 153, 154, 155]
Min Correction Subset: [22, 42, 108]
Iter 90: 
Min Hitting Set: [2, 3, 5, 6, 8, 10, 11, 12, 15, 17, 18, 21, 23, 29, 31, 34, 36, 37, 38, 39, 40, 42, 43, 45, 46, 48, 50, 55, 62, 65, 68, 69, 71, 73, 74, 75, 76, 78, 86, 102, 103, 108, 112, 116, 117, 119, 153, 155]
Min Correction Subset: [16, 27]
Iter 91: 
Min Hitting Set: [2, 3, 5, 6, 8, 10, 11, 12, 15, 16, 18, 19, 21, 22, 23, 29, 34, 36, 37, 38, 39, 40, 42, 43, 45, 46, 48, 50, 55, 56, 62, 65, 68, 69, 71, 73, 74, 75, 76, 78, 102, 103, 108, 116, 117, 119, 153, 155]
Min Correction Subset: [31, 112]
Iter 92: 
Min Hitting Set: [2, 3, 5, 6, 8, 10, 11, 12, 15, 16, 18, 19, 21, 23, 29, 31, 34, 36, 37, 38, 39, 40, 42, 43, 45, 46, 48, 50, 55, 56, 62, 68, 69, 71, 73, 74, 75, 76, 78, 102, 103, 112, 116, 117, 119, 153, 154, 155]
Min Correction Subset: [9, 22, 65, 86]
Iter 93: 
Min Hitting Set: [2, 3, 5, 6, 8, 10, 11, 12, 15, 16, 18, 19, 21, 23, 29, 31, 34, 36, 37, 38, 39, 40, 42, 43, 45, 46, 48, 50, 55, 56, 68, 69, 71, 73, 74, 75, 76, 78, 86, 102, 103, 112, 116, 117, 119, 153, 154, 155]
Min Correction Subset: [7, 9, 22, 65]
