IIS generation
Iter 1: 
Min Hitting Set: []
Min Correction Subset: [152]
Iter 2: 
Min Hitting Set: [152]
Min Correction Subset: [48]
Iter 3: 
Min Hitting Set: [48, 152]
Min Correction Subset: [58]
Iter 4: 
Min Hitting Set: [48, 58, 152]
Min Correction Subset: [31, 46]
Iter 5: 
Min Hitting Set: [31, 48, 58, 152]
Min Correction Subset: [46, 54]
Iter 6: 
Min Hitting Set: [46, 48, 58, 152]
Min Correction Subset: [10, 57]
Iter 7: 
Min Hitting Set: [10, 46, 48, 58, 152]
Min Correction Subset: [31, 34]
Iter 8: 
Min Hitting Set: [10, 31, 46, 48, 58, 152]
Min Correction Subset: [34, 39]
Iter 9: 
Min Hitting Set: [10, 34, 46, 48, 58, 152]
Min Correction Subset: [31, 39]
Iter 10: 
Min Hitting Set: [10, 31, 34, 46, 48, 58, 152]
Min Correction Subset: [39, 96]
Iter 11: 
Min Hitting Set: [10, 31, 39, 46, 48, 58, 152]
Min Correction Subset: [16, 51]
Iter 12: 
Min Hitting Set: [10, 16, 31, 39, 46, 48, 58, 152]
Min Correction Subset: [36, 76]
Iter 13: 
Min Hitting Set: [10, 16, 31, 36, 39, 46, 48, 58, 152]
Min Correction Subset: [57, 151]
Iter 14: 
Min Hitting Set: [16, 31, 36, 39, 46, 48, 57, 58, 152]
Min Correction Subset: [34, 96]
Iter 15: 
Min Hitting Set: [16, 34, 36, 39, 46, 48, 57, 58, 152]
Min Correction Subset: [20, 31]
Iter 16: 
Min Hitting Set: [16, 31, 34, 36, 39, 46, 48, 57, 58, 152]
Min Correction Subset: [10, 83]
Iter 17: 
Min Hitting Set: [10, 16, 31, 34, 36, 39, 46, 48, 57, 58, 152]
Min Correction Subset: [54, 96]
Iter 18: 
Min Hitting Set: [10, 16, 31, 34, 36, 39, 48, 54, 57, 58, 152]
Min Correction Subset: [9, 46]
Iter 19: 
Min Hitting Set: [10, 16, 31, 34, 36, 46, 48, 57, 58, 96, 152]
Min Correction Subset: [83, 151]
Iter 20: 
Min Hitting Set: [10, 16, 31, 34, 36, 46, 48, 58, 96, 151, 152]
Min Correction Subset: [37, 57]
Iter 21: 
Min Hitting Set: [16, 31, 34, 36, 46, 48, 57, 58, 83, 96, 152]
Min Correction Subset: [10, 39]
Iter 22: 
Min Hitting Set: [16, 31, 36, 39, 46, 48, 57, 58, 83, 96, 152]
Min Correction Subset: [20, 34]
Iter 23: 
Min Hitting Set: [16, 20, 31, 36, 39, 46, 48, 57, 58, 83, 96, 152]
Min Correction Subset: [34, 54]
Iter 24: 
Min Hitting Set: [16, 20, 34, 36, 39, 46, 48, 54, 57, 58, 83, 152]
Min Correction Subset: [10, 31]
Iter 25: 
Min Hitting Set: [16, 31, 34, 36, 39, 46, 48, 54, 57, 58, 83, 152]
Min Correction Subset: [69, 151]
Iter 26: 
Min Hitting Set: [10, 16, 31, 34, 36, 46, 48, 57, 58, 96, 151, 152]
Min Correction Subset: [20, 39]
Iter 27: 
Min Hitting Set: [10, 16, 20, 34, 36, 39, 46, 48, 57, 58, 96, 151, 152]
Min Correction Subset: [52, 83]
Iter 28: 
Min Hitting Set: [16, 31, 34, 36, 39, 46, 48, 54, 57, 58, 83, 151, 152]
Min Correction Subset: [10, 20]
Iter 29: 
Min Hitting Set: [16, 20, 31, 34, 36, 39, 46, 48, 54, 57, 58, 83, 151, 152]
Min Correction Subset: [28, 56]
Iter 30: 
Min Hitting Set: [16, 20, 28, 31, 34, 36, 39, 46, 48, 54, 57, 58, 83, 151, 152]
Min Correction Subset: [76, 78]
Iter 31: 
Min Hitting Set: [16, 20, 28, 31, 34, 39, 46, 48, 54, 57, 58, 76, 83, 151, 152]
Min Correction Subset: [10, 96]
Iter 32: 
Min Hitting Set: [16, 20, 28, 31, 34, 39, 46, 48, 57, 58, 76, 83, 96, 151, 152]
Min Correction Subset: [32, 36, 40]
Iter 33: 
Min Hitting Set: [16, 20, 28, 31, 34, 36, 39, 46, 48, 57, 58, 76, 83, 96, 151, 152]
Min Correction Subset: [30, 43, 56]
Iter 34: 
Min Hitting Set: [16, 20, 31, 34, 36, 39, 46, 48, 56, 57, 58, 78, 83, 96, 151, 152]
Min Correction Subset: [54, 76]
Iter 35: 
Min Hitting Set: [16, 20, 31, 34, 36, 39, 46, 48, 56, 57, 58, 76, 83, 96, 151, 152]
Min Correction Subset: [14, 30, 43]
Iter 36: 
Min Hitting Set: [16, 20, 30, 31, 34, 36, 39, 46, 48, 56, 57, 58, 76, 83, 96, 151, 152]
Min Correction Subset: [32, 44, 78]
Iter 37: 
Min Hitting Set: [16, 20, 30, 31, 32, 34, 39, 46, 48, 56, 57, 58, 76, 83, 96, 151, 152]
Min Correction Subset: [36, 44, 78]
Iter 38: 
Min Hitting Set: [16, 20, 30, 31, 36, 39, 46, 48, 54, 56, 57, 58, 78, 83, 96, 151, 152]
Min Correction Subset: [34, 73]
Iter 39: 
Min Hitting Set: [10, 16, 20, 30, 34, 36, 39, 46, 48, 54, 56, 57, 58, 78, 83, 151, 152]
Min Correction Subset: [31, 71]
Iter 40: 
Min Hitting Set: [10, 16, 30, 31, 34, 36, 39, 46, 48, 54, 56, 57, 58, 78, 83, 151, 152]
Min Correction Subset: [20, 96]
Iter 41: 
Min Hitting Set: [10, 16, 20, 30, 31, 34, 36, 46, 48, 54, 56, 57, 58, 78, 83, 96, 151, 152]
Min Correction Subset: [28, 39]
Iter 42: 
Min Hitting Set: [10, 16, 20, 28, 31, 34, 36, 43, 46, 48, 54, 57, 58, 78, 83, 96, 151, 152]
Min Correction Subset: [39, 103]
Iter 43: 
Min Hitting Set: [10, 16, 28, 31, 34, 36, 39, 43, 46, 48, 54, 57, 58, 78, 83, 96, 151, 152]
Min Correction Subset: [20, 76]
Iter 44: 
Min Hitting Set: [16, 20, 28, 31, 34, 36, 39, 43, 46, 48, 57, 58, 76, 78, 83, 96, 151, 152]
Min Correction Subset: [10, 54, 113]
Iter 45: 
Min Hitting Set: [10, 16, 20, 28, 31, 34, 36, 39, 43, 46, 48, 54, 57, 58, 78, 83, 151, 152]
Min Correction Subset: [56, 76]
Iter 46: 
Min Hitting Set: [10, 16, 20, 30, 31, 34, 36, 39, 46, 48, 54, 56, 57, 58, 78, 83, 151, 152]
Min Correction Subset: [28, 96]
Iter 47: 
Min Hitting Set: [10, 16, 30, 31, 34, 36, 39, 46, 48, 56, 57, 58, 76, 78, 83, 96, 151, 152]
Min Correction Subset: [20, 54]
Iter 48: 
Min Hitting Set: [16, 20, 30, 31, 34, 36, 39, 46, 48, 54, 56, 57, 58, 78, 83, 96, 151, 152]
Min Correction Subset: [44, 61, 103]
Iter 49: 
Min Hitting Set: [10, 16, 20, 28, 30, 31, 32, 34, 36, 46, 48, 57, 58, 76, 83, 96, 103, 151, 152]
Min Correction Subset: [39, 112]
Iter 50: 
Min Hitting Set: [10, 16, 20, 28, 30, 31, 34, 36, 39, 44, 46, 48, 54, 57, 58, 76, 83, 151, 152]
Min Correction Subset: [1, 17, 71]
Iter 51: 
Min Hitting Set: [10, 16, 20, 28, 30, 34, 36, 39, 44, 46, 48, 54, 57, 58, 71, 76, 83, 151, 152]
Min Correction Subset: [8, 31]
Iter 52: 
Min Hitting Set: [10, 16, 20, 28, 30, 31, 34, 36, 39, 44, 46, 48, 54, 57, 58, 71, 76, 83, 151, 152]
Min Correction Subset: [33, 74, 96]
Iter 53: 
Min Hitting Set: [10, 16, 20, 30, 31, 34, 36, 39, 44, 46, 48, 56, 57, 58, 71, 76, 83, 96, 151, 152]
Min Correction Subset: [37, 40, 78]
Iter 54: 
Min Hitting Set: [10, 16, 20, 30, 31, 34, 39, 40, 44, 46, 48, 56, 57, 58, 71, 76, 83, 96, 151, 152]
Min Correction Subset: [28, 37, 54]
Iter 55: 
Min Hitting Set: [16, 20, 28, 30, 31, 34, 39, 40, 44, 46, 48, 54, 57, 58, 71, 76, 83, 96, 151, 152]
Min Correction Subset: [1, 69, 112]
Iter 56: 
Min Hitting Set: [1, 16, 20, 28, 31, 34, 39, 40, 43, 44, 46, 48, 54, 57, 58, 76, 83, 96, 151, 152]
Min Correction Subset: [10, 33, 74]
Iter 57: 
Min Hitting Set: [1, 10, 16, 31, 34, 36, 37, 39, 43, 44, 46, 48, 54, 56, 58, 76, 83, 96, 151, 152]
Min Correction Subset: [20, 28]
Iter 58: 
Min Hitting Set: [1, 10, 16, 28, 31, 34, 36, 37, 39, 43, 44, 46, 48, 54, 58, 76, 83, 96, 151, 152]
Min Correction Subset: [20, 112]
Iter 59: 
Min Hitting Set: [1, 10, 16, 20, 28, 31, 34, 39, 40, 43, 44, 46, 48, 57, 58, 76, 83, 96, 151, 152]
Min Correction Subset: [49, 54, 73]
Iter 60: 
Min Hitting Set: [1, 10, 16, 28, 31, 34, 36, 37, 39, 43, 44, 46, 48, 54, 58, 76, 83, 96, 112, 151, 152]
Min Correction Subset: [14, 15, 57]
Iter 61: 
Min Hitting Set: [1, 10, 16, 20, 31, 34, 36, 39, 43, 46, 48, 54, 56, 57, 58, 78, 83, 96, 103, 151, 152]
Min Correction Subset: [28, 69, 112]
Iter 62: 
Min Hitting Set: [1, 10, 14, 16, 20, 31, 34, 36, 39, 46, 48, 54, 56, 57, 58, 69, 78, 83, 96, 103, 152]
Min Correction Subset: [73, 151]
Iter 63: 
Min Hitting Set: [1, 10, 14, 16, 20, 31, 36, 39, 46, 48, 54, 56, 57, 58, 69, 73, 78, 83, 96, 103, 152]
Min Correction Subset: [28, 151]
Iter 64: 
Min Hitting Set: [1, 10, 16, 20, 28, 30, 31, 39, 40, 44, 46, 48, 54, 57, 58, 69, 73, 76, 83, 96, 152]
Min Correction Subset: [32, 151]
Iter 65: 
Min Hitting Set: [1, 10, 16, 20, 28, 30, 31, 34, 39, 40, 44, 46, 48, 54, 57, 58, 76, 83, 96, 151, 152]
Min Correction Subset: [17, 37, 71]
Iter 66: 
Min Hitting Set: [10, 16, 28, 31, 34, 39, 40, 43, 44, 46, 48, 54, 57, 58, 71, 76, 83, 96, 112, 151, 152]
Min Correction Subset: [0, 20, 74]
Iter 67: 
Min Hitting Set: [1, 10, 14, 16, 20, 31, 34, 37, 39, 40, 44, 46, 48, 54, 56, 58, 76, 83, 96, 112, 151, 152]
Min Correction Subset: [43, 52, 57]
Iter 68: 
Min Hitting Set: [10, 16, 20, 31, 36, 39, 43, 46, 48, 54, 56, 57, 58, 69, 71, 73, 78, 83, 96, 103, 151, 152]
Min Correction Subset: [34, 51]
Iter 69: 
Min Hitting Set: [10, 20, 31, 36, 39, 43, 46, 48, 51, 54, 56, 57, 58, 69, 71, 73, 78, 83, 96, 103, 151, 152]
Min Correction Subset: [28, 34]
Iter 70: 
Min Hitting Set: [10, 20, 31, 34, 36, 39, 43, 46, 48, 51, 54, 56, 57, 58, 69, 71, 78, 83, 96, 103, 151, 152]
Min Correction Subset: [16, 73]
Iter 71: 
Min Hitting Set: [1, 10, 20, 28, 31, 32, 37, 39, 43, 44, 46, 48, 51, 54, 57, 58, 69, 73, 76, 83, 96, 152]
Min Correction Subset: [14, 151]
Iter 72: 
Min Hitting Set: [1, 10, 16, 20, 28, 31, 34, 36, 37, 39, 43, 44, 46, 48, 57, 58, 73, 76, 83, 96, 151, 152]
Min Correction Subset: [14, 40, 78]
Iter 73: 
Min Hitting Set: [1, 10, 16, 20, 28, 31, 34, 37, 39, 40, 43, 44, 46, 48, 57, 58, 73, 76, 83, 96, 151, 152]
Min Correction Subset: [33, 61, 112]
Iter 74: 
Min Hitting Set: [16, 20, 31, 33, 34, 36, 39, 43, 46, 48, 54, 56, 57, 58, 71, 78, 83, 96, 103, 112, 151, 152]
Min Correction Subset: [0, 28, 37]
Iter 75: 
Min Hitting Set: [1, 10, 14, 16, 20, 28, 31, 34, 36, 37, 46, 48, 52, 54, 56, 58, 78, 96, 103, 112, 151, 152]
Min Correction Subset: [39, 84]
Iter 76: 
Min Hitting Set: [1, 10, 14, 16, 20, 28, 31, 32, 33, 34, 37, 39, 43, 44, 46, 48, 54, 58, 76, 83, 151, 152]
Min Correction Subset: [52, 57, 96]
Iter 77: 
Min Hitting Set: [1, 10, 14, 16, 20, 28, 31, 34, 36, 37, 39, 46, 48, 52, 54, 56, 58, 61, 78, 96, 151, 152]
Min Correction Subset: [30, 32, 43]
Iter 78: 
Min Hitting Set: [1, 10, 16, 20, 28, 31, 33, 34, 39, 40, 43, 44, 46, 48, 54, 57, 58, 71, 76, 83, 151, 152]
Min Correction Subset: [32, 69, 112]
Iter 79: 
Min Hitting Set: [1, 10, 14, 16, 20, 31, 32, 34, 37, 39, 44, 46, 48, 52, 54, 56, 58, 76, 96, 112, 151, 152]
Min Correction Subset: [40, 61, 103]
Iter 80: 
Min Hitting Set: [10, 16, 20, 28, 31, 34, 39, 40, 43, 44, 46, 48, 54, 57, 58, 71, 76, 83, 96, 112, 151, 152]
Min Correction Subset: [12, 49, 51]
Iter 81: 
Min Hitting Set: [20, 28, 31, 33, 39, 40, 43, 44, 46, 48, 51, 54, 57, 58, 69, 71, 73, 76, 83, 96, 151, 152]
Min Correction Subset: [16, 32, 37]
Iter 82: 
Min Hitting Set: [10, 16, 20, 28, 31, 34, 39, 40, 43, 44, 46, 48, 49, 57, 58, 71, 76, 83, 96, 112, 151, 152]
Min Correction Subset: [12, 37, 54]
Iter 83: 
Min Hitting Set: [1, 10, 14, 20, 28, 31, 32, 36, 37, 39, 46, 48, 51, 52, 54, 56, 58, 61, 73, 78, 96, 151, 152]
Min Correction Subset: [16, 76]
Iter 84: 
Min Hitting Set: [1, 10, 14, 16, 20, 28, 31, 34, 37, 39, 40, 43, 44, 46, 48, 49, 58, 76, 83, 96, 112, 151, 152]
Min Correction Subset: [24, 52, 57]
Iter 85: 
Min Hitting Set: [10, 16, 28, 31, 34, 39, 40, 43, 44, 46, 48, 51, 52, 54, 57, 58, 71, 74, 76, 96, 112, 151, 152]
Min Correction Subset: [37, 83]
Iter 86: 
Min Hitting Set: [1, 10, 16, 20, 28, 31, 34, 37, 39, 40, 43, 44, 46, 48, 49, 57, 58, 76, 83, 96, 112, 151, 152]
Min Correction Subset: [17, 54, 71]
Iter 87: 
Min Hitting Set: [10, 12, 16, 20, 28, 31, 34, 39, 40, 43, 44, 46, 48, 49, 57, 58, 71, 76, 83, 96, 112, 151, 152]
Min Correction Subset: [33, 54, 74]
Iter 88: 
Min Hitting Set: [10, 16, 20, 28, 31, 34, 39, 40, 43, 44, 46, 48, 51, 54, 57, 58, 71, 74, 76, 83, 112, 151, 152]
Min Correction Subset: [32, 37, 96]
Iter 89: 
Min Hitting Set: [10, 16, 28, 31, 34, 39, 40, 43, 44, 46, 48, 51, 54, 57, 58, 71, 74, 76, 83, 96, 112, 151, 152]
Min Correction Subset: [20, 36, 52]
Iter 90: 
Min Hitting Set: [16, 20, 28, 31, 34, 39, 40, 43, 44, 46, 48, 51, 54, 57, 58, 71, 74, 76, 83, 96, 112, 151, 152]
Min Correction Subset: [10, 32, 33]
Iter 91: 
Min Hitting Set: [10, 16, 20, 28, 31, 39, 40, 43, 44, 46, 48, 51, 54, 57, 58, 71, 73, 76, 83, 96, 112, 151, 152]
Min Correction Subset: [33, 34, 74]
Iter 92: 
Min Hitting Set: [16, 20, 28, 31, 33, 34, 39, 40, 43, 44, 46, 48, 49, 54, 57, 58, 69, 71, 76, 83, 96, 151, 152]
Min Correction Subset: [37, 61, 112]
Iter 93: 
Min Hitting Set: [16, 20, 28, 31, 33, 34, 39, 40, 43, 44, 46, 48, 49, 54, 57, 58, 71, 76, 83, 96, 112, 151, 152]
Min Correction Subset: [30, 32, 37]
Iter 94: 
Min Hitting Set: [16, 20, 28, 30, 31, 33, 34, 39, 40, 44, 46, 48, 51, 54, 57, 58, 71, 76, 83, 96, 112, 151, 152]
Min Correction Subset: [21, 49, 73]
Iter 95: 
Min Hitting Set: [16, 20, 28, 30, 31, 33, 34, 39, 40, 44, 46, 48, 49, 54, 57, 58, 71, 76, 83, 96, 112, 151, 152]
Min Correction Subset: [10, 61, 84]
Iter 96: 
Min Hitting Set: [10, 16, 20, 28, 30, 31, 34, 39, 40, 44, 46, 48, 49, 54, 57, 58, 71, 76, 83, 96, 112, 151, 152]
Min Correction Subset: [37, 50, 82]
Iter 97: 
Min Hitting Set: [1, 20, 28, 31, 32, 37, 39, 43, 46, 48, 51, 54, 57, 58, 61, 73, 74, 76, 78, 83, 96, 151, 152]
Min Correction Subset: [34, 44, 56]
Iter 98: 
Min Hitting Set: [1, 10, 14, 16, 20, 31, 32, 34, 36, 37, 39, 46, 48, 49, 52, 54, 56, 58, 61, 69, 78, 96, 151, 152]
Min Correction Subset: [27, 30, 43]
Iter 99: 
Min Hitting Set: [1, 10, 14, 16, 20, 30, 31, 34, 36, 37, 39, 46, 48, 49, 52, 54, 56, 58, 61, 69, 78, 96, 151, 152]
Min Correction Subset: [28, 33, 74]
Iter 100: 
Min Hitting Set: [1, 20, 28, 30, 31, 32, 33, 37, 39, 44, 46, 48, 51, 54, 57, 58, 61, 73, 76, 78, 83, 96, 151, 152]
Min Correction Subset: [10, 16, 77]
Iter 101: 
Min Hitting Set: [1, 10, 16, 20, 28, 30, 31, 32, 33, 34, 37, 39, 46, 48, 49, 54, 57, 58, 61, 76, 78, 83, 151, 152]
Min Correction Subset: [44, 96, 103]
Iter 102: 
Min Hitting Set: [1, 10, 14, 20, 28, 30, 31, 32, 33, 34, 37, 39, 44, 46, 48, 51, 52, 54, 58, 61, 73, 76, 151, 152]
Min Correction Subset: [16, 96]
Iter 103: 
Min Hitting Set: [1, 10, 14, 20, 28, 30, 31, 32, 33, 37, 39, 44, 46, 48, 51, 52, 54, 58, 61, 73, 76, 96, 151, 152]
Min Correction Subset: [34, 57]
Iter 104: 
Min Hitting Set: [1, 10, 14, 20, 28, 30, 31, 32, 34, 37, 39, 44, 46, 48, 51, 52, 54, 58, 61, 73, 76, 96, 151, 152]
Min Correction Subset: [16, 33, 74]
Iter 105: 
Min Hitting Set: [1, 10, 14, 16, 20, 28, 30, 31, 32, 34, 36, 37, 39, 46, 48, 49, 52, 54, 58, 61, 76, 96, 151, 152]
Min Correction Subset: [44, 78, 103]
Iter 106: 
Min Hitting Set: [1, 10, 14, 16, 20, 28, 30, 31, 32, 34, 37, 39, 46, 48, 49, 52, 54, 58, 61, 76, 78, 96, 151, 152]
Min Correction Subset: [17, 44, 71]
Iter 107: 
Min Hitting Set: [1, 10, 14, 16, 28, 30, 31, 34, 37, 39, 40, 44, 46, 48, 49, 52, 54, 58, 74, 76, 96, 112, 151, 152]
Min Correction Subset: [17, 20, 71]
Iter 108: 
Min Hitting Set: [1, 10, 16, 20, 28, 30, 31, 34, 37, 39, 40, 44, 46, 48, 49, 54, 57, 58, 76, 83, 96, 112, 151, 152]
Min Correction Subset: [17, 32, 71]
Iter 109: 
Min Hitting Set: [10, 20, 28, 30, 31, 37, 39, 40, 44, 46, 48, 51, 54, 57, 58, 71, 73, 74, 76, 83, 96, 112, 151, 152]
Min Correction Subset: [16, 61, 84]
Iter 110: 
Min Hitting Set: [10, 16, 20, 28, 30, 31, 33, 34, 37, 39, 40, 44, 46, 48, 49, 57, 58, 71, 76, 83, 96, 112, 151, 152]
Min Correction Subset: [12, 32, 54]
Iter 111: 
Min Hitting Set: [1, 10, 14, 16, 20, 28, 30, 31, 32, 34, 37, 39, 44, 46, 48, 49, 52, 54, 58, 61, 74, 76, 151, 152]
Min Correction Subset: [17, 71, 96]
Iter 112: 
Min Hitting Set: [10, 14, 16, 28, 30, 31, 34, 37, 39, 40, 44, 46, 48, 49, 52, 54, 58, 71, 74, 76, 96, 112, 151, 152]
Min Correction Subset: [20, 32, 56]
Iter 113: 
Min Hitting Set: [1, 10, 14, 16, 20, 28, 30, 31, 32, 34, 37, 39, 44, 46, 48, 49, 52, 54, 58, 61, 76, 96, 151, 152]
Min Correction Subset: [17, 40, 71]
Iter 114: 
Min Hitting Set: [10, 16, 20, 28, 30, 31, 34, 37, 39, 40, 44, 46, 48, 49, 54, 57, 58, 71, 76, 83, 96, 112, 151, 152]
Min Correction Subset: [14, 32, 33, 74]
Iter 115: 
Min Hitting Set: [10, 14, 16, 20, 28, 30, 31, 34, 37, 39, 40, 44, 46, 48, 49, 52, 54, 58, 71, 76, 96, 112, 151, 152]
Min Correction Subset: [0, 24, 32, 108]
Instance: paths-76-200-500000
----------------------------
Query: 3
Query element:10
Query element:154
Query scope: 10
Query scope: 154
----------------------------
IIS optimality: suboptimal
IIS solution time: 36005.794
IIS Constraint: 10; goods; {good:10}
IIS Constraint: 14; goods; {good:14}
IIS Constraint: 16; goods; {good:16}
IIS Constraint: 20; goods; {good:20}
IIS Constraint: 28; goods; {good:28}
IIS Constraint: 30; goods; {good:30}
IIS Constraint: 31; goods; {good:31}
IIS Constraint: 34; goods; {good:34}
IIS Constraint: 37; goods; {good:37}
IIS Constraint: 39; goods; {good:39}
IIS Constraint: 40; goods; {good:40}
IIS Constraint: 44; goods; {good:44}
IIS Constraint: 46; goods; {good:46}
IIS Constraint: 48; goods; {good:48}
IIS Constraint: 49; goods; {good:49}
IIS Constraint: 52; goods; {good:52}
IIS Constraint: 54; goods; {good:54}
IIS Constraint: 58; goods; {good:58}
IIS Constraint: 71; goods; {good:71}
IIS Constraint: 76; goods; {good:76}
IIS Constraint: 96; goods; {good:96}
IIS Constraint: 112; goods; {good:112}
IIS Constraint: 151; query; {bid:154,query:3}
IIS Constraint: 152; max; {f:23.402409,objective:max}
