IIS generation
Iter 1: 
Min Hitting Set: []
Min Correction Subset: [114]
Iter 2: 
Min Hitting Set: [114]
Min Correction Subset: [52]
Iter 3: 
Min Hitting Set: [52, 114]
Min Correction Subset: [13]
Iter 4: 
Min Hitting Set: [13, 52, 114]
Min Correction Subset: [113]
Iter 5: 
Min Hitting Set: [13, 52, 113, 114]
Min Correction Subset: [57]
Iter 6: 
Min Hitting Set: [13, 52, 57, 113, 114]
Min Correction Subset: [62]
Iter 7: 
Min Hitting Set: [13, 52, 57, 62, 113, 114]
Min Correction Subset: [15, 45]
Iter 8: 
Min Hitting Set: [13, 15, 52, 57, 62, 113, 114]
Min Correction Subset: [11, 44]
Iter 9: 
Min Hitting Set: [11, 13, 15, 52, 57, 62, 113, 114]
Min Correction Subset: [36, 44]
Iter 10: 
Min Hitting Set: [13, 15, 44, 52, 57, 62, 113, 114]
Min Correction Subset: [7, 14]
Iter 11: 
Min Hitting Set: [7, 13, 15, 44, 52, 57, 62, 113, 114]
Min Correction Subset: [26, 48]
Iter 12: 
Min Hitting Set: [7, 13, 15, 26, 44, 52, 57, 62, 113, 114]
Min Correction Subset: [38, 45]
Iter 13: 
Min Hitting Set: [7, 13, 26, 44, 45, 52, 57, 62, 113, 114]
Min Correction Subset: [15, 23]
Iter 14: 
Min Hitting Set: [7, 13, 15, 26, 44, 45, 52, 57, 62, 113, 114]
Min Correction Subset: [35, 38]
Iter 15: 
Min Hitting Set: [7, 13, 15, 26, 38, 44, 52, 57, 62, 113, 114]
Min Correction Subset: [5, 14]
Iter 16: 
Min Hitting Set: [13, 14, 15, 26, 38, 44, 52, 57, 62, 113, 114]
Min Correction Subset: [46, 95]
Iter 17: 
Min Hitting Set: [13, 14, 15, 26, 38, 44, 46, 52, 57, 62, 113, 114]
Min Correction Subset: [5, 7]
Iter 18: 
Min Hitting Set: [5, 7, 13, 15, 26, 38, 44, 46, 52, 57, 62, 113, 114]
Min Correction Subset: [11, 45]
Iter 19: 
Min Hitting Set: [5, 7, 11, 13, 15, 26, 38, 44, 46, 52, 57, 62, 113, 114]
Min Correction Subset: [45, 63]
Iter 20: 
Min Hitting Set: [5, 7, 13, 15, 26, 38, 44, 45, 46, 52, 57, 62, 113, 114]
Min Correction Subset: [9, 37]
Iter 21: 
Min Hitting Set: [5, 7, 9, 13, 15, 26, 38, 44, 45, 46, 52, 57, 62, 113, 114]
Min Correction Subset: [35, 43]
Iter 22: 
Min Hitting Set: [5, 7, 9, 13, 15, 26, 35, 44, 45, 46, 52, 57, 62, 113, 114]
Min Correction Subset: [4, 11]
Iter 23: 
Min Hitting Set: [5, 7, 9, 11, 13, 15, 26, 35, 44, 45, 46, 52, 57, 62, 113, 114]
Min Correction Subset: [37, 51]
Iter 24: 
Min Hitting Set: [5, 7, 11, 13, 15, 26, 35, 37, 44, 45, 46, 52, 57, 62, 113, 114]
Min Correction Subset: [14, 38]
Iter 25: 
Min Hitting Set: [5, 11, 13, 14, 15, 26, 35, 37, 44, 45, 46, 52, 57, 62, 113, 114]
Min Correction Subset: [17, 28]
Iter 26: 
Min Hitting Set: [5, 11, 13, 14, 15, 17, 26, 35, 37, 44, 45, 46, 52, 57, 62, 113, 114]
Min Correction Subset: [38, 63]
Iter 27: 
Min Hitting Set: [5, 11, 13, 14, 15, 17, 26, 35, 37, 38, 44, 45, 46, 52, 57, 62, 113, 114]
Min Correction Subset: [48, 56]
Iter 28: 
Min Hitting Set: [5, 11, 13, 14, 15, 17, 35, 37, 38, 44, 45, 46, 48, 52, 57, 62, 113, 114]
Min Correction Subset: [55, 63]
Iter 29: 
Min Hitting Set: [5, 7, 11, 13, 15, 17, 35, 37, 38, 44, 46, 48, 52, 57, 62, 63, 113, 114]
Min Correction Subset: [14, 45]
Iter 30: 
Min Hitting Set: [5, 11, 13, 14, 15, 17, 35, 37, 38, 44, 46, 48, 52, 57, 62, 63, 113, 114]
Min Correction Subset: [51, 58]
Iter 31: 
Min Hitting Set: [5, 11, 13, 14, 15, 17, 35, 37, 38, 44, 46, 48, 51, 52, 57, 62, 63, 113, 114]
Min Correction Subset: [28, 45]
Iter 32: 
Min Hitting Set: [5, 11, 13, 14, 15, 28, 35, 37, 38, 44, 46, 48, 51, 52, 57, 62, 63, 113, 114]
Min Correction Subset: [9, 17]
Iter 33: 
Min Hitting Set: [5, 9, 11, 13, 14, 15, 28, 35, 38, 44, 46, 48, 51, 52, 57, 62, 63, 113, 114]
Min Correction Subset: [45, 58]
Iter 34: 
Min Hitting Set: [5, 9, 11, 13, 14, 15, 17, 35, 44, 45, 46, 48, 51, 52, 57, 62, 63, 113, 114]
Min Correction Subset: [37, 38]
Iter 35: 
Min Hitting Set: [5, 11, 13, 14, 15, 17, 35, 37, 44, 45, 46, 48, 51, 52, 57, 62, 63, 113, 114]
Min Correction Subset: [20, 28]
Iter 36: 
Min Hitting Set: [5, 9, 11, 13, 14, 15, 28, 35, 37, 38, 44, 46, 48, 52, 57, 58, 62, 63, 113, 114]
Min Correction Subset: [7, 17]
Iter 37: 
Min Hitting Set: [7, 9, 11, 13, 14, 15, 28, 35, 38, 44, 46, 48, 51, 52, 57, 58, 62, 63, 113, 114]
Min Correction Subset: [26, 37]
Iter 38: 
Min Hitting Set: [5, 11, 13, 14, 15, 17, 28, 35, 37, 38, 44, 46, 48, 52, 57, 58, 62, 63, 113, 114]
Min Correction Subset: [43, 51]
Iter 39: 
Min Hitting Set: [5, 11, 13, 14, 15, 17, 28, 35, 37, 44, 45, 46, 48, 51, 52, 57, 62, 63, 113, 114]
Min Correction Subset: [38, 55]
Iter 40: 
Min Hitting Set: [5, 11, 13, 14, 15, 17, 28, 37, 38, 43, 44, 46, 48, 52, 57, 58, 62, 63, 113, 114]
Min Correction Subset: [7, 45]
Iter 41: 
Min Hitting Set: [7, 11, 13, 14, 15, 17, 28, 37, 38, 43, 44, 46, 48, 52, 57, 58, 62, 63, 113, 114]
Min Correction Subset: [51, 105]
Iter 42: 
Min Hitting Set: [5, 11, 13, 14, 15, 17, 28, 35, 37, 38, 44, 45, 46, 48, 51, 52, 55, 57, 62, 113, 114]
Min Correction Subset: [23, 31]
Iter 43: 
Min Hitting Set: [5, 11, 13, 14, 17, 23, 28, 35, 37, 38, 44, 45, 46, 48, 51, 52, 55, 57, 62, 113, 114]
Min Correction Subset: [10, 58]
Iter 44: 
Min Hitting Set: [5, 11, 13, 14, 17, 23, 28, 35, 37, 38, 44, 45, 46, 48, 51, 52, 55, 57, 58, 62, 113, 114]
Min Correction Subset: [15, 22]
Iter 45: 
Min Hitting Set: [7, 11, 13, 14, 15, 17, 23, 28, 35, 37, 38, 44, 46, 48, 51, 52, 57, 58, 62, 63, 113, 114]
Min Correction Subset: [45, 55]
Iter 46: 
Min Hitting Set: [5, 11, 13, 14, 15, 17, 23, 28, 35, 37, 38, 44, 45, 46, 48, 51, 52, 55, 57, 58, 62, 113, 114]
Min Correction Subset: [9, 10]
Iter 47: 
Min Hitting Set: [5, 10, 11, 13, 14, 15, 17, 23, 28, 35, 37, 44, 45, 46, 48, 51, 52, 55, 57, 62, 63, 113, 114]
Min Correction Subset: [38, 58]
Iter 48: 
Min Hitting Set: [7, 9, 11, 13, 14, 15, 23, 28, 35, 37, 38, 44, 45, 46, 48, 51, 52, 55, 57, 58, 62, 113, 114]
Min Correction Subset: [16, 17]
Iter 49: 
Min Hitting Set: [5, 10, 11, 13, 14, 15, 17, 23, 28, 35, 37, 38, 44, 45, 46, 48, 51, 52, 55, 57, 62, 113, 114]
Min Correction Subset: [7, 26, 63]
Iter 50: 
Min Hitting Set: [5, 10, 11, 13, 14, 15, 17, 23, 28, 35, 37, 38, 44, 45, 46, 48, 51, 52, 57, 62, 63, 113, 114]
Min Correction Subset: [47, 54, 55]
Iter 51: 
Min Hitting Set: [5, 7, 10, 11, 13, 15, 17, 23, 28, 35, 37, 38, 44, 45, 46, 48, 51, 52, 55, 57, 62, 113, 114]
Min Correction Subset: [9, 14]
Iter 52: 
Min Hitting Set: [7, 10, 11, 13, 14, 15, 17, 23, 28, 35, 37, 38, 44, 45, 46, 48, 51, 52, 55, 57, 62, 113, 114]
Min Correction Subset: [26, 39, 47]
Iter 53: 
Min Hitting Set: [5, 10, 11, 13, 14, 15, 17, 23, 26, 28, 35, 37, 38, 44, 45, 46, 48, 51, 52, 55, 57, 62, 113, 114]
Min Correction Subset: [53, 54, 60]
Iter 54: 
Min Hitting Set: [5, 10, 11, 13, 14, 15, 17, 23, 26, 28, 35, 37, 38, 44, 45, 46, 48, 51, 52, 54, 55, 57, 62, 113, 114]
Min Correction Subset: [43, 60, 95]
Iter 55: 
Min Hitting Set: [5, 10, 11, 13, 14, 15, 17, 23, 26, 28, 35, 37, 38, 44, 45, 48, 51, 52, 54, 55, 57, 62, 95, 113, 114]
Min Correction Subset: [43, 46]
Iter 56: 
Min Hitting Set: [5, 10, 11, 13, 14, 15, 17, 23, 26, 28, 35, 37, 38, 44, 45, 46, 48, 51, 52, 55, 57, 60, 62, 113, 114]
Min Correction Subset: [7, 50, 58]
Iter 57: 
Min Hitting Set: [7, 9, 10, 11, 13, 14, 15, 17, 23, 26, 28, 35, 38, 44, 45, 46, 48, 51, 52, 55, 57, 60, 62, 113, 114]
Min Correction Subset: [5, 36, 37]
Iter 58: 
Min Hitting Set: [7, 9, 10, 11, 13, 14, 15, 17, 23, 26, 28, 35, 36, 38, 45, 46, 48, 51, 52, 55, 57, 60, 62, 113, 114]
Min Correction Subset: [43, 44]
Iter 59: 
Min Hitting Set: [5, 7, 9, 10, 11, 13, 15, 17, 23, 26, 28, 35, 38, 44, 45, 46, 48, 51, 52, 55, 57, 60, 62, 113, 114]
Min Correction Subset: [14, 36, 63]
Iter 60: 
Min Hitting Set: [7, 9, 10, 11, 13, 14, 15, 17, 23, 26, 28, 36, 38, 43, 45, 46, 48, 51, 52, 55, 57, 60, 62, 113, 114]
Min Correction Subset: [44, 95]
Iter 61: 
Min Hitting Set: [5, 7, 9, 10, 11, 13, 15, 17, 23, 26, 28, 38, 43, 44, 45, 46, 48, 51, 52, 54, 57, 62, 63, 113, 114]
Min Correction Subset: [14, 55]
Iter 62: 
Min Hitting Set: [7, 9, 10, 11, 13, 14, 15, 17, 23, 26, 28, 36, 38, 43, 45, 48, 51, 52, 54, 55, 57, 62, 95, 113, 114]
Min Correction Subset: [34, 35]
Iter 63: 
Min Hitting Set: [5, 9, 11, 13, 14, 15, 17, 23, 26, 28, 35, 38, 44, 45, 46, 48, 51, 52, 55, 57, 58, 60, 62, 113, 114]
Min Correction Subset: [47, 61, 63]
Iter 64: 
Min Hitting Set: [7, 10, 11, 13, 14, 15, 17, 23, 28, 35, 37, 38, 44, 45, 46, 47, 48, 51, 52, 57, 60, 62, 63, 113, 114]
Min Correction Subset: [26, 27, 42]
Iter 65: 
Min Hitting Set: [7, 10, 11, 13, 14, 15, 17, 23, 26, 28, 35, 37, 44, 45, 46, 51, 52, 55, 56, 57, 58, 60, 62, 63, 113, 114]
Min Correction Subset: [48, 50]
Iter 66: 
Min Hitting Set: [7, 10, 11, 13, 14, 15, 17, 23, 26, 28, 35, 37, 44, 45, 46, 48, 51, 52, 55, 57, 58, 60, 62, 63, 113, 114]
Min Correction Subset: [9, 38]
Iter 67: 
Min Hitting Set: [5, 9, 11, 13, 14, 15, 17, 23, 26, 28, 35, 38, 44, 45, 46, 48, 51, 52, 55, 57, 58, 60, 62, 63, 113, 114]
Min Correction Subset: [43, 47, 54]
Iter 68: 
Min Hitting Set: [5, 9, 11, 13, 14, 15, 17, 23, 26, 28, 35, 38, 43, 44, 45, 46, 48, 51, 52, 54, 57, 58, 62, 63, 113, 114]
Min Correction Subset: [7, 30, 37]
Iter 69: 
Min Hitting Set: [7, 10, 11, 13, 14, 15, 17, 23, 26, 28, 35, 37, 38, 44, 45, 46, 47, 48, 51, 52, 55, 57, 60, 62, 113, 114]
Min Correction Subset: [5, 6, 43]
Iter 70: 
Min Hitting Set: [7, 10, 11, 13, 14, 15, 17, 23, 26, 28, 35, 37, 38, 43, 44, 45, 48, 51, 52, 54, 57, 62, 63, 95, 113, 114]
Min Correction Subset: [5, 39, 47]
Iter 71: 
Min Hitting Set: [5, 7, 10, 11, 13, 14, 15, 17, 23, 26, 28, 35, 37, 38, 44, 45, 46, 48, 51, 52, 54, 57, 62, 63, 95, 113, 114]
Min Correction Subset: [9, 39, 47]
Iter 72: 
Min Hitting Set: [5, 7, 9, 11, 13, 15, 17, 23, 26, 28, 35, 36, 38, 44, 45, 46, 47, 48, 51, 52, 55, 57, 58, 60, 62, 113, 114]
Min Correction Subset: [10, 14]
Iter 73: 
Min Hitting Set: [5, 7, 10, 11, 13, 14, 15, 17, 23, 26, 28, 35, 37, 38, 44, 45, 46, 47, 48, 51, 52, 55, 57, 60, 62, 113, 114]
Min Correction Subset: [3, 50, 58]
Iter 74: 
Min Hitting Set: [5, 9, 11, 13, 14, 15, 17, 23, 26, 28, 35, 37, 38, 44, 45, 46, 48, 51, 52, 54, 57, 58, 60, 62, 63, 113, 114]
Min Correction Subset: [3, 7, 55]
Iter 75: 
Min Hitting Set: [5, 7, 9, 11, 13, 14, 15, 17, 23, 26, 28, 35, 38, 44, 46, 48, 51, 52, 54, 55, 57, 58, 60, 62, 63, 113, 114]
Min Correction Subset: [37, 45]
Iter 76: 
Min Hitting Set: [5, 7, 9, 11, 13, 14, 15, 17, 23, 26, 28, 35, 38, 44, 45, 46, 48, 51, 52, 54, 57, 58, 60, 62, 63, 113, 114]
Min Correction Subset: [37, 43, 94]
Iter 77: 
Min Hitting Set: [5, 9, 11, 13, 14, 15, 17, 23, 26, 28, 35, 37, 44, 45, 46, 48, 51, 52, 54, 55, 57, 58, 62, 63, 95, 113, 114]
Min Correction Subset: [7, 38]
Iter 78: 
Min Hitting Set: [5, 10, 11, 13, 14, 15, 17, 23, 26, 28, 35, 37, 38, 44, 45, 46, 47, 48, 51, 52, 55, 57, 58, 60, 62, 113, 114]
Min Correction Subset: [3, 7, 50]
Iter 79: 
Min Hitting Set: [5, 7, 9, 11, 13, 14, 15, 17, 23, 26, 28, 35, 38, 43, 44, 45, 48, 51, 52, 54, 57, 58, 62, 63, 95, 113, 114]
Min Correction Subset: [29, 30, 37]
Iter 80: 
Min Hitting Set: [5, 10, 11, 13, 14, 15, 17, 23, 26, 28, 35, 37, 38, 44, 45, 46, 47, 48, 50, 51, 52, 55, 57, 60, 62, 113, 114]
Min Correction Subset: [7, 9, 63]
Iter 81: 
Min Hitting Set: [7, 10, 11, 13, 14, 15, 17, 23, 26, 28, 35, 37, 38, 43, 44, 47, 48, 51, 52, 55, 57, 58, 60, 62, 63, 95, 113, 114]
Min Correction Subset: [9, 45]
Iter 82: 
Min Hitting Set: [7, 10, 11, 13, 14, 15, 17, 23, 26, 28, 35, 37, 38, 43, 44, 45, 47, 48, 51, 52, 57, 58, 60, 62, 63, 95, 113, 114]
Min Correction Subset: [9, 74, 88]
Iter 83: 
Min Hitting Set: [7, 9, 11, 13, 14, 15, 17, 23, 26, 28, 35, 37, 38, 43, 44, 47, 48, 51, 52, 55, 57, 58, 60, 62, 63, 95, 113, 114]
Min Correction Subset: [45, 54]
Iter 84: 
Min Hitting Set: [7, 9, 11, 13, 14, 15, 17, 23, 26, 28, 35, 37, 43, 44, 45, 47, 48, 51, 52, 55, 57, 58, 60, 62, 63, 95, 113, 114]
Min Correction Subset: [38, 46]
Iter 85: 
Min Hitting Set: [7, 9, 11, 13, 14, 15, 17, 23, 26, 28, 35, 37, 43, 44, 45, 46, 47, 48, 51, 52, 55, 57, 58, 60, 62, 63, 113, 114]
Min Correction Subset: [5, 20, 21]
Iter 86: 
Min Hitting Set: [7, 9, 11, 13, 14, 15, 17, 20, 23, 26, 35, 37, 43, 44, 45, 46, 47, 48, 51, 52, 55, 57, 58, 60, 62, 63, 113, 114]
Min Correction Subset: [5, 6, 28]
Iter 87: 
Min Hitting Set: [5, 7, 9, 11, 13, 14, 15, 17, 20, 23, 26, 35, 37, 38, 44, 45, 46, 48, 51, 52, 54, 57, 58, 62, 63, 95, 113, 114]
Min Correction Subset: [27, 28, 97]
Iter 88: 
Min Hitting Set: [5, 7, 9, 11, 13, 14, 15, 17, 23, 26, 28, 35, 37, 38, 43, 44, 45, 46, 48, 51, 52, 54, 57, 58, 62, 63, 113, 114]
Min Correction Subset: [31, 55, 72]
Iter 89: 
Min Hitting Set: [5, 7, 9, 11, 13, 14, 15, 17, 26, 28, 31, 35, 37, 38, 43, 44, 45, 46, 48, 51, 52, 54, 57, 58, 62, 63, 113, 114]
Min Correction Subset: [39, 47, 55, 56]
Iter 90: 
Min Hitting Set: [5, 7, 9, 11, 13, 14, 15, 17, 26, 28, 31, 35, 37, 44, 45, 46, 48, 51, 52, 54, 55, 57, 58, 62, 63, 95, 113, 114]
Min Correction Subset: [23, 43, 47]
Iter 91: 
Min Hitting Set: [5, 7, 9, 11, 13, 14, 15, 17, 26, 28, 31, 35, 37, 44, 45, 46, 47, 48, 51, 52, 55, 57, 58, 60, 62, 63, 113, 114]
Min Correction Subset: [2, 3, 38]
Iter 92: 
Min Hitting Set: [5, 7, 9, 11, 13, 14, 15, 17, 26, 28, 31, 35, 37, 38, 44, 45, 46, 47, 48, 51, 52, 57, 58, 60, 62, 63, 113, 114]
Min Correction Subset: [43, 50, 95]
Iter 93: 
Min Hitting Set: [5, 9, 11, 13, 14, 15, 17, 26, 28, 31, 35, 37, 38, 44, 45, 46, 47, 50, 51, 52, 55, 56, 57, 58, 60, 62, 113, 114]
Min Correction Subset: [48, 49]
Iter 94: 
Min Hitting Set: [5, 7, 9, 11, 13, 14, 15, 17, 23, 26, 28, 35, 37, 38, 44, 46, 48, 51, 52, 54, 55, 57, 58, 62, 63, 95, 113, 114]
Min Correction Subset: [43, 45, 60]
Iter 95: 
Min Hitting Set: [5, 7, 9, 11, 13, 14, 15, 17, 23, 26, 28, 35, 37, 38, 43, 44, 48, 51, 52, 54, 55, 57, 58, 62, 63, 95, 113, 114]
Min Correction Subset: [6, 45, 46]
Iter 96: 
Min Hitting Set: [5, 7, 9, 11, 13, 14, 15, 17, 23, 26, 28, 35, 37, 38, 43, 44, 46, 48, 51, 52, 54, 55, 57, 58, 62, 63, 113, 114]
Min Correction Subset: [31, 56, 72]
Iter 97: 
Min Hitting Set: [5, 9, 11, 13, 14, 15, 17, 26, 28, 31, 35, 37, 38, 44, 45, 46, 47, 48, 50, 51, 52, 55, 57, 58, 60, 62, 113, 114]
Min Correction Subset: [3, 7, 10]
Iter 98: 
Min Hitting Set: [5, 9, 10, 11, 13, 14, 15, 17, 26, 28, 31, 35, 37, 38, 44, 45, 46, 47, 48, 50, 51, 52, 55, 57, 60, 62, 113, 114]
Min Correction Subset: [7, 42, 63]
Iter 99: 
Min Hitting Set: [5, 7, 9, 11, 13, 14, 15, 17, 26, 28, 31, 35, 37, 38, 43, 44, 46, 48, 51, 52, 54, 55, 57, 58, 62, 63, 113, 114]
Min Correction Subset: [10, 45, 47]
Iter 100: 
Min Hitting Set: [7, 9, 11, 13, 14, 15, 17, 20, 27, 28, 31, 35, 37, 38, 43, 44, 45, 47, 48, 51, 52, 57, 58, 60, 62, 63, 95, 113, 114]
Min Correction Subset: [26, 74, 88]
Iter 101: 
Min Hitting Set: [5, 9, 10, 11, 13, 14, 15, 17, 26, 28, 31, 35, 37, 38, 44, 45, 46, 47, 48, 50, 51, 52, 55, 57, 60, 62, 63, 113, 114]
Min Correction Subset: [7, 58, 95]
Iter 102: 
Min Hitting Set: [5, 7, 9, 10, 11, 13, 15, 17, 26, 28, 31, 35, 36, 37, 38, 44, 45, 46, 47, 48, 50, 51, 52, 55, 57, 60, 62, 113, 114]
Min Correction Subset: [14, 20, 21]
Iter 103: 
Min Hitting Set: [3, 5, 9, 11, 13, 14, 15, 17, 26, 28, 31, 35, 37, 38, 43, 44, 45, 48, 51, 52, 54, 55, 57, 58, 62, 63, 95, 113, 114]
Min Correction Subset: [7, 10, 36]
Iter 104: 
Min Hitting Set: [5, 7, 9, 11, 13, 14, 15, 17, 26, 28, 31, 35, 37, 38, 43, 44, 46, 47, 48, 51, 52, 54, 55, 57, 58, 62, 63, 113, 114]
Min Correction Subset: [3, 23, 45]
Iter 105: 
Min Hitting Set: [5, 7, 9, 10, 11, 13, 14, 15, 17, 26, 28, 31, 35, 37, 38, 44, 45, 46, 47, 48, 50, 51, 52, 57, 60, 62, 63, 113, 114]
Min Correction Subset: [43, 55, 95]
Iter 106: 
Min Hitting Set: [3, 5, 7, 9, 11, 13, 14, 15, 17, 26, 28, 31, 35, 37, 43, 44, 45, 46, 48, 51, 52, 54, 55, 57, 58, 62, 63, 113, 114]
Min Correction Subset: [38, 74, 88]
Iter 107: 
Min Hitting Set: [5, 7, 9, 10, 11, 13, 14, 15, 17, 26, 28, 31, 35, 37, 38, 44, 45, 46, 47, 48, 50, 51, 52, 55, 57, 60, 62, 113, 114]
Min Correction Subset: [21, 43, 63]
Iter 108: 
Min Hitting Set: [5, 9, 10, 11, 13, 14, 15, 17, 26, 28, 31, 35, 37, 38, 43, 44, 45, 48, 50, 51, 52, 55, 57, 60, 62, 63, 95, 113, 114]
Min Correction Subset: [7, 47, 58]
Iter 109: 
Min Hitting Set: [5, 7, 9, 11, 13, 14, 15, 17, 26, 28, 31, 35, 37, 38, 43, 44, 45, 46, 48, 51, 52, 54, 55, 57, 58, 62, 63, 113, 114]
Min Correction Subset: [10, 12, 49, 50]
Iter 110: 
Min Hitting Set: [7, 10, 11, 13, 14, 15, 17, 20, 27, 28, 31, 35, 37, 38, 43, 44, 45, 46, 47, 48, 51, 52, 57, 58, 60, 62, 63, 74, 113, 114]
Min Correction Subset: [5, 6, 23]
Iter 111: 
Min Hitting Set: [3, 5, 10, 11, 13, 14, 15, 17, 28, 31, 35, 37, 38, 42, 43, 44, 45, 47, 48, 50, 51, 52, 57, 60, 62, 63, 74, 95, 113, 114]
Min Correction Subset: [7, 9, 73]
Iter 112: 
Min Hitting Set: [3, 5, 9, 10, 11, 13, 14, 15, 17, 26, 28, 31, 35, 37, 38, 44, 45, 46, 47, 48, 50, 51, 52, 54, 57, 62, 63, 95, 113, 114]
Min Correction Subset: [7, 55, 72]
Iter 113: 
Min Hitting Set: [5, 7, 9, 10, 11, 13, 14, 15, 17, 26, 28, 31, 35, 37, 38, 43, 44, 45, 48, 50, 51, 52, 54, 56, 57, 62, 63, 95, 113, 114]
Min Correction Subset: [47, 55, 58]
Iter 114: 
Min Hitting Set: [5, 7, 9, 10, 11, 13, 14, 15, 17, 26, 28, 31, 35, 37, 38, 43, 44, 45, 48, 50, 51, 52, 54, 55, 57, 62, 63, 95, 113, 114]
Min Correction Subset: [36, 56, 58]
Iter 115: 
Min Hitting Set: [5, 9, 10, 11, 13, 14, 15, 17, 26, 28, 31, 35, 37, 38, 43, 44, 45, 46, 48, 50, 51, 52, 55, 57, 58, 60, 62, 63, 113, 114]
Min Correction Subset: [7, 53, 95]
Iter 116: 
Min Hitting Set: [5, 9, 10, 11, 13, 14, 15, 17, 26, 28, 31, 35, 37, 38, 43, 44, 45, 46, 48, 50, 51, 52, 53, 55, 57, 58, 62, 63, 113, 114]
Min Correction Subset: [7, 47, 54]
Iter 117: 
Min Hitting Set: [5, 7, 9, 11, 13, 14, 15, 17, 26, 28, 31, 35, 37, 38, 43, 44, 45, 46, 48, 50, 51, 52, 55, 57, 58, 60, 62, 63, 113, 114]
Min Correction Subset: [3, 39, 47, 56]
Iter 118: 
Min Hitting Set: [3, 5, 7, 9, 10, 11, 13, 14, 15, 17, 26, 28, 31, 35, 37, 38, 43, 44, 46, 48, 51, 52, 54, 55, 57, 58, 62, 63, 113, 114]
Min Correction Subset: [22, 36, 45]
Iter 119: 
Min Hitting Set: [5, 7, 9, 11, 13, 14, 15, 17, 26, 28, 31, 35, 37, 38, 44, 45, 46, 47, 48, 50, 51, 52, 55, 57, 58, 60, 62, 63, 113, 114]
Min Correction Subset: [2, 10, 22, 34]
Iter 120: 
Min Hitting Set: [5, 7, 10, 11, 13, 14, 15, 17, 28, 31, 34, 37, 38, 42, 43, 44, 45, 46, 47, 48, 51, 52, 55, 57, 58, 60, 62, 74, 113, 114]
Min Correction Subset: [9, 35, 50]
Iter 121: 
Min Hitting Set: [3, 5, 7, 9, 10, 11, 13, 14, 15, 17, 26, 28, 31, 35, 36, 37, 38, 43, 45, 48, 51, 52, 54, 55, 57, 62, 63, 95, 113, 114]
Min Correction Subset: [44, 58]
Iter 122: 
Min Hitting Set: [5, 7, 9, 11, 13, 14, 15, 17, 26, 28, 31, 34, 37, 38, 43, 44, 45, 46, 49, 50, 51, 52, 54, 56, 57, 58, 62, 63, 113, 114]
Min Correction Subset: [48, 59]
Iter 123: 
Min Hitting Set: [5, 7, 9, 10, 11, 13, 15, 17, 21, 26, 28, 31, 35, 36, 37, 38, 44, 45, 46, 47, 48, 50, 51, 52, 55, 57, 60, 62, 113, 114]
Min Correction Subset: [14, 22, 27]
Iter 124: 
Min Hitting Set: [5, 7, 9, 10, 11, 13, 15, 17, 20, 26, 27, 31, 34, 36, 37, 38, 43, 45, 47, 48, 51, 52, 53, 55, 57, 58, 62, 95, 113, 114]
Min Correction Subset: [14, 44]
Iter 125: 
Min Hitting Set: [5, 7, 9, 11, 13, 14, 15, 17, 26, 28, 31, 34, 37, 38, 43, 44, 45, 46, 47, 48, 50, 51, 52, 57, 58, 60, 62, 63, 113, 114]
Min Correction Subset: [10, 35, 55]
Iter 126: 
Min Hitting Set: [3, 5, 9, 10, 11, 13, 14, 15, 17, 26, 28, 31, 34, 37, 38, 43, 44, 45, 48, 51, 52, 54, 55, 57, 58, 62, 63, 95, 113, 114]
Min Correction Subset: [12, 20, 36, 50]
Iter 127: 
Min Hitting Set: [5, 7, 10, 11, 13, 14, 15, 17, 28, 31, 35, 36, 37, 38, 42, 43, 45, 47, 48, 51, 52, 55, 57, 58, 60, 62, 88, 95, 113, 114]
Min Correction Subset: [44, 50, 63]
Iter 128: 
Min Hitting Set: [3, 5, 9, 10, 11, 13, 14, 15, 17, 26, 28, 31, 35, 36, 37, 38, 43, 45, 48, 51, 52, 54, 55, 57, 58, 62, 63, 95, 113, 114]
Min Correction Subset: [44, 47, 50]
Iter 129: 
Min Hitting Set: [5, 7, 9, 11, 13, 14, 15, 17, 26, 28, 31, 34, 37, 38, 43, 44, 45, 47, 48, 50, 51, 52, 54, 55, 57, 58, 62, 95, 113, 114]
Min Correction Subset: [35, 36, 42, 63]
Iter 130: 
Min Hitting Set: [5, 7, 10, 11, 13, 14, 15, 17, 20, 27, 31, 35, 37, 38, 44, 45, 46, 47, 48, 51, 52, 57, 58, 60, 62, 63, 88, 95, 113, 114]
Min Correction Subset: [28, 55, 72]
Iter 131: 
Min Hitting Set: [6, 7, 10, 11, 13, 14, 15, 17, 20, 27, 31, 35, 37, 38, 43, 44, 45, 46, 47, 48, 51, 52, 53, 55, 57, 58, 62, 74, 113, 114]
Min Correction Subset: [5, 28, 63]
Iter 132: 
Min Hitting Set: [5, 7, 9, 10, 11, 13, 14, 15, 17, 26, 28, 31, 34, 36, 37, 38, 43, 45, 47, 48, 51, 52, 54, 57, 58, 62, 63, 95, 113, 114]
Min Correction Subset: [12, 44, 55]
Iter 133: 
Min Hitting Set: [5, 7, 9, 11, 13, 14, 15, 17, 26, 28, 31, 34, 36, 37, 38, 43, 45, 47, 48, 50, 51, 52, 54, 55, 57, 58, 62, 95, 113, 114]
Min Correction Subset: [12, 44, 63]
Iter 134: 
Min Hitting Set: [3, 5, 9, 11, 13, 14, 15, 17, 26, 28, 31, 34, 36, 37, 38, 43, 45, 48, 50, 51, 52, 54, 55, 57, 58, 62, 63, 95, 113, 114]
Min Correction Subset: [7, 10, 27]
Iter 135: 
Min Hitting Set: [5, 7, 10, 11, 13, 14, 15, 17, 20, 27, 31, 35, 37, 38, 43, 44, 45, 47, 48, 51, 52, 55, 57, 58, 60, 62, 74, 95, 113, 114]
Min Correction Subset: [9, 23, 28]
Iter 136: 
Min Hitting Set: [7, 10, 11, 13, 14, 15, 17, 20, 23, 27, 28, 35, 37, 38, 43, 44, 45, 47, 48, 51, 52, 55, 56, 57, 58, 60, 62, 74, 95, 113, 114]
Min Correction Subset: [5, 26, 34]
Iter 137: 
Min Hitting Set: [5, 7, 9, 10, 11, 13, 17, 21, 22, 23, 26, 28, 35, 37, 38, 44, 45, 46, 48, 50, 51, 52, 54, 55, 56, 57, 60, 62, 63, 113, 114]
Min Correction Subset: [14, 15, 107]
Iter 138: 
Min Hitting Set: [7, 10, 11, 13, 14, 17, 20, 22, 23, 26, 28, 35, 37, 38, 43, 44, 45, 47, 48, 51, 52, 55, 56, 57, 58, 60, 62, 88, 95, 113, 114]
Min Correction Subset: [5, 15]
Iter 139: 
Min Hitting Set: [7, 10, 11, 13, 14, 15, 17, 20, 23, 26, 28, 35, 37, 38, 43, 44, 45, 47, 48, 51, 52, 55, 56, 57, 58, 60, 62, 88, 95, 113, 114]
Min Correction Subset: [31, 49, 72]
Iter 140: 
Min Hitting Set: [7, 10, 11, 13, 14, 15, 17, 20, 23, 26, 28, 35, 37, 38, 43, 44, 45, 47, 48, 51, 52, 57, 58, 60, 62, 63, 72, 74, 95, 113, 114]
Min Correction Subset: [31, 49, 55]
Iter 141: 
Min Hitting Set: [7, 10, 11, 13, 14, 15, 17, 20, 23, 26, 28, 35, 37, 38, 43, 44, 45, 47, 48, 51, 52, 55, 57, 58, 60, 62, 72, 74, 95, 113, 114]
Min Correction Subset: [31, 46, 63]
Iter 142: 
Min Hitting Set: [5, 7, 9, 10, 11, 13, 14, 15, 17, 26, 28, 31, 35, 37, 38, 43, 44, 45, 48, 50, 51, 52, 54, 55, 56, 57, 62, 63, 95, 113, 114]
Min Correction Subset: [23, 47, 49, 58]
Iter 143: 
Min Hitting Set: [6, 7, 9, 10, 11, 13, 14, 15, 17, 21, 26, 28, 31, 35, 37, 38, 44, 45, 46, 47, 48, 50, 51, 52, 55, 56, 57, 60, 62, 113, 114]
Min Correction Subset: [5, 36, 43]
Iter 144: 
Min Hitting Set: [5, 7, 9, 10, 11, 13, 14, 15, 17, 21, 26, 28, 31, 35, 37, 38, 44, 45, 46, 47, 48, 50, 51, 52, 55, 56, 57, 60, 62, 113, 114]
Min Correction Subset: [43, 58, 95]
Iter 145: 
Min Hitting Set: [3, 5, 7, 9, 11, 13, 14, 15, 17, 26, 28, 31, 34, 37, 38, 43, 44, 45, 48, 50, 51, 52, 54, 55, 57, 58, 62, 63, 95, 113, 114]
Min Correction Subset: [8, 10, 16, 21]
Iter 146: 
Min Hitting Set: [5, 7, 9, 11, 13, 14, 15, 16, 21, 22, 26, 28, 31, 35, 37, 38, 44, 45, 46, 47, 48, 50, 51, 52, 55, 57, 58, 60, 62, 113, 114]
Min Correction Subset: [17, 72]
Iter 147: 
Min Hitting Set: [5, 9, 10, 11, 13, 14, 15, 17, 26, 28, 31, 34, 37, 38, 42, 43, 44, 45, 47, 48, 50, 51, 52, 55, 56, 57, 60, 62, 95, 113, 114]
Min Correction Subset: [35, 36, 58]
Iter 148: 
Min Hitting Set: [5, 9, 10, 11, 13, 14, 15, 17, 26, 28, 31, 34, 37, 38, 42, 43, 44, 45, 47, 48, 50, 51, 52, 55, 57, 58, 60, 62, 95, 113, 114]
Min Correction Subset: [7, 18, 63]
Iter 149: 
Min Hitting Set: [5, 7, 9, 10, 11, 13, 15, 17, 20, 26, 27, 31, 35, 36, 37, 38, 43, 44, 45, 47, 48, 50, 51, 52, 55, 57, 60, 62, 95, 113, 114]
Min Correction Subset: [14, 28, 72]
Iter 150: 
Min Hitting Set: [3, 5, 9, 10, 11, 13, 14, 15, 17, 20, 26, 28, 31, 34, 37, 38, 43, 44, 45, 48, 51, 52, 54, 55, 57, 58, 62, 63, 95, 113, 114]
Min Correction Subset: [7, 21, 29, 50]
Iter 151: 
Min Hitting Set: [5, 9, 10, 11, 13, 14, 15, 17, 26, 28, 31, 35, 37, 38, 43, 44, 45, 47, 48, 50, 51, 52, 55, 56, 57, 60, 62, 63, 95, 113, 114]
Min Correction Subset: [7, 20, 21, 29]
Iter 152: 
Min Hitting Set: [3, 5, 7, 9, 10, 11, 13, 14, 15, 17, 26, 28, 31, 35, 36, 37, 38, 43, 44, 46, 48, 51, 52, 54, 55, 57, 58, 62, 63, 113, 114]
Min Correction Subset: [21, 22, 45]
Iter 153: 
Min Hitting Set: [5, 7, 9, 10, 11, 13, 14, 15, 17, 26, 28, 31, 35, 37, 38, 43, 44, 45, 48, 50, 51, 52, 54, 56, 57, 58, 62, 63, 95, 113, 114]
Min Correction Subset: [3, 39, 47, 55]
Iter 154: 
Min Hitting Set: [5, 7, 9, 10, 11, 13, 14, 15, 17, 26, 28, 31, 35, 37, 38, 43, 44, 45, 46, 47, 48, 50, 51, 52, 57, 58, 60, 62, 63, 113, 114]
Min Correction Subset: [55, 56, 74, 88]
Iter 155: 
Min Hitting Set: [5, 7, 9, 10, 11, 13, 14, 15, 17, 26, 28, 31, 35, 37, 38, 44, 45, 46, 47, 48, 50, 51, 52, 55, 57, 58, 60, 62, 63, 113, 114]
Min Correction Subset: [43, 54, 74, 88]
Iter 156: 
Min Hitting Set: [5, 7, 9, 10, 11, 13, 14, 15, 17, 26, 28, 29, 31, 35, 38, 43, 44, 45, 47, 48, 50, 51, 52, 54, 56, 57, 62, 63, 95, 113, 114]
Min Correction Subset: [6, 37, 55]
Iter 157: 
Min Hitting Set: [5, 7, 9, 10, 11, 13, 14, 15, 17, 20, 27, 31, 35, 37, 38, 43, 44, 45, 47, 48, 51, 52, 53, 55, 57, 58, 62, 88, 95, 113, 114]
Min Correction Subset: [3, 23, 28]
Iter 158: 
Min Hitting Set: [5, 7, 10, 11, 12, 13, 14, 15, 17, 26, 28, 31, 35, 37, 38, 44, 45, 46, 47, 48, 51, 52, 54, 57, 58, 62, 63, 88, 95, 113, 114]
Min Correction Subset: [9, 43, 50]
Iter 159: 
Min Hitting Set: [5, 7, 10, 11, 13, 14, 15, 17, 26, 28, 31, 35, 36, 37, 38, 43, 44, 45, 46, 47, 48, 50, 51, 52, 55, 57, 60, 62, 88, 113, 114]
Min Correction Subset: [21, 22, 23, 54]
Iter 160: 
Min Hitting Set: [5, 7, 10, 11, 13, 14, 15, 17, 28, 31, 35, 37, 38, 42, 43, 44, 45, 47, 48, 50, 51, 52, 54, 55, 57, 58, 62, 88, 95, 113, 114]
Min Correction Subset: [18, 26, 36, 56]
Iter 161: 
Min Hitting Set: [5, 7, 10, 11, 13, 14, 15, 17, 28, 31, 35, 37, 38, 42, 44, 45, 46, 47, 48, 50, 51, 52, 54, 56, 57, 62, 63, 88, 95, 113, 114]
Min Correction Subset: [20, 21, 29, 55]
Iter 162: 
Min Hitting Set: [5, 7, 9, 10, 11, 13, 14, 15, 17, 26, 28, 31, 35, 37, 38, 43, 44, 45, 47, 48, 50, 51, 52, 54, 55, 56, 57, 62, 95, 113, 114]
Min Correction Subset: [21, 58, 61, 63]
Iter 163: 
Min Hitting Set: [5, 7, 9, 10, 11, 13, 14, 15, 17, 26, 28, 31, 35, 36, 37, 38, 43, 45, 47, 48, 51, 52, 54, 55, 57, 58, 62, 63, 95, 113, 114]
Min Correction Subset: [12, 44, 50]
Iter 164: 
Min Hitting Set: [6, 7, 9, 10, 11, 13, 14, 15, 17, 20, 26, 28, 31, 35, 37, 38, 43, 44, 45, 47, 48, 51, 52, 54, 55, 57, 58, 62, 95, 113, 114]
Min Correction Subset: [5, 50, 74, 88]
Iter 165: 
Min Hitting Set: [5, 7, 9, 10, 11, 13, 14, 15, 17, 20, 26, 28, 31, 35, 37, 38, 43, 44, 45, 46, 47, 48, 51, 52, 54, 55, 57, 58, 62, 113, 114]
Min Correction Subset: [3, 4, 6, 36, 56]
Iter 166: 
Min Hitting Set: [5, 7, 9, 10, 11, 13, 14, 15, 17, 26, 28, 31, 35, 36, 37, 38, 43, 44, 45, 46, 47, 48, 51, 52, 54, 55, 57, 58, 62, 113, 114]
Min Correction Subset: [50, 61, 63, 74, 88]
Iter 167: 
Min Hitting Set: [5, 7, 10, 11, 13, 14, 15, 17, 27, 28, 31, 35, 36, 37, 38, 43, 44, 45, 47, 48, 51, 52, 54, 55, 57, 58, 62, 74, 95, 113, 114]
Min Correction Subset: [21, 22, 26, 34]
Iter 168: 
Min Hitting Set: [4, 5, 7, 9, 13, 14, 16, 22, 23, 26, 28, 35, 37, 38, 43, 44, 45, 46, 47, 48, 50, 51, 52, 55, 57, 58, 60, 62, 72, 113, 114]
Min Correction Subset: [15, 17]
Instance: regions-76-200-210000
----------------------------
Query: 7
Query element:32
Query scope: 8
Query scope: 23
Query scope: 36
Query scope: 38
Query scope: 40
Query scope: 41
Query scope: 51
Query scope: 59
Query scope: 77
Query scope: 78
Query scope: 129
Query scope: 132
Query scope: 135
Query scope: 138
Query scope: 141
Query scope: 142
Query scope: 145
Query scope: 149
Query scope: 150
Query scope: 164
Query scope: 169
Query scope: 180
----------------------------
IIS optimality: suboptimal
IIS solution time: 36047.135
IIS Constraint: 4; goods; {good:4}
IIS Constraint: 5; goods; {good:5}
IIS Constraint: 7; goods; {good:7}
IIS Constraint: 9; goods; {good:9}
IIS Constraint: 13; goods; {good:13}
IIS Constraint: 14; goods; {good:14}
IIS Constraint: 16; goods; {good:16}
IIS Constraint: 22; goods; {good:22}
IIS Constraint: 23; goods; {good:23}
IIS Constraint: 26; goods; {good:26}
IIS Constraint: 28; goods; {good:28}
IIS Constraint: 35; goods; {good:35}
IIS Constraint: 37; goods; {good:37}
IIS Constraint: 38; goods; {good:38}
IIS Constraint: 43; goods; {good:43}
IIS Constraint: 44; goods; {good:44}
IIS Constraint: 45; goods; {good:45}
IIS Constraint: 46; goods; {good:46}
IIS Constraint: 47; goods; {good:47}
IIS Constraint: 48; goods; {good:48}
IIS Constraint: 50; goods; {good:50}
IIS Constraint: 51; goods; {good:51}
IIS Constraint: 52; goods; {good:52}
IIS Constraint: 55; goods; {good:55}
IIS Constraint: 57; goods; {good:57}
IIS Constraint: 58; goods; {good:58}
IIS Constraint: 60; goods; {good:60}
IIS Constraint: 62; goods; {good:62}
IIS Constraint: 72; goods; {good:72}
IIS Constraint: 113; query; {good:32,query:7}
IIS Constraint: 114; max; {f:4256.0125000000035,objective:max}
