IIS generation
Iter 1: 
Min Hitting Set: []
Min Correction Subset: [102]
Iter 2: 
Min Hitting Set: [102]
Min Correction Subset: [77]
Iter 3: 
Min Hitting Set: [77, 102]
Min Correction Subset: [100]
Iter 4: 
Min Hitting Set: [77, 100, 102]
Min Correction Subset: [82]
Iter 5: 
Min Hitting Set: [77, 82, 100, 102]
Min Correction Subset: [88]
Iter 6: 
Min Hitting Set: [77, 82, 88, 100, 102]
Min Correction Subset: [81]
Iter 7: 
Min Hitting Set: [77, 81, 82, 88, 100, 102]
Min Correction Subset: [86]
Iter 8: 
Min Hitting Set: [77, 81, 82, 86, 88, 100, 102]
Min Correction Subset: [78]
Iter 9: 
Min Hitting Set: [77, 78, 81, 82, 86, 88, 100, 102]
Min Correction Subset: [99]
Iter 10: 
Min Hitting Set: [77, 78, 81, 82, 86, 88, 99, 100, 102]
Min Correction Subset: [79]
Iter 11: 
Min Hitting Set: [77, 78, 79, 81, 82, 86, 88, 99, 100, 102]
Min Correction Subset: [95]
Iter 12: 
Min Hitting Set: [77, 78, 79, 81, 82, 86, 88, 95, 99, 100, 102]
Min Correction Subset: [90]
Iter 13: 
Min Hitting Set: [77, 78, 79, 81, 82, 86, 88, 90, 95, 99, 100, 102]
Min Correction Subset: [80]
Iter 14: 
Min Hitting Set: [77, 78, 79, 80, 81, 82, 86, 88, 90, 95, 99, 100, 102]
Min Correction Subset: [89]
Iter 15: 
Min Hitting Set: [77, 78, 79, 80, 81, 82, 86, 88, 89, 90, 95, 99, 100, 102]
Min Correction Subset: [84]
Iter 16: 
Min Hitting Set: [77, 78, 79, 80, 81, 82, 84, 86, 88, 89, 90, 95, 99, 100, 102]
Min Correction Subset: [76]
Iter 17: 
Min Hitting Set: [76, 77, 78, 79, 80, 81, 82, 84, 86, 88, 89, 90, 95, 99, 100, 102]
Min Correction Subset: [101]
Iter 18: 
Min Hitting Set: [76, 77, 78, 79, 80, 81, 82, 84, 86, 88, 89, 90, 95, 99, 100, 101, 102]
Min Correction Subset: [24, 87]
Iter 19: 
Min Hitting Set: [24, 76, 77, 78, 79, 80, 81, 82, 84, 86, 88, 89, 90, 95, 99, 100, 101, 102]
Min Correction Subset: [53, 87]
Iter 20: 
Min Hitting Set: [76, 77, 78, 79, 80, 81, 82, 84, 86, 87, 88, 89, 90, 95, 99, 100, 101, 102]
Min Correction Subset: [91, 92]
Iter 21: 
Min Hitting Set: [76, 77, 78, 79, 80, 81, 82, 84, 86, 87, 88, 89, 90, 91, 95, 99, 100, 101, 102]
Min Correction Subset: [10, 96]
Iter 22: 
Min Hitting Set: [10, 76, 77, 78, 79, 80, 81, 82, 84, 86, 87, 88, 89, 90, 91, 95, 99, 100, 101, 102]
Min Correction Subset: [6, 96]
Iter 23: 
Min Hitting Set: [76, 77, 78, 79, 80, 81, 82, 84, 86, 87, 88, 89, 90, 91, 95, 96, 99, 100, 101, 102]
Min Correction Subset: [5, 83]
Iter 24: 
Min Hitting Set: [5, 76, 77, 78, 79, 80, 81, 82, 84, 86, 87, 88, 89, 90, 91, 95, 96, 99, 100, 101, 102]
Min Correction Subset: [13, 92]
Iter 25: 
Min Hitting Set: [5, 76, 77, 78, 79, 80, 81, 82, 84, 86, 87, 88, 89, 90, 92, 95, 96, 99, 100, 101, 102]
Min Correction Subset: [4, 94]
Iter 26: 
Min Hitting Set: [4, 5, 76, 77, 78, 79, 80, 81, 82, 84, 86, 87, 88, 89, 90, 92, 95, 96, 99, 100, 101, 102]
Min Correction Subset: [1, 83]
Iter 27: 
Min Hitting Set: [4, 76, 77, 78, 79, 80, 81, 82, 83, 84, 86, 87, 88, 89, 90, 92, 95, 96, 99, 100, 101, 102]
Min Correction Subset: [10, 91]
Iter 28: 
Min Hitting Set: [4, 10, 76, 77, 78, 79, 80, 81, 82, 83, 84, 86, 87, 88, 89, 90, 92, 95, 96, 99, 100, 101, 102]
Min Correction Subset: [18, 91]
Iter 29: 
Min Hitting Set: [4, 76, 77, 78, 79, 80, 81, 82, 83, 84, 86, 87, 88, 89, 90, 91, 92, 95, 96, 99, 100, 101, 102]
Min Correction Subset: [10, 85]
Iter 30: 
Min Hitting Set: [4, 10, 76, 77, 78, 79, 80, 81, 82, 83, 84, 86, 87, 88, 89, 90, 91, 92, 95, 96, 99, 100, 101, 102]
Min Correction Subset: [0, 94]
Iter 31: 
Min Hitting Set: [10, 76, 77, 78, 79, 80, 81, 82, 83, 84, 86, 87, 88, 89, 90, 91, 92, 94, 95, 96, 99, 100, 101, 102]
Min Correction Subset: [18, 85]
Iter 32: 
Min Hitting Set: [76, 77, 78, 79, 80, 81, 82, 83, 84, 85, 86, 87, 88, 89, 90, 91, 92, 94, 95, 96, 99, 100, 101, 102]
Min Correction Subset: [18, 93]
Iter 33: 
Min Hitting Set: [10, 18, 76, 77, 78, 79, 80, 81, 82, 83, 84, 86, 87, 88, 89, 90, 92, 94, 95, 96, 99, 100, 101, 102]
Min Correction Subset: [17, 91]
Iter 34: 
Min Hitting Set: [10, 18, 76, 77, 78, 79, 80, 81, 82, 83, 84, 86, 87, 88, 89, 90, 91, 92, 94, 95, 96, 99, 100, 101, 102]
Min Correction Subset: [0, 97]
Iter 35: 
Min Hitting Set: [0, 10, 18, 76, 77, 78, 79, 80, 81, 82, 83, 84, 86, 87, 88, 89, 90, 91, 92, 94, 95, 96, 99, 100, 101, 102]
Min Correction Subset: [14, 93]
Iter 36: 
Min Hitting Set: [0, 76, 77, 78, 79, 80, 81, 82, 83, 84, 85, 86, 87, 88, 89, 90, 91, 92, 93, 94, 95, 96, 99, 100, 101, 102]
Min Correction Subset: [13, 98]
Iter 37: 
Min Hitting Set: [0, 13, 76, 77, 78, 79, 80, 81, 82, 83, 84, 85, 86, 87, 88, 89, 90, 91, 93, 94, 95, 96, 99, 100, 101, 102]
Min Correction Subset: [17, 92]
Iter 38: 
Min Hitting Set: [0, 13, 17, 76, 77, 78, 79, 80, 81, 82, 83, 84, 85, 86, 87, 88, 89, 90, 91, 93, 94, 95, 96, 99, 100, 101, 102]
Min Correction Subset: [5, 18]
Iter 39: 
Min Hitting Set: [0, 10, 13, 17, 18, 76, 77, 78, 79, 80, 81, 82, 83, 84, 86, 87, 88, 89, 90, 91, 93, 94, 95, 96, 99, 100, 101, 102]
Min Correction Subset: [5, 92]
Iter 40: 
Min Hitting Set: [0, 5, 13, 17, 76, 77, 78, 79, 80, 81, 82, 83, 84, 85, 86, 87, 88, 89, 90, 91, 93, 94, 95, 96, 99, 100, 101, 102]
Min Correction Subset: [9, 92]
Iter 41: 
Min Hitting Set: [0, 10, 13, 18, 76, 77, 78, 79, 80, 81, 82, 83, 84, 86, 87, 88, 89, 90, 91, 92, 93, 94, 95, 96, 99, 100, 101, 102]
Min Correction Subset: [14, 85]
Iter 42: 
Min Hitting Set: [0, 13, 14, 18, 76, 77, 78, 79, 80, 81, 82, 83, 84, 85, 86, 87, 88, 89, 90, 91, 92, 94, 95, 96, 99, 100, 101, 102]
Min Correction Subset: [28, 98]
Iter 43: 
Min Hitting Set: [0, 14, 18, 76, 77, 78, 79, 80, 81, 82, 83, 84, 85, 86, 87, 88, 89, 90, 91, 92, 94, 95, 96, 98, 99, 100, 101, 102]
Min Correction Subset: [22, 93]
Iter 44: 
Min Hitting Set: [0, 18, 76, 77, 78, 79, 80, 81, 82, 83, 84, 85, 86, 87, 88, 89, 90, 91, 92, 93, 94, 95, 96, 98, 99, 100, 101, 102]
Min Correction Subset: [13, 16]
Iter 45: 
Min Hitting Set: [0, 13, 18, 76, 77, 78, 79, 80, 81, 82, 83, 84, 85, 86, 87, 88, 89, 90, 91, 92, 93, 94, 95, 96, 98, 99, 100, 101, 102]
Min Correction Subset: [16, 22]
Iter 46: 
Min Hitting Set: [0, 16, 18, 76, 77, 78, 79, 80, 81, 82, 83, 84, 85, 86, 87, 88, 89, 90, 91, 92, 93, 94, 95, 96, 98, 99, 100, 101, 102]
Min Correction Subset: [4, 51, 97]
Iter 47: 
Min Hitting Set: [0, 4, 16, 18, 76, 77, 78, 79, 80, 81, 82, 83, 84, 85, 86, 87, 88, 89, 90, 91, 92, 93, 95, 96, 98, 99, 100, 101, 102]
Min Correction Subset: [8, 94]
Iter 48: 
Min Hitting Set: [16, 18, 76, 77, 78, 79, 80, 81, 82, 83, 84, 85, 86, 87, 88, 89, 90, 91, 92, 93, 94, 95, 96, 97, 98, 99, 100, 101, 102]
Min Correction Subset: [6, 17, 47]
Iter 49: 
Min Hitting Set: [6, 10, 16, 17, 18, 76, 77, 78, 79, 80, 81, 82, 83, 84, 85, 86, 87, 88, 89, 90, 92, 93, 94, 95, 97, 98, 99, 100, 101, 102]
Min Correction Subset: [25, 91]
Iter 50: 
Min Hitting Set: [6, 10, 14, 16, 18, 76, 77, 78, 79, 80, 81, 82, 83, 84, 86, 87, 88, 89, 90, 91, 92, 93, 94, 95, 97, 98, 99, 100, 101, 102]
Min Correction Subset: [2, 96]
Iter 51: 
Min Hitting Set: [6, 16, 18, 76, 77, 78, 79, 80, 81, 82, 83, 84, 85, 86, 87, 88, 89, 90, 91, 92, 93, 94, 95, 96, 97, 98, 99, 100, 101, 102]
Min Correction Subset: [10, 48, 51]
Iter 52: 
Min Hitting Set: [6, 10, 14, 16, 18, 76, 77, 78, 79, 80, 81, 82, 83, 84, 86, 87, 88, 89, 90, 91, 92, 93, 94, 95, 96, 97, 98, 99, 100, 101, 102]
Min Correction Subset: [22, 85]
Iter 53: 
Min Hitting Set: [6, 10, 16, 18, 76, 77, 78, 79, 80, 81, 82, 83, 84, 85, 86, 87, 88, 89, 90, 91, 92, 93, 94, 95, 96, 97, 98, 99, 100, 101, 102]
Min Correction Subset: [2, 13, 48]
Iter 54: 
Min Hitting Set: [6, 16, 18, 48, 76, 77, 78, 79, 80, 81, 82, 83, 84, 85, 86, 87, 88, 89, 90, 91, 92, 93, 94, 95, 96, 97, 98, 99, 100, 101, 102]
Min Correction Subset: [0, 10, 21]
Iter 55: 
Min Hitting Set: [6, 10, 13, 14, 18, 22, 76, 77, 78, 79, 80, 81, 82, 83, 84, 86, 87, 88, 89, 90, 91, 92, 94, 95, 96, 97, 98, 99, 100, 101, 102]
Min Correction Subset: [16, 17]
Iter 56: 
Min Hitting Set: [10, 13, 14, 17, 18, 22, 76, 77, 78, 79, 80, 81, 82, 83, 84, 86, 87, 88, 89, 90, 91, 92, 94, 95, 96, 97, 98, 99, 100, 101, 102]
Min Correction Subset: [0, 16]
Iter 57: 
Min Hitting Set: [2, 6, 10, 16, 18, 76, 77, 78, 79, 80, 81, 82, 83, 84, 85, 86, 87, 88, 89, 90, 91, 92, 93, 94, 95, 97, 98, 99, 100, 101, 102]
Min Correction Subset: [14, 96]
Iter 58: 
Min Hitting Set: [2, 6, 10, 14, 16, 18, 22, 76, 77, 78, 79, 80, 81, 82, 83, 84, 86, 87, 88, 89, 90, 91, 92, 94, 95, 97, 98, 99, 100, 101, 102]
Min Correction Subset: [17, 96]
Iter 59: 
Min Hitting Set: [10, 13, 16, 17, 18, 76, 77, 78, 79, 80, 81, 82, 83, 84, 85, 86, 87, 88, 89, 90, 91, 92, 93, 94, 95, 96, 97, 98, 99, 100, 101, 102]
Min Correction Subset: [0, 6, 21]
Iter 60: 
Min Hitting Set: [6, 10, 13, 16, 18, 76, 77, 78, 79, 80, 81, 82, 83, 84, 85, 86, 87, 88, 89, 90, 91, 92, 93, 94, 95, 96, 97, 98, 99, 100, 101, 102]
Min Correction Subset: [0, 2, 17]
Iter 61: 
Min Hitting Set: [2, 6, 10, 14, 16, 18, 22, 76, 77, 78, 79, 80, 81, 82, 83, 84, 86, 87, 88, 89, 90, 91, 92, 94, 95, 96, 97, 98, 99, 100, 101, 102]
Min Correction Subset: [17, 93]
