IIS generation
Instance: scheduling-76-200-30000
----------------------------
Query: 9
Query element:23
Query element:50
Query scope: 20
Query scope: 21
Query scope: 22
Query scope: 23
Query scope: 89
Query scope: 90
Query scope: 91
Query scope: 92
Query scope: 93
Query scope: 94
Query scope: 95
Query scope: 96
Query scope: 147
Query scope: 148
Query scope: 149
Query scope: 150
Query scope: 151
Query scope: 152
Query scope: 153
Query scope: 154
Query scope: 155
Query scope: 156
Query scope: 47
Query scope: 48
Query scope: 49
Query scope: 50
Query scope: 174
Query scope: 175
Query scope: 176
Query scope: 177
Query scope: 178
Query scope: 179
Query scope: 180
Query scope: 181
Query scope: 182
Query scope: 183
----------------------------
IIS optimality: optimal
IIS solution time: 0.958
