IIS generation
Iter 1: 
Min Hitting Set: []
Min Correction Subset: [100]
Iter 2: 
Min Hitting Set: [100]
Min Correction Subset: [88]
Iter 3: 
Min Hitting Set: [88, 100]
Min Correction Subset: [76]
Iter 4: 
Min Hitting Set: [76, 88, 100]
Min Correction Subset: [78]
Iter 5: 
Min Hitting Set: [76, 78, 88, 100]
Min Correction Subset: [41]
Iter 6: 
Min Hitting Set: [41, 76, 78, 88, 100]
Min Correction Subset: [53]
Iter 7: 
Min Hitting Set: [41, 53, 76, 78, 88, 100]
Min Correction Subset: [45]
Iter 8: 
Min Hitting Set: [41, 45, 53, 76, 78, 88, 100]
Min Correction Subset: [85]
Iter 9: 
Min Hitting Set: [41, 45, 53, 76, 78, 85, 88, 100]
Min Correction Subset: [93]
Iter 10: 
Min Hitting Set: [41, 45, 53, 76, 78, 85, 88, 93, 100]
Min Correction Subset: [95]
Iter 11: 
Min Hitting Set: [41, 45, 53, 76, 78, 85, 88, 93, 95, 100]
Min Correction Subset: [89]
Iter 12: 
Min Hitting Set: [41, 45, 53, 76, 78, 85, 88, 89, 93, 95, 100]
Min Correction Subset: [49]
Iter 13: 
Min Hitting Set: [41, 45, 49, 53, 76, 78, 85, 88, 89, 93, 95, 100]
Min Correction Subset: [97]
Iter 14: 
Min Hitting Set: [41, 45, 49, 53, 76, 78, 85, 88, 89, 93, 95, 97, 100]
Min Correction Subset: [92]
Iter 15: 
Min Hitting Set: [41, 45, 49, 53, 76, 78, 85, 88, 89, 92, 93, 95, 97, 100]
Min Correction Subset: [86]
Iter 16: 
Min Hitting Set: [41, 45, 49, 53, 76, 78, 85, 86, 88, 89, 92, 93, 95, 97, 100]
Min Correction Subset: [96]
Iter 17: 
Min Hitting Set: [41, 45, 49, 53, 76, 78, 85, 86, 88, 89, 92, 93, 95, 96, 97, 100]
Min Correction Subset: [61]
Iter 18: 
Min Hitting Set: [41, 45, 49, 53, 61, 76, 78, 85, 86, 88, 89, 92, 93, 95, 96, 97, 100]
Min Correction Subset: [81]
Iter 19: 
Min Hitting Set: [41, 45, 49, 53, 61, 76, 78, 81, 85, 86, 88, 89, 92, 93, 95, 96, 97, 100]
Min Correction Subset: [87]
Iter 20: 
Min Hitting Set: [41, 45, 49, 53, 61, 76, 78, 81, 85, 86, 87, 88, 89, 92, 93, 95, 96, 97, 100]
Min Correction Subset: [57]
Iter 21: 
Min Hitting Set: [41, 45, 49, 53, 57, 61, 76, 78, 81, 85, 86, 87, 88, 89, 92, 93, 95, 96, 97, 100]
Min Correction Subset: [65]
Iter 22: 
Min Hitting Set: [41, 45, 49, 53, 57, 61, 65, 76, 78, 81, 85, 86, 87, 88, 89, 92, 93, 95, 96, 97, 100]
Min Correction Subset: [79]
Iter 23: 
Min Hitting Set: [41, 45, 49, 53, 57, 61, 65, 76, 78, 79, 81, 85, 86, 87, 88, 89, 92, 93, 95, 96, 97, 100]
Min Correction Subset: [6]
Iter 24: 
Min Hitting Set: [6, 41, 45, 49, 53, 57, 61, 65, 76, 78, 79, 81, 85, 86, 87, 88, 89, 92, 93, 95, 96, 97, 100]
Min Correction Subset: [90]
Iter 25: 
Min Hitting Set: [6, 41, 45, 49, 53, 57, 61, 65, 76, 78, 79, 81, 85, 86, 87, 88, 89, 90, 92, 93, 95, 96, 97, 100]
Min Correction Subset: [82]
Iter 26: 
Min Hitting Set: [6, 41, 45, 49, 53, 57, 61, 65, 76, 78, 79, 81, 82, 85, 86, 87, 88, 89, 90, 92, 93, 95, 96, 97, 100]
Min Correction Subset: [2]
Iter 27: 
Min Hitting Set: [2, 6, 41, 45, 49, 53, 57, 61, 65, 76, 78, 79, 81, 82, 85, 86, 87, 88, 89, 90, 92, 93, 95, 96, 97, 100]
Min Correction Subset: [10]
Iter 28: 
Min Hitting Set: [2, 6, 10, 41, 45, 49, 53, 57, 61, 65, 76, 78, 79, 81, 82, 85, 86, 87, 88, 89, 90, 92, 93, 95, 96, 97, 100]
Min Correction Subset: [60]
Iter 29: 
Min Hitting Set: [2, 6, 10, 41, 45, 49, 53, 57, 60, 61, 65, 76, 78, 79, 81, 82, 85, 86, 87, 88, 89, 90, 92, 93, 95, 96, 97, 100]
Min Correction Subset: [67, 94]
Iter 30: 
Min Hitting Set: [2, 6, 10, 41, 45, 49, 53, 57, 60, 61, 65, 67, 76, 78, 79, 81, 82, 85, 86, 87, 88, 89, 90, 92, 93, 95, 96, 97, 100]
Min Correction Subset: [16, 94]
Iter 31: 
Min Hitting Set: [2, 6, 10, 41, 45, 49, 53, 57, 60, 61, 65, 76, 78, 79, 81, 82, 85, 86, 87, 88, 89, 90, 92, 93, 94, 95, 96, 97, 100]
Min Correction Subset: [67, 83]
Iter 32: 
Min Hitting Set: [2, 6, 10, 41, 45, 49, 53, 57, 60, 61, 65, 67, 76, 78, 79, 81, 82, 85, 86, 87, 88, 89, 90, 92, 93, 94, 95, 96, 97, 100]
Min Correction Subset: [16, 83]
Iter 33: 
Min Hitting Set: [2, 6, 10, 41, 45, 49, 53, 57, 60, 61, 65, 76, 78, 79, 81, 82, 83, 85, 86, 87, 88, 89, 90, 92, 93, 94, 95, 96, 97, 100]
Min Correction Subset: [59, 99]
Iter 34: 
Min Hitting Set: [2, 6, 10, 41, 45, 49, 53, 57, 59, 60, 61, 65, 76, 78, 79, 81, 82, 83, 85, 86, 87, 88, 89, 90, 92, 93, 94, 95, 96, 97, 100]
Min Correction Subset: [20, 99]
Iter 35: 
Min Hitting Set: [2, 6, 10, 41, 45, 49, 53, 57, 60, 61, 65, 76, 78, 79, 81, 82, 83, 85, 86, 87, 88, 89, 90, 92, 93, 94, 95, 96, 97, 99, 100]
Min Correction Subset: [16, 20, 80]
Iter 36: 
Min Hitting Set: [2, 6, 10, 16, 41, 45, 49, 53, 57, 60, 61, 65, 67, 76, 78, 79, 81, 82, 85, 86, 87, 88, 89, 90, 92, 93, 95, 96, 97, 99, 100]
Min Correction Subset: [63, 94]
Iter 37: 
Min Hitting Set: [2, 6, 10, 16, 41, 45, 49, 53, 57, 60, 61, 65, 76, 78, 79, 81, 82, 83, 85, 86, 87, 88, 89, 90, 92, 93, 94, 95, 96, 97, 99, 100]
Min Correction Subset: [20, 69, 80]
Iter 38: 
Min Hitting Set: [2, 6, 10, 20, 41, 45, 49, 53, 57, 60, 61, 65, 76, 78, 79, 81, 82, 83, 85, 86, 87, 88, 89, 90, 92, 93, 94, 95, 96, 97, 99, 100]
Min Correction Subset: [16, 62, 80]
Iter 39: 
Min Hitting Set: [2, 6, 10, 41, 45, 49, 53, 57, 60, 61, 65, 76, 78, 79, 80, 81, 82, 83, 85, 86, 87, 88, 89, 90, 92, 93, 94, 95, 96, 97, 99, 100]
Min Correction Subset: [16, 20, 59]
Iter 40: 
Min Hitting Set: [2, 6, 10, 20, 41, 45, 49, 53, 57, 60, 61, 65, 76, 78, 79, 80, 81, 82, 83, 85, 86, 87, 88, 89, 90, 92, 93, 94, 95, 96, 97, 99, 100]
Min Correction Subset: [16, 59, 62, 67, 77]
