------------------------------------------
---------------- Solution ----------------
------------------------------------------
0. Bid: 3 Goods: [29, 33]
1. Bid: 10 Goods: [21, 24, 35]
2. Bid: 15 Goods: [3]
3. Bid: 16 Goods: [27, 36]
4. Bid: 20 Goods: [16]
5. Bid: 21 Goods: [4, 30, 39]
6. Bid: 22 Goods: [17, 37]
7. Bid: 25 Goods: [0]
8. Bid: 28 Goods: [8, 26, 38]
9. Bid: 33 Goods: [5, 40]
10. Bid: 36 Goods: [9]
11. Bid: 41 Goods: [11, 28, 41]
12. Bid: 42 Goods: [18, 42]
13. Bid: 46 Goods: [23]
14. Bid: 54 Goods: [13, 2]
15. Bid: 57 Goods: [12]
16. Bid: 63 Goods: [10]
17. Bid: 71 Goods: [7, 19, 47]
18. Bid: 73 Goods: [22]
19. Bid: 80 Goods: [14, 31, 49]
20. Bid: 91 Goods: [25, 51]
21. Bid: 97 Goods: [20, 6, 52]
Objective value: 15.770494000000001
Solving time: 0.00464
