------------------------------------------
---------------- Solution ----------------
------------------------------------------
0. Bid: 3 Goods: [20, 26, 32]
1. Bid: 6 Goods: [23, 33]
2. Bid: 9 Goods: [0]
3. Bid: 10 Goods: [14, 34]
4. Bid: 13 Goods: [31, 35]
5. Bid: 31 Goods: [15, 39]
6. Bid: 39 Goods: [8, 21, 27, 40]
7. Bid: 58 Goods: [1, 44]
8. Bid: 60 Goods: [22]
9. Bid: 65 Goods: [9, 16, 45]
10. Bid: 66 Goods: [28, 46]
11. Bid: 73 Goods: [5, 19, 47]
12. Bid: 75 Goods: [7, 12, 48]
13. Bid: 90 Goods: [6]
14. Bid: 91 Goods: [18]
15. Bid: 100 Goods: [4, 13, 54]
Objective value: 11.387023000000001
Solving time: 0.00703
