------------------------------------------
---------------- Solution ----------------
------------------------------------------
0. Bid: 1 Goods: [1]
1. Bid: 4 Goods: [5]
2. Bid: 6 Goods: [13, 22, 33]
3. Bid: 15 Goods: [17, 36]
4. Bid: 17 Goods: [23]
5. Bid: 18 Goods: [27, 37]
6. Bid: 29 Goods: [10, 12, 14, 38]
7. Bid: 30 Goods: [2]
8. Bid: 44 Goods: [15]
9. Bid: 47 Goods: [11]
10. Bid: 48 Goods: [9]
11. Bid: 49 Goods: [19, 42]
12. Bid: 55 Goods: [18, 25, 43]
13. Bid: 56 Goods: [0, 16, 44]
14. Bid: 63 Goods: [28]
15. Bid: 65 Goods: [4, 30, 46]
16. Bid: 68 Goods: [7, 20, 29, 47]
17. Bid: 82 Goods: [8, 21, 49]
18. Bid: 91 Goods: [3, 6, 24, 51]
19. Bid: 92 Goods: [31, 52]
20. Bid: 97 Goods: [26, 53]
Objective value: 13.442595
Solving time: 0.00485
