IIS generation
Instance: paths-512-1000-870000
----------------------------
Query: 8
Query element:435
Query scope: 166
Query scope: 879
Query scope: 881
Query scope: 882
Query scope: 883
----------------------------
IIS optimality: suboptimal
IIS solution time: 11403.08259
IIS Constraint: 0; goods; {good:0}
IIS Constraint: 1; goods; {good:1}
IIS Constraint: 4; goods; {good:4}
IIS Constraint: 8; goods; {good:8}
IIS Constraint: 10; goods; {good:10}
IIS Constraint: 11; goods; {good:11}
IIS Constraint: 12; goods; {good:12}
IIS Constraint: 13; goods; {good:13}
IIS Constraint: 14; goods; {good:14}
IIS Constraint: 15; goods; {good:15}
IIS Constraint: 20; goods; {good:20}
IIS Constraint: 21; goods; {good:21}
IIS Constraint: 23; goods; {good:23}
IIS Constraint: 24; goods; {good:24}
IIS Constraint: 30; goods; {good:30}
IIS Constraint: 31; goods; {good:31}
IIS Constraint: 33; goods; {good:33}
IIS Constraint: 38; goods; {good:38}
IIS Constraint: 39; goods; {good:39}
IIS Constraint: 40; goods; {good:40}
IIS Constraint: 41; goods; {good:41}
IIS Constraint: 42; goods; {good:42}
IIS Constraint: 50; goods; {good:50}
IIS Constraint: 51; goods; {good:51}
IIS Constraint: 58; goods; {good:58}
IIS Constraint: 59; goods; {good:59}
IIS Constraint: 60; goods; {good:60}
IIS Constraint: 65; goods; {good:65}
IIS Constraint: 71; goods; {good:71}
IIS Constraint: 80; goods; {good:80}
IIS Constraint: 82; goods; {good:82}
IIS Constraint: 86; goods; {good:86}
IIS Constraint: 91; goods; {good:91}
IIS Constraint: 93; goods; {good:93}
IIS Constraint: 97; goods; {good:97}
IIS Constraint: 99; goods; {good:99}
IIS Constraint: 103; goods; {good:103}
IIS Constraint: 105; goods; {good:105}
IIS Constraint: 107; goods; {good:107}
IIS Constraint: 110; goods; {good:110}
IIS Constraint: 111; goods; {good:111}
IIS Constraint: 112; goods; {good:112}
IIS Constraint: 114; goods; {good:114}
IIS Constraint: 115; goods; {good:115}
IIS Constraint: 116; goods; {good:116}
IIS Constraint: 119; goods; {good:119}
IIS Constraint: 120; goods; {good:120}
IIS Constraint: 122; goods; {good:122}
IIS Constraint: 123; goods; {good:123}
IIS Constraint: 124; goods; {good:124}
IIS Constraint: 125; goods; {good:125}
IIS Constraint: 129; goods; {good:129}
IIS Constraint: 130; goods; {good:130}
IIS Constraint: 131; goods; {good:131}
IIS Constraint: 135; goods; {good:135}
IIS Constraint: 138; goods; {good:138}
IIS Constraint: 139; goods; {good:139}
IIS Constraint: 140; goods; {good:140}
IIS Constraint: 142; goods; {good:142}
IIS Constraint: 143; goods; {good:143}
IIS Constraint: 145; goods; {good:145}
IIS Constraint: 146; goods; {good:146}
IIS Constraint: 147; goods; {good:147}
IIS Constraint: 149; goods; {good:149}
IIS Constraint: 151; goods; {good:151}
IIS Constraint: 152; goods; {good:152}
IIS Constraint: 153; goods; {good:153}
IIS Constraint: 154; goods; {good:154}
IIS Constraint: 157; goods; {good:157}
IIS Constraint: 159; goods; {good:159}
IIS Constraint: 160; goods; {good:160}
IIS Constraint: 161; goods; {good:161}
IIS Constraint: 163; goods; {good:163}
IIS Constraint: 165; goods; {good:165}
IIS Constraint: 166; goods; {good:166}
IIS Constraint: 170; goods; {good:170}
IIS Constraint: 172; goods; {good:172}
IIS Constraint: 173; goods; {good:173}
IIS Constraint: 174; goods; {good:174}
IIS Constraint: 175; goods; {good:175}
IIS Constraint: 176; goods; {good:176}
IIS Constraint: 177; goods; {good:177}
IIS Constraint: 180; goods; {good:180}
IIS Constraint: 181; goods; {good:181}
IIS Constraint: 183; goods; {good:183}
IIS Constraint: 186; goods; {good:186}
IIS Constraint: 187; goods; {good:187}
IIS Constraint: 188; goods; {good:188}
IIS Constraint: 189; goods; {good:189}
IIS Constraint: 190; goods; {good:190}
IIS Constraint: 191; goods; {good:191}
IIS Constraint: 199; goods; {good:199}
IIS Constraint: 200; goods; {good:200}
IIS Constraint: 204; goods; {good:204}
IIS Constraint: 205; goods; {good:205}
IIS Constraint: 207; goods; {good:207}
IIS Constraint: 209; goods; {good:209}
IIS Constraint: 211; goods; {good:211}
IIS Constraint: 215; goods; {good:215}
IIS Constraint: 217; goods; {good:217}
IIS Constraint: 219; goods; {good:219}
IIS Constraint: 220; goods; {good:220}
IIS Constraint: 221; goods; {good:221}
IIS Constraint: 223; goods; {good:223}
IIS Constraint: 225; goods; {good:225}
IIS Constraint: 226; goods; {good:226}
IIS Constraint: 227; goods; {good:227}
IIS Constraint: 228; goods; {good:228}
IIS Constraint: 232; goods; {good:232}
IIS Constraint: 233; goods; {good:233}
IIS Constraint: 234; goods; {good:234}
IIS Constraint: 235; goods; {good:235}
IIS Constraint: 239; goods; {good:239}
IIS Constraint: 243; goods; {good:243}
IIS Constraint: 244; goods; {good:244}
IIS Constraint: 250; goods; {good:250}
IIS Constraint: 253; goods; {good:253}
IIS Constraint: 254; goods; {good:254}
IIS Constraint: 256; goods; {good:256}
IIS Constraint: 258; goods; {good:258}
IIS Constraint: 263; goods; {good:263}
IIS Constraint: 265; goods; {good:265}
IIS Constraint: 267; goods; {good:267}
IIS Constraint: 275; goods; {good:275}
IIS Constraint: 288; goods; {good:288}
IIS Constraint: 291; goods; {good:291}
IIS Constraint: 307; goods; {good:307}
IIS Constraint: 314; goods; {good:314}
IIS Constraint: 315; goods; {good:315}
IIS Constraint: 316; goods; {good:316}
IIS Constraint: 319; goods; {good:319}
IIS Constraint: 334; goods; {good:334}
IIS Constraint: 336; goods; {good:336}
IIS Constraint: 337; goods; {good:337}
IIS Constraint: 340; goods; {good:340}
IIS Constraint: 343; goods; {good:343}
IIS Constraint: 348; goods; {good:348}
IIS Constraint: 350; goods; {good:350}
IIS Constraint: 362; goods; {good:362}
IIS Constraint: 363; goods; {good:363}
IIS Constraint: 365; goods; {good:365}
IIS Constraint: 367; goods; {good:367}
IIS Constraint: 369; goods; {good:369}
IIS Constraint: 374; goods; {good:374}
IIS Constraint: 377; goods; {good:377}
IIS Constraint: 384; goods; {good:384}
IIS Constraint: 390; goods; {good:390}
IIS Constraint: 396; goods; {good:396}
IIS Constraint: 417; goods; {good:417}
IIS Constraint: 426; goods; {good:426}
IIS Constraint: 432; goods; {good:432}
IIS Constraint: 444; goods; {good:444}
IIS Constraint: 447; goods; {good:447}
IIS Constraint: 450; goods; {good:450}
IIS Constraint: 451; goods; {good:451}
IIS Constraint: 464; goods; {good:464}
IIS Constraint: 472; goods; {good:472}
IIS Constraint: 473; goods; {good:473}
IIS Constraint: 474; goods; {good:474}
IIS Constraint: 478; goods; {good:478}
IIS Constraint: 480; goods; {good:480}
IIS Constraint: 482; goods; {good:482}
IIS Constraint: 485; goods; {good:485}
IIS Constraint: 490; goods; {good:490}
IIS Constraint: 493; goods; {good:493}
IIS Constraint: 499; goods; {good:499}
IIS Constraint: 507; goods; {good:507}
IIS Constraint: 514; goods; {good:514}
IIS Constraint: 518; goods; {good:518}
IIS Constraint: 552; goods; {good:552}
IIS Constraint: 553; goods; {good:553}
IIS Constraint: 568; goods; {good:568}
IIS Constraint: 575; goods; {good:575}
IIS Constraint: 579; goods; {good:579}
IIS Constraint: 592; goods; {good:592}
IIS Constraint: 607; goods; {good:607}
IIS Constraint: 615; goods; {good:615}
IIS Constraint: 625; goods; {good:625}
IIS Constraint: 661; goods; {good:661}
IIS Constraint: 669; goods; {good:669}
IIS Constraint: 948; query; {good:435,query:8}
IIS Constraint: 949; max; {f:79.3584447,objective:max}
