IIS generation
Instance: paths-512-1000-120000
----------------------------
Query: 3
Query element:620
Query element:464
Query scope: 620
Query scope: 464
----------------------------
IIS optimality: suboptimal
IIS solution time: 24562.14436
IIS Constraint: 2; goods; {good:2}
IIS Constraint: 4; goods; {good:4}
IIS Constraint: 5; goods; {good:5}
IIS Constraint: 6; goods; {good:6}
IIS Constraint: 7; goods; {good:7}
IIS Constraint: 9; goods; {good:9}
IIS Constraint: 11; goods; {good:11}
IIS Constraint: 12; goods; {good:12}
IIS Constraint: 14; goods; {good:14}
IIS Constraint: 17; goods; {good:17}
IIS Constraint: 18; goods; {good:18}
IIS Constraint: 20; goods; {good:20}
IIS Constraint: 22; goods; {good:22}
IIS Constraint: 23; goods; {good:23}
IIS Constraint: 24; goods; {good:24}
IIS Constraint: 25; goods; {good:25}
IIS Constraint: 26; goods; {good:26}
IIS Constraint: 28; goods; {good:28}
IIS Constraint: 29; goods; {good:29}
IIS Constraint: 34; goods; {good:34}
IIS Constraint: 35; goods; {good:35}
IIS Constraint: 41; goods; {good:41}
IIS Constraint: 42; goods; {good:42}
IIS Constraint: 44; goods; {good:44}
IIS Constraint: 45; goods; {good:45}
IIS Constraint: 50; goods; {good:50}
IIS Constraint: 59; goods; {good:59}
IIS Constraint: 61; goods; {good:61}
IIS Constraint: 63; goods; {good:63}
IIS Constraint: 65; goods; {good:65}
IIS Constraint: 66; goods; {good:66}
IIS Constraint: 68; goods; {good:68}
IIS Constraint: 69; goods; {good:69}
IIS Constraint: 72; goods; {good:72}
IIS Constraint: 74; goods; {good:74}
IIS Constraint: 75; goods; {good:75}
IIS Constraint: 76; goods; {good:76}
IIS Constraint: 78; goods; {good:78}
IIS Constraint: 79; goods; {good:79}
IIS Constraint: 86; goods; {good:86}
IIS Constraint: 87; goods; {good:87}
IIS Constraint: 88; goods; {good:88}
IIS Constraint: 89; goods; {good:89}
IIS Constraint: 91; goods; {good:91}
IIS Constraint: 94; goods; {good:94}
IIS Constraint: 95; goods; {good:95}
IIS Constraint: 96; goods; {good:96}
IIS Constraint: 97; goods; {good:97}
IIS Constraint: 98; goods; {good:98}
IIS Constraint: 104; goods; {good:104}
IIS Constraint: 105; goods; {good:105}
IIS Constraint: 111; goods; {good:111}
IIS Constraint: 113; goods; {good:113}
IIS Constraint: 123; goods; {good:123}
IIS Constraint: 124; goods; {good:124}
IIS Constraint: 129; goods; {good:129}
IIS Constraint: 132; goods; {good:132}
IIS Constraint: 136; goods; {good:136}
IIS Constraint: 145; goods; {good:145}
IIS Constraint: 146; goods; {good:146}
IIS Constraint: 152; goods; {good:152}
IIS Constraint: 153; goods; {good:153}
IIS Constraint: 156; goods; {good:156}
IIS Constraint: 158; goods; {good:158}
IIS Constraint: 160; goods; {good:160}
IIS Constraint: 161; goods; {good:161}
IIS Constraint: 162; goods; {good:162}
IIS Constraint: 163; goods; {good:163}
IIS Constraint: 164; goods; {good:164}
IIS Constraint: 167; goods; {good:167}
IIS Constraint: 168; goods; {good:168}
IIS Constraint: 170; goods; {good:170}
IIS Constraint: 176; goods; {good:176}
IIS Constraint: 177; goods; {good:177}
IIS Constraint: 179; goods; {good:179}
IIS Constraint: 180; goods; {good:180}
IIS Constraint: 182; goods; {good:182}
IIS Constraint: 183; goods; {good:183}
IIS Constraint: 184; goods; {good:184}
IIS Constraint: 185; goods; {good:185}
IIS Constraint: 188; goods; {good:188}
IIS Constraint: 190; goods; {good:190}
IIS Constraint: 191; goods; {good:191}
IIS Constraint: 192; goods; {good:192}
IIS Constraint: 193; goods; {good:193}
IIS Constraint: 195; goods; {good:195}
IIS Constraint: 196; goods; {good:196}
IIS Constraint: 201; goods; {good:201}
IIS Constraint: 202; goods; {good:202}
IIS Constraint: 205; goods; {good:205}
IIS Constraint: 208; goods; {good:208}
IIS Constraint: 210; goods; {good:210}
IIS Constraint: 211; goods; {good:211}
IIS Constraint: 216; goods; {good:216}
IIS Constraint: 217; goods; {good:217}
IIS Constraint: 218; goods; {good:218}
IIS Constraint: 222; goods; {good:222}
IIS Constraint: 223; goods; {good:223}
IIS Constraint: 224; goods; {good:224}
IIS Constraint: 228; goods; {good:228}
IIS Constraint: 230; goods; {good:230}
IIS Constraint: 233; goods; {good:233}
IIS Constraint: 234; goods; {good:234}
IIS Constraint: 237; goods; {good:237}
IIS Constraint: 242; goods; {good:242}
IIS Constraint: 243; goods; {good:243}
IIS Constraint: 244; goods; {good:244}
IIS Constraint: 254; goods; {good:254}
IIS Constraint: 256; goods; {good:256}
IIS Constraint: 257; goods; {good:257}
IIS Constraint: 260; goods; {good:260}
IIS Constraint: 261; goods; {good:261}
IIS Constraint: 262; goods; {good:262}
IIS Constraint: 263; goods; {good:263}
IIS Constraint: 267; goods; {good:267}
IIS Constraint: 270; goods; {good:270}
IIS Constraint: 280; goods; {good:280}
IIS Constraint: 283; goods; {good:283}
IIS Constraint: 285; goods; {good:285}
IIS Constraint: 287; goods; {good:287}
IIS Constraint: 289; goods; {good:289}
IIS Constraint: 295; goods; {good:295}
IIS Constraint: 300; goods; {good:300}
IIS Constraint: 304; goods; {good:304}
IIS Constraint: 311; goods; {good:311}
IIS Constraint: 314; goods; {good:314}
IIS Constraint: 322; goods; {good:322}
IIS Constraint: 331; goods; {good:331}
IIS Constraint: 335; goods; {good:335}
IIS Constraint: 339; goods; {good:339}
IIS Constraint: 341; goods; {good:341}
IIS Constraint: 353; goods; {good:353}
IIS Constraint: 362; goods; {good:362}
IIS Constraint: 379; goods; {good:379}
IIS Constraint: 388; goods; {good:388}
IIS Constraint: 394; goods; {good:394}
IIS Constraint: 403; goods; {good:403}
IIS Constraint: 428; goods; {good:428}
IIS Constraint: 438; goods; {good:438}
IIS Constraint: 442; goods; {good:442}
IIS Constraint: 443; goods; {good:443}
IIS Constraint: 455; goods; {good:455}
IIS Constraint: 456; goods; {good:456}
IIS Constraint: 471; goods; {good:471}
IIS Constraint: 474; goods; {good:474}
IIS Constraint: 476; goods; {good:476}
IIS Constraint: 478; goods; {good:478}
IIS Constraint: 482; goods; {good:482}
IIS Constraint: 483; goods; {good:483}
IIS Constraint: 489; goods; {good:489}
IIS Constraint: 504; goods; {good:504}
IIS Constraint: 511; goods; {good:511}
IIS Constraint: 538; goods; {good:538}
IIS Constraint: 540; goods; {good:540}
IIS Constraint: 543; goods; {good:543}
IIS Constraint: 595; goods; {good:595}
IIS Constraint: 615; goods; {good:615}
IIS Constraint: 617; goods; {good:617}
IIS Constraint: 620; goods; {good:620}
IIS Constraint: 628; goods; {good:628}
IIS Constraint: 640; goods; {good:640}
IIS Constraint: 665; goods; {good:665}
IIS Constraint: 666; goods; {good:666}
IIS Constraint: 675; goods; {good:675}
IIS Constraint: 972; query; {bid:464,query:3}
IIS Constraint: 973; max; {f:71.8260602,objective:max}
