IIS generation
Instance: scheduling-512-1000-130000
----------------------------
Query: 9
Query element:512
Query element:216
Query scope: 0
Query scope: 1
Query scope: 2
Query scope: 3
Query scope: 4
Query scope: 5
Query scope: 6
Query scope: 7
Query scope: 8
Query scope: 9
Query scope: 10
Query scope: 11
Query scope: 12
Query scope: 13
Query scope: 14
Query scope: 15
Query scope: 16
Query scope: 17
Query scope: 18
Query scope: 19
Query scope: 20
Query scope: 21
Query scope: 22
Query scope: 23
Query scope: 24
Query scope: 25
Query scope: 26
Query scope: 27
Query scope: 28
Query scope: 29
Query scope: 30
Query scope: 31
Query scope: 32
Query scope: 33
Query scope: 34
Query scope: 35
Query scope: 36
Query scope: 37
Query scope: 38
Query scope: 39
Query scope: 40
Query scope: 41
Query scope: 42
Query scope: 43
Query scope: 44
Query scope: 45
Query scope: 46
Query scope: 47
Query scope: 48
Query scope: 49
Query scope: 50
Query scope: 51
Query scope: 52
Query scope: 53
Query scope: 54
Query scope: 55
Query scope: 56
Query scope: 57
Query scope: 58
Query scope: 59
Query scope: 60
Query scope: 61
Query scope: 62
Query scope: 63
Query scope: 64
Query scope: 65
Query scope: 66
Query scope: 67
Query scope: 68
Query scope: 69
Query scope: 70
Query scope: 71
Query scope: 72
Query scope: 73
Query scope: 74
Query scope: 75
Query scope: 76
Query scope: 77
Query scope: 78
Query scope: 79
Query scope: 80
Query scope: 81
Query scope: 82
Query scope: 83
Query scope: 84
Query scope: 85
Query scope: 86
Query scope: 87
Query scope: 88
Query scope: 89
Query scope: 90
Query scope: 91
Query scope: 92
Query scope: 93
Query scope: 94
Query scope: 95
Query scope: 96
Query scope: 97
Query scope: 98
Query scope: 99
Query scope: 100
Query scope: 101
Query scope: 102
Query scope: 103
Query scope: 104
Query scope: 105
Query scope: 106
Query scope: 107
Query scope: 108
Query scope: 109
Query scope: 110
Query scope: 111
Query scope: 112
Query scope: 113
Query scope: 114
Query scope: 115
Query scope: 116
Query scope: 117
Query scope: 118
Query scope: 119
Query scope: 120
Query scope: 121
Query scope: 122
Query scope: 123
Query scope: 124
Query scope: 125
Query scope: 126
Query scope: 127
Query scope: 128
Query scope: 129
Query scope: 130
Query scope: 131
Query scope: 132
Query scope: 133
Query scope: 134
Query scope: 135
Query scope: 136
Query scope: 137
Query scope: 138
Query scope: 139
Query scope: 140
Query scope: 141
Query scope: 142
Query scope: 143
Query scope: 144
Query scope: 145
Query scope: 146
Query scope: 147
Query scope: 148
Query scope: 149
Query scope: 150
Query scope: 151
Query scope: 152
Query scope: 153
Query scope: 154
Query scope: 155
Query scope: 156
Query scope: 157
Query scope: 158
Query scope: 159
Query scope: 160
Query scope: 161
Query scope: 162
Query scope: 163
Query scope: 164
Query scope: 165
Query scope: 166
Query scope: 167
Query scope: 168
Query scope: 169
Query scope: 170
Query scope: 171
Query scope: 172
Query scope: 173
Query scope: 174
Query scope: 175
Query scope: 176
Query scope: 177
Query scope: 178
Query scope: 179
Query scope: 180
Query scope: 181
Query scope: 182
Query scope: 183
Query scope: 184
Query scope: 185
Query scope: 186
Query scope: 187
Query scope: 188
Query scope: 189
Query scope: 190
Query scope: 191
Query scope: 192
Query scope: 193
Query scope: 194
Query scope: 195
Query scope: 196
Query scope: 197
Query scope: 198
Query scope: 199
Query scope: 200
Query scope: 201
Query scope: 202
Query scope: 203
Query scope: 204
Query scope: 205
Query scope: 206
Query scope: 207
Query scope: 208
Query scope: 209
Query scope: 210
Query scope: 211
Query scope: 212
Query scope: 213
Query scope: 214
Query scope: 215
Query scope: 216
Query scope: 217
Query scope: 218
Query scope: 219
Query scope: 220
Query scope: 221
Query scope: 222
Query scope: 223
Query scope: 224
Query scope: 225
Query scope: 226
Query scope: 227
Query scope: 228
Query scope: 229
Query scope: 230
Query scope: 231
Query scope: 232
Query scope: 233
Query scope: 234
Query scope: 235
Query scope: 236
Query scope: 237
Query scope: 238
Query scope: 239
Query scope: 240
Query scope: 241
Query scope: 242
Query scope: 243
Query scope: 244
Query scope: 245
Query scope: 246
Query scope: 247
Query scope: 248
Query scope: 249
Query scope: 250
Query scope: 251
Query scope: 252
Query scope: 253
Query scope: 254
Query scope: 255
Query scope: 256
Query scope: 257
Query scope: 258
Query scope: 259
Query scope: 260
Query scope: 261
Query scope: 262
Query scope: 263
Query scope: 264
Query scope: 265
Query scope: 266
Query scope: 267
Query scope: 268
Query scope: 269
Query scope: 270
Query scope: 271
Query scope: 272
Query scope: 273
Query scope: 274
Query scope: 275
Query scope: 276
Query scope: 277
Query scope: 278
Query scope: 279
Query scope: 280
Query scope: 281
Query scope: 282
Query scope: 283
Query scope: 284
Query scope: 285
Query scope: 286
Query scope: 287
Query scope: 288
Query scope: 289
Query scope: 290
Query scope: 291
Query scope: 292
Query scope: 293
Query scope: 294
Query scope: 295
Query scope: 296
Query scope: 297
Query scope: 298
Query scope: 299
Query scope: 300
Query scope: 301
Query scope: 302
Query scope: 303
Query scope: 304
Query scope: 305
Query scope: 306
Query scope: 307
Query scope: 308
Query scope: 309
Query scope: 310
Query scope: 311
Query scope: 312
Query scope: 313
Query scope: 314
Query scope: 315
Query scope: 316
Query scope: 317
Query scope: 318
Query scope: 319
Query scope: 320
Query scope: 321
Query scope: 322
Query scope: 323
Query scope: 324
Query scope: 325
Query scope: 326
Query scope: 327
Query scope: 328
Query scope: 329
Query scope: 330
Query scope: 331
Query scope: 332
Query scope: 333
Query scope: 334
Query scope: 335
Query scope: 336
Query scope: 337
Query scope: 338
Query scope: 339
Query scope: 340
Query scope: 341
Query scope: 342
Query scope: 343
Query scope: 344
Query scope: 345
Query scope: 346
Query scope: 347
Query scope: 348
Query scope: 349
Query scope: 350
Query scope: 351
Query scope: 352
Query scope: 353
Query scope: 354
Query scope: 355
Query scope: 356
Query scope: 357
Query scope: 358
Query scope: 359
Query scope: 360
Query scope: 361
Query scope: 362
Query scope: 363
Query scope: 364
Query scope: 365
Query scope: 366
Query scope: 367
Query scope: 368
Query scope: 369
Query scope: 370
Query scope: 371
Query scope: 372
Query scope: 373
Query scope: 374
Query scope: 375
Query scope: 376
Query scope: 377
Query scope: 378
Query scope: 379
Query scope: 380
Query scope: 381
Query scope: 382
Query scope: 383
Query scope: 384
Query scope: 385
Query scope: 386
Query scope: 387
Query scope: 388
Query scope: 389
Query scope: 390
Query scope: 391
Query scope: 392
Query scope: 393
Query scope: 394
Query scope: 395
Query scope: 396
Query scope: 397
Query scope: 398
Query scope: 399
Query scope: 400
Query scope: 401
Query scope: 402
Query scope: 403
Query scope: 404
Query scope: 405
Query scope: 406
Query scope: 407
Query scope: 408
Query scope: 409
Query scope: 410
Query scope: 411
Query scope: 412
Query scope: 413
Query scope: 414
Query scope: 415
Query scope: 416
Query scope: 417
Query scope: 418
Query scope: 419
Query scope: 420
Query scope: 421
Query scope: 422
Query scope: 423
Query scope: 424
Query scope: 425
Query scope: 426
Query scope: 427
Query scope: 428
Query scope: 429
Query scope: 430
Query scope: 431
Query scope: 432
Query scope: 433
Query scope: 434
Query scope: 435
Query scope: 436
Query scope: 437
Query scope: 438
Query scope: 439
Query scope: 440
Query scope: 441
Query scope: 442
Query scope: 443
Query scope: 444
Query scope: 445
Query scope: 446
Query scope: 447
Query scope: 448
Query scope: 449
Query scope: 450
Query scope: 451
Query scope: 452
Query scope: 453
Query scope: 454
Query scope: 455
Query scope: 456
Query scope: 457
Query scope: 458
Query scope: 459
Query scope: 460
Query scope: 461
Query scope: 462
Query scope: 463
Query scope: 464
Query scope: 465
Query scope: 466
Query scope: 467
Query scope: 468
Query scope: 469
Query scope: 470
Query scope: 471
Query scope: 472
Query scope: 473
Query scope: 474
Query scope: 475
Query scope: 476
Query scope: 477
Query scope: 478
Query scope: 479
Query scope: 480
Query scope: 481
Query scope: 482
Query scope: 483
Query scope: 484
Query scope: 485
Query scope: 486
Query scope: 487
Query scope: 488
Query scope: 489
Query scope: 490
Query scope: 491
Query scope: 492
Query scope: 493
Query scope: 494
Query scope: 495
Query scope: 496
Query scope: 497
Query scope: 498
Query scope: 499
Query scope: 500
Query scope: 501
Query scope: 502
Query scope: 503
Query scope: 504
Query scope: 505
Query scope: 717
Query scope: 718
Query scope: 719
Query scope: 720
Query scope: 721
Query scope: 722
----------------------------
IIS optimality: suboptimal
IIS solution time: 0.10572
IIS Constraint: 513; goods; {good:513}
IIS Constraint: 514; query; {good:512,query:9}
IIS Constraint: 516; max; {f:23.6937,objective:max}
