IIS generation
Instance: matching-512-1000-480000
----------------------------
Query: 2
Query element:470
Query scope: 470
----------------------------
IIS optimality: suboptimal
IIS solution time: 1197.39018
IIS Constraint: 2; goods; {good:2}
IIS Constraint: 6; goods; {good:6}
IIS Constraint: 10; goods; {good:10}
IIS Constraint: 13; goods; {good:13}
IIS Constraint: 14; goods; {good:14}
IIS Constraint: 17; goods; {good:17}
IIS Constraint: 18; goods; {good:18}
IIS Constraint: 21; goods; {good:21}
IIS Constraint: 22; goods; {good:22}
IIS Constraint: 25; goods; {good:25}
IIS Constraint: 26; goods; {good:26}
IIS Constraint: 29; goods; {good:29}
IIS Constraint: 30; goods; {good:30}
IIS Constraint: 34; goods; {good:34}
IIS Constraint: 55; goods; {good:55}
IIS Constraint: 91; goods; {good:91}
IIS Constraint: 96; goods; {good:96}
IIS Constraint: 156; goods; {good:156}
IIS Constraint: 187; goods; {good:187}
IIS Constraint: 199; goods; {good:199}
IIS Constraint: 203; goods; {good:203}
IIS Constraint: 205; goods; {good:205}
IIS Constraint: 209; goods; {good:209}
IIS Constraint: 213; goods; {good:213}
IIS Constraint: 217; goods; {good:217}
IIS Constraint: 245; goods; {good:245}
IIS Constraint: 247; goods; {good:247}
IIS Constraint: 283; goods; {good:283}
IIS Constraint: 336; goods; {good:336}
IIS Constraint: 388; goods; {good:388}
IIS Constraint: 393; goods; {good:393}
IIS Constraint: 397; goods; {good:397}
IIS Constraint: 401; goods; {good:401}
IIS Constraint: 405; goods; {good:405}
IIS Constraint: 409; goods; {good:409}
IIS Constraint: 413; goods; {good:413}
IIS Constraint: 417; goods; {good:417}
IIS Constraint: 419; goods; {good:419}
IIS Constraint: 427; goods; {good:427}
IIS Constraint: 433; goods; {good:433}
IIS Constraint: 436; goods; {good:436}
IIS Constraint: 441; goods; {good:441}
IIS Constraint: 444; goods; {good:444}
IIS Constraint: 448; goods; {good:448}
IIS Constraint: 449; goods; {good:449}
IIS Constraint: 464; goods; {good:464}
IIS Constraint: 469; goods; {good:469}
IIS Constraint: 473; goods; {good:473}
IIS Constraint: 477; goods; {good:477}
IIS Constraint: 481; goods; {good:481}
IIS Constraint: 512; goods; {good:512}
IIS Constraint: 513; goods; {good:513}
IIS Constraint: 514; goods; {good:514}
IIS Constraint: 515; goods; {good:515}
IIS Constraint: 516; goods; {good:516}
IIS Constraint: 517; goods; {good:517}
IIS Constraint: 518; goods; {good:518}
IIS Constraint: 519; goods; {good:519}
IIS Constraint: 520; goods; {good:520}
IIS Constraint: 521; goods; {good:521}
IIS Constraint: 522; goods; {good:522}
IIS Constraint: 523; goods; {good:523}
IIS Constraint: 524; goods; {good:524}
IIS Constraint: 525; goods; {good:525}
IIS Constraint: 527; goods; {good:527}
IIS Constraint: 528; goods; {good:528}
IIS Constraint: 529; goods; {good:529}
IIS Constraint: 530; goods; {good:530}
IIS Constraint: 531; goods; {good:531}
IIS Constraint: 532; goods; {good:532}
IIS Constraint: 533; goods; {good:533}
IIS Constraint: 534; goods; {good:534}
IIS Constraint: 535; goods; {good:535}
IIS Constraint: 537; goods; {good:537}
IIS Constraint: 538; goods; {good:538}
IIS Constraint: 539; goods; {good:539}
IIS Constraint: 540; goods; {good:540}
IIS Constraint: 541; goods; {good:541}
IIS Constraint: 542; goods; {good:542}
IIS Constraint: 543; goods; {good:543}
IIS Constraint: 544; goods; {good:544}
IIS Constraint: 546; goods; {good:546}
IIS Constraint: 547; goods; {good:547}
IIS Constraint: 548; goods; {good:548}
IIS Constraint: 549; goods; {good:549}
IIS Constraint: 550; goods; {good:550}
IIS Constraint: 551; goods; {good:551}
IIS Constraint: 552; goods; {good:552}
IIS Constraint: 553; goods; {good:553}
IIS Constraint: 554; goods; {good:554}
IIS Constraint: 555; goods; {good:555}
IIS Constraint: 556; goods; {good:556}
IIS Constraint: 557; goods; {good:557}
IIS Constraint: 558; goods; {good:558}
IIS Constraint: 559; goods; {good:559}
IIS Constraint: 560; goods; {good:560}
IIS Constraint: 561; goods; {good:561}
IIS Constraint: 562; goods; {good:562}
IIS Constraint: 563; goods; {good:563}
IIS Constraint: 564; goods; {good:564}
IIS Constraint: 565; goods; {good:565}
IIS Constraint: 567; goods; {good:567}
IIS Constraint: 569; goods; {good:569}
IIS Constraint: 570; goods; {good:570}
IIS Constraint: 571; goods; {good:571}
IIS Constraint: 572; goods; {good:572}
IIS Constraint: 573; goods; {good:573}
IIS Constraint: 574; goods; {good:574}
IIS Constraint: 575; goods; {good:575}
IIS Constraint: 576; goods; {good:576}
IIS Constraint: 577; goods; {good:577}
IIS Constraint: 578; goods; {good:578}
IIS Constraint: 579; goods; {good:579}
IIS Constraint: 580; goods; {good:580}
IIS Constraint: 581; goods; {good:581}
IIS Constraint: 582; goods; {good:582}
IIS Constraint: 583; goods; {good:583}
IIS Constraint: 584; goods; {good:584}
IIS Constraint: 585; goods; {good:585}
IIS Constraint: 586; goods; {good:586}
IIS Constraint: 587; goods; {good:587}
IIS Constraint: 588; goods; {good:588}
IIS Constraint: 589; goods; {good:589}
IIS Constraint: 590; goods; {good:590}
IIS Constraint: 591; goods; {good:591}
IIS Constraint: 592; goods; {good:592}
IIS Constraint: 593; goods; {good:593}
IIS Constraint: 594; goods; {good:594}
IIS Constraint: 595; goods; {good:595}
IIS Constraint: 596; goods; {good:596}
IIS Constraint: 597; goods; {good:597}
IIS Constraint: 598; goods; {good:598}
IIS Constraint: 599; goods; {good:599}
IIS Constraint: 601; goods; {good:601}
IIS Constraint: 602; goods; {good:602}
IIS Constraint: 603; goods; {good:603}
IIS Constraint: 604; goods; {good:604}
IIS Constraint: 606; goods; {good:606}
IIS Constraint: 607; goods; {good:607}
IIS Constraint: 608; goods; {good:608}
IIS Constraint: 610; goods; {good:610}
IIS Constraint: 612; goods; {good:612}
IIS Constraint: 613; query; {bid:470,query:2}
IIS Constraint: 614; max; {f:777.20407,objective:max}
