IIS generation
Instance: paths-512-1000-340000
----------------------------
Query: 3
Query element:982
Query element:963
Query scope: 982
Query scope: 963
----------------------------
IIS optimality: suboptimal
IIS solution time: 8325.10449
IIS Constraint: 0; goods; {good:0}
IIS Constraint: 1; goods; {good:1}
IIS Constraint: 4; goods; {good:4}
IIS Constraint: 6; goods; {good:6}
IIS Constraint: 9; goods; {good:9}
IIS Constraint: 12; goods; {good:12}
IIS Constraint: 13; goods; {good:13}
IIS Constraint: 14; goods; {good:14}
IIS Constraint: 15; goods; {good:15}
IIS Constraint: 21; goods; {good:21}
IIS Constraint: 22; goods; {good:22}
IIS Constraint: 23; goods; {good:23}
IIS Constraint: 26; goods; {good:26}
IIS Constraint: 29; goods; {good:29}
IIS Constraint: 30; goods; {good:30}
IIS Constraint: 31; goods; {good:31}
IIS Constraint: 32; goods; {good:32}
IIS Constraint: 33; goods; {good:33}
IIS Constraint: 34; goods; {good:34}
IIS Constraint: 35; goods; {good:35}
IIS Constraint: 36; goods; {good:36}
IIS Constraint: 40; goods; {good:40}
IIS Constraint: 41; goods; {good:41}
IIS Constraint: 42; goods; {good:42}
IIS Constraint: 55; goods; {good:55}
IIS Constraint: 56; goods; {good:56}
IIS Constraint: 57; goods; {good:57}
IIS Constraint: 59; goods; {good:59}
IIS Constraint: 60; goods; {good:60}
IIS Constraint: 62; goods; {good:62}
IIS Constraint: 64; goods; {good:64}
IIS Constraint: 65; goods; {good:65}
IIS Constraint: 66; goods; {good:66}
IIS Constraint: 67; goods; {good:67}
IIS Constraint: 68; goods; {good:68}
IIS Constraint: 74; goods; {good:74}
IIS Constraint: 76; goods; {good:76}
IIS Constraint: 77; goods; {good:77}
IIS Constraint: 78; goods; {good:78}
IIS Constraint: 82; goods; {good:82}
IIS Constraint: 84; goods; {good:84}
IIS Constraint: 85; goods; {good:85}
IIS Constraint: 92; goods; {good:92}
IIS Constraint: 93; goods; {good:93}
IIS Constraint: 99; goods; {good:99}
IIS Constraint: 100; goods; {good:100}
IIS Constraint: 101; goods; {good:101}
IIS Constraint: 103; goods; {good:103}
IIS Constraint: 107; goods; {good:107}
IIS Constraint: 108; goods; {good:108}
IIS Constraint: 109; goods; {good:109}
IIS Constraint: 110; goods; {good:110}
IIS Constraint: 117; goods; {good:117}
IIS Constraint: 122; goods; {good:122}
IIS Constraint: 124; goods; {good:124}
IIS Constraint: 128; goods; {good:128}
IIS Constraint: 129; goods; {good:129}
IIS Constraint: 131; goods; {good:131}
IIS Constraint: 132; goods; {good:132}
IIS Constraint: 141; goods; {good:141}
IIS Constraint: 144; goods; {good:144}
IIS Constraint: 145; goods; {good:145}
IIS Constraint: 149; goods; {good:149}
IIS Constraint: 150; goods; {good:150}
IIS Constraint: 152; goods; {good:152}
IIS Constraint: 153; goods; {good:153}
IIS Constraint: 154; goods; {good:154}
IIS Constraint: 155; goods; {good:155}
IIS Constraint: 164; goods; {good:164}
IIS Constraint: 167; goods; {good:167}
IIS Constraint: 168; goods; {good:168}
IIS Constraint: 169; goods; {good:169}
IIS Constraint: 170; goods; {good:170}
IIS Constraint: 172; goods; {good:172}
IIS Constraint: 173; goods; {good:173}
IIS Constraint: 179; goods; {good:179}
IIS Constraint: 181; goods; {good:181}
IIS Constraint: 182; goods; {good:182}
IIS Constraint: 183; goods; {good:183}
IIS Constraint: 184; goods; {good:184}
IIS Constraint: 186; goods; {good:186}
IIS Constraint: 187; goods; {good:187}
IIS Constraint: 188; goods; {good:188}
IIS Constraint: 189; goods; {good:189}
IIS Constraint: 191; goods; {good:191}
IIS Constraint: 200; goods; {good:200}
IIS Constraint: 201; goods; {good:201}
IIS Constraint: 202; goods; {good:202}
IIS Constraint: 204; goods; {good:204}
IIS Constraint: 205; goods; {good:205}
IIS Constraint: 206; goods; {good:206}
IIS Constraint: 210; goods; {good:210}
IIS Constraint: 211; goods; {good:211}
IIS Constraint: 215; goods; {good:215}
IIS Constraint: 218; goods; {good:218}
IIS Constraint: 219; goods; {good:219}
IIS Constraint: 220; goods; {good:220}
IIS Constraint: 224; goods; {good:224}
IIS Constraint: 225; goods; {good:225}
IIS Constraint: 226; goods; {good:226}
IIS Constraint: 232; goods; {good:232}
IIS Constraint: 233; goods; {good:233}
IIS Constraint: 237; goods; {good:237}
IIS Constraint: 238; goods; {good:238}
IIS Constraint: 243; goods; {good:243}
IIS Constraint: 244; goods; {good:244}
IIS Constraint: 245; goods; {good:245}
IIS Constraint: 248; goods; {good:248}
IIS Constraint: 249; goods; {good:249}
IIS Constraint: 250; goods; {good:250}
IIS Constraint: 251; goods; {good:251}
IIS Constraint: 252; goods; {good:252}
IIS Constraint: 253; goods; {good:253}
IIS Constraint: 254; goods; {good:254}
IIS Constraint: 265; goods; {good:265}
IIS Constraint: 267; goods; {good:267}
IIS Constraint: 268; goods; {good:268}
IIS Constraint: 272; goods; {good:272}
IIS Constraint: 276; goods; {good:276}
IIS Constraint: 283; goods; {good:283}
IIS Constraint: 286; goods; {good:286}
IIS Constraint: 291; goods; {good:291}
IIS Constraint: 299; goods; {good:299}
IIS Constraint: 300; goods; {good:300}
IIS Constraint: 301; goods; {good:301}
IIS Constraint: 302; goods; {good:302}
IIS Constraint: 311; goods; {good:311}
IIS Constraint: 314; goods; {good:314}
IIS Constraint: 322; goods; {good:322}
IIS Constraint: 325; goods; {good:325}
IIS Constraint: 329; goods; {good:329}
IIS Constraint: 332; goods; {good:332}
IIS Constraint: 334; goods; {good:334}
IIS Constraint: 336; goods; {good:336}
IIS Constraint: 337; goods; {good:337}
IIS Constraint: 342; goods; {good:342}
IIS Constraint: 343; goods; {good:343}
IIS Constraint: 350; goods; {good:350}
IIS Constraint: 369; goods; {good:369}
IIS Constraint: 375; goods; {good:375}
IIS Constraint: 383; goods; {good:383}
IIS Constraint: 388; goods; {good:388}
IIS Constraint: 397; goods; {good:397}
IIS Constraint: 400; goods; {good:400}
IIS Constraint: 402; goods; {good:402}
IIS Constraint: 403; goods; {good:403}
IIS Constraint: 415; goods; {good:415}
IIS Constraint: 417; goods; {good:417}
IIS Constraint: 421; goods; {good:421}
IIS Constraint: 427; goods; {good:427}
IIS Constraint: 428; goods; {good:428}
IIS Constraint: 430; goods; {good:430}
IIS Constraint: 443; goods; {good:443}
IIS Constraint: 446; goods; {good:446}
IIS Constraint: 450; goods; {good:450}
IIS Constraint: 452; goods; {good:452}
IIS Constraint: 457; goods; {good:457}
IIS Constraint: 463; goods; {good:463}
IIS Constraint: 486; goods; {good:486}
IIS Constraint: 488; goods; {good:488}
IIS Constraint: 498; goods; {good:498}
IIS Constraint: 500; goods; {good:500}
IIS Constraint: 510; goods; {good:510}
IIS Constraint: 536; goods; {good:536}
IIS Constraint: 537; goods; {good:537}
IIS Constraint: 545; goods; {good:545}
IIS Constraint: 549; goods; {good:549}
IIS Constraint: 618; goods; {good:618}
IIS Constraint: 649; goods; {good:649}
IIS Constraint: 659; goods; {good:659}
IIS Constraint: 1057; query; {bid:963,query:3}
IIS Constraint: 1058; max; {f:87.416087,objective:max}
