IIS generation
Instance: arbitrary-512-1000-930000
----------------------------
Query: 9
Query element:508
Query element:332
Query scope: 27
Query scope: 41
Query scope: 66
Query scope: 163
Query scope: 213
Query scope: 262
Query scope: 354
Query scope: 355
Query scope: 533
Query scope: 620
Query scope: 687
Query scope: 689
Query scope: 710
Query scope: 758
Query scope: 782
Query scope: 808
Query scope: 809
Query scope: 815
Query scope: 841
Query scope: 863
Query scope: 888
Query scope: 891
Query scope: 906
Query scope: 972
Query scope: 997
Query scope: 28
Query scope: 222
Query scope: 226
Query scope: 237
Query scope: 396
Query scope: 467
Query scope: 575
Query scope: 647
Query scope: 793
Query scope: 796
Query scope: 797
Query scope: 821
Query scope: 911
----------------------------
IIS optimality: optimal
IIS solution time: 36055.46704
