IIS generation
Instance: paths-512-1000-80000
----------------------------
Query: 2
Query element:539
Query scope: 539
----------------------------
IIS optimality: suboptimal
IIS solution time: 22671.60812
IIS Constraint: 2; goods; {good:2}
IIS Constraint: 8; goods; {good:8}
IIS Constraint: 18; goods; {good:18}
IIS Constraint: 19; goods; {good:19}
IIS Constraint: 20; goods; {good:20}
IIS Constraint: 23; goods; {good:23}
IIS Constraint: 26; goods; {good:26}
IIS Constraint: 27; goods; {good:27}
IIS Constraint: 28; goods; {good:28}
IIS Constraint: 29; goods; {good:29}
IIS Constraint: 33; goods; {good:33}
IIS Constraint: 34; goods; {good:34}
IIS Constraint: 35; goods; {good:35}
IIS Constraint: 38; goods; {good:38}
IIS Constraint: 39; goods; {good:39}
IIS Constraint: 44; goods; {good:44}
IIS Constraint: 45; goods; {good:45}
IIS Constraint: 47; goods; {good:47}
IIS Constraint: 48; goods; {good:48}
IIS Constraint: 50; goods; {good:50}
IIS Constraint: 51; goods; {good:51}
IIS Constraint: 52; goods; {good:52}
IIS Constraint: 53; goods; {good:53}
IIS Constraint: 55; goods; {good:55}
IIS Constraint: 68; goods; {good:68}
IIS Constraint: 69; goods; {good:69}
IIS Constraint: 70; goods; {good:70}
IIS Constraint: 71; goods; {good:71}
IIS Constraint: 75; goods; {good:75}
IIS Constraint: 77; goods; {good:77}
IIS Constraint: 80; goods; {good:80}
IIS Constraint: 83; goods; {good:83}
IIS Constraint: 85; goods; {good:85}
IIS Constraint: 87; goods; {good:87}
IIS Constraint: 88; goods; {good:88}
IIS Constraint: 89; goods; {good:89}
IIS Constraint: 93; goods; {good:93}
IIS Constraint: 94; goods; {good:94}
IIS Constraint: 100; goods; {good:100}
IIS Constraint: 102; goods; {good:102}
IIS Constraint: 103; goods; {good:103}
IIS Constraint: 104; goods; {good:104}
IIS Constraint: 105; goods; {good:105}
IIS Constraint: 107; goods; {good:107}
IIS Constraint: 108; goods; {good:108}
IIS Constraint: 112; goods; {good:112}
IIS Constraint: 113; goods; {good:113}
IIS Constraint: 118; goods; {good:118}
IIS Constraint: 126; goods; {good:126}
IIS Constraint: 129; goods; {good:129}
IIS Constraint: 133; goods; {good:133}
IIS Constraint: 134; goods; {good:134}
IIS Constraint: 138; goods; {good:138}
IIS Constraint: 139; goods; {good:139}
IIS Constraint: 140; goods; {good:140}
IIS Constraint: 141; goods; {good:141}
IIS Constraint: 147; goods; {good:147}
IIS Constraint: 151; goods; {good:151}
IIS Constraint: 154; goods; {good:154}
IIS Constraint: 155; goods; {good:155}
IIS Constraint: 156; goods; {good:156}
IIS Constraint: 158; goods; {good:158}
IIS Constraint: 160; goods; {good:160}
IIS Constraint: 161; goods; {good:161}
IIS Constraint: 162; goods; {good:162}
IIS Constraint: 163; goods; {good:163}
IIS Constraint: 164; goods; {good:164}
IIS Constraint: 168; goods; {good:168}
IIS Constraint: 169; goods; {good:169}
IIS Constraint: 171; goods; {good:171}
IIS Constraint: 180; goods; {good:180}
IIS Constraint: 181; goods; {good:181}
IIS Constraint: 182; goods; {good:182}
IIS Constraint: 183; goods; {good:183}
IIS Constraint: 189; goods; {good:189}
IIS Constraint: 191; goods; {good:191}
IIS Constraint: 192; goods; {good:192}
IIS Constraint: 193; goods; {good:193}
IIS Constraint: 198; goods; {good:198}
IIS Constraint: 199; goods; {good:199}
IIS Constraint: 203; goods; {good:203}
IIS Constraint: 205; goods; {good:205}
IIS Constraint: 206; goods; {good:206}
IIS Constraint: 208; goods; {good:208}
IIS Constraint: 210; goods; {good:210}
IIS Constraint: 213; goods; {good:213}
IIS Constraint: 214; goods; {good:214}
IIS Constraint: 218; goods; {good:218}
IIS Constraint: 219; goods; {good:219}
IIS Constraint: 232; goods; {good:232}
IIS Constraint: 233; goods; {good:233}
IIS Constraint: 238; goods; {good:238}
IIS Constraint: 239; goods; {good:239}
IIS Constraint: 241; goods; {good:241}
IIS Constraint: 243; goods; {good:243}
IIS Constraint: 245; goods; {good:245}
IIS Constraint: 246; goods; {good:246}
IIS Constraint: 247; goods; {good:247}
IIS Constraint: 249; goods; {good:249}
IIS Constraint: 251; goods; {good:251}
IIS Constraint: 253; goods; {good:253}
IIS Constraint: 254; goods; {good:254}
IIS Constraint: 256; goods; {good:256}
IIS Constraint: 257; goods; {good:257}
IIS Constraint: 258; goods; {good:258}
IIS Constraint: 262; goods; {good:262}
IIS Constraint: 263; goods; {good:263}
IIS Constraint: 268; goods; {good:268}
IIS Constraint: 272; goods; {good:272}
IIS Constraint: 273; goods; {good:273}
IIS Constraint: 279; goods; {good:279}
IIS Constraint: 281; goods; {good:281}
IIS Constraint: 295; goods; {good:295}
IIS Constraint: 296; goods; {good:296}
IIS Constraint: 298; goods; {good:298}
IIS Constraint: 302; goods; {good:302}
IIS Constraint: 308; goods; {good:308}
IIS Constraint: 320; goods; {good:320}
IIS Constraint: 322; goods; {good:322}
IIS Constraint: 328; goods; {good:328}
IIS Constraint: 332; goods; {good:332}
IIS Constraint: 333; goods; {good:333}
IIS Constraint: 339; goods; {good:339}
IIS Constraint: 341; goods; {good:341}
IIS Constraint: 356; goods; {good:356}
IIS Constraint: 358; goods; {good:358}
IIS Constraint: 360; goods; {good:360}
IIS Constraint: 361; goods; {good:361}
IIS Constraint: 373; goods; {good:373}
IIS Constraint: 403; goods; {good:403}
IIS Constraint: 415; goods; {good:415}
IIS Constraint: 417; goods; {good:417}
IIS Constraint: 427; goods; {good:427}
IIS Constraint: 432; goods; {good:432}
IIS Constraint: 440; goods; {good:440}
IIS Constraint: 445; goods; {good:445}
IIS Constraint: 452; goods; {good:452}
IIS Constraint: 461; goods; {good:461}
IIS Constraint: 466; goods; {good:466}
IIS Constraint: 468; goods; {good:468}
IIS Constraint: 473; goods; {good:473}
IIS Constraint: 487; goods; {good:487}
IIS Constraint: 488; goods; {good:488}
IIS Constraint: 489; goods; {good:489}
IIS Constraint: 491; goods; {good:491}
IIS Constraint: 502; goods; {good:502}
IIS Constraint: 507; goods; {good:507}
IIS Constraint: 508; goods; {good:508}
IIS Constraint: 511; goods; {good:511}
IIS Constraint: 517; goods; {good:517}
IIS Constraint: 522; goods; {good:522}
IIS Constraint: 532; goods; {good:532}
IIS Constraint: 537; goods; {good:537}
IIS Constraint: 556; goods; {good:556}
IIS Constraint: 571; goods; {good:571}
IIS Constraint: 572; goods; {good:572}
IIS Constraint: 587; goods; {good:587}
IIS Constraint: 621; goods; {good:621}
IIS Constraint: 629; goods; {good:629}
IIS Constraint: 640; goods; {good:640}
IIS Constraint: 653; goods; {good:653}
IIS Constraint: 675; goods; {good:675}
IIS Constraint: 931; query; {bid:539,query:2}
IIS Constraint: 932; max; {f:73.47564790000001,objective:max}
