IIS generation
Instance: paths-512-1000-950000
----------------------------
Query: 9
Query element:265
Query element:370
Query scope: 202
Query scope: 203
Query scope: 204
Query scope: 206
Query scope: 611
Query scope: 612
Query scope: 878
Query scope: 214
----------------------------
IIS optimality: suboptimal
IIS solution time: 26312.90987
IIS Constraint: 1; goods; {good:1}
IIS Constraint: 8; goods; {good:8}
IIS Constraint: 9; goods; {good:9}
IIS Constraint: 15; goods; {good:15}
IIS Constraint: 18; goods; {good:18}
IIS Constraint: 20; goods; {good:20}
IIS Constraint: 22; goods; {good:22}
IIS Constraint: 24; goods; {good:24}
IIS Constraint: 25; goods; {good:25}
IIS Constraint: 26; goods; {good:26}
IIS Constraint: 27; goods; {good:27}
IIS Constraint: 30; goods; {good:30}
IIS Constraint: 31; goods; {good:31}
IIS Constraint: 32; goods; {good:32}
IIS Constraint: 34; goods; {good:34}
IIS Constraint: 35; goods; {good:35}
IIS Constraint: 36; goods; {good:36}
IIS Constraint: 37; goods; {good:37}
IIS Constraint: 38; goods; {good:38}
IIS Constraint: 40; goods; {good:40}
IIS Constraint: 42; goods; {good:42}
IIS Constraint: 45; goods; {good:45}
IIS Constraint: 46; goods; {good:46}
IIS Constraint: 47; goods; {good:47}
IIS Constraint: 49; goods; {good:49}
IIS Constraint: 50; goods; {good:50}
IIS Constraint: 51; goods; {good:51}
IIS Constraint: 53; goods; {good:53}
IIS Constraint: 55; goods; {good:55}
IIS Constraint: 57; goods; {good:57}
IIS Constraint: 59; goods; {good:59}
IIS Constraint: 63; goods; {good:63}
IIS Constraint: 64; goods; {good:64}
IIS Constraint: 66; goods; {good:66}
IIS Constraint: 67; goods; {good:67}
IIS Constraint: 69; goods; {good:69}
IIS Constraint: 71; goods; {good:71}
IIS Constraint: 73; goods; {good:73}
IIS Constraint: 74; goods; {good:74}
IIS Constraint: 78; goods; {good:78}
IIS Constraint: 79; goods; {good:79}
IIS Constraint: 80; goods; {good:80}
IIS Constraint: 84; goods; {good:84}
IIS Constraint: 86; goods; {good:86}
IIS Constraint: 87; goods; {good:87}
IIS Constraint: 92; goods; {good:92}
IIS Constraint: 94; goods; {good:94}
IIS Constraint: 95; goods; {good:95}
IIS Constraint: 99; goods; {good:99}
IIS Constraint: 100; goods; {good:100}
IIS Constraint: 101; goods; {good:101}
IIS Constraint: 106; goods; {good:106}
IIS Constraint: 107; goods; {good:107}
IIS Constraint: 113; goods; {good:113}
IIS Constraint: 116; goods; {good:116}
IIS Constraint: 117; goods; {good:117}
IIS Constraint: 119; goods; {good:119}
IIS Constraint: 120; goods; {good:120}
IIS Constraint: 123; goods; {good:123}
IIS Constraint: 125; goods; {good:125}
IIS Constraint: 130; goods; {good:130}
IIS Constraint: 131; goods; {good:131}
IIS Constraint: 132; goods; {good:132}
IIS Constraint: 133; goods; {good:133}
IIS Constraint: 135; goods; {good:135}
IIS Constraint: 136; goods; {good:136}
IIS Constraint: 137; goods; {good:137}
IIS Constraint: 138; goods; {good:138}
IIS Constraint: 139; goods; {good:139}
IIS Constraint: 140; goods; {good:140}
IIS Constraint: 141; goods; {good:141}
IIS Constraint: 145; goods; {good:145}
IIS Constraint: 146; goods; {good:146}
IIS Constraint: 147; goods; {good:147}
IIS Constraint: 149; goods; {good:149}
IIS Constraint: 150; goods; {good:150}
IIS Constraint: 153; goods; {good:153}
IIS Constraint: 154; goods; {good:154}
IIS Constraint: 155; goods; {good:155}
IIS Constraint: 156; goods; {good:156}
IIS Constraint: 161; goods; {good:161}
IIS Constraint: 163; goods; {good:163}
IIS Constraint: 164; goods; {good:164}
IIS Constraint: 165; goods; {good:165}
IIS Constraint: 167; goods; {good:167}
IIS Constraint: 168; goods; {good:168}
IIS Constraint: 172; goods; {good:172}
IIS Constraint: 173; goods; {good:173}
IIS Constraint: 174; goods; {good:174}
IIS Constraint: 175; goods; {good:175}
IIS Constraint: 181; goods; {good:181}
IIS Constraint: 182; goods; {good:182}
IIS Constraint: 183; goods; {good:183}
IIS Constraint: 184; goods; {good:184}
IIS Constraint: 185; goods; {good:185}
IIS Constraint: 190; goods; {good:190}
IIS Constraint: 192; goods; {good:192}
IIS Constraint: 194; goods; {good:194}
IIS Constraint: 195; goods; {good:195}
IIS Constraint: 198; goods; {good:198}
IIS Constraint: 199; goods; {good:199}
IIS Constraint: 200; goods; {good:200}
IIS Constraint: 202; goods; {good:202}
IIS Constraint: 203; goods; {good:203}
IIS Constraint: 204; goods; {good:204}
IIS Constraint: 205; goods; {good:205}
IIS Constraint: 206; goods; {good:206}
IIS Constraint: 211; goods; {good:211}
IIS Constraint: 212; goods; {good:212}
IIS Constraint: 213; goods; {good:213}
IIS Constraint: 217; goods; {good:217}
IIS Constraint: 219; goods; {good:219}
IIS Constraint: 220; goods; {good:220}
IIS Constraint: 225; goods; {good:225}
IIS Constraint: 226; goods; {good:226}
IIS Constraint: 232; goods; {good:232}
IIS Constraint: 234; goods; {good:234}
IIS Constraint: 236; goods; {good:236}
IIS Constraint: 237; goods; {good:237}
IIS Constraint: 241; goods; {good:241}
IIS Constraint: 242; goods; {good:242}
IIS Constraint: 246; goods; {good:246}
IIS Constraint: 247; goods; {good:247}
IIS Constraint: 253; goods; {good:253}
IIS Constraint: 258; goods; {good:258}
IIS Constraint: 271; goods; {good:271}
IIS Constraint: 273; goods; {good:273}
IIS Constraint: 276; goods; {good:276}
IIS Constraint: 278; goods; {good:278}
IIS Constraint: 290; goods; {good:290}
IIS Constraint: 299; goods; {good:299}
IIS Constraint: 309; goods; {good:309}
IIS Constraint: 311; goods; {good:311}
IIS Constraint: 312; goods; {good:312}
IIS Constraint: 314; goods; {good:314}
IIS Constraint: 315; goods; {good:315}
IIS Constraint: 318; goods; {good:318}
IIS Constraint: 319; goods; {good:319}
IIS Constraint: 328; goods; {good:328}
IIS Constraint: 329; goods; {good:329}
IIS Constraint: 334; goods; {good:334}
IIS Constraint: 338; goods; {good:338}
IIS Constraint: 346; goods; {good:346}
IIS Constraint: 348; goods; {good:348}
IIS Constraint: 369; goods; {good:369}
IIS Constraint: 384; goods; {good:384}
IIS Constraint: 387; goods; {good:387}
IIS Constraint: 388; goods; {good:388}
IIS Constraint: 393; goods; {good:393}
IIS Constraint: 413; goods; {good:413}
IIS Constraint: 418; goods; {good:418}
IIS Constraint: 420; goods; {good:420}
IIS Constraint: 424; goods; {good:424}
IIS Constraint: 425; goods; {good:425}
IIS Constraint: 429; goods; {good:429}
IIS Constraint: 439; goods; {good:439}
IIS Constraint: 442; goods; {good:442}
IIS Constraint: 452; goods; {good:452}
IIS Constraint: 481; goods; {good:481}
IIS Constraint: 483; goods; {good:483}
IIS Constraint: 502; goods; {good:502}
IIS Constraint: 533; goods; {good:533}
IIS Constraint: 542; goods; {good:542}
IIS Constraint: 557; goods; {good:557}
IIS Constraint: 564; goods; {good:564}
IIS Constraint: 574; goods; {good:574}
IIS Constraint: 583; goods; {good:583}
IIS Constraint: 593; goods; {good:593}
IIS Constraint: 659; goods; {good:659}
IIS Constraint: 967; query; {good:265,query:9}
IIS Constraint: 968; query; {good:370,query:9}
IIS Constraint: 969; max; {f:85.837633,objective:max}
