IIS generation
Iter 1: 
Min Hitting Set: []
Min Correction Subset: [36]
Iter 2: 
Min Hitting Set: [36]
Min Correction Subset: [20]
Iter 3: 
Min Hitting Set: [20, 36]
Min Correction Subset: [15]
Iter 4: 
Min Hitting Set: [15, 20, 36]
Min Correction Subset: [29]
Iter 5: 
Min Hitting Set: [15, 20, 29, 36]
Min Correction Subset: [2]
Iter 6: 
Min Hitting Set: [2, 15, 20, 29, 36]
Min Correction Subset: [19]
Iter 7: 
Min Hitting Set: [2, 15, 19, 20, 29, 36]
Min Correction Subset: [11, 27]
Iter 8: 
Min Hitting Set: [2, 11, 15, 19, 20, 29, 36]
Min Correction Subset: [3, 28]
Iter 9: 
Min Hitting Set: [2, 3, 11, 15, 19, 20, 29, 36]
Min Correction Subset: [28, 35]
Iter 10: 
Min Hitting Set: [2, 11, 15, 19, 20, 28, 29, 36]
Min Correction Subset: [27, 35]
Iter 11: 
Min Hitting Set: [2, 15, 19, 20, 27, 28, 29, 36]
Min Correction Subset: [3, 11]
Iter 12: 
Min Hitting Set: [2, 3, 11, 15, 19, 20, 29, 35, 36]
Min Correction Subset: [23, 28]
Iter 13: 
Min Hitting Set: [2, 11, 15, 19, 20, 27, 28, 29, 36]
Min Correction Subset: [3, 35]
Iter 14: 
Min Hitting Set: [2, 3, 15, 19, 20, 27, 28, 29, 36]
Min Correction Subset: [24, 34]
Iter 15: 
Min Hitting Set: [2, 3, 15, 19, 20, 24, 27, 28, 29, 36]
Min Correction Subset: [11, 34]
Iter 16: 
Min Hitting Set: [2, 3, 15, 19, 20, 27, 28, 29, 34, 36]
Min Correction Subset: [11, 24]
Iter 17: 
Min Hitting Set: [2, 11, 15, 19, 20, 24, 28, 29, 35, 36]
Min Correction Subset: [3, 27]
Iter 18: 
Min Hitting Set: [2, 3, 11, 15, 19, 20, 24, 27, 28, 29, 36]
Min Correction Subset: [34, 35]
Iter 19: 
Min Hitting Set: [2, 3, 11, 15, 19, 20, 24, 28, 29, 35, 36]
Min Correction Subset: [27, 34]
Iter 20: 
Min Hitting Set: [2, 3, 11, 15, 19, 20, 27, 28, 29, 34, 36]
Min Correction Subset: [9, 24, 35]
Iter 21: 
Min Hitting Set: [2, 11, 15, 19, 20, 27, 28, 29, 34, 35, 36]
Min Correction Subset: [3, 24]
Optimal IIS
Instance: paths-24-50-490000
----------------------------
Query: 3
Query element:3
Query element:36
Query scope: 3
Query scope: 36
----------------------------
IIS optimality: suboptimal
IIS solution time: 440.388
IIS Constraint: 2; goods; {good:2}
IIS Constraint: 3; goods; {good:3}
IIS Constraint: 15; goods; {good:15}
IIS Constraint: 19; goods; {good:19}
IIS Constraint: 20; goods; {good:20}
IIS Constraint: 24; goods; {good:24}
IIS Constraint: 27; goods; {good:27}
IIS Constraint: 28; goods; {good:28}
IIS Constraint: 29; goods; {good:29}
IIS Constraint: 34; query; {bid:3,query:3}
IIS Constraint: 36; max; {f:8.796548300000001,objective:max}
