IIS generation
Iter 1: 
Min Hitting Set: []
Min Correction Subset: [39]
Iter 2: 
Min Hitting Set: [39]
Min Correction Subset: [18]
Iter 3: 
Min Hitting Set: [18, 39]
Min Correction Subset: [0]
Iter 4: 
Min Hitting Set: [0, 18, 39]
Min Correction Subset: [20]
Iter 5: 
Min Hitting Set: [0, 18, 20, 39]
Min Correction Subset: [4]
Iter 6: 
Min Hitting Set: [0, 4, 18, 20, 39]
Min Correction Subset: [22]
Iter 7: 
Min Hitting Set: [0, 4, 18, 20, 22, 39]
Min Correction Subset: [3]
Iter 8: 
Min Hitting Set: [0, 3, 4, 18, 20, 22, 39]
Min Correction Subset: [6]
Iter 9: 
Min Hitting Set: [0, 3, 4, 6, 18, 20, 22, 39]
Min Correction Subset: [23]
Iter 10: 
Min Hitting Set: [0, 3, 4, 6, 18, 20, 22, 23, 39]
Min Correction Subset: [16]
Iter 11: 
Min Hitting Set: [0, 3, 4, 6, 16, 18, 20, 22, 23, 39]
Min Correction Subset: [12]
Iter 12: 
Min Hitting Set: [0, 3, 4, 6, 12, 16, 18, 20, 22, 23, 39]
Min Correction Subset: [25]
Iter 13: 
Min Hitting Set: [0, 3, 4, 6, 12, 16, 18, 20, 22, 23, 25, 39]
Min Correction Subset: [38]
Iter 14: 
Min Hitting Set: [0, 3, 4, 6, 12, 16, 18, 20, 22, 23, 25, 38, 39]
Min Correction Subset: [14]
Iter 15: 
Min Hitting Set: [0, 3, 4, 6, 12, 14, 16, 18, 20, 22, 23, 25, 38, 39]
Min Correction Subset: [32]
Iter 16: 
Min Hitting Set: [0, 3, 4, 6, 12, 14, 16, 18, 20, 22, 23, 25, 32, 38, 39]
Min Correction Subset: [19]
Iter 17: 
Min Hitting Set: [0, 3, 4, 6, 12, 14, 16, 18, 19, 20, 22, 23, 25, 32, 38, 39]
Min Correction Subset: [1, 34]
Iter 18: 
Min Hitting Set: [0, 1, 3, 4, 6, 12, 14, 16, 18, 19, 20, 22, 23, 25, 32, 38, 39]
Min Correction Subset: [10, 36]
Iter 19: 
Min Hitting Set: [0, 1, 3, 4, 6, 10, 12, 14, 16, 18, 19, 20, 22, 23, 25, 32, 38, 39]
Min Correction Subset: [21, 29]
Iter 20: 
Min Hitting Set: [0, 1, 3, 4, 6, 10, 12, 14, 16, 18, 19, 20, 21, 22, 23, 25, 32, 38, 39]
Min Correction Subset: [8, 29]
Iter 21: 
Min Hitting Set: [0, 1, 3, 4, 6, 10, 12, 14, 16, 18, 19, 20, 22, 23, 25, 29, 32, 38, 39]
Min Correction Subset: [8, 31]
Iter 22: 
Min Hitting Set: [0, 1, 3, 4, 6, 8, 10, 12, 14, 16, 18, 19, 20, 22, 23, 25, 29, 32, 38, 39]
Min Correction Subset: [21, 31]
Iter 23: 
Min Hitting Set: [0, 1, 3, 4, 6, 8, 10, 12, 14, 16, 18, 19, 20, 21, 22, 23, 25, 32, 38, 39]
Min Correction Subset: [29, 34]
Iter 24: 
Min Hitting Set: [0, 3, 4, 6, 8, 10, 12, 14, 16, 18, 19, 20, 21, 22, 23, 25, 32, 34, 38, 39]
Min Correction Subset: [29, 36]
Iter 25: 
Min Hitting Set: [0, 3, 4, 6, 8, 12, 14, 16, 18, 19, 20, 21, 22, 23, 25, 32, 34, 36, 38, 39]
Min Correction Subset: [10, 29]
Iter 26: 
Min Hitting Set: [0, 3, 4, 6, 10, 12, 14, 16, 18, 19, 20, 22, 23, 25, 29, 31, 32, 34, 38, 39]
Min Correction Subset: [21, 36]
Iter 27: 
Min Hitting Set: [0, 3, 4, 6, 12, 14, 16, 18, 19, 20, 22, 23, 25, 29, 31, 32, 34, 36, 38, 39]
Min Correction Subset: [1, 21]
Iter 28: 
Min Hitting Set: [0, 1, 3, 4, 6, 12, 14, 16, 18, 19, 20, 22, 23, 25, 29, 31, 32, 36, 38, 39]
Min Correction Subset: [10, 21, 28]
Iter 29: 
Min Hitting Set: [0, 3, 4, 6, 10, 12, 14, 16, 18, 19, 20, 21, 22, 23, 25, 29, 31, 32, 34, 38, 39]
Min Correction Subset: [1, 36]
Optimal IIS
Instance: paths-24-50-230000
----------------------------
Query: 1
Query element:32
Query scope: 32
----------------------------
IIS optimality: suboptimal
IIS solution time: 934.764
IIS Constraint: 0; goods; {good:0}
IIS Constraint: 1; goods; {good:1}
IIS Constraint: 3; goods; {good:3}
IIS Constraint: 4; goods; {good:4}
IIS Constraint: 6; goods; {good:6}
IIS Constraint: 10; goods; {good:10}
IIS Constraint: 12; goods; {good:12}
IIS Constraint: 14; goods; {good:14}
IIS Constraint: 16; goods; {good:16}
IIS Constraint: 18; goods; {good:18}
IIS Constraint: 19; goods; {good:19}
IIS Constraint: 20; goods; {good:20}
IIS Constraint: 22; goods; {good:22}
IIS Constraint: 23; goods; {good:23}
IIS Constraint: 25; goods; {good:25}
IIS Constraint: 29; goods; {good:29}
IIS Constraint: 31; goods; {good:31}
IIS Constraint: 32; goods; {good:32}
IIS Constraint: 36; goods; {good:36}
IIS Constraint: 38; query; {bid:32,query:1}
IIS Constraint: 39; max; {f:7.834719000000001,objective:max}
