IIS generation
Iter 1: 
Min Hitting Set: []
Min Correction Subset: [36]
Iter 2: 
Min Hitting Set: [36]
Min Correction Subset: [12, 35]
Iter 3: 
Min Hitting Set: [12, 36]
Min Correction Subset: [17, 35]
Iter 4: 
Min Hitting Set: [35, 36]
Min Correction Subset: [1, 7, 14, 15]
Iter 5: 
Min Hitting Set: [1, 35, 36]
Min Correction Subset: [7, 13, 14, 15]
Iter 6: 
Min Hitting Set: [7, 35, 36]
Min Correction Subset: [1, 3, 20, 21]
Iter 7: 
Min Hitting Set: [1, 7, 35, 36]
Min Correction Subset: [12, 20, 22, 23]
Iter 8: 
Min Hitting Set: [7, 20, 35, 36]
Min Correction Subset: [1, 13, 16, 19]
Iter 9: 
Min Hitting Set: [1, 13, 20, 35, 36]
Min Correction Subset: [5, 7, 14, 15]
Iter 10: 
Min Hitting Set: [1, 7, 12, 35, 36]
Min Correction Subset: [4, 5, 10, 14, 19]
Iter 11: 
Min Hitting Set: [1, 12, 14, 35, 36]
Min Correction Subset: [7, 10, 20, 21, 34]
Iter 12: 
Min Hitting Set: [14, 19, 20, 35, 36]
Min Correction Subset: [0, 12, 16, 21, 23]
Iter 13: 
Min Hitting Set: [14, 16, 20, 35, 36]
Min Correction Subset: [0, 7, 13, 17, 21]
Iter 14: 
Min Hitting Set: [14, 19, 20, 21, 35, 36]
Min Correction Subset: [3, 13, 15, 23, 28]
Iter 15: 
Min Hitting Set: [14, 16, 21, 23, 35, 36]
Min Correction Subset: [1, 7, 12, 20]
Iter 16: 
Min Hitting Set: [1, 14, 21, 23, 35, 36]
Min Correction Subset: [4, 12, 16, 17, 19]
Iter 17: 
Min Hitting Set: [15, 19, 20, 21, 35, 36]
Min Correction Subset: [5, 7, 11, 14]
Iter 18: 
Min Hitting Set: [12, 13, 14, 17, 21, 36]
Min Correction Subset: [34, 35]
Iter 19: 
Min Hitting Set: [3, 7, 12, 19, 35, 36]
Min Correction Subset: [5, 13, 14, 16, 23]
Iter 20: 
Min Hitting Set: [3, 7, 19, 23, 35, 36]
Min Correction Subset: [1, 5, 13, 14, 32]
Iter 21: 
Min Hitting Set: [12, 13, 14, 20, 35, 36]
Min Correction Subset: [3, 15, 16, 23, 28]
Iter 22: 
Min Hitting Set: [13, 14, 16, 20, 35, 36]
Min Correction Subset: [4, 5, 10, 15, 19, 23]
Iter 23: 
Min Hitting Set: [1, 7, 19, 23, 35, 36]
Min Correction Subset: [3, 4, 9, 14, 15]
Iter 24: 
Min Hitting Set: [1, 4, 7, 23, 35, 36]
Min Correction Subset: [3, 5, 13, 14, 15]
Iter 25: 
Min Hitting Set: [14, 19, 20, 21, 23, 35, 36]
Min Correction Subset: [3, 4, 7, 11, 13, 15]
Iter 26: 
Min Hitting Set: [13, 14, 19, 20, 23, 35, 36]
Min Correction Subset: [1, 3, 4, 10, 11, 15]
Iter 27: 
Min Hitting Set: [4, 7, 13, 20, 23, 35, 36]
Min Correction Subset: [1, 3, 14, 17, 21]
Iter 28: 
Min Hitting Set: [4, 13, 14, 20, 23, 35, 36]
Min Correction Subset: [0, 3, 7, 15, 17, 21]
Iter 29: 
Min Hitting Set: [1, 4, 7, 14, 23, 35, 36]
Min Correction Subset: [5, 8, 9, 10, 13, 16, 20, 21]
Iter 30: 
Min Hitting Set: [4, 7, 13, 21, 23, 35, 36]
Min Correction Subset: [1, 5, 9, 14, 17, 32]
Iter 31: 
Min Hitting Set: [12, 13, 14, 15, 21, 35, 36]
Min Correction Subset: [9, 16, 17, 20, 23]
Iter 32: 
Min Hitting Set: [7, 14, 15, 16, 20, 35, 36]
Min Correction Subset: [1, 4, 5, 10, 11, 19, 33]
Iter 33: 
Min Hitting Set: [1, 4, 7, 13, 23, 35, 36]
Min Correction Subset: [3, 9, 11, 12, 15, 16, 17, 18, 21, 22]
Iter 34: 
Min Hitting Set: [1, 4, 14, 21, 23, 35, 36]
Min Correction Subset: [5, 7, 11, 12, 13, 16, 17, 18]
Iter 35: 
Min Hitting Set: [5, 12, 15, 16, 21, 35, 36]
Min Correction Subset: [1, 3, 7, 14]
Iter 36: 
Min Hitting Set: [1, 7, 14, 16, 23, 35, 36]
Min Correction Subset: [3, 4, 5, 10, 15, 19]
Iter 37: 
Min Hitting Set: [3, 5, 7, 16, 23, 35, 36]
Min Correction Subset: [1, 4, 10, 11, 13, 14]
Iter 38: 
Min Hitting Set: [1, 5, 12, 15, 17, 34, 36]
Min Correction Subset: [14, 35]
Iter 39: 
Min Hitting Set: [4, 14, 17, 19, 20, 23, 35, 36]
Min Correction Subset: [2, 5, 7, 9, 10, 12, 13, 16]
Iter 40: 
Min Hitting Set: [14, 15, 16, 19, 20, 21, 35, 36]
Min Correction Subset: [1, 4, 5, 9, 10, 11, 17, 33]
Iter 41: 
Min Hitting Set: [4, 14, 16, 20, 21, 23, 35, 36]
Min Correction Subset: [1, 3, 5, 9, 13, 15, 17]
Iter 42: 
Min Hitting Set: [4, 14, 16, 17, 20, 23, 35, 36]
Min Correction Subset: [0, 3, 7, 8, 10, 12, 13, 18]
Optimal IIS
Instance: arbitrary-24-50-150000
----------------------------
Query: 3
Query element:14
Query element:38
Query scope: 14
Query scope: 38
----------------------------
IIS optimality: suboptimal
IIS solution time: 4807.181
IIS Constraint: 4; goods; {good:4}
IIS Constraint: 13; goods; {good:13}
IIS Constraint: 14; goods; {good:14}
IIS Constraint: 20; goods; {good:20}
IIS Constraint: 21; goods; {good:21}
IIS Constraint: 23; goods; {good:23}
IIS Constraint: 35; query; {bid:38,query:3}
IIS Constraint: 36; max; {f:1374.689,objective:max}
