IIS generation
Iter 1: 
Min Hitting Set: []
Min Correction Subset: [34]
Iter 2: 
Min Hitting Set: [34]
Min Correction Subset: [33]
Iter 3: 
Min Hitting Set: [33, 34]
Min Correction Subset: [9, 12, 13]
Iter 4: 
Min Hitting Set: [9, 33, 34]
Min Correction Subset: [5, 6, 10, 14]
Iter 5: 
Min Hitting Set: [5, 9, 33, 34]
Min Correction Subset: [6, 10, 13, 14]
Iter 6: 
Min Hitting Set: [10, 13, 33, 34]
Min Correction Subset: [0, 4, 5, 9]
Iter 7: 
Min Hitting Set: [9, 10, 33, 34]
Min Correction Subset: [0, 1, 4, 5, 26]
Iter 8: 
Min Hitting Set: [5, 13, 33, 34]
Min Correction Subset: [9, 10, 14, 19, 32]
Iter 9: 
Min Hitting Set: [5, 9, 13, 33, 34]
Min Correction Subset: [6, 10, 14, 19, 32]
Iter 10: 
Min Hitting Set: [5, 9, 10, 33, 34]
Min Correction Subset: [0, 1, 4, 7, 11, 13, 19]
Iter 11: 
Min Hitting Set: [5, 10, 13, 33, 34]
Min Correction Subset: [0, 1, 4, 9, 19]
Iter 12: 
Min Hitting Set: [0, 9, 10, 33, 34]
Min Correction Subset: [4, 5, 6, 7, 11]
Iter 13: 
Min Hitting Set: [4, 9, 10, 33, 34]
Min Correction Subset: [1, 3, 5, 7, 11, 19]
Optimal IIS
Instance: regions-24-50-70000
----------------------------
Query: 7
Query element:23
Query scope: 27
Query scope: 28
----------------------------
IIS optimality: suboptimal
IIS solution time: 1013.393
IIS Constraint: 5; goods; {good:5}
IIS Constraint: 13; goods; {good:13}
IIS Constraint: 19; goods; {good:19}
IIS Constraint: 33; query; {good:23,query:7}
IIS Constraint: 34; max; {f:1476.0281,objective:max}
