IIS generation
Iter 1: 
Min Hitting Set: []
Min Correction Subset: [38]
Iter 2: 
Min Hitting Set: [38]
Min Correction Subset: [12]
Iter 3: 
Min Hitting Set: [12, 38]
Min Correction Subset: [30]
Iter 4: 
Min Hitting Set: [12, 30, 38]
Min Correction Subset: [3, 10]
Iter 5: 
Min Hitting Set: [3, 12, 30, 38]
Min Correction Subset: [4, 29]
Iter 6: 
Min Hitting Set: [3, 4, 12, 30, 38]
Min Correction Subset: [29, 36]
Iter 7: 
Min Hitting Set: [3, 12, 29, 30, 38]
Min Correction Subset: [4, 10]
Iter 8: 
Min Hitting Set: [10, 12, 29, 30, 38]
Min Correction Subset: [4, 20]
Iter 9: 
Min Hitting Set: [4, 10, 12, 29, 30, 38]
Min Correction Subset: [20, 37]
Iter 10: 
Min Hitting Set: [10, 12, 20, 29, 30, 38]
Min Correction Subset: [4, 17]
Iter 11: 
Min Hitting Set: [4, 10, 12, 20, 29, 30, 38]
Min Correction Subset: [36, 37]
Iter 12: 
Min Hitting Set: [4, 10, 12, 30, 36, 37, 38]
Min Correction Subset: [27, 29]
Iter 13: 
Min Hitting Set: [4, 10, 12, 29, 30, 37, 38]
Min Correction Subset: [5, 20, 25]
Iter 14: 
Min Hitting Set: [4, 10, 12, 20, 29, 30, 36, 38]
Min Correction Subset: [8, 22, 27]
Iter 15: 
Min Hitting Set: [4, 10, 12, 20, 27, 30, 36, 38]
Min Correction Subset: [29, 37]
Iter 16: 
Min Hitting Set: [4, 10, 12, 20, 27, 29, 30, 36, 38]
Min Correction Subset: [5, 8, 22]
Iter 17: 
Min Hitting Set: [4, 10, 12, 20, 22, 29, 30, 36, 38]
Min Correction Subset: [5, 8, 37]
Iter 18: 
Min Hitting Set: [4, 8, 10, 12, 20, 29, 30, 36, 38]
Min Correction Subset: [2, 3, 25]
Iter 19: 
Min Hitting Set: [3, 4, 8, 12, 20, 29, 30, 36, 38]
Min Correction Subset: [10, 27]
Iter 20: 
Min Hitting Set: [4, 8, 10, 12, 25, 29, 30, 37, 38]
Min Correction Subset: [0, 22, 27]
Iter 21: 
Min Hitting Set: [4, 10, 12, 22, 25, 29, 30, 37, 38]
Min Correction Subset: [8, 20, 27]
Iter 22: 
Min Hitting Set: [3, 4, 5, 12, 27, 30, 36, 37, 38]
Min Correction Subset: [10, 20]
Iter 23: 
Min Hitting Set: [4, 10, 12, 22, 25, 27, 29, 30, 37, 38]
Min Correction Subset: [5, 8, 20]
Iter 24: 
Min Hitting Set: [3, 4, 12, 20, 22, 27, 29, 30, 37, 38]
Min Correction Subset: [2, 8, 25]
Iter 25: 
Min Hitting Set: [4, 10, 12, 20, 22, 25, 29, 30, 37, 38]
Min Correction Subset: [8, 27, 36]
Iter 26: 
Min Hitting Set: [4, 5, 10, 12, 25, 27, 29, 30, 37, 38]
Min Correction Subset: [0, 20, 22]
Iter 27: 
Min Hitting Set: [3, 4, 8, 12, 20, 27, 29, 30, 37, 38]
Min Correction Subset: [2, 10, 25]
Iter 28: 
Min Hitting Set: [4, 8, 10, 12, 22, 25, 29, 30, 37, 38]
Min Correction Subset: [3, 27, 28, 36]
Iter 29: 
Min Hitting Set: [4, 10, 12, 20, 22, 25, 29, 30, 36, 37, 38]
Min Correction Subset: [5, 8, 27]
Iter 30: 
Min Hitting Set: [4, 10, 12, 20, 22, 25, 27, 30, 36, 37, 38]
Min Correction Subset: [5, 8, 29]
Iter 31: 
Min Hitting Set: [4, 10, 12, 20, 22, 25, 27, 29, 30, 37, 38]
Min Correction Subset: [5, 8, 9, 36]
Iter 32: 
Min Hitting Set: [3, 4, 8, 10, 12, 22, 25, 29, 30, 37, 38]
Min Correction Subset: [5, 19, 20, 36]
Iter 33: 
Min Hitting Set: [3, 4, 5, 8, 10, 12, 22, 29, 30, 37, 38]
Min Correction Subset: [2, 20, 25]
Iter 34: 
Min Hitting Set: [4, 8, 10, 12, 22, 25, 29, 30, 36, 37, 38]
Min Correction Subset: [5, 9, 20, 28]
Iter 35: 
Min Hitting Set: [4, 5, 10, 12, 20, 25, 27, 29, 30, 36, 38]
Min Correction Subset: [3, 8, 22]
Iter 36: 
Min Hitting Set: [4, 8, 10, 12, 20, 25, 27, 30, 36, 37, 38]
Min Correction Subset: [5, 22, 29]
Iter 37: 
Min Hitting Set: [4, 8, 10, 12, 20, 25, 27, 29, 30, 37, 38]
Min Correction Subset: [3, 5, 22]
Iter 38: 
Min Hitting Set: [4, 8, 10, 12, 20, 22, 25, 29, 30, 36, 38]
Min Correction Subset: [19, 26, 37]
Iter 39: 
Min Hitting Set: [4, 5, 10, 12, 22, 25, 27, 30, 36, 37, 38]
Min Correction Subset: [0, 8, 20]
Iter 40: 
Min Hitting Set: [3, 4, 5, 12, 20, 25, 27, 30, 36, 37, 38]
Min Correction Subset: [10, 29]
Iter 41: 
Min Hitting Set: [3, 4, 5, 12, 20, 25, 27, 29, 30, 37, 38]
Min Correction Subset: [8, 10, 36]
Iter 42: 
Min Hitting Set: [3, 4, 8, 10, 12, 20, 27, 29, 30, 37, 38]
Min Correction Subset: [2, 9, 25]
Iter 43: 
Min Hitting Set: [3, 4, 8, 12, 20, 25, 27, 29, 30, 37, 38]
Min Correction Subset: [0, 10, 22]
Iter 44: 
Min Hitting Set: [4, 10, 12, 20, 22, 25, 27, 29, 30, 36, 37, 38]
Min Correction Subset: [3, 5, 8, 26]
Iter 45: 
Min Hitting Set: [4, 8, 10, 12, 20, 22, 25, 29, 30, 36, 37, 38]
Min Correction Subset: [3, 9, 27, 28]
Iter 46: 
Min Hitting Set: [4, 8, 10, 12, 20, 22, 25, 27, 30, 36, 37, 38]
Min Correction Subset: [3, 28, 29]
Iter 47: 
Min Hitting Set: [4, 8, 10, 12, 20, 22, 25, 27, 29, 30, 37, 38]
Min Correction Subset: [3, 9, 28, 36]
Optimal IIS
Instance: paths-24-50-350000
----------------------------
Query: 9
Query element:6
Query element:7
Query scope: 3
Query scope: 11
Query scope: 28
Query scope: 40
Query scope: 10
Query scope: 21
----------------------------
IIS optimality: suboptimal
IIS solution time: 2446.913
IIS Constraint: 0; goods; {good:0}
IIS Constraint: 4; goods; {good:4}
IIS Constraint: 5; goods; {good:5}
IIS Constraint: 8; goods; {good:8}
IIS Constraint: 10; goods; {good:10}
IIS Constraint: 12; goods; {good:12}
IIS Constraint: 25; goods; {good:25}
IIS Constraint: 28; goods; {good:28}
IIS Constraint: 29; goods; {good:29}
IIS Constraint: 30; goods; {good:30}
IIS Constraint: 37; query; {good:7,query:9}
IIS Constraint: 38; max; {f:7.7026449,objective:max}
