IIS generation
Iter 1: 
Min Hitting Set: []
Min Correction Subset: [39]
Iter 2: 
Min Hitting Set: [39]
Min Correction Subset: [9]
Iter 3: 
Min Hitting Set: [9, 39]
Min Correction Subset: [23]
Iter 4: 
Min Hitting Set: [9, 23, 39]
Min Correction Subset: [27]
Iter 5: 
Min Hitting Set: [9, 23, 27, 39]
Min Correction Subset: [32]
Iter 6: 
Min Hitting Set: [9, 23, 27, 32, 39]
Min Correction Subset: [13]
Iter 7: 
Min Hitting Set: [9, 13, 23, 27, 32, 39]
Min Correction Subset: [11]
Iter 8: 
Min Hitting Set: [9, 11, 13, 23, 27, 32, 39]
Min Correction Subset: [3]
Iter 9: 
Min Hitting Set: [3, 9, 11, 13, 23, 27, 32, 39]
Min Correction Subset: [38]
Iter 10: 
Min Hitting Set: [3, 9, 11, 13, 23, 27, 32, 38, 39]
Min Correction Subset: [31]
Iter 11: 
Min Hitting Set: [3, 9, 11, 13, 23, 27, 31, 32, 38, 39]
Min Correction Subset: [4]
Iter 12: 
Min Hitting Set: [3, 4, 9, 11, 13, 23, 27, 31, 32, 38, 39]
Min Correction Subset: [8, 34]
Iter 13: 
Min Hitting Set: [3, 4, 8, 9, 11, 13, 23, 27, 31, 32, 38, 39]
Min Correction Subset: [0, 22, 34]
Optimal IIS
Instance: paths-24-50-760000
----------------------------
Query: 7
Query element:5
Query scope: 1
Query scope: 5
Query scope: 7
Query scope: 19
Query scope: 30
Query scope: 36
Query scope: 40
Query scope: 47
----------------------------
IIS optimality: suboptimal
IIS solution time: 61.158
IIS Constraint: 3; goods; {good:3}
IIS Constraint: 4; goods; {good:4}
IIS Constraint: 9; goods; {good:9}
IIS Constraint: 11; goods; {good:11}
IIS Constraint: 13; goods; {good:13}
IIS Constraint: 23; goods; {good:23}
IIS Constraint: 27; goods; {good:27}
IIS Constraint: 31; goods; {good:31}
IIS Constraint: 32; goods; {good:32}
IIS Constraint: 34; goods; {good:34}
IIS Constraint: 38; query; {good:5,query:7}
IIS Constraint: 39; max; {f:7.491185,objective:max}
