IIS generation
Iter 1: 
Min Hitting Set: []
Min Correction Subset: [46]
Iter 2: 
Min Hitting Set: [46]
Min Correction Subset: [34]
Iter 3: 
Min Hitting Set: [34, 46]
Min Correction Subset: [0]
Iter 4: 
Min Hitting Set: [0, 34, 46]
Min Correction Subset: [45]
Iter 5: 
Min Hitting Set: [0, 34, 45, 46]
Min Correction Subset: [20]
Iter 6: 
Min Hitting Set: [0, 20, 34, 45, 46]
Min Correction Subset: [17, 37]
Iter 7: 
Min Hitting Set: [0, 17, 20, 34, 45, 46]
Min Correction Subset: [9, 37]
Iter 8: 
Min Hitting Set: [0, 20, 34, 37, 45, 46]
Min Correction Subset: [9, 44]
Iter 9: 
Min Hitting Set: [0, 9, 20, 34, 37, 45, 46]
Min Correction Subset: [17, 44]
Iter 10: 
Min Hitting Set: [0, 9, 17, 20, 34, 45, 46]
Min Correction Subset: [13, 37]
Iter 11: 
Min Hitting Set: [0, 20, 34, 37, 44, 45, 46]
Min Correction Subset: [1, 24]
Iter 12: 
Min Hitting Set: [0, 1, 20, 34, 37, 44, 45, 46]
Min Correction Subset: [5, 24]
Iter 13: 
Min Hitting Set: [0, 20, 24, 34, 37, 44, 45, 46]
Min Correction Subset: [2, 5]
Iter 14: 
Min Hitting Set: [0, 5, 20, 24, 34, 37, 44, 45, 46]
Min Correction Subset: [13, 21, 33]
Iter 15: 
Min Hitting Set: [0, 5, 9, 13, 17, 20, 24, 34, 45, 46]
Min Correction Subset: [21, 37]
Iter 16: 
Min Hitting Set: [0, 5, 13, 20, 24, 34, 37, 44, 45, 46]
Min Correction Subset: [15, 21, 33]
Optimal IIS
Instance: matching-24-50-530000
----------------------------
Query: 7
Query element:27
Query scope: 7
Query scope: 8
Query scope: 9
Query scope: 10
Query scope: 11
Query scope: 12
----------------------------
IIS optimality: suboptimal
IIS solution time: 837.497
IIS Constraint: 0; goods; {good:0}
IIS Constraint: 5; goods; {good:5}
IIS Constraint: 20; goods; {good:20}
IIS Constraint: 21; goods; {good:21}
IIS Constraint: 24; goods; {good:24}
IIS Constraint: 34; goods; {good:34}
IIS Constraint: 37; goods; {good:37}
IIS Constraint: 44; goods; {good:44}
IIS Constraint: 45; query; {good:27,query:7}
IIS Constraint: 46; max; {f:28.74325,objective:max}
