IIS generation
Iter 1: 
Min Hitting Set: []
Min Correction Subset: [35]
Iter 2: 
Min Hitting Set: [35]
Min Correction Subset: [21]
Iter 3: 
Min Hitting Set: [21, 35]
Min Correction Subset: [34]
Iter 4: 
Min Hitting Set: [21, 34, 35]
Min Correction Subset: [0, 14]
Iter 5: 
Min Hitting Set: [0, 21, 34, 35]
Min Correction Subset: [7, 11]
Iter 6: 
Min Hitting Set: [0, 7, 21, 34, 35]
Min Correction Subset: [10, 13]
Iter 7: 
Min Hitting Set: [0, 7, 10, 21, 34, 35]
Min Correction Subset: [19, 32]
Iter 8: 
Min Hitting Set: [0, 7, 10, 19, 21, 34, 35]
Min Correction Subset: [15, 23]
Iter 9: 
Min Hitting Set: [0, 7, 10, 15, 19, 21, 34, 35]
Min Correction Subset: [11, 23]
Iter 10: 
Min Hitting Set: [0, 10, 11, 19, 21, 23, 34, 35]
Min Correction Subset: [7, 15]
Iter 11: 
Min Hitting Set: [0, 10, 11, 15, 19, 21, 34, 35]
Min Correction Subset: [2, 13]
Iter 12: 
Min Hitting Set: [0, 11, 13, 15, 19, 21, 34, 35]
Min Correction Subset: [12, 14, 27]
Iter 13: 
Min Hitting Set: [11, 13, 14, 15, 19, 21, 34, 35]
Min Correction Subset: [0, 9]
Iter 14: 
Min Hitting Set: [0, 11, 13, 14, 15, 19, 21, 34, 35]
Min Correction Subset: [1, 5, 12]
Iter 15: 
Min Hitting Set: [0, 11, 12, 13, 15, 19, 21, 34, 35]
Min Correction Subset: [2, 5, 32]
Iter 16: 
Min Hitting Set: [0, 11, 12, 13, 15, 21, 32, 34, 35]
Min Correction Subset: [6, 18, 23]
Iter 17: 
Min Hitting Set: [0, 7, 12, 13, 21, 23, 32, 34, 35]
Min Correction Subset: [15, 18, 27]
Iter 18: 
Min Hitting Set: [0, 11, 12, 13, 15, 18, 21, 32, 34, 35]
Min Correction Subset: [2, 7, 14]
Iter 19: 
Min Hitting Set: [0, 7, 12, 13, 15, 21, 23, 32, 34, 35]
Min Correction Subset: [10, 11, 18]
Iter 20: 
Min Hitting Set: [0, 7, 12, 13, 18, 21, 23, 32, 34, 35]
Min Correction Subset: [2, 11, 15]
Iter 21: 
Min Hitting Set: [0, 7, 12, 13, 15, 18, 21, 23, 32, 34, 35]
Min Correction Subset: [10, 11, 19]
Iter 22: 
Min Hitting Set: [0, 7, 11, 12, 13, 15, 18, 21, 32, 34, 35]
Min Correction Subset: [1, 5, 23, 27]
Iter 23: 
Min Hitting Set: [0, 2, 7, 12, 13, 18, 19, 21, 23, 34, 35]
Min Correction Subset: [1, 10, 15]
Iter 24: 
Min Hitting Set: [0, 2, 7, 10, 12, 21, 23, 27, 32, 34, 35]
Min Correction Subset: [13, 16]
Iter 25: 
Min Hitting Set: [0, 11, 12, 13, 14, 15, 21, 23, 32, 34, 35]
Min Correction Subset: [2, 7, 19]
Iter 26: 
Min Hitting Set: [0, 2, 11, 12, 13, 15, 21, 23, 32, 34, 35]
Min Correction Subset: [7, 18, 19]
Iter 27: 
Min Hitting Set: [0, 7, 10, 12, 13, 15, 21, 23, 32, 34, 35]
Min Correction Subset: [2, 5, 9, 19]
Iter 28: 
Min Hitting Set: [0, 5, 11, 13, 14, 15, 19, 21, 23, 34, 35]
Min Correction Subset: [2, 7, 18]
Iter 29: 
Min Hitting Set: [0, 2, 11, 12, 13, 15, 19, 21, 23, 34, 35]
Min Correction Subset: [1, 5, 7, 27]
Iter 30: 
Min Hitting Set: [0, 5, 11, 13, 14, 15, 18, 19, 21, 34, 35]
Min Correction Subset: [2, 7, 32]
Iter 31: 
Min Hitting Set: [0, 2, 7, 10, 12, 13, 21, 23, 27, 32, 34, 35]
Min Correction Subset: [11, 15, 18]
Iter 32: 
Min Hitting Set: [0, 2, 7, 10, 12, 13, 15, 21, 23, 32, 34, 35]
Min Correction Subset: [3, 14, 18, 19]
Iter 33: 
Min Hitting Set: [0, 2, 7, 10, 12, 13, 15, 19, 21, 23, 34, 35]
Min Correction Subset: [5, 9, 11, 20]
Iter 34: 
Min Hitting Set: [0, 5, 7, 10, 12, 13, 15, 19, 21, 23, 34, 35]
Min Correction Subset: [2, 11, 32]
Iter 35: 
Min Hitting Set: [0, 1, 7, 11, 13, 19, 21, 23, 27, 32, 34, 35]
Min Correction Subset: [10, 15, 18]
Iter 36: 
Min Hitting Set: [0, 2, 11, 12, 13, 15, 19, 21, 23, 27, 34, 35]
Min Correction Subset: [1, 5, 7, 14]
Iter 37: 
Min Hitting Set: [0, 1, 2, 11, 12, 13, 15, 19, 21, 23, 34, 35]
Min Correction Subset: [5, 7, 10, 18]
Iter 38: 
Min Hitting Set: [0, 5, 7, 11, 12, 13, 15, 18, 21, 32, 34, 35]
Min Correction Subset: [3, 10, 16, 19]
Iter 39: 
Min Hitting Set: [0, 2, 5, 11, 12, 13, 15, 19, 21, 23, 34, 35]
Min Correction Subset: [3, 7, 14, 17, 18]
Iter 40: 
Min Hitting Set: [0, 2, 7, 11, 12, 13, 15, 19, 21, 23, 34, 35]
Min Correction Subset: [1, 5, 9, 10]
Iter 41: 
Min Hitting Set: [0, 5, 7, 11, 12, 13, 15, 19, 21, 23, 34, 35]
Min Correction Subset: [1, 2, 14, 20]
Iter 42: 
Min Hitting Set: [0, 5, 11, 13, 14, 15, 18, 19, 21, 32, 34, 35]
Min Correction Subset: [2, 9, 17, 23]
Iter 43: 
Min Hitting Set: [0, 2, 5, 11, 13, 14, 15, 19, 21, 23, 34, 35]
Min Correction Subset: [3, 10, 12, 18]
Iter 44: 
Min Hitting Set: [0, 5, 7, 10, 13, 14, 15, 21, 23, 32, 34, 35]
Min Correction Subset: [1, 12, 19]
Iter 45: 
Min Hitting Set: [5, 7, 9, 11, 13, 14, 15, 18, 19, 21, 34, 35]
Min Correction Subset: [0, 1, 10, 20]
Iter 46: 
Min Hitting Set: [7, 9, 10, 12, 13, 14, 15, 21, 23, 32, 34, 35]
Min Correction Subset: [0, 11]
Iter 47: 
Min Hitting Set: [0, 1, 2, 11, 13, 14, 15, 18, 19, 21, 34, 35]
Min Correction Subset: [5, 7, 12]
Iter 48: 
Min Hitting Set: [0, 2, 5, 11, 13, 14, 15, 18, 19, 21, 34, 35]
Min Correction Subset: [6, 7, 20, 22, 23]
Optimal IIS
Instance: arbitrary-24-50-650000
----------------------------
Query: 10
Query element:25
Query element:20
Query scope: 8
----------------------------
IIS optimality: suboptimal
IIS solution time: 8193.065
IIS Constraint: 0; goods; {good:0}
IIS Constraint: 2; goods; {good:2}
IIS Constraint: 5; goods; {good:5}
IIS Constraint: 11; goods; {good:11}
IIS Constraint: 12; goods; {good:12}
IIS Constraint: 13; goods; {good:13}
IIS Constraint: 14; goods; {good:14}
IIS Constraint: 15; goods; {good:15}
IIS Constraint: 19; goods; {good:19}
IIS Constraint: 21; goods; {good:21}
IIS Constraint: 23; goods; {good:23}
IIS Constraint: 34; query; {goods:[25,20],query:10}
IIS Constraint: 35; max; {f:1560.078,objective:max}
