IIS generation
Iter 1: 
Min Hitting Set: []
Min Correction Subset: [34]
Iter 2: 
Min Hitting Set: [34]
Min Correction Subset: [2]
Iter 3: 
Min Hitting Set: [2, 34]
Min Correction Subset: [12]
Iter 4: 
Min Hitting Set: [2, 12, 34]
Min Correction Subset: [4]
Iter 5: 
Min Hitting Set: [2, 4, 12, 34]
Min Correction Subset: [33]
Iter 6: 
Min Hitting Set: [2, 4, 12, 33, 34]
Min Correction Subset: [5, 22]
Iter 7: 
Min Hitting Set: [2, 4, 5, 12, 33, 34]
Min Correction Subset: [8, 23]
Iter 8: 
Min Hitting Set: [2, 4, 5, 8, 12, 33, 34]
Min Correction Subset: [16, 23]
Iter 9: 
Min Hitting Set: [2, 4, 5, 12, 23, 33, 34]
Min Correction Subset: [8, 18]
Iter 10: 
Min Hitting Set: [2, 4, 5, 8, 12, 23, 33, 34]
Min Correction Subset: [6, 19]
Iter 11: 
Min Hitting Set: [2, 4, 5, 6, 8, 12, 23, 33, 34]
Min Correction Subset: [17, 20]
Iter 12: 
Min Hitting Set: [2, 4, 5, 6, 8, 12, 17, 23, 33, 34]
Min Correction Subset: [1, 18]
Iter 13: 
Min Hitting Set: [2, 4, 5, 6, 12, 17, 18, 23, 33, 34]
Min Correction Subset: [0, 9]
Iter 14: 
Min Hitting Set: [0, 2, 4, 5, 6, 12, 17, 18, 23, 33, 34]
Min Correction Subset: [8, 9]
Iter 15: 
Min Hitting Set: [2, 4, 5, 6, 9, 12, 17, 18, 23, 33, 34]
Min Correction Subset: [20, 22]
Iter 16: 
Min Hitting Set: [2, 4, 6, 9, 12, 18, 20, 22, 23, 33, 34]
Min Correction Subset: [8, 17]
Iter 17: 
Min Hitting Set: [2, 4, 6, 9, 12, 17, 18, 22, 23, 33, 34]
Min Correction Subset: [5, 14]
Iter 18: 
Min Hitting Set: [2, 4, 5, 6, 9, 12, 17, 18, 20, 23, 33, 34]
Min Correction Subset: [0, 22]
Iter 19: 
Min Hitting Set: [0, 2, 4, 5, 6, 8, 12, 18, 20, 23, 33, 34]
Min Correction Subset: [9, 17]
Iter 20: 
Min Hitting Set: [2, 4, 5, 6, 9, 12, 17, 18, 22, 23, 33, 34]
Min Correction Subset: [0, 8, 32]
Iter 21: 
Min Hitting Set: [0, 2, 4, 5, 6, 8, 9, 12, 18, 20, 23, 33, 34]
Min Correction Subset: [16, 17]
Iter 22: 
Min Hitting Set: [2, 4, 5, 6, 8, 9, 12, 16, 18, 20, 22, 33, 34]
Min Correction Subset: [0, 17]
Iter 23: 
Min Hitting Set: [0, 2, 4, 5, 6, 9, 12, 17, 18, 22, 23, 33, 34]
Min Correction Subset: [3, 15, 16]
Iter 24: 
Min Hitting Set: [2, 4, 5, 6, 8, 9, 12, 16, 17, 18, 22, 33, 34]
Min Correction Subset: [13, 20, 23]
Iter 25: 
Min Hitting Set: [0, 2, 4, 5, 6, 8, 12, 16, 17, 18, 20, 33, 34]
Min Correction Subset: [22, 23, 25]
Optimal IIS
Instance: arbitrary-24-50-740000
----------------------------
Query: 1
Query element:49
Query scope: 49
----------------------------
IIS optimality: suboptimal
IIS solution time: 4189.469
IIS Constraint: 0; goods; {good:0}
IIS Constraint: 2; goods; {good:2}
IIS Constraint: 4; goods; {good:4}
IIS Constraint: 5; goods; {good:5}
IIS Constraint: 6; goods; {good:6}
IIS Constraint: 9; goods; {good:9}
IIS Constraint: 12; goods; {good:12}
IIS Constraint: 16; goods; {good:16}
IIS Constraint: 17; goods; {good:17}
IIS Constraint: 18; goods; {good:18}
IIS Constraint: 22; goods; {good:22}
IIS Constraint: 23; goods; {good:23}
IIS Constraint: 33; query; {bid:49,query:1}
IIS Constraint: 34; max; {f:1407.3346999999999,objective:max}
