IIS generation
Iter 1: 
Min Hitting Set: []
Min Correction Subset: [36]
Iter 2: 
Min Hitting Set: [36]
Min Correction Subset: [13]
Iter 3: 
Min Hitting Set: [13, 36]
Min Correction Subset: [9]
Iter 4: 
Min Hitting Set: [9, 13, 36]
Min Correction Subset: [5]
Iter 5: 
Min Hitting Set: [5, 9, 13, 36]
Min Correction Subset: [21]
Iter 6: 
Min Hitting Set: [5, 9, 13, 21, 36]
Min Correction Subset: [1]
Iter 7: 
Min Hitting Set: [1, 5, 9, 13, 21, 36]
Min Correction Subset: [17]
Iter 8: 
Min Hitting Set: [1, 5, 9, 13, 17, 21, 36]
Min Correction Subset: [35]
Optimal IIS
Instance: matching-24-50-620000
----------------------------
Query: 1
Query element:10
Query scope: 10
----------------------------
IIS optimality: suboptimal
IIS solution time: 227.553
IIS Constraint: 1; goods; {good:1}
IIS Constraint: 5; goods; {good:5}
IIS Constraint: 9; goods; {good:9}
IIS Constraint: 13; goods; {good:13}
IIS Constraint: 17; goods; {good:17}
IIS Constraint: 21; goods; {good:21}
IIS Constraint: 35; query; {bid:10,query:1}
IIS Constraint: 36; max; {f:66.6808,objective:max}
