IIS generation
Iter 1: 
Min Hitting Set: []
Min Correction Subset: [35]
Iter 2: 
Min Hitting Set: [35]
Min Correction Subset: [12]
Iter 3: 
Min Hitting Set: [12, 35]
Min Correction Subset: [34]
Iter 4: 
Min Hitting Set: [12, 34, 35]
Min Correction Subset: [7]
Iter 5: 
Min Hitting Set: [7, 12, 34, 35]
Min Correction Subset: [22]
Iter 6: 
Min Hitting Set: [7, 12, 22, 34, 35]
Min Correction Subset: [21]
Iter 7: 
Min Hitting Set: [7, 12, 21, 22, 34, 35]
Min Correction Subset: [11]
Iter 8: 
Min Hitting Set: [7, 11, 12, 21, 22, 34, 35]
Min Correction Subset: [14]
Iter 9: 
Min Hitting Set: [7, 11, 12, 14, 21, 22, 34, 35]
Min Correction Subset: [16, 31]
Iter 10: 
Min Hitting Set: [7, 11, 12, 14, 16, 21, 22, 34, 35]
Min Correction Subset: [6, 8]
Iter 11: 
Min Hitting Set: [6, 7, 11, 12, 14, 16, 21, 22, 34, 35]
Min Correction Subset: [2, 31]
Iter 12: 
Min Hitting Set: [6, 7, 11, 12, 14, 21, 22, 31, 34, 35]
Min Correction Subset: [0, 30]
Iter 13: 
Min Hitting Set: [0, 6, 7, 11, 12, 14, 21, 22, 31, 34, 35]
Min Correction Subset: [1, 3]
Iter 14: 
Min Hitting Set: [0, 1, 6, 7, 11, 12, 14, 21, 22, 31, 34, 35]
Min Correction Subset: [16, 33]
Iter 15: 
Min Hitting Set: [0, 1, 6, 7, 11, 12, 14, 16, 21, 22, 31, 34, 35]
Min Correction Subset: [2, 19]
Iter 16: 
Min Hitting Set: [0, 1, 2, 6, 7, 11, 12, 14, 16, 21, 22, 34, 35]
Min Correction Subset: [8, 31]
Iter 17: 
Min Hitting Set: [0, 1, 2, 7, 8, 11, 12, 14, 16, 21, 22, 34, 35]
Min Correction Subset: [3, 31]
Iter 18: 
Min Hitting Set: [0, 2, 3, 7, 8, 11, 12, 14, 16, 21, 22, 34, 35]
Min Correction Subset: [1, 6]
Iter 19: 
Min Hitting Set: [0, 1, 2, 6, 7, 11, 12, 14, 16, 21, 22, 31, 34, 35]
Min Correction Subset: [3, 8, 19]
Iter 20: 
Min Hitting Set: [0, 2, 3, 6, 7, 11, 12, 14, 16, 21, 22, 31, 34, 35]
Min Correction Subset: [4, 18, 19]
Iter 21: 
Min Hitting Set: [0, 1, 6, 7, 11, 12, 14, 16, 19, 21, 22, 31, 34, 35]
Min Correction Subset: [4, 18, 24]
Iter 22: 
Min Hitting Set: [0, 2, 3, 4, 6, 7, 11, 12, 14, 16, 21, 22, 31, 34, 35]
Min Correction Subset: [1, 13, 20]
Iter 23: 
Min Hitting Set: [0, 1, 2, 4, 7, 8, 11, 12, 14, 16, 21, 22, 31, 34, 35]
Min Correction Subset: [6, 19]
Iter 24: 
Min Hitting Set: [0, 1, 4, 7, 8, 11, 12, 14, 16, 19, 21, 22, 31, 34, 35]
Min Correction Subset: [3, 6]
Iter 25: 
Min Hitting Set: [0, 1, 4, 6, 7, 11, 12, 14, 16, 19, 21, 22, 31, 34, 35]
Min Correction Subset: [3, 9, 18]
Iter 26: 
Min Hitting Set: [0, 1, 6, 7, 11, 12, 14, 16, 18, 19, 21, 22, 31, 34, 35]
Min Correction Subset: [4, 13, 20]
Optimal IIS
Instance: arbitrary-24-50-890000
----------------------------
Query: 7
Query element:5
Query scope: 3
Query scope: 5
Query scope: 6
Query scope: 7
Query scope: 9
Query scope: 10
Query scope: 11
Query scope: 13
Query scope: 21
Query scope: 26
Query scope: 28
Query scope: 37
Query scope: 41
Query scope: 44
Query scope: 46
----------------------------
IIS optimality: suboptimal
IIS solution time: 2857.285
IIS Constraint: 0; goods; {good:0}
IIS Constraint: 1; goods; {good:1}
IIS Constraint: 4; goods; {good:4}
IIS Constraint: 6; goods; {good:6}
IIS Constraint: 7; goods; {good:7}
IIS Constraint: 11; goods; {good:11}
IIS Constraint: 12; goods; {good:12}
IIS Constraint: 14; goods; {good:14}
IIS Constraint: 16; goods; {good:16}
IIS Constraint: 18; goods; {good:18}
IIS Constraint: 19; goods; {good:19}
IIS Constraint: 21; goods; {good:21}
IIS Constraint: 22; goods; {good:22}
IIS Constraint: 31; goods; {good:31}
IIS Constraint: 34; query; {good:5,query:7}
IIS Constraint: 35; max; {f:1382.0959,objective:max}
