IIS generation
Iter 1: 
Min Hitting Set: []
Min Correction Subset: [34]
Iter 2: 
Min Hitting Set: [34]
Min Correction Subset: [33]
Iter 3: 
Min Hitting Set: [33, 34]
Min Correction Subset: [6, 9, 10]
Iter 4: 
Min Hitting Set: [6, 33, 34]
Min Correction Subset: [9, 10, 16, 26]
Iter 5: 
Min Hitting Set: [9, 33, 34]
Min Correction Subset: [6, 7, 10, 11]
Iter 6: 
Min Hitting Set: [10, 33, 34]
Min Correction Subset: [6, 9, 26]
Optimal IIS
Instance: regions-24-50-230000
----------------------------
Query: 2
Query element:14
Query scope: 14
----------------------------
IIS optimality: suboptimal
IIS solution time: 320.674
IIS Constraint: 6; goods; {good:6}
IIS Constraint: 9; goods; {good:9}
IIS Constraint: 33; query; {bid:14,query:2}
IIS Constraint: 34; max; {f:1372.4518,objective:max}
