IIS generation
Iter 1: 
Min Hitting Set: []
Min Correction Subset: [33]
Iter 2: 
Min Hitting Set: [33]
Min Correction Subset: [32]
Iter 3: 
Min Hitting Set: [32, 33]
Min Correction Subset: [13, 14]
Iter 4: 
Min Hitting Set: [13, 32, 33]
Min Correction Subset: [6, 7]
Iter 5: 
Min Hitting Set: [6, 13, 32, 33]
Min Correction Subset: [12, 14]
Iter 6: 
Min Hitting Set: [6, 14, 32, 33]
Min Correction Subset: [0, 13]
Iter 7: 
Min Hitting Set: [6, 13, 14, 32, 33]
Min Correction Subset: [10, 11, 22]
Iter 8: 
Min Hitting Set: [6, 10, 13, 14, 32, 33]
Min Correction Subset: [1, 17, 19]
Iter 9: 
Min Hitting Set: [1, 6, 10, 13, 14, 32, 33]
Min Correction Subset: [17, 19, 21, 22]
Iter 10: 
Min Hitting Set: [6, 13, 14, 19, 22, 32, 33]
Min Correction Subset: [3, 7, 10, 11]
Iter 11: 
Min Hitting Set: [7, 11, 13, 14, 19, 32, 33]
Min Correction Subset: [5, 6, 10]
Optimal IIS
Instance: regions-24-50-430000
----------------------------
Query: 10
Query element:1
Query element:24
Query scope: 0
----------------------------
IIS optimality: suboptimal
IIS solution time: 522.727
IIS Constraint: 6; goods; {good:6}
IIS Constraint: 10; goods; {good:10}
IIS Constraint: 13; goods; {good:13}
IIS Constraint: 14; goods; {good:14}
IIS Constraint: 19; goods; {good:19}
IIS Constraint: 32; query; {goods:[1,24],query:10}
IIS Constraint: 33; max; {f:1445.6656,objective:max}
