IIS generation
Iter 1: 
Min Hitting Set: []
Min Correction Subset: [39]
Iter 2: 
Min Hitting Set: [39]
Min Correction Subset: [21]
Iter 3: 
Min Hitting Set: [21, 39]
Min Correction Subset: [17]
Iter 4: 
Min Hitting Set: [17, 21, 39]
Min Correction Subset: [1]
Iter 5: 
Min Hitting Set: [1, 17, 21, 39]
Min Correction Subset: [0]
Iter 6: 
Min Hitting Set: [0, 1, 17, 21, 39]
Min Correction Subset: [2]
Iter 7: 
Min Hitting Set: [0, 1, 2, 17, 21, 39]
Min Correction Subset: [11]
Iter 8: 
Min Hitting Set: [0, 1, 2, 11, 17, 21, 39]
Min Correction Subset: [13]
Iter 9: 
Min Hitting Set: [0, 1, 2, 11, 13, 17, 21, 39]
Min Correction Subset: [20]
Iter 10: 
Min Hitting Set: [0, 1, 2, 11, 13, 17, 20, 21, 39]
Min Correction Subset: [9]
Iter 11: 
Min Hitting Set: [0, 1, 2, 9, 11, 13, 17, 20, 21, 39]
Min Correction Subset: [38]
Iter 12: 
Min Hitting Set: [0, 1, 2, 9, 11, 13, 17, 20, 21, 38, 39]
Min Correction Subset: [25]
Iter 13: 
Min Hitting Set: [0, 1, 2, 9, 11, 13, 17, 20, 21, 25, 38, 39]
Min Correction Subset: [5, 32]
Iter 14: 
Min Hitting Set: [0, 1, 2, 5, 9, 11, 13, 17, 20, 21, 25, 38, 39]
Min Correction Subset: [15, 32]
Iter 15: 
Min Hitting Set: [0, 1, 2, 9, 11, 13, 17, 20, 21, 25, 32, 38, 39]
Min Correction Subset: [5, 30]
Optimal IIS
Instance: matching-24-50-710000
----------------------------
Query: 10
Query element:28
Query element:4
Query scope: 15
----------------------------
IIS optimality: suboptimal
IIS solution time: 436.743
IIS Constraint: 0; goods; {good:0}
IIS Constraint: 1; goods; {good:1}
IIS Constraint: 2; goods; {good:2}
IIS Constraint: 5; goods; {good:5}
IIS Constraint: 9; goods; {good:9}
IIS Constraint: 11; goods; {good:11}
IIS Constraint: 13; goods; {good:13}
IIS Constraint: 17; goods; {good:17}
IIS Constraint: 20; goods; {good:20}
IIS Constraint: 21; goods; {good:21}
IIS Constraint: 25; goods; {good:25}
IIS Constraint: 32; goods; {good:32}
IIS Constraint: 38; query; {goods:[28,4],query:10}
IIS Constraint: 39; max; {f:90.46349000000001,objective:max}
