IIS generation
Iter 1: 
Min Hitting Set: []
Min Correction Subset: [38]
Iter 2: 
Min Hitting Set: [38]
Min Correction Subset: [13]
Iter 3: 
Min Hitting Set: [13, 38]
Min Correction Subset: [9]
Iter 4: 
Min Hitting Set: [9, 13, 38]
Min Correction Subset: [0]
Iter 5: 
Min Hitting Set: [0, 9, 13, 38]
Min Correction Subset: [20]
Iter 6: 
Min Hitting Set: [0, 9, 13, 20, 38]
Min Correction Subset: [32]
Iter 7: 
Min Hitting Set: [0, 9, 13, 20, 32, 38]
Min Correction Subset: [37]
Iter 8: 
Min Hitting Set: [0, 9, 13, 20, 32, 37, 38]
Min Correction Subset: [27]
Iter 9: 
Min Hitting Set: [0, 9, 13, 20, 27, 32, 37, 38]
Min Correction Subset: [17, 23]
Iter 10: 
Min Hitting Set: [0, 9, 13, 17, 20, 27, 32, 37, 38]
Min Correction Subset: [1, 16]
Iter 11: 
Min Hitting Set: [0, 1, 9, 13, 17, 20, 27, 32, 37, 38]
Min Correction Subset: [3, 5]
Iter 12: 
Min Hitting Set: [0, 1, 3, 9, 13, 17, 20, 27, 32, 37, 38]
Min Correction Subset: [4, 21]
Iter 13: 
Min Hitting Set: [0, 1, 3, 4, 9, 13, 17, 20, 27, 32, 37, 38]
Min Correction Subset: [2, 5, 35]
Optimal IIS
Instance: matching-24-50-790000
----------------------------
Query: 8
Query element:10
Query scope: 43
Query scope: 44
----------------------------
IIS optimality: suboptimal
IIS solution time: 1287.256
IIS Constraint: 0; goods; {good:0}
IIS Constraint: 1; goods; {good:1}
IIS Constraint: 4; goods; {good:4}
IIS Constraint: 5; goods; {good:5}
IIS Constraint: 9; goods; {good:9}
IIS Constraint: 13; goods; {good:13}
IIS Constraint: 17; goods; {good:17}
IIS Constraint: 20; goods; {good:20}
IIS Constraint: 27; goods; {good:27}
IIS Constraint: 32; goods; {good:32}
IIS Constraint: 37; query; {good:10,query:8}
IIS Constraint: 38; max; {f:57.229600000000005,objective:max}
