IIS generation
Iter 1: 
Min Hitting Set: []
Min Correction Subset: [34]
Iter 2: 
Min Hitting Set: [34]
Min Correction Subset: [19]
Iter 3: 
Min Hitting Set: [19, 34]
Min Correction Subset: [33]
Iter 4: 
Min Hitting Set: [19, 33, 34]
Min Correction Subset: [7, 22]
Iter 5: 
Min Hitting Set: [7, 19, 33, 34]
Min Correction Subset: [1, 22]
Iter 6: 
Min Hitting Set: [19, 22, 33, 34]
Min Correction Subset: [0, 7]
Iter 7: 
Min Hitting Set: [7, 19, 22, 33, 34]
Min Correction Subset: [15, 18]
Iter 8: 
Min Hitting Set: [7, 15, 19, 22, 33, 34]
Min Correction Subset: [0, 2, 17, 18]
Iter 9: 
Min Hitting Set: [0, 18, 19, 22, 33, 34]
Min Correction Subset: [7, 8]
Iter 10: 
Min Hitting Set: [7, 18, 19, 22, 33, 34]
Min Correction Subset: [1, 12, 15, 17]
Iter 11: 
Min Hitting Set: [1, 7, 18, 19, 33, 34]
Min Correction Subset: [11, 22]
Iter 12: 
Min Hitting Set: [7, 15, 17, 19, 22, 33, 34]
Min Correction Subset: [0, 1, 12, 18, 32]
Optimal IIS
Instance: arbitrary-24-50-660000
----------------------------
Query: 2
Query element:32
Query scope: 32
----------------------------
IIS optimality: suboptimal
IIS solution time: 215.697
IIS Constraint: 7; goods; {good:7}
IIS Constraint: 15; goods; {good:15}
IIS Constraint: 18; goods; {good:18}
IIS Constraint: 19; goods; {good:19}
IIS Constraint: 22; goods; {good:22}
IIS Constraint: 33; query; {bid:32,query:2}
IIS Constraint: 34; max; {f:1392.0710000000001,objective:max}
