IIS generation
Iter 1: 
Min Hitting Set: []
Min Correction Subset: [34]
Iter 2: 
Min Hitting Set: [34]
Min Correction Subset: [33]
Iter 3: 
Min Hitting Set: [33, 34]
Min Correction Subset: [16]
Iter 4: 
Min Hitting Set: [16, 33, 34]
Min Correction Subset: [4, 14]
Iter 5: 
Min Hitting Set: [4, 16, 33, 34]
Min Correction Subset: [1, 14]
Iter 6: 
Min Hitting Set: [14, 16, 33, 34]
Min Correction Subset: [4, 21]
Iter 7: 
Min Hitting Set: [4, 14, 16, 33, 34]
Min Correction Subset: [8, 19]
Iter 8: 
Min Hitting Set: [4, 8, 14, 16, 33, 34]
Min Correction Subset: [19, 21]
Iter 9: 
Min Hitting Set: [4, 14, 16, 19, 33, 34]
Min Correction Subset: [1, 21, 23]
Iter 10: 
Min Hitting Set: [1, 4, 16, 19, 33, 34]
Min Correction Subset: [14, 21]
Iter 11: 
Min Hitting Set: [14, 16, 19, 21, 33, 34]
Min Correction Subset: [4, 20]
Iter 12: 
Min Hitting Set: [1, 4, 14, 16, 19, 33, 34]
Min Correction Subset: [5, 11, 20]
Iter 13: 
Min Hitting Set: [14, 16, 19, 20, 21, 33, 34]
Min Correction Subset: [4, 17]
Iter 14: 
Min Hitting Set: [1, 4, 14, 16, 19, 20, 33, 34]
Min Correction Subset: [3, 6, 21]
Iter 15: 
Min Hitting Set: [4, 8, 14, 16, 20, 21, 33, 34]
Min Correction Subset: [5, 11, 19]
Iter 16: 
Min Hitting Set: [4, 11, 14, 16, 19, 21, 33, 34]
Min Correction Subset: [0, 5, 18, 29]
Iter 17: 
Min Hitting Set: [4, 5, 8, 14, 16, 21, 33, 34]
Min Correction Subset: [12, 18, 19]
Iter 18: 
Min Hitting Set: [4, 5, 14, 16, 19, 21, 33, 34]
Min Correction Subset: [8, 11, 15, 18]
Optimal IIS
Instance: arbitrary-24-50-40000
----------------------------
Query: 10
Query element:14
Query element:10
Query scope: 1
Query scope: 3
Query scope: 6
Query scope: 7
Query scope: 8
Query scope: 9
Query scope: 10
Query scope: 12
Query scope: 18
Query scope: 19
Query scope: 34
Query scope: 35
Query scope: 36
Query scope: 38
Query scope: 39
----------------------------
IIS optimality: suboptimal
IIS solution time: 2607.596
IIS Constraint: 4; goods; {good:4}
IIS Constraint: 5; goods; {good:5}
IIS Constraint: 11; goods; {good:11}
IIS Constraint: 14; goods; {good:14}
IIS Constraint: 16; goods; {good:16}
IIS Constraint: 19; goods; {good:19}
IIS Constraint: 21; goods; {good:21}
IIS Constraint: 33; query; {goods:[14,10],query:10}
IIS Constraint: 34; max; {f:1503.89,objective:max}
