IIS generation
Iter 1: 
Min Hitting Set: []
Min Correction Subset: [8]
Iter 2: 
Min Hitting Set: [8]
Min Correction Subset: [40]
Iter 3: 
Min Hitting Set: [8, 40]
Min Correction Subset: [5]
Iter 4: 
Min Hitting Set: [5, 8, 40]
Min Correction Subset: [39]
Iter 5: 
Min Hitting Set: [5, 8, 39, 40]
Min Correction Subset: [2, 22]
Iter 6: 
Min Hitting Set: [2, 5, 8, 39, 40]
Min Correction Subset: [1, 22]
Iter 7: 
Min Hitting Set: [5, 8, 22, 39, 40]
Min Correction Subset: [6, 20]
Iter 8: 
Min Hitting Set: [5, 6, 8, 22, 39, 40]
Min Correction Subset: [7, 19]
Iter 9: 
Min Hitting Set: [5, 6, 7, 8, 22, 39, 40]
Min Correction Subset: [18, 21]
Iter 10: 
Min Hitting Set: [5, 6, 7, 8, 18, 22, 39, 40]
Min Correction Subset: [21, 36]
Iter 11: 
Min Hitting Set: [5, 6, 7, 8, 21, 22, 39, 40]
Min Correction Subset: [12, 13]
Iter 12: 
Min Hitting Set: [5, 6, 7, 8, 12, 21, 22, 39, 40]
Min Correction Subset: [20, 34, 37]
Iter 13: 
Min Hitting Set: [5, 7, 8, 12, 20, 21, 22, 39, 40]
Min Correction Subset: [6, 13, 17]
Iter 14: 
Min Hitting Set: [5, 7, 8, 13, 20, 21, 22, 39, 40]
Min Correction Subset: [6, 18, 26]
Iter 15: 
Min Hitting Set: [5, 6, 7, 8, 13, 20, 21, 22, 39, 40]
Min Correction Subset: [1, 18, 24, 26]
Iter 16: 
Min Hitting Set: [5, 7, 8, 13, 18, 20, 21, 22, 39, 40]
Min Correction Subset: [1, 6, 24, 31]
Iter 17: 
Min Hitting Set: [1, 5, 6, 7, 8, 13, 20, 21, 22, 39, 40]
Min Correction Subset: [2, 18, 24, 26, 34]
Iter 18: 
Min Hitting Set: [5, 6, 7, 8, 13, 18, 20, 21, 22, 39, 40]
Min Correction Subset: [1, 2, 12, 24, 36]
Iter 19: 
Min Hitting Set: [5, 6, 7, 8, 12, 18, 21, 22, 34, 39, 40]
Min Correction Subset: [2, 13, 31]
Iter 20: 
Min Hitting Set: [5, 6, 7, 8, 13, 18, 22, 34, 36, 39, 40]
Min Correction Subset: [12, 20]
Optimal IIS
Instance: paths-24-50-270000
----------------------------
Query: 8
Query element:11
Query scope: 13
Query scope: 22
Query scope: 24
----------------------------
IIS optimality: suboptimal
IIS solution time: 1232.969
IIS Constraint: 5; goods; {good:5}
IIS Constraint: 6; goods; {good:6}
IIS Constraint: 7; goods; {good:7}
IIS Constraint: 8; goods; {good:8}
IIS Constraint: 13; goods; {good:13}
IIS Constraint: 20; goods; {good:20}
IIS Constraint: 21; goods; {good:21}
IIS Constraint: 22; goods; {good:22}
IIS Constraint: 24; goods; {good:24}
IIS Constraint: 39; query; {good:11,query:8}
IIS Constraint: 40; max; {f:8.5223022,objective:max}
