IIS generation
Iter 1: 
Min Hitting Set: []
Min Correction Subset: [25]
Iter 2: 
Min Hitting Set: [25]
Min Correction Subset: [28]
Iter 3: 
Min Hitting Set: [25, 28]
Min Correction Subset: [24]
Iter 4: 
Min Hitting Set: [24, 25, 28]
Min Correction Subset: [26]
Iter 5: 
Min Hitting Set: [24, 25, 26, 28]
Min Correction Subset: [27]
Optimal IIS
Instance: scheduling-24-50-290000
----------------------------
Query: 2
Query element:41
Query scope: 41
----------------------------
IIS optimality: suboptimal
IIS solution time: 5.253
IIS Constraint: 24; goods; {good:24}
IIS Constraint: 25; goods; {good:25}
IIS Constraint: 26; goods; {good:26}
IIS Constraint: 27; query; {bid:41,query:2}
IIS Constraint: 28; max; {f:10.239548000000001,objective:max}
