IIS generation
Iter 1: 
Min Hitting Set: []
Min Correction Subset: [35]
Iter 2: 
Min Hitting Set: [35]
Min Correction Subset: [0]
Iter 3: 
Min Hitting Set: [0, 35]
Min Correction Subset: [19]
Iter 4: 
Min Hitting Set: [0, 19, 35]
Min Correction Subset: [34]
Iter 5: 
Min Hitting Set: [0, 19, 34, 35]
Min Correction Subset: [1, 5]
Iter 6: 
Min Hitting Set: [0, 1, 19, 34, 35]
Min Correction Subset: [5, 10]
Iter 7: 
Min Hitting Set: [0, 5, 19, 34, 35]
Min Correction Subset: [2, 6]
Iter 8: 
Min Hitting Set: [0, 2, 5, 19, 34, 35]
Min Correction Subset: [6, 7]
Iter 9: 
Min Hitting Set: [0, 5, 6, 19, 34, 35]
Min Correction Subset: [1, 4]
Iter 10: 
Min Hitting Set: [0, 1, 5, 6, 19, 34, 35]
Min Correction Subset: [4, 7]
Iter 11: 
Min Hitting Set: [0, 4, 5, 6, 19, 34, 35]
Min Correction Subset: [1, 2]
Iter 12: 
Min Hitting Set: [0, 2, 4, 5, 6, 19, 34, 35]
Min Correction Subset: [10, 11, 15]
Iter 13: 
Min Hitting Set: [0, 1, 6, 7, 10, 19, 34, 35]
Min Correction Subset: [5, 9, 32]
Iter 14: 
Min Hitting Set: [0, 2, 4, 5, 6, 10, 19, 34, 35]
Min Correction Subset: [7, 8, 9, 13, 14]
Iter 15: 
Min Hitting Set: [0, 2, 4, 5, 7, 10, 19, 34, 35]
Min Correction Subset: [1, 6, 9, 13, 14, 30]
Optimal IIS
Instance: regions-24-50-400000
----------------------------
Query: 1
Query element:12
Query scope: 12
----------------------------
IIS optimality: suboptimal
IIS solution time: 5650.291
IIS Constraint: 0; goods; {good:0}
IIS Constraint: 1; goods; {good:1}
IIS Constraint: 5; goods; {good:5}
IIS Constraint: 6; goods; {good:6}
IIS Constraint: 7; goods; {good:7}
IIS Constraint: 10; goods; {good:10}
IIS Constraint: 19; goods; {good:19}
IIS Constraint: 34; query; {bid:12,query:1}
IIS Constraint: 35; max; {f:1312.0634,objective:max}
