IIS generation
Iter 1: 
Min Hitting Set: []
Min Correction Subset: [38]
Iter 2: 
Min Hitting Set: [38]
Min Correction Subset: [0]
Iter 3: 
Min Hitting Set: [0, 38]
Min Correction Subset: [6]
Iter 4: 
Min Hitting Set: [0, 6, 38]
Min Correction Subset: [5]
Iter 5: 
Min Hitting Set: [0, 5, 6, 38]
Min Correction Subset: [27]
Iter 6: 
Min Hitting Set: [0, 5, 6, 27, 38]
Min Correction Subset: [28]
Iter 7: 
Min Hitting Set: [0, 5, 6, 27, 28, 38]
Min Correction Subset: [10]
Iter 8: 
Min Hitting Set: [0, 5, 6, 10, 27, 28, 38]
Min Correction Subset: [33]
Iter 9: 
Min Hitting Set: [0, 5, 6, 10, 27, 28, 33, 38]
Min Correction Subset: [14]
Iter 10: 
Min Hitting Set: [0, 5, 6, 10, 14, 27, 28, 33, 38]
Min Correction Subset: [17]
Iter 11: 
Min Hitting Set: [0, 5, 6, 10, 14, 17, 27, 28, 33, 38]
Min Correction Subset: [37]
Iter 12: 
Min Hitting Set: [0, 5, 6, 10, 14, 17, 27, 28, 33, 37, 38]
Min Correction Subset: [26]
Iter 13: 
Min Hitting Set: [0, 5, 6, 10, 14, 17, 26, 27, 28, 33, 37, 38]
Min Correction Subset: [1, 32]
Iter 14: 
Min Hitting Set: [0, 1, 5, 6, 10, 14, 17, 26, 27, 28, 33, 37, 38]
Min Correction Subset: [2, 32]
Iter 15: 
Min Hitting Set: [0, 5, 6, 10, 14, 17, 26, 27, 28, 32, 33, 37, 38]
Min Correction Subset: [8, 9, 29]
Optimal IIS
Instance: paths-24-50-960000
----------------------------
Query: 1
Query element:43
Query scope: 43
----------------------------
IIS optimality: suboptimal
IIS solution time: 474.489
IIS Constraint: 0; goods; {good:0}
IIS Constraint: 5; goods; {good:5}
IIS Constraint: 6; goods; {good:6}
IIS Constraint: 8; goods; {good:8}
IIS Constraint: 10; goods; {good:10}
IIS Constraint: 14; goods; {good:14}
IIS Constraint: 17; goods; {good:17}
IIS Constraint: 26; goods; {good:26}
IIS Constraint: 27; goods; {good:27}
IIS Constraint: 28; goods; {good:28}
IIS Constraint: 32; goods; {good:32}
IIS Constraint: 33; goods; {good:33}
IIS Constraint: 37; query; {bid:43,query:1}
IIS Constraint: 38; max; {f:10.543655000000001,objective:max}
