IIS generation
Iter 1: 
Min Hitting Set: []
Min Correction Subset: [34]
Iter 2: 
Min Hitting Set: [34]
Min Correction Subset: [33]
Iter 3: 
Min Hitting Set: [33, 34]
Min Correction Subset: [2, 3, 13]
Iter 4: 
Min Hitting Set: [2, 33, 34]
Min Correction Subset: [3, 11, 13]
Iter 5: 
Min Hitting Set: [3, 33, 34]
Min Correction Subset: [6, 10, 13, 14]
Iter 6: 
Min Hitting Set: [13, 33, 34]
Min Correction Subset: [6, 9, 10, 14]
Iter 7: 
Min Hitting Set: [6, 13, 33, 34]
Min Correction Subset: [2, 3, 7, 11, 26]
Iter 8: 
Min Hitting Set: [3, 6, 33, 34]
Min Correction Subset: [10, 11, 13, 14, 15]
Iter 9: 
Min Hitting Set: [3, 10, 33, 34]
Min Correction Subset: [0, 4, 5, 8, 9, 13]
Iter 10: 
Min Hitting Set: [3, 9, 10, 33, 34]
Min Correction Subset: [1, 4, 5, 6, 11, 13, 14, 15]
Iter 11: 
Min Hitting Set: [3, 9, 13, 33, 34]
Min Correction Subset: [6, 10, 11, 14, 15, 24]
Iter 12: 
Min Hitting Set: [9, 11, 13, 33, 34]
Min Correction Subset: [1, 2, 3, 4, 5, 6]
Optimal IIS
Instance: regions-24-50-290000
----------------------------
Query: 2
Query element:44
Query scope: 44
----------------------------
IIS optimality: suboptimal
IIS solution time: 472.156
IIS Constraint: 6; goods; {good:6}
IIS Constraint: 11; goods; {good:11}
IIS Constraint: 13; goods; {good:13}
IIS Constraint: 33; query; {bid:44,query:2}
IIS Constraint: 34; max; {f:1275.4031,objective:max}
