IIS generation
Iter 1: 
Min Hitting Set: []
Min Correction Subset: [39]
Iter 2: 
Min Hitting Set: [39]
Min Correction Subset: [28]
Iter 3: 
Min Hitting Set: [28, 39]
Min Correction Subset: [5]
Iter 4: 
Min Hitting Set: [5, 28, 39]
Min Correction Subset: [1]
Iter 5: 
Min Hitting Set: [1, 5, 28, 39]
Min Correction Subset: [17]
Iter 6: 
Min Hitting Set: [1, 5, 17, 28, 39]
Min Correction Subset: [21]
Iter 7: 
Min Hitting Set: [1, 5, 17, 21, 28, 39]
Min Correction Subset: [9]
Iter 8: 
Min Hitting Set: [1, 5, 9, 17, 21, 28, 39]
Min Correction Subset: [38]
Iter 9: 
Min Hitting Set: [1, 5, 9, 17, 21, 28, 38, 39]
Min Correction Subset: [11, 13]
Iter 10: 
Min Hitting Set: [1, 5, 9, 11, 17, 21, 28, 38, 39]
Min Correction Subset: [13, 15]
Iter 11: 
Min Hitting Set: [1, 5, 9, 13, 17, 21, 28, 38, 39]
Min Correction Subset: [15, 25]
Iter 12: 
Min Hitting Set: [1, 5, 9, 13, 15, 17, 21, 28, 38, 39]
Min Correction Subset: [2, 20]
Optimal IIS
Instance: matching-24-50-990000
----------------------------
Query: 2
Query element:7
Query scope: 7
----------------------------
IIS optimality: suboptimal
IIS solution time: 574.073
IIS Constraint: 1; goods; {good:1}
IIS Constraint: 2; goods; {good:2}
IIS Constraint: 5; goods; {good:5}
IIS Constraint: 9; goods; {good:9}
IIS Constraint: 13; goods; {good:13}
IIS Constraint: 15; goods; {good:15}
IIS Constraint: 17; goods; {good:17}
IIS Constraint: 21; goods; {good:21}
IIS Constraint: 28; goods; {good:28}
IIS Constraint: 38; query; {bid:7,query:2}
IIS Constraint: 39; max; {f:50.07055999999999,objective:max}
