IIS generation
Iter 1: 
Min Hitting Set: []
Min Correction Subset: [35]
Iter 2: 
Min Hitting Set: [35]
Min Correction Subset: [15]
Iter 3: 
Min Hitting Set: [15, 35]
Min Correction Subset: [34]
Iter 4: 
Min Hitting Set: [15, 34, 35]
Min Correction Subset: [17, 20]
Iter 5: 
Min Hitting Set: [15, 17, 34, 35]
Min Correction Subset: [0, 1]
Iter 6: 
Min Hitting Set: [0, 15, 17, 34, 35]
Min Correction Subset: [1, 13]
Iter 7: 
Min Hitting Set: [1, 15, 17, 34, 35]
Min Correction Subset: [18, 23]
Iter 8: 
Min Hitting Set: [1, 15, 17, 18, 34, 35]
Min Correction Subset: [0, 28]
Iter 9: 
Min Hitting Set: [0, 1, 15, 17, 18, 34, 35]
Min Correction Subset: [6, 25]
Iter 10: 
Min Hitting Set: [0, 1, 6, 15, 17, 18, 34, 35]
Min Correction Subset: [16, 25]
Iter 11: 
Min Hitting Set: [0, 1, 15, 17, 18, 25, 34, 35]
Min Correction Subset: [20, 21]
Iter 12: 
Min Hitting Set: [0, 1, 15, 18, 20, 25, 34, 35]
Min Correction Subset: [9, 17]
Iter 13: 
Min Hitting Set: [0, 1, 15, 17, 18, 20, 25, 34, 35]
Min Correction Subset: [3, 23]
Iter 14: 
Min Hitting Set: [0, 1, 15, 17, 20, 23, 25, 34, 35]
Min Correction Subset: [3, 9]
Iter 15: 
Min Hitting Set: [0, 1, 9, 15, 20, 23, 25, 34, 35]
Min Correction Subset: [3, 8]
Iter 16: 
Min Hitting Set: [0, 1, 3, 9, 15, 20, 23, 25, 34, 35]
Min Correction Subset: [17, 21]
Iter 17: 
Min Hitting Set: [0, 1, 3, 15, 17, 20, 23, 25, 34, 35]
Min Correction Subset: [2, 8]
Iter 18: 
Min Hitting Set: [0, 1, 8, 9, 15, 17, 20, 23, 25, 34, 35]
Min Correction Subset: [2, 3]
Iter 19: 
Min Hitting Set: [0, 1, 2, 3, 15, 17, 20, 23, 25, 34, 35]
Min Correction Subset: [16, 18]
Iter 20: 
Min Hitting Set: [0, 1, 2, 3, 15, 17, 18, 20, 25, 34, 35]
Min Correction Subset: [9, 13]
Iter 21: 
Min Hitting Set: [0, 2, 3, 13, 15, 17, 18, 20, 25, 34, 35]
Min Correction Subset: [1, 6]
Iter 22: 
Min Hitting Set: [0, 2, 3, 6, 13, 15, 17, 18, 20, 25, 34, 35]
Min Correction Subset: [5, 9]
Iter 23: 
Min Hitting Set: [0, 1, 2, 3, 9, 15, 17, 18, 20, 25, 34, 35]
Min Correction Subset: [6, 8]
Iter 24: 
Min Hitting Set: [0, 1, 3, 8, 9, 15, 18, 20, 21, 25, 34, 35]
Min Correction Subset: [17, 23]
Iter 25: 
Min Hitting Set: [0, 1, 3, 8, 9, 15, 17, 18, 20, 25, 34, 35]
Min Correction Subset: [2, 4]
Iter 26: 
Min Hitting Set: [0, 1, 2, 3, 6, 9, 15, 17, 18, 20, 25, 34, 35]
Min Correction Subset: [8, 23]
Iter 27: 
Min Hitting Set: [0, 1, 2, 3, 8, 9, 15, 17, 18, 20, 25, 34, 35]
Min Correction Subset: [4, 10, 19]
Iter 28: 
Min Hitting Set: [0, 1, 3, 4, 8, 9, 15, 17, 18, 20, 25, 34, 35]
Min Correction Subset: [2, 6]
Iter 29: 
Min Hitting Set: [0, 1, 2, 3, 4, 8, 9, 15, 17, 18, 20, 25, 34, 35]
Min Correction Subset: [6, 16, 19]
Iter 30: 
Min Hitting Set: [0, 1, 3, 4, 6, 8, 9, 15, 17, 18, 20, 25, 34, 35]
Min Correction Subset: [12, 16, 19]
Iter 31: 
Min Hitting Set: [0, 1, 3, 4, 6, 8, 9, 15, 16, 17, 18, 20, 34, 35]
Min Correction Subset: [12, 14, 25]
Iter 32: 
Min Hitting Set: [0, 1, 2, 8, 9, 15, 17, 18, 19, 20, 23, 25, 34, 35]
Min Correction Subset: [3, 21]
Iter 33: 
Min Hitting Set: [0, 1, 2, 8, 9, 15, 18, 19, 20, 21, 23, 25, 34, 35]
Min Correction Subset: [3, 17]
Iter 34: 
Min Hitting Set: [0, 1, 2, 3, 8, 9, 15, 17, 18, 19, 20, 25, 34, 35]
Min Correction Subset: [11, 12, 16]
Iter 35: 
Min Hitting Set: [0, 1, 2, 8, 9, 15, 16, 17, 19, 21, 23, 25, 34, 35]
Min Correction Subset: [4, 6, 10]
Iter 36: 
Min Hitting Set: [0, 1, 2, 4, 8, 9, 15, 16, 17, 21, 23, 25, 34, 35]
Min Correction Subset: [3, 6, 11]
Iter 37: 
Min Hitting Set: [0, 1, 3, 4, 6, 8, 9, 15, 16, 17, 21, 23, 25, 34, 35]
Min Correction Subset: [13, 18, 28]
Iter 38: 
Min Hitting Set: [1, 3, 4, 6, 8, 9, 15, 16, 17, 21, 23, 25, 28, 34, 35]
Min Correction Subset: [12, 14, 18]
Iter 39: 
Min Hitting Set: [1, 3, 4, 6, 8, 9, 15, 16, 17, 18, 21, 25, 28, 34, 35]
Min Correction Subset: [0, 5, 12]
Iter 40: 
Min Hitting Set: [1, 3, 4, 6, 8, 9, 12, 15, 17, 18, 21, 25, 28, 34, 35]
Min Correction Subset: [16, 20]
Iter 41: 
Min Hitting Set: [0, 1, 3, 4, 6, 8, 9, 12, 15, 16, 17, 18, 21, 34, 35]
Min Correction Subset: [2, 11, 20]
Iter 42: 
Min Hitting Set: [1, 3, 4, 6, 8, 9, 12, 15, 16, 17, 20, 23, 28, 34, 35]
Min Correction Subset: [0, 25]
Iter 43: 
Min Hitting Set: [0, 3, 4, 6, 8, 9, 12, 13, 15, 16, 17, 20, 23, 34, 35]
Min Correction Subset: [2, 18, 25]
Iter 44: 
Min Hitting Set: [0, 2, 4, 6, 8, 9, 12, 13, 15, 16, 17, 21, 23, 34, 35]
Min Correction Subset: [1, 20]
Iter 45: 
Min Hitting Set: [0, 2, 3, 4, 6, 9, 12, 13, 15, 16, 17, 20, 23, 34, 35]
Min Correction Subset: [1, 18, 19]
Iter 46: 
Min Hitting Set: [0, 1, 2, 3, 4, 8, 9, 15, 16, 17, 18, 21, 25, 34, 35]
Min Correction Subset: [6, 13, 22]
Iter 47: 
Min Hitting Set: [1, 3, 4, 6, 8, 9, 12, 15, 17, 18, 20, 25, 28, 34, 35]
Min Correction Subset: [0, 16]
Iter 48: 
Min Hitting Set: [0, 3, 4, 6, 8, 9, 13, 15, 16, 17, 18, 20, 25, 34, 35]
Min Correction Subset: [1, 12, 19]
Iter 49: 
Min Hitting Set: [0, 1, 3, 4, 6, 8, 9, 15, 16, 17, 18, 20, 25, 34, 35]
Min Correction Subset: [12, 13, 21]
Iter 50: 
Min Hitting Set: [0, 1, 3, 4, 6, 8, 9, 12, 15, 17, 18, 20, 25, 34, 35]
Min Correction Subset: [2, 21, 22]
Iter 51: 
Min Hitting Set: [0, 2, 3, 6, 9, 12, 13, 15, 16, 19, 20, 21, 23, 34, 35]
Min Correction Subset: [1, 17]
Iter 52: 
Min Hitting Set: [0, 2, 3, 6, 9, 12, 13, 15, 16, 17, 19, 20, 23, 34, 35]
Min Correction Subset: [4, 22, 25]
Iter 53: 
Min Hitting Set: [0, 3, 4, 6, 8, 9, 12, 13, 15, 17, 18, 20, 21, 25, 34, 35]
Min Correction Subset: [2, 14, 32]
Iter 54: 
Min Hitting Set: [0, 2, 3, 6, 9, 12, 13, 15, 16, 17, 19, 20, 22, 23, 34, 35]
Min Correction Subset: [1, 5, 21]
Iter 55: 
Min Hitting Set: [0, 2, 3, 5, 6, 12, 13, 15, 16, 17, 19, 20, 22, 23, 34, 35]
Min Correction Subset: [4, 18, 21]
Iter 56: 
Min Hitting Set: [0, 2, 3, 4, 5, 6, 12, 13, 15, 16, 17, 19, 20, 23, 34, 35]
Min Correction Subset: [9, 14, 32]
Iter 57: 
Min Hitting Set: [0, 1, 2, 3, 4, 6, 9, 12, 15, 16, 17, 18, 21, 23, 34, 35]
Min Correction Subset: [8, 11, 20]
Iter 58: 
Min Hitting Set: [0, 1, 2, 3, 4, 6, 9, 12, 13, 15, 16, 17, 20, 23, 34, 35]
Min Correction Subset: [5, 21, 22]
Iter 59: 
Min Hitting Set: [0, 1, 2, 4, 6, 8, 9, 12, 13, 15, 16, 17, 21, 23, 34, 35]
Min Correction Subset: [3, 14, 20]
Instance: arbitrary-24-50-220000
----------------------------
Query: 1
Query element:48
Query scope: 48
----------------------------
IIS optimality: suboptimal
IIS solution time: 36029.505
IIS Constraint: 0; goods; {good:0}
IIS Constraint: 1; goods; {good:1}
IIS Constraint: 2; goods; {good:2}
IIS Constraint: 4; goods; {good:4}
IIS Constraint: 6; goods; {good:6}
IIS Constraint: 8; goods; {good:8}
IIS Constraint: 9; goods; {good:9}
IIS Constraint: 12; goods; {good:12}
IIS Constraint: 13; goods; {good:13}
IIS Constraint: 15; goods; {good:15}
IIS Constraint: 16; goods; {good:16}
IIS Constraint: 17; goods; {good:17}
IIS Constraint: 21; goods; {good:21}
IIS Constraint: 23; goods; {good:23}
IIS Constraint: 34; query; {bid:48,query:1}
IIS Constraint: 35; max; {f:1918.082,objective:max}
