IIS generation
Iter 1: 
Min Hitting Set: []
Min Correction Subset: [33]
Iter 2: 
Min Hitting Set: [33]
Min Correction Subset: [34]
Iter 3: 
Min Hitting Set: [33, 34]
Min Correction Subset: [10, 15, 18]
Iter 4: 
Min Hitting Set: [10, 33, 34]
Min Correction Subset: [5, 16, 18]
Iter 5: 
Min Hitting Set: [18, 33, 34]
Min Correction Subset: [9, 15, 20]
Iter 6: 
Min Hitting Set: [15, 18, 33, 34]
Min Correction Subset: [9, 17, 20]
Iter 7: 
Min Hitting Set: [9, 18, 33, 34]
Min Correction Subset: [1, 15, 17, 22]
Iter 8: 
Min Hitting Set: [15, 17, 18, 33, 34]
Min Correction Subset: [9, 10, 20]
Iter 9: 
Min Hitting Set: [9, 15, 18, 33, 34]
Min Correction Subset: [5, 10, 16, 17]
Iter 10: 
Min Hitting Set: [9, 17, 18, 33, 34]
Min Correction Subset: [2, 10, 15, 16]
Iter 11: 
Min Hitting Set: [9, 15, 16, 33, 34]
Min Correction Subset: [1, 10, 17, 18]
Iter 12: 
Min Hitting Set: [9, 16, 17, 18, 33, 34]
Min Correction Subset: [1, 10, 15, 22]
Iter 13: 
Min Hitting Set: [15, 17, 18, 20, 33, 34]
Min Correction Subset: [2, 5, 10, 16, 31]
Iter 14: 
Min Hitting Set: [10, 15, 17, 18, 33, 34]
Min Correction Subset: [5, 7, 9, 16, 20]
Iter 15: 
Min Hitting Set: [10, 15, 16, 17, 33, 34]
Min Correction Subset: [1, 9, 18, 20]
Optimal IIS
Instance: arbitrary-24-50-60000
----------------------------
Query: 2
Query element:23
Query scope: 23
----------------------------
IIS optimality: suboptimal
IIS solution time: 224.368
IIS Constraint: 1; goods; {good:1}
IIS Constraint: 9; goods; {good:9}
IIS Constraint: 15; goods; {good:15}
IIS Constraint: 16; goods; {good:16}
IIS Constraint: 33; query; {bid:23,query:2}
IIS Constraint: 34; max; {f:1324.55,objective:max}
