IIS generation
Iter 1: 
Min Hitting Set: []
Min Correction Subset: [37]
Iter 2: 
Min Hitting Set: [37]
Min Correction Subset: [25]
Iter 3: 
Min Hitting Set: [25, 37]
Min Correction Subset: [21]
Iter 4: 
Min Hitting Set: [21, 25, 37]
Min Correction Subset: [13, 30]
Iter 5: 
Min Hitting Set: [13, 21, 25, 37]
Min Correction Subset: [17, 30]
Iter 6: 
Min Hitting Set: [21, 25, 30, 37]
Min Correction Subset: [13, 32]
Iter 7: 
Min Hitting Set: [13, 21, 25, 30, 37]
Min Correction Subset: [17, 32]
Iter 8: 
Min Hitting Set: [13, 17, 21, 25, 37]
Min Correction Subset: [9, 32]
Iter 9: 
Min Hitting Set: [21, 25, 30, 32, 37]
Min Correction Subset: [9, 36]
Iter 10: 
Min Hitting Set: [9, 13, 17, 21, 25, 37]
Min Correction Subset: [32, 36]
Iter 11: 
Min Hitting Set: [9, 21, 25, 30, 32, 37]
Min Correction Subset: [13, 36]
Iter 12: 
Min Hitting Set: [21, 25, 30, 32, 36, 37]
Min Correction Subset: [6, 9]
Iter 13: 
Min Hitting Set: [9, 21, 25, 30, 32, 36, 37]
Min Correction Subset: [13, 34]
Iter 14: 
Min Hitting Set: [9, 13, 17, 21, 25, 32, 37]
Min Correction Subset: [35, 36]
Iter 15: 
Min Hitting Set: [9, 13, 17, 21, 25, 36, 37]
Min Correction Subset: [5, 32]
Iter 16: 
Min Hitting Set: [9, 13, 17, 21, 25, 32, 36, 37]
Min Correction Subset: [5, 30, 35]
Iter 17: 
Min Hitting Set: [9, 13, 21, 25, 30, 32, 36, 37]
Min Correction Subset: [17, 34]
Iter 18: 
Min Hitting Set: [5, 9, 13, 17, 21, 25, 36, 37]
Min Correction Subset: [1, 32]
Iter 19: 
Min Hitting Set: [9, 21, 25, 30, 32, 34, 36, 37]
Min Correction Subset: [0, 13]
Iter 20: 
Min Hitting Set: [9, 13, 17, 21, 25, 32, 35, 37]
Min Correction Subset: [5, 33, 36]
Iter 21: 
Min Hitting Set: [5, 9, 13, 17, 21, 25, 32, 35, 37]
Min Correction Subset: [1, 33, 36]
Iter 22: 
Min Hitting Set: [5, 9, 13, 17, 21, 25, 32, 36, 37]
Min Correction Subset: [1, 3, 30]
Iter 23: 
Min Hitting Set: [9, 13, 17, 21, 25, 30, 32, 36, 37]
Min Correction Subset: [3, 5, 35]
Iter 24: 
Min Hitting Set: [1, 5, 9, 13, 17, 21, 25, 36, 37]
Min Correction Subset: [3, 32]
Iter 25: 
Min Hitting Set: [9, 13, 17, 21, 25, 30, 32, 35, 36, 37]
Min Correction Subset: [3, 5, 26]
Iter 26: 
Min Hitting Set: [5, 9, 13, 17, 21, 25, 30, 32, 36, 37]
Min Correction Subset: [1, 7, 35]
Iter 27: 
Min Hitting Set: [3, 9, 13, 17, 21, 25, 32, 35, 36, 37]
Min Correction Subset: [5, 30, 33]
Iter 28: 
Min Hitting Set: [1, 5, 9, 13, 17, 21, 25, 32, 35, 37]
Min Correction Subset: [3, 30, 36]
Iter 29: 
Min Hitting Set: [3, 9, 13, 17, 21, 25, 32, 33, 35, 37]
Min Correction Subset: [5, 30, 36]
Optimal IIS
Instance: matching-24-50-300000
----------------------------
Query: 3
Query element:27
Query element:15
Query scope: 27
Query scope: 15
----------------------------
IIS optimality: suboptimal
IIS solution time: 2347.098
IIS Constraint: 1; goods; {good:1}
IIS Constraint: 5; goods; {good:5}
IIS Constraint: 9; goods; {good:9}
IIS Constraint: 13; goods; {good:13}
IIS Constraint: 17; goods; {good:17}
IIS Constraint: 21; goods; {good:21}
IIS Constraint: 25; goods; {good:25}
IIS Constraint: 32; goods; {good:32}
IIS Constraint: 36; query; {bid:15,query:3}
IIS Constraint: 37; max; {f:58.676820000000006,objective:max}
