IIS generation
Iter 1: 
Min Hitting Set: []
Min Correction Subset: [35]
Iter 2: 
Min Hitting Set: [35]
Min Correction Subset: [21]
Iter 3: 
Min Hitting Set: [21, 35]
Min Correction Subset: [14]
Iter 4: 
Min Hitting Set: [14, 21, 35]
Min Correction Subset: [9, 23]
Iter 5: 
Min Hitting Set: [9, 14, 21, 35]
Min Correction Subset: [15, 33]
Iter 6: 
Min Hitting Set: [9, 14, 15, 21, 35]
Min Correction Subset: [7, 11]
Iter 7: 
Min Hitting Set: [7, 9, 14, 15, 21, 35]
Min Correction Subset: [11, 34]
Iter 8: 
Min Hitting Set: [9, 11, 14, 15, 21, 35]
Min Correction Subset: [0, 20]
Iter 9: 
Min Hitting Set: [0, 9, 11, 14, 15, 21, 35]
Min Correction Subset: [8, 19]
Iter 10: 
Min Hitting Set: [0, 8, 9, 11, 14, 15, 21, 35]
Min Correction Subset: [33, 34]
Iter 11: 
Min Hitting Set: [0, 8, 9, 11, 14, 21, 33, 35]
Min Correction Subset: [4, 15]
Iter 12: 
Min Hitting Set: [0, 8, 9, 11, 14, 15, 21, 33, 35]
Min Correction Subset: [7, 18, 20]
Iter 13: 
Min Hitting Set: [8, 9, 11, 14, 15, 20, 21, 34, 35]
Min Correction Subset: [13, 23, 33]
Iter 14: 
Min Hitting Set: [8, 11, 14, 15, 20, 21, 23, 34, 35]
Min Correction Subset: [2, 3, 16]
Iter 15: 
Min Hitting Set: [2, 8, 11, 14, 15, 20, 21, 23, 34, 35]
Min Correction Subset: [7, 16, 33]
Iter 16: 
Min Hitting Set: [8, 11, 14, 15, 16, 20, 21, 23, 34, 35]
Min Correction Subset: [4, 7, 33]
Iter 17: 
Min Hitting Set: [8, 11, 14, 15, 16, 20, 21, 23, 33, 35]
Min Correction Subset: [7, 9, 13]
Iter 18: 
Min Hitting Set: [8, 9, 11, 14, 15, 16, 20, 21, 33, 35]
Min Correction Subset: [0, 5, 7, 34]
Iter 19: 
Min Hitting Set: [7, 8, 14, 15, 16, 20, 21, 23, 34, 35]
Min Correction Subset: [9, 11]
Iter 20: 
Min Hitting Set: [8, 9, 11, 14, 15, 16, 20, 21, 33, 34, 35]
Min Correction Subset: [0, 1, 4, 5, 7]
Iter 21: 
Min Hitting Set: [7, 8, 11, 14, 15, 16, 20, 21, 23, 34, 35]
Min Correction Subset: [1, 10, 19, 33]
Iter 22: 
Min Hitting Set: [7, 11, 14, 15, 16, 19, 20, 21, 23, 34, 35]
Min Correction Subset: [6, 8, 9, 13, 33]
Iter 23: 
Min Hitting Set: [7, 11, 14, 15, 16, 19, 20, 21, 23, 33, 35]
Min Correction Subset: [0, 8, 34]
Iter 24: 
Min Hitting Set: [0, 9, 11, 14, 15, 16, 19, 20, 21, 33, 35]
Min Correction Subset: [7, 8, 23]
Iter 25: 
Min Hitting Set: [0, 7, 9, 13, 14, 15, 16, 19, 21, 34, 35]
Min Correction Subset: [11, 20]
Iter 26: 
Min Hitting Set: [4, 7, 8, 11, 14, 16, 20, 21, 23, 33, 35]
Min Correction Subset: [1, 3, 15]
Iter 27: 
Min Hitting Set: [3, 7, 9, 14, 15, 19, 20, 21, 23, 34, 35]
Min Correction Subset: [8, 16]
Iter 28: 
Min Hitting Set: [0, 7, 9, 11, 14, 15, 16, 19, 21, 33, 35]
Min Correction Subset: [1, 4, 20]
Iter 29: 
Min Hitting Set: [3, 4, 8, 9, 11, 14, 20, 21, 33, 34, 35]
Min Correction Subset: [7, 15, 23]
Iter 30: 
Min Hitting Set: [0, 3, 8, 9, 11, 14, 15, 20, 21, 33, 35]
Min Correction Subset: [1, 4, 7, 12, 34]
Iter 31: 
Min Hitting Set: [3, 7, 8, 9, 11, 14, 15, 20, 21, 33, 35]
Min Correction Subset: [0, 1, 5, 19, 34]
Iter 32: 
Min Hitting Set: [0, 3, 4, 7, 8, 9, 11, 14, 21, 33, 35]
Min Correction Subset: [15, 16, 20]
Iter 33: 
Min Hitting Set: [7, 9, 14, 15, 16, 19, 20, 21, 23, 34, 35]
Min Correction Subset: [1, 11, 33]
Iter 34: 
Min Hitting Set: [3, 4, 7, 8, 9, 14, 20, 21, 33, 34, 35]
Min Correction Subset: [2, 11, 16]
Iter 35: 
Min Hitting Set: [7, 8, 9, 14, 15, 16, 20, 21, 33, 34, 35]
Min Correction Subset: [11, 19, 23]
Iter 36: 
Min Hitting Set: [7, 9, 14, 15, 16, 19, 20, 21, 33, 34, 35]
Min Correction Subset: [2, 11, 13]
Optimal IIS
Instance: arbitrary-24-50-290000
----------------------------
Query: 9
Query element:6
Query element:12
Query scope: 0
Query scope: 11
Query scope: 14
Query scope: 15
Query scope: 18
Query scope: 19
Query scope: 20
Query scope: 21
Query scope: 22
Query scope: 23
Query scope: 26
Query scope: 27
Query scope: 33
Query scope: 36
Query scope: 40
Query scope: 48
Query scope: 49
Query scope: 5
Query scope: 24
Query scope: 25
Query scope: 28
Query scope: 30
Query scope: 31
Query scope: 34
Query scope: 35
Query scope: 41
Query scope: 42
Query scope: 43
Query scope: 47
----------------------------
IIS optimality: suboptimal
IIS solution time: 4022.912
IIS Constraint: 7; goods; {good:7}
IIS Constraint: 11; goods; {good:11}
IIS Constraint: 14; goods; {good:14}
IIS Constraint: 15; goods; {good:15}
IIS Constraint: 16; goods; {good:16}
IIS Constraint: 19; goods; {good:19}
IIS Constraint: 20; goods; {good:20}
IIS Constraint: 21; goods; {good:21}
IIS Constraint: 23; goods; {good:23}
IIS Constraint: 33; query; {good:6,query:9}
IIS Constraint: 34; query; {good:12,query:9}
IIS Constraint: 35; max; {f:1420.5320000000002,objective:max}
