IIS generation
Iter 1: 
Min Hitting Set: []
Min Correction Subset: [35]
Iter 2: 
Min Hitting Set: [35]
Min Correction Subset: [4]
Iter 3: 
Min Hitting Set: [4, 35]
Min Correction Subset: [34]
Iter 4: 
Min Hitting Set: [4, 34, 35]
Min Correction Subset: [10]
Iter 5: 
Min Hitting Set: [4, 10, 34, 35]
Min Correction Subset: [11, 16]
Iter 6: 
Min Hitting Set: [4, 10, 11, 34, 35]
Min Correction Subset: [3, 7]
Iter 7: 
Min Hitting Set: [3, 4, 10, 11, 34, 35]
Min Correction Subset: [5, 19]
Iter 8: 
Min Hitting Set: [3, 4, 5, 10, 11, 34, 35]
Min Correction Subset: [16, 18]
Iter 9: 
Min Hitting Set: [3, 4, 5, 10, 16, 34, 35]
Min Correction Subset: [11, 18]
Iter 10: 
Min Hitting Set: [3, 4, 5, 10, 11, 16, 34, 35]
Min Correction Subset: [1, 15]
Iter 11: 
Min Hitting Set: [1, 3, 4, 5, 10, 11, 16, 34, 35]
Min Correction Subset: [8, 19]
Iter 12: 
Min Hitting Set: [1, 3, 4, 10, 11, 16, 19, 34, 35]
Min Correction Subset: [8, 14]
Iter 13: 
Min Hitting Set: [1, 3, 4, 8, 10, 11, 16, 19, 34, 35]
Min Correction Subset: [2, 18]
Iter 14: 
Min Hitting Set: [1, 3, 4, 8, 10, 11, 18, 19, 34, 35]
Min Correction Subset: [14, 16]
Iter 15: 
Min Hitting Set: [1, 3, 4, 10, 14, 16, 18, 19, 34, 35]
Min Correction Subset: [2, 21]
Iter 16: 
Min Hitting Set: [1, 2, 3, 4, 10, 11, 14, 16, 19, 34, 35]
Min Correction Subset: [6, 8]
Iter 17: 
Min Hitting Set: [1, 2, 3, 4, 8, 10, 11, 16, 19, 34, 35]
Min Correction Subset: [14, 15]
Iter 18: 
Min Hitting Set: [2, 3, 4, 8, 10, 11, 15, 16, 19, 34, 35]
Min Correction Subset: [14, 24]
Iter 19: 
Min Hitting Set: [2, 3, 4, 8, 10, 11, 14, 15, 16, 19, 34, 35]
Min Correction Subset: [1, 18, 22]
Iter 20: 
Min Hitting Set: [1, 2, 3, 4, 8, 10, 11, 14, 16, 19, 34, 35]
Min Correction Subset: [15, 18, 22]
Iter 21: 
Min Hitting Set: [1, 2, 3, 4, 8, 10, 11, 14, 18, 19, 34, 35]
Min Correction Subset: [16, 22, 28]
Iter 22: 
Min Hitting Set: [2, 3, 4, 8, 10, 14, 15, 16, 18, 19, 34, 35]
Min Correction Subset: [7, 11, 22]
Iter 23: 
Min Hitting Set: [2, 4, 7, 8, 10, 14, 15, 16, 18, 19, 34, 35]
Min Correction Subset: [9, 11, 22]
Iter 24: 
Min Hitting Set: [1, 2, 3, 4, 8, 10, 11, 14, 16, 19, 22, 34, 35]
Min Correction Subset: [9, 15, 17]
Iter 25: 
Min Hitting Set: [2, 4, 7, 8, 10, 14, 15, 16, 18, 19, 22, 34, 35]
Min Correction Subset: [3, 6, 20]
Iter 26: 
Min Hitting Set: [2, 4, 6, 7, 10, 14, 15, 16, 18, 19, 22, 34, 35]
Min Correction Subset: [3, 8]
Iter 27: 
Min Hitting Set: [2, 3, 4, 6, 10, 11, 14, 15, 16, 18, 19, 34, 35]
Min Correction Subset: [1, 8]
Iter 28: 
Min Hitting Set: [2, 3, 4, 8, 10, 14, 15, 16, 18, 19, 22, 34, 35]
Min Correction Subset: [1, 5, 17]
Iter 29: 
Min Hitting Set: [2, 3, 4, 5, 8, 10, 14, 15, 16, 18, 22, 34, 35]
Min Correction Subset: [17, 19, 20]
Iter 30: 
Min Hitting Set: [1, 2, 3, 4, 6, 10, 11, 14, 15, 16, 19, 34, 35]
Min Correction Subset: [7, 18, 20]
Iter 31: 
Min Hitting Set: [1, 2, 3, 4, 8, 9, 10, 14, 16, 18, 19, 22, 34, 35]
Min Correction Subset: [11, 15, 17]
Iter 32: 
Min Hitting Set: [1, 2, 3, 4, 8, 10, 14, 16, 17, 18, 19, 22, 34, 35]
Min Correction Subset: [11, 15, 23]
Iter 33: 
Min Hitting Set: [1, 2, 3, 4, 8, 10, 14, 15, 16, 18, 19, 22, 34, 35]
Min Correction Subset: [9, 11, 17]
Iter 34: 
Min Hitting Set: [1, 2, 3, 4, 8, 9, 10, 11, 14, 18, 19, 22, 34, 35]
Min Correction Subset: [5, 16, 17]
Iter 35: 
Min Hitting Set: [1, 2, 3, 4, 8, 10, 11, 14, 17, 18, 19, 22, 34, 35]
Min Correction Subset: [6, 15, 16]
Iter 36: 
Min Hitting Set: [1, 2, 3, 4, 6, 10, 11, 14, 17, 18, 19, 22, 34, 35]
Min Correction Subset: [8, 15]
Iter 37: 
Min Hitting Set: [1, 2, 3, 4, 5, 8, 10, 11, 14, 15, 16, 20, 34, 35]
Min Correction Subset: [6, 18, 19]
Iter 38: 
Min Hitting Set: [1, 2, 3, 4, 8, 10, 11, 14, 15, 16, 19, 20, 34, 35]
Min Correction Subset: [5, 7, 18, 23]
Iter 39: 
Min Hitting Set: [1, 2, 3, 4, 6, 10, 11, 14, 15, 16, 18, 19, 34, 35]
Min Correction Subset: [5, 7, 8]
Iter 40: 
Min Hitting Set: [2, 3, 4, 8, 10, 11, 14, 15, 16, 17, 18, 19, 34, 35]
Min Correction Subset: [1, 9, 22]
Iter 41: 
Min Hitting Set: [2, 3, 4, 8, 10, 11, 14, 15, 17, 18, 19, 22, 34, 35]
Min Correction Subset: [1, 12, 16]
Iter 42: 
Min Hitting Set: [1, 2, 3, 4, 8, 10, 11, 14, 15, 16, 18, 19, 34, 35]
Min Correction Subset: [6, 9, 20, 22]
Iter 43: 
Min Hitting Set: [2, 4, 5, 7, 8, 9, 10, 14, 15, 16, 18, 20, 34, 35]
Min Correction Subset: [6, 11, 22]
Iter 44: 
Min Hitting Set: [1, 2, 3, 4, 6, 7, 10, 11, 14, 15, 16, 19, 34, 35]
Min Correction Subset: [5, 9, 18, 20]
Iter 45: 
Min Hitting Set: [1, 2, 3, 4, 8, 9, 10, 11, 14, 16, 18, 19, 34, 35]
Min Correction Subset: [12, 15, 22]
Iter 46: 
Min Hitting Set: [1, 2, 4, 7, 8, 10, 11, 14, 15, 16, 19, 20, 34, 35]
Min Correction Subset: [3, 18]
Iter 47: 
Min Hitting Set: [2, 3, 4, 5, 8, 10, 14, 15, 16, 17, 18, 22, 34, 35]
Min Correction Subset: [6, 19, 20]
Iter 48: 
Min Hitting Set: [2, 3, 4, 8, 10, 14, 15, 16, 17, 18, 19, 22, 34, 35]
Min Correction Subset: [11, 20, 23, 33]
Iter 49: 
Min Hitting Set: [2, 4, 7, 8, 10, 14, 15, 16, 17, 18, 19, 20, 22, 34, 35]
Min Correction Subset: [3, 6, 11]
Iter 50: 
Min Hitting Set: [1, 2, 3, 4, 8, 10, 11, 14, 15, 16, 19, 20, 23, 34, 35]
Min Correction Subset: [6, 17, 18, 21]
Iter 51: 
Min Hitting Set: [1, 2, 3, 4, 6, 8, 10, 11, 14, 15, 16, 18, 19, 34, 35]
Min Correction Subset: [5, 7, 9, 20, 23]
Optimal IIS
Instance: arbitrary-24-50-590000
----------------------------
Query: 8
Query element:13
Query scope: 8
Query scope: 12
Query scope: 18
Query scope: 20
Query scope: 21
Query scope: 22
Query scope: 23
Query scope: 24
Query scope: 27
Query scope: 34
Query scope: 36
Query scope: 37
Query scope: 39
Query scope: 40
Query scope: 46
----------------------------
IIS optimality: suboptimal
IIS solution time: 8530.102
IIS Constraint: 1; goods; {good:1}
IIS Constraint: 2; goods; {good:2}
IIS Constraint: 3; goods; {good:3}
IIS Constraint: 4; goods; {good:4}
IIS Constraint: 8; goods; {good:8}
IIS Constraint: 10; goods; {good:10}
IIS Constraint: 11; goods; {good:11}
IIS Constraint: 14; goods; {good:14}
IIS Constraint: 15; goods; {good:15}
IIS Constraint: 16; goods; {good:16}
IIS Constraint: 18; goods; {good:18}
IIS Constraint: 19; goods; {good:19}
IIS Constraint: 20; goods; {good:20}
IIS Constraint: 34; query; {good:13,query:8}
IIS Constraint: 35; max; {f:1606.126,objective:max}
