IIS generation
Iter 1: 
Min Hitting Set: []
Min Correction Subset: [34]
Iter 2: 
Min Hitting Set: [34]
Min Correction Subset: [33]
Iter 3: 
Min Hitting Set: [33, 34]
Min Correction Subset: [5, 8]
Iter 4: 
Min Hitting Set: [5, 33, 34]
Min Correction Subset: [4, 7, 10]
Iter 5: 
Min Hitting Set: [4, 5, 33, 34]
Min Correction Subset: [3, 9, 12, 23]
Iter 6: 
Min Hitting Set: [3, 4, 5, 33, 34]
Min Correction Subset: [0, 1, 7, 18, 22]
Iter 7: 
Min Hitting Set: [3, 5, 7, 33, 34]
Min Correction Subset: [0, 4, 9, 12, 19, 20, 23, 25]
Iter 8: 
Min Hitting Set: [5, 7, 9, 33, 34]
Min Correction Subset: [3, 6, 10, 18, 21]
Iter 9: 
Min Hitting Set: [5, 9, 10, 18, 33, 34]
Min Correction Subset: [4, 7, 11, 12, 19]
Iter 10: 
Min Hitting Set: [5, 7, 12, 18, 33, 34]
Min Correction Subset: [2, 3, 6, 10, 22]
Iter 11: 
Min Hitting Set: [5, 7, 10, 12, 33, 34]
Min Correction Subset: [3, 4, 6, 11, 19, 21]
Optimal IIS
Instance: arbitrary-24-50-580000
----------------------------
Query: 7
Query element:16
Query scope: 0
Query scope: 1
Query scope: 2
Query scope: 3
Query scope: 4
Query scope: 6
Query scope: 13
Query scope: 14
Query scope: 15
Query scope: 16
Query scope: 17
Query scope: 18
Query scope: 19
Query scope: 20
Query scope: 21
Query scope: 22
Query scope: 23
Query scope: 24
Query scope: 26
Query scope: 27
Query scope: 28
Query scope: 29
Query scope: 30
Query scope: 32
Query scope: 35
Query scope: 36
Query scope: 38
Query scope: 40
Query scope: 42
Query scope: 44
Query scope: 45
Query scope: 51
----------------------------
IIS optimality: suboptimal
IIS solution time: 1068.543
IIS Constraint: 0; goods; {good:0}
IIS Constraint: 3; goods; {good:3}
IIS Constraint: 5; goods; {good:5}
IIS Constraint: 7; goods; {good:7}
IIS Constraint: 33; query; {good:16,query:7}
IIS Constraint: 34; max; {f:1428.8,objective:max}
