IIS generation
Iter 1: 
Min Hitting Set: []
Min Correction Subset: [35]
Iter 2: 
Min Hitting Set: [35]
Min Correction Subset: [34]
Iter 3: 
Min Hitting Set: [34, 35]
Min Correction Subset: [4, 21]
Iter 4: 
Min Hitting Set: [4, 34, 35]
Min Correction Subset: [9, 17]
Iter 5: 
Min Hitting Set: [4, 9, 34, 35]
Min Correction Subset: [8, 15]
Iter 6: 
Min Hitting Set: [4, 8, 9, 34, 35]
Min Correction Subset: [14, 17]
Iter 7: 
Min Hitting Set: [4, 8, 17, 34, 35]
Min Correction Subset: [2, 15]
Iter 8: 
Min Hitting Set: [4, 15, 17, 34, 35]
Min Correction Subset: [21, 23]
Iter 9: 
Min Hitting Set: [15, 17, 21, 34, 35]
Min Correction Subset: [6, 10]
Iter 10: 
Min Hitting Set: [6, 15, 17, 21, 34, 35]
Min Correction Subset: [3, 8]
Iter 11: 
Min Hitting Set: [6, 8, 15, 17, 21, 34, 35]
Min Correction Subset: [0, 28]
Iter 12: 
Min Hitting Set: [0, 6, 8, 15, 17, 21, 34, 35]
Min Correction Subset: [2, 3, 9]
Iter 13: 
Min Hitting Set: [0, 3, 6, 15, 17, 21, 34, 35]
Min Correction Subset: [2, 9, 11]
Iter 14: 
Min Hitting Set: [0, 2, 6, 8, 17, 21, 34, 35]
Min Correction Subset: [4, 9, 15]
Iter 15: 
Min Hitting Set: [0, 2, 6, 8, 9, 17, 21, 34, 35]
Min Correction Subset: [3, 11, 15]
Iter 16: 
Min Hitting Set: [0, 6, 8, 9, 15, 17, 21, 34, 35]
Min Correction Subset: [3, 11, 23]
Iter 17: 
Min Hitting Set: [0, 3, 6, 11, 15, 17, 21, 34, 35]
Min Correction Subset: [9, 18, 23]
Iter 18: 
Min Hitting Set: [0, 3, 6, 9, 15, 17, 21, 34, 35]
Min Correction Subset: [2, 11, 20]
Iter 19: 
Min Hitting Set: [0, 6, 8, 9, 11, 15, 17, 21, 34, 35]
Min Correction Subset: [3, 4, 20]
Iter 20: 
Min Hitting Set: [0, 3, 6, 11, 15, 17, 21, 23, 34, 35]
Min Correction Subset: [2, 4, 9]
Iter 21: 
Min Hitting Set: [0, 3, 4, 6, 11, 15, 17, 23, 34, 35]
Min Correction Subset: [20, 21]
Iter 22: 
Min Hitting Set: [0, 2, 3, 6, 8, 9, 17, 21, 34, 35]
Min Correction Subset: [11, 15, 26]
Iter 23: 
Min Hitting Set: [0, 3, 6, 9, 15, 17, 20, 21, 34, 35]
Min Correction Subset: [11, 12, 19, 33]
Iter 24: 
Min Hitting Set: [0, 3, 6, 9, 11, 15, 17, 21, 34, 35]
Min Correction Subset: [8, 14, 18, 20]
Iter 25: 
Min Hitting Set: [0, 3, 6, 9, 11, 14, 15, 21, 34, 35]
Min Correction Subset: [17, 20]
Iter 26: 
Min Hitting Set: [0, 3, 6, 9, 11, 15, 17, 18, 21, 34, 35]
Min Correction Subset: [1, 7, 13, 20]
Iter 27: 
Min Hitting Set: [0, 3, 4, 6, 11, 15, 17, 20, 23, 34, 35]
Min Correction Subset: [1, 13, 21]
Iter 28: 
Min Hitting Set: [0, 6, 8, 9, 11, 15, 17, 20, 21, 34, 35]
Min Correction Subset: [1, 3, 13]
Iter 29: 
Min Hitting Set: [0, 3, 6, 9, 11, 15, 17, 20, 21, 34, 35]
Min Correction Subset: [1, 5, 7, 13]
Iter 30: 
Min Hitting Set: [0, 1, 3, 6, 9, 11, 15, 17, 18, 21, 34, 35]
Min Correction Subset: [4, 13, 20, 26]
Iter 31: 
Min Hitting Set: [0, 3, 6, 9, 11, 13, 15, 17, 18, 21, 34, 35]
Min Correction Subset: [4, 5, 10, 30, 32]
Iter 32: 
Min Hitting Set: [0, 3, 9, 10, 11, 13, 15, 17, 18, 21, 34, 35]
Min Correction Subset: [2, 6, 20]
Iter 33: 
Min Hitting Set: [0, 8, 9, 10, 11, 13, 15, 17, 20, 21, 34, 35]
Min Correction Subset: [3, 6, 23]
Iter 34: 
Min Hitting Set: [0, 2, 3, 10, 11, 13, 15, 17, 18, 21, 34, 35]
Min Correction Subset: [1, 6, 23]
Iter 35: 
Min Hitting Set: [0, 3, 4, 10, 11, 13, 15, 17, 20, 23, 34, 35]
Min Correction Subset: [2, 9, 27]
Iter 36: 
Min Hitting Set: [0, 2, 4, 6, 8, 11, 13, 17, 21, 23, 34, 35]
Min Correction Subset: [5, 9, 15]
Iter 37: 
Min Hitting Set: [0, 1, 3, 9, 10, 11, 14, 15, 20, 21, 34, 35]
Min Correction Subset: [2, 6, 17]
Iter 38: 
Min Hitting Set: [0, 1, 3, 9, 10, 11, 15, 17, 20, 21, 34, 35]
Min Correction Subset: [2, 6, 18, 23]
Iter 39: 
Min Hitting Set: [0, 3, 5, 6, 9, 11, 14, 15, 20, 21, 34, 35]
Min Correction Subset: [1, 17]
Iter 40: 
Min Hitting Set: [0, 4, 6, 8, 9, 11, 13, 15, 17, 21, 34, 35]
Min Correction Subset: [1, 2, 3, 20]
Iter 41: 
Min Hitting Set: [0, 1, 4, 6, 8, 9, 11, 15, 17, 21, 34, 35]
Min Correction Subset: [2, 3, 14, 20]
Iter 42: 
Min Hitting Set: [0, 2, 4, 6, 8, 9, 11, 13, 17, 21, 34, 35]
Min Correction Subset: [14, 15, 18]
Iter 43: 
Min Hitting Set: [0, 3, 5, 6, 9, 11, 15, 17, 20, 21, 34, 35]
Min Correction Subset: [1, 7, 10, 13, 19]
Iter 44: 
Min Hitting Set: [0, 3, 5, 6, 9, 15, 17, 19, 20, 21, 34, 35]
Min Correction Subset: [11, 14, 18, 23, 28]
Iter 45: 
Min Hitting Set: [3, 5, 6, 9, 15, 17, 19, 20, 21, 28, 34, 35]
Min Correction Subset: [0, 2, 25]
Iter 46: 
Min Hitting Set: [0, 8, 9, 10, 11, 13, 15, 17, 20, 21, 23, 34, 35]
Min Correction Subset: [1, 2, 5, 6]
Iter 47: 
Min Hitting Set: [0, 6, 8, 9, 10, 11, 13, 15, 17, 20, 21, 34, 35]
Min Correction Subset: [1, 3, 4, 19, 30]
Iter 48: 
Min Hitting Set: [0, 4, 6, 8, 9, 11, 13, 15, 17, 20, 23, 34, 35]
Min Correction Subset: [12, 21, 29]
Iter 49: 
Min Hitting Set: [0, 4, 6, 8, 9, 12, 13, 15, 17, 20, 23, 34, 35]
Min Correction Subset: [1, 19, 21]
Iter 50: 
Min Hitting Set: [0, 2, 3, 4, 6, 12, 13, 15, 17, 18, 21, 34, 35]
Min Correction Subset: [1, 11, 20]
Iter 51: 
Min Hitting Set: [0, 3, 6, 9, 10, 11, 13, 14, 15, 17, 21, 34, 35]
Min Correction Subset: [8, 18, 20, 23]
Iter 52: 
Min Hitting Set: [0, 2, 4, 6, 8, 9, 11, 13, 14, 17, 21, 34, 35]
Min Correction Subset: [15, 23, 31]
Optimal IIS
Instance: arbitrary-24-50-220000
----------------------------
Query: 7
Query element:16
Query scope: 2
Query scope: 3
Query scope: 4
Query scope: 5
Query scope: 10
Query scope: 28
Query scope: 35
Query scope: 38
Query scope: 44
Query scope: 49
----------------------------
IIS optimality: suboptimal
IIS solution time: 7325.650
IIS Constraint: 0; goods; {good:0}
IIS Constraint: 3; goods; {good:3}
IIS Constraint: 5; goods; {good:5}
IIS Constraint: 6; goods; {good:6}
IIS Constraint: 9; goods; {good:9}
IIS Constraint: 11; goods; {good:11}
IIS Constraint: 13; goods; {good:13}
IIS Constraint: 15; goods; {good:15}
IIS Constraint: 17; goods; {good:17}
IIS Constraint: 18; goods; {good:18}
IIS Constraint: 21; goods; {good:21}
IIS Constraint: 34; query; {good:16,query:7}
IIS Constraint: 35; max; {f:1918.082,objective:max}
