IIS generation
Iter 1: 
Min Hitting Set: []
Min Correction Subset: [29]
Iter 2: 
Min Hitting Set: [29]
Min Correction Subset: [24]
Iter 3: 
Min Hitting Set: [24, 29]
Min Correction Subset: [25]
Iter 4: 
Min Hitting Set: [24, 25, 29]
Min Correction Subset: [26, 27]
Iter 5: 
Min Hitting Set: [24, 25, 26, 29]
Min Correction Subset: [27, 28]
Optimal IIS
Instance: scheduling-24-50-10000
----------------------------
Query: 9
Query element:26
Query element:19
Query scope: 43
Query scope: 44
Query scope: 45
Query scope: 46
Query scope: 47
Query scope: 48
Query scope: 49
Query scope: 50
Query scope: 51
Query scope: 52
Query scope: 53
Query scope: 15
Query scope: 16
Query scope: 17
Query scope: 18
Query scope: 19
Query scope: 38
Query scope: 39
----------------------------
IIS optimality: suboptimal
IIS solution time: 17.616
IIS Constraint: 24; goods; {good:24}
IIS Constraint: 25; goods; {good:25}
IIS Constraint: 27; query; {good:26,query:9}
IIS Constraint: 29; max; {f:20.2117,objective:max}
