------------------------------------------
---------------- Solution ----------------
------------------------------------------
0. Bid: 5 Goods: [11, 48, 52]
1. Bid: 15 Goods: [4, 46, 54]
2. Bid: 18 Goods: [31, 41, 55]
3. Bid: 24 Goods: [0, 42, 56]
4. Bid: 37 Goods: [17, 30, 57]
5. Bid: 40 Goods: [2, 13, 58]
6. Bid: 50 Goods: [10, 21, 59]
7. Bid: 66 Goods: [1, 15, 61]
8. Bid: 95 Goods: [5, 36, 64]
9. Bid: 101 Goods: [22, 33, 66]
10. Bid: 121 Goods: [18, 29, 68]
11. Bid: 152 Goods: [6, 44, 72]
12. Bid: 160 Goods: [8, 51, 73]
13. Bid: 166 Goods: [37, 50, 74]
14. Bid: 180 Goods: [25, 38, 76]
15. Bid: 192 Goods: [39, 49, 77]
16. Bid: 193 Goods: [34, 45, 78]
17. Bid: 196 Goods: [9, 40, 79]
Objective value: 97.52294
Solving time: 0.00576
