------------------------------------------
---------------- Solution ----------------
------------------------------------------
0. Bid: 0 Goods: [2, 40, 52]
1. Bid: 12 Goods: [29, 42, 54]
2. Bid: 18 Goods: [21, 35, 55]
3. Bid: 37 Goods: [25, 39, 58]
4. Bid: 47 Goods: [5, 18, 59]
5. Bid: 62 Goods: [37, 51, 60]
6. Bid: 63 Goods: [1, 14, 61]
7. Bid: 69 Goods: [0, 43, 62]
8. Bid: 86 Goods: [8, 50, 64]
9. Bid: 91 Goods: [13, 26, 65]
10. Bid: 118 Goods: [30, 41, 70]
11. Bid: 124 Goods: [7, 17, 71]
12. Bid: 146 Goods: [4, 46, 74]
13. Bid: 151 Goods: [11, 48, 75]
14. Bid: 161 Goods: [34, 45, 76]
15. Bid: 168 Goods: [6, 44, 78]
16. Bid: 186 Goods: [9, 22, 80]
17. Bid: 200 Goods: [33, 47, 82]
Objective value: 153.76011
Solving time: 0.00586
