------------------------------------------
---------------- Solution ----------------
------------------------------------------
0. Bid: 0 Goods: [25, 52]
1. Bid: 7 Goods: [48, 54]
2. Bid: 20 Goods: [20]
3. Bid: 38 Goods: [13, 40, 60]
4. Bid: 40 Goods: [42, 61]
5. Bid: 43 Goods: [0, 49]
6. Bid: 44 Goods: [4, 28, 62]
7. Bid: 53 Goods: [37, 64]
8. Bid: 55 Goods: [16]
9. Bid: 60 Goods: [39, 66]
10. Bid: 70 Goods: [5, 41]
11. Bid: 77 Goods: [22, 32, 33, 70]
12. Bid: 81 Goods: [15, 24]
13. Bid: 85 Goods: [17, 29, 72]
14. Bid: 90 Goods: [2, 43, 73]
15. Bid: 94 Goods: [31, 74]
16. Bid: 96 Goods: [1]
17. Bid: 109 Goods: [50, 78]
18. Bid: 111 Goods: [11, 21, 79]
19. Bid: 116 Goods: [23, 47, 80]
20. Bid: 127 Goods: [35, 83]
21. Bid: 140 Goods: [6, 85]
22. Bid: 142 Goods: [12, 44, 86]
23. Bid: 151 Goods: [26]
24. Bid: 152 Goods: [36, 88]
25. Bid: 157 Goods: [45, 89]
26. Bid: 162 Goods: [30, 90]
27. Bid: 167 Goods: [34, 3, 91]
28. Bid: 177 Goods: [7, 8]
29. Bid: 182 Goods: [18, 27, 93]
30. Bid: 186 Goods: [51]
31. Bid: 196 Goods: [19, 38, 9, 97]
Objective value: 22.278563
Solving time: 0.00768
