------------------------------------------
---------------- Solution ----------------
------------------------------------------
0. Bid: 8 Goods: [30, 40, 54]
1. Bid: 26 Goods: [2, 11, 32, 58]
2. Bid: 33 Goods: [14]
3. Bid: 35 Goods: [29, 41, 60]
4. Bid: 49 Goods: [51, 63]
5. Bid: 56 Goods: [1, 13, 18, 65]
6. Bid: 62 Goods: [44, 66]
7. Bid: 65 Goods: [49]
8. Bid: 66 Goods: [27]
9. Bid: 73 Goods: [43]
10. Bid: 75 Goods: [7, 38]
11. Bid: 87 Goods: [23, 39, 71]
12. Bid: 91 Goods: [3, 4, 5, 72]
13. Bid: 94 Goods: [21]
14. Bid: 95 Goods: [47, 73]
15. Bid: 100 Goods: [48, 75]
16. Bid: 109 Goods: [34, 77]
17. Bid: 114 Goods: [8, 45, 6, 10, 78]
18. Bid: 119 Goods: [25, 79]
19. Bid: 122 Goods: [36, 12, 80]
20. Bid: 125 Goods: [42, 35, 81]
21. Bid: 131 Goods: [24, 17]
22. Bid: 142 Goods: [22, 31, 46, 83]
23. Bid: 148 Goods: [26, 15, 19, 84]
24. Bid: 154 Goods: [9]
25. Bid: 155 Goods: [28, 86]
26. Bid: 173 Goods: [37, 89]
27. Bid: 180 Goods: [50, 91]
28. Bid: 191 Goods: [33, 0, 95]
29. Bid: 199 Goods: [20]
Objective value: 18.869092
Solving time: 0.00712
