------------------------------------------
---------------- Solution ----------------
------------------------------------------
0. Bid: 7 Goods: [28, 51, 53]
1. Bid: 12 Goods: [4, 19]
2. Bid: 13 Goods: [35]
3. Bid: 20 Goods: [23, 47, 55]
4. Bid: 21 Goods: [0]
5. Bid: 22 Goods: [8, 42, 56]
6. Bid: 26 Goods: [48, 57]
7. Bid: 41 Goods: [20, 30, 60]
8. Bid: 54 Goods: [6]
9. Bid: 55 Goods: [43, 64]
10. Bid: 60 Goods: [1, 50, 65]
11. Bid: 69 Goods: [32, 67]
12. Bid: 73 Goods: [29, 68]
13. Bid: 75 Goods: [36]
14. Bid: 80 Goods: [27, 70]
15. Bid: 88 Goods: [40, 72]
16. Bid: 93 Goods: [7]
17. Bid: 100 Goods: [3, 12, 24, 74]
18. Bid: 121 Goods: [16, 26, 77]
19. Bid: 122 Goods: [18]
20. Bid: 123 Goods: [5]
21. Bid: 124 Goods: [44, 78]
22. Bid: 127 Goods: [15]
23. Bid: 128 Goods: [11]
24. Bid: 129 Goods: [39, 79]
25. Bid: 134 Goods: [10, 17, 46, 80]
26. Bid: 145 Goods: [31, 49, 82]
27. Bid: 150 Goods: [14, 38]
28. Bid: 166 Goods: [2]
29. Bid: 167 Goods: [37, 22, 87]
30. Bid: 183 Goods: [25]
31. Bid: 184 Goods: [41, 90]
32. Bid: 193 Goods: [33, 21, 92]
Objective value: 19.377506
Solving time: 0.00744
