------------------------------------------
---------------- Solution ----------------
------------------------------------------
0. Bid: 3 Goods: [5, 42, 52]
1. Bid: 5 Goods: [49, 53]
2. Bid: 23 Goods: [25, 41, 57]
3. Bid: 31 Goods: [16, 30, 59]
4. Bid: 41 Goods: [20, 34, 61]
5. Bid: 44 Goods: [12, 26, 62]
6. Bid: 48 Goods: [2, 50, 63]
7. Bid: 54 Goods: [11, 18, 65]
8. Bid: 59 Goods: [21, 48, 67]
9. Bid: 76 Goods: [0, 43, 71]
10. Bid: 80 Goods: [1, 72]
11. Bid: 85 Goods: [32, 74]
12. Bid: 91 Goods: [45, 76]
13. Bid: 103 Goods: [46, 81]
14. Bid: 110 Goods: [9, 51, 82]
15. Bid: 114 Goods: [39, 7, 23, 35, 83]
16. Bid: 137 Goods: [24, 88]
17. Bid: 145 Goods: [4]
18. Bid: 148 Goods: [10]
19. Bid: 152 Goods: [19, 3, 93]
20. Bid: 166 Goods: [37, 29, 96]
21. Bid: 170 Goods: [38, 97]
22. Bid: 176 Goods: [15, 33, 98]
23. Bid: 178 Goods: [31, 14, 99]
24. Bid: 183 Goods: [17, 100]
25. Bid: 197 Goods: [27, 13, 6, 103]
26. Bid: 199 Goods: [8]
Objective value: 17.772871000000002
Solving time: 0.00727
