------------------------------------------
---------------- Solution ----------------
------------------------------------------
0. Bid: 5 Goods: [5, 53]
1. Bid: 8 Goods: [50, 54]
2. Bid: 26 Goods: [15, 27, 35, 57]
3. Bid: 33 Goods: [8, 13, 16, 34, 58]
4. Bid: 35 Goods: [43, 59]
5. Bid: 40 Goods: [25, 40, 60]
6. Bid: 66 Goods: [42]
7. Bid: 68 Goods: [10, 21, 38, 67]
8. Bid: 78 Goods: [20]
9. Bid: 79 Goods: [49, 69]
10. Bid: 82 Goods: [9, 26, 70]
11. Bid: 87 Goods: [32, 46, 71]
12. Bid: 92 Goods: [47, 72]
13. Bid: 102 Goods: [18, 28, 73]
14. Bid: 104 Goods: [17, 37, 74]
15. Bid: 109 Goods: [41, 76]
16. Bid: 113 Goods: [11]
17. Bid: 121 Goods: [44, 1, 79]
18. Bid: 131 Goods: [48, 22, 82]
19. Bid: 135 Goods: [23, 7, 6]
20. Bid: 139 Goods: [14, 45, 24, 83]
21. Bid: 150 Goods: [4, 86]
22. Bid: 163 Goods: [30]
23. Bid: 167 Goods: [33, 29, 90]
24. Bid: 170 Goods: [51, 91]
25. Bid: 179 Goods: [3, 2, 36, 12, 92]
Objective value: 21.290498
Solving time: 0.01131
