IIS generation
Instance: matching-256-1000-930000
----------------------------
Query: 8
Query element:19
Query scope: 153
Query scope: 154
----------------------------
IIS optimality: suboptimal
IIS solution time: 3511.31018
IIS Constraint: 0; goods; {good:0}
IIS Constraint: 4; goods; {good:4}
IIS Constraint: 8; goods; {good:8}
IIS Constraint: 22; goods; {good:22}
IIS Constraint: 24; goods; {good:24}
IIS Constraint: 32; goods; {good:32}
IIS Constraint: 33; goods; {good:33}
IIS Constraint: 35; goods; {good:35}
IIS Constraint: 36; goods; {good:36}
IIS Constraint: 37; goods; {good:37}
IIS Constraint: 39; goods; {good:39}
IIS Constraint: 40; goods; {good:40}
IIS Constraint: 41; goods; {good:41}
IIS Constraint: 42; goods; {good:42}
IIS Constraint: 43; goods; {good:43}
IIS Constraint: 44; goods; {good:44}
IIS Constraint: 45; goods; {good:45}
IIS Constraint: 47; goods; {good:47}
IIS Constraint: 48; goods; {good:48}
IIS Constraint: 51; goods; {good:51}
IIS Constraint: 52; goods; {good:52}
IIS Constraint: 53; goods; {good:53}
IIS Constraint: 55; goods; {good:55}
IIS Constraint: 56; goods; {good:56}
IIS Constraint: 59; goods; {good:59}
IIS Constraint: 60; goods; {good:60}
IIS Constraint: 63; goods; {good:63}
IIS Constraint: 64; goods; {good:64}
IIS Constraint: 65; goods; {good:65}
IIS Constraint: 67; goods; {good:67}
IIS Constraint: 68; goods; {good:68}
IIS Constraint: 69; goods; {good:69}
IIS Constraint: 71; goods; {good:71}
IIS Constraint: 72; goods; {good:72}
IIS Constraint: 73; goods; {good:73}
IIS Constraint: 74; goods; {good:74}
IIS Constraint: 75; goods; {good:75}
IIS Constraint: 76; goods; {good:76}
IIS Constraint: 77; goods; {good:77}
IIS Constraint: 78; goods; {good:78}
IIS Constraint: 79; goods; {good:79}
IIS Constraint: 80; goods; {good:80}
IIS Constraint: 81; goods; {good:81}
IIS Constraint: 82; goods; {good:82}
IIS Constraint: 84; goods; {good:84}
IIS Constraint: 85; goods; {good:85}
IIS Constraint: 86; goods; {good:86}
IIS Constraint: 89; goods; {good:89}
IIS Constraint: 90; goods; {good:90}
IIS Constraint: 92; goods; {good:92}
IIS Constraint: 93; goods; {good:93}
IIS Constraint: 94; goods; {good:94}
IIS Constraint: 97; goods; {good:97}
IIS Constraint: 98; goods; {good:98}
IIS Constraint: 100; goods; {good:100}
IIS Constraint: 102; goods; {good:102}
IIS Constraint: 103; goods; {good:103}
IIS Constraint: 112; goods; {good:112}
IIS Constraint: 113; goods; {good:113}
IIS Constraint: 115; goods; {good:115}
IIS Constraint: 117; goods; {good:117}
IIS Constraint: 119; goods; {good:119}
IIS Constraint: 121; goods; {good:121}
IIS Constraint: 125; goods; {good:125}
IIS Constraint: 126; goods; {good:126}
IIS Constraint: 130; goods; {good:130}
IIS Constraint: 132; goods; {good:132}
IIS Constraint: 134; goods; {good:134}
IIS Constraint: 136; goods; {good:136}
IIS Constraint: 137; goods; {good:137}
IIS Constraint: 138; goods; {good:138}
IIS Constraint: 140; goods; {good:140}
IIS Constraint: 141; goods; {good:141}
IIS Constraint: 142; goods; {good:142}
IIS Constraint: 144; goods; {good:144}
IIS Constraint: 145; goods; {good:145}
IIS Constraint: 146; goods; {good:146}
IIS Constraint: 148; goods; {good:148}
IIS Constraint: 149; goods; {good:149}
IIS Constraint: 150; goods; {good:150}
IIS Constraint: 152; goods; {good:152}
IIS Constraint: 153; goods; {good:153}
IIS Constraint: 154; goods; {good:154}
IIS Constraint: 156; goods; {good:156}
IIS Constraint: 157; goods; {good:157}
IIS Constraint: 158; goods; {good:158}
IIS Constraint: 160; goods; {good:160}
IIS Constraint: 161; goods; {good:161}
IIS Constraint: 162; goods; {good:162}
IIS Constraint: 164; goods; {good:164}
IIS Constraint: 165; goods; {good:165}
IIS Constraint: 166; goods; {good:166}
IIS Constraint: 168; goods; {good:168}
IIS Constraint: 170; goods; {good:170}
IIS Constraint: 172; goods; {good:172}
IIS Constraint: 174; goods; {good:174}
IIS Constraint: 176; goods; {good:176}
IIS Constraint: 180; goods; {good:180}
IIS Constraint: 184; goods; {good:184}
IIS Constraint: 188; goods; {good:188}
IIS Constraint: 189; goods; {good:189}
IIS Constraint: 196; goods; {good:196}
IIS Constraint: 198; goods; {good:198}
IIS Constraint: 200; goods; {good:200}
IIS Constraint: 202; goods; {good:202}
IIS Constraint: 206; goods; {good:206}
IIS Constraint: 209; goods; {good:209}
IIS Constraint: 213; goods; {good:213}
IIS Constraint: 217; goods; {good:217}
IIS Constraint: 221; goods; {good:221}
IIS Constraint: 225; goods; {good:225}
IIS Constraint: 257; goods; {good:257}
IIS Constraint: 258; goods; {good:258}
IIS Constraint: 259; goods; {good:259}
IIS Constraint: 260; goods; {good:260}
IIS Constraint: 261; goods; {good:261}
IIS Constraint: 262; goods; {good:262}
IIS Constraint: 263; goods; {good:263}
IIS Constraint: 264; goods; {good:264}
IIS Constraint: 265; goods; {good:265}
IIS Constraint: 267; goods; {good:267}
IIS Constraint: 268; goods; {good:268}
IIS Constraint: 269; goods; {good:269}
IIS Constraint: 273; goods; {good:273}
IIS Constraint: 276; goods; {good:276}
IIS Constraint: 277; goods; {good:277}
IIS Constraint: 279; goods; {good:279}
IIS Constraint: 280; goods; {good:280}
IIS Constraint: 281; goods; {good:281}
IIS Constraint: 282; goods; {good:282}
IIS Constraint: 284; goods; {good:284}
IIS Constraint: 285; goods; {good:285}
IIS Constraint: 287; goods; {good:287}
IIS Constraint: 288; goods; {good:288}
IIS Constraint: 292; goods; {good:292}
IIS Constraint: 293; goods; {good:293}
IIS Constraint: 296; goods; {good:296}
IIS Constraint: 298; goods; {good:298}
IIS Constraint: 299; goods; {good:299}
IIS Constraint: 300; goods; {good:300}
IIS Constraint: 301; goods; {good:301}
IIS Constraint: 302; goods; {good:302}
IIS Constraint: 303; goods; {good:303}
IIS Constraint: 306; goods; {good:306}
IIS Constraint: 309; goods; {good:309}
IIS Constraint: 310; goods; {good:310}
IIS Constraint: 311; goods; {good:311}
IIS Constraint: 314; goods; {good:314}
IIS Constraint: 315; goods; {good:315}
IIS Constraint: 316; goods; {good:316}
IIS Constraint: 318; goods; {good:318}
IIS Constraint: 322; goods; {good:322}
IIS Constraint: 323; goods; {good:323}
IIS Constraint: 324; goods; {good:324}
IIS Constraint: 325; goods; {good:325}
IIS Constraint: 326; goods; {good:326}
IIS Constraint: 327; goods; {good:327}
IIS Constraint: 329; goods; {good:329}
IIS Constraint: 330; goods; {good:330}
IIS Constraint: 332; goods; {good:332}
IIS Constraint: 334; goods; {good:334}
IIS Constraint: 335; goods; {good:335}
IIS Constraint: 336; goods; {good:336}
IIS Constraint: 338; goods; {good:338}
IIS Constraint: 339; goods; {good:339}
IIS Constraint: 340; goods; {good:340}
IIS Constraint: 341; goods; {good:341}
IIS Constraint: 343; goods; {good:343}
IIS Constraint: 349; goods; {good:349}
IIS Constraint: 351; goods; {good:351}
IIS Constraint: 352; goods; {good:352}
IIS Constraint: 353; goods; {good:353}
IIS Constraint: 354; goods; {good:354}
IIS Constraint: 355; goods; {good:355}
IIS Constraint: 357; goods; {good:357}
IIS Constraint: 359; query; {good:19,query:8}
IIS Constraint: 360; max; {f:369.3049,objective:max}
