IIS generation
Instance: scheduling-256-1000-530000
----------------------------
Query: 7
Query element:47
Query scope: 41
Query scope: 42
Query scope: 43
Query scope: 44
Query scope: 45
Query scope: 46
Query scope: 47
Query scope: 190
Query scope: 191
Query scope: 434
Query scope: 435
Query scope: 436
Query scope: 437
Query scope: 438
Query scope: 686
Query scope: 687
Query scope: 688
Query scope: 689
Query scope: 690
Query scope: 898
Query scope: 899
Query scope: 900
Query scope: 901
Query scope: 902
Query scope: 903
Query scope: 904
Query scope: 905
Query scope: 906
Query scope: 907
Query scope: 1010
Query scope: 1011
Query scope: 1012
Query scope: 1013
Query scope: 1014
Query scope: 1015
Query scope: 1016
Query scope: 1017
Query scope: 1018
Query scope: 1019
----------------------------
IIS optimality: optimal
IIS solution time: 0.02191
