IIS generation
Instance: paths-256-1000-340000
----------------------------
Query: 11
Query element:228
Query element:210
Query scope: 420
Query scope: 512
Query scope: 516
----------------------------
IIS optimality: suboptimal
IIS solution time: 6639.34413
IIS Constraint: 1; goods; {good:1}
IIS Constraint: 2; goods; {good:2}
IIS Constraint: 3; goods; {good:3}
IIS Constraint: 4; goods; {good:4}
IIS Constraint: 5; goods; {good:5}
IIS Constraint: 6; goods; {good:6}
IIS Constraint: 7; goods; {good:7}
IIS Constraint: 11; goods; {good:11}
IIS Constraint: 12; goods; {good:12}
IIS Constraint: 13; goods; {good:13}
IIS Constraint: 15; goods; {good:15}
IIS Constraint: 19; goods; {good:19}
IIS Constraint: 22; goods; {good:22}
IIS Constraint: 23; goods; {good:23}
IIS Constraint: 24; goods; {good:24}
IIS Constraint: 25; goods; {good:25}
IIS Constraint: 26; goods; {good:26}
IIS Constraint: 27; goods; {good:27}
IIS Constraint: 28; goods; {good:28}
IIS Constraint: 29; goods; {good:29}
IIS Constraint: 30; goods; {good:30}
IIS Constraint: 31; goods; {good:31}
IIS Constraint: 33; goods; {good:33}
IIS Constraint: 34; goods; {good:34}
IIS Constraint: 35; goods; {good:35}
IIS Constraint: 36; goods; {good:36}
IIS Constraint: 37; goods; {good:37}
IIS Constraint: 39; goods; {good:39}
IIS Constraint: 40; goods; {good:40}
IIS Constraint: 41; goods; {good:41}
IIS Constraint: 42; goods; {good:42}
IIS Constraint: 45; goods; {good:45}
IIS Constraint: 46; goods; {good:46}
IIS Constraint: 48; goods; {good:48}
IIS Constraint: 50; goods; {good:50}
IIS Constraint: 51; goods; {good:51}
IIS Constraint: 52; goods; {good:52}
IIS Constraint: 53; goods; {good:53}
IIS Constraint: 56; goods; {good:56}
IIS Constraint: 57; goods; {good:57}
IIS Constraint: 62; goods; {good:62}
IIS Constraint: 63; goods; {good:63}
IIS Constraint: 64; goods; {good:64}
IIS Constraint: 65; goods; {good:65}
IIS Constraint: 66; goods; {good:66}
IIS Constraint: 69; goods; {good:69}
IIS Constraint: 70; goods; {good:70}
IIS Constraint: 71; goods; {good:71}
IIS Constraint: 72; goods; {good:72}
IIS Constraint: 76; goods; {good:76}
IIS Constraint: 77; goods; {good:77}
IIS Constraint: 78; goods; {good:78}
IIS Constraint: 79; goods; {good:79}
IIS Constraint: 80; goods; {good:80}
IIS Constraint: 81; goods; {good:81}
IIS Constraint: 83; goods; {good:83}
IIS Constraint: 84; goods; {good:84}
IIS Constraint: 86; goods; {good:86}
IIS Constraint: 89; goods; {good:89}
IIS Constraint: 91; goods; {good:91}
IIS Constraint: 92; goods; {good:92}
IIS Constraint: 96; goods; {good:96}
IIS Constraint: 99; goods; {good:99}
IIS Constraint: 100; goods; {good:100}
IIS Constraint: 103; goods; {good:103}
IIS Constraint: 104; goods; {good:104}
IIS Constraint: 108; goods; {good:108}
IIS Constraint: 109; goods; {good:109}
IIS Constraint: 110; goods; {good:110}
IIS Constraint: 113; goods; {good:113}
IIS Constraint: 116; goods; {good:116}
IIS Constraint: 118; goods; {good:118}
IIS Constraint: 119; goods; {good:119}
IIS Constraint: 120; goods; {good:120}
IIS Constraint: 121; goods; {good:121}
IIS Constraint: 122; goods; {good:122}
IIS Constraint: 124; goods; {good:124}
IIS Constraint: 125; goods; {good:125}
IIS Constraint: 130; goods; {good:130}
IIS Constraint: 131; goods; {good:131}
IIS Constraint: 133; goods; {good:133}
IIS Constraint: 136; goods; {good:136}
IIS Constraint: 139; goods; {good:139}
IIS Constraint: 142; goods; {good:142}
IIS Constraint: 146; goods; {good:146}
IIS Constraint: 151; goods; {good:151}
IIS Constraint: 153; goods; {good:153}
IIS Constraint: 154; goods; {good:154}
IIS Constraint: 157; goods; {good:157}
IIS Constraint: 160; goods; {good:160}
IIS Constraint: 161; goods; {good:161}
IIS Constraint: 163; goods; {good:163}
IIS Constraint: 164; goods; {good:164}
IIS Constraint: 167; goods; {good:167}
IIS Constraint: 168; goods; {good:168}
IIS Constraint: 170; goods; {good:170}
IIS Constraint: 171; goods; {good:171}
IIS Constraint: 173; goods; {good:173}
IIS Constraint: 175; goods; {good:175}
IIS Constraint: 179; goods; {good:179}
IIS Constraint: 184; goods; {good:184}
IIS Constraint: 185; goods; {good:185}
IIS Constraint: 186; goods; {good:186}
IIS Constraint: 194; goods; {good:194}
IIS Constraint: 199; goods; {good:199}
IIS Constraint: 200; goods; {good:200}
IIS Constraint: 202; goods; {good:202}
IIS Constraint: 204; goods; {good:204}
IIS Constraint: 207; goods; {good:207}
IIS Constraint: 210; goods; {good:210}
IIS Constraint: 212; goods; {good:212}
IIS Constraint: 214; goods; {good:214}
IIS Constraint: 218; goods; {good:218}
IIS Constraint: 220; goods; {good:220}
IIS Constraint: 221; goods; {good:221}
IIS Constraint: 223; goods; {good:223}
IIS Constraint: 226; goods; {good:226}
IIS Constraint: 228; goods; {good:228}
IIS Constraint: 229; goods; {good:229}
IIS Constraint: 231; goods; {good:231}
IIS Constraint: 233; goods; {good:233}
IIS Constraint: 235; goods; {good:235}
IIS Constraint: 237; goods; {good:237}
IIS Constraint: 245; goods; {good:245}
IIS Constraint: 250; goods; {good:250}
IIS Constraint: 253; goods; {good:253}
IIS Constraint: 269; goods; {good:269}
IIS Constraint: 279; goods; {good:279}
IIS Constraint: 348; goods; {good:348}
IIS Constraint: 366; goods; {good:366}
IIS Constraint: 781; query; {goods:[228,210],query:11}
IIS Constraint: 782; max; {f:60.6518018,objective:max}
