IIS generation
Instance: matching-256-1000-710000
----------------------------
Query: 11
Query element:299
Query element:201
Query scope: 411
Query scope: 414
----------------------------
IIS optimality: suboptimal
IIS solution time: 4101.33431
IIS Constraint: 3; goods; {good:3}
IIS Constraint: 4; goods; {good:4}
IIS Constraint: 7; goods; {good:7}
IIS Constraint: 8; goods; {good:8}
IIS Constraint: 11; goods; {good:11}
IIS Constraint: 15; goods; {good:15}
IIS Constraint: 20; goods; {good:20}
IIS Constraint: 23; goods; {good:23}
IIS Constraint: 29; goods; {good:29}
IIS Constraint: 33; goods; {good:33}
IIS Constraint: 37; goods; {good:37}
IIS Constraint: 41; goods; {good:41}
IIS Constraint: 43; goods; {good:43}
IIS Constraint: 45; goods; {good:45}
IIS Constraint: 47; goods; {good:47}
IIS Constraint: 49; goods; {good:49}
IIS Constraint: 51; goods; {good:51}
IIS Constraint: 53; goods; {good:53}
IIS Constraint: 54; goods; {good:54}
IIS Constraint: 55; goods; {good:55}
IIS Constraint: 57; goods; {good:57}
IIS Constraint: 59; goods; {good:59}
IIS Constraint: 61; goods; {good:61}
IIS Constraint: 63; goods; {good:63}
IIS Constraint: 65; goods; {good:65}
IIS Constraint: 67; goods; {good:67}
IIS Constraint: 68; goods; {good:68}
IIS Constraint: 69; goods; {good:69}
IIS Constraint: 71; goods; {good:71}
IIS Constraint: 72; goods; {good:72}
IIS Constraint: 73; goods; {good:73}
IIS Constraint: 76; goods; {good:76}
IIS Constraint: 77; goods; {good:77}
IIS Constraint: 80; goods; {good:80}
IIS Constraint: 81; goods; {good:81}
IIS Constraint: 84; goods; {good:84}
IIS Constraint: 88; goods; {good:88}
IIS Constraint: 92; goods; {good:92}
IIS Constraint: 96; goods; {good:96}
IIS Constraint: 97; goods; {good:97}
IIS Constraint: 100; goods; {good:100}
IIS Constraint: 104; goods; {good:104}
IIS Constraint: 108; goods; {good:108}
IIS Constraint: 112; goods; {good:112}
IIS Constraint: 116; goods; {good:116}
IIS Constraint: 117; goods; {good:117}
IIS Constraint: 121; goods; {good:121}
IIS Constraint: 125; goods; {good:125}
IIS Constraint: 126; goods; {good:126}
IIS Constraint: 129; goods; {good:129}
IIS Constraint: 133; goods; {good:133}
IIS Constraint: 134; goods; {good:134}
IIS Constraint: 137; goods; {good:137}
IIS Constraint: 141; goods; {good:141}
IIS Constraint: 145; goods; {good:145}
IIS Constraint: 147; goods; {good:147}
IIS Constraint: 149; goods; {good:149}
IIS Constraint: 152; goods; {good:152}
IIS Constraint: 153; goods; {good:153}
IIS Constraint: 156; goods; {good:156}
IIS Constraint: 157; goods; {good:157}
IIS Constraint: 160; goods; {good:160}
IIS Constraint: 161; goods; {good:161}
IIS Constraint: 164; goods; {good:164}
IIS Constraint: 168; goods; {good:168}
IIS Constraint: 172; goods; {good:172}
IIS Constraint: 173; goods; {good:173}
IIS Constraint: 176; goods; {good:176}
IIS Constraint: 177; goods; {good:177}
IIS Constraint: 178; goods; {good:178}
IIS Constraint: 179; goods; {good:179}
IIS Constraint: 180; goods; {good:180}
IIS Constraint: 181; goods; {good:181}
IIS Constraint: 182; goods; {good:182}
IIS Constraint: 184; goods; {good:184}
IIS Constraint: 185; goods; {good:185}
IIS Constraint: 186; goods; {good:186}
IIS Constraint: 188; goods; {good:188}
IIS Constraint: 189; goods; {good:189}
IIS Constraint: 190; goods; {good:190}
IIS Constraint: 192; goods; {good:192}
IIS Constraint: 194; goods; {good:194}
IIS Constraint: 196; goods; {good:196}
IIS Constraint: 198; goods; {good:198}
IIS Constraint: 200; goods; {good:200}
IIS Constraint: 201; goods; {good:201}
IIS Constraint: 202; goods; {good:202}
IIS Constraint: 204; goods; {good:204}
IIS Constraint: 206; goods; {good:206}
IIS Constraint: 208; goods; {good:208}
IIS Constraint: 212; goods; {good:212}
IIS Constraint: 213; goods; {good:213}
IIS Constraint: 216; goods; {good:216}
IIS Constraint: 220; goods; {good:220}
IIS Constraint: 237; goods; {good:237}
IIS Constraint: 256; goods; {good:256}
IIS Constraint: 257; goods; {good:257}
IIS Constraint: 259; goods; {good:259}
IIS Constraint: 260; goods; {good:260}
IIS Constraint: 262; goods; {good:262}
IIS Constraint: 264; goods; {good:264}
IIS Constraint: 265; goods; {good:265}
IIS Constraint: 266; goods; {good:266}
IIS Constraint: 267; goods; {good:267}
IIS Constraint: 268; goods; {good:268}
IIS Constraint: 269; goods; {good:269}
IIS Constraint: 270; goods; {good:270}
IIS Constraint: 271; goods; {good:271}
IIS Constraint: 272; goods; {good:272}
IIS Constraint: 273; goods; {good:273}
IIS Constraint: 274; goods; {good:274}
IIS Constraint: 275; goods; {good:275}
IIS Constraint: 279; goods; {good:279}
IIS Constraint: 280; goods; {good:280}
IIS Constraint: 281; goods; {good:281}
IIS Constraint: 282; goods; {good:282}
IIS Constraint: 284; goods; {good:284}
IIS Constraint: 285; goods; {good:285}
IIS Constraint: 286; goods; {good:286}
IIS Constraint: 290; goods; {good:290}
IIS Constraint: 292; goods; {good:292}
IIS Constraint: 294; goods; {good:294}
IIS Constraint: 295; goods; {good:295}
IIS Constraint: 296; goods; {good:296}
IIS Constraint: 297; goods; {good:297}
IIS Constraint: 298; goods; {good:298}
IIS Constraint: 299; goods; {good:299}
IIS Constraint: 300; goods; {good:300}
IIS Constraint: 301; goods; {good:301}
IIS Constraint: 302; goods; {good:302}
IIS Constraint: 303; goods; {good:303}
IIS Constraint: 306; goods; {good:306}
IIS Constraint: 308; goods; {good:308}
IIS Constraint: 310; goods; {good:310}
IIS Constraint: 315; goods; {good:315}
IIS Constraint: 317; goods; {good:317}
IIS Constraint: 318; goods; {good:318}
IIS Constraint: 319; goods; {good:319}
IIS Constraint: 321; goods; {good:321}
IIS Constraint: 322; goods; {good:322}
IIS Constraint: 328; goods; {good:328}
IIS Constraint: 330; goods; {good:330}
IIS Constraint: 334; goods; {good:334}
IIS Constraint: 337; goods; {good:337}
IIS Constraint: 340; goods; {good:340}
IIS Constraint: 341; goods; {good:341}
IIS Constraint: 343; goods; {good:343}
IIS Constraint: 350; goods; {good:350}
IIS Constraint: 352; goods; {good:352}
IIS Constraint: 353; goods; {good:353}
IIS Constraint: 354; goods; {good:354}
IIS Constraint: 356; goods; {good:356}
IIS Constraint: 358; goods; {good:358}
IIS Constraint: 359; goods; {good:359}
IIS Constraint: 360; query; {goods:[299,201],query:11}
IIS Constraint: 361; max; {f:895.4017100000001,objective:max}
