IIS generation
Instance: matching-256-1000-320000
----------------------------
Query: 2
Query element:863
Query scope: 863
----------------------------
IIS optimality: suboptimal
IIS solution time: 2740.84167
IIS Constraint: 13; goods; {good:13}
IIS Constraint: 29; goods; {good:29}
IIS Constraint: 42; goods; {good:42}
IIS Constraint: 43; goods; {good:43}
IIS Constraint: 47; goods; {good:47}
IIS Constraint: 48; goods; {good:48}
IIS Constraint: 50; goods; {good:50}
IIS Constraint: 51; goods; {good:51}
IIS Constraint: 55; goods; {good:55}
IIS Constraint: 72; goods; {good:72}
IIS Constraint: 81; goods; {good:81}
IIS Constraint: 82; goods; {good:82}
IIS Constraint: 83; goods; {good:83}
IIS Constraint: 87; goods; {good:87}
IIS Constraint: 89; goods; {good:89}
IIS Constraint: 91; goods; {good:91}
IIS Constraint: 93; goods; {good:93}
IIS Constraint: 95; goods; {good:95}
IIS Constraint: 96; goods; {good:96}
IIS Constraint: 97; goods; {good:97}
IIS Constraint: 99; goods; {good:99}
IIS Constraint: 100; goods; {good:100}
IIS Constraint: 101; goods; {good:101}
IIS Constraint: 102; goods; {good:102}
IIS Constraint: 103; goods; {good:103}
IIS Constraint: 104; goods; {good:104}
IIS Constraint: 107; goods; {good:107}
IIS Constraint: 108; goods; {good:108}
IIS Constraint: 111; goods; {good:111}
IIS Constraint: 112; goods; {good:112}
IIS Constraint: 115; goods; {good:115}
IIS Constraint: 116; goods; {good:116}
IIS Constraint: 124; goods; {good:124}
IIS Constraint: 128; goods; {good:128}
IIS Constraint: 129; goods; {good:129}
IIS Constraint: 130; goods; {good:130}
IIS Constraint: 132; goods; {good:132}
IIS Constraint: 133; goods; {good:133}
IIS Constraint: 135; goods; {good:135}
IIS Constraint: 136; goods; {good:136}
IIS Constraint: 137; goods; {good:137}
IIS Constraint: 139; goods; {good:139}
IIS Constraint: 140; goods; {good:140}
IIS Constraint: 141; goods; {good:141}
IIS Constraint: 143; goods; {good:143}
IIS Constraint: 144; goods; {good:144}
IIS Constraint: 145; goods; {good:145}
IIS Constraint: 147; goods; {good:147}
IIS Constraint: 148; goods; {good:148}
IIS Constraint: 149; goods; {good:149}
IIS Constraint: 151; goods; {good:151}
IIS Constraint: 152; goods; {good:152}
IIS Constraint: 153; goods; {good:153}
IIS Constraint: 154; goods; {good:154}
IIS Constraint: 155; goods; {good:155}
IIS Constraint: 156; goods; {good:156}
IIS Constraint: 157; goods; {good:157}
IIS Constraint: 158; goods; {good:158}
IIS Constraint: 159; goods; {good:159}
IIS Constraint: 160; goods; {good:160}
IIS Constraint: 161; goods; {good:161}
IIS Constraint: 164; goods; {good:164}
IIS Constraint: 165; goods; {good:165}
IIS Constraint: 168; goods; {good:168}
IIS Constraint: 169; goods; {good:169}
IIS Constraint: 172; goods; {good:172}
IIS Constraint: 176; goods; {good:176}
IIS Constraint: 180; goods; {good:180}
IIS Constraint: 183; goods; {good:183}
IIS Constraint: 184; goods; {good:184}
IIS Constraint: 185; goods; {good:185}
IIS Constraint: 187; goods; {good:187}
IIS Constraint: 188; goods; {good:188}
IIS Constraint: 191; goods; {good:191}
IIS Constraint: 192; goods; {good:192}
IIS Constraint: 193; goods; {good:193}
IIS Constraint: 195; goods; {good:195}
IIS Constraint: 196; goods; {good:196}
IIS Constraint: 197; goods; {good:197}
IIS Constraint: 199; goods; {good:199}
IIS Constraint: 200; goods; {good:200}
IIS Constraint: 203; goods; {good:203}
IIS Constraint: 204; goods; {good:204}
IIS Constraint: 207; goods; {good:207}
IIS Constraint: 208; goods; {good:208}
IIS Constraint: 211; goods; {good:211}
IIS Constraint: 214; goods; {good:214}
IIS Constraint: 221; goods; {good:221}
IIS Constraint: 236; goods; {good:236}
IIS Constraint: 256; goods; {good:256}
IIS Constraint: 257; goods; {good:257}
IIS Constraint: 258; goods; {good:258}
IIS Constraint: 259; goods; {good:259}
IIS Constraint: 260; goods; {good:260}
IIS Constraint: 261; goods; {good:261}
IIS Constraint: 262; goods; {good:262}
IIS Constraint: 263; goods; {good:263}
IIS Constraint: 264; goods; {good:264}
IIS Constraint: 265; goods; {good:265}
IIS Constraint: 266; goods; {good:266}
IIS Constraint: 267; goods; {good:267}
IIS Constraint: 268; goods; {good:268}
IIS Constraint: 269; goods; {good:269}
IIS Constraint: 270; goods; {good:270}
IIS Constraint: 271; goods; {good:271}
IIS Constraint: 275; goods; {good:275}
IIS Constraint: 277; goods; {good:277}
IIS Constraint: 278; goods; {good:278}
IIS Constraint: 279; goods; {good:279}
IIS Constraint: 280; goods; {good:280}
IIS Constraint: 283; goods; {good:283}
IIS Constraint: 284; goods; {good:284}
IIS Constraint: 285; goods; {good:285}
IIS Constraint: 286; goods; {good:286}
IIS Constraint: 287; goods; {good:287}
IIS Constraint: 292; goods; {good:292}
IIS Constraint: 294; goods; {good:294}
IIS Constraint: 296; goods; {good:296}
IIS Constraint: 297; goods; {good:297}
IIS Constraint: 298; goods; {good:298}
IIS Constraint: 301; goods; {good:301}
IIS Constraint: 302; goods; {good:302}
IIS Constraint: 303; goods; {good:303}
IIS Constraint: 304; goods; {good:304}
IIS Constraint: 305; goods; {good:305}
IIS Constraint: 308; goods; {good:308}
IIS Constraint: 309; goods; {good:309}
IIS Constraint: 310; goods; {good:310}
IIS Constraint: 312; goods; {good:312}
IIS Constraint: 313; goods; {good:313}
IIS Constraint: 314; goods; {good:314}
IIS Constraint: 315; goods; {good:315}
IIS Constraint: 316; goods; {good:316}
IIS Constraint: 317; goods; {good:317}
IIS Constraint: 318; goods; {good:318}
IIS Constraint: 319; goods; {good:319}
IIS Constraint: 320; goods; {good:320}
IIS Constraint: 321; goods; {good:321}
IIS Constraint: 322; goods; {good:322}
IIS Constraint: 323; goods; {good:323}
IIS Constraint: 324; goods; {good:324}
IIS Constraint: 325; goods; {good:325}
IIS Constraint: 326; goods; {good:326}
IIS Constraint: 327; goods; {good:327}
IIS Constraint: 329; goods; {good:329}
IIS Constraint: 331; goods; {good:331}
IIS Constraint: 332; goods; {good:332}
IIS Constraint: 335; goods; {good:335}
IIS Constraint: 336; goods; {good:336}
IIS Constraint: 337; goods; {good:337}
IIS Constraint: 339; goods; {good:339}
IIS Constraint: 340; goods; {good:340}
IIS Constraint: 341; goods; {good:341}
IIS Constraint: 344; goods; {good:344}
IIS Constraint: 345; goods; {good:345}
IIS Constraint: 346; goods; {good:346}
IIS Constraint: 347; goods; {good:347}
IIS Constraint: 349; goods; {good:349}
IIS Constraint: 352; goods; {good:352}
IIS Constraint: 353; goods; {good:353}
IIS Constraint: 354; goods; {good:354}
IIS Constraint: 357; goods; {good:357}
IIS Constraint: 358; goods; {good:358}
IIS Constraint: 359; query; {bid:863,query:2}
IIS Constraint: 360; max; {f:464.74314,objective:max}
