IIS generation
Instance: scheduling-256-1000-40000
----------------------------
Query: 10
Query element:43
Query element:44
Query scope: 40
Query scope: 41
Query scope: 42
Query scope: 43
Query scope: 290
Query scope: 291
Query scope: 292
Query scope: 293
Query scope: 294
Query scope: 541
Query scope: 542
Query scope: 543
Query scope: 544
Query scope: 545
Query scope: 546
Query scope: 793
Query scope: 794
Query scope: 795
Query scope: 796
Query scope: 981
Query scope: 982
Query scope: 983
Query scope: 984
Query scope: 985
Query scope: 986
Query scope: 987
Query scope: 988
Query scope: 989
----------------------------
IIS optimality: optimal
IIS solution time: 0.03922
