IIS generation
Instance: paths-256-1000-830000
----------------------------
Query: 7
Query element:134
Query scope: 60
Query scope: 61
Query scope: 62
Query scope: 63
Query scope: 64
Query scope: 81
Query scope: 88
Query scope: 89
Query scope: 90
Query scope: 92
Query scope: 195
Query scope: 434
----------------------------
IIS optimality: suboptimal
IIS solution time: 34446.52435
IIS Constraint: 0; goods; {good:0}
IIS Constraint: 4; goods; {good:4}
IIS Constraint: 5; goods; {good:5}
IIS Constraint: 6; goods; {good:6}
IIS Constraint: 7; goods; {good:7}
IIS Constraint: 8; goods; {good:8}
IIS Constraint: 9; goods; {good:9}
IIS Constraint: 10; goods; {good:10}
IIS Constraint: 11; goods; {good:11}
IIS Constraint: 12; goods; {good:12}
IIS Constraint: 13; goods; {good:13}
IIS Constraint: 15; goods; {good:15}
IIS Constraint: 16; goods; {good:16}
IIS Constraint: 17; goods; {good:17}
IIS Constraint: 18; goods; {good:18}
IIS Constraint: 19; goods; {good:19}
IIS Constraint: 20; goods; {good:20}
IIS Constraint: 21; goods; {good:21}
IIS Constraint: 22; goods; {good:22}
IIS Constraint: 24; goods; {good:24}
IIS Constraint: 25; goods; {good:25}
IIS Constraint: 26; goods; {good:26}
IIS Constraint: 27; goods; {good:27}
IIS Constraint: 28; goods; {good:28}
IIS Constraint: 29; goods; {good:29}
IIS Constraint: 31; goods; {good:31}
IIS Constraint: 34; goods; {good:34}
IIS Constraint: 35; goods; {good:35}
IIS Constraint: 36; goods; {good:36}
IIS Constraint: 38; goods; {good:38}
IIS Constraint: 39; goods; {good:39}
IIS Constraint: 40; goods; {good:40}
IIS Constraint: 41; goods; {good:41}
IIS Constraint: 42; goods; {good:42}
IIS Constraint: 44; goods; {good:44}
IIS Constraint: 46; goods; {good:46}
IIS Constraint: 47; goods; {good:47}
IIS Constraint: 49; goods; {good:49}
IIS Constraint: 50; goods; {good:50}
IIS Constraint: 51; goods; {good:51}
IIS Constraint: 52; goods; {good:52}
IIS Constraint: 53; goods; {good:53}
IIS Constraint: 55; goods; {good:55}
IIS Constraint: 56; goods; {good:56}
IIS Constraint: 57; goods; {good:57}
IIS Constraint: 58; goods; {good:58}
IIS Constraint: 60; goods; {good:60}
IIS Constraint: 62; goods; {good:62}
IIS Constraint: 63; goods; {good:63}
IIS Constraint: 65; goods; {good:65}
IIS Constraint: 67; goods; {good:67}
IIS Constraint: 68; goods; {good:68}
IIS Constraint: 69; goods; {good:69}
IIS Constraint: 71; goods; {good:71}
IIS Constraint: 72; goods; {good:72}
IIS Constraint: 73; goods; {good:73}
IIS Constraint: 74; goods; {good:74}
IIS Constraint: 75; goods; {good:75}
IIS Constraint: 76; goods; {good:76}
IIS Constraint: 77; goods; {good:77}
IIS Constraint: 79; goods; {good:79}
IIS Constraint: 80; goods; {good:80}
IIS Constraint: 81; goods; {good:81}
IIS Constraint: 83; goods; {good:83}
IIS Constraint: 84; goods; {good:84}
IIS Constraint: 85; goods; {good:85}
IIS Constraint: 86; goods; {good:86}
IIS Constraint: 87; goods; {good:87}
IIS Constraint: 88; goods; {good:88}
IIS Constraint: 89; goods; {good:89}
IIS Constraint: 90; goods; {good:90}
IIS Constraint: 91; goods; {good:91}
IIS Constraint: 92; goods; {good:92}
IIS Constraint: 93; goods; {good:93}
IIS Constraint: 97; goods; {good:97}
IIS Constraint: 100; goods; {good:100}
IIS Constraint: 102; goods; {good:102}
IIS Constraint: 103; goods; {good:103}
IIS Constraint: 105; goods; {good:105}
IIS Constraint: 106; goods; {good:106}
IIS Constraint: 107; goods; {good:107}
IIS Constraint: 108; goods; {good:108}
IIS Constraint: 109; goods; {good:109}
IIS Constraint: 110; goods; {good:110}
IIS Constraint: 112; goods; {good:112}
IIS Constraint: 113; goods; {good:113}
IIS Constraint: 114; goods; {good:114}
IIS Constraint: 116; goods; {good:116}
IIS Constraint: 117; goods; {good:117}
IIS Constraint: 118; goods; {good:118}
IIS Constraint: 119; goods; {good:119}
IIS Constraint: 120; goods; {good:120}
IIS Constraint: 121; goods; {good:121}
IIS Constraint: 122; goods; {good:122}
IIS Constraint: 123; goods; {good:123}
IIS Constraint: 124; goods; {good:124}
IIS Constraint: 125; goods; {good:125}
IIS Constraint: 126; goods; {good:126}
IIS Constraint: 127; goods; {good:127}
IIS Constraint: 130; goods; {good:130}
IIS Constraint: 131; goods; {good:131}
IIS Constraint: 133; goods; {good:133}
IIS Constraint: 135; goods; {good:135}
IIS Constraint: 136; goods; {good:136}
IIS Constraint: 139; goods; {good:139}
IIS Constraint: 142; goods; {good:142}
IIS Constraint: 143; goods; {good:143}
IIS Constraint: 148; goods; {good:148}
IIS Constraint: 149; goods; {good:149}
IIS Constraint: 150; goods; {good:150}
IIS Constraint: 151; goods; {good:151}
IIS Constraint: 152; goods; {good:152}
IIS Constraint: 153; goods; {good:153}
IIS Constraint: 154; goods; {good:154}
IIS Constraint: 157; goods; {good:157}
IIS Constraint: 159; goods; {good:159}
IIS Constraint: 161; goods; {good:161}
IIS Constraint: 164; goods; {good:164}
IIS Constraint: 169; goods; {good:169}
IIS Constraint: 170; goods; {good:170}
IIS Constraint: 171; goods; {good:171}
IIS Constraint: 176; goods; {good:176}
IIS Constraint: 178; goods; {good:178}
IIS Constraint: 181; goods; {good:181}
IIS Constraint: 184; goods; {good:184}
IIS Constraint: 185; goods; {good:185}
IIS Constraint: 186; goods; {good:186}
IIS Constraint: 187; goods; {good:187}
IIS Constraint: 189; goods; {good:189}
IIS Constraint: 190; goods; {good:190}
IIS Constraint: 191; goods; {good:191}
IIS Constraint: 193; goods; {good:193}
IIS Constraint: 195; goods; {good:195}
IIS Constraint: 197; goods; {good:197}
IIS Constraint: 199; goods; {good:199}
IIS Constraint: 200; goods; {good:200}
IIS Constraint: 203; goods; {good:203}
IIS Constraint: 205; goods; {good:205}
IIS Constraint: 206; goods; {good:206}
IIS Constraint: 207; goods; {good:207}
IIS Constraint: 208; goods; {good:208}
IIS Constraint: 209; goods; {good:209}
IIS Constraint: 210; goods; {good:210}
IIS Constraint: 211; goods; {good:211}
IIS Constraint: 212; goods; {good:212}
IIS Constraint: 213; goods; {good:213}
IIS Constraint: 215; goods; {good:215}
IIS Constraint: 218; goods; {good:218}
IIS Constraint: 221; goods; {good:221}
IIS Constraint: 224; goods; {good:224}
IIS Constraint: 228; goods; {good:228}
IIS Constraint: 229; goods; {good:229}
IIS Constraint: 230; goods; {good:230}
IIS Constraint: 231; goods; {good:231}
IIS Constraint: 232; goods; {good:232}
IIS Constraint: 233; goods; {good:233}
IIS Constraint: 234; goods; {good:234}
IIS Constraint: 235; goods; {good:235}
IIS Constraint: 236; goods; {good:236}
IIS Constraint: 238; goods; {good:238}
IIS Constraint: 239; goods; {good:239}
IIS Constraint: 240; goods; {good:240}
IIS Constraint: 246; goods; {good:246}
IIS Constraint: 247; goods; {good:247}
IIS Constraint: 250; goods; {good:250}
IIS Constraint: 252; goods; {good:252}
IIS Constraint: 254; goods; {good:254}
IIS Constraint: 255; goods; {good:255}
IIS Constraint: 284; goods; {good:284}
IIS Constraint: 314; goods; {good:314}
IIS Constraint: 315; goods; {good:315}
IIS Constraint: 379; goods; {good:379}
IIS Constraint: 422; goods; {good:422}
IIS Constraint: 437; goods; {good:437}
IIS Constraint: 477; goods; {good:477}
IIS Constraint: 728; query; {good:134,query:7}
IIS Constraint: 729; max; {f:59.000823499999996,objective:max}
