IIS generation
Instance: paths-256-1000-30000
----------------------------
Query: 7
Query element:357
Query scope: 464
Query scope: 465
Query scope: 466
----------------------------
IIS optimality: suboptimal
IIS solution time: 7097.89034
IIS Constraint: 3; goods; {good:3}
IIS Constraint: 4; goods; {good:4}
IIS Constraint: 5; goods; {good:5}
IIS Constraint: 7; goods; {good:7}
IIS Constraint: 8; goods; {good:8}
IIS Constraint: 9; goods; {good:9}
IIS Constraint: 13; goods; {good:13}
IIS Constraint: 14; goods; {good:14}
IIS Constraint: 15; goods; {good:15}
IIS Constraint: 17; goods; {good:17}
IIS Constraint: 18; goods; {good:18}
IIS Constraint: 21; goods; {good:21}
IIS Constraint: 22; goods; {good:22}
IIS Constraint: 23; goods; {good:23}
IIS Constraint: 28; goods; {good:28}
IIS Constraint: 30; goods; {good:30}
IIS Constraint: 31; goods; {good:31}
IIS Constraint: 32; goods; {good:32}
IIS Constraint: 33; goods; {good:33}
IIS Constraint: 36; goods; {good:36}
IIS Constraint: 37; goods; {good:37}
IIS Constraint: 41; goods; {good:41}
IIS Constraint: 43; goods; {good:43}
IIS Constraint: 44; goods; {good:44}
IIS Constraint: 45; goods; {good:45}
IIS Constraint: 46; goods; {good:46}
IIS Constraint: 48; goods; {good:48}
IIS Constraint: 50; goods; {good:50}
IIS Constraint: 51; goods; {good:51}
IIS Constraint: 52; goods; {good:52}
IIS Constraint: 53; goods; {good:53}
IIS Constraint: 55; goods; {good:55}
IIS Constraint: 56; goods; {good:56}
IIS Constraint: 59; goods; {good:59}
IIS Constraint: 60; goods; {good:60}
IIS Constraint: 61; goods; {good:61}
IIS Constraint: 62; goods; {good:62}
IIS Constraint: 64; goods; {good:64}
IIS Constraint: 66; goods; {good:66}
IIS Constraint: 72; goods; {good:72}
IIS Constraint: 73; goods; {good:73}
IIS Constraint: 74; goods; {good:74}
IIS Constraint: 76; goods; {good:76}
IIS Constraint: 77; goods; {good:77}
IIS Constraint: 79; goods; {good:79}
IIS Constraint: 81; goods; {good:81}
IIS Constraint: 85; goods; {good:85}
IIS Constraint: 89; goods; {good:89}
IIS Constraint: 90; goods; {good:90}
IIS Constraint: 91; goods; {good:91}
IIS Constraint: 92; goods; {good:92}
IIS Constraint: 94; goods; {good:94}
IIS Constraint: 95; goods; {good:95}
IIS Constraint: 99; goods; {good:99}
IIS Constraint: 100; goods; {good:100}
IIS Constraint: 101; goods; {good:101}
IIS Constraint: 102; goods; {good:102}
IIS Constraint: 103; goods; {good:103}
IIS Constraint: 104; goods; {good:104}
IIS Constraint: 109; goods; {good:109}
IIS Constraint: 111; goods; {good:111}
IIS Constraint: 112; goods; {good:112}
IIS Constraint: 114; goods; {good:114}
IIS Constraint: 115; goods; {good:115}
IIS Constraint: 119; goods; {good:119}
IIS Constraint: 120; goods; {good:120}
IIS Constraint: 121; goods; {good:121}
IIS Constraint: 122; goods; {good:122}
IIS Constraint: 123; goods; {good:123}
IIS Constraint: 128; goods; {good:128}
IIS Constraint: 129; goods; {good:129}
IIS Constraint: 132; goods; {good:132}
IIS Constraint: 133; goods; {good:133}
IIS Constraint: 134; goods; {good:134}
IIS Constraint: 137; goods; {good:137}
IIS Constraint: 140; goods; {good:140}
IIS Constraint: 141; goods; {good:141}
IIS Constraint: 142; goods; {good:142}
IIS Constraint: 143; goods; {good:143}
IIS Constraint: 144; goods; {good:144}
IIS Constraint: 145; goods; {good:145}
IIS Constraint: 146; goods; {good:146}
IIS Constraint: 148; goods; {good:148}
IIS Constraint: 150; goods; {good:150}
IIS Constraint: 163; goods; {good:163}
IIS Constraint: 164; goods; {good:164}
IIS Constraint: 169; goods; {good:169}
IIS Constraint: 171; goods; {good:171}
IIS Constraint: 174; goods; {good:174}
IIS Constraint: 179; goods; {good:179}
IIS Constraint: 180; goods; {good:180}
IIS Constraint: 185; goods; {good:185}
IIS Constraint: 186; goods; {good:186}
IIS Constraint: 189; goods; {good:189}
IIS Constraint: 191; goods; {good:191}
IIS Constraint: 195; goods; {good:195}
IIS Constraint: 199; goods; {good:199}
IIS Constraint: 203; goods; {good:203}
IIS Constraint: 207; goods; {good:207}
IIS Constraint: 208; goods; {good:208}
IIS Constraint: 209; goods; {good:209}
IIS Constraint: 210; goods; {good:210}
IIS Constraint: 214; goods; {good:214}
IIS Constraint: 220; goods; {good:220}
IIS Constraint: 224; goods; {good:224}
IIS Constraint: 227; goods; {good:227}
IIS Constraint: 229; goods; {good:229}
IIS Constraint: 230; goods; {good:230}
IIS Constraint: 234; goods; {good:234}
IIS Constraint: 238; goods; {good:238}
IIS Constraint: 239; goods; {good:239}
IIS Constraint: 244; goods; {good:244}
IIS Constraint: 246; goods; {good:246}
IIS Constraint: 247; goods; {good:247}
IIS Constraint: 250; goods; {good:250}
IIS Constraint: 252; goods; {good:252}
IIS Constraint: 291; goods; {good:291}
IIS Constraint: 299; goods; {good:299}
IIS Constraint: 333; goods; {good:333}
IIS Constraint: 370; goods; {good:370}
IIS Constraint: 684; query; {good:357,query:7}
IIS Constraint: 685; max; {f:58.784726000000006,objective:max}
