IIS generation
Instance: regions-256-1000-550000
----------------------------
Query: 11
Query element:90
Query element:92
Query scope: 30
Query scope: 134
Query scope: 179
Query scope: 185
Query scope: 261
Query scope: 287
Query scope: 292
Query scope: 426
Query scope: 427
Query scope: 511
Query scope: 743
Query scope: 744
Query scope: 754
Query scope: 939
Query scope: 955
Query scope: 979
Query scope: 982
Query scope: 986
----------------------------
IIS optimality: optimal
IIS solution time: 35999.97007
