IIS generation
Instance: paths-256-1000-50000
----------------------------
Query: 8
Query element:253
Query scope: 228
Query scope: 229
Query scope: 767
----------------------------
IIS optimality: suboptimal
IIS solution time: 8824.63248
IIS Constraint: 0; goods; {good:0}
IIS Constraint: 5; goods; {good:5}
IIS Constraint: 6; goods; {good:6}
IIS Constraint: 7; goods; {good:7}
IIS Constraint: 8; goods; {good:8}
IIS Constraint: 9; goods; {good:9}
IIS Constraint: 10; goods; {good:10}
IIS Constraint: 11; goods; {good:11}
IIS Constraint: 12; goods; {good:12}
IIS Constraint: 13; goods; {good:13}
IIS Constraint: 14; goods; {good:14}
IIS Constraint: 16; goods; {good:16}
IIS Constraint: 18; goods; {good:18}
IIS Constraint: 20; goods; {good:20}
IIS Constraint: 22; goods; {good:22}
IIS Constraint: 25; goods; {good:25}
IIS Constraint: 26; goods; {good:26}
IIS Constraint: 27; goods; {good:27}
IIS Constraint: 28; goods; {good:28}
IIS Constraint: 30; goods; {good:30}
IIS Constraint: 33; goods; {good:33}
IIS Constraint: 34; goods; {good:34}
IIS Constraint: 35; goods; {good:35}
IIS Constraint: 39; goods; {good:39}
IIS Constraint: 40; goods; {good:40}
IIS Constraint: 42; goods; {good:42}
IIS Constraint: 45; goods; {good:45}
IIS Constraint: 47; goods; {good:47}
IIS Constraint: 48; goods; {good:48}
IIS Constraint: 50; goods; {good:50}
IIS Constraint: 51; goods; {good:51}
IIS Constraint: 52; goods; {good:52}
IIS Constraint: 55; goods; {good:55}
IIS Constraint: 56; goods; {good:56}
IIS Constraint: 57; goods; {good:57}
IIS Constraint: 58; goods; {good:58}
IIS Constraint: 60; goods; {good:60}
IIS Constraint: 64; goods; {good:64}
IIS Constraint: 65; goods; {good:65}
IIS Constraint: 66; goods; {good:66}
IIS Constraint: 67; goods; {good:67}
IIS Constraint: 69; goods; {good:69}
IIS Constraint: 72; goods; {good:72}
IIS Constraint: 74; goods; {good:74}
IIS Constraint: 75; goods; {good:75}
IIS Constraint: 76; goods; {good:76}
IIS Constraint: 79; goods; {good:79}
IIS Constraint: 81; goods; {good:81}
IIS Constraint: 85; goods; {good:85}
IIS Constraint: 86; goods; {good:86}
IIS Constraint: 87; goods; {good:87}
IIS Constraint: 88; goods; {good:88}
IIS Constraint: 90; goods; {good:90}
IIS Constraint: 92; goods; {good:92}
IIS Constraint: 96; goods; {good:96}
IIS Constraint: 97; goods; {good:97}
IIS Constraint: 100; goods; {good:100}
IIS Constraint: 105; goods; {good:105}
IIS Constraint: 106; goods; {good:106}
IIS Constraint: 107; goods; {good:107}
IIS Constraint: 108; goods; {good:108}
IIS Constraint: 109; goods; {good:109}
IIS Constraint: 110; goods; {good:110}
IIS Constraint: 111; goods; {good:111}
IIS Constraint: 112; goods; {good:112}
IIS Constraint: 116; goods; {good:116}
IIS Constraint: 117; goods; {good:117}
IIS Constraint: 118; goods; {good:118}
IIS Constraint: 120; goods; {good:120}
IIS Constraint: 121; goods; {good:121}
IIS Constraint: 122; goods; {good:122}
IIS Constraint: 123; goods; {good:123}
IIS Constraint: 124; goods; {good:124}
IIS Constraint: 125; goods; {good:125}
IIS Constraint: 127; goods; {good:127}
IIS Constraint: 130; goods; {good:130}
IIS Constraint: 134; goods; {good:134}
IIS Constraint: 136; goods; {good:136}
IIS Constraint: 139; goods; {good:139}
IIS Constraint: 144; goods; {good:144}
IIS Constraint: 145; goods; {good:145}
IIS Constraint: 147; goods; {good:147}
IIS Constraint: 148; goods; {good:148}
IIS Constraint: 149; goods; {good:149}
IIS Constraint: 153; goods; {good:153}
IIS Constraint: 154; goods; {good:154}
IIS Constraint: 161; goods; {good:161}
IIS Constraint: 163; goods; {good:163}
IIS Constraint: 165; goods; {good:165}
IIS Constraint: 166; goods; {good:166}
IIS Constraint: 170; goods; {good:170}
IIS Constraint: 171; goods; {good:171}
IIS Constraint: 177; goods; {good:177}
IIS Constraint: 181; goods; {good:181}
IIS Constraint: 186; goods; {good:186}
IIS Constraint: 188; goods; {good:188}
IIS Constraint: 189; goods; {good:189}
IIS Constraint: 197; goods; {good:197}
IIS Constraint: 206; goods; {good:206}
IIS Constraint: 212; goods; {good:212}
IIS Constraint: 213; goods; {good:213}
IIS Constraint: 215; goods; {good:215}
IIS Constraint: 216; goods; {good:216}
IIS Constraint: 217; goods; {good:217}
IIS Constraint: 225; goods; {good:225}
IIS Constraint: 226; goods; {good:226}
IIS Constraint: 227; goods; {good:227}
IIS Constraint: 230; goods; {good:230}
IIS Constraint: 231; goods; {good:231}
IIS Constraint: 232; goods; {good:232}
IIS Constraint: 233; goods; {good:233}
IIS Constraint: 234; goods; {good:234}
IIS Constraint: 237; goods; {good:237}
IIS Constraint: 238; goods; {good:238}
IIS Constraint: 240; goods; {good:240}
IIS Constraint: 243; goods; {good:243}
IIS Constraint: 245; goods; {good:245}
IIS Constraint: 254; goods; {good:254}
IIS Constraint: 257; goods; {good:257}
IIS Constraint: 278; goods; {good:278}
IIS Constraint: 280; goods; {good:280}
IIS Constraint: 299; goods; {good:299}
IIS Constraint: 308; goods; {good:308}
IIS Constraint: 310; goods; {good:310}
IIS Constraint: 344; goods; {good:344}
IIS Constraint: 345; goods; {good:345}
IIS Constraint: 370; goods; {good:370}
IIS Constraint: 401; goods; {good:401}
IIS Constraint: 701; query; {good:253,query:8}
IIS Constraint: 702; max; {f:59.7611178,objective:max}
