IIS generation
Instance: paths-256-1000-440000
----------------------------
Query: 9
Query element:107
Query element:221
Query scope: 193
Query scope: 278
Query scope: 376
Query scope: 573
Query scope: 575
Query scope: 576
Query scope: 709
Query scope: 710
Query scope: 711
Query scope: 810
Query scope: 812
Query scope: 813
Query scope: 844
Query scope: 999
Query scope: 1001
Query scope: 525
Query scope: 527
----------------------------
IIS optimality: suboptimal
IIS solution time: 9257.13288
IIS Constraint: 0; goods; {good:0}
IIS Constraint: 1; goods; {good:1}
IIS Constraint: 2; goods; {good:2}
IIS Constraint: 3; goods; {good:3}
IIS Constraint: 4; goods; {good:4}
IIS Constraint: 5; goods; {good:5}
IIS Constraint: 6; goods; {good:6}
IIS Constraint: 7; goods; {good:7}
IIS Constraint: 8; goods; {good:8}
IIS Constraint: 9; goods; {good:9}
IIS Constraint: 10; goods; {good:10}
IIS Constraint: 11; goods; {good:11}
IIS Constraint: 14; goods; {good:14}
IIS Constraint: 18; goods; {good:18}
IIS Constraint: 19; goods; {good:19}
IIS Constraint: 20; goods; {good:20}
IIS Constraint: 21; goods; {good:21}
IIS Constraint: 22; goods; {good:22}
IIS Constraint: 23; goods; {good:23}
IIS Constraint: 26; goods; {good:26}
IIS Constraint: 27; goods; {good:27}
IIS Constraint: 29; goods; {good:29}
IIS Constraint: 31; goods; {good:31}
IIS Constraint: 32; goods; {good:32}
IIS Constraint: 34; goods; {good:34}
IIS Constraint: 35; goods; {good:35}
IIS Constraint: 38; goods; {good:38}
IIS Constraint: 39; goods; {good:39}
IIS Constraint: 40; goods; {good:40}
IIS Constraint: 41; goods; {good:41}
IIS Constraint: 42; goods; {good:42}
IIS Constraint: 44; goods; {good:44}
IIS Constraint: 48; goods; {good:48}
IIS Constraint: 49; goods; {good:49}
IIS Constraint: 50; goods; {good:50}
IIS Constraint: 51; goods; {good:51}
IIS Constraint: 55; goods; {good:55}
IIS Constraint: 56; goods; {good:56}
IIS Constraint: 57; goods; {good:57}
IIS Constraint: 59; goods; {good:59}
IIS Constraint: 61; goods; {good:61}
IIS Constraint: 64; goods; {good:64}
IIS Constraint: 66; goods; {good:66}
IIS Constraint: 67; goods; {good:67}
IIS Constraint: 68; goods; {good:68}
IIS Constraint: 70; goods; {good:70}
IIS Constraint: 71; goods; {good:71}
IIS Constraint: 74; goods; {good:74}
IIS Constraint: 75; goods; {good:75}
IIS Constraint: 78; goods; {good:78}
IIS Constraint: 79; goods; {good:79}
IIS Constraint: 80; goods; {good:80}
IIS Constraint: 81; goods; {good:81}
IIS Constraint: 82; goods; {good:82}
IIS Constraint: 84; goods; {good:84}
IIS Constraint: 85; goods; {good:85}
IIS Constraint: 86; goods; {good:86}
IIS Constraint: 88; goods; {good:88}
IIS Constraint: 94; goods; {good:94}
IIS Constraint: 95; goods; {good:95}
IIS Constraint: 96; goods; {good:96}
IIS Constraint: 98; goods; {good:98}
IIS Constraint: 101; goods; {good:101}
IIS Constraint: 102; goods; {good:102}
IIS Constraint: 104; goods; {good:104}
IIS Constraint: 105; goods; {good:105}
IIS Constraint: 106; goods; {good:106}
IIS Constraint: 108; goods; {good:108}
IIS Constraint: 109; goods; {good:109}
IIS Constraint: 110; goods; {good:110}
IIS Constraint: 111; goods; {good:111}
IIS Constraint: 112; goods; {good:112}
IIS Constraint: 113; goods; {good:113}
IIS Constraint: 118; goods; {good:118}
IIS Constraint: 129; goods; {good:129}
IIS Constraint: 130; goods; {good:130}
IIS Constraint: 131; goods; {good:131}
IIS Constraint: 136; goods; {good:136}
IIS Constraint: 138; goods; {good:138}
IIS Constraint: 140; goods; {good:140}
IIS Constraint: 141; goods; {good:141}
IIS Constraint: 142; goods; {good:142}
IIS Constraint: 144; goods; {good:144}
IIS Constraint: 145; goods; {good:145}
IIS Constraint: 146; goods; {good:146}
IIS Constraint: 148; goods; {good:148}
IIS Constraint: 149; goods; {good:149}
IIS Constraint: 150; goods; {good:150}
IIS Constraint: 151; goods; {good:151}
IIS Constraint: 152; goods; {good:152}
IIS Constraint: 156; goods; {good:156}
IIS Constraint: 157; goods; {good:157}
IIS Constraint: 160; goods; {good:160}
IIS Constraint: 162; goods; {good:162}
IIS Constraint: 163; goods; {good:163}
IIS Constraint: 164; goods; {good:164}
IIS Constraint: 166; goods; {good:166}
IIS Constraint: 167; goods; {good:167}
IIS Constraint: 168; goods; {good:168}
IIS Constraint: 170; goods; {good:170}
IIS Constraint: 172; goods; {good:172}
IIS Constraint: 173; goods; {good:173}
IIS Constraint: 174; goods; {good:174}
IIS Constraint: 175; goods; {good:175}
IIS Constraint: 176; goods; {good:176}
IIS Constraint: 177; goods; {good:177}
IIS Constraint: 180; goods; {good:180}
IIS Constraint: 184; goods; {good:184}
IIS Constraint: 185; goods; {good:185}
IIS Constraint: 188; goods; {good:188}
IIS Constraint: 189; goods; {good:189}
IIS Constraint: 191; goods; {good:191}
IIS Constraint: 193; goods; {good:193}
IIS Constraint: 197; goods; {good:197}
IIS Constraint: 198; goods; {good:198}
IIS Constraint: 201; goods; {good:201}
IIS Constraint: 203; goods; {good:203}
IIS Constraint: 205; goods; {good:205}
IIS Constraint: 208; goods; {good:208}
IIS Constraint: 209; goods; {good:209}
IIS Constraint: 212; goods; {good:212}
IIS Constraint: 213; goods; {good:213}
IIS Constraint: 217; goods; {good:217}
IIS Constraint: 218; goods; {good:218}
IIS Constraint: 222; goods; {good:222}
IIS Constraint: 223; goods; {good:223}
IIS Constraint: 228; goods; {good:228}
IIS Constraint: 229; goods; {good:229}
IIS Constraint: 230; goods; {good:230}
IIS Constraint: 231; goods; {good:231}
IIS Constraint: 234; goods; {good:234}
IIS Constraint: 235; goods; {good:235}
IIS Constraint: 237; goods; {good:237}
IIS Constraint: 240; goods; {good:240}
IIS Constraint: 242; goods; {good:242}
IIS Constraint: 244; goods; {good:244}
IIS Constraint: 245; goods; {good:245}
IIS Constraint: 249; goods; {good:249}
IIS Constraint: 296; goods; {good:296}
IIS Constraint: 355; goods; {good:355}
IIS Constraint: 381; goods; {good:381}
IIS Constraint: 419; goods; {good:419}
IIS Constraint: 709; query; {good:107,query:9}
IIS Constraint: 711; max; {f:58.890488000000005,objective:max}
