IIS generation
Instance: matching-256-1000-10000
----------------------------
Query: 1
Query element:4
Query scope: 4
----------------------------
IIS optimality: suboptimal
IIS solution time: 13447.32898
IIS Constraint: 21; goods; {good:21}
IIS Constraint: 25; goods; {good:25}
IIS Constraint: 29; goods; {good:29}
IIS Constraint: 33; goods; {good:33}
IIS Constraint: 35; goods; {good:35}
IIS Constraint: 37; goods; {good:37}
IIS Constraint: 39; goods; {good:39}
IIS Constraint: 40; goods; {good:40}
IIS Constraint: 41; goods; {good:41}
IIS Constraint: 44; goods; {good:44}
IIS Constraint: 45; goods; {good:45}
IIS Constraint: 47; goods; {good:47}
IIS Constraint: 48; goods; {good:48}
IIS Constraint: 49; goods; {good:49}
IIS Constraint: 53; goods; {good:53}
IIS Constraint: 57; goods; {good:57}
IIS Constraint: 58; goods; {good:58}
IIS Constraint: 59; goods; {good:59}
IIS Constraint: 61; goods; {good:61}
IIS Constraint: 62; goods; {good:62}
IIS Constraint: 64; goods; {good:64}
IIS Constraint: 65; goods; {good:65}
IIS Constraint: 66; goods; {good:66}
IIS Constraint: 69; goods; {good:69}
IIS Constraint: 73; goods; {good:73}
IIS Constraint: 82; goods; {good:82}
IIS Constraint: 84; goods; {good:84}
IIS Constraint: 85; goods; {good:85}
IIS Constraint: 89; goods; {good:89}
IIS Constraint: 92; goods; {good:92}
IIS Constraint: 93; goods; {good:93}
IIS Constraint: 94; goods; {good:94}
IIS Constraint: 97; goods; {good:97}
IIS Constraint: 101; goods; {good:101}
IIS Constraint: 105; goods; {good:105}
IIS Constraint: 108; goods; {good:108}
IIS Constraint: 109; goods; {good:109}
IIS Constraint: 113; goods; {good:113}
IIS Constraint: 116; goods; {good:116}
IIS Constraint: 117; goods; {good:117}
IIS Constraint: 118; goods; {good:118}
IIS Constraint: 120; goods; {good:120}
IIS Constraint: 121; goods; {good:121}
IIS Constraint: 122; goods; {good:122}
IIS Constraint: 125; goods; {good:125}
IIS Constraint: 129; goods; {good:129}
IIS Constraint: 133; goods; {good:133}
IIS Constraint: 134; goods; {good:134}
IIS Constraint: 140; goods; {good:140}
IIS Constraint: 142; goods; {good:142}
IIS Constraint: 144; goods; {good:144}
IIS Constraint: 146; goods; {good:146}
IIS Constraint: 148; goods; {good:148}
IIS Constraint: 150; goods; {good:150}
IIS Constraint: 151; goods; {good:151}
IIS Constraint: 152; goods; {good:152}
IIS Constraint: 154; goods; {good:154}
IIS Constraint: 155; goods; {good:155}
IIS Constraint: 156; goods; {good:156}
IIS Constraint: 157; goods; {good:157}
IIS Constraint: 158; goods; {good:158}
IIS Constraint: 159; goods; {good:159}
IIS Constraint: 160; goods; {good:160}
IIS Constraint: 161; goods; {good:161}
IIS Constraint: 162; goods; {good:162}
IIS Constraint: 163; goods; {good:163}
IIS Constraint: 164; goods; {good:164}
IIS Constraint: 165; goods; {good:165}
IIS Constraint: 166; goods; {good:166}
IIS Constraint: 167; goods; {good:167}
IIS Constraint: 168; goods; {good:168}
IIS Constraint: 169; goods; {good:169}
IIS Constraint: 170; goods; {good:170}
IIS Constraint: 171; goods; {good:171}
IIS Constraint: 172; goods; {good:172}
IIS Constraint: 173; goods; {good:173}
IIS Constraint: 174; goods; {good:174}
IIS Constraint: 175; goods; {good:175}
IIS Constraint: 176; goods; {good:176}
IIS Constraint: 177; goods; {good:177}
IIS Constraint: 178; goods; {good:178}
IIS Constraint: 179; goods; {good:179}
IIS Constraint: 180; goods; {good:180}
IIS Constraint: 182; goods; {good:182}
IIS Constraint: 183; goods; {good:183}
IIS Constraint: 184; goods; {good:184}
IIS Constraint: 187; goods; {good:187}
IIS Constraint: 188; goods; {good:188}
IIS Constraint: 189; goods; {good:189}
IIS Constraint: 191; goods; {good:191}
IIS Constraint: 192; goods; {good:192}
IIS Constraint: 193; goods; {good:193}
IIS Constraint: 194; goods; {good:194}
IIS Constraint: 196; goods; {good:196}
IIS Constraint: 197; goods; {good:197}
IIS Constraint: 198; goods; {good:198}
IIS Constraint: 200; goods; {good:200}
IIS Constraint: 201; goods; {good:201}
IIS Constraint: 205; goods; {good:205}
IIS Constraint: 206; goods; {good:206}
IIS Constraint: 229; goods; {good:229}
IIS Constraint: 256; goods; {good:256}
IIS Constraint: 257; goods; {good:257}
IIS Constraint: 258; goods; {good:258}
IIS Constraint: 259; goods; {good:259}
IIS Constraint: 260; goods; {good:260}
IIS Constraint: 261; goods; {good:261}
IIS Constraint: 262; goods; {good:262}
IIS Constraint: 263; goods; {good:263}
IIS Constraint: 265; goods; {good:265}
IIS Constraint: 267; goods; {good:267}
IIS Constraint: 268; goods; {good:268}
IIS Constraint: 270; goods; {good:270}
IIS Constraint: 272; goods; {good:272}
IIS Constraint: 274; goods; {good:274}
IIS Constraint: 276; goods; {good:276}
IIS Constraint: 277; goods; {good:277}
IIS Constraint: 278; goods; {good:278}
IIS Constraint: 279; goods; {good:279}
IIS Constraint: 283; goods; {good:283}
IIS Constraint: 287; goods; {good:287}
IIS Constraint: 288; goods; {good:288}
IIS Constraint: 289; goods; {good:289}
IIS Constraint: 291; goods; {good:291}
IIS Constraint: 292; goods; {good:292}
IIS Constraint: 293; goods; {good:293}
IIS Constraint: 294; goods; {good:294}
IIS Constraint: 295; goods; {good:295}
IIS Constraint: 296; goods; {good:296}
IIS Constraint: 297; goods; {good:297}
IIS Constraint: 298; goods; {good:298}
IIS Constraint: 299; goods; {good:299}
IIS Constraint: 300; goods; {good:300}
IIS Constraint: 304; goods; {good:304}
IIS Constraint: 305; goods; {good:305}
IIS Constraint: 306; goods; {good:306}
IIS Constraint: 307; goods; {good:307}
IIS Constraint: 308; goods; {good:308}
IIS Constraint: 309; goods; {good:309}
IIS Constraint: 310; goods; {good:310}
IIS Constraint: 311; goods; {good:311}
IIS Constraint: 312; goods; {good:312}
IIS Constraint: 314; goods; {good:314}
IIS Constraint: 315; goods; {good:315}
IIS Constraint: 317; goods; {good:317}
IIS Constraint: 319; goods; {good:319}
IIS Constraint: 320; goods; {good:320}
IIS Constraint: 321; goods; {good:321}
IIS Constraint: 322; goods; {good:322}
IIS Constraint: 323; goods; {good:323}
IIS Constraint: 324; goods; {good:324}
IIS Constraint: 325; goods; {good:325}
IIS Constraint: 328; goods; {good:328}
IIS Constraint: 329; goods; {good:329}
IIS Constraint: 331; goods; {good:331}
IIS Constraint: 332; goods; {good:332}
IIS Constraint: 333; goods; {good:333}
IIS Constraint: 334; goods; {good:334}
IIS Constraint: 335; goods; {good:335}
IIS Constraint: 338; goods; {good:338}
IIS Constraint: 340; goods; {good:340}
IIS Constraint: 342; goods; {good:342}
IIS Constraint: 343; goods; {good:343}
IIS Constraint: 344; goods; {good:344}
IIS Constraint: 345; goods; {good:345}
IIS Constraint: 347; goods; {good:347}
IIS Constraint: 349; goods; {good:349}
IIS Constraint: 350; goods; {good:350}
IIS Constraint: 351; goods; {good:351}
IIS Constraint: 352; goods; {good:352}
IIS Constraint: 353; goods; {good:353}
IIS Constraint: 354; goods; {good:354}
IIS Constraint: 356; goods; {good:356}
IIS Constraint: 357; goods; {good:357}
IIS Constraint: 358; goods; {good:358}
IIS Constraint: 359; query; {bid:4,query:1}
IIS Constraint: 360; max; {f:457.95608000000004,objective:max}
