IIS generation
Instance: paths-256-1000-700000
----------------------------
Query: 9
Query element:46
Query element:200
Query scope: 7
Query scope: 11
Query scope: 13
Query scope: 62
Query scope: 111
Query scope: 114
Query scope: 154
Query scope: 155
Query scope: 243
Query scope: 253
Query scope: 353
Query scope: 444
Query scope: 479
Query scope: 495
Query scope: 533
Query scope: 535
Query scope: 542
Query scope: 544
Query scope: 569
Query scope: 571
Query scope: 583
Query scope: 586
Query scope: 589
Query scope: 600
Query scope: 619
Query scope: 632
Query scope: 649
Query scope: 674
Query scope: 773
Query scope: 776
Query scope: 792
Query scope: 852
Query scope: 854
Query scope: 961
Query scope: 963
Query scope: 430
Query scope: 432
Query scope: 446
Query scope: 624
Query scope: 763
Query scope: 849
Query scope: 937
----------------------------
IIS optimality: optimal
IIS solution time: 36041.56489
