IIS generation
Instance: scheduling-256-1000-580000
----------------------------
Query: 7
Query element:259
Query scope: 547
Query scope: 548
Query scope: 549
Query scope: 550
Query scope: 551
Query scope: 552
Query scope: 553
Query scope: 554
Query scope: 555
Query scope: 556
Query scope: 557
Query scope: 558
Query scope: 559
Query scope: 560
Query scope: 561
Query scope: 562
Query scope: 563
Query scope: 564
Query scope: 565
Query scope: 566
Query scope: 567
Query scope: 568
Query scope: 569
Query scope: 570
Query scope: 571
Query scope: 572
Query scope: 573
Query scope: 574
Query scope: 575
Query scope: 576
Query scope: 577
Query scope: 578
Query scope: 579
Query scope: 580
Query scope: 581
Query scope: 582
Query scope: 583
Query scope: 584
Query scope: 585
Query scope: 586
Query scope: 587
Query scope: 588
Query scope: 589
Query scope: 590
Query scope: 591
Query scope: 592
Query scope: 593
Query scope: 594
Query scope: 595
Query scope: 596
Query scope: 597
Query scope: 598
Query scope: 599
Query scope: 600
Query scope: 601
Query scope: 602
Query scope: 603
Query scope: 604
Query scope: 605
Query scope: 606
Query scope: 607
Query scope: 608
Query scope: 609
Query scope: 610
Query scope: 611
Query scope: 612
Query scope: 613
Query scope: 614
Query scope: 615
Query scope: 616
Query scope: 617
Query scope: 618
Query scope: 619
Query scope: 620
Query scope: 621
Query scope: 622
Query scope: 623
Query scope: 624
Query scope: 625
Query scope: 626
Query scope: 627
Query scope: 628
Query scope: 629
Query scope: 630
Query scope: 631
Query scope: 632
Query scope: 633
Query scope: 634
Query scope: 635
Query scope: 636
Query scope: 637
Query scope: 638
Query scope: 639
Query scope: 640
Query scope: 641
Query scope: 642
Query scope: 643
Query scope: 644
Query scope: 645
Query scope: 646
Query scope: 647
Query scope: 648
Query scope: 649
Query scope: 650
Query scope: 651
Query scope: 652
Query scope: 653
Query scope: 654
Query scope: 655
Query scope: 656
Query scope: 657
Query scope: 658
Query scope: 659
Query scope: 660
Query scope: 661
Query scope: 662
Query scope: 663
Query scope: 664
Query scope: 665
Query scope: 666
Query scope: 667
Query scope: 668
Query scope: 669
Query scope: 670
Query scope: 671
Query scope: 672
Query scope: 673
Query scope: 674
Query scope: 675
Query scope: 676
Query scope: 677
Query scope: 678
Query scope: 679
Query scope: 680
Query scope: 681
Query scope: 682
Query scope: 683
Query scope: 684
Query scope: 685
Query scope: 686
Query scope: 687
Query scope: 688
Query scope: 689
Query scope: 690
Query scope: 691
Query scope: 692
Query scope: 693
Query scope: 694
Query scope: 695
Query scope: 696
Query scope: 697
Query scope: 698
Query scope: 699
Query scope: 700
Query scope: 701
Query scope: 702
Query scope: 703
Query scope: 704
Query scope: 705
Query scope: 706
Query scope: 707
Query scope: 708
Query scope: 709
Query scope: 710
Query scope: 711
Query scope: 712
Query scope: 713
Query scope: 714
Query scope: 715
Query scope: 716
Query scope: 717
Query scope: 718
Query scope: 719
Query scope: 720
Query scope: 721
Query scope: 722
Query scope: 723
Query scope: 724
Query scope: 725
Query scope: 726
Query scope: 727
----------------------------
IIS optimality: suboptimal
IIS solution time: 0.38744
IIS Constraint: 256; goods; {good:256}
IIS Constraint: 257; goods; {good:257}
IIS Constraint: 258; goods; {good:258}
IIS Constraint: 260; goods; {good:260}
IIS Constraint: 261; goods; {good:261}
IIS Constraint: 262; query; {good:259,query:7}
IIS Constraint: 263; max; {f:84.19821999999999,objective:max}
