IIS generation
Instance: arbitrary-256-1000-850000
----------------------------
Query: 9
Query element:195
Query element:197
Query scope: 14
Query scope: 36
Query scope: 39
Query scope: 170
Query scope: 195
Query scope: 197
Query scope: 205
Query scope: 209
Query scope: 236
Query scope: 238
Query scope: 247
Query scope: 313
Query scope: 320
Query scope: 435
Query scope: 520
Query scope: 556
Query scope: 563
Query scope: 607
Query scope: 608
Query scope: 609
Query scope: 636
Query scope: 637
Query scope: 639
Query scope: 640
Query scope: 663
Query scope: 728
Query scope: 774
Query scope: 827
Query scope: 828
Query scope: 862
Query scope: 877
Query scope: 878
Query scope: 920
Query scope: 944
Query scope: 960
Query scope: 961
Query scope: 998
Query scope: 50
Query scope: 61
Query scope: 111
Query scope: 135
Query scope: 142
Query scope: 187
Query scope: 190
Query scope: 192
Query scope: 194
Query scope: 245
Query scope: 262
Query scope: 270
Query scope: 337
Query scope: 387
Query scope: 401
Query scope: 448
Query scope: 449
Query scope: 481
Query scope: 492
Query scope: 518
Query scope: 519
Query scope: 565
Query scope: 604
Query scope: 631
Query scope: 689
Query scope: 690
Query scope: 714
Query scope: 741
Query scope: 826
Query scope: 852
Query scope: 860
Query scope: 883
Query scope: 923
Query scope: 979
Query scope: 991
Query scope: 992
----------------------------
IIS optimality: optimal
IIS solution time: 35999.47411
