IIS generation
Iter 1: 
Min Hitting Set: []
Min Correction Subset: [59]
Iter 2: 
Min Hitting Set: [59]
Min Correction Subset: [28]
Iter 3: 
Min Hitting Set: [28, 59]
Min Correction Subset: [16]
Iter 4: 
Min Hitting Set: [16, 28, 59]
Min Correction Subset: [58]
Iter 5: 
Min Hitting Set: [16, 28, 58, 59]
Min Correction Subset: [14, 15]
Iter 6: 
Min Hitting Set: [14, 16, 28, 58, 59]
Min Correction Subset: [15, 26]
Iter 7: 
Min Hitting Set: [15, 16, 28, 58, 59]
Min Correction Subset: [26, 27]
Iter 8: 
Min Hitting Set: [15, 16, 26, 28, 58, 59]
Min Correction Subset: [32, 33]
Iter 9: 
Min Hitting Set: [15, 16, 26, 28, 32, 58, 59]
Min Correction Subset: [9, 10]
Iter 10: 
Min Hitting Set: [9, 15, 16, 26, 28, 32, 58, 59]
Min Correction Subset: [11, 13]
Iter 11: 
Min Hitting Set: [9, 11, 15, 16, 26, 28, 32, 58, 59]
Min Correction Subset: [14, 19]
Iter 12: 
Min Hitting Set: [9, 11, 14, 16, 26, 28, 32, 58, 59]
Min Correction Subset: [18, 24]
Iter 13: 
Min Hitting Set: [9, 11, 14, 16, 18, 26, 28, 32, 58, 59]
Min Correction Subset: [15, 19]
Iter 14: 
Min Hitting Set: [9, 11, 14, 15, 16, 18, 26, 28, 32, 58, 59]
Min Correction Subset: [8, 22]
Iter 15: 
Min Hitting Set: [8, 9, 11, 14, 15, 16, 18, 26, 28, 32, 58, 59]
Min Correction Subset: [21, 22]
Iter 16: 
Min Hitting Set: [9, 11, 14, 15, 16, 18, 22, 26, 28, 32, 58, 59]
Min Correction Subset: [8, 25]
Iter 17: 
Min Hitting Set: [8, 9, 11, 14, 15, 16, 18, 22, 26, 28, 32, 58, 59]
Min Correction Subset: [19, 39]
Iter 18: 
Min Hitting Set: [8, 9, 11, 14, 16, 18, 19, 22, 26, 28, 32, 58, 59]
Min Correction Subset: [10, 15]
Iter 19: 
Min Hitting Set: [8, 10, 11, 14, 16, 18, 19, 22, 26, 28, 32, 58, 59]
Min Correction Subset: [15, 20, 33]
Iter 20: 
Min Hitting Set: [8, 10, 11, 14, 16, 18, 19, 22, 26, 28, 33, 58, 59]
Min Correction Subset: [13, 15, 49]
Iter 21: 
Min Hitting Set: [8, 10, 13, 14, 16, 18, 19, 22, 26, 28, 33, 58, 59]
Min Correction Subset: [11, 25]
Iter 22: 
Min Hitting Set: [10, 11, 15, 16, 18, 19, 22, 25, 26, 28, 33, 58, 59]
Min Correction Subset: [8, 13]
Iter 23: 
Min Hitting Set: [8, 10, 11, 15, 16, 18, 19, 22, 26, 28, 33, 58, 59]
Min Correction Subset: [7, 14]
Iter 24: 
Min Hitting Set: [10, 13, 14, 16, 18, 19, 22, 25, 26, 28, 33, 58, 59]
Min Correction Subset: [8, 9, 15]
Iter 25: 
Min Hitting Set: [9, 10, 13, 14, 16, 18, 19, 22, 25, 26, 28, 33, 58, 59]
Min Correction Subset: [2, 8, 15]
Iter 26: 
Min Hitting Set: [10, 13, 14, 15, 16, 18, 19, 22, 25, 26, 28, 33, 58, 59]
Min Correction Subset: [0, 8, 27]
Iter 27: 
Min Hitting Set: [8, 10, 11, 13, 14, 16, 18, 19, 22, 26, 28, 33, 58, 59]
Min Correction Subset: [0, 21, 27, 46, 49]
Iter 28: 
Min Hitting Set: [10, 13, 14, 15, 16, 18, 19, 22, 25, 27, 28, 33, 58, 59]
Min Correction Subset: [26, 49]
Iter 29: 
Min Hitting Set: [8, 10, 13, 14, 16, 18, 19, 21, 25, 26, 28, 33, 58, 59]
Min Correction Subset: [22, 46, 49]
Iter 30: 
Min Hitting Set: [8, 10, 11, 14, 16, 18, 19, 21, 26, 28, 33, 49, 58, 59]
Min Correction Subset: [20, 22, 24, 25, 45, 46]
Iter 31: 
Min Hitting Set: [8, 10, 11, 14, 16, 19, 21, 24, 26, 28, 33, 49, 58, 59]
Min Correction Subset: [7, 18, 44]
Iter 32: 
Min Hitting Set: [8, 10, 11, 14, 16, 18, 19, 22, 26, 28, 33, 49, 58, 59]
Min Correction Subset: [0, 20, 21, 24, 25, 45, 46]
Iter 33: 
Min Hitting Set: [10, 13, 14, 15, 16, 18, 19, 22, 25, 27, 28, 33, 49, 58, 59]
Min Correction Subset: [26, 32]
Iter 34: 
Min Hitting Set: [10, 13, 14, 15, 16, 18, 19, 22, 25, 27, 28, 32, 49, 58, 59]
Min Correction Subset: [9, 26]
Iter 35: 
Min Hitting Set: [10, 13, 14, 15, 16, 18, 19, 22, 25, 26, 27, 28, 33, 58, 59]
Min Correction Subset: [0, 8, 32]
Iter 36: 
Min Hitting Set: [10, 13, 14, 15, 16, 18, 19, 22, 25, 26, 27, 28, 32, 58, 59]
Min Correction Subset: [0, 8, 24, 45]
Optimal IIS
Instance: regions-40-100-180000
----------------------------
Query: 11
Query element:18
Query element:45
Query scope: 30
Query scope: 33
----------------------------
IIS optimality: suboptimal
IIS solution time: 14089.547
IIS Constraint: 8; goods; {good:8}
IIS Constraint: 10; goods; {good:10}
IIS Constraint: 11; goods; {good:11}
IIS Constraint: 14; goods; {good:14}
IIS Constraint: 16; goods; {good:16}
IIS Constraint: 18; goods; {good:18}
IIS Constraint: 19; goods; {good:19}
IIS Constraint: 22; goods; {good:22}
IIS Constraint: 26; goods; {good:26}
IIS Constraint: 28; goods; {good:28}
IIS Constraint: 33; goods; {good:33}
IIS Constraint: 46; goods; {good:46}
IIS Constraint: 49; goods; {good:49}
IIS Constraint: 58; query; {goods:[18,45],query:11}
IIS Constraint: 59; max; {f:2023.6976000000002,objective:max}
