IIS generation
Iter 1: 
Min Hitting Set: []
Min Correction Subset: [59]
Iter 2: 
Min Hitting Set: [59]
Min Correction Subset: [3]
Iter 3: 
Min Hitting Set: [3, 59]
Min Correction Subset: [16]
Iter 4: 
Min Hitting Set: [3, 16, 59]
Min Correction Subset: [19]
Iter 5: 
Min Hitting Set: [3, 16, 19, 59]
Min Correction Subset: [58]
Iter 6: 
Min Hitting Set: [3, 16, 19, 58, 59]
Min Correction Subset: [8, 25]
Iter 7: 
Min Hitting Set: [3, 8, 16, 19, 58, 59]
Min Correction Subset: [0, 13]
Iter 8: 
Min Hitting Set: [0, 3, 8, 16, 19, 58, 59]
Min Correction Subset: [30, 39]
Iter 9: 
Min Hitting Set: [0, 3, 8, 16, 19, 30, 58, 59]
Min Correction Subset: [24, 35]
Iter 10: 
Min Hitting Set: [0, 3, 8, 16, 19, 24, 30, 58, 59]
Min Correction Subset: [32, 35]
Iter 11: 
Min Hitting Set: [0, 3, 8, 16, 19, 30, 35, 58, 59]
Min Correction Subset: [26, 38]
Iter 12: 
Min Hitting Set: [0, 3, 8, 16, 19, 26, 30, 35, 58, 59]
Min Correction Subset: [13, 36]
Iter 13: 
Min Hitting Set: [3, 8, 13, 16, 19, 26, 30, 35, 58, 59]
Min Correction Subset: [21, 37]
Iter 14: 
Min Hitting Set: [3, 8, 13, 16, 19, 21, 26, 30, 35, 58, 59]
Min Correction Subset: [0, 9]
Iter 15: 
Min Hitting Set: [0, 3, 8, 13, 16, 19, 21, 26, 30, 35, 58, 59]
Min Correction Subset: [24, 37]
Iter 16: 
Min Hitting Set: [0, 3, 8, 13, 16, 19, 26, 30, 35, 37, 58, 59]
Min Correction Subset: [7, 34]
Iter 17: 
Min Hitting Set: [0, 3, 7, 8, 13, 16, 19, 26, 30, 35, 37, 58, 59]
Min Correction Subset: [12, 41]
Iter 18: 
Min Hitting Set: [0, 3, 7, 8, 12, 13, 16, 19, 26, 30, 35, 37, 58, 59]
Min Correction Subset: [21, 36, 50]
Iter 19: 
Min Hitting Set: [0, 3, 7, 8, 12, 16, 19, 26, 30, 35, 36, 37, 58, 59]
Min Correction Subset: [13, 15]
Iter 20: 
Min Hitting Set: [0, 3, 7, 8, 12, 13, 16, 19, 21, 26, 30, 35, 37, 58, 59]
Min Correction Subset: [4, 9, 20]
Iter 21: 
Min Hitting Set: [3, 7, 8, 9, 12, 13, 16, 19, 21, 26, 30, 35, 37, 58, 59]
Min Correction Subset: [0, 32]
Iter 22: 
Min Hitting Set: [3, 7, 8, 9, 12, 13, 16, 19, 21, 24, 26, 30, 32, 58, 59]
Min Correction Subset: [4, 35]
Iter 23: 
Min Hitting Set: [0, 3, 4, 7, 8, 12, 13, 16, 19, 21, 24, 26, 30, 35, 58, 59]
Min Correction Subset: [6, 14, 39]
Iter 24: 
Min Hitting Set: [0, 3, 4, 7, 8, 12, 13, 16, 19, 21, 24, 26, 35, 39, 58, 59]
Min Correction Subset: [30, 44]
Iter 25: 
Min Hitting Set: [0, 3, 4, 7, 8, 12, 13, 16, 19, 21, 24, 26, 30, 35, 39, 58, 59]
Min Correction Subset: [9, 31, 38]
Iter 26: 
Min Hitting Set: [0, 3, 4, 7, 8, 12, 13, 16, 19, 21, 24, 30, 35, 38, 39, 58, 59]
Min Correction Subset: [2, 32, 36]
Iter 27: 
Min Hitting Set: [0, 3, 4, 7, 8, 12, 13, 16, 19, 21, 24, 30, 32, 38, 39, 58, 59]
Min Correction Subset: [34, 35]
Iter 28: 
Min Hitting Set: [0, 3, 4, 8, 12, 13, 16, 19, 21, 24, 30, 32, 34, 38, 39, 58, 59]
Min Correction Subset: [6, 9, 22]
Iter 29: 
Min Hitting Set: [0, 3, 4, 6, 8, 12, 13, 16, 19, 21, 24, 30, 32, 34, 38, 58, 59]
Min Correction Subset: [9, 20, 22]
Iter 30: 
Min Hitting Set: [3, 8, 9, 12, 13, 16, 19, 21, 26, 30, 32, 34, 35, 37, 39, 58, 59]
Min Correction Subset: [0, 5]
Iter 31: 
Min Hitting Set: [0, 3, 8, 9, 12, 13, 16, 19, 30, 34, 35, 36, 37, 38, 39, 58, 59]
Min Correction Subset: [4, 26, 55]
Iter 32: 
Min Hitting Set: [0, 3, 8, 9, 12, 13, 16, 19, 26, 30, 34, 35, 36, 37, 39, 58, 59]
Min Correction Subset: [7, 21, 29]
Iter 33: 
Min Hitting Set: [0, 3, 7, 8, 9, 12, 13, 16, 19, 26, 30, 35, 36, 37, 39, 58, 59]
Min Correction Subset: [4, 21, 29]
Iter 34: 
Min Hitting Set: [0, 3, 4, 7, 8, 9, 12, 13, 16, 19, 26, 30, 35, 36, 37, 39, 58, 59]
Min Correction Subset: [14, 15, 34]
Iter 35: 
Min Hitting Set: [0, 3, 4, 7, 8, 9, 12, 13, 14, 16, 19, 26, 30, 35, 36, 37, 58, 59]
Min Correction Subset: [10, 22, 24]
Iter 36: 
Min Hitting Set: [0, 3, 4, 8, 9, 12, 13, 14, 16, 19, 21, 24, 26, 30, 32, 34, 58, 59]
Min Correction Subset: [11, 29, 35]
Instance: arbitrary-40-100-780000
----------------------------
Query: 7
Query element:27
Query scope: 2
Query scope: 3
Query scope: 4
Query scope: 13
Query scope: 14
Query scope: 16
Query scope: 17
Query scope: 18
Query scope: 19
Query scope: 21
Query scope: 23
Query scope: 41
Query scope: 42
Query scope: 50
Query scope: 51
Query scope: 54
Query scope: 55
Query scope: 56
Query scope: 57
Query scope: 58
Query scope: 61
Query scope: 68
Query scope: 69
Query scope: 72
Query scope: 75
Query scope: 77
Query scope: 78
Query scope: 96
----------------------------
IIS optimality: suboptimal
IIS solution time: 36078.262
IIS Constraint: 0; goods; {good:0}
IIS Constraint: 3; goods; {good:3}
IIS Constraint: 4; goods; {good:4}
IIS Constraint: 8; goods; {good:8}
IIS Constraint: 9; goods; {good:9}
IIS Constraint: 12; goods; {good:12}
IIS Constraint: 13; goods; {good:13}
IIS Constraint: 14; goods; {good:14}
IIS Constraint: 16; goods; {good:16}
IIS Constraint: 19; goods; {good:19}
IIS Constraint: 21; goods; {good:21}
IIS Constraint: 24; goods; {good:24}
IIS Constraint: 26; goods; {good:26}
IIS Constraint: 30; goods; {good:30}
IIS Constraint: 32; goods; {good:32}
IIS Constraint: 34; goods; {good:34}
IIS Constraint: 58; query; {good:27,query:7}
IIS Constraint: 59; max; {f:2329.591,objective:max}
