IIS generation
Iter 1: 
Min Hitting Set: []
Min Correction Subset: [85]
Iter 2: 
Min Hitting Set: [85]
Min Correction Subset: [24]
Iter 3: 
Min Hitting Set: [24, 85]
Min Correction Subset: [29]
Iter 4: 
Min Hitting Set: [24, 29, 85]
Min Correction Subset: [34]
Iter 5: 
Min Hitting Set: [24, 29, 34, 85]
Min Correction Subset: [0]
Iter 6: 
Min Hitting Set: [0, 24, 29, 34, 85]
Min Correction Subset: [84]
Iter 7: 
Min Hitting Set: [0, 24, 29, 34, 84, 85]
Min Correction Subset: [3, 15]
Iter 8: 
Min Hitting Set: [0, 3, 24, 29, 34, 84, 85]
Min Correction Subset: [15, 45]
Iter 9: 
Min Hitting Set: [0, 15, 24, 29, 34, 84, 85]
Min Correction Subset: [3, 13]
Iter 10: 
Min Hitting Set: [0, 3, 15, 24, 29, 34, 84, 85]
Min Correction Subset: [45, 53]
Iter 11: 
Min Hitting Set: [0, 3, 24, 29, 34, 45, 84, 85]
Min Correction Subset: [4, 15]
Iter 12: 
Min Hitting Set: [0, 3, 15, 24, 29, 34, 45, 84, 85]
Min Correction Subset: [4, 7]
Iter 13: 
Min Hitting Set: [0, 3, 4, 24, 29, 34, 45, 84, 85]
Min Correction Subset: [12, 14]
Iter 14: 
Min Hitting Set: [0, 3, 4, 12, 24, 29, 34, 45, 84, 85]
Min Correction Subset: [1, 15]
Iter 15: 
Min Hitting Set: [0, 3, 4, 12, 15, 24, 29, 34, 45, 84, 85]
Min Correction Subset: [14, 47]
Iter 16: 
Min Hitting Set: [0, 3, 4, 14, 15, 24, 29, 34, 45, 84, 85]
Min Correction Subset: [13, 53]
Iter 17: 
Min Hitting Set: [0, 4, 13, 14, 15, 24, 29, 34, 53, 84, 85]
Min Correction Subset: [12, 45]
Iter 18: 
Min Hitting Set: [0, 4, 13, 14, 15, 24, 29, 34, 45, 84, 85]
Min Correction Subset: [3, 12]
Iter 19: 
Min Hitting Set: [0, 3, 4, 13, 14, 15, 24, 29, 34, 45, 84, 85]
Min Correction Subset: [12, 35]
Iter 20: 
Min Hitting Set: [0, 4, 12, 13, 14, 15, 24, 29, 34, 53, 84, 85]
Min Correction Subset: [3, 45]
Iter 21: 
Min Hitting Set: [0, 4, 12, 13, 14, 15, 24, 29, 34, 45, 84, 85]
Min Correction Subset: [1, 3]
Iter 22: 
Min Hitting Set: [0, 3, 4, 12, 14, 15, 24, 29, 34, 53, 84, 85]
Min Correction Subset: [1, 45]
Iter 23: 
Min Hitting Set: [0, 1, 3, 4, 12, 14, 15, 24, 29, 34, 53, 84, 85]
Min Correction Subset: [13, 47]
Iter 24: 
Min Hitting Set: [0, 1, 3, 4, 12, 15, 24, 29, 34, 47, 53, 84, 85]
Min Correction Subset: [13, 45]
Iter 25: 
Min Hitting Set: [0, 1, 3, 4, 12, 13, 24, 29, 34, 45, 47, 84, 85]
Min Correction Subset: [15, 53]
Iter 26: 
Min Hitting Set: [0, 3, 4, 12, 15, 24, 29, 34, 45, 47, 53, 84, 85]
Min Correction Subset: [1, 13]
Iter 27: 
Min Hitting Set: [0, 1, 3, 4, 12, 24, 29, 34, 45, 47, 53, 84, 85]
Min Correction Subset: [15, 33]
Iter 28: 
Min Hitting Set: [0, 1, 4, 12, 13, 15, 24, 29, 34, 45, 47, 84, 85]
Min Correction Subset: [3, 14]
Iter 29: 
Min Hitting Set: [0, 1, 4, 12, 13, 14, 15, 24, 29, 34, 45, 84, 85]
Min Correction Subset: [3, 53]
Iter 30: 
Min Hitting Set: [0, 3, 4, 12, 13, 14, 15, 24, 29, 34, 45, 84, 85]
Min Correction Subset: [35, 53]
Iter 31: 
Min Hitting Set: [0, 3, 4, 13, 14, 15, 24, 29, 34, 35, 45, 84, 85]
Min Correction Subset: [12, 66]
Iter 32: 
Min Hitting Set: [0, 1, 3, 4, 12, 15, 24, 29, 34, 45, 47, 53, 84, 85]
Min Correction Subset: [2, 13]
Iter 33: 
Min Hitting Set: [0, 1, 3, 4, 12, 13, 14, 15, 24, 29, 34, 53, 84, 85]
Min Correction Subset: [35, 45]
Iter 34: 
Min Hitting Set: [0, 3, 4, 12, 13, 14, 15, 24, 29, 34, 45, 53, 84, 85]
Min Correction Subset: [35, 47]
Iter 35: 
Min Hitting Set: [0, 3, 4, 12, 13, 15, 24, 29, 34, 45, 47, 53, 84, 85]
Min Correction Subset: [1, 35]
Iter 36: 
Min Hitting Set: [0, 3, 4, 12, 13, 15, 24, 29, 34, 35, 45, 47, 84, 85]
Min Correction Subset: [1, 53]
Iter 37: 
Min Hitting Set: [0, 1, 3, 4, 12, 13, 15, 24, 29, 34, 45, 47, 53, 84, 85]
Min Correction Subset: [23, 35]
Iter 38: 
Min Hitting Set: [0, 1, 3, 4, 12, 13, 14, 15, 24, 29, 34, 35, 45, 84, 85]
Min Correction Subset: [47, 53]
Iter 39: 
Min Hitting Set: [0, 1, 3, 4, 12, 13, 15, 24, 29, 34, 35, 45, 47, 84, 85]
Min Correction Subset: [23, 53]
Iter 40: 
Min Hitting Set: [0, 1, 3, 4, 12, 13, 15, 24, 29, 34, 35, 47, 53, 84, 85]
Min Correction Subset: [14, 45]
Iter 41: 
Min Hitting Set: [0, 3, 4, 12, 13, 15, 24, 29, 34, 35, 45, 47, 53, 84, 85]
Min Correction Subset: [21, 23]
Iter 42: 
Min Hitting Set: [0, 1, 4, 12, 13, 14, 15, 23, 24, 29, 34, 35, 45, 53, 84, 85]
Min Correction Subset: [3, 66]
Iter 43: 
Min Hitting Set: [0, 1, 3, 4, 12, 13, 15, 23, 24, 29, 34, 45, 47, 53, 84, 85]
Min Correction Subset: [21, 35]
Iter 44: 
Min Hitting Set: [0, 3, 4, 12, 13, 14, 15, 23, 24, 29, 34, 35, 45, 53, 84, 85]
Min Correction Subset: [1, 21]
Iter 45: 
Min Hitting Set: [0, 3, 4, 12, 13, 14, 15, 21, 24, 29, 34, 35, 45, 53, 84, 85]
Min Correction Subset: [1, 36]
Iter 46: 
Min Hitting Set: [0, 1, 3, 4, 12, 13, 15, 23, 24, 29, 34, 35, 45, 47, 84, 85]
Min Correction Subset: [14, 18, 61]
Iter 47: 
Min Hitting Set: [0, 1, 3, 4, 12, 13, 14, 15, 23, 24, 29, 34, 35, 53, 84, 85]
Min Correction Subset: [26, 45]
Iter 48: 
Min Hitting Set: [0, 1, 4, 12, 13, 14, 15, 23, 24, 29, 34, 35, 45, 53, 66, 84, 85]
Min Correction Subset: [2, 3]
Iter 49: 
Min Hitting Set: [0, 1, 3, 4, 13, 14, 15, 23, 24, 29, 34, 35, 45, 53, 66, 84, 85]
Min Correction Subset: [12, 47]
Iter 50: 
Min Hitting Set: [0, 1, 3, 4, 12, 13, 14, 15, 21, 24, 29, 34, 35, 45, 53, 84, 85]
Min Correction Subset: [23, 36, 47]
Iter 51: 
Min Hitting Set: [0, 1, 3, 4, 12, 13, 14, 15, 23, 24, 29, 34, 35, 45, 53, 84, 85]
Min Correction Subset: [21, 47]
Iter 52: 
Min Hitting Set: [0, 1, 3, 4, 12, 13, 14, 15, 23, 24, 29, 34, 35, 45, 47, 84, 85]
Min Correction Subset: [2, 21, 53]
Iter 53: 
Min Hitting Set: [0, 3, 4, 12, 13, 14, 15, 21, 24, 29, 34, 35, 36, 45, 53, 84, 85]
Min Correction Subset: [1, 2, 8]
Iter 54: 
Min Hitting Set: [0, 1, 3, 4, 12, 13, 14, 15, 23, 24, 29, 34, 35, 45, 47, 53, 84, 85]
Min Correction Subset: [2, 21, 50]
Iter 55: 
Min Hitting Set: [0, 1, 3, 4, 12, 13, 14, 15, 21, 24, 29, 34, 35, 45, 47, 53, 84, 85]
Min Correction Subset: [23, 36, 43]
Iter 56: 
Min Hitting Set: [0, 1, 3, 4, 12, 13, 14, 15, 21, 23, 24, 29, 34, 45, 47, 53, 84, 85]
Min Correction Subset: [33, 35, 43]
Iter 57: 
Min Hitting Set: [0, 1, 3, 4, 12, 13, 14, 21, 23, 24, 29, 33, 34, 45, 47, 53, 84, 85]
Min Correction Subset: [15, 43]
Iter 58: 
Min Hitting Set: [0, 1, 3, 4, 12, 13, 14, 15, 21, 24, 29, 34, 35, 36, 45, 53, 84, 85]
Min Correction Subset: [43, 47, 66]
Iter 59: 
Min Hitting Set: [0, 1, 2, 3, 4, 12, 14, 15, 23, 24, 29, 34, 35, 45, 47, 53, 84, 85]
Min Correction Subset: [13, 21]
Iter 60: 
Min Hitting Set: [0, 1, 2, 3, 4, 13, 14, 15, 23, 24, 29, 34, 35, 45, 47, 66, 84, 85]
Min Correction Subset: [12, 50]
Iter 61: 
Min Hitting Set: [0, 1, 3, 4, 12, 13, 14, 15, 21, 23, 24, 29, 34, 35, 45, 47, 84, 85]
Min Correction Subset: [11, 18, 53]
Iter 62: 
Min Hitting Set: [0, 1, 2, 3, 4, 12, 13, 15, 18, 23, 24, 29, 34, 35, 45, 47, 84, 85]
Min Correction Subset: [10, 14, 61]
Iter 63: 
Min Hitting Set: [0, 1, 3, 4, 12, 13, 14, 21, 24, 29, 33, 34, 35, 43, 45, 47, 53, 84, 85]
Min Correction Subset: [2, 15]
Iter 64: 
Min Hitting Set: [0, 1, 3, 4, 12, 13, 14, 15, 21, 24, 29, 34, 35, 43, 45, 47, 53, 84, 85]
Min Correction Subset: [2, 23, 36]
Iter 65: 
Min Hitting Set: [0, 1, 3, 4, 12, 13, 14, 15, 21, 23, 24, 29, 34, 43, 45, 47, 53, 84, 85]
Min Correction Subset: [2, 9, 35]
Iter 66: 
Min Hitting Set: [0, 1, 3, 4, 12, 13, 14, 15, 21, 23, 24, 29, 34, 35, 45, 47, 53, 84, 85]
Min Correction Subset: [2, 11, 38, 50]
Iter 67: 
Min Hitting Set: [0, 2, 3, 4, 12, 13, 14, 15, 21, 24, 29, 34, 35, 36, 45, 47, 53, 84, 85]
Min Correction Subset: [1, 11, 38]
Iter 68: 
Min Hitting Set: [0, 1, 2, 3, 4, 12, 14, 15, 21, 24, 29, 34, 35, 36, 45, 47, 53, 84, 85]
Min Correction Subset: [13, 23]
Iter 69: 
Min Hitting Set: [0, 1, 3, 4, 11, 12, 13, 14, 15, 21, 23, 24, 29, 34, 35, 45, 47, 84, 85]
Min Correction Subset: [2, 8, 53]
Iter 70: 
Min Hitting Set: [0, 1, 2, 3, 4, 12, 14, 15, 21, 23, 24, 29, 34, 43, 45, 47, 53, 84, 85]
Min Correction Subset: [33, 35, 50]
Iter 71: 
Min Hitting Set: [0, 1, 3, 4, 13, 14, 15, 23, 24, 29, 34, 35, 45, 47, 50, 53, 66, 84, 85]
Min Correction Subset: [12, 43]
Iter 72: 
Min Hitting Set: [0, 1, 2, 3, 4, 12, 14, 21, 23, 24, 29, 33, 34, 43, 45, 47, 53, 84, 85]
Min Correction Subset: [13, 15]
Iter 73: 
Min Hitting Set: [0, 1, 2, 3, 4, 12, 14, 15, 21, 23, 24, 29, 33, 34, 45, 47, 53, 84, 85]
Min Correction Subset: [18, 35, 61]
Iter 74: 
Min Hitting Set: [0, 1, 3, 4, 12, 13, 14, 15, 23, 24, 29, 34, 35, 45, 47, 50, 53, 84, 85]
Min Correction Subset: [2, 11, 38, 56]
Iter 75: 
Min Hitting Set: [0, 1, 2, 3, 4, 12, 13, 14, 15, 18, 23, 24, 29, 34, 35, 45, 47, 84, 85]
Min Correction Subset: [21, 53, 66]
Iter 76: 
Min Hitting Set: [0, 1, 2, 3, 4, 12, 14, 15, 21, 23, 24, 29, 34, 35, 45, 47, 53, 84, 85]
Min Correction Subset: [13, 18, 43]
Iter 77: 
Min Hitting Set: [0, 1, 2, 3, 4, 12, 13, 14, 15, 23, 24, 29, 34, 35, 45, 47, 53, 84, 85]
Min Correction Subset: [8, 21, 43, 66]
Iter 78: 
Min Hitting Set: [0, 1, 2, 4, 12, 13, 14, 15, 23, 24, 29, 34, 35, 45, 47, 53, 66, 84, 85]
Min Correction Subset: [3, 21]
Iter 79: 
Min Hitting Set: [0, 1, 2, 4, 12, 13, 14, 15, 21, 24, 29, 34, 35, 36, 45, 53, 66, 84, 85]
Min Correction Subset: [3, 47]
Iter 80: 
Min Hitting Set: [0, 1, 3, 4, 11, 12, 13, 15, 21, 23, 24, 29, 34, 35, 45, 47, 53, 61, 84, 85]
Min Correction Subset: [2, 9, 14]
Iter 81: 
Min Hitting Set: [0, 1, 3, 4, 11, 12, 13, 14, 15, 21, 23, 24, 29, 34, 35, 45, 47, 53, 84, 85]
Min Correction Subset: [2, 9, 33, 50]
Iter 82: 
Min Hitting Set: [0, 1, 2, 3, 4, 12, 13, 14, 15, 21, 24, 29, 34, 35, 36, 45, 53, 66, 84, 85]
Min Correction Subset: [11, 38, 47]
Iter 83: 
Min Hitting Set: [0, 1, 2, 3, 4, 12, 13, 15, 18, 23, 24, 29, 34, 35, 45, 47, 61, 66, 84, 85]
Min Correction Subset: [14, 21, 56]
Iter 84: 
Min Hitting Set: [0, 1, 2, 3, 4, 12, 15, 18, 21, 23, 24, 29, 33, 34, 45, 47, 53, 61, 84, 85]
Min Correction Subset: [13, 14, 32]
Iter 85: 
Min Hitting Set: [0, 2, 3, 4, 11, 12, 13, 14, 15, 21, 24, 29, 34, 35, 36, 45, 53, 66, 84, 85]
Min Correction Subset: [1, 30, 47]
Iter 86: 
Min Hitting Set: [0, 1, 2, 3, 4, 12, 14, 15, 18, 21, 23, 24, 29, 34, 35, 45, 47, 53, 84, 85]
Min Correction Subset: [13, 33, 68]
Iter 87: 
Min Hitting Set: [0, 1, 2, 3, 4, 12, 13, 14, 15, 21, 24, 29, 34, 35, 36, 45, 47, 53, 84, 85]
Min Correction Subset: [11, 23, 38]
Iter 88: 
Min Hitting Set: [0, 1, 2, 3, 4, 12, 13, 14, 15, 21, 23, 24, 29, 34, 35, 45, 47, 53, 84, 85]
Min Correction Subset: [11, 18, 38, 50]
Iter 89: 
Min Hitting Set: [0, 1, 2, 3, 4, 11, 12, 13, 14, 15, 23, 24, 29, 34, 35, 45, 47, 66, 84, 85]
Min Correction Subset: [9, 21, 53]
Iter 90: 
Min Hitting Set: [0, 1, 2, 3, 4, 11, 12, 13, 14, 15, 21, 23, 24, 29, 34, 35, 45, 47, 84, 85]
Min Correction Subset: [10, 33, 50, 53]
Iter 91: 
Min Hitting Set: [0, 1, 2, 3, 4, 12, 14, 15, 18, 21, 23, 24, 29, 33, 34, 45, 47, 53, 84, 85]
Min Correction Subset: [13, 32, 35]
Iter 92: 
Min Hitting Set: [0, 2, 3, 4, 11, 12, 13, 14, 15, 21, 24, 29, 34, 35, 36, 45, 47, 53, 84, 85]
Min Correction Subset: [1, 30, 66]
Iter 93: 
Min Hitting Set: [0, 1, 2, 3, 4, 10, 12, 13, 15, 18, 21, 23, 24, 29, 34, 35, 45, 47, 84, 85]
Min Correction Subset: [11, 38, 53]
Iter 94: 
Min Hitting Set: [0, 1, 3, 4, 11, 12, 13, 14, 15, 21, 23, 24, 29, 33, 34, 35, 45, 47, 53, 84, 85]
Min Correction Subset: [2, 8, 9, 66]
Iter 95: 
Min Hitting Set: [0, 1, 3, 4, 11, 13, 14, 15, 23, 24, 29, 34, 35, 43, 45, 47, 50, 53, 66, 84, 85]
Min Correction Subset: [12, 33]
Iter 96: 
Min Hitting Set: [0, 1, 2, 3, 4, 11, 12, 13, 14, 15, 23, 24, 29, 34, 35, 45, 47, 53, 66, 84, 85]
Min Correction Subset: [9, 18, 21, 50]
Iter 97: 
Min Hitting Set: [0, 1, 3, 4, 11, 12, 13, 14, 15, 21, 23, 24, 29, 34, 35, 45, 50, 53, 66, 84, 85]
Min Correction Subset: [2, 8, 43, 47]
Iter 98: 
Min Hitting Set: [0, 1, 2, 3, 4, 11, 12, 13, 14, 15, 21, 23, 24, 29, 34, 35, 45, 53, 66, 84, 85]
Min Correction Subset: [10, 33, 47, 50]
Iter 99: 
Min Hitting Set: [0, 1, 2, 3, 4, 12, 13, 14, 15, 23, 24, 29, 34, 35, 45, 47, 50, 53, 66, 84, 85]
Min Correction Subset: [9, 11, 38, 51]
Iter 100: 
Min Hitting Set: [0, 1, 2, 3, 4, 11, 12, 13, 15, 21, 23, 24, 29, 33, 34, 45, 47, 53, 61, 84, 85]
Min Correction Subset: [14, 35, 67]
Iter 101: 
Min Hitting Set: [0, 1, 2, 3, 4, 11, 12, 13, 15, 21, 23, 24, 29, 34, 35, 45, 47, 50, 61, 84, 85]
Min Correction Subset: [10, 14, 18]
Iter 102: 
Min Hitting Set: [0, 1, 3, 4, 8, 11, 12, 13, 14, 15, 21, 23, 24, 29, 34, 35, 45, 47, 50, 84, 85]
Min Correction Subset: [2, 9, 18, 53]
Iter 103: 
Min Hitting Set: [0, 1, 2, 3, 4, 10, 11, 12, 13, 14, 15, 21, 23, 24, 29, 34, 35, 45, 47, 84, 85]
Min Correction Subset: [9, 18, 33, 50]
Iter 104: 
Min Hitting Set: [0, 1, 3, 4, 8, 11, 12, 13, 14, 15, 23, 24, 29, 34, 35, 45, 47, 50, 53, 84, 85]
Min Correction Subset: [2, 9, 33, 43]
Iter 105: 
Min Hitting Set: [0, 1, 2, 3, 4, 10, 11, 12, 13, 15, 18, 21, 23, 24, 29, 34, 35, 45, 47, 84, 85]
Min Correction Subset: [9, 14, 32, 53]
Iter 106: 
Min Hitting Set: [0, 1, 2, 3, 4, 11, 12, 13, 14, 15, 21, 23, 24, 29, 33, 34, 35, 45, 47, 84, 85]
Min Correction Subset: [19, 43, 53, 66]
Iter 107: 
Min Hitting Set: [0, 1, 3, 4, 9, 11, 12, 13, 14, 15, 21, 23, 24, 29, 34, 35, 45, 47, 53, 84, 85]
Min Correction Subset: [2, 8, 33, 61, 66]
Iter 108: 
Min Hitting Set: [0, 1, 2, 3, 4, 11, 12, 13, 14, 21, 23, 24, 29, 33, 34, 35, 43, 45, 53, 84, 85]
Min Correction Subset: [15, 32]
Iter 109: 
Min Hitting Set: [0, 1, 3, 4, 11, 13, 14, 15, 23, 24, 29, 33, 34, 35, 43, 45, 47, 50, 53, 66, 84, 85]
Min Correction Subset: [7, 12]
Iter 110: 
Min Hitting Set: [0, 1, 3, 7, 11, 13, 14, 15, 23, 24, 29, 33, 34, 35, 43, 45, 47, 50, 53, 66, 84, 85]
Min Correction Subset: [4, 21]
Iter 111: 
Min Hitting Set: [0, 1, 3, 4, 9, 11, 12, 13, 14, 15, 21, 23, 24, 29, 33, 34, 45, 47, 53, 61, 84, 85]
Min Correction Subset: [2, 35, 43]
Iter 112: 
Min Hitting Set: [0, 1, 3, 4, 9, 11, 12, 13, 14, 15, 21, 23, 24, 29, 33, 34, 35, 43, 45, 53, 84, 85]
Min Correction Subset: [2, 8, 47, 66]
Iter 113: 
Min Hitting Set: [0, 1, 2, 3, 4, 11, 12, 13, 14, 15, 21, 23, 24, 29, 33, 34, 35, 43, 45, 53, 84, 85]
Min Correction Subset: [9, 32, 47, 66]
Iter 114: 
Min Hitting Set: [0, 1, 2, 3, 4, 9, 11, 12, 13, 14, 15, 23, 24, 29, 34, 35, 45, 47, 50, 66, 84, 85]
Min Correction Subset: [21, 43, 53]
Iter 115: 
Min Hitting Set: [0, 1, 2, 3, 4, 11, 12, 13, 14, 15, 21, 23, 24, 29, 34, 35, 43, 45, 47, 50, 84, 85]
Min Correction Subset: [10, 33, 53, 66]
Iter 116: 
Min Hitting Set: [0, 1, 2, 3, 4, 11, 12, 13, 14, 15, 18, 21, 23, 24, 29, 33, 34, 45, 47, 53, 84, 85]
Min Correction Subset: [8, 35, 66]
Iter 117: 
Min Hitting Set: [0, 1, 2, 3, 4, 8, 9, 12, 13, 14, 15, 18, 23, 24, 29, 34, 35, 45, 47, 53, 84, 85]
Min Correction Subset: [11, 21, 38, 56]
Iter 118: 
Min Hitting Set: [0, 1, 2, 3, 4, 9, 11, 12, 13, 14, 15, 23, 24, 29, 34, 35, 43, 45, 47, 53, 84, 85]
Min Correction Subset: [18, 21, 50, 61]
Iter 119: 
Min Hitting Set: [0, 1, 2, 3, 4, 11, 12, 13, 14, 15, 21, 23, 24, 29, 33, 34, 35, 45, 53, 66, 84, 85]
Min Correction Subset: [9, 32, 36, 47]
Iter 120: 
Min Hitting Set: [0, 1, 2, 3, 4, 11, 12, 13, 14, 15, 18, 23, 24, 29, 34, 35, 45, 47, 53, 66, 84, 85]
Min Correction Subset: [21, 33, 50, 56]
Iter 121: 
Min Hitting Set: [0, 1, 2, 3, 4, 11, 12, 13, 14, 15, 21, 23, 24, 29, 33, 34, 35, 43, 45, 47, 84, 85]
Min Correction Subset: [9, 32, 53, 66]
Iter 122: 
Min Hitting Set: [0, 1, 3, 4, 9, 11, 12, 13, 15, 18, 21, 24, 29, 34, 35, 36, 45, 47, 53, 61, 84, 85]
Min Correction Subset: [2, 10, 14]
Iter 123: 
Min Hitting Set: [0, 1, 3, 4, 8, 9, 11, 12, 13, 14, 15, 23, 24, 29, 34, 35, 45, 47, 50, 53, 84, 85]
Min Correction Subset: [21, 43, 56, 66, 67]
Iter 124: 
Min Hitting Set: [0, 1, 3, 7, 11, 12, 13, 14, 15, 21, 24, 29, 33, 34, 35, 36, 43, 45, 53, 66, 84, 85]
Min Correction Subset: [4, 47]
Iter 125: 
Min Hitting Set: [0, 1, 3, 4, 8, 11, 12, 13, 14, 15, 23, 24, 29, 34, 35, 43, 45, 47, 50, 53, 84, 85]
Min Correction Subset: [9, 21, 32, 56, 66]
Iter 126: 
Min Hitting Set: [0, 1, 2, 3, 4, 11, 12, 14, 15, 21, 23, 24, 29, 33, 34, 35, 43, 45, 47, 53, 84, 85]
Min Correction Subset: [13, 18, 67]
Iter 127: 
Min Hitting Set: [0, 1, 2, 3, 7, 11, 12, 13, 14, 15, 21, 23, 24, 29, 33, 34, 35, 45, 47, 66, 84, 85]
Min Correction Subset: [4, 53]
Iter 128: 
Min Hitting Set: [0, 1, 2, 3, 4, 11, 12, 13, 14, 15, 23, 24, 29, 34, 35, 45, 47, 50, 53, 66, 84, 85]
Min Correction Subset: [8, 18, 21, 36]
Iter 129: 
Min Hitting Set: [0, 1, 2, 3, 4, 11, 12, 13, 14, 15, 21, 23, 24, 29, 33, 34, 35, 45, 47, 66, 84, 85]
Min Correction Subset: [10, 36, 43, 53]
Iter 130: 
Min Hitting Set: [0, 1, 3, 4, 8, 11, 12, 13, 14, 15, 21, 24, 29, 33, 34, 35, 36, 45, 47, 53, 84, 85]
Min Correction Subset: [2, 10, 23, 50]
Iter 131: 
Min Hitting Set: [0, 1, 2, 7, 9, 12, 13, 14, 15, 18, 21, 23, 24, 29, 34, 35, 45, 47, 53, 66, 84, 85]
Min Correction Subset: [3, 4]
Iter 132: 
Min Hitting Set: [0, 1, 2, 3, 4, 9, 11, 12, 13, 14, 15, 21, 24, 29, 34, 35, 36, 45, 47, 53, 84, 85]
Min Correction Subset: [8, 23, 33, 66]
Iter 133: 
Min Hitting Set: [0, 1, 2, 3, 4, 11, 12, 13, 14, 15, 21, 24, 29, 34, 35, 36, 45, 50, 53, 66, 84, 85]
Min Correction Subset: [9, 33, 43, 47]
Iter 134: 
Min Hitting Set: [0, 1, 3, 7, 9, 11, 12, 13, 14, 15, 21, 23, 24, 29, 34, 35, 45, 47, 53, 66, 84, 85]
Min Correction Subset: [4, 43]
Iter 135: 
Min Hitting Set: [0, 1, 2, 3, 4, 11, 12, 14, 15, 18, 21, 23, 24, 29, 33, 34, 35, 45, 47, 53, 84, 85]
Min Correction Subset: [9, 13, 32]
Iter 136: 
Min Hitting Set: [0, 1, 2, 3, 4, 11, 12, 13, 14, 15, 21, 24, 29, 33, 34, 35, 36, 45, 53, 66, 84, 85]
Min Correction Subset: [10, 43, 47, 50]
Iter 137: 
Min Hitting Set: [0, 1, 3, 4, 11, 12, 13, 14, 15, 21, 23, 24, 29, 33, 34, 35, 45, 47, 53, 66, 84, 85]
Min Correction Subset: [2, 9, 43, 50]
Iter 138: 
Min Hitting Set: [0, 1, 2, 3, 4, 11, 12, 13, 14, 21, 24, 29, 32, 33, 34, 35, 43, 45, 47, 53, 84, 85]
Min Correction Subset: [15, 23]
Iter 139: 
Min Hitting Set: [0, 1, 2, 4, 11, 12, 13, 14, 15, 18, 21, 24, 29, 34, 35, 43, 45, 47, 53, 66, 84, 85]
Min Correction Subset: [3, 23]
Iter 140: 
Min Hitting Set: [0, 1, 2, 3, 4, 9, 12, 14, 15, 18, 21, 23, 24, 29, 33, 34, 35, 45, 47, 53, 84, 85]
Min Correction Subset: [11, 13, 38]
Iter 141: 
Min Hitting Set: [0, 1, 3, 4, 8, 9, 12, 13, 14, 15, 23, 24, 29, 34, 35, 45, 47, 50, 53, 56, 84, 85]
Min Correction Subset: [10, 11, 38, 51]
Iter 142: 
Min Hitting Set: [0, 1, 3, 4, 9, 11, 12, 13, 14, 15, 21, 23, 24, 29, 34, 35, 45, 47, 53, 66, 84, 85]
Min Correction Subset: [2, 8, 33, 36, 61]
Iter 143: 
Min Hitting Set: [0, 1, 2, 3, 4, 9, 10, 12, 13, 15, 18, 21, 23, 24, 29, 34, 35, 45, 47, 53, 84, 85]
Min Correction Subset: [11, 14, 38]
Iter 144: 
Min Hitting Set: [0, 2, 3, 4, 10, 11, 12, 13, 15, 18, 21, 24, 29, 34, 35, 36, 45, 47, 53, 66, 84, 85]
Min Correction Subset: [1, 14, 30]
Iter 145: 
Min Hitting Set: [0, 2, 3, 4, 9, 11, 12, 13, 14, 15, 21, 24, 29, 34, 35, 36, 45, 47, 53, 66, 84, 85]
Min Correction Subset: [1, 23, 30]
Iter 146: 
Min Hitting Set: [0, 1, 3, 4, 11, 12, 13, 14, 15, 21, 24, 29, 34, 35, 36, 43, 45, 50, 53, 66, 84, 85]
Min Correction Subset: [2, 9, 33, 47]
Iter 147: 
Min Hitting Set: [0, 1, 2, 3, 4, 11, 12, 13, 14, 15, 21, 24, 29, 33, 34, 35, 36, 45, 47, 53, 84, 85]
Min Correction Subset: [9, 23, 32, 66]
Iter 148: 
Min Hitting Set: [0, 1, 2, 3, 4, 11, 12, 13, 15, 18, 21, 23, 24, 29, 34, 35, 45, 47, 53, 61, 84, 85]
Min Correction Subset: [10, 14, 19, 43]
Iter 149: 
Min Hitting Set: [0, 1, 3, 4, 9, 11, 12, 13, 14, 15, 21, 23, 24, 29, 33, 34, 35, 45, 47, 53, 84, 85]
Min Correction Subset: [2, 8, 43, 61, 66]
Iter 150: 
Min Hitting Set: [0, 1, 2, 3, 4, 11, 12, 13, 14, 21, 23, 24, 29, 32, 33, 34, 35, 43, 45, 53, 84, 85]
Min Correction Subset: [15, 47]
Iter 151: 
Min Hitting Set: [0, 1, 2, 3, 4, 11, 12, 13, 14, 15, 21, 23, 24, 29, 34, 35, 45, 47, 50, 53, 84, 85]
Min Correction Subset: [9, 18, 19, 33, 43]
Iter 152: 
Min Hitting Set: [0, 1, 2, 4, 11, 12, 13, 14, 15, 18, 21, 23, 24, 29, 34, 35, 45, 47, 53, 66, 84, 85]
Min Correction Subset: [3, 33]
Iter 153: 
Min Hitting Set: [0, 1, 2, 3, 4, 11, 12, 13, 14, 15, 21, 23, 24, 29, 33, 34, 35, 45, 47, 53, 84, 85]
Min Correction Subset: [8, 9, 18, 43, 66]
Iter 154: 
Min Hitting Set: [0, 1, 2, 4, 11, 12, 13, 14, 15, 21, 23, 24, 29, 33, 34, 35, 45, 47, 53, 66, 84, 85]
Min Correction Subset: [3, 18]
Iter 155: 
Min Hitting Set: [0, 1, 2, 3, 4, 9, 11, 12, 13, 14, 15, 21, 23, 24, 29, 34, 35, 45, 47, 53, 84, 85]
Min Correction Subset: [8, 18, 33, 61, 66]
Iter 156: 
Min Hitting Set: [0, 1, 3, 4, 8, 9, 11, 12, 13, 14, 15, 21, 23, 24, 29, 34, 35, 45, 47, 53, 84, 85]
Min Correction Subset: [2, 33, 43, 50, 61]
Iter 157: 
Min Hitting Set: [0, 1, 2, 4, 11, 12, 13, 14, 15, 18, 21, 23, 24, 29, 33, 34, 45, 47, 53, 66, 84, 85]
Min Correction Subset: [3, 35]
Iter 158: 
Min Hitting Set: [0, 1, 2, 3, 4, 11, 12, 13, 14, 15, 18, 21, 23, 24, 29, 34, 35, 45, 47, 53, 84, 85]
Min Correction Subset: [8, 9, 10, 33, 43, 59, 66]
Iter 159: 
Min Hitting Set: [0, 1, 2, 3, 4, 10, 11, 12, 13, 15, 18, 21, 23, 24, 29, 34, 35, 45, 47, 53, 84, 85]
Min Correction Subset: [9, 14, 43, 66]
Iter 160: 
Min Hitting Set: [0, 1, 3, 4, 9, 11, 12, 13, 14, 15, 21, 23, 24, 29, 34, 35, 45, 47, 53, 61, 84, 85]
Min Correction Subset: [2, 8, 33, 43, 66]
Iter 161: 
Min Hitting Set: [0, 1, 3, 7, 11, 13, 14, 15, 21, 23, 24, 29, 33, 34, 35, 43, 45, 47, 50, 53, 66, 84, 85]
Min Correction Subset: [4, 36]
Optimal IIS
Instance: paths-40-100-520000
----------------------------
Query: 11
Query element:43
Query element:0
Query scope: 11
----------------------------
IIS optimality: suboptimal
IIS solution time: 14369.220
IIS Constraint: 0; goods; {good:0}
IIS Constraint: 1; goods; {good:1}
IIS Constraint: 2; goods; {good:2}
IIS Constraint: 3; goods; {good:3}
IIS Constraint: 4; goods; {good:4}
IIS Constraint: 11; goods; {good:11}
IIS Constraint: 12; goods; {good:12}
IIS Constraint: 13; goods; {good:13}
IIS Constraint: 14; goods; {good:14}
IIS Constraint: 15; goods; {good:15}
IIS Constraint: 21; goods; {good:21}
IIS Constraint: 23; goods; {good:23}
IIS Constraint: 24; goods; {good:24}
IIS Constraint: 29; goods; {good:29}
IIS Constraint: 33; goods; {good:33}
IIS Constraint: 34; goods; {good:34}
IIS Constraint: 35; goods; {good:35}
IIS Constraint: 43; goods; {good:43}
IIS Constraint: 45; goods; {good:45}
IIS Constraint: 47; goods; {good:47}
IIS Constraint: 53; goods; {good:53}
IIS Constraint: 84; query; {goods:[43,0],query:11}
IIS Constraint: 85; max; {f:13.664153599999999,objective:max}
