IIS generation
Iter 1: 
Min Hitting Set: []
Min Correction Subset: [58]
Iter 2: 
Min Hitting Set: [58]
Min Correction Subset: [38]
Iter 3: 
Min Hitting Set: [38, 58]
Min Correction Subset: [31]
Iter 4: 
Min Hitting Set: [31, 38, 58]
Min Correction Subset: [39]
Iter 5: 
Min Hitting Set: [31, 38, 39, 58]
Min Correction Subset: [37]
Iter 6: 
Min Hitting Set: [31, 37, 38, 39, 58]
Min Correction Subset: [33]
Iter 7: 
Min Hitting Set: [31, 33, 37, 38, 39, 58]
Min Correction Subset: [22]
Iter 8: 
Min Hitting Set: [22, 31, 33, 37, 38, 39, 58]
Min Correction Subset: [1]
Iter 9: 
Min Hitting Set: [1, 22, 31, 33, 37, 38, 39, 58]
Min Correction Subset: [9]
Iter 10: 
Min Hitting Set: [1, 9, 22, 31, 33, 37, 38, 39, 58]
Min Correction Subset: [23]
Iter 11: 
Min Hitting Set: [1, 9, 22, 23, 31, 33, 37, 38, 39, 58]
Min Correction Subset: [57]
Iter 12: 
Min Hitting Set: [1, 9, 22, 23, 31, 33, 37, 38, 39, 57, 58]
Min Correction Subset: [32]
Iter 13: 
Min Hitting Set: [1, 9, 22, 23, 31, 32, 33, 37, 38, 39, 57, 58]
Min Correction Subset: [8, 34]
Iter 14: 
Min Hitting Set: [1, 8, 9, 22, 23, 31, 32, 33, 37, 38, 39, 57, 58]
Min Correction Subset: [15, 34]
Iter 15: 
Min Hitting Set: [1, 9, 22, 23, 31, 32, 33, 34, 37, 38, 39, 57, 58]
Min Correction Subset: [8, 21]
Iter 16: 
Min Hitting Set: [1, 8, 9, 22, 23, 31, 32, 33, 34, 37, 38, 39, 57, 58]
Min Correction Subset: [0, 20]
Iter 17: 
Min Hitting Set: [0, 1, 8, 9, 22, 23, 31, 32, 33, 34, 37, 38, 39, 57, 58]
Min Correction Subset: [12, 14]
Iter 18: 
Min Hitting Set: [0, 1, 8, 9, 12, 22, 23, 31, 32, 33, 34, 37, 38, 39, 57, 58]
Min Correction Subset: [17, 20]
Iter 19: 
Min Hitting Set: [1, 8, 9, 12, 20, 22, 23, 31, 32, 33, 34, 37, 38, 39, 57, 58]
Min Correction Subset: [3, 16]
Iter 20: 
Min Hitting Set: [1, 3, 8, 9, 12, 20, 22, 23, 31, 32, 33, 34, 37, 38, 39, 57, 58]
Min Correction Subset: [15, 16]
Iter 21: 
Min Hitting Set: [1, 8, 9, 12, 15, 16, 20, 22, 23, 31, 32, 33, 37, 38, 39, 57, 58]
Min Correction Subset: [5, 29]
Iter 22: 
Min Hitting Set: [1, 5, 8, 9, 12, 15, 16, 20, 22, 23, 31, 32, 33, 37, 38, 39, 57, 58]
Min Correction Subset: [18, 26]
Iter 23: 
Min Hitting Set: [1, 5, 8, 9, 12, 15, 16, 18, 20, 22, 23, 31, 32, 33, 37, 38, 39, 57, 58]
Min Correction Subset: [0, 34]
Iter 24: 
Min Hitting Set: [1, 5, 8, 9, 12, 16, 18, 20, 22, 23, 31, 32, 33, 34, 37, 38, 39, 57, 58]
Min Correction Subset: [3, 7]
Iter 25: 
Min Hitting Set: [1, 3, 5, 8, 9, 12, 15, 18, 20, 22, 23, 31, 32, 33, 34, 37, 38, 39, 57, 58]
Min Correction Subset: [25, 30]
Iter 26: 
Min Hitting Set: [1, 3, 5, 8, 9, 12, 15, 18, 20, 22, 23, 25, 31, 32, 33, 34, 37, 38, 39, 57, 58]
Min Correction Subset: [2, 28]
Iter 27: 
Min Hitting Set: [1, 2, 3, 5, 8, 9, 12, 15, 18, 20, 22, 23, 25, 31, 32, 33, 34, 37, 38, 39, 57, 58]
Min Correction Subset: [16, 29]
Iter 28: 
Min Hitting Set: [1, 2, 3, 8, 9, 12, 15, 18, 20, 22, 23, 25, 29, 31, 32, 33, 34, 37, 38, 39, 57, 58]
Min Correction Subset: [27, 30]
Iter 29: 
Min Hitting Set: [1, 2, 3, 8, 9, 12, 15, 18, 20, 22, 23, 29, 30, 31, 32, 33, 34, 37, 38, 39, 57, 58]
Min Correction Subset: [16, 36]
Iter 30: 
Min Hitting Set: [1, 2, 3, 8, 9, 12, 16, 18, 20, 22, 23, 29, 30, 31, 32, 33, 34, 37, 38, 39, 57, 58]
Min Correction Subset: [6, 15]
Iter 31: 
Min Hitting Set: [0, 1, 2, 3, 8, 9, 12, 15, 16, 18, 20, 22, 23, 29, 30, 31, 32, 33, 37, 38, 39, 57, 58]
Min Correction Subset: [7, 25]
Iter 32: 
Min Hitting Set: [0, 1, 2, 7, 8, 9, 12, 15, 16, 18, 20, 22, 23, 29, 30, 31, 32, 33, 37, 38, 39, 57, 58]
Min Correction Subset: [3, 25]
Iter 33: 
Min Hitting Set: [0, 1, 2, 3, 7, 8, 9, 12, 15, 16, 18, 20, 22, 23, 29, 30, 31, 32, 33, 37, 38, 39, 57, 58]
Min Correction Subset: [6, 34]
Iter 34: 
Min Hitting Set: [1, 2, 3, 6, 7, 8, 9, 12, 16, 18, 20, 22, 23, 29, 30, 31, 32, 33, 34, 37, 38, 39, 57, 58]
Min Correction Subset: [0, 13, 25]
Iter 35: 
Min Hitting Set: [1, 2, 3, 6, 8, 9, 12, 16, 18, 20, 22, 23, 25, 29, 30, 31, 32, 33, 34, 37, 38, 39, 57, 58]
Min Correction Subset: [5, 15, 21]
Iter 36: 
Min Hitting Set: [1, 2, 3, 5, 6, 8, 9, 12, 16, 18, 20, 22, 23, 25, 30, 31, 32, 33, 34, 37, 38, 39, 57, 58]
Min Correction Subset: [11, 14, 27]
Iter 37: 
Min Hitting Set: [1, 2, 3, 5, 6, 8, 9, 14, 16, 18, 20, 22, 23, 25, 30, 31, 32, 33, 34, 37, 38, 39, 57, 58]
Min Correction Subset: [12, 26]
Iter 38: 
Min Hitting Set: [1, 2, 3, 5, 6, 8, 9, 14, 16, 20, 22, 23, 25, 26, 30, 31, 32, 33, 34, 37, 38, 39, 57, 58]
Min Correction Subset: [12, 18]
Iter 39: 
Min Hitting Set: [1, 2, 3, 5, 8, 9, 12, 15, 16, 20, 22, 23, 25, 26, 27, 31, 32, 33, 34, 37, 38, 39, 57, 58]
Min Correction Subset: [14, 18]
Iter 40: 
Min Hitting Set: [1, 2, 3, 5, 6, 8, 9, 12, 16, 18, 20, 22, 23, 25, 27, 31, 32, 33, 34, 37, 38, 39, 57, 58]
Min Correction Subset: [30, 36]
Iter 41: 
Min Hitting Set: [1, 2, 3, 9, 12, 15, 18, 20, 21, 22, 23, 25, 27, 29, 31, 32, 33, 34, 36, 37, 38, 39, 57, 58]
Min Correction Subset: [7, 8]
Iter 42: 
Min Hitting Set: [1, 2, 3, 8, 9, 12, 15, 18, 20, 22, 23, 25, 27, 29, 31, 32, 33, 34, 36, 37, 38, 39, 57, 58]
Min Correction Subset: [4, 16]
Iter 43: 
Min Hitting Set: [1, 2, 3, 5, 6, 8, 9, 14, 16, 18, 20, 22, 23, 25, 26, 30, 31, 32, 33, 34, 37, 38, 39, 57, 58]
Min Correction Subset: [12, 36]
Iter 44: 
Min Hitting Set: [1, 2, 3, 5, 6, 8, 9, 12, 14, 16, 18, 20, 22, 23, 25, 30, 31, 32, 33, 34, 37, 38, 39, 57, 58]
Min Correction Subset: [15, 21, 27]
Iter 45: 
Min Hitting Set: [1, 2, 5, 7, 9, 12, 14, 15, 16, 18, 20, 21, 22, 23, 25, 30, 31, 32, 33, 34, 37, 38, 39, 57, 58]
Min Correction Subset: [3, 35]
Iter 46: 
Min Hitting Set: [1, 2, 3, 5, 8, 9, 12, 14, 15, 16, 18, 20, 22, 23, 25, 30, 31, 32, 33, 34, 37, 38, 39, 57, 58]
Min Correction Subset: [0, 21, 54]
Iter 47: 
Min Hitting Set: [1, 2, 3, 5, 8, 9, 12, 14, 15, 16, 18, 20, 21, 22, 23, 25, 30, 31, 32, 33, 34, 37, 38, 39, 57, 58]
Min Correction Subset: [13, 29, 36]
Iter 48: 
Min Hitting Set: [1, 2, 3, 8, 9, 12, 14, 15, 16, 18, 20, 21, 22, 23, 25, 29, 30, 31, 32, 33, 34, 37, 38, 39, 57, 58]
Min Correction Subset: [4, 6, 7]
Iter 49: 
Min Hitting Set: [1, 2, 3, 7, 9, 12, 15, 16, 18, 20, 21, 22, 23, 25, 27, 29, 31, 32, 33, 34, 36, 37, 38, 39, 57, 58]
Min Correction Subset: [0, 6, 13, 17]
Iter 50: 
Min Hitting Set: [0, 1, 2, 3, 4, 8, 9, 12, 15, 17, 18, 22, 23, 25, 27, 29, 31, 32, 33, 34, 36, 37, 38, 39, 57, 58]
Min Correction Subset: [19, 20]
Iter 51: 
Min Hitting Set: [1, 2, 3, 6, 8, 9, 12, 14, 16, 20, 21, 22, 23, 25, 26, 29, 30, 31, 32, 33, 34, 37, 38, 39, 57, 58]
Min Correction Subset: [15, 19, 35]
Iter 52: 
Min Hitting Set: [1, 2, 3, 7, 9, 12, 13, 14, 15, 16, 18, 20, 21, 22, 23, 29, 30, 31, 32, 33, 34, 37, 38, 39, 57, 58]
Min Correction Subset: [6, 8, 36]
Iter 53: 
Min Hitting Set: [0, 1, 2, 3, 6, 8, 9, 12, 15, 16, 18, 20, 22, 23, 25, 27, 29, 31, 32, 33, 36, 37, 38, 39, 57, 58]
Min Correction Subset: [11, 13, 34]
Iter 54: 
Min Hitting Set: [0, 1, 2, 3, 6, 7, 8, 9, 11, 12, 15, 16, 18, 20, 22, 23, 29, 30, 31, 32, 33, 37, 38, 39, 57, 58]
Min Correction Subset: [13, 21, 27]
Iter 55: 
Min Hitting Set: [0, 1, 2, 3, 7, 8, 9, 12, 15, 16, 18, 20, 22, 23, 27, 29, 30, 31, 32, 33, 34, 37, 38, 39, 57, 58]
Min Correction Subset: [6, 21, 36, 42]
Iter 56: 
Min Hitting Set: [1, 2, 6, 7, 9, 12, 14, 16, 18, 20, 21, 22, 23, 25, 29, 30, 31, 32, 33, 34, 35, 37, 38, 39, 57, 58]
Min Correction Subset: [0, 3]
Iter 57: 
Min Hitting Set: [0, 1, 2, 3, 4, 8, 9, 12, 15, 18, 20, 22, 23, 25, 27, 29, 31, 32, 33, 34, 36, 37, 38, 39, 57, 58]
Min Correction Subset: [7, 11, 16]
Iter 58: 
Min Hitting Set: [1, 2, 3, 6, 8, 9, 12, 15, 16, 18, 20, 21, 22, 23, 25, 27, 29, 30, 31, 32, 33, 34, 37, 38, 39, 57, 58]
Min Correction Subset: [7, 13, 17]
Optimal IIS
Instance: arbitrary-40-100-20000
----------------------------
Query: 8
Query element:24
Query scope: 3
Query scope: 9
Query scope: 20
Query scope: 21
Query scope: 24
Query scope: 30
Query scope: 31
Query scope: 32
Query scope: 33
Query scope: 34
Query scope: 36
Query scope: 39
Query scope: 40
Query scope: 41
Query scope: 47
Query scope: 56
Query scope: 57
Query scope: 58
Query scope: 59
Query scope: 61
Query scope: 67
Query scope: 68
Query scope: 71
Query scope: 78
Query scope: 80
Query scope: 98
Query scope: 100
Query scope: 101
----------------------------
IIS optimality: suboptimal
IIS solution time: 16623.334
IIS Constraint: 1; goods; {good:1}
IIS Constraint: 2; goods; {good:2}
IIS Constraint: 3; goods; {good:3}
IIS Constraint: 7; goods; {good:7}
IIS Constraint: 9; goods; {good:9}
IIS Constraint: 12; goods; {good:12}
IIS Constraint: 13; goods; {good:13}
IIS Constraint: 15; goods; {good:15}
IIS Constraint: 16; goods; {good:16}
IIS Constraint: 18; goods; {good:18}
IIS Constraint: 20; goods; {good:20}
IIS Constraint: 21; goods; {good:21}
IIS Constraint: 22; goods; {good:22}
IIS Constraint: 23; goods; {good:23}
IIS Constraint: 27; goods; {good:27}
IIS Constraint: 29; goods; {good:29}
IIS Constraint: 30; goods; {good:30}
IIS Constraint: 31; goods; {good:31}
IIS Constraint: 32; goods; {good:32}
IIS Constraint: 33; goods; {good:33}
IIS Constraint: 34; goods; {good:34}
IIS Constraint: 36; goods; {good:36}
IIS Constraint: 37; goods; {good:37}
IIS Constraint: 38; goods; {good:38}
IIS Constraint: 39; goods; {good:39}
IIS Constraint: 57; query; {good:24,query:8}
IIS Constraint: 58; max; {f:2054.413,objective:max}
