IIS generation
Iter 1: 
Min Hitting Set: []
Min Correction Subset: [59]
Iter 2: 
Min Hitting Set: [59]
Min Correction Subset: [4]
Iter 3: 
Min Hitting Set: [4, 59]
Min Correction Subset: [38]
Iter 4: 
Min Hitting Set: [4, 38, 59]
Min Correction Subset: [25]
Iter 5: 
Min Hitting Set: [4, 25, 38, 59]
Min Correction Subset: [24]
Iter 6: 
Min Hitting Set: [4, 24, 25, 38, 59]
Min Correction Subset: [1]
Iter 7: 
Min Hitting Set: [1, 4, 24, 25, 38, 59]
Min Correction Subset: [58]
Iter 8: 
Min Hitting Set: [1, 4, 24, 25, 38, 58, 59]
Min Correction Subset: [13, 14]
Iter 9: 
Min Hitting Set: [1, 4, 13, 24, 25, 38, 58, 59]
Min Correction Subset: [2, 8]
Iter 10: 
Min Hitting Set: [1, 2, 4, 13, 24, 25, 38, 58, 59]
Min Correction Subset: [11, 27]
Iter 11: 
Min Hitting Set: [1, 2, 4, 11, 13, 24, 25, 38, 58, 59]
Min Correction Subset: [7, 8]
Iter 12: 
Min Hitting Set: [1, 4, 8, 11, 13, 24, 25, 38, 58, 59]
Min Correction Subset: [16, 21]
Iter 13: 
Min Hitting Set: [1, 4, 8, 11, 13, 16, 24, 25, 38, 58, 59]
Min Correction Subset: [5, 14]
Iter 14: 
Min Hitting Set: [1, 4, 8, 11, 14, 16, 24, 25, 38, 58, 59]
Min Correction Subset: [13, 15]
Iter 15: 
Min Hitting Set: [1, 4, 8, 11, 13, 14, 16, 24, 25, 38, 58, 59]
Min Correction Subset: [19, 42]
Iter 16: 
Min Hitting Set: [1, 4, 8, 11, 13, 14, 16, 19, 24, 25, 38, 58, 59]
Min Correction Subset: [22, 23]
Iter 17: 
Min Hitting Set: [1, 4, 8, 11, 13, 14, 16, 19, 22, 24, 25, 38, 58, 59]
Min Correction Subset: [9, 15]
Iter 18: 
Min Hitting Set: [1, 4, 8, 11, 14, 15, 16, 19, 22, 24, 25, 38, 58, 59]
Min Correction Subset: [6, 7]
Iter 19: 
Min Hitting Set: [1, 4, 7, 8, 11, 14, 15, 16, 19, 22, 24, 25, 38, 58, 59]
Min Correction Subset: [0, 6]
Iter 20: 
Min Hitting Set: [1, 4, 6, 8, 11, 14, 15, 16, 19, 22, 24, 25, 38, 58, 59]
Min Correction Subset: [28, 34]
Iter 21: 
Min Hitting Set: [1, 4, 6, 8, 11, 14, 15, 16, 19, 22, 24, 25, 28, 38, 58, 59]
Min Correction Subset: [2, 7, 27]
Iter 22: 
Min Hitting Set: [1, 4, 6, 8, 14, 15, 16, 19, 22, 24, 25, 27, 28, 38, 58, 59]
Min Correction Subset: [5, 11]
Iter 23: 
Min Hitting Set: [1, 2, 4, 6, 7, 11, 14, 15, 16, 19, 22, 24, 25, 28, 38, 58, 59]
Min Correction Subset: [8, 9]
Iter 24: 
Min Hitting Set: [1, 4, 6, 7, 8, 11, 14, 15, 16, 19, 22, 24, 25, 28, 38, 58, 59]
Min Correction Subset: [2, 3, 20]
Iter 25: 
Min Hitting Set: [1, 2, 4, 6, 8, 11, 14, 15, 16, 19, 22, 24, 25, 28, 38, 58, 59]
Min Correction Subset: [0, 5, 9]
Iter 26: 
Min Hitting Set: [0, 1, 2, 4, 6, 8, 11, 14, 15, 16, 19, 22, 24, 25, 28, 38, 58, 59]
Min Correction Subset: [13, 21, 30]
Iter 27: 
Min Hitting Set: [0, 1, 2, 4, 6, 8, 11, 14, 15, 19, 21, 22, 24, 25, 28, 38, 58, 59]
Min Correction Subset: [13, 20, 27]
Iter 28: 
Min Hitting Set: [1, 2, 4, 5, 6, 8, 14, 15, 19, 21, 22, 24, 25, 27, 28, 38, 58, 59]
Min Correction Subset: [11, 16, 33]
Iter 29: 
Min Hitting Set: [0, 1, 4, 7, 8, 11, 14, 15, 19, 20, 21, 22, 24, 25, 28, 38, 58, 59]
Min Correction Subset: [6, 16]
Iter 30: 
Min Hitting Set: [1, 2, 4, 5, 6, 8, 11, 13, 15, 19, 21, 22, 24, 25, 28, 38, 58, 59]
Min Correction Subset: [9, 14]
Iter 31: 
Min Hitting Set: [0, 1, 2, 4, 7, 9, 11, 13, 14, 16, 19, 22, 24, 25, 28, 38, 58, 59]
Min Correction Subset: [15, 21, 27]
Iter 32: 
Min Hitting Set: [1, 2, 4, 6, 7, 9, 11, 13, 14, 19, 21, 22, 24, 25, 28, 38, 58, 59]
Min Correction Subset: [15, 16]
Iter 33: 
Min Hitting Set: [1, 2, 4, 5, 6, 7, 9, 13, 16, 19, 22, 24, 25, 27, 28, 38, 58, 59]
Min Correction Subset: [0, 14]
Iter 34: 
Min Hitting Set: [0, 1, 2, 4, 5, 7, 9, 13, 16, 19, 22, 24, 25, 27, 28, 38, 58, 59]
Min Correction Subset: [14, 20]
Iter 35: 
Min Hitting Set: [1, 2, 4, 5, 6, 8, 11, 14, 15, 19, 21, 22, 24, 25, 27, 28, 38, 58, 59]
Min Correction Subset: [13, 16, 33]
Iter 36: 
Min Hitting Set: [0, 1, 2, 4, 6, 8, 11, 13, 14, 15, 16, 19, 22, 24, 25, 28, 38, 58, 59]
Min Correction Subset: [20, 21, 27]
Iter 37: 
Min Hitting Set: [1, 4, 6, 8, 9, 11, 13, 14, 16, 19, 20, 22, 24, 25, 27, 28, 38, 58, 59]
Min Correction Subset: [2, 5, 7]
Iter 38: 
Min Hitting Set: [1, 2, 4, 6, 7, 9, 11, 13, 14, 16, 19, 22, 24, 25, 27, 28, 38, 58, 59]
Min Correction Subset: [0, 3, 5]
Iter 39: 
Min Hitting Set: [0, 1, 2, 4, 7, 9, 11, 13, 14, 16, 19, 21, 22, 24, 25, 28, 38, 58, 59]
Min Correction Subset: [15, 27, 33, 34]
Iter 40: 
Min Hitting Set: [0, 1, 2, 4, 7, 9, 11, 13, 14, 16, 19, 21, 22, 24, 25, 34, 38, 58, 59]
Min Correction Subset: [27, 28]
Iter 41: 
Min Hitting Set: [1, 4, 5, 6, 8, 14, 15, 16, 19, 20, 21, 22, 24, 25, 27, 34, 38, 58, 59]
Min Correction Subset: [7, 11, 13]
Iter 42: 
Min Hitting Set: [1, 4, 5, 6, 8, 13, 14, 15, 16, 19, 20, 22, 24, 25, 27, 28, 38, 58, 59]
Min Correction Subset: [2, 3, 7, 11, 17]
Iter 43: 
Min Hitting Set: [0, 1, 2, 4, 5, 7, 9, 13, 14, 16, 19, 22, 24, 25, 27, 28, 38, 58, 59]
Min Correction Subset: [11, 15, 20]
Iter 44: 
Min Hitting Set: [0, 1, 2, 4, 5, 7, 9, 13, 16, 19, 20, 22, 24, 25, 27, 28, 38, 58, 59]
Min Correction Subset: [14, 51]
Optimal IIS
Instance: regions-40-100-820000
----------------------------
Query: 10
Query element:45
Query element:10
Query scope: 29
----------------------------
IIS optimality: suboptimal
IIS solution time: 8169.743
IIS Constraint: 1; goods; {good:1}
IIS Constraint: 2; goods; {good:2}
IIS Constraint: 4; goods; {good:4}
IIS Constraint: 5; goods; {good:5}
IIS Constraint: 6; goods; {good:6}
IIS Constraint: 8; goods; {good:8}
IIS Constraint: 13; goods; {good:13}
IIS Constraint: 14; goods; {good:14}
IIS Constraint: 15; goods; {good:15}
IIS Constraint: 16; goods; {good:16}
IIS Constraint: 19; goods; {good:19}
IIS Constraint: 22; goods; {good:22}
IIS Constraint: 24; goods; {good:24}
IIS Constraint: 25; goods; {good:25}
IIS Constraint: 27; goods; {good:27}
IIS Constraint: 28; goods; {good:28}
IIS Constraint: 38; goods; {good:38}
IIS Constraint: 58; query; {goods:[45,10],query:10}
IIS Constraint: 59; max; {f:2163.586,objective:max}
