IIS generation
Iter 1: 
Min Hitting Set: []
Min Correction Subset: [60]
Iter 2: 
Min Hitting Set: [60]
Min Correction Subset: [12, 59]
Iter 3: 
Min Hitting Set: [12, 60]
Min Correction Subset: [16, 59]
Iter 4: 
Min Hitting Set: [59, 60]
Min Correction Subset: [10, 12, 33]
Iter 5: 
Min Hitting Set: [12, 16, 60]
Min Correction Subset: [31, 59]
Iter 6: 
Min Hitting Set: [12, 59, 60]
Min Correction Subset: [16, 17, 33]
Iter 7: 
Min Hitting Set: [33, 59, 60]
Min Correction Subset: [10, 12, 27, 58]
Iter 8: 
Min Hitting Set: [12, 16, 59, 60]
Min Correction Subset: [10, 31, 33]
Iter 9: 
Min Hitting Set: [12, 16, 31, 60]
Min Correction Subset: [10, 59]
Iter 10: 
Min Hitting Set: [12, 33, 59, 60]
Min Correction Subset: [10, 20, 26, 31]
Iter 11: 
Min Hitting Set: [10, 16, 59, 60]
Min Correction Subset: [31, 32, 33, 34]
Iter 12: 
Min Hitting Set: [10, 33, 59, 60]
Min Correction Subset: [12, 16, 17, 27]
Iter 13: 
Min Hitting Set: [10, 12, 33, 59, 60]
Min Correction Subset: [16, 17, 20, 26, 31]
Iter 14: 
Min Hitting Set: [12, 16, 31, 59, 60]
Min Correction Subset: [3, 10, 33]
Iter 15: 
Min Hitting Set: [10, 12, 16, 31, 60]
Min Correction Subset: [58, 59]
Iter 16: 
Min Hitting Set: [10, 16, 31, 59, 60]
Min Correction Subset: [12, 27, 33, 56]
Iter 17: 
Min Hitting Set: [12, 31, 33, 59, 60]
Min Correction Subset: [10, 11, 16, 17]
Iter 18: 
Min Hitting Set: [10, 16, 33, 59, 60]
Min Correction Subset: [20, 26, 27, 31, 32]
Iter 19: 
Min Hitting Set: [16, 31, 33, 58, 59, 60]
Min Correction Subset: [10, 20, 21, 27]
Iter 20: 
Min Hitting Set: [16, 27, 31, 33, 59, 60]
Min Correction Subset: [10, 12, 13, 18]
Iter 21: 
Min Hitting Set: [10, 27, 31, 33, 59, 60]
Min Correction Subset: [12, 16, 17, 58]
Iter 22: 
Min Hitting Set: [10, 16, 27, 31, 59, 60]
Min Correction Subset: [9, 12, 23, 33]
Iter 23: 
Min Hitting Set: [10, 12, 31, 33, 59, 60]
Min Correction Subset: [7, 8, 13, 16, 17]
Iter 24: 
Min Hitting Set: [10, 16, 20, 33, 59, 60]
Min Correction Subset: [1, 6, 7, 8, 12, 13]
Iter 25: 
Min Hitting Set: [10, 12, 16, 31, 59, 60]
Min Correction Subset: [7, 8, 13, 27, 33]
Iter 26: 
Min Hitting Set: [12, 16, 20, 33, 59, 60]
Min Correction Subset: [7, 8, 10, 13, 31]
Iter 27: 
Min Hitting Set: [12, 16, 27, 31, 33, 59, 60]
Min Correction Subset: [6, 7, 8, 9, 10]
Iter 28: 
Min Hitting Set: [10, 12, 16, 31, 33, 59, 60]
Min Correction Subset: [6, 7, 8, 13, 20, 44]
Iter 29: 
Min Hitting Set: [10, 12, 16, 20, 33, 59, 60]
Min Correction Subset: [1, 6, 7, 8, 13, 44]
Iter 30: 
Min Hitting Set: [8, 12, 16, 20, 33, 59, 60]
Min Correction Subset: [10, 24, 25, 31, 58]
Iter 31: 
Min Hitting Set: [10, 13, 16, 20, 33, 59, 60]
Min Correction Subset: [9, 18, 23, 25, 26, 31]
Iter 32: 
Min Hitting Set: [7, 10, 16, 31, 33, 59, 60]
Min Correction Subset: [9, 12, 15, 21, 23, 27]
Iter 33: 
Min Hitting Set: [8, 10, 12, 16, 31, 59, 60]
Min Correction Subset: [20, 21, 26, 27, 33]
Iter 34: 
Min Hitting Set: [10, 12, 13, 31, 33, 59, 60]
Min Correction Subset: [5, 15, 16, 17, 58]
Iter 35: 
Min Hitting Set: [10, 13, 16, 27, 31, 33, 59, 60]
Min Correction Subset: [7, 8, 9, 12, 20, 23]
Iter 36: 
Min Hitting Set: [9, 13, 16, 27, 31, 33, 59, 60]
Min Correction Subset: [10, 12, 18, 24, 25]
Iter 37: 
Min Hitting Set: [10, 12, 13, 31, 33, 58, 59, 60]
Min Correction Subset: [16, 17, 20, 21, 27]
Iter 38: 
Min Hitting Set: [9, 10, 13, 16, 27, 31, 59, 60]
Min Correction Subset: [12, 28, 32, 33, 34, 45]
Iter 39: 
Min Hitting Set: [10, 12, 13, 16, 20, 31, 59, 60]
Min Correction Subset: [21, 26, 27, 33, 34]
Iter 40: 
Min Hitting Set: [7, 10, 12, 16, 27, 31, 59, 60]
Min Correction Subset: [9, 20, 21, 23, 33]
Iter 41: 
Min Hitting Set: [7, 10, 16, 27, 31, 33, 59, 60]
Min Correction Subset: [9, 12, 13, 18, 23, 58]
Iter 42: 
Min Hitting Set: [7, 12, 16, 27, 31, 33, 59, 60]
Min Correction Subset: [10, 15, 20, 21, 23]
Iter 43: 
Min Hitting Set: [7, 10, 12, 16, 31, 33, 59, 60]
Min Correction Subset: [9, 15, 20, 21, 23, 27]
Iter 44: 
Min Hitting Set: [10, 12, 13, 16, 21, 31, 59, 60]
Min Correction Subset: [27, 28, 32, 33, 34]
Iter 45: 
Min Hitting Set: [7, 10, 16, 18, 27, 33, 59, 60]
Min Correction Subset: [20, 25, 26, 31, 58]
Iter 46: 
Min Hitting Set: [7, 12, 16, 20, 31, 33, 59, 60]
Min Correction Subset: [8, 9, 10, 15, 21, 27]
Iter 47: 
Min Hitting Set: [8, 12, 16, 20, 31, 33, 59, 60]
Min Correction Subset: [9, 10, 15, 17, 21, 27]
Iter 48: 
Min Hitting Set: [8, 9, 10, 17, 20, 33, 59, 60]
Min Correction Subset: [18, 19, 24, 25, 26, 31, 54]
Iter 49: 
Min Hitting Set: [8, 10, 16, 23, 31, 33, 59, 60]
Min Correction Subset: [9, 12, 13, 17, 18, 19]
Iter 50: 
Min Hitting Set: [8, 12, 17, 20, 31, 33, 59, 60]
Min Correction Subset: [9, 10, 16, 27]
Iter 51: 
Min Hitting Set: [10, 13, 16, 23, 26, 33, 59, 60]
Min Correction Subset: [6, 7, 8, 9, 12, 18, 24]
Iter 52: 
Min Hitting Set: [9, 10, 13, 17, 31, 33, 59, 60]
Min Correction Subset: [15, 16, 20, 21, 26, 27]
Iter 53: 
Min Hitting Set: [8, 10, 17, 23, 26, 33, 59, 60]
Min Correction Subset: [12, 13, 18, 24, 25, 27, 31]
Iter 54: 
Min Hitting Set: [9, 10, 13, 17, 26, 33, 59, 60]
Min Correction Subset: [12, 18, 19, 20, 24, 25, 31, 32]
Iter 55: 
Min Hitting Set: [8, 12, 16, 21, 31, 33, 59, 60]
Min Correction Subset: [3, 4, 5, 9, 10, 23]
Iter 56: 
Min Hitting Set: [9, 10, 13, 16, 31, 33, 59, 60]
Min Correction Subset: [8, 12, 15, 19, 20, 21, 26, 27]
Iter 57: 
Min Hitting Set: [8, 9, 10, 16, 31, 33, 59, 60]
Min Correction Subset: [1, 6, 7, 12, 13, 17, 18]
Iter 58: 
Min Hitting Set: [10, 12, 13, 27, 31, 33, 58, 59, 60]
Min Correction Subset: [6, 7, 8, 9, 16, 17]
Iter 59: 
Min Hitting Set: [10, 12, 13, 16, 27, 31, 33, 59, 60]
Min Correction Subset: [3, 6, 7, 8, 9, 23, 58]
Iter 60: 
Min Hitting Set: [10, 12, 13, 16, 27, 31, 33, 58, 60]
Min Correction Subset: [25, 59]
Iter 61: 
Min Hitting Set: [7, 10, 17, 23, 27, 31, 33, 59, 60]
Min Correction Subset: [8, 9, 12, 13, 18, 19]
Iter 62: 
Min Hitting Set: [8, 10, 12, 17, 23, 26, 33, 59, 60]
Min Correction Subset: [6, 7, 13, 19, 25, 31, 32]
Iter 63: 
Min Hitting Set: [8, 10, 17, 20, 23, 25, 33, 59, 60]
Min Correction Subset: [6, 7, 12, 13, 14, 27, 31, 32, 58]
Iter 64: 
Min Hitting Set: [8, 10, 17, 23, 25, 27, 33, 59, 60]
Min Correction Subset: [20, 21, 26, 30, 31, 32]
Iter 65: 
Min Hitting Set: [7, 10, 13, 16, 27, 31, 33, 59, 60]
Min Correction Subset: [9, 12, 18, 20, 23, 24, 25]
Iter 66: 
Min Hitting Set: [7, 9, 10, 16, 27, 31, 33, 59, 60]
Min Correction Subset: [8, 12, 13, 18, 19, 20, 21]
Iter 67: 
Min Hitting Set: [7, 10, 12, 17, 27, 31, 33, 59, 60]
Min Correction Subset: [8, 9, 13, 15, 20, 21, 23, 26]
Iter 68: 
Min Hitting Set: [9, 10, 13, 17, 25, 27, 32, 59, 60]
Min Correction Subset: [6, 7, 8, 12, 33, 58]
Iter 69: 
Min Hitting Set: [9, 13, 17, 20, 25, 27, 33, 59, 60]
Min Correction Subset: [6, 7, 8, 10, 12]
Iter 70: 
Min Hitting Set: [9, 10, 13, 17, 20, 25, 33, 59, 60]
Min Correction Subset: [6, 7, 8, 12, 15, 21, 22, 23, 27, 48]
Iter 71: 
Min Hitting Set: [8, 10, 12, 17, 27, 31, 33, 59, 60]
Min Correction Subset: [6, 9, 13, 15, 20, 21, 23, 58]
Iter 72: 
Min Hitting Set: [8, 10, 13, 16, 23, 31, 33, 59, 60]
Min Correction Subset: [15, 17, 19, 20, 21, 25, 26, 27]
Iter 73: 
Min Hitting Set: [8, 10, 17, 23, 27, 31, 33, 59, 60]
Min Correction Subset: [6, 12, 13, 18, 19, 20, 25]
Iter 74: 
Min Hitting Set: [6, 10, 12, 15, 17, 31, 33, 59, 60]
Min Correction Subset: [7, 8, 9, 13, 20, 21, 23]
Iter 75: 
Min Hitting Set: [6, 10, 12, 17, 23, 27, 31, 59, 60]
Min Correction Subset: [7, 8, 13, 20, 21, 33]
Iter 76: 
Min Hitting Set: [10, 13, 16, 18, 20, 23, 33, 59, 60]
Min Correction Subset: [6, 7, 8, 9, 15, 21, 27]
Iter 77: 
Min Hitting Set: [8, 10, 12, 27, 31, 33, 58, 59, 60]
Min Correction Subset: [5, 9, 15, 16, 17, 23]
Iter 78: 
Min Hitting Set: [9, 10, 13, 16, 27, 31, 33, 59, 60]
Min Correction Subset: [6, 7, 8, 15, 17, 20, 21, 22, 23, 48]
Iter 79: 
Min Hitting Set: [10, 12, 13, 16, 23, 27, 31, 59, 60]
Min Correction Subset: [28, 32, 33, 34, 45, 58]
Iter 80: 
Min Hitting Set: [7, 10, 12, 16, 20, 31, 33, 59, 60]
Min Correction Subset: [3, 8, 9, 15, 21, 23, 27]
Iter 81: 
Min Hitting Set: [7, 10, 12, 16, 21, 31, 33, 59, 60]
Min Correction Subset: [3, 8, 9, 14, 20, 23, 26, 27, 58]
Iter 82: 
Min Hitting Set: [8, 12, 17, 23, 27, 31, 33, 59, 60]
Min Correction Subset: [3, 4, 5, 9, 10, 11]
Iter 83: 
Min Hitting Set: [7, 9, 10, 12, 16, 26, 33, 59, 60]
Min Correction Subset: [8, 13, 14, 18, 20, 21, 27, 31]
Iter 84: 
Min Hitting Set: [9, 10, 13, 15, 16, 31, 33, 59, 60]
Min Correction Subset: [6, 7, 12, 17, 18, 19, 24, 25, 26, 27, 57]
Iter 85: 
Min Hitting Set: [7, 10, 16, 18, 20, 27, 33, 59, 60]
Min Correction Subset: [9, 23, 25, 26, 31, 32]
Iter 86: 
Min Hitting Set: [7, 9, 10, 16, 20, 31, 33, 59, 60]
Min Correction Subset: [12, 13, 15, 18, 21, 24, 25, 27]
Iter 87: 
Min Hitting Set: [3, 6, 12, 16, 21, 31, 33, 59, 60]
Min Correction Subset: [4, 9, 10, 11, 17, 23]
Iter 88: 
Min Hitting Set: [9, 10, 13, 17, 27, 31, 33, 59, 60]
Min Correction Subset: [12, 15, 18, 19, 20, 21, 23, 24, 25, 26, 54]
Iter 89: 
Min Hitting Set: [8, 10, 12, 16, 20, 31, 33, 59, 60]
Min Correction Subset: [9, 15, 17, 21, 22, 23, 27, 48]
Iter 90: 
Min Hitting Set: [7, 9, 10, 16, 18, 20, 33, 59, 60]
Min Correction Subset: [12, 13, 19, 25, 26, 31, 32]
Iter 91: 
Min Hitting Set: [9, 10, 13, 17, 21, 31, 33, 59, 60]
Min Correction Subset: [6, 7, 8, 12, 18, 19, 24, 25, 27, 57, 58]
Iter 92: 
Min Hitting Set: [7, 9, 12, 17, 21, 31, 33, 59, 60]
Min Correction Subset: [3, 4, 5, 10, 11, 16]
Iter 93: 
Min Hitting Set: [6, 9, 10, 17, 21, 31, 33, 59, 60]
Min Correction Subset: [7, 8, 12, 13, 18, 20]
Iter 94: 
Min Hitting Set: [7, 9, 10, 16, 20, 25, 33, 59, 60]
Min Correction Subset: [12, 15, 17, 21, 22, 23, 27, 48]
Iter 95: 
Min Hitting Set: [7, 9, 10, 17, 20, 25, 33, 59, 60]
Min Correction Subset: [12, 13, 15, 18, 21, 22, 23, 27, 48]
Iter 96: 
Min Hitting Set: [7, 9, 10, 17, 18, 26, 33, 59, 60]
Min Correction Subset: [13, 19, 20, 24, 25, 30, 31, 32]
Iter 97: 
Min Hitting Set: [8, 10, 15, 16, 18, 31, 33, 59, 60]
Min Correction Subset: [9, 12, 23, 24, 25, 26, 27, 58]
Iter 98: 
Min Hitting Set: [8, 10, 12, 15, 16, 31, 33, 59, 60]
Min Correction Subset: [9, 13, 20, 21, 23, 25, 26, 27]
Iter 99: 
Min Hitting Set: [6, 9, 12, 16, 21, 31, 33, 59, 60]
Min Correction Subset: [4, 10, 11, 17, 23, 55]
Iter 100: 
Min Hitting Set: [8, 10, 12, 15, 20, 31, 33, 59, 60]
Min Correction Subset: [6, 7, 13, 16, 17, 27]
Iter 101: 
Min Hitting Set: [8, 9, 10, 17, 25, 27, 32, 59, 60]
Min Correction Subset: [12, 13, 18, 33, 58]
Iter 102: 
Min Hitting Set: [8, 10, 12, 16, 23, 26, 32, 59, 60]
Min Correction Subset: [15, 20, 21, 27, 33]
Iter 103: 
Min Hitting Set: [7, 10, 12, 16, 21, 26, 32, 59, 60]
Min Correction Subset: [9, 23, 31, 33]
Iter 104: 
Min Hitting Set: [9, 10, 12, 13, 17, 26, 33, 59, 60]
Min Correction Subset: [6, 7, 8, 15, 21, 24, 25, 27, 31]
Iter 105: 
Min Hitting Set: [7, 10, 12, 15, 20, 26, 33, 59, 60]
Min Correction Subset: [16, 17, 24, 25, 31]
Iter 106: 
Min Hitting Set: [7, 10, 12, 15, 27, 31, 33, 59, 60]
Min Correction Subset: [16, 17, 20, 21, 58]
Iter 107: 
Min Hitting Set: [7, 10, 12, 15, 20, 31, 33, 59, 60]
Min Correction Subset: [9, 13, 16, 17, 18, 27]
Iter 108: 
Min Hitting Set: [8, 10, 12, 17, 20, 31, 33, 59, 60]
Min Correction Subset: [9, 15, 16, 21, 22, 23, 27, 48, 58]
Iter 109: 
Min Hitting Set: [8, 10, 12, 16, 21, 31, 33, 59, 60]
Min Correction Subset: [3, 9, 13, 17, 18, 23, 26, 27, 58]
Iter 110: 
Min Hitting Set: [8, 10, 12, 17, 21, 31, 33, 59, 60]
Min Correction Subset: [3, 6, 7, 9, 13, 16, 23, 24, 25, 26, 27, 58]
Iter 111: 
Min Hitting Set: [10, 12, 13, 17, 27, 31, 33, 58, 59, 60]
Min Correction Subset: [6, 7, 8, 9, 20, 21, 23]
Iter 112: 
Min Hitting Set: [10, 12, 13, 17, 23, 27, 31, 58, 59, 60]
Min Correction Subset: [6, 7, 8, 9, 32, 33]
Iter 113: 
Min Hitting Set: [10, 12, 13, 17, 23, 27, 31, 33, 59, 60]
Min Correction Subset: [6, 7, 8, 9, 20, 21, 26]
Iter 114: 
Min Hitting Set: [10, 12, 13, 17, 23, 26, 27, 33, 59, 60]
Min Correction Subset: [6, 7, 8, 9, 18, 24, 25, 31]
Iter 115: 
Min Hitting Set: [6, 9, 10, 13, 17, 26, 31, 33, 59, 60]
Min Correction Subset: [12, 15, 18, 21, 22, 23, 24, 25, 27, 48]
Iter 116: 
Min Hitting Set: [9, 10, 13, 17, 26, 27, 31, 33, 59, 60]
Min Correction Subset: [6, 7, 8, 12, 15, 18, 21, 23, 24, 25, 58]
Iter 117: 
Min Hitting Set: [6, 9, 10, 13, 17, 26, 27, 32, 59, 60]
Min Correction Subset: [12, 18, 24, 25, 31, 33]
Iter 118: 
Min Hitting Set: [7, 10, 13, 15, 17, 20, 26, 33, 59, 60]
Min Correction Subset: [9, 12, 18, 23, 24, 25, 31]
Iter 119: 
Min Hitting Set: [7, 9, 10, 13, 15, 17, 31, 33, 59, 60]
Min Correction Subset: [12, 18, 19, 20, 21, 24, 25, 26, 27, 54, 57]
Optimal IIS
Instance: regions-40-100-380000
----------------------------
Query: 3
Query element:32
Query element:33
Query scope: 32
Query scope: 33
----------------------------
IIS optimality: suboptimal
IIS solution time: 33274.825
IIS Constraint: 6; goods; {good:6}
IIS Constraint: 9; goods; {good:9}
IIS Constraint: 10; goods; {good:10}
IIS Constraint: 13; goods; {good:13}
IIS Constraint: 17; goods; {good:17}
IIS Constraint: 20; goods; {good:20}
IIS Constraint: 25; goods; {good:25}
IIS Constraint: 33; goods; {good:33}
IIS Constraint: 59; query; {bid:33,query:3}
IIS Constraint: 60; max; {f:2204.7117,objective:max}
