IIS generation
Iter 1: 
Min Hitting Set: []
Min Correction Subset: [74]
Iter 2: 
Min Hitting Set: [74]
Min Correction Subset: [40]
Iter 3: 
Min Hitting Set: [40, 74]
Min Correction Subset: [34]
Iter 4: 
Min Hitting Set: [34, 40, 74]
Min Correction Subset: [0]
Iter 5: 
Min Hitting Set: [0, 34, 40, 74]
Min Correction Subset: [27]
Iter 6: 
Min Hitting Set: [0, 27, 34, 40, 74]
Min Correction Subset: [4]
Iter 7: 
Min Hitting Set: [0, 4, 27, 34, 40, 74]
Min Correction Subset: [16]
Iter 8: 
Min Hitting Set: [0, 4, 16, 27, 34, 40, 74]
Min Correction Subset: [26]
Iter 9: 
Min Hitting Set: [0, 4, 16, 26, 27, 34, 40, 74]
Min Correction Subset: [3, 29]
Iter 10: 
Min Hitting Set: [0, 3, 4, 16, 26, 27, 34, 40, 74]
Min Correction Subset: [10, 29]
Iter 11: 
Min Hitting Set: [0, 4, 16, 26, 27, 29, 34, 40, 74]
Min Correction Subset: [10, 13]
Iter 12: 
Min Hitting Set: [0, 4, 10, 16, 26, 27, 29, 34, 40, 74]
Min Correction Subset: [13, 36]
Iter 13: 
Min Hitting Set: [0, 4, 13, 16, 26, 27, 29, 34, 40, 74]
Min Correction Subset: [12, 36]
Iter 14: 
Min Hitting Set: [0, 4, 10, 16, 26, 27, 29, 34, 36, 40, 74]
Min Correction Subset: [17, 73]
Iter 15: 
Min Hitting Set: [0, 4, 10, 16, 17, 26, 27, 29, 34, 36, 40, 74]
Min Correction Subset: [11, 73]
Iter 16: 
Min Hitting Set: [0, 4, 10, 16, 26, 27, 29, 34, 36, 40, 73, 74]
Min Correction Subset: [13, 17]
Iter 17: 
Min Hitting Set: [0, 4, 13, 16, 26, 27, 29, 34, 36, 40, 73, 74]
Min Correction Subset: [10, 17]
Iter 18: 
Min Hitting Set: [0, 4, 10, 13, 16, 26, 27, 29, 34, 36, 40, 73, 74]
Min Correction Subset: [9, 17]
Iter 19: 
Min Hitting Set: [0, 4, 10, 16, 17, 26, 27, 29, 34, 36, 40, 73, 74]
Min Correction Subset: [5, 12, 38]
Iter 20: 
Min Hitting Set: [0, 4, 12, 13, 16, 17, 26, 27, 29, 34, 40, 73, 74]
Min Correction Subset: [9, 10]
Iter 21: 
Min Hitting Set: [0, 4, 9, 10, 12, 13, 16, 26, 27, 29, 34, 40, 73, 74]
Min Correction Subset: [17, 36]
Iter 22: 
Min Hitting Set: [0, 4, 10, 12, 13, 16, 17, 26, 27, 29, 34, 40, 73, 74]
Min Correction Subset: [36, 45]
Iter 23: 
Min Hitting Set: [0, 4, 10, 12, 16, 17, 26, 27, 29, 34, 36, 40, 73, 74]
Min Correction Subset: [5, 38, 45]
Iter 24: 
Min Hitting Set: [0, 4, 10, 16, 17, 26, 27, 29, 34, 36, 38, 40, 73, 74]
Min Correction Subset: [9, 12, 55]
Iter 25: 
Min Hitting Set: [0, 4, 5, 9, 10, 16, 17, 26, 27, 29, 34, 36, 40, 73, 74]
Min Correction Subset: [3, 13, 57]
Iter 26: 
Min Hitting Set: [0, 3, 4, 5, 9, 10, 16, 17, 26, 27, 34, 36, 40, 73, 74]
Min Correction Subset: [12, 29]
Iter 27: 
Min Hitting Set: [0, 4, 5, 9, 13, 16, 17, 26, 27, 29, 34, 36, 40, 73, 74]
Min Correction Subset: [10, 12]
Iter 28: 
Min Hitting Set: [0, 4, 10, 12, 13, 16, 17, 26, 27, 29, 34, 40, 45, 73, 74]
Min Correction Subset: [36, 55]
Iter 29: 
Min Hitting Set: [0, 3, 4, 5, 10, 12, 16, 17, 26, 27, 34, 36, 40, 73, 74]
Min Correction Subset: [11, 29]
Iter 30: 
Min Hitting Set: [0, 4, 5, 9, 10, 13, 16, 26, 27, 29, 34, 36, 40, 73, 74]
Min Correction Subset: [12, 17]
Iter 31: 
Min Hitting Set: [0, 3, 4, 5, 10, 11, 12, 16, 17, 26, 27, 34, 36, 40, 74]
Min Correction Subset: [13, 73]
Iter 32: 
Min Hitting Set: [0, 4, 10, 12, 13, 16, 17, 26, 27, 29, 34, 40, 45, 55, 73, 74]
Min Correction Subset: [36, 51]
Iter 33: 
Min Hitting Set: [0, 4, 5, 10, 12, 13, 16, 17, 26, 27, 29, 34, 36, 40, 73, 74]
Min Correction Subset: [9, 38, 45]
Iter 34: 
Min Hitting Set: [0, 4, 10, 12, 13, 16, 17, 26, 27, 29, 34, 36, 38, 40, 73, 74]
Min Correction Subset: [3, 9, 23, 54]
Iter 35: 
Min Hitting Set: [0, 4, 9, 11, 12, 13, 16, 17, 26, 27, 29, 34, 36, 38, 40, 74]
Min Correction Subset: [10, 73]
Iter 36: 
Min Hitting Set: [0, 3, 4, 10, 11, 12, 13, 16, 17, 26, 27, 34, 36, 38, 40, 74]
Min Correction Subset: [29, 72]
Iter 37: 
Min Hitting Set: [0, 4, 9, 10, 13, 16, 17, 26, 27, 29, 34, 36, 38, 40, 73, 74]
Min Correction Subset: [11, 12, 23]
Iter 38: 
Min Hitting Set: [0, 4, 9, 10, 12, 13, 16, 26, 27, 29, 34, 36, 38, 40, 73, 74]
Min Correction Subset: [5, 11, 17]
Iter 39: 
Min Hitting Set: [0, 3, 4, 10, 12, 16, 17, 26, 27, 29, 34, 36, 38, 40, 73, 74]
Min Correction Subset: [5, 11, 13, 23]
Iter 40: 
Min Hitting Set: [0, 4, 9, 12, 13, 16, 17, 26, 27, 29, 34, 36, 38, 40, 73, 74]
Min Correction Subset: [10, 11, 14]
Iter 41: 
Min Hitting Set: [0, 4, 9, 10, 11, 13, 16, 17, 26, 27, 29, 34, 36, 38, 40, 74]
Min Correction Subset: [5, 73]
Iter 42: 
Min Hitting Set: [0, 4, 5, 9, 10, 11, 13, 16, 17, 26, 27, 29, 34, 36, 40, 74]
Min Correction Subset: [12, 73]
Iter 43: 
Min Hitting Set: [0, 4, 5, 9, 10, 12, 13, 16, 26, 27, 29, 34, 36, 40, 73, 74]
Min Correction Subset: [11, 17, 23]
Iter 44: 
Min Hitting Set: [0, 4, 9, 11, 12, 13, 16, 17, 26, 27, 29, 34, 36, 38, 40, 73, 74]
Min Correction Subset: [5, 10, 14, 39]
Iter 45: 
Min Hitting Set: [0, 4, 9, 10, 12, 13, 16, 17, 26, 27, 29, 34, 36, 38, 40, 73, 74]
Min Correction Subset: [5, 7, 11, 23, 45]
Iter 46: 
Min Hitting Set: [0, 4, 9, 10, 12, 13, 16, 17, 26, 27, 29, 34, 36, 40, 45, 73, 74]
Min Correction Subset: [5, 7, 38, 51]
Iter 47: 
Min Hitting Set: [0, 4, 10, 12, 13, 16, 17, 23, 26, 27, 29, 34, 36, 38, 40, 73, 74]
Min Correction Subset: [3, 5, 7, 9, 45]
Iter 48: 
Min Hitting Set: [0, 3, 4, 10, 16, 17, 23, 26, 27, 29, 34, 36, 38, 40, 55, 73, 74]
Min Correction Subset: [5, 9, 13, 39]
Iter 49: 
Min Hitting Set: [0, 4, 5, 9, 10, 12, 13, 16, 23, 26, 27, 29, 34, 36, 40, 73, 74]
Min Correction Subset: [8, 17, 45]
Iter 50: 
Min Hitting Set: [0, 4, 9, 10, 11, 13, 16, 17, 26, 27, 29, 34, 36, 38, 40, 73, 74]
Min Correction Subset: [1, 12, 15, 57]
Iter 51: 
Min Hitting Set: [0, 3, 4, 5, 10, 12, 16, 17, 26, 27, 29, 34, 36, 38, 40, 73, 74]
Min Correction Subset: [9, 13, 14, 55]
Iter 52: 
Min Hitting Set: [0, 4, 9, 10, 16, 17, 23, 26, 27, 29, 34, 36, 38, 40, 57, 73, 74]
Min Correction Subset: [3, 5, 7, 13]
Iter 53: 
Min Hitting Set: [0, 3, 4, 5, 9, 10, 12, 16, 17, 26, 27, 29, 34, 36, 40, 73, 74]
Min Correction Subset: [13, 38, 45]
Iter 54: 
Min Hitting Set: [0, 4, 5, 9, 10, 12, 13, 16, 17, 26, 27, 29, 34, 36, 40, 73, 74]
Min Correction Subset: [11, 38, 45]
Iter 55: 
Min Hitting Set: [0, 4, 5, 9, 10, 11, 12, 13, 16, 17, 26, 27, 29, 34, 36, 40, 74]
Min Correction Subset: [57, 73]
Iter 56: 
Min Hitting Set: [0, 4, 5, 9, 11, 12, 13, 16, 17, 26, 27, 29, 34, 36, 40, 73, 74]
Min Correction Subset: [10, 38, 45]
Iter 57: 
Min Hitting Set: [0, 4, 9, 10, 13, 16, 17, 23, 26, 27, 29, 34, 36, 38, 40, 57, 73, 74]
Min Correction Subset: [5, 12, 39, 72]
Iter 58: 
Min Hitting Set: [0, 4, 10, 12, 13, 16, 17, 23, 26, 27, 29, 34, 36, 38, 40, 45, 73, 74]
Min Correction Subset: [5, 9, 15, 39, 57]
Iter 59: 
Min Hitting Set: [0, 4, 5, 9, 10, 11, 16, 17, 26, 27, 29, 34, 36, 38, 40, 57, 73, 74]
Min Correction Subset: [3, 7, 13, 47]
Iter 60: 
Min Hitting Set: [0, 3, 4, 9, 10, 11, 12, 16, 17, 26, 27, 29, 34, 36, 38, 40, 73, 74]
Min Correction Subset: [5, 13, 39, 45]
Iter 61: 
Min Hitting Set: [0, 3, 4, 5, 9, 10, 12, 16, 17, 26, 27, 29, 34, 36, 38, 40, 73, 74]
Min Correction Subset: [11, 13, 23, 56]
Iter 62: 
Min Hitting Set: [0, 4, 9, 10, 11, 12, 13, 16, 17, 26, 27, 29, 34, 36, 38, 40, 73, 74]
Min Correction Subset: [5, 7, 39, 45, 63]
Iter 63: 
Min Hitting Set: [0, 4, 5, 9, 10, 12, 13, 16, 23, 26, 27, 29, 34, 36, 40, 45, 73, 74]
Min Correction Subset: [8, 17, 51]
Iter 64: 
Min Hitting Set: [0, 4, 5, 9, 11, 12, 13, 16, 17, 26, 27, 29, 34, 36, 40, 45, 73, 74]
Min Correction Subset: [10, 38, 51]
Iter 65: 
Min Hitting Set: [0, 4, 9, 10, 12, 13, 16, 17, 26, 27, 29, 34, 36, 38, 40, 45, 73, 74]
Min Correction Subset: [11, 14, 23, 57, 72]
Iter 66: 
Min Hitting Set: [0, 4, 5, 10, 12, 13, 16, 17, 23, 26, 27, 29, 34, 36, 40, 45, 73, 74]
Min Correction Subset: [9, 38, 51]
Iter 67: 
Min Hitting Set: [0, 4, 5, 9, 11, 12, 13, 16, 17, 26, 27, 29, 34, 36, 38, 40, 73, 74]
Min Correction Subset: [1, 10, 14, 57]
Iter 68: 
Min Hitting Set: [0, 4, 9, 12, 13, 14, 16, 17, 26, 27, 29, 34, 36, 38, 40, 45, 73, 74]
Min Correction Subset: [10, 11, 23]
Iter 69: 
Min Hitting Set: [0, 4, 9, 10, 11, 12, 13, 16, 26, 27, 29, 34, 36, 40, 45, 51, 73, 74]
Min Correction Subset: [5, 7, 17]
Iter 70: 
Min Hitting Set: [0, 4, 5, 10, 12, 13, 16, 17, 23, 26, 27, 29, 34, 36, 38, 40, 73, 74]
Min Correction Subset: [9, 15, 39, 47, 57]
Iter 71: 
Min Hitting Set: [0, 4, 5, 9, 10, 11, 13, 16, 17, 26, 27, 29, 34, 36, 40, 57, 73, 74]
Min Correction Subset: [12, 38, 45]
Iter 72: 
Min Hitting Set: [0, 4, 5, 9, 10, 11, 12, 13, 16, 17, 26, 27, 29, 34, 36, 40, 57, 74]
Min Correction Subset: [3, 73]
Iter 73: 
Min Hitting Set: [0, 4, 5, 9, 10, 11, 12, 13, 16, 17, 26, 27, 29, 34, 36, 40, 73, 74]
Min Correction Subset: [7, 14, 38, 45]
Iter 74: 
Min Hitting Set: [0, 4, 10, 12, 13, 16, 17, 23, 26, 27, 29, 34, 36, 40, 45, 51, 57, 73, 74]
Min Correction Subset: [5, 7, 9, 38]
Iter 75: 
Min Hitting Set: [0, 4, 10, 12, 13, 16, 17, 23, 26, 27, 29, 34, 36, 38, 40, 45, 57, 73, 74]
Min Correction Subset: [5, 9, 14, 39, 55]
Iter 76: 
Min Hitting Set: [0, 3, 4, 5, 9, 10, 11, 12, 16, 17, 26, 27, 29, 34, 36, 40, 45, 73, 74]
Min Correction Subset: [13, 38, 51]
Iter 77: 
Min Hitting Set: [0, 3, 4, 9, 10, 11, 12, 16, 17, 26, 27, 29, 34, 36, 38, 40, 45, 73, 74]
Min Correction Subset: [13, 15, 23, 57]
Iter 78: 
Min Hitting Set: [0, 3, 4, 9, 10, 12, 16, 17, 23, 26, 27, 29, 34, 36, 38, 40, 45, 73, 74]
Min Correction Subset: [5, 13, 15, 39, 57]
Iter 79: 
Min Hitting Set: [0, 3, 4, 5, 9, 10, 12, 16, 17, 23, 26, 27, 29, 34, 36, 38, 40, 73, 74]
Min Correction Subset: [13, 15, 39, 47, 57]
Iter 80: 
Min Hitting Set: [0, 4, 5, 7, 9, 10, 11, 16, 17, 26, 27, 29, 34, 36, 38, 40, 57, 73, 74]
Min Correction Subset: [3, 13, 39, 47]
Iter 81: 
Min Hitting Set: [0, 4, 10, 12, 13, 16, 17, 23, 26, 27, 29, 34, 36, 38, 39, 40, 45, 73, 74]
Min Correction Subset: [3, 7, 9, 14, 47]
Iter 82: 
Min Hitting Set: [0, 3, 4, 10, 12, 14, 16, 17, 23, 26, 27, 29, 34, 36, 38, 39, 40, 73, 74]
Min Correction Subset: [2, 9, 13, 55]
Iter 83: 
Min Hitting Set: [0, 3, 4, 10, 12, 16, 17, 23, 26, 27, 29, 34, 36, 38, 39, 40, 55, 73, 74]
Min Correction Subset: [5, 7, 13, 45, 63]
Iter 84: 
Min Hitting Set: [0, 3, 4, 5, 10, 11, 16, 17, 26, 27, 29, 34, 36, 38, 40, 55, 57, 73, 74]
Min Correction Subset: [7, 12, 24, 39, 44]
Iter 85: 
Min Hitting Set: [0, 4, 9, 11, 12, 13, 14, 16, 17, 26, 27, 29, 34, 36, 38, 40, 45, 73, 74]
Min Correction Subset: [1, 10, 43, 57]
Iter 86: 
Min Hitting Set: [0, 4, 5, 9, 10, 12, 13, 16, 23, 26, 27, 29, 34, 36, 40, 45, 51, 73, 74]
Min Correction Subset: [11, 15, 17, 57]
Iter 87: 
Min Hitting Set: [0, 4, 7, 9, 10, 11, 12, 13, 16, 26, 27, 29, 34, 36, 40, 45, 51, 73, 74]
Min Correction Subset: [5, 17, 39]
Iter 88: 
Min Hitting Set: [0, 4, 9, 10, 12, 13, 16, 17, 23, 26, 27, 29, 34, 36, 40, 45, 51, 73, 74]
Min Correction Subset: [5, 7, 38, 63]
Iter 89: 
Min Hitting Set: [0, 4, 9, 11, 12, 13, 16, 17, 26, 27, 29, 34, 36, 38, 39, 40, 57, 73, 74]
Min Correction Subset: [5, 7, 10, 45]
Iter 90: 
Min Hitting Set: [0, 4, 9, 10, 12, 13, 16, 17, 23, 26, 27, 29, 34, 36, 38, 40, 45, 73, 74]
Min Correction Subset: [5, 7, 11, 39, 57, 63]
Iter 91: 
Min Hitting Set: [0, 4, 9, 10, 11, 12, 13, 16, 17, 26, 27, 29, 34, 36, 38, 40, 45, 73, 74]
Min Correction Subset: [1, 3, 14, 39, 47, 57]
Iter 92: 
Min Hitting Set: [0, 4, 9, 10, 12, 13, 16, 17, 23, 26, 27, 29, 34, 36, 38, 39, 40, 73, 74]
Min Correction Subset: [5, 7, 45, 57, 63]
Iter 93: 
Min Hitting Set: [0, 4, 9, 10, 13, 16, 17, 23, 26, 27, 29, 34, 36, 38, 39, 40, 57, 73, 74]
Min Correction Subset: [5, 7, 12, 45]
Iter 94: 
Min Hitting Set: [0, 4, 7, 9, 10, 16, 17, 23, 26, 27, 29, 34, 36, 38, 39, 40, 57, 73, 74]
Min Correction Subset: [3, 5, 11, 12, 42]
Iter 95: 
Min Hitting Set: [0, 4, 7, 10, 12, 13, 16, 17, 23, 26, 27, 29, 34, 36, 38, 39, 40, 73, 74]
Min Correction Subset: [3, 5, 9, 45, 57]
Iter 96: 
Min Hitting Set: [0, 4, 5, 9, 11, 12, 13, 16, 17, 26, 27, 29, 34, 36, 38, 40, 57, 73, 74]
Min Correction Subset: [10, 14, 43, 47]
Iter 97: 
Min Hitting Set: [0, 4, 9, 10, 12, 13, 16, 17, 26, 27, 29, 34, 36, 38, 40, 45, 57, 73, 74]
Min Correction Subset: [5, 7, 11, 23, 63]
Iter 98: 
Min Hitting Set: [0, 4, 7, 9, 10, 12, 13, 16, 17, 26, 27, 29, 34, 36, 38, 40, 57, 73, 74]
Min Correction Subset: [3, 11, 14, 23, 45, 56]
Iter 99: 
Min Hitting Set: [0, 4, 5, 9, 10, 11, 12, 13, 14, 16, 17, 26, 27, 29, 34, 36, 40, 73, 74]
Min Correction Subset: [15, 38, 45, 47]
Iter 100: 
Min Hitting Set: [0, 3, 4, 5, 10, 12, 13, 16, 17, 26, 27, 29, 34, 36, 38, 40, 57, 73, 74]
Min Correction Subset: [9, 14, 23, 55]
Iter 101: 
Min Hitting Set: [0, 4, 5, 9, 10, 12, 13, 16, 17, 26, 27, 29, 34, 36, 40, 45, 57, 73, 74]
Min Correction Subset: [11, 23, 38, 51]
Iter 102: 
Min Hitting Set: [0, 4, 5, 9, 10, 12, 13, 14, 16, 17, 26, 27, 29, 34, 36, 38, 40, 73, 74]
Min Correction Subset: [3, 7, 11, 23, 56, 57]
Iter 103: 
Min Hitting Set: [0, 4, 7, 9, 10, 12, 13, 14, 16, 17, 26, 27, 29, 34, 36, 38, 40, 73, 74]
Min Correction Subset: [1, 11, 15, 23, 56, 57]
Iter 104: 
Min Hitting Set: [0, 4, 5, 10, 12, 13, 16, 17, 23, 26, 27, 29, 34, 36, 38, 40, 47, 73, 74]
Min Correction Subset: [3, 9, 14, 55, 57]
Iter 105: 
Min Hitting Set: [0, 4, 7, 9, 10, 11, 16, 17, 26, 27, 29, 34, 36, 38, 39, 40, 57, 73, 74]
Min Correction Subset: [3, 5, 13, 23]
Iter 106: 
Min Hitting Set: [0, 4, 5, 7, 9, 10, 16, 17, 23, 26, 27, 29, 34, 36, 38, 40, 47, 57, 73, 74]
Min Correction Subset: [3, 13, 39, 44, 52]
Iter 107: 
Min Hitting Set: [0, 4, 5, 7, 9, 10, 16, 17, 23, 26, 27, 29, 34, 36, 38, 39, 40, 57, 73, 74]
Min Correction Subset: [3, 11, 12, 14, 42, 47]
Iter 108: 
Min Hitting Set: [0, 4, 7, 9, 10, 12, 16, 17, 23, 26, 27, 29, 34, 36, 38, 39, 40, 57, 73, 74]
Min Correction Subset: [3, 5, 11, 13, 42]
Iter 109: 
Min Hitting Set: [0, 4, 5, 9, 10, 16, 17, 23, 26, 27, 29, 34, 36, 38, 39, 40, 47, 57, 73, 74]
Min Correction Subset: [3, 7, 13, 44, 45]
Iter 110: 
Min Hitting Set: [0, 4, 5, 9, 10, 12, 13, 16, 17, 23, 26, 27, 29, 34, 36, 38, 39, 40, 73, 74]
Min Correction Subset: [3, 7, 14, 45, 47, 57]
Iter 111: 
Min Hitting Set: [0, 4, 5, 9, 10, 12, 13, 16, 17, 23, 26, 27, 29, 34, 36, 38, 40, 57, 73, 74]
Min Correction Subset: [3, 7, 11, 14, 39, 44, 45, 47]
Iter 112: 
Min Hitting Set: [0, 4, 9, 10, 12, 13, 16, 17, 23, 26, 27, 29, 34, 36, 38, 39, 40, 57, 73, 74]
Min Correction Subset: [3, 5, 7, 11, 45, 63]
Optimal IIS
Instance: paths-40-100-470000
----------------------------
Query: 9
Query element:48
Query element:22
Query scope: 39
Query scope: 40
Query scope: 41
Query scope: 42
Query scope: 43
Query scope: 1
Query scope: 3
Query scope: 4
----------------------------
IIS optimality: suboptimal
IIS solution time: 30494.670
IIS Constraint: 0; goods; {good:0}
IIS Constraint: 4; goods; {good:4}
IIS Constraint: 9; goods; {good:9}
IIS Constraint: 10; goods; {good:10}
IIS Constraint: 11; goods; {good:11}
IIS Constraint: 12; goods; {good:12}
IIS Constraint: 13; goods; {good:13}
IIS Constraint: 16; goods; {good:16}
IIS Constraint: 17; goods; {good:17}
IIS Constraint: 26; goods; {good:26}
IIS Constraint: 27; goods; {good:27}
IIS Constraint: 29; goods; {good:29}
IIS Constraint: 34; goods; {good:34}
IIS Constraint: 36; goods; {good:36}
IIS Constraint: 38; goods; {good:38}
IIS Constraint: 39; goods; {good:39}
IIS Constraint: 40; goods; {good:40}
IIS Constraint: 57; goods; {good:57}
IIS Constraint: 73; query; {good:22,query:9}
IIS Constraint: 74; max; {f:14.580044000000001,objective:max}
