IIS generation
Iter 1: 
Min Hitting Set: []
Min Correction Subset: [79]
Iter 2: 
Min Hitting Set: [79]
Min Correction Subset: [4]
Iter 3: 
Min Hitting Set: [4, 79]
Min Correction Subset: [27]
Iter 4: 
Min Hitting Set: [4, 27, 79]
Min Correction Subset: [24]
Iter 5: 
Min Hitting Set: [4, 24, 27, 79]
Min Correction Subset: [33]
Iter 6: 
Min Hitting Set: [4, 24, 27, 33, 79]
Min Correction Subset: [3]
Iter 7: 
Min Hitting Set: [3, 4, 24, 27, 33, 79]
Min Correction Subset: [36]
Iter 8: 
Min Hitting Set: [3, 4, 24, 27, 33, 36, 79]
Min Correction Subset: [9]
Iter 9: 
Min Hitting Set: [3, 4, 9, 24, 27, 33, 36, 79]
Min Correction Subset: [13]
Iter 10: 
Min Hitting Set: [3, 4, 9, 13, 24, 27, 33, 36, 79]
Min Correction Subset: [12]
Iter 11: 
Min Hitting Set: [3, 4, 9, 12, 13, 24, 27, 33, 36, 79]
Min Correction Subset: [21]
Iter 12: 
Min Hitting Set: [3, 4, 9, 12, 13, 21, 24, 27, 33, 36, 79]
Min Correction Subset: [6]
Iter 13: 
Min Hitting Set: [3, 4, 6, 9, 12, 13, 21, 24, 27, 33, 36, 79]
Min Correction Subset: [10]
Iter 14: 
Min Hitting Set: [3, 4, 6, 9, 10, 12, 13, 21, 24, 27, 33, 36, 79]
Min Correction Subset: [18]
Iter 15: 
Min Hitting Set: [3, 4, 6, 9, 10, 12, 13, 18, 21, 24, 27, 33, 36, 79]
Min Correction Subset: [48]
Iter 16: 
Min Hitting Set: [3, 4, 6, 9, 10, 12, 13, 18, 21, 24, 27, 33, 36, 48, 79]
Min Correction Subset: [16]
Iter 17: 
Min Hitting Set: [3, 4, 6, 9, 10, 12, 13, 16, 18, 21, 24, 27, 33, 36, 48, 79]
Min Correction Subset: [14]
Iter 18: 
Min Hitting Set: [3, 4, 6, 9, 10, 12, 13, 14, 16, 18, 21, 24, 27, 33, 36, 48, 79]
Min Correction Subset: [19]
Iter 19: 
Min Hitting Set: [3, 4, 6, 9, 10, 12, 13, 14, 16, 18, 19, 21, 24, 27, 33, 36, 48, 79]
Min Correction Subset: [29]
Iter 20: 
Min Hitting Set: [3, 4, 6, 9, 10, 12, 13, 14, 16, 18, 19, 21, 24, 27, 29, 33, 36, 48, 79]
Min Correction Subset: [2]
Iter 21: 
Min Hitting Set: [2, 3, 4, 6, 9, 10, 12, 13, 14, 16, 18, 19, 21, 24, 27, 29, 33, 36, 48, 79]
Min Correction Subset: [78]
Iter 22: 
Min Hitting Set: [2, 3, 4, 6, 9, 10, 12, 13, 14, 16, 18, 19, 21, 24, 27, 29, 33, 36, 48, 78, 79]
Min Correction Subset: [31]
Iter 23: 
Min Hitting Set: [2, 3, 4, 6, 9, 10, 12, 13, 14, 16, 18, 19, 21, 24, 27, 29, 31, 33, 36, 48, 78, 79]
Min Correction Subset: [8, 45]
Iter 24: 
Min Hitting Set: [2, 3, 4, 6, 8, 9, 10, 12, 13, 14, 16, 18, 19, 21, 24, 27, 29, 31, 33, 36, 48, 78, 79]
Min Correction Subset: [17, 54]
Iter 25: 
Min Hitting Set: [2, 3, 4, 6, 8, 9, 10, 12, 13, 14, 16, 17, 18, 19, 21, 24, 27, 29, 31, 33, 36, 48, 78, 79]
Min Correction Subset: [26, 34]
Iter 26: 
Min Hitting Set: [2, 3, 4, 6, 8, 9, 10, 12, 13, 14, 16, 17, 18, 19, 21, 24, 26, 27, 29, 31, 33, 36, 48, 78, 79]
Min Correction Subset: [34, 54]
Iter 27: 
Min Hitting Set: [2, 3, 4, 6, 8, 9, 10, 12, 13, 14, 16, 18, 19, 21, 24, 27, 29, 31, 33, 34, 36, 48, 54, 78, 79]
Min Correction Subset: [17, 26]
Iter 28: 
Min Hitting Set: [2, 3, 4, 6, 8, 9, 10, 12, 13, 14, 16, 17, 18, 19, 21, 24, 27, 29, 31, 33, 34, 36, 48, 78, 79]
Min Correction Subset: [26, 45]
Iter 29: 
Min Hitting Set: [2, 3, 4, 6, 9, 10, 12, 13, 14, 16, 17, 18, 19, 21, 24, 27, 29, 31, 33, 34, 36, 45, 48, 78, 79]
Min Correction Subset: [8, 60]
Iter 30: 
Min Hitting Set: [2, 3, 4, 6, 8, 9, 10, 12, 13, 14, 16, 18, 19, 21, 24, 26, 27, 29, 31, 33, 36, 48, 54, 78, 79]
Min Correction Subset: [17, 55]
Iter 31: 
Min Hitting Set: [2, 3, 4, 6, 8, 9, 10, 12, 13, 14, 16, 17, 18, 19, 21, 24, 26, 27, 29, 31, 33, 34, 36, 48, 78, 79]
Min Correction Subset: [7, 54, 59]
Iter 32: 
Min Hitting Set: [2, 3, 4, 6, 8, 9, 10, 12, 13, 14, 16, 17, 18, 19, 21, 24, 26, 27, 29, 31, 33, 36, 48, 54, 78, 79]
Min Correction Subset: [34, 58]
Iter 33: 
Min Hitting Set: [2, 3, 4, 6, 8, 9, 10, 12, 13, 14, 16, 17, 18, 19, 21, 24, 26, 27, 29, 31, 33, 34, 36, 48, 54, 78, 79]
Min Correction Subset: [7, 58, 59]
Iter 34: 
Min Hitting Set: [2, 3, 4, 6, 7, 8, 9, 10, 12, 13, 14, 16, 17, 18, 19, 21, 24, 26, 27, 29, 31, 33, 34, 36, 48, 78, 79]
Min Correction Subset: [0, 5, 58]
Iter 35: 
Min Hitting Set: [2, 3, 4, 6, 8, 9, 10, 12, 13, 14, 16, 17, 18, 19, 21, 24, 26, 27, 29, 31, 33, 36, 48, 54, 58, 78, 79]
Min Correction Subset: [0, 5, 34]
Iter 36: 
Min Hitting Set: [2, 3, 4, 6, 8, 9, 10, 12, 13, 14, 16, 17, 18, 19, 21, 24, 26, 27, 29, 31, 33, 34, 36, 48, 54, 58, 78, 79]
Min Correction Subset: [15, 55, 60]
Iter 37: 
Min Hitting Set: [2, 3, 4, 6, 7, 9, 10, 12, 13, 14, 16, 17, 18, 19, 21, 24, 27, 29, 31, 33, 34, 36, 45, 48, 58, 60, 78, 79]
Min Correction Subset: [5, 8]
Iter 38: 
Min Hitting Set: [2, 3, 4, 6, 8, 9, 10, 12, 13, 14, 16, 18, 19, 21, 24, 26, 27, 29, 31, 33, 34, 36, 48, 54, 55, 58, 78, 79]
Min Correction Subset: [17, 53]
Iter 39: 
Min Hitting Set: [2, 3, 4, 5, 6, 7, 9, 10, 12, 13, 14, 16, 17, 18, 19, 21, 24, 27, 29, 31, 33, 34, 36, 45, 48, 60, 78, 79]
Min Correction Subset: [8, 54]
Iter 40: 
Min Hitting Set: [2, 3, 4, 5, 6, 9, 10, 12, 13, 14, 16, 17, 18, 19, 21, 24, 26, 27, 29, 31, 33, 36, 45, 48, 54, 58, 60, 78, 79]
Min Correction Subset: [8, 34]
Iter 41: 
Min Hitting Set: [2, 3, 4, 6, 8, 9, 10, 12, 13, 14, 16, 17, 18, 19, 21, 24, 27, 29, 31, 33, 34, 36, 45, 48, 54, 58, 60, 78, 79]
Min Correction Subset: [5, 26]
Iter 42: 
Min Hitting Set: [2, 3, 4, 5, 6, 9, 10, 12, 13, 14, 16, 17, 18, 19, 21, 24, 27, 29, 31, 33, 34, 36, 45, 48, 54, 58, 60, 78, 79]
Min Correction Subset: [8, 51]
Optimal IIS
Instance: paths-40-100-200000
----------------------------
Query: 8
Query element:30
Query scope: 27
Query scope: 98
----------------------------
IIS optimality: suboptimal
IIS solution time: 6201.586
IIS Constraint: 2; goods; {good:2}
IIS Constraint: 3; goods; {good:3}
IIS Constraint: 4; goods; {good:4}
IIS Constraint: 6; goods; {good:6}
IIS Constraint: 8; goods; {good:8}
IIS Constraint: 9; goods; {good:9}
IIS Constraint: 10; goods; {good:10}
IIS Constraint: 12; goods; {good:12}
IIS Constraint: 13; goods; {good:13}
IIS Constraint: 14; goods; {good:14}
IIS Constraint: 16; goods; {good:16}
IIS Constraint: 17; goods; {good:17}
IIS Constraint: 18; goods; {good:18}
IIS Constraint: 19; goods; {good:19}
IIS Constraint: 21; goods; {good:21}
IIS Constraint: 24; goods; {good:24}
IIS Constraint: 26; goods; {good:26}
IIS Constraint: 27; goods; {good:27}
IIS Constraint: 29; goods; {good:29}
IIS Constraint: 31; goods; {good:31}
IIS Constraint: 33; goods; {good:33}
IIS Constraint: 34; goods; {good:34}
IIS Constraint: 36; goods; {good:36}
IIS Constraint: 48; goods; {good:48}
IIS Constraint: 54; goods; {good:54}
IIS Constraint: 55; goods; {good:55}
IIS Constraint: 58; goods; {good:58}
IIS Constraint: 78; query; {good:30,query:8}
IIS Constraint: 79; max; {f:12.595678000000001,objective:max}
