IIS generation
Iter 1: 
Min Hitting Set: []
Min Correction Subset: [59]
Iter 2: 
Min Hitting Set: [59]
Min Correction Subset: [58]
Iter 3: 
Min Hitting Set: [58, 59]
Min Correction Subset: [21]
Iter 4: 
Min Hitting Set: [21, 58, 59]
Min Correction Subset: [25]
Iter 5: 
Min Hitting Set: [21, 25, 58, 59]
Min Correction Subset: [17]
Iter 6: 
Min Hitting Set: [17, 21, 25, 58, 59]
Min Correction Subset: [13]
Iter 7: 
Min Hitting Set: [13, 17, 21, 25, 58, 59]
Min Correction Subset: [48]
Iter 8: 
Min Hitting Set: [13, 17, 21, 25, 48, 58, 59]
Min Correction Subset: [55]
Iter 9: 
Min Hitting Set: [13, 17, 21, 25, 48, 55, 58, 59]
Min Correction Subset: [57]
Iter 10: 
Min Hitting Set: [13, 17, 21, 25, 48, 55, 57, 58, 59]
Min Correction Subset: [29]
Iter 11: 
Min Hitting Set: [13, 17, 21, 25, 29, 48, 55, 57, 58, 59]
Min Correction Subset: [43]
Iter 12: 
Min Hitting Set: [13, 17, 21, 25, 29, 43, 48, 55, 57, 58, 59]
Min Correction Subset: [36]
Iter 13: 
Min Hitting Set: [13, 17, 21, 25, 29, 36, 43, 48, 55, 57, 58, 59]
Min Correction Subset: [3]
Iter 14: 
Min Hitting Set: [3, 13, 17, 21, 25, 29, 36, 43, 48, 55, 57, 58, 59]
Min Correction Subset: [2, 9]
Iter 15: 
Min Hitting Set: [2, 3, 13, 17, 21, 25, 29, 36, 43, 48, 55, 57, 58, 59]
Min Correction Subset: [38, 54]
Optimal IIS
Instance: matching-40-100-640000
----------------------------
Query: 7
Query element:18
Query scope: 1
Query scope: 28
Query scope: 58
----------------------------
IIS optimality: suboptimal
IIS solution time: 1259.740
IIS Constraint: 2; goods; {good:2}
IIS Constraint: 3; goods; {good:3}
IIS Constraint: 13; goods; {good:13}
IIS Constraint: 17; goods; {good:17}
IIS Constraint: 21; goods; {good:21}
IIS Constraint: 25; goods; {good:25}
IIS Constraint: 29; goods; {good:29}
IIS Constraint: 36; goods; {good:36}
IIS Constraint: 38; goods; {good:38}
IIS Constraint: 43; goods; {good:43}
IIS Constraint: 48; goods; {good:48}
IIS Constraint: 55; goods; {good:55}
IIS Constraint: 57; goods; {good:57}
IIS Constraint: 58; query; {good:18,query:7}
IIS Constraint: 59; max; {f:81.18585,objective:max}
