IIS generation
Iter 1: 
Min Hitting Set: []
Min Correction Subset: [90]
Iter 2: 
Min Hitting Set: [90]
Min Correction Subset: [11]
Iter 3: 
Min Hitting Set: [11, 90]
Min Correction Subset: [34]
Iter 4: 
Min Hitting Set: [11, 34, 90]
Min Correction Subset: [20]
Iter 5: 
Min Hitting Set: [11, 20, 34, 90]
Min Correction Subset: [33]
Iter 6: 
Min Hitting Set: [11, 20, 33, 34, 90]
Min Correction Subset: [47]
Iter 7: 
Min Hitting Set: [11, 20, 33, 34, 47, 90]
Min Correction Subset: [4]
Iter 8: 
Min Hitting Set: [4, 11, 20, 33, 34, 47, 90]
Min Correction Subset: [45]
Iter 9: 
Min Hitting Set: [4, 11, 20, 33, 34, 45, 47, 90]
Min Correction Subset: [27]
Iter 10: 
Min Hitting Set: [4, 11, 20, 27, 33, 34, 45, 47, 90]
Min Correction Subset: [6]
Iter 11: 
Min Hitting Set: [4, 6, 11, 20, 27, 33, 34, 45, 47, 90]
Min Correction Subset: [29]
Iter 12: 
Min Hitting Set: [4, 6, 11, 20, 27, 29, 33, 34, 45, 47, 90]
Min Correction Subset: [22]
Iter 13: 
Min Hitting Set: [4, 6, 11, 20, 22, 27, 29, 33, 34, 45, 47, 90]
Min Correction Subset: [49]
Iter 14: 
Min Hitting Set: [4, 6, 11, 20, 22, 27, 29, 33, 34, 45, 47, 49, 90]
Min Correction Subset: [89]
Iter 15: 
Min Hitting Set: [4, 6, 11, 20, 22, 27, 29, 33, 34, 45, 47, 49, 89, 90]
Min Correction Subset: [52]
Iter 16: 
Min Hitting Set: [4, 6, 11, 20, 22, 27, 29, 33, 34, 45, 47, 49, 52, 89, 90]
Min Correction Subset: [7]
Iter 17: 
Min Hitting Set: [4, 6, 7, 11, 20, 22, 27, 29, 33, 34, 45, 47, 49, 52, 89, 90]
Min Correction Subset: [9, 12]
Iter 18: 
Min Hitting Set: [4, 6, 7, 9, 11, 20, 22, 27, 29, 33, 34, 45, 47, 49, 52, 89, 90]
Min Correction Subset: [17, 21]
Iter 19: 
Min Hitting Set: [4, 6, 7, 9, 11, 17, 20, 22, 27, 29, 33, 34, 45, 47, 49, 52, 89, 90]
Min Correction Subset: [0, 1]
Iter 20: 
Min Hitting Set: [0, 4, 6, 7, 9, 11, 17, 20, 22, 27, 29, 33, 34, 45, 47, 49, 52, 89, 90]
Min Correction Subset: [12, 15]
Iter 21: 
Min Hitting Set: [0, 4, 6, 7, 11, 12, 17, 20, 22, 27, 29, 33, 34, 45, 47, 49, 52, 89, 90]
Min Correction Subset: [9, 15]
Iter 22: 
Min Hitting Set: [0, 4, 6, 7, 9, 11, 12, 17, 20, 22, 27, 29, 33, 34, 45, 47, 49, 52, 89, 90]
Min Correction Subset: [15, 18]
Iter 23: 
Min Hitting Set: [0, 4, 6, 7, 9, 11, 15, 17, 20, 22, 27, 29, 33, 34, 45, 47, 49, 52, 89, 90]
Min Correction Subset: [12, 41]
Iter 24: 
Min Hitting Set: [0, 4, 6, 7, 11, 12, 15, 17, 20, 22, 27, 29, 33, 34, 45, 47, 49, 52, 89, 90]
Min Correction Subset: [9, 41]
Iter 25: 
Min Hitting Set: [0, 4, 6, 7, 9, 11, 12, 15, 17, 20, 22, 27, 29, 33, 34, 45, 47, 49, 52, 89, 90]
Min Correction Subset: [1, 54]
Iter 26: 
Min Hitting Set: [1, 4, 6, 7, 9, 11, 12, 15, 17, 20, 22, 27, 29, 33, 34, 45, 47, 49, 52, 89, 90]
Min Correction Subset: [18, 21]
Iter 27: 
Min Hitting Set: [1, 4, 6, 7, 9, 11, 12, 15, 20, 21, 22, 27, 29, 33, 34, 45, 47, 49, 52, 89, 90]
Min Correction Subset: [0, 41]
Iter 28: 
Min Hitting Set: [1, 4, 6, 7, 9, 11, 15, 20, 21, 22, 27, 29, 33, 34, 41, 45, 47, 49, 52, 89, 90]
Min Correction Subset: [0, 12]
Iter 29: 
Min Hitting Set: [1, 4, 6, 7, 11, 12, 15, 20, 21, 22, 27, 29, 33, 34, 41, 45, 47, 49, 52, 89, 90]
Min Correction Subset: [0, 9]
Iter 30: 
Min Hitting Set: [0, 1, 4, 6, 7, 9, 11, 12, 15, 20, 21, 22, 27, 29, 33, 34, 45, 47, 49, 52, 89, 90]
Min Correction Subset: [18, 54]
Iter 31: 
Min Hitting Set: [0, 4, 6, 7, 9, 11, 12, 18, 20, 21, 22, 27, 29, 33, 34, 45, 47, 49, 52, 54, 89, 90]
Min Correction Subset: [15, 17]
Iter 32: 
Min Hitting Set: [0, 4, 6, 7, 9, 11, 12, 17, 18, 20, 22, 27, 29, 33, 34, 45, 47, 49, 52, 54, 89, 90]
Min Correction Subset: [2, 15]
Iter 33: 
Min Hitting Set: [0, 4, 6, 7, 9, 11, 12, 15, 20, 21, 22, 27, 29, 33, 34, 45, 47, 49, 52, 54, 89, 90]
Min Correction Subset: [1, 17]
Iter 34: 
Min Hitting Set: [0, 1, 4, 6, 7, 9, 11, 12, 15, 17, 18, 20, 22, 27, 29, 33, 34, 45, 47, 49, 52, 89, 90]
Min Correction Subset: [21, 41]
Iter 35: 
Min Hitting Set: [0, 4, 6, 7, 9, 11, 15, 17, 20, 21, 22, 27, 29, 33, 34, 41, 45, 47, 49, 52, 54, 89, 90]
Min Correction Subset: [1, 12]
Iter 36: 
Min Hitting Set: [0, 4, 6, 7, 11, 12, 15, 17, 20, 21, 22, 27, 29, 33, 34, 41, 45, 47, 49, 52, 54, 89, 90]
Min Correction Subset: [1, 9]
Iter 37: 
Min Hitting Set: [0, 1, 4, 6, 7, 9, 11, 15, 17, 18, 20, 22, 27, 29, 33, 34, 41, 45, 47, 49, 52, 89, 90]
Min Correction Subset: [12, 30]
Iter 38: 
Min Hitting Set: [0, 1, 4, 6, 7, 11, 12, 15, 17, 18, 20, 22, 27, 29, 33, 34, 41, 45, 47, 49, 52, 89, 90]
Min Correction Subset: [9, 25]
Iter 39: 
Min Hitting Set: [0, 1, 4, 6, 7, 9, 11, 12, 15, 18, 20, 21, 22, 27, 29, 33, 34, 45, 47, 49, 52, 89, 90]
Min Correction Subset: [25, 54]
Iter 40: 
Min Hitting Set: [0, 4, 6, 7, 9, 11, 12, 15, 17, 20, 21, 22, 27, 29, 33, 34, 45, 47, 49, 52, 54, 89, 90]
Min Correction Subset: [1, 41]
Iter 41: 
Min Hitting Set: [1, 4, 6, 7, 9, 11, 12, 15, 20, 21, 22, 27, 29, 33, 34, 41, 45, 47, 49, 52, 54, 89, 90]
Min Correction Subset: [0, 30]
Iter 42: 
Min Hitting Set: [0, 1, 4, 6, 7, 9, 11, 12, 15, 20, 21, 22, 27, 29, 33, 34, 45, 47, 49, 52, 54, 89, 90]
Min Correction Subset: [18, 66]
Iter 43: 
Min Hitting Set: [0, 1, 4, 6, 7, 9, 11, 12, 15, 18, 20, 21, 22, 27, 29, 33, 34, 45, 47, 49, 52, 54, 89, 90]
Min Correction Subset: [14, 25]
Iter 44: 
Min Hitting Set: [0, 1, 4, 6, 7, 9, 11, 12, 15, 18, 20, 21, 22, 25, 27, 29, 33, 34, 45, 47, 49, 52, 89, 90]
Min Correction Subset: [26, 30]
Iter 45: 
Min Hitting Set: [0, 1, 4, 6, 7, 9, 11, 12, 15, 18, 20, 21, 22, 25, 27, 29, 30, 33, 34, 45, 47, 49, 52, 89, 90]
Min Correction Subset: [17, 54]
Iter 46: 
Min Hitting Set: [0, 1, 4, 6, 7, 9, 11, 15, 17, 18, 20, 22, 25, 27, 29, 30, 33, 34, 41, 45, 47, 49, 52, 89, 90]
Min Correction Subset: [12, 21]
Iter 47: 
Min Hitting Set: [0, 1, 4, 6, 7, 11, 12, 15, 17, 18, 20, 22, 25, 27, 29, 30, 33, 34, 41, 45, 47, 49, 52, 89, 90]
Min Correction Subset: [9, 16]
Iter 48: 
Min Hitting Set: [1, 4, 6, 7, 9, 11, 12, 15, 17, 18, 20, 22, 25, 27, 29, 30, 33, 34, 41, 45, 47, 49, 52, 89, 90]
Min Correction Subset: [0, 21]
Iter 49: 
Min Hitting Set: [0, 1, 4, 6, 7, 9, 11, 12, 15, 17, 18, 20, 21, 22, 25, 27, 29, 30, 33, 34, 45, 47, 49, 52, 89, 90]
Min Correction Subset: [26, 54]
Iter 50: 
Min Hitting Set: [0, 1, 4, 6, 7, 9, 11, 12, 15, 17, 18, 20, 21, 22, 25, 26, 27, 29, 33, 34, 45, 47, 49, 52, 89, 90]
Min Correction Subset: [10, 54]
Iter 51: 
Min Hitting Set: [0, 4, 6, 7, 9, 11, 12, 15, 17, 18, 20, 22, 25, 27, 29, 30, 33, 34, 41, 45, 47, 49, 52, 54, 89, 90]
Min Correction Subset: [19, 21]
Iter 52: 
Min Hitting Set: [0, 1, 4, 6, 7, 9, 11, 12, 15, 18, 20, 21, 22, 25, 27, 29, 30, 33, 34, 45, 47, 49, 52, 54, 89, 90]
Min Correction Subset: [14, 17]
Iter 53: 
Min Hitting Set: [0, 1, 4, 6, 7, 9, 11, 12, 14, 15, 18, 20, 21, 22, 27, 29, 30, 33, 34, 45, 47, 49, 52, 54, 89, 90]
Min Correction Subset: [25, 26]
Iter 54: 
Min Hitting Set: [0, 1, 4, 6, 7, 9, 11, 12, 14, 15, 18, 20, 21, 22, 26, 27, 29, 33, 34, 45, 47, 49, 52, 54, 89, 90]
Min Correction Subset: [25, 30]
Iter 55: 
Min Hitting Set: [0, 1, 4, 6, 7, 9, 11, 15, 17, 18, 20, 21, 22, 25, 27, 29, 30, 33, 34, 41, 45, 47, 49, 52, 54, 89, 90]
Min Correction Subset: [12, 26]
Iter 56: 
Min Hitting Set: [0, 4, 6, 7, 9, 11, 12, 15, 17, 18, 20, 21, 22, 25, 26, 27, 29, 33, 34, 41, 45, 47, 49, 52, 54, 89, 90]
Min Correction Subset: [1, 56]
Iter 57: 
Min Hitting Set: [0, 1, 4, 6, 7, 9, 11, 12, 14, 15, 18, 20, 21, 22, 25, 27, 29, 30, 33, 34, 45, 47, 49, 52, 54, 89, 90]
Min Correction Subset: [17, 26]
Iter 58: 
Min Hitting Set: [0, 1, 4, 6, 7, 9, 11, 12, 15, 17, 18, 20, 21, 22, 25, 27, 29, 30, 33, 34, 45, 47, 49, 52, 54, 89, 90]
Min Correction Subset: [26, 41]
Iter 59: 
Min Hitting Set: [0, 1, 4, 6, 7, 9, 11, 12, 14, 15, 18, 20, 21, 22, 25, 26, 27, 29, 33, 34, 45, 47, 49, 52, 54, 89, 90]
Min Correction Subset: [10, 17, 30]
Iter 60: 
Min Hitting Set: [0, 1, 4, 6, 7, 9, 11, 12, 15, 17, 18, 20, 21, 22, 25, 26, 27, 29, 33, 34, 45, 47, 49, 52, 54, 89, 90]
Min Correction Subset: [10, 14, 30]
Iter 61: 
Min Hitting Set: [0, 1, 4, 6, 7, 9, 10, 11, 12, 15, 17, 18, 20, 21, 22, 25, 26, 27, 29, 33, 34, 45, 47, 49, 52, 89, 90]
Min Correction Subset: [39, 54]
Iter 62: 
Min Hitting Set: [0, 1, 4, 6, 7, 9, 11, 12, 14, 15, 18, 20, 21, 22, 26, 27, 29, 30, 33, 34, 45, 47, 49, 52, 54, 89, 90]
Min Correction Subset: [17, 25]
Iter 63: 
Min Hitting Set: [1, 4, 6, 7, 9, 11, 12, 15, 17, 18, 20, 21, 22, 25, 27, 29, 30, 33, 34, 41, 45, 47, 49, 52, 54, 89, 90]
Min Correction Subset: [0, 35]
Iter 64: 
Min Hitting Set: [0, 1, 4, 6, 7, 9, 11, 12, 14, 15, 17, 18, 20, 21, 22, 26, 27, 29, 30, 33, 34, 45, 47, 49, 52, 54, 89, 90]
Min Correction Subset: [10, 25]
Iter 65: 
Min Hitting Set: [0, 1, 4, 6, 7, 9, 11, 12, 15, 17, 18, 20, 21, 22, 25, 26, 27, 29, 30, 33, 34, 45, 47, 49, 52, 54, 89, 90]
Min Correction Subset: [10, 14, 41]
Iter 66: 
Min Hitting Set: [0, 1, 4, 6, 7, 9, 10, 11, 12, 14, 15, 18, 20, 21, 22, 25, 26, 27, 29, 33, 34, 45, 47, 49, 52, 54, 89, 90]
Min Correction Subset: [2, 17, 30]
Iter 67: 
Min Hitting Set: [0, 1, 4, 6, 7, 9, 11, 12, 14, 15, 17, 18, 20, 21, 22, 25, 26, 27, 29, 33, 34, 45, 47, 49, 52, 54, 89, 90]
Min Correction Subset: [10, 16, 30]
Iter 68: 
Min Hitting Set: [0, 1, 4, 6, 7, 11, 12, 15, 16, 17, 18, 20, 21, 22, 25, 27, 29, 30, 33, 34, 41, 45, 47, 49, 52, 54, 89, 90]
Min Correction Subset: [9, 14]
Iter 69: 
Min Hitting Set: [0, 1, 4, 6, 7, 9, 11, 12, 15, 17, 18, 20, 21, 22, 25, 27, 29, 30, 33, 34, 41, 45, 47, 49, 52, 54, 89, 90]
Min Correction Subset: [14, 26, 39]
Iter 70: 
Min Hitting Set: [0, 1, 4, 6, 7, 9, 11, 12, 14, 15, 18, 20, 21, 22, 25, 26, 27, 29, 30, 33, 34, 45, 47, 49, 52, 54, 89, 90]
Min Correction Subset: [10, 17, 41]
Iter 71: 
Min Hitting Set: [0, 1, 4, 6, 7, 9, 11, 14, 15, 18, 20, 21, 22, 25, 26, 27, 29, 30, 33, 34, 41, 45, 47, 49, 52, 54, 89, 90]
Min Correction Subset: [12, 39]
Iter 72: 
Min Hitting Set: [0, 1, 4, 6, 7, 9, 10, 11, 12, 15, 17, 18, 20, 21, 22, 25, 26, 27, 29, 33, 34, 45, 47, 49, 52, 54, 89, 90]
Min Correction Subset: [2, 14, 30]
Iter 73: 
Min Hitting Set: [0, 1, 2, 4, 6, 7, 9, 10, 11, 12, 17, 18, 20, 21, 22, 25, 26, 27, 29, 33, 34, 45, 47, 49, 52, 54, 89, 90]
Min Correction Subset: [15, 41]
Iter 74: 
Min Hitting Set: [0, 1, 4, 6, 7, 11, 12, 14, 15, 16, 18, 20, 21, 22, 25, 26, 27, 29, 30, 33, 34, 41, 45, 47, 49, 52, 54, 89, 90]
Min Correction Subset: [9, 39]
Iter 75: 
Min Hitting Set: [0, 1, 4, 6, 7, 9, 11, 12, 14, 15, 18, 20, 21, 22, 25, 26, 27, 29, 30, 33, 34, 41, 45, 47, 49, 52, 54, 89, 90]
Min Correction Subset: [10, 17, 39]
Iter 76: 
Min Hitting Set: [0, 1, 4, 6, 7, 9, 11, 14, 15, 18, 20, 21, 22, 25, 26, 27, 29, 30, 33, 34, 39, 41, 45, 47, 49, 52, 54, 89, 90]
Min Correction Subset: [10, 12, 48]
Iter 77: 
Min Hitting Set: [0, 1, 4, 6, 7, 9, 10, 11, 12, 14, 15, 18, 20, 21, 22, 25, 26, 27, 29, 30, 33, 34, 45, 47, 49, 52, 54, 89, 90]
Min Correction Subset: [16, 17, 39, 56]
Iter 78: 
Min Hitting Set: [0, 1, 2, 4, 6, 7, 9, 10, 11, 12, 15, 17, 18, 20, 21, 22, 25, 26, 27, 29, 33, 34, 45, 47, 49, 52, 54, 89, 90]
Min Correction Subset: [16, 30, 56]
Iter 79: 
Min Hitting Set: [0, 1, 2, 4, 6, 7, 9, 11, 12, 17, 18, 20, 21, 22, 25, 27, 29, 30, 33, 34, 39, 41, 45, 47, 49, 52, 54, 89, 90]
Min Correction Subset: [15, 26]
Iter 80: 
Min Hitting Set: [0, 4, 6, 7, 9, 11, 12, 15, 17, 18, 20, 21, 22, 25, 27, 29, 30, 33, 34, 39, 41, 45, 47, 49, 52, 54, 56, 89, 90]
Min Correction Subset: [1, 26]
Iter 81: 
Min Hitting Set: [0, 4, 6, 7, 9, 11, 12, 15, 17, 18, 20, 21, 22, 25, 26, 27, 29, 30, 33, 34, 41, 45, 47, 49, 52, 54, 56, 89, 90]
Min Correction Subset: [1, 10]
Iter 82: 
Min Hitting Set: [0, 1, 4, 6, 7, 9, 11, 12, 14, 15, 17, 18, 20, 21, 22, 25, 26, 27, 29, 30, 33, 34, 45, 47, 49, 52, 54, 89, 90]
Min Correction Subset: [10, 41, 48]
Iter 83: 
Min Hitting Set: [0, 1, 4, 6, 7, 9, 11, 12, 14, 15, 17, 18, 20, 21, 22, 25, 27, 29, 30, 33, 34, 41, 45, 47, 49, 52, 54, 89, 90]
Min Correction Subset: [2, 26, 39]
Iter 84: 
Min Hitting Set: [0, 1, 4, 6, 7, 9, 11, 12, 15, 17, 18, 20, 21, 22, 25, 27, 29, 30, 33, 34, 39, 41, 45, 47, 49, 52, 54, 89, 90]
Min Correction Subset: [2, 14, 19]
Iter 85: 
Min Hitting Set: [0, 1, 4, 6, 7, 9, 11, 12, 15, 17, 18, 19, 20, 22, 25, 27, 29, 30, 33, 34, 39, 41, 45, 47, 49, 52, 54, 89, 90]
Min Correction Subset: [21, 26]
Iter 86: 
Min Hitting Set: [0, 1, 4, 6, 7, 9, 11, 12, 15, 17, 18, 19, 20, 22, 25, 26, 27, 29, 30, 33, 34, 41, 45, 47, 49, 52, 54, 89, 90]
Min Correction Subset: [10, 21]
Iter 87: 
Min Hitting Set: [0, 1, 4, 6, 7, 9, 10, 11, 12, 14, 15, 17, 18, 20, 21, 22, 26, 27, 29, 30, 33, 34, 45, 47, 49, 52, 54, 89, 90]
Min Correction Subset: [2, 25]
Iter 88: 
Min Hitting Set: [0, 1, 2, 4, 6, 7, 9, 11, 12, 17, 18, 20, 21, 22, 25, 26, 27, 29, 30, 33, 34, 41, 45, 47, 49, 52, 54, 89, 90]
Min Correction Subset: [15, 66]
Iter 89: 
Min Hitting Set: [0, 4, 6, 7, 9, 10, 11, 12, 15, 17, 18, 19, 20, 22, 25, 26, 27, 29, 30, 33, 34, 41, 45, 47, 49, 52, 54, 56, 89, 90]
Min Correction Subset: [16, 21]
Iter 90: 
Min Hitting Set: [0, 1, 2, 4, 6, 7, 9, 10, 11, 12, 15, 17, 18, 20, 21, 22, 25, 26, 27, 29, 33, 34, 39, 45, 47, 49, 52, 56, 89, 90]
Min Correction Subset: [14, 19, 30]
Iter 91: 
Min Hitting Set: [0, 1, 2, 4, 6, 7, 9, 10, 11, 12, 15, 17, 18, 20, 21, 22, 25, 26, 27, 29, 30, 33, 34, 39, 45, 47, 49, 52, 89, 90]
Min Correction Subset: [14, 16, 54]
Iter 92: 
Min Hitting Set: [0, 1, 2, 4, 6, 7, 9, 10, 11, 12, 14, 15, 16, 18, 20, 21, 22, 25, 26, 27, 29, 33, 34, 45, 47, 49, 52, 54, 89, 90]
Min Correction Subset: [17, 19, 30, 53]
Iter 93: 
Min Hitting Set: [0, 1, 2, 4, 6, 7, 9, 11, 12, 15, 17, 18, 20, 21, 22, 25, 27, 29, 30, 33, 34, 39, 41, 45, 47, 49, 52, 54, 89, 90]
Min Correction Subset: [14, 19, 26]
Iter 94: 
Min Hitting Set: [0, 1, 4, 6, 7, 9, 10, 11, 12, 14, 15, 18, 20, 21, 22, 25, 26, 27, 29, 30, 33, 34, 39, 45, 47, 49, 52, 54, 89, 90]
Min Correction Subset: [2, 17, 19, 53]
Iter 95: 
Min Hitting Set: [0, 1, 4, 6, 7, 9, 11, 12, 15, 17, 18, 19, 20, 21, 22, 25, 27, 29, 30, 33, 34, 39, 41, 45, 47, 49, 52, 54, 89, 90]
Min Correction Subset: [2, 14, 26]
Iter 96: 
Min Hitting Set: [0, 1, 2, 4, 6, 7, 9, 11, 12, 14, 15, 17, 18, 20, 21, 22, 25, 27, 29, 30, 33, 34, 41, 45, 47, 49, 52, 54, 89, 90]
Min Correction Subset: [16, 26, 39, 56]
Iter 97: 
Min Hitting Set: [0, 1, 4, 6, 7, 9, 11, 12, 14, 15, 17, 18, 20, 21, 22, 25, 27, 29, 30, 33, 34, 39, 41, 45, 47, 49, 52, 54, 89, 90]
Min Correction Subset: [2, 19, 26, 53]
Iter 98: 
Min Hitting Set: [0, 1, 4, 6, 7, 9, 11, 12, 15, 17, 18, 19, 20, 21, 22, 25, 26, 27, 29, 30, 33, 34, 41, 45, 47, 49, 52, 54, 89, 90]
Min Correction Subset: [10, 14, 39, 61]
Iter 99: 
Min Hitting Set: [0, 1, 4, 6, 7, 9, 10, 11, 12, 14, 15, 17, 18, 20, 21, 22, 25, 26, 27, 29, 30, 33, 34, 39, 45, 47, 49, 52, 89, 90]
Min Correction Subset: [19, 53, 54]
Iter 100: 
Min Hitting Set: [0, 1, 4, 6, 7, 9, 11, 12, 14, 15, 17, 20, 21, 22, 25, 26, 27, 29, 30, 33, 34, 41, 45, 47, 49, 52, 54, 66, 89, 90]
Min Correction Subset: [2, 18]
Iter 101: 
Min Hitting Set: [0, 1, 4, 6, 7, 9, 11, 12, 14, 15, 17, 18, 20, 21, 22, 25, 26, 27, 29, 30, 33, 34, 41, 45, 47, 49, 52, 54, 89, 90]
Min Correction Subset: [2, 10, 39, 48]
Iter 102: 
Min Hitting Set: [0, 1, 4, 6, 7, 9, 10, 11, 12, 14, 15, 17, 18, 20, 21, 22, 25, 26, 27, 29, 30, 33, 34, 45, 47, 49, 52, 54, 89, 90]
Min Correction Subset: [2, 19, 41, 53]
Iter 103: 
Min Hitting Set: [0, 1, 2, 4, 6, 7, 9, 10, 11, 12, 15, 17, 18, 20, 21, 22, 25, 26, 27, 29, 30, 33, 34, 45, 47, 49, 52, 54, 89, 90]
Min Correction Subset: [14, 19, 41]
Iter 104: 
Min Hitting Set: [0, 1, 4, 6, 7, 9, 10, 11, 12, 15, 17, 18, 19, 20, 21, 22, 25, 26, 27, 29, 30, 33, 34, 45, 47, 49, 52, 54, 89, 90]
Min Correction Subset: [2, 14, 41]
Iter 105: 
Min Hitting Set: [0, 4, 6, 7, 9, 10, 11, 12, 14, 15, 17, 18, 20, 21, 22, 25, 26, 27, 29, 33, 34, 41, 45, 47, 49, 52, 54, 56, 89, 90]
Min Correction Subset: [1, 2, 19, 53]
Iter 106: 
Min Hitting Set: [0, 1, 4, 6, 7, 11, 12, 14, 15, 16, 17, 18, 20, 21, 22, 25, 26, 27, 29, 33, 34, 39, 41, 45, 47, 49, 52, 54, 89, 90]
Min Correction Subset: [9, 10]
Iter 107: 
Min Hitting Set: [0, 1, 4, 6, 7, 10, 11, 12, 14, 15, 16, 17, 18, 19, 20, 22, 25, 26, 27, 29, 33, 34, 39, 41, 45, 47, 49, 52, 89, 90]
Min Correction Subset: [9, 21]
Iter 108: 
Min Hitting Set: [0, 1, 2, 4, 6, 7, 9, 10, 11, 12, 14, 15, 17, 18, 20, 21, 22, 26, 27, 29, 30, 33, 34, 45, 47, 49, 52, 54, 89, 90]
Min Correction Subset: [25, 41]
Iter 109: 
Min Hitting Set: [0, 4, 6, 7, 9, 10, 11, 12, 15, 17, 18, 19, 20, 21, 22, 25, 26, 27, 29, 30, 33, 34, 41, 45, 47, 49, 52, 54, 56, 89, 90]
Min Correction Subset: [1, 2, 14]
Optimal IIS
Instance: paths-40-100-180000
----------------------------
Query: 11
Query element:27
Query element:11
Query scope: 4
Query scope: 22
----------------------------
IIS optimality: suboptimal
IIS solution time: 15257.062
IIS Constraint: 0; goods; {good:0}
IIS Constraint: 4; goods; {good:4}
IIS Constraint: 6; goods; {good:6}
IIS Constraint: 7; goods; {good:7}
IIS Constraint: 9; goods; {good:9}
IIS Constraint: 10; goods; {good:10}
IIS Constraint: 11; goods; {good:11}
IIS Constraint: 12; goods; {good:12}
IIS Constraint: 14; goods; {good:14}
IIS Constraint: 15; goods; {good:15}
IIS Constraint: 17; goods; {good:17}
IIS Constraint: 18; goods; {good:18}
IIS Constraint: 19; goods; {good:19}
IIS Constraint: 20; goods; {good:20}
IIS Constraint: 21; goods; {good:21}
IIS Constraint: 22; goods; {good:22}
IIS Constraint: 25; goods; {good:25}
IIS Constraint: 26; goods; {good:26}
IIS Constraint: 27; goods; {good:27}
IIS Constraint: 29; goods; {good:29}
IIS Constraint: 33; goods; {good:33}
IIS Constraint: 34; goods; {good:34}
IIS Constraint: 41; goods; {good:41}
IIS Constraint: 45; goods; {good:45}
IIS Constraint: 47; goods; {good:47}
IIS Constraint: 49; goods; {good:49}
IIS Constraint: 52; goods; {good:52}
IIS Constraint: 54; goods; {good:54}
IIS Constraint: 56; goods; {good:56}
IIS Constraint: 89; query; {goods:[27,11],query:11}
IIS Constraint: 90; max; {f:14.510066,objective:max}
