IIS generation
Iter 1: 
Min Hitting Set: []
Min Correction Subset: [45]
Iter 2: 
Min Hitting Set: [45]
Min Correction Subset: [44]
Iter 3: 
Min Hitting Set: [44, 45]
Min Correction Subset: [42]
Iter 4: 
Min Hitting Set: [42, 44, 45]
Min Correction Subset: [40]
Iter 5: 
Min Hitting Set: [40, 42, 44, 45]
Min Correction Subset: [41]
Optimal IIS
Instance: scheduling-40-100-150000
----------------------------
Query: 3
Query element:66
Query element:50
Query scope: 66
Query scope: 50
----------------------------
IIS optimality: suboptimal
IIS solution time: 6.053
IIS Constraint: 40; goods; {good:40}
IIS Constraint: 41; goods; {good:41}
IIS Constraint: 42; goods; {good:42}
IIS Constraint: 44; query; {bid:50,query:3}
IIS Constraint: 45; max; {f:32.0798,objective:max}
