IIS generation
Iter 1: 
Min Hitting Set: []
Min Correction Subset: [59]
Iter 2: 
Min Hitting Set: [59]
Min Correction Subset: [7]
Iter 3: 
Min Hitting Set: [7, 59]
Min Correction Subset: [25]
Iter 4: 
Min Hitting Set: [7, 25, 59]
Min Correction Subset: [58]
Iter 5: 
Min Hitting Set: [7, 25, 58, 59]
Min Correction Subset: [23]
Iter 6: 
Min Hitting Set: [7, 23, 25, 58, 59]
Min Correction Subset: [12, 15]
Iter 7: 
Min Hitting Set: [7, 12, 23, 25, 58, 59]
Min Correction Subset: [18, 28]
Iter 8: 
Min Hitting Set: [7, 12, 18, 23, 25, 58, 59]
Min Correction Subset: [10, 26]
Iter 9: 
Min Hitting Set: [7, 10, 12, 18, 23, 25, 58, 59]
Min Correction Subset: [24, 28]
Iter 10: 
Min Hitting Set: [7, 10, 12, 23, 25, 28, 58, 59]
Min Correction Subset: [9, 21]
Iter 11: 
Min Hitting Set: [7, 9, 10, 12, 23, 25, 28, 58, 59]
Min Correction Subset: [21, 34]
Iter 12: 
Min Hitting Set: [7, 10, 12, 21, 23, 25, 28, 58, 59]
Min Correction Subset: [16, 35]
Iter 13: 
Min Hitting Set: [7, 10, 12, 16, 21, 23, 25, 28, 58, 59]
Min Correction Subset: [15, 24]
Iter 14: 
Min Hitting Set: [7, 10, 15, 16, 21, 23, 25, 28, 58, 59]
Min Correction Subset: [12, 17]
Iter 15: 
Min Hitting Set: [7, 10, 12, 15, 16, 21, 23, 25, 28, 58, 59]
Min Correction Subset: [11, 30]
Iter 16: 
Min Hitting Set: [7, 10, 11, 12, 15, 16, 21, 23, 25, 28, 58, 59]
Min Correction Subset: [26, 33]
Iter 17: 
Min Hitting Set: [7, 11, 12, 15, 16, 21, 23, 25, 26, 28, 58, 59]
Min Correction Subset: [5, 10]
Iter 18: 
Min Hitting Set: [7, 10, 11, 12, 15, 16, 21, 23, 25, 26, 28, 58, 59]
Min Correction Subset: [9, 30]
Iter 19: 
Min Hitting Set: [7, 10, 12, 15, 16, 21, 23, 25, 26, 28, 30, 58, 59]
Min Correction Subset: [22, 35, 39]
Iter 20: 
Min Hitting Set: [7, 10, 12, 15, 21, 23, 25, 26, 28, 30, 35, 58, 59]
Min Correction Subset: [0, 16, 33]
Iter 21: 
Min Hitting Set: [7, 10, 12, 15, 21, 23, 25, 28, 30, 33, 35, 58, 59]
Min Correction Subset: [13, 26, 32]
Iter 22: 
Min Hitting Set: [5, 7, 12, 15, 16, 21, 23, 25, 26, 28, 30, 35, 58, 59]
Min Correction Subset: [9, 10]
Iter 23: 
Min Hitting Set: [7, 10, 12, 15, 16, 21, 23, 25, 26, 28, 30, 35, 58, 59]
Min Correction Subset: [3, 6, 36]
Iter 24: 
Min Hitting Set: [3, 7, 10, 12, 15, 16, 21, 23, 25, 26, 28, 30, 35, 58, 59]
Min Correction Subset: [2, 5, 36]
Iter 25: 
Min Hitting Set: [7, 10, 12, 15, 16, 21, 23, 25, 26, 28, 30, 35, 36, 58, 59]
Min Correction Subset: [9, 33, 34]
Iter 26: 
Min Hitting Set: [7, 10, 12, 15, 21, 23, 25, 26, 28, 30, 33, 35, 36, 58, 59]
Min Correction Subset: [16, 19, 39]
Iter 27: 
Min Hitting Set: [7, 9, 10, 12, 15, 16, 21, 23, 25, 26, 28, 30, 35, 36, 58, 59]
Min Correction Subset: [19, 22, 39]
Iter 28: 
Min Hitting Set: [7, 9, 10, 12, 15, 16, 21, 23, 25, 26, 28, 30, 36, 39, 58, 59]
Min Correction Subset: [17, 22, 24]
Iter 29: 
Min Hitting Set: [7, 9, 10, 12, 15, 16, 21, 22, 23, 25, 26, 28, 30, 36, 58, 59]
Min Correction Subset: [6, 33, 35]
Iter 30: 
Min Hitting Set: [7, 10, 12, 21, 23, 24, 25, 26, 28, 30, 33, 35, 36, 39, 58, 59]
Min Correction Subset: [0, 15, 32]
Iter 31: 
Min Hitting Set: [7, 10, 15, 17, 21, 23, 25, 26, 28, 30, 33, 35, 36, 39, 58, 59]
Min Correction Subset: [12, 14]
Iter 32: 
Min Hitting Set: [7, 10, 12, 21, 23, 24, 25, 28, 30, 32, 33, 35, 36, 39, 58, 59]
Min Correction Subset: [16, 26, 27]
Iter 33: 
Min Hitting Set: [7, 10, 12, 15, 16, 21, 22, 23, 25, 28, 30, 32, 33, 36, 58, 59]
Min Correction Subset: [0, 27, 34]
Iter 34: 
Min Hitting Set: [5, 6, 7, 9, 12, 15, 16, 22, 23, 25, 26, 28, 30, 34, 58, 59]
Min Correction Subset: [0, 21]
Iter 35: 
Min Hitting Set: [0, 5, 6, 7, 9, 12, 15, 16, 22, 23, 25, 26, 28, 30, 34, 58, 59]
Min Correction Subset: [10, 17, 39]
Iter 36: 
Min Hitting Set: [0, 7, 10, 12, 21, 23, 24, 25, 26, 28, 30, 34, 35, 36, 39, 58, 59]
Min Correction Subset: [11, 16, 33]
Iter 37: 
Min Hitting Set: [7, 10, 12, 15, 16, 21, 22, 23, 25, 26, 28, 30, 34, 35, 36, 58, 59]
Min Correction Subset: [1, 9, 19]
Iter 38: 
Min Hitting Set: [0, 7, 9, 10, 11, 12, 23, 24, 25, 26, 28, 34, 35, 36, 39, 58, 59]
Min Correction Subset: [21, 22]
Iter 39: 
Min Hitting Set: [7, 10, 12, 19, 21, 23, 24, 25, 27, 28, 30, 32, 33, 35, 36, 58, 59]
Min Correction Subset: [2, 16, 39]
Iter 40: 
Min Hitting Set: [0, 5, 6, 7, 9, 11, 12, 16, 21, 23, 24, 25, 26, 28, 39, 58, 59]
Min Correction Subset: [30, 33, 35]
Iter 41: 
Min Hitting Set: [0, 5, 7, 9, 11, 12, 21, 23, 24, 25, 26, 28, 35, 36, 39, 58, 59]
Min Correction Subset: [16, 27, 34]
Iter 42: 
Min Hitting Set: [0, 5, 6, 7, 9, 12, 16, 21, 23, 24, 25, 26, 28, 30, 39, 58, 59]
Min Correction Subset: [10, 11, 33]
Iter 43: 
Min Hitting Set: [0, 7, 10, 12, 16, 19, 21, 23, 24, 25, 26, 28, 30, 34, 35, 36, 58, 59]
Min Correction Subset: [22, 39, 44]
Iter 44: 
Min Hitting Set: [7, 9, 10, 11, 12, 16, 21, 23, 24, 25, 28, 32, 33, 34, 36, 39, 58, 59]
Min Correction Subset: [4, 30, 35]
Iter 45: 
Min Hitting Set: [0, 5, 7, 9, 11, 12, 22, 23, 24, 25, 26, 28, 34, 35, 36, 39, 58, 59]
Min Correction Subset: [10, 19, 30]
Iter 46: 
Min Hitting Set: [0, 5, 6, 7, 9, 11, 12, 16, 21, 23, 24, 25, 26, 28, 30, 39, 58, 59]
Min Correction Subset: [8, 15, 35]
Iter 47: 
Min Hitting Set: [0, 7, 9, 10, 12, 16, 21, 23, 24, 25, 26, 28, 30, 35, 36, 39, 58, 59]
Min Correction Subset: [14, 15, 17, 19]
Iter 48: 
Min Hitting Set: [5, 6, 7, 9, 10, 12, 15, 16, 21, 22, 23, 25, 26, 28, 30, 34, 58, 59]
Min Correction Subset: [0, 4, 17, 35]
Iter 49: 
Min Hitting Set: [7, 9, 10, 12, 15, 16, 21, 22, 23, 25, 26, 28, 30, 34, 35, 36, 58, 59]
Min Correction Subset: [0, 14, 17, 24]
Iter 50: 
Min Hitting Set: [0, 7, 9, 10, 11, 12, 15, 22, 23, 25, 26, 28, 34, 35, 36, 39, 58, 59]
Min Correction Subset: [16, 33, 40]
Iter 51: 
Min Hitting Set: [0, 7, 9, 10, 12, 15, 16, 22, 23, 25, 26, 28, 30, 34, 35, 36, 58, 59]
Min Correction Subset: [5, 21, 39]
Iter 52: 
Min Hitting Set: [0, 6, 7, 9, 10, 12, 15, 16, 21, 22, 23, 25, 26, 28, 30, 36, 58, 59]
Min Correction Subset: [17, 24, 35, 46]
Iter 53: 
Min Hitting Set: [0, 7, 9, 10, 12, 15, 16, 21, 22, 23, 25, 26, 28, 30, 35, 36, 58, 59]
Min Correction Subset: [6, 8, 33, 34]
Iter 54: 
Min Hitting Set: [7, 10, 12, 19, 21, 23, 24, 25, 27, 28, 30, 32, 33, 35, 36, 39, 58, 59]
Min Correction Subset: [4, 15, 16]
Iter 55: 
Min Hitting Set: [7, 10, 12, 15, 16, 19, 21, 23, 24, 25, 26, 28, 30, 34, 35, 36, 39, 58, 59]
Min Correction Subset: [6, 13, 22, 27]
Iter 56: 
Min Hitting Set: [7, 10, 12, 15, 16, 19, 21, 22, 23, 24, 25, 26, 28, 30, 34, 35, 36, 58, 59]
Min Correction Subset: [0, 5, 18, 32, 46]
Iter 57: 
Min Hitting Set: [7, 10, 12, 15, 16, 18, 19, 21, 22, 23, 24, 25, 26, 30, 34, 35, 36, 58, 59]
Min Correction Subset: [1, 17, 28, 33]
Iter 58: 
Min Hitting Set: [0, 5, 6, 7, 9, 11, 12, 16, 19, 21, 23, 24, 25, 26, 28, 35, 39, 58, 59]
Min Correction Subset: [15, 17, 30]
Iter 59: 
Min Hitting Set: [0, 7, 9, 10, 11, 12, 15, 16, 21, 22, 23, 25, 26, 28, 34, 35, 36, 58, 59]
Min Correction Subset: [13, 30, 39]
Iter 60: 
Min Hitting Set: [0, 7, 9, 10, 12, 15, 16, 21, 22, 23, 25, 26, 28, 30, 34, 35, 36, 58, 59]
Min Correction Subset: [11, 14, 17, 19, 24]
Iter 61: 
Min Hitting Set: [0, 7, 10, 12, 15, 16, 19, 21, 22, 23, 25, 26, 28, 30, 34, 35, 36, 58, 59]
Min Correction Subset: [9, 11, 24, 46]
Iter 62: 
Min Hitting Set: [0, 7, 9, 10, 11, 12, 13, 15, 16, 21, 22, 23, 25, 28, 33, 35, 36, 58, 59]
Min Correction Subset: [30, 39, 44]
Iter 63: 
Min Hitting Set: [0, 7, 10, 12, 16, 19, 21, 22, 23, 24, 25, 26, 28, 30, 34, 35, 36, 58, 59]
Min Correction Subset: [13, 15, 27, 37]
Iter 64: 
Min Hitting Set: [5, 6, 7, 9, 12, 15, 16, 17, 21, 23, 25, 26, 28, 30, 33, 34, 39, 58, 59]
Min Correction Subset: [10, 35, 37]
Iter 65: 
Min Hitting Set: [0, 5, 6, 7, 9, 10, 12, 15, 16, 22, 23, 24, 25, 26, 28, 30, 34, 58, 59]
Min Correction Subset: [3, 21, 35]
Iter 66: 
Min Hitting Set: [0, 6, 7, 9, 10, 14, 15, 16, 17, 21, 22, 23, 25, 26, 28, 30, 36, 58, 59]
Min Correction Subset: [12, 35, 47]
Iter 67: 
Min Hitting Set: [7, 9, 10, 12, 15, 21, 23, 24, 25, 27, 28, 30, 32, 33, 35, 36, 39, 58, 59]
Min Correction Subset: [6, 16, 17, 22]
Iter 68: 
Min Hitting Set: [5, 6, 7, 9, 12, 15, 21, 23, 24, 25, 26, 28, 30, 33, 34, 35, 39, 58, 59]
Min Correction Subset: [4, 13, 16, 27]
Iter 69: 
Min Hitting Set: [5, 6, 7, 9, 10, 12, 15, 16, 17, 21, 22, 23, 25, 26, 27, 28, 30, 58, 59]
Min Correction Subset: [11, 34, 35, 39]
Iter 70: 
Min Hitting Set: [0, 6, 7, 9, 10, 12, 15, 16, 21, 23, 24, 25, 26, 28, 30, 36, 39, 58, 59]
Min Correction Subset: [11, 17, 35, 46]
Iter 71: 
Min Hitting Set: [5, 6, 7, 9, 10, 12, 15, 16, 17, 21, 22, 23, 25, 26, 28, 30, 34, 58, 59]
Min Correction Subset: [1, 31, 33, 36]
Iter 72: 
Min Hitting Set: [5, 7, 9, 14, 15, 17, 21, 23, 25, 26, 27, 28, 30, 33, 35, 36, 39, 58, 59]
Min Correction Subset: [6, 10, 12, 16]
Iter 73: 
Min Hitting Set: [0, 6, 7, 9, 10, 12, 15, 16, 17, 21, 23, 25, 26, 28, 30, 36, 39, 58, 59]
Min Correction Subset: [24, 35, 37, 40]
Iter 74: 
Min Hitting Set: [7, 10, 12, 16, 18, 19, 21, 23, 24, 25, 27, 30, 32, 33, 35, 36, 39, 58, 59]
Min Correction Subset: [4, 8, 15, 17]
Iter 75: 
Min Hitting Set: [1, 7, 10, 12, 15, 16, 18, 21, 22, 23, 24, 25, 26, 30, 34, 35, 36, 58, 59]
Min Correction Subset: [17, 19, 28, 33]
Iter 76: 
Min Hitting Set: [7, 9, 10, 14, 15, 17, 21, 23, 25, 27, 28, 30, 32, 33, 35, 36, 39, 58, 59]
Min Correction Subset: [0, 12, 16, 47]
Iter 77: 
Min Hitting Set: [5, 6, 7, 9, 12, 15, 21, 23, 24, 25, 26, 27, 28, 30, 33, 35, 39, 58, 59]
Min Correction Subset: [0, 4, 16, 19, 43]
Iter 78: 
Min Hitting Set: [0, 7, 9, 10, 11, 12, 15, 16, 22, 23, 25, 26, 28, 34, 35, 36, 39, 58, 59]
Min Correction Subset: [17, 24, 30]
Iter 79: 
Min Hitting Set: [7, 9, 10, 14, 15, 16, 17, 18, 21, 22, 23, 25, 26, 28, 30, 34, 35, 36, 58, 59]
Min Correction Subset: [2, 12, 39]
Iter 80: 
Min Hitting Set: [0, 6, 7, 9, 10, 12, 15, 16, 17, 21, 23, 25, 26, 28, 30, 35, 36, 39, 58, 59]
Min Correction Subset: [3, 18, 19, 32, 38]
Iter 81: 
Min Hitting Set: [7, 10, 12, 15, 16, 18, 19, 21, 22, 23, 24, 25, 26, 30, 33, 34, 35, 36, 58, 59]
Min Correction Subset: [0, 5, 28, 32]
Iter 82: 
Min Hitting Set: [7, 10, 12, 15, 16, 18, 19, 21, 22, 23, 24, 25, 26, 28, 30, 34, 35, 36, 58, 59]
Min Correction Subset: [0, 9, 14, 37, 39]
Iter 83: 
Min Hitting Set: [0, 7, 10, 12, 15, 16, 19, 21, 22, 23, 25, 26, 28, 30, 34, 35, 36, 46, 58, 59]
Min Correction Subset: [4, 6, 13, 17, 29, 32, 33, 45]
Iter 84: 
Min Hitting Set: [0, 7, 10, 12, 15, 16, 19, 21, 22, 23, 25, 26, 28, 30, 33, 35, 36, 46, 58, 59]
Min Correction Subset: [18, 34, 39, 43]
Iter 85: 
Min Hitting Set: [7, 9, 10, 12, 15, 17, 19, 21, 23, 25, 27, 28, 30, 32, 33, 35, 36, 39, 58, 59]
Min Correction Subset: [4, 13, 24, 26]
Iter 86: 
Min Hitting Set: [7, 10, 12, 15, 17, 19, 21, 23, 24, 25, 27, 28, 30, 32, 33, 35, 36, 39, 58, 59]
Min Correction Subset: [5, 9, 26, 37]
Iter 87: 
Min Hitting Set: [0, 7, 9, 10, 12, 13, 15, 16, 18, 21, 23, 24, 25, 30, 33, 35, 36, 39, 58, 59]
Min Correction Subset: [5, 6, 11, 28, 32]
Iter 88: 
Min Hitting Set: [7, 9, 10, 12, 15, 16, 18, 21, 23, 24, 25, 27, 30, 32, 33, 35, 36, 39, 58, 59]
Min Correction Subset: [0, 4, 5, 19, 28]
Iter 89: 
Min Hitting Set: [0, 3, 5, 7, 9, 12, 15, 16, 17, 22, 23, 25, 26, 28, 30, 33, 34, 35, 58, 59]
Min Correction Subset: [6, 21, 39]
Iter 90: 
Min Hitting Set: [3, 5, 7, 9, 12, 15, 16, 21, 23, 24, 25, 26, 27, 28, 30, 33, 35, 39, 58, 59]
Min Correction Subset: [6, 10, 11, 32]
Iter 91: 
Min Hitting Set: [0, 7, 9, 10, 11, 12, 13, 15, 16, 18, 21, 23, 24, 25, 30, 33, 36, 39, 58, 59]
Min Correction Subset: [22, 26, 32, 35]
Iter 92: 
Min Hitting Set: [7, 9, 10, 12, 15, 16, 17, 21, 22, 23, 25, 26, 28, 30, 32, 34, 35, 36, 58, 59]
Min Correction Subset: [5, 18, 19, 39, 46]
Iter 93: 
Min Hitting Set: [5, 6, 7, 9, 12, 15, 17, 19, 21, 23, 25, 26, 27, 28, 30, 33, 35, 39, 58, 59]
Min Correction Subset: [0, 4, 10, 14, 43]
Iter 94: 
Min Hitting Set: [4, 7, 9, 10, 12, 15, 17, 21, 23, 25, 27, 28, 30, 32, 33, 35, 36, 39, 58, 59]
Min Correction Subset: [14, 16, 19, 24]
Optimal IIS
Instance: arbitrary-40-100-870000
----------------------------
Query: 8
Query element:20
Query scope: 0
Query scope: 4
Query scope: 5
Query scope: 6
Query scope: 7
Query scope: 8
Query scope: 9
Query scope: 14
Query scope: 17
Query scope: 23
Query scope: 47
Query scope: 48
Query scope: 50
Query scope: 54
Query scope: 61
Query scope: 63
Query scope: 66
Query scope: 75
Query scope: 81
Query scope: 82
Query scope: 83
Query scope: 84
Query scope: 85
Query scope: 86
Query scope: 90
Query scope: 93
Query scope: 94
Query scope: 100
----------------------------
IIS optimality: suboptimal
IIS solution time: 26782.214
IIS Constraint: 7; goods; {good:7}
IIS Constraint: 9; goods; {good:9}
IIS Constraint: 10; goods; {good:10}
IIS Constraint: 12; goods; {good:12}
IIS Constraint: 15; goods; {good:15}
IIS Constraint: 16; goods; {good:16}
IIS Constraint: 21; goods; {good:21}
IIS Constraint: 23; goods; {good:23}
IIS Constraint: 24; goods; {good:24}
IIS Constraint: 25; goods; {good:25}
IIS Constraint: 27; goods; {good:27}
IIS Constraint: 28; goods; {good:28}
IIS Constraint: 30; goods; {good:30}
IIS Constraint: 32; goods; {good:32}
IIS Constraint: 33; goods; {good:33}
IIS Constraint: 35; goods; {good:35}
IIS Constraint: 36; goods; {good:36}
IIS Constraint: 39; goods; {good:39}
IIS Constraint: 58; query; {good:20,query:8}
IIS Constraint: 59; max; {f:2308.49,objective:max}
