IIS generation
Iter 1: 
Min Hitting Set: []
Min Correction Subset: [59]
Iter 2: 
Min Hitting Set: [59]
Min Correction Subset: [25]
Iter 3: 
Min Hitting Set: [25, 59]
Min Correction Subset: [29]
Iter 4: 
Min Hitting Set: [25, 29, 59]
Min Correction Subset: [0]
Iter 5: 
Min Hitting Set: [0, 25, 29, 59]
Min Correction Subset: [5]
Iter 6: 
Min Hitting Set: [0, 5, 25, 29, 59]
Min Correction Subset: [21]
Iter 7: 
Min Hitting Set: [0, 5, 21, 25, 29, 59]
Min Correction Subset: [37]
Iter 8: 
Min Hitting Set: [0, 5, 21, 25, 29, 37, 59]
Min Correction Subset: [33]
Iter 9: 
Min Hitting Set: [0, 5, 21, 25, 29, 33, 37, 59]
Min Correction Subset: [17]
Iter 10: 
Min Hitting Set: [0, 5, 17, 21, 25, 29, 33, 37, 59]
Min Correction Subset: [9]
Iter 11: 
Min Hitting Set: [0, 5, 9, 17, 21, 25, 29, 33, 37, 59]
Min Correction Subset: [1]
Iter 12: 
Min Hitting Set: [0, 1, 5, 9, 17, 21, 25, 29, 33, 37, 59]
Min Correction Subset: [13]
Iter 13: 
Min Hitting Set: [0, 1, 5, 9, 13, 17, 21, 25, 29, 33, 37, 59]
Min Correction Subset: [53]
Iter 14: 
Min Hitting Set: [0, 1, 5, 9, 13, 17, 21, 25, 29, 33, 37, 53, 59]
Min Correction Subset: [2]
Iter 15: 
Min Hitting Set: [0, 1, 2, 5, 9, 13, 17, 21, 25, 29, 33, 37, 53, 59]
Min Correction Subset: [52]
Iter 16: 
Min Hitting Set: [0, 1, 2, 5, 9, 13, 17, 21, 25, 29, 33, 37, 52, 53, 59]
Min Correction Subset: [48]
Iter 17: 
Min Hitting Set: [0, 1, 2, 5, 9, 13, 17, 21, 25, 29, 33, 37, 48, 52, 53, 59]
Min Correction Subset: [43]
Iter 18: 
Min Hitting Set: [0, 1, 2, 5, 9, 13, 17, 21, 25, 29, 33, 37, 43, 48, 52, 53, 59]
Min Correction Subset: [58]
Iter 19: 
Min Hitting Set: [0, 1, 2, 5, 9, 13, 17, 21, 25, 29, 33, 37, 43, 48, 52, 53, 58, 59]
Min Correction Subset: [46, 51]
Iter 20: 
Min Hitting Set: [0, 1, 2, 5, 9, 13, 17, 21, 25, 29, 33, 37, 43, 46, 48, 52, 53, 58, 59]
Min Correction Subset: [51, 54]
Optimal IIS
Instance: matching-40-100-550000
----------------------------
Query: 1
Query element:95
Query scope: 95
----------------------------
IIS optimality: suboptimal
IIS solution time: 19908.354
IIS Constraint: 0; goods; {good:0}
IIS Constraint: 1; goods; {good:1}
IIS Constraint: 2; goods; {good:2}
IIS Constraint: 5; goods; {good:5}
IIS Constraint: 9; goods; {good:9}
IIS Constraint: 13; goods; {good:13}
IIS Constraint: 17; goods; {good:17}
IIS Constraint: 21; goods; {good:21}
IIS Constraint: 25; goods; {good:25}
IIS Constraint: 29; goods; {good:29}
IIS Constraint: 33; goods; {good:33}
IIS Constraint: 37; goods; {good:37}
IIS Constraint: 43; goods; {good:43}
IIS Constraint: 48; goods; {good:48}
IIS Constraint: 51; goods; {good:51}
IIS Constraint: 52; goods; {good:52}
IIS Constraint: 53; goods; {good:53}
IIS Constraint: 58; query; {bid:95,query:1}
IIS Constraint: 59; max; {f:56.99211,objective:max}
