IIS generation
Iter 1: 
Min Hitting Set: []
Min Correction Subset: [61]
Iter 2: 
Min Hitting Set: [61]
Min Correction Subset: [35]
Iter 3: 
Min Hitting Set: [35, 61]
Min Correction Subset: [60]
Iter 4: 
Min Hitting Set: [35, 60, 61]
Min Correction Subset: [14, 25]
Iter 5: 
Min Hitting Set: [14, 35, 60, 61]
Min Correction Subset: [13, 29]
Iter 6: 
Min Hitting Set: [13, 14, 35, 60, 61]
Min Correction Subset: [4, 29]
Iter 7: 
Min Hitting Set: [14, 29, 35, 60, 61]
Min Correction Subset: [7, 8]
Iter 8: 
Min Hitting Set: [7, 14, 29, 35, 60, 61]
Min Correction Subset: [4, 16]
Iter 9: 
Min Hitting Set: [4, 7, 14, 29, 35, 60, 61]
Min Correction Subset: [19, 30]
Iter 10: 
Min Hitting Set: [4, 7, 14, 19, 29, 35, 60, 61]
Min Correction Subset: [25, 57]
Iter 11: 
Min Hitting Set: [4, 7, 19, 25, 29, 35, 60, 61]
Min Correction Subset: [14, 22]
Iter 12: 
Min Hitting Set: [4, 7, 14, 19, 25, 29, 35, 60, 61]
Min Correction Subset: [21, 24]
Iter 13: 
Min Hitting Set: [4, 7, 14, 19, 21, 25, 29, 35, 60, 61]
Min Correction Subset: [28, 32, 38]
Iter 14: 
Min Hitting Set: [4, 7, 14, 19, 21, 25, 28, 29, 35, 60, 61]
Min Correction Subset: [10, 16, 31]
Iter 15: 
Min Hitting Set: [7, 14, 16, 19, 21, 25, 28, 29, 35, 60, 61]
Min Correction Subset: [4, 5]
Iter 16: 
Min Hitting Set: [4, 7, 14, 16, 19, 21, 25, 28, 29, 35, 60, 61]
Min Correction Subset: [8, 17, 18]
Iter 17: 
Min Hitting Set: [4, 8, 14, 16, 19, 21, 25, 28, 29, 35, 60, 61]
Min Correction Subset: [10, 24, 31]
Iter 18: 
Min Hitting Set: [4, 8, 10, 14, 19, 24, 25, 28, 29, 35, 60, 61]
Min Correction Subset: [7, 32, 38]
Iter 19: 
Min Hitting Set: [4, 8, 10, 14, 19, 24, 25, 29, 32, 35, 60, 61]
Min Correction Subset: [21, 23, 38]
Iter 20: 
Min Hitting Set: [4, 8, 10, 14, 19, 24, 25, 29, 35, 38, 60, 61]
Min Correction Subset: [7, 26, 34]
Iter 21: 
Min Hitting Set: [4, 7, 8, 10, 14, 19, 24, 25, 29, 35, 38, 60, 61]
Min Correction Subset: [1, 5, 30]
Iter 22: 
Min Hitting Set: [4, 7, 8, 14, 16, 24, 25, 29, 30, 35, 38, 60, 61]
Min Correction Subset: [17, 28, 34]
Iter 23: 
Min Hitting Set: [4, 7, 8, 10, 14, 21, 25, 28, 29, 30, 35, 60, 61]
Min Correction Subset: [17, 22, 37]
Iter 24: 
Min Hitting Set: [4, 7, 8, 10, 21, 22, 25, 28, 29, 30, 35, 60, 61]
Min Correction Subset: [17, 18, 37]
Iter 25: 
Min Hitting Set: [4, 7, 10, 14, 17, 24, 25, 29, 30, 35, 38, 60, 61]
Min Correction Subset: [8, 21]
Iter 26: 
Min Hitting Set: [4, 7, 10, 14, 17, 21, 25, 29, 30, 35, 38, 60, 61]
Min Correction Subset: [8, 22, 28]
Iter 27: 
Min Hitting Set: [4, 7, 10, 17, 21, 22, 25, 29, 30, 35, 38, 60, 61]
Min Correction Subset: [14, 16, 24]
Iter 28: 
Min Hitting Set: [4, 7, 10, 14, 17, 21, 25, 28, 29, 30, 35, 60, 61]
Min Correction Subset: [18, 23, 38]
Iter 29: 
Min Hitting Set: [4, 7, 16, 18, 21, 22, 24, 25, 28, 29, 30, 35, 60, 61]
Min Correction Subset: [14, 31, 39]
Iter 30: 
Min Hitting Set: [4, 7, 18, 21, 22, 24, 25, 28, 29, 30, 31, 35, 60, 61]
Min Correction Subset: [3, 17, 37]
Iter 31: 
Min Hitting Set: [4, 7, 16, 17, 21, 22, 25, 29, 30, 31, 35, 38, 60, 61]
Min Correction Subset: [9, 24, 37]
Iter 32: 
Min Hitting Set: [4, 8, 22, 24, 25, 29, 30, 31, 34, 35, 37, 38, 60, 61]
Min Correction Subset: [1, 13, 57]
Iter 33: 
Min Hitting Set: [4, 8, 13, 22, 24, 25, 30, 31, 34, 35, 37, 38, 60, 61]
Min Correction Subset: [3, 29]
Iter 34: 
Min Hitting Set: [4, 8, 14, 17, 24, 29, 30, 31, 34, 35, 38, 57, 60, 61]
Min Correction Subset: [7, 9, 28]
Iter 35: 
Min Hitting Set: [4, 7, 8, 14, 16, 17, 24, 29, 30, 35, 38, 57, 60, 61]
Min Correction Subset: [10, 31, 37]
Iter 36: 
Min Hitting Set: [4, 7, 14, 18, 21, 28, 29, 30, 31, 35, 37, 57, 60, 61]
Min Correction Subset: [8, 24, 27]
Iter 37: 
Min Hitting Set: [4, 7, 8, 14, 17, 24, 29, 30, 31, 35, 38, 57, 60, 61]
Min Correction Subset: [6, 26, 28]
Iter 38: 
Min Hitting Set: [4, 8, 14, 17, 24, 26, 28, 29, 30, 31, 35, 38, 57, 60, 61]
Min Correction Subset: [10, 21, 32]
Iter 39: 
Min Hitting Set: [4, 8, 10, 14, 17, 24, 26, 28, 29, 30, 35, 38, 57, 60, 61]
Min Correction Subset: [7, 25, 32]
Iter 40: 
Min Hitting Set: [4, 7, 8, 10, 14, 17, 24, 26, 29, 30, 35, 38, 57, 60, 61]
Min Correction Subset: [18, 32, 39]
Iter 41: 
Min Hitting Set: [4, 7, 10, 14, 17, 18, 21, 24, 28, 29, 30, 35, 57, 60, 61]
Min Correction Subset: [8, 26, 37]
Iter 42: 
Min Hitting Set: [4, 7, 8, 10, 14, 18, 21, 28, 29, 30, 35, 37, 57, 60, 61]
Min Correction Subset: [0, 24, 25, 31]
Iter 43: 
Min Hitting Set: [4, 7, 8, 14, 18, 21, 28, 29, 30, 31, 35, 37, 57, 60, 61]
Min Correction Subset: [1, 20, 25, 32]
Iter 44: 
Min Hitting Set: [3, 4, 7, 13, 14, 18, 21, 24, 25, 28, 30, 31, 35, 37, 60, 61]
Min Correction Subset: [1, 29]
Iter 45: 
Min Hitting Set: [4, 7, 14, 18, 21, 24, 28, 29, 30, 31, 32, 35, 37, 57, 60, 61]
Min Correction Subset: [8, 20, 26]
Iter 46: 
Min Hitting Set: [4, 7, 14, 18, 20, 21, 24, 28, 29, 30, 31, 35, 37, 57, 60, 61]
Min Correction Subset: [1, 8, 22, 34]
Iter 47: 
Min Hitting Set: [4, 7, 8, 14, 17, 24, 28, 29, 30, 31, 32, 35, 38, 57, 60, 61]
Min Correction Subset: [9, 10, 23, 37]
Iter 48: 
Min Hitting Set: [1, 4, 7, 8, 14, 18, 21, 25, 28, 29, 30, 31, 35, 37, 60, 61]
Min Correction Subset: [10, 16, 24, 27]
Iter 49: 
Min Hitting Set: [4, 7, 8, 10, 14, 17, 24, 28, 29, 30, 32, 35, 38, 57, 60, 61]
Min Correction Subset: [18, 37, 39, 42]
Iter 50: 
Min Hitting Set: [4, 7, 8, 10, 14, 18, 21, 25, 28, 29, 30, 35, 37, 57, 60, 61]
Min Correction Subset: [16, 23, 26, 38]
Iter 51: 
Min Hitting Set: [4, 8, 10, 14, 24, 26, 28, 29, 30, 32, 35, 37, 38, 57, 60, 61]
Min Correction Subset: [1, 7, 25]
Iter 52: 
Min Hitting Set: [4, 7, 8, 14, 24, 28, 29, 30, 31, 32, 35, 37, 38, 57, 60, 61]
Min Correction Subset: [17, 21, 22]
Iter 53: 
Min Hitting Set: [4, 8, 22, 24, 25, 26, 28, 29, 30, 31, 32, 35, 37, 38, 57, 60, 61]
Min Correction Subset: [7, 17, 18]
Iter 54: 
Min Hitting Set: [1, 4, 7, 8, 14, 16, 18, 21, 28, 29, 30, 31, 35, 37, 57, 60, 61]
Min Correction Subset: [0, 10, 17, 24]
Iter 55: 
Min Hitting Set: [1, 4, 7, 14, 18, 21, 24, 26, 28, 29, 30, 31, 35, 37, 57, 60, 61]
Min Correction Subset: [3, 17, 22, 25]
Iter 56: 
Min Hitting Set: [4, 7, 8, 10, 13, 14, 16, 18, 21, 25, 28, 29, 30, 35, 37, 60, 61]
Min Correction Subset: [1, 24, 57]
Iter 57: 
Min Hitting Set: [4, 8, 10, 13, 14, 17, 18, 24, 25, 28, 29, 30, 34, 35, 38, 60, 61]
Min Correction Subset: [1, 23, 37, 57]
Iter 58: 
Min Hitting Set: [4, 7, 8, 10, 14, 16, 18, 21, 25, 28, 29, 30, 35, 37, 57, 60, 61]
Min Correction Subset: [31, 38, 39, 42]
Iter 59: 
Min Hitting Set: [4, 7, 8, 14, 17, 24, 28, 29, 30, 31, 32, 35, 37, 38, 57, 60, 61]
Min Correction Subset: [5, 16, 20, 21]
Iter 60: 
Min Hitting Set: [4, 8, 10, 14, 18, 21, 25, 28, 29, 30, 34, 35, 37, 38, 57, 60, 61]
Min Correction Subset: [7, 17, 26]
Iter 61: 
Min Hitting Set: [1, 4, 8, 10, 14, 18, 21, 25, 26, 28, 29, 30, 35, 37, 38, 60, 61]
Min Correction Subset: [5, 16, 20, 24]
Iter 62: 
Min Hitting Set: [4, 7, 8, 10, 14, 17, 18, 20, 24, 28, 29, 30, 35, 38, 57, 60, 61]
Min Correction Subset: [15, 21, 25, 32]
Iter 63: 
Min Hitting Set: [1, 4, 7, 14, 18, 21, 24, 25, 26, 28, 29, 30, 31, 35, 37, 60, 61]
Min Correction Subset: [6, 16, 17, 22, 56]
Iter 64: 
Min Hitting Set: [4, 7, 13, 18, 21, 22, 24, 25, 26, 28, 29, 30, 31, 35, 37, 60, 61]
Min Correction Subset: [14, 16, 32]
Iter 65: 
Min Hitting Set: [5, 6, 7, 8, 14, 16, 17, 24, 29, 30, 32, 35, 37, 38, 57, 60, 61]
Min Correction Subset: [4, 23, 28]
Iter 66: 
Min Hitting Set: [4, 7, 8, 14, 16, 17, 24, 26, 29, 30, 32, 35, 37, 38, 57, 60, 61]
Min Correction Subset: [10, 20, 31]
Iter 67: 
Min Hitting Set: [1, 4, 7, 10, 14, 17, 18, 21, 24, 26, 28, 29, 30, 35, 38, 57, 60, 61]
Min Correction Subset: [25, 37, 39, 42]
Iter 68: 
Min Hitting Set: [1, 4, 7, 14, 17, 18, 21, 24, 26, 28, 29, 30, 31, 35, 37, 57, 60, 61]
Min Correction Subset: [3, 20, 25, 32, 49]
Iter 69: 
Min Hitting Set: [4, 8, 18, 21, 22, 24, 25, 26, 28, 29, 30, 31, 32, 35, 37, 57, 60, 61]
Min Correction Subset: [7, 14, 16]
Iter 70: 
Min Hitting Set: [1, 4, 7, 10, 14, 17, 18, 21, 24, 25, 26, 28, 29, 30, 35, 39, 60, 61]
Min Correction Subset: [3, 13, 31, 38]
Iter 71: 
Min Hitting Set: [4, 7, 8, 10, 14, 17, 18, 20, 24, 25, 28, 29, 30, 35, 38, 57, 60, 61]
Min Correction Subset: [31, 37, 39, 42]
Iter 72: 
Min Hitting Set: [4, 7, 8, 10, 14, 16, 17, 24, 28, 29, 30, 32, 35, 38, 39, 57, 60, 61]
Min Correction Subset: [0, 1, 21, 25]
Iter 73: 
Min Hitting Set: [1, 4, 7, 10, 17, 18, 21, 22, 24, 25, 26, 29, 30, 31, 32, 35, 60, 61]
Min Correction Subset: [16, 28, 38]
Optimal IIS
Instance: arbitrary-40-100-200000
----------------------------
Query: 11
Query element:4
Query element:54
Query scope: 71
Query scope: 72
Query scope: 73
Query scope: 75
----------------------------
IIS optimality: suboptimal
IIS solution time: 10832.293
IIS Constraint: 1; goods; {good:1}
IIS Constraint: 4; goods; {good:4}
IIS Constraint: 7; goods; {good:7}
IIS Constraint: 18; goods; {good:18}
IIS Constraint: 21; goods; {good:21}
IIS Constraint: 22; goods; {good:22}
IIS Constraint: 24; goods; {good:24}
IIS Constraint: 25; goods; {good:25}
IIS Constraint: 26; goods; {good:26}
IIS Constraint: 28; goods; {good:28}
IIS Constraint: 29; goods; {good:29}
IIS Constraint: 30; goods; {good:30}
IIS Constraint: 31; goods; {good:31}
IIS Constraint: 32; goods; {good:32}
IIS Constraint: 35; goods; {good:35}
IIS Constraint: 37; goods; {good:37}
IIS Constraint: 60; query; {goods:[4,54],query:11}
IIS Constraint: 61; max; {f:1779.99,objective:max}
