IIS generation
Iter 1: 
Min Hitting Set: []
Min Correction Subset: [59]
Iter 2: 
Min Hitting Set: [59]
Min Correction Subset: [6]
Iter 3: 
Min Hitting Set: [6, 59]
Min Correction Subset: [39]
Iter 4: 
Min Hitting Set: [6, 39, 59]
Min Correction Subset: [27]
Iter 5: 
Min Hitting Set: [6, 27, 39, 59]
Min Correction Subset: [4]
Iter 6: 
Min Hitting Set: [4, 6, 27, 39, 59]
Min Correction Subset: [14]
Iter 7: 
Min Hitting Set: [4, 6, 14, 27, 39, 59]
Min Correction Subset: [10]
Iter 8: 
Min Hitting Set: [4, 6, 10, 14, 27, 39, 59]
Min Correction Subset: [34]
Iter 9: 
Min Hitting Set: [4, 6, 10, 14, 27, 34, 39, 59]
Min Correction Subset: [37]
Iter 10: 
Min Hitting Set: [4, 6, 10, 14, 27, 34, 37, 39, 59]
Min Correction Subset: [33]
Iter 11: 
Min Hitting Set: [4, 6, 10, 14, 27, 33, 34, 37, 39, 59]
Min Correction Subset: [23]
Iter 12: 
Min Hitting Set: [4, 6, 10, 14, 23, 27, 33, 34, 37, 39, 59]
Min Correction Subset: [15]
Iter 13: 
Min Hitting Set: [4, 6, 10, 14, 15, 23, 27, 33, 34, 37, 39, 59]
Min Correction Subset: [31]
Iter 14: 
Min Hitting Set: [4, 6, 10, 14, 15, 23, 27, 31, 33, 34, 37, 39, 59]
Min Correction Subset: [1]
Iter 15: 
Min Hitting Set: [1, 4, 6, 10, 14, 15, 23, 27, 31, 33, 34, 37, 39, 59]
Min Correction Subset: [29]
Iter 16: 
Min Hitting Set: [1, 4, 6, 10, 14, 15, 23, 27, 29, 31, 33, 34, 37, 39, 59]
Min Correction Subset: [26]
Iter 17: 
Min Hitting Set: [1, 4, 6, 10, 14, 15, 23, 26, 27, 29, 31, 33, 34, 37, 39, 59]
Min Correction Subset: [21]
Iter 18: 
Min Hitting Set: [1, 4, 6, 10, 14, 15, 21, 23, 26, 27, 29, 31, 33, 34, 37, 39, 59]
Min Correction Subset: [20]
Iter 19: 
Min Hitting Set: [1, 4, 6, 10, 14, 15, 20, 21, 23, 26, 27, 29, 31, 33, 34, 37, 39, 59]
Min Correction Subset: [35]
Iter 20: 
Min Hitting Set: [1, 4, 6, 10, 14, 15, 20, 21, 23, 26, 27, 29, 31, 33, 34, 35, 37, 39, 59]
Min Correction Subset: [32]
Iter 21: 
Min Hitting Set: [1, 4, 6, 10, 14, 15, 20, 21, 23, 26, 27, 29, 31, 32, 33, 34, 35, 37, 39, 59]
Min Correction Subset: [3]
Iter 22: 
Min Hitting Set: [1, 3, 4, 6, 10, 14, 15, 20, 21, 23, 26, 27, 29, 31, 32, 33, 34, 35, 37, 39, 59]
Min Correction Subset: [5]
Iter 23: 
Min Hitting Set: [1, 3, 4, 5, 6, 10, 14, 15, 20, 21, 23, 26, 27, 29, 31, 32, 33, 34, 35, 37, 39, 59]
Min Correction Subset: [28]
Iter 24: 
Min Hitting Set: [1, 3, 4, 5, 6, 10, 14, 15, 20, 21, 23, 26, 27, 28, 29, 31, 32, 33, 34, 35, 37, 39, 59]
Min Correction Subset: [17]
Iter 25: 
Min Hitting Set: [1, 3, 4, 5, 6, 10, 14, 15, 17, 20, 21, 23, 26, 27, 28, 29, 31, 32, 33, 34, 35, 37, 39, 59]
Min Correction Subset: [25]
Iter 26: 
Min Hitting Set: [1, 3, 4, 5, 6, 10, 14, 15, 17, 20, 21, 23, 25, 26, 27, 28, 29, 31, 32, 33, 34, 35, 37, 39, 59]
Min Correction Subset: [18]
Iter 27: 
Min Hitting Set: [1, 3, 4, 5, 6, 10, 14, 15, 17, 18, 20, 21, 23, 25, 26, 27, 28, 29, 31, 32, 33, 34, 35, 37, 39, 59]
Min Correction Subset: [58]
Iter 28: 
Min Hitting Set: [1, 3, 4, 5, 6, 10, 14, 15, 17, 18, 20, 21, 23, 25, 26, 27, 28, 29, 31, 32, 33, 34, 35, 37, 39, 58, 59]
Min Correction Subset: [0, 52]
Iter 29: 
Min Hitting Set: [0, 1, 3, 4, 5, 6, 10, 14, 15, 17, 18, 20, 21, 23, 25, 26, 27, 28, 29, 31, 32, 33, 34, 35, 37, 39, 58, 59]
Min Correction Subset: [24, 38]
Iter 30: 
Min Hitting Set: [0, 1, 3, 4, 5, 6, 10, 14, 15, 17, 18, 20, 21, 23, 24, 25, 26, 27, 28, 29, 31, 32, 33, 34, 35, 37, 39, 58, 59]
Min Correction Subset: [19, 38]
Iter 31: 
Min Hitting Set: [0, 1, 3, 4, 5, 6, 10, 14, 15, 17, 18, 20, 21, 23, 25, 26, 27, 28, 29, 31, 32, 33, 34, 35, 37, 38, 39, 58, 59]
Min Correction Subset: [8, 30]
Iter 32: 
Min Hitting Set: [0, 1, 3, 4, 5, 6, 8, 10, 14, 15, 17, 18, 20, 21, 23, 25, 26, 27, 28, 29, 31, 32, 33, 34, 35, 37, 38, 39, 58, 59]
Min Correction Subset: [19, 24]
Iter 33: 
Min Hitting Set: [0, 1, 3, 4, 5, 6, 8, 10, 14, 15, 17, 18, 19, 20, 21, 23, 24, 25, 26, 27, 28, 29, 31, 32, 33, 34, 35, 37, 39, 58, 59]
Min Correction Subset: [38, 48]
Iter 34: 
Min Hitting Set: [0, 1, 3, 4, 5, 6, 8, 10, 14, 15, 17, 18, 19, 20, 21, 23, 25, 26, 27, 28, 29, 31, 32, 33, 34, 35, 37, 38, 39, 58, 59]
Min Correction Subset: [11, 12]
Iter 35: 
Min Hitting Set: [0, 1, 3, 4, 5, 6, 8, 10, 11, 14, 15, 17, 18, 19, 20, 21, 23, 25, 26, 27, 28, 29, 31, 32, 33, 34, 35, 37, 38, 39, 58, 59]
Min Correction Subset: [9, 22]
Iter 36: 
Min Hitting Set: [0, 1, 3, 4, 5, 6, 8, 9, 10, 11, 14, 15, 17, 18, 19, 20, 21, 23, 25, 26, 27, 28, 29, 31, 32, 33, 34, 35, 37, 38, 39, 58, 59]
Min Correction Subset: [13, 22]
Iter 37: 
Min Hitting Set: [0, 1, 3, 4, 5, 6, 8, 10, 11, 14, 15, 17, 18, 19, 20, 21, 22, 23, 25, 26, 27, 28, 29, 31, 32, 33, 34, 35, 37, 38, 39, 58, 59]
Min Correction Subset: [7, 9]
Iter 38: 
Min Hitting Set: [0, 1, 3, 4, 5, 6, 8, 9, 10, 11, 14, 15, 17, 18, 19, 20, 21, 22, 23, 25, 26, 27, 28, 29, 31, 32, 33, 34, 35, 37, 38, 39, 58, 59]
Min Correction Subset: [7, 16, 36]
Iter 39: 
Min Hitting Set: [0, 1, 3, 4, 5, 6, 7, 8, 10, 11, 14, 15, 17, 18, 19, 20, 21, 22, 23, 25, 26, 27, 28, 29, 31, 32, 33, 34, 35, 37, 38, 39, 58, 59]
Min Correction Subset: [2, 13, 41]
Optimal IIS
Instance: arbitrary-40-100-290000
----------------------------
Query: 10
Query element:10
Query element:32
Query scope: 5
Query scope: 14
Query scope: 16
Query scope: 17
Query scope: 18
Query scope: 27
Query scope: 53
Query scope: 65
Query scope: 66
Query scope: 85
Query scope: 86
Query scope: 87
Query scope: 88
Query scope: 95
Query scope: 98
Query scope: 99
----------------------------
IIS optimality: suboptimal
IIS solution time: 12378.882
IIS Constraint: 0; goods; {good:0}
IIS Constraint: 1; goods; {good:1}
IIS Constraint: 3; goods; {good:3}
IIS Constraint: 4; goods; {good:4}
IIS Constraint: 5; goods; {good:5}
IIS Constraint: 6; goods; {good:6}
IIS Constraint: 7; goods; {good:7}
IIS Constraint: 8; goods; {good:8}
IIS Constraint: 9; goods; {good:9}
IIS Constraint: 10; goods; {good:10}
IIS Constraint: 11; goods; {good:11}
IIS Constraint: 13; goods; {good:13}
IIS Constraint: 14; goods; {good:14}
IIS Constraint: 15; goods; {good:15}
IIS Constraint: 17; goods; {good:17}
IIS Constraint: 18; goods; {good:18}
IIS Constraint: 19; goods; {good:19}
IIS Constraint: 20; goods; {good:20}
IIS Constraint: 21; goods; {good:21}
IIS Constraint: 23; goods; {good:23}
IIS Constraint: 25; goods; {good:25}
IIS Constraint: 26; goods; {good:26}
IIS Constraint: 27; goods; {good:27}
IIS Constraint: 28; goods; {good:28}
IIS Constraint: 29; goods; {good:29}
IIS Constraint: 31; goods; {good:31}
IIS Constraint: 32; goods; {good:32}
IIS Constraint: 33; goods; {good:33}
IIS Constraint: 34; goods; {good:34}
IIS Constraint: 35; goods; {good:35}
IIS Constraint: 37; goods; {good:37}
IIS Constraint: 38; goods; {good:38}
IIS Constraint: 39; goods; {good:39}
IIS Constraint: 58; query; {goods:[10,32],query:10}
IIS Constraint: 59; max; {f:2286.219,objective:max}
