IIS generation
Iter 1: 
Min Hitting Set: []
Min Correction Subset: [41]
Iter 2: 
Min Hitting Set: [41]
Min Correction Subset: [43]
Iter 3: 
Min Hitting Set: [41, 43]
Min Correction Subset: [44]
Iter 4: 
Min Hitting Set: [41, 43, 44]
Min Correction Subset: [40]
Iter 5: 
Min Hitting Set: [40, 41, 43, 44]
Min Correction Subset: [46]
Optimal IIS
Instance: scheduling-40-100-920000
----------------------------
Query: 9
Query element:42
Query element:20
Query scope: 63
Query scope: 64
Query scope: 65
Query scope: 66
Query scope: 67
Query scope: 68
Query scope: 69
Query scope: 70
Query scope: 71
Query scope: 72
Query scope: 73
Query scope: 74
Query scope: 75
Query scope: 76
Query scope: 77
Query scope: 78
Query scope: 79
Query scope: 80
Query scope: 14
Query scope: 15
Query scope: 16
Query scope: 17
Query scope: 18
Query scope: 19
Query scope: 20
Query scope: 43
Query scope: 44
Query scope: 45
Query scope: 46
Query scope: 47
Query scope: 48
Query scope: 98
Query scope: 99
Query scope: 100
Query scope: 101
----------------------------
IIS optimality: suboptimal
IIS solution time: 5.689
IIS Constraint: 40; goods; {good:40}
IIS Constraint: 41; goods; {good:41}
IIS Constraint: 43; goods; {good:43}
IIS Constraint: 44; query; {good:42,query:9}
IIS Constraint: 46; max; {f:19.21105,objective:max}
