IIS generation
Iter 1: 
Min Hitting Set: []
Min Correction Subset: [75]
Iter 2: 
Min Hitting Set: [75]
Min Correction Subset: [20]
Iter 3: 
Min Hitting Set: [20, 75]
Min Correction Subset: [5]
Iter 4: 
Min Hitting Set: [5, 20, 75]
Min Correction Subset: [16]
Iter 5: 
Min Hitting Set: [5, 16, 20, 75]
Min Correction Subset: [42]
Iter 6: 
Min Hitting Set: [5, 16, 20, 42, 75]
Min Correction Subset: [28]
Iter 7: 
Min Hitting Set: [5, 16, 20, 28, 42, 75]
Min Correction Subset: [38]
Iter 8: 
Min Hitting Set: [5, 16, 20, 28, 38, 42, 75]
Min Correction Subset: [27]
Iter 9: 
Min Hitting Set: [5, 16, 20, 27, 28, 38, 42, 75]
Min Correction Subset: [14, 47]
Iter 10: 
Min Hitting Set: [5, 14, 16, 20, 27, 28, 38, 42, 75]
Min Correction Subset: [8, 32]
Iter 11: 
Min Hitting Set: [5, 8, 14, 16, 20, 27, 28, 38, 42, 75]
Min Correction Subset: [33, 73]
Iter 12: 
Min Hitting Set: [5, 8, 14, 16, 20, 27, 28, 33, 38, 42, 75]
Min Correction Subset: [29, 73]
Iter 13: 
Min Hitting Set: [5, 8, 14, 16, 20, 27, 28, 38, 42, 73, 75]
Min Correction Subset: [25, 53]
Iter 14: 
Min Hitting Set: [5, 8, 14, 16, 20, 25, 27, 28, 38, 42, 73, 75]
Min Correction Subset: [0, 32]
Iter 15: 
Min Hitting Set: [5, 14, 16, 20, 25, 27, 28, 32, 38, 42, 73, 75]
Min Correction Subset: [19, 29]
Iter 16: 
Min Hitting Set: [5, 14, 16, 20, 25, 27, 28, 29, 32, 38, 42, 73, 75]
Min Correction Subset: [19, 33]
Iter 17: 
Min Hitting Set: [5, 14, 16, 19, 20, 25, 27, 28, 32, 38, 42, 73, 75]
Min Correction Subset: [6, 33]
Iter 18: 
Min Hitting Set: [5, 14, 16, 20, 25, 27, 28, 29, 32, 33, 38, 42, 75]
Min Correction Subset: [34, 53]
Iter 19: 
Min Hitting Set: [5, 14, 16, 20, 27, 28, 29, 32, 33, 38, 42, 53, 75]
Min Correction Subset: [19, 73]
Iter 20: 
Min Hitting Set: [5, 14, 16, 19, 20, 27, 28, 29, 32, 33, 38, 42, 53, 75]
Min Correction Subset: [23, 61]
Iter 21: 
Min Hitting Set: [5, 14, 16, 19, 20, 23, 27, 28, 29, 32, 33, 38, 42, 53, 75]
Min Correction Subset: [1, 73]
Iter 22: 
Min Hitting Set: [5, 14, 16, 19, 20, 23, 27, 28, 32, 33, 38, 42, 53, 73, 75]
Min Correction Subset: [47, 74]
Iter 23: 
Min Hitting Set: [5, 16, 19, 20, 23, 27, 28, 32, 33, 38, 42, 47, 53, 73, 75]
Min Correction Subset: [6, 14]
Iter 24: 
Min Hitting Set: [5, 6, 16, 19, 20, 23, 27, 28, 32, 38, 42, 47, 53, 73, 75]
Min Correction Subset: [14, 46]
Iter 25: 
Min Hitting Set: [5, 14, 16, 19, 20, 23, 27, 28, 32, 33, 38, 42, 47, 53, 73, 75]
Min Correction Subset: [1, 29]
Iter 26: 
Min Hitting Set: [5, 14, 16, 20, 23, 27, 28, 29, 32, 33, 38, 42, 47, 53, 73, 75]
Min Correction Subset: [19, 43]
Iter 27: 
Min Hitting Set: [1, 5, 14, 16, 19, 20, 23, 27, 28, 29, 32, 33, 38, 42, 47, 53, 75]
Min Correction Subset: [73, 74]
Iter 28: 
Min Hitting Set: [1, 5, 14, 16, 19, 20, 23, 27, 28, 29, 32, 33, 38, 42, 53, 74, 75]
Min Correction Subset: [6, 41, 73]
Iter 29: 
Min Hitting Set: [1, 5, 6, 14, 16, 19, 20, 23, 27, 28, 32, 38, 42, 53, 73, 74, 75]
Min Correction Subset: [25, 33]
Iter 30: 
Min Hitting Set: [1, 5, 14, 16, 19, 20, 23, 27, 28, 32, 33, 38, 42, 53, 73, 74, 75]
Min Correction Subset: [29, 51]
Iter 31: 
Min Hitting Set: [5, 14, 16, 19, 20, 23, 27, 28, 29, 32, 33, 38, 42, 53, 73, 74, 75]
Min Correction Subset: [1, 6]
Iter 32: 
Min Hitting Set: [1, 5, 6, 14, 16, 19, 20, 23, 27, 28, 29, 32, 33, 38, 42, 53, 74, 75]
Min Correction Subset: [13, 59, 73]
Iter 33: 
Min Hitting Set: [5, 6, 14, 16, 19, 20, 23, 27, 28, 29, 32, 33, 38, 42, 47, 53, 73, 75]
Min Correction Subset: [1, 25]
Iter 34: 
Min Hitting Set: [1, 5, 14, 16, 19, 20, 23, 27, 28, 29, 32, 33, 38, 42, 47, 53, 73, 75]
Min Correction Subset: [6, 41, 51]
Iter 35: 
Min Hitting Set: [5, 6, 14, 16, 19, 20, 23, 25, 27, 28, 29, 32, 38, 42, 47, 53, 73, 75]
Min Correction Subset: [33, 34]
Iter 36: 
Min Hitting Set: [1, 5, 14, 16, 19, 20, 23, 27, 28, 32, 33, 38, 42, 47, 51, 53, 73, 75]
Min Correction Subset: [6, 29]
Iter 37: 
Min Hitting Set: [5, 6, 14, 16, 19, 20, 23, 25, 27, 28, 29, 32, 34, 38, 42, 47, 73, 75]
Min Correction Subset: [1, 33]
Iter 38: 
Min Hitting Set: [5, 6, 14, 16, 19, 20, 23, 25, 27, 28, 29, 32, 33, 38, 42, 47, 53, 73, 75]
Min Correction Subset: [1, 7, 51]
Iter 39: 
Min Hitting Set: [1, 5, 6, 14, 16, 19, 20, 23, 27, 28, 29, 32, 33, 38, 42, 47, 53, 73, 75]
Min Correction Subset: [7, 25, 41]
Iter 40: 
Min Hitting Set: [1, 5, 14, 16, 19, 20, 23, 27, 28, 29, 32, 33, 38, 41, 42, 47, 53, 73, 75]
Min Correction Subset: [11, 12, 51]
Iter 41: 
Min Hitting Set: [1, 5, 6, 14, 16, 19, 20, 23, 25, 27, 28, 32, 34, 38, 42, 47, 51, 73, 75]
Min Correction Subset: [29, 33]
Iter 42: 
Min Hitting Set: [1, 5, 6, 14, 16, 19, 20, 23, 25, 27, 28, 29, 32, 34, 38, 42, 47, 51, 73, 75]
Min Correction Subset: [26, 33]
Iter 43: 
Min Hitting Set: [1, 5, 6, 14, 16, 19, 20, 23, 25, 27, 28, 32, 33, 34, 38, 42, 47, 51, 73, 75]
Min Correction Subset: [8, 29]
Iter 44: 
Min Hitting Set: [1, 5, 14, 16, 19, 20, 23, 25, 27, 28, 29, 32, 33, 34, 38, 42, 47, 51, 73, 75]
Min Correction Subset: [6, 11, 12]
Iter 45: 
Min Hitting Set: [5, 6, 14, 16, 19, 20, 23, 25, 27, 28, 29, 32, 33, 38, 42, 47, 51, 53, 73, 75]
Min Correction Subset: [1, 46, 74]
Iter 46: 
Min Hitting Set: [5, 6, 16, 19, 20, 23, 25, 27, 28, 29, 32, 33, 38, 42, 46, 47, 51, 53, 73, 75]
Min Correction Subset: [14, 34]
Iter 47: 
Min Hitting Set: [5, 6, 16, 19, 20, 23, 25, 27, 28, 29, 32, 33, 34, 38, 42, 46, 47, 51, 73, 75]
Min Correction Subset: [1, 14]
Iter 48: 
Min Hitting Set: [1, 5, 11, 14, 16, 19, 20, 23, 27, 28, 29, 32, 33, 38, 41, 42, 47, 53, 73, 75]
Min Correction Subset: [6, 12, 51]
Iter 49: 
Min Hitting Set: [1, 5, 12, 14, 16, 19, 20, 23, 27, 28, 29, 32, 33, 38, 41, 42, 47, 53, 73, 75]
Min Correction Subset: [6, 51, 74]
Iter 50: 
Min Hitting Set: [5, 6, 14, 16, 19, 20, 23, 25, 27, 28, 29, 32, 33, 38, 42, 51, 53, 73, 74, 75]
Min Correction Subset: [1, 43, 55]
Iter 51: 
Min Hitting Set: [5, 6, 14, 16, 20, 23, 25, 27, 28, 29, 32, 33, 38, 42, 43, 51, 53, 73, 74, 75]
Min Correction Subset: [19, 61]
Iter 52: 
Min Hitting Set: [5, 6, 14, 16, 20, 25, 27, 28, 29, 32, 33, 38, 42, 43, 51, 53, 61, 73, 74, 75]
Min Correction Subset: [1, 19]
Iter 53: 
Min Hitting Set: [1, 5, 12, 14, 16, 19, 20, 27, 28, 29, 32, 33, 38, 41, 42, 53, 61, 73, 74, 75]
Min Correction Subset: [11, 37, 47]
Iter 54: 
Min Hitting Set: [1, 5, 6, 12, 14, 16, 19, 20, 27, 28, 29, 32, 33, 38, 41, 42, 47, 53, 61, 73, 75]
Min Correction Subset: [7, 8, 51]
Iter 55: 
Min Hitting Set: [1, 5, 12, 14, 16, 19, 20, 27, 28, 29, 32, 33, 38, 41, 42, 47, 51, 53, 61, 73, 75]
Min Correction Subset: [6, 43, 74]
Iter 56: 
Min Hitting Set: [1, 5, 12, 14, 16, 20, 27, 28, 29, 32, 33, 38, 41, 42, 43, 47, 51, 53, 61, 73, 75]
Min Correction Subset: [6, 8, 19]
Iter 57: 
Min Hitting Set: [1, 5, 6, 7, 14, 16, 19, 20, 27, 28, 29, 32, 33, 38, 42, 47, 51, 53, 61, 73, 75]
Min Correction Subset: [11, 12, 25]
Iter 58: 
Min Hitting Set: [1, 5, 6, 7, 12, 14, 16, 19, 20, 27, 28, 29, 32, 33, 38, 42, 47, 53, 61, 73, 75]
Min Correction Subset: [8, 25, 51]
Iter 59: 
Min Hitting Set: [1, 5, 6, 14, 16, 19, 20, 25, 27, 28, 29, 32, 33, 38, 42, 47, 51, 53, 61, 73, 75]
Min Correction Subset: [8, 46, 74]
Iter 60: 
Min Hitting Set: [1, 5, 6, 16, 19, 20, 25, 27, 28, 29, 32, 33, 34, 38, 42, 46, 47, 51, 61, 73, 75]
Min Correction Subset: [14, 23]
Iter 61: 
Min Hitting Set: [1, 5, 6, 8, 14, 16, 19, 20, 23, 25, 27, 28, 32, 33, 38, 42, 47, 51, 53, 73, 75]
Min Correction Subset: [11, 12, 29]
Iter 62: 
Min Hitting Set: [1, 5, 7, 11, 14, 16, 19, 20, 23, 27, 28, 29, 32, 33, 38, 42, 51, 53, 73, 74, 75]
Min Correction Subset: [6, 41, 61]
Iter 63: 
Min Hitting Set: [1, 5, 7, 11, 14, 16, 19, 20, 27, 28, 29, 32, 33, 38, 42, 51, 53, 61, 73, 74, 75]
Min Correction Subset: [6, 12, 41]
Iter 64: 
Min Hitting Set: [1, 5, 11, 14, 16, 19, 20, 27, 28, 29, 32, 33, 38, 41, 42, 51, 53, 61, 73, 74, 75]
Min Correction Subset: [6, 7, 12]
Iter 65: 
Min Hitting Set: [1, 5, 6, 16, 19, 20, 23, 25, 27, 28, 29, 32, 33, 34, 38, 42, 46, 47, 51, 73, 75]
Min Correction Subset: [8, 14]
Iter 66: 
Min Hitting Set: [1, 5, 6, 7, 11, 14, 16, 19, 20, 23, 27, 28, 29, 32, 33, 38, 42, 51, 53, 73, 74, 75]
Min Correction Subset: [8, 25, 37, 47]
Iter 67: 
Min Hitting Set: [1, 5, 6, 11, 14, 16, 19, 20, 23, 25, 27, 28, 29, 32, 33, 38, 42, 51, 53, 73, 74, 75]
Min Correction Subset: [7, 26, 34, 41]
Iter 68: 
Min Hitting Set: [1, 5, 6, 8, 12, 14, 16, 19, 20, 23, 27, 28, 32, 33, 38, 41, 42, 47, 51, 53, 73, 75]
Min Correction Subset: [25, 29]
Iter 69: 
Min Hitting Set: [1, 5, 8, 12, 14, 16, 19, 20, 23, 27, 28, 29, 32, 33, 38, 41, 42, 47, 53, 73, 74, 75]
Min Correction Subset: [6, 51, 61]
Iter 70: 
Min Hitting Set: [1, 5, 12, 14, 16, 19, 20, 23, 27, 28, 29, 32, 33, 38, 41, 42, 47, 51, 53, 73, 74, 75]
Min Correction Subset: [6, 8, 61]
Iter 71: 
Min Hitting Set: [1, 5, 12, 14, 16, 19, 20, 25, 27, 28, 29, 32, 33, 34, 38, 42, 47, 51, 61, 73, 74, 75]
Min Correction Subset: [6, 7, 53]
Iter 72: 
Min Hitting Set: [1, 5, 6, 8, 14, 16, 19, 20, 25, 27, 28, 29, 32, 33, 34, 38, 42, 47, 51, 61, 73, 75]
Min Correction Subset: [21, 23, 53]
Iter 73: 
Min Hitting Set: [1, 5, 8, 12, 14, 16, 19, 20, 27, 28, 29, 32, 33, 38, 41, 42, 47, 53, 61, 73, 74, 75]
Min Correction Subset: [6, 43, 51]
Iter 74: 
Min Hitting Set: [1, 5, 8, 12, 14, 16, 20, 27, 28, 29, 32, 33, 38, 41, 42, 43, 47, 53, 61, 73, 74, 75]
Min Correction Subset: [6, 19, 51]
Iter 75: 
Min Hitting Set: [1, 5, 6, 7, 8, 12, 14, 16, 19, 20, 27, 28, 29, 32, 33, 38, 42, 47, 53, 61, 73, 75]
Min Correction Subset: [25, 51, 74]
Iter 76: 
Min Hitting Set: [1, 5, 6, 8, 12, 16, 19, 20, 23, 25, 27, 28, 32, 33, 34, 38, 42, 46, 47, 51, 73, 75]
Min Correction Subset: [14, 29]
Iter 77: 
Min Hitting Set: [1, 5, 6, 7, 8, 11, 14, 16, 19, 20, 27, 28, 29, 32, 33, 38, 42, 53, 61, 73, 74, 75]
Min Correction Subset: [12, 25, 51]
Iter 78: 
Min Hitting Set: [1, 5, 6, 8, 14, 16, 19, 20, 23, 25, 26, 27, 28, 29, 32, 34, 38, 42, 47, 51, 73, 75]
Min Correction Subset: [21, 33]
Iter 79: 
Min Hitting Set: [1, 5, 12, 14, 16, 19, 20, 27, 28, 29, 32, 33, 38, 41, 42, 47, 51, 53, 61, 73, 74, 75]
Min Correction Subset: [6, 8, 25, 63]
Iter 80: 
Min Hitting Set: [1, 5, 6, 14, 16, 19, 20, 23, 25, 27, 28, 29, 32, 33, 34, 38, 42, 47, 51, 73, 74, 75]
Min Correction Subset: [12, 26, 53]
Iter 81: 
Min Hitting Set: [1, 5, 8, 12, 14, 16, 20, 27, 28, 29, 32, 33, 38, 41, 42, 43, 47, 51, 53, 61, 73, 75]
Min Correction Subset: [6, 19, 74]
Iter 82: 
Min Hitting Set: [1, 5, 6, 8, 12, 16, 19, 20, 23, 25, 27, 28, 29, 32, 33, 34, 38, 42, 46, 47, 73, 75]
Min Correction Subset: [14, 26]
Iter 83: 
Min Hitting Set: [1, 5, 6, 8, 12, 14, 16, 19, 20, 23, 25, 27, 28, 29, 32, 33, 34, 38, 42, 47, 73, 75]
Min Correction Subset: [21, 26, 53]
Iter 84: 
Min Hitting Set: [1, 5, 6, 7, 11, 14, 16, 20, 25, 27, 28, 29, 32, 33, 38, 42, 43, 53, 61, 73, 74, 75]
Min Correction Subset: [19, 34, 51]
Iter 85: 
Min Hitting Set: [1, 5, 6, 7, 11, 14, 16, 19, 20, 23, 25, 27, 28, 29, 32, 33, 38, 42, 53, 73, 74, 75]
Min Correction Subset: [26, 34, 51, 61]
Iter 86: 
Min Hitting Set: [1, 5, 6, 7, 11, 14, 16, 19, 20, 25, 27, 28, 29, 32, 33, 38, 42, 53, 61, 73, 74, 75]
Min Correction Subset: [8, 12, 26, 51]
Iter 87: 
Min Hitting Set: [1, 5, 7, 8, 12, 14, 16, 19, 20, 27, 28, 29, 32, 33, 38, 42, 47, 51, 53, 61, 73, 74, 75]
Min Correction Subset: [6, 41, 43]
Iter 88: 
Min Hitting Set: [1, 5, 6, 8, 12, 14, 16, 19, 20, 27, 28, 29, 32, 33, 38, 41, 42, 47, 51, 53, 61, 73, 75]
Min Correction Subset: [21, 22, 74]
Iter 89: 
Min Hitting Set: [5, 6, 14, 16, 19, 20, 25, 27, 28, 29, 32, 33, 38, 41, 42, 43, 47, 51, 53, 61, 73, 74, 75]
Min Correction Subset: [1, 11, 12]
Iter 90: 
Min Hitting Set: [1, 5, 8, 12, 14, 16, 19, 20, 23, 27, 28, 29, 32, 33, 38, 41, 42, 47, 51, 53, 73, 74, 75]
Min Correction Subset: [6, 11, 21, 61]
Iter 91: 
Min Hitting Set: [1, 5, 7, 8, 11, 14, 16, 19, 20, 23, 27, 28, 29, 32, 33, 38, 41, 42, 51, 53, 73, 74, 75]
Min Correction Subset: [6, 37, 47, 61]
Iter 92: 
Min Hitting Set: [1, 5, 6, 7, 8, 11, 14, 16, 19, 20, 23, 27, 28, 29, 32, 33, 38, 42, 51, 53, 73, 74, 75]
Min Correction Subset: [25, 37, 41, 47]
Iter 93: 
Min Hitting Set: [1, 5, 6, 8, 11, 14, 16, 19, 20, 23, 27, 28, 29, 32, 33, 38, 41, 42, 51, 53, 73, 74, 75]
Min Correction Subset: [7, 26, 37, 47]
Iter 94: 
Min Hitting Set: [1, 5, 8, 12, 14, 16, 19, 20, 27, 28, 29, 32, 33, 38, 41, 42, 47, 51, 53, 61, 73, 74, 75]
Min Correction Subset: [6, 7, 21, 23, 43, 63]
Iter 95: 
Min Hitting Set: [1, 5, 6, 8, 14, 16, 19, 20, 21, 23, 25, 26, 27, 28, 29, 32, 34, 38, 42, 47, 51, 73, 75]
Min Correction Subset: [11, 33, 61]
Iter 96: 
Min Hitting Set: [1, 5, 7, 8, 11, 14, 16, 19, 20, 27, 28, 29, 32, 33, 38, 41, 42, 51, 53, 61, 73, 74, 75]
Min Correction Subset: [6, 12, 37, 47]
Iter 97: 
Min Hitting Set: [1, 5, 6, 8, 12, 14, 16, 20, 21, 25, 27, 28, 29, 32, 33, 34, 38, 42, 43, 47, 61, 73, 75]
Min Correction Subset: [19, 53]
Iter 98: 
Min Hitting Set: [1, 5, 6, 12, 14, 16, 19, 20, 23, 27, 28, 29, 32, 33, 38, 41, 42, 47, 51, 53, 73, 74, 75]
Min Correction Subset: [8, 11, 21, 55]
Iter 99: 
Min Hitting Set: [1, 5, 6, 7, 11, 14, 16, 19, 20, 23, 25, 27, 28, 29, 32, 33, 38, 42, 51, 53, 73, 74, 75]
Min Correction Subset: [26, 34, 41, 43, 63]
Iter 100: 
Min Hitting Set: [1, 5, 6, 7, 11, 14, 16, 20, 25, 27, 28, 29, 32, 33, 38, 42, 43, 51, 53, 61, 73, 74, 75]
Min Correction Subset: [19, 34, 41]
Iter 101: 
Min Hitting Set: [1, 5, 6, 14, 16, 19, 20, 21, 25, 26, 27, 28, 29, 32, 34, 38, 42, 46, 47, 51, 61, 73, 75]
Min Correction Subset: [23, 33]
Iter 102: 
Min Hitting Set: [1, 5, 8, 12, 14, 16, 20, 27, 28, 29, 32, 33, 38, 41, 42, 43, 47, 51, 53, 61, 73, 74, 75]
Min Correction Subset: [11, 19, 21]
Iter 103: 
Min Hitting Set: [1, 5, 6, 11, 14, 16, 19, 20, 21, 23, 25, 26, 27, 28, 29, 32, 34, 38, 42, 51, 73, 74, 75]
Min Correction Subset: [8, 33]
Iter 104: 
Min Hitting Set: [1, 5, 6, 8, 11, 14, 16, 19, 20, 23, 25, 26, 27, 28, 29, 32, 33, 34, 38, 42, 73, 74, 75]
Min Correction Subset: [7, 12, 51]
Iter 105: 
Min Hitting Set: [1, 5, 8, 12, 14, 16, 19, 20, 27, 28, 29, 32, 33, 38, 41, 42, 43, 47, 53, 61, 73, 74, 75]
Min Correction Subset: [6, 25, 51, 63]
Iter 106: 
Min Hitting Set: [5, 6, 7, 11, 14, 16, 19, 20, 23, 25, 27, 28, 29, 32, 33, 38, 42, 43, 51, 53, 73, 74, 75]
Min Correction Subset: [1, 55, 61]
Iter 107: 
Min Hitting Set: [1, 5, 6, 8, 12, 14, 16, 19, 20, 21, 23, 25, 27, 28, 29, 32, 33, 34, 38, 42, 47, 73, 75]
Min Correction Subset: [7, 51, 61]
Iter 108: 
Min Hitting Set: [1, 5, 6, 8, 12, 14, 16, 19, 20, 21, 23, 25, 27, 28, 32, 33, 34, 38, 42, 47, 51, 73, 75]
Min Correction Subset: [26, 29, 53]
Iter 109: 
Min Hitting Set: [5, 6, 11, 14, 16, 19, 20, 23, 25, 26, 27, 28, 29, 32, 33, 38, 42, 51, 53, 55, 73, 74, 75]
Min Correction Subset: [1, 9, 61]
Iter 110: 
Min Hitting Set: [5, 6, 7, 11, 14, 16, 19, 20, 25, 26, 27, 28, 29, 32, 33, 38, 42, 53, 55, 61, 73, 74, 75]
Min Correction Subset: [1, 37, 47]
Iter 111: 
Min Hitting Set: [1, 5, 6, 7, 11, 14, 16, 19, 20, 23, 25, 26, 27, 28, 29, 32, 33, 34, 38, 42, 73, 74, 75]
Min Correction Subset: [37, 47, 53]
Iter 112: 
Min Hitting Set: [1, 5, 6, 8, 12, 14, 16, 19, 20, 21, 25, 27, 28, 29, 32, 33, 34, 38, 42, 47, 61, 73, 75]
Min Correction Subset: [46, 51, 74]
Iter 113: 
Min Hitting Set: [1, 5, 6, 7, 11, 14, 16, 19, 20, 25, 26, 27, 28, 29, 32, 33, 38, 42, 53, 61, 73, 74, 75]
Min Correction Subset: [12, 23, 34, 51]
Iter 114: 
Min Hitting Set: [1, 5, 6, 8, 12, 14, 16, 19, 20, 27, 28, 29, 32, 33, 38, 41, 42, 47, 53, 61, 73, 74, 75]
Min Correction Subset: [7, 21, 23, 51]
Iter 115: 
Min Hitting Set: [1, 5, 6, 11, 14, 16, 19, 20, 27, 28, 29, 32, 33, 38, 41, 42, 47, 51, 53, 61, 73, 74, 75]
Min Correction Subset: [7, 12, 23, 43]
Iter 116: 
Min Hitting Set: [1, 5, 6, 11, 14, 16, 20, 27, 28, 29, 32, 33, 38, 41, 42, 43, 47, 51, 53, 61, 73, 74, 75]
Min Correction Subset: [8, 19, 34]
Iter 117: 
Min Hitting Set: [1, 5, 6, 11, 14, 16, 19, 20, 23, 27, 28, 29, 32, 33, 38, 41, 42, 47, 51, 53, 73, 74, 75]
Min Correction Subset: [7, 12, 25, 61]
Iter 118: 
Min Hitting Set: [1, 5, 6, 8, 11, 14, 16, 19, 20, 23, 25, 26, 27, 28, 32, 33, 38, 42, 51, 53, 73, 74, 75]
Min Correction Subset: [29, 37, 47]
Iter 119: 
Min Hitting Set: [1, 5, 6, 11, 14, 16, 19, 20, 23, 25, 26, 27, 28, 29, 32, 33, 38, 42, 51, 53, 73, 74, 75]
Min Correction Subset: [8, 37, 47, 55, 61]
Iter 120: 
Min Hitting Set: [1, 5, 8, 12, 14, 16, 20, 21, 27, 28, 29, 32, 33, 38, 41, 42, 43, 47, 51, 53, 61, 73, 74, 75]
Min Correction Subset: [6, 19, 25, 63]
Optimal IIS
Instance: paths-40-100-720000
----------------------------
Query: 9
Query element:59
Query element:30
Query scope: 78
Query scope: 79
Query scope: 80
Query scope: 81
Query scope: 9
----------------------------
IIS optimality: suboptimal
IIS solution time: 30109.603
IIS Constraint: 1; goods; {good:1}
IIS Constraint: 5; goods; {good:5}
IIS Constraint: 8; goods; {good:8}
IIS Constraint: 12; goods; {good:12}
IIS Constraint: 14; goods; {good:14}
IIS Constraint: 16; goods; {good:16}
IIS Constraint: 19; goods; {good:19}
IIS Constraint: 20; goods; {good:20}
IIS Constraint: 21; goods; {good:21}
IIS Constraint: 23; goods; {good:23}
IIS Constraint: 27; goods; {good:27}
IIS Constraint: 28; goods; {good:28}
IIS Constraint: 29; goods; {good:29}
IIS Constraint: 32; goods; {good:32}
IIS Constraint: 33; goods; {good:33}
IIS Constraint: 38; goods; {good:38}
IIS Constraint: 41; goods; {good:41}
IIS Constraint: 42; goods; {good:42}
IIS Constraint: 47; goods; {good:47}
IIS Constraint: 51; goods; {good:51}
IIS Constraint: 53; goods; {good:53}
IIS Constraint: 73; query; {good:59,query:9}
IIS Constraint: 74; query; {good:30,query:9}
IIS Constraint: 75; max; {f:10.665005,objective:max}
