IIS generation
Iter 1: 
Min Hitting Set: []
Min Correction Subset: [61]
Iter 2: 
Min Hitting Set: [61]
Min Correction Subset: [60]
Iter 3: 
Min Hitting Set: [60, 61]
Min Correction Subset: [37]
Iter 4: 
Min Hitting Set: [37, 60, 61]
Min Correction Subset: [5, 29]
Iter 5: 
Min Hitting Set: [5, 37, 60, 61]
Min Correction Subset: [0, 21]
Iter 6: 
Min Hitting Set: [0, 5, 37, 60, 61]
Min Correction Subset: [17, 21]
Iter 7: 
Min Hitting Set: [5, 21, 37, 60, 61]
Min Correction Subset: [17, 29]
Iter 8: 
Min Hitting Set: [21, 29, 37, 60, 61]
Min Correction Subset: [17, 25]
Iter 9: 
Min Hitting Set: [17, 21, 29, 37, 60, 61]
Min Correction Subset: [9, 25]
Iter 10: 
Min Hitting Set: [21, 25, 29, 37, 60, 61]
Min Correction Subset: [5, 59]
Iter 11: 
Min Hitting Set: [5, 17, 21, 25, 37, 60, 61]
Min Correction Subset: [13, 29]
Iter 12: 
Min Hitting Set: [5, 21, 25, 29, 37, 60, 61]
Min Correction Subset: [0, 17]
Iter 13: 
Min Hitting Set: [0, 5, 17, 25, 29, 37, 60, 61]
Min Correction Subset: [13, 21]
Iter 14: 
Min Hitting Set: [5, 17, 21, 25, 29, 37, 60, 61]
Min Correction Subset: [0, 13]
Iter 15: 
Min Hitting Set: [5, 13, 17, 21, 25, 37, 60, 61]
Min Correction Subset: [29, 49]
Iter 16: 
Min Hitting Set: [0, 5, 21, 25, 29, 37, 60, 61]
Min Correction Subset: [17, 44]
Iter 17: 
Min Hitting Set: [0, 5, 13, 17, 25, 29, 37, 60, 61]
Min Correction Subset: [9, 21]
Iter 18: 
Min Hitting Set: [0, 5, 9, 13, 17, 29, 37, 60, 61]
Min Correction Subset: [21, 40]
Iter 19: 
Min Hitting Set: [0, 5, 9, 17, 21, 29, 37, 60, 61]
Min Correction Subset: [13, 25]
Iter 20: 
Min Hitting Set: [5, 13, 17, 21, 25, 29, 37, 60, 61]
Min Correction Subset: [9, 47]
Iter 21: 
Min Hitting Set: [5, 9, 13, 17, 21, 29, 37, 60, 61]
Min Correction Subset: [25, 49]
Iter 22: 
Min Hitting Set: [5, 9, 13, 17, 21, 37, 49, 60, 61]
Min Correction Subset: [29, 46]
Iter 23: 
Min Hitting Set: [5, 9, 13, 17, 21, 25, 29, 37, 60, 61]
Min Correction Subset: [0, 36, 47]
Iter 24: 
Min Hitting Set: [0, 5, 17, 21, 25, 29, 37, 47, 60, 61]
Min Correction Subset: [13, 46]
Iter 25: 
Min Hitting Set: [5, 13, 17, 21, 25, 29, 37, 47, 60, 61]
Min Correction Subset: [0, 9]
Iter 26: 
Min Hitting Set: [5, 9, 13, 17, 21, 29, 37, 47, 49, 60, 61]
Min Correction Subset: [25, 40]
Iter 27: 
Min Hitting Set: [0, 5, 9, 13, 17, 29, 37, 40, 49, 60, 61]
Min Correction Subset: [21, 46]
Optimal IIS
Instance: matching-40-100-500000
----------------------------
Query: 7
Query element:33
Query scope: 8
Query scope: 11
Query scope: 13
Query scope: 17
Query scope: 19
Query scope: 33
Query scope: 36
Query scope: 38
Query scope: 39
Query scope: 56
Query scope: 59
Query scope: 61
Query scope: 64
----------------------------
IIS optimality: suboptimal
IIS solution time: 4758.137
IIS Constraint: 0; goods; {good:0}
IIS Constraint: 5; goods; {good:5}
IIS Constraint: 9; goods; {good:9}
IIS Constraint: 13; goods; {good:13}
IIS Constraint: 17; goods; {good:17}
IIS Constraint: 21; goods; {good:21}
IIS Constraint: 25; goods; {good:25}
IIS Constraint: 29; goods; {good:29}
IIS Constraint: 37; goods; {good:37}
IIS Constraint: 60; query; {good:33,query:7}
IIS Constraint: 61; max; {f:84.92848000000001,objective:max}
