IIS generation
Iter 1: 
Min Hitting Set: []
Min Correction Subset: [61]
Iter 2: 
Min Hitting Set: [61]
Min Correction Subset: [17]
Iter 3: 
Min Hitting Set: [17, 61]
Min Correction Subset: [1]
Iter 4: 
Min Hitting Set: [1, 17, 61]
Min Correction Subset: [5]
Iter 5: 
Min Hitting Set: [1, 5, 17, 61]
Min Correction Subset: [13]
Iter 6: 
Min Hitting Set: [1, 5, 13, 17, 61]
Min Correction Subset: [21]
Iter 7: 
Min Hitting Set: [1, 5, 13, 17, 21, 61]
Min Correction Subset: [25]
Iter 8: 
Min Hitting Set: [1, 5, 13, 17, 21, 25, 61]
Min Correction Subset: [0]
Iter 9: 
Min Hitting Set: [0, 1, 5, 13, 17, 21, 25, 61]
Min Correction Subset: [9]
Iter 10: 
Min Hitting Set: [0, 1, 5, 9, 13, 17, 21, 25, 61]
Min Correction Subset: [36]
Iter 11: 
Min Hitting Set: [0, 1, 5, 9, 13, 17, 21, 25, 36, 61]
Min Correction Subset: [39]
Iter 12: 
Min Hitting Set: [0, 1, 5, 9, 13, 17, 21, 25, 36, 39, 61]
Min Correction Subset: [54]
Iter 13: 
Min Hitting Set: [0, 1, 5, 9, 13, 17, 21, 25, 36, 39, 54, 61]
Min Correction Subset: [46]
Iter 14: 
Min Hitting Set: [0, 1, 5, 9, 13, 17, 21, 25, 36, 39, 46, 54, 61]
Min Correction Subset: [56]
Iter 15: 
Min Hitting Set: [0, 1, 5, 9, 13, 17, 21, 25, 36, 39, 46, 54, 56, 61]
Min Correction Subset: [43]
Iter 16: 
Min Hitting Set: [0, 1, 5, 9, 13, 17, 21, 25, 36, 39, 43, 46, 54, 56, 61]
Min Correction Subset: [60]
Iter 17: 
Min Hitting Set: [0, 1, 5, 9, 13, 17, 21, 25, 36, 39, 43, 46, 54, 56, 60, 61]
Min Correction Subset: [4, 37, 55]
Iter 18: 
Min Hitting Set: [0, 1, 4, 5, 9, 13, 17, 21, 25, 36, 39, 43, 46, 54, 56, 60, 61]
Min Correction Subset: [8, 37, 55]
Iter 19: 
Min Hitting Set: [0, 1, 5, 9, 13, 17, 21, 25, 36, 37, 39, 43, 46, 54, 56, 60, 61]
Min Correction Subset: [4, 33, 55]
Optimal IIS
Instance: matching-40-100-40000
----------------------------
Query: 8
Query element:34
Query scope: 5
Query scope: 8
Query scope: 10
Query scope: 11
----------------------------
IIS optimality: suboptimal
IIS solution time: 5808.730
IIS Constraint: 0; goods; {good:0}
IIS Constraint: 1; goods; {good:1}
IIS Constraint: 5; goods; {good:5}
IIS Constraint: 9; goods; {good:9}
IIS Constraint: 13; goods; {good:13}
IIS Constraint: 17; goods; {good:17}
IIS Constraint: 21; goods; {good:21}
IIS Constraint: 25; goods; {good:25}
IIS Constraint: 36; goods; {good:36}
IIS Constraint: 39; goods; {good:39}
IIS Constraint: 43; goods; {good:43}
IIS Constraint: 46; goods; {good:46}
IIS Constraint: 54; goods; {good:54}
IIS Constraint: 55; goods; {good:55}
IIS Constraint: 56; goods; {good:56}
IIS Constraint: 60; query; {good:34,query:8}
IIS Constraint: 61; max; {f:75.56254,objective:max}
