IIS generation
Iter 1: 
Min Hitting Set: []
Min Correction Subset: [69]
Iter 2: 
Min Hitting Set: [69]
Min Correction Subset: [5]
Iter 3: 
Min Hitting Set: [5, 69]
Min Correction Subset: [36]
Iter 4: 
Min Hitting Set: [5, 36, 69]
Min Correction Subset: [0]
Iter 5: 
Min Hitting Set: [0, 5, 36, 69]
Min Correction Subset: [37, 50]
Iter 6: 
Min Hitting Set: [0, 5, 36, 37, 69]
Min Correction Subset: [25, 33]
Iter 7: 
Min Hitting Set: [0, 5, 25, 36, 37, 69]
Min Correction Subset: [33, 66]
Iter 8: 
Min Hitting Set: [0, 5, 33, 36, 37, 69]
Min Correction Subset: [19, 25]
Iter 9: 
Min Hitting Set: [0, 5, 25, 33, 36, 37, 69]
Min Correction Subset: [29, 53]
Iter 10: 
Min Hitting Set: [0, 5, 25, 29, 33, 36, 37, 69]
Min Correction Subset: [21, 63]
Iter 11: 
Min Hitting Set: [0, 5, 21, 25, 29, 33, 36, 37, 69]
Min Correction Subset: [63, 67]
Iter 12: 
Min Hitting Set: [0, 5, 25, 29, 33, 36, 37, 63, 69]
Min Correction Subset: [21, 66]
Iter 13: 
Min Hitting Set: [0, 5, 25, 29, 36, 37, 63, 66, 69]
Min Correction Subset: [33, 49]
Iter 14: 
Min Hitting Set: [0, 5, 21, 25, 29, 33, 36, 37, 63, 69]
Min Correction Subset: [1, 66]
Iter 15: 
Min Hitting Set: [0, 5, 25, 29, 33, 36, 37, 63, 66, 69]
Min Correction Subset: [21, 40]
Iter 16: 
Min Hitting Set: [0, 5, 21, 25, 29, 33, 36, 37, 63, 66, 69]
Min Correction Subset: [49, 68]
Iter 17: 
Min Hitting Set: [0, 5, 21, 25, 29, 36, 37, 49, 63, 66, 69]
Min Correction Subset: [33, 64]
Iter 18: 
Min Hitting Set: [0, 5, 21, 25, 29, 33, 36, 37, 49, 63, 66, 69]
Min Correction Subset: [67, 68]
Iter 19: 
Min Hitting Set: [0, 5, 21, 25, 29, 33, 36, 37, 66, 67, 68, 69]
Min Correction Subset: [17, 26, 63]
Iter 20: 
Min Hitting Set: [0, 5, 21, 25, 29, 33, 36, 37, 63, 66, 68, 69]
Min Correction Subset: [1, 61, 67]
Iter 21: 
Min Hitting Set: [0, 1, 5, 21, 25, 29, 33, 36, 37, 63, 68, 69]
Min Correction Subset: [53, 66]
Iter 22: 
Min Hitting Set: [0, 1, 5, 21, 25, 33, 36, 37, 53, 63, 68, 69]
Min Correction Subset: [17, 66]
Iter 23: 
Min Hitting Set: [0, 1, 5, 17, 21, 25, 33, 36, 37, 53, 67, 68, 69]
Min Correction Subset: [29, 66]
Iter 24: 
Min Hitting Set: [0, 5, 21, 25, 29, 33, 36, 37, 63, 66, 67, 68, 69]
Min Correction Subset: [1, 26, 61]
Iter 25: 
Min Hitting Set: [0, 5, 21, 25, 26, 29, 33, 36, 37, 66, 67, 68, 69]
Min Correction Subset: [17, 30, 40]
Iter 26: 
Min Hitting Set: [0, 1, 5, 25, 29, 33, 36, 37, 40, 63, 66, 68, 69]
Min Correction Subset: [21, 43]
Iter 27: 
Min Hitting Set: [0, 1, 5, 17, 21, 25, 29, 33, 36, 37, 53, 67, 68, 69]
Min Correction Subset: [9, 66]
Iter 28: 
Min Hitting Set: [0, 1, 5, 17, 21, 25, 29, 33, 36, 37, 66, 67, 68, 69]
Min Correction Subset: [13, 26, 63]
Iter 29: 
Min Hitting Set: [0, 5, 17, 21, 25, 26, 29, 33, 36, 37, 66, 67, 68, 69]
Min Correction Subset: [13, 49, 63]
Iter 30: 
Min Hitting Set: [0, 5, 17, 21, 25, 26, 29, 33, 36, 37, 49, 66, 67, 69]
Min Correction Subset: [1, 61, 63]
Optimal IIS
Instance: matching-40-100-290000
----------------------------
Query: 9
Query element:18
Query element:15
Query scope: 44
Query scope: 45
Query scope: 46
Query scope: 65
Query scope: 91
----------------------------
IIS optimality: suboptimal
IIS solution time: 6532.817
IIS Constraint: 0; goods; {good:0}
IIS Constraint: 1; goods; {good:1}
IIS Constraint: 5; goods; {good:5}
IIS Constraint: 17; goods; {good:17}
IIS Constraint: 21; goods; {good:21}
IIS Constraint: 25; goods; {good:25}
IIS Constraint: 29; goods; {good:29}
IIS Constraint: 33; goods; {good:33}
IIS Constraint: 36; goods; {good:36}
IIS Constraint: 37; goods; {good:37}
IIS Constraint: 63; goods; {good:63}
IIS Constraint: 66; goods; {good:66}
IIS Constraint: 68; query; {good:15,query:9}
IIS Constraint: 69; max; {f:53.357519999999994,objective:max}
