IIS generation
Iter 1: 
Min Hitting Set: []
Min Correction Subset: [60]
Iter 2: 
Min Hitting Set: [60]
Min Correction Subset: [59]
Iter 3: 
Min Hitting Set: [59, 60]
Min Correction Subset: [9, 12, 35]
Iter 4: 
Min Hitting Set: [9, 59, 60]
Min Correction Subset: [3, 8, 16, 39]
Iter 5: 
Min Hitting Set: [3, 9, 59, 60]
Min Correction Subset: [0, 18, 34, 39]
Iter 6: 
Min Hitting Set: [9, 39, 59, 60]
Min Correction Subset: [7, 12, 20, 37]
Iter 7: 
Min Hitting Set: [12, 39, 59, 60]
Min Correction Subset: [3, 7, 8, 25]
Iter 8: 
Min Hitting Set: [3, 12, 39, 59, 60]
Min Correction Subset: [9, 17, 34, 35]
Iter 9: 
Min Hitting Set: [7, 9, 39, 59, 60]
Min Correction Subset: [8, 12, 25, 35]
Iter 10: 
Min Hitting Set: [7, 35, 39, 59, 60]
Min Correction Subset: [12, 18, 19, 31]
Iter 11: 
Min Hitting Set: [8, 12, 34, 59, 60]
Min Correction Subset: [19, 21, 33, 39]
Iter 12: 
Min Hitting Set: [8, 12, 35, 39, 59, 60]
Min Correction Subset: [0, 19, 21, 33]
Iter 13: 
Min Hitting Set: [7, 19, 35, 39, 59, 60]
Min Correction Subset: [9, 23, 36, 37]
Iter 14: 
Min Hitting Set: [8, 9, 12, 19, 39, 59, 60]
Min Correction Subset: [0, 7, 25, 33]
Iter 15: 
Min Hitting Set: [7, 9, 12, 19, 39, 59, 60]
Min Correction Subset: [0, 18, 20, 33]
Iter 16: 
Min Hitting Set: [8, 9, 12, 33, 39, 59, 60]
Min Correction Subset: [0, 2, 18, 19]
Iter 17: 
Min Hitting Set: [0, 8, 9, 12, 19, 59, 60]
Min Correction Subset: [7, 22, 25, 33]
Iter 18: 
Min Hitting Set: [7, 8, 9, 18, 33, 59, 60]
Min Correction Subset: [19, 34, 35, 39]
Iter 19: 
Min Hitting Set: [7, 8, 9, 18, 19, 59, 60]
Min Correction Subset: [0, 12, 25, 35]
Iter 20: 
Min Hitting Set: [0, 7, 9, 12, 39, 59, 60]
Min Correction Subset: [4, 19, 31, 33]
Iter 21: 
Min Hitting Set: [0, 7, 8, 9, 19, 59, 60]
Min Correction Subset: [4, 23, 36, 37]
Iter 22: 
Min Hitting Set: [8, 18, 33, 35, 37, 59, 60]
Min Correction Subset: [0, 3, 19, 39]
Iter 23: 
Min Hitting Set: [3, 18, 33, 35, 37, 59, 60]
Min Correction Subset: [8, 17, 20, 41]
Iter 24: 
Min Hitting Set: [8, 18, 33, 35, 37, 39, 59, 60]
Min Correction Subset: [7, 10, 11, 25, 32]
Iter 25: 
Min Hitting Set: [9, 19, 20, 25, 37, 39, 59, 60]
Min Correction Subset: [0, 8, 18, 28]
Iter 26: 
Min Hitting Set: [7, 8, 18, 19, 35, 37, 59, 60]
Min Correction Subset: [0, 23, 33, 39]
Iter 27: 
Min Hitting Set: [0, 7, 8, 19, 35, 37, 59, 60]
Min Correction Subset: [2, 9, 18, 39]
Iter 28: 
Min Hitting Set: [0, 7, 8, 9, 19, 37, 59, 60]
Min Correction Subset: [10, 15, 22, 31, 33]
Iter 29: 
Min Hitting Set: [17, 18, 25, 33, 35, 37, 39, 59, 60]
Min Correction Subset: [0, 3, 9, 11, 16]
Iter 30: 
Min Hitting Set: [8, 9, 19, 25, 33, 37, 39, 59, 60]
Min Correction Subset: [10, 20, 21, 29, 35]
Iter 31: 
Min Hitting Set: [9, 18, 20, 25, 33, 37, 39, 59, 60]
Min Correction Subset: [3, 8, 11, 15, 16]
Iter 32: 
Min Hitting Set: [0, 7, 8, 18, 33, 35, 37, 59, 60]
Min Correction Subset: [3, 11, 16, 19, 32]
Iter 33: 
Min Hitting Set: [8, 11, 18, 19, 33, 35, 37, 59, 60]
Min Correction Subset: [0, 7, 20, 23, 25]
Iter 34: 
Min Hitting Set: [0, 8, 11, 18, 33, 35, 37, 59, 60]
Min Correction Subset: [3, 7, 16, 19, 32]
Iter 35: 
Min Hitting Set: [3, 7, 8, 18, 33, 35, 37, 59, 60]
Min Correction Subset: [4, 20, 21, 23, 29]
Iter 36: 
Min Hitting Set: [0, 7, 8, 9, 10, 19, 23, 59, 60]
Min Correction Subset: [12, 20, 35, 37]
Iter 37: 
Min Hitting Set: [3, 7, 8, 18, 23, 33, 35, 59, 60]
Min Correction Subset: [4, 12, 19, 34, 37]
Iter 38: 
Min Hitting Set: [3, 7, 18, 20, 33, 35, 37, 59, 60]
Min Correction Subset: [0, 11, 38, 39, 41]
Iter 39: 
Min Hitting Set: [3, 11, 18, 20, 33, 35, 37, 59, 60]
Min Correction Subset: [12, 16, 19, 39, 54]
Iter 40: 
Min Hitting Set: [8, 11, 19, 23, 33, 35, 37, 39, 59, 60]
Min Correction Subset: [0, 7, 17, 20, 30]
Iter 41: 
Min Hitting Set: [8, 11, 19, 20, 33, 35, 37, 39, 59, 60]
Min Correction Subset: [0, 2, 4, 9, 18]
Iter 42: 
Min Hitting Set: [7, 8, 11, 18, 19, 23, 33, 35, 59, 60]
Min Correction Subset: [0, 1, 9, 16, 20, 39]
Iter 43: 
Min Hitting Set: [0, 4, 7, 8, 9, 19, 20, 33, 59, 60]
Min Correction Subset: [10, 11, 25, 32, 35]
Iter 44: 
Min Hitting Set: [4, 7, 8, 9, 19, 33, 35, 39, 59, 60]
Min Correction Subset: [18, 20, 21, 23, 31]
Iter 45: 
Min Hitting Set: [4, 8, 9, 19, 20, 25, 33, 39, 59, 60]
Min Correction Subset: [2, 11, 30, 37, 38]
Iter 46: 
Min Hitting Set: [8, 11, 18, 19, 20, 33, 35, 37, 59, 60]
Min Correction Subset: [0, 2, 4, 7, 30, 38]
Iter 47: 
Min Hitting Set: [7, 11, 18, 20, 33, 35, 37, 39, 59, 60]
Min Correction Subset: [0, 3, 8, 16, 19, 32]
Iter 48: 
Min Hitting Set: [0, 4, 8, 9, 11, 19, 20, 33, 59, 60]
Min Correction Subset: [12, 23, 32, 37, 54]
Iter 49: 
Min Hitting Set: [0, 7, 16, 18, 20, 33, 35, 37, 59, 60]
Min Correction Subset: [3, 8, 39, 41]
Iter 50: 
Min Hitting Set: [0, 8, 9, 11, 19, 20, 33, 37, 59, 60]
Min Correction Subset: [2, 4, 10, 18, 39]
Iter 51: 
Min Hitting Set: [0, 7, 11, 20, 31, 35, 37, 39, 59, 60]
Min Correction Subset: [8, 19, 33, 34]
Iter 52: 
Min Hitting Set: [3, 7, 18, 20, 33, 35, 37, 39, 59, 60]
Min Correction Subset: [8, 10, 11, 16, 32, 41]
Iter 53: 
Min Hitting Set: [0, 8, 9, 10, 19, 20, 25, 37, 59, 60]
Min Correction Subset: [12, 15, 33, 34, 39]
Iter 54: 
Min Hitting Set: [7, 16, 18, 20, 33, 35, 37, 39, 59, 60]
Min Correction Subset: [3, 8, 11, 19, 34]
Iter 55: 
Min Hitting Set: [0, 2, 7, 8, 15, 19, 23, 35, 59, 60]
Min Correction Subset: [4, 18, 31, 33, 37]
Iter 56: 
Min Hitting Set: [0, 2, 7, 8, 19, 23, 33, 35, 59, 60]
Min Correction Subset: [9, 11, 18, 31, 39]
Iter 57: 
Min Hitting Set: [0, 8, 9, 10, 19, 20, 33, 37, 59, 60]
Min Correction Subset: [7, 11, 18, 25, 34]
Iter 58: 
Min Hitting Set: [7, 11, 18, 20, 32, 33, 35, 37, 39, 59, 60]
Min Correction Subset: [4, 10, 12, 16, 19, 34, 38]
Iter 59: 
Min Hitting Set: [7, 8, 9, 19, 20, 33, 35, 37, 39, 59, 60]
Min Correction Subset: [2, 4, 10, 16, 18]
Iter 60: 
Min Hitting Set: [8, 11, 18, 19, 20, 33, 35, 37, 38, 59, 60]
Min Correction Subset: [0, 7, 9, 17, 25, 30]
Iter 61: 
Min Hitting Set: [7, 11, 18, 19, 20, 33, 35, 37, 39, 59, 60]
Min Correction Subset: [8, 9, 12, 16, 17, 25, 54]
Iter 62: 
Min Hitting Set: [7, 11, 17, 18, 19, 23, 33, 35, 39, 59, 60]
Min Correction Subset: [1, 3, 8, 20, 37]
Iter 63: 
Min Hitting Set: [7, 16, 18, 20, 33, 34, 35, 37, 39, 59, 60]
Min Correction Subset: [3, 4, 8, 10, 11, 32]
Iter 64: 
Min Hitting Set: [7, 8, 11, 18, 19, 20, 33, 35, 37, 59, 60]
Min Correction Subset: [2, 9, 12, 17, 38, 39, 54]
Iter 65: 
Min Hitting Set: [4, 7, 8, 11, 18, 33, 35, 37, 39, 59, 60]
Min Correction Subset: [0, 16, 20, 23, 25]
Iter 66: 
Min Hitting Set: [7, 8, 11, 18, 19, 23, 33, 35, 39, 59, 60]
Min Correction Subset: [10, 12, 20, 28, 31, 37]
Iter 67: 
Min Hitting Set: [0, 7, 8, 11, 12, 18, 23, 33, 35, 59, 60]
Min Correction Subset: [3, 19, 20, 31, 34, 37]
Iter 68: 
Min Hitting Set: [0, 7, 8, 9, 10, 19, 23, 33, 37, 59, 60]
Min Correction Subset: [2, 4, 34, 35, 39]
Iter 69: 
Min Hitting Set: [0, 8, 11, 12, 18, 19, 23, 33, 35, 59, 60]
Min Correction Subset: [3, 20, 29, 30, 31, 37]
Iter 70: 
Min Hitting Set: [3, 7, 11, 12, 18, 20, 23, 33, 35, 59, 60]
Min Correction Subset: [0, 4, 8, 15, 39, 41]
Iter 71: 
Min Hitting Set: [0, 4, 8, 18, 32, 33, 35, 37, 39, 59, 60]
Min Correction Subset: [3, 12, 19, 20, 30]
Iter 72: 
Min Hitting Set: [0, 7, 8, 16, 20, 31, 35, 37, 39, 59, 60]
Min Correction Subset: [4, 10, 12, 18, 19]
Iter 73: 
Min Hitting Set: [0, 4, 8, 9, 11, 19, 20, 23, 33, 59, 60]
Min Correction Subset: [12, 15, 25, 35, 39]
Iter 74: 
Min Hitting Set: [3, 4, 9, 11, 12, 18, 20, 33, 39, 59, 60]
Min Correction Subset: [7, 23, 34, 35, 37]
Iter 75: 
Min Hitting Set: [7, 8, 11, 18, 19, 23, 31, 35, 39, 59, 60]
Min Correction Subset: [0, 1, 9, 16, 20, 33]
Iter 76: 
Min Hitting Set: [0, 3, 11, 12, 18, 20, 33, 35, 37, 59, 60]
Min Correction Subset: [5, 7, 8, 19, 34, 38]
Iter 77: 
Min Hitting Set: [7, 8, 16, 18, 20, 33, 35, 37, 39, 59, 60]
Min Correction Subset: [3, 9, 10, 11, 32, 38]
Iter 78: 
Min Hitting Set: [7, 11, 16, 18, 20, 33, 35, 37, 39, 59, 60]
Min Correction Subset: [4, 5, 8, 12, 19, 30, 34]
Iter 79: 
Min Hitting Set: [0, 3, 8, 11, 12, 18, 23, 33, 35, 59, 60]
Min Correction Subset: [7, 9, 17, 19, 20, 31]
Iter 80: 
Min Hitting Set: [7, 8, 9, 10, 19, 20, 35, 37, 39, 59, 60]
Min Correction Subset: [2, 18, 30, 31, 33]
Iter 81: 
Min Hitting Set: [4, 8, 9, 19, 20, 25, 31, 37, 39, 59, 60]
Min Correction Subset: [0, 18, 22, 28, 33]
Iter 82: 
Min Hitting Set: [0, 4, 7, 9, 11, 12, 20, 33, 39, 59, 60]
Min Correction Subset: [8, 18, 19, 34, 37]
Iter 83: 
Min Hitting Set: [0, 4, 8, 9, 19, 20, 25, 33, 37, 59, 60]
Min Correction Subset: [15, 18, 31, 35, 39]
Iter 84: 
Min Hitting Set: [0, 2, 8, 11, 19, 20, 23, 33, 35, 59, 60]
Min Correction Subset: [9, 18, 31, 34, 37]
Iter 85: 
Min Hitting Set: [4, 8, 9, 19, 20, 25, 33, 37, 39, 59, 60]
Min Correction Subset: [2, 7, 12, 18, 34, 35]
Iter 86: 
Min Hitting Set: [3, 4, 9, 11, 12, 18, 20, 33, 34, 59, 60]
Min Correction Subset: [0, 19, 35, 39]
Iter 87: 
Min Hitting Set: [0, 2, 8, 11, 19, 20, 33, 35, 37, 59, 60]
Min Correction Subset: [7, 9, 12, 17, 25, 54]
Iter 88: 
Min Hitting Set: [0, 8, 12, 18, 20, 32, 33, 35, 37, 59, 60]
Min Correction Subset: [11, 19, 29, 34, 38, 39]
Iter 89: 
Min Hitting Set: [0, 3, 10, 12, 20, 33, 34, 37, 39, 59, 60]
Min Correction Subset: [7, 8, 18, 25, 35]
Iter 90: 
Min Hitting Set: [2, 8, 9, 19, 20, 23, 25, 33, 39, 59, 60]
Min Correction Subset: [18, 31, 34, 37, 57]
Iter 91: 
Min Hitting Set: [0, 3, 12, 18, 20, 32, 33, 34, 37, 59, 60]
Min Correction Subset: [7, 9, 10, 17, 25, 35]
Iter 92: 
Min Hitting Set: [2, 8, 9, 19, 20, 25, 33, 37, 39, 59, 60]
Min Correction Subset: [0, 10, 12, 18, 28, 35]
Iter 93: 
Min Hitting Set: [0, 2, 8, 9, 15, 19, 20, 25, 37, 59, 60]
Min Correction Subset: [10, 12, 31, 33, 35]
Iter 94: 
Min Hitting Set: [0, 3, 10, 12, 18, 20, 33, 34, 37, 59, 60]
Min Correction Subset: [7, 9, 16, 17, 19, 38]
Iter 95: 
Min Hitting Set: [3, 10, 12, 17, 18, 23, 33, 38, 39, 59, 60]
Min Correction Subset: [7, 9, 25, 34, 35]
Iter 96: 
Min Hitting Set: [7, 10, 16, 18, 19, 20, 35, 37, 39, 59, 60]
Min Correction Subset: [0, 5, 30, 31, 33]
Iter 97: 
Min Hitting Set: [0, 3, 4, 7, 8, 31, 35, 37, 39, 59, 60]
Min Correction Subset: [19, 20, 23, 33, 34]
Iter 98: 
Min Hitting Set: [7, 11, 17, 18, 19, 23, 33, 35, 37, 39, 59, 60]
Min Correction Subset: [1, 4, 8, 10, 20, 32]
Optimal IIS
Instance: arbitrary-40-100-140000
----------------------------
Query: 2
Query element:73
Query scope: 73
----------------------------
IIS optimality: suboptimal
IIS solution time: 16297.741
IIS Constraint: 7; goods; {good:7}
IIS Constraint: 11; goods; {good:11}
IIS Constraint: 17; goods; {good:17}
IIS Constraint: 18; goods; {good:18}
IIS Constraint: 19; goods; {good:19}
IIS Constraint: 20; goods; {good:20}
IIS Constraint: 33; goods; {good:33}
IIS Constraint: 35; goods; {good:35}
IIS Constraint: 37; goods; {good:37}
IIS Constraint: 39; goods; {good:39}
IIS Constraint: 59; query; {bid:73,query:2}
IIS Constraint: 60; max; {f:2392.202,objective:max}
