IIS generation
Iter 1: 
Min Hitting Set: []
Min Correction Subset: [60]
Iter 2: 
Min Hitting Set: [60]
Min Correction Subset: [36]
Iter 3: 
Min Hitting Set: [36, 60]
Min Correction Subset: [37]
Iter 4: 
Min Hitting Set: [36, 37, 60]
Min Correction Subset: [7]
Iter 5: 
Min Hitting Set: [7, 36, 37, 60]
Min Correction Subset: [33]
Iter 6: 
Min Hitting Set: [7, 33, 36, 37, 60]
Min Correction Subset: [59]
Iter 7: 
Min Hitting Set: [7, 33, 36, 37, 59, 60]
Min Correction Subset: [21]
Iter 8: 
Min Hitting Set: [7, 21, 33, 36, 37, 59, 60]
Min Correction Subset: [1]
Iter 9: 
Min Hitting Set: [1, 7, 21, 33, 36, 37, 59, 60]
Min Correction Subset: [34]
Iter 10: 
Min Hitting Set: [1, 7, 21, 33, 34, 36, 37, 59, 60]
Min Correction Subset: [14, 32]
Iter 11: 
Min Hitting Set: [1, 7, 14, 21, 33, 34, 36, 37, 59, 60]
Min Correction Subset: [2, 5]
Iter 12: 
Min Hitting Set: [1, 2, 7, 14, 21, 33, 34, 36, 37, 59, 60]
Min Correction Subset: [23, 26]
Iter 13: 
Min Hitting Set: [1, 2, 7, 14, 21, 23, 33, 34, 36, 37, 59, 60]
Min Correction Subset: [3, 10]
Iter 14: 
Min Hitting Set: [1, 2, 3, 7, 14, 21, 23, 33, 34, 36, 37, 59, 60]
Min Correction Subset: [18, 31]
Iter 15: 
Min Hitting Set: [1, 2, 3, 7, 14, 18, 21, 23, 33, 34, 36, 37, 59, 60]
Min Correction Subset: [5, 20]
Iter 16: 
Min Hitting Set: [1, 3, 5, 7, 14, 18, 21, 23, 33, 34, 36, 37, 59, 60]
Min Correction Subset: [9, 38]
Iter 17: 
Min Hitting Set: [1, 3, 5, 7, 9, 14, 18, 21, 23, 33, 34, 36, 37, 59, 60]
Min Correction Subset: [10, 15]
Iter 18: 
Min Hitting Set: [1, 5, 7, 9, 10, 14, 18, 21, 23, 33, 34, 36, 37, 59, 60]
Min Correction Subset: [26, 39]
Iter 19: 
Min Hitting Set: [1, 5, 7, 9, 10, 14, 18, 21, 26, 33, 34, 36, 37, 59, 60]
Min Correction Subset: [3, 20]
Iter 20: 
Min Hitting Set: [1, 3, 5, 7, 9, 10, 14, 18, 21, 26, 33, 34, 36, 37, 59, 60]
Min Correction Subset: [15, 23]
Iter 21: 
Min Hitting Set: [1, 3, 5, 7, 9, 14, 15, 18, 21, 26, 33, 34, 36, 37, 59, 60]
Min Correction Subset: [23, 39]
Iter 22: 
Min Hitting Set: [1, 3, 5, 7, 9, 14, 15, 18, 21, 23, 26, 33, 34, 36, 37, 59, 60]
Min Correction Subset: [10, 39]
Iter 23: 
Min Hitting Set: [1, 3, 5, 7, 9, 14, 15, 18, 21, 26, 33, 34, 36, 37, 39, 59, 60]
Min Correction Subset: [2, 10]
Iter 24: 
Min Hitting Set: [1, 3, 5, 7, 9, 10, 14, 18, 21, 23, 26, 33, 34, 36, 37, 59, 60]
Min Correction Subset: [31, 39]
Iter 25: 
Min Hitting Set: [1, 3, 5, 7, 9, 10, 14, 21, 23, 26, 31, 33, 34, 36, 37, 59, 60]
Min Correction Subset: [2, 18]
Iter 26: 
Min Hitting Set: [1, 2, 7, 9, 10, 14, 20, 21, 23, 26, 31, 33, 34, 36, 37, 59, 60]
Min Correction Subset: [8, 13]
Iter 27: 
Min Hitting Set: [1, 2, 7, 8, 9, 10, 14, 20, 21, 23, 26, 31, 33, 34, 36, 37, 59, 60]
Min Correction Subset: [3, 12]
Iter 28: 
Min Hitting Set: [1, 3, 5, 7, 8, 9, 10, 14, 18, 21, 23, 33, 34, 36, 37, 39, 59, 60]
Min Correction Subset: [15, 22]
Iter 29: 
Min Hitting Set: [1, 2, 3, 5, 7, 8, 9, 14, 15, 18, 21, 23, 33, 34, 36, 37, 39, 59, 60]
Min Correction Subset: [26, 31]
Iter 30: 
Min Hitting Set: [1, 2, 3, 5, 7, 8, 9, 14, 15, 21, 26, 31, 33, 34, 36, 37, 39, 59, 60]
Min Correction Subset: [23, 38]
Iter 31: 
Min Hitting Set: [1, 2, 3, 5, 7, 8, 14, 15, 21, 26, 31, 33, 34, 36, 37, 38, 39, 59, 60]
Min Correction Subset: [13, 23]
Iter 32: 
Min Hitting Set: [1, 2, 3, 5, 7, 13, 14, 15, 21, 26, 31, 33, 34, 36, 37, 38, 39, 59, 60]
Min Correction Subset: [18, 32]
Iter 33: 
Min Hitting Set: [1, 2, 3, 5, 7, 13, 15, 21, 26, 31, 32, 33, 34, 36, 37, 38, 39, 59, 60]
Min Correction Subset: [14, 23]
Iter 34: 
Min Hitting Set: [1, 2, 3, 5, 7, 13, 15, 21, 23, 31, 32, 33, 34, 36, 37, 38, 39, 59, 60]
Min Correction Subset: [8, 30]
Iter 35: 
Min Hitting Set: [1, 2, 3, 5, 7, 8, 15, 21, 23, 31, 32, 33, 34, 36, 37, 38, 39, 59, 60]
Min Correction Subset: [14, 19]
Iter 36: 
Min Hitting Set: [1, 3, 5, 7, 8, 10, 14, 15, 18, 21, 23, 26, 31, 33, 34, 36, 37, 38, 59, 60]
Min Correction Subset: [9, 32]
Instance: arbitrary-40-100-150000
----------------------------
Query: 1
Query element:1
Query scope: 1
----------------------------
IIS optimality: suboptimal
IIS solution time: 36340.800
IIS Constraint: 1; goods; {good:1}
IIS Constraint: 3; goods; {good:3}
IIS Constraint: 5; goods; {good:5}
IIS Constraint: 7; goods; {good:7}
IIS Constraint: 8; goods; {good:8}
IIS Constraint: 10; goods; {good:10}
IIS Constraint: 14; goods; {good:14}
IIS Constraint: 15; goods; {good:15}
IIS Constraint: 18; goods; {good:18}
IIS Constraint: 21; goods; {good:21}
IIS Constraint: 23; goods; {good:23}
IIS Constraint: 26; goods; {good:26}
IIS Constraint: 31; goods; {good:31}
IIS Constraint: 33; goods; {good:33}
IIS Constraint: 34; goods; {good:34}
IIS Constraint: 36; goods; {good:36}
IIS Constraint: 37; goods; {good:37}
IIS Constraint: 38; goods; {good:38}
IIS Constraint: 59; query; {bid:1,query:1}
IIS Constraint: 60; max; {f:2577.674,objective:max}
