IIS generation
Iter 1: 
Min Hitting Set: []
Min Correction Subset: [59]
Iter 2: 
Min Hitting Set: [59]
Min Correction Subset: [60]
Iter 3: 
Min Hitting Set: [59, 60]
Min Correction Subset: [28]
Iter 4: 
Min Hitting Set: [28, 59, 60]
Min Correction Subset: [14, 18]
Iter 5: 
Min Hitting Set: [14, 28, 59, 60]
Min Correction Subset: [15, 17, 41]
Iter 6: 
Min Hitting Set: [14, 15, 28, 59, 60]
Min Correction Subset: [13, 17, 33]
Iter 7: 
Min Hitting Set: [14, 17, 28, 59, 60]
Min Correction Subset: [21, 37, 39]
Iter 8: 
Min Hitting Set: [14, 17, 21, 28, 59, 60]
Min Correction Subset: [9, 20, 37]
Iter 9: 
Min Hitting Set: [14, 17, 28, 37, 59, 60]
Min Correction Subset: [2, 15, 30]
Iter 10: 
Min Hitting Set: [14, 15, 17, 28, 37, 59, 60]
Min Correction Subset: [1, 9, 30, 38]
Iter 11: 
Min Hitting Set: [14, 17, 28, 30, 37, 59, 60]
Min Correction Subset: [1, 3, 15, 16]
Iter 12: 
Min Hitting Set: [1, 14, 15, 17, 28, 37, 59, 60]
Min Correction Subset: [4, 13, 25, 33]
Iter 13: 
Min Hitting Set: [1, 13, 14, 15, 28, 37, 59, 60]
Min Correction Subset: [17, 27, 38]
Iter 14: 
Min Hitting Set: [14, 15, 28, 33, 37, 38, 59, 60]
Min Correction Subset: [4, 17, 30]
Iter 15: 
Min Hitting Set: [4, 13, 14, 15, 28, 37, 38, 59, 60]
Min Correction Subset: [17, 18, 19]
Iter 16: 
Min Hitting Set: [4, 15, 18, 28, 33, 37, 38, 59, 60]
Min Correction Subset: [1, 13, 17]
Iter 17: 
Min Hitting Set: [4, 13, 15, 18, 28, 37, 38, 59, 60]
Min Correction Subset: [14, 25, 32]
Iter 18: 
Min Hitting Set: [4, 14, 15, 17, 28, 37, 38, 59, 60]
Min Correction Subset: [0, 1, 3, 25]
Iter 19: 
Min Hitting Set: [15, 17, 18, 25, 28, 37, 38, 59, 60]
Min Correction Subset: [14, 30, 33]
Iter 20: 
Min Hitting Set: [15, 17, 18, 25, 28, 30, 37, 59, 60]
Min Correction Subset: [1, 9, 20, 48]
Iter 21: 
Min Hitting Set: [1, 14, 17, 25, 28, 30, 37, 59, 60]
Min Correction Subset: [3, 11, 15, 19]
Iter 22: 
Min Hitting Set: [1, 14, 15, 17, 25, 28, 37, 59, 60]
Min Correction Subset: [9, 30, 33, 53]
Iter 23: 
Min Hitting Set: [9, 14, 15, 17, 25, 28, 37, 59, 60]
Min Correction Subset: [0, 1, 3, 5]
Iter 24: 
Min Hitting Set: [1, 14, 15, 17, 28, 33, 37, 59, 60]
Min Correction Subset: [5, 11, 19, 30]
Iter 25: 
Min Hitting Set: [1, 14, 17, 19, 28, 30, 33, 37, 59, 60]
Min Correction Subset: [2, 7, 15, 25]
Iter 26: 
Min Hitting Set: [1, 14, 17, 19, 25, 28, 30, 37, 59, 60]
Min Correction Subset: [2, 9, 15, 20]
Iter 27: 
Min Hitting Set: [5, 9, 14, 15, 17, 25, 28, 37, 59, 60]
Min Correction Subset: [1, 3, 16, 19]
Iter 28: 
Min Hitting Set: [1, 14, 15, 17, 25, 28, 30, 37, 59, 60]
Min Correction Subset: [5, 9, 11, 20, 38]
Iter 29: 
Min Hitting Set: [1, 5, 14, 15, 17, 28, 33, 37, 59, 60]
Min Correction Subset: [2, 30, 32, 39, 41]
Iter 30: 
Min Hitting Set: [3, 9, 14, 17, 25, 28, 30, 37, 59, 60]
Min Correction Subset: [11, 13, 15, 20, 23]
Iter 31: 
Min Hitting Set: [3, 14, 17, 20, 25, 28, 30, 37, 59, 60]
Min Correction Subset: [0, 1, 5, 9]
Iter 32: 
Min Hitting Set: [1, 2, 11, 14, 17, 28, 33, 37, 59, 60]
Min Correction Subset: [9, 15, 20, 21]
Iter 33: 
Min Hitting Set: [1, 9, 14, 15, 17, 25, 28, 30, 39, 59, 60]
Min Correction Subset: [5, 21, 37]
Iter 34: 
Min Hitting Set: [3, 9, 14, 15, 17, 25, 28, 30, 37, 59, 60]
Min Correction Subset: [5, 11, 13, 33, 52]
Iter 35: 
Min Hitting Set: [5, 9, 14, 15, 17, 19, 25, 28, 39, 59, 60]
Min Correction Subset: [0, 1, 3, 37]
Iter 36: 
Min Hitting Set: [1, 11, 14, 15, 17, 28, 30, 33, 37, 59, 60]
Min Correction Subset: [5, 8, 9, 20, 24]
Iter 37: 
Min Hitting Set: [3, 9, 13, 14, 17, 25, 28, 30, 37, 59, 60]
Min Correction Subset: [1, 5, 11, 15, 52]
Iter 38: 
Min Hitting Set: [3, 9, 13, 14, 15, 17, 28, 30, 37, 59, 60]
Min Correction Subset: [1, 16, 25, 33]
Iter 39: 
Min Hitting Set: [1, 5, 14, 15, 17, 25, 28, 30, 37, 59, 60]
Min Correction Subset: [3, 11, 16, 19, 34]
Iter 40: 
Min Hitting Set: [3, 9, 14, 15, 17, 28, 30, 33, 37, 59, 60]
Min Correction Subset: [1, 25, 38, 52]
Iter 41: 
Min Hitting Set: [3, 9, 11, 14, 17, 25, 28, 30, 37, 59, 60]
Min Correction Subset: [1, 2, 15, 24, 50]
Iter 42: 
Min Hitting Set: [3, 5, 9, 14, 15, 17, 25, 28, 39, 59, 60]
Min Correction Subset: [4, 30, 32, 37]
Iter 43: 
Min Hitting Set: [2, 3, 9, 11, 14, 17, 25, 28, 37, 59, 60]
Min Correction Subset: [5, 30, 32, 39, 52]
Iter 44: 
Min Hitting Set: [1, 11, 17, 18, 20, 25, 28, 30, 37, 59, 60]
Min Correction Subset: [3, 14, 15, 32]
Iter 45: 
Min Hitting Set: [1, 9, 11, 14, 17, 25, 28, 30, 37, 59, 60]
Min Correction Subset: [3, 5, 8, 18, 19]
Iter 46: 
Min Hitting Set: [5, 9, 15, 16, 17, 18, 25, 28, 30, 37, 59, 60]
Min Correction Subset: [3, 11, 13, 33, 34]
Iter 47: 
Min Hitting Set: [1, 3, 9, 13, 14, 17, 25, 28, 30, 37, 59, 60]
Min Correction Subset: [5, 8, 11, 18, 19]
Iter 48: 
Min Hitting Set: [3, 9, 13, 15, 17, 18, 25, 28, 30, 37, 59, 60]
Min Correction Subset: [14, 16, 33, 48]
Iter 49: 
Min Hitting Set: [3, 9, 15, 17, 18, 25, 28, 30, 33, 37, 59, 60]
Min Correction Subset: [0, 1, 5, 39, 52]
Iter 50: 
Min Hitting Set: [1, 9, 13, 14, 17, 19, 25, 28, 30, 37, 59, 60]
Min Correction Subset: [5, 15, 21, 39, 52]
Iter 51: 
Min Hitting Set: [3, 9, 11, 14, 15, 17, 25, 28, 37, 39, 59, 60]
Min Correction Subset: [4, 13, 26, 30, 33]
Iter 52: 
Min Hitting Set: [1, 9, 13, 14, 15, 17, 19, 28, 37, 39, 59, 60]
Min Correction Subset: [2, 5, 30, 33, 38]
Iter 53: 
Min Hitting Set: [1, 5, 9, 11, 14, 17, 21, 25, 28, 30, 59, 60]
Min Correction Subset: [3, 15, 19, 37]
Iter 54: 
Min Hitting Set: [1, 5, 9, 11, 14, 17, 25, 28, 30, 37, 59, 60]
Min Correction Subset: [3, 4, 13, 33, 34]
Iter 55: 
Min Hitting Set: [1, 3, 9, 11, 14, 17, 21, 25, 28, 30, 59, 60]
Min Correction Subset: [5, 24, 37, 38]
Iter 56: 
Min Hitting Set: [1, 2, 5, 9, 11, 14, 17, 28, 33, 37, 59, 60]
Min Correction Subset: [3, 18, 19, 25, 32]
Iter 57: 
Min Hitting Set: [1, 2, 3, 5, 14, 17, 20, 28, 33, 37, 59, 60]
Min Correction Subset: [9, 15, 30, 38]
Iter 58: 
Min Hitting Set: [1, 3, 5, 14, 17, 20, 25, 28, 30, 37, 59, 60]
Min Correction Subset: [11, 13, 15, 33, 50]
Iter 59: 
Min Hitting Set: [1, 2, 3, 5, 14, 15, 17, 28, 33, 37, 59, 60]
Min Correction Subset: [9, 11, 20, 38, 39]
Iter 60: 
Min Hitting Set: [3, 5, 14, 15, 17, 20, 25, 28, 30, 37, 59, 60]
Min Correction Subset: [0, 1, 9, 24, 39]
Iter 61: 
Min Hitting Set: [1, 14, 15, 17, 19, 20, 28, 33, 37, 39, 59, 60]
Min Correction Subset: [5, 9, 11, 30, 38]
Iter 62: 
Min Hitting Set: [1, 9, 14, 15, 17, 19, 28, 30, 33, 37, 59, 60]
Min Correction Subset: [11, 25, 38, 39, 52]
Iter 63: 
Min Hitting Set: [2, 3, 9, 11, 14, 17, 28, 33, 37, 52, 59, 60]
Min Correction Subset: [1, 15, 25, 38]
Iter 64: 
Min Hitting Set: [2, 3, 5, 9, 13, 14, 17, 25, 28, 37, 59, 60]
Min Correction Subset: [0, 1, 26, 30, 33]
Iter 65: 
Min Hitting Set: [1, 3, 5, 14, 15, 17, 28, 33, 37, 39, 59, 60]
Min Correction Subset: [9, 18, 19, 20, 32]
Iter 66: 
Min Hitting Set: [1, 5, 14, 15, 17, 19, 28, 33, 37, 39, 59, 60]
Min Correction Subset: [3, 9, 30, 34, 38]
Iter 67: 
Min Hitting Set: [1, 2, 9, 13, 14, 17, 19, 28, 37, 52, 59, 60]
Min Correction Subset: [4, 26, 30, 32, 33]
Iter 68: 
Min Hitting Set: [1, 9, 14, 15, 17, 19, 28, 33, 37, 39, 59, 60]
Min Correction Subset: [2, 5, 30, 38, 41]
Iter 69: 
Min Hitting Set: [3, 5, 14, 15, 17, 20, 25, 28, 30, 39, 59, 60]
Min Correction Subset: [0, 1, 9, 37]
Iter 70: 
Min Hitting Set: [3, 5, 9, 14, 15, 17, 25, 28, 30, 37, 59, 60]
Min Correction Subset: [4, 8, 11, 18, 19, 38]
Iter 71: 
Min Hitting Set: [1, 14, 15, 19, 20, 28, 30, 33, 37, 38, 59, 60]
Min Correction Subset: [7, 12, 17, 21]
Iter 72: 
Min Hitting Set: [1, 3, 4, 5, 9, 14, 15, 17, 28, 39, 59, 60]
Min Correction Subset: [13, 18, 25, 33]
Iter 73: 
Min Hitting Set: [1, 9, 14, 15, 19, 21, 28, 30, 33, 38, 59, 60]
Min Correction Subset: [3, 13, 17, 34]
Iter 74: 
Min Hitting Set: [1, 9, 13, 14, 15, 19, 21, 28, 30, 38, 59, 60]
Min Correction Subset: [7, 17, 37, 48]
Iter 75: 
Min Hitting Set: [3, 9, 15, 17, 18, 25, 28, 30, 33, 37, 39, 59, 60]
Min Correction Subset: [5, 8, 11, 16, 19, 21]
Iter 76: 
Min Hitting Set: [1, 3, 4, 5, 14, 15, 17, 20, 28, 33, 39, 59, 60]
Min Correction Subset: [9, 30, 37, 38]
Optimal IIS
Instance: arbitrary-40-100-690000
----------------------------
Query: 2
Query element:30
Query scope: 30
----------------------------
IIS optimality: suboptimal
IIS solution time: 24478.719
IIS Constraint: 3; goods; {good:3}
IIS Constraint: 5; goods; {good:5}
IIS Constraint: 9; goods; {good:9}
IIS Constraint: 11; goods; {good:11}
IIS Constraint: 14; goods; {good:14}
IIS Constraint: 15; goods; {good:15}
IIS Constraint: 17; goods; {good:17}
IIS Constraint: 25; goods; {good:25}
IIS Constraint: 28; goods; {good:28}
IIS Constraint: 30; goods; {good:30}
IIS Constraint: 37; goods; {good:37}
IIS Constraint: 59; query; {bid:30,query:2}
IIS Constraint: 60; max; {f:2550.4299999999994,objective:max}
