IIS generation
Iter 1: 
Min Hitting Set: []
Min Correction Subset: [76]
Iter 2: 
Min Hitting Set: [76]
Min Correction Subset: [75]
Iter 3: 
Min Hitting Set: [75, 76]
Min Correction Subset: [13]
Iter 4: 
Min Hitting Set: [13, 75, 76]
Min Correction Subset: [14]
Iter 5: 
Min Hitting Set: [13, 14, 75, 76]
Min Correction Subset: [5]
Iter 6: 
Min Hitting Set: [5, 13, 14, 75, 76]
Min Correction Subset: [2]
Iter 7: 
Min Hitting Set: [2, 5, 13, 14, 75, 76]
Min Correction Subset: [15]
Iter 8: 
Min Hitting Set: [2, 5, 13, 14, 15, 75, 76]
Min Correction Subset: [6]
Iter 9: 
Min Hitting Set: [2, 5, 6, 13, 14, 15, 75, 76]
Min Correction Subset: [36]
Iter 10: 
Min Hitting Set: [2, 5, 6, 13, 14, 15, 36, 75, 76]
Min Correction Subset: [12]
Iter 11: 
Min Hitting Set: [2, 5, 6, 12, 13, 14, 15, 36, 75, 76]
Min Correction Subset: [3]
Iter 12: 
Min Hitting Set: [2, 3, 5, 6, 12, 13, 14, 15, 36, 75, 76]
Min Correction Subset: [28]
Iter 13: 
Min Hitting Set: [2, 3, 5, 6, 12, 13, 14, 15, 28, 36, 75, 76]
Min Correction Subset: [46]
Iter 14: 
Min Hitting Set: [2, 3, 5, 6, 12, 13, 14, 15, 28, 36, 46, 75, 76]
Min Correction Subset: [59]
Iter 15: 
Min Hitting Set: [2, 3, 5, 6, 12, 13, 14, 15, 28, 36, 46, 59, 75, 76]
Min Correction Subset: [0]
Iter 16: 
Min Hitting Set: [0, 2, 3, 5, 6, 12, 13, 14, 15, 28, 36, 46, 59, 75, 76]
Min Correction Subset: [34]
Iter 17: 
Min Hitting Set: [0, 2, 3, 5, 6, 12, 13, 14, 15, 28, 34, 36, 46, 59, 75, 76]
Min Correction Subset: [11]
Iter 18: 
Min Hitting Set: [0, 2, 3, 5, 6, 11, 12, 13, 14, 15, 28, 34, 36, 46, 59, 75, 76]
Min Correction Subset: [23]
Iter 19: 
Min Hitting Set: [0, 2, 3, 5, 6, 11, 12, 13, 14, 15, 23, 28, 34, 36, 46, 59, 75, 76]
Min Correction Subset: [58]
Iter 20: 
Min Hitting Set: [0, 2, 3, 5, 6, 11, 12, 13, 14, 15, 23, 28, 34, 36, 46, 58, 59, 75, 76]
Min Correction Subset: [16]
Iter 21: 
Min Hitting Set: [0, 2, 3, 5, 6, 11, 12, 13, 14, 15, 16, 23, 28, 34, 36, 46, 58, 59, 75, 76]
Min Correction Subset: [25]
Iter 22: 
Min Hitting Set: [0, 2, 3, 5, 6, 11, 12, 13, 14, 15, 16, 23, 25, 28, 34, 36, 46, 58, 59, 75, 76]
Min Correction Subset: [29]
Iter 23: 
Min Hitting Set: [0, 2, 3, 5, 6, 11, 12, 13, 14, 15, 16, 23, 25, 28, 29, 34, 36, 46, 58, 59, 75, 76]
Min Correction Subset: [9]
Iter 24: 
Min Hitting Set: [0, 2, 3, 5, 6, 9, 11, 12, 13, 14, 15, 16, 23, 25, 28, 29, 34, 36, 46, 58, 59, 75, 76]
Min Correction Subset: [20]
Iter 25: 
Min Hitting Set: [0, 2, 3, 5, 6, 9, 11, 12, 13, 14, 15, 16, 20, 23, 25, 28, 29, 34, 36, 46, 58, 59, 75, 76]
Min Correction Subset: [24]
Iter 26: 
Min Hitting Set: [0, 2, 3, 5, 6, 9, 11, 12, 13, 14, 15, 16, 20, 23, 24, 25, 28, 29, 34, 36, 46, 58, 59, 75, 76]
Min Correction Subset: [40]
Iter 27: 
Min Hitting Set: [0, 2, 3, 5, 6, 9, 11, 12, 13, 14, 15, 16, 20, 23, 24, 25, 28, 29, 34, 36, 40, 46, 58, 59, 75, 76]
Min Correction Subset: [47]
Iter 28: 
Min Hitting Set: [0, 2, 3, 5, 6, 9, 11, 12, 13, 14, 15, 16, 20, 23, 24, 25, 28, 29, 34, 36, 40, 46, 47, 58, 59, 75, 76]
Min Correction Subset: [30]
Iter 29: 
Min Hitting Set: [0, 2, 3, 5, 6, 9, 11, 12, 13, 14, 15, 16, 20, 23, 24, 25, 28, 29, 30, 34, 36, 40, 46, 47, 58, 59, 75, 76]
Min Correction Subset: [21, 44]
Iter 30: 
Min Hitting Set: [0, 2, 3, 5, 6, 9, 11, 12, 13, 14, 15, 16, 20, 21, 23, 24, 25, 28, 29, 30, 34, 36, 40, 46, 47, 58, 59, 75, 76]
Min Correction Subset: [38, 42]
Optimal IIS
Instance: paths-40-100-880000
----------------------------
Query: 7
Query element:1
Query scope: 20
Query scope: 27
Query scope: 28
Query scope: 78
----------------------------
IIS optimality: suboptimal
IIS solution time: 2046.678
IIS Constraint: 0; goods; {good:0}
IIS Constraint: 2; goods; {good:2}
IIS Constraint: 3; goods; {good:3}
IIS Constraint: 5; goods; {good:5}
IIS Constraint: 6; goods; {good:6}
IIS Constraint: 9; goods; {good:9}
IIS Constraint: 11; goods; {good:11}
IIS Constraint: 12; goods; {good:12}
IIS Constraint: 13; goods; {good:13}
IIS Constraint: 14; goods; {good:14}
IIS Constraint: 15; goods; {good:15}
IIS Constraint: 16; goods; {good:16}
IIS Constraint: 20; goods; {good:20}
IIS Constraint: 21; goods; {good:21}
IIS Constraint: 23; goods; {good:23}
IIS Constraint: 24; goods; {good:24}
IIS Constraint: 25; goods; {good:25}
IIS Constraint: 28; goods; {good:28}
IIS Constraint: 29; goods; {good:29}
IIS Constraint: 30; goods; {good:30}
IIS Constraint: 34; goods; {good:34}
IIS Constraint: 36; goods; {good:36}
IIS Constraint: 38; goods; {good:38}
IIS Constraint: 40; goods; {good:40}
IIS Constraint: 46; goods; {good:46}
IIS Constraint: 47; goods; {good:47}
IIS Constraint: 58; goods; {good:58}
IIS Constraint: 59; goods; {good:59}
IIS Constraint: 75; query; {good:1,query:7}
IIS Constraint: 76; max; {f:17.086456000000002,objective:max}
