IIS generation
Iter 1: 
Min Hitting Set: []
Min Correction Subset: [72]
Iter 2: 
Min Hitting Set: [72]
Min Correction Subset: [17]
Iter 3: 
Min Hitting Set: [17, 72]
Min Correction Subset: [13]
Iter 4: 
Min Hitting Set: [13, 17, 72]
Min Correction Subset: [30]
Iter 5: 
Min Hitting Set: [13, 17, 30, 72]
Min Correction Subset: [46]
Iter 6: 
Min Hitting Set: [13, 17, 30, 46, 72]
Min Correction Subset: [42]
Iter 7: 
Min Hitting Set: [13, 17, 30, 42, 46, 72]
Min Correction Subset: [1]
Iter 8: 
Min Hitting Set: [1, 13, 17, 30, 42, 46, 72]
Min Correction Subset: [41]
Iter 9: 
Min Hitting Set: [1, 13, 17, 30, 41, 42, 46, 72]
Min Correction Subset: [40]
Iter 10: 
Min Hitting Set: [1, 13, 17, 30, 40, 41, 42, 46, 72]
Min Correction Subset: [24]
Iter 11: 
Min Hitting Set: [1, 13, 17, 24, 30, 40, 41, 42, 46, 72]
Min Correction Subset: [23]
Iter 12: 
Min Hitting Set: [1, 13, 17, 23, 24, 30, 40, 41, 42, 46, 72]
Min Correction Subset: [48]
Iter 13: 
Min Hitting Set: [1, 13, 17, 23, 24, 30, 40, 41, 42, 46, 48, 72]
Min Correction Subset: [3]
Iter 14: 
Min Hitting Set: [1, 3, 13, 17, 23, 24, 30, 40, 41, 42, 46, 48, 72]
Min Correction Subset: [20]
Iter 15: 
Min Hitting Set: [1, 3, 13, 17, 20, 23, 24, 30, 40, 41, 42, 46, 48, 72]
Min Correction Subset: [71]
Iter 16: 
Min Hitting Set: [1, 3, 13, 17, 20, 23, 24, 30, 40, 41, 42, 46, 48, 71, 72]
Min Correction Subset: [21]
Iter 17: 
Min Hitting Set: [1, 3, 13, 17, 20, 21, 23, 24, 30, 40, 41, 42, 46, 48, 71, 72]
Min Correction Subset: [4]
Iter 18: 
Min Hitting Set: [1, 3, 4, 13, 17, 20, 21, 23, 24, 30, 40, 41, 42, 46, 48, 71, 72]
Min Correction Subset: [10]
Iter 19: 
Min Hitting Set: [1, 3, 4, 10, 13, 17, 20, 21, 23, 24, 30, 40, 41, 42, 46, 48, 71, 72]
Min Correction Subset: [0]
Iter 20: 
Min Hitting Set: [0, 1, 3, 4, 10, 13, 17, 20, 21, 23, 24, 30, 40, 41, 42, 46, 48, 71, 72]
Min Correction Subset: [36]
Iter 21: 
Min Hitting Set: [0, 1, 3, 4, 10, 13, 17, 20, 21, 23, 24, 30, 36, 40, 41, 42, 46, 48, 71, 72]
Min Correction Subset: [31]
Iter 22: 
Min Hitting Set: [0, 1, 3, 4, 10, 13, 17, 20, 21, 23, 24, 30, 31, 36, 40, 41, 42, 46, 48, 71, 72]
Min Correction Subset: [54]
Iter 23: 
Min Hitting Set: [0, 1, 3, 4, 10, 13, 17, 20, 21, 23, 24, 30, 31, 36, 40, 41, 42, 46, 48, 54, 71, 72]
Min Correction Subset: [22]
Iter 24: 
Min Hitting Set: [0, 1, 3, 4, 10, 13, 17, 20, 21, 22, 23, 24, 30, 31, 36, 40, 41, 42, 46, 48, 54, 71, 72]
Min Correction Subset: [44]
Iter 25: 
Min Hitting Set: [0, 1, 3, 4, 10, 13, 17, 20, 21, 22, 23, 24, 30, 31, 36, 40, 41, 42, 44, 46, 48, 54, 71, 72]
Min Correction Subset: [8]
Iter 26: 
Min Hitting Set: [0, 1, 3, 4, 8, 10, 13, 17, 20, 21, 22, 23, 24, 30, 31, 36, 40, 41, 42, 44, 46, 48, 54, 71, 72]
Min Correction Subset: [15, 37]
Iter 27: 
Min Hitting Set: [0, 1, 3, 4, 8, 10, 13, 15, 17, 20, 21, 22, 23, 24, 30, 31, 36, 40, 41, 42, 44, 46, 48, 54, 71, 72]
Min Correction Subset: [18, 49]
Iter 28: 
Min Hitting Set: [0, 1, 3, 4, 8, 10, 13, 15, 17, 18, 20, 21, 22, 23, 24, 30, 31, 36, 40, 41, 42, 44, 46, 48, 54, 71, 72]
Min Correction Subset: [27, 32]
Iter 29: 
Min Hitting Set: [0, 1, 3, 4, 8, 10, 13, 15, 17, 18, 20, 21, 22, 23, 24, 27, 30, 31, 36, 40, 41, 42, 44, 46, 48, 54, 71, 72]
Min Correction Subset: [2, 50]
Iter 30: 
Min Hitting Set: [0, 1, 2, 3, 4, 8, 10, 13, 15, 17, 18, 20, 21, 22, 23, 24, 27, 30, 31, 36, 40, 41, 42, 44, 46, 48, 54, 71, 72]
Min Correction Subset: [28, 50]
Iter 31: 
Min Hitting Set: [0, 1, 3, 4, 8, 10, 13, 15, 17, 18, 20, 21, 22, 23, 24, 27, 30, 31, 36, 40, 41, 42, 44, 46, 48, 50, 54, 71, 72]
Min Correction Subset: [16, 45]
Iter 32: 
Min Hitting Set: [0, 1, 3, 4, 8, 10, 13, 15, 16, 17, 18, 20, 21, 22, 23, 24, 27, 30, 31, 36, 40, 41, 42, 44, 46, 48, 50, 54, 71, 72]
Min Correction Subset: [38, 53]
Iter 33: 
Min Hitting Set: [0, 1, 3, 4, 8, 10, 13, 15, 16, 17, 18, 20, 21, 22, 23, 24, 27, 30, 31, 36, 38, 40, 41, 42, 44, 46, 48, 50, 54, 71, 72]
Min Correction Subset: [26, 28]
Iter 34: 
Min Hitting Set: [0, 1, 3, 4, 8, 10, 13, 15, 16, 17, 18, 20, 21, 22, 23, 24, 27, 28, 30, 31, 36, 38, 40, 41, 42, 44, 46, 48, 50, 54, 71, 72]
Min Correction Subset: [5, 51]
Iter 35: 
Min Hitting Set: [0, 1, 3, 4, 5, 8, 10, 13, 15, 16, 17, 18, 20, 21, 22, 23, 24, 27, 28, 30, 31, 36, 38, 40, 41, 42, 44, 46, 48, 50, 54, 71, 72]
Min Correction Subset: [39, 51]
Iter 36: 
Min Hitting Set: [0, 1, 3, 4, 8, 10, 13, 15, 16, 17, 18, 20, 21, 22, 23, 24, 27, 28, 30, 31, 36, 38, 40, 41, 42, 44, 46, 48, 50, 51, 54, 71, 72]
Min Correction Subset: [2, 29]
Iter 37: 
Min Hitting Set: [0, 1, 2, 3, 4, 8, 10, 13, 15, 16, 17, 18, 20, 21, 22, 23, 24, 27, 28, 30, 31, 36, 38, 40, 41, 42, 44, 46, 48, 51, 54, 71, 72]
Min Correction Subset: [6, 26]
Iter 38: 
Min Hitting Set: [0, 1, 2, 3, 4, 8, 10, 13, 15, 16, 17, 18, 20, 21, 22, 23, 24, 26, 27, 28, 30, 31, 36, 38, 40, 41, 42, 44, 46, 48, 51, 54, 71, 72]
Min Correction Subset: [6, 45]
Iter 39: 
Min Hitting Set: [0, 1, 2, 3, 4, 8, 10, 13, 15, 17, 18, 20, 21, 22, 23, 24, 26, 27, 28, 30, 31, 36, 38, 40, 41, 42, 44, 45, 46, 48, 51, 54, 71, 72]
Min Correction Subset: [16, 58]
Iter 40: 
Min Hitting Set: [0, 1, 2, 3, 4, 6, 8, 10, 13, 15, 16, 17, 18, 20, 21, 22, 23, 24, 27, 28, 30, 31, 36, 38, 40, 41, 42, 44, 46, 48, 51, 54, 71, 72]
Min Correction Subset: [5, 25]
Iter 41: 
Min Hitting Set: [0, 1, 2, 3, 4, 5, 6, 8, 10, 13, 15, 16, 17, 18, 20, 21, 22, 23, 24, 27, 28, 30, 31, 36, 38, 40, 41, 42, 44, 46, 48, 51, 54, 71, 72]
Min Correction Subset: [53, 68]
Iter 42: 
Min Hitting Set: [0, 1, 2, 3, 4, 5, 6, 8, 10, 13, 15, 16, 17, 18, 20, 21, 22, 23, 24, 27, 28, 30, 31, 36, 40, 41, 42, 44, 46, 48, 51, 53, 54, 71, 72]
Min Correction Subset: [37, 64]
Iter 43: 
Min Hitting Set: [0, 1, 2, 3, 4, 5, 6, 8, 10, 13, 16, 17, 18, 20, 21, 22, 23, 24, 27, 28, 30, 31, 36, 37, 40, 41, 42, 44, 46, 48, 51, 53, 54, 71, 72]
Min Correction Subset: [29, 38]
Iter 44: 
Min Hitting Set: [0, 1, 3, 4, 5, 6, 8, 10, 13, 16, 17, 18, 20, 21, 22, 23, 24, 27, 28, 29, 30, 31, 36, 37, 40, 41, 42, 44, 46, 48, 50, 51, 53, 54, 71, 72]
Min Correction Subset: [38, 58]
Iter 45: 
Min Hitting Set: [0, 1, 2, 3, 4, 5, 6, 8, 10, 13, 16, 17, 18, 20, 21, 22, 23, 24, 27, 28, 30, 31, 36, 37, 38, 40, 41, 42, 44, 46, 48, 51, 53, 54, 71, 72]
Min Correction Subset: [47, 50]
Iter 46: 
Min Hitting Set: [0, 1, 3, 4, 5, 8, 10, 13, 17, 18, 20, 21, 22, 23, 24, 26, 27, 29, 30, 31, 36, 37, 40, 41, 42, 44, 45, 46, 48, 50, 51, 53, 54, 58, 71, 72]
Min Correction Subset: [6, 28]
Iter 47: 
Min Hitting Set: [0, 1, 3, 4, 5, 6, 8, 10, 13, 17, 18, 20, 21, 22, 23, 24, 26, 27, 29, 30, 31, 36, 37, 40, 41, 42, 44, 45, 46, 48, 50, 51, 53, 54, 58, 71, 72]
Min Correction Subset: [25, 32]
Iter 48: 
Min Hitting Set: [0, 1, 3, 4, 5, 6, 8, 10, 13, 17, 18, 20, 21, 22, 23, 24, 26, 29, 30, 31, 32, 36, 37, 40, 41, 42, 44, 45, 46, 48, 50, 51, 53, 54, 58, 71, 72]
Min Correction Subset: [2, 49]
Iter 49: 
Min Hitting Set: [0, 1, 3, 4, 5, 6, 8, 10, 13, 17, 20, 21, 22, 23, 24, 26, 29, 30, 31, 32, 36, 37, 40, 41, 42, 44, 45, 46, 48, 49, 50, 51, 53, 54, 58, 71, 72]
Min Correction Subset: [18, 28]
Iter 50: 
Min Hitting Set: [0, 1, 3, 4, 5, 8, 10, 13, 17, 20, 21, 22, 23, 24, 26, 28, 29, 30, 31, 32, 36, 37, 40, 41, 42, 44, 45, 46, 48, 49, 50, 51, 53, 54, 58, 71, 72]
Min Correction Subset: [25, 39]
Iter 51: 
Min Hitting Set: [0, 1, 3, 4, 8, 10, 13, 17, 20, 21, 22, 23, 24, 25, 26, 28, 29, 30, 31, 32, 36, 37, 40, 41, 42, 44, 45, 46, 48, 49, 50, 51, 53, 54, 58, 71, 72]
Min Correction Subset: [12, 16]
Iter 52: 
Min Hitting Set: [0, 1, 2, 3, 4, 6, 8, 10, 13, 16, 17, 18, 20, 21, 22, 23, 24, 25, 28, 30, 31, 32, 36, 37, 38, 40, 41, 42, 44, 46, 48, 50, 51, 53, 54, 71, 72]
Min Correction Subset: [34, 43]
Iter 53: 
Min Hitting Set: [0, 1, 2, 3, 4, 6, 8, 10, 13, 16, 17, 18, 20, 21, 22, 23, 24, 25, 28, 30, 31, 32, 34, 36, 37, 38, 40, 41, 42, 44, 46, 48, 50, 51, 53, 54, 71, 72]
Min Correction Subset: [5, 49]
Iter 54: 
Min Hitting Set: [0, 1, 2, 3, 4, 6, 8, 10, 13, 16, 17, 20, 21, 22, 23, 24, 25, 28, 30, 31, 32, 34, 36, 37, 38, 40, 41, 42, 44, 46, 48, 49, 50, 51, 53, 54, 71, 72]
Min Correction Subset: [43, 45]
Iter 55: 
Min Hitting Set: [0, 1, 2, 3, 4, 6, 8, 10, 13, 16, 17, 20, 21, 22, 23, 24, 25, 28, 30, 31, 32, 36, 37, 38, 40, 41, 42, 43, 44, 46, 48, 49, 50, 51, 53, 54, 71, 72]
Min Correction Subset: [29, 39]
Iter 56: 
Min Hitting Set: [0, 1, 3, 4, 6, 8, 10, 13, 16, 17, 20, 21, 22, 23, 24, 25, 28, 29, 30, 31, 32, 36, 37, 38, 40, 41, 42, 43, 44, 46, 48, 49, 50, 51, 53, 54, 71, 72]
Min Correction Subset: [45, 64]
Iter 57: 
Min Hitting Set: [0, 1, 3, 4, 6, 8, 10, 13, 16, 17, 20, 21, 22, 23, 24, 25, 28, 29, 30, 31, 32, 36, 37, 38, 40, 41, 42, 43, 44, 45, 46, 48, 49, 50, 51, 53, 54, 71, 72]
Min Correction Subset: [18, 27]
Iter 58: 
Min Hitting Set: [0, 1, 3, 4, 6, 8, 10, 13, 16, 17, 20, 21, 22, 23, 24, 25, 27, 28, 29, 30, 31, 36, 37, 38, 40, 41, 42, 43, 44, 45, 46, 48, 49, 50, 51, 53, 54, 71, 72]
Min Correction Subset: [26, 61]
Iter 59: 
Min Hitting Set: [0, 1, 3, 4, 8, 10, 13, 16, 17, 20, 21, 22, 23, 24, 25, 26, 27, 28, 29, 30, 31, 36, 37, 38, 40, 41, 42, 43, 44, 45, 46, 48, 49, 50, 51, 53, 54, 71, 72]
Min Correction Subset: [9, 18, 32]
Iter 60: 
Min Hitting Set: [0, 1, 2, 3, 4, 5, 8, 10, 13, 16, 17, 18, 20, 21, 22, 23, 24, 26, 28, 30, 31, 32, 36, 37, 38, 39, 40, 41, 42, 43, 44, 45, 46, 48, 50, 53, 54, 71, 72]
Min Correction Subset: [27, 65]
Iter 61: 
Min Hitting Set: [0, 1, 2, 3, 4, 5, 8, 10, 13, 16, 17, 18, 20, 21, 22, 23, 24, 25, 26, 27, 28, 30, 31, 36, 37, 38, 39, 40, 41, 42, 43, 44, 45, 46, 48, 50, 53, 54, 71, 72]
Min Correction Subset: [15, 51]
Iter 62: 
Min Hitting Set: [0, 1, 3, 4, 8, 10, 13, 16, 17, 18, 20, 21, 22, 23, 24, 25, 26, 27, 28, 29, 30, 31, 36, 37, 38, 40, 41, 42, 43, 44, 45, 46, 48, 49, 50, 51, 53, 54, 71, 72]
Min Correction Subset: [2, 15, 68]
Iter 63: 
Min Hitting Set: [0, 1, 3, 4, 8, 10, 13, 16, 17, 18, 20, 21, 22, 23, 24, 25, 26, 27, 28, 29, 30, 31, 36, 37, 38, 40, 41, 42, 43, 44, 45, 46, 48, 49, 50, 51, 54, 68, 71, 72]
Min Correction Subset: [33, 64, 65]
Iter 64: 
Min Hitting Set: [0, 1, 2, 3, 4, 5, 6, 8, 10, 13, 15, 16, 17, 18, 20, 21, 22, 23, 24, 26, 27, 30, 31, 32, 36, 38, 39, 40, 41, 42, 43, 44, 46, 48, 50, 54, 64, 68, 71, 72]
Min Correction Subset: [9, 28]
Iter 65: 
Min Hitting Set: [0, 1, 3, 4, 8, 10, 13, 16, 17, 20, 21, 22, 23, 24, 25, 26, 27, 28, 29, 30, 31, 32, 36, 37, 38, 40, 41, 42, 43, 44, 45, 46, 48, 49, 50, 51, 54, 65, 68, 71, 72]
Min Correction Subset: [12, 18, 47]
Iter 66: 
Min Hitting Set: [0, 1, 3, 4, 8, 10, 12, 13, 15, 17, 20, 21, 22, 23, 24, 25, 26, 27, 28, 29, 30, 31, 32, 36, 40, 41, 42, 43, 44, 45, 46, 48, 49, 50, 51, 53, 54, 58, 64, 71, 72]
Min Correction Subset: [2, 16]
Iter 67: 
Min Hitting Set: [0, 1, 2, 3, 4, 5, 6, 8, 10, 13, 15, 16, 17, 18, 20, 21, 22, 23, 24, 26, 28, 30, 31, 32, 36, 38, 39, 40, 41, 42, 43, 44, 46, 47, 48, 54, 64, 65, 68, 71, 72]
Min Correction Subset: [50, 51]
Iter 68: 
Min Hitting Set: [0, 1, 3, 4, 6, 8, 9, 10, 13, 15, 16, 17, 18, 20, 21, 22, 23, 24, 25, 26, 27, 29, 30, 31, 36, 40, 41, 42, 43, 44, 46, 48, 49, 50, 51, 53, 54, 58, 64, 71, 72]
Min Correction Subset: [28, 55]
Iter 69: 
Min Hitting Set: [0, 1, 2, 3, 4, 5, 8, 10, 13, 15, 16, 17, 18, 20, 21, 22, 23, 24, 26, 27, 28, 30, 31, 32, 36, 38, 39, 40, 41, 42, 43, 44, 45, 46, 48, 50, 53, 54, 64, 71, 72]
Min Correction Subset: [47, 51]
Iter 70: 
Min Hitting Set: [0, 1, 2, 3, 4, 5, 8, 10, 13, 16, 17, 18, 20, 21, 22, 23, 24, 26, 28, 30, 31, 32, 36, 37, 38, 39, 40, 41, 42, 43, 44, 45, 46, 48, 50, 51, 53, 54, 65, 71, 72]
Min Correction Subset: [27, 49]
Iter 71: 
Min Hitting Set: [0, 1, 3, 4, 8, 10, 13, 16, 17, 18, 20, 21, 22, 23, 24, 25, 26, 27, 28, 29, 30, 31, 36, 37, 38, 40, 41, 42, 43, 44, 45, 46, 48, 49, 50, 51, 54, 64, 68, 71, 72]
Min Correction Subset: [6, 15, 39]
Iter 72: 
Min Hitting Set: [0, 1, 3, 4, 6, 8, 10, 13, 15, 16, 17, 18, 20, 21, 22, 23, 24, 25, 26, 27, 28, 29, 30, 31, 36, 40, 41, 42, 43, 44, 46, 48, 49, 50, 51, 53, 54, 58, 64, 71, 72]
Min Correction Subset: [7, 14, 37]
Iter 73: 
Min Hitting Set: [0, 1, 3, 4, 6, 8, 10, 13, 16, 17, 18, 20, 21, 22, 23, 24, 25, 26, 27, 28, 29, 30, 31, 36, 37, 38, 40, 41, 42, 43, 44, 46, 48, 49, 50, 51, 54, 64, 68, 71, 72]
Min Correction Subset: [32, 39, 47]
Iter 74: 
Min Hitting Set: [0, 1, 3, 4, 8, 10, 13, 16, 17, 18, 20, 21, 22, 23, 24, 25, 26, 28, 29, 30, 31, 32, 36, 37, 38, 39, 40, 41, 42, 43, 44, 45, 46, 48, 49, 50, 51, 54, 65, 68, 71, 72]
Min Correction Subset: [9, 27]
Iter 75: 
Min Hitting Set: [0, 1, 3, 4, 6, 8, 10, 12, 13, 16, 17, 20, 21, 22, 23, 24, 25, 26, 27, 28, 29, 30, 31, 32, 36, 37, 38, 40, 41, 42, 43, 44, 46, 48, 49, 50, 51, 54, 64, 68, 71, 72]
Min Correction Subset: [2, 5, 45]
Iter 76: 
Min Hitting Set: [0, 1, 2, 3, 4, 6, 8, 10, 13, 16, 17, 18, 20, 21, 22, 23, 24, 25, 26, 27, 28, 29, 30, 31, 36, 37, 38, 40, 41, 42, 43, 44, 46, 47, 48, 49, 51, 54, 64, 68, 71, 72]
Min Correction Subset: [32, 50]
Iter 77: 
Min Hitting Set: [0, 1, 2, 3, 4, 5, 6, 8, 10, 13, 16, 17, 18, 20, 21, 22, 23, 24, 26, 27, 28, 30, 31, 32, 36, 37, 38, 39, 40, 41, 42, 43, 44, 46, 47, 48, 51, 54, 64, 68, 71, 72]
Min Correction Subset: [49, 50]
Iter 78: 
Min Hitting Set: [0, 1, 2, 3, 4, 5, 6, 8, 10, 13, 16, 17, 18, 20, 21, 22, 23, 24, 25, 26, 27, 28, 30, 31, 36, 37, 38, 39, 40, 41, 42, 43, 44, 46, 48, 50, 51, 54, 64, 68, 71, 72]
Min Correction Subset: [15, 29, 65]
Iter 79: 
Min Hitting Set: [0, 1, 2, 3, 4, 6, 8, 10, 13, 16, 17, 20, 21, 22, 23, 24, 25, 26, 27, 28, 29, 30, 31, 32, 36, 37, 38, 40, 41, 42, 43, 44, 46, 47, 48, 49, 51, 54, 64, 68, 71, 72]
Min Correction Subset: [18, 50]
Iter 80: 
Min Hitting Set: [0, 1, 2, 3, 4, 8, 10, 13, 16, 17, 18, 20, 21, 22, 23, 24, 25, 26, 27, 28, 30, 31, 36, 37, 38, 39, 40, 41, 42, 43, 44, 45, 46, 48, 49, 50, 51, 54, 65, 68, 71, 72]
Min Correction Subset: [5, 15, 29]
Iter 81: 
Min Hitting Set: [0, 1, 2, 3, 4, 5, 8, 10, 13, 16, 17, 18, 20, 21, 22, 23, 24, 26, 27, 28, 30, 31, 32, 36, 37, 38, 39, 40, 41, 42, 43, 44, 45, 46, 48, 50, 51, 53, 54, 65, 71, 72]
Min Correction Subset: [6, 25, 49]
Iter 82: 
Min Hitting Set: [0, 1, 3, 4, 8, 10, 13, 16, 17, 18, 20, 21, 22, 23, 24, 25, 26, 27, 28, 29, 30, 31, 36, 37, 38, 39, 40, 41, 42, 43, 44, 45, 46, 48, 49, 50, 51, 54, 64, 68, 71, 72]
Min Correction Subset: [6, 14, 47]
Iter 83: 
Min Hitting Set: [0, 1, 3, 4, 5, 6, 8, 10, 13, 16, 17, 18, 20, 21, 22, 23, 24, 26, 27, 28, 29, 30, 31, 32, 36, 37, 38, 39, 40, 41, 42, 43, 44, 46, 48, 49, 50, 51, 54, 64, 68, 71, 72]
Min Correction Subset: [15, 25, 47]
Iter 84: 
Min Hitting Set: [0, 1, 3, 4, 8, 10, 13, 14, 16, 17, 18, 20, 21, 22, 23, 24, 25, 26, 27, 28, 29, 30, 31, 36, 37, 38, 39, 40, 41, 42, 43, 44, 45, 46, 48, 49, 50, 51, 54, 64, 68, 71, 72]
Min Correction Subset: [5, 6, 15]
Iter 85: 
Min Hitting Set: [0, 1, 3, 4, 6, 8, 10, 12, 13, 16, 17, 20, 21, 22, 23, 24, 25, 26, 27, 28, 29, 30, 31, 32, 36, 37, 38, 40, 41, 42, 43, 44, 45, 46, 48, 49, 50, 51, 54, 64, 68, 71, 72]
Min Correction Subset: [5, 7, 15, 18]
Iter 86: 
Min Hitting Set: [0, 1, 3, 4, 8, 10, 13, 15, 16, 17, 20, 21, 22, 23, 24, 25, 26, 27, 28, 29, 30, 31, 32, 36, 37, 40, 41, 42, 43, 44, 45, 46, 47, 48, 49, 50, 51, 53, 54, 58, 65, 71, 72]
Min Correction Subset: [2, 5, 68]
Iter 87: 
Min Hitting Set: [0, 1, 2, 3, 4, 6, 8, 10, 13, 16, 17, 18, 20, 21, 22, 23, 24, 25, 26, 27, 28, 29, 30, 31, 32, 36, 37, 38, 40, 41, 42, 43, 44, 46, 48, 49, 50, 51, 53, 54, 64, 71, 72]
Min Correction Subset: [5, 15, 68]
Iter 88: 
Min Hitting Set: [0, 1, 2, 3, 4, 5, 6, 8, 10, 13, 16, 17, 18, 20, 21, 22, 23, 24, 25, 26, 27, 28, 30, 31, 36, 37, 38, 39, 40, 41, 42, 43, 44, 46, 48, 50, 51, 53, 54, 64, 65, 71, 72]
Min Correction Subset: [14, 49, 52]
Iter 89: 
Min Hitting Set: [0, 1, 3, 4, 5, 6, 8, 10, 13, 16, 17, 18, 20, 21, 22, 23, 24, 25, 26, 27, 28, 29, 30, 31, 36, 37, 38, 39, 40, 41, 42, 43, 44, 46, 48, 49, 50, 51, 54, 64, 68, 71, 72]
Min Correction Subset: [9, 15, 34, 47]
Iter 90: 
Min Hitting Set: [0, 1, 3, 4, 6, 8, 10, 13, 16, 17, 18, 20, 21, 22, 23, 24, 25, 26, 27, 28, 29, 30, 31, 32, 34, 36, 37, 38, 40, 41, 42, 44, 45, 46, 48, 49, 50, 51, 54, 64, 68, 71, 72]
Min Correction Subset: [2, 5, 14, 15, 53]
Iter 91: 
Min Hitting Set: [0, 1, 2, 3, 4, 5, 8, 10, 13, 15, 16, 17, 20, 21, 22, 23, 24, 26, 27, 28, 30, 31, 32, 34, 36, 37, 38, 39, 40, 41, 42, 44, 45, 46, 47, 48, 49, 50, 54, 65, 68, 71, 72]
Min Correction Subset: [18, 43]
Iter 92: 
Min Hitting Set: [0, 1, 2, 3, 4, 6, 7, 8, 10, 13, 15, 16, 17, 18, 20, 21, 22, 23, 24, 25, 26, 27, 28, 30, 31, 36, 38, 39, 40, 41, 42, 43, 44, 46, 48, 49, 50, 51, 53, 54, 64, 71, 72]
Min Correction Subset: [14, 29, 65]
Iter 93: 
Min Hitting Set: [0, 1, 2, 3, 4, 6, 8, 10, 13, 14, 15, 16, 17, 18, 20, 21, 22, 23, 24, 25, 26, 27, 28, 30, 31, 36, 38, 39, 40, 41, 42, 43, 44, 46, 48, 49, 50, 51, 53, 54, 64, 71, 72]
Min Correction Subset: [9, 32, 68]
Iter 94: 
Min Hitting Set: [0, 1, 2, 3, 4, 6, 8, 10, 13, 16, 17, 18, 20, 21, 22, 23, 24, 25, 26, 27, 28, 29, 30, 31, 36, 37, 38, 40, 41, 42, 43, 44, 46, 47, 48, 49, 50, 51, 54, 64, 68, 71, 72]
Min Correction Subset: [32, 39, 45]
Iter 95: 
Min Hitting Set: [0, 1, 2, 3, 4, 6, 8, 10, 13, 14, 15, 16, 17, 18, 20, 21, 22, 23, 24, 25, 26, 27, 28, 30, 31, 36, 38, 39, 40, 41, 42, 43, 44, 46, 48, 49, 50, 51, 54, 64, 68, 71, 72]
Min Correction Subset: [9, 34, 45, 47]
Iter 96: 
Min Hitting Set: [0, 1, 2, 3, 4, 6, 8, 10, 13, 16, 17, 18, 20, 21, 22, 23, 24, 25, 26, 27, 28, 29, 30, 31, 32, 36, 37, 38, 40, 41, 42, 43, 44, 46, 47, 48, 49, 51, 54, 64, 68, 71, 72]
Min Correction Subset: [5, 45, 50]
Iter 97: 
Min Hitting Set: [0, 1, 3, 4, 8, 10, 13, 15, 16, 17, 18, 20, 21, 22, 23, 24, 25, 26, 27, 28, 29, 30, 31, 36, 37, 38, 40, 41, 42, 43, 44, 45, 46, 47, 48, 49, 50, 51, 54, 64, 68, 71, 72]
Min Correction Subset: [2, 6, 39]
Iter 98: 
Min Hitting Set: [0, 1, 3, 4, 5, 6, 8, 10, 13, 16, 17, 20, 21, 22, 23, 24, 26, 27, 28, 29, 30, 31, 32, 36, 37, 38, 39, 40, 41, 42, 43, 44, 46, 47, 48, 49, 50, 51, 54, 64, 68, 71, 72]
Min Correction Subset: [2, 15, 25]
Iter 99: 
Min Hitting Set: [0, 1, 3, 4, 5, 6, 8, 10, 13, 16, 17, 20, 21, 22, 23, 24, 25, 26, 27, 28, 29, 30, 31, 32, 36, 37, 38, 40, 41, 42, 43, 44, 46, 47, 48, 49, 50, 51, 54, 64, 68, 71, 72]
Min Correction Subset: [2, 7, 18, 33, 39]
Iter 100: 
Min Hitting Set: [0, 1, 2, 3, 4, 5, 8, 9, 10, 13, 16, 17, 18, 20, 21, 22, 23, 24, 26, 28, 30, 31, 32, 36, 37, 38, 39, 40, 41, 42, 43, 44, 45, 46, 47, 48, 49, 51, 53, 54, 65, 71, 72]
Min Correction Subset: [6, 50]
Iter 101: 
Min Hitting Set: [0, 1, 2, 3, 4, 5, 8, 10, 13, 16, 17, 20, 21, 22, 23, 24, 26, 27, 28, 30, 31, 32, 36, 37, 38, 39, 40, 41, 42, 43, 44, 45, 46, 47, 48, 49, 50, 51, 54, 65, 68, 71, 72]
Min Correction Subset: [15, 25, 64]
Iter 102: 
Min Hitting Set: [0, 1, 2, 3, 4, 5, 6, 8, 10, 13, 14, 15, 16, 17, 18, 20, 21, 22, 23, 24, 25, 26, 27, 28, 30, 31, 36, 38, 39, 40, 41, 42, 43, 44, 46, 47, 48, 50, 54, 64, 68, 71, 72]
Min Correction Subset: [49, 51]
Iter 103: 
Min Hitting Set: [0, 1, 2, 3, 4, 8, 10, 13, 14, 15, 16, 17, 18, 20, 21, 22, 23, 24, 25, 26, 27, 28, 30, 31, 36, 38, 39, 40, 41, 42, 43, 44, 45, 46, 48, 49, 50, 51, 54, 64, 68, 71, 72]
Min Correction Subset: [6, 7, 29]
Iter 104: 
Min Hitting Set: [0, 1, 2, 3, 4, 8, 10, 12, 13, 14, 15, 17, 20, 21, 22, 23, 24, 25, 26, 27, 28, 29, 30, 31, 32, 36, 40, 41, 42, 43, 44, 45, 46, 48, 49, 50, 51, 53, 54, 58, 64, 71, 72]
Min Correction Subset: [6, 18, 33]
Iter 105: 
Min Hitting Set: [0, 1, 3, 4, 5, 6, 8, 10, 13, 15, 16, 17, 20, 21, 22, 23, 24, 26, 27, 28, 29, 30, 31, 32, 36, 37, 38, 39, 40, 41, 42, 43, 44, 46, 47, 48, 49, 50, 54, 64, 68, 71, 72]
Min Correction Subset: [18, 51]
Iter 106: 
Min Hitting Set: [0, 1, 3, 4, 8, 10, 13, 14, 15, 16, 17, 18, 20, 21, 22, 23, 24, 25, 26, 27, 28, 29, 30, 31, 36, 38, 39, 40, 41, 42, 43, 44, 45, 46, 48, 49, 50, 51, 54, 64, 68, 71, 72]
Min Correction Subset: [6, 7, 19, 58]
Iter 107: 
Min Hitting Set: [0, 1, 2, 3, 4, 6, 8, 9, 10, 13, 14, 15, 16, 17, 18, 20, 21, 22, 23, 24, 25, 26, 27, 28, 30, 31, 36, 38, 39, 40, 41, 42, 43, 44, 46, 48, 49, 50, 51, 54, 64, 68, 71, 72]
Min Correction Subset: [37, 45, 58, 70]
Optimal IIS
Instance: arbitrary-52-100-980000
----------------------------
Query: 8
Query element:35
Query scope: 18
Query scope: 19
Query scope: 22
Query scope: 23
Query scope: 24
Query scope: 26
Query scope: 27
Query scope: 35
Query scope: 36
Query scope: 41
Query scope: 42
Query scope: 43
Query scope: 44
Query scope: 47
Query scope: 52
Query scope: 53
Query scope: 59
Query scope: 68
Query scope: 75
Query scope: 76
Query scope: 89
Query scope: 90
Query scope: 91
Query scope: 95
Query scope: 96
Query scope: 97
Query scope: 99
----------------------------
IIS optimality: suboptimal
IIS solution time: 32030.222
IIS Constraint: 0; goods; {good:0}
IIS Constraint: 1; goods; {good:1}
IIS Constraint: 3; goods; {good:3}
IIS Constraint: 4; goods; {good:4}
IIS Constraint: 5; goods; {good:5}
IIS Constraint: 6; goods; {good:6}
IIS Constraint: 8; goods; {good:8}
IIS Constraint: 10; goods; {good:10}
IIS Constraint: 13; goods; {good:13}
IIS Constraint: 16; goods; {good:16}
IIS Constraint: 17; goods; {good:17}
IIS Constraint: 20; goods; {good:20}
IIS Constraint: 21; goods; {good:21}
IIS Constraint: 22; goods; {good:22}
IIS Constraint: 23; goods; {good:23}
IIS Constraint: 24; goods; {good:24}
IIS Constraint: 25; goods; {good:25}
IIS Constraint: 26; goods; {good:26}
IIS Constraint: 27; goods; {good:27}
IIS Constraint: 28; goods; {good:28}
IIS Constraint: 29; goods; {good:29}
IIS Constraint: 30; goods; {good:30}
IIS Constraint: 31; goods; {good:31}
IIS Constraint: 32; goods; {good:32}
IIS Constraint: 36; goods; {good:36}
IIS Constraint: 37; goods; {good:37}
IIS Constraint: 38; goods; {good:38}
IIS Constraint: 39; goods; {good:39}
IIS Constraint: 40; goods; {good:40}
IIS Constraint: 41; goods; {good:41}
IIS Constraint: 42; goods; {good:42}
IIS Constraint: 43; goods; {good:43}
IIS Constraint: 44; goods; {good:44}
IIS Constraint: 46; goods; {good:46}
IIS Constraint: 47; goods; {good:47}
IIS Constraint: 48; goods; {good:48}
IIS Constraint: 49; goods; {good:49}
IIS Constraint: 50; goods; {good:50}
IIS Constraint: 51; goods; {good:51}
IIS Constraint: 54; goods; {good:54}
IIS Constraint: 64; goods; {good:64}
IIS Constraint: 68; goods; {good:68}
IIS Constraint: 71; query; {good:35,query:8}
IIS Constraint: 72; max; {f:2775.593,objective:max}
