IIS generation
Iter 1: 
Min Hitting Set: []
Min Correction Subset: [89]
Iter 2: 
Min Hitting Set: [89]
Min Correction Subset: [20]
Iter 3: 
Min Hitting Set: [20, 89]
Min Correction Subset: [11]
Iter 4: 
Min Hitting Set: [11, 20, 89]
Min Correction Subset: [1]
Iter 5: 
Min Hitting Set: [1, 11, 20, 89]
Min Correction Subset: [23]
Iter 6: 
Min Hitting Set: [1, 11, 20, 23, 89]
Min Correction Subset: [27]
Iter 7: 
Min Hitting Set: [1, 11, 20, 23, 27, 89]
Min Correction Subset: [50]
Iter 8: 
Min Hitting Set: [1, 11, 20, 23, 27, 50, 89]
Min Correction Subset: [0]
Iter 9: 
Min Hitting Set: [0, 1, 11, 20, 23, 27, 50, 89]
Min Correction Subset: [12]
Iter 10: 
Min Hitting Set: [0, 1, 11, 12, 20, 23, 27, 50, 89]
Min Correction Subset: [9]
Iter 11: 
Min Hitting Set: [0, 1, 9, 11, 12, 20, 23, 27, 50, 89]
Min Correction Subset: [60]
Iter 12: 
Min Hitting Set: [0, 1, 9, 11, 12, 20, 23, 27, 50, 60, 89]
Min Correction Subset: [45]
Iter 13: 
Min Hitting Set: [0, 1, 9, 11, 12, 20, 23, 27, 45, 50, 60, 89]
Min Correction Subset: [33]
Iter 14: 
Min Hitting Set: [0, 1, 9, 11, 12, 20, 23, 27, 33, 45, 50, 60, 89]
Min Correction Subset: [14]
Iter 15: 
Min Hitting Set: [0, 1, 9, 11, 12, 14, 20, 23, 27, 33, 45, 50, 60, 89]
Min Correction Subset: [55]
Iter 16: 
Min Hitting Set: [0, 1, 9, 11, 12, 14, 20, 23, 27, 33, 45, 50, 55, 60, 89]
Min Correction Subset: [48]
Iter 17: 
Min Hitting Set: [0, 1, 9, 11, 12, 14, 20, 23, 27, 33, 45, 48, 50, 55, 60, 89]
Min Correction Subset: [41]
Iter 18: 
Min Hitting Set: [0, 1, 9, 11, 12, 14, 20, 23, 27, 33, 41, 45, 48, 50, 55, 60, 89]
Min Correction Subset: [29]
Iter 19: 
Min Hitting Set: [0, 1, 9, 11, 12, 14, 20, 23, 27, 29, 33, 41, 45, 48, 50, 55, 60, 89]
Min Correction Subset: [66]
Iter 20: 
Min Hitting Set: [0, 1, 9, 11, 12, 14, 20, 23, 27, 29, 33, 41, 45, 48, 50, 55, 60, 66, 89]
Min Correction Subset: [65]
Iter 21: 
Min Hitting Set: [0, 1, 9, 11, 12, 14, 20, 23, 27, 29, 33, 41, 45, 48, 50, 55, 60, 65, 66, 89]
Min Correction Subset: [19]
Iter 22: 
Min Hitting Set: [0, 1, 9, 11, 12, 14, 19, 20, 23, 27, 29, 33, 41, 45, 48, 50, 55, 60, 65, 66, 89]
Min Correction Subset: [88]
Iter 23: 
Min Hitting Set: [0, 1, 9, 11, 12, 14, 19, 20, 23, 27, 29, 33, 41, 45, 48, 50, 55, 60, 65, 66, 88, 89]
Min Correction Subset: [13, 18]
Iter 24: 
Min Hitting Set: [0, 1, 9, 11, 12, 13, 14, 19, 20, 23, 27, 29, 33, 41, 45, 48, 50, 55, 60, 65, 66, 88, 89]
Min Correction Subset: [8, 62]
Iter 25: 
Min Hitting Set: [0, 1, 8, 9, 11, 12, 13, 14, 19, 20, 23, 27, 29, 33, 41, 45, 48, 50, 55, 60, 65, 66, 88, 89]
Min Correction Subset: [16, 69]
Iter 26: 
Min Hitting Set: [0, 1, 8, 9, 11, 12, 13, 14, 16, 19, 20, 23, 27, 29, 33, 41, 45, 48, 50, 55, 60, 65, 66, 88, 89]
Min Correction Subset: [38, 68]
Iter 27: 
Min Hitting Set: [0, 1, 8, 9, 11, 12, 13, 14, 16, 19, 20, 23, 27, 29, 33, 38, 41, 45, 48, 50, 55, 60, 65, 66, 88, 89]
Min Correction Subset: [31, 54]
Iter 28: 
Min Hitting Set: [0, 1, 8, 9, 11, 12, 13, 14, 16, 19, 20, 23, 27, 29, 31, 33, 38, 41, 45, 48, 50, 55, 60, 65, 66, 88, 89]
Min Correction Subset: [18, 47]
Iter 29: 
Min Hitting Set: [0, 1, 8, 9, 11, 12, 14, 16, 18, 19, 20, 23, 27, 29, 31, 33, 38, 41, 45, 48, 50, 55, 60, 65, 66, 88, 89]
Min Correction Subset: [21, 63]
Iter 30: 
Min Hitting Set: [0, 1, 8, 9, 11, 12, 14, 16, 18, 19, 20, 21, 23, 27, 29, 31, 33, 38, 41, 45, 48, 50, 55, 60, 65, 66, 88, 89]
Min Correction Subset: [28, 53]
Iter 31: 
Min Hitting Set: [0, 1, 8, 9, 11, 12, 14, 16, 18, 19, 20, 21, 23, 27, 28, 29, 31, 33, 38, 41, 45, 48, 50, 55, 60, 65, 66, 88, 89]
Min Correction Subset: [53, 68]
Iter 32: 
Min Hitting Set: [0, 1, 8, 9, 11, 12, 14, 16, 18, 19, 20, 21, 23, 27, 29, 31, 33, 41, 45, 48, 50, 53, 55, 60, 65, 66, 68, 88, 89]
Min Correction Subset: [38, 59]
Iter 33: 
Min Hitting Set: [0, 1, 8, 9, 11, 12, 14, 16, 18, 19, 20, 21, 23, 27, 29, 31, 33, 38, 41, 45, 48, 50, 53, 55, 60, 65, 66, 88, 89]
Min Correction Subset: [30, 54, 56]
Iter 34: 
Min Hitting Set: [0, 1, 8, 9, 11, 12, 14, 16, 18, 19, 20, 21, 23, 27, 29, 33, 38, 41, 45, 48, 50, 53, 54, 55, 60, 65, 66, 88, 89]
Min Correction Subset: [32, 35, 64]
Iter 35: 
Min Hitting Set: [0, 1, 8, 9, 11, 12, 14, 16, 18, 19, 20, 21, 23, 27, 29, 32, 33, 38, 41, 45, 48, 50, 53, 54, 55, 60, 65, 66, 88, 89]
Min Correction Subset: [28, 34, 62]
Optimal IIS
Instance: paths-52-100-500000
----------------------------
Query: 8
Query element:3
Query scope: 33
Query scope: 93
----------------------------
IIS optimality: suboptimal
IIS solution time: 1956.189
IIS Constraint: 0; goods; {good:0}
IIS Constraint: 1; goods; {good:1}
IIS Constraint: 9; goods; {good:9}
IIS Constraint: 11; goods; {good:11}
IIS Constraint: 12; goods; {good:12}
IIS Constraint: 14; goods; {good:14}
IIS Constraint: 16; goods; {good:16}
IIS Constraint: 18; goods; {good:18}
IIS Constraint: 19; goods; {good:19}
IIS Constraint: 20; goods; {good:20}
IIS Constraint: 21; goods; {good:21}
IIS Constraint: 23; goods; {good:23}
IIS Constraint: 27; goods; {good:27}
IIS Constraint: 29; goods; {good:29}
IIS Constraint: 32; goods; {good:32}
IIS Constraint: 33; goods; {good:33}
IIS Constraint: 38; goods; {good:38}
IIS Constraint: 41; goods; {good:41}
IIS Constraint: 45; goods; {good:45}
IIS Constraint: 48; goods; {good:48}
IIS Constraint: 50; goods; {good:50}
IIS Constraint: 53; goods; {good:53}
IIS Constraint: 54; goods; {good:54}
IIS Constraint: 55; goods; {good:55}
IIS Constraint: 60; goods; {good:60}
IIS Constraint: 62; goods; {good:62}
IIS Constraint: 65; goods; {good:65}
IIS Constraint: 66; goods; {good:66}
IIS Constraint: 88; query; {good:3,query:8}
IIS Constraint: 89; max; {f:19.321742999999998,objective:max}
