IIS generation
Iter 1: 
Min Hitting Set: []
Min Correction Subset: [72]
Iter 2: 
Min Hitting Set: [72]
Min Correction Subset: [1]
Iter 3: 
Min Hitting Set: [1, 72]
Min Correction Subset: [12]
Iter 4: 
Min Hitting Set: [1, 12, 72]
Min Correction Subset: [10]
Iter 5: 
Min Hitting Set: [1, 10, 12, 72]
Min Correction Subset: [71]
Iter 6: 
Min Hitting Set: [1, 10, 12, 71, 72]
Min Correction Subset: [46]
Iter 7: 
Min Hitting Set: [1, 10, 12, 46, 71, 72]
Min Correction Subset: [3]
Iter 8: 
Min Hitting Set: [1, 3, 10, 12, 46, 71, 72]
Min Correction Subset: [11]
Iter 9: 
Min Hitting Set: [1, 3, 10, 11, 12, 46, 71, 72]
Min Correction Subset: [5, 16]
Iter 10: 
Min Hitting Set: [1, 3, 5, 10, 11, 12, 46, 71, 72]
Min Correction Subset: [4, 39]
Iter 11: 
Min Hitting Set: [1, 3, 4, 5, 10, 11, 12, 46, 71, 72]
Min Correction Subset: [2, 8]
Iter 12: 
Min Hitting Set: [1, 2, 3, 4, 5, 10, 11, 12, 46, 71, 72]
Min Correction Subset: [45, 47]
Iter 13: 
Min Hitting Set: [1, 2, 3, 4, 5, 10, 11, 12, 45, 46, 71, 72]
Min Correction Subset: [8, 34]
Iter 14: 
Min Hitting Set: [1, 3, 4, 5, 8, 10, 11, 12, 45, 46, 71, 72]
Min Correction Subset: [20, 21]
Iter 15: 
Min Hitting Set: [1, 3, 4, 5, 8, 10, 11, 12, 20, 45, 46, 71, 72]
Min Correction Subset: [19, 43]
Iter 16: 
Min Hitting Set: [1, 3, 4, 5, 8, 10, 11, 12, 19, 20, 45, 46, 71, 72]
Min Correction Subset: [38, 40]
Iter 17: 
Min Hitting Set: [1, 3, 4, 5, 8, 10, 11, 12, 19, 20, 38, 45, 46, 71, 72]
Min Correction Subset: [39, 40]
Iter 18: 
Min Hitting Set: [1, 3, 5, 8, 10, 11, 12, 19, 20, 39, 40, 45, 46, 71, 72]
Min Correction Subset: [4, 43]
Iter 19: 
Min Hitting Set: [1, 3, 4, 5, 8, 10, 11, 12, 20, 40, 43, 45, 46, 71, 72]
Min Correction Subset: [33, 39]
Iter 20: 
Min Hitting Set: [1, 3, 5, 8, 10, 11, 12, 20, 39, 40, 43, 45, 46, 71, 72]
Min Correction Subset: [4, 23]
Iter 21: 
Min Hitting Set: [1, 3, 4, 5, 8, 10, 11, 12, 20, 39, 40, 43, 45, 46, 71, 72]
Min Correction Subset: [27, 47]
Iter 22: 
Min Hitting Set: [1, 3, 4, 5, 8, 10, 11, 12, 20, 39, 40, 43, 46, 47, 71, 72]
Min Correction Subset: [2, 41]
Iter 23: 
Min Hitting Set: [1, 2, 3, 4, 5, 8, 10, 11, 12, 20, 39, 40, 43, 46, 47, 71, 72]
Min Correction Subset: [0, 24, 49]
Iter 24: 
Min Hitting Set: [0, 1, 2, 3, 4, 5, 8, 10, 11, 12, 20, 39, 40, 43, 46, 47, 71, 72]
Min Correction Subset: [19, 27, 32]
Iter 25: 
Min Hitting Set: [0, 1, 2, 3, 4, 5, 8, 10, 11, 12, 19, 20, 39, 40, 46, 47, 71, 72]
Min Correction Subset: [34, 43]
Iter 26: 
Min Hitting Set: [0, 1, 2, 3, 4, 5, 10, 11, 12, 19, 20, 34, 39, 40, 46, 47, 71, 72]
Min Correction Subset: [38, 43]
Iter 27: 
Min Hitting Set: [0, 1, 2, 3, 4, 5, 10, 11, 12, 19, 20, 34, 38, 39, 46, 47, 71, 72]
Min Correction Subset: [40, 41]
Iter 28: 
Min Hitting Set: [0, 1, 2, 3, 4, 5, 10, 11, 12, 19, 20, 34, 38, 39, 40, 46, 47, 71, 72]
Min Correction Subset: [8, 30, 31]
Iter 29: 
Min Hitting Set: [0, 1, 3, 4, 5, 8, 10, 11, 12, 19, 20, 38, 39, 41, 43, 46, 47, 71, 72]
Min Correction Subset: [2, 15, 24]
Iter 30: 
Min Hitting Set: [1, 3, 4, 5, 8, 10, 11, 12, 19, 20, 24, 38, 39, 41, 43, 46, 47, 71, 72]
Min Correction Subset: [2, 33, 51]
Iter 31: 
Min Hitting Set: [1, 2, 3, 4, 5, 8, 10, 11, 12, 19, 20, 24, 33, 40, 43, 46, 47, 71, 72]
Min Correction Subset: [6, 30, 31]
Iter 32: 
Min Hitting Set: [1, 2, 3, 4, 5, 8, 10, 11, 12, 19, 20, 24, 30, 39, 40, 43, 46, 47, 71, 72]
Min Correction Subset: [9, 16, 53]
Iter 33: 
Min Hitting Set: [1, 2, 3, 4, 8, 10, 11, 12, 16, 19, 20, 24, 30, 39, 40, 43, 46, 47, 71, 72]
Min Correction Subset: [5, 34]
Iter 34: 
Min Hitting Set: [1, 2, 3, 4, 10, 11, 12, 16, 19, 20, 24, 31, 34, 38, 39, 40, 46, 47, 71, 72]
Min Correction Subset: [5, 43]
Iter 35: 
Min Hitting Set: [1, 2, 3, 4, 10, 11, 12, 16, 19, 20, 24, 31, 34, 39, 40, 43, 46, 47, 71, 72]
Min Correction Subset: [8, 30, 38]
Iter 36: 
Min Hitting Set: [1, 2, 3, 4, 10, 11, 12, 16, 19, 20, 24, 30, 34, 39, 40, 43, 46, 47, 71, 72]
Min Correction Subset: [7, 36, 68]
Iter 37: 
Min Hitting Set: [1, 2, 3, 4, 7, 10, 11, 12, 16, 19, 20, 24, 30, 34, 39, 40, 43, 46, 47, 71, 72]
Min Correction Subset: [5, 8, 41]
Iter 38: 
Min Hitting Set: [1, 2, 3, 4, 5, 7, 10, 11, 12, 16, 19, 20, 24, 30, 34, 39, 40, 43, 46, 47, 71, 72]
Min Correction Subset: [14, 26, 49]
Iter 39: 
Min Hitting Set: [1, 2, 3, 4, 7, 10, 11, 12, 16, 19, 20, 30, 34, 39, 40, 41, 43, 46, 47, 49, 71, 72]
Min Correction Subset: [5, 8, 31]
Iter 40: 
Min Hitting Set: [1, 2, 3, 4, 7, 10, 11, 12, 16, 19, 20, 31, 34, 38, 39, 41, 43, 46, 47, 49, 71, 72]
Min Correction Subset: [8, 22, 45]
Iter 41: 
Min Hitting Set: [1, 2, 3, 4, 7, 8, 10, 11, 12, 16, 20, 27, 30, 34, 39, 40, 43, 46, 47, 49, 71, 72]
Min Correction Subset: [5, 36, 44]
Iter 42: 
Min Hitting Set: [1, 2, 3, 4, 8, 10, 11, 12, 16, 20, 27, 30, 34, 36, 39, 40, 43, 46, 47, 49, 71, 72]
Min Correction Subset: [5, 15, 41]
Iter 43: 
Min Hitting Set: [1, 2, 3, 4, 5, 8, 10, 11, 12, 16, 20, 27, 30, 33, 36, 40, 43, 45, 46, 49, 71, 72]
Min Correction Subset: [19, 28, 47]
Iter 44: 
Min Hitting Set: [1, 2, 3, 4, 5, 8, 10, 11, 12, 16, 20, 27, 30, 36, 39, 40, 43, 46, 47, 49, 71, 72]
Min Correction Subset: [26, 32, 54]
Iter 45: 
Min Hitting Set: [1, 2, 3, 4, 5, 8, 10, 11, 12, 16, 20, 30, 32, 36, 39, 40, 43, 46, 47, 49, 71, 72]
Min Correction Subset: [28, 45, 53]
Iter 46: 
Min Hitting Set: [1, 2, 3, 4, 5, 8, 10, 11, 12, 20, 30, 32, 36, 39, 40, 43, 46, 47, 49, 53, 71, 72]
Min Correction Subset: [16, 35, 41]
Iter 47: 
Min Hitting Set: [1, 2, 3, 4, 5, 8, 10, 11, 12, 16, 20, 28, 30, 32, 36, 39, 40, 43, 46, 47, 49, 71, 72]
Min Correction Subset: [7, 22, 44]
Iter 48: 
Min Hitting Set: [1, 3, 4, 5, 7, 8, 10, 11, 12, 20, 24, 30, 32, 33, 40, 41, 43, 46, 47, 49, 53, 71, 72]
Min Correction Subset: [9, 15, 39]
Iter 49: 
Min Hitting Set: [1, 2, 3, 4, 5, 7, 10, 11, 12, 16, 20, 30, 32, 34, 39, 40, 43, 45, 46, 47, 49, 71, 72]
Min Correction Subset: [21, 41, 51]
Iter 50: 
Min Hitting Set: [1, 2, 3, 4, 5, 7, 10, 11, 12, 16, 21, 30, 32, 34, 39, 40, 43, 45, 46, 47, 49, 71, 72]
Min Correction Subset: [8, 20, 53]
Instance: arbitrary-52-100-740000
----------------------------
Query: 8
Query element:13
Query scope: 3
Query scope: 7
Query scope: 17
Query scope: 43
Query scope: 45
Query scope: 47
Query scope: 51
Query scope: 52
Query scope: 53
Query scope: 54
Query scope: 55
Query scope: 56
Query scope: 57
Query scope: 70
Query scope: 84
Query scope: 96
----------------------------
IIS optimality: suboptimal
IIS solution time: 36078.978
IIS Constraint: 1; goods; {good:1}
IIS Constraint: 2; goods; {good:2}
IIS Constraint: 3; goods; {good:3}
IIS Constraint: 4; goods; {good:4}
IIS Constraint: 5; goods; {good:5}
IIS Constraint: 7; goods; {good:7}
IIS Constraint: 10; goods; {good:10}
IIS Constraint: 11; goods; {good:11}
IIS Constraint: 12; goods; {good:12}
IIS Constraint: 16; goods; {good:16}
IIS Constraint: 21; goods; {good:21}
IIS Constraint: 30; goods; {good:30}
IIS Constraint: 32; goods; {good:32}
IIS Constraint: 34; goods; {good:34}
IIS Constraint: 39; goods; {good:39}
IIS Constraint: 40; goods; {good:40}
IIS Constraint: 43; goods; {good:43}
IIS Constraint: 45; goods; {good:45}
IIS Constraint: 46; goods; {good:46}
IIS Constraint: 47; goods; {good:47}
IIS Constraint: 49; goods; {good:49}
IIS Constraint: 71; query; {good:13,query:8}
IIS Constraint: 72; max; {f:2652.0220999999997,objective:max}
