IIS generation
Iter 1: 
Min Hitting Set: []
Min Correction Subset: [85]
Iter 2: 
Min Hitting Set: [85]
Min Correction Subset: [2]
Iter 3: 
Min Hitting Set: [2, 85]
Min Correction Subset: [84]
Iter 4: 
Min Hitting Set: [2, 84, 85]
Min Correction Subset: [7, 13]
Iter 5: 
Min Hitting Set: [2, 7, 84, 85]
Min Correction Subset: [9, 67]
Iter 6: 
Min Hitting Set: [2, 7, 9, 84, 85]
Min Correction Subset: [67, 76]
Iter 7: 
Min Hitting Set: [2, 7, 67, 84, 85]
Min Correction Subset: [9, 57]
Iter 8: 
Min Hitting Set: [2, 7, 9, 67, 84, 85]
Min Correction Subset: [20, 76]
Iter 9: 
Min Hitting Set: [2, 7, 9, 76, 84, 85]
Min Correction Subset: [18, 67]
Iter 10: 
Min Hitting Set: [2, 7, 9, 67, 76, 84, 85]
Min Correction Subset: [20, 59]
Iter 11: 
Min Hitting Set: [2, 7, 9, 20, 67, 84, 85]
Min Correction Subset: [18, 76]
Iter 12: 
Min Hitting Set: [2, 7, 9, 18, 20, 67, 84, 85]
Min Correction Subset: [14, 76]
Iter 13: 
Min Hitting Set: [2, 7, 9, 18, 20, 76, 84, 85]
Min Correction Subset: [49, 53]
Iter 14: 
Min Hitting Set: [2, 7, 9, 18, 20, 49, 76, 84, 85]
Min Correction Subset: [59, 67]
Iter 15: 
Min Hitting Set: [2, 7, 9, 49, 59, 67, 76, 84, 85]
Min Correction Subset: [18, 20]
Iter 16: 
Min Hitting Set: [2, 7, 9, 18, 49, 59, 76, 84, 85]
Min Correction Subset: [13, 20, 67]
Iter 17: 
Min Hitting Set: [2, 9, 13, 18, 49, 59, 76, 84, 85]
Min Correction Subset: [7, 20]
Iter 18: 
Min Hitting Set: [2, 9, 13, 20, 49, 67, 76, 84, 85]
Min Correction Subset: [7, 14]
Iter 19: 
Min Hitting Set: [2, 7, 9, 20, 49, 67, 76, 84, 85]
Min Correction Subset: [18, 59]
Iter 20: 
Min Hitting Set: [2, 7, 9, 18, 20, 49, 59, 76, 84, 85]
Min Correction Subset: [41, 53, 67]
Iter 21: 
Min Hitting Set: [2, 7, 9, 18, 20, 53, 59, 76, 84, 85]
Min Correction Subset: [49, 57]
Iter 22: 
Min Hitting Set: [2, 7, 9, 18, 49, 59, 67, 76, 84, 85]
Min Correction Subset: [13, 14, 20]
Iter 23: 
Min Hitting Set: [2, 7, 9, 18, 20, 49, 67, 76, 84, 85]
Min Correction Subset: [13, 59]
Iter 24: 
Min Hitting Set: [2, 9, 13, 14, 18, 20, 49, 67, 84, 85]
Min Correction Subset: [7, 68]
Iter 25: 
Min Hitting Set: [2, 7, 9, 20, 49, 59, 67, 76, 84, 85]
Min Correction Subset: [13, 18]
Iter 26: 
Min Hitting Set: [2, 7, 9, 18, 20, 49, 53, 59, 76, 84, 85]
Min Correction Subset: [13, 14, 35]
Iter 27: 
Min Hitting Set: [2, 7, 9, 13, 18, 20, 49, 67, 76, 84, 85]
Min Correction Subset: [14, 41, 52]
Iter 28: 
Min Hitting Set: [2, 7, 9, 13, 18, 41, 49, 59, 76, 84, 85]
Min Correction Subset: [14, 57, 62]
Iter 29: 
Min Hitting Set: [2, 7, 9, 14, 18, 49, 59, 67, 76, 84, 85]
Min Correction Subset: [20, 25, 57]
Iter 30: 
Min Hitting Set: [2, 7, 14, 18, 53, 57, 59, 67, 76, 84, 85]
Min Correction Subset: [9, 13]
Iter 31: 
Min Hitting Set: [2, 7, 9, 13, 14, 18, 20, 49, 67, 84, 85]
Min Correction Subset: [35, 57, 59]
Iter 32: 
Min Hitting Set: [2, 7, 13, 14, 18, 20, 49, 57, 67, 84, 85]
Min Correction Subset: [9, 35]
Iter 33: 
Min Hitting Set: [2, 7, 9, 14, 18, 20, 49, 59, 67, 84, 85]
Min Correction Subset: [13, 76]
Iter 34: 
Min Hitting Set: [2, 7, 9, 13, 14, 18, 20, 35, 49, 67, 84, 85]
Min Correction Subset: [5, 52, 59]
Iter 35: 
Min Hitting Set: [2, 7, 9, 14, 18, 53, 57, 59, 67, 76, 84, 85]
Min Correction Subset: [13, 20, 35]
Iter 36: 
Min Hitting Set: [2, 7, 9, 14, 18, 20, 53, 57, 59, 76, 84, 85]
Min Correction Subset: [13, 35, 41]
Iter 37: 
Min Hitting Set: [2, 7, 9, 13, 18, 41, 49, 57, 59, 76, 84, 85]
Min Correction Subset: [20, 35, 67]
Iter 38: 
Min Hitting Set: [2, 7, 9, 14, 18, 20, 41, 49, 59, 76, 84, 85]
Min Correction Subset: [4, 13, 35]
Iter 39: 
Min Hitting Set: [2, 7, 9, 13, 14, 18, 20, 49, 59, 67, 84, 85]
Min Correction Subset: [35, 53, 76]
Iter 40: 
Min Hitting Set: [2, 7, 9, 13, 14, 20, 49, 59, 67, 76, 84, 85]
Min Correction Subset: [18, 35, 41]
Iter 41: 
Min Hitting Set: [2, 7, 9, 13, 18, 52, 53, 57, 59, 67, 76, 84, 85]
Min Correction Subset: [20, 35, 62]
Iter 42: 
Min Hitting Set: [2, 7, 13, 20, 35, 52, 53, 57, 59, 67, 76, 84, 85]
Min Correction Subset: [9, 14]
Iter 43: 
Min Hitting Set: [2, 7, 13, 14, 20, 35, 53, 57, 59, 67, 76, 84, 85]
Min Correction Subset: [9, 18]
Iter 44: 
Min Hitting Set: [2, 7, 13, 14, 18, 35, 53, 57, 59, 67, 76, 84, 85]
Min Correction Subset: [9, 20]
Iter 45: 
Min Hitting Set: [2, 7, 13, 14, 18, 20, 35, 53, 57, 59, 67, 84, 85]
Min Correction Subset: [9, 76]
Iter 46: 
Min Hitting Set: [2, 7, 9, 13, 14, 18, 20, 35, 49, 52, 67, 84, 85]
Min Correction Subset: [4, 74, 76]
Iter 47: 
Min Hitting Set: [2, 7, 9, 14, 18, 20, 35, 41, 49, 59, 76, 84, 85]
Min Correction Subset: [6, 13, 67]
Iter 48: 
Min Hitting Set: [2, 7, 9, 13, 14, 18, 20, 41, 49, 59, 76, 84, 85]
Min Correction Subset: [35, 53, 67]
Iter 49: 
Min Hitting Set: [2, 7, 9, 13, 14, 18, 20, 49, 53, 59, 76, 84, 85]
Min Correction Subset: [25, 41, 57]
Iter 50: 
Min Hitting Set: [2, 7, 9, 13, 14, 18, 20, 53, 57, 59, 76, 84, 85]
Min Correction Subset: [35, 41, 67]
Iter 51: 
Min Hitting Set: [2, 7, 9, 13, 18, 20, 49, 52, 57, 67, 76, 84, 85]
Min Correction Subset: [14, 59, 62]
Iter 52: 
Min Hitting Set: [2, 7, 9, 13, 14, 20, 41, 49, 59, 67, 76, 84, 85]
Min Correction Subset: [18, 35, 53]
Iter 53: 
Min Hitting Set: [2, 7, 9, 13, 18, 20, 41, 53, 57, 59, 76, 84, 85]
Min Correction Subset: [14, 52, 67]
Iter 54: 
Min Hitting Set: [2, 7, 9, 13, 20, 41, 53, 57, 59, 67, 76, 84, 85]
Min Correction Subset: [14, 18, 62]
Iter 55: 
Min Hitting Set: [2, 7, 9, 14, 18, 35, 53, 57, 59, 67, 76, 84, 85]
Min Correction Subset: [13, 20, 62]
Iter 56: 
Min Hitting Set: [2, 7, 9, 13, 18, 35, 52, 53, 57, 59, 76, 84, 85]
Min Correction Subset: [14, 41, 67]
Iter 57: 
Min Hitting Set: [2, 7, 9, 13, 14, 18, 35, 53, 57, 59, 76, 84, 85]
Min Correction Subset: [20, 62, 70]
Iter 58: 
Min Hitting Set: [2, 7, 9, 13, 20, 41, 53, 57, 59, 62, 67, 76, 84, 85]
Min Correction Subset: [14, 18, 52]
Iter 59: 
Min Hitting Set: [2, 7, 9, 13, 14, 18, 20, 35, 41, 49, 59, 76, 84, 85]
Min Correction Subset: [4, 67, 74]
Iter 60: 
Min Hitting Set: [2, 7, 9, 13, 14, 20, 35, 41, 49, 59, 67, 76, 84, 85]
Min Correction Subset: [4, 18, 74]
Iter 61: 
Min Hitting Set: [2, 7, 9, 13, 14, 18, 20, 41, 49, 59, 67, 76, 84, 85]
Min Correction Subset: [5, 35, 52, 53]
Iter 62: 
Min Hitting Set: [2, 7, 9, 13, 14, 18, 20, 52, 53, 57, 67, 76, 84, 85]
Min Correction Subset: [4, 59, 74]
Iter 63: 
Min Hitting Set: [2, 7, 9, 13, 18, 20, 41, 53, 57, 59, 67, 76, 84, 85]
Min Correction Subset: [14, 52, 62]
Iter 64: 
Min Hitting Set: [2, 7, 9, 13, 18, 41, 53, 57, 59, 62, 67, 76, 84, 85]
Min Correction Subset: [14, 20, 52]
Iter 65: 
Min Hitting Set: [2, 7, 13, 14, 18, 20, 35, 49, 57, 59, 67, 76, 84, 85]
Min Correction Subset: [9, 53]
Iter 66: 
Min Hitting Set: [2, 7, 9, 13, 18, 52, 53, 57, 59, 62, 67, 76, 84, 85]
Min Correction Subset: [20, 35, 70]
Iter 67: 
Min Hitting Set: [2, 7, 9, 18, 20, 35, 41, 49, 59, 62, 67, 76, 84, 85]
Min Correction Subset: [13, 14, 52]
Iter 68: 
Min Hitting Set: [2, 7, 9, 13, 18, 20, 52, 53, 57, 59, 67, 76, 84, 85]
Min Correction Subset: [14, 35, 62]
Iter 69: 
Min Hitting Set: [2, 7, 9, 18, 20, 35, 49, 52, 57, 59, 67, 76, 84, 85]
Min Correction Subset: [13, 14, 62]
Iter 70: 
Min Hitting Set: [2, 7, 9, 14, 18, 20, 35, 49, 57, 59, 67, 76, 84, 85]
Min Correction Subset: [13, 41, 53]
Iter 71: 
Min Hitting Set: [2, 7, 9, 14, 18, 20, 35, 41, 49, 59, 67, 76, 84, 85]
Min Correction Subset: [13, 32, 62]
Iter 72: 
Min Hitting Set: [2, 7, 9, 13, 14, 18, 20, 53, 57, 59, 67, 76, 84, 85]
Min Correction Subset: [4, 35, 49, 74]
Iter 73: 
Min Hitting Set: [2, 7, 9, 14, 18, 35, 53, 57, 59, 62, 67, 76, 84, 85]
Min Correction Subset: [6, 13, 20]
Iter 74: 
Min Hitting Set: [2, 4, 7, 9, 13, 14, 18, 20, 53, 57, 59, 67, 84, 85]
Min Correction Subset: [5, 52, 76]
Iter 75: 
Min Hitting Set: [2, 7, 13, 14, 18, 20, 35, 53, 57, 59, 67, 76, 84, 85]
Min Correction Subset: [9, 47]
Iter 76: 
Min Hitting Set: [2, 4, 7, 9, 13, 14, 18, 20, 52, 53, 57, 67, 84, 85]
Min Correction Subset: [5, 62, 76]
Iter 77: 
Min Hitting Set: [2, 4, 5, 7, 9, 13, 14, 18, 20, 53, 57, 67, 84, 85]
Min Correction Subset: [16, 41, 76]
Iter 78: 
Min Hitting Set: [2, 7, 9, 18, 20, 35, 52, 53, 57, 59, 62, 67, 76, 84, 85]
Min Correction Subset: [1, 13, 41]
Iter 79: 
Min Hitting Set: [2, 7, 9, 18, 20, 35, 41, 49, 52, 59, 62, 67, 76, 84, 85]
Min Correction Subset: [13, 14, 61]
Iter 80: 
Min Hitting Set: [2, 7, 9, 13, 18, 20, 35, 52, 53, 57, 59, 67, 76, 84, 85]
Min Correction Subset: [14, 48, 62]
Iter 81: 
Min Hitting Set: [2, 7, 9, 13, 18, 20, 49, 52, 57, 59, 62, 67, 76, 84, 85]
Min Correction Subset: [25, 41, 53]
Iter 82: 
Min Hitting Set: [2, 4, 5, 7, 9, 13, 14, 18, 20, 35, 41, 49, 67, 84, 85]
Min Correction Subset: [25, 53, 59]
Iter 83: 
Min Hitting Set: [2, 7, 9, 14, 18, 20, 35, 41, 49, 59, 62, 67, 76, 84, 85]
Min Correction Subset: [4, 13, 74]
Iter 84: 
Min Hitting Set: [2, 4, 7, 9, 13, 14, 18, 20, 35, 53, 57, 59, 76, 84, 85]
Min Correction Subset: [12, 41, 67]
Iter 85: 
Min Hitting Set: [2, 7, 9, 13, 18, 20, 41, 49, 53, 59, 62, 67, 76, 84, 85]
Min Correction Subset: [14, 35, 52]
Iter 86: 
Min Hitting Set: [2, 7, 9, 13, 14, 18, 20, 41, 49, 52, 59, 67, 76, 84, 85]
Min Correction Subset: [4, 35, 53, 74]
Iter 87: 
Min Hitting Set: [2, 7, 9, 13, 14, 18, 20, 35, 53, 57, 59, 67, 76, 84, 85]
Min Correction Subset: [4, 12, 41, 74]
Iter 88: 
Min Hitting Set: [2, 7, 9, 13, 14, 18, 20, 41, 49, 53, 59, 67, 76, 84, 85]
Min Correction Subset: [5, 35, 52, 57]
Iter 89: 
Min Hitting Set: [2, 4, 7, 9, 13, 14, 18, 20, 35, 41, 49, 59, 76, 84, 85]
Min Correction Subset: [21, 25, 57, 67]
Iter 90: 
Min Hitting Set: [2, 4, 7, 9, 13, 14, 20, 35, 53, 57, 59, 67, 76, 84, 85]
Min Correction Subset: [12, 18, 41]
Iter 91: 
Min Hitting Set: [2, 7, 9, 13, 14, 18, 20, 35, 41, 49, 59, 67, 76, 84, 85]
Min Correction Subset: [4, 25, 53, 74]
Iter 92: 
Min Hitting Set: [2, 4, 5, 7, 9, 13, 14, 18, 20, 41, 53, 57, 67, 84, 85]
Min Correction Subset: [16, 49, 76]
Iter 93: 
Min Hitting Set: [2, 4, 7, 9, 13, 14, 20, 41, 53, 57, 59, 67, 76, 84, 85]
Min Correction Subset: [5, 18, 52]
Iter 94: 
Min Hitting Set: [2, 4, 7, 9, 13, 14, 18, 20, 41, 53, 57, 59, 76, 84, 85]
Min Correction Subset: [35, 49, 67]
Iter 95: 
Min Hitting Set: [2, 4, 7, 9, 13, 18, 20, 52, 53, 57, 62, 67, 76, 84, 85]
Min Correction Subset: [14, 35, 59]
Iter 96: 
Min Hitting Set: [2, 4, 7, 9, 13, 14, 18, 20, 53, 57, 59, 67, 76, 84, 85]
Min Correction Subset: [5, 12, 41, 52]
Iter 97: 
Min Hitting Set: [2, 4, 7, 9, 13, 14, 18, 20, 52, 53, 57, 67, 76, 84, 85]
Min Correction Subset: [12, 35, 41, 59]
Iter 98: 
Min Hitting Set: [2, 7, 9, 13, 18, 20, 35, 41, 53, 57, 59, 62, 67, 76, 84, 85]
Min Correction Subset: [14, 49, 52]
Iter 99: 
Min Hitting Set: [2, 7, 9, 13, 18, 20, 35, 41, 49, 53, 59, 62, 67, 76, 84, 85]
Min Correction Subset: [14, 52, 57]
Iter 100: 
Min Hitting Set: [2, 7, 9, 13, 14, 18, 20, 25, 35, 41, 49, 59, 67, 76, 84, 85]
Min Correction Subset: [5, 6, 52, 62]
Iter 101: 
Min Hitting Set: [2, 4, 5, 7, 9, 13, 14, 18, 20, 41, 49, 53, 57, 67, 84, 85]
Min Correction Subset: [35, 39, 76]
Iter 102: 
Min Hitting Set: [2, 4, 5, 7, 9, 13, 14, 18, 20, 25, 35, 49, 67, 76, 84, 85]
Min Correction Subset: [12, 41, 53, 59]
Iter 103: 
Min Hitting Set: [2, 5, 7, 9, 13, 14, 18, 20, 41, 49, 53, 59, 67, 76, 84, 85]
Min Correction Subset: [4, 25, 57, 74]
Iter 104: 
Min Hitting Set: [2, 4, 7, 9, 14, 18, 20, 41, 53, 57, 59, 62, 67, 76, 84, 85]
Min Correction Subset: [1, 13, 49]
Iter 105: 
Min Hitting Set: [2, 4, 5, 7, 9, 13, 14, 18, 20, 35, 53, 57, 67, 76, 84, 85]
Min Correction Subset: [12, 16, 41, 59]
Iter 106: 
Min Hitting Set: [2, 7, 9, 13, 18, 35, 41, 52, 53, 57, 59, 62, 67, 76, 84, 85]
Min Correction Subset: [4, 20, 74]
Iter 107: 
Min Hitting Set: [2, 4, 7, 9, 13, 18, 25, 35, 41, 49, 52, 59, 62, 76, 84, 85]
Min Correction Subset: [20, 53, 67]
Iter 108: 
Min Hitting Set: [2, 4, 5, 7, 9, 13, 14, 20, 35, 41, 49, 59, 67, 76, 84, 85]
Min Correction Subset: [18, 25, 53]
Iter 109: 
Min Hitting Set: [2, 4, 7, 9, 13, 14, 18, 20, 25, 49, 52, 59, 67, 76, 84, 85]
Min Correction Subset: [12, 35, 41, 53]
Iter 110: 
Min Hitting Set: [2, 4, 7, 9, 13, 18, 35, 41, 52, 53, 57, 59, 62, 76, 84, 85]
Min Correction Subset: [14, 36, 67]
Iter 111: 
Min Hitting Set: [2, 4, 5, 7, 9, 13, 14, 18, 20, 25, 35, 41, 49, 67, 84, 85]
Min Correction Subset: [39, 53, 76]
Iter 112: 
Min Hitting Set: [2, 4, 7, 9, 13, 14, 20, 41, 52, 53, 57, 59, 67, 76, 84, 85]
Min Correction Subset: [18, 35, 49]
Iter 113: 
Min Hitting Set: [2, 4, 7, 9, 13, 14, 18, 20, 52, 53, 57, 59, 67, 76, 84, 85]
Min Correction Subset: [5, 6, 35, 49, 62]
Iter 114: 
Min Hitting Set: [2, 4, 5, 7, 9, 13, 14, 16, 18, 20, 35, 53, 57, 67, 84, 85]
Min Correction Subset: [12, 39, 41, 76]
Iter 115: 
Min Hitting Set: [2, 4, 5, 7, 9, 14, 18, 20, 41, 49, 59, 62, 67, 76, 84, 85]
Min Correction Subset: [13, 35, 57]
Iter 116: 
Min Hitting Set: [2, 4, 7, 9, 13, 14, 18, 20, 41, 49, 52, 59, 67, 76, 84, 85]
Min Correction Subset: [0, 23, 35, 53, 71]
Iter 117: 
Min Hitting Set: [2, 4, 7, 9, 13, 18, 35, 52, 53, 57, 59, 62, 67, 76, 84, 85]
Min Correction Subset: [16, 20, 21, 70]
Iter 118: 
Min Hitting Set: [2, 4, 5, 7, 9, 13, 14, 18, 20, 53, 57, 59, 67, 76, 84, 85]
Min Correction Subset: [0, 23, 35, 41, 71]
Iter 119: 
Min Hitting Set: [2, 4, 7, 9, 13, 14, 20, 41, 49, 52, 53, 59, 67, 76, 84, 85]
Min Correction Subset: [18, 35, 57]
Iter 120: 
Min Hitting Set: [2, 4, 7, 9, 14, 18, 20, 35, 41, 49, 59, 62, 67, 76, 84, 85]
Min Correction Subset: [5, 13, 52, 53]
Iter 121: 
Min Hitting Set: [2, 4, 5, 7, 9, 13, 14, 18, 20, 41, 53, 57, 67, 76, 84, 85]
Min Correction Subset: [12, 35, 49, 59]
Iter 122: 
Min Hitting Set: [2, 4, 5, 7, 9, 13, 14, 18, 20, 35, 41, 49, 53, 67, 84, 85]
Min Correction Subset: [25, 57, 76]
Iter 123: 
Min Hitting Set: [2, 7, 9, 13, 18, 20, 41, 49, 52, 53, 57, 59, 62, 67, 76, 84, 85]
Min Correction Subset: [4, 14, 35, 74]
Iter 124: 
Min Hitting Set: [2, 7, 9, 13, 18, 20, 35, 41, 52, 53, 57, 59, 62, 67, 76, 84, 85]
Min Correction Subset: [4, 14, 49, 74]
Iter 125: 
Min Hitting Set: [2, 7, 9, 13, 18, 20, 35, 41, 49, 53, 57, 59, 62, 67, 76, 84, 85]
Min Correction Subset: [14, 52, 61]
Iter 126: 
Min Hitting Set: [2, 4, 5, 7, 9, 12, 13, 14, 18, 20, 25, 35, 49, 67, 76, 84, 85]
Min Correction Subset: [16, 41, 53, 59]
Optimal IIS
Instance: paths-52-100-900000
----------------------------
Query: 2
Query element:67
Query scope: 67
----------------------------
IIS optimality: suboptimal
IIS solution time: 10080.006
IIS Constraint: 2; goods; {good:2}
IIS Constraint: 4; goods; {good:4}
IIS Constraint: 5; goods; {good:5}
IIS Constraint: 7; goods; {good:7}
IIS Constraint: 9; goods; {good:9}
IIS Constraint: 13; goods; {good:13}
IIS Constraint: 14; goods; {good:14}
IIS Constraint: 18; goods; {good:18}
IIS Constraint: 20; goods; {good:20}
IIS Constraint: 25; goods; {good:25}
IIS Constraint: 35; goods; {good:35}
IIS Constraint: 49; goods; {good:49}
IIS Constraint: 59; goods; {good:59}
IIS Constraint: 67; goods; {good:67}
IIS Constraint: 76; goods; {good:76}
IIS Constraint: 84; query; {bid:67,query:2}
IIS Constraint: 85; max; {f:12.531045,objective:max}
