IIS generation
Iter 1: 
Min Hitting Set: []
Min Correction Subset: [66]
Iter 2: 
Min Hitting Set: [66]
Min Correction Subset: [56]
Iter 3: 
Min Hitting Set: [56, 66]
Min Correction Subset: [53]
Iter 4: 
Min Hitting Set: [53, 56, 66]
Min Correction Subset: [52]
Iter 5: 
Min Hitting Set: [52, 53, 56, 66]
Min Correction Subset: [62]
Iter 6: 
Min Hitting Set: [52, 53, 56, 62, 66]
Min Correction Subset: [1]
Iter 7: 
Min Hitting Set: [1, 52, 53, 56, 62, 66]
Min Correction Subset: [64]
Iter 8: 
Min Hitting Set: [1, 52, 53, 56, 62, 64, 66]
Min Correction Subset: [55]
Iter 9: 
Min Hitting Set: [1, 52, 53, 55, 56, 62, 64, 66]
Min Correction Subset: [54]
Iter 10: 
Min Hitting Set: [1, 52, 53, 54, 55, 56, 62, 64, 66]
Min Correction Subset: [59]
Iter 11: 
Min Hitting Set: [1, 52, 53, 54, 55, 56, 59, 62, 64, 66]
Min Correction Subset: [33]
Iter 12: 
Min Hitting Set: [1, 33, 52, 53, 54, 55, 56, 59, 62, 64, 66]
Min Correction Subset: [57]
Iter 13: 
Min Hitting Set: [1, 33, 52, 53, 54, 55, 56, 57, 59, 62, 64, 66]
Min Correction Subset: [65]
Iter 14: 
Min Hitting Set: [1, 33, 52, 53, 54, 55, 56, 57, 59, 62, 64, 65, 66]
Min Correction Subset: [27]
Iter 15: 
Min Hitting Set: [1, 27, 33, 52, 53, 54, 55, 56, 57, 59, 62, 64, 65, 66]
Min Correction Subset: [60]
Iter 16: 
Min Hitting Set: [1, 27, 33, 52, 53, 54, 55, 56, 57, 59, 60, 62, 64, 65, 66]
Min Correction Subset: [44, 63]
Iter 17: 
Min Hitting Set: [1, 27, 33, 44, 52, 53, 54, 55, 56, 57, 59, 60, 62, 64, 65, 66]
Min Correction Subset: [5, 63]
Iter 18: 
Min Hitting Set: [1, 27, 33, 52, 53, 54, 55, 56, 57, 59, 60, 62, 63, 64, 65, 66]
Min Correction Subset: [6, 44]
Iter 19: 
Min Hitting Set: [1, 27, 33, 44, 52, 53, 54, 55, 56, 57, 59, 60, 62, 63, 64, 65, 66]
Min Correction Subset: [6, 48, 58]
Iter 20: 
Min Hitting Set: [1, 6, 27, 33, 52, 53, 54, 55, 56, 57, 59, 60, 62, 63, 64, 65, 66]
Min Correction Subset: [10, 48, 61]
Optimal IIS
Instance: matching-52-100-830000
----------------------------
Query: 11
Query element:27
Query element:9
Query scope: 18
Query scope: 28
----------------------------
IIS optimality: suboptimal
IIS solution time: 26057.026
IIS Constraint: 1; goods; {good:1}
IIS Constraint: 27; goods; {good:27}
IIS Constraint: 33; goods; {good:33}
IIS Constraint: 44; goods; {good:44}
IIS Constraint: 48; goods; {good:48}
IIS Constraint: 52; goods; {good:52}
IIS Constraint: 53; goods; {good:53}
IIS Constraint: 54; goods; {good:54}
IIS Constraint: 55; goods; {good:55}
IIS Constraint: 56; goods; {good:56}
IIS Constraint: 57; goods; {good:57}
IIS Constraint: 59; goods; {good:59}
IIS Constraint: 60; goods; {good:60}
IIS Constraint: 62; goods; {good:62}
IIS Constraint: 63; goods; {good:63}
IIS Constraint: 64; goods; {good:64}
IIS Constraint: 65; query; {goods:[27,9],query:11}
IIS Constraint: 66; max; {f:60.89331,objective:max}
