IIS generation
Iter 1: 
Min Hitting Set: []
Min Correction Subset: [91]
Iter 2: 
Min Hitting Set: [91]
Min Correction Subset: [14]
Iter 3: 
Min Hitting Set: [14, 91]
Min Correction Subset: [30]
Iter 4: 
Min Hitting Set: [14, 30, 91]
Min Correction Subset: [20]
Iter 5: 
Min Hitting Set: [14, 20, 30, 91]
Min Correction Subset: [61]
Iter 6: 
Min Hitting Set: [14, 20, 30, 61, 91]
Min Correction Subset: [32]
Iter 7: 
Min Hitting Set: [14, 20, 30, 32, 61, 91]
Min Correction Subset: [23]
Iter 8: 
Min Hitting Set: [14, 20, 23, 30, 32, 61, 91]
Min Correction Subset: [39]
Iter 9: 
Min Hitting Set: [14, 20, 23, 30, 32, 39, 61, 91]
Min Correction Subset: [34]
Iter 10: 
Min Hitting Set: [14, 20, 23, 30, 32, 34, 39, 61, 91]
Min Correction Subset: [50]
Iter 11: 
Min Hitting Set: [14, 20, 23, 30, 32, 34, 39, 50, 61, 91]
Min Correction Subset: [2]
Iter 12: 
Min Hitting Set: [2, 14, 20, 23, 30, 32, 34, 39, 50, 61, 91]
Min Correction Subset: [12]
Iter 13: 
Min Hitting Set: [2, 12, 14, 20, 23, 30, 32, 34, 39, 50, 61, 91]
Min Correction Subset: [18]
Iter 14: 
Min Hitting Set: [2, 12, 14, 18, 20, 23, 30, 32, 34, 39, 50, 61, 91]
Min Correction Subset: [42]
Iter 15: 
Min Hitting Set: [2, 12, 14, 18, 20, 23, 30, 32, 34, 39, 42, 50, 61, 91]
Min Correction Subset: [90]
Iter 16: 
Min Hitting Set: [2, 12, 14, 18, 20, 23, 30, 32, 34, 39, 42, 50, 61, 90, 91]
Min Correction Subset: [11, 33]
Iter 17: 
Min Hitting Set: [2, 11, 12, 14, 18, 20, 23, 30, 32, 34, 39, 42, 50, 61, 90, 91]
Min Correction Subset: [10, 24]
Iter 18: 
Min Hitting Set: [2, 10, 11, 12, 14, 18, 20, 23, 30, 32, 34, 39, 42, 50, 61, 90, 91]
Min Correction Subset: [21, 62]
Iter 19: 
Min Hitting Set: [2, 10, 11, 12, 14, 18, 20, 21, 23, 30, 32, 34, 39, 42, 50, 61, 90, 91]
Min Correction Subset: [35, 54]
Iter 20: 
Min Hitting Set: [2, 10, 11, 12, 14, 18, 20, 21, 23, 30, 32, 34, 35, 39, 42, 50, 61, 90, 91]
Min Correction Subset: [15, 46]
Iter 21: 
Min Hitting Set: [2, 10, 11, 12, 14, 15, 18, 20, 21, 23, 30, 32, 34, 35, 39, 42, 50, 61, 90, 91]
Min Correction Subset: [46, 53]
Iter 22: 
Min Hitting Set: [2, 10, 11, 12, 14, 18, 20, 21, 23, 30, 32, 34, 35, 39, 42, 46, 50, 61, 90, 91]
Min Correction Subset: [7, 24]
Iter 23: 
Min Hitting Set: [2, 11, 12, 14, 18, 20, 21, 23, 24, 30, 32, 34, 35, 39, 42, 46, 50, 61, 90, 91]
Min Correction Subset: [10, 38]
Iter 24: 
Min Hitting Set: [2, 10, 11, 12, 14, 18, 20, 21, 23, 24, 30, 32, 34, 35, 39, 42, 46, 50, 61, 90, 91]
Min Correction Subset: [7, 38]
Iter 25: 
Min Hitting Set: [2, 7, 10, 11, 12, 14, 18, 20, 21, 23, 30, 32, 34, 35, 39, 42, 46, 50, 61, 90, 91]
Min Correction Subset: [15, 24]
Iter 26: 
Min Hitting Set: [2, 11, 12, 14, 18, 20, 21, 23, 24, 30, 32, 34, 35, 38, 39, 42, 46, 50, 61, 90, 91]
Min Correction Subset: [7, 25]
Iter 27: 
Min Hitting Set: [2, 7, 10, 11, 12, 14, 18, 20, 21, 23, 24, 30, 32, 34, 35, 39, 42, 46, 50, 61, 90, 91]
Min Correction Subset: [33, 38]
Iter 28: 
Min Hitting Set: [2, 7, 10, 12, 14, 18, 20, 21, 23, 24, 30, 32, 33, 34, 35, 39, 42, 46, 50, 61, 90, 91]
Min Correction Subset: [11, 41]
Iter 29: 
Min Hitting Set: [2, 7, 11, 12, 14, 18, 20, 21, 23, 24, 30, 32, 34, 35, 38, 39, 42, 46, 50, 61, 90, 91]
Min Correction Subset: [10, 65]
Iter 30: 
Min Hitting Set: [2, 7, 10, 11, 12, 14, 15, 18, 20, 21, 23, 30, 32, 33, 34, 35, 39, 42, 46, 50, 61, 90, 91]
Min Correction Subset: [24, 38]
Iter 31: 
Min Hitting Set: [2, 7, 10, 11, 12, 14, 18, 20, 21, 23, 24, 30, 32, 34, 35, 38, 39, 42, 46, 50, 61, 90, 91]
Min Correction Subset: [1, 25, 65]
Iter 32: 
Min Hitting Set: [2, 11, 12, 14, 18, 20, 21, 23, 24, 25, 30, 32, 34, 35, 38, 39, 42, 46, 50, 61, 65, 90, 91]
Min Correction Subset: [7, 10]
Iter 33: 
Min Hitting Set: [2, 10, 11, 12, 14, 18, 20, 21, 23, 24, 25, 30, 32, 34, 35, 38, 39, 42, 46, 50, 61, 90, 91]
Min Correction Subset: [7, 15, 53]
Iter 34: 
Min Hitting Set: [2, 7, 11, 12, 14, 18, 20, 21, 23, 24, 30, 32, 34, 35, 38, 39, 42, 46, 50, 61, 65, 90, 91]
Min Correction Subset: [0, 10, 25]
Iter 35: 
Min Hitting Set: [2, 10, 11, 12, 14, 18, 20, 21, 23, 24, 25, 30, 32, 34, 35, 38, 39, 42, 46, 50, 53, 61, 90, 91]
Min Correction Subset: [7, 9, 15]
Iter 36: 
Min Hitting Set: [2, 7, 10, 11, 12, 14, 18, 20, 21, 23, 24, 30, 32, 34, 35, 38, 39, 42, 46, 50, 61, 65, 90, 91]
Min Correction Subset: [0, 15, 25]
Iter 37: 
Min Hitting Set: [2, 7, 10, 11, 12, 14, 18, 20, 21, 23, 24, 25, 30, 32, 34, 35, 38, 39, 42, 46, 50, 61, 90, 91]
Min Correction Subset: [5, 15, 65]
Iter 38: 
Min Hitting Set: [2, 7, 11, 12, 14, 18, 20, 21, 23, 24, 25, 30, 32, 34, 35, 38, 39, 42, 46, 50, 61, 65, 90, 91]
Min Correction Subset: [10, 22, 62]
Iter 39: 
Min Hitting Set: [2, 7, 11, 12, 14, 18, 20, 23, 24, 25, 30, 32, 34, 35, 38, 39, 42, 46, 50, 61, 62, 65, 90, 91]
Min Correction Subset: [21, 27]
Iter 40: 
Min Hitting Set: [2, 7, 10, 11, 12, 14, 15, 18, 20, 21, 23, 25, 30, 32, 34, 35, 38, 39, 42, 46, 50, 61, 90, 91]
Min Correction Subset: [24, 69]
Iter 41: 
Min Hitting Set: [2, 10, 11, 12, 14, 15, 18, 20, 21, 23, 24, 25, 30, 32, 34, 35, 38, 39, 42, 46, 50, 61, 90, 91]
Min Correction Subset: [7, 22, 62]
Iter 42: 
Min Hitting Set: [2, 7, 10, 11, 12, 14, 18, 20, 21, 23, 24, 25, 30, 32, 34, 35, 38, 39, 42, 46, 50, 61, 65, 90, 91]
Min Correction Subset: [15, 22, 62]
Iter 43: 
Min Hitting Set: [2, 7, 10, 11, 12, 14, 15, 18, 20, 21, 23, 24, 25, 30, 32, 34, 35, 38, 39, 42, 46, 50, 61, 90, 91]
Min Correction Subset: [22, 33, 62]
Iter 44: 
Min Hitting Set: [2, 7, 11, 12, 14, 18, 20, 21, 23, 24, 25, 30, 32, 34, 35, 38, 39, 42, 46, 50, 61, 62, 65, 90, 91]
Min Correction Subset: [0, 10, 33]
Iter 45: 
Min Hitting Set: [2, 10, 11, 12, 14, 15, 18, 20, 21, 23, 24, 25, 30, 32, 34, 35, 38, 39, 42, 46, 50, 61, 62, 90, 91]
Min Correction Subset: [0, 7, 33, 53]
Iter 46: 
Min Hitting Set: [2, 7, 10, 11, 12, 14, 15, 18, 20, 21, 23, 24, 25, 30, 32, 33, 34, 35, 39, 42, 46, 50, 61, 90, 91]
Min Correction Subset: [0, 38]
Iter 47: 
Min Hitting Set: [0, 2, 7, 11, 12, 14, 18, 20, 21, 23, 24, 30, 32, 34, 35, 38, 39, 42, 46, 50, 61, 62, 65, 90, 91]
Min Correction Subset: [10, 25, 33]
Iter 48: 
Min Hitting Set: [2, 10, 11, 12, 14, 15, 18, 20, 21, 23, 24, 25, 30, 32, 34, 35, 38, 39, 42, 50, 53, 61, 62, 90, 91]
Min Correction Subset: [7, 46]
Iter 49: 
Min Hitting Set: [2, 10, 11, 12, 14, 15, 18, 20, 21, 23, 24, 25, 30, 32, 33, 34, 35, 38, 39, 42, 46, 50, 61, 62, 90, 91]
Min Correction Subset: [0, 7, 41, 53, 59]
Iter 50: 
Min Hitting Set: [2, 7, 11, 12, 14, 18, 20, 21, 23, 24, 25, 30, 32, 33, 34, 35, 38, 39, 42, 46, 50, 61, 62, 65, 90, 91]
Min Correction Subset: [0, 10, 59, 73]
Iter 51: 
Min Hitting Set: [2, 7, 10, 11, 12, 14, 18, 20, 21, 23, 24, 25, 30, 32, 34, 35, 38, 39, 42, 46, 50, 61, 62, 65, 90, 91]
Min Correction Subset: [0, 5, 15, 33]
Iter 52: 
Min Hitting Set: [2, 7, 10, 11, 12, 14, 15, 18, 20, 21, 23, 24, 30, 32, 34, 35, 38, 39, 42, 46, 50, 61, 62, 65, 90, 91]
Min Correction Subset: [0, 25, 33]
Optimal IIS
Instance: paths-52-100-710000
----------------------------
Query: 7
Query element:45
Query scope: 53
Query scope: 68
----------------------------
IIS optimality: suboptimal
IIS solution time: 24902.476
IIS Constraint: 2; goods; {good:2}
IIS Constraint: 7; goods; {good:7}
IIS Constraint: 10; goods; {good:10}
IIS Constraint: 11; goods; {good:11}
IIS Constraint: 12; goods; {good:12}
IIS Constraint: 14; goods; {good:14}
IIS Constraint: 15; goods; {good:15}
IIS Constraint: 18; goods; {good:18}
IIS Constraint: 20; goods; {good:20}
IIS Constraint: 21; goods; {good:21}
IIS Constraint: 23; goods; {good:23}
IIS Constraint: 24; goods; {good:24}
IIS Constraint: 25; goods; {good:25}
IIS Constraint: 30; goods; {good:30}
IIS Constraint: 32; goods; {good:32}
IIS Constraint: 34; goods; {good:34}
IIS Constraint: 35; goods; {good:35}
IIS Constraint: 38; goods; {good:38}
IIS Constraint: 39; goods; {good:39}
IIS Constraint: 42; goods; {good:42}
IIS Constraint: 46; goods; {good:46}
IIS Constraint: 50; goods; {good:50}
IIS Constraint: 61; goods; {good:61}
IIS Constraint: 62; goods; {good:62}
IIS Constraint: 90; query; {good:45,query:7}
IIS Constraint: 91; max; {f:15.694279,objective:max}
