IIS generation
Iter 1: 
Min Hitting Set: []
Min Correction Subset: [92]
Iter 2: 
Min Hitting Set: [92]
Min Correction Subset: [12]
Iter 3: 
Min Hitting Set: [12, 92]
Min Correction Subset: [15]
Iter 4: 
Min Hitting Set: [12, 15, 92]
Min Correction Subset: [18]
Iter 5: 
Min Hitting Set: [12, 15, 18, 92]
Min Correction Subset: [34]
Iter 6: 
Min Hitting Set: [12, 15, 18, 34, 92]
Min Correction Subset: [4]
Iter 7: 
Min Hitting Set: [4, 12, 15, 18, 34, 92]
Min Correction Subset: [74]
Iter 8: 
Min Hitting Set: [4, 12, 15, 18, 34, 74, 92]
Min Correction Subset: [91]
Iter 9: 
Min Hitting Set: [4, 12, 15, 18, 34, 74, 91, 92]
Min Correction Subset: [0, 61]
Iter 10: 
Min Hitting Set: [0, 4, 12, 15, 18, 34, 74, 91, 92]
Min Correction Subset: [44, 61]
Iter 11: 
Min Hitting Set: [4, 12, 15, 18, 34, 61, 74, 91, 92]
Min Correction Subset: [0, 63]
Iter 12: 
Min Hitting Set: [0, 4, 12, 15, 18, 34, 61, 74, 91, 92]
Min Correction Subset: [44, 60]
Iter 13: 
Min Hitting Set: [0, 4, 12, 15, 18, 34, 44, 74, 91, 92]
Min Correction Subset: [61, 63]
Iter 14: 
Min Hitting Set: [0, 4, 12, 15, 18, 34, 44, 61, 74, 91, 92]
Min Correction Subset: [24, 63]
Iter 15: 
Min Hitting Set: [0, 4, 12, 15, 18, 34, 44, 63, 74, 91, 92]
Min Correction Subset: [20, 61]
Iter 16: 
Min Hitting Set: [4, 12, 15, 18, 34, 44, 61, 63, 74, 91, 92]
Min Correction Subset: [30, 60]
Iter 17: 
Min Hitting Set: [4, 12, 15, 18, 34, 60, 61, 63, 74, 91, 92]
Min Correction Subset: [7, 48]
Iter 18: 
Min Hitting Set: [4, 7, 12, 15, 18, 34, 60, 61, 63, 74, 91, 92]
Min Correction Subset: [49, 58]
Iter 19: 
Min Hitting Set: [4, 7, 12, 15, 18, 34, 49, 60, 61, 63, 74, 91, 92]
Min Correction Subset: [0, 44]
Iter 20: 
Min Hitting Set: [0, 4, 7, 12, 15, 18, 34, 49, 60, 61, 63, 74, 91, 92]
Min Correction Subset: [44, 56]
Iter 21: 
Min Hitting Set: [4, 7, 12, 15, 18, 34, 44, 49, 60, 61, 63, 74, 91, 92]
Min Correction Subset: [0, 29]
Iter 22: 
Min Hitting Set: [0, 4, 7, 12, 15, 18, 34, 44, 49, 60, 61, 63, 74, 91, 92]
Min Correction Subset: [24, 30]
Iter 23: 
Min Hitting Set: [0, 4, 7, 12, 15, 18, 24, 30, 34, 44, 49, 61, 74, 91, 92]
Min Correction Subset: [2, 63]
Iter 24: 
Min Hitting Set: [0, 4, 7, 12, 15, 18, 30, 34, 44, 49, 61, 63, 74, 91, 92]
Min Correction Subset: [24, 55]
Iter 25: 
Min Hitting Set: [0, 4, 7, 12, 15, 18, 24, 30, 34, 44, 49, 61, 63, 74, 91, 92]
Min Correction Subset: [36, 48]
Iter 26: 
Min Hitting Set: [0, 4, 12, 15, 18, 24, 30, 34, 44, 48, 49, 61, 63, 74, 91, 92]
Min Correction Subset: [7, 36]
Iter 27: 
Min Hitting Set: [0, 4, 7, 12, 15, 18, 24, 30, 34, 36, 44, 49, 61, 63, 74, 91, 92]
Min Correction Subset: [10, 19, 20]
Iter 28: 
Min Hitting Set: [0, 4, 7, 12, 15, 18, 20, 24, 30, 34, 36, 44, 49, 63, 74, 91, 92]
Min Correction Subset: [13, 61]
Iter 29: 
Min Hitting Set: [0, 4, 7, 12, 15, 18, 20, 24, 30, 34, 36, 44, 49, 61, 63, 74, 91, 92]
Min Correction Subset: [22, 48, 55, 56]
Iter 30: 
Min Hitting Set: [0, 4, 7, 12, 15, 18, 20, 24, 30, 34, 44, 48, 49, 61, 63, 74, 91, 92]
Min Correction Subset: [13, 36, 47]
Iter 31: 
Min Hitting Set: [0, 4, 7, 12, 15, 18, 20, 30, 34, 36, 44, 49, 55, 61, 63, 74, 91, 92]
Min Correction Subset: [24, 52, 60]
Iter 32: 
Min Hitting Set: [0, 4, 12, 15, 18, 20, 24, 30, 34, 36, 44, 48, 49, 61, 63, 74, 91, 92]
Min Correction Subset: [7, 17, 22, 72]
Iter 33: 
Min Hitting Set: [0, 4, 7, 12, 15, 18, 20, 24, 34, 36, 49, 56, 60, 61, 63, 74, 91, 92]
Min Correction Subset: [8, 19, 44]
Iter 34: 
Min Hitting Set: [0, 4, 7, 12, 15, 18, 19, 24, 34, 36, 49, 56, 60, 61, 63, 74, 91, 92]
Min Correction Subset: [22, 44, 48, 68]
Iter 35: 
Min Hitting Set: [0, 4, 7, 12, 13, 15, 18, 20, 24, 30, 34, 44, 48, 49, 63, 74, 91, 92]
Min Correction Subset: [47, 61]
Iter 36: 
Min Hitting Set: [0, 4, 7, 12, 15, 18, 20, 24, 34, 44, 47, 48, 49, 60, 61, 63, 74, 91, 92]
Min Correction Subset: [30, 56]
Iter 37: 
Min Hitting Set: [0, 4, 7, 12, 15, 18, 19, 22, 24, 30, 34, 36, 44, 49, 61, 63, 74, 91, 92]
Min Correction Subset: [48, 55, 56, 68]
Iter 38: 
Min Hitting Set: [0, 4, 7, 12, 15, 18, 19, 24, 30, 34, 36, 44, 49, 55, 61, 63, 74, 91, 92]
Min Correction Subset: [22, 48, 56, 68]
Iter 39: 
Min Hitting Set: [0, 4, 7, 12, 15, 18, 19, 24, 30, 34, 36, 44, 48, 49, 61, 63, 74, 91, 92]
Min Correction Subset: [13, 20, 47, 58, 60]
Iter 40: 
Min Hitting Set: [0, 4, 7, 12, 15, 18, 19, 24, 30, 34, 36, 44, 48, 58, 61, 63, 74, 91, 92]
Min Correction Subset: [22, 47, 49]
Iter 41: 
Min Hitting Set: [0, 4, 7, 12, 15, 18, 19, 24, 34, 36, 44, 49, 56, 60, 61, 63, 74, 91, 92]
Min Correction Subset: [22, 30, 48, 68]
Iter 42: 
Min Hitting Set: [0, 4, 7, 12, 15, 18, 20, 24, 30, 34, 36, 44, 49, 56, 61, 63, 74, 91, 92]
Min Correction Subset: [22, 48, 60, 68]
Iter 43: 
Min Hitting Set: [0, 4, 7, 12, 15, 18, 19, 24, 34, 36, 48, 49, 56, 60, 61, 63, 74, 91, 92]
Min Correction Subset: [13, 44, 47, 55, 58]
Iter 44: 
Min Hitting Set: [0, 4, 7, 12, 13, 15, 18, 19, 24, 30, 34, 44, 48, 49, 61, 63, 74, 91, 92]
Min Correction Subset: [11, 36, 47]
Iter 45: 
Min Hitting Set: [0, 4, 7, 12, 15, 18, 20, 24, 30, 34, 36, 44, 48, 49, 61, 63, 74, 91, 92]
Min Correction Subset: [11, 22, 47, 55, 56]
Iter 46: 
Min Hitting Set: [0, 4, 12, 15, 18, 19, 22, 24, 34, 36, 48, 56, 58, 60, 61, 63, 74, 91, 92]
Min Correction Subset: [7, 49]
Iter 47: 
Min Hitting Set: [0, 4, 7, 12, 15, 18, 19, 24, 34, 47, 48, 56, 58, 60, 61, 63, 74, 91, 92]
Min Correction Subset: [36, 49, 59]
Iter 48: 
Min Hitting Set: [0, 4, 7, 12, 15, 18, 19, 22, 24, 34, 36, 56, 58, 60, 61, 63, 74, 91, 92]
Min Correction Subset: [48, 49]
Iter 49: 
Min Hitting Set: [0, 4, 7, 12, 15, 18, 20, 24, 30, 34, 44, 47, 48, 49, 61, 63, 74, 91, 92]
Min Correction Subset: [13, 36, 59]
Iter 50: 
Min Hitting Set: [0, 4, 12, 15, 18, 20, 22, 24, 30, 34, 36, 44, 48, 49, 61, 63, 74, 91, 92]
Min Correction Subset: [7, 17, 56, 72]
Iter 51: 
Min Hitting Set: [0, 4, 7, 12, 13, 15, 18, 20, 24, 30, 34, 44, 47, 48, 49, 63, 74, 91, 92]
Min Correction Subset: [11, 36, 59]
Iter 52: 
Min Hitting Set: [0, 4, 12, 15, 18, 20, 22, 24, 34, 36, 44, 48, 49, 56, 60, 61, 63, 74, 91, 92]
Min Correction Subset: [7, 19, 30]
Iter 53: 
Min Hitting Set: [0, 4, 12, 15, 18, 20, 22, 24, 30, 34, 36, 44, 48, 49, 56, 61, 63, 74, 91, 92]
Min Correction Subset: [7, 11, 58, 72]
Iter 54: 
Min Hitting Set: [0, 4, 7, 12, 15, 18, 19, 24, 34, 36, 48, 49, 55, 56, 60, 61, 63, 74, 91, 92]
Min Correction Subset: [11, 13, 22, 44, 47, 59]
Iter 55: 
Min Hitting Set: [0, 4, 7, 12, 15, 18, 19, 22, 24, 34, 36, 49, 55, 56, 60, 61, 63, 74, 91, 92]
Min Correction Subset: [13, 44, 48, 58, 68]
Iter 56: 
Min Hitting Set: [0, 4, 7, 12, 13, 15, 18, 19, 22, 24, 34, 36, 49, 56, 60, 61, 63, 74, 91, 92]
Min Correction Subset: [11, 44, 48, 59, 68]
Iter 57: 
Min Hitting Set: [0, 4, 7, 12, 15, 18, 20, 24, 34, 36, 44, 48, 49, 56, 60, 61, 63, 74, 91, 92]
Min Correction Subset: [11, 19, 30]
Iter 58: 
Min Hitting Set: [0, 4, 7, 12, 15, 18, 19, 24, 34, 36, 44, 48, 49, 56, 60, 61, 63, 74, 91, 92]
Min Correction Subset: [13, 30, 47, 55, 58]
Iter 59: 
Min Hitting Set: [0, 4, 7, 11, 12, 15, 18, 20, 24, 30, 34, 36, 44, 48, 49, 61, 63, 74, 91, 92]
Min Correction Subset: [13, 47, 55, 58, 60]
Iter 60: 
Min Hitting Set: [0, 4, 7, 12, 15, 18, 20, 22, 24, 30, 34, 36, 44, 48, 58, 61, 63, 74, 91, 92]
Min Correction Subset: [11, 47, 49]
Iter 61: 
Min Hitting Set: [0, 4, 7, 12, 15, 18, 19, 24, 34, 36, 47, 48, 49, 56, 60, 61, 63, 74, 91, 92]
Min Correction Subset: [13, 22, 30, 55, 59, 68, 72]
Iter 62: 
Min Hitting Set: [0, 4, 7, 12, 15, 18, 20, 22, 24, 30, 34, 36, 44, 49, 55, 61, 63, 74, 91, 92]
Min Correction Subset: [48, 56, 58, 68]
Iter 63: 
Min Hitting Set: [0, 4, 12, 15, 18, 19, 24, 34, 36, 47, 48, 49, 56, 60, 61, 63, 72, 74, 91, 92]
Min Correction Subset: [7, 11, 22, 44]
Iter 64: 
Min Hitting Set: [0, 4, 12, 15, 18, 20, 30, 34, 36, 44, 48, 49, 55, 60, 61, 63, 72, 74, 91, 92]
Min Correction Subset: [24, 52, 56]
Iter 65: 
Min Hitting Set: [0, 4, 7, 12, 15, 18, 20, 24, 30, 34, 36, 44, 49, 55, 61, 63, 68, 74, 91, 92]
Min Correction Subset: [11, 13, 48, 56, 58]
Iter 66: 
Min Hitting Set: [0, 4, 12, 15, 18, 20, 24, 30, 34, 36, 44, 47, 48, 49, 61, 63, 72, 74, 91, 92]
Min Correction Subset: [7, 11, 17, 22, 56]
Iter 67: 
Min Hitting Set: [0, 4, 7, 12, 15, 18, 20, 24, 30, 34, 36, 44, 47, 48, 58, 61, 63, 74, 91, 92]
Min Correction Subset: [11, 49, 56]
Iter 68: 
Min Hitting Set: [0, 4, 7, 12, 15, 18, 20, 30, 34, 36, 44, 49, 55, 56, 60, 61, 63, 74, 91, 92]
Min Correction Subset: [19, 24, 52]
Iter 69: 
Min Hitting Set: [0, 4, 7, 12, 15, 18, 19, 24, 34, 36, 47, 49, 56, 60, 61, 63, 68, 74, 91, 92]
Min Correction Subset: [13, 44, 48, 55, 58]
Iter 70: 
Min Hitting Set: [0, 4, 7, 12, 15, 18, 20, 24, 30, 34, 36, 44, 47, 48, 49, 61, 63, 74, 91, 92]
Min Correction Subset: [11, 13, 55, 56, 58, 59]
Iter 71: 
Min Hitting Set: [0, 4, 7, 12, 15, 18, 20, 24, 30, 34, 44, 47, 48, 49, 59, 61, 63, 74, 91, 92]
Min Correction Subset: [36, 56, 58]
Iter 72: 
Min Hitting Set: [0, 4, 7, 12, 15, 18, 19, 24, 34, 47, 48, 49, 56, 59, 60, 61, 63, 74, 91, 92]
Min Correction Subset: [13, 36, 44]
Iter 73: 
Min Hitting Set: [0, 4, 7, 12, 15, 18, 20, 24, 30, 34, 36, 44, 48, 49, 55, 61, 63, 74, 91, 92]
Min Correction Subset: [11, 13, 47, 56, 58]
Iter 74: 
Min Hitting Set: [0, 4, 7, 12, 13, 15, 18, 20, 24, 30, 34, 36, 44, 47, 48, 49, 63, 74, 91, 92]
Min Correction Subset: [8, 16, 61]
