IIS generation
Iter 1: 
Min Hitting Set: []
Min Correction Subset: [71]
Iter 2: 
Min Hitting Set: [71]
Min Correction Subset: [35]
Iter 3: 
Min Hitting Set: [35, 71]
Min Correction Subset: [21]
Iter 4: 
Min Hitting Set: [21, 35, 71]
Min Correction Subset: [31]
Iter 5: 
Min Hitting Set: [21, 31, 35, 71]
Min Correction Subset: [11]
Iter 6: 
Min Hitting Set: [11, 21, 31, 35, 71]
Min Correction Subset: [23]
Iter 7: 
Min Hitting Set: [11, 21, 23, 31, 35, 71]
Min Correction Subset: [46]
Iter 8: 
Min Hitting Set: [11, 21, 23, 31, 35, 46, 71]
Min Correction Subset: [14]
Iter 9: 
Min Hitting Set: [11, 14, 21, 23, 31, 35, 46, 71]
Min Correction Subset: [34]
Iter 10: 
Min Hitting Set: [11, 14, 21, 23, 31, 34, 35, 46, 71]
Min Correction Subset: [2]
Iter 11: 
Min Hitting Set: [2, 11, 14, 21, 23, 31, 34, 35, 46, 71]
Min Correction Subset: [38]
Iter 12: 
Min Hitting Set: [2, 11, 14, 21, 23, 31, 34, 35, 38, 46, 71]
Min Correction Subset: [29]
Iter 13: 
Min Hitting Set: [2, 11, 14, 21, 23, 29, 31, 34, 35, 38, 46, 71]
Min Correction Subset: [51]
Iter 14: 
Min Hitting Set: [2, 11, 14, 21, 23, 29, 31, 34, 35, 38, 46, 51, 71]
Min Correction Subset: [33]
Iter 15: 
Min Hitting Set: [2, 11, 14, 21, 23, 29, 31, 33, 34, 35, 38, 46, 51, 71]
Min Correction Subset: [3]
Iter 16: 
Min Hitting Set: [2, 3, 11, 14, 21, 23, 29, 31, 33, 34, 35, 38, 46, 51, 71]
Min Correction Subset: [48]
Iter 17: 
Min Hitting Set: [2, 3, 11, 14, 21, 23, 29, 31, 33, 34, 35, 38, 46, 48, 51, 71]
Min Correction Subset: [70]
Iter 18: 
Min Hitting Set: [2, 3, 11, 14, 21, 23, 29, 31, 33, 34, 35, 38, 46, 48, 51, 70, 71]
Min Correction Subset: [1]
Iter 19: 
Min Hitting Set: [1, 2, 3, 11, 14, 21, 23, 29, 31, 33, 34, 35, 38, 46, 48, 51, 70, 71]
Min Correction Subset: [25]
Iter 20: 
Min Hitting Set: [1, 2, 3, 11, 14, 21, 23, 25, 29, 31, 33, 34, 35, 38, 46, 48, 51, 70, 71]
Min Correction Subset: [9]
Iter 21: 
Min Hitting Set: [1, 2, 3, 9, 11, 14, 21, 23, 25, 29, 31, 33, 34, 35, 38, 46, 48, 51, 70, 71]
Min Correction Subset: [26]
Iter 22: 
Min Hitting Set: [1, 2, 3, 9, 11, 14, 21, 23, 25, 26, 29, 31, 33, 34, 35, 38, 46, 48, 51, 70, 71]
Min Correction Subset: [7]
Iter 23: 
Min Hitting Set: [1, 2, 3, 7, 9, 11, 14, 21, 23, 25, 26, 29, 31, 33, 34, 35, 38, 46, 48, 51, 70, 71]
Min Correction Subset: [17, 19]
Iter 24: 
Min Hitting Set: [1, 2, 3, 7, 9, 11, 14, 17, 21, 23, 25, 26, 29, 31, 33, 34, 35, 38, 46, 48, 51, 70, 71]
Min Correction Subset: [30, 43]
Iter 25: 
Min Hitting Set: [1, 2, 3, 7, 9, 11, 14, 17, 21, 23, 25, 26, 29, 30, 31, 33, 34, 35, 38, 46, 48, 51, 70, 71]
Min Correction Subset: [32, 61]
Iter 26: 
Min Hitting Set: [1, 2, 3, 7, 9, 11, 14, 17, 21, 23, 25, 26, 29, 30, 31, 32, 33, 34, 35, 38, 46, 48, 51, 70, 71]
Min Correction Subset: [19, 39]
Iter 27: 
Min Hitting Set: [1, 2, 3, 7, 9, 11, 14, 19, 21, 23, 25, 26, 29, 30, 31, 32, 33, 34, 35, 38, 46, 48, 51, 70, 71]
Min Correction Subset: [5, 6]
Iter 28: 
Min Hitting Set: [1, 2, 3, 5, 7, 9, 11, 14, 19, 21, 23, 25, 26, 29, 30, 31, 32, 33, 34, 35, 38, 46, 48, 51, 70, 71]
Min Correction Subset: [13, 22]
Iter 29: 
Min Hitting Set: [1, 2, 3, 5, 7, 9, 11, 13, 14, 19, 21, 23, 25, 26, 29, 30, 31, 32, 33, 34, 35, 38, 46, 48, 51, 70, 71]
Min Correction Subset: [10, 69]
Iter 30: 
Min Hitting Set: [1, 2, 3, 5, 7, 9, 10, 11, 13, 14, 19, 21, 23, 25, 26, 29, 30, 31, 32, 33, 34, 35, 38, 46, 48, 51, 70, 71]
Min Correction Subset: [22, 47]
Iter 31: 
Min Hitting Set: [1, 2, 3, 5, 7, 9, 10, 11, 14, 19, 21, 22, 23, 25, 26, 29, 30, 31, 32, 33, 34, 35, 38, 46, 48, 51, 70, 71]
Min Correction Subset: [43, 49]
Iter 32: 
Min Hitting Set: [1, 2, 3, 5, 7, 9, 10, 11, 14, 19, 21, 22, 23, 25, 26, 29, 31, 32, 33, 34, 35, 38, 43, 46, 48, 51, 70, 71]
Min Correction Subset: [8, 27]
Iter 33: 
Min Hitting Set: [1, 2, 3, 5, 7, 8, 9, 10, 11, 14, 19, 21, 22, 23, 25, 26, 29, 31, 32, 33, 34, 35, 38, 43, 46, 48, 51, 70, 71]
Min Correction Subset: [16, 64]
Iter 34: 
Min Hitting Set: [1, 2, 3, 5, 7, 8, 9, 10, 11, 14, 16, 19, 21, 22, 23, 25, 26, 29, 31, 32, 33, 34, 35, 38, 43, 46, 48, 51, 70, 71]
Min Correction Subset: [39, 44]
Iter 35: 
Min Hitting Set: [1, 2, 3, 5, 7, 8, 9, 10, 11, 14, 16, 19, 21, 22, 23, 25, 26, 29, 31, 32, 33, 34, 35, 38, 39, 43, 46, 48, 51, 70, 71]
Min Correction Subset: [13, 47]
Iter 36: 
Min Hitting Set: [1, 2, 3, 5, 7, 8, 9, 10, 11, 13, 14, 16, 19, 21, 22, 23, 25, 26, 29, 31, 32, 33, 34, 35, 38, 39, 43, 46, 48, 51, 70, 71]
Min Correction Subset: [0, 42]
Iter 37: 
Min Hitting Set: [0, 1, 2, 3, 5, 7, 8, 9, 10, 11, 13, 14, 16, 19, 21, 22, 23, 25, 26, 29, 31, 32, 33, 34, 35, 38, 39, 43, 46, 48, 51, 70, 71]
Min Correction Subset: [44, 65]
Iter 38: 
Min Hitting Set: [0, 1, 2, 3, 5, 7, 8, 9, 10, 11, 13, 14, 16, 19, 21, 22, 23, 25, 26, 29, 31, 32, 33, 34, 35, 38, 43, 44, 46, 48, 51, 70, 71]
Min Correction Subset: [6, 50]
Iter 39: 
Min Hitting Set: [0, 1, 2, 3, 6, 7, 8, 9, 10, 11, 13, 14, 16, 19, 21, 22, 23, 25, 26, 29, 31, 32, 33, 34, 35, 38, 43, 44, 46, 48, 51, 70, 71]
Min Correction Subset: [15, 39]
Iter 40: 
Min Hitting Set: [0, 1, 2, 3, 6, 7, 8, 9, 10, 11, 13, 14, 16, 19, 21, 22, 23, 25, 26, 29, 31, 32, 33, 34, 35, 38, 39, 43, 44, 46, 48, 51, 70, 71]
Min Correction Subset: [5, 42]
Iter 41: 
Min Hitting Set: [1, 2, 3, 6, 7, 8, 9, 10, 11, 13, 14, 16, 19, 21, 22, 23, 25, 26, 29, 31, 32, 33, 34, 35, 38, 39, 42, 43, 44, 46, 48, 51, 70, 71]
Min Correction Subset: [5, 24, 27]
Iter 42: 
Min Hitting Set: [1, 2, 3, 6, 7, 9, 10, 11, 13, 14, 16, 19, 21, 22, 23, 25, 26, 27, 29, 31, 32, 33, 34, 35, 38, 39, 42, 43, 44, 46, 48, 51, 70, 71]
Min Correction Subset: [8, 28, 47]
Iter 43: 
Min Hitting Set: [1, 2, 3, 6, 7, 9, 10, 11, 13, 14, 16, 19, 21, 23, 25, 26, 27, 29, 31, 32, 33, 34, 35, 38, 39, 42, 43, 44, 46, 47, 48, 51, 70, 71]
Min Correction Subset: [22, 50]
Iter 44: 
Min Hitting Set: [1, 2, 3, 6, 7, 9, 10, 11, 14, 16, 19, 21, 22, 23, 25, 26, 27, 29, 31, 32, 33, 34, 35, 38, 39, 42, 43, 44, 46, 47, 48, 51, 70, 71]
Min Correction Subset: [13, 30]
Iter 45: 
Min Hitting Set: [1, 2, 3, 5, 6, 7, 8, 9, 10, 11, 13, 14, 16, 19, 21, 22, 23, 25, 26, 29, 31, 32, 33, 34, 35, 38, 39, 42, 43, 44, 46, 48, 51, 70, 71]
Min Correction Subset: [27, 45, 65]
Iter 46: 
Min Hitting Set: [1, 2, 3, 5, 6, 7, 8, 9, 10, 11, 13, 14, 16, 19, 21, 22, 23, 25, 26, 29, 31, 32, 33, 34, 35, 38, 39, 42, 43, 46, 48, 51, 65, 70, 71]
Min Correction Subset: [12, 15, 44]
Iter 47: 
Min Hitting Set: [1, 2, 3, 6, 7, 9, 10, 11, 13, 14, 15, 16, 19, 21, 22, 23, 25, 26, 27, 29, 31, 32, 33, 34, 35, 38, 42, 43, 44, 46, 47, 48, 51, 70, 71]
Min Correction Subset: [17, 39]
Iter 48: 
Min Hitting Set: [1, 2, 3, 6, 7, 9, 10, 11, 13, 14, 16, 17, 21, 22, 23, 25, 26, 27, 29, 31, 32, 33, 34, 35, 38, 39, 42, 43, 44, 46, 47, 48, 51, 70, 71]
Min Correction Subset: [36, 50, 65]
Iter 49: 
Min Hitting Set: [1, 2, 3, 6, 7, 9, 10, 11, 13, 14, 16, 17, 21, 23, 25, 26, 27, 29, 31, 32, 33, 34, 35, 38, 39, 42, 43, 44, 46, 47, 48, 50, 51, 70, 71]
Min Correction Subset: [0, 19, 66]
Iter 50: 
Min Hitting Set: [1, 2, 3, 6, 7, 9, 10, 11, 13, 14, 16, 19, 21, 23, 25, 26, 27, 29, 31, 32, 33, 34, 35, 38, 39, 42, 43, 44, 46, 47, 48, 50, 51, 70, 71]
Min Correction Subset: [17, 22, 45]
Iter 51: 
Min Hitting Set: [0, 1, 2, 3, 5, 7, 9, 10, 11, 13, 14, 16, 17, 21, 23, 25, 26, 27, 29, 31, 32, 33, 34, 35, 38, 39, 43, 44, 46, 47, 48, 50, 51, 70, 71]
Min Correction Subset: [22, 36, 45]
Iter 52: 
Min Hitting Set: [1, 2, 3, 6, 7, 9, 10, 11, 13, 14, 16, 19, 21, 23, 25, 26, 27, 29, 31, 32, 33, 34, 35, 38, 39, 42, 43, 44, 45, 46, 47, 48, 50, 51, 70, 71]
Min Correction Subset: [8, 17, 65]
Iter 53: 
Min Hitting Set: [0, 1, 2, 3, 5, 6, 7, 8, 9, 10, 11, 13, 14, 16, 19, 21, 22, 23, 25, 26, 29, 31, 32, 33, 34, 35, 38, 39, 43, 44, 46, 48, 51, 65, 70, 71]
Min Correction Subset: [30, 36, 42, 69]
Iter 54: 
Min Hitting Set: [0, 1, 2, 3, 5, 6, 7, 8, 9, 11, 13, 14, 16, 19, 21, 22, 23, 25, 26, 29, 31, 32, 33, 34, 35, 38, 39, 43, 44, 46, 48, 51, 65, 69, 70, 71]
Min Correction Subset: [10, 15, 42]
Iter 55: 
Min Hitting Set: [1, 2, 3, 5, 6, 7, 8, 9, 10, 11, 13, 14, 16, 19, 21, 22, 23, 25, 26, 29, 31, 32, 33, 34, 35, 38, 39, 42, 43, 44, 46, 48, 51, 65, 70, 71]
Min Correction Subset: [18, 36, 50, 66]
Iter 56: 
Min Hitting Set: [0, 1, 2, 3, 5, 7, 9, 10, 11, 13, 14, 16, 17, 21, 23, 25, 26, 27, 29, 31, 32, 33, 34, 35, 36, 38, 39, 43, 44, 46, 47, 48, 50, 51, 70, 71]
Min Correction Subset: [19, 42, 45]
Iter 57: 
Min Hitting Set: [1, 2, 3, 6, 7, 8, 9, 11, 13, 14, 16, 19, 21, 22, 23, 25, 26, 27, 29, 31, 32, 33, 34, 35, 38, 39, 42, 43, 44, 46, 48, 50, 51, 69, 70, 71]
Min Correction Subset: [10, 24, 64]
Iter 58: 
Min Hitting Set: [1, 2, 3, 6, 7, 8, 9, 11, 13, 14, 19, 21, 22, 23, 25, 26, 27, 29, 31, 32, 33, 34, 35, 38, 39, 42, 43, 44, 46, 48, 50, 51, 64, 69, 70, 71]
Min Correction Subset: [10, 16]
Iter 59: 
Min Hitting Set: [1, 2, 3, 5, 7, 8, 9, 10, 11, 13, 14, 19, 21, 22, 23, 25, 26, 27, 29, 31, 32, 33, 34, 35, 38, 39, 42, 43, 44, 46, 48, 50, 51, 64, 70, 71]
Min Correction Subset: [6, 60, 65]
Iter 60: 
Min Hitting Set: [1, 2, 3, 5, 7, 8, 9, 10, 11, 13, 14, 19, 21, 22, 23, 25, 26, 29, 31, 32, 33, 34, 35, 38, 39, 42, 43, 44, 46, 48, 50, 51, 64, 65, 70, 71]
Min Correction Subset: [15, 16, 27, 62]
Iter 61: 
Min Hitting Set: [1, 2, 3, 6, 7, 8, 9, 10, 11, 13, 14, 19, 21, 22, 23, 25, 26, 27, 29, 31, 32, 33, 34, 35, 36, 38, 39, 42, 43, 44, 46, 48, 51, 64, 70, 71]
Min Correction Subset: [5, 16, 65]
Iter 62: 
Min Hitting Set: [1, 2, 3, 5, 7, 8, 9, 10, 11, 13, 14, 16, 19, 21, 22, 23, 25, 26, 29, 31, 32, 33, 34, 35, 38, 39, 42, 43, 44, 46, 48, 50, 51, 65, 70, 71]
Min Correction Subset: [28, 30, 37, 47, 63, 66]
Iter 63: 
Min Hitting Set: [1, 2, 3, 6, 7, 9, 10, 11, 14, 16, 19, 21, 22, 23, 25, 26, 27, 29, 30, 31, 32, 33, 34, 35, 38, 39, 42, 43, 44, 46, 47, 48, 51, 65, 66, 70, 71]
Min Correction Subset: [12, 13, 49]
Iter 64: 
Min Hitting Set: [1, 2, 3, 6, 7, 8, 9, 10, 11, 13, 14, 16, 19, 21, 22, 23, 25, 26, 27, 29, 31, 32, 33, 34, 35, 38, 39, 42, 43, 44, 46, 48, 50, 51, 66, 70, 71]
Min Correction Subset: [0, 45, 64, 65]
Iter 65: 
Min Hitting Set: [1, 2, 3, 6, 7, 9, 10, 11, 13, 14, 16, 19, 21, 23, 25, 26, 27, 29, 31, 32, 33, 34, 35, 38, 39, 42, 43, 44, 45, 46, 47, 48, 50, 51, 65, 70, 71]
Min Correction Subset: [18, 22, 36]
Iter 66: 
Min Hitting Set: [1, 2, 3, 6, 7, 9, 10, 11, 12, 13, 14, 19, 21, 22, 23, 25, 26, 27, 29, 31, 32, 33, 34, 35, 38, 39, 42, 43, 46, 47, 48, 51, 64, 65, 66, 70, 71]
Min Correction Subset: [8, 17, 45]
Iter 67: 
Min Hitting Set: [1, 2, 3, 6, 7, 9, 10, 11, 12, 13, 14, 17, 21, 22, 23, 25, 26, 27, 29, 31, 32, 33, 34, 35, 38, 39, 42, 43, 46, 47, 48, 51, 64, 65, 66, 70, 71]
Min Correction Subset: [19, 44]
Iter 68: 
Min Hitting Set: [0, 1, 2, 3, 6, 7, 9, 10, 11, 13, 14, 16, 17, 21, 22, 23, 25, 26, 27, 29, 31, 32, 33, 34, 35, 36, 38, 39, 42, 43, 44, 46, 47, 48, 51, 70, 71]
Min Correction Subset: [12, 28, 30, 37, 49, 63, 66]
Iter 69: 
Min Hitting Set: [1, 2, 3, 6, 7, 9, 10, 11, 13, 14, 17, 21, 22, 23, 25, 26, 27, 28, 29, 31, 32, 33, 34, 35, 38, 39, 42, 43, 44, 46, 48, 51, 64, 65, 66, 70, 71]
Min Correction Subset: [18, 19, 36, 45, 68]
Iter 70: 
Min Hitting Set: [1, 2, 3, 5, 6, 7, 8, 9, 10, 11, 12, 13, 14, 16, 19, 21, 22, 23, 25, 26, 29, 31, 32, 33, 34, 35, 38, 39, 42, 43, 46, 48, 51, 65, 66, 70, 71]
Min Correction Subset: [24, 44, 64]
Iter 71: 
Min Hitting Set: [1, 2, 3, 5, 6, 7, 8, 9, 10, 11, 13, 14, 15, 19, 21, 22, 23, 25, 26, 29, 31, 32, 33, 34, 35, 38, 39, 42, 43, 46, 48, 51, 64, 65, 66, 70, 71]
Min Correction Subset: [30, 44, 47, 53]
Optimal IIS
Instance: arbitrary-52-100-410000
----------------------------
Query: 10
Query element:49
Query element:4
Query scope: 12
Query scope: 14
Query scope: 15
Query scope: 17
Query scope: 25
Query scope: 42
Query scope: 44
----------------------------
IIS optimality: suboptimal
IIS solution time: 18495.585
IIS Constraint: 1; goods; {good:1}
IIS Constraint: 2; goods; {good:2}
IIS Constraint: 3; goods; {good:3}
IIS Constraint: 6; goods; {good:6}
IIS Constraint: 7; goods; {good:7}
IIS Constraint: 8; goods; {good:8}
IIS Constraint: 9; goods; {good:9}
IIS Constraint: 10; goods; {good:10}
IIS Constraint: 11; goods; {good:11}
IIS Constraint: 13; goods; {good:13}
IIS Constraint: 14; goods; {good:14}
IIS Constraint: 16; goods; {good:16}
IIS Constraint: 19; goods; {good:19}
IIS Constraint: 21; goods; {good:21}
IIS Constraint: 22; goods; {good:22}
IIS Constraint: 23; goods; {good:23}
IIS Constraint: 25; goods; {good:25}
IIS Constraint: 26; goods; {good:26}
IIS Constraint: 27; goods; {good:27}
IIS Constraint: 29; goods; {good:29}
IIS Constraint: 31; goods; {good:31}
IIS Constraint: 32; goods; {good:32}
IIS Constraint: 33; goods; {good:33}
IIS Constraint: 34; goods; {good:34}
IIS Constraint: 35; goods; {good:35}
IIS Constraint: 38; goods; {good:38}
IIS Constraint: 39; goods; {good:39}
IIS Constraint: 42; goods; {good:42}
IIS Constraint: 43; goods; {good:43}
IIS Constraint: 44; goods; {good:44}
IIS Constraint: 46; goods; {good:46}
IIS Constraint: 48; goods; {good:48}
IIS Constraint: 51; goods; {good:51}
IIS Constraint: 65; goods; {good:65}
IIS Constraint: 66; goods; {good:66}
IIS Constraint: 70; query; {goods:[49,4],query:10}
IIS Constraint: 71; max; {f:2994.7248000000004,objective:max}
