IIS generation
Iter 1: 
Min Hitting Set: []
Min Correction Subset: [68]
Iter 2: 
Min Hitting Set: [68]
Min Correction Subset: [52]
Iter 3: 
Min Hitting Set: [52, 68]
Min Correction Subset: [4]
Iter 4: 
Min Hitting Set: [4, 52, 68]
Min Correction Subset: [0]
Iter 5: 
Min Hitting Set: [0, 4, 52, 68]
Min Correction Subset: [67]
Iter 6: 
Min Hitting Set: [0, 4, 52, 67, 68]
Min Correction Subset: [50, 61]
Iter 7: 
Min Hitting Set: [0, 4, 50, 52, 67, 68]
Min Correction Subset: [25, 61]
Iter 8: 
Min Hitting Set: [0, 4, 52, 61, 67, 68]
Min Correction Subset: [50, 65]
Iter 9: 
Min Hitting Set: [0, 4, 50, 52, 61, 67, 68]
Min Correction Subset: [54, 55]
Iter 10: 
Min Hitting Set: [0, 4, 50, 52, 54, 61, 67, 68]
Min Correction Subset: [21, 55]
Iter 11: 
Min Hitting Set: [0, 4, 50, 52, 55, 61, 67, 68]
Min Correction Subset: [13, 54]
Iter 12: 
Min Hitting Set: [0, 4, 50, 52, 54, 55, 61, 67, 68]
Min Correction Subset: [1, 58]
Iter 13: 
Min Hitting Set: [0, 1, 4, 50, 52, 54, 55, 61, 67, 68]
Min Correction Subset: [5, 58]
Iter 14: 
Min Hitting Set: [0, 4, 50, 52, 54, 55, 58, 61, 67, 68]
Min Correction Subset: [25, 65]
Iter 15: 
Min Hitting Set: [0, 4, 25, 50, 52, 54, 55, 58, 67, 68]
Min Correction Subset: [1, 59]
Iter 16: 
Min Hitting Set: [0, 1, 4, 25, 50, 52, 54, 55, 58, 67, 68]
Min Correction Subset: [8, 51]
Iter 17: 
Min Hitting Set: [0, 1, 4, 8, 25, 50, 52, 54, 55, 58, 67, 68]
Min Correction Subset: [21, 61]
Iter 18: 
Min Hitting Set: [0, 1, 4, 8, 21, 25, 50, 52, 54, 58, 67, 68]
Min Correction Subset: [55, 59]
Iter 19: 
Min Hitting Set: [0, 4, 8, 21, 25, 50, 52, 54, 58, 59, 67, 68]
Min Correction Subset: [55, 63]
Iter 20: 
Min Hitting Set: [0, 1, 4, 8, 52, 54, 55, 58, 61, 65, 67, 68]
Min Correction Subset: [5, 59]
Iter 21: 
Min Hitting Set: [0, 1, 4, 5, 8, 52, 54, 55, 61, 65, 67, 68]
Min Correction Subset: [9, 59]
Iter 22: 
Min Hitting Set: [0, 4, 8, 52, 54, 55, 58, 59, 61, 65, 67, 68]
Min Correction Subset: [50, 53]
Iter 23: 
Min Hitting Set: [0, 4, 8, 25, 50, 52, 54, 55, 58, 59, 61, 67, 68]
Min Correction Subset: [9, 63]
Iter 24: 
Min Hitting Set: [0, 4, 8, 21, 25, 50, 52, 54, 58, 59, 63, 67, 68]
Min Correction Subset: [46, 61]
Iter 25: 
Min Hitting Set: [0, 1, 4, 5, 8, 9, 25, 50, 52, 54, 55, 61, 67, 68]
Min Correction Subset: [13, 58]
Iter 26: 
Min Hitting Set: [0, 1, 4, 5, 8, 9, 13, 25, 50, 52, 55, 61, 67, 68]
Min Correction Subset: [21, 54]
Iter 27: 
Min Hitting Set: [0, 4, 8, 9, 25, 50, 52, 54, 55, 58, 59, 61, 67, 68]
Min Correction Subset: [1, 63]
Iter 28: 
Min Hitting Set: [0, 4, 8, 25, 50, 52, 54, 55, 58, 59, 61, 63, 67, 68]
Min Correction Subset: [1, 46, 65]
Iter 29: 
Min Hitting Set: [0, 4, 8, 21, 50, 52, 54, 58, 59, 61, 63, 65, 67, 68]
Min Correction Subset: [25, 55]
Iter 30: 
Min Hitting Set: [0, 4, 8, 21, 25, 46, 50, 52, 54, 58, 59, 63, 67, 68]
Min Correction Subset: [1, 55]
Iter 31: 
Min Hitting Set: [0, 4, 8, 50, 52, 54, 55, 58, 59, 61, 63, 65, 67, 68]
Min Correction Subset: [1, 23, 60]
Iter 32: 
Min Hitting Set: [0, 1, 4, 5, 8, 9, 25, 50, 52, 54, 55, 58, 61, 67, 68]
Min Correction Subset: [13, 59]
Iter 33: 
Min Hitting Set: [0, 1, 4, 8, 9, 25, 50, 52, 54, 55, 58, 59, 61, 67, 68]
Min Correction Subset: [5, 63]
Iter 34: 
Min Hitting Set: [0, 1, 4, 5, 8, 9, 13, 25, 50, 52, 54, 55, 61, 67, 68]
Min Correction Subset: [21, 58]
Iter 35: 
Min Hitting Set: [0, 1, 4, 8, 25, 50, 52, 54, 55, 58, 59, 61, 63, 67, 68]
Min Correction Subset: [42, 46, 65]
Iter 36: 
Min Hitting Set: [0, 1, 4, 8, 50, 52, 54, 55, 58, 59, 61, 63, 65, 67, 68]
Min Correction Subset: [5, 9, 23, 60]
Iter 37: 
Min Hitting Set: [0, 1, 4, 5, 8, 9, 13, 21, 50, 52, 55, 61, 65, 67, 68]
Min Correction Subset: [46, 54]
Iter 38: 
Min Hitting Set: [0, 1, 4, 5, 8, 9, 13, 21, 25, 46, 50, 52, 55, 67, 68]
Min Correction Subset: [17, 54]
Iter 39: 
Min Hitting Set: [0, 4, 8, 23, 50, 52, 54, 55, 58, 59, 61, 63, 65, 67, 68]
Min Correction Subset: [9, 21, 53, 60]
Optimal IIS
Instance: matching-52-100-120000
----------------------------
Query: 2
Query element:91
Query scope: 91
----------------------------
IIS optimality: suboptimal
IIS solution time: 23112.418
IIS Constraint: 0; goods; {good:0}
IIS Constraint: 4; goods; {good:4}
IIS Constraint: 8; goods; {good:8}
IIS Constraint: 50; goods; {good:50}
IIS Constraint: 52; goods; {good:52}
IIS Constraint: 54; goods; {good:54}
IIS Constraint: 55; goods; {good:55}
IIS Constraint: 58; goods; {good:58}
IIS Constraint: 59; goods; {good:59}
IIS Constraint: 60; goods; {good:60}
IIS Constraint: 61; goods; {good:61}
IIS Constraint: 63; goods; {good:63}
IIS Constraint: 65; goods; {good:65}
IIS Constraint: 67; query; {bid:91,query:2}
IIS Constraint: 68; max; {f:84.70366,objective:max}
