IIS generation
Iter 1: 
Min Hitting Set: []
Min Correction Subset: [99]
Iter 2: 
Min Hitting Set: [99]
Min Correction Subset: [0]
Iter 3: 
Min Hitting Set: [0, 99]
Min Correction Subset: [18]
Iter 4: 
Min Hitting Set: [0, 18, 99]
Min Correction Subset: [61]
Iter 5: 
Min Hitting Set: [0, 18, 61, 99]
Min Correction Subset: [38]
Iter 6: 
Min Hitting Set: [0, 18, 38, 61, 99]
Min Correction Subset: [10]
Iter 7: 
Min Hitting Set: [0, 10, 18, 38, 61, 99]
Min Correction Subset: [29]
Iter 8: 
Min Hitting Set: [0, 10, 18, 29, 38, 61, 99]
Min Correction Subset: [12]
Iter 9: 
Min Hitting Set: [0, 10, 12, 18, 29, 38, 61, 99]
Min Correction Subset: [53]
Iter 10: 
Min Hitting Set: [0, 10, 12, 18, 29, 38, 53, 61, 99]
Min Correction Subset: [1]
Iter 11: 
Min Hitting Set: [0, 1, 10, 12, 18, 29, 38, 53, 61, 99]
Min Correction Subset: [35]
Iter 12: 
Min Hitting Set: [0, 1, 10, 12, 18, 29, 35, 38, 53, 61, 99]
Min Correction Subset: [47]
Iter 13: 
Min Hitting Set: [0, 1, 10, 12, 18, 29, 35, 38, 47, 53, 61, 99]
Min Correction Subset: [31]
Iter 14: 
Min Hitting Set: [0, 1, 10, 12, 18, 29, 31, 35, 38, 47, 53, 61, 99]
Min Correction Subset: [51]
Iter 15: 
Min Hitting Set: [0, 1, 10, 12, 18, 29, 31, 35, 38, 47, 51, 53, 61, 99]
Min Correction Subset: [37]
Iter 16: 
Min Hitting Set: [0, 1, 10, 12, 18, 29, 31, 35, 37, 38, 47, 51, 53, 61, 99]
Min Correction Subset: [46]
Iter 17: 
Min Hitting Set: [0, 1, 10, 12, 18, 29, 31, 35, 37, 38, 46, 47, 51, 53, 61, 99]
Min Correction Subset: [9]
Iter 18: 
Min Hitting Set: [0, 1, 9, 10, 12, 18, 29, 31, 35, 37, 38, 46, 47, 51, 53, 61, 99]
Min Correction Subset: [41]
Iter 19: 
Min Hitting Set: [0, 1, 9, 10, 12, 18, 29, 31, 35, 37, 38, 41, 46, 47, 51, 53, 61, 99]
Min Correction Subset: [60]
Iter 20: 
Min Hitting Set: [0, 1, 9, 10, 12, 18, 29, 31, 35, 37, 38, 41, 46, 47, 51, 53, 60, 61, 99]
Min Correction Subset: [16]
Iter 21: 
Min Hitting Set: [0, 1, 9, 10, 12, 16, 18, 29, 31, 35, 37, 38, 41, 46, 47, 51, 53, 60, 61, 99]
Min Correction Subset: [14]
Iter 22: 
Min Hitting Set: [0, 1, 9, 10, 12, 14, 16, 18, 29, 31, 35, 37, 38, 41, 46, 47, 51, 53, 60, 61, 99]
Min Correction Subset: [20]
Iter 23: 
Min Hitting Set: [0, 1, 9, 10, 12, 14, 16, 18, 20, 29, 31, 35, 37, 38, 41, 46, 47, 51, 53, 60, 61, 99]
Min Correction Subset: [44]
Iter 24: 
Min Hitting Set: [0, 1, 9, 10, 12, 14, 16, 18, 20, 29, 31, 35, 37, 38, 41, 44, 46, 47, 51, 53, 60, 61, 99]
Min Correction Subset: [72]
Iter 25: 
Min Hitting Set: [0, 1, 9, 10, 12, 14, 16, 18, 20, 29, 31, 35, 37, 38, 41, 44, 46, 47, 51, 53, 60, 61, 72, 99]
Min Correction Subset: [98]
Iter 26: 
Min Hitting Set: [0, 1, 9, 10, 12, 14, 16, 18, 20, 29, 31, 35, 37, 38, 41, 44, 46, 47, 51, 53, 60, 61, 72, 98, 99]
Min Correction Subset: [59]
Iter 27: 
Min Hitting Set: [0, 1, 9, 10, 12, 14, 16, 18, 20, 29, 31, 35, 37, 38, 41, 44, 46, 47, 51, 53, 59, 60, 61, 72, 98, 99]
Min Correction Subset: [69]
Iter 28: 
Min Hitting Set: [0, 1, 9, 10, 12, 14, 16, 18, 20, 29, 31, 35, 37, 38, 41, 44, 46, 47, 51, 53, 59, 60, 61, 69, 72, 98, 99]
Min Correction Subset: [5]
Iter 29: 
Min Hitting Set: [0, 1, 5, 9, 10, 12, 14, 16, 18, 20, 29, 31, 35, 37, 38, 41, 44, 46, 47, 51, 53, 59, 60, 61, 69, 72, 98, 99]
Min Correction Subset: [48]
Iter 30: 
Min Hitting Set: [0, 1, 5, 9, 10, 12, 14, 16, 18, 20, 29, 31, 35, 37, 38, 41, 44, 46, 47, 48, 51, 53, 59, 60, 61, 69, 72, 98, 99]
Min Correction Subset: [17]
Optimal IIS
Instance: paths-52-100-470000
----------------------------
Query: 8
Query element:8
Query scope: 49
Query scope: 53
Query scope: 75
Query scope: 79
Query scope: 83
Query scope: 99
----------------------------
IIS optimality: suboptimal
IIS solution time: 2239.396
IIS Constraint: 0; goods; {good:0}
IIS Constraint: 1; goods; {good:1}
IIS Constraint: 5; goods; {good:5}
IIS Constraint: 9; goods; {good:9}
IIS Constraint: 10; goods; {good:10}
IIS Constraint: 12; goods; {good:12}
IIS Constraint: 14; goods; {good:14}
IIS Constraint: 16; goods; {good:16}
IIS Constraint: 17; goods; {good:17}
IIS Constraint: 18; goods; {good:18}
IIS Constraint: 20; goods; {good:20}
IIS Constraint: 29; goods; {good:29}
IIS Constraint: 31; goods; {good:31}
IIS Constraint: 35; goods; {good:35}
IIS Constraint: 37; goods; {good:37}
IIS Constraint: 38; goods; {good:38}
IIS Constraint: 41; goods; {good:41}
IIS Constraint: 44; goods; {good:44}
IIS Constraint: 46; goods; {good:46}
IIS Constraint: 47; goods; {good:47}
IIS Constraint: 48; goods; {good:48}
IIS Constraint: 51; goods; {good:51}
IIS Constraint: 53; goods; {good:53}
IIS Constraint: 59; goods; {good:59}
IIS Constraint: 60; goods; {good:60}
IIS Constraint: 61; goods; {good:61}
IIS Constraint: 69; goods; {good:69}
IIS Constraint: 72; goods; {good:72}
IIS Constraint: 98; query; {good:8,query:8}
IIS Constraint: 99; max; {f:16.677045200000002,objective:max}
