IIS generation
Iter 1: 
Min Hitting Set: []
Min Correction Subset: [59]
Iter 2: 
Min Hitting Set: [59]
Min Correction Subset: [54]
Iter 3: 
Min Hitting Set: [54, 59]
Min Correction Subset: [52]
Iter 4: 
Min Hitting Set: [52, 54, 59]
Min Correction Subset: [58]
Iter 5: 
Min Hitting Set: [52, 54, 58, 59]
Min Correction Subset: [1, 2]
Iter 6: 
Min Hitting Set: [1, 52, 54, 58, 59]
Min Correction Subset: [2, 10]
Iter 7: 
Min Hitting Set: [2, 52, 54, 58, 59]
Min Correction Subset: [10, 11]
Iter 8: 
Min Hitting Set: [2, 10, 52, 54, 58, 59]
Min Correction Subset: [16, 17, 55]
Iter 9: 
Min Hitting Set: [2, 10, 16, 52, 54, 58, 59]
Min Correction Subset: [4, 5, 6]
Iter 10: 
Min Hitting Set: [2, 4, 10, 16, 52, 54, 58, 59]
Min Correction Subset: [14, 15, 56]
Iter 11: 
Min Hitting Set: [2, 4, 10, 14, 16, 52, 54, 58, 59]
Min Correction Subset: [17, 20, 56]
Iter 12: 
Min Hitting Set: [2, 4, 10, 17, 52, 54, 56, 58, 59]
Min Correction Subset: [11, 55, 57]
Optimal IIS
Instance: scheduling-52-100-320000
----------------------------
Query: 3
Query element:98
Query element:0
Query scope: 98
Query scope: 0
----------------------------
IIS optimality: suboptimal
IIS solution time: 977.256
IIS Constraint: 2; goods; {good:2}
IIS Constraint: 4; goods; {good:4}
IIS Constraint: 10; goods; {good:10}
IIS Constraint: 52; goods; {good:52}
IIS Constraint: 54; goods; {good:54}
IIS Constraint: 55; goods; {good:55}
IIS Constraint: 56; goods; {good:56}
IIS Constraint: 58; query; {bid:0,query:3}
IIS Constraint: 59; max; {f:33.334814,objective:max}
