IIS generation
Iter 1: 
Min Hitting Set: []
Min Correction Subset: [73]
Iter 2: 
Min Hitting Set: [73]
Min Correction Subset: [40]
Iter 3: 
Min Hitting Set: [40, 73]
Min Correction Subset: [72]
Iter 4: 
Min Hitting Set: [40, 72, 73]
Min Correction Subset: [1]
Iter 5: 
Min Hitting Set: [1, 40, 72, 73]
Min Correction Subset: [34]
Iter 6: 
Min Hitting Set: [1, 34, 40, 72, 73]
Min Correction Subset: [35]
Iter 7: 
Min Hitting Set: [1, 34, 35, 40, 72, 73]
Min Correction Subset: [11]
Iter 8: 
Min Hitting Set: [1, 11, 34, 35, 40, 72, 73]
Min Correction Subset: [14]
Iter 9: 
Min Hitting Set: [1, 11, 14, 34, 35, 40, 72, 73]
Min Correction Subset: [9]
Iter 10: 
Min Hitting Set: [1, 9, 11, 14, 34, 35, 40, 72, 73]
Min Correction Subset: [32]
Iter 11: 
Min Hitting Set: [1, 9, 11, 14, 32, 34, 35, 40, 72, 73]
Min Correction Subset: [12]
Iter 12: 
Min Hitting Set: [1, 9, 11, 12, 14, 32, 34, 35, 40, 72, 73]
Min Correction Subset: [33]
Iter 13: 
Min Hitting Set: [1, 9, 11, 12, 14, 32, 33, 34, 35, 40, 72, 73]
Min Correction Subset: [13]
Iter 14: 
Min Hitting Set: [1, 9, 11, 12, 13, 14, 32, 33, 34, 35, 40, 72, 73]
Min Correction Subset: [24, 29]
Iter 15: 
Min Hitting Set: [1, 9, 11, 12, 13, 14, 24, 32, 33, 34, 35, 40, 72, 73]
Min Correction Subset: [2, 22]
Iter 16: 
Min Hitting Set: [1, 2, 9, 11, 12, 13, 14, 24, 32, 33, 34, 35, 40, 72, 73]
Min Correction Subset: [17, 18]
Iter 17: 
Min Hitting Set: [1, 2, 9, 11, 12, 13, 14, 17, 24, 32, 33, 34, 35, 40, 72, 73]
Min Correction Subset: [0, 37]
Iter 18: 
Min Hitting Set: [0, 1, 2, 9, 11, 12, 13, 14, 17, 24, 32, 33, 34, 35, 40, 72, 73]
Min Correction Subset: [27, 31]
Iter 19: 
Min Hitting Set: [0, 1, 2, 9, 11, 12, 13, 14, 17, 24, 27, 32, 33, 34, 35, 40, 72, 73]
Min Correction Subset: [48, 70]
Iter 20: 
Min Hitting Set: [0, 1, 2, 9, 11, 12, 13, 14, 17, 24, 27, 32, 33, 34, 35, 40, 48, 72, 73]
Min Correction Subset: [21, 36]
Iter 21: 
Min Hitting Set: [0, 1, 2, 9, 11, 12, 13, 14, 17, 21, 24, 27, 32, 33, 34, 35, 40, 48, 72, 73]
Min Correction Subset: [15, 50]
Iter 22: 
Min Hitting Set: [0, 1, 2, 9, 11, 12, 13, 14, 15, 17, 21, 24, 27, 32, 33, 34, 35, 40, 48, 72, 73]
Min Correction Subset: [28, 51]
Iter 23: 
Min Hitting Set: [0, 1, 2, 9, 11, 12, 13, 14, 15, 17, 21, 24, 27, 28, 32, 33, 34, 35, 40, 48, 72, 73]
Min Correction Subset: [39, 51]
Iter 24: 
Min Hitting Set: [0, 1, 2, 9, 11, 12, 13, 14, 15, 17, 21, 24, 27, 32, 33, 34, 35, 40, 48, 51, 72, 73]
Min Correction Subset: [30, 45]
Iter 25: 
Min Hitting Set: [0, 1, 2, 9, 11, 12, 13, 14, 15, 17, 21, 24, 27, 30, 32, 33, 34, 35, 40, 48, 51, 72, 73]
Min Correction Subset: [39, 49]
Iter 26: 
Min Hitting Set: [0, 1, 2, 9, 11, 12, 13, 14, 15, 17, 21, 24, 27, 30, 32, 33, 34, 35, 39, 40, 48, 51, 72, 73]
Min Correction Subset: [44, 50]
Iter 27: 
Min Hitting Set: [0, 1, 2, 9, 11, 12, 13, 14, 17, 21, 24, 27, 30, 32, 33, 34, 35, 39, 40, 48, 50, 51, 72, 73]
Min Correction Subset: [45, 49]
Iter 28: 
Min Hitting Set: [0, 1, 2, 9, 11, 12, 13, 14, 17, 21, 24, 27, 32, 33, 34, 35, 39, 40, 45, 48, 50, 51, 72, 73]
Min Correction Subset: [29, 37]
Iter 29: 
Min Hitting Set: [1, 2, 9, 11, 12, 13, 14, 17, 21, 27, 29, 32, 33, 34, 35, 37, 39, 40, 45, 48, 50, 51, 72, 73]
Min Correction Subset: [18, 30]
Iter 30: 
Min Hitting Set: [1, 2, 9, 11, 12, 13, 14, 18, 21, 27, 29, 32, 33, 34, 35, 37, 40, 45, 48, 49, 50, 51, 72, 73]
Min Correction Subset: [3, 44]
Iter 31: 
Min Hitting Set: [1, 2, 9, 11, 12, 13, 14, 18, 21, 27, 29, 32, 33, 34, 35, 37, 40, 44, 45, 48, 49, 50, 51, 72, 73]
Min Correction Subset: [0, 30]
Iter 32: 
Min Hitting Set: [0, 1, 2, 9, 11, 12, 13, 14, 18, 21, 27, 29, 30, 32, 33, 34, 35, 40, 44, 48, 49, 50, 51, 72, 73]
Min Correction Subset: [15, 45]
Iter 33: 
Min Hitting Set: [0, 1, 2, 9, 11, 12, 13, 14, 15, 18, 21, 27, 29, 30, 32, 33, 34, 35, 40, 44, 48, 49, 51, 72, 73]
Min Correction Subset: [31, 41]
Iter 34: 
Min Hitting Set: [0, 1, 2, 9, 11, 12, 13, 14, 15, 18, 21, 29, 30, 31, 32, 33, 34, 35, 40, 44, 48, 49, 51, 72, 73]
Min Correction Subset: [24, 50]
Iter 35: 
Min Hitting Set: [1, 2, 9, 11, 12, 13, 14, 15, 18, 21, 24, 30, 31, 32, 33, 34, 35, 37, 40, 44, 48, 49, 51, 72, 73]
Min Correction Subset: [0, 29]
Iter 36: 
Min Hitting Set: [0, 1, 2, 9, 11, 12, 13, 14, 18, 21, 29, 31, 32, 33, 34, 35, 40, 44, 45, 48, 49, 50, 51, 72, 73]
Min Correction Subset: [30, 42]
Iter 37: 
Min Hitting Set: [0, 1, 2, 9, 11, 12, 13, 14, 15, 18, 21, 24, 29, 30, 31, 32, 33, 34, 35, 40, 44, 48, 49, 51, 72, 73]
Min Correction Subset: [7, 43]
Iter 38: 
Min Hitting Set: [0, 1, 2, 7, 9, 11, 12, 13, 14, 15, 18, 21, 24, 29, 30, 31, 32, 33, 34, 35, 40, 44, 48, 49, 51, 72, 73]
Min Correction Subset: [45, 50]
Iter 39: 
Min Hitting Set: [0, 1, 2, 7, 9, 11, 12, 13, 14, 15, 18, 21, 29, 30, 31, 32, 33, 34, 35, 40, 44, 48, 49, 50, 51, 72, 73]
Min Correction Subset: [8, 27]
Iter 40: 
Min Hitting Set: [0, 1, 2, 7, 9, 11, 12, 13, 14, 15, 18, 21, 27, 29, 30, 31, 32, 33, 34, 35, 40, 44, 48, 49, 50, 51, 72, 73]
Min Correction Subset: [24, 45]
Iter 41: 
Min Hitting Set: [0, 1, 2, 7, 9, 11, 12, 13, 14, 18, 21, 27, 29, 30, 31, 32, 33, 34, 35, 40, 44, 45, 48, 49, 50, 51, 72, 73]
Min Correction Subset: [24, 28, 37]
Iter 42: 
Min Hitting Set: [1, 2, 7, 9, 11, 12, 13, 14, 18, 21, 27, 29, 30, 31, 32, 33, 34, 35, 37, 40, 44, 45, 48, 49, 50, 51, 72, 73]
Min Correction Subset: [0, 15]
Iter 43: 
Min Hitting Set: [0, 1, 2, 7, 9, 11, 12, 13, 14, 18, 21, 27, 28, 29, 30, 31, 32, 33, 34, 35, 39, 40, 44, 45, 48, 50, 72, 73]
Min Correction Subset: [16, 51]
Iter 44: 
Min Hitting Set: [0, 1, 2, 7, 9, 11, 12, 13, 14, 18, 21, 27, 29, 30, 31, 32, 33, 34, 35, 37, 40, 44, 45, 48, 49, 50, 51, 72, 73]
Min Correction Subset: [15, 26, 41]
Iter 45: 
Min Hitting Set: [0, 1, 2, 7, 9, 11, 12, 13, 14, 18, 21, 27, 29, 30, 32, 33, 34, 35, 37, 40, 41, 44, 45, 48, 49, 50, 51, 72, 73]
Min Correction Subset: [3, 31]
Iter 46: 
Min Hitting Set: [1, 2, 3, 7, 9, 11, 12, 13, 14, 15, 18, 21, 24, 27, 29, 30, 32, 33, 34, 35, 37, 40, 41, 48, 49, 50, 51, 72, 73]
Min Correction Subset: [43, 44]
Iter 47: 
Min Hitting Set: [1, 2, 3, 9, 11, 12, 13, 14, 15, 18, 21, 24, 27, 29, 30, 32, 33, 34, 35, 37, 40, 41, 43, 48, 49, 50, 51, 72, 73]
Min Correction Subset: [44, 70]
Iter 48: 
Min Hitting Set: [1, 2, 3, 9, 11, 12, 13, 14, 15, 18, 21, 24, 27, 29, 30, 32, 33, 34, 35, 37, 40, 41, 43, 49, 50, 51, 70, 72, 73]
Min Correction Subset: [31, 48]
Iter 49: 
Min Hitting Set: [1, 2, 3, 9, 11, 12, 13, 14, 15, 18, 21, 24, 27, 29, 30, 31, 32, 33, 34, 35, 37, 40, 43, 49, 50, 51, 70, 72, 73]
Min Correction Subset: [22, 48]
Iter 50: 
Min Hitting Set: [1, 3, 9, 11, 12, 13, 14, 15, 18, 21, 22, 24, 27, 29, 30, 31, 32, 33, 34, 35, 37, 40, 43, 49, 50, 51, 70, 72, 73]
Min Correction Subset: [0, 41]
Iter 51: 
Min Hitting Set: [0, 1, 3, 9, 11, 12, 13, 14, 15, 18, 21, 22, 24, 27, 30, 31, 32, 33, 34, 35, 37, 40, 43, 49, 50, 51, 70, 72, 73]
Min Correction Subset: [29, 53]
Iter 52: 
Min Hitting Set: [0, 1, 9, 11, 12, 13, 14, 15, 18, 21, 22, 24, 27, 29, 30, 31, 32, 33, 34, 35, 40, 43, 44, 48, 49, 50, 51, 72, 73]
Min Correction Subset: [39, 45]
Iter 53: 
Min Hitting Set: [0, 1, 9, 11, 12, 13, 14, 15, 18, 21, 22, 24, 27, 29, 30, 31, 32, 33, 34, 35, 39, 40, 43, 44, 45, 51, 70, 72, 73]
Min Correction Subset: [2, 50]
Iter 54: 
Min Hitting Set: [0, 1, 2, 9, 11, 12, 13, 14, 15, 18, 21, 24, 27, 29, 30, 31, 32, 33, 34, 35, 39, 40, 43, 44, 45, 48, 51, 72, 73]
Min Correction Subset: [5, 50]
Iter 55: 
Min Hitting Set: [0, 1, 3, 9, 11, 12, 13, 14, 18, 21, 22, 27, 29, 30, 32, 33, 34, 35, 37, 39, 40, 41, 43, 45, 48, 50, 51, 70, 72, 73]
Min Correction Subset: [2, 16]
Iter 56: 
Min Hitting Set: [0, 1, 9, 11, 12, 13, 14, 16, 18, 21, 22, 27, 28, 29, 30, 31, 32, 33, 34, 35, 39, 40, 41, 43, 44, 45, 50, 70, 72, 73]
Min Correction Subset: [2, 20]
Iter 57: 
Min Hitting Set: [0, 1, 2, 9, 11, 12, 13, 14, 15, 18, 21, 27, 29, 30, 31, 32, 33, 34, 35, 37, 39, 40, 43, 44, 45, 48, 50, 51, 72, 73]
Min Correction Subset: [20, 24, 36]
Iter 58: 
Min Hitting Set: [0, 1, 2, 9, 11, 12, 13, 14, 15, 18, 27, 29, 30, 31, 32, 33, 34, 35, 36, 37, 39, 40, 43, 44, 45, 48, 50, 51, 72, 73]
Min Correction Subset: [21, 26]
Iter 59: 
Min Hitting Set: [0, 1, 2, 9, 11, 12, 13, 14, 18, 24, 26, 27, 29, 30, 31, 32, 33, 34, 35, 36, 40, 43, 44, 45, 48, 49, 50, 51, 72, 73]
Min Correction Subset: [21, 39]
Iter 60: 
Min Hitting Set: [0, 1, 2, 9, 11, 12, 13, 14, 18, 21, 24, 26, 27, 29, 30, 31, 32, 33, 34, 35, 40, 43, 44, 45, 48, 49, 50, 51, 72, 73]
Min Correction Subset: [3, 41, 60]
Iter 61: 
Min Hitting Set: [0, 1, 2, 9, 11, 12, 13, 14, 18, 21, 24, 27, 29, 30, 31, 32, 33, 34, 35, 40, 41, 43, 44, 45, 48, 49, 50, 51, 72, 73]
Min Correction Subset: [15, 16, 37]
Iter 62: 
Min Hitting Set: [0, 1, 3, 9, 11, 12, 13, 14, 16, 18, 20, 21, 22, 27, 28, 29, 30, 31, 32, 33, 34, 35, 39, 40, 41, 43, 45, 50, 70, 72, 73]
Min Correction Subset: [23, 48]
Iter 63: 
Min Hitting Set: [0, 1, 2, 3, 9, 11, 12, 13, 14, 15, 18, 21, 24, 27, 29, 30, 32, 33, 34, 35, 39, 40, 41, 43, 44, 45, 48, 50, 51, 72, 73]
Min Correction Subset: [31, 37]
Iter 64: 
Min Hitting Set: [1, 2, 9, 11, 12, 13, 14, 15, 18, 21, 24, 27, 29, 30, 31, 32, 33, 34, 35, 37, 40, 41, 43, 44, 45, 48, 49, 50, 51, 72, 73]
Min Correction Subset: [20, 36, 57]
Iter 65: 
Min Hitting Set: [1, 2, 9, 11, 12, 13, 14, 15, 18, 21, 27, 29, 30, 31, 32, 33, 34, 35, 36, 37, 40, 41, 43, 44, 45, 48, 49, 50, 51, 72, 73]
Min Correction Subset: [0, 20, 23]
Iter 66: 
Min Hitting Set: [0, 1, 2, 3, 9, 11, 12, 13, 14, 18, 21, 27, 29, 30, 32, 33, 34, 35, 36, 37, 40, 41, 43, 45, 48, 49, 50, 51, 70, 72, 73]
Min Correction Subset: [4, 5, 28]
Iter 67: 
Min Hitting Set: [0, 1, 2, 9, 11, 12, 13, 14, 16, 18, 21, 27, 28, 29, 30, 31, 32, 33, 34, 35, 36, 39, 40, 41, 43, 44, 45, 48, 50, 72, 73]
Min Correction Subset: [7, 22, 46]
Iter 68: 
Min Hitting Set: [0, 1, 2, 7, 9, 11, 12, 13, 14, 16, 18, 21, 27, 28, 29, 30, 31, 32, 33, 34, 35, 36, 39, 40, 41, 44, 45, 48, 50, 72, 73]
Min Correction Subset: [22, 24, 51]
Iter 69: 
Min Hitting Set: [0, 1, 9, 11, 12, 13, 14, 16, 18, 20, 21, 22, 27, 28, 29, 30, 31, 32, 33, 34, 35, 39, 40, 41, 43, 44, 45, 48, 50, 72, 73]
Min Correction Subset: [2, 36]
Iter 70: 
Min Hitting Set: [1, 2, 7, 9, 11, 12, 13, 14, 15, 18, 20, 21, 27, 28, 29, 30, 31, 32, 33, 34, 35, 37, 39, 40, 41, 44, 45, 48, 50, 51, 72, 73]
Min Correction Subset: [5, 24, 36]
Iter 71: 
Min Hitting Set: [0, 1, 2, 5, 7, 9, 11, 12, 13, 14, 18, 21, 27, 29, 30, 31, 32, 33, 34, 35, 36, 37, 39, 40, 41, 44, 45, 48, 50, 51, 72, 73]
Min Correction Subset: [8, 23, 28]
Iter 72: 
Min Hitting Set: [0, 1, 2, 7, 9, 11, 12, 13, 14, 18, 26, 27, 28, 29, 30, 31, 32, 33, 34, 35, 36, 37, 39, 40, 41, 44, 45, 48, 50, 51, 72, 73]
Min Correction Subset: [3, 5, 24]
Iter 73: 
Min Hitting Set: [0, 1, 2, 5, 7, 8, 9, 11, 12, 13, 14, 18, 26, 29, 30, 31, 32, 33, 34, 35, 36, 37, 39, 40, 41, 44, 45, 48, 50, 51, 72, 73]
Min Correction Subset: [24, 27]
Iter 74: 
Min Hitting Set: [0, 1, 2, 3, 9, 11, 12, 13, 14, 16, 18, 22, 26, 27, 28, 29, 30, 31, 32, 33, 34, 35, 36, 39, 40, 43, 45, 48, 50, 70, 72, 73]
Min Correction Subset: [37, 51, 55]
Iter 75: 
Min Hitting Set: [0, 1, 2, 3, 7, 9, 11, 12, 13, 14, 18, 26, 27, 28, 29, 30, 31, 32, 33, 34, 35, 36, 37, 39, 40, 44, 45, 48, 50, 51, 72, 73]
Min Correction Subset: [15, 20, 57]
Iter 76: 
Min Hitting Set: [0, 1, 2, 5, 7, 8, 9, 11, 12, 13, 14, 15, 18, 20, 21, 24, 29, 30, 31, 32, 33, 34, 35, 39, 40, 41, 44, 45, 48, 51, 72, 73]
Min Correction Subset: [3, 27]
Iter 77: 
Min Hitting Set: [0, 1, 2, 3, 5, 7, 8, 9, 11, 12, 13, 14, 15, 18, 20, 21, 24, 29, 30, 31, 32, 33, 34, 35, 39, 40, 44, 45, 48, 51, 72, 73]
Min Correction Subset: [26, 50]
Iter 78: 
Min Hitting Set: [0, 1, 2, 3, 7, 9, 11, 12, 13, 14, 15, 18, 21, 27, 28, 29, 30, 31, 32, 33, 34, 35, 36, 39, 40, 44, 45, 48, 50, 51, 72, 73]
Min Correction Subset: [4, 5, 8]
Iter 79: 
Min Hitting Set: [0, 1, 2, 3, 5, 7, 8, 9, 11, 12, 13, 14, 15, 18, 24, 26, 29, 30, 31, 32, 33, 34, 35, 36, 39, 40, 44, 45, 48, 51, 72, 73]
Min Correction Subset: [17, 37, 61]
Iter 80: 
Min Hitting Set: [0, 1, 2, 3, 5, 7, 8, 9, 11, 12, 13, 14, 15, 17, 24, 26, 29, 30, 31, 32, 33, 34, 35, 36, 39, 40, 44, 45, 48, 51, 72, 73]
Min Correction Subset: [18, 43]
Iter 81: 
Min Hitting Set: [1, 2, 5, 7, 9, 11, 12, 13, 14, 15, 18, 21, 23, 27, 29, 30, 31, 32, 33, 34, 35, 36, 37, 39, 40, 41, 44, 45, 48, 50, 51, 72, 73]
Min Correction Subset: [16, 22, 43]
Iter 82: 
Min Hitting Set: [0, 1, 2, 3, 5, 8, 9, 11, 12, 13, 14, 15, 17, 22, 24, 26, 29, 30, 31, 32, 33, 34, 35, 36, 39, 40, 43, 44, 45, 48, 51, 72, 73]
Min Correction Subset: [7, 27]
Iter 83: 
Min Hitting Set: [0, 1, 2, 3, 5, 7, 8, 9, 11, 12, 13, 14, 15, 17, 24, 26, 29, 30, 31, 32, 33, 34, 35, 36, 39, 40, 43, 44, 45, 48, 51, 72, 73]
Min Correction Subset: [18, 50]
Iter 84: 
Min Hitting Set: [0, 1, 2, 3, 5, 7, 8, 9, 11, 12, 13, 14, 15, 16, 17, 18, 24, 26, 29, 30, 31, 32, 33, 34, 35, 36, 39, 40, 44, 45, 48, 51, 72, 73]
Min Correction Subset: [23, 41, 49]
Iter 85: 
Min Hitting Set: [1, 2, 3, 5, 7, 9, 11, 12, 13, 14, 15, 16, 18, 23, 24, 26, 27, 28, 29, 30, 32, 33, 34, 35, 36, 37, 39, 40, 41, 44, 45, 48, 72, 73]
Min Correction Subset: [50, 51]
Iter 86: 
Min Hitting Set: [0, 1, 2, 3, 8, 9, 11, 12, 13, 14, 15, 17, 22, 23, 26, 27, 28, 29, 30, 31, 32, 33, 34, 35, 36, 39, 40, 43, 45, 50, 51, 70, 72, 73]
Min Correction Subset: [18, 44]
Iter 87: 
Min Hitting Set: [0, 1, 2, 3, 5, 7, 9, 11, 12, 13, 14, 16, 18, 20, 21, 24, 27, 28, 29, 30, 32, 33, 34, 35, 37, 39, 40, 41, 44, 45, 48, 50, 72, 73]
Min Correction Subset: [31, 36]
Iter 88: 
Min Hitting Set: [1, 2, 3, 7, 8, 9, 11, 12, 13, 14, 15, 16, 18, 20, 21, 24, 28, 29, 30, 31, 32, 33, 34, 35, 37, 39, 40, 41, 44, 45, 48, 50, 72, 73]
Min Correction Subset: [0, 27]
Iter 89: 
Min Hitting Set: [0, 1, 2, 3, 7, 8, 9, 11, 12, 13, 14, 16, 18, 20, 21, 24, 28, 29, 30, 31, 32, 33, 34, 35, 37, 39, 40, 41, 44, 45, 48, 50, 72, 73]
Min Correction Subset: [27, 36, 60]
Iter 90: 
Min Hitting Set: [0, 1, 2, 5, 7, 9, 11, 12, 13, 14, 15, 17, 20, 21, 27, 28, 29, 30, 31, 32, 33, 34, 35, 39, 40, 41, 43, 44, 45, 48, 50, 51, 72, 73]
Min Correction Subset: [18, 53]
Iter 91: 
Min Hitting Set: [0, 1, 2, 5, 7, 9, 11, 12, 13, 14, 18, 20, 21, 22, 23, 27, 29, 30, 31, 32, 33, 34, 35, 37, 40, 41, 44, 45, 48, 49, 50, 51, 72, 73]
Min Correction Subset: [3, 36, 60]
Iter 92: 
Min Hitting Set: [1, 2, 3, 5, 7, 9, 11, 12, 13, 14, 15, 18, 22, 23, 26, 27, 29, 30, 32, 33, 34, 35, 36, 37, 39, 40, 41, 44, 45, 48, 50, 51, 72, 73]
Min Correction Subset: [0, 21]
Iter 93: 
Min Hitting Set: [0, 1, 2, 3, 5, 9, 11, 12, 13, 14, 15, 18, 20, 21, 22, 23, 27, 29, 30, 31, 32, 33, 34, 35, 37, 39, 40, 43, 45, 50, 51, 70, 72, 73]
Min Correction Subset: [7, 24, 36]
Iter 94: 
Min Hitting Set: [1, 5, 9, 11, 12, 13, 14, 15, 16, 18, 20, 21, 22, 27, 28, 29, 30, 31, 32, 33, 34, 35, 36, 37, 39, 40, 41, 43, 44, 45, 48, 50, 72, 73]
Min Correction Subset: [0, 2]
Iter 95: 
Min Hitting Set: [1, 2, 3, 5, 9, 11, 12, 13, 14, 15, 18, 21, 22, 23, 27, 29, 30, 31, 32, 33, 34, 35, 36, 37, 40, 41, 43, 45, 49, 50, 51, 70, 72, 73]
Min Correction Subset: [0, 48]
Iter 96: 
Min Hitting Set: [0, 1, 2, 3, 5, 9, 11, 12, 13, 14, 15, 18, 21, 22, 23, 27, 29, 30, 31, 32, 33, 34, 35, 36, 37, 40, 43, 45, 49, 50, 51, 70, 72, 73]
Min Correction Subset: [6, 24, 48]
Iter 97: 
Min Hitting Set: [0, 1, 3, 7, 8, 9, 11, 12, 13, 14, 16, 18, 20, 22, 26, 27, 28, 29, 30, 32, 33, 34, 35, 36, 37, 39, 40, 41, 44, 45, 48, 50, 72, 73]
Min Correction Subset: [17, 24, 51]
Iter 98: 
Min Hitting Set: [1, 2, 3, 5, 9, 11, 12, 13, 14, 15, 18, 21, 22, 23, 27, 29, 30, 32, 33, 34, 35, 36, 37, 40, 41, 43, 45, 48, 49, 50, 51, 70, 72, 73]
Min Correction Subset: [0, 28, 39]
Iter 99: 
Min Hitting Set: [1, 2, 3, 5, 7, 9, 11, 12, 13, 14, 15, 18, 21, 23, 27, 29, 30, 32, 33, 34, 35, 36, 37, 39, 40, 41, 43, 45, 48, 50, 51, 70, 72, 73]
Min Correction Subset: [16, 22, 44]
Iter 100: 
Min Hitting Set: [1, 2, 5, 9, 11, 12, 13, 14, 15, 18, 21, 22, 23, 27, 29, 30, 31, 32, 33, 34, 35, 36, 37, 39, 40, 41, 43, 44, 45, 48, 50, 51, 72, 73]
Min Correction Subset: [0, 7, 49]
Iter 101: 
Min Hitting Set: [1, 2, 3, 5, 7, 9, 11, 12, 13, 14, 15, 18, 21, 23, 27, 29, 30, 32, 33, 34, 35, 36, 37, 39, 40, 41, 43, 44, 45, 48, 50, 51, 72, 73]
Min Correction Subset: [0, 24, 55]
Instance: arbitrary-52-100-990000
----------------------------
Query: 1
Query element:62
Query scope: 62
----------------------------
IIS optimality: suboptimal
IIS solution time: 36031.194
IIS Constraint: 1; goods; {good:1}
IIS Constraint: 2; goods; {good:2}
IIS Constraint: 3; goods; {good:3}
IIS Constraint: 5; goods; {good:5}
IIS Constraint: 7; goods; {good:7}
IIS Constraint: 9; goods; {good:9}
IIS Constraint: 11; goods; {good:11}
IIS Constraint: 12; goods; {good:12}
IIS Constraint: 13; goods; {good:13}
IIS Constraint: 14; goods; {good:14}
IIS Constraint: 15; goods; {good:15}
IIS Constraint: 18; goods; {good:18}
IIS Constraint: 21; goods; {good:21}
IIS Constraint: 23; goods; {good:23}
IIS Constraint: 27; goods; {good:27}
IIS Constraint: 29; goods; {good:29}
IIS Constraint: 30; goods; {good:30}
IIS Constraint: 32; goods; {good:32}
IIS Constraint: 33; goods; {good:33}
IIS Constraint: 34; goods; {good:34}
IIS Constraint: 35; goods; {good:35}
IIS Constraint: 36; goods; {good:36}
IIS Constraint: 37; goods; {good:37}
IIS Constraint: 39; goods; {good:39}
IIS Constraint: 40; goods; {good:40}
IIS Constraint: 41; goods; {good:41}
IIS Constraint: 43; goods; {good:43}
IIS Constraint: 44; goods; {good:44}
IIS Constraint: 45; goods; {good:45}
IIS Constraint: 48; goods; {good:48}
IIS Constraint: 50; goods; {good:50}
IIS Constraint: 51; goods; {good:51}
IIS Constraint: 72; query; {bid:62,query:1}
IIS Constraint: 73; max; {f:2737.538,objective:max}
