IIS generation
Iter 1: 
Min Hitting Set: []
Min Correction Subset: [69]
Iter 2: 
Min Hitting Set: [69]
Min Correction Subset: [60]
Iter 3: 
Min Hitting Set: [60, 69]
Min Correction Subset: [21]
Iter 4: 
Min Hitting Set: [21, 60, 69]
Min Correction Subset: [63]
Iter 5: 
Min Hitting Set: [21, 60, 63, 69]
Min Correction Subset: [52]
Iter 6: 
Min Hitting Set: [21, 52, 60, 63, 69]
Min Correction Subset: [68]
Iter 7: 
Min Hitting Set: [21, 52, 60, 63, 68, 69]
Min Correction Subset: [42]
Iter 8: 
Min Hitting Set: [21, 42, 52, 60, 63, 68, 69]
Min Correction Subset: [59]
Iter 9: 
Min Hitting Set: [21, 42, 52, 59, 60, 63, 68, 69]
Min Correction Subset: [4, 46]
Iter 10: 
Min Hitting Set: [4, 21, 42, 52, 59, 60, 63, 68, 69]
Min Correction Subset: [0, 46]
Iter 11: 
Min Hitting Set: [21, 42, 46, 52, 59, 60, 63, 68, 69]
Min Correction Subset: [4, 50]
Iter 12: 
Min Hitting Set: [4, 21, 42, 46, 52, 59, 60, 63, 68, 69]
Min Correction Subset: [0, 50]
Iter 13: 
Min Hitting Set: [0, 4, 21, 42, 52, 59, 60, 63, 68, 69]
Min Correction Subset: [8, 67]
Iter 14: 
Min Hitting Set: [0, 4, 8, 21, 42, 52, 59, 60, 63, 68, 69]
Min Correction Subset: [50, 65]
Iter 15: 
Min Hitting Set: [8, 21, 42, 46, 50, 52, 59, 60, 63, 68, 69]
Min Correction Subset: [4, 67]
Iter 16: 
Min Hitting Set: [21, 42, 46, 50, 52, 59, 60, 63, 67, 68, 69]
Min Correction Subset: [4, 66]
Iter 17: 
Min Hitting Set: [0, 4, 21, 42, 50, 52, 59, 60, 63, 67, 68, 69]
Min Correction Subset: [25, 33]
Iter 18: 
Min Hitting Set: [0, 4, 21, 25, 42, 50, 52, 59, 60, 63, 67, 68, 69]
Min Correction Subset: [33, 46]
Iter 19: 
Min Hitting Set: [0, 4, 21, 33, 42, 50, 52, 59, 60, 63, 67, 68, 69]
Min Correction Subset: [29, 46]
Iter 20: 
Min Hitting Set: [4, 21, 33, 42, 46, 50, 52, 59, 60, 63, 67, 68, 69]
Min Correction Subset: [0, 66]
Iter 21: 
Min Hitting Set: [21, 33, 42, 46, 50, 52, 59, 60, 63, 66, 67, 68, 69]
Min Correction Subset: [4, 57]
Iter 22: 
Min Hitting Set: [0, 4, 21, 33, 42, 46, 50, 52, 59, 60, 63, 67, 68, 69]
Min Correction Subset: [8, 66]
Iter 23: 
Min Hitting Set: [4, 8, 21, 33, 42, 46, 50, 52, 59, 60, 63, 66, 68, 69]
Min Correction Subset: [25, 51]
Iter 24: 
Min Hitting Set: [4, 8, 21, 25, 42, 46, 50, 52, 59, 60, 63, 66, 68, 69]
Min Correction Subset: [0, 67]
Iter 25: 
Min Hitting Set: [0, 4, 8, 21, 25, 42, 46, 50, 52, 59, 60, 63, 68, 69]
Min Correction Subset: [33, 47]
Iter 26: 
Min Hitting Set: [0, 4, 8, 21, 25, 33, 42, 46, 50, 52, 59, 60, 63, 68, 69]
Min Correction Subset: [29, 51]
Iter 27: 
Min Hitting Set: [0, 4, 8, 21, 33, 42, 46, 50, 51, 52, 59, 60, 63, 68, 69]
Min Correction Subset: [57, 65]
Iter 28: 
Min Hitting Set: [0, 4, 8, 21, 33, 42, 46, 51, 52, 59, 60, 63, 65, 68, 69]
Min Correction Subset: [50, 61]
Iter 29: 
Min Hitting Set: [21, 33, 42, 46, 50, 51, 52, 57, 59, 60, 63, 66, 67, 68, 69]
Min Correction Subset: [25, 61]
Iter 30: 
Min Hitting Set: [0, 4, 8, 21, 25, 29, 33, 42, 50, 52, 57, 59, 60, 63, 68, 69]
Min Correction Subset: [46, 65]
Iter 31: 
Min Hitting Set: [0, 4, 8, 21, 25, 29, 33, 42, 50, 52, 59, 60, 63, 65, 68, 69]
Min Correction Subset: [46, 54]
Iter 32: 
Min Hitting Set: [0, 4, 8, 21, 33, 42, 46, 51, 52, 59, 60, 61, 63, 65, 68, 69]
Min Correction Subset: [25, 50]
Iter 33: 
Min Hitting Set: [21, 25, 33, 42, 46, 50, 51, 52, 57, 59, 60, 63, 66, 67, 68, 69]
Min Correction Subset: [0, 62]
Iter 34: 
Min Hitting Set: [0, 21, 25, 33, 42, 46, 50, 51, 52, 57, 59, 60, 63, 66, 67, 68, 69]
Min Correction Subset: [4, 62]
Iter 35: 
Min Hitting Set: [21, 25, 33, 42, 46, 50, 51, 52, 57, 59, 60, 62, 63, 66, 67, 68, 69]
Min Correction Subset: [0, 29, 47]
Iter 36: 
Min Hitting Set: [0, 4, 8, 21, 25, 29, 33, 42, 46, 50, 52, 57, 59, 60, 63, 68, 69]
Min Correction Subset: [37, 67]
Iter 37: 
Min Hitting Set: [21, 25, 29, 33, 42, 46, 50, 52, 57, 59, 60, 62, 63, 66, 67, 68, 69]
Min Correction Subset: [0, 51]
Iter 38: 
Min Hitting Set: [21, 25, 42, 46, 47, 50, 51, 52, 57, 59, 60, 62, 63, 66, 67, 68, 69]
Min Correction Subset: [8, 33]
Iter 39: 
Min Hitting Set: [21, 25, 33, 42, 46, 47, 50, 51, 52, 57, 59, 60, 62, 63, 66, 67, 68, 69]
Min Correction Subset: [0, 29, 43]
Iter 40: 
Min Hitting Set: [0, 4, 21, 33, 42, 46, 50, 51, 52, 57, 59, 60, 61, 63, 66, 67, 68, 69]
Min Correction Subset: [62, 65]
Iter 41: 
Min Hitting Set: [0, 4, 21, 33, 42, 46, 50, 51, 52, 59, 60, 61, 63, 65, 66, 67, 68, 69]
Min Correction Subset: [8, 25]
Iter 42: 
Min Hitting Set: [0, 4, 21, 25, 29, 33, 42, 46, 50, 52, 59, 60, 63, 65, 66, 67, 68, 69]
Min Correction Subset: [8, 62]
Iter 43: 
Min Hitting Set: [0, 4, 8, 21, 25, 29, 33, 42, 46, 50, 52, 59, 60, 63, 65, 67, 68, 69]
Min Correction Subset: [61, 66]
Iter 44: 
Min Hitting Set: [0, 4, 8, 21, 33, 42, 46, 50, 51, 52, 59, 60, 61, 63, 65, 67, 68, 69]
Min Correction Subset: [25, 47, 55]
Iter 45: 
Min Hitting Set: [0, 21, 25, 29, 33, 42, 46, 50, 52, 57, 59, 60, 62, 63, 66, 67, 68, 69]
Min Correction Subset: [8, 51]
Iter 46: 
Min Hitting Set: [0, 4, 8, 21, 25, 33, 42, 46, 51, 52, 59, 60, 61, 63, 65, 67, 68, 69]
Min Correction Subset: [37, 50]
Iter 47: 
Min Hitting Set: [0, 21, 25, 33, 42, 46, 50, 51, 52, 57, 59, 60, 62, 63, 66, 67, 68, 69]
Min Correction Subset: [4, 37, 47]
Iter 48: 
Min Hitting Set: [0, 4, 8, 21, 25, 33, 37, 42, 46, 51, 52, 59, 60, 61, 63, 65, 68, 69]
Min Correction Subset: [29, 50]
Iter 49: 
Min Hitting Set: [0, 4, 8, 21, 25, 29, 37, 42, 46, 47, 52, 59, 60, 61, 63, 65, 68, 69]
Min Correction Subset: [33, 50]
Iter 50: 
Min Hitting Set: [0, 4, 8, 21, 25, 29, 33, 37, 42, 46, 52, 59, 60, 61, 63, 65, 68, 69]
Min Correction Subset: [12, 49, 67]
Iter 51: 
Min Hitting Set: [0, 21, 25, 33, 42, 46, 47, 50, 51, 52, 57, 59, 60, 62, 63, 66, 67, 68, 69]
Min Correction Subset: [29, 43, 61]
Iter 52: 
Min Hitting Set: [21, 25, 29, 33, 42, 46, 47, 50, 51, 52, 57, 59, 60, 62, 63, 66, 67, 68, 69]
Min Correction Subset: [0, 37, 43]
Iter 53: 
Min Hitting Set: [21, 25, 29, 33, 37, 42, 46, 50, 51, 52, 57, 59, 60, 62, 63, 66, 67, 68, 69]
Min Correction Subset: [0, 47, 56]
Iter 54: 
Min Hitting Set: [0, 8, 21, 25, 29, 42, 46, 47, 50, 52, 57, 59, 60, 62, 63, 66, 67, 68, 69]
Min Correction Subset: [33, 51]
Iter 55: 
Min Hitting Set: [0, 4, 8, 21, 25, 29, 33, 42, 46, 50, 52, 59, 60, 61, 63, 65, 67, 68, 69]
Min Correction Subset: [37, 51, 66]
Iter 56: 
Min Hitting Set: [0, 4, 8, 21, 25, 29, 33, 37, 42, 46, 52, 59, 60, 61, 63, 65, 67, 68, 69]
Min Correction Subset: [12, 49, 66]
Iter 57: 
Min Hitting Set: [0, 4, 8, 21, 25, 29, 33, 42, 46, 50, 52, 59, 60, 63, 65, 66, 67, 68, 69]
Min Correction Subset: [61, 62]
Iter 58: 
Min Hitting Set: [0, 4, 8, 12, 21, 25, 29, 33, 37, 42, 46, 52, 59, 60, 61, 63, 65, 68, 69]
Min Correction Subset: [16, 49, 66]
Iter 59: 
Min Hitting Set: [0, 4, 8, 21, 25, 29, 33, 37, 42, 46, 49, 52, 59, 60, 61, 63, 65, 68, 69]
Min Correction Subset: [12, 45, 67]
Iter 60: 
Min Hitting Set: [21, 25, 33, 42, 43, 46, 47, 50, 51, 52, 57, 59, 60, 62, 63, 66, 67, 68, 69]
Min Correction Subset: [29, 37, 65]
Iter 61: 
Min Hitting Set: [21, 25, 29, 33, 37, 42, 46, 47, 50, 51, 52, 57, 59, 60, 62, 63, 66, 67, 68, 69]
Min Correction Subset: [0, 8, 43]
Optimal IIS
Instance: matching-52-100-200000
----------------------------
Query: 2
Query element:72
Query scope: 72
----------------------------
IIS optimality: suboptimal
IIS solution time: 10072.443
IIS Constraint: 21; goods; {good:21}
IIS Constraint: 25; goods; {good:25}
IIS Constraint: 29; goods; {good:29}
IIS Constraint: 33; goods; {good:33}
IIS Constraint: 42; goods; {good:42}
IIS Constraint: 43; goods; {good:43}
IIS Constraint: 46; goods; {good:46}
IIS Constraint: 47; goods; {good:47}
IIS Constraint: 50; goods; {good:50}
IIS Constraint: 51; goods; {good:51}
IIS Constraint: 52; goods; {good:52}
IIS Constraint: 57; goods; {good:57}
IIS Constraint: 59; goods; {good:59}
IIS Constraint: 60; goods; {good:60}
IIS Constraint: 62; goods; {good:62}
IIS Constraint: 63; goods; {good:63}
IIS Constraint: 66; goods; {good:66}
IIS Constraint: 67; goods; {good:67}
IIS Constraint: 68; query; {bid:72,query:2}
IIS Constraint: 69; max; {f:123.37677,objective:max}
