IIS generation
Iter 1: 
Min Hitting Set: []
Min Correction Subset: [72]
Iter 2: 
Min Hitting Set: [72]
Min Correction Subset: [50]
Iter 3: 
Min Hitting Set: [50, 72]
Min Correction Subset: [9]
Iter 4: 
Min Hitting Set: [9, 50, 72]
Min Correction Subset: [13]
Iter 5: 
Min Hitting Set: [9, 13, 50, 72]
Min Correction Subset: [30]
Iter 6: 
Min Hitting Set: [9, 13, 30, 50, 72]
Min Correction Subset: [17]
Iter 7: 
Min Hitting Set: [9, 13, 17, 30, 50, 72]
Min Correction Subset: [48]
Iter 8: 
Min Hitting Set: [9, 13, 17, 30, 48, 50, 72]
Min Correction Subset: [6]
Iter 9: 
Min Hitting Set: [6, 9, 13, 17, 30, 48, 50, 72]
Min Correction Subset: [21]
Iter 10: 
Min Hitting Set: [6, 9, 13, 17, 21, 30, 48, 50, 72]
Min Correction Subset: [66]
Iter 11: 
Min Hitting Set: [6, 9, 13, 17, 21, 30, 48, 50, 66, 72]
Min Correction Subset: [20]
Iter 12: 
Min Hitting Set: [6, 9, 13, 17, 20, 21, 30, 48, 50, 66, 72]
Min Correction Subset: [39]
Iter 13: 
Min Hitting Set: [6, 9, 13, 17, 20, 21, 30, 39, 48, 50, 66, 72]
Min Correction Subset: [36]
Iter 14: 
Min Hitting Set: [6, 9, 13, 17, 20, 21, 30, 36, 39, 48, 50, 66, 72]
Min Correction Subset: [42]
Iter 15: 
Min Hitting Set: [6, 9, 13, 17, 20, 21, 30, 36, 39, 42, 48, 50, 66, 72]
Min Correction Subset: [2]
Iter 16: 
Min Hitting Set: [2, 6, 9, 13, 17, 20, 21, 30, 36, 39, 42, 48, 50, 66, 72]
Min Correction Subset: [45]
Iter 17: 
Min Hitting Set: [2, 6, 9, 13, 17, 20, 21, 30, 36, 39, 42, 45, 48, 50, 66, 72]
Min Correction Subset: [38]
Iter 18: 
Min Hitting Set: [2, 6, 9, 13, 17, 20, 21, 30, 36, 38, 39, 42, 45, 48, 50, 66, 72]
Min Correction Subset: [23]
Iter 19: 
Min Hitting Set: [2, 6, 9, 13, 17, 20, 21, 23, 30, 36, 38, 39, 42, 45, 48, 50, 66, 72]
Min Correction Subset: [33]
Iter 20: 
Min Hitting Set: [2, 6, 9, 13, 17, 20, 21, 23, 30, 33, 36, 38, 39, 42, 45, 48, 50, 66, 72]
Min Correction Subset: [5]
Iter 21: 
Min Hitting Set: [2, 5, 6, 9, 13, 17, 20, 21, 23, 30, 33, 36, 38, 39, 42, 45, 48, 50, 66, 72]
Min Correction Subset: [46]
Iter 22: 
Min Hitting Set: [2, 5, 6, 9, 13, 17, 20, 21, 23, 30, 33, 36, 38, 39, 42, 45, 46, 48, 50, 66, 72]
Min Correction Subset: [4]
Iter 23: 
Min Hitting Set: [2, 4, 5, 6, 9, 13, 17, 20, 21, 23, 30, 33, 36, 38, 39, 42, 45, 46, 48, 50, 66, 72]
Min Correction Subset: [1]
Iter 24: 
Min Hitting Set: [1, 2, 4, 5, 6, 9, 13, 17, 20, 21, 23, 30, 33, 36, 38, 39, 42, 45, 46, 48, 50, 66, 72]
Min Correction Subset: [8]
Iter 25: 
Min Hitting Set: [1, 2, 4, 5, 6, 8, 9, 13, 17, 20, 21, 23, 30, 33, 36, 38, 39, 42, 45, 46, 48, 50, 66, 72]
Min Correction Subset: [40]
Iter 26: 
Min Hitting Set: [1, 2, 4, 5, 6, 8, 9, 13, 17, 20, 21, 23, 30, 33, 36, 38, 39, 40, 42, 45, 46, 48, 50, 66, 72]
Min Correction Subset: [25]
Iter 27: 
Min Hitting Set: [1, 2, 4, 5, 6, 8, 9, 13, 17, 20, 21, 23, 25, 30, 33, 36, 38, 39, 40, 42, 45, 46, 48, 50, 66, 72]
Min Correction Subset: [3]
Iter 28: 
Min Hitting Set: [1, 2, 3, 4, 5, 6, 8, 9, 13, 17, 20, 21, 23, 25, 30, 33, 36, 38, 39, 40, 42, 45, 46, 48, 50, 66, 72]
Min Correction Subset: [44]
Iter 29: 
Min Hitting Set: [1, 2, 3, 4, 5, 6, 8, 9, 13, 17, 20, 21, 23, 25, 30, 33, 36, 38, 39, 40, 42, 44, 45, 46, 48, 50, 66, 72]
Min Correction Subset: [14]
Iter 30: 
Min Hitting Set: [1, 2, 3, 4, 5, 6, 8, 9, 13, 14, 17, 20, 21, 23, 25, 30, 33, 36, 38, 39, 40, 42, 44, 45, 46, 48, 50, 66, 72]
Min Correction Subset: [41]
Iter 31: 
Min Hitting Set: [1, 2, 3, 4, 5, 6, 8, 9, 13, 14, 17, 20, 21, 23, 25, 30, 33, 36, 38, 39, 40, 41, 42, 44, 45, 46, 48, 50, 66, 72]
Min Correction Subset: [29]
Iter 32: 
Min Hitting Set: [1, 2, 3, 4, 5, 6, 8, 9, 13, 14, 17, 20, 21, 23, 25, 29, 30, 33, 36, 38, 39, 40, 41, 42, 44, 45, 46, 48, 50, 66, 72]
Min Correction Subset: [51]
Iter 33: 
Min Hitting Set: [1, 2, 3, 4, 5, 6, 8, 9, 13, 14, 17, 20, 21, 23, 25, 29, 30, 33, 36, 38, 39, 40, 41, 42, 44, 45, 46, 48, 50, 51, 66, 72]
Min Correction Subset: [10]
Iter 34: 
Min Hitting Set: [1, 2, 3, 4, 5, 6, 8, 9, 10, 13, 14, 17, 20, 21, 23, 25, 29, 30, 33, 36, 38, 39, 40, 41, 42, 44, 45, 46, 48, 50, 51, 66, 72]
Min Correction Subset: [31]
Iter 35: 
Min Hitting Set: [1, 2, 3, 4, 5, 6, 8, 9, 10, 13, 14, 17, 20, 21, 23, 25, 29, 30, 31, 33, 36, 38, 39, 40, 41, 42, 44, 45, 46, 48, 50, 51, 66, 72]
Min Correction Subset: [26]
Iter 36: 
Min Hitting Set: [1, 2, 3, 4, 5, 6, 8, 9, 10, 13, 14, 17, 20, 21, 23, 25, 26, 29, 30, 31, 33, 36, 38, 39, 40, 41, 42, 44, 45, 46, 48, 50, 51, 66, 72]
Min Correction Subset: [12]
Iter 37: 
Min Hitting Set: [1, 2, 3, 4, 5, 6, 8, 9, 10, 12, 13, 14, 17, 20, 21, 23, 25, 26, 29, 30, 31, 33, 36, 38, 39, 40, 41, 42, 44, 45, 46, 48, 50, 51, 66, 72]
Min Correction Subset: [32]
Iter 38: 
Min Hitting Set: [1, 2, 3, 4, 5, 6, 8, 9, 10, 12, 13, 14, 17, 20, 21, 23, 25, 26, 29, 30, 31, 32, 33, 36, 38, 39, 40, 41, 42, 44, 45, 46, 48, 50, 51, 66, 72]
Min Correction Subset: [16]
Iter 39: 
Min Hitting Set: [1, 2, 3, 4, 5, 6, 8, 9, 10, 12, 13, 14, 16, 17, 20, 21, 23, 25, 26, 29, 30, 31, 32, 33, 36, 38, 39, 40, 41, 42, 44, 45, 46, 48, 50, 51, 66, 72]
Min Correction Subset: [55]
Iter 40: 
Min Hitting Set: [1, 2, 3, 4, 5, 6, 8, 9, 10, 12, 13, 14, 16, 17, 20, 21, 23, 25, 26, 29, 30, 31, 32, 33, 36, 38, 39, 40, 41, 42, 44, 45, 46, 48, 50, 51, 55, 66, 72]
Min Correction Subset: [71]
Iter 41: 
Min Hitting Set: [1, 2, 3, 4, 5, 6, 8, 9, 10, 12, 13, 14, 16, 17, 20, 21, 23, 25, 26, 29, 30, 31, 32, 33, 36, 38, 39, 40, 41, 42, 44, 45, 46, 48, 50, 51, 55, 66, 71, 72]
Min Correction Subset: [0, 28]
Iter 42: 
Min Hitting Set: [0, 1, 2, 3, 4, 5, 6, 8, 9, 10, 12, 13, 14, 16, 17, 20, 21, 23, 25, 26, 29, 30, 31, 32, 33, 36, 38, 39, 40, 41, 42, 44, 45, 46, 48, 50, 51, 55, 66, 71, 72]
Min Correction Subset: [15, 35]
Iter 43: 
Min Hitting Set: [0, 1, 2, 3, 4, 5, 6, 8, 9, 10, 12, 13, 14, 15, 16, 17, 20, 21, 23, 25, 26, 29, 30, 31, 32, 33, 36, 38, 39, 40, 41, 42, 44, 45, 46, 48, 50, 51, 55, 66, 71, 72]
Min Correction Subset: [18, 43]
Iter 44: 
Min Hitting Set: [0, 1, 2, 3, 4, 5, 6, 8, 9, 10, 12, 13, 14, 15, 16, 17, 18, 20, 21, 23, 25, 26, 29, 30, 31, 32, 33, 36, 38, 39, 40, 41, 42, 44, 45, 46, 48, 50, 51, 55, 66, 71, 72]
Min Correction Subset: [19, 22]
Iter 45: 
Min Hitting Set: [0, 1, 2, 3, 4, 5, 6, 8, 9, 10, 12, 13, 14, 15, 16, 17, 18, 19, 20, 21, 23, 25, 26, 29, 30, 31, 32, 33, 36, 38, 39, 40, 41, 42, 44, 45, 46, 48, 50, 51, 55, 66, 71, 72]
Min Correction Subset: [7, 35, 63]
Iter 46: 
Min Hitting Set: [0, 1, 2, 3, 4, 5, 6, 8, 9, 10, 12, 13, 14, 16, 17, 18, 19, 20, 21, 23, 25, 26, 29, 30, 31, 32, 33, 35, 36, 38, 39, 40, 41, 42, 44, 45, 46, 48, 50, 51, 55, 66, 71, 72]
Min Correction Subset: [15, 57]
Optimal IIS
Instance: arbitrary-52-100-130000
----------------------------
Query: 10
Query element:10
Query element:25
Query scope: 30
Query scope: 33
Query scope: 91
Query scope: 101
Query scope: 103
Query scope: 104
----------------------------
IIS optimality: suboptimal
IIS solution time: 18763.813
IIS Constraint: 0; goods; {good:0}
IIS Constraint: 1; goods; {good:1}
IIS Constraint: 2; goods; {good:2}
IIS Constraint: 3; goods; {good:3}
IIS Constraint: 4; goods; {good:4}
IIS Constraint: 5; goods; {good:5}
IIS Constraint: 6; goods; {good:6}
IIS Constraint: 8; goods; {good:8}
IIS Constraint: 9; goods; {good:9}
IIS Constraint: 10; goods; {good:10}
IIS Constraint: 12; goods; {good:12}
IIS Constraint: 13; goods; {good:13}
IIS Constraint: 14; goods; {good:14}
IIS Constraint: 15; goods; {good:15}
IIS Constraint: 16; goods; {good:16}
IIS Constraint: 17; goods; {good:17}
IIS Constraint: 18; goods; {good:18}
IIS Constraint: 19; goods; {good:19}
IIS Constraint: 20; goods; {good:20}
IIS Constraint: 21; goods; {good:21}
IIS Constraint: 23; goods; {good:23}
IIS Constraint: 25; goods; {good:25}
IIS Constraint: 26; goods; {good:26}
IIS Constraint: 29; goods; {good:29}
IIS Constraint: 30; goods; {good:30}
IIS Constraint: 31; goods; {good:31}
IIS Constraint: 32; goods; {good:32}
IIS Constraint: 33; goods; {good:33}
IIS Constraint: 35; goods; {good:35}
IIS Constraint: 36; goods; {good:36}
IIS Constraint: 38; goods; {good:38}
IIS Constraint: 39; goods; {good:39}
IIS Constraint: 40; goods; {good:40}
IIS Constraint: 41; goods; {good:41}
IIS Constraint: 42; goods; {good:42}
IIS Constraint: 44; goods; {good:44}
IIS Constraint: 45; goods; {good:45}
IIS Constraint: 46; goods; {good:46}
IIS Constraint: 48; goods; {good:48}
IIS Constraint: 50; goods; {good:50}
IIS Constraint: 51; goods; {good:51}
IIS Constraint: 55; goods; {good:55}
IIS Constraint: 66; goods; {good:66}
IIS Constraint: 71; query; {goods:[10,25],query:10}
IIS Constraint: 72; max; {f:2979.6189999999997,objective:max}
