IIS generation
Iter 1: 
Min Hitting Set: []
Min Correction Subset: [69]
Iter 2: 
Min Hitting Set: [69]
Min Correction Subset: [66]
Iter 3: 
Min Hitting Set: [66, 69]
Min Correction Subset: [57]
Iter 4: 
Min Hitting Set: [57, 66, 69]
Min Correction Subset: [59]
Iter 5: 
Min Hitting Set: [57, 59, 66, 69]
Min Correction Subset: [58]
Iter 6: 
Min Hitting Set: [57, 58, 59, 66, 69]
Min Correction Subset: [60]
Iter 7: 
Min Hitting Set: [57, 58, 59, 60, 66, 69]
Min Correction Subset: [56, 67]
Iter 8: 
Min Hitting Set: [56, 57, 58, 59, 60, 66, 69]
Min Correction Subset: [44, 67]
Iter 9: 
Min Hitting Set: [57, 58, 59, 60, 66, 67, 69]
Min Correction Subset: [14, 61]
Iter 10: 
Min Hitting Set: [14, 57, 58, 59, 60, 66, 67, 69]
Min Correction Subset: [4, 50, 56]
Iter 11: 
Min Hitting Set: [14, 44, 56, 57, 58, 59, 60, 66, 69]
Min Correction Subset: [4, 67]
Iter 12: 
Min Hitting Set: [4, 14, 57, 58, 59, 60, 66, 67, 69]
Min Correction Subset: [8, 50, 56]
Iter 13: 
Min Hitting Set: [14, 56, 57, 58, 59, 60, 66, 67, 69]
Min Correction Subset: [4, 50, 54]
Iter 14: 
Min Hitting Set: [14, 50, 57, 58, 59, 60, 66, 67, 69]
Min Correction Subset: [4, 46, 56]
Iter 15: 
Min Hitting Set: [4, 14, 50, 57, 58, 59, 60, 66, 67, 69]
Min Correction Subset: [0, 46, 56]
Iter 16: 
Min Hitting Set: [4, 14, 56, 57, 58, 59, 60, 66, 67, 69]
Min Correction Subset: [0, 50, 54]
Iter 17: 
Min Hitting Set: [14, 50, 56, 57, 58, 59, 60, 66, 67, 69]
Min Correction Subset: [4, 46, 54]
Iter 18: 
Min Hitting Set: [14, 54, 56, 57, 58, 59, 60, 66, 67, 69]
Min Correction Subset: [4, 50, 53]
Iter 19: 
Min Hitting Set: [14, 46, 50, 57, 58, 59, 60, 66, 67, 69]
Min Correction Subset: [40, 61, 64]
Iter 20: 
Min Hitting Set: [46, 50, 57, 58, 59, 60, 61, 66, 67, 69]
Min Correction Subset: [14, 40]
Iter 21: 
Min Hitting Set: [40, 46, 50, 57, 58, 59, 60, 61, 66, 67, 69]
Min Correction Subset: [14, 44]
Iter 22: 
Min Hitting Set: [14, 40, 46, 50, 57, 58, 59, 60, 66, 67, 69]
Min Correction Subset: [0, 42, 56]
Iter 23: 
Min Hitting Set: [14, 40, 50, 54, 56, 57, 58, 59, 60, 66, 67, 69]
Min Correction Subset: [17, 35, 61]
Iter 24: 
Min Hitting Set: [14, 50, 54, 56, 57, 58, 59, 60, 61, 66, 67, 69]
Min Correction Subset: [4, 46, 53]
Iter 25: 
Min Hitting Set: [0, 4, 14, 50, 57, 58, 59, 60, 61, 66, 67, 69]
Min Correction Subset: [3, 40, 44, 63]
Iter 26: 
Min Hitting Set: [0, 4, 40, 44, 56, 57, 58, 59, 60, 61, 66, 69]
Min Correction Subset: [48, 67]
Iter 27: 
Min Hitting Set: [0, 4, 40, 44, 50, 57, 58, 59, 60, 61, 66, 67, 69]
Min Correction Subset: [14, 49, 55]
Iter 28: 
Min Hitting Set: [0, 4, 14, 44, 50, 57, 58, 59, 60, 61, 66, 67, 69]
Min Correction Subset: [3, 40, 48, 52]
Iter 29: 
Min Hitting Set: [0, 4, 14, 40, 56, 57, 58, 59, 60, 61, 66, 67, 69]
Min Correction Subset: [8, 50, 54]
Iter 30: 
Min Hitting Set: [4, 14, 40, 50, 56, 57, 58, 59, 60, 61, 66, 67, 69]
Min Correction Subset: [0, 46, 54]
Iter 31: 
Min Hitting Set: [0, 4, 14, 40, 50, 57, 58, 59, 60, 61, 66, 67, 69]
Min Correction Subset: [3, 48, 52, 68]
Iter 32: 
Min Hitting Set: [0, 3, 4, 14, 50, 57, 58, 59, 60, 61, 66, 67, 69]
Min Correction Subset: [9, 40, 44, 64]
Iter 33: 
Min Hitting Set: [4, 14, 44, 48, 54, 56, 57, 58, 59, 60, 61, 66, 69]
Min Correction Subset: [40, 67]
Iter 34: 
Min Hitting Set: [4, 14, 40, 48, 54, 56, 57, 58, 59, 60, 61, 66, 67, 69]
Min Correction Subset: [8, 50, 53]
Iter 35: 
Min Hitting Set: [14, 40, 48, 53, 54, 56, 57, 58, 59, 60, 61, 66, 67, 69]
Min Correction Subset: [1, 9, 44, 64]
Iter 36: 
Min Hitting Set: [14, 44, 48, 53, 54, 56, 57, 58, 59, 60, 61, 66, 67, 69]
Min Correction Subset: [1, 40, 52, 64]
Iter 37: 
Min Hitting Set: [3, 14, 53, 54, 56, 57, 58, 59, 60, 61, 64, 66, 67, 69]
Min Correction Subset: [7, 48, 62, 63]
Iter 38: 
Min Hitting Set: [14, 44, 46, 48, 50, 56, 57, 58, 59, 60, 61, 64, 66, 67, 69]
Min Correction Subset: [0, 42, 54]
Iter 39: 
Min Hitting Set: [14, 44, 48, 53, 54, 56, 57, 58, 59, 60, 61, 64, 66, 67, 69]
Min Correction Subset: [40, 49, 55, 63]
Iter 40: 
Min Hitting Set: [40, 44, 48, 49, 53, 54, 56, 57, 58, 59, 60, 61, 66, 67, 69]
Min Correction Subset: [4, 14]
Iter 41: 
Min Hitting Set: [4, 14, 40, 44, 48, 50, 54, 56, 57, 58, 59, 60, 61, 66, 69]
Min Correction Subset: [55, 67]
Iter 42: 
Min Hitting Set: [4, 40, 44, 48, 50, 54, 55, 56, 57, 58, 59, 60, 61, 66, 69]
Min Correction Subset: [8, 67]
Iter 43: 
Min Hitting Set: [0, 4, 14, 48, 50, 57, 58, 59, 60, 61, 63, 64, 66, 67, 69]
Min Correction Subset: [40, 49, 52, 55]
Iter 44: 
Min Hitting Set: [0, 4, 14, 50, 52, 57, 58, 59, 60, 61, 63, 64, 66, 67, 69]
Min Correction Subset: [31, 40, 49, 55]
Iter 45: 
Min Hitting Set: [14, 40, 44, 48, 53, 54, 56, 57, 58, 59, 60, 61, 66, 67, 69]
Min Correction Subset: [31, 35, 45, 49, 55]
Iter 46: 
Min Hitting Set: [14, 35, 40, 44, 48, 53, 54, 56, 57, 58, 59, 60, 66, 67, 69]
Min Correction Subset: [17, 39, 61]
Iter 47: 
Min Hitting Set: [0, 4, 8, 40, 44, 48, 55, 57, 58, 59, 60, 61, 66, 67, 69]
Min Correction Subset: [1, 14, 64]
Iter 48: 
Min Hitting Set: [14, 44, 48, 53, 54, 55, 56, 57, 58, 59, 60, 61, 64, 66, 67, 69]
Min Correction Subset: [3, 4, 40, 63]
Iter 49: 
Min Hitting Set: [14, 40, 48, 53, 54, 55, 56, 57, 58, 59, 60, 61, 64, 66, 67, 69]
Min Correction Subset: [3, 4, 44, 62, 63]
Iter 50: 
Min Hitting Set: [0, 4, 8, 40, 44, 48, 55, 57, 58, 59, 60, 61, 64, 66, 67, 69]
Min Correction Subset: [14, 56, 68]
Iter 51: 
Min Hitting Set: [0, 4, 8, 40, 44, 48, 55, 56, 57, 58, 59, 60, 61, 64, 66, 69]
Min Correction Subset: [14, 67]
Iter 52: 
Min Hitting Set: [14, 40, 44, 48, 53, 54, 55, 56, 57, 58, 59, 60, 61, 66, 67, 69]
Min Correction Subset: [1, 4, 31, 36, 46, 51, 64, 65, 68]
Iter 53: 
Min Hitting Set: [0, 4, 8, 14, 44, 48, 52, 55, 57, 58, 59, 60, 61, 66, 67, 69]
Min Correction Subset: [1, 9, 40, 64]
Iter 54: 
Min Hitting Set: [0, 4, 14, 44, 48, 50, 55, 57, 58, 59, 60, 61, 64, 66, 67, 69]
Min Correction Subset: [3, 8, 40, 56, 63]
Iter 55: 
Min Hitting Set: [4, 8, 14, 40, 44, 48, 54, 55, 56, 57, 58, 59, 60, 61, 66, 69]
Min Correction Subset: [64, 67]
Iter 56: 
Min Hitting Set: [0, 4, 14, 48, 50, 55, 57, 58, 59, 60, 61, 63, 64, 66, 67, 69]
Min Correction Subset: [3, 40, 44, 52]
Iter 57: 
Min Hitting Set: [0, 4, 14, 40, 48, 50, 55, 57, 58, 59, 60, 61, 64, 66, 67, 69]
Min Correction Subset: [3, 8, 44, 52, 68]
Iter 58: 
Min Hitting Set: [0, 4, 8, 14, 44, 48, 55, 57, 58, 59, 60, 61, 64, 66, 67, 69]
Min Correction Subset: [3, 31, 40, 52, 56]
Iter 59: 
Min Hitting Set: [0, 4, 8, 14, 40, 48, 55, 57, 58, 59, 60, 61, 64, 66, 67, 69]
Min Correction Subset: [3, 7, 44, 52, 68]
