IIS generation
Iter 1: 
Min Hitting Set: []
Min Correction Subset: [54]
Iter 2: 
Min Hitting Set: [54]
Min Correction Subset: [57]
Iter 3: 
Min Hitting Set: [54, 57]
Min Correction Subset: [53]
Iter 4: 
Min Hitting Set: [53, 54, 57]
Min Correction Subset: [52]
Iter 5: 
Min Hitting Set: [52, 53, 54, 57]
Min Correction Subset: [56]
Optimal IIS
Instance: scheduling-52-100-820000
----------------------------
Query: 3
Query element:0
Query element:116
Query scope: 0
Query scope: 116
----------------------------
IIS optimality: suboptimal
IIS solution time: 4.439
IIS Constraint: 52; goods; {good:52}
IIS Constraint: 53; goods; {good:53}
IIS Constraint: 54; goods; {good:54}
IIS Constraint: 56; query; {bid:116,query:3}
IIS Constraint: 57; max; {f:18.50736,objective:max}
