IIS generation
Iter 1: 
Min Hitting Set: []
Min Correction Subset: [68]
Iter 2: 
Min Hitting Set: [68]
Min Correction Subset: [63]
Iter 3: 
Min Hitting Set: [63, 68]
Min Correction Subset: [56]
Iter 4: 
Min Hitting Set: [56, 63, 68]
Min Correction Subset: [52]
Iter 5: 
Min Hitting Set: [52, 56, 63, 68]
Min Correction Subset: [54]
Iter 6: 
Min Hitting Set: [52, 54, 56, 63, 68]
Min Correction Subset: [62]
Iter 7: 
Min Hitting Set: [52, 54, 56, 62, 63, 68]
Min Correction Subset: [59]
Iter 8: 
Min Hitting Set: [52, 54, 56, 59, 62, 63, 68]
Min Correction Subset: [67]
Iter 9: 
Min Hitting Set: [52, 54, 56, 59, 62, 63, 67, 68]
Min Correction Subset: [4, 64]
Iter 10: 
Min Hitting Set: [4, 52, 54, 56, 59, 62, 63, 67, 68]
Min Correction Subset: [21, 64]
Iter 11: 
Min Hitting Set: [52, 54, 56, 59, 62, 63, 64, 67, 68]
Min Correction Subset: [4, 60]
Iter 12: 
Min Hitting Set: [4, 52, 54, 56, 59, 62, 63, 64, 67, 68]
Min Correction Subset: [1, 53]
Iter 13: 
Min Hitting Set: [1, 4, 52, 54, 56, 59, 62, 63, 64, 67, 68]
Min Correction Subset: [8, 60]
Iter 14: 
Min Hitting Set: [1, 52, 54, 56, 59, 60, 62, 63, 64, 67, 68]
Min Correction Subset: [8, 55]
Iter 15: 
Min Hitting Set: [1, 4, 8, 52, 54, 56, 59, 62, 63, 64, 67, 68]
Min Correction Subset: [0, 9, 53]
Iter 16: 
Min Hitting Set: [4, 8, 52, 53, 54, 56, 59, 62, 63, 64, 67, 68]
Min Correction Subset: [0, 6, 44]
Iter 17: 
Min Hitting Set: [0, 4, 8, 52, 53, 54, 56, 59, 62, 63, 64, 67, 68]
Min Correction Subset: [10, 48, 65]
Iter 18: 
Min Hitting Set: [0, 4, 8, 10, 52, 53, 54, 56, 59, 62, 63, 64, 67, 68]
Min Correction Subset: [6, 44, 57]
Iter 19: 
Min Hitting Set: [4, 8, 10, 44, 52, 53, 54, 56, 59, 62, 63, 64, 67, 68]
Min Correction Subset: [6, 48, 57]
Iter 20: 
Min Hitting Set: [4, 6, 8, 48, 52, 53, 54, 56, 59, 62, 63, 64, 67, 68]
Min Correction Subset: [0, 60, 66]
Iter 21: 
Min Hitting Set: [6, 8, 48, 52, 53, 54, 56, 59, 60, 62, 63, 64, 67, 68]
Min Correction Subset: [4, 66]
Iter 22: 
Min Hitting Set: [4, 6, 8, 48, 52, 53, 54, 56, 59, 60, 62, 63, 64, 67, 68]
Min Correction Subset: [2, 40, 57]
Iter 23: 
Min Hitting Set: [0, 4, 8, 48, 52, 53, 54, 56, 57, 59, 62, 63, 64, 67, 68]
Min Correction Subset: [6, 44, 65]
Iter 24: 
Min Hitting Set: [0, 4, 8, 52, 53, 54, 56, 57, 59, 62, 63, 64, 65, 67, 68]
Min Correction Subset: [6, 48, 58]
Iter 25: 
Min Hitting Set: [4, 6, 8, 48, 52, 53, 54, 56, 57, 59, 60, 62, 63, 64, 67, 68]
Min Correction Subset: [0, 43, 66]
Iter 26: 
Min Hitting Set: [0, 4, 6, 8, 48, 52, 53, 54, 56, 57, 59, 62, 63, 64, 67, 68]
Min Correction Subset: [2, 44, 65]
Iter 27: 
Min Hitting Set: [0, 4, 8, 48, 52, 53, 54, 56, 57, 59, 62, 63, 64, 65, 67, 68]
Min Correction Subset: [6, 44, 58]
Iter 28: 
Min Hitting Set: [2, 4, 6, 8, 48, 52, 53, 54, 56, 59, 62, 63, 64, 66, 67, 68]
Min Correction Subset: [0, 57, 60]
Iter 29: 
Min Hitting Set: [8, 44, 48, 52, 53, 54, 56, 57, 59, 60, 62, 63, 64, 66, 67, 68]
Min Correction Subset: [4, 55]
Iter 30: 
Min Hitting Set: [2, 6, 48, 52, 53, 54, 55, 56, 59, 60, 62, 63, 64, 66, 67, 68]
Min Correction Subset: [8, 9, 23]
Iter 31: 
Min Hitting Set: [0, 2, 4, 6, 8, 48, 52, 53, 54, 56, 59, 62, 63, 64, 67, 68]
Min Correction Subset: [1, 9, 23, 57]
Iter 32: 
Min Hitting Set: [0, 1, 2, 4, 6, 8, 48, 52, 54, 56, 59, 62, 63, 64, 67, 68]
Min Correction Subset: [9, 23, 53]
Iter 33: 
Min Hitting Set: [0, 4, 8, 44, 48, 52, 53, 54, 56, 57, 59, 62, 63, 64, 67, 68]
Min Correction Subset: [2, 9, 23, 40]
Iter 34: 
Min Hitting Set: [6, 9, 52, 53, 54, 55, 56, 57, 59, 60, 62, 63, 64, 65, 66, 67, 68]
Min Correction Subset: [2, 8, 40]
Iter 35: 
Min Hitting Set: [0, 4, 8, 9, 44, 48, 52, 53, 54, 56, 57, 59, 62, 63, 64, 67, 68]
Min Correction Subset: [1, 2, 40, 65]
