IIS generation
Iter 1: 
Min Hitting Set: []
Min Correction Subset: [74]
Iter 2: 
Min Hitting Set: [74]
Min Correction Subset: [41]
Iter 3: 
Min Hitting Set: [41, 74]
Min Correction Subset: [22]
Iter 4: 
Min Hitting Set: [22, 41, 74]
Min Correction Subset: [26]
Iter 5: 
Min Hitting Set: [22, 26, 41, 74]
Min Correction Subset: [1]
Iter 6: 
Min Hitting Set: [1, 22, 26, 41, 74]
Min Correction Subset: [44]
Iter 7: 
Min Hitting Set: [1, 22, 26, 41, 44, 74]
Min Correction Subset: [19]
Iter 8: 
Min Hitting Set: [1, 19, 22, 26, 41, 44, 74]
Min Correction Subset: [16]
Iter 9: 
Min Hitting Set: [1, 16, 19, 22, 26, 41, 44, 74]
Min Correction Subset: [2]
Iter 10: 
Min Hitting Set: [1, 2, 16, 19, 22, 26, 41, 44, 74]
Min Correction Subset: [14]
Iter 11: 
Min Hitting Set: [1, 2, 14, 16, 19, 22, 26, 41, 44, 74]
Min Correction Subset: [50]
Iter 12: 
Min Hitting Set: [1, 2, 14, 16, 19, 22, 26, 41, 44, 50, 74]
Min Correction Subset: [23]
Iter 13: 
Min Hitting Set: [1, 2, 14, 16, 19, 22, 23, 26, 41, 44, 50, 74]
Min Correction Subset: [47]
Iter 14: 
Min Hitting Set: [1, 2, 14, 16, 19, 22, 23, 26, 41, 44, 47, 50, 74]
Min Correction Subset: [21]
Iter 15: 
Min Hitting Set: [1, 2, 14, 16, 19, 21, 22, 23, 26, 41, 44, 47, 50, 74]
Min Correction Subset: [73]
Iter 16: 
Min Hitting Set: [1, 2, 14, 16, 19, 21, 22, 23, 26, 41, 44, 47, 50, 73, 74]
Min Correction Subset: [10]
Iter 17: 
Min Hitting Set: [1, 2, 10, 14, 16, 19, 21, 22, 23, 26, 41, 44, 47, 50, 73, 74]
Min Correction Subset: [17]
Iter 18: 
Min Hitting Set: [1, 2, 10, 14, 16, 17, 19, 21, 22, 23, 26, 41, 44, 47, 50, 73, 74]
Min Correction Subset: [20, 30]
Iter 19: 
Min Hitting Set: [1, 2, 10, 14, 16, 17, 19, 20, 21, 22, 23, 26, 41, 44, 47, 50, 73, 74]
Min Correction Subset: [9, 45]
Iter 20: 
Min Hitting Set: [1, 2, 9, 10, 14, 16, 17, 19, 20, 21, 22, 23, 26, 41, 44, 47, 50, 73, 74]
Min Correction Subset: [27, 38]
Iter 21: 
Min Hitting Set: [1, 2, 9, 10, 14, 16, 17, 19, 20, 21, 22, 23, 26, 27, 41, 44, 47, 50, 73, 74]
Min Correction Subset: [30, 42]
Iter 22: 
Min Hitting Set: [1, 2, 9, 10, 14, 16, 17, 19, 21, 22, 23, 26, 27, 30, 41, 44, 47, 50, 73, 74]
Min Correction Subset: [11, 45]
Iter 23: 
Min Hitting Set: [1, 2, 10, 14, 16, 17, 19, 21, 22, 23, 26, 27, 30, 41, 44, 45, 47, 50, 73, 74]
Min Correction Subset: [11, 35]
Iter 24: 
Min Hitting Set: [1, 2, 10, 11, 14, 16, 17, 19, 21, 22, 23, 26, 27, 30, 41, 44, 45, 47, 50, 73, 74]
Min Correction Subset: [24, 36]
Iter 25: 
Min Hitting Set: [1, 2, 10, 11, 14, 16, 17, 19, 21, 22, 23, 24, 26, 27, 30, 41, 44, 45, 47, 50, 73, 74]
Min Correction Subset: [39, 49]
Iter 26: 
Min Hitting Set: [1, 2, 10, 11, 14, 16, 17, 19, 21, 22, 23, 24, 26, 27, 30, 39, 41, 44, 45, 47, 50, 73, 74]
Min Correction Subset: [18, 42]
Iter 27: 
Min Hitting Set: [1, 2, 10, 11, 14, 16, 17, 19, 21, 22, 23, 24, 26, 27, 30, 39, 41, 42, 44, 45, 47, 50, 73, 74]
Min Correction Subset: [32, 40]
Iter 28: 
Min Hitting Set: [1, 2, 10, 11, 14, 16, 17, 19, 21, 22, 23, 24, 26, 27, 30, 32, 39, 41, 42, 44, 45, 47, 50, 73, 74]
Min Correction Subset: [48, 54]
Iter 29: 
Min Hitting Set: [1, 2, 10, 11, 14, 16, 17, 19, 21, 22, 23, 24, 26, 27, 30, 32, 39, 41, 42, 44, 45, 47, 48, 50, 73, 74]
Min Correction Subset: [29, 46]
Iter 30: 
Min Hitting Set: [1, 2, 10, 11, 14, 16, 17, 19, 21, 22, 23, 24, 26, 27, 29, 30, 32, 39, 41, 42, 44, 45, 47, 48, 50, 73, 74]
Min Correction Subset: [18, 20]
Iter 31: 
Min Hitting Set: [1, 2, 10, 11, 14, 16, 17, 18, 19, 21, 22, 23, 24, 26, 27, 29, 30, 32, 39, 41, 44, 45, 47, 48, 50, 73, 74]
Min Correction Subset: [13, 42]
Iter 32: 
Min Hitting Set: [1, 2, 10, 11, 14, 16, 17, 19, 20, 21, 22, 23, 24, 26, 27, 29, 32, 39, 41, 42, 44, 45, 47, 48, 50, 73, 74]
Min Correction Subset: [25, 30]
Iter 33: 
Min Hitting Set: [1, 2, 10, 11, 14, 16, 17, 18, 19, 21, 22, 23, 24, 26, 27, 29, 30, 32, 39, 41, 42, 44, 45, 47, 48, 50, 73, 74]
Min Correction Subset: [46, 51]
Iter 34: 
Min Hitting Set: [1, 2, 10, 11, 14, 16, 17, 18, 19, 21, 22, 23, 24, 26, 27, 30, 32, 39, 41, 42, 44, 45, 46, 47, 48, 50, 73, 74]
Min Correction Subset: [38, 51]
Iter 35: 
Min Hitting Set: [1, 2, 10, 11, 14, 16, 17, 18, 19, 21, 22, 23, 24, 26, 30, 32, 38, 39, 41, 42, 44, 45, 46, 47, 48, 50, 73, 74]
Min Correction Subset: [29, 55]
Iter 36: 
Min Hitting Set: [1, 2, 10, 11, 14, 16, 17, 18, 19, 21, 22, 23, 24, 26, 29, 30, 32, 38, 39, 41, 42, 44, 45, 46, 47, 48, 50, 73, 74]
Min Correction Subset: [31, 71]
Iter 37: 
Min Hitting Set: [1, 2, 10, 11, 14, 16, 17, 18, 19, 21, 22, 23, 24, 26, 29, 30, 31, 32, 38, 39, 41, 42, 44, 45, 46, 47, 48, 50, 73, 74]
Min Correction Subset: [40, 43]
Iter 38: 
Min Hitting Set: [1, 2, 10, 11, 14, 16, 17, 18, 19, 21, 22, 23, 24, 26, 29, 30, 31, 38, 39, 40, 41, 42, 44, 45, 46, 47, 48, 50, 73, 74]
Min Correction Subset: [20, 32]
Iter 39: 
Min Hitting Set: [1, 2, 10, 11, 14, 16, 17, 19, 20, 21, 22, 23, 24, 26, 29, 30, 31, 38, 39, 40, 41, 42, 44, 45, 46, 47, 48, 50, 73, 74]
Min Correction Subset: [4, 25]
Iter 40: 
Min Hitting Set: [1, 2, 10, 11, 14, 16, 17, 19, 20, 21, 22, 23, 24, 25, 26, 29, 31, 38, 39, 40, 41, 42, 44, 45, 46, 47, 48, 50, 73, 74]
Min Correction Subset: [27, 30]
Iter 41: 
Min Hitting Set: [1, 2, 10, 11, 14, 16, 17, 19, 20, 21, 22, 23, 24, 25, 26, 27, 29, 31, 39, 40, 41, 42, 44, 45, 47, 48, 50, 51, 73, 74]
Min Correction Subset: [7, 38]
Iter 42: 
Min Hitting Set: [1, 2, 10, 11, 14, 16, 17, 19, 20, 21, 22, 23, 24, 25, 26, 29, 30, 31, 38, 39, 40, 41, 42, 44, 45, 46, 47, 48, 50, 73, 74]
Min Correction Subset: [5, 35]
Iter 43: 
Min Hitting Set: [1, 2, 10, 14, 16, 17, 19, 20, 21, 22, 23, 24, 25, 26, 29, 30, 31, 35, 38, 39, 40, 41, 42, 44, 45, 46, 47, 48, 50, 73, 74]
Min Correction Subset: [11, 32]
Iter 44: 
Min Hitting Set: [1, 2, 10, 14, 16, 17, 19, 20, 21, 22, 23, 24, 25, 26, 29, 30, 31, 32, 35, 38, 39, 40, 41, 42, 44, 45, 46, 47, 48, 50, 73, 74]
Min Correction Subset: [6, 7, 12]
Iter 45: 
Min Hitting Set: [1, 2, 7, 10, 14, 16, 17, 19, 20, 21, 22, 23, 24, 25, 26, 27, 29, 31, 32, 35, 39, 40, 41, 42, 44, 45, 47, 48, 50, 51, 73, 74]
Min Correction Subset: [30, 46]
Iter 46: 
Min Hitting Set: [1, 2, 7, 10, 14, 16, 17, 19, 20, 21, 22, 23, 24, 25, 26, 27, 29, 31, 32, 35, 38, 39, 40, 41, 42, 44, 45, 46, 47, 48, 50, 73, 74]
Min Correction Subset: [30, 51]
Iter 47: 
Min Hitting Set: [1, 2, 7, 10, 14, 16, 17, 19, 20, 21, 22, 23, 24, 25, 26, 29, 30, 31, 32, 35, 38, 39, 40, 41, 42, 44, 45, 46, 47, 48, 50, 73, 74]
Min Correction Subset: [18, 43, 49]
Iter 48: 
Min Hitting Set: [1, 2, 7, 10, 14, 16, 17, 19, 20, 21, 22, 23, 24, 25, 26, 29, 30, 31, 32, 35, 38, 40, 41, 42, 44, 45, 46, 47, 48, 49, 50, 73, 74]
Min Correction Subset: [37, 39]
Iter 49: 
Min Hitting Set: [1, 2, 7, 10, 14, 16, 17, 19, 20, 21, 22, 23, 24, 25, 26, 29, 30, 31, 32, 35, 38, 39, 41, 42, 43, 44, 45, 46, 47, 48, 50, 73, 74]
Min Correction Subset: [4, 40]
Iter 50: 
Min Hitting Set: [1, 2, 7, 10, 14, 16, 17, 18, 19, 21, 22, 23, 24, 25, 26, 29, 30, 31, 32, 35, 38, 39, 40, 41, 42, 44, 45, 46, 47, 48, 50, 73, 74]
Min Correction Subset: [11, 20]
Iter 51: 
Min Hitting Set: [1, 2, 4, 7, 10, 14, 16, 17, 19, 20, 21, 22, 23, 24, 26, 29, 30, 31, 32, 35, 38, 39, 41, 42, 43, 44, 45, 46, 47, 48, 50, 73, 74]
Min Correction Subset: [18, 40]
Iter 52: 
Min Hitting Set: [1, 2, 7, 10, 11, 14, 16, 17, 19, 20, 21, 22, 23, 24, 25, 26, 29, 30, 31, 35, 38, 39, 40, 41, 42, 43, 44, 45, 46, 47, 48, 50, 73, 74]
Min Correction Subset: [4, 51, 66]
Iter 53: 
Min Hitting Set: [1, 2, 7, 10, 11, 14, 16, 17, 19, 20, 21, 22, 23, 24, 25, 26, 29, 30, 31, 35, 38, 39, 40, 41, 42, 43, 44, 45, 47, 48, 50, 51, 73, 74]
Min Correction Subset: [13, 46, 54]
Iter 54: 
Min Hitting Set: [1, 2, 7, 10, 11, 14, 16, 17, 19, 20, 21, 22, 23, 24, 25, 26, 29, 30, 31, 35, 38, 39, 40, 41, 42, 43, 44, 45, 47, 50, 51, 54, 73, 74]
Min Correction Subset: [18, 48]
Iter 55: 
Min Hitting Set: [1, 2, 4, 7, 10, 11, 14, 16, 17, 18, 19, 21, 22, 23, 24, 26, 29, 30, 31, 32, 35, 38, 39, 41, 42, 43, 44, 45, 46, 47, 48, 50, 73, 74]
Min Correction Subset: [40, 51]
Iter 56: 
Min Hitting Set: [1, 2, 7, 10, 11, 13, 14, 16, 17, 18, 19, 20, 21, 22, 23, 24, 25, 26, 29, 30, 31, 35, 38, 39, 40, 41, 44, 45, 47, 50, 51, 54, 73, 74]
Min Correction Subset: [42, 48]
Iter 57: 
Min Hitting Set: [1, 2, 7, 10, 11, 14, 16, 17, 18, 19, 20, 21, 22, 23, 24, 25, 26, 27, 29, 31, 35, 39, 40, 41, 42, 44, 45, 46, 47, 48, 50, 51, 73, 74]
Min Correction Subset: [5, 30]
Iter 58: 
Min Hitting Set: [1, 2, 4, 5, 7, 10, 11, 14, 16, 17, 18, 19, 20, 21, 22, 23, 24, 26, 29, 30, 31, 38, 39, 40, 41, 42, 44, 45, 46, 47, 48, 50, 73, 74]
Min Correction Subset: [6, 35, 59]
Iter 59: 
Min Hitting Set: [1, 2, 4, 7, 10, 11, 14, 16, 17, 18, 19, 20, 21, 22, 23, 24, 26, 29, 30, 31, 35, 38, 39, 40, 41, 42, 44, 45, 46, 47, 48, 50, 73, 74]
Min Correction Subset: [25, 59, 71]
Iter 60: 
Min Hitting Set: [1, 2, 4, 7, 10, 11, 14, 16, 17, 18, 19, 20, 21, 22, 23, 24, 26, 29, 30, 35, 38, 39, 40, 41, 42, 44, 45, 46, 47, 48, 50, 71, 73, 74]
Min Correction Subset: [25, 32, 59]
Iter 61: 
Min Hitting Set: [1, 2, 4, 7, 10, 14, 16, 17, 18, 19, 20, 21, 22, 23, 24, 26, 29, 30, 32, 35, 38, 39, 40, 41, 42, 44, 45, 46, 47, 48, 50, 71, 73, 74]
Min Correction Subset: [11, 25]
Iter 62: 
Min Hitting Set: [1, 2, 4, 7, 10, 11, 14, 16, 17, 18, 19, 21, 22, 23, 24, 26, 27, 29, 30, 32, 35, 39, 40, 41, 42, 44, 45, 47, 50, 51, 54, 71, 73, 74]
Min Correction Subset: [6, 20, 46]
Iter 63: 
Min Hitting Set: [1, 2, 6, 10, 11, 14, 16, 17, 18, 19, 20, 21, 22, 23, 24, 25, 26, 29, 30, 35, 38, 39, 40, 41, 42, 44, 45, 47, 50, 51, 54, 71, 73, 74]
Min Correction Subset: [4, 46, 66]
Iter 64: 
Min Hitting Set: [1, 2, 4, 6, 10, 11, 14, 16, 17, 18, 19, 21, 22, 23, 24, 26, 29, 30, 32, 35, 38, 39, 40, 41, 42, 44, 45, 47, 50, 51, 54, 71, 73, 74]
Min Correction Subset: [7, 25, 37]
Iter 65: 
Min Hitting Set: [1, 2, 4, 7, 10, 11, 14, 16, 17, 18, 19, 21, 22, 23, 24, 26, 29, 30, 32, 35, 38, 39, 40, 41, 42, 44, 45, 46, 47, 48, 50, 71, 73, 74]
Min Correction Subset: [3, 5, 49]
Iter 66: 
Min Hitting Set: [1, 2, 7, 10, 14, 16, 17, 19, 20, 21, 22, 23, 24, 25, 26, 29, 30, 32, 35, 38, 39, 40, 41, 42, 44, 45, 46, 47, 48, 49, 50, 51, 71, 73, 74]
Min Correction Subset: [13, 31, 54]
Iter 67: 
Min Hitting Set: [1, 2, 5, 7, 10, 11, 14, 16, 17, 19, 20, 21, 22, 23, 24, 25, 26, 27, 29, 31, 39, 40, 41, 42, 44, 45, 46, 47, 48, 49, 50, 51, 59, 73, 74]
Min Correction Subset: [30, 32]
Iter 68: 
Min Hitting Set: [1, 2, 7, 10, 14, 16, 17, 19, 20, 21, 22, 23, 24, 25, 26, 29, 30, 31, 32, 35, 38, 39, 40, 41, 42, 44, 45, 46, 47, 48, 49, 50, 51, 73, 74]
Min Correction Subset: [13, 54, 71]
Iter 69: 
Min Hitting Set: [1, 2, 4, 5, 6, 10, 11, 13, 14, 16, 17, 18, 19, 21, 22, 23, 24, 26, 29, 30, 32, 37, 38, 40, 41, 44, 45, 46, 47, 48, 49, 50, 71, 73, 74]
Min Correction Subset: [25, 42]
Iter 70: 
Min Hitting Set: [1, 2, 4, 5, 7, 10, 11, 14, 16, 17, 18, 19, 20, 21, 22, 23, 24, 26, 27, 29, 30, 39, 40, 41, 42, 44, 45, 47, 50, 51, 54, 59, 71, 73, 74]
Min Correction Subset: [35, 48]
Iter 71: 
Min Hitting Set: [1, 2, 4, 6, 10, 11, 14, 16, 17, 18, 19, 21, 22, 23, 24, 26, 29, 30, 32, 35, 37, 38, 41, 42, 43, 44, 45, 47, 49, 50, 51, 54, 71, 73, 74]
Min Correction Subset: [7, 39]
Iter 72: 
Min Hitting Set: [1, 2, 5, 7, 10, 14, 16, 17, 18, 19, 20, 21, 22, 23, 24, 25, 26, 27, 29, 31, 32, 35, 39, 40, 41, 42, 44, 45, 46, 47, 50, 51, 54, 73, 74]
Min Correction Subset: [30, 38]
Iter 73: 
Min Hitting Set: [1, 2, 4, 5, 6, 10, 11, 13, 14, 16, 17, 18, 19, 21, 22, 23, 24, 25, 26, 29, 30, 32, 38, 39, 41, 43, 44, 45, 47, 48, 50, 51, 71, 73, 74]
Min Correction Subset: [12, 42]
Iter 74: 
Min Hitting Set: [1, 2, 4, 7, 10, 11, 14, 16, 17, 18, 19, 21, 22, 23, 24, 26, 29, 30, 32, 35, 37, 38, 40, 41, 42, 44, 45, 46, 47, 49, 50, 54, 71, 73, 74]
Min Correction Subset: [12, 39, 51]
Iter 75: 
Min Hitting Set: [1, 2, 4, 7, 10, 11, 14, 16, 17, 18, 19, 21, 22, 23, 24, 26, 29, 30, 32, 35, 38, 39, 40, 41, 42, 44, 45, 46, 47, 49, 50, 54, 71, 73, 74]
Min Correction Subset: [6, 25, 31]
Iter 76: 
Min Hitting Set: [1, 2, 10, 12, 14, 16, 17, 19, 20, 21, 22, 23, 24, 25, 26, 29, 30, 32, 35, 38, 39, 40, 41, 42, 44, 45, 46, 47, 48, 49, 50, 51, 54, 71, 73, 74]
Min Correction Subset: [4, 7, 27]
Iter 77: 
Min Hitting Set: [1, 2, 7, 10, 14, 16, 17, 19, 20, 21, 22, 23, 24, 25, 26, 29, 30, 32, 35, 38, 39, 40, 41, 42, 44, 45, 46, 47, 48, 49, 50, 51, 54, 71, 73, 74]
Min Correction Subset: [12, 13, 18]
Iter 78: 
Min Hitting Set: [1, 2, 7, 10, 14, 16, 17, 18, 19, 20, 21, 22, 23, 24, 25, 26, 29, 30, 32, 35, 38, 39, 40, 41, 42, 44, 45, 46, 47, 49, 50, 51, 54, 71, 73, 74]
Min Correction Subset: [4, 11, 27]
Iter 79: 
Min Hitting Set: [1, 2, 7, 10, 11, 14, 16, 17, 18, 19, 21, 22, 23, 24, 25, 26, 29, 30, 32, 35, 38, 39, 40, 41, 42, 44, 45, 46, 47, 49, 50, 51, 54, 71, 73, 74]
Min Correction Subset: [4, 5, 20]
Iter 80: 
Min Hitting Set: [1, 2, 7, 10, 11, 14, 16, 17, 18, 19, 20, 21, 22, 23, 24, 25, 26, 29, 30, 35, 38, 39, 40, 41, 42, 44, 45, 46, 47, 49, 50, 51, 54, 71, 73, 74]
Min Correction Subset: [13, 27, 32]
Iter 81: 
Min Hitting Set: [1, 2, 4, 6, 10, 14, 16, 17, 18, 19, 20, 21, 22, 23, 24, 25, 26, 29, 30, 31, 32, 35, 38, 39, 40, 41, 42, 44, 45, 47, 49, 50, 51, 54, 73, 74]
Min Correction Subset: [7, 12, 13]
Iter 82: 
Min Hitting Set: [1, 2, 4, 6, 10, 11, 13, 14, 16, 17, 19, 20, 21, 22, 23, 24, 25, 26, 29, 30, 35, 38, 39, 40, 41, 42, 44, 45, 47, 48, 49, 50, 51, 71, 73, 74]
Min Correction Subset: [27, 28, 32]
Iter 83: 
Min Hitting Set: [1, 2, 4, 7, 10, 11, 14, 16, 17, 18, 19, 20, 21, 22, 23, 24, 25, 26, 27, 29, 30, 35, 39, 40, 41, 42, 44, 45, 47, 49, 50, 51, 54, 71, 73, 74]
Min Correction Subset: [32, 38]
Iter 84: 
Min Hitting Set: [1, 2, 4, 5, 7, 10, 11, 13, 14, 16, 17, 18, 19, 21, 22, 23, 24, 26, 29, 30, 31, 32, 38, 39, 40, 41, 42, 44, 45, 46, 47, 48, 50, 59, 73, 74]
Min Correction Subset: [12, 27, 35]
Iter 85: 
Min Hitting Set: [1, 2, 4, 10, 12, 14, 16, 17, 19, 20, 21, 22, 23, 24, 25, 26, 29, 30, 31, 32, 35, 38, 39, 40, 41, 42, 44, 45, 46, 47, 48, 49, 50, 71, 73, 74]
Min Correction Subset: [7, 15, 54]
Iter 86: 
Min Hitting Set: [1, 2, 4, 6, 7, 10, 11, 14, 16, 17, 18, 19, 21, 22, 23, 24, 26, 29, 30, 32, 35, 37, 38, 40, 41, 42, 44, 45, 47, 49, 50, 51, 54, 71, 73, 74]
Min Correction Subset: [12, 13, 25]
Iter 87: 
Min Hitting Set: [1, 2, 4, 7, 10, 14, 16, 17, 18, 19, 20, 21, 22, 23, 24, 25, 26, 29, 30, 32, 35, 38, 39, 40, 41, 42, 44, 45, 47, 49, 50, 51, 54, 71, 73, 74]
Min Correction Subset: [15, 46, 48]
Iter 88: 
Min Hitting Set: [1, 2, 4, 7, 10, 11, 14, 16, 17, 18, 19, 21, 22, 23, 24, 25, 26, 29, 30, 32, 35, 38, 39, 40, 41, 42, 44, 45, 46, 47, 49, 50, 54, 71, 73, 74]
Min Correction Subset: [6, 9, 20]
Iter 89: 
Min Hitting Set: [1, 2, 4, 5, 6, 7, 10, 11, 13, 14, 16, 17, 18, 19, 21, 22, 23, 24, 26, 27, 29, 30, 32, 39, 40, 41, 42, 44, 45, 47, 48, 50, 51, 71, 73, 74]
Min Correction Subset: [35, 38]
Iter 90: 
Min Hitting Set: [1, 2, 4, 10, 12, 14, 16, 17, 18, 19, 20, 21, 22, 23, 24, 25, 26, 29, 30, 32, 35, 38, 39, 40, 41, 42, 44, 45, 46, 47, 49, 50, 54, 71, 73, 74]
Min Correction Subset: [11, 31, 51]
Iter 91: 
Min Hitting Set: [1, 2, 4, 9, 10, 11, 12, 14, 16, 17, 18, 19, 21, 22, 23, 24, 25, 26, 29, 30, 32, 35, 38, 39, 40, 41, 42, 44, 46, 47, 49, 50, 54, 71, 73, 74]
Min Correction Subset: [6, 7, 20]
Iter 92: 
Min Hitting Set: [1, 2, 4, 7, 9, 10, 11, 14, 16, 17, 18, 19, 21, 22, 23, 24, 25, 26, 29, 30, 32, 35, 38, 39, 40, 41, 42, 44, 46, 47, 49, 50, 54, 71, 73, 74]
Min Correction Subset: [6, 37, 45]
Iter 93: 
Min Hitting Set: [1, 2, 7, 10, 14, 16, 17, 18, 19, 20, 21, 22, 23, 24, 25, 26, 27, 29, 30, 32, 35, 39, 40, 41, 42, 44, 45, 46, 47, 49, 50, 51, 54, 71, 73, 74]
Min Correction Subset: [11, 15, 37, 48]
Iter 94: 
Min Hitting Set: [1, 2, 4, 7, 10, 13, 14, 16, 17, 19, 20, 21, 22, 23, 24, 25, 26, 27, 29, 30, 31, 32, 35, 37, 40, 41, 42, 44, 45, 47, 48, 49, 50, 51, 73, 74]
Min Correction Subset: [15, 46, 54]
Iter 95: 
Min Hitting Set: [1, 2, 4, 7, 10, 13, 14, 16, 17, 19, 20, 21, 22, 23, 24, 25, 26, 29, 30, 31, 32, 35, 38, 39, 40, 41, 42, 44, 45, 46, 47, 48, 49, 50, 73, 74]
Min Correction Subset: [11, 51, 71]
Iter 96: 
Min Hitting Set: [1, 2, 7, 10, 13, 14, 16, 17, 19, 20, 21, 22, 23, 24, 25, 26, 27, 29, 30, 32, 35, 39, 40, 41, 42, 44, 45, 46, 47, 48, 49, 50, 51, 71, 73, 74]
Min Correction Subset: [11, 38, 54]
Iter 97: 
Min Hitting Set: [1, 2, 7, 10, 14, 16, 17, 18, 19, 20, 21, 22, 23, 24, 25, 26, 27, 29, 30, 32, 35, 37, 40, 41, 42, 44, 45, 46, 47, 49, 50, 51, 54, 71, 73, 74]
Min Correction Subset: [5, 39, 64]
Iter 98: 
Min Hitting Set: [1, 2, 4, 10, 12, 14, 16, 17, 19, 20, 21, 22, 23, 24, 25, 26, 29, 30, 32, 35, 38, 39, 40, 41, 42, 44, 45, 47, 48, 49, 50, 51, 54, 71, 73, 74]
Min Correction Subset: [7, 15, 46]
Iter 99: 
Min Hitting Set: [1, 2, 10, 12, 14, 16, 17, 19, 20, 21, 22, 23, 24, 25, 26, 27, 29, 30, 32, 35, 38, 39, 40, 41, 42, 44, 45, 46, 47, 48, 49, 50, 51, 54, 71, 73, 74]
Min Correction Subset: [6, 7, 37]
Iter 100: 
Min Hitting Set: [1, 2, 7, 10, 14, 16, 17, 18, 19, 20, 21, 22, 23, 24, 25, 26, 27, 29, 30, 32, 35, 39, 40, 41, 42, 44, 45, 46, 47, 48, 49, 50, 51, 54, 71, 73, 74]
Min Correction Subset: [4, 12, 36, 66]
Iter 101: 
Min Hitting Set: [1, 2, 7, 10, 14, 16, 17, 18, 19, 20, 21, 22, 23, 25, 26, 27, 29, 30, 32, 35, 36, 39, 40, 41, 42, 44, 45, 46, 47, 48, 49, 50, 51, 54, 71, 73, 74]
Min Correction Subset: [13, 24]
Iter 102: 
Min Hitting Set: [1, 2, 7, 10, 12, 14, 16, 17, 19, 20, 21, 22, 23, 24, 25, 26, 27, 29, 30, 32, 35, 39, 40, 41, 42, 44, 45, 46, 47, 48, 49, 50, 51, 54, 71, 73, 74]
Min Correction Subset: [5, 18, 38]
Iter 103: 
Min Hitting Set: [1, 2, 4, 7, 10, 14, 15, 16, 17, 18, 19, 20, 21, 22, 23, 24, 25, 26, 27, 29, 30, 31, 32, 35, 39, 40, 41, 42, 44, 45, 47, 49, 50, 51, 54, 73, 74]
Min Correction Subset: [38, 46, 63]
Iter 104: 
Min Hitting Set: [1, 2, 4, 7, 10, 11, 12, 14, 16, 17, 19, 20, 21, 22, 23, 24, 26, 29, 30, 31, 32, 35, 38, 39, 40, 41, 42, 44, 45, 46, 47, 48, 49, 50, 71, 73, 74]
Min Correction Subset: [6, 25, 59]
Iter 105: 
Min Hitting Set: [1, 2, 4, 7, 10, 12, 14, 16, 17, 19, 20, 21, 22, 23, 24, 25, 26, 29, 30, 31, 32, 35, 38, 39, 40, 41, 42, 44, 45, 46, 47, 48, 49, 50, 71, 73, 74]
Min Correction Subset: [13, 51, 54]
Iter 106: 
Min Hitting Set: [1, 2, 4, 5, 6, 10, 11, 13, 14, 16, 17, 18, 19, 21, 22, 23, 25, 26, 29, 30, 32, 35, 36, 38, 39, 40, 41, 42, 44, 45, 46, 47, 50, 54, 71, 73, 74]
Min Correction Subset: [24, 49]
Iter 107: 
Min Hitting Set: [1, 2, 4, 5, 6, 7, 10, 11, 12, 13, 14, 16, 17, 18, 19, 21, 22, 23, 24, 26, 29, 30, 32, 38, 39, 40, 41, 42, 44, 45, 46, 47, 48, 50, 71, 73, 74]
Min Correction Subset: [27, 35, 49]
Iter 108: 
Min Hitting Set: [1, 2, 4, 5, 6, 7, 10, 11, 13, 14, 16, 17, 18, 19, 21, 22, 23, 24, 26, 29, 30, 32, 35, 38, 39, 40, 41, 42, 44, 45, 46, 47, 48, 50, 71, 73, 74]
Min Correction Subset: [25, 27, 49, 59]
Iter 109: 
Min Hitting Set: [1, 2, 4, 5, 6, 7, 10, 11, 13, 14, 16, 17, 18, 19, 21, 22, 23, 24, 26, 27, 29, 30, 32, 38, 39, 40, 41, 42, 44, 45, 46, 47, 48, 50, 71, 73, 74]
Min Correction Subset: [25, 35, 59]
Iter 110: 
Min Hitting Set: [1, 2, 4, 7, 10, 12, 14, 16, 17, 19, 20, 21, 22, 23, 24, 25, 26, 29, 30, 32, 35, 38, 39, 40, 41, 42, 44, 45, 47, 48, 49, 50, 51, 54, 71, 73, 74]
Min Correction Subset: [5, 15, 46, 52]
Iter 111: 
Min Hitting Set: [1, 2, 4, 6, 7, 10, 11, 14, 16, 17, 18, 19, 21, 22, 23, 24, 25, 26, 29, 30, 31, 32, 35, 38, 39, 40, 41, 42, 44, 45, 46, 47, 49, 50, 54, 73, 74]
Min Correction Subset: [9, 27, 37, 51]
Iter 112: 
Min Hitting Set: [1, 2, 4, 6, 10, 11, 13, 14, 16, 17, 18, 19, 21, 22, 23, 26, 29, 30, 32, 35, 36, 37, 38, 39, 40, 41, 42, 44, 45, 46, 47, 49, 50, 54, 71, 73, 74]
Min Correction Subset: [12, 24]
Iter 113: 
Min Hitting Set: [1, 2, 4, 5, 6, 9, 10, 11, 13, 14, 16, 17, 18, 19, 21, 22, 23, 24, 25, 26, 29, 30, 31, 32, 35, 38, 39, 40, 41, 42, 44, 46, 47, 50, 54, 73, 74]
Min Correction Subset: [7, 27, 49]
Iter 114: 
Min Hitting Set: [1, 2, 4, 7, 10, 11, 13, 14, 16, 17, 19, 20, 21, 22, 23, 24, 25, 26, 27, 29, 30, 35, 38, 39, 40, 41, 42, 44, 45, 46, 47, 48, 49, 50, 71, 73, 74]
Min Correction Subset: [32, 43, 51]
Iter 115: 
Min Hitting Set: [1, 2, 4, 5, 7, 9, 10, 11, 14, 16, 17, 18, 19, 21, 22, 23, 24, 25, 26, 29, 30, 32, 35, 37, 38, 39, 40, 41, 42, 44, 46, 47, 50, 54, 71, 73, 74]
Min Correction Subset: [12, 15, 43, 49]
Iter 116: 
Min Hitting Set: [1, 2, 4, 7, 10, 14, 15, 16, 17, 18, 19, 20, 21, 22, 23, 24, 25, 26, 29, 30, 31, 32, 35, 38, 39, 40, 41, 42, 44, 45, 47, 49, 50, 51, 54, 73, 74]
Min Correction Subset: [11, 46, 48]
Iter 117: 
Min Hitting Set: [1, 2, 4, 6, 9, 10, 11, 13, 14, 16, 17, 18, 19, 21, 22, 23, 24, 25, 26, 29, 30, 32, 35, 38, 39, 40, 41, 42, 44, 46, 47, 49, 50, 54, 71, 73, 74]
Min Correction Subset: [7, 12, 20]
Iter 118: 
Min Hitting Set: [1, 2, 4, 6, 7, 9, 10, 11, 13, 14, 16, 17, 18, 19, 21, 22, 23, 24, 26, 29, 30, 32, 35, 38, 39, 40, 41, 42, 44, 46, 47, 48, 49, 50, 71, 73, 74]
Min Correction Subset: [8, 25, 45, 59]
Iter 119: 
Min Hitting Set: [1, 2, 4, 7, 9, 10, 11, 14, 16, 17, 18, 19, 21, 22, 23, 24, 25, 26, 29, 30, 31, 32, 35, 37, 38, 39, 40, 41, 42, 44, 46, 47, 49, 50, 54, 73, 74]
Min Correction Subset: [5, 6, 45, 71]
Iter 120: 
Min Hitting Set: [1, 2, 4, 7, 9, 10, 11, 14, 16, 17, 18, 19, 21, 22, 23, 24, 25, 26, 29, 30, 31, 32, 35, 38, 39, 40, 41, 42, 44, 45, 46, 47, 49, 50, 54, 73, 74]
Min Correction Subset: [5, 12, 15, 27, 51]
Instance: arbitrary-52-100-690000
----------------------------
Query: 8
Query element:33
Query scope: 5
Query scope: 8
Query scope: 25
Query scope: 38
Query scope: 41
Query scope: 42
Query scope: 51
Query scope: 52
Query scope: 65
Query scope: 78
Query scope: 80
Query scope: 87
----------------------------
IIS optimality: suboptimal
IIS solution time: 36048.427
IIS Constraint: 1; goods; {good:1}
IIS Constraint: 2; goods; {good:2}
IIS Constraint: 4; goods; {good:4}
IIS Constraint: 7; goods; {good:7}
IIS Constraint: 9; goods; {good:9}
IIS Constraint: 10; goods; {good:10}
IIS Constraint: 11; goods; {good:11}
IIS Constraint: 14; goods; {good:14}
IIS Constraint: 16; goods; {good:16}
IIS Constraint: 17; goods; {good:17}
IIS Constraint: 18; goods; {good:18}
IIS Constraint: 19; goods; {good:19}
IIS Constraint: 21; goods; {good:21}
IIS Constraint: 22; goods; {good:22}
IIS Constraint: 23; goods; {good:23}
IIS Constraint: 24; goods; {good:24}
IIS Constraint: 25; goods; {good:25}
IIS Constraint: 26; goods; {good:26}
IIS Constraint: 29; goods; {good:29}
IIS Constraint: 30; goods; {good:30}
IIS Constraint: 31; goods; {good:31}
IIS Constraint: 32; goods; {good:32}
IIS Constraint: 35; goods; {good:35}
IIS Constraint: 38; goods; {good:38}
IIS Constraint: 39; goods; {good:39}
IIS Constraint: 40; goods; {good:40}
IIS Constraint: 41; goods; {good:41}
IIS Constraint: 42; goods; {good:42}
IIS Constraint: 44; goods; {good:44}
IIS Constraint: 45; goods; {good:45}
IIS Constraint: 46; goods; {good:46}
IIS Constraint: 47; goods; {good:47}
IIS Constraint: 49; goods; {good:49}
IIS Constraint: 50; goods; {good:50}
IIS Constraint: 54; goods; {good:54}
IIS Constraint: 73; query; {good:33,query:8}
IIS Constraint: 74; max; {f:2340.3037,objective:max}
