IIS generation
Iter 1: 
Min Hitting Set: []
Min Correction Subset: [73]
Iter 2: 
Min Hitting Set: [73]
Min Correction Subset: [7]
Iter 3: 
Min Hitting Set: [7, 73]
Min Correction Subset: [46]
Iter 4: 
Min Hitting Set: [7, 46, 73]
Min Correction Subset: [25, 41]
Iter 5: 
Min Hitting Set: [7, 25, 46, 73]
Min Correction Subset: [13, 30]
Iter 6: 
Min Hitting Set: [7, 13, 25, 46, 73]
Min Correction Subset: [0, 30]
Iter 7: 
Min Hitting Set: [7, 25, 30, 46, 73]
Min Correction Subset: [0, 15]
Iter 8: 
Min Hitting Set: [0, 7, 25, 30, 46, 73]
Min Correction Subset: [14, 15]
Iter 9: 
Min Hitting Set: [7, 15, 25, 30, 46, 73]
Min Correction Subset: [0, 1]
Iter 10: 
Min Hitting Set: [0, 7, 15, 25, 30, 46, 73]
Min Correction Subset: [24, 72]
Iter 11: 
Min Hitting Set: [0, 7, 15, 24, 25, 30, 46, 73]
Min Correction Subset: [2, 41]
Iter 12: 
Min Hitting Set: [0, 7, 15, 24, 30, 41, 46, 73]
Min Correction Subset: [16, 26]
Iter 13: 
Min Hitting Set: [0, 7, 15, 16, 24, 30, 41, 46, 73]
Min Correction Subset: [2, 17]
Iter 14: 
Min Hitting Set: [0, 2, 7, 15, 16, 24, 30, 41, 46, 73]
Min Correction Subset: [25, 51]
Iter 15: 
Min Hitting Set: [0, 2, 7, 15, 16, 24, 25, 30, 46, 73]
Min Correction Subset: [29, 37]
Iter 16: 
Min Hitting Set: [0, 2, 7, 15, 16, 24, 25, 29, 30, 46, 73]
Min Correction Subset: [13, 17]
Iter 17: 
Min Hitting Set: [0, 2, 7, 13, 15, 16, 24, 25, 29, 46, 73]
Min Correction Subset: [11, 30]
Iter 18: 
Min Hitting Set: [0, 2, 7, 15, 16, 17, 24, 25, 29, 30, 46, 73]
Min Correction Subset: [14, 45]
Iter 19: 
Min Hitting Set: [0, 2, 7, 14, 16, 17, 24, 25, 29, 30, 46, 73]
Min Correction Subset: [71, 72]
Iter 20: 
Min Hitting Set: [0, 2, 7, 14, 16, 17, 25, 29, 30, 46, 72, 73]
Min Correction Subset: [11, 15]
Iter 21: 
Min Hitting Set: [0, 2, 7, 11, 13, 14, 16, 25, 29, 46, 72, 73]
Min Correction Subset: [12, 30]
Iter 22: 
Min Hitting Set: [0, 2, 7, 11, 14, 16, 17, 25, 29, 30, 46, 72, 73]
Min Correction Subset: [28, 41, 59]
Iter 23: 
Min Hitting Set: [0, 7, 11, 14, 16, 17, 29, 30, 41, 46, 51, 72, 73]
Min Correction Subset: [15, 25]
Iter 24: 
Min Hitting Set: [0, 7, 11, 14, 16, 17, 25, 29, 30, 41, 46, 72, 73]
Min Correction Subset: [5, 19, 37]
Iter 25: 
Min Hitting Set: [0, 7, 11, 14, 16, 17, 25, 30, 37, 41, 46, 72, 73]
Min Correction Subset: [13, 26, 44]
Iter 26: 
Min Hitting Set: [0, 7, 11, 14, 17, 25, 26, 30, 37, 41, 46, 72, 73]
Min Correction Subset: [3, 16]
Iter 27: 
Min Hitting Set: [0, 7, 11, 13, 14, 16, 17, 25, 30, 37, 41, 46, 72, 73]
Min Correction Subset: [1, 15, 24]
Iter 28: 
Min Hitting Set: [0, 7, 13, 14, 15, 16, 17, 25, 30, 37, 41, 46, 72, 73]
Min Correction Subset: [11, 24]
Iter 29: 
Min Hitting Set: [0, 1, 7, 11, 13, 14, 16, 17, 25, 30, 37, 41, 46, 72, 73]
Min Correction Subset: [29, 32, 33]
Iter 30: 
Min Hitting Set: [0, 1, 7, 11, 13, 14, 16, 17, 25, 29, 30, 37, 41, 46, 72, 73]
Min Correction Subset: [3, 28, 51, 59]
Iter 31: 
Min Hitting Set: [1, 2, 7, 13, 14, 15, 16, 24, 29, 30, 37, 41, 46, 51, 72, 73]
Min Correction Subset: [0, 28]
Iter 32: 
Min Hitting Set: [0, 2, 7, 11, 13, 14, 16, 24, 25, 28, 29, 30, 37, 46, 72, 73]
Min Correction Subset: [23, 41, 45]
Iter 33: 
Min Hitting Set: [0, 1, 3, 7, 11, 14, 17, 25, 26, 29, 30, 37, 41, 46, 72, 73]
Min Correction Subset: [13, 16, 20]
Iter 34: 
Min Hitting Set: [0, 2, 7, 13, 15, 16, 24, 29, 30, 37, 41, 45, 46, 51, 72, 73]
Min Correction Subset: [25, 35]
Iter 35: 
Min Hitting Set: [1, 2, 7, 13, 15, 16, 24, 25, 28, 29, 30, 37, 45, 46, 72, 73]
Min Correction Subset: [0, 27]
Iter 36: 
Min Hitting Set: [0, 2, 7, 11, 13, 15, 16, 25, 28, 29, 30, 37, 45, 46, 72, 73]
Min Correction Subset: [24, 39, 41]
Iter 37: 
Min Hitting Set: [0, 2, 7, 13, 15, 16, 24, 25, 28, 29, 30, 37, 45, 46, 72, 73]
Min Correction Subset: [17, 20, 26]
Iter 38: 
Min Hitting Set: [0, 7, 15, 16, 17, 24, 25, 26, 28, 29, 30, 37, 41, 45, 46, 72, 73]
Min Correction Subset: [14, 27, 32]
Iter 39: 
Min Hitting Set: [0, 7, 15, 16, 17, 24, 25, 26, 28, 30, 32, 37, 41, 45, 46, 72, 73]
Min Correction Subset: [1, 11, 44]
Iter 40: 
Min Hitting Set: [0, 7, 15, 16, 17, 24, 25, 28, 30, 32, 37, 41, 44, 45, 46, 72, 73]
Min Correction Subset: [14, 51, 59]
Iter 41: 
Min Hitting Set: [0, 7, 15, 16, 17, 24, 25, 30, 32, 37, 41, 44, 45, 46, 59, 72, 73]
Min Correction Subset: [14, 38, 49]
Iter 42: 
Min Hitting Set: [0, 3, 7, 11, 14, 16, 17, 24, 25, 26, 29, 30, 37, 41, 46, 72, 73]
Min Correction Subset: [9, 12, 13, 20]
Iter 43: 
Min Hitting Set: [0, 3, 7, 11, 13, 14, 17, 24, 25, 26, 29, 30, 37, 41, 46, 72, 73]
Min Correction Subset: [16, 36, 39]
Iter 44: 
Min Hitting Set: [0, 3, 7, 11, 13, 14, 16, 17, 24, 25, 29, 30, 37, 41, 46, 72, 73]
Min Correction Subset: [9, 12, 15, 20]
Iter 45: 
Min Hitting Set: [0, 3, 7, 11, 13, 14, 15, 16, 17, 25, 29, 30, 37, 41, 46, 72, 73]
Min Correction Subset: [9, 19, 24, 51]
Iter 46: 
Min Hitting Set: [0, 3, 7, 11, 13, 14, 15, 16, 17, 19, 25, 29, 30, 41, 46, 72, 73]
Min Correction Subset: [2, 8, 32, 33]
Iter 47: 
Min Hitting Set: [0, 7, 11, 13, 14, 15, 16, 17, 25, 30, 32, 37, 41, 46, 51, 72, 73]
Min Correction Subset: [9, 12, 20, 24]
Iter 48: 
Min Hitting Set: [0, 1, 7, 11, 12, 13, 14, 16, 17, 25, 32, 37, 41, 46, 51, 72, 73]
Min Correction Subset: [15, 30]
Iter 49: 
Min Hitting Set: [0, 7, 11, 12, 13, 14, 15, 16, 17, 25, 32, 37, 41, 46, 51, 72, 73]
Min Correction Subset: [30, 45, 66]
Iter 50: 
Min Hitting Set: [0, 7, 14, 15, 16, 17, 20, 24, 25, 30, 32, 37, 41, 44, 46, 59, 72, 73]
Min Correction Subset: [4, 13, 28, 51]
Iter 51: 
Min Hitting Set: [0, 7, 14, 15, 16, 17, 20, 24, 25, 30, 32, 37, 41, 44, 46, 51, 72, 73]
Min Correction Subset: [11, 40, 59]
Iter 52: 
Min Hitting Set: [0, 7, 13, 14, 15, 16, 17, 24, 25, 30, 32, 37, 41, 44, 46, 59, 72, 73]
Min Correction Subset: [29, 38, 40, 51]
Iter 53: 
Min Hitting Set: [0, 7, 11, 13, 14, 15, 16, 17, 24, 25, 30, 32, 37, 41, 46, 51, 72, 73]
Min Correction Subset: [5, 28, 38, 40]
Iter 54: 
Min Hitting Set: [0, 2, 5, 7, 11, 13, 14, 16, 20, 24, 25, 29, 30, 41, 46, 51, 72, 73]
Min Correction Subset: [17, 27, 32, 40]
Iter 55: 
Min Hitting Set: [0, 7, 11, 12, 13, 15, 16, 17, 25, 32, 37, 38, 41, 45, 46, 51, 72, 73]
Min Correction Subset: [14, 24, 30]
Iter 56: 
Min Hitting Set: [0, 7, 11, 13, 14, 15, 16, 17, 24, 25, 28, 30, 32, 37, 41, 46, 51, 72, 73]
Min Correction Subset: [5, 29, 38, 40]
Iter 57: 
Min Hitting Set: [0, 7, 11, 13, 14, 15, 16, 17, 24, 25, 28, 29, 30, 32, 37, 41, 46, 72, 73]
Min Correction Subset: [4, 33, 38, 40]
Iter 58: 
Min Hitting Set: [0, 7, 11, 13, 15, 16, 17, 24, 25, 30, 32, 37, 38, 41, 45, 46, 59, 72, 73]
Min Correction Subset: [1, 5, 14, 40]
Iter 59: 
Min Hitting Set: [0, 1, 7, 11, 13, 14, 16, 17, 20, 25, 30, 33, 37, 40, 41, 46, 51, 72, 73]
Min Correction Subset: [12, 27, 32, 38]
Iter 60: 
Min Hitting Set: [0, 1, 7, 11, 14, 16, 17, 20, 25, 30, 32, 37, 38, 41, 44, 46, 51, 72, 73]
Min Correction Subset: [13, 15, 26]
Iter 61: 
Min Hitting Set: [0, 1, 7, 11, 13, 14, 16, 17, 20, 25, 30, 32, 37, 40, 41, 46, 51, 72, 73]
Min Correction Subset: [27, 33, 36, 42]
Iter 62: 
Min Hitting Set: [0, 7, 11, 13, 14, 16, 17, 20, 24, 25, 30, 33, 37, 38, 41, 46, 51, 72, 73]
Min Correction Subset: [2, 15, 23, 53]
Iter 63: 
Min Hitting Set: [0, 7, 11, 13, 14, 15, 16, 17, 24, 25, 28, 30, 33, 37, 38, 41, 46, 72, 73]
Min Correction Subset: [1, 19, 27, 32]
Instance: arbitrary-52-100-60000
----------------------------
Query: 3
Query element:75
Query element:12
Query scope: 75
Query scope: 12
----------------------------
IIS optimality: suboptimal
IIS solution time: 36114.962
IIS Constraint: 0; goods; {good:0}
IIS Constraint: 7; goods; {good:7}
IIS Constraint: 11; goods; {good:11}
IIS Constraint: 13; goods; {good:13}
IIS Constraint: 14; goods; {good:14}
IIS Constraint: 15; goods; {good:15}
IIS Constraint: 16; goods; {good:16}
IIS Constraint: 17; goods; {good:17}
IIS Constraint: 24; goods; {good:24}
IIS Constraint: 25; goods; {good:25}
IIS Constraint: 28; goods; {good:28}
IIS Constraint: 30; goods; {good:30}
IIS Constraint: 33; goods; {good:33}
IIS Constraint: 37; goods; {good:37}
IIS Constraint: 38; goods; {good:38}
IIS Constraint: 41; goods; {good:41}
IIS Constraint: 46; goods; {good:46}
IIS Constraint: 72; query; {bid:12,query:3}
IIS Constraint: 73; max; {f:3073.0209999999997,objective:max}
