IIS generation
Iter 1: 
Min Hitting Set: []
Min Correction Subset: [72]
Iter 2: 
Min Hitting Set: [72]
Min Correction Subset: [18, 19]
Iter 3: 
Min Hitting Set: [18, 72]
Min Correction Subset: [28, 33]
Iter 4: 
Min Hitting Set: [18, 28, 72]
Min Correction Subset: [5, 12]
Iter 5: 
Min Hitting Set: [5, 18, 28, 72]
Min Correction Subset: [12, 19]
Iter 6: 
Min Hitting Set: [12, 19, 28, 72]
Min Correction Subset: [33, 34]
Iter 7: 
Min Hitting Set: [12, 19, 33, 72]
Min Correction Subset: [18, 70]
Iter 8: 
Min Hitting Set: [12, 18, 33, 72]
Min Correction Subset: [70, 71]
Iter 9: 
Min Hitting Set: [12, 18, 33, 70, 72]
Min Correction Subset: [23, 24, 29]
Iter 10: 
Min Hitting Set: [12, 18, 23, 33, 70, 72]
Min Correction Subset: [20, 27, 34]
Iter 11: 
Min Hitting Set: [12, 18, 23, 33, 34, 70, 72]
Min Correction Subset: [20, 26, 27]
Iter 12: 
Min Hitting Set: [12, 18, 23, 27, 33, 70, 72]
Min Correction Subset: [28, 35, 36]
Iter 13: 
Min Hitting Set: [12, 18, 20, 23, 28, 33, 70, 72]
Min Correction Subset: [4, 26, 27]
Iter 14: 
Min Hitting Set: [12, 18, 23, 27, 28, 33, 70, 72]
Min Correction Subset: [31, 45, 46]
Iter 15: 
Min Hitting Set: [12, 18, 23, 27, 28, 31, 33, 70, 72]
Min Correction Subset: [5, 30, 34]
Iter 16: 
Min Hitting Set: [12, 19, 23, 27, 28, 31, 34, 70, 72]
Min Correction Subset: [11, 18]
Iter 17: 
Min Hitting Set: [12, 18, 23, 27, 28, 31, 34, 70, 72]
Min Correction Subset: [7, 33, 71]
Iter 18: 
Min Hitting Set: [12, 18, 23, 27, 28, 31, 34, 71, 72]
Min Correction Subset: [29, 70]
Iter 19: 
Min Hitting Set: [12, 18, 27, 28, 29, 31, 34, 71, 72]
Min Correction Subset: [16, 70]
Iter 20: 
Min Hitting Set: [5, 12, 18, 27, 28, 29, 31, 33, 70, 72]
Min Correction Subset: [22, 23, 30]
Iter 21: 
Min Hitting Set: [5, 12, 18, 23, 27, 28, 31, 33, 70, 72]
Min Correction Subset: [38, 45, 46]
Iter 22: 
Min Hitting Set: [5, 12, 18, 23, 27, 28, 33, 45, 70, 72]
Min Correction Subset: [24, 25, 31]
Iter 23: 
Min Hitting Set: [12, 18, 24, 27, 28, 30, 33, 45, 70, 72]
Min Correction Subset: [16, 22, 23]
Iter 24: 
Min Hitting Set: [12, 18, 23, 24, 27, 28, 30, 33, 45, 70, 72]
Min Correction Subset: [11, 25, 31]
Iter 25: 
Min Hitting Set: [12, 18, 23, 27, 28, 31, 34, 46, 70, 71, 72]
Min Correction Subset: [33, 40, 41]
Iter 26: 
Min Hitting Set: [5, 18, 19, 23, 27, 28, 31, 33, 46, 70, 72]
Min Correction Subset: [1, 25, 35, 45]
Iter 27: 
Min Hitting Set: [5, 18, 19, 23, 25, 27, 28, 33, 45, 70, 72]
Min Correction Subset: [26, 31, 39]
Iter 28: 
Min Hitting Set: [5, 12, 18, 23, 27, 28, 31, 33, 45, 70, 72]
Min Correction Subset: [40, 41, 46, 47]
Iter 29: 
Min Hitting Set: [12, 18, 23, 27, 31, 33, 34, 35, 46, 70, 72]
Min Correction Subset: [21, 28, 29]
Iter 30: 
Min Hitting Set: [12, 18, 23, 25, 26, 28, 33, 34, 46, 70, 72]
Min Correction Subset: [4, 11, 27]
Iter 31: 
Min Hitting Set: [12, 18, 23, 27, 29, 31, 33, 34, 35, 46, 70, 72]
Min Correction Subset: [4, 5, 10, 11]
Iter 32: 
Min Hitting Set: [5, 12, 18, 23, 25, 26, 27, 28, 33, 46, 70, 72]
Min Correction Subset: [22, 29, 31, 39]
Iter 33: 
Min Hitting Set: [5, 18, 19, 23, 27, 28, 31, 33, 35, 46, 70, 72]
Min Correction Subset: [1, 3, 4, 11]
Iter 34: 
Min Hitting Set: [5, 11, 19, 23, 25, 27, 28, 31, 33, 46, 70, 72]
Min Correction Subset: [35, 36, 43, 44, 45]
Iter 35: 
Min Hitting Set: [5, 11, 19, 23, 27, 29, 31, 33, 35, 46, 70, 72]
Min Correction Subset: [18, 25, 30]
Iter 36: 
Min Hitting Set: [11, 12, 19, 23, 27, 29, 30, 31, 33, 35, 46, 70, 72]
Min Correction Subset: [18, 25, 26, 71]
Iter 37: 
Min Hitting Set: [11, 12, 18, 23, 27, 28, 30, 31, 33, 35, 46, 70, 72]
Min Correction Subset: [5, 24, 38, 45]
Iter 38: 
Min Hitting Set: [11, 12, 18, 23, 27, 28, 30, 31, 33, 45, 46, 70, 72]
Min Correction Subset: [22, 29, 35, 36, 43]
Iter 39: 
Min Hitting Set: [5, 11, 18, 19, 23, 27, 29, 31, 33, 35, 46, 70, 72]
Min Correction Subset: [24, 25, 26, 38, 45]
Iter 40: 
Min Hitting Set: [11, 12, 18, 23, 24, 26, 29, 33, 34, 35, 46, 70, 72]
Min Correction Subset: [1, 20, 25, 27]
Iter 41: 
Min Hitting Set: [5, 11, 19, 22, 25, 27, 29, 31, 33, 35, 46, 70, 72]
Min Correction Subset: [16, 18, 23, 61]
Iter 42: 
Min Hitting Set: [5, 11, 19, 23, 25, 27, 29, 31, 33, 35, 46, 70, 72]
Min Correction Subset: [18, 37, 43, 44, 66]
Iter 43: 
Min Hitting Set: [5, 11, 19, 23, 25, 27, 28, 31, 33, 43, 46, 70, 72]
Min Correction Subset: [24, 35, 38, 45, 48]
Iter 44: 
Min Hitting Set: [11, 12, 18, 22, 24, 27, 28, 30, 31, 33, 35, 46, 70, 72]
Min Correction Subset: [5, 26, 38, 39, 71]
Iter 45: 
Min Hitting Set: [11, 12, 18, 22, 24, 26, 27, 28, 33, 34, 45, 46, 70, 72]
Min Correction Subset: [1, 16, 25, 31]
Iter 46: 
Min Hitting Set: [5, 11, 18, 19, 22, 23, 27, 28, 31, 33, 45, 46, 70, 72]
Min Correction Subset: [35, 36, 37, 43, 44]
Iter 47: 
Min Hitting Set: [11, 12, 18, 23, 27, 28, 30, 31, 33, 35, 38, 46, 70, 72]
Min Correction Subset: [6, 22, 25, 29, 45]
Iter 48: 
Min Hitting Set: [11, 12, 18, 22, 27, 29, 30, 31, 33, 35, 38, 46, 70, 72]
Min Correction Subset: [5, 34, 43, 44, 45, 66]
Iter 49: 
Min Hitting Set: [5, 11, 18, 19, 23, 25, 27, 28, 31, 33, 35, 46, 70, 72]
Min Correction Subset: [22, 29, 30, 36, 43]
Iter 50: 
Min Hitting Set: [5, 11, 18, 19, 22, 24, 27, 28, 31, 33, 35, 46, 70, 72]
Min Correction Subset: [23, 29, 30, 34]
Iter 51: 
Min Hitting Set: [5, 11, 18, 19, 23, 25, 26, 27, 29, 33, 35, 46, 70, 72]
Min Correction Subset: [24, 31, 38, 39]
Iter 52: 
Min Hitting Set: [5, 11, 19, 23, 25, 27, 28, 31, 33, 35, 43, 46, 70, 72]
Min Correction Subset: [6, 22, 29, 36, 48]
Iter 53: 
Min Hitting Set: [1, 11, 12, 18, 22, 24, 26, 28, 33, 34, 43, 46, 70, 72]
Min Correction Subset: [25, 31, 38, 45]
Iter 54: 
Min Hitting Set: [5, 11, 18, 19, 22, 24, 27, 29, 31, 33, 35, 46, 70, 72]
Min Correction Subset: [25, 38, 43, 44, 45]
Iter 55: 
Min Hitting Set: [5, 11, 18, 19, 22, 27, 29, 31, 33, 35, 45, 46, 70, 72]
Min Correction Subset: [16, 23, 30, 34, 50, 57]
Iter 56: 
Min Hitting Set: [5, 11, 18, 19, 23, 27, 29, 31, 33, 35, 45, 46, 70, 72]
Min Correction Subset: [15, 22, 28, 34, 36, 43]
Iter 57: 
Min Hitting Set: [5, 11, 19, 23, 25, 27, 29, 31, 33, 35, 43, 46, 70, 72]
Min Correction Subset: [14, 15, 16, 22, 28, 34, 36, 48]
Iter 58: 
Min Hitting Set: [5, 11, 18, 19, 23, 27, 28, 31, 33, 36, 45, 46, 70, 72]
Min Correction Subset: [24, 26, 35, 40, 41]
Iter 59: 
Min Hitting Set: [11, 12, 18, 23, 27, 28, 31, 34, 36, 41, 45, 70, 71, 72]
Min Correction Subset: [30, 33, 40]
Iter 60: 
Min Hitting Set: [11, 12, 18, 23, 27, 28, 31, 34, 36, 40, 45, 70, 71, 72]
Min Correction Subset: [5, 7, 30, 33]
Iter 61: 
Min Hitting Set: [5, 11, 18, 19, 23, 27, 28, 31, 33, 36, 40, 45, 70, 72]
Min Correction Subset: [6, 24, 25, 26, 38, 39]
Iter 62: 
Min Hitting Set: [11, 12, 18, 22, 24, 25, 26, 28, 33, 34, 43, 46, 70, 72]
Min Correction Subset: [1, 31, 36, 45]
Iter 63: 
Min Hitting Set: [1, 5, 18, 19, 23, 27, 29, 31, 33, 36, 38, 40, 70, 72]
Min Correction Subset: [3, 4, 11, 12]
Iter 64: 
Min Hitting Set: [11, 12, 18, 23, 27, 29, 31, 33, 34, 35, 38, 46, 70, 72]
Min Correction Subset: [4, 5, 22, 26, 43, 66]
Iter 65: 
Min Hitting Set: [11, 12, 18, 22, 24, 25, 26, 28, 33, 34, 36, 46, 70, 72]
Min Correction Subset: [31, 38, 45, 48]
Iter 66: 
Min Hitting Set: [11, 12, 18, 22, 27, 29, 31, 33, 34, 35, 38, 46, 70, 72]
Min Correction Subset: [4, 5, 6, 16, 19, 26, 37, 39]
Iter 67: 
Min Hitting Set: [4, 12, 18, 22, 27, 29, 31, 33, 34, 35, 38, 46, 70, 72]
Min Correction Subset: [11, 16, 23]
Iter 68: 
Min Hitting Set: [4, 12, 18, 23, 25, 26, 29, 33, 34, 36, 38, 46, 70, 72]
Min Correction Subset: [11, 31, 39, 45]
Iter 69: 
Min Hitting Set: [11, 12, 18, 23, 25, 26, 29, 33, 34, 36, 38, 46, 70, 72]
Min Correction Subset: [1, 4, 20, 27]
Iter 70: 
Min Hitting Set: [4, 12, 18, 23, 27, 29, 31, 33, 34, 35, 38, 46, 70, 72]
Min Correction Subset: [22, 25, 32, 36, 43, 71]
Iter 71: 
Min Hitting Set: [1, 5, 12, 18, 23, 27, 29, 31, 33, 36, 38, 40, 70, 72]
Min Correction Subset: [28, 45, 46, 56]
Iter 72: 
Min Hitting Set: [11, 12, 16, 18, 24, 27, 29, 30, 31, 33, 35, 43, 46, 71, 72]
Min Correction Subset: [28, 36, 70]
Iter 73: 
Min Hitting Set: [1, 11, 12, 18, 22, 24, 26, 28, 33, 34, 36, 38, 46, 70, 72]
Min Correction Subset: [23, 25, 29, 30]
Iter 74: 
Min Hitting Set: [1, 5, 12, 18, 23, 25, 27, 28, 31, 33, 36, 38, 40, 70, 72]
Min Correction Subset: [7, 45, 46, 47, 48]
Iter 75: 
Min Hitting Set: [5, 11, 12, 18, 22, 23, 27, 28, 31, 33, 35, 38, 46, 70, 72]
Min Correction Subset: [6, 29, 34, 36, 43, 56]
Iter 76: 
Min Hitting Set: [4, 5, 12, 18, 23, 24, 27, 28, 31, 33, 36, 45, 46, 70, 72]
Min Correction Subset: [19, 26, 35, 40, 41]
Iter 77: 
Min Hitting Set: [5, 11, 12, 18, 22, 23, 25, 27, 29, 31, 33, 35, 46, 70, 72]
Min Correction Subset: [19, 26, 38, 39, 45, 61, 71]
Iter 78: 
Min Hitting Set: [11, 12, 18, 22, 26, 27, 29, 31, 33, 34, 35, 38, 46, 70, 72]
Min Correction Subset: [23, 24, 25, 32, 43, 44, 45, 66, 71]
Iter 79: 
Min Hitting Set: [5, 11, 18, 19, 23, 24, 25, 27, 28, 31, 33, 36, 46, 70, 72]
Min Correction Subset: [22, 29, 38, 43, 45]
Iter 80: 
Min Hitting Set: [5, 11, 19, 22, 23, 24, 25, 27, 28, 31, 33, 43, 46, 70, 72]
Min Correction Subset: [34, 35, 36, 44, 45]
Optimal IIS
Instance: regions-52-100-80000
----------------------------
Query: 9
Query element:9
Query element:32
Query scope: 10
Query scope: 38
Query scope: 43
Query scope: 68
Query scope: 71
Query scope: 72
Query scope: 73
Query scope: 74
Query scope: 76
Query scope: 94
Query scope: 95
Query scope: 96
Query scope: 97
Query scope: 98
Query scope: 99
Query scope: 4
Query scope: 7
Query scope: 8
Query scope: 9
Query scope: 11
Query scope: 12
Query scope: 13
Query scope: 14
Query scope: 15
Query scope: 16
Query scope: 17
Query scope: 18
Query scope: 19
Query scope: 21
Query scope: 22
Query scope: 47
Query scope: 48
Query scope: 49
Query scope: 50
Query scope: 51
Query scope: 52
Query scope: 61
Query scope: 63
Query scope: 64
Query scope: 65
Query scope: 69
Query scope: 75
Query scope: 84
Query scope: 88
Query scope: 90
Query scope: 91
Query scope: 92
Query scope: 93
----------------------------
IIS optimality: suboptimal
IIS solution time: 14012.694
IIS Constraint: 5; goods; {good:5}
IIS Constraint: 11; goods; {good:11}
IIS Constraint: 19; goods; {good:19}
IIS Constraint: 22; goods; {good:22}
IIS Constraint: 23; goods; {good:23}
IIS Constraint: 25; goods; {good:25}
IIS Constraint: 27; goods; {good:27}
IIS Constraint: 28; goods; {good:28}
IIS Constraint: 31; goods; {good:31}
IIS Constraint: 33; goods; {good:33}
IIS Constraint: 35; goods; {good:35}
IIS Constraint: 43; goods; {good:43}
IIS Constraint: 46; goods; {good:46}
IIS Constraint: 70; query; {good:9,query:9}
IIS Constraint: 72; max; {f:2952.7709,objective:max}
