IIS generation
Iter 1: 
Min Hitting Set: []
Min Correction Subset: [80]
Iter 2: 
Min Hitting Set: [80]
Min Correction Subset: [12]
Iter 3: 
Min Hitting Set: [12, 80]
Min Correction Subset: [13]
Iter 4: 
Min Hitting Set: [12, 13, 80]
Min Correction Subset: [27]
Iter 5: 
Min Hitting Set: [12, 13, 27, 80]
Min Correction Subset: [16]
Iter 6: 
Min Hitting Set: [12, 13, 16, 27, 80]
Min Correction Subset: [66]
Iter 7: 
Min Hitting Set: [12, 13, 16, 27, 66, 80]
Min Correction Subset: [20]
Iter 8: 
Min Hitting Set: [12, 13, 16, 20, 27, 66, 80]
Min Correction Subset: [61]
Iter 9: 
Min Hitting Set: [12, 13, 16, 20, 27, 61, 66, 80]
Min Correction Subset: [64]
Iter 10: 
Min Hitting Set: [12, 13, 16, 20, 27, 61, 64, 66, 80]
Min Correction Subset: [58]
Iter 11: 
Min Hitting Set: [12, 13, 16, 20, 27, 58, 61, 64, 66, 80]
Min Correction Subset: [5]
Iter 12: 
Min Hitting Set: [5, 12, 13, 16, 20, 27, 58, 61, 64, 66, 80]
Min Correction Subset: [31]
Iter 13: 
Min Hitting Set: [5, 12, 13, 16, 20, 27, 31, 58, 61, 64, 66, 80]
Min Correction Subset: [32]
Iter 14: 
Min Hitting Set: [5, 12, 13, 16, 20, 27, 31, 32, 58, 61, 64, 66, 80]
Min Correction Subset: [65]
Iter 15: 
Min Hitting Set: [5, 12, 13, 16, 20, 27, 31, 32, 58, 61, 64, 65, 66, 80]
Min Correction Subset: [19]
Iter 16: 
Min Hitting Set: [5, 12, 13, 16, 19, 20, 27, 31, 32, 58, 61, 64, 65, 66, 80]
Min Correction Subset: [18]
Iter 17: 
Min Hitting Set: [5, 12, 13, 16, 18, 19, 20, 27, 31, 32, 58, 61, 64, 65, 66, 80]
Min Correction Subset: [48]
Iter 18: 
Min Hitting Set: [5, 12, 13, 16, 18, 19, 20, 27, 31, 32, 48, 58, 61, 64, 65, 66, 80]
Min Correction Subset: [52]
Iter 19: 
Min Hitting Set: [5, 12, 13, 16, 18, 19, 20, 27, 31, 32, 48, 52, 58, 61, 64, 65, 66, 80]
Min Correction Subset: [68]
Iter 20: 
Min Hitting Set: [5, 12, 13, 16, 18, 19, 20, 27, 31, 32, 48, 52, 58, 61, 64, 65, 66, 68, 80]
Min Correction Subset: [3]
Iter 21: 
Min Hitting Set: [3, 5, 12, 13, 16, 18, 19, 20, 27, 31, 32, 48, 52, 58, 61, 64, 65, 66, 68, 80]
Min Correction Subset: [21]
Iter 22: 
Min Hitting Set: [3, 5, 12, 13, 16, 18, 19, 20, 21, 27, 31, 32, 48, 52, 58, 61, 64, 65, 66, 68, 80]
Min Correction Subset: [40]
Iter 23: 
Min Hitting Set: [3, 5, 12, 13, 16, 18, 19, 20, 21, 27, 31, 32, 40, 48, 52, 58, 61, 64, 65, 66, 68, 80]
Min Correction Subset: [26]
Iter 24: 
Min Hitting Set: [3, 5, 12, 13, 16, 18, 19, 20, 21, 26, 27, 31, 32, 40, 48, 52, 58, 61, 64, 65, 66, 68, 80]
Min Correction Subset: [79]
Iter 25: 
Min Hitting Set: [3, 5, 12, 13, 16, 18, 19, 20, 21, 26, 27, 31, 32, 40, 48, 52, 58, 61, 64, 65, 66, 68, 79, 80]
Min Correction Subset: [1, 6]
Iter 26: 
Min Hitting Set: [1, 3, 5, 12, 13, 16, 18, 19, 20, 21, 26, 27, 31, 32, 40, 48, 52, 58, 61, 64, 65, 66, 68, 79, 80]
Min Correction Subset: [4, 17]
Iter 27: 
Min Hitting Set: [1, 3, 4, 5, 12, 13, 16, 18, 19, 20, 21, 26, 27, 31, 32, 40, 48, 52, 58, 61, 64, 65, 66, 68, 79, 80]
Min Correction Subset: [6, 17]
Iter 28: 
Min Hitting Set: [3, 5, 6, 12, 13, 16, 17, 18, 19, 20, 21, 26, 27, 31, 32, 40, 48, 52, 58, 61, 64, 65, 66, 68, 79, 80]
Min Correction Subset: [1, 45]
Iter 29: 
Min Hitting Set: [1, 3, 5, 12, 13, 16, 17, 18, 19, 20, 21, 26, 27, 31, 32, 40, 48, 52, 58, 61, 64, 65, 66, 68, 79, 80]
Min Correction Subset: [4, 6]
Iter 30: 
Min Hitting Set: [1, 3, 4, 5, 6, 12, 13, 16, 18, 19, 20, 21, 26, 27, 31, 32, 40, 48, 52, 58, 61, 64, 65, 66, 68, 79, 80]
Min Correction Subset: [17, 44]
Iter 31: 
Min Hitting Set: [1, 3, 4, 5, 12, 13, 16, 17, 18, 19, 20, 21, 26, 27, 31, 32, 40, 48, 52, 58, 61, 64, 65, 66, 68, 79, 80]
Min Correction Subset: [6, 74]
Iter 32: 
Min Hitting Set: [1, 3, 5, 6, 12, 13, 16, 17, 18, 19, 20, 21, 26, 27, 31, 32, 40, 48, 52, 58, 61, 64, 65, 66, 68, 79, 80]
Min Correction Subset: [4, 9]
Iter 33: 
Min Hitting Set: [1, 3, 4, 5, 6, 12, 13, 16, 17, 18, 19, 20, 21, 26, 27, 31, 32, 40, 48, 52, 58, 61, 64, 65, 66, 68, 79, 80]
Min Correction Subset: [9, 59]
Optimal IIS
Instance: paths-52-100-650000
----------------------------
Query: 10
Query element:19
Query element:51
Query scope: 55
----------------------------
IIS optimality: suboptimal
IIS solution time: 7067.533
IIS Constraint: 1; goods; {good:1}
IIS Constraint: 3; goods; {good:3}
IIS Constraint: 5; goods; {good:5}
IIS Constraint: 6; goods; {good:6}
IIS Constraint: 9; goods; {good:9}
IIS Constraint: 12; goods; {good:12}
IIS Constraint: 13; goods; {good:13}
IIS Constraint: 16; goods; {good:16}
IIS Constraint: 17; goods; {good:17}
IIS Constraint: 18; goods; {good:18}
IIS Constraint: 19; goods; {good:19}
IIS Constraint: 20; goods; {good:20}
IIS Constraint: 21; goods; {good:21}
IIS Constraint: 26; goods; {good:26}
IIS Constraint: 27; goods; {good:27}
IIS Constraint: 31; goods; {good:31}
IIS Constraint: 32; goods; {good:32}
IIS Constraint: 40; goods; {good:40}
IIS Constraint: 48; goods; {good:48}
IIS Constraint: 52; goods; {good:52}
IIS Constraint: 58; goods; {good:58}
IIS Constraint: 61; goods; {good:61}
IIS Constraint: 64; goods; {good:64}
IIS Constraint: 65; goods; {good:65}
IIS Constraint: 66; goods; {good:66}
IIS Constraint: 68; goods; {good:68}
IIS Constraint: 79; query; {goods:[19,51],query:10}
IIS Constraint: 80; max; {f:15.591085,objective:max}
