IIS generation
Iter 1: 
Min Hitting Set: []
Min Correction Subset: [73]
Iter 2: 
Min Hitting Set: [73]
Min Correction Subset: [34, 71]
Iter 3: 
Min Hitting Set: [34, 73]
Min Correction Subset: [71, 72]
Iter 4: 
Min Hitting Set: [71, 73]
Min Correction Subset: [19, 20, 72]
Iter 5: 
Min Hitting Set: [34, 72, 73]
Min Correction Subset: [38, 44, 71]
Iter 6: 
Min Hitting Set: [71, 72, 73]
Min Correction Subset: [20, 31, 38]
Iter 7: 
Min Hitting Set: [20, 71, 73]
Min Correction Subset: [19, 32, 38]
Iter 8: 
Min Hitting Set: [19, 20, 71, 73]
Min Correction Subset: [16, 23, 31]
Iter 9: 
Min Hitting Set: [19, 31, 71, 73]
Min Correction Subset: [8, 32, 38]
Iter 10: 
Min Hitting Set: [31, 38, 71, 72, 73]
Min Correction Subset: [32, 35, 40]
Iter 11: 
Min Hitting Set: [31, 32, 71, 72, 73]
Min Correction Subset: [19, 20, 37]
Iter 12: 
Min Hitting Set: [19, 31, 32, 71, 73]
Min Correction Subset: [8, 18, 21, 22]
Iter 13: 
Min Hitting Set: [8, 19, 31, 32, 71, 73]
Min Correction Subset: [1, 17, 23, 35]
Iter 14: 
Min Hitting Set: [8, 19, 31, 35, 71, 73]
Min Correction Subset: [16, 23, 32]
Iter 15: 
Min Hitting Set: [8, 20, 23, 32, 71, 73]
Min Correction Subset: [18, 19, 35]
Iter 16: 
Min Hitting Set: [18, 20, 23, 32, 71, 73]
Min Correction Subset: [31, 35, 46]
Iter 17: 
Min Hitting Set: [18, 20, 31, 32, 35, 71, 73]
Min Correction Subset: [9, 16, 23, 24]
Iter 18: 
Min Hitting Set: [8, 20, 23, 35, 38, 71, 73]
Min Correction Subset: [12, 18, 19]
Iter 19: 
Min Hitting Set: [18, 20, 23, 32, 35, 71, 73]
Min Correction Subset: [8, 16, 19, 41]
Iter 20: 
Min Hitting Set: [18, 19, 23, 35, 38, 71, 73]
Min Correction Subset: [24, 31, 32, 36]
Iter 21: 
Min Hitting Set: [16, 18, 20, 32, 35, 71, 73]
Min Correction Subset: [8, 19, 39, 45]
Iter 22: 
Min Hitting Set: [8, 19, 23, 31, 35, 71, 73]
Min Correction Subset: [32, 34, 38]
Iter 23: 
Min Hitting Set: [8, 19, 23, 31, 32, 71, 73]
Min Correction Subset: [16, 17, 24, 35]
Iter 24: 
Min Hitting Set: [8, 19, 23, 32, 35, 38, 71, 73]
Min Correction Subset: [18, 21, 24, 31]
Iter 25: 
Min Hitting Set: [18, 19, 24, 31, 32, 35, 71, 73]
Min Correction Subset: [1, 2, 8, 16]
Iter 26: 
Min Hitting Set: [8, 19, 24, 31, 32, 35, 71, 73]
Min Correction Subset: [2, 17, 22, 23]
Iter 27: 
Min Hitting Set: [16, 19, 22, 31, 35, 38, 71, 73]
Min Correction Subset: [8, 21, 33, 39]
Iter 28: 
Min Hitting Set: [8, 19, 23, 31, 35, 38, 71, 73]
Min Correction Subset: [17, 20, 36, 37]
Iter 29: 
Min Hitting Set: [8, 17, 19, 23, 31, 32, 71, 73]
Min Correction Subset: [35, 36, 42, 63]
Iter 30: 
Min Hitting Set: [8, 18, 20, 23, 32, 35, 71, 73]
Min Correction Subset: [14, 17, 24, 72]
Iter 31: 
Min Hitting Set: [8, 16, 17, 19, 24, 35, 38, 71, 73]
Min Correction Subset: [10, 36, 37, 63]
Iter 32: 
Min Hitting Set: [8, 19, 23, 24, 35, 37, 38, 71, 73]
Min Correction Subset: [18, 21, 31, 39]
Iter 33: 
Min Hitting Set: [8, 19, 23, 24, 31, 32, 36, 71, 73]
Min Correction Subset: [1, 17, 20, 35]
Iter 34: 
Min Hitting Set: [8, 17, 19, 23, 31, 32, 36, 71, 73]
Min Correction Subset: [9, 16, 24, 27]
Iter 35: 
Min Hitting Set: [16, 17, 19, 21, 35, 36, 38, 71, 73]
Min Correction Subset: [31, 32, 42, 72]
Iter 36: 
Min Hitting Set: [8, 16, 17, 19, 31, 32, 36, 71, 73]
Min Correction Subset: [15, 23, 24, 33, 37]
Iter 37: 
Min Hitting Set: [8, 17, 19, 24, 31, 32, 36, 71, 73]
Min Correction Subset: [9, 16, 23, 35]
Iter 38: 
Min Hitting Set: [8, 16, 17, 19, 23, 31, 32, 36, 71, 73]
Min Correction Subset: [20, 27, 34, 35, 68]
Iter 39: 
Min Hitting Set: [16, 19, 21, 23, 35, 36, 38, 71, 72, 73]
Min Correction Subset: [8, 20, 33, 37]
Iter 40: 
Min Hitting Set: [8, 17, 19, 24, 31, 32, 35, 36, 71, 73]
Min Correction Subset: [9, 16, 23, 72]
Iter 41: 
Min Hitting Set: [8, 17, 19, 23, 27, 31, 32, 36, 71, 73]
Min Correction Subset: [2, 3, 18, 21, 41]
Iter 42: 
Min Hitting Set: [16, 17, 19, 21, 31, 35, 37, 38, 71, 73]
Min Correction Subset: [8, 15, 22, 34]
Iter 43: 
Min Hitting Set: [8, 18, 20, 23, 24, 31, 32, 36, 71, 73]
Min Correction Subset: [19, 26, 33, 35]
Iter 44: 
Min Hitting Set: [8, 18, 20, 23, 24, 32, 35, 36, 71, 73]
Min Correction Subset: [14, 19, 21, 39]
Iter 45: 
Min Hitting Set: [16, 19, 21, 23, 34, 35, 36, 37, 38, 72, 73]
Min Correction Subset: [18, 24, 71]
Iter 46: 
Min Hitting Set: [16, 19, 21, 22, 24, 35, 37, 38, 42, 71, 73]
Min Correction Subset: [8, 20, 33, 72]
Iter 47: 
Min Hitting Set: [2, 16, 19, 21, 24, 34, 35, 37, 38, 72, 73]
Min Correction Subset: [32, 39, 71]
Iter 48: 
Min Hitting Set: [8, 16, 19, 21, 23, 35, 36, 38, 71, 72, 73]
Min Correction Subset: [18, 24, 31, 37]
Iter 49: 
Min Hitting Set: [8, 19, 21, 23, 24, 31, 34, 35, 36, 71, 73]
Min Correction Subset: [16, 17, 32, 38]
Iter 50: 
Min Hitting Set: [2, 8, 16, 19, 31, 34, 35, 37, 71, 72, 73]
Min Correction Subset: [3, 27, 32, 38]
Iter 51: 
Min Hitting Set: [2, 8, 16, 17, 19, 31, 32, 35, 37, 71, 73]
Min Correction Subset: [18, 21, 24, 27, 34]
Iter 52: 
Min Hitting Set: [2, 8, 16, 19, 24, 31, 32, 35, 37, 71, 73]
Min Correction Subset: [3, 21, 23, 41, 45]
Iter 53: 
Min Hitting Set: [8, 19, 21, 23, 24, 35, 36, 38, 42, 71, 73]
Min Correction Subset: [12, 18, 31, 39]
Iter 54: 
Min Hitting Set: [16, 18, 23, 24, 34, 35, 37, 38, 39, 72, 73]
Min Correction Subset: [0, 7, 71]
Iter 55: 
Min Hitting Set: [8, 18, 19, 23, 24, 31, 35, 36, 38, 71, 73]
Min Correction Subset: [32, 40, 42, 72]
Iter 56: 
Min Hitting Set: [8, 19, 20, 21, 23, 24, 31, 32, 36, 71, 73]
Min Correction Subset: [1, 2, 3, 17, 35]
Iter 57: 
Min Hitting Set: [8, 17, 19, 21, 23, 27, 31, 32, 36, 71, 73]
Min Correction Subset: [35, 37, 39, 41, 46]
Iter 58: 
Min Hitting Set: [8, 19, 21, 23, 24, 31, 32, 35, 36, 71, 73]
Min Correction Subset: [15, 17, 20, 34, 37]
Iter 59: 
Min Hitting Set: [2, 8, 19, 23, 24, 31, 32, 35, 37, 71, 73]
Min Correction Subset: [20, 27, 34, 39, 40]
Iter 60: 
Min Hitting Set: [8, 18, 23, 24, 35, 37, 38, 39, 71, 72, 73]
Min Correction Subset: [12, 19, 20, 34]
Iter 61: 
Min Hitting Set: [8, 12, 20, 21, 23, 24, 32, 35, 37, 71, 73]
Min Correction Subset: [18, 19, 34, 39]
Iter 62: 
Min Hitting Set: [8, 17, 19, 23, 27, 31, 32, 36, 41, 71, 73]
Min Correction Subset: [18, 21, 24, 34, 72]
Iter 63: 
Min Hitting Set: [8, 18, 19, 20, 23, 24, 32, 35, 36, 71, 73]
Min Correction Subset: [31, 42, 46, 72]
Iter 64: 
Min Hitting Set: [16, 19, 21, 23, 31, 34, 35, 37, 38, 71, 72, 73]
Min Correction Subset: [2, 14, 17, 24, 36]
Iter 65: 
Min Hitting Set: [8, 19, 21, 23, 24, 31, 32, 34, 35, 37, 71, 73]
Min Correction Subset: [16, 17, 20, 39, 40]
Iter 66: 
Min Hitting Set: [8, 16, 18, 19, 23, 34, 35, 36, 38, 71, 72, 73]
Min Correction Subset: [31, 32, 39, 40, 52]
Iter 67: 
Min Hitting Set: [8, 18, 20, 23, 24, 35, 37, 38, 39, 42, 71, 73]
Min Correction Subset: [19, 26, 32, 33]
Iter 68: 
Min Hitting Set: [8, 19, 21, 23, 24, 31, 32, 35, 37, 40, 71, 73]
Min Correction Subset: [16, 17, 20, 27, 34]
Iter 69: 
Min Hitting Set: [16, 17, 19, 21, 31, 32, 34, 36, 37, 71, 72, 73]
Min Correction Subset: [8, 15, 22, 35]
Iter 70: 
Min Hitting Set: [8, 18, 19, 20, 23, 24, 31, 32, 35, 36, 71, 73]
Min Correction Subset: [2, 3, 15, 17, 72]
Iter 71: 
Min Hitting Set: [8, 17, 18, 19, 23, 27, 31, 32, 35, 36, 71, 73]
Min Correction Subset: [2, 9, 16, 24, 41]
Iter 72: 
Min Hitting Set: [8, 17, 19, 23, 27, 31, 32, 36, 41, 71, 72, 73]
Min Correction Subset: [34, 35, 37, 39, 46]
Iter 73: 
Min Hitting Set: [3, 8, 16, 19, 23, 31, 34, 35, 36, 71, 72, 73]
Min Correction Subset: [32, 38, 39, 40]
Iter 74: 
Min Hitting Set: [8, 16, 17, 19, 21, 31, 32, 35, 37, 39, 71, 73]
Min Correction Subset: [4, 12, 18, 24, 72]
Iter 75: 
Min Hitting Set: [2, 8, 19, 20, 23, 24, 31, 32, 36, 46, 71, 73]
Min Correction Subset: [16, 17, 35, 37, 41]
Iter 76: 
Min Hitting Set: [3, 8, 19, 20, 23, 24, 31, 32, 35, 36, 71, 73]
Min Correction Subset: [14, 17, 37, 41, 72]
Iter 77: 
Min Hitting Set: [8, 17, 19, 23, 24, 31, 32, 34, 36, 41, 71, 73]
Min Correction Subset: [3, 20, 27, 35, 68]
Iter 78: 
Min Hitting Set: [8, 18, 19, 20, 23, 24, 32, 35, 36, 71, 72, 73]
Min Correction Subset: [2, 3, 15, 17, 37]
Iter 79: 
Min Hitting Set: [8, 18, 20, 21, 23, 24, 32, 35, 37, 71, 72, 73]
Min Correction Subset: [12, 19, 31, 39]
Iter 80: 
Min Hitting Set: [16, 17, 19, 21, 31, 32, 34, 35, 37, 71, 72, 73]
Min Correction Subset: [2, 3, 8, 39, 41]
Iter 81: 
Min Hitting Set: [2, 8, 19, 20, 23, 24, 31, 32, 37, 42, 71, 73]
Min Correction Subset: [18, 21, 35, 36, 63]
Iter 82: 
Min Hitting Set: [3, 8, 19, 20, 23, 24, 31, 32, 35, 37, 71, 73]
Min Correction Subset: [14, 17, 36, 39, 72]
Iter 83: 
Min Hitting Set: [8, 16, 17, 18, 20, 21, 31, 32, 35, 37, 71, 73]
Min Correction Subset: [12, 19, 26, 33]
Iter 84: 
Min Hitting Set: [8, 16, 17, 18, 19, 20, 23, 32, 36, 46, 71, 73]
Min Correction Subset: [31, 35, 39, 41, 60]
Iter 85: 
Min Hitting Set: [8, 18, 19, 20, 23, 24, 32, 35, 37, 71, 72, 73]
Min Correction Subset: [16, 17, 27, 34, 39]
Iter 86: 
Min Hitting Set: [16, 19, 21, 22, 24, 35, 37, 38, 39, 71, 72, 73]
Min Correction Subset: [8, 15, 27, 34, 57]
Iter 87: 
Min Hitting Set: [2, 16, 19, 21, 31, 32, 34, 35, 37, 71, 72, 73]
Min Correction Subset: [8, 15, 22, 23, 33]
Iter 88: 
Min Hitting Set: [3, 8, 16, 17, 19, 24, 31, 32, 34, 35, 36, 71, 73]
Min Correction Subset: [21, 22, 23, 41, 72]
Iter 89: 
Min Hitting Set: [8, 16, 17, 19, 21, 24, 31, 32, 34, 35, 36, 71, 73]
Min Correction Subset: [20, 23, 27, 33, 68]
Iter 90: 
Min Hitting Set: [8, 16, 17, 19, 20, 24, 31, 32, 34, 36, 41, 71, 73]
Min Correction Subset: [21, 22, 23, 35, 37]
Iter 91: 
Min Hitting Set: [8, 17, 19, 20, 23, 24, 31, 32, 34, 36, 41, 71, 73]
Min Correction Subset: [2, 9, 11, 12, 18, 27]
Iter 92: 
Min Hitting Set: [8, 17, 19, 23, 24, 27, 31, 32, 35, 36, 41, 71, 73]
Min Correction Subset: [4, 6, 12, 13, 18, 20, 72]
Iter 93: 
Min Hitting Set: [8, 17, 18, 19, 23, 24, 27, 31, 32, 35, 36, 71, 73]
Min Correction Subset: [20, 34, 37, 39, 41, 46]
Iter 94: 
Min Hitting Set: [8, 16, 17, 18, 19, 20, 23, 32, 35, 36, 71, 72, 73]
Min Correction Subset: [2, 3, 31, 34, 39, 41]
Iter 95: 
Min Hitting Set: [8, 16, 17, 18, 19, 23, 31, 32, 35, 36, 39, 71, 73]
Min Correction Subset: [3, 20, 27, 34, 68]
Iter 96: 
Min Hitting Set: [2, 8, 19, 20, 23, 27, 31, 32, 35, 36, 71, 72, 73]
Min Correction Subset: [16, 17, 18, 21, 24]
Iter 97: 
Min Hitting Set: [8, 16, 17, 18, 19, 23, 31, 32, 34, 35, 36, 71, 73]
Min Correction Subset: [3, 20, 27, 39, 40]
Iter 98: 
Min Hitting Set: [8, 17, 19, 23, 27, 31, 32, 35, 36, 41, 71, 72, 73]
Min Correction Subset: [15, 16, 24, 33, 34]
Iter 99: 
Min Hitting Set: [8, 12, 16, 17, 19, 20, 21, 31, 32, 35, 37, 71, 73]
Min Correction Subset: [24, 25, 27, 36, 72]
Iter 100: 
Min Hitting Set: [3, 8, 16, 17, 18, 19, 20, 32, 35, 37, 71, 72, 73]
Min Correction Subset: [12, 23, 31, 39]
Iter 101: 
Min Hitting Set: [8, 12, 16, 17, 19, 21, 27, 31, 32, 35, 37, 71, 73]
Min Correction Subset: [15, 23, 24, 33, 72]
Iter 102: 
Min Hitting Set: [2, 8, 19, 20, 23, 24, 32, 35, 36, 39, 71, 72, 73]
Min Correction Subset: [3, 16, 17, 34, 37, 41, 45]
Iter 103: 
Min Hitting Set: [8, 17, 19, 24, 27, 31, 32, 35, 36, 41, 71, 72, 73]
Min Correction Subset: [2, 9, 16, 23]
Iter 104: 
Min Hitting Set: [8, 17, 19, 23, 27, 31, 32, 34, 36, 41, 71, 72, 73]
Min Correction Subset: [4, 12, 18, 24, 37]
Iter 105: 
Min Hitting Set: [2, 8, 17, 19, 20, 23, 24, 31, 32, 35, 36, 71, 73]
Min Correction Subset: [37, 39, 41, 42, 46, 72]
Iter 106: 
Min Hitting Set: [8, 16, 17, 19, 27, 31, 32, 35, 37, 41, 71, 72, 73]
Min Correction Subset: [18, 21, 23, 24, 34]
Iter 107: 
Min Hitting Set: [2, 8, 12, 20, 23, 24, 32, 35, 37, 39, 71, 72, 73]
Min Correction Subset: [14, 18, 19, 21]
Iter 108: 
Min Hitting Set: [2, 8, 19, 20, 23, 24, 35, 37, 38, 39, 42, 71, 73]
Min Correction Subset: [14, 17, 27, 34, 36]
Iter 109: 
Min Hitting Set: [8, 9, 17, 19, 20, 21, 24, 31, 32, 36, 39, 71, 73]
Min Correction Subset: [16, 23, 35, 42]
Iter 110: 
Min Hitting Set: [8, 17, 18, 19, 20, 23, 24, 31, 32, 36, 39, 71, 73]
Min Correction Subset: [27, 34, 35, 41, 60, 68]
Iter 111: 
Min Hitting Set: [8, 9, 17, 19, 20, 21, 24, 31, 32, 35, 37, 71, 73]
Min Correction Subset: [4, 12, 23, 45, 72]
Optimal IIS
Instance: regions-52-100-950000
----------------------------
Query: 9
Query element:44
Query element:29
Query scope: 3
Query scope: 6
Query scope: 7
Query scope: 11
Query scope: 12
Query scope: 13
Query scope: 19
Query scope: 21
Query scope: 22
Query scope: 23
Query scope: 28
Query scope: 29
Query scope: 30
Query scope: 36
Query scope: 37
Query scope: 40
Query scope: 43
Query scope: 45
Query scope: 50
Query scope: 59
Query scope: 64
Query scope: 74
Query scope: 77
Query scope: 78
Query scope: 79
Query scope: 80
Query scope: 82
Query scope: 93
Query scope: 94
Query scope: 95
Query scope: 99
Query scope: 103
Query scope: 5
Query scope: 27
Query scope: 31
Query scope: 32
Query scope: 55
Query scope: 61
Query scope: 85
Query scope: 92
----------------------------
IIS optimality: suboptimal
IIS solution time: 19620.975
IIS Constraint: 8; goods; {good:8}
IIS Constraint: 17; goods; {good:17}
IIS Constraint: 18; goods; {good:18}
IIS Constraint: 19; goods; {good:19}
IIS Constraint: 23; goods; {good:23}
IIS Constraint: 27; goods; {good:27}
IIS Constraint: 31; goods; {good:31}
IIS Constraint: 32; goods; {good:32}
IIS Constraint: 34; goods; {good:34}
IIS Constraint: 36; goods; {good:36}
IIS Constraint: 41; goods; {good:41}
IIS Constraint: 71; query; {good:44,query:9}
IIS Constraint: 73; max; {f:2959.4359999999997,objective:max}
