IIS generation
Iter 1: 
Min Hitting Set: []
Min Correction Subset: [70]
Iter 2: 
Min Hitting Set: [70]
Min Correction Subset: [43]
Iter 3: 
Min Hitting Set: [43, 70]
Min Correction Subset: [19]
Iter 4: 
Min Hitting Set: [19, 43, 70]
Min Correction Subset: [51]
Iter 5: 
Min Hitting Set: [19, 43, 51, 70]
Min Correction Subset: [18]
Iter 6: 
Min Hitting Set: [18, 19, 43, 51, 70]
Min Correction Subset: [32]
Iter 7: 
Min Hitting Set: [18, 19, 32, 43, 51, 70]
Min Correction Subset: [0]
Iter 8: 
Min Hitting Set: [0, 18, 19, 32, 43, 51, 70]
Min Correction Subset: [11]
Iter 9: 
Min Hitting Set: [0, 11, 18, 19, 32, 43, 51, 70]
Min Correction Subset: [41]
Iter 10: 
Min Hitting Set: [0, 11, 18, 19, 32, 41, 43, 51, 70]
Min Correction Subset: [22]
Iter 11: 
Min Hitting Set: [0, 11, 18, 19, 22, 32, 41, 43, 51, 70]
Min Correction Subset: [1]
Iter 12: 
Min Hitting Set: [0, 1, 11, 18, 19, 22, 32, 41, 43, 51, 70]
Min Correction Subset: [45]
Iter 13: 
Min Hitting Set: [0, 1, 11, 18, 19, 22, 32, 41, 43, 45, 51, 70]
Min Correction Subset: [37]
Iter 14: 
Min Hitting Set: [0, 1, 11, 18, 19, 22, 32, 37, 41, 43, 45, 51, 70]
Min Correction Subset: [69]
Iter 15: 
Min Hitting Set: [0, 1, 11, 18, 19, 22, 32, 37, 41, 43, 45, 51, 69, 70]
Min Correction Subset: [10, 20]
Iter 16: 
Min Hitting Set: [0, 1, 10, 11, 18, 19, 22, 32, 37, 41, 43, 45, 51, 69, 70]
Min Correction Subset: [4, 12]
Iter 17: 
Min Hitting Set: [0, 1, 4, 10, 11, 18, 19, 22, 32, 37, 41, 43, 45, 51, 69, 70]
Min Correction Subset: [9, 14]
Iter 18: 
Min Hitting Set: [0, 1, 4, 9, 10, 11, 18, 19, 22, 32, 37, 41, 43, 45, 51, 69, 70]
Min Correction Subset: [48, 50]
Iter 19: 
Min Hitting Set: [0, 1, 4, 9, 10, 11, 18, 19, 22, 32, 37, 41, 43, 45, 48, 51, 69, 70]
Min Correction Subset: [14, 28]
Iter 20: 
Min Hitting Set: [0, 1, 4, 10, 11, 14, 18, 19, 22, 32, 37, 41, 43, 45, 48, 51, 69, 70]
Min Correction Subset: [16, 26]
Iter 21: 
Min Hitting Set: [0, 1, 4, 10, 11, 14, 16, 18, 19, 22, 32, 37, 41, 43, 45, 48, 51, 69, 70]
Min Correction Subset: [29, 30]
Iter 22: 
Min Hitting Set: [0, 1, 4, 10, 11, 14, 16, 18, 19, 22, 29, 32, 37, 41, 43, 45, 48, 51, 69, 70]
Min Correction Subset: [8, 28]
Iter 23: 
Min Hitting Set: [0, 1, 4, 10, 11, 14, 16, 18, 19, 22, 28, 29, 32, 37, 41, 43, 45, 48, 51, 69, 70]
Min Correction Subset: [20, 31]
Iter 24: 
Min Hitting Set: [0, 1, 4, 11, 14, 16, 18, 19, 20, 22, 28, 29, 32, 37, 41, 43, 45, 48, 51, 69, 70]
Min Correction Subset: [6, 9]
Iter 25: 
Min Hitting Set: [0, 1, 4, 9, 11, 16, 18, 19, 20, 22, 28, 29, 32, 37, 41, 43, 45, 48, 51, 69, 70]
Min Correction Subset: [33, 39]
Iter 26: 
Min Hitting Set: [0, 1, 4, 9, 11, 16, 18, 19, 20, 22, 28, 29, 32, 33, 37, 41, 43, 45, 48, 51, 69, 70]
Min Correction Subset: [7, 21]
Iter 27: 
Min Hitting Set: [0, 1, 4, 7, 9, 11, 16, 18, 19, 20, 22, 28, 29, 32, 33, 37, 41, 43, 45, 48, 51, 69, 70]
Min Correction Subset: [6, 39]
Iter 28: 
Min Hitting Set: [0, 1, 4, 7, 9, 11, 16, 18, 19, 20, 22, 28, 29, 32, 37, 39, 41, 43, 45, 48, 51, 69, 70]
Min Correction Subset: [24, 30]
Iter 29: 
Min Hitting Set: [0, 1, 4, 7, 9, 11, 16, 18, 19, 20, 22, 28, 30, 32, 37, 39, 41, 43, 45, 48, 51, 69, 70]
Min Correction Subset: [26, 29]
Iter 30: 
Min Hitting Set: [0, 1, 4, 7, 9, 11, 18, 19, 20, 22, 26, 28, 30, 32, 37, 39, 41, 43, 45, 48, 51, 69, 70]
Min Correction Subset: [14, 29]
Iter 31: 
Min Hitting Set: [0, 1, 4, 7, 9, 11, 14, 18, 19, 20, 22, 26, 28, 30, 32, 37, 39, 41, 43, 45, 48, 51, 69, 70]
Min Correction Subset: [6, 25]
Iter 32: 
Min Hitting Set: [0, 1, 4, 6, 7, 11, 14, 18, 19, 20, 22, 26, 28, 30, 32, 37, 39, 41, 43, 45, 48, 51, 69, 70]
Min Correction Subset: [5, 31]
Iter 33: 
Min Hitting Set: [0, 1, 4, 6, 7, 11, 14, 18, 19, 20, 22, 26, 28, 30, 31, 32, 37, 39, 41, 43, 45, 48, 51, 69, 70]
Min Correction Subset: [9, 50]
Iter 34: 
Min Hitting Set: [0, 1, 4, 6, 7, 11, 14, 18, 19, 20, 22, 26, 28, 30, 31, 32, 37, 39, 41, 43, 45, 50, 51, 69, 70]
Min Correction Subset: [35, 38]
Iter 35: 
Min Hitting Set: [0, 1, 4, 6, 7, 11, 14, 18, 19, 20, 22, 26, 28, 30, 31, 32, 35, 37, 39, 41, 43, 45, 50, 51, 69, 70]
Min Correction Subset: [9, 33]
Iter 36: 
Min Hitting Set: [0, 1, 4, 6, 7, 11, 14, 18, 19, 20, 22, 26, 28, 30, 31, 32, 33, 35, 37, 41, 43, 45, 50, 51, 69, 70]
Min Correction Subset: [23, 48]
Iter 37: 
Min Hitting Set: [0, 1, 4, 6, 7, 9, 11, 14, 18, 19, 20, 22, 26, 28, 30, 31, 32, 33, 35, 37, 41, 43, 45, 48, 51, 69, 70]
Min Correction Subset: [5, 38]
Iter 38: 
Min Hitting Set: [0, 1, 4, 5, 6, 7, 9, 11, 14, 18, 19, 20, 22, 26, 28, 30, 32, 33, 37, 38, 41, 43, 45, 48, 51, 69, 70]
Min Correction Subset: [24, 39]
Iter 39: 
Min Hitting Set: [0, 1, 4, 5, 6, 7, 9, 11, 18, 19, 20, 22, 24, 26, 28, 29, 32, 37, 38, 39, 41, 43, 45, 48, 51, 69, 70]
Min Correction Subset: [36, 50]
Iter 40: 
Min Hitting Set: [0, 1, 4, 5, 6, 7, 9, 11, 18, 19, 20, 22, 24, 26, 28, 29, 32, 37, 38, 39, 41, 43, 45, 48, 50, 51, 69, 70]
Min Correction Subset: [27, 31]
Iter 41: 
Min Hitting Set: [0, 1, 4, 6, 7, 9, 11, 18, 19, 20, 22, 24, 26, 28, 29, 31, 32, 37, 38, 39, 41, 43, 45, 48, 50, 51, 69, 70]
Min Correction Subset: [5, 16]
Iter 42: 
Min Hitting Set: [0, 1, 4, 6, 7, 9, 11, 16, 18, 19, 20, 22, 24, 28, 29, 31, 32, 33, 37, 38, 41, 43, 45, 48, 50, 51, 69, 70]
Min Correction Subset: [26, 39]
Iter 43: 
Min Hitting Set: [0, 1, 4, 6, 7, 9, 11, 16, 18, 19, 20, 22, 28, 29, 30, 31, 32, 37, 38, 39, 41, 43, 45, 48, 50, 51, 69, 70]
Min Correction Subset: [3, 26]
Iter 44: 
Min Hitting Set: [0, 1, 4, 5, 6, 7, 9, 11, 18, 19, 20, 22, 24, 26, 28, 29, 31, 32, 37, 38, 39, 41, 43, 45, 48, 50, 51, 69, 70]
Min Correction Subset: [14, 16]
Iter 45: 
Min Hitting Set: [0, 1, 4, 6, 7, 9, 11, 16, 18, 19, 20, 22, 24, 26, 28, 29, 31, 32, 37, 38, 39, 41, 43, 45, 48, 50, 51, 69, 70]
Min Correction Subset: [5, 10, 14]
Iter 46: 
Min Hitting Set: [0, 1, 4, 6, 7, 9, 10, 11, 16, 18, 19, 22, 24, 26, 28, 29, 31, 32, 37, 38, 39, 41, 43, 45, 48, 50, 51, 69, 70]
Min Correction Subset: [15, 20]
Iter 47: 
Min Hitting Set: [0, 1, 4, 5, 6, 7, 11, 14, 18, 19, 20, 22, 24, 26, 28, 30, 31, 32, 33, 37, 38, 41, 43, 45, 48, 50, 51, 69, 70]
Min Correction Subset: [9, 27]
Iter 48: 
Min Hitting Set: [0, 1, 4, 5, 6, 7, 11, 14, 18, 19, 20, 22, 26, 27, 28, 30, 32, 33, 37, 38, 39, 41, 43, 45, 48, 50, 51, 69, 70]
Min Correction Subset: [9, 47]
Iter 49: 
Min Hitting Set: [0, 1, 4, 5, 6, 7, 9, 11, 14, 18, 19, 20, 22, 26, 28, 30, 31, 32, 37, 38, 39, 41, 43, 45, 48, 50, 51, 69, 70]
Min Correction Subset: [10, 13, 24]
Iter 50: 
Min Hitting Set: [0, 1, 4, 6, 7, 9, 10, 11, 16, 18, 19, 20, 22, 24, 26, 28, 29, 31, 32, 37, 38, 39, 41, 43, 45, 48, 50, 51, 69, 70]
Min Correction Subset: [3, 5, 47]
Iter 51: 
Min Hitting Set: [0, 1, 4, 5, 6, 7, 9, 11, 16, 18, 19, 20, 22, 24, 26, 28, 29, 31, 32, 37, 38, 39, 41, 43, 45, 48, 50, 51, 69, 70]
Min Correction Subset: [10, 17, 23]
Iter 52: 
Min Hitting Set: [0, 1, 4, 5, 6, 7, 9, 11, 16, 18, 19, 20, 22, 23, 24, 26, 28, 29, 31, 32, 37, 38, 39, 41, 43, 45, 50, 51, 69, 70]
Min Correction Subset: [21, 48]
Iter 53: 
Min Hitting Set: [0, 1, 4, 5, 6, 9, 11, 16, 18, 19, 20, 21, 22, 23, 24, 26, 28, 29, 31, 32, 37, 38, 39, 41, 43, 45, 50, 51, 69, 70]
Min Correction Subset: [8, 25, 36]
Iter 54: 
Min Hitting Set: [0, 1, 4, 5, 9, 11, 16, 18, 19, 20, 21, 22, 23, 24, 25, 26, 28, 29, 31, 32, 37, 38, 39, 41, 43, 45, 50, 51, 69, 70]
Min Correction Subset: [6, 14]
Iter 55: 
Min Hitting Set: [0, 1, 4, 5, 9, 11, 14, 18, 19, 20, 21, 22, 23, 24, 25, 26, 28, 30, 31, 32, 37, 38, 39, 41, 43, 45, 50, 51, 69, 70]
Min Correction Subset: [6, 27]
Iter 56: 
Min Hitting Set: [0, 1, 4, 5, 9, 11, 14, 18, 19, 20, 21, 22, 23, 24, 25, 26, 27, 28, 30, 32, 37, 38, 39, 41, 43, 45, 50, 51, 69, 70]
Min Correction Subset: [6, 31]
Iter 57: 
Min Hitting Set: [0, 1, 4, 5, 6, 8, 9, 10, 11, 14, 18, 19, 20, 21, 22, 26, 30, 31, 32, 36, 37, 38, 39, 41, 43, 45, 48, 51, 69, 70]
Min Correction Subset: [28, 42]
Iter 58: 
Min Hitting Set: [0, 1, 4, 5, 6, 9, 10, 11, 14, 18, 19, 20, 21, 22, 26, 28, 30, 31, 32, 36, 37, 38, 39, 41, 43, 45, 48, 51, 69, 70]
Min Correction Subset: [13, 16, 50]
Iter 59: 
Min Hitting Set: [0, 1, 3, 4, 6, 9, 10, 11, 16, 18, 19, 20, 21, 22, 28, 29, 30, 31, 32, 36, 37, 38, 39, 41, 43, 45, 48, 51, 69, 70]
Min Correction Subset: [7, 26]
Iter 60: 
Min Hitting Set: [0, 1, 3, 4, 6, 7, 9, 10, 11, 16, 18, 19, 20, 22, 28, 29, 30, 31, 32, 36, 37, 38, 39, 41, 43, 45, 48, 51, 69, 70]
Min Correction Subset: [26, 33]
Iter 61: 
Min Hitting Set: [0, 1, 4, 5, 9, 10, 11, 14, 18, 19, 20, 21, 22, 25, 26, 27, 28, 30, 31, 32, 37, 38, 39, 41, 43, 45, 48, 50, 51, 69, 70]
Min Correction Subset: [17, 33, 36]
Iter 62: 
Min Hitting Set: [0, 1, 4, 5, 6, 7, 9, 10, 11, 16, 18, 19, 20, 22, 24, 26, 27, 28, 29, 32, 36, 37, 38, 39, 41, 43, 45, 48, 51, 69, 70]
Min Correction Subset: [13, 44, 64]
Iter 63: 
Min Hitting Set: [0, 1, 4, 5, 6, 7, 9, 11, 13, 14, 18, 19, 20, 22, 23, 26, 28, 30, 31, 32, 36, 37, 38, 39, 41, 43, 45, 48, 51, 69, 70]
Min Correction Subset: [10, 16, 21]
Iter 64: 
Min Hitting Set: [0, 1, 4, 5, 6, 7, 9, 10, 11, 13, 14, 18, 19, 20, 22, 26, 28, 30, 31, 32, 36, 37, 38, 39, 41, 43, 45, 48, 51, 69, 70]
Min Correction Subset: [23, 24, 47]
Iter 65: 
Min Hitting Set: [0, 1, 4, 5, 6, 9, 11, 13, 14, 18, 19, 20, 21, 22, 23, 26, 28, 30, 31, 32, 36, 37, 38, 39, 41, 43, 45, 50, 51, 69, 70]
Min Correction Subset: [16, 17, 34]
Iter 66: 
Min Hitting Set: [0, 1, 4, 5, 6, 9, 11, 13, 14, 17, 18, 19, 20, 21, 22, 23, 26, 28, 30, 31, 32, 36, 37, 38, 39, 41, 43, 45, 48, 51, 69, 70]
Min Correction Subset: [33, 42, 50]
Iter 67: 
Min Hitting Set: [0, 1, 4, 5, 6, 9, 11, 13, 16, 18, 19, 20, 21, 22, 23, 24, 26, 27, 28, 29, 32, 33, 36, 37, 38, 41, 43, 45, 50, 51, 69, 70]
Min Correction Subset: [15, 39]
Iter 68: 
Min Hitting Set: [0, 1, 3, 4, 6, 7, 9, 10, 11, 13, 16, 18, 19, 20, 22, 24, 28, 29, 31, 32, 33, 36, 37, 38, 39, 41, 43, 45, 48, 51, 69, 70]
Min Correction Subset: [26, 42]
Iter 69: 
Min Hitting Set: [0, 1, 4, 5, 6, 9, 10, 11, 13, 15, 16, 18, 19, 21, 22, 24, 26, 28, 29, 31, 32, 33, 36, 37, 38, 41, 43, 45, 48, 51, 69, 70]
Min Correction Subset: [17, 20]
Iter 70: 
Min Hitting Set: [0, 1, 4, 5, 6, 8, 9, 11, 13, 14, 17, 18, 19, 20, 21, 22, 23, 26, 30, 31, 32, 37, 38, 39, 41, 42, 43, 45, 50, 51, 69, 70]
Min Correction Subset: [28, 36]
Iter 71: 
Min Hitting Set: [0, 1, 4, 5, 6, 8, 9, 11, 13, 14, 17, 18, 19, 20, 21, 22, 23, 26, 28, 30, 31, 32, 37, 38, 39, 41, 43, 45, 50, 51, 69, 70]
Min Correction Subset: [24, 25, 44]
Iter 72: 
Min Hitting Set: [0, 1, 4, 5, 6, 9, 11, 13, 16, 18, 19, 20, 21, 22, 23, 24, 26, 28, 29, 31, 32, 36, 37, 38, 39, 41, 43, 45, 50, 51, 69, 70]
Min Correction Subset: [14, 15, 47]
Iter 73: 
Min Hitting Set: [0, 1, 4, 5, 6, 9, 11, 13, 14, 17, 18, 19, 20, 21, 22, 23, 25, 26, 28, 30, 31, 32, 37, 38, 39, 41, 43, 45, 50, 51, 69, 70]
Min Correction Subset: [8, 12, 48]
Iter 74: 
Min Hitting Set: [0, 1, 5, 6, 9, 11, 12, 13, 14, 17, 18, 19, 20, 21, 22, 23, 25, 26, 28, 30, 31, 32, 37, 38, 39, 41, 43, 45, 50, 51, 69, 70]
Min Correction Subset: [4, 7]
Iter 75: 
Min Hitting Set: [0, 1, 4, 6, 9, 10, 11, 14, 16, 18, 19, 20, 21, 22, 26, 28, 30, 31, 32, 36, 37, 38, 39, 41, 42, 43, 44, 45, 47, 48, 51, 69, 70]
Min Correction Subset: [3, 12, 50]
Iter 76: 
Min Hitting Set: [0, 1, 6, 7, 9, 10, 11, 12, 14, 16, 18, 19, 20, 22, 26, 28, 30, 31, 32, 36, 37, 38, 39, 41, 42, 43, 44, 45, 47, 48, 51, 69, 70]
Min Correction Subset: [4, 49]
Iter 77: 
Min Hitting Set: [0, 1, 4, 6, 9, 10, 11, 14, 16, 18, 19, 20, 21, 22, 26, 28, 30, 31, 32, 36, 37, 38, 39, 41, 43, 44, 45, 47, 48, 50, 51, 69, 70]
Min Correction Subset: [8, 17, 49]
Iter 78: 
Min Hitting Set: [0, 1, 3, 4, 6, 7, 9, 10, 11, 15, 16, 17, 18, 19, 22, 24, 26, 28, 29, 31, 32, 33, 36, 37, 38, 41, 43, 44, 45, 48, 51, 69, 70]
Min Correction Subset: [13, 20]
Iter 79: 
Min Hitting Set: [0, 1, 4, 5, 6, 9, 11, 13, 14, 17, 18, 19, 20, 21, 22, 25, 26, 28, 30, 31, 32, 37, 38, 39, 41, 43, 45, 47, 48, 50, 51, 69, 70]
Min Correction Subset: [16, 23, 33]
Iter 80: 
Min Hitting Set: [0, 1, 4, 6, 9, 11, 13, 14, 16, 17, 18, 19, 20, 21, 22, 25, 26, 28, 30, 31, 32, 37, 38, 39, 41, 43, 45, 47, 48, 50, 51, 69, 70]
Min Correction Subset: [5, 35, 54]
Iter 81: 
Min Hitting Set: [0, 1, 4, 5, 6, 9, 11, 13, 14, 17, 18, 19, 20, 21, 22, 23, 25, 26, 27, 28, 30, 32, 35, 37, 39, 41, 43, 45, 48, 50, 51, 69, 70]
Min Correction Subset: [16, 38]
Iter 82: 
Min Hitting Set: [0, 1, 4, 5, 6, 8, 9, 10, 11, 14, 17, 18, 19, 20, 21, 22, 23, 26, 27, 28, 30, 32, 37, 38, 39, 41, 43, 44, 45, 50, 51, 69, 70]
Min Correction Subset: [12, 31, 48]
Iter 83: 
Min Hitting Set: [0, 1, 4, 5, 6, 8, 9, 11, 13, 14, 17, 18, 19, 20, 21, 22, 23, 25, 26, 28, 30, 31, 32, 37, 38, 39, 41, 43, 45, 50, 51, 69, 70]
Min Correction Subset: [3, 36, 48]
Iter 84: 
Min Hitting Set: [0, 1, 4, 5, 6, 9, 11, 13, 14, 17, 18, 19, 20, 21, 22, 23, 25, 26, 28, 30, 31, 32, 37, 38, 39, 41, 43, 45, 48, 50, 51, 69, 70]
Min Correction Subset: [3, 7, 33, 42]
Iter 85: 
Min Hitting Set: [0, 1, 4, 5, 6, 11, 13, 14, 17, 18, 19, 20, 21, 22, 25, 26, 27, 28, 30, 32, 33, 37, 38, 39, 41, 43, 45, 47, 48, 50, 51, 69, 70]
Min Correction Subset: [9, 16]
Iter 86: 
Min Hitting Set: [0, 1, 4, 5, 6, 7, 9, 11, 13, 14, 16, 17, 18, 19, 20, 22, 25, 26, 27, 28, 30, 32, 37, 38, 39, 41, 43, 45, 47, 48, 50, 51, 69, 70]
Min Correction Subset: [21, 29, 33]
Iter 87: 
Min Hitting Set: [0, 1, 3, 4, 5, 6, 9, 11, 13, 14, 17, 18, 19, 20, 21, 22, 23, 25, 26, 27, 28, 30, 32, 37, 38, 39, 41, 43, 45, 48, 50, 51, 69, 70]
Min Correction Subset: [12, 31, 42]
Iter 88: 
Min Hitting Set: [0, 1, 3, 4, 5, 6, 9, 11, 13, 14, 17, 18, 19, 20, 21, 22, 23, 25, 26, 28, 30, 31, 32, 37, 38, 39, 41, 43, 45, 48, 50, 51, 69, 70]
Min Correction Subset: [16, 33, 42, 47]
Iter 89: 
Min Hitting Set: [0, 1, 4, 5, 6, 9, 11, 13, 14, 17, 18, 19, 20, 21, 22, 23, 25, 26, 28, 30, 31, 32, 33, 37, 38, 39, 41, 43, 45, 48, 50, 51, 69, 70]
Min Correction Subset: [8, 15, 47, 49]
Iter 90: 
Min Hitting Set: [0, 1, 4, 5, 6, 9, 11, 14, 15, 17, 18, 19, 20, 21, 22, 24, 26, 28, 30, 31, 32, 33, 36, 37, 38, 41, 43, 44, 45, 48, 50, 51, 69, 70]
Min Correction Subset: [16, 39]
Iter 91: 
Min Hitting Set: [0, 1, 4, 5, 6, 8, 9, 11, 14, 17, 18, 19, 20, 21, 22, 23, 24, 26, 29, 31, 32, 36, 37, 38, 39, 41, 42, 43, 44, 45, 50, 51, 69, 70]
Min Correction Subset: [15, 47, 48]
Iter 92: 
Min Hitting Set: [0, 1, 4, 5, 6, 7, 8, 9, 10, 11, 15, 16, 18, 19, 20, 22, 24, 26, 28, 29, 31, 32, 33, 37, 38, 41, 43, 44, 45, 48, 50, 51, 69, 70]
Min Correction Subset: [13, 27, 39]
Iter 93: 
Min Hitting Set: [0, 1, 4, 5, 6, 8, 9, 10, 11, 13, 15, 16, 17, 18, 19, 21, 22, 24, 26, 28, 29, 31, 32, 33, 37, 38, 41, 43, 45, 48, 50, 51, 69, 70]
Min Correction Subset: [20, 40]
Iter 94: 
Min Hitting Set: [0, 1, 4, 5, 6, 9, 11, 13, 14, 17, 18, 19, 20, 21, 22, 25, 26, 28, 30, 31, 32, 33, 37, 38, 39, 41, 43, 45, 47, 48, 50, 51, 69, 70]
Min Correction Subset: [16, 23, 36]
Iter 95: 
Min Hitting Set: [0, 1, 4, 5, 6, 7, 9, 11, 13, 16, 17, 18, 19, 20, 22, 24, 26, 28, 29, 31, 32, 36, 37, 38, 39, 41, 43, 45, 47, 48, 50, 51, 69, 70]
Min Correction Subset: [8, 21, 52]
Iter 96: 
Min Hitting Set: [0, 1, 4, 5, 6, 7, 8, 9, 11, 14, 16, 17, 18, 19, 20, 22, 24, 26, 28, 29, 31, 32, 37, 38, 39, 41, 43, 44, 45, 48, 50, 51, 69, 70]
Min Correction Subset: [23, 30, 33]
Iter 97: 
Min Hitting Set: [0, 1, 4, 5, 6, 8, 9, 11, 13, 15, 16, 17, 18, 19, 20, 21, 22, 24, 26, 28, 29, 31, 32, 33, 37, 38, 41, 43, 45, 48, 50, 51, 69, 70]
Min Correction Subset: [25, 30, 36]
Iter 98: 
Min Hitting Set: [0, 1, 4, 5, 6, 9, 11, 13, 15, 16, 17, 18, 19, 20, 21, 22, 24, 25, 26, 28, 29, 31, 32, 33, 37, 38, 41, 43, 45, 48, 50, 51, 69, 70]
Min Correction Subset: [36, 39, 64]
Iter 99: 
Min Hitting Set: [0, 1, 4, 5, 6, 8, 9, 11, 13, 15, 16, 18, 19, 20, 21, 22, 23, 24, 26, 28, 29, 31, 32, 33, 36, 37, 38, 41, 43, 45, 50, 51, 69, 70]
Min Correction Subset: [14, 17, 56]
Iter 100: 
Min Hitting Set: [0, 1, 4, 5, 6, 9, 11, 13, 15, 16, 17, 18, 19, 20, 21, 22, 24, 26, 28, 29, 31, 32, 33, 36, 37, 38, 41, 43, 45, 48, 50, 51, 69, 70]
Min Correction Subset: [30, 35, 59]
Iter 101: 
Min Hitting Set: [0, 1, 3, 4, 5, 6, 9, 11, 13, 15, 16, 17, 18, 19, 20, 21, 22, 24, 26, 28, 29, 31, 32, 33, 35, 36, 37, 41, 43, 45, 48, 51, 69, 70]
Min Correction Subset: [14, 27, 38]
Iter 102: 
Min Hitting Set: [0, 1, 4, 5, 6, 9, 11, 12, 13, 15, 16, 17, 18, 19, 20, 21, 22, 24, 26, 27, 28, 29, 32, 33, 35, 36, 37, 41, 43, 45, 48, 51, 69, 70]
Min Correction Subset: [23, 47, 50]
Iter 103: 
Min Hitting Set: [0, 1, 4, 5, 6, 7, 8, 9, 10, 11, 14, 17, 18, 19, 20, 22, 23, 26, 28, 30, 31, 32, 33, 37, 38, 39, 41, 43, 44, 45, 48, 50, 51, 69, 70]
Min Correction Subset: [21, 36, 47]
Iter 104: 
Min Hitting Set: [0, 1, 4, 5, 6, 9, 11, 12, 13, 14, 17, 18, 19, 20, 21, 22, 26, 28, 30, 31, 32, 33, 36, 37, 38, 39, 41, 43, 44, 45, 47, 48, 51, 69, 70]
Min Correction Subset: [27, 29, 50]
Iter 105: 
Min Hitting Set: [0, 1, 4, 5, 6, 9, 11, 12, 13, 14, 17, 18, 19, 20, 21, 22, 24, 26, 27, 28, 30, 32, 33, 36, 37, 38, 39, 41, 43, 45, 47, 48, 51, 69, 70]
Min Correction Subset: [15, 23, 31]
Iter 106: 
Min Hitting Set: [0, 1, 3, 4, 5, 6, 9, 11, 13, 14, 17, 18, 19, 20, 21, 22, 23, 25, 26, 28, 30, 31, 32, 37, 38, 39, 41, 43, 45, 47, 48, 50, 51, 69, 70]
Min Correction Subset: [12, 16, 33, 36]
Iter 107: 
Min Hitting Set: [0, 1, 4, 5, 6, 9, 11, 13, 14, 17, 18, 19, 20, 21, 22, 23, 25, 26, 28, 30, 31, 32, 33, 37, 38, 39, 41, 43, 45, 47, 48, 50, 51, 69, 70]
Min Correction Subset: [8, 12, 27, 36]
Iter 108: 
Min Hitting Set: [0, 1, 4, 5, 6, 8, 9, 11, 14, 16, 18, 19, 20, 21, 22, 23, 24, 26, 28, 30, 31, 32, 33, 37, 38, 39, 41, 43, 44, 45, 48, 50, 51, 69, 70]
Min Correction Subset: [13, 17, 35]
Iter 109: 
Min Hitting Set: [0, 1, 4, 5, 6, 8, 9, 10, 11, 13, 14, 16, 18, 19, 20, 21, 22, 24, 26, 28, 30, 31, 32, 33, 37, 38, 39, 41, 43, 45, 48, 50, 51, 69, 70]
Min Correction Subset: [17, 36, 64]
Iter 110: 
Min Hitting Set: [0, 1, 4, 5, 6, 8, 9, 11, 14, 16, 18, 19, 20, 21, 22, 23, 24, 26, 28, 30, 31, 32, 33, 35, 37, 39, 41, 43, 45, 48, 50, 51, 64, 69, 70]
Min Correction Subset: [12, 17, 36]
Iter 111: 
Min Hitting Set: [0, 1, 4, 5, 6, 8, 9, 11, 14, 17, 18, 19, 20, 21, 22, 23, 24, 26, 28, 30, 31, 32, 33, 37, 38, 39, 41, 43, 45, 48, 50, 51, 64, 69, 70]
Min Correction Subset: [13, 36, 44]
Iter 112: 
Min Hitting Set: [0, 1, 4, 5, 6, 8, 9, 11, 13, 14, 17, 18, 19, 20, 21, 22, 24, 26, 28, 30, 31, 32, 33, 36, 37, 38, 39, 41, 43, 45, 48, 50, 51, 69, 70]
Min Correction Subset: [3, 7, 23, 25, 47]
Instance: arbitrary-52-100-500000
----------------------------
Query: 7
Query element:66
Query scope: 84
Query scope: 85
Query scope: 86
Query scope: 87
Query scope: 88
Query scope: 89
----------------------------
IIS optimality: suboptimal
IIS solution time: 36032.975
IIS Constraint: 0; goods; {good:0}
IIS Constraint: 1; goods; {good:1}
IIS Constraint: 4; goods; {good:4}
IIS Constraint: 5; goods; {good:5}
IIS Constraint: 6; goods; {good:6}
IIS Constraint: 8; goods; {good:8}
IIS Constraint: 9; goods; {good:9}
IIS Constraint: 11; goods; {good:11}
IIS Constraint: 13; goods; {good:13}
IIS Constraint: 14; goods; {good:14}
IIS Constraint: 17; goods; {good:17}
IIS Constraint: 18; goods; {good:18}
IIS Constraint: 19; goods; {good:19}
IIS Constraint: 20; goods; {good:20}
IIS Constraint: 21; goods; {good:21}
IIS Constraint: 22; goods; {good:22}
IIS Constraint: 24; goods; {good:24}
IIS Constraint: 26; goods; {good:26}
IIS Constraint: 28; goods; {good:28}
IIS Constraint: 30; goods; {good:30}
IIS Constraint: 31; goods; {good:31}
IIS Constraint: 32; goods; {good:32}
IIS Constraint: 33; goods; {good:33}
IIS Constraint: 36; goods; {good:36}
IIS Constraint: 37; goods; {good:37}
IIS Constraint: 38; goods; {good:38}
IIS Constraint: 39; goods; {good:39}
IIS Constraint: 41; goods; {good:41}
IIS Constraint: 43; goods; {good:43}
IIS Constraint: 45; goods; {good:45}
IIS Constraint: 48; goods; {good:48}
IIS Constraint: 50; goods; {good:50}
IIS Constraint: 51; goods; {good:51}
IIS Constraint: 69; query; {good:66,query:7}
IIS Constraint: 70; max; {f:2819.2351000000003,objective:max}
