IIS generation
Iter 1: 
Min Hitting Set: []
Min Correction Subset: [75]
Iter 2: 
Min Hitting Set: [75]
Min Correction Subset: [74]
Iter 3: 
Min Hitting Set: [74, 75]
Min Correction Subset: [38]
Iter 4: 
Min Hitting Set: [38, 74, 75]
Min Correction Subset: [24, 26]
Iter 5: 
Min Hitting Set: [24, 38, 74, 75]
Min Correction Subset: [19, 27]
Iter 6: 
Min Hitting Set: [19, 24, 38, 74, 75]
Min Correction Subset: [13, 27]
Iter 7: 
Min Hitting Set: [24, 27, 38, 74, 75]
Min Correction Subset: [19, 26]
Iter 8: 
Min Hitting Set: [26, 27, 38, 74, 75]
Min Correction Subset: [19, 21]
Iter 9: 
Min Hitting Set: [19, 26, 27, 38, 74, 75]
Min Correction Subset: [10, 17, 18]
Iter 10: 
Min Hitting Set: [10, 19, 26, 27, 38, 74, 75]
Min Correction Subset: [31, 33, 41]
Iter 11: 
Min Hitting Set: [10, 19, 26, 27, 31, 38, 74, 75]
Min Correction Subset: [36, 37, 71]
Iter 12: 
Min Hitting Set: [10, 19, 26, 27, 31, 36, 38, 74, 75]
Min Correction Subset: [17, 18, 24]
Iter 13: 
Min Hitting Set: [18, 19, 26, 27, 31, 36, 38, 74, 75]
Min Correction Subset: [33, 40, 41, 48]
Iter 14: 
Min Hitting Set: [17, 19, 26, 27, 33, 36, 38, 74, 75]
Min Correction Subset: [24, 25, 31]
Iter 15: 
Min Hitting Set: [18, 19, 24, 27, 33, 36, 38, 74, 75]
Min Correction Subset: [4, 10, 26]
Iter 16: 
Min Hitting Set: [10, 19, 24, 27, 36, 38, 41, 74, 75]
Min Correction Subset: [12, 13, 26]
Iter 17: 
Min Hitting Set: [10, 13, 19, 24, 33, 36, 38, 74, 75]
Min Correction Subset: [18, 25, 26]
Iter 18: 
Min Hitting Set: [10, 13, 19, 24, 26, 36, 38, 41, 74, 75]
Min Correction Subset: [17, 18, 32]
Iter 19: 
Min Hitting Set: [13, 18, 19, 24, 26, 33, 36, 38, 74, 75]
Min Correction Subset: [10, 27, 31]
Iter 20: 
Min Hitting Set: [18, 19, 24, 26, 27, 36, 38, 41, 74, 75]
Min Correction Subset: [12, 13, 31]
Iter 21: 
Min Hitting Set: [13, 18, 19, 26, 31, 33, 36, 38, 74, 75]
Min Correction Subset: [27, 41, 48]
Iter 22: 
Min Hitting Set: [13, 18, 19, 26, 31, 36, 38, 41, 74, 75]
Min Correction Subset: [27, 32, 33, 34]
Iter 23: 
Min Hitting Set: [18, 19, 26, 27, 31, 36, 38, 41, 74, 75]
Min Correction Subset: [4, 9, 10, 17]
Iter 24: 
Min Hitting Set: [17, 19, 26, 27, 31, 36, 38, 41, 74, 75]
Min Correction Subset: [12, 13, 18]
Iter 25: 
Min Hitting Set: [17, 18, 19, 26, 27, 31, 36, 38, 41, 74, 75]
Min Correction Subset: [4, 10, 13, 22]
Iter 26: 
Min Hitting Set: [10, 13, 19, 24, 25, 32, 36, 38, 41, 74, 75]
Min Correction Subset: [17, 31, 37]
Iter 27: 
Min Hitting Set: [10, 13, 19, 24, 25, 32, 37, 38, 41, 74, 75]
Min Correction Subset: [22, 26, 29]
Iter 28: 
Min Hitting Set: [13, 17, 19, 26, 31, 32, 37, 38, 41, 74, 75]
Min Correction Subset: [4, 10, 11, 18]
Iter 29: 
Min Hitting Set: [10, 13, 19, 24, 26, 32, 37, 38, 41, 74, 75]
Min Correction Subset: [17, 18, 22, 29]
Iter 30: 
Min Hitting Set: [10, 18, 19, 26, 27, 31, 37, 38, 41, 74, 75]
Min Correction Subset: [12, 13, 32, 66]
Iter 31: 
Min Hitting Set: [10, 13, 19, 22, 24, 25, 32, 37, 38, 41, 74, 75]
Min Correction Subset: [4, 11, 26]
Iter 32: 
Min Hitting Set: [10, 13, 17, 19, 24, 26, 32, 37, 38, 41, 74, 75]
Min Correction Subset: [15, 16, 22, 29]
Iter 33: 
Min Hitting Set: [4, 13, 18, 19, 22, 24, 27, 37, 38, 41, 74, 75]
Min Correction Subset: [10, 26, 31]
Iter 34: 
Min Hitting Set: [10, 13, 19, 22, 24, 26, 32, 37, 38, 41, 74, 75]
Min Correction Subset: [4, 11, 17, 18]
Iter 35: 
Min Hitting Set: [10, 18, 19, 22, 26, 27, 31, 32, 37, 38, 41, 74, 75]
Min Correction Subset: [12, 13, 24, 66]
Iter 36: 
Min Hitting Set: [4, 13, 18, 19, 22, 24, 31, 32, 37, 38, 41, 74, 75]
Min Correction Subset: [25, 26, 27]
Iter 37: 
Min Hitting Set: [10, 13, 17, 19, 22, 25, 26, 32, 37, 38, 41, 74, 75]
Min Correction Subset: [24, 27, 31, 33]
Iter 38: 
Min Hitting Set: [4, 13, 18, 19, 22, 24, 27, 31, 37, 38, 41, 74, 75]
Min Correction Subset: [26, 40, 51, 64]
Iter 39: 
Min Hitting Set: [10, 13, 17, 19, 22, 25, 26, 27, 33, 37, 38, 74, 75]
Min Correction Subset: [24, 31, 32]
Iter 40: 
Min Hitting Set: [13, 17, 18, 19, 22, 26, 31, 32, 37, 38, 41, 74, 75]
Min Correction Subset: [4, 11, 24, 27]
Iter 41: 
Min Hitting Set: [13, 17, 18, 19, 22, 26, 27, 31, 33, 37, 38, 74, 75]
Min Correction Subset: [32, 41, 48, 66]
Iter 42: 
Min Hitting Set: [4, 13, 17, 19, 22, 26, 31, 32, 37, 38, 41, 74, 75]
Min Correction Subset: [10, 11, 18, 24]
Iter 43: 
Min Hitting Set: [4, 10, 13, 19, 22, 24, 26, 32, 37, 38, 41, 74, 75]
Min Correction Subset: [17, 18, 29, 50, 64]
Iter 44: 
Min Hitting Set: [13, 17, 18, 19, 26, 27, 29, 31, 37, 38, 41, 74, 75]
Min Correction Subset: [24, 25, 32, 33]
Iter 45: 
Min Hitting Set: [10, 18, 19, 26, 27, 29, 31, 33, 37, 38, 66, 74, 75]
Min Correction Subset: [13, 32, 41, 48]
Iter 46: 
Min Hitting Set: [10, 13, 18, 19, 24, 26, 29, 33, 37, 38, 41, 74, 75]
Min Correction Subset: [1, 8, 9, 17, 27]
Iter 47: 
Min Hitting Set: [4, 13, 18, 19, 24, 26, 27, 29, 37, 38, 41, 74, 75]
Min Correction Subset: [10, 31, 32]
Iter 48: 
Min Hitting Set: [10, 13, 18, 19, 24, 26, 27, 29, 37, 38, 41, 74, 75]
Min Correction Subset: [23, 25, 31, 32, 33]
Iter 49: 
Min Hitting Set: [10, 13, 17, 19, 22, 24, 26, 32, 37, 38, 41, 74, 75]
Min Correction Subset: [4, 11, 27, 50, 64]
Iter 50: 
Min Hitting Set: [11, 13, 17, 19, 26, 29, 31, 32, 37, 38, 41, 74, 75]
Min Correction Subset: [4, 10, 24, 27]
Iter 51: 
Min Hitting Set: [17, 18, 19, 22, 24, 26, 27, 31, 32, 37, 38, 41, 74, 75]
Min Correction Subset: [4, 10, 12, 13, 66]
Iter 52: 
Min Hitting Set: [13, 17, 18, 19, 22, 26, 27, 31, 32, 37, 38, 41, 74, 75]
Min Correction Subset: [24, 25, 33, 66]
Iter 53: 
Min Hitting Set: [17, 18, 19, 22, 26, 27, 31, 33, 37, 38, 41, 66, 74, 75]
Min Correction Subset: [12, 13, 24, 25]
Iter 54: 
Min Hitting Set: [17, 18, 19, 22, 25, 26, 27, 31, 37, 38, 41, 66, 74, 75]
Min Correction Subset: [12, 13, 24, 33]
Iter 55: 
Min Hitting Set: [17, 18, 19, 22, 24, 26, 27, 31, 37, 38, 41, 66, 74, 75]
Min Correction Subset: [4, 10, 11, 13, 32]
Iter 56: 
Min Hitting Set: [4, 13, 18, 19, 22, 26, 27, 31, 33, 37, 38, 41, 74, 75]
Min Correction Subset: [9, 10, 16, 17, 24]
Iter 57: 
Min Hitting Set: [13, 17, 18, 19, 26, 27, 29, 31, 33, 37, 38, 66, 74, 75]
Min Correction Subset: [24, 32, 41, 48]
Iter 58: 
Min Hitting Set: [13, 17, 18, 19, 26, 27, 29, 31, 33, 37, 38, 41, 74, 75]
Min Correction Subset: [4, 10, 15, 22]
Iter 59: 
Min Hitting Set: [4, 10, 13, 19, 24, 26, 27, 29, 32, 33, 37, 38, 74, 75]
Min Correction Subset: [31, 41, 48]
Iter 60: 
Min Hitting Set: [4, 13, 18, 19, 22, 24, 26, 27, 31, 37, 38, 41, 74, 75]
Min Correction Subset: [9, 10, 16, 17, 32]
Iter 61: 
Min Hitting Set: [13, 17, 18, 19, 22, 26, 27, 31, 33, 37, 38, 41, 74, 75]
Min Correction Subset: [4, 10, 24, 32, 66]
Iter 62: 
Min Hitting Set: [4, 13, 16, 18, 19, 24, 26, 27, 31, 37, 38, 41, 74, 75]
Min Correction Subset: [14, 15, 21, 22, 29]
Iter 63: 
Min Hitting Set: [4, 13, 16, 18, 21, 24, 26, 27, 31, 37, 38, 41, 74, 75]
Min Correction Subset: [12, 19, 23]
Iter 64: 
Min Hitting Set: [4, 18, 19, 22, 24, 26, 27, 31, 32, 33, 37, 38, 74, 75]
Min Correction Subset: [10, 13, 17, 21]
Iter 65: 
Min Hitting Set: [10, 18, 19, 22, 24, 26, 27, 31, 32, 33, 37, 38, 74, 75]
Min Correction Subset: [12, 13, 41, 53]
Iter 66: 
Min Hitting Set: [4, 13, 18, 19, 22, 24, 26, 27, 32, 37, 38, 41, 74, 75]
Min Correction Subset: [8, 9, 10, 11, 17]
Iter 67: 
Min Hitting Set: [10, 13, 17, 19, 22, 24, 26, 33, 37, 38, 41, 64, 74, 75]
Min Correction Subset: [4, 11, 27, 31, 32]
Iter 68: 
Min Hitting Set: [10, 13, 17, 19, 22, 24, 26, 32, 37, 38, 41, 64, 74, 75]
Min Correction Subset: [0, 7, 8, 9, 14, 15, 27, 31, 59]
Iter 69: 
Min Hitting Set: [10, 13, 15, 17, 19, 24, 26, 32, 37, 38, 41, 64, 74, 75]
Min Correction Subset: [4, 11, 22, 29, 31]
Iter 70: 
Min Hitting Set: [10, 11, 13, 15, 17, 19, 24, 26, 33, 37, 38, 41, 74, 75]
Min Correction Subset: [22, 29, 31, 32]
Iter 71: 
Min Hitting Set: [10, 11, 13, 15, 17, 19, 24, 26, 32, 37, 38, 41, 74, 75]
Min Correction Subset: [22, 27, 29, 40, 64]
Iter 72: 
Min Hitting Set: [10, 13, 17, 19, 24, 26, 27, 29, 31, 37, 38, 41, 74, 75]
Min Correction Subset: [14, 15, 21, 22, 32]
Iter 73: 
Min Hitting Set: [10, 13, 15, 17, 19, 26, 27, 31, 33, 37, 38, 41, 74, 75]
Min Correction Subset: [18, 22, 24, 29]
Iter 74: 
Min Hitting Set: [10, 13, 15, 17, 19, 24, 26, 27, 31, 37, 38, 41, 74, 75]
Min Correction Subset: [18, 22, 29, 32]
Iter 75: 
Min Hitting Set: [10, 13, 17, 19, 26, 27, 29, 31, 32, 33, 37, 38, 74, 75]
Min Correction Subset: [18, 24, 41, 48]
Iter 76: 
Min Hitting Set: [10, 12, 15, 18, 19, 26, 27, 31, 32, 33, 37, 38, 74, 75]
Min Correction Subset: [22, 24, 25, 29]
Iter 77: 
Min Hitting Set: [10, 13, 17, 19, 22, 24, 25, 26, 27, 37, 38, 41, 74, 75]
Min Correction Subset: [23, 31, 32, 50, 64]
Iter 78: 
Min Hitting Set: [10, 13, 15, 18, 19, 24, 26, 27, 31, 37, 38, 41, 74, 75]
Min Correction Subset: [1, 8, 9, 17, 32, 66]
Iter 79: 
Min Hitting Set: [10, 13, 17, 19, 22, 24, 26, 27, 32, 37, 38, 41, 74, 75]
Min Correction Subset: [4, 11, 23, 31, 50, 64]
Iter 80: 
Min Hitting Set: [4, 13, 17, 19, 22, 24, 26, 27, 32, 37, 38, 41, 74, 75]
Min Correction Subset: [9, 10, 11, 18, 31]
Iter 81: 
Min Hitting Set: [4, 13, 17, 19, 22, 24, 26, 31, 32, 37, 38, 41, 74, 75]
Min Correction Subset: [9, 10, 11, 18, 27]
Iter 82: 
Min Hitting Set: [10, 13, 17, 19, 22, 26, 27, 31, 33, 37, 38, 41, 74, 75]
Min Correction Subset: [4, 11, 24, 32, 66]
Iter 83: 
Min Hitting Set: [4, 10, 13, 17, 19, 22, 26, 31, 33, 37, 38, 41, 74, 75]
Min Correction Subset: [24, 27, 50, 64]
Iter 84: 
Min Hitting Set: [11, 13, 17, 19, 22, 24, 26, 31, 33, 37, 38, 41, 74, 75]
Min Correction Subset: [27, 40, 50, 51, 64]
Iter 85: 
Min Hitting Set: [12, 17, 18, 19, 22, 26, 27, 31, 32, 33, 37, 38, 74, 75]
Min Correction Subset: [13, 24, 41, 48]
Iter 86: 
Min Hitting Set: [13, 15, 17, 18, 19, 24, 26, 27, 31, 37, 38, 41, 74, 75]
Min Correction Subset: [4, 10, 22, 29]
Iter 87: 
Min Hitting Set: [13, 17, 18, 19, 22, 24, 26, 27, 31, 37, 38, 41, 74, 75]
Min Correction Subset: [4, 10, 11, 32, 58]
Iter 88: 
Min Hitting Set: [11, 12, 17, 19, 22, 24, 26, 27, 31, 37, 38, 41, 74, 75]
Min Correction Subset: [6, 13, 18, 20, 32]
Iter 89: 
Min Hitting Set: [10, 11, 13, 19, 24, 26, 27, 29, 32, 37, 38, 41, 74, 75]
Min Correction Subset: [17, 18, 40, 51, 64]
Iter 90: 
Min Hitting Set: [10, 13, 17, 19, 22, 24, 26, 27, 31, 37, 38, 41, 74, 75]
Min Correction Subset: [4, 11, 18, 32, 40, 51, 64]
Iter 91: 
Min Hitting Set: [10, 18, 19, 22, 24, 26, 27, 31, 32, 37, 38, 41, 74, 75]
Min Correction Subset: [4, 11, 12, 13, 66]
Iter 92: 
Min Hitting Set: [4, 13, 17, 19, 22, 24, 26, 27, 31, 37, 38, 41, 74, 75]
Min Correction Subset: [10, 11, 18, 32]
Iter 93: 
Min Hitting Set: [10, 13, 18, 19, 22, 26, 27, 31, 32, 33, 37, 38, 74, 75]
Min Correction Subset: [24, 41, 48, 66]
Iter 94: 
Min Hitting Set: [10, 18, 19, 22, 24, 26, 27, 31, 37, 38, 41, 66, 74, 75]
Min Correction Subset: [12, 13, 32, 52, 60]
Iter 95: 
Min Hitting Set: [11, 12, 17, 19, 22, 24, 26, 27, 32, 37, 38, 41, 74, 75]
Min Correction Subset: [6, 13, 20, 31]
Iter 96: 
Min Hitting Set: [11, 13, 17, 19, 22, 24, 26, 27, 31, 37, 38, 41, 74, 75]
Min Correction Subset: [23, 25, 32, 33, 34, 50, 64]
Iter 97: 
Min Hitting Set: [11, 13, 17, 19, 22, 25, 26, 27, 32, 37, 38, 41, 74, 75]
Min Correction Subset: [4, 10, 24, 31]
Iter 98: 
Min Hitting Set: [11, 13, 17, 19, 22, 24, 26, 27, 32, 37, 38, 41, 74, 75]
Min Correction Subset: [4, 7, 10, 31, 33]
Iter 99: 
Min Hitting Set: [10, 13, 17, 19, 26, 27, 29, 31, 32, 33, 37, 38, 41, 74, 75]
Min Correction Subset: [8, 15, 21, 22, 24]
Iter 100: 
Min Hitting Set: [10, 13, 15, 17, 19, 24, 26, 27, 31, 32, 37, 38, 41, 74, 75]
Min Correction Subset: [18, 22, 23, 29, 50, 64]
Iter 101: 
Min Hitting Set: [10, 13, 15, 17, 19, 24, 26, 29, 32, 37, 38, 41, 64, 74, 75]
Min Correction Subset: [4, 11, 18, 22, 25, 31, 33, 34]
Iter 102: 
Min Hitting Set: [4, 11, 13, 17, 19, 22, 26, 27, 31, 33, 37, 38, 41, 74, 75]
Min Correction Subset: [18, 23, 24, 32, 50, 64]
Iter 103: 
Min Hitting Set: [11, 13, 17, 19, 22, 26, 27, 31, 32, 33, 37, 38, 41, 74, 75]
Min Correction Subset: [23, 24, 25, 50, 51, 64]
Iter 104: 
Min Hitting Set: [10, 13, 18, 19, 24, 26, 27, 29, 32, 37, 38, 41, 64, 74, 75]
Min Correction Subset: [1, 8, 9, 17, 31]
Iter 105: 
Min Hitting Set: [12, 17, 18, 19, 22, 24, 26, 27, 31, 32, 37, 38, 41, 74, 75]
Min Correction Subset: [4, 10, 11, 13, 58]
Iter 106: 
Min Hitting Set: [10, 13, 15, 17, 19, 24, 26, 31, 32, 37, 38, 41, 64, 74, 75]
Min Correction Subset: [4, 11, 22, 27, 29]
Iter 107: 
Min Hitting Set: [4, 10, 13, 15, 17, 19, 24, 26, 32, 37, 38, 41, 64, 74, 75]
Min Correction Subset: [22, 25, 29, 31, 33]
Iter 108: 
Min Hitting Set: [4, 13, 17, 19, 24, 26, 27, 29, 31, 32, 37, 38, 41, 74, 75]
Min Correction Subset: [10, 11, 18, 40, 51, 64]
Iter 109: 
Min Hitting Set: [4, 10, 12, 19, 24, 25, 27, 29, 31, 32, 37, 38, 40, 74, 75]
Min Correction Subset: [26, 33, 41]
Iter 110: 
Min Hitting Set: [4, 8, 10, 13, 19, 22, 24, 25, 32, 37, 38, 41, 64, 74, 75]
Min Correction Subset: [14, 15, 16, 17, 29, 61]
Iter 111: 
Min Hitting Set: [10, 13, 17, 19, 22, 24, 26, 27, 32, 37, 38, 41, 64, 74, 75]
Min Correction Subset: [1, 5, 7, 8, 9, 11, 12, 14, 15]
Iter 112: 
Min Hitting Set: [10, 11, 13, 17, 19, 22, 26, 31, 33, 37, 38, 41, 64, 74, 75]
Min Correction Subset: [0, 7, 8, 9, 14, 15, 27, 32, 34, 59]
Optimal IIS
Instance: regions-52-100-60000
----------------------------
Query: 2
Query element:90
Query scope: 90
----------------------------
IIS optimality: suboptimal
IIS solution time: 16369.859
IIS Constraint: 10; goods; {good:10}
IIS Constraint: 13; goods; {good:13}
IIS Constraint: 15; goods; {good:15}
IIS Constraint: 17; goods; {good:17}
IIS Constraint: 19; goods; {good:19}
IIS Constraint: 22; goods; {good:22}
IIS Constraint: 24; goods; {good:24}
IIS Constraint: 26; goods; {good:26}
IIS Constraint: 32; goods; {good:32}
IIS Constraint: 37; goods; {good:37}
IIS Constraint: 38; goods; {good:38}
IIS Constraint: 41; goods; {good:41}
IIS Constraint: 64; goods; {good:64}
IIS Constraint: 74; query; {bid:90,query:2}
IIS Constraint: 75; max; {f:2873.1072000000004,objective:max}
