Instance: regions-16-50-780000
----------------------------
Query: 9
Query element:2
Query element:1
Query scope: 4
Query scope: 10
Query scope: 15
Query scope: 16
Query scope: 18
Query scope: 19
Query scope: 21
Query scope: 23
Query scope: 30
Query scope: 31
Query scope: 32
Query scope: 33
Query scope: 34
Query scope: 39
Query scope: 40
Query scope: 41
Query scope: 42
Query scope: 43
Query scope: 45
Query scope: 46
Query scope: 49
Query scope: 7
Query scope: 9
Query scope: 11
Query scope: 12
Query scope: 13
Query scope: 28
Query scope: 29
Query scope: 35
Query scope: 37
Query scope: 44
Query scope: 50
