Instance: regions-16-50-840000
----------------------------
Query: 7
Query element:4
Query scope: 0
Query scope: 1
Query scope: 2
Query scope: 3
Query scope: 4
Query scope: 5
Query scope: 6
Query scope: 8
Query scope: 16
Query scope: 18
Query scope: 21
Query scope: 25
Query scope: 27
Query scope: 30
Query scope: 31
Query scope: 33
Query scope: 34
Query scope: 35
Query scope: 36
Query scope: 37
Query scope: 38
Query scope: 39
Query scope: 40
Query scope: 42
Query scope: 43
Query scope: 45
Query scope: 47
Query scope: 48
Query scope: 49
