IIS generation
Instance: arbitrary-8-20-450000
----------------------------
Query: 10
Query element:0
Query element:3
Query scope: 6
Query scope: 7
Query scope: 8
Query scope: 16
Query scope: 17
Query scope: 18
Query scope: 19
Query scope: 23
----------------------------
IIS optimality: suboptimal
IIS solution time: 0.00834
IIS Constraint: 1; goods; {good:1}
IIS Constraint: 2; goods; {good:2}
IIS Constraint: 3; goods; {good:3}
IIS Constraint: 6; goods; {good:6}
IIS Constraint: 13; query; {goods:[0,3],query:10}
IIS Constraint: 14; max; {f:490.662,objective:max}
