IIS generation
Instance: arbitrary-8-20-630000
----------------------------
Query: 7
Query element:7
Query scope: 0
Query scope: 1
Query scope: 3
Query scope: 4
Query scope: 5
Query scope: 9
Query scope: 14
Query scope: 15
Query scope: 16
Query scope: 17
Query scope: 18
Query scope: 20
----------------------------
IIS optimality: suboptimal
IIS solution time: 0.00670
IIS Constraint: 0; goods; {good:0}
IIS Constraint: 4; goods; {good:4}
IIS Constraint: 13; query; {good:7,query:7}
IIS Constraint: 14; max; {f:713.796,objective:max}
