IIS generation
Instance: regions-8-20-240000
----------------------------
Query: 3
Query element:5
Query element:8
Query scope: 5
Query scope: 8
----------------------------
IIS optimality: suboptimal
IIS solution time: 0.01326
IIS Constraint: 0; goods; {good:0}
IIS Constraint: 1; goods; {good:1}
IIS Constraint: 2; goods; {good:2}
IIS Constraint: 3; goods; {good:3}
IIS Constraint: 4; goods; {good:4}
IIS Constraint: 6; goods; {good:6}
IIS Constraint: 7; goods; {good:7}
IIS Constraint: 15; query; {bid:5,query:3}
IIS Constraint: 17; max; {f:798.6871,objective:max}
