IIS generation
Instance: regions-8-20-960000
----------------------------
Query: 7
Query element:2
Query scope: 2
Query scope: 3
Query scope: 6
Query scope: 9
Query scope: 10
Query scope: 12
Query scope: 17
Query scope: 19
Query scope: 20
Query scope: 21
Query scope: 22
----------------------------
IIS optimality: suboptimal
IIS solution time: 0.00761
IIS Constraint: 3; goods; {good:3}
IIS Constraint: 5; goods; {good:5}
IIS Constraint: 17; query; {good:2,query:7}
IIS Constraint: 18; max; {f:844.2715,objective:max}
