IIS generation
Instance: arbitrary-8-20-950000
----------------------------
Query: 7
Query element:0
Query scope: 4
Query scope: 6
Query scope: 7
Query scope: 8
Query scope: 10
Query scope: 11
Query scope: 12
Query scope: 15
Query scope: 16
Query scope: 17
Query scope: 18
Query scope: 19
----------------------------
IIS optimality: suboptimal
IIS solution time: 0.00592
IIS Constraint: 4; goods; {good:4}
IIS Constraint: 12; query; {good:0,query:7}
IIS Constraint: 13; max; {f:548.75,objective:max}
