IIS generation
Instance: regions-8-20-100000
----------------------------
Query: 7
Query element:1
Query scope: 0
Query scope: 2
Query scope: 4
Query scope: 5
Query scope: 7
Query scope: 10
Query scope: 11
Query scope: 12
Query scope: 14
Query scope: 15
Query scope: 16
Query scope: 17
Query scope: 20
----------------------------
IIS optimality: suboptimal
IIS solution time: 0.00750
IIS Constraint: 2; goods; {good:2}
IIS Constraint: 5; goods; {good:5}
IIS Constraint: 15; query; {good:1,query:7}
IIS Constraint: 16; max; {f:606.8377,objective:max}
