IIS generation
Instance: regions-20-50-630000
----------------------------
Query: 9
Query element:0
Query element:15
Query scope: 1
Query scope: 3
Query scope: 4
Query scope: 5
Query scope: 6
Query scope: 7
Query scope: 9
Query scope: 10
Query scope: 11
Query scope: 12
Query scope: 13
Query scope: 14
Query scope: 15
Query scope: 16
Query scope: 17
Query scope: 18
Query scope: 19
Query scope: 20
Query scope: 21
Query scope: 22
Query scope: 23
Query scope: 24
Query scope: 27
Query scope: 30
Query scope: 31
Query scope: 33
Query scope: 35
Query scope: 36
Query scope: 37
Query scope: 38
Query scope: 39
Query scope: 40
Query scope: 44
Query scope: 45
Query scope: 46
Query scope: 48
Query scope: 8
Query scope: 26
Query scope: 41
Query scope: 42
Query scope: 47
Query scope: 49
Query scope: 50
Query scope: 51
----------------------------
IIS optimality: suboptimal
IIS solution time: 0.01532
IIS Constraint: 5; goods; {good:5}
IIS Constraint: 8; goods; {good:8}
IIS Constraint: 11; goods; {good:11}
IIS Constraint: 30; query; {good:0,query:9}
IIS Constraint: 32; max; {f:1357.5317,objective:max}
