IIS generation
Instance: arbitrary-20-50-390000
----------------------------
Query: 1
Query element:28
Query scope: 28
----------------------------
IIS optimality: suboptimal
IIS solution time: 0.08695
IIS Constraint: 0; goods; {good:0}
IIS Constraint: 1; goods; {good:1}
IIS Constraint: 2; goods; {good:2}
IIS Constraint: 3; goods; {good:3}
IIS Constraint: 4; goods; {good:4}
IIS Constraint: 5; goods; {good:5}
IIS Constraint: 6; goods; {good:6}
IIS Constraint: 9; goods; {good:9}
IIS Constraint: 10; goods; {good:10}
IIS Constraint: 11; goods; {good:11}
IIS Constraint: 12; goods; {good:12}
IIS Constraint: 14; goods; {good:14}
IIS Constraint: 16; goods; {good:16}
IIS Constraint: 17; goods; {good:17}
IIS Constraint: 18; goods; {good:18}
IIS Constraint: 30; query; {bid:28,query:1}
IIS Constraint: 31; max; {f:1220.1437,objective:max}
