IIS generation
Instance: regions-20-50-820000
----------------------------
Query: 7
Query element:6
Query scope: 0
Query scope: 1
Query scope: 2
Query scope: 3
Query scope: 4
Query scope: 5
Query scope: 6
Query scope: 7
Query scope: 8
Query scope: 9
Query scope: 11
Query scope: 12
Query scope: 14
Query scope: 17
Query scope: 18
Query scope: 25
Query scope: 26
Query scope: 30
Query scope: 31
Query scope: 32
Query scope: 33
Query scope: 34
Query scope: 35
Query scope: 36
Query scope: 49
Query scope: 50
Query scope: 51
Query scope: 52
Query scope: 53
----------------------------
IIS optimality: suboptimal
IIS solution time: 0.02141
IIS Constraint: 0; goods; {good:0}
IIS Constraint: 5; goods; {good:5}
IIS Constraint: 8; goods; {good:8}
IIS Constraint: 11; goods; {good:11}
IIS Constraint: 31; query; {good:6,query:7}
IIS Constraint: 32; max; {f:1402.8634,objective:max}
