IIS generation
Instance: arbitrary-20-50-250000
----------------------------
Query: 10
Query element:27
Query element:13
Query scope: 44
----------------------------
IIS optimality: suboptimal
IIS solution time: 0.03714
IIS Constraint: 2; goods; {good:2}
IIS Constraint: 3; goods; {good:3}
IIS Constraint: 5; goods; {good:5}
IIS Constraint: 6; goods; {good:6}
IIS Constraint: 7; goods; {good:7}
IIS Constraint: 8; goods; {good:8}
IIS Constraint: 10; goods; {good:10}
IIS Constraint: 14; goods; {good:14}
IIS Constraint: 17; goods; {good:17}
IIS Constraint: 29; query; {goods:[27,13],query:10}
IIS Constraint: 30; max; {f:1319.5936,objective:max}
