IIS generation
Instance: regions-20-50-880000
----------------------------
Query: 9
Query element:14
Query element:18
Query scope: 0
Query scope: 1
Query scope: 2
Query scope: 5
Query scope: 9
Query scope: 10
Query scope: 11
Query scope: 12
Query scope: 13
Query scope: 14
Query scope: 18
Query scope: 19
Query scope: 24
Query scope: 25
Query scope: 26
Query scope: 27
Query scope: 28
Query scope: 29
Query scope: 30
Query scope: 31
Query scope: 32
Query scope: 33
Query scope: 34
Query scope: 35
Query scope: 36
Query scope: 37
Query scope: 38
Query scope: 39
Query scope: 40
Query scope: 41
Query scope: 42
Query scope: 43
Query scope: 50
Query scope: 49
----------------------------
IIS optimality: suboptimal
IIS solution time: 0.00769
IIS Constraint: 1; goods; {good:1}
IIS Constraint: 4; goods; {good:4}
IIS Constraint: 6; goods; {good:6}
IIS Constraint: 8; goods; {good:8}
IIS Constraint: 31; query; {good:14,query:9}
IIS Constraint: 32; query; {good:18,query:9}
IIS Constraint: 33; max; {f:1231.92,objective:max}
