IIS generation
Instance: arbitrary-20-50-880000
----------------------------
Query: 8
Query element:17
Query scope: 0
Query scope: 7
Query scope: 8
Query scope: 9
Query scope: 10
Query scope: 12
Query scope: 15
Query scope: 17
Query scope: 18
Query scope: 19
Query scope: 20
Query scope: 21
Query scope: 22
Query scope: 33
Query scope: 42
Query scope: 43
Query scope: 44
Query scope: 45
Query scope: 48
----------------------------
IIS optimality: suboptimal
IIS solution time: 0.04676
IIS Constraint: 0; goods; {good:0}
IIS Constraint: 1; goods; {good:1}
IIS Constraint: 4; goods; {good:4}
IIS Constraint: 6; goods; {good:6}
IIS Constraint: 8; goods; {good:8}
IIS Constraint: 9; goods; {good:9}
IIS Constraint: 10; goods; {good:10}
IIS Constraint: 12; goods; {good:12}
IIS Constraint: 13; goods; {good:13}
IIS Constraint: 14; goods; {good:14}
IIS Constraint: 18; goods; {good:18}
IIS Constraint: 30; query; {good:17,query:8}
IIS Constraint: 31; max; {f:1010.04,objective:max}
