IIS generation
Instance: regions-20-50-340000
----------------------------
Query: 7
Query element:27
Query scope: 31
Query scope: 32
Query scope: 33
Query scope: 34
Query scope: 35
Query scope: 36
----------------------------
IIS optimality: suboptimal
IIS solution time: 0.03216
IIS Constraint: 2; goods; {good:2}
IIS Constraint: 4; goods; {good:4}
IIS Constraint: 6; goods; {good:6}
IIS Constraint: 7; goods; {good:7}
IIS Constraint: 9; goods; {good:9}
IIS Constraint: 10; goods; {good:10}
IIS Constraint: 11; goods; {good:11}
IIS Constraint: 31; query; {good:27,query:7}
IIS Constraint: 32; max; {f:1199.5346,objective:max}
