IIS generation
Instance: paths-20-50-120000
----------------------------
Query: 10
Query element:4
Query element:2
Query scope: 6
Query scope: 35
Query scope: 39
----------------------------
IIS optimality: suboptimal
IIS solution time: 0.03783
IIS Constraint: 0; goods; {good:0}
IIS Constraint: 2; goods; {good:2}
IIS Constraint: 3; goods; {good:3}
IIS Constraint: 5; goods; {good:5}
IIS Constraint: 7; goods; {good:7}
IIS Constraint: 8; goods; {good:8}
IIS Constraint: 11; goods; {good:11}
IIS Constraint: 12; goods; {good:12}
IIS Constraint: 13; goods; {good:13}
IIS Constraint: 14; goods; {good:14}
IIS Constraint: 17; goods; {good:17}
IIS Constraint: 20; goods; {good:20}
IIS Constraint: 22; goods; {good:22}
IIS Constraint: 25; goods; {good:25}
IIS Constraint: 35; query; {goods:[4,2],query:10}
IIS Constraint: 36; max; {f:11.190734,objective:max}
