IIS generation
Instance: matching-20-50-910000
----------------------------
Query: 8
Query element:7
Query scope: 3
Query scope: 33
Query scope: 34
Query scope: 39
Query scope: 40
Query scope: 41
----------------------------
IIS optimality: suboptimal
IIS solution time: 0.01638
IIS Constraint: 0; goods; {good:0}
IIS Constraint: 1; goods; {good:1}
IIS Constraint: 5; goods; {good:5}
IIS Constraint: 9; goods; {good:9}
IIS Constraint: 13; goods; {good:13}
IIS Constraint: 16; goods; {good:16}
IIS Constraint: 17; goods; {good:17}
IIS Constraint: 38; query; {good:7,query:8}
IIS Constraint: 39; max; {f:50.5319,objective:max}
