IIS generation
Instance: paths-20-50-610000
----------------------------
Query: 7
Query element:8
Query scope: 26
Query scope: 35
Query scope: 38
Query scope: 39
Query scope: 47
----------------------------
IIS optimality: suboptimal
IIS solution time: 0.05071
IIS Constraint: 0; goods; {good:0}
IIS Constraint: 2; goods; {good:2}
IIS Constraint: 3; goods; {good:3}
IIS Constraint: 4; goods; {good:4}
IIS Constraint: 6; goods; {good:6}
IIS Constraint: 7; goods; {good:7}
IIS Constraint: 10; goods; {good:10}
IIS Constraint: 11; goods; {good:11}
IIS Constraint: 12; goods; {good:12}
IIS Constraint: 15; goods; {good:15}
IIS Constraint: 18; goods; {good:18}
IIS Constraint: 19; goods; {good:19}
IIS Constraint: 34; query; {good:8,query:7}
IIS Constraint: 35; max; {f:8.90436,objective:max}
