IIS generation
Instance: matching-20-50-770000
----------------------------
Query: 3
Query element:39
Query element:48
Query scope: 39
Query scope: 48
----------------------------
IIS optimality: suboptimal
IIS solution time: 0.01949
IIS Constraint: 0; goods; {good:0}
IIS Constraint: 1; goods; {good:1}
IIS Constraint: 5; goods; {good:5}
IIS Constraint: 9; goods; {good:9}
IIS Constraint: 13; goods; {good:13}
IIS Constraint: 16; goods; {good:16}
IIS Constraint: 17; goods; {good:17}
IIS Constraint: 39; query; {bid:48,query:3}
IIS Constraint: 40; max; {f:42.09541,objective:max}
