IIS generation
Instance: arbitrary-20-50-290000
----------------------------
Query: 7
Query element:19
Query scope: 3
Query scope: 5
Query scope: 6
Query scope: 7
Query scope: 8
Query scope: 9
Query scope: 10
Query scope: 11
Query scope: 12
Query scope: 13
Query scope: 14
Query scope: 17
Query scope: 23
Query scope: 24
Query scope: 25
Query scope: 28
Query scope: 29
Query scope: 30
Query scope: 33
Query scope: 34
Query scope: 35
Query scope: 36
Query scope: 38
Query scope: 39
Query scope: 40
Query scope: 42
Query scope: 51
----------------------------
IIS optimality: suboptimal
IIS solution time: 0.02576
IIS Constraint: 1; goods; {good:1}
IIS Constraint: 9; goods; {good:9}
IIS Constraint: 10; goods; {good:10}
IIS Constraint: 12; goods; {good:12}
IIS Constraint: 30; query; {good:19,query:7}
IIS Constraint: 31; max; {f:1560.72,objective:max}
