IIS generation
Instance: scheduling-20-50-410000
----------------------------
Query: 1
Query element:25
Query scope: 25
----------------------------
IIS optimality: suboptimal
IIS solution time: 0.07301
IIS Constraint: 0; goods; {good:0}
IIS Constraint: 1; goods; {good:1}
IIS Constraint: 2; goods; {good:2}
IIS Constraint: 3; goods; {good:3}
IIS Constraint: 4; goods; {good:4}
IIS Constraint: 5; goods; {good:5}
IIS Constraint: 6; goods; {good:6}
IIS Constraint: 7; goods; {good:7}
IIS Constraint: 8; goods; {good:8}
IIS Constraint: 9; goods; {good:9}
IIS Constraint: 10; goods; {good:10}
IIS Constraint: 11; goods; {good:11}
IIS Constraint: 12; goods; {good:12}
IIS Constraint: 13; goods; {good:13}
IIS Constraint: 14; goods; {good:14}
IIS Constraint: 15; goods; {good:15}
IIS Constraint: 16; goods; {good:16}
IIS Constraint: 17; goods; {good:17}
IIS Constraint: 18; goods; {good:18}
IIS Constraint: 23; goods; {good:23}
IIS Constraint: 24; query; {bid:25,query:1}
IIS Constraint: 25; max; {f:26.408999,objective:max}
