IIS generation
Instance: matching-20-50-440000
----------------------------
Query: 11
Query element:18
Query element:33
Query scope: 1
Query scope: 50
Query scope: 53
Query scope: 55
----------------------------
IIS optimality: suboptimal
IIS solution time: 0.01994
IIS Constraint: 1; goods; {good:1}
IIS Constraint: 5; goods; {good:5}
IIS Constraint: 9; goods; {good:9}
IIS Constraint: 13; goods; {good:13}
IIS Constraint: 18; goods; {good:18}
IIS Constraint: 34; query; {goods:[18,33],query:11}
IIS Constraint: 35; max; {f:46.50524,objective:max}
