IIS generation
Instance: scheduling-20-50-270000
----------------------------
Query: 1
Query element:9
Query scope: 9
----------------------------
IIS optimality: suboptimal
IIS solution time: 0.07897
IIS Constraint: 0; goods; {good:0}
IIS Constraint: 3; goods; {good:3}
IIS Constraint: 5; goods; {good:5}
IIS Constraint: 8; goods; {good:8}
IIS Constraint: 10; goods; {good:10}
IIS Constraint: 12; goods; {good:12}
IIS Constraint: 14; goods; {good:14}
IIS Constraint: 17; goods; {good:17}
IIS Constraint: 21; goods; {good:21}
IIS Constraint: 26; query; {bid:9,query:1}
IIS Constraint: 27; max; {f:24.3171,objective:max}
