IIS generation
Instance: scheduling-20-50-40000
----------------------------
Query: 7
Query element:23
Query scope: 49
Query scope: 50
Query scope: 51
Query scope: 52
Query scope: 53
Query scope: 54
Query scope: 55
Query scope: 56
Query scope: 57
Query scope: 58
Query scope: 59
Query scope: 60
Query scope: 61
Query scope: 62
Query scope: 63
----------------------------
IIS optimality: suboptimal
IIS solution time: 0.03556
IIS Constraint: 4; goods; {good:4}
IIS Constraint: 9; goods; {good:9}
IIS Constraint: 14; goods; {good:14}
IIS Constraint: 21; goods; {good:21}
IIS Constraint: 22; goods; {good:22}
IIS Constraint: 24; query; {good:23,query:7}
IIS Constraint: 25; max; {f:14.20605,objective:max}
