IIS generation
Instance: paths-20-50-920000
----------------------------
Query: 7
Query element:7
Query scope: 6
Query scope: 16
Query scope: 25
Query scope: 29
----------------------------
IIS optimality: suboptimal
IIS solution time: 0.06546
IIS Constraint: 0; goods; {good:0}
IIS Constraint: 2; goods; {good:2}
IIS Constraint: 3; goods; {good:3}
IIS Constraint: 5; goods; {good:5}
IIS Constraint: 9; goods; {good:9}
IIS Constraint: 11; goods; {good:11}
IIS Constraint: 12; goods; {good:12}
IIS Constraint: 13; goods; {good:13}
IIS Constraint: 14; goods; {good:14}
IIS Constraint: 15; goods; {good:15}
IIS Constraint: 18; goods; {good:18}
IIS Constraint: 19; goods; {good:19}
IIS Constraint: 21; goods; {good:21}
IIS Constraint: 26; goods; {good:26}
IIS Constraint: 34; query; {good:7,query:7}
IIS Constraint: 35; max; {f:8.02223,objective:max}
