IIS generation
Instance: paths-20-50-890000
----------------------------
Query: 3
Query element:24
Query element:8
Query scope: 24
Query scope: 8
----------------------------
IIS optimality: suboptimal
IIS solution time: 0.02522
IIS Constraint: 0; goods; {good:0}
IIS Constraint: 1; goods; {good:1}
IIS Constraint: 2; goods; {good:2}
IIS Constraint: 3; goods; {good:3}
IIS Constraint: 4; goods; {good:4}
IIS Constraint: 5; goods; {good:5}
IIS Constraint: 7; goods; {good:7}
IIS Constraint: 8; goods; {good:8}
IIS Constraint: 10; goods; {good:10}
IIS Constraint: 15; goods; {good:15}
IIS Constraint: 25; goods; {good:25}
IIS Constraint: 37; query; {bid:24,query:3}
IIS Constraint: 38; query; {bid:8,query:3}
IIS Constraint: 39; max; {f:9.270829,objective:max}
