IIS generation
Instance: regions-20-50-760000
----------------------------
Query: 11
Query element:26
Query element:6
Query scope: 25
Query scope: 28
----------------------------
IIS optimality: suboptimal
IIS solution time: 0.02838
IIS Constraint: 0; goods; {good:0}
IIS Constraint: 1; goods; {good:1}
IIS Constraint: 3; goods; {good:3}
IIS Constraint: 6; goods; {good:6}
IIS Constraint: 7; goods; {good:7}
IIS Constraint: 8; goods; {good:8}
IIS Constraint: 10; goods; {good:10}
IIS Constraint: 13; goods; {good:13}
IIS Constraint: 31; query; {goods:[26,6],query:11}
IIS Constraint: 32; max; {f:1288.4328,objective:max}
