IIS generation
Instance: paths-20-50-530000
----------------------------
Query: 2
Query element:4
Query scope: 4
----------------------------
IIS optimality: suboptimal
IIS solution time: 0.03628
IIS Constraint: 0; goods; {good:0}
IIS Constraint: 1; goods; {good:1}
IIS Constraint: 2; goods; {good:2}
IIS Constraint: 3; goods; {good:3}
IIS Constraint: 4; goods; {good:4}
IIS Constraint: 7; goods; {good:7}
IIS Constraint: 8; goods; {good:8}
IIS Constraint: 11; goods; {good:11}
IIS Constraint: 12; goods; {good:12}
IIS Constraint: 14; goods; {good:14}
IIS Constraint: 17; goods; {good:17}
IIS Constraint: 18; goods; {good:18}
IIS Constraint: 19; goods; {good:19}
IIS Constraint: 35; query; {bid:4,query:2}
IIS Constraint: 36; max; {f:8.816241999999999,objective:max}
