IIS generation
Instance: regions-20-50-560000
----------------------------
Query: 9
Query element:6
Query element:3
Query scope: 1
Query scope: 3
Query scope: 4
Query scope: 8
Query scope: 9
Query scope: 10
Query scope: 11
Query scope: 12
Query scope: 13
Query scope: 14
Query scope: 15
Query scope: 16
Query scope: 17
Query scope: 18
Query scope: 19
Query scope: 21
Query scope: 22
Query scope: 23
Query scope: 25
Query scope: 26
Query scope: 29
Query scope: 30
Query scope: 32
Query scope: 36
Query scope: 37
Query scope: 39
Query scope: 40
Query scope: 41
Query scope: 42
Query scope: 43
Query scope: 44
Query scope: 47
Query scope: 2
----------------------------
IIS optimality: suboptimal
IIS solution time: 0.01472
IIS Constraint: 0; goods; {good:0}
IIS Constraint: 10; goods; {good:10}
IIS Constraint: 12; goods; {good:12}
IIS Constraint: 29; query; {good:6,query:9}
IIS Constraint: 31; max; {f:1402.3522,objective:max}
