IIS generation
Instance: arbitrary-76-200-30000
----------------------------
Query: 9
Query element:48
Query element:43
Query scope: 0
Query scope: 16
Query scope: 17
Query scope: 18
Query scope: 30
Query scope: 34
Query scope: 52
Query scope: 75
Query scope: 77
Query scope: 86
Query scope: 87
Query scope: 89
Query scope: 95
Query scope: 97
Query scope: 99
Query scope: 102
Query scope: 104
Query scope: 118
Query scope: 120
Query scope: 121
Query scope: 122
Query scope: 127
Query scope: 138
Query scope: 139
Query scope: 141
Query scope: 142
Query scope: 144
Query scope: 145
Query scope: 148
Query scope: 149
Query scope: 150
Query scope: 151
Query scope: 152
Query scope: 155
Query scope: 160
Query scope: 162
Query scope: 174
Query scope: 179
Query scope: 181
Query scope: 182
Query scope: 184
Query scope: 190
Query scope: 198
Query scope: 199
Query scope: 202
Query scope: 45
Query scope: 50
Query scope: 51
Query scope: 61
Query scope: 62
Query scope: 63
Query scope: 67
Query scope: 73
Query scope: 74
Query scope: 106
Query scope: 113
Query scope: 123
Query scope: 124
Query scope: 131
Query scope: 132
Query scope: 134
Query scope: 136
Query scope: 153
Query scope: 159
Query scope: 175
Query scope: 176
Query scope: 177
Query scope: 178
Query scope: 200
Query scope: 201
----------------------------
IIS optimality: suboptimal
IIS solution time: 11296.17708
IIS Constraint: 0; goods; {good:0}
IIS Constraint: 2; goods; {good:2}
IIS Constraint: 3; goods; {good:3}
IIS Constraint: 4; goods; {good:4}
IIS Constraint: 5; goods; {good:5}
IIS Constraint: 6; goods; {good:6}
IIS Constraint: 7; goods; {good:7}
IIS Constraint: 8; goods; {good:8}
IIS Constraint: 10; goods; {good:10}
IIS Constraint: 11; goods; {good:11}
IIS Constraint: 12; goods; {good:12}
IIS Constraint: 14; goods; {good:14}
IIS Constraint: 15; goods; {good:15}
IIS Constraint: 16; goods; {good:16}
IIS Constraint: 17; goods; {good:17}
IIS Constraint: 18; goods; {good:18}
IIS Constraint: 19; goods; {good:19}
IIS Constraint: 20; goods; {good:20}
IIS Constraint: 21; goods; {good:21}
IIS Constraint: 22; goods; {good:22}
IIS Constraint: 23; goods; {good:23}
IIS Constraint: 24; goods; {good:24}
IIS Constraint: 25; goods; {good:25}
IIS Constraint: 26; goods; {good:26}
IIS Constraint: 28; goods; {good:28}
IIS Constraint: 29; goods; {good:29}
IIS Constraint: 30; goods; {good:30}
IIS Constraint: 32; goods; {good:32}
IIS Constraint: 33; goods; {good:33}
IIS Constraint: 34; goods; {good:34}
IIS Constraint: 35; goods; {good:35}
IIS Constraint: 36; goods; {good:36}
IIS Constraint: 37; goods; {good:37}
IIS Constraint: 38; goods; {good:38}
IIS Constraint: 39; goods; {good:39}
IIS Constraint: 41; goods; {good:41}
IIS Constraint: 42; goods; {good:42}
IIS Constraint: 43; goods; {good:43}
IIS Constraint: 44; goods; {good:44}
IIS Constraint: 45; goods; {good:45}
IIS Constraint: 46; goods; {good:46}
IIS Constraint: 49; goods; {good:49}
IIS Constraint: 52; goods; {good:52}
IIS Constraint: 55; goods; {good:55}
IIS Constraint: 56; goods; {good:56}
IIS Constraint: 57; goods; {good:57}
IIS Constraint: 59; goods; {good:59}
IIS Constraint: 61; goods; {good:61}
IIS Constraint: 62; goods; {good:62}
IIS Constraint: 63; goods; {good:63}
IIS Constraint: 64; goods; {good:64}
IIS Constraint: 65; goods; {good:65}
IIS Constraint: 66; goods; {good:66}
IIS Constraint: 67; goods; {good:67}
IIS Constraint: 68; goods; {good:68}
IIS Constraint: 69; goods; {good:69}
IIS Constraint: 71; goods; {good:71}
IIS Constraint: 72; goods; {good:72}
IIS Constraint: 74; goods; {good:74}
IIS Constraint: 113; query; {good:48,query:9}
IIS Constraint: 115; max; {f:3502.525,objective:max}
