IIS generation
Instance: paths-76-200-80000
----------------------------
Query: 1
Query element:40
Query scope: 40
----------------------------
IIS optimality: suboptimal
IIS solution time: 6869.92419
IIS Constraint: 1; goods; {good:1}
IIS Constraint: 2; goods; {good:2}
IIS Constraint: 4; goods; {good:4}
IIS Constraint: 6; goods; {good:6}
IIS Constraint: 7; goods; {good:7}
IIS Constraint: 9; goods; {good:9}
IIS Constraint: 10; goods; {good:10}
IIS Constraint: 11; goods; {good:11}
IIS Constraint: 12; goods; {good:12}
IIS Constraint: 13; goods; {good:13}
IIS Constraint: 14; goods; {good:14}
IIS Constraint: 15; goods; {good:15}
IIS Constraint: 16; goods; {good:16}
IIS Constraint: 17; goods; {good:17}
IIS Constraint: 19; goods; {good:19}
IIS Constraint: 21; goods; {good:21}
IIS Constraint: 22; goods; {good:22}
IIS Constraint: 24; goods; {good:24}
IIS Constraint: 25; goods; {good:25}
IIS Constraint: 27; goods; {good:27}
IIS Constraint: 29; goods; {good:29}
IIS Constraint: 30; goods; {good:30}
IIS Constraint: 33; goods; {good:33}
IIS Constraint: 34; goods; {good:34}
IIS Constraint: 37; goods; {good:37}
IIS Constraint: 39; goods; {good:39}
IIS Constraint: 40; goods; {good:40}
IIS Constraint: 41; goods; {good:41}
IIS Constraint: 42; goods; {good:42}
IIS Constraint: 43; goods; {good:43}
IIS Constraint: 45; goods; {good:45}
IIS Constraint: 46; goods; {good:46}
IIS Constraint: 48; goods; {good:48}
IIS Constraint: 49; goods; {good:49}
IIS Constraint: 51; goods; {good:51}
IIS Constraint: 52; goods; {good:52}
IIS Constraint: 55; goods; {good:55}
IIS Constraint: 56; goods; {good:56}
IIS Constraint: 59; goods; {good:59}
IIS Constraint: 63; goods; {good:63}
IIS Constraint: 65; goods; {good:65}
IIS Constraint: 68; goods; {good:68}
IIS Constraint: 70; goods; {good:70}
IIS Constraint: 71; goods; {good:71}
IIS Constraint: 73; goods; {good:73}
IIS Constraint: 74; goods; {good:74}
IIS Constraint: 81; goods; {good:81}
IIS Constraint: 82; goods; {good:82}
IIS Constraint: 88; goods; {good:88}
IIS Constraint: 89; goods; {good:89}
IIS Constraint: 96; goods; {good:96}
IIS Constraint: 98; goods; {good:98}
IIS Constraint: 99; goods; {good:99}
IIS Constraint: 100; goods; {good:100}
IIS Constraint: 108; goods; {good:108}
IIS Constraint: 112; goods; {good:112}
IIS Constraint: 141; query; {bid:40,query:1}
IIS Constraint: 142; max; {f:22.327081,objective:max}
