IIS generation
Instance: matching-76-200-100000
----------------------------
Query: 3
Query element:165
Query element:194
Query scope: 165
Query scope: 194
----------------------------
IIS optimality: suboptimal
IIS solution time: 8.39698
IIS Constraint: 0; goods; {good:0}
IIS Constraint: 3; goods; {good:3}
IIS Constraint: 4; goods; {good:4}
IIS Constraint: 8; goods; {good:8}
IIS Constraint: 18; goods; {good:18}
IIS Constraint: 21; goods; {good:21}
IIS Constraint: 25; goods; {good:25}
IIS Constraint: 32; goods; {good:32}
IIS Constraint: 41; goods; {good:41}
IIS Constraint: 76; goods; {good:76}
IIS Constraint: 77; goods; {good:77}
IIS Constraint: 78; goods; {good:78}
IIS Constraint: 79; goods; {good:79}
IIS Constraint: 80; goods; {good:80}
IIS Constraint: 81; goods; {good:81}
IIS Constraint: 82; goods; {good:82}
IIS Constraint: 83; goods; {good:83}
IIS Constraint: 84; goods; {good:84}
IIS Constraint: 85; goods; {good:85}
IIS Constraint: 86; goods; {good:86}
IIS Constraint: 87; goods; {good:87}
IIS Constraint: 88; goods; {good:88}
IIS Constraint: 89; goods; {good:89}
IIS Constraint: 90; goods; {good:90}
IIS Constraint: 91; goods; {good:91}
IIS Constraint: 92; goods; {good:92}
IIS Constraint: 93; goods; {good:93}
IIS Constraint: 94; goods; {good:94}
IIS Constraint: 95; goods; {good:95}
IIS Constraint: 96; goods; {good:96}
IIS Constraint: 97; goods; {good:97}
IIS Constraint: 98; query; {bid:165,query:3}
IIS Constraint: 100; max; {f:184.46527000000003,objective:max}
