IIS generation
Instance: arbitrary-76-200-600000
----------------------------
Query: 2
Query element:130
Query scope: 130
----------------------------
IIS optimality: suboptimal
IIS solution time: 2527.63515
IIS Constraint: 1; goods; {good:1}
IIS Constraint: 3; goods; {good:3}
IIS Constraint: 4; goods; {good:4}
IIS Constraint: 5; goods; {good:5}
IIS Constraint: 6; goods; {good:6}
IIS Constraint: 7; goods; {good:7}
IIS Constraint: 9; goods; {good:9}
IIS Constraint: 10; goods; {good:10}
IIS Constraint: 11; goods; {good:11}
IIS Constraint: 15; goods; {good:15}
IIS Constraint: 16; goods; {good:16}
IIS Constraint: 17; goods; {good:17}
IIS Constraint: 18; goods; {good:18}
IIS Constraint: 19; goods; {good:19}
IIS Constraint: 20; goods; {good:20}
IIS Constraint: 21; goods; {good:21}
IIS Constraint: 22; goods; {good:22}
IIS Constraint: 27; goods; {good:27}
IIS Constraint: 28; goods; {good:28}
IIS Constraint: 29; goods; {good:29}
IIS Constraint: 30; goods; {good:30}
IIS Constraint: 36; goods; {good:36}
IIS Constraint: 38; goods; {good:38}
IIS Constraint: 39; goods; {good:39}
IIS Constraint: 40; goods; {good:40}
IIS Constraint: 41; goods; {good:41}
IIS Constraint: 44; goods; {good:44}
IIS Constraint: 45; goods; {good:45}
IIS Constraint: 46; goods; {good:46}
IIS Constraint: 48; goods; {good:48}
IIS Constraint: 50; goods; {good:50}
IIS Constraint: 54; goods; {good:54}
IIS Constraint: 58; goods; {good:58}
IIS Constraint: 61; goods; {good:61}
IIS Constraint: 62; goods; {good:62}
IIS Constraint: 63; goods; {good:63}
IIS Constraint: 66; goods; {good:66}
IIS Constraint: 68; goods; {good:68}
IIS Constraint: 69; goods; {good:69}
IIS Constraint: 70; goods; {good:70}
IIS Constraint: 113; query; {bid:130,query:2}
IIS Constraint: 114; max; {f:4113.0935,objective:max}
