IIS generation
Instance: paths-76-200-730000
----------------------------
Query: 9
Query element:3
Query element:2
Query scope: 30
Query scope: 135
Query scope: 137
Query scope: 138
Query scope: 153
Query scope: 170
Query scope: 176
Query scope: 179
Query scope: 200
Query scope: 27
Query scope: 67
Query scope: 134
Query scope: 136
Query scope: 140
Query scope: 142
Query scope: 154
Query scope: 155
Query scope: 177
Query scope: 178
Query scope: 180
Query scope: 199
----------------------------
IIS optimality: suboptimal
IIS solution time: 92.27232
IIS Constraint: 6; goods; {good:6}
IIS Constraint: 9; goods; {good:9}
IIS Constraint: 12; goods; {good:12}
IIS Constraint: 13; goods; {good:13}
IIS Constraint: 15; goods; {good:15}
IIS Constraint: 18; goods; {good:18}
IIS Constraint: 19; goods; {good:19}
IIS Constraint: 20; goods; {good:20}
IIS Constraint: 21; goods; {good:21}
IIS Constraint: 22; goods; {good:22}
IIS Constraint: 23; goods; {good:23}
IIS Constraint: 24; goods; {good:24}
IIS Constraint: 25; goods; {good:25}
IIS Constraint: 27; goods; {good:27}
IIS Constraint: 29; goods; {good:29}
IIS Constraint: 30; goods; {good:30}
IIS Constraint: 32; goods; {good:32}
IIS Constraint: 33; goods; {good:33}
IIS Constraint: 35; goods; {good:35}
IIS Constraint: 43; goods; {good:43}
IIS Constraint: 46; goods; {good:46}
IIS Constraint: 50; goods; {good:50}
IIS Constraint: 51; goods; {good:51}
IIS Constraint: 52; goods; {good:52}
IIS Constraint: 54; goods; {good:54}
IIS Constraint: 55; goods; {good:55}
IIS Constraint: 59; goods; {good:59}
IIS Constraint: 61; goods; {good:61}
IIS Constraint: 63; goods; {good:63}
IIS Constraint: 64; goods; {good:64}
IIS Constraint: 69; goods; {good:69}
IIS Constraint: 72; goods; {good:72}
IIS Constraint: 73; goods; {good:73}
IIS Constraint: 106; goods; {good:106}
IIS Constraint: 108; goods; {good:108}
IIS Constraint: 156; query; {good:3,query:9}
IIS Constraint: 158; max; {f:23.5130981,objective:max}
