IIS generation
Instance: matching-76-200-780000
----------------------------
Query: 3
Query element:128
Query element:162
Query scope: 128
Query scope: 162
----------------------------
IIS optimality: suboptimal
IIS solution time: 55.86988
IIS Constraint: 2; goods; {good:2}
IIS Constraint: 6; goods; {good:6}
IIS Constraint: 10; goods; {good:10}
IIS Constraint: 20; goods; {good:20}
IIS Constraint: 41; goods; {good:41}
IIS Constraint: 45; goods; {good:45}
IIS Constraint: 49; goods; {good:49}
IIS Constraint: 53; goods; {good:53}
IIS Constraint: 57; goods; {good:57}
IIS Constraint: 59; goods; {good:59}
IIS Constraint: 60; goods; {good:60}
IIS Constraint: 61; goods; {good:61}
IIS Constraint: 62; goods; {good:62}
IIS Constraint: 65; goods; {good:65}
IIS Constraint: 69; goods; {good:69}
IIS Constraint: 76; goods; {good:76}
IIS Constraint: 78; goods; {good:78}
IIS Constraint: 79; goods; {good:79}
IIS Constraint: 80; goods; {good:80}
IIS Constraint: 81; goods; {good:81}
IIS Constraint: 82; goods; {good:82}
IIS Constraint: 83; goods; {good:83}
IIS Constraint: 85; goods; {good:85}
IIS Constraint: 86; goods; {good:86}
IIS Constraint: 87; goods; {good:87}
IIS Constraint: 88; goods; {good:88}
IIS Constraint: 89; goods; {good:89}
IIS Constraint: 90; goods; {good:90}
IIS Constraint: 92; goods; {good:92}
IIS Constraint: 93; goods; {good:93}
IIS Constraint: 94; goods; {good:94}
IIS Constraint: 95; goods; {good:95}
IIS Constraint: 96; goods; {good:96}
IIS Constraint: 97; goods; {good:97}
IIS Constraint: 98; query; {bid:128,query:3}
IIS Constraint: 100; max; {f:102.31715,objective:max}
