IIS generation
Instance: regions-76-200-240000
----------------------------
Query: 8
Query element:26
Query scope: 23
Query scope: 24
Query scope: 27
Query scope: 30
Query scope: 36
Query scope: 50
Query scope: 51
Query scope: 52
Query scope: 53
Query scope: 54
Query scope: 55
Query scope: 56
Query scope: 59
Query scope: 60
Query scope: 61
Query scope: 66
Query scope: 67
Query scope: 69
Query scope: 71
Query scope: 73
Query scope: 74
Query scope: 75
Query scope: 76
Query scope: 77
Query scope: 78
Query scope: 88
Query scope: 89
Query scope: 94
Query scope: 98
Query scope: 121
Query scope: 123
Query scope: 134
Query scope: 175
Query scope: 176
Query scope: 179
Query scope: 180
Query scope: 183
Query scope: 184
Query scope: 188
Query scope: 191
Query scope: 192
----------------------------
IIS optimality: suboptimal
IIS solution time: 8570.04224
IIS Constraint: 0; goods; {good:0}
IIS Constraint: 2; goods; {good:2}
IIS Constraint: 3; goods; {good:3}
IIS Constraint: 4; goods; {good:4}
IIS Constraint: 5; goods; {good:5}
IIS Constraint: 8; goods; {good:8}
IIS Constraint: 9; goods; {good:9}
IIS Constraint: 10; goods; {good:10}
IIS Constraint: 12; goods; {good:12}
IIS Constraint: 14; goods; {good:14}
IIS Constraint: 17; goods; {good:17}
IIS Constraint: 18; goods; {good:18}
IIS Constraint: 19; goods; {good:19}
IIS Constraint: 20; goods; {good:20}
IIS Constraint: 24; goods; {good:24}
IIS Constraint: 25; goods; {good:25}
IIS Constraint: 28; goods; {good:28}
IIS Constraint: 29; goods; {good:29}
IIS Constraint: 30; goods; {good:30}
IIS Constraint: 31; goods; {good:31}
IIS Constraint: 33; goods; {good:33}
IIS Constraint: 34; goods; {good:34}
IIS Constraint: 36; goods; {good:36}
IIS Constraint: 38; goods; {good:38}
IIS Constraint: 41; goods; {good:41}
IIS Constraint: 42; goods; {good:42}
IIS Constraint: 43; goods; {good:43}
IIS Constraint: 44; goods; {good:44}
IIS Constraint: 45; goods; {good:45}
IIS Constraint: 46; goods; {good:46}
IIS Constraint: 47; goods; {good:47}
IIS Constraint: 48; goods; {good:48}
IIS Constraint: 50; goods; {good:50}
IIS Constraint: 51; goods; {good:51}
IIS Constraint: 53; goods; {good:53}
IIS Constraint: 60; goods; {good:60}
IIS Constraint: 61; goods; {good:61}
IIS Constraint: 71; goods; {good:71}
IIS Constraint: 112; query; {good:26,query:8}
IIS Constraint: 113; max; {f:4233.9377,objective:max}
