IIS generation
Instance: paths-76-200-880000
----------------------------
Query: 10
Query element:59
Query element:37
Query scope: 133
----------------------------
IIS optimality: suboptimal
IIS solution time: 7325.04140
IIS Constraint: 10; goods; {good:10}
IIS Constraint: 11; goods; {good:11}
IIS Constraint: 12; goods; {good:12}
IIS Constraint: 13; goods; {good:13}
IIS Constraint: 15; goods; {good:15}
IIS Constraint: 16; goods; {good:16}
IIS Constraint: 18; goods; {good:18}
IIS Constraint: 20; goods; {good:20}
IIS Constraint: 22; goods; {good:22}
IIS Constraint: 23; goods; {good:23}
IIS Constraint: 24; goods; {good:24}
IIS Constraint: 26; goods; {good:26}
IIS Constraint: 27; goods; {good:27}
IIS Constraint: 29; goods; {good:29}
IIS Constraint: 30; goods; {good:30}
IIS Constraint: 31; goods; {good:31}
IIS Constraint: 32; goods; {good:32}
IIS Constraint: 33; goods; {good:33}
IIS Constraint: 35; goods; {good:35}
IIS Constraint: 38; goods; {good:38}
IIS Constraint: 39; goods; {good:39}
IIS Constraint: 40; goods; {good:40}
IIS Constraint: 42; goods; {good:42}
IIS Constraint: 44; goods; {good:44}
IIS Constraint: 45; goods; {good:45}
IIS Constraint: 47; goods; {good:47}
IIS Constraint: 48; goods; {good:48}
IIS Constraint: 49; goods; {good:49}
IIS Constraint: 51; goods; {good:51}
IIS Constraint: 52; goods; {good:52}
IIS Constraint: 53; goods; {good:53}
IIS Constraint: 56; goods; {good:56}
IIS Constraint: 57; goods; {good:57}
IIS Constraint: 60; goods; {good:60}
IIS Constraint: 61; goods; {good:61}
IIS Constraint: 62; goods; {good:62}
IIS Constraint: 64; goods; {good:64}
IIS Constraint: 66; goods; {good:66}
IIS Constraint: 69; goods; {good:69}
IIS Constraint: 70; goods; {good:70}
IIS Constraint: 73; goods; {good:73}
IIS Constraint: 75; goods; {good:75}
IIS Constraint: 77; goods; {good:77}
IIS Constraint: 81; goods; {good:81}
IIS Constraint: 87; goods; {good:87}
IIS Constraint: 88; goods; {good:88}
IIS Constraint: 92; goods; {good:92}
IIS Constraint: 94; goods; {good:94}
IIS Constraint: 99; goods; {good:99}
IIS Constraint: 101; goods; {good:101}
IIS Constraint: 106; goods; {good:106}
IIS Constraint: 111; goods; {good:111}
IIS Constraint: 119; goods; {good:119}
IIS Constraint: 170; query; {goods:[59,37],query:10}
IIS Constraint: 171; max; {f:24.228026000000003,objective:max}
