IIS generation
Instance: regions-76-200-260000
----------------------------
Query: 3
Query element:16
Query element:69
Query scope: 16
Query scope: 69
----------------------------
IIS optimality: suboptimal
IIS solution time: 846.43714
IIS Constraint: 2; goods; {good:2}
IIS Constraint: 3; goods; {good:3}
IIS Constraint: 4; goods; {good:4}
IIS Constraint: 6; goods; {good:6}
IIS Constraint: 9; goods; {good:9}
IIS Constraint: 19; goods; {good:19}
IIS Constraint: 23; goods; {good:23}
IIS Constraint: 25; goods; {good:25}
IIS Constraint: 26; goods; {good:26}
IIS Constraint: 29; goods; {good:29}
IIS Constraint: 33; goods; {good:33}
IIS Constraint: 34; goods; {good:34}
IIS Constraint: 35; goods; {good:35}
IIS Constraint: 37; goods; {good:37}
IIS Constraint: 38; goods; {good:38}
IIS Constraint: 40; goods; {good:40}
IIS Constraint: 43; goods; {good:43}
IIS Constraint: 45; goods; {good:45}
IIS Constraint: 49; goods; {good:49}
IIS Constraint: 50; goods; {good:50}
IIS Constraint: 52; goods; {good:52}
IIS Constraint: 53; goods; {good:53}
IIS Constraint: 54; goods; {good:54}
IIS Constraint: 114; query; {bid:69,query:3}
IIS Constraint: 115; max; {f:3859.4661999999985,objective:max}
