------------------------------------------
---------------- Solution ----------------
------------------------------------------
0. Bid: 0 Goods: [20, 40]
1. Bid: 6 Goods: [15, 22, 41]
2. Bid: 9 Goods: [3, 23, 42]
3. Bid: 18 Goods: [13, 17, 31, 44]
4. Bid: 22 Goods: [25]
5. Bid: 24 Goods: [38]
6. Bid: 25 Goods: [32, 45]
7. Bid: 30 Goods: [6, 39, 46]
8. Bid: 42 Goods: [9]
9. Bid: 43 Goods: [10]
10. Bid: 46 Goods: [12]
11. Bid: 56 Goods: [16, 35, 51]
12. Bid: 65 Goods: [7, 14, 37, 52]
13. Bid: 71 Goods: [1, 28]
14. Bid: 76 Goods: [24, 55]
15. Bid: 80 Goods: [36]
16. Bid: 82 Goods: [27, 5, 2, 56]
17. Bid: 84 Goods: [19]
18. Bid: 86 Goods: [30, 0]
19. Bid: 89 Goods: [33, 57]
20. Bid: 91 Goods: [8, 26, 58]
21. Bid: 96 Goods: [34, 4, 59]
Objective value: 16.090787
Solving time: 0.01154
