------------------------------------------
---------------- Solution ----------------
------------------------------------------
0. Bid: 0 Goods: [1, 27, 40]
1. Bid: 4 Goods: [6, 13, 41]
2. Bid: 13 Goods: [10]
3. Bid: 14 Goods: [7]
4. Bid: 18 Goods: [15, 20, 43]
5. Bid: 23 Goods: [9, 14, 19, 21, 45]
6. Bid: 29 Goods: [16, 31, 46]
7. Bid: 37 Goods: [0]
8. Bid: 61 Goods: [3, 54]
9. Bid: 64 Goods: [38, 55]
10. Bid: 72 Goods: [26, 57]
11. Bid: 77 Goods: [23, 58]
12. Bid: 83 Goods: [32, 59]
13. Bid: 88 Goods: [2, 28]
14. Bid: 89 Goods: [4]
15. Bid: 90 Goods: [12, 22, 60]
16. Bid: 95 Goods: [8]
17. Bid: 96 Goods: [35, 61]
Objective value: 11.4625606
Solving time: 0.00611
