------------------------------------------
---------------- Solution ----------------
------------------------------------------
0. Bid: 3 Goods: [16, 32, 41]
1. Bid: 11 Goods: [9, 10, 31, 42]
2. Bid: 14 Goods: [24, 43]
3. Bid: 17 Goods: [14]
4. Bid: 29 Goods: [22]
5. Bid: 37 Goods: [6, 35, 48]
6. Bid: 42 Goods: [5, 15, 49]
7. Bid: 49 Goods: [2, 30, 51]
8. Bid: 52 Goods: [33]
9. Bid: 54 Goods: [3, 17, 52]
10. Bid: 56 Goods: [23, 53]
11. Bid: 61 Goods: [37, 54]
12. Bid: 63 Goods: [12, 39, 55]
13. Bid: 69 Goods: [34, 0, 56]
14. Bid: 74 Goods: [27, 8, 57]
15. Bid: 77 Goods: [1]
16. Bid: 78 Goods: [38, 58]
17. Bid: 82 Goods: [28, 59]
18. Bid: 84 Goods: [13, 25, 20, 60]
19. Bid: 88 Goods: [4, 36, 61]
20. Bid: 99 Goods: [18, 26, 64]
Objective value: 16.804085999999998
Solving time: 0.00535
