------------------------------------------
---------------- Solution ----------------
------------------------------------------
0. Bid: 1 Goods: [8]
1. Bid: 3 Goods: [15, 19, 40]
2. Bid: 7 Goods: [33, 39, 41]
3. Bid: 12 Goods: [9]
4. Bid: 17 Goods: [13, 26, 43]
5. Bid: 22 Goods: [28, 53]
6. Bid: 30 Goods: [10, 23, 46]
7. Bid: 35 Goods: [20, 48]
8. Bid: 40 Goods: [0, 1]
9. Bid: 41 Goods: [17, 37, 49]
10. Bid: 50 Goods: [32, 51]
11. Bid: 52 Goods: [3, 27, 52]
12. Bid: 56 Goods: [14, 34]
13. Bid: 60 Goods: [24]
14. Bid: 63 Goods: [5, 29]
15. Bid: 68 Goods: [7, 36, 55]
16. Bid: 72 Goods: [25, 56]
17. Bid: 76 Goods: [21, 57]
18. Bid: 85 Goods: [22, 11, 58]
19. Bid: 90 Goods: [30, 60]
20. Bid: 95 Goods: [35]
21. Bid: 96 Goods: [4, 18, 12]
Objective value: 16.011465
Solving time: 0.00508
