------------------------------------------
---------------- Solution ----------------
------------------------------------------
0. Bid: 0 Goods: [15]
1. Bid: 1 Goods: [3]
2. Bid: 2 Goods: [33, 41]
3. Bid: 7 Goods: [27, 42]
4. Bid: 12 Goods: [2, 16]
5. Bid: 20 Goods: [10, 28, 44]
6. Bid: 23 Goods: [4, 12, 37, 45]
7. Bid: 27 Goods: [40, 46]
8. Bid: 33 Goods: [1, 30, 47]
9. Bid: 37 Goods: [19, 48]
10. Bid: 45 Goods: [26, 51]
11. Bid: 50 Goods: [7, 38, 52]
12. Bid: 65 Goods: [17, 32, 39, 55]
13. Bid: 67 Goods: [21]
14. Bid: 70 Goods: [35]
15. Bid: 73 Goods: [8, 56]
16. Bid: 79 Goods: [29, 14, 36, 57]
17. Bid: 81 Goods: [25]
18. Bid: 82 Goods: [13, 5, 6]
19. Bid: 84 Goods: [11]
20. Bid: 88 Goods: [20, 24, 58]
21. Bid: 95 Goods: [34, 0, 59]
Objective value: 13.544643000000002
Solving time: 0.01032
