------------------------------------------
---------------- Solution ----------------
------------------------------------------
0. Bid: 2 Goods: [11, 35, 40]
1. Bid: 8 Goods: [0, 1, 3, 41]
2. Bid: 9 Goods: [16, 19, 42]
3. Bid: 19 Goods: [5, 21, 44]
4. Bid: 21 Goods: [33, 45]
5. Bid: 27 Goods: [24]
6. Bid: 28 Goods: [28, 46]
7. Bid: 30 Goods: [20, 36, 60]
8. Bid: 34 Goods: [7]
9. Bid: 35 Goods: [26, 47]
10. Bid: 40 Goods: [4, 27, 48]
11. Bid: 46 Goods: [37, 50]
12. Bid: 60 Goods: [23, 53]
13. Bid: 68 Goods: [6]
14. Bid: 70 Goods: [38, 55]
15. Bid: 73 Goods: [8, 10, 30, 56]
16. Bid: 76 Goods: [17, 18]
17. Bid: 80 Goods: [2, 39]
18. Bid: 94 Goods: [9, 32, 62]
19. Bid: 97 Goods: [14, 25, 13, 63]
Objective value: 13.73742
Solving time: 0.00559
