IIS generation
Instance: arbitrary-16-50-190000
----------------------------
Query: 1
Query element:14
Query scope: 14
----------------------------
IIS optimality: suboptimal
IIS solution time: 0.06854
IIS Constraint: 2; goods; {good:2}
IIS Constraint: 3; goods; {good:3}
IIS Constraint: 4; goods; {good:4}
IIS Constraint: 6; goods; {good:6}
IIS Constraint: 7; goods; {good:7}
IIS Constraint: 8; goods; {good:8}
IIS Constraint: 9; goods; {good:9}
IIS Constraint: 10; goods; {good:10}
IIS Constraint: 12; goods; {good:12}
IIS Constraint: 15; goods; {good:15}
IIS Constraint: 27; query; {bid:14,query:1}
IIS Constraint: 28; max; {f:1060.57,objective:max}
