IIS generation
Instance: arbitrary-16-50-650000
----------------------------
Query: 3
Query element:12
Query element:26
Query scope: 12
Query scope: 26
----------------------------
IIS optimality: suboptimal
IIS solution time: 0.00756
IIS Constraint: 0; goods; {good:0}
IIS Constraint: 2; goods; {good:2}
IIS Constraint: 4; goods; {good:4}
IIS Constraint: 7; goods; {good:7}
IIS Constraint: 8; goods; {good:8}
IIS Constraint: 10; goods; {good:10}
IIS Constraint: 12; goods; {good:12}
IIS Constraint: 27; query; {bid:26,query:3}
IIS Constraint: 28; max; {f:1115.57,objective:max}
