IIS generation
Instance: regions-16-50-410000
----------------------------
Query: 8
Query element:3
Query scope: 3
Query scope: 22
Query scope: 27
Query scope: 32
Query scope: 33
Query scope: 39
Query scope: 40
Query scope: 41
Query scope: 49
Query scope: 50
----------------------------
IIS optimality: suboptimal
IIS solution time: 0.03057
IIS Constraint: 0; goods; {good:0}
IIS Constraint: 1; goods; {good:1}
IIS Constraint: 5; goods; {good:5}
IIS Constraint: 6; goods; {good:6}
IIS Constraint: 7; goods; {good:7}
IIS Constraint: 11; goods; {good:11}
IIS Constraint: 13; goods; {good:13}
IIS Constraint: 14; goods; {good:14}
IIS Constraint: 26; query; {good:3,query:8}
IIS Constraint: 27; max; {f:1151.1398,objective:max}
