IIS generation
Instance: arbitrary-16-50-310000
----------------------------
Query: 7
Query element:12
Query scope: 5
Query scope: 9
Query scope: 12
Query scope: 13
Query scope: 22
Query scope: 23
Query scope: 24
Query scope: 25
Query scope: 26
Query scope: 27
Query scope: 28
Query scope: 29
Query scope: 30
Query scope: 31
Query scope: 33
Query scope: 34
Query scope: 35
Query scope: 42
Query scope: 45
Query scope: 47
Query scope: 48
Query scope: 49
Query scope: 50
Query scope: 51
Query scope: 52
Query scope: 53
----------------------------
IIS optimality: suboptimal
IIS solution time: 0.03075
IIS Constraint: 1; goods; {good:1}
IIS Constraint: 2; goods; {good:2}
IIS Constraint: 3; goods; {good:3}
IIS Constraint: 4; goods; {good:4}
IIS Constraint: 7; goods; {good:7}
IIS Constraint: 9; goods; {good:9}
IIS Constraint: 11; goods; {good:11}
IIS Constraint: 26; query; {good:12,query:7}
IIS Constraint: 27; max; {f:1112.3,objective:max}
