IIS generation
Instance: scheduling-16-50-480000
----------------------------
Query: 11
Query element:18
Query element:5
Query scope: 19
Query scope: 20
Query scope: 21
----------------------------
IIS optimality: suboptimal
IIS solution time: 0.03205
IIS Constraint: 1; goods; {good:1}
IIS Constraint: 2; goods; {good:2}
IIS Constraint: 4; goods; {good:4}
IIS Constraint: 7; goods; {good:7}
IIS Constraint: 10; goods; {good:10}
IIS Constraint: 13; goods; {good:13}
IIS Constraint: 22; query; {goods:[18,5],query:11}
IIS Constraint: 23; max; {f:24.56068,objective:max}
