IIS generation
Instance: paths-16-50-850000
----------------------------
Query: 7
Query element:12
Query scope: 4
Query scope: 24
Query scope: 28
Query scope: 45
----------------------------
IIS optimality: suboptimal
IIS solution time: 0.02967
IIS Constraint: 0; goods; {good:0}
IIS Constraint: 1; goods; {good:1}
IIS Constraint: 2; goods; {good:2}
IIS Constraint: 4; goods; {good:4}
IIS Constraint: 6; goods; {good:6}
IIS Constraint: 7; goods; {good:7}
IIS Constraint: 9; goods; {good:9}
IIS Constraint: 13; goods; {good:13}
IIS Constraint: 34; query; {good:12,query:7}
IIS Constraint: 35; max; {f:9.448393000000001,objective:max}
