IIS generation
Instance: paths-16-50-540000
----------------------------
Query: 7
Query element:0
Query scope: 4
Query scope: 6
Query scope: 9
Query scope: 15
Query scope: 17
Query scope: 23
Query scope: 34
Query scope: 40
Query scope: 41
Query scope: 43
----------------------------
IIS optimality: suboptimal
IIS solution time: 0.04722
IIS Constraint: 2; goods; {good:2}
IIS Constraint: 4; goods; {good:4}
IIS Constraint: 5; goods; {good:5}
IIS Constraint: 7; goods; {good:7}
IIS Constraint: 8; goods; {good:8}
IIS Constraint: 9; goods; {good:9}
IIS Constraint: 10; goods; {good:10}
IIS Constraint: 11; goods; {good:11}
IIS Constraint: 12; goods; {good:12}
IIS Constraint: 14; goods; {good:14}
IIS Constraint: 15; goods; {good:15}
IIS Constraint: 24; goods; {good:24}
IIS Constraint: 28; query; {good:0,query:7}
IIS Constraint: 29; max; {f:7.82291,objective:max}
