IIS generation
Instance: arbitrary-16-50-710000
----------------------------
Query: 8
Query element:3
Query scope: 4
Query scope: 5
Query scope: 6
Query scope: 10
Query scope: 11
Query scope: 12
Query scope: 13
Query scope: 15
Query scope: 16
Query scope: 17
Query scope: 24
Query scope: 25
Query scope: 26
Query scope: 27
Query scope: 32
Query scope: 39
Query scope: 40
Query scope: 42
Query scope: 45
Query scope: 46
Query scope: 47
Query scope: 51
Query scope: 53
----------------------------
IIS optimality: suboptimal
IIS solution time: 0.06932
IIS Constraint: 0; goods; {good:0}
IIS Constraint: 1; goods; {good:1}
IIS Constraint: 2; goods; {good:2}
IIS Constraint: 4; goods; {good:4}
IIS Constraint: 5; goods; {good:5}
IIS Constraint: 6; goods; {good:6}
IIS Constraint: 7; goods; {good:7}
IIS Constraint: 8; goods; {good:8}
IIS Constraint: 9; goods; {good:9}
IIS Constraint: 12; goods; {good:12}
IIS Constraint: 14; goods; {good:14}
IIS Constraint: 15; goods; {good:15}
IIS Constraint: 28; query; {good:3,query:8}
IIS Constraint: 29; max; {f:1033.3999999999999,objective:max}
