IIS generation
Instance: paths-16-50-40000
----------------------------
Query: 11
Query element:28
Query element:11
Query scope: 44
----------------------------
IIS optimality: suboptimal
IIS solution time: 0.04009
IIS Constraint: 2; goods; {good:2}
IIS Constraint: 3; goods; {good:3}
IIS Constraint: 4; goods; {good:4}
IIS Constraint: 6; goods; {good:6}
IIS Constraint: 7; goods; {good:7}
IIS Constraint: 8; goods; {good:8}
IIS Constraint: 9; goods; {good:9}
IIS Constraint: 11; goods; {good:11}
IIS Constraint: 14; goods; {good:14}
IIS Constraint: 15; goods; {good:15}
IIS Constraint: 24; goods; {good:24}
IIS Constraint: 28; goods; {good:28}
IIS Constraint: 33; query; {goods:[28,11],query:11}
IIS Constraint: 34; max; {f:9.494463,objective:max}
