IIS generation
Instance: arbitrary-16-50-200000
----------------------------
Query: 9
Query element:1
Query element:4
Query scope: 1
Query scope: 2
Query scope: 3
Query scope: 4
Query scope: 7
Query scope: 8
Query scope: 9
Query scope: 10
Query scope: 11
Query scope: 12
Query scope: 17
Query scope: 18
Query scope: 19
Query scope: 20
Query scope: 21
Query scope: 22
Query scope: 23
Query scope: 30
Query scope: 31
Query scope: 32
Query scope: 33
Query scope: 35
Query scope: 36
Query scope: 41
Query scope: 42
Query scope: 43
Query scope: 44
Query scope: 45
Query scope: 46
Query scope: 47
Query scope: 5
Query scope: 6
Query scope: 13
Query scope: 14
Query scope: 24
Query scope: 25
Query scope: 26
Query scope: 27
Query scope: 28
Query scope: 29
Query scope: 34
Query scope: 39
Query scope: 40
----------------------------
IIS optimality: suboptimal
IIS solution time: 0.01239
IIS Constraint: 2; goods; {good:2}
IIS Constraint: 4; goods; {good:4}
IIS Constraint: 7; goods; {good:7}
IIS Constraint: 25; query; {good:1,query:9}
IIS Constraint: 27; max; {f:1089.613,objective:max}
