IIS generation
Instance: arbitrary-16-50-510000
----------------------------
Query: 10
Query element:9
Query element:11
Query scope: 1
Query scope: 5
Query scope: 14
Query scope: 17
Query scope: 18
Query scope: 22
Query scope: 23
Query scope: 24
Query scope: 25
Query scope: 26
Query scope: 27
Query scope: 28
Query scope: 35
Query scope: 37
Query scope: 38
Query scope: 40
Query scope: 43
Query scope: 53
----------------------------
IIS optimality: suboptimal
IIS solution time: 0.02689
IIS Constraint: 0; goods; {good:0}
IIS Constraint: 1; goods; {good:1}
IIS Constraint: 3; goods; {good:3}
IIS Constraint: 6; goods; {good:6}
IIS Constraint: 7; goods; {good:7}
IIS Constraint: 8; goods; {good:8}
IIS Constraint: 9; goods; {good:9}
IIS Constraint: 13; goods; {good:13}
IIS Constraint: 25; query; {goods:[9,11],query:10}
IIS Constraint: 26; max; {f:970.2491,objective:max}
