IIS generation
Instance: arbitrary-16-50-320000
----------------------------
Query: 7
Query element:23
Query scope: 40
Query scope: 41
Query scope: 42
Query scope: 43
Query scope: 44
Query scope: 45
----------------------------
IIS optimality: suboptimal
IIS solution time: 0.06432
IIS Constraint: 0; goods; {good:0}
IIS Constraint: 1; goods; {good:1}
IIS Constraint: 2; goods; {good:2}
IIS Constraint: 3; goods; {good:3}
IIS Constraint: 4; goods; {good:4}
IIS Constraint: 5; goods; {good:5}
IIS Constraint: 6; goods; {good:6}
IIS Constraint: 11; goods; {good:11}
IIS Constraint: 13; goods; {good:13}
IIS Constraint: 14; goods; {good:14}
IIS Constraint: 15; goods; {good:15}
IIS Constraint: 24; query; {good:23,query:7}
IIS Constraint: 25; max; {f:1006.822,objective:max}
