IIS generation
Instance: scheduling-16-50-780000
----------------------------
Query: 7
Query element:10
Query scope: 7
Query scope: 8
Query scope: 9
Query scope: 10
Query scope: 20
Query scope: 21
Query scope: 22
Query scope: 23
Query scope: 29
Query scope: 30
Query scope: 31
Query scope: 32
Query scope: 33
Query scope: 34
Query scope: 36
Query scope: 37
Query scope: 38
Query scope: 39
Query scope: 40
Query scope: 41
Query scope: 52
----------------------------
IIS optimality: suboptimal
IIS solution time: 0.03009
IIS Constraint: 0; goods; {good:0}
IIS Constraint: 1; goods; {good:1}
IIS Constraint: 2; goods; {good:2}
IIS Constraint: 3; goods; {good:3}
IIS Constraint: 4; goods; {good:4}
IIS Constraint: 5; goods; {good:5}
IIS Constraint: 6; goods; {good:6}
IIS Constraint: 7; goods; {good:7}
IIS Constraint: 8; goods; {good:8}
IIS Constraint: 9; goods; {good:9}
IIS Constraint: 12; goods; {good:12}
IIS Constraint: 13; goods; {good:13}
IIS Constraint: 14; goods; {good:14}
IIS Constraint: 22; query; {good:10,query:7}
IIS Constraint: 23; max; {f:29.093600000000002,objective:max}
