IIS generation
Instance: regions-16-50-370000
----------------------------
Query: 8
Query element:7
Query scope: 1
Query scope: 4
Query scope: 5
Query scope: 6
Query scope: 7
Query scope: 10
Query scope: 13
Query scope: 14
Query scope: 15
Query scope: 16
Query scope: 17
Query scope: 18
Query scope: 30
Query scope: 33
Query scope: 34
Query scope: 35
Query scope: 36
Query scope: 37
Query scope: 41
Query scope: 42
Query scope: 43
Query scope: 44
Query scope: 45
Query scope: 46
Query scope: 47
Query scope: 48
----------------------------
IIS optimality: suboptimal
IIS solution time: 0.05775
IIS Constraint: 1; goods; {good:1}
IIS Constraint: 3; goods; {good:3}
IIS Constraint: 4; goods; {good:4}
IIS Constraint: 5; goods; {good:5}
IIS Constraint: 6; goods; {good:6}
IIS Constraint: 8; goods; {good:8}
IIS Constraint: 10; goods; {good:10}
IIS Constraint: 12; goods; {good:12}
IIS Constraint: 14; goods; {good:14}
IIS Constraint: 15; goods; {good:15}
IIS Constraint: 26; query; {good:7,query:8}
IIS Constraint: 27; max; {f:881.659,objective:max}
