IIS generation
Instance: regions-16-50-590000
----------------------------
Query: 1
Query element:0
Query scope: 0
----------------------------
IIS optimality: suboptimal
IIS solution time: 0.03737
IIS Constraint: 1; goods; {good:1}
IIS Constraint: 4; goods; {good:4}
IIS Constraint: 5; goods; {good:5}
IIS Constraint: 6; goods; {good:6}
IIS Constraint: 8; goods; {good:8}
IIS Constraint: 10; goods; {good:10}
IIS Constraint: 11; goods; {good:11}
IIS Constraint: 13; goods; {good:13}
IIS Constraint: 15; goods; {good:15}
IIS Constraint: 26; query; {bid:0,query:1}
IIS Constraint: 27; max; {f:1243.731,objective:max}
