IIS generation
Instance: arbitrary-16-50-150000
----------------------------
Query: 7
Query element:5
Query scope: 1
Query scope: 5
Query scope: 6
Query scope: 7
Query scope: 11
Query scope: 15
Query scope: 16
Query scope: 18
Query scope: 19
Query scope: 20
Query scope: 21
Query scope: 24
Query scope: 26
Query scope: 27
Query scope: 28
Query scope: 29
Query scope: 32
Query scope: 36
Query scope: 46
Query scope: 49
----------------------------
IIS optimality: suboptimal
IIS solution time: 0.03416
IIS Constraint: 0; goods; {good:0}
IIS Constraint: 1; goods; {good:1}
IIS Constraint: 2; goods; {good:2}
IIS Constraint: 3; goods; {good:3}
IIS Constraint: 4; goods; {good:4}
IIS Constraint: 8; goods; {good:8}
IIS Constraint: 10; goods; {good:10}
IIS Constraint: 12; goods; {good:12}
IIS Constraint: 14; goods; {good:14}
IIS Constraint: 27; query; {good:5,query:7}
IIS Constraint: 28; max; {f:1129.1248,objective:max}
