IIS generation
Instance: regions-16-50-650000
----------------------------
Query: 10
Query element:0
Query element:6
Query scope: 0
Query scope: 18
Query scope: 37
Query scope: 39
Query scope: 44
----------------------------
IIS optimality: suboptimal
IIS solution time: 0.06002
IIS Constraint: 1; goods; {good:1}
IIS Constraint: 2; goods; {good:2}
IIS Constraint: 5; goods; {good:5}
IIS Constraint: 6; goods; {good:6}
IIS Constraint: 7; goods; {good:7}
IIS Constraint: 8; goods; {good:8}
IIS Constraint: 11; goods; {good:11}
IIS Constraint: 12; goods; {good:12}
IIS Constraint: 15; goods; {good:15}
IIS Constraint: 27; query; {goods:[0,6],query:10}
IIS Constraint: 28; max; {f:1084.5249999999999,objective:max}
