IIS generation
Instance: matching-16-50-370000
----------------------------
Query: 8
Query element:7
Query scope: 13
Query scope: 14
Query scope: 19
Query scope: 20
Query scope: 46
Query scope: 47
----------------------------
IIS optimality: suboptimal
IIS solution time: 0.01870
IIS Constraint: 0; goods; {good:0}
IIS Constraint: 1; goods; {good:1}
IIS Constraint: 5; goods; {good:5}
IIS Constraint: 9; goods; {good:9}
IIS Constraint: 12; goods; {good:12}
IIS Constraint: 13; goods; {good:13}
IIS Constraint: 42; query; {good:7,query:8}
IIS Constraint: 43; max; {f:44.55166,objective:max}
