IIS generation
Instance: regions-16-50-790000
----------------------------
Query: 10
Query element:1
Query element:8
Query scope: 1
Query scope: 4
Query scope: 5
Query scope: 6
Query scope: 12
Query scope: 16
Query scope: 17
Query scope: 20
Query scope: 22
Query scope: 23
Query scope: 24
Query scope: 25
Query scope: 26
Query scope: 27
Query scope: 34
Query scope: 37
Query scope: 38
----------------------------
IIS optimality: suboptimal
IIS solution time: 0.02413
IIS Constraint: 0; goods; {good:0}
IIS Constraint: 2; goods; {good:2}
IIS Constraint: 3; goods; {good:3}
IIS Constraint: 5; goods; {good:5}
IIS Constraint: 11; goods; {good:11}
IIS Constraint: 12; goods; {good:12}
IIS Constraint: 14; goods; {good:14}
IIS Constraint: 25; query; {goods:[1,8],query:10}
IIS Constraint: 26; max; {f:944.447,objective:max}
