IIS generation
Instance: matching-16-50-120000
----------------------------
Query: 11
Query element:9
Query element:14
Query scope: 7
Query scope: 20
Query scope: 26
Query scope: 35
----------------------------
IIS optimality: suboptimal
IIS solution time: 0.02288
IIS Constraint: 1; goods; {good:1}
IIS Constraint: 5; goods; {good:5}
IIS Constraint: 9; goods; {good:9}
IIS Constraint: 12; goods; {good:12}
IIS Constraint: 13; goods; {good:13}
IIS Constraint: 14; goods; {good:14}
IIS Constraint: 35; query; {goods:[9,14],query:11}
IIS Constraint: 36; max; {f:46.587450000000004,objective:max}
