IIS generation
Instance: paths-16-50-630000
----------------------------
Query: 9
Query element:3
Query element:8
Query scope: 1
Query scope: 4
Query scope: 12
Query scope: 25
Query scope: 28
Query scope: 35
Query scope: 38
Query scope: 39
Query scope: 29
Query scope: 31
----------------------------
IIS optimality: suboptimal
IIS solution time: 0.03664
IIS Constraint: 0; goods; {good:0}
IIS Constraint: 1; goods; {good:1}
IIS Constraint: 2; goods; {good:2}
IIS Constraint: 5; goods; {good:5}
IIS Constraint: 6; goods; {good:6}
IIS Constraint: 9; goods; {good:9}
IIS Constraint: 10; goods; {good:10}
IIS Constraint: 13; goods; {good:13}
IIS Constraint: 14; goods; {good:14}
IIS Constraint: 31; query; {good:3,query:9}
IIS Constraint: 32; query; {good:8,query:9}
IIS Constraint: 33; max; {f:7.9923,objective:max}
