IIS generation
Instance: paths-16-50-900000
----------------------------
Query: 3
Query element:12
Query element:41
Query scope: 12
Query scope: 41
----------------------------
IIS optimality: suboptimal
IIS solution time: 1.05910
IIS Constraint: 0; goods; {good:0}
IIS Constraint: 2; goods; {good:2}
IIS Constraint: 3; goods; {good:3}
IIS Constraint: 4; goods; {good:4}
IIS Constraint: 5; goods; {good:5}
IIS Constraint: 6; goods; {good:6}
IIS Constraint: 7; goods; {good:7}
IIS Constraint: 8; goods; {good:8}
IIS Constraint: 9; goods; {good:9}
IIS Constraint: 10; goods; {good:10}
IIS Constraint: 11; goods; {good:11}
IIS Constraint: 13; goods; {good:13}
IIS Constraint: 14; goods; {good:14}
IIS Constraint: 15; goods; {good:15}
IIS Constraint: 31; query; {bid:12,query:3}
IIS Constraint: 33; max; {f:7.941917999999999,objective:max}
