IIS generation
Instance: paths-16-50-430000
----------------------------
Query: 8
Query element:7
Query scope: 16
Query scope: 29
Query scope: 33
----------------------------
IIS optimality: suboptimal
IIS solution time: 0.36283
IIS Constraint: 0; goods; {good:0}
IIS Constraint: 1; goods; {good:1}
IIS Constraint: 2; goods; {good:2}
IIS Constraint: 4; goods; {good:4}
IIS Constraint: 6; goods; {good:6}
IIS Constraint: 8; goods; {good:8}
IIS Constraint: 9; goods; {good:9}
IIS Constraint: 10; goods; {good:10}
IIS Constraint: 11; goods; {good:11}
IIS Constraint: 12; goods; {good:12}
IIS Constraint: 14; goods; {good:14}
IIS Constraint: 15; goods; {good:15}
IIS Constraint: 18; goods; {good:18}
IIS Constraint: 22; goods; {good:22}
IIS Constraint: 24; goods; {good:24}
IIS Constraint: 31; query; {good:7,query:8}
IIS Constraint: 32; max; {f:8.610128000000001,objective:max}
