IIS generation
Instance: paths-16-50-200000
----------------------------
Query: 11
Query element:10
Query element:0
Query scope: 4
Query scope: 26
Query scope: 31
Query scope: 35
----------------------------
IIS optimality: suboptimal
IIS solution time: 0.03236
IIS Constraint: 0; goods; {good:0}
IIS Constraint: 1; goods; {good:1}
IIS Constraint: 2; goods; {good:2}
IIS Constraint: 3; goods; {good:3}
IIS Constraint: 4; goods; {good:4}
IIS Constraint: 5; goods; {good:5}
IIS Constraint: 7; goods; {good:7}
IIS Constraint: 8; goods; {good:8}
IIS Constraint: 10; goods; {good:10}
IIS Constraint: 12; goods; {good:12}
IIS Constraint: 13; goods; {good:13}
IIS Constraint: 15; goods; {good:15}
IIS Constraint: 16; goods; {good:16}
IIS Constraint: 18; goods; {good:18}
IIS Constraint: 20; goods; {good:20}
IIS Constraint: 32; query; {goods:[10,0],query:11}
IIS Constraint: 33; max; {f:9.226461,objective:max}
