IIS generation
Instance: matching-16-50-840000
----------------------------
Query: 11
Query element:14
Query element:9
Query scope: 4
Query scope: 20
Query scope: 26
Query scope: 35
----------------------------
IIS optimality: suboptimal
IIS solution time: 0.02152
IIS Constraint: 0; goods; {good:0}
IIS Constraint: 1; goods; {good:1}
IIS Constraint: 5; goods; {good:5}
IIS Constraint: 9; goods; {good:9}
IIS Constraint: 12; goods; {good:12}
IIS Constraint: 13; goods; {good:13}
IIS Constraint: 35; query; {goods:[14,9],query:11}
IIS Constraint: 36; max; {f:58.922920000000005,objective:max}
