IIS generation
Instance: paths-16-50-90000
----------------------------
Query: 7
Query element:8
Query scope: 26
Query scope: 47
----------------------------
IIS optimality: suboptimal
IIS solution time: 0.03876
IIS Constraint: 0; goods; {good:0}
IIS Constraint: 1; goods; {good:1}
IIS Constraint: 2; goods; {good:2}
IIS Constraint: 3; goods; {good:3}
IIS Constraint: 4; goods; {good:4}
IIS Constraint: 5; goods; {good:5}
IIS Constraint: 6; goods; {good:6}
IIS Constraint: 7; goods; {good:7}
IIS Constraint: 11; goods; {good:11}
IIS Constraint: 13; goods; {good:13}
IIS Constraint: 14; goods; {good:14}
IIS Constraint: 15; goods; {good:15}
IIS Constraint: 25; goods; {good:25}
IIS Constraint: 31; query; {good:8,query:7}
IIS Constraint: 32; max; {f:8.157274000000001,objective:max}
