IIS generation
Instance: paths-16-50-300000
----------------------------
Query: 2
Query element:11
Query scope: 11
----------------------------
IIS optimality: suboptimal
IIS solution time: 0.02019
IIS Constraint: 0; goods; {good:0}
IIS Constraint: 1; goods; {good:1}
IIS Constraint: 3; goods; {good:3}
IIS Constraint: 4; goods; {good:4}
IIS Constraint: 7; goods; {good:7}
IIS Constraint: 8; goods; {good:8}
IIS Constraint: 9; goods; {good:9}
IIS Constraint: 11; goods; {good:11}
IIS Constraint: 13; goods; {good:13}
IIS Constraint: 29; query; {bid:11,query:2}
IIS Constraint: 30; max; {f:9.679793,objective:max}
