IIS generation
Instance: matching-256-500-350000
----------------------------
Query: 10
Query element:33
Query element:46
Query scope: 200
----------------------------
IIS optimality: suboptimal
IIS solution time: 97.09460
IIS Constraint: 18; goods; {good:18}
IIS Constraint: 22; goods; {good:22}
IIS Constraint: 26; goods; {good:26}
IIS Constraint: 30; goods; {good:30}
IIS Constraint: 37; goods; {good:37}
IIS Constraint: 38; goods; {good:38}
IIS Constraint: 45; goods; {good:45}
IIS Constraint: 54; goods; {good:54}
IIS Constraint: 60; goods; {good:60}
IIS Constraint: 64; goods; {good:64}
IIS Constraint: 68; goods; {good:68}
IIS Constraint: 72; goods; {good:72}
IIS Constraint: 76; goods; {good:76}
IIS Constraint: 80; goods; {good:80}
IIS Constraint: 100; goods; {good:100}
IIS Constraint: 111; goods; {good:111}
IIS Constraint: 121; goods; {good:121}
IIS Constraint: 126; goods; {good:126}
IIS Constraint: 129; goods; {good:129}
IIS Constraint: 183; goods; {good:183}
IIS Constraint: 187; goods; {good:187}
IIS Constraint: 191; goods; {good:191}
IIS Constraint: 194; goods; {good:194}
IIS Constraint: 195; goods; {good:195}
IIS Constraint: 208; goods; {good:208}
IIS Constraint: 212; goods; {good:212}
IIS Constraint: 216; goods; {good:216}
IIS Constraint: 220; goods; {good:220}
IIS Constraint: 224; goods; {good:224}
IIS Constraint: 256; goods; {good:256}
IIS Constraint: 257; goods; {good:257}
IIS Constraint: 258; goods; {good:258}
IIS Constraint: 259; goods; {good:259}
IIS Constraint: 260; goods; {good:260}
IIS Constraint: 262; goods; {good:262}
IIS Constraint: 263; goods; {good:263}
IIS Constraint: 264; goods; {good:264}
IIS Constraint: 265; goods; {good:265}
IIS Constraint: 266; goods; {good:266}
IIS Constraint: 267; goods; {good:267}
IIS Constraint: 268; goods; {good:268}
IIS Constraint: 269; goods; {good:269}
IIS Constraint: 270; goods; {good:270}
IIS Constraint: 271; goods; {good:271}
IIS Constraint: 272; goods; {good:272}
IIS Constraint: 274; goods; {good:274}
IIS Constraint: 275; goods; {good:275}
IIS Constraint: 276; goods; {good:276}
IIS Constraint: 277; goods; {good:277}
IIS Constraint: 279; goods; {good:279}
IIS Constraint: 280; goods; {good:280}
IIS Constraint: 281; goods; {good:281}
IIS Constraint: 282; goods; {good:282}
IIS Constraint: 283; goods; {good:283}
IIS Constraint: 284; goods; {good:284}
IIS Constraint: 285; goods; {good:285}
IIS Constraint: 286; goods; {good:286}
IIS Constraint: 287; goods; {good:287}
IIS Constraint: 288; goods; {good:288}
IIS Constraint: 289; goods; {good:289}
IIS Constraint: 290; goods; {good:290}
IIS Constraint: 291; goods; {good:291}
IIS Constraint: 292; goods; {good:292}
IIS Constraint: 293; goods; {good:293}
IIS Constraint: 294; goods; {good:294}
IIS Constraint: 295; goods; {good:295}
IIS Constraint: 296; goods; {good:296}
IIS Constraint: 297; goods; {good:297}
IIS Constraint: 298; goods; {good:298}
IIS Constraint: 299; goods; {good:299}
IIS Constraint: 300; goods; {good:300}
IIS Constraint: 303; goods; {good:303}
IIS Constraint: 304; goods; {good:304}
IIS Constraint: 305; goods; {good:305}
IIS Constraint: 307; goods; {good:307}
IIS Constraint: 308; query; {goods:[33,46],query:10}
IIS Constraint: 309; max; {f:348.33124000000004,objective:max}
