IIS generation
Instance: regions-256-500-140000
----------------------------
Query: 9
Query element:241
Query element:91
Query scope: 74
Query scope: 151
Query scope: 170
Query scope: 172
Query scope: 173
Query scope: 213
Query scope: 260
Query scope: 286
Query scope: 287
Query scope: 288
Query scope: 290
Query scope: 372
Query scope: 386
Query scope: 454
Query scope: 455
Query scope: 456
Query scope: 473
Query scope: 481
Query scope: 8
Query scope: 9
Query scope: 28
Query scope: 35
Query scope: 65
Query scope: 75
Query scope: 78
Query scope: 97
Query scope: 98
Query scope: 122
Query scope: 152
Query scope: 169
Query scope: 194
Query scope: 211
Query scope: 212
Query scope: 214
Query scope: 215
Query scope: 226
Query scope: 239
Query scope: 240
Query scope: 243
Query scope: 263
Query scope: 326
Query scope: 341
Query scope: 342
Query scope: 344
Query scope: 345
Query scope: 346
Query scope: 357
Query scope: 371
Query scope: 406
Query scope: 407
Query scope: 409
Query scope: 412
Query scope: 437
Query scope: 440
Query scope: 492
Query scope: 496
----------------------------
IIS optimality: optimal
IIS solution time: 36014.03409
