IIS generation
Instance: paths-256-500-620000
----------------------------
Query: 9
Query element:180
Query element:176
Query scope: 45
Query scope: 47
Query scope: 48
Query scope: 49
Query scope: 151
Query scope: 152
----------------------------
IIS optimality: suboptimal
IIS solution time: 15906.82571
IIS Constraint: 0; goods; {good:0}
IIS Constraint: 1; goods; {good:1}
IIS Constraint: 4; goods; {good:4}
IIS Constraint: 9; goods; {good:9}
IIS Constraint: 11; goods; {good:11}
IIS Constraint: 12; goods; {good:12}
IIS Constraint: 13; goods; {good:13}
IIS Constraint: 14; goods; {good:14}
IIS Constraint: 16; goods; {good:16}
IIS Constraint: 17; goods; {good:17}
IIS Constraint: 21; goods; {good:21}
IIS Constraint: 22; goods; {good:22}
IIS Constraint: 25; goods; {good:25}
IIS Constraint: 29; goods; {good:29}
IIS Constraint: 30; goods; {good:30}
IIS Constraint: 31; goods; {good:31}
IIS Constraint: 32; goods; {good:32}
IIS Constraint: 33; goods; {good:33}
IIS Constraint: 34; goods; {good:34}
IIS Constraint: 35; goods; {good:35}
IIS Constraint: 38; goods; {good:38}
IIS Constraint: 39; goods; {good:39}
IIS Constraint: 41; goods; {good:41}
IIS Constraint: 42; goods; {good:42}
IIS Constraint: 43; goods; {good:43}
IIS Constraint: 44; goods; {good:44}
IIS Constraint: 45; goods; {good:45}
IIS Constraint: 48; goods; {good:48}
IIS Constraint: 52; goods; {good:52}
IIS Constraint: 53; goods; {good:53}
IIS Constraint: 56; goods; {good:56}
IIS Constraint: 57; goods; {good:57}
IIS Constraint: 58; goods; {good:58}
IIS Constraint: 60; goods; {good:60}
IIS Constraint: 61; goods; {good:61}
IIS Constraint: 64; goods; {good:64}
IIS Constraint: 65; goods; {good:65}
IIS Constraint: 67; goods; {good:67}
IIS Constraint: 73; goods; {good:73}
IIS Constraint: 74; goods; {good:74}
IIS Constraint: 75; goods; {good:75}
IIS Constraint: 76; goods; {good:76}
IIS Constraint: 77; goods; {good:77}
IIS Constraint: 78; goods; {good:78}
IIS Constraint: 79; goods; {good:79}
IIS Constraint: 81; goods; {good:81}
IIS Constraint: 88; goods; {good:88}
IIS Constraint: 94; goods; {good:94}
IIS Constraint: 98; goods; {good:98}
IIS Constraint: 99; goods; {good:99}
IIS Constraint: 101; goods; {good:101}
IIS Constraint: 102; goods; {good:102}
IIS Constraint: 109; goods; {good:109}
IIS Constraint: 111; goods; {good:111}
IIS Constraint: 113; goods; {good:113}
IIS Constraint: 115; goods; {good:115}
IIS Constraint: 117; goods; {good:117}
IIS Constraint: 119; goods; {good:119}
IIS Constraint: 120; goods; {good:120}
IIS Constraint: 121; goods; {good:121}
IIS Constraint: 122; goods; {good:122}
IIS Constraint: 124; goods; {good:124}
IIS Constraint: 125; goods; {good:125}
IIS Constraint: 126; goods; {good:126}
IIS Constraint: 127; goods; {good:127}
IIS Constraint: 132; goods; {good:132}
IIS Constraint: 142; goods; {good:142}
IIS Constraint: 144; goods; {good:144}
IIS Constraint: 149; goods; {good:149}
IIS Constraint: 150; goods; {good:150}
IIS Constraint: 156; goods; {good:156}
IIS Constraint: 162; goods; {good:162}
IIS Constraint: 164; goods; {good:164}
IIS Constraint: 165; goods; {good:165}
IIS Constraint: 168; goods; {good:168}
IIS Constraint: 172; goods; {good:172}
IIS Constraint: 178; goods; {good:178}
IIS Constraint: 183; goods; {good:183}
IIS Constraint: 191; goods; {good:191}
IIS Constraint: 193; goods; {good:193}
IIS Constraint: 206; goods; {good:206}
IIS Constraint: 208; goods; {good:208}
IIS Constraint: 216; goods; {good:216}
IIS Constraint: 221; goods; {good:221}
IIS Constraint: 226; goods; {good:226}
IIS Constraint: 228; goods; {good:228}
IIS Constraint: 234; goods; {good:234}
IIS Constraint: 235; goods; {good:235}
IIS Constraint: 237; goods; {good:237}
IIS Constraint: 239; goods; {good:239}
IIS Constraint: 242; goods; {good:242}
IIS Constraint: 245; goods; {good:245}
IIS Constraint: 251; goods; {good:251}
IIS Constraint: 253; goods; {good:253}
IIS Constraint: 255; goods; {good:255}
IIS Constraint: 258; goods; {good:258}
IIS Constraint: 263; goods; {good:263}
IIS Constraint: 268; goods; {good:268}
IIS Constraint: 273; goods; {good:273}
IIS Constraint: 274; goods; {good:274}
IIS Constraint: 292; goods; {good:292}
IIS Constraint: 294; goods; {good:294}
IIS Constraint: 296; goods; {good:296}
IIS Constraint: 304; goods; {good:304}
IIS Constraint: 314; goods; {good:314}
IIS Constraint: 317; goods; {good:317}
IIS Constraint: 326; goods; {good:326}
IIS Constraint: 330; goods; {good:330}
IIS Constraint: 347; goods; {good:347}
IIS Constraint: 478; query; {good:180,query:9}
IIS Constraint: 480; max; {f:48.8398595,objective:max}
