IIS generation
Instance: arbitrary-256-500-820000
----------------------------
Query: 9
Query element:122
Query element:95
Query scope: 1
Query scope: 33
Query scope: 100
Query scope: 131
Query scope: 176
Query scope: 203
Query scope: 207
Query scope: 244
Query scope: 255
Query scope: 273
Query scope: 325
Query scope: 336
Query scope: 353
Query scope: 355
Query scope: 386
Query scope: 403
Query scope: 410
Query scope: 418
Query scope: 428
Query scope: 490
Query scope: 492
Query scope: 496
Query scope: 35
Query scope: 36
Query scope: 102
Query scope: 116
Query scope: 118
Query scope: 121
Query scope: 174
Query scope: 213
Query scope: 235
Query scope: 258
Query scope: 260
Query scope: 292
Query scope: 305
Query scope: 335
Query scope: 341
Query scope: 412
Query scope: 437
Query scope: 464
Query scope: 477
Query scope: 495
----------------------------
IIS optimality: optimal
IIS solution time: 36036.42194
