IIS generation
Instance: paths-256-500-820000
----------------------------
Query: 7
Query element:80
Query scope: 23
Query scope: 47
Query scope: 48
Query scope: 50
Query scope: 51
Query scope: 199
Query scope: 200
Query scope: 226
Query scope: 228
Query scope: 230
Query scope: 255
Query scope: 256
Query scope: 257
Query scope: 258
Query scope: 259
Query scope: 281
Query scope: 302
Query scope: 303
Query scope: 312
Query scope: 313
Query scope: 385
Query scope: 386
Query scope: 387
Query scope: 388
Query scope: 389
Query scope: 436
Query scope: 438
Query scope: 451
Query scope: 452
----------------------------
IIS optimality: suboptimal
IIS solution time: 3502.19814
IIS Constraint: 0; goods; {good:0}
IIS Constraint: 2; goods; {good:2}
IIS Constraint: 4; goods; {good:4}
IIS Constraint: 5; goods; {good:5}
IIS Constraint: 8; goods; {good:8}
IIS Constraint: 9; goods; {good:9}
IIS Constraint: 10; goods; {good:10}
IIS Constraint: 13; goods; {good:13}
IIS Constraint: 16; goods; {good:16}
IIS Constraint: 19; goods; {good:19}
IIS Constraint: 20; goods; {good:20}
IIS Constraint: 24; goods; {good:24}
IIS Constraint: 29; goods; {good:29}
IIS Constraint: 30; goods; {good:30}
IIS Constraint: 31; goods; {good:31}
IIS Constraint: 32; goods; {good:32}
IIS Constraint: 33; goods; {good:33}
IIS Constraint: 39; goods; {good:39}
IIS Constraint: 40; goods; {good:40}
IIS Constraint: 49; goods; {good:49}
IIS Constraint: 50; goods; {good:50}
IIS Constraint: 55; goods; {good:55}
IIS Constraint: 56; goods; {good:56}
IIS Constraint: 59; goods; {good:59}
IIS Constraint: 61; goods; {good:61}
IIS Constraint: 62; goods; {good:62}
IIS Constraint: 63; goods; {good:63}
IIS Constraint: 66; goods; {good:66}
IIS Constraint: 69; goods; {good:69}
IIS Constraint: 70; goods; {good:70}
IIS Constraint: 71; goods; {good:71}
IIS Constraint: 73; goods; {good:73}
IIS Constraint: 74; goods; {good:74}
IIS Constraint: 75; goods; {good:75}
IIS Constraint: 76; goods; {good:76}
IIS Constraint: 81; goods; {good:81}
IIS Constraint: 83; goods; {good:83}
IIS Constraint: 86; goods; {good:86}
IIS Constraint: 89; goods; {good:89}
IIS Constraint: 91; goods; {good:91}
IIS Constraint: 94; goods; {good:94}
IIS Constraint: 101; goods; {good:101}
IIS Constraint: 104; goods; {good:104}
IIS Constraint: 105; goods; {good:105}
IIS Constraint: 110; goods; {good:110}
IIS Constraint: 111; goods; {good:111}
IIS Constraint: 112; goods; {good:112}
IIS Constraint: 113; goods; {good:113}
IIS Constraint: 117; goods; {good:117}
IIS Constraint: 126; goods; {good:126}
IIS Constraint: 127; goods; {good:127}
IIS Constraint: 129; goods; {good:129}
IIS Constraint: 131; goods; {good:131}
IIS Constraint: 133; goods; {good:133}
IIS Constraint: 136; goods; {good:136}
IIS Constraint: 140; goods; {good:140}
IIS Constraint: 151; goods; {good:151}
IIS Constraint: 154; goods; {good:154}
IIS Constraint: 155; goods; {good:155}
IIS Constraint: 156; goods; {good:156}
IIS Constraint: 158; goods; {good:158}
IIS Constraint: 159; goods; {good:159}
IIS Constraint: 165; goods; {good:165}
IIS Constraint: 175; goods; {good:175}
IIS Constraint: 184; goods; {good:184}
IIS Constraint: 186; goods; {good:186}
IIS Constraint: 192; goods; {good:192}
IIS Constraint: 202; goods; {good:202}
IIS Constraint: 206; goods; {good:206}
IIS Constraint: 209; goods; {good:209}
IIS Constraint: 214; goods; {good:214}
IIS Constraint: 215; goods; {good:215}
IIS Constraint: 218; goods; {good:218}
IIS Constraint: 227; goods; {good:227}
IIS Constraint: 231; goods; {good:231}
IIS Constraint: 232; goods; {good:232}
IIS Constraint: 244; goods; {good:244}
IIS Constraint: 268; goods; {good:268}
IIS Constraint: 270; goods; {good:270}
IIS Constraint: 282; goods; {good:282}
IIS Constraint: 286; goods; {good:286}
IIS Constraint: 292; goods; {good:292}
IIS Constraint: 344; goods; {good:344}
IIS Constraint: 356; goods; {good:356}
IIS Constraint: 484; query; {good:80,query:7}
IIS Constraint: 485; max; {f:48.267842099999996,objective:max}
