IIS generation
Instance: paths-256-500-980000
----------------------------
Query: 8
Query element:201
Query scope: 125
Query scope: 200
Query scope: 202
Query scope: 266
----------------------------
IIS optimality: suboptimal
IIS solution time: 5910.16035
IIS Constraint: 2; goods; {good:2}
IIS Constraint: 4; goods; {good:4}
IIS Constraint: 5; goods; {good:5}
IIS Constraint: 9; goods; {good:9}
IIS Constraint: 11; goods; {good:11}
IIS Constraint: 12; goods; {good:12}
IIS Constraint: 13; goods; {good:13}
IIS Constraint: 15; goods; {good:15}
IIS Constraint: 17; goods; {good:17}
IIS Constraint: 19; goods; {good:19}
IIS Constraint: 22; goods; {good:22}
IIS Constraint: 26; goods; {good:26}
IIS Constraint: 30; goods; {good:30}
IIS Constraint: 34; goods; {good:34}
IIS Constraint: 36; goods; {good:36}
IIS Constraint: 37; goods; {good:37}
IIS Constraint: 38; goods; {good:38}
IIS Constraint: 43; goods; {good:43}
IIS Constraint: 45; goods; {good:45}
IIS Constraint: 46; goods; {good:46}
IIS Constraint: 50; goods; {good:50}
IIS Constraint: 51; goods; {good:51}
IIS Constraint: 52; goods; {good:52}
IIS Constraint: 53; goods; {good:53}
IIS Constraint: 61; goods; {good:61}
IIS Constraint: 62; goods; {good:62}
IIS Constraint: 63; goods; {good:63}
IIS Constraint: 66; goods; {good:66}
IIS Constraint: 67; goods; {good:67}
IIS Constraint: 68; goods; {good:68}
IIS Constraint: 69; goods; {good:69}
IIS Constraint: 71; goods; {good:71}
IIS Constraint: 72; goods; {good:72}
IIS Constraint: 80; goods; {good:80}
IIS Constraint: 83; goods; {good:83}
IIS Constraint: 85; goods; {good:85}
IIS Constraint: 86; goods; {good:86}
IIS Constraint: 88; goods; {good:88}
IIS Constraint: 92; goods; {good:92}
IIS Constraint: 94; goods; {good:94}
IIS Constraint: 96; goods; {good:96}
IIS Constraint: 97; goods; {good:97}
IIS Constraint: 100; goods; {good:100}
IIS Constraint: 101; goods; {good:101}
IIS Constraint: 102; goods; {good:102}
IIS Constraint: 103; goods; {good:103}
IIS Constraint: 104; goods; {good:104}
IIS Constraint: 106; goods; {good:106}
IIS Constraint: 107; goods; {good:107}
IIS Constraint: 108; goods; {good:108}
IIS Constraint: 112; goods; {good:112}
IIS Constraint: 113; goods; {good:113}
IIS Constraint: 114; goods; {good:114}
IIS Constraint: 116; goods; {good:116}
IIS Constraint: 117; goods; {good:117}
IIS Constraint: 121; goods; {good:121}
IIS Constraint: 122; goods; {good:122}
IIS Constraint: 123; goods; {good:123}
IIS Constraint: 129; goods; {good:129}
IIS Constraint: 132; goods; {good:132}
IIS Constraint: 140; goods; {good:140}
IIS Constraint: 149; goods; {good:149}
IIS Constraint: 150; goods; {good:150}
IIS Constraint: 154; goods; {good:154}
IIS Constraint: 163; goods; {good:163}
IIS Constraint: 166; goods; {good:166}
IIS Constraint: 177; goods; {good:177}
IIS Constraint: 180; goods; {good:180}
IIS Constraint: 181; goods; {good:181}
IIS Constraint: 183; goods; {good:183}
IIS Constraint: 187; goods; {good:187}
IIS Constraint: 188; goods; {good:188}
IIS Constraint: 191; goods; {good:191}
IIS Constraint: 192; goods; {good:192}
IIS Constraint: 204; goods; {good:204}
IIS Constraint: 206; goods; {good:206}
IIS Constraint: 210; goods; {good:210}
IIS Constraint: 211; goods; {good:211}
IIS Constraint: 212; goods; {good:212}
IIS Constraint: 215; goods; {good:215}
IIS Constraint: 227; goods; {good:227}
IIS Constraint: 236; goods; {good:236}
IIS Constraint: 253; goods; {good:253}
IIS Constraint: 258; goods; {good:258}
IIS Constraint: 266; goods; {good:266}
IIS Constraint: 273; goods; {good:273}
IIS Constraint: 287; goods; {good:287}
IIS Constraint: 292; goods; {good:292}
IIS Constraint: 298; goods; {good:298}
IIS Constraint: 300; goods; {good:300}
IIS Constraint: 301; goods; {good:301}
IIS Constraint: 302; goods; {good:302}
IIS Constraint: 312; goods; {good:312}
IIS Constraint: 321; goods; {good:321}
IIS Constraint: 332; goods; {good:332}
IIS Constraint: 483; query; {good:201,query:8}
IIS Constraint: 484; max; {f:53.89240300000001,objective:max}
