IIS generation
Instance: arbitrary-256-500-450000
----------------------------
Query: 8
Query element:219
Query scope: 14
Query scope: 23
Query scope: 26
Query scope: 27
Query scope: 30
Query scope: 47
Query scope: 89
Query scope: 165
Query scope: 311
Query scope: 320
Query scope: 348
Query scope: 391
Query scope: 396
Query scope: 412
Query scope: 414
Query scope: 419
Query scope: 465
Query scope: 488
Query scope: 490
Query scope: 497
----------------------------
IIS optimality: optimal
IIS solution time: 36012.07537
