IIS generation
Instance: matching-256-500-730000
----------------------------
Query: 1
Query element:442
Query scope: 442
----------------------------
IIS optimality: suboptimal
IIS solution time: 103.83065
IIS Constraint: 0; goods; {good:0}
IIS Constraint: 37; goods; {good:37}
IIS Constraint: 41; goods; {good:41}
IIS Constraint: 45; goods; {good:45}
IIS Constraint: 49; goods; {good:49}
IIS Constraint: 56; goods; {good:56}
IIS Constraint: 76; goods; {good:76}
IIS Constraint: 84; goods; {good:84}
IIS Constraint: 86; goods; {good:86}
IIS Constraint: 90; goods; {good:90}
IIS Constraint: 93; goods; {good:93}
IIS Constraint: 96; goods; {good:96}
IIS Constraint: 97; goods; {good:97}
IIS Constraint: 101; goods; {good:101}
IIS Constraint: 105; goods; {good:105}
IIS Constraint: 109; goods; {good:109}
IIS Constraint: 113; goods; {good:113}
IIS Constraint: 201; goods; {good:201}
IIS Constraint: 205; goods; {good:205}
IIS Constraint: 209; goods; {good:209}
IIS Constraint: 213; goods; {good:213}
IIS Constraint: 217; goods; {good:217}
IIS Constraint: 231; goods; {good:231}
IIS Constraint: 237; goods; {good:237}
IIS Constraint: 241; goods; {good:241}
IIS Constraint: 245; goods; {good:245}
IIS Constraint: 249; goods; {good:249}
IIS Constraint: 253; goods; {good:253}
IIS Constraint: 256; goods; {good:256}
IIS Constraint: 257; goods; {good:257}
IIS Constraint: 258; goods; {good:258}
IIS Constraint: 259; goods; {good:259}
IIS Constraint: 260; goods; {good:260}
IIS Constraint: 264; goods; {good:264}
IIS Constraint: 265; goods; {good:265}
IIS Constraint: 266; goods; {good:266}
IIS Constraint: 267; goods; {good:267}
IIS Constraint: 268; goods; {good:268}
IIS Constraint: 269; goods; {good:269}
IIS Constraint: 271; goods; {good:271}
IIS Constraint: 273; goods; {good:273}
IIS Constraint: 274; goods; {good:274}
IIS Constraint: 275; goods; {good:275}
IIS Constraint: 276; goods; {good:276}
IIS Constraint: 277; goods; {good:277}
IIS Constraint: 278; goods; {good:278}
IIS Constraint: 279; goods; {good:279}
IIS Constraint: 280; goods; {good:280}
IIS Constraint: 281; goods; {good:281}
IIS Constraint: 282; goods; {good:282}
IIS Constraint: 283; goods; {good:283}
IIS Constraint: 284; goods; {good:284}
IIS Constraint: 285; goods; {good:285}
IIS Constraint: 287; goods; {good:287}
IIS Constraint: 288; goods; {good:288}
IIS Constraint: 289; goods; {good:289}
IIS Constraint: 290; goods; {good:290}
IIS Constraint: 291; goods; {good:291}
IIS Constraint: 293; goods; {good:293}
IIS Constraint: 294; goods; {good:294}
IIS Constraint: 295; goods; {good:295}
IIS Constraint: 296; goods; {good:296}
IIS Constraint: 297; goods; {good:297}
IIS Constraint: 299; goods; {good:299}
IIS Constraint: 300; goods; {good:300}
IIS Constraint: 301; goods; {good:301}
IIS Constraint: 302; goods; {good:302}
IIS Constraint: 303; goods; {good:303}
IIS Constraint: 304; goods; {good:304}
IIS Constraint: 305; goods; {good:305}
IIS Constraint: 306; goods; {good:306}
IIS Constraint: 308; query; {bid:442,query:1}
IIS Constraint: 309; max; {f:277.854154,objective:max}
