IIS generation
Instance: paths-256-500-770000
----------------------------
Query: 11
Query element:96
Query element:176
Query scope: 277
----------------------------
IIS optimality: suboptimal
IIS solution time: 8982.97053
IIS Constraint: 5; goods; {good:5}
IIS Constraint: 7; goods; {good:7}
IIS Constraint: 9; goods; {good:9}
IIS Constraint: 10; goods; {good:10}
IIS Constraint: 15; goods; {good:15}
IIS Constraint: 16; goods; {good:16}
IIS Constraint: 19; goods; {good:19}
IIS Constraint: 20; goods; {good:20}
IIS Constraint: 21; goods; {good:21}
IIS Constraint: 22; goods; {good:22}
IIS Constraint: 27; goods; {good:27}
IIS Constraint: 29; goods; {good:29}
IIS Constraint: 30; goods; {good:30}
IIS Constraint: 31; goods; {good:31}
IIS Constraint: 32; goods; {good:32}
IIS Constraint: 34; goods; {good:34}
IIS Constraint: 36; goods; {good:36}
IIS Constraint: 41; goods; {good:41}
IIS Constraint: 42; goods; {good:42}
IIS Constraint: 44; goods; {good:44}
IIS Constraint: 46; goods; {good:46}
IIS Constraint: 47; goods; {good:47}
IIS Constraint: 48; goods; {good:48}
IIS Constraint: 50; goods; {good:50}
IIS Constraint: 51; goods; {good:51}
IIS Constraint: 53; goods; {good:53}
IIS Constraint: 54; goods; {good:54}
IIS Constraint: 57; goods; {good:57}
IIS Constraint: 58; goods; {good:58}
IIS Constraint: 62; goods; {good:62}
IIS Constraint: 64; goods; {good:64}
IIS Constraint: 65; goods; {good:65}
IIS Constraint: 66; goods; {good:66}
IIS Constraint: 67; goods; {good:67}
IIS Constraint: 68; goods; {good:68}
IIS Constraint: 70; goods; {good:70}
IIS Constraint: 71; goods; {good:71}
IIS Constraint: 74; goods; {good:74}
IIS Constraint: 75; goods; {good:75}
IIS Constraint: 77; goods; {good:77}
IIS Constraint: 80; goods; {good:80}
IIS Constraint: 85; goods; {good:85}
IIS Constraint: 89; goods; {good:89}
IIS Constraint: 91; goods; {good:91}
IIS Constraint: 92; goods; {good:92}
IIS Constraint: 93; goods; {good:93}
IIS Constraint: 94; goods; {good:94}
IIS Constraint: 95; goods; {good:95}
IIS Constraint: 96; goods; {good:96}
IIS Constraint: 103; goods; {good:103}
IIS Constraint: 104; goods; {good:104}
IIS Constraint: 110; goods; {good:110}
IIS Constraint: 111; goods; {good:111}
IIS Constraint: 113; goods; {good:113}
IIS Constraint: 118; goods; {good:118}
IIS Constraint: 119; goods; {good:119}
IIS Constraint: 120; goods; {good:120}
IIS Constraint: 122; goods; {good:122}
IIS Constraint: 123; goods; {good:123}
IIS Constraint: 124; goods; {good:124}
IIS Constraint: 126; goods; {good:126}
IIS Constraint: 127; goods; {good:127}
IIS Constraint: 129; goods; {good:129}
IIS Constraint: 131; goods; {good:131}
IIS Constraint: 137; goods; {good:137}
IIS Constraint: 139; goods; {good:139}
IIS Constraint: 144; goods; {good:144}
IIS Constraint: 145; goods; {good:145}
IIS Constraint: 148; goods; {good:148}
IIS Constraint: 150; goods; {good:150}
IIS Constraint: 152; goods; {good:152}
IIS Constraint: 155; goods; {good:155}
IIS Constraint: 160; goods; {good:160}
IIS Constraint: 161; goods; {good:161}
IIS Constraint: 163; goods; {good:163}
IIS Constraint: 164; goods; {good:164}
IIS Constraint: 166; goods; {good:166}
IIS Constraint: 172; goods; {good:172}
IIS Constraint: 176; goods; {good:176}
IIS Constraint: 179; goods; {good:179}
IIS Constraint: 180; goods; {good:180}
IIS Constraint: 182; goods; {good:182}
IIS Constraint: 183; goods; {good:183}
IIS Constraint: 186; goods; {good:186}
IIS Constraint: 187; goods; {good:187}
IIS Constraint: 189; goods; {good:189}
IIS Constraint: 190; goods; {good:190}
IIS Constraint: 191; goods; {good:191}
IIS Constraint: 192; goods; {good:192}
IIS Constraint: 195; goods; {good:195}
IIS Constraint: 197; goods; {good:197}
IIS Constraint: 200; goods; {good:200}
IIS Constraint: 202; goods; {good:202}
IIS Constraint: 203; goods; {good:203}
IIS Constraint: 205; goods; {good:205}
IIS Constraint: 208; goods; {good:208}
IIS Constraint: 211; goods; {good:211}
IIS Constraint: 215; goods; {good:215}
IIS Constraint: 218; goods; {good:218}
IIS Constraint: 219; goods; {good:219}
IIS Constraint: 221; goods; {good:221}
IIS Constraint: 222; goods; {good:222}
IIS Constraint: 232; goods; {good:232}
IIS Constraint: 235; goods; {good:235}
IIS Constraint: 245; goods; {good:245}
IIS Constraint: 250; goods; {good:250}
IIS Constraint: 256; goods; {good:256}
IIS Constraint: 262; goods; {good:262}
IIS Constraint: 264; goods; {good:264}
IIS Constraint: 267; goods; {good:267}
IIS Constraint: 279; goods; {good:279}
IIS Constraint: 298; goods; {good:298}
IIS Constraint: 303; goods; {good:303}
IIS Constraint: 308; goods; {good:308}
IIS Constraint: 318; goods; {good:318}
IIS Constraint: 330; goods; {good:330}
IIS Constraint: 495; query; {goods:[96,176],query:11}
IIS Constraint: 496; max; {f:52.7280626,objective:max}
