IIS generation
Instance: paths-256-500-860000
----------------------------
Query: 11
Query element:26
Query element:25
Query scope: 36
Query scope: 318
----------------------------
IIS optimality: suboptimal
IIS solution time: 4657.07599
IIS Constraint: 1; goods; {good:1}
IIS Constraint: 2; goods; {good:2}
IIS Constraint: 3; goods; {good:3}
IIS Constraint: 6; goods; {good:6}
IIS Constraint: 10; goods; {good:10}
IIS Constraint: 11; goods; {good:11}
IIS Constraint: 14; goods; {good:14}
IIS Constraint: 15; goods; {good:15}
IIS Constraint: 18; goods; {good:18}
IIS Constraint: 21; goods; {good:21}
IIS Constraint: 22; goods; {good:22}
IIS Constraint: 25; goods; {good:25}
IIS Constraint: 26; goods; {good:26}
IIS Constraint: 30; goods; {good:30}
IIS Constraint: 31; goods; {good:31}
IIS Constraint: 33; goods; {good:33}
IIS Constraint: 35; goods; {good:35}
IIS Constraint: 38; goods; {good:38}
IIS Constraint: 39; goods; {good:39}
IIS Constraint: 42; goods; {good:42}
IIS Constraint: 46; goods; {good:46}
IIS Constraint: 47; goods; {good:47}
IIS Constraint: 49; goods; {good:49}
IIS Constraint: 50; goods; {good:50}
IIS Constraint: 52; goods; {good:52}
IIS Constraint: 53; goods; {good:53}
IIS Constraint: 54; goods; {good:54}
IIS Constraint: 55; goods; {good:55}
IIS Constraint: 60; goods; {good:60}
IIS Constraint: 63; goods; {good:63}
IIS Constraint: 64; goods; {good:64}
IIS Constraint: 67; goods; {good:67}
IIS Constraint: 68; goods; {good:68}
IIS Constraint: 70; goods; {good:70}
IIS Constraint: 72; goods; {good:72}
IIS Constraint: 73; goods; {good:73}
IIS Constraint: 75; goods; {good:75}
IIS Constraint: 76; goods; {good:76}
IIS Constraint: 77; goods; {good:77}
IIS Constraint: 78; goods; {good:78}
IIS Constraint: 80; goods; {good:80}
IIS Constraint: 81; goods; {good:81}
IIS Constraint: 82; goods; {good:82}
IIS Constraint: 83; goods; {good:83}
IIS Constraint: 86; goods; {good:86}
IIS Constraint: 92; goods; {good:92}
IIS Constraint: 93; goods; {good:93}
IIS Constraint: 94; goods; {good:94}
IIS Constraint: 97; goods; {good:97}
IIS Constraint: 99; goods; {good:99}
IIS Constraint: 107; goods; {good:107}
IIS Constraint: 110; goods; {good:110}
IIS Constraint: 111; goods; {good:111}
IIS Constraint: 114; goods; {good:114}
IIS Constraint: 115; goods; {good:115}
IIS Constraint: 117; goods; {good:117}
IIS Constraint: 118; goods; {good:118}
IIS Constraint: 120; goods; {good:120}
IIS Constraint: 123; goods; {good:123}
IIS Constraint: 128; goods; {good:128}
IIS Constraint: 129; goods; {good:129}
IIS Constraint: 132; goods; {good:132}
IIS Constraint: 136; goods; {good:136}
IIS Constraint: 137; goods; {good:137}
IIS Constraint: 146; goods; {good:146}
IIS Constraint: 147; goods; {good:147}
IIS Constraint: 154; goods; {good:154}
IIS Constraint: 157; goods; {good:157}
IIS Constraint: 159; goods; {good:159}
IIS Constraint: 162; goods; {good:162}
IIS Constraint: 163; goods; {good:163}
IIS Constraint: 177; goods; {good:177}
IIS Constraint: 191; goods; {good:191}
IIS Constraint: 192; goods; {good:192}
IIS Constraint: 193; goods; {good:193}
IIS Constraint: 194; goods; {good:194}
IIS Constraint: 197; goods; {good:197}
IIS Constraint: 200; goods; {good:200}
IIS Constraint: 206; goods; {good:206}
IIS Constraint: 211; goods; {good:211}
IIS Constraint: 217; goods; {good:217}
IIS Constraint: 219; goods; {good:219}
IIS Constraint: 222; goods; {good:222}
IIS Constraint: 223; goods; {good:223}
IIS Constraint: 241; goods; {good:241}
IIS Constraint: 242; goods; {good:242}
IIS Constraint: 245; goods; {good:245}
IIS Constraint: 246; goods; {good:246}
IIS Constraint: 255; goods; {good:255}
IIS Constraint: 260; goods; {good:260}
IIS Constraint: 264; goods; {good:264}
IIS Constraint: 267; goods; {good:267}
IIS Constraint: 305; goods; {good:305}
IIS Constraint: 313; goods; {good:313}
IIS Constraint: 330; goods; {good:330}
IIS Constraint: 332; goods; {good:332}
IIS Constraint: 482; query; {goods:[26,25],query:11}
IIS Constraint: 483; max; {f:50.344108999999996,objective:max}
