IIS generation
Instance: arbitrary-256-500-770000
----------------------------
Query: 8
Query element:161
Query scope: 7
Query scope: 12
Query scope: 31
Query scope: 40
Query scope: 43
Query scope: 85
Query scope: 90
Query scope: 118
Query scope: 119
Query scope: 120
Query scope: 122
Query scope: 183
Query scope: 202
Query scope: 300
Query scope: 319
Query scope: 320
Query scope: 347
Query scope: 348
Query scope: 386
Query scope: 436
Query scope: 441
Query scope: 442
Query scope: 445
Query scope: 469
----------------------------
IIS optimality: optimal
IIS solution time: 36000.02439
