IIS generation
Iter 1: 
Min Hitting Set: []
Min Correction Subset: [3064]
Iter 2: 
Min Hitting Set: [3064]
Min Correction Subset: [336]
Iter 3: 
Min Hitting Set: [336, 3064]
Min Correction Subset: [3063]
Iter 4: 
Min Hitting Set: [336, 3063, 3064]
Min Correction Subset: [377, 378]
Iter 5: 
Min Hitting Set: [336, 377, 3063, 3064]
Min Correction Subset: [372, 378]
Iter 6: 
Min Hitting Set: [336, 378, 3063, 3064]
Min Correction Subset: [375, 377]
Iter 7: 
Min Hitting Set: [336, 377, 378, 3063, 3064]
Min Correction Subset: [372, 375]
Iter 8: 
Min Hitting Set: [336, 375, 378, 3063, 3064]
Min Correction Subset: [357, 377]
Iter 9: 
Min Hitting Set: [336, 372, 377, 3063, 3064]
Min Correction Subset: [365, 378]
Iter 10: 
Min Hitting Set: [336, 372, 377, 378, 3063, 3064]
Min Correction Subset: [365, 375]
Iter 11: 
Min Hitting Set: [336, 375, 377, 378, 3063, 3064]
Min Correction Subset: [357, 372]
Iter 12: 
Min Hitting Set: [336, 357, 375, 378, 3063, 3064]
Min Correction Subset: [347, 377]
Optimal IIS
IIS generation
Instance: j12059_1
----------------------------
Query: 2
Query element:87,420
Query scope: 50581
----------------------------
IIS optimality: suboptimal
IIS solution time: 17689.142
IIS Constraint: 336; precedence; {activity:108,predecessor:87}
IIS Constraint: 365; precedence; {activity:118,predecessor:108}
IIS Constraint: 372; precedence; {activity:120,predecessor:118}
IIS Constraint: 377; precedence; {activity:122,predecessor:120}
IIS Constraint: 3063; query; {activity:87,t:420,query:2}
IIS Constraint: 3064; max; {f:121.0,objective:max}
