IIS generation
Iter 1: 
Min Hitting Set: []
Min Correction Subset: [2926]
Iter 2: 
Min Hitting Set: [2926]
Min Correction Subset: [302]
Iter 3: 
Min Hitting Set: [302, 2926]
Min Correction Subset: [295]
Iter 4: 
Min Hitting Set: [295, 302, 2926]
Min Correction Subset: [289]
Iter 5: 
Min Hitting Set: [289, 295, 302, 2926]
Min Correction Subset: [273]
Iter 6: 
Min Hitting Set: [273, 289, 295, 302, 2926]
Min Correction Subset: [2925]
Optimal IIS
IIS generation
Instance: j12010_9
----------------------------
Query: 2
Query element:85,432
Query scope: 50579
----------------------------
IIS optimality: suboptimal
IIS solution time: 1531.632
IIS Constraint: 273; precedence; {activity:112,predecessor:85}
IIS Constraint: 289; precedence; {activity:117,predecessor:112}
IIS Constraint: 295; precedence; {activity:119,predecessor:117}
IIS Constraint: 302; precedence; {activity:122,predecessor:119}
IIS Constraint: 2925; query; {activity:85,t:432,query:2}
IIS Constraint: 2926; max; {f:77.0,objective:max}
