IIS generation
Iter 1: 
Min Hitting Set: []
Min Correction Subset: [3052]
Iter 2: 
Min Hitting Set: [3052]
Min Correction Subset: [3051]
Iter 3: 
Min Hitting Set: [3051, 3052]
Min Correction Subset: [376, 377]
Iter 4: 
Min Hitting Set: [376, 3051, 3052]
Min Correction Subset: [368, 377]
Iter 5: 
Min Hitting Set: [377, 3051, 3052]
Min Correction Subset: [366, 376]
Iter 6: 
Min Hitting Set: [376, 377, 3051, 3052]
Min Correction Subset: [366, 368]
Iter 7: 
Min Hitting Set: [366, 377, 3051, 3052]
Min Correction Subset: [372, 376]
Optimal IIS
IIS generation
Instance: j12043_10
----------------------------
Query: 2
Query element:86,529
Query scope: 50580
----------------------------
IIS optimality: suboptimal
IIS solution time: 2899.618
IIS Constraint: 368; precedence; {activity:119,predecessor:86}
IIS Constraint: 376; precedence; {activity:122,predecessor:119}
IIS Constraint: 3051; query; {activity:86,t:529,query:2}
IIS Constraint: 3052; max; {f:113.0,objective:max}
