IIS generation
Iter 1: 
Min Hitting Set: []
Min Correction Subset: [2779]
Iter 2: 
Min Hitting Set: [2779]
Min Correction Subset: [2778]
Iter 3: 
Min Hitting Set: [2778, 2779]
Min Correction Subset: [335, 341]
Iter 4: 
Min Hitting Set: [335, 2778, 2779]
Min Correction Subset: [340, 341]
Iter 5: 
Min Hitting Set: [341, 2778, 2779]
Min Correction Subset: [338, 340]
Iter 6: 
Min Hitting Set: [340, 341, 2778, 2779]
Min Correction Subset: [335, 338]
Iter 7: 
Min Hitting Set: [338, 341, 2778, 2779]
Min Correction Subset: [322, 340]
Iter 8: 
Min Hitting Set: [335, 340, 2778, 2779]
Min Correction Subset: [328, 341]
Iter 9: 
Min Hitting Set: [335, 340, 341, 2778, 2779]
Min Correction Subset: [328, 338]
Iter 10: 
Min Hitting Set: [338, 340, 341, 2778, 2779]
Min Correction Subset: [281, 335]
Iter 11: 
Min Hitting Set: [328, 335, 340, 2778, 2779]
Min Correction Subset: [314, 341]
Iter 12: 
Min Hitting Set: [328, 335, 340, 341, 2778, 2779]
Min Correction Subset: [320, 338]
Iter 13: 
Min Hitting Set: [335, 338, 340, 341, 2778, 2779]
Min Correction Subset: [322, 328]
Iter 14: 
Min Hitting Set: [322, 335, 338, 341, 2778, 2779]
Min Correction Subset: [287, 340]
Iter 15: 
Min Hitting Set: [322, 335, 338, 340, 341, 2778, 2779]
Min Correction Subset: [287, 328]
Iter 16: 
Min Hitting Set: [328, 335, 338, 340, 341, 2778, 2779]
Min Correction Subset: [320, 322]
Iter 17: 
Min Hitting Set: [320, 328, 335, 340, 341, 2778, 2779]
Min Correction Subset: [314, 338]
Iter 18: 
Min Hitting Set: [287, 322, 335, 338, 341, 2778, 2779]
Min Correction Subset: [281, 340]
