IIS generation
Iter 1: 
Min Hitting Set: []
Min Correction Subset: [2866]
Iter 2: 
Min Hitting Set: [2866]
Min Correction Subset: [304]
Iter 3: 
Min Hitting Set: [304, 2866]
Min Correction Subset: [300]
Iter 4: 
Min Hitting Set: [300, 304, 2866]
Min Correction Subset: [280]
Iter 5: 
Min Hitting Set: [280, 300, 304, 2866]
Min Correction Subset: [255]
Iter 6: 
Min Hitting Set: [255, 280, 300, 304, 2866]
Min Correction Subset: [2865]
Optimal IIS
IIS generation
Instance: j1203_4
----------------------------
Query: 2
Query element:86,362
Query scope: 50580
----------------------------
IIS optimality: suboptimal
IIS solution time: 7171.057
IIS Constraint: 255; precedence; {activity:102,predecessor:86}
IIS Constraint: 280; precedence; {activity:114,predecessor:102}
IIS Constraint: 300; precedence; {activity:121,predecessor:114}
IIS Constraint: 304; precedence; {activity:122,predecessor:121}
IIS Constraint: 2865; query; {activity:86,t:362,query:2}
IIS Constraint: 2866; max; {f:71.0,objective:max}
