IIS generation
Iter 1: 
Min Hitting Set: []
Min Correction Subset: [3159]
Iter 2: 
Min Hitting Set: [3159]
Min Correction Subset: [3158]
Iter 3: 
Min Hitting Set: [3158, 3159]
Min Correction Subset: [329, 331]
Iter 4: 
Min Hitting Set: [329, 3158, 3159]
Min Correction Subset: [339, 340]
Iter 5: 
Min Hitting Set: [329, 339, 3158, 3159]
Min Correction Subset: [305, 335]
Iter 6: 
Min Hitting Set: [305, 329, 339, 3158, 3159]
Min Correction Subset: [331, 335]
Iter 7: 
Min Hitting Set: [331, 335, 339, 3158, 3159]
Min Correction Subset: [305, 340]
Iter 8: 
Min Hitting Set: [305, 331, 340, 3158, 3159]
Min Correction Subset: [335, 339]
Iter 9: 
Min Hitting Set: [305, 331, 339, 3158, 3159]
Min Correction Subset: [247, 335]
Iter 10: 
Min Hitting Set: [331, 335, 340, 3158, 3159]
Min Correction Subset: [329, 339]
Iter 11: 
Min Hitting Set: [329, 335, 340, 3158, 3159]
Min Correction Subset: [305, 317]
Iter 12: 
Min Hitting Set: [305, 329, 335, 339, 3158, 3159]
Min Correction Subset: [331, 340]
Iter 13: 
Min Hitting Set: [305, 331, 335, 339, 3158, 3159]
Min Correction Subset: [288, 340]
Iter 14: 
Min Hitting Set: [305, 329, 335, 340, 3158, 3159]
Min Correction Subset: [288, 317]
Iter 15: 
Min Hitting Set: [317, 329, 335, 340, 3158, 3159]
Min Correction Subset: [247, 312]
Iter 16: 
Min Hitting Set: [247, 317, 329, 335, 340, 3158, 3159]
Min Correction Subset: [299, 312, 314]
Iter 17: 
Min Hitting Set: [312, 317, 329, 335, 340, 3158, 3159]
Min Correction Subset: [247, 260, 326]
IIS generation
Instance: j12028_7
----------------------------
Query: 2
Query element:81,149
Query scope: 50575
----------------------------
IIS optimality: suboptimal
IIS solution time: 36007.582
IIS Constraint: 312; precedence; {activity:113,predecessor:93}
IIS Constraint: 317; precedence; {activity:114,predecessor:113}
IIS Constraint: 329; precedence; {activity:118,predecessor:114}
IIS Constraint: 335; precedence; {activity:120,predecessor:118}
IIS Constraint: 340; precedence; {activity:122,predecessor:120}
IIS Constraint: 3158; query; {activity:81,t:149,query:2}
IIS Constraint: 3159; max; {f:123.0,objective:max}
