IIS generation
Iter 1: 
Min Hitting Set: []
Min Correction Subset: [2999]
Iter 2: 
Min Hitting Set: [2999]
Min Correction Subset: [339]
Iter 3: 
Min Hitting Set: [339, 2999]
Min Correction Subset: [326]
Iter 4: 
Min Hitting Set: [326, 339, 2999]
Min Correction Subset: [332]
Iter 5: 
Min Hitting Set: [326, 332, 339, 2999]
Min Correction Subset: [322]
Iter 6: 
Min Hitting Set: [322, 326, 332, 339, 2999]
Min Correction Subset: [2998]
Iter 7: 
Min Hitting Set: [322, 326, 332, 339, 2998, 2999]
Min Correction Subset: [307, 308]
Iter 8: 
Min Hitting Set: [307, 322, 326, 332, 339, 2998, 2999]
Min Correction Subset: [297, 308]
Iter 9: 
Min Hitting Set: [308, 322, 326, 332, 339, 2998, 2999]
Min Correction Subset: [302, 307]
Iter 10: 
Min Hitting Set: [307, 308, 322, 326, 332, 339, 2998, 2999]
Min Correction Subset: [297, 302]
Iter 11: 
Min Hitting Set: [302, 308, 322, 326, 332, 339, 2998, 2999]
Min Correction Subset: [283, 307, 320, 334]
IIS generation
Instance: j12034_5
----------------------------
Query: 2
Query element:86,288
Query scope: 50580
----------------------------
IIS optimality: suboptimal
IIS solution time: 36009.553
IIS Constraint: 302; precedence; {activity:109,predecessor:102}
IIS Constraint: 308; precedence; {activity:111,predecessor:109}
IIS Constraint: 322; precedence; {activity:116,predecessor:111}
IIS Constraint: 326; precedence; {activity:117,predecessor:116}
IIS Constraint: 332; precedence; {activity:119,predecessor:117}
IIS Constraint: 339; precedence; {activity:122,predecessor:119}
IIS Constraint: 2998; query; {activity:86,t:288,query:2}
IIS Constraint: 2999; max; {f:113.0,objective:max}
