IIS generation
Iter 1: 
Min Hitting Set: []
Min Correction Subset: [2979]
Iter 2: 
Min Hitting Set: [2979]
Min Correction Subset: [340]
Iter 3: 
Min Hitting Set: [340, 2979]
Min Correction Subset: [335]
Iter 4: 
Min Hitting Set: [335, 340, 2979]
Min Correction Subset: [329]
Iter 5: 
Min Hitting Set: [329, 335, 340, 2979]
Min Correction Subset: [326]
Iter 6: 
Min Hitting Set: [326, 329, 335, 340, 2979]
Min Correction Subset: [319]
Iter 7: 
Min Hitting Set: [319, 326, 329, 335, 340, 2979]
Min Correction Subset: [264]
Iter 8: 
Min Hitting Set: [264, 319, 326, 329, 335, 340, 2979]
Min Correction Subset: [2978]
Optimal IIS
IIS generation
Instance: j12030_3
----------------------------
Query: 2
Query element:87,433
Query scope: 50581
----------------------------
IIS optimality: suboptimal
IIS solution time: 2712.909
IIS Constraint: 264; precedence; {activity:96,predecessor:87}
IIS Constraint: 319; precedence; {activity:115,predecessor:96}
IIS Constraint: 326; precedence; {activity:117,predecessor:115}
IIS Constraint: 329; precedence; {activity:118,predecessor:117}
IIS Constraint: 335; precedence; {activity:120,predecessor:118}
IIS Constraint: 340; precedence; {activity:122,predecessor:120}
IIS Constraint: 2978; query; {activity:87,t:433,query:2}
IIS Constraint: 2979; max; {f:108.0,objective:max}
