IIS generation
Iter 1: 
Min Hitting Set: []
Min Correction Subset: [2914]
Iter 2: 
Min Hitting Set: [2914]
Min Correction Subset: [302]
Iter 3: 
Min Hitting Set: [302, 2914]
Min Correction Subset: [294]
Iter 4: 
Min Hitting Set: [294, 302, 2914]
Min Correction Subset: [267]
Iter 5: 
Min Hitting Set: [267, 294, 302, 2914]
Min Correction Subset: [2913]
Optimal IIS
IIS generation
Instance: j12014_9
----------------------------
Query: 2
Query element:87,365
Query scope: 50581
----------------------------
IIS optimality: suboptimal
IIS solution time: 15227.769
IIS Constraint: 267; precedence; {activity:109,predecessor:87}
IIS Constraint: 294; precedence; {activity:119,predecessor:109}
IIS Constraint: 302; precedence; {activity:122,predecessor:119}
IIS Constraint: 2913; query; {activity:87,t:365,query:2}
IIS Constraint: 2914; max; {f:101.0,objective:max}
