IIS generation
Iter 1: 
Min Hitting Set: []
Min Correction Subset: [2846]
Iter 2: 
Min Hitting Set: [2846]
Min Correction Subset: [303]
Iter 3: 
Min Hitting Set: [303, 2846]
Min Correction Subset: [260]
Iter 4: 
Min Hitting Set: [260, 303, 2846]
Min Correction Subset: [2845]
Iter 5: 
Min Hitting Set: [260, 303, 2845, 2846]
Min Correction Subset: [298]
Iter 6: 
Min Hitting Set: [260, 298, 303, 2845, 2846]
Min Correction Subset: [289]
Iter 7: 
Min Hitting Set: [260, 289, 298, 303, 2845, 2846]
Min Correction Subset: [280]
Optimal IIS
IIS generation
Instance: j12010_6
----------------------------
Query: 2
Query element:89,363
Query scope: 50583
----------------------------
IIS optimality: suboptimal
IIS solution time: 2400.761
IIS Constraint: 260; precedence; {activity:107,predecessor:89}
IIS Constraint: 280; precedence; {activity:114,predecessor:107}
IIS Constraint: 289; precedence; {activity:117,predecessor:114}
IIS Constraint: 298; precedence; {activity:120,predecessor:117}
IIS Constraint: 303; precedence; {activity:122,predecessor:120}
IIS Constraint: 2845; query; {activity:89,t:363,query:2}
IIS Constraint: 2846; max; {f:92.0,objective:max}
