IIS generation
Iter 1: 
Min Hitting Set: []
Min Correction Subset: [66]
Iter 2: 
Min Hitting Set: [66]
Min Correction Subset: [21]
Iter 3: 
Min Hitting Set: [21, 66]
Min Correction Subset: [25]
Iter 4: 
Min Hitting Set: [21, 25, 66]
Min Correction Subset: [12]
Iter 5: 
Min Hitting Set: [12, 21, 25, 66]
Min Correction Subset: [1]
Iter 6: 
Min Hitting Set: [1, 12, 21, 25, 66]
Min Correction Subset: [9]
Iter 7: 
Min Hitting Set: [1, 9, 12, 21, 25, 66]
Min Correction Subset: [16]
Iter 8: 
Min Hitting Set: [1, 9, 12, 16, 21, 25, 66]
Min Correction Subset: [11]
Iter 9: 
Min Hitting Set: [1, 9, 11, 12, 16, 21, 25, 66]
Min Correction Subset: [18]
Iter 10: 
Min Hitting Set: [1, 9, 11, 12, 16, 18, 21, 25, 66]
Min Correction Subset: [29]
Iter 11: 
Min Hitting Set: [1, 9, 11, 12, 16, 18, 21, 25, 29, 66]
Min Correction Subset: [27]
Iter 12: 
Min Hitting Set: [1, 9, 11, 12, 16, 18, 21, 25, 27, 29, 66]
Min Correction Subset: [28]
Iter 13: 
Min Hitting Set: [1, 9, 11, 12, 16, 18, 21, 25, 27, 28, 29, 66]
Min Correction Subset: [26]
Iter 14: 
Min Hitting Set: [1, 9, 11, 12, 16, 18, 21, 25, 26, 27, 28, 29, 66]
Min Correction Subset: [30]
Iter 15: 
Min Hitting Set: [1, 9, 11, 12, 16, 18, 21, 25, 26, 27, 28, 29, 30, 66]
Min Correction Subset: [10]
Iter 16: 
Min Hitting Set: [1, 9, 10, 11, 12, 16, 18, 21, 25, 26, 27, 28, 29, 30, 66]
Min Correction Subset: [20]
Iter 17: 
Min Hitting Set: [1, 9, 10, 11, 12, 16, 18, 20, 21, 25, 26, 27, 28, 29, 30, 66]
Min Correction Subset: [4]
Iter 18: 
Min Hitting Set: [1, 4, 9, 10, 11, 12, 16, 18, 20, 21, 25, 26, 27, 28, 29, 30, 66]
Min Correction Subset: [17]
Iter 19: 
Min Hitting Set: [1, 4, 9, 10, 11, 12, 16, 17, 18, 20, 21, 25, 26, 27, 28, 29, 30, 66]
Min Correction Subset: [2]
Iter 20: 
Min Hitting Set: [1, 2, 4, 9, 10, 11, 12, 16, 17, 18, 20, 21, 25, 26, 27, 28, 29, 30, 66]
Min Correction Subset: [5]
Iter 21: 
Min Hitting Set: [1, 2, 4, 5, 9, 10, 11, 12, 16, 17, 18, 20, 21, 25, 26, 27, 28, 29, 30, 66]
Min Correction Subset: [31]
Iter 22: 
Min Hitting Set: [1, 2, 4, 5, 9, 10, 11, 12, 16, 17, 18, 20, 21, 25, 26, 27, 28, 29, 30, 31, 66]
Min Correction Subset: [3]
Iter 23: 
Min Hitting Set: [1, 2, 3, 4, 5, 9, 10, 11, 12, 16, 17, 18, 20, 21, 25, 26, 27, 28, 29, 30, 31, 66]
Min Correction Subset: [24]
Iter 24: 
Min Hitting Set: [1, 2, 3, 4, 5, 9, 10, 11, 12, 16, 17, 18, 20, 21, 24, 25, 26, 27, 28, 29, 30, 31, 66]
Min Correction Subset: [6, 65]
Iter 25: 
Min Hitting Set: [1, 2, 3, 4, 5, 6, 9, 10, 11, 12, 16, 17, 18, 20, 21, 24, 25, 26, 27, 28, 29, 30, 31, 66]
Min Correction Subset: [0, 47]
Iter 26: 
Min Hitting Set: [0, 1, 2, 3, 4, 5, 6, 9, 10, 11, 12, 16, 17, 18, 20, 21, 24, 25, 26, 27, 28, 29, 30, 31, 66]
Min Correction Subset: [64, 65]
Iter 27: 
Min Hitting Set: [0, 1, 2, 3, 4, 5, 9, 10, 11, 12, 16, 17, 18, 20, 21, 24, 25, 26, 27, 28, 29, 30, 31, 65, 66]
Min Correction Subset: [8, 47]
Iter 28: 
Min Hitting Set: [1, 2, 3, 4, 5, 9, 10, 11, 12, 16, 17, 18, 20, 21, 24, 25, 26, 27, 28, 29, 30, 31, 47, 65, 66]
Min Correction Subset: [14, 64]
Iter 29: 
Min Hitting Set: [1, 2, 3, 4, 5, 9, 10, 11, 12, 16, 17, 18, 20, 21, 24, 25, 26, 27, 28, 29, 30, 31, 47, 64, 65, 66]
Min Correction Subset: [6, 53]
Iter 30: 
Min Hitting Set: [1, 2, 3, 4, 5, 6, 9, 10, 11, 12, 16, 17, 18, 20, 21, 24, 25, 26, 27, 28, 29, 30, 31, 47, 64, 66]
Min Correction Subset: [0, 65]
Iter 31: 
Min Hitting Set: [0, 1, 2, 3, 4, 5, 6, 9, 10, 11, 12, 16, 17, 18, 20, 21, 24, 25, 26, 27, 28, 29, 30, 31, 47, 64, 66]
Min Correction Subset: [36, 65]
Iter 32: 
Min Hitting Set: [1, 2, 3, 4, 5, 6, 9, 10, 11, 12, 16, 17, 18, 20, 21, 24, 25, 26, 27, 28, 29, 30, 31, 47, 64, 65, 66]
Min Correction Subset: [7, 14, 53]
Iter 33: 
Min Hitting Set: [1, 2, 3, 4, 5, 9, 10, 11, 12, 14, 16, 17, 18, 20, 21, 24, 25, 26, 27, 28, 29, 30, 31, 47, 53, 65, 66]
Min Correction Subset: [6, 52]
Iter 34: 
Min Hitting Set: [1, 2, 3, 4, 5, 6, 9, 10, 11, 12, 14, 16, 17, 18, 20, 21, 24, 25, 26, 27, 28, 29, 30, 31, 47, 65, 66]
Min Correction Subset: [7, 37, 64]
Optimal IIS
Instance: paths-32-100-410000
----------------------------
Query: 3
Query element:29
Query element:57
Query scope: 29
Query scope: 57
----------------------------
IIS optimality: suboptimal
IIS solution time: 3900.374
IIS Constraint: 1; goods; {good:1}
IIS Constraint: 2; goods; {good:2}
IIS Constraint: 3; goods; {good:3}
IIS Constraint: 4; goods; {good:4}
IIS Constraint: 5; goods; {good:5}
IIS Constraint: 6; goods; {good:6}
IIS Constraint: 7; goods; {good:7}
IIS Constraint: 9; goods; {good:9}
IIS Constraint: 10; goods; {good:10}
IIS Constraint: 11; goods; {good:11}
IIS Constraint: 12; goods; {good:12}
IIS Constraint: 14; goods; {good:14}
IIS Constraint: 16; goods; {good:16}
IIS Constraint: 17; goods; {good:17}
IIS Constraint: 18; goods; {good:18}
IIS Constraint: 20; goods; {good:20}
IIS Constraint: 21; goods; {good:21}
IIS Constraint: 24; goods; {good:24}
IIS Constraint: 25; goods; {good:25}
IIS Constraint: 26; goods; {good:26}
IIS Constraint: 27; goods; {good:27}
IIS Constraint: 28; goods; {good:28}
IIS Constraint: 29; goods; {good:29}
IIS Constraint: 30; goods; {good:30}
IIS Constraint: 31; goods; {good:31}
IIS Constraint: 47; goods; {good:47}
IIS Constraint: 65; query; {bid:57,query:3}
IIS Constraint: 66; max; {f:13.141113,objective:max}
