IIS generation
Iter 1: 
Min Hitting Set: []
Min Correction Subset: [56]
Iter 2: 
Min Hitting Set: [56]
Min Correction Subset: [25]
Iter 3: 
Min Hitting Set: [25, 56]
Min Correction Subset: [13]
Iter 4: 
Min Hitting Set: [13, 25, 56]
Min Correction Subset: [35]
Iter 5: 
Min Hitting Set: [13, 25, 35, 56]
Min Correction Subset: [17]
Iter 6: 
Min Hitting Set: [13, 17, 25, 35, 56]
Min Correction Subset: [29]
Iter 7: 
Min Hitting Set: [13, 17, 25, 29, 35, 56]
Min Correction Subset: [21]
Iter 8: 
Min Hitting Set: [13, 17, 21, 25, 29, 35, 56]
Min Correction Subset: [1, 53]
Iter 9: 
Min Hitting Set: [1, 13, 17, 21, 25, 29, 35, 56]
Min Correction Subset: [3, 9]
Iter 10: 
Min Hitting Set: [1, 3, 13, 17, 21, 25, 29, 35, 56]
Min Correction Subset: [9, 53]
Iter 11: 
Min Hitting Set: [9, 13, 17, 21, 25, 29, 35, 53, 56]
Min Correction Subset: [3, 51]
Iter 12: 
Min Hitting Set: [3, 13, 17, 21, 25, 29, 35, 53, 56]
Min Correction Subset: [2, 9]
Iter 13: 
Min Hitting Set: [3, 9, 13, 17, 21, 25, 29, 35, 53, 56]
Min Correction Subset: [11, 51]
Iter 14: 
Min Hitting Set: [9, 13, 17, 21, 25, 29, 35, 51, 53, 56]
Min Correction Subset: [1, 3]
Iter 15: 
Min Hitting Set: [1, 9, 13, 17, 21, 25, 29, 35, 51, 56]
Min Correction Subset: [19, 53]
Iter 16: 
Min Hitting Set: [1, 9, 13, 17, 21, 25, 29, 35, 51, 53, 56]
Min Correction Subset: [54, 55]
Iter 17: 
Min Hitting Set: [1, 9, 13, 17, 21, 25, 29, 35, 51, 53, 54, 56]
Min Correction Subset: [3, 28]
Iter 18: 
Min Hitting Set: [3, 9, 13, 17, 21, 25, 29, 35, 51, 53, 54, 56]
Min Correction Subset: [1, 11]
Iter 19: 
Min Hitting Set: [3, 9, 11, 13, 17, 21, 25, 29, 35, 53, 54, 56]
Min Correction Subset: [15, 51]
Iter 20: 
Min Hitting Set: [1, 3, 9, 13, 17, 21, 25, 29, 35, 51, 53, 54, 56]
Min Correction Subset: [11, 28, 55]
Iter 21: 
Min Hitting Set: [1, 3, 9, 13, 17, 21, 25, 29, 35, 51, 53, 55, 56]
Min Correction Subset: [5, 28, 50]
Iter 22: 
Min Hitting Set: [1, 9, 13, 17, 21, 25, 28, 29, 35, 51, 53, 54, 56]
Min Correction Subset: [3, 15, 55]
Optimal IIS
Instance: matching-32-100-80000
----------------------------
Query: 3
Query element:29
Query element:12
Query scope: 29
Query scope: 12
----------------------------
IIS optimality: suboptimal
IIS solution time: 1311.009
IIS Constraint: 1; goods; {good:1}
IIS Constraint: 9; goods; {good:9}
IIS Constraint: 13; goods; {good:13}
IIS Constraint: 17; goods; {good:17}
IIS Constraint: 21; goods; {good:21}
IIS Constraint: 25; goods; {good:25}
IIS Constraint: 28; goods; {good:28}
IIS Constraint: 29; goods; {good:29}
IIS Constraint: 35; goods; {good:35}
IIS Constraint: 51; goods; {good:51}
IIS Constraint: 53; goods; {good:53}
IIS Constraint: 55; query; {bid:12,query:3}
IIS Constraint: 56; max; {f:44.584385999999995,objective:max}
