IIS generation
Iter 1: 
Min Hitting Set: []
Min Correction Subset: [54]
Iter 2: 
Min Hitting Set: [54]
Min Correction Subset: [2, 53]
Iter 3: 
Min Hitting Set: [2, 54]
Min Correction Subset: [7, 26]
Iter 4: 
Min Hitting Set: [2, 7, 54]
Min Correction Subset: [12, 53]
Iter 5: 
Min Hitting Set: [7, 53, 54]
Min Correction Subset: [26, 28]
Iter 6: 
Min Hitting Set: [26, 53, 54]
Min Correction Subset: [2, 12]
Iter 7: 
Min Hitting Set: [2, 12, 26, 54]
Min Correction Subset: [9, 28]
Iter 8: 
Min Hitting Set: [2, 12, 26, 28, 54]
Min Correction Subset: [8, 14]
Iter 9: 
Min Hitting Set: [2, 8, 12, 26, 28, 54]
Min Correction Subset: [7, 9]
Iter 10: 
Min Hitting Set: [8, 9, 12, 26, 53, 54]
Min Correction Subset: [2, 18, 21]
Iter 11: 
Min Hitting Set: [2, 8, 9, 12, 26, 54]
Min Correction Subset: [0, 53]
Iter 12: 
Min Hitting Set: [2, 8, 9, 26, 53, 54]
Min Correction Subset: [7, 18, 50]
Iter 13: 
Min Hitting Set: [2, 7, 8, 28, 53, 54]
Min Correction Subset: [16, 26]
Iter 14: 
Min Hitting Set: [2, 7, 8, 9, 26, 53, 54]
Min Correction Subset: [14, 18, 21]
Iter 15: 
Min Hitting Set: [2, 7, 9, 14, 26, 53, 54]
Min Correction Subset: [8, 25]
Iter 16: 
Min Hitting Set: [2, 8, 9, 18, 26, 53, 54]
Min Correction Subset: [4, 7, 25, 30]
Iter 17: 
Min Hitting Set: [2, 7, 8, 9, 14, 26, 53, 54]
Min Correction Subset: [10, 18, 21]
Iter 18: 
Min Hitting Set: [2, 7, 8, 9, 18, 26, 53, 54]
Min Correction Subset: [4, 6, 16, 22, 30]
Iter 19: 
Min Hitting Set: [2, 4, 8, 9, 18, 26, 53, 54]
Min Correction Subset: [1, 7, 28, 30]
Iter 20: 
Min Hitting Set: [2, 8, 9, 18, 26, 30, 53, 54]
Min Correction Subset: [7, 14, 21, 46]
Iter 21: 
Min Hitting Set: [2, 7, 8, 16, 18, 28, 53, 54]
Min Correction Subset: [10, 25, 26]
Iter 22: 
Min Hitting Set: [2, 7, 8, 10, 16, 21, 28, 53, 54]
Min Correction Subset: [22, 26, 29]
Iter 23: 
Min Hitting Set: [2, 9, 14, 18, 25, 26, 30, 53, 54]
Min Correction Subset: [3, 8, 15]
Iter 24: 
Min Hitting Set: [2, 7, 8, 16, 18, 26, 28, 53, 54]
Min Correction Subset: [4, 9, 25]
Iter 25: 
Min Hitting Set: [2, 4, 7, 8, 9, 18, 26, 53, 54]
Min Correction Subset: [1, 12, 15, 21, 22, 28, 33]
Iter 26: 
Min Hitting Set: [2, 7, 8, 9, 21, 22, 26, 53, 54]
Min Correction Subset: [3, 6, 18]
Iter 27: 
Min Hitting Set: [2, 6, 7, 8, 9, 21, 26, 53, 54]
Min Correction Subset: [16, 18, 28]
Iter 28: 
Min Hitting Set: [2, 8, 9, 18, 21, 26, 30, 53, 54]
Min Correction Subset: [4, 5, 7, 25]
Iter 29: 
Min Hitting Set: [2, 7, 8, 9, 18, 22, 26, 53, 54]
Min Correction Subset: [4, 14, 25, 28, 30]
Iter 30: 
Min Hitting Set: [7, 8, 9, 12, 18, 26, 30, 53, 54]
Min Correction Subset: [2, 6, 10]
Iter 31: 
Min Hitting Set: [2, 4, 7, 8, 18, 26, 28, 53, 54]
Min Correction Subset: [9, 10, 21]
Iter 32: 
Min Hitting Set: [6, 7, 8, 9, 12, 21, 26, 28, 53, 54]
Min Correction Subset: [2, 10, 15]
Iter 33: 
Min Hitting Set: [2, 6, 7, 8, 9, 21, 26, 28, 53, 54]
Min Correction Subset: [16, 18, 22, 47]
Iter 34: 
Min Hitting Set: [2, 4, 7, 8, 9, 18, 21, 26, 53, 54]
Min Correction Subset: [3, 5, 15, 16, 19, 20, 25, 28]
Iter 35: 
Min Hitting Set: [2, 7, 8, 9, 16, 18, 26, 28, 53, 54]
Min Correction Subset: [4, 10, 20, 21, 25, 50]
Iter 36: 
Min Hitting Set: [2, 4, 7, 8, 18, 21, 26, 28, 53, 54]
Min Correction Subset: [9, 16, 22, 29]
Iter 37: 
Min Hitting Set: [2, 4, 7, 8, 9, 18, 26, 28, 53, 54]
Min Correction Subset: [10, 16, 19, 20, 21, 22, 25, 29, 33]
Iter 38: 
Min Hitting Set: [2, 8, 9, 18, 21, 25, 26, 30, 53, 54]
Min Correction Subset: [6, 7, 22, 29, 46]
Iter 39: 
Min Hitting Set: [2, 7, 8, 9, 18, 22, 25, 26, 53, 54]
Min Correction Subset: [4, 14, 15, 21, 28, 30]
Iter 40: 
Min Hitting Set: [2, 8, 9, 18, 21, 22, 25, 26, 28, 53, 54]
Min Correction Subset: [6, 7, 10, 29, 30]
Iter 41: 
Min Hitting Set: [2, 7, 8, 18, 21, 22, 25, 26, 28, 53, 54]
Min Correction Subset: [4, 9, 10, 16]
Iter 42: 
Min Hitting Set: [2, 6, 8, 9, 18, 21, 25, 26, 30, 53, 54]
Min Correction Subset: [4, 7, 22, 29, 46]
Iter 43: 
Min Hitting Set: [2, 8, 9, 18, 21, 25, 26, 29, 30, 53, 54]
Min Correction Subset: [3, 4, 7, 16, 22, 45]
Iter 44: 
Min Hitting Set: [2, 7, 8, 16, 18, 21, 25, 26, 28, 53, 54]
Min Correction Subset: [1, 4, 9, 10, 15]
Optimal IIS
Instance: arbitrary-32-100-950000
----------------------------
Query: 3
Query element:85
Query element:73
Query scope: 85
Query scope: 73
----------------------------
IIS optimality: suboptimal
IIS solution time: 5840.782
IIS Constraint: 2; goods; {good:2}
IIS Constraint: 4; goods; {good:4}
IIS Constraint: 7; goods; {good:7}
IIS Constraint: 8; goods; {good:8}
IIS Constraint: 9; goods; {good:9}
IIS Constraint: 18; goods; {good:18}
IIS Constraint: 22; goods; {good:22}
IIS Constraint: 26; goods; {good:26}
IIS Constraint: 28; goods; {good:28}
IIS Constraint: 53; query; {bid:73,query:3}
IIS Constraint: 54; max; {f:1800.5172,objective:max}
