IIS generation
Iter 1: 
Min Hitting Set: []
Min Correction Subset: [70]
Iter 2: 
Min Hitting Set: [70]
Min Correction Subset: [9]
Iter 3: 
Min Hitting Set: [9, 70]
Min Correction Subset: [11]
Iter 4: 
Min Hitting Set: [9, 11, 70]
Min Correction Subset: [16]
Iter 5: 
Min Hitting Set: [9, 11, 16, 70]
Min Correction Subset: [15]
Iter 6: 
Min Hitting Set: [9, 11, 15, 16, 70]
Min Correction Subset: [22]
Iter 7: 
Min Hitting Set: [9, 11, 15, 16, 22, 70]
Min Correction Subset: [31]
Iter 8: 
Min Hitting Set: [9, 11, 15, 16, 22, 31, 70]
Min Correction Subset: [44]
Iter 9: 
Min Hitting Set: [9, 11, 15, 16, 22, 31, 44, 70]
Min Correction Subset: [26]
Iter 10: 
Min Hitting Set: [9, 11, 15, 16, 22, 26, 31, 44, 70]
Min Correction Subset: [30]
Iter 11: 
Min Hitting Set: [9, 11, 15, 16, 22, 26, 30, 31, 44, 70]
Min Correction Subset: [6]
Iter 12: 
Min Hitting Set: [6, 9, 11, 15, 16, 22, 26, 30, 31, 44, 70]
Min Correction Subset: [10, 25]
Iter 13: 
Min Hitting Set: [6, 9, 10, 11, 15, 16, 22, 26, 30, 31, 44, 70]
Min Correction Subset: [25, 69]
Iter 14: 
Min Hitting Set: [6, 9, 11, 15, 16, 22, 25, 26, 30, 31, 44, 70]
Min Correction Subset: [5, 27]
Iter 15: 
Min Hitting Set: [5, 6, 9, 11, 15, 16, 22, 25, 26, 30, 31, 44, 70]
Min Correction Subset: [2, 68]
Iter 16: 
Min Hitting Set: [2, 5, 6, 9, 11, 15, 16, 22, 25, 26, 30, 31, 44, 70]
Min Correction Subset: [7, 17]
Iter 17: 
Min Hitting Set: [2, 5, 6, 7, 9, 11, 15, 16, 22, 25, 26, 30, 31, 44, 70]
Min Correction Subset: [10, 68]
Iter 18: 
Min Hitting Set: [5, 6, 7, 9, 11, 15, 16, 22, 25, 26, 30, 31, 44, 68, 70]
Min Correction Subset: [17, 27]
Iter 19: 
Min Hitting Set: [6, 9, 11, 15, 16, 17, 22, 25, 26, 27, 30, 31, 44, 68, 70]
Min Correction Subset: [1, 2, 10]
Iter 20: 
Min Hitting Set: [2, 6, 9, 10, 11, 15, 16, 17, 22, 25, 26, 27, 30, 31, 44, 70]
Min Correction Subset: [5, 68]
Iter 21: 
Min Hitting Set: [2, 5, 6, 9, 10, 11, 15, 16, 17, 22, 25, 26, 30, 31, 44, 70]
Min Correction Subset: [3, 68]
Iter 22: 
Min Hitting Set: [2, 5, 6, 9, 11, 15, 16, 17, 22, 25, 26, 30, 31, 44, 68, 70]
Min Correction Subset: [10, 27]
Iter 23: 
Min Hitting Set: [6, 9, 10, 11, 15, 16, 17, 22, 25, 26, 27, 30, 31, 44, 68, 70]
Min Correction Subset: [1, 23, 32]
Iter 24: 
Min Hitting Set: [1, 6, 9, 11, 15, 16, 17, 22, 25, 26, 27, 30, 31, 44, 68, 70]
Min Correction Subset: [2, 4, 10]
Iter 25: 
Min Hitting Set: [1, 6, 9, 10, 11, 15, 16, 17, 22, 25, 26, 27, 30, 31, 44, 68, 70]
Min Correction Subset: [2, 5, 18]
Iter 26: 
Min Hitting Set: [1, 2, 6, 9, 11, 15, 16, 17, 22, 25, 26, 27, 30, 31, 44, 68, 70]
Min Correction Subset: [4, 7, 10]
Iter 27: 
Min Hitting Set: [1, 2, 6, 7, 9, 11, 15, 16, 22, 25, 26, 27, 30, 31, 44, 68, 70]
Min Correction Subset: [10, 23, 32]
Iter 28: 
Min Hitting Set: [2, 6, 7, 9, 11, 15, 16, 22, 23, 25, 26, 27, 30, 31, 44, 68, 70]
Min Correction Subset: [1, 4, 10]
Iter 29: 
Min Hitting Set: [1, 5, 6, 9, 10, 11, 15, 16, 17, 22, 25, 26, 30, 31, 44, 68, 70]
Min Correction Subset: [27, 50]
Iter 30: 
Min Hitting Set: [1, 2, 6, 7, 9, 10, 11, 15, 16, 22, 25, 26, 27, 30, 31, 44, 68, 70]
Min Correction Subset: [4, 17, 46]
Iter 31: 
Min Hitting Set: [2, 6, 9, 10, 11, 15, 16, 17, 22, 23, 25, 26, 27, 30, 31, 44, 68, 70]
Min Correction Subset: [1, 4, 7]
Iter 32: 
Min Hitting Set: [1, 2, 6, 9, 10, 11, 15, 16, 17, 22, 25, 26, 27, 30, 31, 44, 68, 70]
Min Correction Subset: [4, 7, 69]
Iter 33: 
Min Hitting Set: [2, 4, 6, 9, 11, 15, 16, 17, 22, 23, 25, 26, 27, 30, 31, 44, 68, 70]
Min Correction Subset: [1, 7, 10]
Iter 34: 
Min Hitting Set: [1, 2, 6, 9, 10, 11, 15, 16, 17, 22, 26, 27, 30, 31, 44, 68, 69, 70]
Min Correction Subset: [4, 25]
Iter 35: 
Min Hitting Set: [2, 4, 6, 7, 9, 11, 15, 16, 22, 23, 25, 26, 27, 30, 31, 44, 68, 70]
Min Correction Subset: [10, 18, 69]
Iter 36: 
Min Hitting Set: [4, 6, 7, 9, 10, 11, 15, 16, 18, 22, 23, 25, 26, 27, 30, 31, 44, 68, 70]
Min Correction Subset: [2, 17, 46]
Iter 37: 
Min Hitting Set: [2, 4, 6, 7, 9, 11, 15, 16, 22, 25, 26, 27, 30, 31, 32, 44, 68, 69, 70]
Min Correction Subset: [10, 17, 46]
Iter 38: 
Min Hitting Set: [2, 4, 6, 9, 10, 11, 15, 16, 17, 22, 23, 25, 26, 27, 30, 31, 44, 68, 70]
Min Correction Subset: [5, 18, 32]
Iter 39: 
Min Hitting Set: [6, 7, 9, 10, 11, 15, 16, 17, 18, 22, 25, 26, 27, 30, 31, 32, 44, 68, 70]
Min Correction Subset: [1, 2, 3]
Iter 40: 
Min Hitting Set: [2, 6, 7, 9, 10, 11, 15, 16, 17, 22, 25, 26, 27, 30, 31, 32, 44, 68, 70]
Min Correction Subset: [1, 5, 69]
Iter 41: 
Min Hitting Set: [1, 5, 6, 9, 10, 11, 15, 16, 17, 22, 25, 26, 27, 30, 31, 44, 68, 69, 70]
Min Correction Subset: [2, 4, 7]
Iter 42: 
Min Hitting Set: [1, 5, 6, 7, 9, 10, 11, 15, 16, 17, 22, 25, 26, 27, 30, 31, 44, 68, 70]
Min Correction Subset: [2, 3, 4]
Iter 43: 
Min Hitting Set: [1, 4, 6, 9, 10, 11, 15, 16, 17, 18, 22, 25, 26, 27, 30, 31, 44, 68, 70]
Min Correction Subset: [2, 5, 7]
Iter 44: 
Min Hitting Set: [2, 4, 6, 7, 9, 10, 11, 15, 16, 22, 26, 27, 30, 31, 32, 44, 68, 69, 70]
Min Correction Subset: [5, 25]
Iter 45: 
Min Hitting Set: [1, 4, 5, 6, 9, 10, 11, 15, 16, 17, 22, 25, 26, 27, 30, 31, 44, 68, 70]
Min Correction Subset: [12, 18, 32]
Iter 46: 
Min Hitting Set: [1, 4, 5, 6, 9, 11, 15, 16, 17, 18, 22, 25, 26, 27, 30, 31, 32, 44, 68, 70]
Min Correction Subset: [2, 10, 50]
Iter 47: 
Min Hitting Set: [2, 4, 6, 9, 10, 11, 15, 16, 17, 22, 25, 26, 27, 30, 31, 32, 44, 68, 69, 70]
Min Correction Subset: [1, 5, 7]
Iter 48: 
Min Hitting Set: [2, 4, 5, 6, 9, 10, 11, 15, 16, 17, 22, 26, 27, 30, 31, 32, 44, 68, 69, 70]
Min Correction Subset: [1, 25]
Iter 49: 
Min Hitting Set: [1, 3, 6, 7, 9, 10, 11, 15, 16, 17, 18, 22, 25, 26, 27, 30, 31, 44, 68, 70]
Min Correction Subset: [2, 5, 50]
Iter 50: 
Min Hitting Set: [2, 6, 7, 9, 10, 11, 15, 16, 17, 22, 25, 26, 27, 30, 31, 32, 44, 68, 69, 70]
Min Correction Subset: [1, 5, 46]
Iter 51: 
Min Hitting Set: [2, 4, 6, 7, 9, 11, 15, 16, 22, 25, 26, 27, 30, 31, 32, 44, 46, 68, 69, 70]
Min Correction Subset: [3, 10, 50]
Iter 52: 
Min Hitting Set: [1, 4, 5, 6, 9, 10, 11, 15, 16, 17, 22, 25, 26, 27, 30, 31, 32, 44, 68, 70]
Min Correction Subset: [2, 7, 69]
Iter 53: 
Min Hitting Set: [1, 2, 6, 9, 10, 11, 15, 16, 17, 22, 25, 26, 27, 30, 31, 32, 44, 68, 69, 70]
Min Correction Subset: [5, 7, 18]
Iter 54: 
Min Hitting Set: [3, 5, 6, 7, 9, 10, 11, 15, 16, 17, 22, 25, 26, 30, 31, 32, 44, 50, 68, 70]
Min Correction Subset: [2, 4, 27]
Iter 55: 
Min Hitting Set: [3, 5, 6, 7, 9, 10, 11, 15, 16, 17, 22, 25, 26, 27, 30, 31, 32, 44, 68, 70]
Min Correction Subset: [1, 2, 4]
Iter 56: 
Min Hitting Set: [2, 6, 7, 9, 10, 11, 15, 16, 22, 25, 26, 27, 30, 31, 32, 44, 46, 68, 69, 70]
Min Correction Subset: [1, 17, 18]
Iter 57: 
Min Hitting Set: [2, 4, 5, 6, 9, 10, 11, 15, 16, 17, 22, 25, 26, 30, 31, 32, 44, 50, 68, 70]
Min Correction Subset: [1, 27, 69]
Iter 58: 
Min Hitting Set: [1, 2, 4, 6, 7, 9, 10, 11, 15, 16, 22, 25, 26, 27, 30, 31, 32, 44, 68, 70]
Min Correction Subset: [0, 17, 46]
Iter 59: 
Min Hitting Set: [2, 4, 5, 6, 9, 10, 11, 15, 16, 17, 22, 25, 26, 27, 30, 31, 32, 44, 68, 70]
Min Correction Subset: [1, 7, 69]
Iter 60: 
Min Hitting Set: [2, 5, 6, 7, 9, 10, 11, 15, 16, 17, 22, 25, 26, 27, 30, 31, 32, 44, 68, 70]
Min Correction Subset: [1, 4, 69]
Iter 61: 
Min Hitting Set: [1, 2, 6, 9, 10, 11, 15, 16, 17, 18, 22, 25, 26, 27, 30, 31, 44, 68, 69, 70]
Min Correction Subset: [5, 23, 32]
Iter 62: 
Min Hitting Set: [1, 2, 6, 7, 9, 10, 11, 15, 16, 17, 22, 25, 26, 27, 30, 31, 32, 44, 68, 70]
Min Correction Subset: [5, 18, 69]
Iter 63: 
Min Hitting Set: [1, 4, 5, 6, 9, 10, 11, 15, 16, 17, 22, 26, 27, 30, 31, 32, 44, 68, 69, 70]
Min Correction Subset: [2, 25]
Iter 64: 
Min Hitting Set: [1, 2, 3, 6, 7, 9, 11, 15, 16, 17, 22, 25, 26, 27, 30, 31, 32, 44, 68, 69, 70]
Min Correction Subset: [4, 10, 18]
Iter 65: 
Min Hitting Set: [1, 2, 3, 6, 7, 9, 11, 15, 16, 17, 18, 22, 25, 26, 27, 30, 31, 32, 44, 68, 70]
Min Correction Subset: [4, 10, 50]
Iter 66: 
Min Hitting Set: [1, 4, 5, 6, 9, 10, 11, 15, 16, 17, 22, 25, 26, 27, 30, 31, 32, 44, 68, 69, 70]
Min Correction Subset: [2, 3, 7]
Iter 67: 
Min Hitting Set: [3, 4, 5, 6, 9, 10, 11, 15, 16, 17, 22, 25, 26, 27, 30, 31, 32, 44, 68, 69, 70]
Min Correction Subset: [1, 2, 7]
Iter 68: 
Min Hitting Set: [2, 4, 5, 6, 9, 10, 11, 15, 16, 17, 22, 25, 26, 27, 30, 31, 32, 44, 68, 69, 70]
Min Correction Subset: [0, 1, 18, 50]
Iter 69: 
Min Hitting Set: [1, 2, 5, 6, 9, 10, 11, 15, 16, 17, 22, 25, 26, 27, 30, 31, 32, 44, 68, 69, 70]
Min Correction Subset: [3, 4, 7, 18]
Iter 70: 
Min Hitting Set: [1, 2, 4, 5, 6, 9, 10, 11, 15, 16, 17, 22, 25, 26, 27, 30, 31, 32, 44, 68, 70]
Min Correction Subset: [0, 7, 18, 69]
Iter 71: 
Min Hitting Set: [2, 4, 5, 6, 9, 10, 11, 15, 16, 17, 22, 25, 26, 30, 31, 32, 44, 50, 68, 69, 70]
Min Correction Subset: [0, 1, 27]
Iter 72: 
Min Hitting Set: [1, 2, 6, 7, 9, 10, 11, 15, 16, 17, 22, 25, 26, 27, 30, 31, 32, 44, 68, 69, 70]
Min Correction Subset: [5, 18, 46]
Iter 73: 
Min Hitting Set: [1, 2, 6, 9, 10, 11, 15, 16, 17, 18, 22, 25, 26, 27, 30, 31, 32, 44, 68, 69, 70]
Min Correction Subset: [5, 7, 50]
Iter 74: 
Min Hitting Set: [1, 2, 3, 5, 6, 9, 10, 11, 15, 16, 17, 22, 25, 26, 30, 31, 32, 44, 50, 69, 70]
Min Correction Subset: [4, 68]
Iter 75: 
Min Hitting Set: [1, 2, 6, 7, 9, 10, 11, 15, 16, 22, 25, 26, 27, 30, 31, 32, 44, 46, 68, 69, 70]
Min Correction Subset: [4, 5, 18, 50]
Iter 76: 
Min Hitting Set: [1, 2, 5, 6, 7, 9, 10, 11, 15, 16, 22, 25, 26, 27, 30, 31, 32, 44, 46, 68, 70]
Min Correction Subset: [17, 18, 69]
Iter 77: 
Min Hitting Set: [1, 2, 5, 6, 9, 10, 11, 15, 16, 17, 18, 22, 25, 26, 27, 30, 31, 44, 68, 69, 70]
Min Correction Subset: [7, 23, 32]
Iter 78: 
Min Hitting Set: [1, 2, 3, 4, 5, 6, 9, 10, 11, 15, 16, 17, 22, 26, 30, 31, 32, 44, 50, 69, 70]
Min Correction Subset: [25, 68]
Iter 79: 
Min Hitting Set: [1, 2, 5, 6, 7, 9, 10, 11, 15, 16, 17, 22, 25, 26, 27, 30, 31, 32, 44, 68, 70]
Min Correction Subset: [3, 4, 46, 69]
Iter 80: 
Min Hitting Set: [1, 4, 5, 6, 7, 9, 10, 11, 15, 16, 17, 18, 22, 25, 26, 30, 31, 44, 50, 68, 70]
Min Correction Subset: [2, 3, 27]
Iter 81: 
Min Hitting Set: [1, 4, 5, 6, 7, 9, 10, 11, 15, 16, 17, 22, 25, 26, 27, 30, 31, 32, 44, 68, 70]
Min Correction Subset: [2, 46, 69]
Iter 82: 
Min Hitting Set: [2, 6, 7, 9, 10, 11, 15, 16, 18, 22, 25, 26, 27, 30, 31, 32, 44, 46, 68, 69, 70]
Min Correction Subset: [1, 5, 50]
Iter 83: 
Min Hitting Set: [1, 2, 4, 6, 9, 11, 15, 16, 17, 18, 22, 25, 26, 27, 30, 31, 32, 44, 50, 68, 70]
Min Correction Subset: [5, 7, 10]
Iter 84: 
Min Hitting Set: [1, 4, 6, 7, 9, 11, 15, 16, 18, 22, 25, 26, 27, 30, 31, 32, 44, 46, 50, 68, 70]
Min Correction Subset: [2, 5, 10]
Iter 85: 
Min Hitting Set: [1, 2, 4, 5, 6, 9, 10, 11, 15, 16, 17, 22, 26, 27, 30, 31, 32, 44, 68, 69, 70]
Min Correction Subset: [7, 25]
Iter 86: 
Min Hitting Set: [1, 2, 6, 7, 9, 10, 11, 15, 16, 18, 22, 25, 26, 27, 30, 31, 32, 44, 46, 68, 70]
Min Correction Subset: [0, 4, 50, 69]
Iter 87: 
Min Hitting Set: [1, 4, 5, 6, 7, 9, 10, 11, 15, 16, 18, 22, 25, 26, 27, 30, 31, 44, 46, 68, 70]
Min Correction Subset: [17, 23, 32]
Iter 88: 
Min Hitting Set: [1, 2, 6, 7, 9, 11, 15, 16, 18, 22, 25, 26, 27, 30, 31, 32, 44, 46, 50, 68, 70]
Min Correction Subset: [4, 10, 69]
Iter 89: 
Min Hitting Set: [1, 2, 6, 7, 9, 10, 11, 15, 16, 18, 22, 25, 26, 27, 30, 31, 32, 44, 46, 68, 69, 70]
Min Correction Subset: [0, 4, 8, 50]
Iter 90: 
Min Hitting Set: [0, 1, 2, 6, 7, 9, 10, 11, 15, 16, 18, 22, 25, 26, 27, 30, 31, 32, 44, 46, 68, 70]
Min Correction Subset: [3, 4, 50, 69]
Iter 91: 
Min Hitting Set: [1, 2, 4, 5, 6, 9, 10, 11, 15, 16, 17, 22, 25, 26, 27, 30, 31, 32, 44, 68, 69, 70]
Min Correction Subset: [0, 7, 18, 50]
Iter 92: 
Min Hitting Set: [2, 4, 5, 6, 9, 10, 11, 15, 16, 17, 22, 25, 26, 27, 30, 31, 32, 44, 50, 68, 69, 70]
Min Correction Subset: [0, 1, 7, 18]
Iter 93: 
Min Hitting Set: [0, 2, 5, 6, 7, 9, 10, 11, 15, 16, 17, 22, 25, 26, 27, 30, 31, 32, 44, 68, 69, 70]
Min Correction Subset: [1, 4, 46]
Iter 94: 
Min Hitting Set: [1, 3, 4, 5, 6, 9, 11, 15, 16, 17, 22, 25, 26, 27, 30, 31, 32, 44, 50, 68, 69, 70]
Min Correction Subset: [2, 10, 18]
Iter 95: 
Min Hitting Set: [1, 2, 4, 5, 6, 9, 11, 15, 16, 17, 22, 25, 26, 27, 30, 31, 32, 44, 50, 68, 69, 70]
Min Correction Subset: [3, 7, 10]
Iter 96: 
Min Hitting Set: [1, 2, 3, 4, 5, 6, 9, 11, 15, 16, 17, 18, 22, 25, 26, 27, 30, 31, 32, 44, 68, 70]
Min Correction Subset: [7, 10, 50]
Iter 97: 
Min Hitting Set: [2, 3, 4, 5, 6, 7, 9, 11, 15, 16, 18, 22, 25, 26, 27, 30, 31, 32, 44, 46, 68, 70]
Min Correction Subset: [1, 10, 69]
Iter 98: 
Min Hitting Set: [2, 6, 7, 9, 10, 11, 15, 16, 18, 22, 25, 26, 27, 30, 31, 32, 44, 46, 50, 68, 69, 70]
Min Correction Subset: [0, 1, 3, 4, 45]
Iter 99: 
Min Hitting Set: [2, 4, 5, 6, 7, 9, 10, 11, 15, 16, 18, 22, 25, 26, 27, 30, 31, 32, 44, 46, 68, 70]
Min Correction Subset: [1, 17, 69]
Iter 100: 
Min Hitting Set: [1, 3, 4, 5, 6, 9, 10, 11, 15, 16, 17, 22, 25, 26, 30, 31, 32, 44, 50, 68, 69, 70]
Min Correction Subset: [0, 2, 27]
Iter 101: 
Min Hitting Set: [1, 2, 4, 5, 6, 9, 10, 11, 15, 16, 17, 22, 25, 26, 30, 31, 32, 44, 50, 68, 69, 70]
Min Correction Subset: [0, 7, 18, 27]
Iter 102: 
Min Hitting Set: [2, 4, 6, 7, 9, 11, 15, 16, 18, 22, 25, 26, 27, 30, 31, 32, 44, 46, 50, 68, 69, 70]
Min Correction Subset: [1, 5, 10]
Iter 103: 
Min Hitting Set: [2, 4, 5, 6, 9, 10, 11, 15, 16, 17, 18, 22, 25, 26, 27, 30, 31, 32, 44, 68, 69, 70]
Min Correction Subset: [0, 1, 46, 50]
Iter 104: 
Min Hitting Set: [1, 2, 6, 9, 10, 11, 15, 16, 17, 18, 22, 25, 26, 27, 30, 31, 32, 44, 50, 68, 69, 70]
Min Correction Subset: [3, 4, 5, 7, 45]
Iter 105: 
Min Hitting Set: [1, 2, 4, 6, 9, 10, 11, 15, 16, 17, 18, 22, 25, 26, 27, 30, 31, 32, 44, 50, 68, 70]
Min Correction Subset: [5, 7, 69]
Iter 106: 
Min Hitting Set: [1, 4, 5, 6, 7, 9, 10, 11, 15, 16, 18, 22, 25, 26, 27, 30, 31, 32, 44, 46, 68, 70]
Min Correction Subset: [2, 17, 69]
Iter 107: 
Min Hitting Set: [1, 4, 5, 6, 7, 9, 10, 11, 15, 16, 22, 25, 26, 27, 30, 31, 32, 44, 46, 68, 69, 70]
Min Correction Subset: [2, 17, 18]
Iter 108: 
Min Hitting Set: [1, 2, 5, 6, 9, 10, 11, 15, 16, 17, 18, 22, 25, 26, 30, 31, 32, 44, 50, 68, 69, 70]
Min Correction Subset: [3, 4, 27]
Iter 109: 
Min Hitting Set: [1, 2, 4, 5, 6, 9, 10, 11, 15, 16, 17, 18, 22, 25, 26, 27, 30, 31, 32, 44, 68, 70]
Min Correction Subset: [0, 7, 50, 69]
Iter 110: 
Min Hitting Set: [1, 2, 4, 5, 6, 9, 10, 11, 15, 16, 17, 18, 22, 25, 26, 30, 31, 32, 44, 50, 68, 70]
Min Correction Subset: [0, 27, 69]
Iter 111: 
Min Hitting Set: [1, 2, 4, 6, 7, 9, 11, 15, 16, 18, 22, 25, 26, 27, 30, 31, 32, 44, 46, 50, 68, 70]
Min Correction Subset: [3, 5, 10]
Iter 112: 
Min Hitting Set: [1, 2, 4, 6, 7, 9, 10, 11, 15, 16, 17, 18, 22, 25, 26, 27, 30, 31, 32, 44, 68, 70]
Min Correction Subset: [5, 46, 69]
Iter 113: 
Min Hitting Set: [0, 1, 2, 4, 5, 6, 9, 10, 11, 15, 16, 17, 22, 25, 26, 30, 31, 32, 44, 50, 68, 70]
Min Correction Subset: [18, 27, 69]
Iter 114: 
Min Hitting Set: [1, 2, 4, 6, 7, 9, 10, 11, 15, 16, 22, 25, 26, 27, 30, 31, 32, 44, 46, 68, 69, 70]
Min Correction Subset: [8, 17, 18, 50]
Iter 115: 
Min Hitting Set: [0, 1, 2, 4, 5, 6, 9, 10, 11, 15, 16, 17, 22, 25, 26, 27, 30, 31, 32, 44, 68, 70]
Min Correction Subset: [3, 7, 18, 69]
Iter 116: 
Min Hitting Set: [1, 2, 6, 7, 9, 10, 11, 15, 16, 22, 25, 26, 27, 30, 31, 32, 44, 46, 50, 68, 69, 70]
Min Correction Subset: [0, 3, 4, 18, 45]
Iter 117: 
Min Hitting Set: [1, 2, 3, 4, 6, 7, 9, 11, 15, 16, 18, 22, 25, 26, 27, 30, 31, 32, 44, 46, 68, 70]
Min Correction Subset: [5, 10, 50]
Iter 118: 
Min Hitting Set: [1, 4, 5, 6, 7, 9, 10, 11, 15, 16, 17, 18, 22, 25, 26, 27, 30, 31, 44, 68, 69, 70]
Min Correction Subset: [2, 23, 32]
Iter 119: 
Min Hitting Set: [1, 2, 6, 7, 9, 10, 11, 15, 16, 18, 22, 25, 26, 27, 30, 31, 32, 44, 46, 50, 68, 70]
Min Correction Subset: [3, 4, 5, 39, 45, 69]
Iter 120: 
Min Hitting Set: [1, 2, 4, 6, 7, 9, 10, 11, 15, 16, 18, 22, 25, 26, 27, 30, 31, 32, 44, 46, 68, 70]
Min Correction Subset: [5, 8, 50, 69]
Iter 121: 
Min Hitting Set: [1, 4, 5, 6, 7, 9, 10, 11, 15, 16, 17, 22, 25, 26, 27, 30, 31, 32, 44, 68, 69, 70]
Min Correction Subset: [0, 2, 18, 50]
Iter 122: 
Min Hitting Set: [2, 4, 5, 6, 7, 9, 10, 11, 15, 16, 17, 22, 25, 26, 27, 30, 31, 32, 44, 50, 68, 70]
Min Correction Subset: [0, 1, 18, 69]
Iter 123: 
Min Hitting Set: [0, 2, 4, 5, 6, 9, 10, 11, 15, 16, 17, 22, 25, 26, 27, 30, 31, 32, 44, 68, 69, 70]
Min Correction Subset: [1, 7, 18, 50]
Iter 124: 
Min Hitting Set: [1, 2, 4, 5, 6, 7, 9, 10, 11, 15, 16, 17, 22, 25, 26, 27, 30, 31, 32, 44, 68, 70]
Min Correction Subset: [0, 18, 50, 69]
Iter 125: 
Min Hitting Set: [0, 2, 4, 5, 6, 9, 10, 11, 15, 16, 17, 22, 25, 26, 30, 31, 32, 44, 50, 68, 69, 70]
Min Correction Subset: [1, 18, 27]
Iter 126: 
Min Hitting Set: [1, 2, 4, 5, 6, 7, 9, 10, 11, 15, 16, 17, 22, 26, 30, 31, 32, 44, 50, 68, 69, 70]
Min Correction Subset: [0, 25]
Iter 127: 
Min Hitting Set: [1, 2, 3, 4, 5, 6, 7, 9, 10, 11, 15, 16, 17, 18, 22, 25, 26, 27, 30, 31, 44, 70]
Min Correction Subset: [68, 69]
Iter 128: 
Min Hitting Set: [2, 4, 5, 6, 7, 9, 11, 15, 16, 17, 22, 25, 26, 27, 30, 31, 32, 44, 50, 68, 69, 70]
Min Correction Subset: [1, 10, 18]
Iter 129: 
Min Hitting Set: [0, 2, 4, 5, 6, 7, 9, 10, 11, 15, 16, 17, 22, 25, 26, 27, 30, 31, 32, 44, 68, 70]
Min Correction Subset: [1, 18, 46, 69]
Iter 130: 
Min Hitting Set: [1, 2, 4, 5, 6, 7, 9, 10, 11, 15, 16, 17, 18, 22, 25, 26, 27, 30, 31, 44, 68, 70]
Min Correction Subset: [23, 32, 46]
Iter 131: 
Min Hitting Set: [1, 2, 4, 5, 6, 7, 9, 10, 11, 15, 16, 18, 22, 25, 26, 27, 30, 31, 32, 44, 46, 68, 70]
Min Correction Subset: [8, 17, 50, 69]
Iter 132: 
Min Hitting Set: [1, 2, 4, 5, 6, 7, 9, 10, 11, 15, 16, 17, 18, 22, 25, 26, 27, 30, 31, 44, 46, 68, 70]
Min Correction Subset: [23, 32, 69]
Iter 133: 
Min Hitting Set: [1, 2, 4, 5, 6, 7, 9, 10, 11, 15, 16, 17, 18, 22, 25, 26, 27, 30, 31, 32, 44, 68, 70]
Min Correction Subset: [0, 46, 50, 69]
Iter 134: 
Min Hitting Set: [2, 4, 5, 6, 7, 9, 10, 11, 15, 16, 17, 18, 22, 25, 26, 27, 30, 31, 32, 44, 46, 68, 70]
Min Correction Subset: [0, 1, 50, 69]
Iter 135: 
Min Hitting Set: [1, 4, 5, 6, 7, 9, 10, 11, 15, 16, 17, 18, 22, 25, 26, 27, 30, 31, 32, 44, 46, 68, 70]
Min Correction Subset: [0, 2, 50, 69]
Iter 136: 
Min Hitting Set: [1, 4, 6, 7, 9, 10, 11, 15, 16, 18, 22, 25, 26, 27, 30, 31, 32, 44, 46, 50, 68, 69, 70]
Min Correction Subset: [2, 3, 5, 48]
Iter 137: 
Min Hitting Set: [1, 4, 5, 6, 7, 9, 10, 11, 15, 16, 18, 22, 25, 26, 27, 30, 31, 32, 44, 46, 68, 69, 70]
Min Correction Subset: [2, 17, 50]
Iter 138: 
Min Hitting Set: [1, 4, 5, 6, 7, 9, 11, 15, 16, 18, 22, 25, 26, 27, 30, 31, 32, 44, 46, 50, 68, 69, 70]
Min Correction Subset: [2, 10, 17]
Iter 139: 
Min Hitting Set: [1, 3, 6, 7, 9, 10, 11, 15, 16, 18, 22, 25, 26, 27, 30, 31, 32, 44, 46, 50, 68, 69, 70]
Min Correction Subset: [0, 2, 4, 39, 48]
Iter 140: 
Min Hitting Set: [0, 1, 3, 5, 6, 7, 9, 10, 11, 15, 16, 17, 22, 25, 26, 27, 30, 31, 32, 44, 46, 68, 70]
Min Correction Subset: [2, 4, 69]
