IIS generation
Iter 1: 
Min Hitting Set: []
Min Correction Subset: [38]
Iter 2: 
Min Hitting Set: [38]
Min Correction Subset: [36]
Iter 3: 
Min Hitting Set: [36, 38]
Min Correction Subset: [35]
Iter 4: 
Min Hitting Set: [35, 36, 38]
Min Correction Subset: [37]
Iter 5: 
Min Hitting Set: [35, 36, 37, 38]
Min Correction Subset: [33]
Iter 6: 
Min Hitting Set: [33, 35, 36, 37, 38]
Min Correction Subset: [32]
Iter 7: 
Min Hitting Set: [32, 33, 35, 36, 37, 38]
Min Correction Subset: [13]
Iter 8: 
Min Hitting Set: [13, 32, 33, 35, 36, 37, 38]
Min Correction Subset: [9]
Iter 9: 
Min Hitting Set: [9, 13, 32, 33, 35, 36, 37, 38]
Min Correction Subset: [6]
Iter 10: 
Min Hitting Set: [6, 9, 13, 32, 33, 35, 36, 37, 38]
Min Correction Subset: [17, 18, 19, 24, 34]
Iter 11: 
Min Hitting Set: [6, 9, 13, 17, 32, 33, 35, 36, 37, 38]
Min Correction Subset: [24, 25, 26, 27, 34]
Iter 12: 
Min Hitting Set: [6, 9, 13, 24, 32, 33, 35, 36, 37, 38]
Min Correction Subset: [16, 17, 18, 19, 34]
Optimal IIS
Instance: scheduling-32-100-830000
----------------------------
Query: 10
Query element:2
Query element:3
Query scope: 0
Query scope: 1
Query scope: 2
Query scope: 14
Query scope: 15
Query scope: 16
Query scope: 37
Query scope: 38
Query scope: 39
Query scope: 62
Query scope: 63
Query scope: 64
Query scope: 84
Query scope: 85
----------------------------
IIS optimality: suboptimal
IIS solution time: 650.381
IIS Constraint: 6; goods; {good:6}
IIS Constraint: 9; goods; {good:9}
IIS Constraint: 13; goods; {good:13}
IIS Constraint: 32; goods; {good:32}
IIS Constraint: 33; goods; {good:33}
IIS Constraint: 34; goods; {good:34}
IIS Constraint: 35; goods; {good:35}
IIS Constraint: 36; goods; {good:36}
IIS Constraint: 37; query; {goods:[2,3],query:10}
IIS Constraint: 38; max; {f:27.648590000000002,objective:max}
