IIS generation
Iter 1: 
Min Hitting Set: []
Min Correction Subset: [53]
Iter 2: 
Min Hitting Set: [53]
Min Correction Subset: [17]
Iter 3: 
Min Hitting Set: [17, 53]
Min Correction Subset: [8]
Iter 4: 
Min Hitting Set: [8, 17, 53]
Min Correction Subset: [11]
Iter 5: 
Min Hitting Set: [8, 11, 17, 53]
Min Correction Subset: [16]
Iter 6: 
Min Hitting Set: [8, 11, 16, 17, 53]
Min Correction Subset: [23]
Iter 7: 
Min Hitting Set: [8, 11, 16, 17, 23, 53]
Min Correction Subset: [7]
Iter 8: 
Min Hitting Set: [7, 8, 11, 16, 17, 23, 53]
Min Correction Subset: [21]
Iter 9: 
Min Hitting Set: [7, 8, 11, 16, 17, 21, 23, 53]
Min Correction Subset: [26]
Iter 10: 
Min Hitting Set: [7, 8, 11, 16, 17, 21, 23, 26, 53]
Min Correction Subset: [24]
Iter 11: 
Min Hitting Set: [7, 8, 11, 16, 17, 21, 23, 24, 26, 53]
Min Correction Subset: [52]
Iter 12: 
Min Hitting Set: [7, 8, 11, 16, 17, 21, 23, 24, 26, 52, 53]
Min Correction Subset: [2]
Iter 13: 
Min Hitting Set: [2, 7, 8, 11, 16, 17, 21, 23, 24, 26, 52, 53]
Min Correction Subset: [6]
Iter 14: 
Min Hitting Set: [2, 6, 7, 8, 11, 16, 17, 21, 23, 24, 26, 52, 53]
Min Correction Subset: [19]
Iter 15: 
Min Hitting Set: [2, 6, 7, 8, 11, 16, 17, 19, 21, 23, 24, 26, 52, 53]
Min Correction Subset: [1]
Iter 16: 
Min Hitting Set: [1, 2, 6, 7, 8, 11, 16, 17, 19, 21, 23, 24, 26, 52, 53]
Min Correction Subset: [43]
Iter 17: 
Min Hitting Set: [1, 2, 6, 7, 8, 11, 16, 17, 19, 21, 23, 24, 26, 43, 52, 53]
Min Correction Subset: [22]
Iter 18: 
Min Hitting Set: [1, 2, 6, 7, 8, 11, 16, 17, 19, 21, 22, 23, 24, 26, 43, 52, 53]
Min Correction Subset: [15, 20]
Iter 19: 
Min Hitting Set: [1, 2, 6, 7, 8, 11, 15, 16, 17, 19, 21, 22, 23, 24, 26, 43, 52, 53]
Min Correction Subset: [13, 18]
Iter 20: 
Min Hitting Set: [1, 2, 6, 7, 8, 11, 13, 15, 16, 17, 19, 21, 22, 23, 24, 26, 43, 52, 53]
Min Correction Subset: [3, 4]
Iter 21: 
Min Hitting Set: [1, 2, 3, 6, 7, 8, 11, 13, 15, 16, 17, 19, 21, 22, 23, 24, 26, 43, 52, 53]
Min Correction Subset: [4, 18]
Iter 22: 
Min Hitting Set: [1, 2, 4, 6, 7, 8, 11, 15, 16, 17, 18, 19, 21, 22, 23, 24, 26, 43, 52, 53]
Min Correction Subset: [0, 5]
Iter 23: 
Min Hitting Set: [0, 1, 2, 4, 6, 7, 8, 11, 15, 16, 17, 18, 19, 21, 22, 23, 24, 26, 43, 52, 53]
Min Correction Subset: [3, 12, 34]
Iter 24: 
Min Hitting Set: [0, 1, 2, 3, 6, 7, 8, 11, 15, 16, 17, 18, 19, 21, 22, 23, 24, 26, 43, 52, 53]
Min Correction Subset: [5, 10, 37]
Optimal IIS
Instance: regions-32-100-560000
----------------------------
Query: 10
Query element:14
Query element:42
Query scope: 50
Query scope: 51
Query scope: 52
----------------------------
IIS optimality: suboptimal
IIS solution time: 2774.571
IIS Constraint: 1; goods; {good:1}
IIS Constraint: 2; goods; {good:2}
IIS Constraint: 3; goods; {good:3}
IIS Constraint: 5; goods; {good:5}
IIS Constraint: 6; goods; {good:6}
IIS Constraint: 7; goods; {good:7}
IIS Constraint: 8; goods; {good:8}
IIS Constraint: 11; goods; {good:11}
IIS Constraint: 15; goods; {good:15}
IIS Constraint: 16; goods; {good:16}
IIS Constraint: 17; goods; {good:17}
IIS Constraint: 18; goods; {good:18}
IIS Constraint: 19; goods; {good:19}
IIS Constraint: 21; goods; {good:21}
IIS Constraint: 22; goods; {good:22}
IIS Constraint: 23; goods; {good:23}
IIS Constraint: 24; goods; {good:24}
IIS Constraint: 26; goods; {good:26}
IIS Constraint: 43; goods; {good:43}
IIS Constraint: 52; query; {goods:[14,42],query:10}
IIS Constraint: 53; max; {f:1805.5543999999998,objective:max}
