IIS generation
Iter 1: 
Min Hitting Set: []
Min Correction Subset: [52]
Iter 2: 
Min Hitting Set: [52]
Min Correction Subset: [12]
Iter 3: 
Min Hitting Set: [12, 52]
Min Correction Subset: [10]
Iter 4: 
Min Hitting Set: [10, 12, 52]
Min Correction Subset: [1]
Iter 5: 
Min Hitting Set: [1, 10, 12, 52]
Min Correction Subset: [51]
Iter 6: 
Min Hitting Set: [1, 10, 12, 51, 52]
Min Correction Subset: [8, 9]
Iter 7: 
Min Hitting Set: [1, 8, 10, 12, 51, 52]
Min Correction Subset: [2, 4]
Iter 8: 
Min Hitting Set: [1, 2, 8, 10, 12, 51, 52]
Min Correction Subset: [9, 16]
Iter 9: 
Min Hitting Set: [1, 2, 9, 10, 12, 51, 52]
Min Correction Subset: [0, 8]
Iter 10: 
Min Hitting Set: [1, 2, 8, 9, 10, 12, 51, 52]
Min Correction Subset: [22, 23]
Iter 11: 
Min Hitting Set: [1, 2, 8, 9, 10, 12, 22, 51, 52]
Min Correction Subset: [15, 16]
Iter 12: 
Min Hitting Set: [1, 2, 8, 10, 12, 16, 22, 51, 52]
Min Correction Subset: [0, 11]
Iter 13: 
Min Hitting Set: [0, 1, 2, 8, 10, 12, 16, 22, 51, 52]
Min Correction Subset: [5, 9]
Iter 14: 
Min Hitting Set: [0, 1, 2, 9, 10, 12, 16, 22, 51, 52]
Min Correction Subset: [3, 8, 14]
Iter 15: 
Min Hitting Set: [0, 1, 2, 8, 9, 10, 12, 16, 22, 51, 52]
Min Correction Subset: [4, 5, 13]
Iter 16: 
Min Hitting Set: [0, 1, 4, 5, 8, 10, 12, 16, 22, 51, 52]
Min Correction Subset: [2, 3]
Iter 17: 
Min Hitting Set: [0, 1, 3, 4, 9, 10, 12, 16, 22, 51, 52]
Min Correction Subset: [2, 8]
Iter 18: 
Min Hitting Set: [0, 1, 2, 5, 8, 10, 12, 16, 22, 51, 52]
Min Correction Subset: [9, 15, 20]
Iter 19: 
Min Hitting Set: [0, 1, 2, 3, 4, 9, 10, 12, 15, 22, 51, 52]
Min Correction Subset: [6, 11, 16]
Iter 20: 
Min Hitting Set: [1, 2, 5, 8, 10, 11, 12, 15, 16, 22, 51, 52]
Min Correction Subset: [4, 9, 36]
Iter 21: 
Min Hitting Set: [1, 2, 5, 8, 9, 10, 11, 12, 15, 22, 51, 52]
Min Correction Subset: [0, 16]
Iter 22: 
Min Hitting Set: [0, 1, 2, 3, 5, 9, 10, 12, 16, 22, 51, 52]
Min Correction Subset: [8, 11, 34]
Iter 23: 
Min Hitting Set: [1, 2, 5, 8, 9, 10, 11, 12, 16, 22, 51, 52]
Min Correction Subset: [0, 4, 36]
Iter 24: 
Min Hitting Set: [1, 3, 4, 8, 9, 10, 11, 12, 16, 22, 51, 52]
Min Correction Subset: [0, 5]
Iter 25: 
Min Hitting Set: [0, 1, 2, 4, 8, 9, 10, 12, 16, 22, 51, 52]
Min Correction Subset: [3, 6, 15, 20]
Iter 26: 
Min Hitting Set: [0, 1, 3, 4, 8, 9, 10, 12, 16, 22, 51, 52]
Min Correction Subset: [2, 20, 21]
Iter 27: 
Min Hitting Set: [1, 3, 4, 5, 8, 10, 11, 12, 16, 20, 22, 51, 52]
Min Correction Subset: [0, 9, 19]
Iter 28: 
Min Hitting Set: [0, 1, 2, 5, 8, 9, 10, 12, 15, 16, 22, 51, 52]
Min Correction Subset: [3, 6, 11, 34]
Iter 29: 
Min Hitting Set: [0, 1, 2, 5, 8, 9, 10, 11, 12, 15, 22, 51, 52]
Min Correction Subset: [3, 14, 16]
Iter 30: 
Min Hitting Set: [0, 1, 2, 5, 6, 8, 9, 10, 12, 16, 22, 51, 52]
Min Correction Subset: [3, 11, 15, 20]
Iter 31: 
Min Hitting Set: [0, 1, 2, 3, 5, 9, 10, 11, 12, 15, 22, 51, 52]
Min Correction Subset: [8, 16, 34]
Iter 32: 
Min Hitting Set: [0, 1, 2, 3, 5, 8, 9, 10, 12, 16, 22, 51, 52]
Min Correction Subset: [11, 15, 19, 20]
Iter 33: 
Min Hitting Set: [0, 1, 2, 3, 5, 9, 10, 11, 12, 16, 22, 51, 52]
Min Correction Subset: [4, 15, 20, 36]
Iter 34: 
Min Hitting Set: [0, 1, 2, 3, 4, 9, 10, 11, 12, 16, 22, 51, 52]
Min Correction Subset: [8, 15, 20, 36]
Iter 35: 
Min Hitting Set: [0, 1, 3, 4, 5, 8, 10, 12, 16, 20, 22, 51, 52]
Min Correction Subset: [9, 11, 19]
Iter 36: 
Min Hitting Set: [0, 1, 3, 4, 8, 9, 10, 12, 16, 20, 22, 51, 52]
Min Correction Subset: [2, 6, 11, 19]
Iter 37: 
Min Hitting Set: [1, 2, 4, 5, 8, 9, 10, 11, 12, 15, 16, 22, 51, 52]
Min Correction Subset: [0, 3, 6]
Iter 38: 
Min Hitting Set: [1, 2, 3, 4, 5, 8, 9, 10, 11, 12, 16, 22, 51, 52]
Min Correction Subset: [13, 15, 20, 21]
Iter 39: 
Min Hitting Set: [0, 1, 2, 3, 9, 10, 11, 12, 13, 15, 22, 34, 51, 52]
Min Correction Subset: [4, 6, 8, 16]
Iter 40: 
Min Hitting Set: [0, 1, 2, 3, 4, 9, 10, 11, 12, 15, 22, 34, 51, 52]
Min Correction Subset: [16, 18, 19, 23]
Iter 41: 
Min Hitting Set: [0, 1, 2, 3, 4, 9, 10, 11, 12, 15, 23, 34, 51, 52]
Min Correction Subset: [16, 21, 22]
Iter 42: 
Min Hitting Set: [0, 1, 2, 5, 8, 9, 10, 11, 12, 15, 16, 22, 51, 52]
Min Correction Subset: [3, 17, 18, 23]
Iter 43: 
Min Hitting Set: [0, 1, 2, 5, 8, 9, 10, 11, 12, 15, 16, 23, 51, 52]
Min Correction Subset: [6, 22, 34]
Iter 44: 
Min Hitting Set: [0, 1, 2, 3, 9, 10, 12, 13, 15, 16, 22, 34, 51, 52]
Min Correction Subset: [5, 17, 18, 23, 24]
Iter 45: 
Min Hitting Set: [0, 1, 2, 3, 5, 9, 10, 12, 15, 16, 22, 34, 51, 52]
Min Correction Subset: [6, 8, 17, 18, 23]
Iter 46: 
Min Hitting Set: [0, 1, 3, 4, 5, 8, 10, 11, 12, 16, 20, 22, 51, 52]
Min Correction Subset: [2, 9, 19]
Iter 47: 
Min Hitting Set: [0, 1, 2, 3, 4, 9, 10, 12, 15, 16, 23, 34, 51, 52]
Min Correction Subset: [5, 13, 20, 21]
Iter 48: 
Min Hitting Set: [1, 3, 4, 5, 8, 9, 10, 11, 12, 16, 20, 22, 51, 52]
Min Correction Subset: [0, 2, 15, 43]
Iter 49: 
Min Hitting Set: [0, 1, 3, 4, 6, 8, 9, 10, 12, 15, 21, 23, 51, 52]
Min Correction Subset: [2, 22, 34]
Iter 50: 
Min Hitting Set: [0, 1, 2, 3, 5, 9, 10, 12, 15, 16, 23, 34, 51, 52]
Min Correction Subset: [6, 11, 17, 18, 22]
Iter 51: 
Min Hitting Set: [0, 1, 2, 5, 6, 8, 9, 10, 12, 15, 16, 23, 51, 52]
Min Correction Subset: [11, 13, 17, 18, 22]
Iter 52: 
Min Hitting Set: [0, 1, 2, 3, 5, 8, 9, 10, 12, 15, 16, 22, 51, 52]
Min Correction Subset: [6, 11, 19, 34, 43]
Iter 53: 
Min Hitting Set: [0, 1, 3, 4, 5, 8, 10, 12, 16, 19, 20, 22, 51, 52]
Min Correction Subset: [6, 9, 11, 34]
Iter 54: 
Min Hitting Set: [0, 1, 2, 6, 8, 9, 10, 12, 13, 16, 20, 23, 51, 52]
Min Correction Subset: [4, 11, 15, 28, 36]
Optimal IIS
Instance: regions-32-100-590000
----------------------------
Query: 1
Query element:47
Query scope: 47
----------------------------
IIS optimality: suboptimal
IIS solution time: 6794.457
IIS Constraint: 0; goods; {good:0}
IIS Constraint: 1; goods; {good:1}
IIS Constraint: 2; goods; {good:2}
IIS Constraint: 6; goods; {good:6}
IIS Constraint: 8; goods; {good:8}
IIS Constraint: 9; goods; {good:9}
IIS Constraint: 10; goods; {good:10}
IIS Constraint: 12; goods; {good:12}
IIS Constraint: 13; goods; {good:13}
IIS Constraint: 15; goods; {good:15}
IIS Constraint: 16; goods; {good:16}
IIS Constraint: 23; goods; {good:23}
IIS Constraint: 51; query; {bid:47,query:1}
IIS Constraint: 52; max; {f:1643.08555,objective:max}
