IIS generation
Iter 1: 
Min Hitting Set: []
Min Correction Subset: [51]
Iter 2: 
Min Hitting Set: [51]
Min Correction Subset: [50]
Iter 3: 
Min Hitting Set: [50, 51]
Min Correction Subset: [18, 19]
Iter 4: 
Min Hitting Set: [18, 50, 51]
Min Correction Subset: [2, 3]
Iter 5: 
Min Hitting Set: [2, 18, 50, 51]
Min Correction Subset: [3, 17]
Iter 6: 
Min Hitting Set: [3, 18, 50, 51]
Min Correction Subset: [5, 6]
Iter 7: 
Min Hitting Set: [3, 5, 18, 50, 51]
Min Correction Subset: [6, 16]
Iter 8: 
Min Hitting Set: [3, 6, 18, 50, 51]
Min Correction Subset: [16, 17]
Iter 9: 
Min Hitting Set: [3, 6, 16, 18, 50, 51]
Min Correction Subset: [2, 22, 23]
Iter 10: 
Min Hitting Set: [2, 6, 17, 18, 50, 51]
Min Correction Subset: [9, 16]
Iter 11: 
Min Hitting Set: [2, 6, 16, 17, 18, 50, 51]
Min Correction Subset: [3, 8, 9]
Iter 12: 
Min Hitting Set: [2, 6, 9, 17, 18, 50, 51]
Min Correction Subset: [7, 8, 11, 12]
Iter 13: 
Min Hitting Set: [2, 6, 8, 16, 17, 18, 50, 51]
Min Correction Subset: [7, 9, 14]
Iter 14: 
Min Hitting Set: [2, 6, 8, 9, 17, 18, 50, 51]
Min Correction Subset: [11, 16, 20, 21]
Iter 15: 
Min Hitting Set: [2, 6, 9, 11, 17, 18, 50, 51]
Min Correction Subset: [7, 8, 15, 16, 19]
Iter 16: 
Min Hitting Set: [2, 6, 9, 11, 17, 19, 50, 51]
Min Correction Subset: [13, 15, 18]
Iter 17: 
Min Hitting Set: [2, 3, 6, 7, 16, 18, 50, 51]
Min Correction Subset: [8, 17, 22]
Iter 18: 
Min Hitting Set: [3, 6, 7, 16, 18, 22, 50, 51]
Min Correction Subset: [2, 8, 23]
Iter 19: 
Min Hitting Set: [3, 6, 8, 9, 16, 18, 22, 50, 51]
Min Correction Subset: [2, 7, 11]
Iter 20: 
Min Hitting Set: [2, 6, 9, 11, 17, 18, 19, 50, 51]
Min Correction Subset: [5, 7, 8, 15, 20, 23]
Iter 21: 
Min Hitting Set: [2, 6, 8, 9, 11, 17, 18, 50, 51]
Min Correction Subset: [5, 7, 12, 13, 14, 15, 20]
Iter 22: 
Min Hitting Set: [3, 6, 7, 8, 16, 18, 22, 50, 51]
Min Correction Subset: [1, 9, 11, 13, 14, 17, 19]
Iter 23: 
Min Hitting Set: [2, 5, 9, 11, 16, 17, 18, 50, 51]
Min Correction Subset: [6, 7, 24]
Iter 24: 
Min Hitting Set: [2, 6, 8, 9, 17, 18, 20, 50, 51]
Min Correction Subset: [10, 11, 15, 16, 47]
Iter 25: 
Min Hitting Set: [2, 6, 7, 9, 11, 17, 18, 50, 51]
Min Correction Subset: [5, 8, 15, 16, 20, 23, 33]
Iter 26: 
Min Hitting Set: [2, 5, 7, 8, 16, 17, 18, 50, 51]
Min Correction Subset: [1, 6, 11]
Iter 27: 
Min Hitting Set: [2, 6, 9, 11, 15, 17, 18, 50, 51]
Min Correction Subset: [7, 8, 12, 13, 19, 23]
Iter 28: 
Min Hitting Set: [3, 6, 7, 16, 17, 18, 23, 50, 51]
Min Correction Subset: [0, 2, 8]
Iter 29: 
Min Hitting Set: [2, 3, 6, 7, 16, 17, 18, 50, 51]
Min Correction Subset: [8, 9, 11, 13, 14, 19]
Iter 30: 
Min Hitting Set: [2, 6, 7, 9, 16, 17, 18, 50, 51]
Min Correction Subset: [5, 8, 11, 15, 20, 23]
Iter 31: 
Min Hitting Set: [2, 6, 7, 8, 16, 17, 18, 50, 51]
Min Correction Subset: [1, 3, 9, 11, 14]
Iter 32: 
Min Hitting Set: [2, 3, 6, 8, 14, 16, 18, 50, 51]
Min Correction Subset: [7, 11, 12, 22, 23]
Optimal IIS
Instance: regions-32-100-830000
----------------------------
Query: 10
Query element:13
Query element:10
Query scope: 8
Query scope: 14
Query scope: 15
Query scope: 16
Query scope: 17
Query scope: 18
Query scope: 19
Query scope: 20
Query scope: 22
Query scope: 25
Query scope: 29
Query scope: 32
Query scope: 33
Query scope: 34
Query scope: 35
Query scope: 36
Query scope: 37
Query scope: 38
Query scope: 39
Query scope: 40
Query scope: 41
Query scope: 42
Query scope: 43
Query scope: 44
Query scope: 45
Query scope: 46
Query scope: 47
Query scope: 48
Query scope: 49
Query scope: 65
Query scope: 66
Query scope: 67
Query scope: 68
Query scope: 75
Query scope: 80
Query scope: 81
Query scope: 82
Query scope: 83
Query scope: 84
Query scope: 85
Query scope: 95
----------------------------
IIS optimality: suboptimal
IIS solution time: 8212.702
IIS Constraint: 2; goods; {good:2}
IIS Constraint: 6; goods; {good:6}
IIS Constraint: 9; goods; {good:9}
IIS Constraint: 11; goods; {good:11}
IIS Constraint: 15; goods; {good:15}
IIS Constraint: 17; goods; {good:17}
IIS Constraint: 19; goods; {good:19}
IIS Constraint: 50; query; {goods:[13,10],query:10}
IIS Constraint: 51; max; {f:2009.56,objective:max}
