IIS generation
Iter 1: 
Min Hitting Set: []
Min Correction Subset: [51]
Iter 2: 
Min Hitting Set: [51]
Min Correction Subset: [50]
Iter 3: 
Min Hitting Set: [50, 51]
Min Correction Subset: [11, 15, 16, 20]
Iter 4: 
Min Hitting Set: [11, 50, 51]
Min Correction Subset: [2, 15, 17, 26]
Iter 5: 
Min Hitting Set: [15, 50, 51]
Min Correction Subset: [8, 17, 19, 24]
Iter 6: 
Min Hitting Set: [15, 17, 50, 51]
Min Correction Subset: [8, 19, 24, 26]
Iter 7: 
Min Hitting Set: [8, 15, 50, 51]
Min Correction Subset: [17, 19, 22, 23, 24]
Iter 8: 
Min Hitting Set: [15, 19, 50, 51]
Min Correction Subset: [2, 16, 17, 21, 22]
Iter 9: 
Min Hitting Set: [16, 19, 26, 50, 51]
Min Correction Subset: [10, 11, 15, 17]
Iter 10: 
Min Hitting Set: [15, 16, 19, 50, 51]
Min Correction Subset: [0, 1, 2, 17, 26]
Iter 11: 
Min Hitting Set: [15, 17, 19, 50, 51]
Min Correction Subset: [1, 2, 3, 7, 8, 49]
Iter 12: 
Min Hitting Set: [2, 15, 19, 50, 51]
Min Correction Subset: [10, 16, 17, 21, 22]
Iter 13: 
Min Hitting Set: [8, 15, 17, 50, 51]
Min Correction Subset: [11, 16, 19, 20, 21, 24]
Iter 14: 
Min Hitting Set: [8, 11, 17, 50, 51]
Min Correction Subset: [15, 16, 20, 21, 26]
Iter 15: 
Min Hitting Set: [8, 16, 17, 50, 51]
Min Correction Subset: [10, 11, 15, 20]
Iter 16: 
Min Hitting Set: [8, 17, 20, 50, 51]
Min Correction Subset: [5, 10, 11, 15]
Iter 17: 
Min Hitting Set: [8, 15, 17, 19, 50, 51]
Min Correction Subset: [0, 1, 2, 5, 6, 10, 44]
Iter 18: 
Min Hitting Set: [8, 10, 16, 17, 50, 51]
Min Correction Subset: [11, 15, 20, 34]
Iter 19: 
Min Hitting Set: [8, 10, 17, 20, 50, 51]
Min Correction Subset: [15, 16, 21, 22, 26]
Iter 20: 
Min Hitting Set: [2, 15, 19, 22, 50, 51]
Min Correction Subset: [1, 5, 10, 17, 44]
Iter 21: 
Min Hitting Set: [2, 10, 15, 19, 50, 51]
Min Correction Subset: [16, 17, 21, 22, 26]
Iter 22: 
Min Hitting Set: [2, 11, 17, 26, 50, 51]
Min Correction Subset: [8, 15, 19, 24]
Iter 23: 
Min Hitting Set: [2, 15, 17, 19, 50, 51]
Min Correction Subset: [1, 5, 6, 8, 10, 44]
Iter 24: 
Min Hitting Set: [1, 15, 19, 22, 50, 51]
Min Correction Subset: [2, 5, 8, 17, 26]
Iter 25: 
Min Hitting Set: [1, 15, 17, 19, 50, 51]
Min Correction Subset: [2, 5, 7, 8, 11, 26]
Iter 26: 
Min Hitting Set: [8, 10, 20, 22, 26, 50, 51]
Min Correction Subset: [2, 13, 17, 19, 23]
Iter 27: 
Min Hitting Set: [1, 8, 11, 17, 26, 50, 51]
Min Correction Subset: [15, 16, 20, 21, 22, 47]
Optimal IIS
Instance: regions-32-100-340000
----------------------------
Query: 2
Query element:90
Query scope: 90
----------------------------
IIS optimality: suboptimal
IIS solution time: 3494.771
IIS Constraint: 2; goods; {good:2}
IIS Constraint: 10; goods; {good:10}
IIS Constraint: 15; goods; {good:15}
IIS Constraint: 17; goods; {good:17}
IIS Constraint: 19; goods; {good:19}
IIS Constraint: 50; query; {bid:90,query:2}
IIS Constraint: 51; max; {f:1802.8106,objective:max}
