IIS generation
Iter 1: 
Min Hitting Set: []
Min Correction Subset: [60]
Iter 2: 
Min Hitting Set: [60]
Min Correction Subset: [7]
Iter 3: 
Min Hitting Set: [7, 60]
Min Correction Subset: [8]
Iter 4: 
Min Hitting Set: [7, 8, 60]
Min Correction Subset: [13]
Iter 5: 
Min Hitting Set: [7, 8, 13, 60]
Min Correction Subset: [30]
Iter 6: 
Min Hitting Set: [7, 8, 13, 30, 60]
Min Correction Subset: [20]
Iter 7: 
Min Hitting Set: [7, 8, 13, 20, 30, 60]
Min Correction Subset: [31]
Iter 8: 
Min Hitting Set: [7, 8, 13, 20, 30, 31, 60]
Min Correction Subset: [21]
Iter 9: 
Min Hitting Set: [7, 8, 13, 20, 21, 30, 31, 60]
Min Correction Subset: [11]
Iter 10: 
Min Hitting Set: [7, 8, 11, 13, 20, 21, 30, 31, 60]
Min Correction Subset: [6]
Iter 11: 
Min Hitting Set: [6, 7, 8, 11, 13, 20, 21, 30, 31, 60]
Min Correction Subset: [0]
Iter 12: 
Min Hitting Set: [0, 6, 7, 8, 11, 13, 20, 21, 30, 31, 60]
Min Correction Subset: [28]
Iter 13: 
Min Hitting Set: [0, 6, 7, 8, 11, 13, 20, 21, 28, 30, 31, 60]
Min Correction Subset: [5]
Iter 14: 
Min Hitting Set: [0, 5, 6, 7, 8, 11, 13, 20, 21, 28, 30, 31, 60]
Min Correction Subset: [3]
Iter 15: 
Min Hitting Set: [0, 3, 5, 6, 7, 8, 11, 13, 20, 21, 28, 30, 31, 60]
Min Correction Subset: [25]
Iter 16: 
Min Hitting Set: [0, 3, 5, 6, 7, 8, 11, 13, 20, 21, 25, 28, 30, 31, 60]
Min Correction Subset: [24]
Iter 17: 
Min Hitting Set: [0, 3, 5, 6, 7, 8, 11, 13, 20, 21, 24, 25, 28, 30, 31, 60]
Min Correction Subset: [17]
Iter 18: 
Min Hitting Set: [0, 3, 5, 6, 7, 8, 11, 13, 17, 20, 21, 24, 25, 28, 30, 31, 60]
Min Correction Subset: [4]
Iter 19: 
Min Hitting Set: [0, 3, 4, 5, 6, 7, 8, 11, 13, 17, 20, 21, 24, 25, 28, 30, 31, 60]
Min Correction Subset: [51]
Iter 20: 
Min Hitting Set: [0, 3, 4, 5, 6, 7, 8, 11, 13, 17, 20, 21, 24, 25, 28, 30, 31, 51, 60]
Min Correction Subset: [27]
Iter 21: 
Min Hitting Set: [0, 3, 4, 5, 6, 7, 8, 11, 13, 17, 20, 21, 24, 25, 27, 28, 30, 31, 51, 60]
Min Correction Subset: [22]
Iter 22: 
Min Hitting Set: [0, 3, 4, 5, 6, 7, 8, 11, 13, 17, 20, 21, 22, 24, 25, 27, 28, 30, 31, 51, 60]
Min Correction Subset: [47]
Iter 23: 
Min Hitting Set: [0, 3, 4, 5, 6, 7, 8, 11, 13, 17, 20, 21, 22, 24, 25, 27, 28, 30, 31, 47, 51, 60]
Min Correction Subset: [18]
Iter 24: 
Min Hitting Set: [0, 3, 4, 5, 6, 7, 8, 11, 13, 17, 18, 20, 21, 22, 24, 25, 27, 28, 30, 31, 47, 51, 60]
Min Correction Subset: [59]
Iter 25: 
Min Hitting Set: [0, 3, 4, 5, 6, 7, 8, 11, 13, 17, 18, 20, 21, 22, 24, 25, 27, 28, 30, 31, 47, 51, 59, 60]
Min Correction Subset: [15, 39]
Iter 26: 
Min Hitting Set: [0, 3, 4, 5, 6, 7, 8, 11, 13, 15, 17, 18, 20, 21, 22, 24, 25, 27, 28, 30, 31, 47, 51, 59, 60]
Min Correction Subset: [16, 39]
Iter 27: 
Min Hitting Set: [0, 3, 4, 5, 6, 7, 8, 11, 13, 17, 18, 20, 21, 22, 24, 25, 27, 28, 30, 31, 39, 47, 51, 59, 60]
Min Correction Subset: [15, 16]
Iter 28: 
Min Hitting Set: [0, 3, 4, 5, 6, 7, 8, 11, 13, 15, 16, 17, 18, 20, 21, 22, 24, 25, 27, 28, 30, 31, 47, 51, 59, 60]
Min Correction Subset: [29, 35]
Iter 29: 
Min Hitting Set: [0, 3, 4, 5, 6, 7, 8, 11, 13, 15, 16, 17, 18, 20, 21, 22, 24, 25, 27, 28, 29, 30, 31, 47, 51, 59, 60]
Min Correction Subset: [37, 39]
Iter 30: 
Min Hitting Set: [0, 3, 4, 5, 6, 7, 8, 11, 13, 15, 17, 18, 20, 21, 22, 24, 25, 27, 28, 29, 30, 31, 39, 47, 51, 59, 60]
Min Correction Subset: [10, 16]
Iter 31: 
Min Hitting Set: [0, 3, 4, 5, 6, 7, 8, 11, 13, 16, 17, 18, 20, 21, 22, 24, 25, 27, 28, 29, 30, 31, 39, 47, 51, 59, 60]
Min Correction Subset: [12, 37]
Iter 32: 
Min Hitting Set: [0, 3, 4, 5, 6, 7, 8, 11, 13, 15, 16, 17, 18, 20, 21, 22, 24, 25, 27, 28, 29, 30, 31, 37, 47, 51, 59, 60]
Min Correction Subset: [9, 10, 39]
Iter 33: 
Min Hitting Set: [0, 3, 4, 5, 6, 7, 8, 11, 13, 16, 17, 18, 20, 21, 22, 24, 25, 27, 28, 29, 30, 31, 37, 39, 47, 51, 59, 60]
Min Correction Subset: [15, 32]
Optimal IIS
Instance: paths-32-100-790000
----------------------------
Query: 7
Query element:33
Query scope: 3
Query scope: 4
Query scope: 5
Query scope: 6
----------------------------
IIS optimality: suboptimal
IIS solution time: 5780.235
IIS Constraint: 0; goods; {good:0}
IIS Constraint: 3; goods; {good:3}
IIS Constraint: 4; goods; {good:4}
IIS Constraint: 5; goods; {good:5}
IIS Constraint: 6; goods; {good:6}
IIS Constraint: 7; goods; {good:7}
IIS Constraint: 8; goods; {good:8}
IIS Constraint: 10; goods; {good:10}
IIS Constraint: 11; goods; {good:11}
IIS Constraint: 13; goods; {good:13}
IIS Constraint: 15; goods; {good:15}
IIS Constraint: 16; goods; {good:16}
IIS Constraint: 17; goods; {good:17}
IIS Constraint: 18; goods; {good:18}
IIS Constraint: 20; goods; {good:20}
IIS Constraint: 21; goods; {good:21}
IIS Constraint: 22; goods; {good:22}
IIS Constraint: 24; goods; {good:24}
IIS Constraint: 25; goods; {good:25}
IIS Constraint: 27; goods; {good:27}
IIS Constraint: 28; goods; {good:28}
IIS Constraint: 29; goods; {good:29}
IIS Constraint: 30; goods; {good:30}
IIS Constraint: 31; goods; {good:31}
IIS Constraint: 37; goods; {good:37}
IIS Constraint: 47; goods; {good:47}
IIS Constraint: 51; goods; {good:51}
IIS Constraint: 59; query; {good:33,query:7}
IIS Constraint: 60; max; {f:14.010487000000001,objective:max}
