IIS generation
Iter 1: 
Min Hitting Set: []
Min Correction Subset: [62]
Iter 2: 
Min Hitting Set: [62]
Min Correction Subset: [30]
Iter 3: 
Min Hitting Set: [30, 62]
Min Correction Subset: [21]
Iter 4: 
Min Hitting Set: [21, 30, 62]
Min Correction Subset: [61]
Iter 5: 
Min Hitting Set: [21, 30, 61, 62]
Min Correction Subset: [16]
Iter 6: 
Min Hitting Set: [16, 21, 30, 61, 62]
Min Correction Subset: [4]
Iter 7: 
Min Hitting Set: [4, 16, 21, 30, 61, 62]
Min Correction Subset: [2, 12]
Iter 8: 
Min Hitting Set: [2, 4, 16, 21, 30, 61, 62]
Min Correction Subset: [8, 11]
Iter 9: 
Min Hitting Set: [2, 4, 8, 16, 21, 30, 61, 62]
Min Correction Subset: [22, 27]
Iter 10: 
Min Hitting Set: [2, 4, 8, 16, 21, 22, 30, 61, 62]
Min Correction Subset: [12, 27]
Iter 11: 
Min Hitting Set: [4, 8, 12, 16, 21, 27, 30, 61, 62]
Min Correction Subset: [2, 23]
Iter 12: 
Min Hitting Set: [2, 4, 8, 16, 21, 27, 30, 61, 62]
Min Correction Subset: [12, 22]
Iter 13: 
Min Hitting Set: [2, 4, 8, 12, 16, 21, 22, 30, 61, 62]
Min Correction Subset: [23, 38]
Iter 14: 
Min Hitting Set: [4, 8, 12, 16, 21, 22, 23, 30, 61, 62]
Min Correction Subset: [17, 27]
Iter 15: 
Min Hitting Set: [4, 8, 12, 16, 21, 23, 27, 30, 61, 62]
Min Correction Subset: [2, 17]
Iter 16: 
Min Hitting Set: [4, 8, 12, 16, 17, 21, 22, 23, 30, 61, 62]
Min Correction Subset: [0, 27]
Iter 17: 
Min Hitting Set: [2, 4, 8, 12, 16, 21, 23, 27, 30, 61, 62]
Min Correction Subset: [11, 29]
Iter 18: 
Min Hitting Set: [2, 4, 11, 12, 16, 21, 23, 27, 30, 61, 62]
Min Correction Subset: [10, 22]
Iter 19: 
Min Hitting Set: [2, 4, 11, 16, 21, 22, 23, 27, 30, 61, 62]
Min Correction Subset: [10, 17]
Iter 20: 
Min Hitting Set: [2, 4, 10, 11, 12, 16, 21, 23, 27, 30, 61, 62]
Min Correction Subset: [29, 47]
Iter 21: 
Min Hitting Set: [2, 4, 10, 11, 12, 16, 21, 23, 27, 29, 30, 61, 62]
Min Correction Subset: [28, 38]
Iter 22: 
Min Hitting Set: [2, 4, 10, 11, 16, 21, 22, 27, 29, 30, 38, 61, 62]
Min Correction Subset: [8, 17]
Iter 23: 
Min Hitting Set: [2, 4, 8, 10, 16, 21, 22, 27, 29, 30, 38, 61, 62]
Min Correction Subset: [12, 23]
Iter 24: 
Min Hitting Set: [2, 4, 8, 10, 12, 16, 21, 27, 29, 30, 38, 61, 62]
Min Correction Subset: [11, 23]
Iter 25: 
Min Hitting Set: [2, 4, 8, 10, 16, 21, 22, 23, 27, 29, 30, 38, 61, 62]
Min Correction Subset: [12, 17]
Iter 26: 
Min Hitting Set: [2, 4, 10, 11, 12, 16, 17, 21, 27, 29, 30, 38, 61, 62]
Min Correction Subset: [1, 28]
Iter 27: 
Min Hitting Set: [4, 8, 12, 16, 17, 21, 22, 23, 27, 28, 29, 30, 61, 62]
Min Correction Subset: [3, 11]
Iter 28: 
Min Hitting Set: [4, 11, 12, 16, 17, 21, 22, 23, 27, 28, 29, 30, 61, 62]
Min Correction Subset: [2, 15]
Iter 29: 
Min Hitting Set: [2, 4, 11, 16, 17, 21, 22, 23, 27, 28, 29, 30, 61, 62]
Min Correction Subset: [12, 38]
Iter 30: 
Min Hitting Set: [2, 4, 11, 12, 16, 17, 21, 22, 23, 27, 28, 29, 30, 61, 62]
Min Correction Subset: [1, 8]
Iter 31: 
Min Hitting Set: [2, 4, 8, 10, 11, 12, 16, 21, 23, 27, 28, 29, 30, 61, 62]
Min Correction Subset: [17, 32]
Iter 32: 
Min Hitting Set: [1, 2, 4, 11, 12, 16, 17, 21, 22, 27, 29, 30, 38, 61, 62]
Min Correction Subset: [8, 28]
Iter 33: 
Min Hitting Set: [1, 2, 4, 11, 12, 16, 17, 21, 22, 27, 28, 29, 30, 38, 61, 62]
Min Correction Subset: [23, 54]
Iter 34: 
Min Hitting Set: [1, 2, 4, 8, 11, 16, 17, 21, 22, 23, 27, 29, 30, 38, 61, 62]
Min Correction Subset: [9, 12]
Iter 35: 
Min Hitting Set: [1, 2, 4, 10, 11, 12, 16, 17, 21, 23, 27, 28, 29, 30, 61, 62]
Min Correction Subset: [0, 31]
Iter 36: 
Min Hitting Set: [0, 1, 2, 4, 11, 12, 16, 17, 21, 22, 23, 28, 29, 30, 61, 62]
Min Correction Subset: [7, 27]
Iter 37: 
Min Hitting Set: [0, 1, 2, 4, 10, 11, 12, 16, 17, 21, 23, 27, 28, 29, 30, 61, 62]
Min Correction Subset: [8, 38]
Iter 38: 
Min Hitting Set: [0, 2, 4, 8, 10, 11, 12, 16, 17, 21, 23, 27, 28, 29, 30, 61, 62]
Min Correction Subset: [1, 22]
Iter 39: 
Min Hitting Set: [0, 2, 4, 8, 11, 12, 16, 17, 21, 22, 23, 27, 28, 29, 30, 61, 62]
Min Correction Subset: [1, 38]
Iter 40: 
Min Hitting Set: [0, 1, 2, 4, 8, 11, 12, 16, 17, 21, 22, 23, 27, 28, 29, 30, 61, 62]
Min Correction Subset: [15, 38]
Iter 41: 
Min Hitting Set: [0, 1, 4, 8, 11, 12, 15, 16, 17, 21, 22, 23, 27, 28, 29, 30, 61, 62]
Min Correction Subset: [2, 38]
Iter 42: 
Min Hitting Set: [0, 1, 2, 4, 8, 11, 12, 16, 17, 21, 22, 23, 27, 29, 30, 38, 61, 62]
Min Correction Subset: [28, 54]
Iter 43: 
Min Hitting Set: [0, 1, 2, 4, 11, 12, 16, 17, 21, 22, 23, 27, 28, 29, 30, 38, 61, 62]
Min Correction Subset: [8, 15]
Iter 44: 
Min Hitting Set: [0, 2, 4, 8, 11, 12, 16, 17, 21, 22, 23, 27, 28, 29, 30, 38, 61, 62]
Min Correction Subset: [1, 18]
Iter 45: 
Min Hitting Set: [0, 1, 2, 4, 8, 10, 11, 12, 16, 17, 21, 27, 29, 30, 38, 54, 61, 62]
Min Correction Subset: [18, 23]
Iter 46: 
Min Hitting Set: [0, 1, 4, 11, 12, 15, 16, 17, 21, 22, 23, 27, 28, 29, 30, 38, 61, 62]
Min Correction Subset: [2, 3, 45]
Iter 47: 
Min Hitting Set: [0, 1, 2, 4, 8, 11, 12, 16, 17, 21, 22, 23, 27, 28, 29, 30, 38, 61, 62]
Min Correction Subset: [7, 15, 54]
Iter 48: 
Min Hitting Set: [0, 1, 2, 4, 7, 8, 11, 12, 16, 17, 21, 22, 23, 28, 29, 30, 38, 61, 62]
Min Correction Subset: [15, 27]
Iter 49: 
Min Hitting Set: [0, 1, 3, 4, 11, 12, 15, 16, 17, 21, 22, 23, 27, 28, 29, 30, 38, 61, 62]
Min Correction Subset: [8, 18, 47]
Iter 50: 
Min Hitting Set: [0, 1, 2, 3, 4, 8, 12, 16, 17, 21, 22, 23, 27, 29, 30, 38, 54, 61, 62]
Min Correction Subset: [11, 15]
Iter 51: 
Min Hitting Set: [0, 1, 3, 4, 7, 11, 12, 15, 16, 17, 21, 22, 23, 28, 30, 38, 47, 61, 62]
Min Correction Subset: [2, 29]
Iter 52: 
Min Hitting Set: [0, 1, 2, 4, 7, 11, 12, 15, 16, 17, 21, 22, 23, 28, 30, 38, 47, 61, 62]
Min Correction Subset: [10, 27]
Iter 53: 
Min Hitting Set: [0, 1, 2, 4, 10, 11, 12, 15, 16, 17, 21, 23, 27, 28, 30, 38, 47, 61, 62]
Min Correction Subset: [29, 54]
Iter 54: 
Min Hitting Set: [0, 3, 4, 8, 12, 15, 16, 17, 18, 21, 22, 23, 27, 28, 29, 30, 38, 61, 62]
Min Correction Subset: [1, 2]
Iter 55: 
Min Hitting Set: [0, 2, 4, 8, 11, 12, 16, 17, 18, 21, 22, 27, 28, 29, 30, 38, 54, 61, 62]
Min Correction Subset: [1, 23]
Iter 56: 
Min Hitting Set: [0, 1, 3, 4, 8, 10, 12, 15, 16, 17, 21, 23, 27, 28, 29, 30, 38, 61, 62]
Min Correction Subset: [22, 32]
Iter 57: 
Min Hitting Set: [0, 1, 3, 4, 8, 12, 15, 16, 17, 21, 22, 23, 27, 28, 29, 30, 38, 61, 62]
Min Correction Subset: [2, 6, 39]
Iter 58: 
Min Hitting Set: [0, 1, 2, 4, 8, 11, 12, 16, 17, 21, 22, 23, 27, 29, 30, 38, 54, 61, 62]
Min Correction Subset: [7, 15, 28]
Iter 59: 
Min Hitting Set: [0, 1, 2, 4, 8, 11, 12, 15, 16, 17, 21, 22, 23, 27, 28, 29, 30, 61, 62]
Min Correction Subset: [6, 38, 39]
Iter 60: 
Min Hitting Set: [0, 2, 4, 8, 11, 12, 16, 17, 18, 21, 22, 23, 27, 28, 30, 38, 47, 54, 61, 62]
Min Correction Subset: [1, 15]
Iter 61: 
Min Hitting Set: [0, 2, 4, 8, 11, 12, 15, 16, 17, 18, 21, 22, 23, 27, 28, 29, 30, 38, 61, 62]
Min Correction Subset: [1, 6, 39]
Iter 62: 
Min Hitting Set: [0, 1, 2, 4, 11, 12, 15, 16, 17, 18, 21, 22, 27, 28, 29, 30, 38, 54, 61, 62]
Min Correction Subset: [8, 23]
Iter 63: 
Min Hitting Set: [0, 1, 2, 4, 11, 12, 15, 16, 17, 21, 22, 23, 27, 28, 30, 38, 47, 54, 61, 62]
Min Correction Subset: [10, 29]
Iter 64: 
Min Hitting Set: [0, 1, 2, 4, 11, 12, 15, 16, 17, 18, 21, 22, 23, 27, 28, 29, 30, 38, 61, 62]
Min Correction Subset: [6, 8, 39]
Iter 65: 
Min Hitting Set: [0, 1, 2, 4, 7, 8, 10, 11, 12, 16, 21, 23, 27, 28, 29, 30, 32, 38, 61, 62]
Min Correction Subset: [17, 22]
Iter 66: 
Min Hitting Set: [0, 1, 2, 4, 7, 8, 11, 12, 16, 17, 21, 22, 23, 27, 28, 29, 30, 38, 61, 62]
Min Correction Subset: [6, 15, 39]
Iter 67: 
Min Hitting Set: [0, 1, 2, 4, 8, 11, 12, 15, 16, 17, 21, 22, 23, 27, 28, 29, 30, 38, 61, 62]
Min Correction Subset: [6, 19, 39]
Iter 68: 
Min Hitting Set: [0, 1, 2, 4, 6, 8, 11, 12, 15, 16, 17, 21, 22, 23, 27, 28, 29, 30, 61, 62]
Min Correction Subset: [3, 10, 38]
Iter 69: 
Min Hitting Set: [0, 1, 2, 3, 4, 6, 8, 12, 15, 16, 17, 21, 22, 23, 27, 28, 29, 30, 61, 62]
Min Correction Subset: [11, 38]
Iter 70: 
Min Hitting Set: [0, 1, 3, 4, 6, 8, 12, 15, 16, 17, 21, 22, 23, 27, 28, 29, 30, 38, 61, 62]
Min Correction Subset: [2, 18, 19]
Iter 71: 
Min Hitting Set: [0, 2, 4, 6, 8, 11, 12, 15, 16, 17, 18, 21, 22, 23, 27, 28, 29, 30, 38, 61, 62]
Min Correction Subset: [1, 7, 9]
Iter 72: 
Min Hitting Set: [0, 1, 3, 4, 6, 11, 12, 15, 16, 17, 18, 21, 22, 23, 27, 28, 29, 30, 38, 61, 62]
Min Correction Subset: [7, 8, 41]
Iter 73: 
Min Hitting Set: [0, 1, 3, 4, 6, 8, 12, 15, 16, 17, 18, 21, 22, 23, 27, 29, 30, 38, 54, 61, 62]
Min Correction Subset: [2, 28]
Iter 74: 
Min Hitting Set: [0, 1, 3, 4, 6, 8, 12, 15, 16, 17, 18, 21, 22, 23, 27, 28, 29, 30, 38, 61, 62]
Min Correction Subset: [11, 19, 54]
Iter 75: 
Min Hitting Set: [0, 1, 2, 3, 4, 6, 8, 12, 15, 16, 17, 21, 22, 23, 27, 29, 30, 38, 54, 61, 62]
Min Correction Subset: [11, 19, 28]
Iter 76: 
Min Hitting Set: [0, 1, 2, 3, 4, 8, 12, 15, 16, 17, 19, 21, 22, 23, 27, 29, 30, 38, 54, 61, 62]
Min Correction Subset: [7, 11, 28]
Iter 77: 
Min Hitting Set: [0, 1, 2, 4, 6, 8, 11, 12, 16, 17, 21, 22, 23, 27, 28, 29, 30, 38, 54, 61, 62]
Min Correction Subset: [7, 15, 32]
Iter 78: 
Min Hitting Set: [0, 1, 2, 3, 4, 6, 8, 11, 12, 15, 16, 17, 21, 22, 23, 27, 28, 29, 30, 61, 62]
Min Correction Subset: [7, 10, 38]
Iter 79: 
Min Hitting Set: [0, 1, 2, 4, 6, 8, 10, 11, 12, 15, 16, 17, 21, 22, 23, 27, 28, 29, 30, 61, 62]
Min Correction Subset: [7, 9, 38]
Iter 80: 
Min Hitting Set: [0, 2, 4, 6, 8, 9, 11, 15, 16, 17, 18, 21, 22, 23, 27, 28, 29, 30, 38, 61, 62]
Min Correction Subset: [1, 12]
Iter 81: 
Min Hitting Set: [0, 1, 2, 4, 6, 7, 8, 10, 11, 12, 15, 16, 17, 21, 22, 23, 28, 29, 30, 61, 62]
Min Correction Subset: [27, 44]
Iter 82: 
Min Hitting Set: [0, 1, 3, 4, 6, 8, 12, 15, 16, 17, 19, 21, 22, 23, 27, 28, 29, 30, 38, 61, 62]
Min Correction Subset: [2, 11, 32]
Iter 83: 
Min Hitting Set: [0, 1, 2, 4, 6, 7, 8, 9, 11, 16, 17, 21, 22, 23, 27, 28, 29, 30, 38, 61, 62]
Min Correction Subset: [12, 15]
Iter 84: 
Min Hitting Set: [0, 1, 2, 4, 6, 8, 11, 12, 15, 16, 17, 21, 22, 23, 27, 28, 29, 30, 38, 61, 62]
Min Correction Subset: [7, 9, 19, 50, 54]
Iter 85: 
Min Hitting Set: [0, 1, 2, 3, 4, 8, 12, 15, 16, 17, 19, 21, 22, 23, 27, 28, 29, 30, 38, 61, 62]
Min Correction Subset: [6, 10, 39]
Iter 86: 
Min Hitting Set: [0, 1, 2, 4, 6, 7, 8, 11, 12, 16, 17, 21, 22, 23, 27, 29, 30, 38, 54, 61, 62]
Min Correction Subset: [10, 15, 28]
Iter 87: 
Min Hitting Set: [0, 1, 2, 4, 6, 7, 8, 11, 12, 16, 17, 21, 22, 23, 27, 28, 29, 30, 38, 61, 62]
Min Correction Subset: [15, 19, 54]
Iter 88: 
Min Hitting Set: [0, 1, 2, 4, 6, 8, 9, 11, 15, 16, 17, 21, 22, 23, 27, 28, 29, 30, 38, 61, 62]
Min Correction Subset: [10, 12]
Iter 89: 
Min Hitting Set: [0, 1, 2, 4, 6, 8, 11, 12, 15, 16, 17, 21, 22, 23, 27, 29, 30, 38, 54, 61, 62]
Min Correction Subset: [7, 10, 28]
Iter 90: 
Min Hitting Set: [0, 2, 4, 6, 8, 9, 11, 12, 15, 16, 17, 18, 21, 22, 23, 27, 28, 29, 30, 38, 61, 62]
Min Correction Subset: [1, 24, 54]
Iter 91: 
Min Hitting Set: [0, 1, 2, 4, 6, 7, 8, 10, 11, 12, 16, 17, 21, 22, 23, 27, 29, 30, 38, 54, 61, 62]
Min Correction Subset: [15, 19, 28]
Iter 92: 
Min Hitting Set: [0, 1, 3, 4, 6, 8, 11, 12, 15, 16, 17, 19, 21, 22, 23, 27, 28, 29, 30, 38, 61, 62]
Min Correction Subset: [2, 10, 18]
Iter 93: 
Min Hitting Set: [0, 1, 2, 4, 6, 7, 8, 10, 11, 12, 15, 16, 17, 21, 22, 23, 27, 28, 29, 30, 61, 62]
Min Correction Subset: [19, 38, 54]
Iter 94: 
Min Hitting Set: [0, 1, 2, 4, 6, 7, 8, 11, 12, 16, 17, 19, 21, 22, 23, 27, 28, 29, 30, 38, 61, 62]
Min Correction Subset: [10, 15, 54]
Iter 95: 
Min Hitting Set: [0, 1, 2, 4, 6, 7, 8, 11, 12, 16, 17, 21, 22, 23, 27, 28, 29, 30, 38, 54, 61, 62]
Min Correction Subset: [10, 15, 18]
Iter 96: 
Min Hitting Set: [0, 1, 3, 4, 6, 8, 10, 12, 15, 16, 17, 19, 21, 23, 27, 28, 29, 30, 32, 38, 61, 62]
Min Correction Subset: [18, 22]
Iter 97: 
Min Hitting Set: [0, 1, 2, 4, 6, 7, 8, 11, 12, 16, 17, 18, 21, 22, 27, 28, 29, 30, 38, 54, 61, 62]
Min Correction Subset: [15, 23]
Iter 98: 
Min Hitting Set: [0, 1, 2, 4, 6, 7, 8, 11, 12, 15, 16, 17, 21, 22, 23, 27, 28, 29, 30, 38, 61, 62]
Min Correction Subset: [3, 18, 19, 37, 54]
Iter 99: 
Min Hitting Set: [0, 1, 2, 4, 6, 8, 10, 11, 12, 16, 21, 22, 23, 27, 28, 29, 30, 32, 38, 54, 61, 62]
Min Correction Subset: [15, 17]
Iter 100: 
Min Hitting Set: [0, 1, 2, 4, 8, 10, 11, 12, 15, 16, 18, 19, 21, 22, 27, 29, 30, 32, 38, 54, 61, 62]
Min Correction Subset: [7, 9, 23]
Iter 101: 
Min Hitting Set: [0, 1, 2, 3, 4, 6, 8, 12, 15, 16, 17, 21, 22, 23, 27, 28, 29, 30, 38, 54, 61, 62]
Min Correction Subset: [11, 19, 32]
Iter 102: 
Min Hitting Set: [0, 1, 2, 3, 4, 6, 8, 12, 15, 16, 17, 19, 21, 22, 23, 27, 28, 29, 30, 38, 61, 62]
Min Correction Subset: [7, 9, 11, 54]
Iter 103: 
Min Hitting Set: [0, 1, 3, 4, 6, 7, 11, 12, 15, 16, 17, 18, 21, 22, 23, 27, 28, 29, 30, 38, 61, 62]
Min Correction Subset: [8, 10, 47]
Iter 104: 
Min Hitting Set: [0, 1, 2, 4, 6, 8, 11, 12, 15, 16, 17, 21, 22, 23, 27, 28, 29, 30, 38, 54, 61, 62]
Min Correction Subset: [7, 9, 19, 32, 50]
Iter 105: 
Min Hitting Set: [0, 1, 2, 3, 4, 8, 9, 10, 15, 16, 17, 19, 21, 22, 23, 27, 28, 29, 30, 38, 61, 62]
Min Correction Subset: [11, 12]
Iter 106: 
Min Hitting Set: [0, 1, 2, 4, 8, 10, 11, 12, 15, 16, 17, 19, 21, 22, 23, 27, 29, 30, 38, 54, 61, 62]
Min Correction Subset: [7, 28, 32]
Iter 107: 
Min Hitting Set: [0, 1, 2, 4, 8, 10, 11, 12, 15, 16, 19, 21, 22, 23, 27, 30, 32, 38, 47, 54, 61, 62]
Min Correction Subset: [18, 29]
Iter 108: 
Min Hitting Set: [0, 1, 2, 4, 8, 10, 11, 12, 15, 16, 19, 21, 22, 23, 27, 28, 29, 30, 32, 38, 61, 62]
Min Correction Subset: [17, 18]
Iter 109: 
Min Hitting Set: [0, 1, 2, 4, 6, 8, 11, 12, 15, 16, 17, 19, 21, 22, 23, 27, 28, 29, 30, 38, 61, 62]
Min Correction Subset: [3, 7, 9, 10, 54]
Iter 110: 
Min Hitting Set: [0, 1, 2, 4, 8, 10, 11, 12, 15, 16, 17, 19, 21, 22, 23, 27, 28, 29, 30, 38, 61, 62]
Min Correction Subset: [6, 18, 39]
Iter 111: 
Min Hitting Set: [0, 1, 2, 4, 7, 8, 11, 12, 15, 16, 17, 18, 21, 22, 27, 29, 30, 38, 39, 54, 61, 62]
Min Correction Subset: [10, 23]
Iter 112: 
Min Hitting Set: [0, 1, 2, 4, 7, 8, 11, 12, 15, 16, 17, 21, 22, 23, 27, 29, 30, 38, 39, 54, 61, 62]
Min Correction Subset: [28, 32, 47]
Iter 113: 
Min Hitting Set: [0, 2, 4, 6, 8, 9, 11, 12, 15, 16, 17, 18, 21, 22, 23, 27, 28, 29, 30, 38, 54, 61, 62]
Min Correction Subset: [1, 7, 19, 32]
Iter 114: 
Min Hitting Set: [0, 2, 4, 7, 8, 11, 12, 15, 16, 17, 18, 21, 22, 23, 27, 28, 29, 30, 38, 39, 54, 61, 62]
Min Correction Subset: [1, 24, 32, 47]
Iter 115: 
Min Hitting Set: [0, 1, 2, 3, 4, 7, 8, 11, 12, 15, 16, 17, 19, 21, 22, 23, 27, 28, 29, 30, 39, 61, 62]
Min Correction Subset: [10, 18, 38]
Iter 116: 
Min Hitting Set: [0, 1, 2, 3, 4, 7, 8, 12, 15, 16, 17, 19, 21, 22, 23, 27, 28, 29, 30, 38, 39, 61, 62]
Min Correction Subset: [10, 11, 13, 18]
Iter 117: 
Min Hitting Set: [0, 1, 2, 3, 4, 7, 8, 11, 12, 15, 16, 17, 21, 22, 23, 27, 28, 29, 30, 38, 39, 61, 62]
Min Correction Subset: [9, 18, 19, 47, 50, 54]
Iter 118: 
Min Hitting Set: [0, 1, 2, 3, 4, 6, 8, 9, 11, 12, 15, 16, 17, 21, 22, 23, 27, 28, 29, 30, 38, 61, 62]
Min Correction Subset: [7, 10, 18, 32, 37, 46]
Iter 119: 
Min Hitting Set: [0, 1, 2, 4, 6, 7, 11, 12, 15, 16, 17, 19, 21, 22, 23, 27, 28, 29, 30, 38, 47, 61, 62]
Min Correction Subset: [8, 10, 41]
Iter 120: 
Min Hitting Set: [0, 1, 2, 4, 6, 7, 8, 11, 12, 15, 16, 17, 21, 22, 23, 27, 29, 30, 32, 38, 54, 61, 62]
Min Correction Subset: [10, 18, 28]
Iter 121: 
Min Hitting Set: [0, 1, 2, 4, 6, 7, 8, 11, 12, 15, 16, 17, 19, 21, 22, 23, 27, 28, 29, 30, 38, 61, 62]
Min Correction Subset: [3, 10, 18, 37, 54]
Iter 122: 
Min Hitting Set: [0, 1, 2, 4, 6, 8, 10, 11, 12, 15, 16, 17, 21, 22, 23, 27, 29, 30, 32, 38, 54, 61, 62]
Min Correction Subset: [7, 9, 28]
Iter 123: 
Min Hitting Set: [0, 1, 2, 4, 8, 10, 11, 12, 15, 16, 17, 18, 19, 21, 22, 23, 27, 28, 29, 30, 38, 61, 62]
Min Correction Subset: [6, 7, 9, 39]
Iter 124: 
Min Hitting Set: [0, 1, 2, 4, 6, 7, 8, 10, 11, 12, 15, 16, 17, 21, 22, 23, 27, 28, 29, 30, 54, 61, 62]
Min Correction Subset: [18, 19, 38]
Iter 125: 
Min Hitting Set: [0, 1, 2, 4, 6, 8, 11, 12, 16, 17, 18, 21, 22, 23, 27, 28, 29, 30, 32, 38, 54, 61, 62]
Min Correction Subset: [7, 9, 15, 19]
Iter 126: 
Min Hitting Set: [0, 1, 2, 4, 6, 7, 8, 11, 12, 16, 17, 18, 21, 22, 23, 27, 28, 29, 30, 38, 54, 61, 62]
Min Correction Subset: [10, 15, 32, 47]
Iter 127: 
Min Hitting Set: [0, 1, 2, 4, 6, 7, 8, 11, 12, 15, 16, 17, 21, 22, 23, 27, 28, 29, 30, 38, 54, 61, 62]
Min Correction Subset: [3, 10, 18, 32, 37, 45, 47]
Iter 128: 
Min Hitting Set: [0, 1, 2, 4, 6, 7, 8, 10, 11, 12, 16, 17, 19, 21, 22, 23, 27, 28, 29, 30, 38, 61, 62]
Min Correction Subset: [15, 18, 54]
Iter 129: 
Min Hitting Set: [0, 1, 2, 4, 6, 7, 8, 10, 11, 12, 16, 17, 21, 22, 23, 27, 28, 29, 30, 38, 54, 61, 62]
Min Correction Subset: [15, 18, 19]
Iter 130: 
Min Hitting Set: [0, 1, 3, 4, 6, 8, 12, 15, 16, 17, 18, 21, 22, 23, 27, 28, 29, 30, 32, 38, 54, 61, 62]
Min Correction Subset: [2, 11, 19]
Iter 131: 
Min Hitting Set: [0, 1, 2, 4, 6, 7, 10, 11, 12, 15, 16, 17, 18, 21, 22, 23, 27, 28, 29, 30, 38, 61, 62]
Min Correction Subset: [8, 9, 47]
Iter 132: 
Min Hitting Set: [0, 1, 2, 4, 6, 8, 9, 10, 11, 12, 15, 16, 17, 19, 21, 22, 23, 27, 28, 29, 30, 61, 62]
Min Correction Subset: [7, 38, 54]
Iter 133: 
Min Hitting Set: [0, 1, 2, 4, 6, 7, 8, 10, 11, 12, 15, 16, 17, 19, 21, 22, 23, 27, 28, 29, 30, 61, 62]
Min Correction Subset: [3, 38, 47]
Iter 134: 
Min Hitting Set: [0, 1, 2, 4, 8, 9, 10, 11, 15, 16, 17, 18, 19, 21, 22, 23, 27, 28, 29, 30, 38, 61, 62]
Min Correction Subset: [12, 37]
Iter 135: 
Min Hitting Set: [0, 1, 2, 4, 7, 8, 10, 11, 12, 15, 16, 17, 18, 19, 21, 22, 27, 30, 38, 47, 54, 61, 62]
Min Correction Subset: [29, 40]
Iter 136: 
Min Hitting Set: [0, 1, 2, 4, 6, 8, 9, 11, 12, 15, 16, 17, 21, 22, 23, 27, 28, 29, 30, 37, 38, 61, 62]
Min Correction Subset: [3, 7, 10, 18, 54]
Iter 137: 
Min Hitting Set: [0, 1, 2, 4, 6, 8, 10, 11, 12, 15, 16, 17, 19, 21, 22, 23, 27, 28, 29, 30, 38, 61, 62]
Min Correction Subset: [3, 7, 9, 50, 54]
Iter 138: 
Min Hitting Set: [0, 1, 2, 4, 6, 8, 11, 12, 15, 16, 17, 21, 22, 23, 27, 28, 29, 30, 32, 38, 54, 61, 62]
Min Correction Subset: [3, 7, 9, 10, 50]
Iter 139: 
Min Hitting Set: [0, 1, 2, 4, 6, 7, 8, 10, 11, 12, 15, 16, 17, 18, 21, 27, 29, 30, 32, 38, 54, 61, 62]
Min Correction Subset: [22, 23]
Iter 140: 
Min Hitting Set: [0, 1, 3, 4, 6, 8, 10, 11, 12, 15, 16, 17, 19, 21, 22, 23, 27, 28, 29, 30, 38, 61, 62]
Min Correction Subset: [2, 7, 9, 49]
Iter 141: 
Min Hitting Set: [0, 1, 3, 4, 6, 8, 9, 11, 12, 15, 16, 17, 18, 21, 22, 23, 27, 28, 29, 30, 38, 61, 62]
Min Correction Subset: [2, 7, 19, 54]
Iter 142: 
Min Hitting Set: [0, 1, 2, 4, 6, 7, 8, 10, 11, 12, 15, 16, 18, 21, 22, 27, 29, 30, 32, 38, 54, 61, 62]
Min Correction Subset: [17, 19]
Iter 143: 
Min Hitting Set: [0, 1, 3, 4, 6, 7, 8, 11, 12, 15, 16, 17, 18, 21, 22, 23, 27, 28, 29, 30, 38, 61, 62]
Min Correction Subset: [2, 9, 19, 32]
Iter 144: 
Min Hitting Set: [0, 1, 2, 4, 6, 7, 8, 11, 12, 15, 16, 17, 18, 21, 22, 23, 27, 28, 29, 30, 38, 61, 62]
Min Correction Subset: [3, 9, 10, 37, 45, 47, 54]
Optimal IIS
Instance: paths-32-100-490000
----------------------------
Query: 1
Query element:17
Query scope: 17
----------------------------
IIS optimality: suboptimal
IIS solution time: 17222.407
IIS Constraint: 0; goods; {good:0}
IIS Constraint: 1; goods; {good:1}
IIS Constraint: 2; goods; {good:2}
IIS Constraint: 4; goods; {good:4}
IIS Constraint: 6; goods; {good:6}
IIS Constraint: 8; goods; {good:8}
IIS Constraint: 9; goods; {good:9}
IIS Constraint: 11; goods; {good:11}
IIS Constraint: 12; goods; {good:12}
IIS Constraint: 15; goods; {good:15}
IIS Constraint: 16; goods; {good:16}
IIS Constraint: 17; goods; {good:17}
IIS Constraint: 18; goods; {good:18}
IIS Constraint: 21; goods; {good:21}
IIS Constraint: 22; goods; {good:22}
IIS Constraint: 23; goods; {good:23}
IIS Constraint: 27; goods; {good:27}
IIS Constraint: 28; goods; {good:28}
IIS Constraint: 29; goods; {good:29}
IIS Constraint: 30; goods; {good:30}
IIS Constraint: 38; goods; {good:38}
IIS Constraint: 61; query; {bid:17,query:1}
IIS Constraint: 62; max; {f:16.280835000000003,objective:max}
