IIS generation
Iter 1: 
Min Hitting Set: []
Min Correction Subset: [59]
Iter 2: 
Min Hitting Set: [59]
Min Correction Subset: [7]
Iter 3: 
Min Hitting Set: [7, 59]
Min Correction Subset: [3]
Iter 4: 
Min Hitting Set: [3, 7, 59]
Min Correction Subset: [58]
Iter 5: 
Min Hitting Set: [3, 7, 58, 59]
Min Correction Subset: [2, 29]
Iter 6: 
Min Hitting Set: [2, 3, 7, 58, 59]
Min Correction Subset: [9, 18]
Iter 7: 
Min Hitting Set: [2, 3, 7, 9, 58, 59]
Min Correction Subset: [18, 29]
Iter 8: 
Min Hitting Set: [3, 7, 18, 29, 58, 59]
Min Correction Subset: [31, 34]
Iter 9: 
Min Hitting Set: [3, 7, 18, 29, 31, 58, 59]
Min Correction Subset: [9, 34]
Iter 10: 
Min Hitting Set: [3, 7, 9, 29, 34, 58, 59]
Min Correction Subset: [18, 55]
Iter 11: 
Min Hitting Set: [3, 7, 18, 29, 34, 58, 59]
Min Correction Subset: [1, 31]
Iter 12: 
Min Hitting Set: [3, 7, 9, 18, 29, 31, 58, 59]
Min Correction Subset: [10, 30]
Iter 13: 
Min Hitting Set: [3, 7, 9, 10, 18, 29, 31, 58, 59]
Min Correction Subset: [20, 55]
Iter 14: 
Min Hitting Set: [3, 7, 9, 10, 29, 31, 55, 58, 59]
Min Correction Subset: [18, 34]
Iter 15: 
Min Hitting Set: [3, 7, 9, 10, 18, 29, 31, 55, 58, 59]
Min Correction Subset: [0, 34]
Iter 16: 
Min Hitting Set: [3, 7, 9, 10, 29, 31, 34, 55, 58, 59]
Min Correction Subset: [18, 36]
Iter 17: 
Min Hitting Set: [3, 7, 10, 18, 29, 31, 34, 55, 58, 59]
Min Correction Subset: [0, 17]
Iter 18: 
Min Hitting Set: [0, 3, 7, 9, 10, 18, 29, 31, 55, 58, 59]
Min Correction Subset: [20, 42]
Iter 19: 
Min Hitting Set: [0, 3, 7, 9, 10, 18, 20, 29, 31, 58, 59]
Min Correction Subset: [22, 34]
Iter 20: 
Min Hitting Set: [0, 3, 7, 10, 18, 20, 29, 31, 34, 58, 59]
Min Correction Subset: [9, 38]
Iter 21: 
Min Hitting Set: [0, 3, 7, 9, 10, 18, 20, 29, 31, 34, 58, 59]
Min Correction Subset: [1, 22]
Iter 22: 
Min Hitting Set: [0, 1, 3, 7, 9, 10, 18, 20, 29, 34, 58, 59]
Min Correction Subset: [31, 42]
Iter 23: 
Min Hitting Set: [0, 3, 7, 9, 10, 18, 20, 22, 29, 31, 58, 59]
Min Correction Subset: [1, 34]
Iter 24: 
Min Hitting Set: [0, 1, 3, 7, 9, 10, 18, 20, 22, 29, 31, 58, 59]
Min Correction Subset: [17, 34]
Iter 25: 
Min Hitting Set: [0, 1, 3, 7, 9, 10, 18, 20, 29, 31, 34, 58, 59]
Min Correction Subset: [17, 22]
Iter 26: 
Min Hitting Set: [3, 7, 9, 10, 17, 18, 20, 22, 29, 31, 34, 58, 59]
Min Correction Subset: [1, 25, 55]
Iter 27: 
Min Hitting Set: [1, 3, 7, 9, 10, 17, 18, 20, 29, 31, 34, 58, 59]
Min Correction Subset: [0, 22]
Iter 28: 
Min Hitting Set: [0, 3, 7, 9, 10, 18, 22, 29, 31, 34, 42, 55, 58, 59]
Min Correction Subset: [20, 36]
Iter 29: 
Min Hitting Set: [0, 3, 7, 9, 10, 22, 29, 31, 34, 36, 42, 55, 58, 59]
Min Correction Subset: [4, 18]
Iter 30: 
Min Hitting Set: [0, 1, 3, 7, 9, 10, 17, 18, 20, 22, 29, 31, 58, 59]
Min Correction Subset: [2, 23, 34]
Iter 31: 
Min Hitting Set: [0, 1, 2, 3, 7, 9, 10, 17, 18, 20, 22, 31, 58, 59]
Min Correction Subset: [23, 29, 34]
Iter 32: 
Min Hitting Set: [0, 1, 3, 7, 9, 10, 18, 20, 22, 29, 31, 34, 58, 59]
Min Correction Subset: [2, 17, 51]
Iter 33: 
Min Hitting Set: [0, 1, 2, 3, 7, 9, 10, 17, 18, 20, 31, 34, 58, 59]
Min Correction Subset: [5, 23, 29]
Iter 34: 
Min Hitting Set: [0, 1, 3, 7, 9, 10, 17, 18, 20, 29, 31, 34, 58, 59]
Min Correction Subset: [22, 23, 43]
Iter 35: 
Min Hitting Set: [1, 3, 7, 9, 10, 17, 18, 20, 22, 29, 31, 34, 58, 59]
Min Correction Subset: [2, 27, 51]
Iter 36: 
Min Hitting Set: [0, 1, 2, 3, 7, 9, 10, 17, 18, 20, 22, 23, 31, 58, 59]
Min Correction Subset: [25, 29, 38]
Iter 37: 
Min Hitting Set: [0, 1, 2, 3, 7, 10, 18, 20, 22, 29, 31, 34, 38, 58, 59]
Min Correction Subset: [9, 55]
Iter 38: 
Min Hitting Set: [0, 1, 2, 3, 7, 9, 10, 18, 20, 22, 29, 31, 34, 58, 59]
Min Correction Subset: [4, 17, 33]
Iter 39: 
Min Hitting Set: [1, 2, 3, 7, 9, 10, 17, 18, 20, 22, 29, 34, 42, 58, 59]
Min Correction Subset: [31, 55]
Iter 40: 
Min Hitting Set: [2, 3, 7, 9, 10, 17, 18, 20, 22, 29, 31, 34, 55, 58, 59]
Min Correction Subset: [0, 23, 42]
Iter 41: 
Min Hitting Set: [2, 3, 7, 9, 10, 17, 18, 20, 22, 23, 25, 31, 34, 58, 59]
Min Correction Subset: [1, 30, 55]
Iter 42: 
Min Hitting Set: [2, 3, 7, 9, 17, 18, 20, 22, 23, 25, 30, 31, 34, 58, 59]
Min Correction Subset: [0, 27, 29]
Iter 43: 
Min Hitting Set: [0, 1, 2, 3, 7, 9, 17, 18, 20, 22, 29, 30, 31, 58, 59]
Min Correction Subset: [10, 25, 34]
Iter 44: 
Min Hitting Set: [0, 1, 2, 3, 7, 9, 10, 17, 18, 20, 22, 29, 31, 58, 59]
Min Correction Subset: [5, 28, 34]
Iter 45: 
Min Hitting Set: [2, 3, 7, 9, 10, 17, 18, 22, 29, 31, 34, 36, 42, 55, 58, 59]
Min Correction Subset: [0, 20]
Iter 46: 
Min Hitting Set: [2, 3, 7, 10, 17, 18, 20, 22, 29, 31, 34, 38, 42, 55, 58, 59]
Min Correction Subset: [0, 9]
Iter 47: 
Min Hitting Set: [2, 3, 7, 9, 10, 17, 18, 20, 22, 29, 31, 34, 42, 55, 58, 59]
Min Correction Subset: [1, 23, 43]
Iter 48: 
Min Hitting Set: [3, 7, 9, 17, 18, 20, 22, 23, 27, 29, 30, 31, 34, 55, 58, 59]
Min Correction Subset: [2, 10]
Iter 49: 
Min Hitting Set: [3, 7, 9, 10, 17, 18, 20, 22, 23, 27, 29, 31, 34, 55, 58, 59]
Min Correction Subset: [1, 2, 28]
Iter 50: 
Min Hitting Set: [2, 3, 7, 9, 17, 18, 20, 22, 23, 29, 30, 31, 34, 55, 58, 59]
Min Correction Subset: [0, 10, 25]
Iter 51: 
Min Hitting Set: [2, 3, 7, 9, 17, 18, 20, 22, 23, 25, 29, 30, 31, 34, 58, 59]
Min Correction Subset: [0, 19, 42]
Iter 52: 
Min Hitting Set: [0, 1, 2, 3, 7, 9, 10, 17, 18, 20, 22, 29, 31, 34, 58, 59]
Min Correction Subset: [23, 30, 38]
Iter 53: 
Min Hitting Set: [0, 1, 2, 3, 7, 9, 17, 18, 20, 22, 29, 30, 31, 34, 58, 59]
Min Correction Subset: [10, 25, 36]
Iter 54: 
Min Hitting Set: [0, 1, 2, 3, 7, 9, 10, 17, 18, 20, 23, 29, 31, 34, 58, 59]
Min Correction Subset: [22, 25, 36]
Iter 55: 
Min Hitting Set: [0, 1, 2, 3, 7, 9, 10, 17, 18, 20, 23, 25, 31, 34, 58, 59]
Min Correction Subset: [5, 29, 38]
Iter 56: 
Min Hitting Set: [0, 2, 3, 7, 10, 17, 18, 20, 22, 23, 31, 34, 38, 55, 58, 59]
Min Correction Subset: [9, 42]
Iter 57: 
Min Hitting Set: [0, 1, 2, 3, 7, 17, 18, 23, 30, 34, 36, 38, 42, 55, 58, 59]
Min Correction Subset: [5, 20]
Iter 58: 
Min Hitting Set: [2, 3, 7, 9, 10, 17, 18, 20, 22, 23, 29, 31, 34, 42, 55, 58, 59]
Min Correction Subset: [1, 25, 51]
Iter 59: 
Min Hitting Set: [0, 1, 2, 3, 7, 9, 10, 17, 18, 20, 22, 28, 29, 31, 38, 58, 59]
Min Correction Subset: [4, 30, 34]
Iter 60: 
Min Hitting Set: [0, 1, 2, 3, 7, 9, 17, 18, 20, 22, 25, 28, 29, 30, 31, 58, 59]
Min Correction Subset: [5, 6, 34]
Iter 61: 
Min Hitting Set: [1, 2, 3, 7, 9, 10, 17, 18, 20, 22, 29, 34, 38, 42, 55, 58, 59]
Min Correction Subset: [0, 31]
Iter 62: 
Min Hitting Set: [0, 1, 2, 3, 5, 7, 9, 17, 18, 20, 22, 25, 29, 30, 31, 58, 59]
Min Correction Subset: [4, 23, 34]
Iter 63: 
Min Hitting Set: [0, 1, 2, 3, 5, 7, 9, 17, 18, 20, 22, 23, 25, 30, 31, 58, 59]
Min Correction Subset: [29, 34, 35]
Iter 64: 
Min Hitting Set: [1, 2, 3, 7, 9, 10, 17, 18, 20, 22, 29, 31, 34, 38, 42, 58, 59]
Min Correction Subset: [0, 4, 25]
Iter 65: 
Min Hitting Set: [0, 1, 2, 3, 7, 17, 18, 20, 23, 30, 34, 36, 38, 42, 55, 58, 59]
Min Correction Subset: [22, 31]
Iter 66: 
Min Hitting Set: [0, 1, 2, 3, 7, 9, 10, 17, 18, 20, 22, 29, 31, 34, 38, 58, 59]
Min Correction Subset: [4, 23, 43]
Iter 67: 
Min Hitting Set: [0, 1, 2, 3, 4, 7, 9, 10, 18, 20, 22, 29, 31, 34, 38, 58, 59]
Min Correction Subset: [5, 17, 23]
Iter 68: 
Min Hitting Set: [0, 1, 2, 3, 4, 5, 7, 9, 10, 18, 20, 22, 31, 34, 38, 58, 59]
Min Correction Subset: [25, 36, 51]
Iter 69: 
Min Hitting Set: [2, 3, 7, 9, 17, 18, 20, 22, 23, 25, 29, 30, 31, 34, 42, 58, 59]
Min Correction Subset: [0, 19, 55]
Iter 70: 
Min Hitting Set: [0, 1, 2, 3, 4, 5, 7, 9, 18, 20, 22, 25, 30, 31, 34, 58, 59]
Min Correction Subset: [17, 29, 55]
Iter 71: 
Min Hitting Set: [0, 1, 3, 7, 9, 10, 17, 18, 20, 23, 25, 29, 31, 34, 51, 58, 59]
Min Correction Subset: [2, 22, 28]
Iter 72: 
Min Hitting Set: [0, 1, 2, 3, 4, 5, 7, 18, 22, 30, 34, 36, 38, 42, 55, 58, 59]
Min Correction Subset: [20, 23]
Iter 73: 
Min Hitting Set: [0, 1, 3, 4, 7, 9, 10, 18, 20, 22, 23, 29, 31, 34, 51, 58, 59]
Min Correction Subset: [5, 17, 36]
Iter 74: 
Min Hitting Set: [0, 2, 3, 7, 9, 17, 18, 20, 22, 23, 25, 29, 30, 31, 34, 58, 59]
Min Correction Subset: [1, 4, 33]
Iter 75: 
Min Hitting Set: [0, 1, 3, 7, 9, 10, 17, 18, 20, 22, 23, 29, 31, 34, 51, 58, 59]
Min Correction Subset: [5, 30, 36]
Iter 76: 
Min Hitting Set: [0, 1, 2, 3, 7, 9, 17, 18, 20, 23, 25, 29, 30, 31, 34, 58, 59]
Min Correction Subset: [4, 22, 33]
Iter 77: 
Min Hitting Set: [0, 1, 3, 4, 5, 7, 9, 10, 18, 20, 22, 29, 30, 31, 34, 51, 58, 59]
Min Correction Subset: [2, 23, 28]
Iter 78: 
Min Hitting Set: [0, 2, 3, 4, 5, 7, 9, 18, 20, 22, 23, 25, 29, 30, 31, 34, 58, 59]
Min Correction Subset: [1, 17, 55]
Iter 79: 
Min Hitting Set: [0, 1, 2, 3, 4, 5, 7, 9, 18, 20, 22, 25, 29, 30, 31, 34, 58, 59]
Min Correction Subset: [17, 23, 38]
Iter 80: 
Min Hitting Set: [0, 1, 3, 4, 5, 7, 9, 10, 18, 20, 22, 23, 29, 31, 34, 51, 58, 59]
Min Correction Subset: [2, 17, 55]
Iter 81: 
Min Hitting Set: [0, 1, 3, 7, 9, 10, 17, 18, 20, 22, 23, 29, 31, 34, 36, 51, 58, 59]
Min Correction Subset: [4, 30, 38]
Iter 82: 
Min Hitting Set: [0, 1, 2, 3, 4, 5, 7, 10, 18, 20, 22, 34, 36, 38, 42, 55, 58, 59]
Min Correction Subset: [9, 23]
Iter 83: 
Min Hitting Set: [0, 1, 3, 7, 9, 10, 17, 18, 20, 22, 23, 29, 30, 31, 34, 51, 58, 59]
Min Correction Subset: [2, 16, 28]
Iter 84: 
Min Hitting Set: [0, 2, 3, 4, 7, 9, 10, 20, 22, 23, 25, 29, 31, 34, 36, 55, 58, 59]
Min Correction Subset: [5, 18]
Iter 85: 
Min Hitting Set: [0, 1, 2, 3, 4, 7, 9, 17, 18, 20, 22, 29, 30, 31, 34, 36, 58, 59]
Min Correction Subset: [5, 10, 25]
Iter 86: 
Min Hitting Set: [0, 1, 2, 3, 4, 5, 7, 9, 10, 17, 18, 20, 23, 25, 31, 34, 58, 59]
Min Correction Subset: [22, 29, 55]
Iter 87: 
Min Hitting Set: [0, 1, 2, 3, 7, 9, 10, 17, 18, 20, 22, 23, 31, 34, 36, 38, 58, 59]
Min Correction Subset: [4, 29, 30]
Iter 88: 
Min Hitting Set: [0, 2, 3, 4, 5, 7, 9, 18, 20, 22, 23, 25, 30, 31, 34, 55, 58, 59]
Min Correction Subset: [1, 17, 29]
Iter 89: 
Min Hitting Set: [0, 1, 2, 3, 7, 9, 17, 18, 20, 22, 23, 25, 30, 31, 34, 38, 58, 59]
Min Correction Subset: [29, 35, 36]
Iter 90: 
Min Hitting Set: [0, 1, 2, 3, 4, 7, 9, 10, 18, 20, 22, 23, 29, 31, 34, 36, 58, 59]
Min Correction Subset: [5, 17, 55]
Iter 91: 
Min Hitting Set: [0, 1, 2, 3, 4, 7, 9, 10, 17, 18, 20, 23, 29, 31, 34, 36, 58, 59]
Min Correction Subset: [22, 30, 42]
Iter 92: 
Min Hitting Set: [0, 1, 2, 3, 4, 5, 7, 9, 17, 18, 20, 22, 25, 29, 30, 31, 58, 59]
Min Correction Subset: [23, 34, 43]
Iter 93: 
Min Hitting Set: [0, 1, 2, 3, 5, 7, 17, 18, 22, 23, 30, 34, 36, 38, 42, 55, 58, 59]
Min Correction Subset: [4, 20]
Iter 94: 
Min Hitting Set: [0, 1, 2, 3, 4, 7, 9, 17, 18, 20, 22, 25, 29, 30, 31, 34, 58, 59]
Min Correction Subset: [5, 23, 43]
Iter 95: 
Min Hitting Set: [0, 1, 2, 3, 5, 7, 9, 17, 18, 20, 22, 23, 25, 29, 30, 31, 58, 59]
Min Correction Subset: [19, 34, 38]
Iter 96: 
Min Hitting Set: [2, 3, 4, 7, 9, 17, 18, 19, 20, 22, 23, 25, 29, 30, 31, 34, 58, 59]
Min Correction Subset: [0, 27, 55]
Iter 97: 
Min Hitting Set: [0, 2, 3, 4, 7, 9, 17, 18, 20, 22, 23, 25, 29, 30, 31, 34, 58, 59]
Min Correction Subset: [1, 5, 19]
Iter 98: 
Min Hitting Set: [0, 1, 2, 3, 4, 7, 10, 18, 20, 22, 23, 34, 36, 38, 42, 55, 58, 59]
Min Correction Subset: [9, 31]
Iter 99: 
Min Hitting Set: [0, 1, 2, 3, 4, 5, 7, 9, 22, 23, 29, 30, 34, 36, 42, 55, 58, 59]
Min Correction Subset: [18, 20]
Iter 100: 
Min Hitting Set: [0, 1, 2, 3, 7, 9, 17, 18, 20, 22, 23, 25, 29, 30, 31, 34, 58, 59]
Min Correction Subset: [4, 19, 33, 42]
Iter 101: 
Min Hitting Set: [0, 1, 2, 3, 4, 7, 9, 17, 18, 20, 23, 25, 29, 30, 31, 34, 58, 59]
Min Correction Subset: [19, 22, 36]
Iter 102: 
Min Hitting Set: [0, 1, 2, 3, 4, 7, 9, 10, 17, 18, 20, 22, 23, 31, 34, 36, 38, 58, 59]
Min Correction Subset: [29, 30, 42]
Iter 103: 
Min Hitting Set: [0, 1, 2, 3, 4, 7, 9, 10, 18, 20, 22, 23, 29, 34, 36, 42, 55, 58, 59]
Min Correction Subset: [31, 38]
Iter 104: 
Min Hitting Set: [0, 1, 2, 3, 4, 5, 7, 9, 10, 18, 20, 22, 29, 31, 34, 36, 38, 58, 59]
Min Correction Subset: [17, 25, 42]
Iter 105: 
Min Hitting Set: [0, 1, 2, 3, 4, 5, 7, 9, 10, 18, 20, 22, 25, 29, 31, 34, 38, 58, 59]
Min Correction Subset: [23, 30, 36]
Iter 106: 
Min Hitting Set: [0, 1, 2, 3, 4, 7, 9, 10, 18, 20, 22, 23, 34, 36, 38, 42, 55, 58, 59]
Min Correction Subset: [5, 29, 35]
Iter 107: 
Min Hitting Set: [0, 2, 3, 4, 7, 9, 17, 18, 19, 20, 22, 23, 25, 29, 30, 31, 34, 58, 59]
Min Correction Subset: [1, 5, 27, 55]
Iter 108: 
Min Hitting Set: [0, 1, 2, 3, 4, 5, 7, 9, 17, 18, 20, 22, 30, 31, 34, 36, 38, 58, 59]
Min Correction Subset: [23, 25, 29]
Iter 109: 
Min Hitting Set: [0, 1, 2, 3, 4, 5, 7, 9, 10, 18, 22, 23, 34, 36, 38, 42, 55, 58, 59]
Min Correction Subset: [20, 29]
Iter 110: 
Min Hitting Set: [0, 1, 2, 3, 4, 7, 9, 10, 17, 18, 20, 23, 29, 31, 34, 36, 42, 58, 59]
Min Correction Subset: [22, 30, 51]
Iter 111: 
Min Hitting Set: [2, 3, 4, 7, 9, 17, 18, 19, 20, 22, 23, 25, 27, 29, 30, 31, 34, 58, 59]
Min Correction Subset: [0, 1, 5, 55]
Iter 112: 
Min Hitting Set: [0, 2, 3, 4, 5, 7, 9, 17, 18, 20, 22, 23, 25, 30, 31, 34, 36, 58, 59]
Min Correction Subset: [1, 29, 35]
Iter 113: 
Min Hitting Set: [0, 2, 3, 4, 5, 7, 9, 17, 18, 20, 22, 23, 25, 29, 30, 31, 34, 58, 59]
Min Correction Subset: [1, 19, 35, 55]
Iter 114: 
Min Hitting Set: [1, 2, 3, 7, 9, 17, 18, 19, 20, 22, 23, 25, 27, 29, 30, 31, 34, 58, 59]
Min Correction Subset: [0, 4, 33]
Iter 115: 
Min Hitting Set: [0, 1, 2, 3, 4, 5, 7, 9, 10, 18, 20, 22, 23, 25, 29, 31, 34, 58, 59]
Min Correction Subset: [17, 19, 55]
Iter 116: 
Min Hitting Set: [2, 3, 4, 7, 9, 17, 18, 19, 20, 22, 23, 25, 29, 30, 31, 34, 55, 58, 59]
Min Correction Subset: [0, 27, 42]
Iter 117: 
Min Hitting Set: [0, 1, 2, 3, 5, 7, 9, 17, 18, 19, 20, 22, 23, 25, 29, 30, 31, 58, 59]
Min Correction Subset: [4, 28, 34]
Iter 118: 
Min Hitting Set: [0, 2, 3, 4, 5, 7, 9, 10, 18, 20, 22, 23, 25, 29, 31, 34, 55, 58, 59]
Min Correction Subset: [1, 17, 43]
Iter 119: 
Min Hitting Set: [0, 1, 2, 3, 4, 5, 7, 9, 17, 18, 20, 23, 29, 30, 31, 34, 36, 58, 59]
Min Correction Subset: [10, 25, 38]
Iter 120: 
Min Hitting Set: [0, 1, 2, 3, 4, 7, 9, 10, 17, 18, 20, 23, 29, 30, 31, 34, 36, 58, 59]
Min Correction Subset: [22, 25, 51]
Iter 121: 
Min Hitting Set: [0, 1, 2, 3, 4, 7, 9, 10, 17, 18, 20, 22, 23, 29, 31, 34, 36, 58, 59]
Min Correction Subset: [5, 30, 38]
Iter 122: 
Min Hitting Set: [0, 1, 2, 3, 4, 5, 7, 9, 17, 18, 20, 22, 25, 30, 31, 34, 36, 58, 59]
Min Correction Subset: [23, 29, 38]
Iter 123: 
Min Hitting Set: [0, 1, 2, 3, 4, 5, 7, 9, 17, 18, 20, 22, 25, 29, 30, 31, 34, 58, 59]
Min Correction Subset: [23, 27, 38]
Iter 124: 
Min Hitting Set: [0, 1, 2, 3, 4, 5, 7, 9, 10, 20, 22, 29, 34, 36, 38, 42, 55, 58, 59]
Min Correction Subset: [18, 31]
Iter 125: 
Min Hitting Set: [0, 1, 2, 3, 4, 7, 9, 17, 18, 20, 23, 25, 29, 30, 31, 34, 36, 58, 59]
Min Correction Subset: [19, 22, 38]
Iter 126: 
Min Hitting Set: [0, 1, 2, 3, 4, 7, 9, 17, 18, 19, 20, 23, 25, 29, 30, 31, 34, 58, 59]
Min Correction Subset: [5, 22, 35]
Iter 127: 
Min Hitting Set: [0, 2, 3, 4, 5, 7, 9, 17, 18, 20, 22, 23, 25, 30, 31, 34, 35, 58, 59]
Min Correction Subset: [1, 12, 29]
Iter 128: 
Min Hitting Set: [0, 1, 2, 3, 7, 9, 17, 18, 20, 22, 23, 25, 29, 30, 31, 34, 42, 58, 59]
Min Correction Subset: [4, 19, 33, 38]
Iter 129: 
Min Hitting Set: [0, 1, 2, 3, 4, 7, 9, 17, 18, 20, 22, 23, 25, 29, 30, 31, 34, 58, 59]
Min Correction Subset: [5, 19, 35, 38, 41]
Iter 130: 
Min Hitting Set: [0, 1, 2, 3, 7, 9, 17, 18, 19, 20, 22, 23, 25, 29, 30, 31, 34, 58, 59]
Min Correction Subset: [4, 27, 33, 36]
Iter 131: 
Min Hitting Set: [2, 3, 4, 5, 7, 9, 17, 20, 22, 23, 25, 29, 30, 31, 34, 36, 42, 55, 58, 59]
Min Correction Subset: [18, 38]
Iter 132: 
Min Hitting Set: [0, 1, 2, 3, 4, 5, 7, 9, 17, 18, 20, 22, 23, 25, 30, 31, 34, 36, 58, 59]
Min Correction Subset: [29, 35, 42]
Iter 133: 
Min Hitting Set: [0, 1, 2, 3, 4, 7, 9, 17, 18, 19, 20, 23, 25, 29, 30, 31, 34, 35, 58, 59]
Min Correction Subset: [10, 22, 27, 36]
Iter 134: 
Min Hitting Set: [0, 1, 2, 3, 7, 9, 17, 18, 19, 20, 22, 23, 25, 29, 30, 31, 34, 36, 58, 59]
Min Correction Subset: [4, 27, 33, 38]
Iter 135: 
Min Hitting Set: [0, 1, 2, 3, 7, 9, 10, 17, 18, 19, 20, 22, 23, 29, 31, 34, 36, 38, 58, 59]
Min Correction Subset: [4, 25, 51]
Iter 136: 
Min Hitting Set: [0, 2, 3, 4, 5, 7, 9, 18, 20, 22, 23, 25, 29, 30, 31, 34, 43, 55, 58, 59]
Min Correction Subset: [1, 17, 42]
Iter 137: 
Min Hitting Set: [2, 3, 4, 5, 7, 9, 17, 18, 19, 20, 22, 23, 25, 27, 29, 30, 31, 34, 58, 59]
Min Correction Subset: [0, 1, 35, 55]
Iter 138: 
Min Hitting Set: [2, 3, 4, 7, 9, 17, 18, 19, 20, 22, 23, 25, 29, 30, 31, 34, 42, 55, 58, 59]
Min Correction Subset: [0, 5, 27]
Iter 139: 
Min Hitting Set: [0, 1, 2, 3, 4, 5, 7, 9, 18, 19, 20, 22, 23, 25, 29, 30, 31, 34, 58, 59]
Min Correction Subset: [17, 27, 38]
Iter 140: 
Min Hitting Set: [0, 2, 3, 4, 5, 7, 9, 17, 18, 20, 22, 23, 25, 29, 30, 31, 34, 35, 58, 59]
Min Correction Subset: [1, 19, 42, 43]
Iter 141: 
Min Hitting Set: [0, 1, 2, 3, 7, 9, 17, 18, 19, 20, 22, 23, 25, 27, 29, 30, 31, 34, 58, 59]
Min Correction Subset: [4, 16, 33, 36]
Iter 142: 
Min Hitting Set: [0, 1, 2, 3, 4, 5, 7, 9, 10, 17, 18, 20, 22, 23, 29, 31, 36, 38, 58, 59]
Min Correction Subset: [28, 30, 34]
Iter 143: 
Min Hitting Set: [0, 1, 2, 3, 4, 5, 7, 9, 18, 19, 20, 22, 25, 29, 30, 31, 34, 38, 58, 59]
Min Correction Subset: [17, 23, 36]
Iter 144: 
Min Hitting Set: [0, 1, 3, 4, 5, 7, 9, 10, 17, 18, 19, 20, 22, 23, 28, 29, 31, 51, 58, 59]
Min Correction Subset: [2, 16, 34]
Iter 145: 
Min Hitting Set: [1, 2, 3, 4, 7, 9, 17, 18, 19, 20, 22, 23, 25, 27, 29, 30, 31, 34, 58, 59]
Min Correction Subset: [0, 5, 10, 42]
Optimal IIS
Instance: paths-32-100-870000
----------------------------
Query: 7
Query element:24
Query scope: 8
Query scope: 19
Query scope: 49
Query scope: 53
Query scope: 57
Query scope: 60
----------------------------
IIS optimality: suboptimal
IIS solution time: 22366.859
IIS Constraint: 0; goods; {good:0}
IIS Constraint: 1; goods; {good:1}
IIS Constraint: 2; goods; {good:2}
IIS Constraint: 3; goods; {good:3}
IIS Constraint: 4; goods; {good:4}
IIS Constraint: 7; goods; {good:7}
IIS Constraint: 9; goods; {good:9}
IIS Constraint: 17; goods; {good:17}
IIS Constraint: 18; goods; {good:18}
IIS Constraint: 20; goods; {good:20}
IIS Constraint: 22; goods; {good:22}
IIS Constraint: 23; goods; {good:23}
IIS Constraint: 25; goods; {good:25}
IIS Constraint: 29; goods; {good:29}
IIS Constraint: 30; goods; {good:30}
IIS Constraint: 31; goods; {good:31}
IIS Constraint: 34; goods; {good:34}
IIS Constraint: 35; goods; {good:35}
IIS Constraint: 58; query; {good:24,query:7}
IIS Constraint: 59; max; {f:14.585323,objective:max}
