IIS generation
Iter 1: 
Min Hitting Set: []
Min Correction Subset: [59]
Iter 2: 
Min Hitting Set: [59]
Min Correction Subset: [17]
Iter 3: 
Min Hitting Set: [17, 59]
Min Correction Subset: [13]
Iter 4: 
Min Hitting Set: [13, 17, 59]
Min Correction Subset: [29]
Iter 5: 
Min Hitting Set: [13, 17, 29, 59]
Min Correction Subset: [9]
Iter 6: 
Min Hitting Set: [9, 13, 17, 29, 59]
Min Correction Subset: [21]
Iter 7: 
Min Hitting Set: [9, 13, 17, 21, 29, 59]
Min Correction Subset: [5]
Iter 8: 
Min Hitting Set: [5, 9, 13, 17, 21, 29, 59]
Min Correction Subset: [25]
Iter 9: 
Min Hitting Set: [5, 9, 13, 17, 21, 25, 29, 59]
Min Correction Subset: [1]
Iter 10: 
Min Hitting Set: [1, 5, 9, 13, 17, 21, 25, 29, 59]
Min Correction Subset: [2]
Iter 11: 
Min Hitting Set: [1, 2, 5, 9, 13, 17, 21, 25, 29, 59]
Min Correction Subset: [34]
Iter 12: 
Min Hitting Set: [1, 2, 5, 9, 13, 17, 21, 25, 29, 34, 59]
Min Correction Subset: [0]
Iter 13: 
Min Hitting Set: [0, 1, 2, 5, 9, 13, 17, 21, 25, 29, 34, 59]
Min Correction Subset: [30]
Iter 14: 
Min Hitting Set: [0, 1, 2, 5, 9, 13, 17, 21, 25, 29, 30, 34, 59]
Min Correction Subset: [42]
Iter 15: 
Min Hitting Set: [0, 1, 2, 5, 9, 13, 17, 21, 25, 29, 30, 34, 42, 59]
Min Correction Subset: [38]
Iter 16: 
Min Hitting Set: [0, 1, 2, 5, 9, 13, 17, 21, 25, 29, 30, 34, 38, 42, 59]
Min Correction Subset: [41]
Iter 17: 
Min Hitting Set: [0, 1, 2, 5, 9, 13, 17, 21, 25, 29, 30, 34, 38, 41, 42, 59]
Min Correction Subset: [10]
Iter 18: 
Min Hitting Set: [0, 1, 2, 5, 9, 10, 13, 17, 21, 25, 29, 30, 34, 38, 41, 42, 59]
Min Correction Subset: [14]
Iter 19: 
Min Hitting Set: [0, 1, 2, 5, 9, 10, 13, 14, 17, 21, 25, 29, 30, 34, 38, 41, 42, 59]
Min Correction Subset: [58]
Iter 20: 
Min Hitting Set: [0, 1, 2, 5, 9, 10, 13, 14, 17, 21, 25, 29, 30, 34, 38, 41, 42, 58, 59]
Min Correction Subset: [22]
Iter 21: 
Min Hitting Set: [0, 1, 2, 5, 9, 10, 13, 14, 17, 21, 22, 25, 29, 30, 34, 38, 41, 42, 58, 59]
Min Correction Subset: [3, 28]
Iter 22: 
Min Hitting Set: [0, 1, 2, 3, 5, 9, 10, 13, 14, 17, 21, 22, 25, 29, 30, 34, 38, 41, 42, 58, 59]
Min Correction Subset: [6, 28]
Optimal IIS
Instance: matching-32-100-540000
----------------------------
Query: 7
Query element:15
Query scope: 95
Query scope: 97
----------------------------
IIS optimality: suboptimal
IIS solution time: 1428.835
IIS Constraint: 0; goods; {good:0}
IIS Constraint: 1; goods; {good:1}
IIS Constraint: 2; goods; {good:2}
IIS Constraint: 5; goods; {good:5}
IIS Constraint: 9; goods; {good:9}
IIS Constraint: 10; goods; {good:10}
IIS Constraint: 13; goods; {good:13}
IIS Constraint: 14; goods; {good:14}
IIS Constraint: 17; goods; {good:17}
IIS Constraint: 21; goods; {good:21}
IIS Constraint: 22; goods; {good:22}
IIS Constraint: 25; goods; {good:25}
IIS Constraint: 28; goods; {good:28}
IIS Constraint: 29; goods; {good:29}
IIS Constraint: 30; goods; {good:30}
IIS Constraint: 34; goods; {good:34}
IIS Constraint: 38; goods; {good:38}
IIS Constraint: 41; goods; {good:41}
IIS Constraint: 42; goods; {good:42}
IIS Constraint: 58; query; {good:15,query:7}
IIS Constraint: 59; max; {f:90.80475,objective:max}
