IIS generation
Iter 1: 
Min Hitting Set: []
Min Correction Subset: [59, 60]
Iter 2: 
Min Hitting Set: [59]
Min Correction Subset: [58, 60]
Iter 3: 
Min Hitting Set: [60]
Min Correction Subset: [2, 58]
Iter 4: 
Min Hitting Set: [58, 60]
Min Correction Subset: [26, 59]
Optimal IIS
Instance: paths-32-100-240000
----------------------------
Query: 9
Query element:2
Query element:28
Query scope: 3
Query scope: 14
Query scope: 27
Query scope: 73
Query scope: 74
Query scope: 86
Query scope: 98
Query scope: 101
----------------------------
IIS optimality: infeasible
IIS solution time: 29.015
IIS Constraint: 58; query; {good:2,query:9}
IIS Constraint: 59; query; {good:28,query:9}
