IIS generation
Iter 1: 
Min Hitting Set: []
Min Correction Subset: [52]
Iter 2: 
Min Hitting Set: [52]
Min Correction Subset: [31]
Iter 3: 
Min Hitting Set: [31, 52]
Min Correction Subset: [51]
Iter 4: 
Min Hitting Set: [31, 51, 52]
Min Correction Subset: [14]
Iter 5: 
Min Hitting Set: [14, 31, 51, 52]
Min Correction Subset: [10]
Iter 6: 
Min Hitting Set: [10, 14, 31, 51, 52]
Min Correction Subset: [22]
Iter 7: 
Min Hitting Set: [10, 14, 22, 31, 51, 52]
Min Correction Subset: [11, 23]
Iter 8: 
Min Hitting Set: [10, 11, 14, 22, 31, 51, 52]
Min Correction Subset: [4, 18]
Iter 9: 
Min Hitting Set: [4, 10, 11, 14, 22, 31, 51, 52]
Min Correction Subset: [18, 23]
Iter 10: 
Min Hitting Set: [10, 14, 18, 22, 23, 31, 51, 52]
Min Correction Subset: [6, 11]
Iter 11: 
Min Hitting Set: [10, 11, 14, 18, 22, 31, 51, 52]
Min Correction Subset: [0, 23]
Iter 12: 
Min Hitting Set: [10, 11, 14, 18, 22, 23, 31, 51, 52]
Min Correction Subset: [15, 16]
Iter 13: 
Min Hitting Set: [10, 11, 14, 15, 18, 22, 23, 31, 51, 52]
Min Correction Subset: [4, 12]
Iter 14: 
Min Hitting Set: [4, 10, 11, 14, 15, 22, 23, 31, 51, 52]
Min Correction Subset: [0, 18]
Iter 15: 
Min Hitting Set: [0, 4, 10, 11, 14, 15, 18, 22, 31, 51, 52]
Min Correction Subset: [6, 12]
Iter 16: 
Min Hitting Set: [0, 10, 11, 12, 14, 15, 18, 22, 31, 51, 52]
Min Correction Subset: [2, 6]
Iter 17: 
Min Hitting Set: [0, 4, 6, 10, 14, 15, 22, 23, 31, 51, 52]
Min Correction Subset: [11, 16]
Iter 18: 
Min Hitting Set: [0, 4, 6, 10, 14, 16, 22, 23, 31, 51, 52]
Min Correction Subset: [7, 15]
Iter 19: 
Min Hitting Set: [0, 4, 6, 10, 11, 14, 15, 18, 22, 31, 51, 52]
Min Correction Subset: [7, 13]
Iter 20: 
Min Hitting Set: [0, 4, 6, 7, 10, 14, 16, 22, 23, 31, 51, 52]
Min Correction Subset: [18, 24]
Iter 21: 
Min Hitting Set: [4, 6, 7, 10, 14, 16, 18, 22, 23, 31, 51, 52]
Min Correction Subset: [0, 12]
Iter 22: 
Min Hitting Set: [6, 7, 10, 12, 14, 16, 18, 22, 23, 31, 51, 52]
Min Correction Subset: [15, 40]
Iter 23: 
Min Hitting Set: [0, 6, 7, 10, 11, 12, 14, 15, 18, 22, 31, 51, 52]
Min Correction Subset: [4, 13]
Iter 24: 
Min Hitting Set: [0, 6, 10, 11, 12, 13, 14, 15, 18, 22, 31, 51, 52]
Min Correction Subset: [23, 24, 30]
Iter 25: 
Min Hitting Set: [6, 10, 11, 12, 13, 14, 15, 18, 22, 23, 31, 51, 52]
Min Correction Subset: [2, 17, 21]
Iter 26: 
Min Hitting Set: [2, 10, 11, 12, 13, 14, 15, 18, 22, 23, 31, 51, 52]
Min Correction Subset: [6, 7]
Iter 27: 
Min Hitting Set: [2, 7, 10, 11, 12, 13, 14, 15, 18, 22, 23, 31, 51, 52]
Min Correction Subset: [0, 1, 6]
Iter 28: 
Min Hitting Set: [2, 6, 10, 11, 12, 13, 14, 15, 18, 22, 23, 31, 51, 52]
Min Correction Subset: [0, 8, 9]
Iter 29: 
Min Hitting Set: [0, 2, 4, 6, 7, 10, 11, 14, 15, 18, 22, 23, 31, 51, 52]
Min Correction Subset: [12, 17, 21]
Iter 30: 
Min Hitting Set: [0, 2, 7, 10, 11, 12, 13, 14, 15, 18, 22, 23, 31, 51, 52]
Min Correction Subset: [4, 8, 9]
Iter 31: 
Min Hitting Set: [0, 2, 4, 7, 10, 11, 12, 14, 15, 18, 22, 23, 31, 51, 52]
Min Correction Subset: [6, 8, 13, 24]
Iter 32: 
Min Hitting Set: [0, 4, 6, 10, 11, 13, 14, 15, 17, 18, 22, 23, 31, 51, 52]
Min Correction Subset: [12, 21, 24]
Iter 33: 
Min Hitting Set: [0, 4, 6, 10, 11, 13, 14, 15, 18, 21, 22, 23, 31, 51, 52]
Min Correction Subset: [7, 12, 17, 40]
Iter 34: 
Min Hitting Set: [0, 4, 6, 7, 10, 14, 16, 17, 22, 23, 24, 31, 40, 51, 52]
Min Correction Subset: [15, 18]
Iter 35: 
Min Hitting Set: [0, 4, 6, 7, 10, 14, 16, 18, 21, 22, 23, 31, 40, 51, 52]
Min Correction Subset: [8, 9, 11]
Iter 36: 
Min Hitting Set: [0, 4, 6, 7, 10, 11, 14, 15, 18, 21, 22, 23, 31, 51, 52]
Min Correction Subset: [2, 3, 16, 40]
Iter 37: 
Min Hitting Set: [6, 8, 10, 12, 13, 14, 15, 16, 18, 21, 22, 23, 31, 51, 52]
Min Correction Subset: [0, 11, 17]
Iter 38: 
Min Hitting Set: [2, 6, 8, 10, 11, 12, 13, 14, 15, 18, 22, 23, 31, 51, 52]
Min Correction Subset: [0, 4, 24]
Iter 39: 
Min Hitting Set: [0, 2, 4, 7, 10, 11, 12, 14, 15, 22, 23, 24, 31, 51, 52]
Min Correction Subset: [16, 18]
Iter 40: 
Min Hitting Set: [0, 2, 4, 7, 10, 11, 12, 14, 15, 18, 22, 24, 31, 51, 52]
Min Correction Subset: [13, 16, 23]
Iter 41: 
Min Hitting Set: [2, 4, 6, 8, 10, 11, 12, 13, 14, 15, 18, 22, 23, 31, 51, 52]
Min Correction Subset: [0, 16, 24, 40]
Iter 42: 
Min Hitting Set: [0, 2, 4, 7, 10, 11, 12, 14, 15, 18, 22, 23, 24, 31, 51, 52]
Min Correction Subset: [6, 8, 13, 20]
Iter 43: 
Min Hitting Set: [0, 2, 4, 7, 8, 10, 11, 12, 14, 15, 18, 22, 23, 31, 51, 52]
Min Correction Subset: [6, 13, 16, 20, 24]
Iter 44: 
Min Hitting Set: [4, 6, 8, 10, 12, 13, 14, 15, 16, 17, 18, 22, 23, 31, 51, 52]
Min Correction Subset: [0, 2, 7]
Iter 45: 
Min Hitting Set: [2, 6, 8, 10, 11, 12, 13, 14, 15, 18, 22, 23, 24, 31, 51, 52]
Min Correction Subset: [0, 4, 17, 21]
Iter 46: 
Min Hitting Set: [0, 2, 4, 6, 7, 10, 11, 14, 15, 18, 21, 22, 23, 31, 51, 52]
Min Correction Subset: [12, 16, 17, 24, 40]
Iter 47: 
Min Hitting Set: [0, 4, 6, 7, 10, 11, 14, 15, 18, 21, 22, 23, 31, 40, 51, 52]
Min Correction Subset: [2, 3, 8, 13]
Iter 48: 
Min Hitting Set: [0, 4, 6, 10, 11, 13, 14, 15, 18, 21, 22, 23, 31, 40, 51, 52]
Min Correction Subset: [2, 7, 8, 9]
Iter 49: 
Min Hitting Set: [0, 2, 4, 6, 10, 11, 13, 14, 15, 17, 18, 22, 24, 31, 51, 52]
Min Correction Subset: [16, 23, 40]
Iter 50: 
Min Hitting Set: [0, 6, 8, 10, 12, 13, 14, 15, 16, 18, 21, 22, 23, 31, 51, 52]
Min Correction Subset: [2, 4, 7]
Iter 51: 
Min Hitting Set: [0, 2, 4, 6, 10, 11, 12, 13, 14, 15, 18, 22, 23, 31, 51, 52]
Min Correction Subset: [7, 8, 9, 40]
Iter 52: 
Min Hitting Set: [0, 2, 6, 8, 10, 11, 12, 13, 14, 15, 18, 22, 23, 31, 51, 52]
Min Correction Subset: [4, 16, 24, 40]
Iter 53: 
Min Hitting Set: [0, 2, 6, 8, 10, 12, 13, 14, 15, 16, 18, 22, 23, 31, 51, 52]
Min Correction Subset: [4, 7, 17, 21]
Optimal IIS
Instance: regions-32-100-180000
----------------------------
Query: 7
Query element:28
Query scope: 23
Query scope: 27
Query scope: 29
Query scope: 44
Query scope: 49
Query scope: 67
Query scope: 68
Query scope: 94
Query scope: 98
----------------------------
IIS optimality: suboptimal
IIS solution time: 7980.469
IIS Constraint: 4; goods; {good:4}
IIS Constraint: 6; goods; {good:6}
IIS Constraint: 7; goods; {good:7}
IIS Constraint: 8; goods; {good:8}
IIS Constraint: 10; goods; {good:10}
IIS Constraint: 12; goods; {good:12}
IIS Constraint: 14; goods; {good:14}
IIS Constraint: 15; goods; {good:15}
IIS Constraint: 16; goods; {good:16}
IIS Constraint: 17; goods; {good:17}
IIS Constraint: 18; goods; {good:18}
IIS Constraint: 22; goods; {good:22}
IIS Constraint: 23; goods; {good:23}
IIS Constraint: 31; goods; {good:31}
IIS Constraint: 51; query; {good:28,query:7}
IIS Constraint: 52; max; {f:1911.3367999999994,objective:max}
