IIS generation
Iter 1: 
Min Hitting Set: []
Min Correction Subset: [53]
Iter 2: 
Min Hitting Set: [53]
Min Correction Subset: [6]
Iter 3: 
Min Hitting Set: [6, 53]
Min Correction Subset: [25]
Iter 4: 
Min Hitting Set: [6, 25, 53]
Min Correction Subset: [23]
Iter 5: 
Min Hitting Set: [6, 23, 25, 53]
Min Correction Subset: [0]
Iter 6: 
Min Hitting Set: [0, 6, 23, 25, 53]
Min Correction Subset: [13]
Iter 7: 
Min Hitting Set: [0, 6, 13, 23, 25, 53]
Min Correction Subset: [29]
Iter 8: 
Min Hitting Set: [0, 6, 13, 23, 25, 29, 53]
Min Correction Subset: [4]
Iter 9: 
Min Hitting Set: [0, 4, 6, 13, 23, 25, 29, 53]
Min Correction Subset: [9]
Iter 10: 
Min Hitting Set: [0, 4, 6, 9, 13, 23, 25, 29, 53]
Min Correction Subset: [52]
Iter 11: 
Min Hitting Set: [0, 4, 6, 9, 13, 23, 25, 29, 52, 53]
Min Correction Subset: [5, 10]
Iter 12: 
Min Hitting Set: [0, 4, 5, 6, 9, 13, 23, 25, 29, 52, 53]
Min Correction Subset: [10, 12]
Iter 13: 
Min Hitting Set: [0, 4, 6, 9, 10, 13, 23, 25, 29, 52, 53]
Min Correction Subset: [3, 11]
Iter 14: 
Min Hitting Set: [0, 3, 4, 6, 9, 10, 13, 23, 25, 29, 52, 53]
Min Correction Subset: [5, 28]
Iter 15: 
Min Hitting Set: [0, 3, 4, 5, 6, 9, 10, 13, 23, 25, 29, 52, 53]
Min Correction Subset: [1, 14]
Iter 16: 
Min Hitting Set: [0, 1, 3, 4, 5, 6, 9, 10, 13, 23, 25, 29, 52, 53]
Min Correction Subset: [7, 16]
Iter 17: 
Min Hitting Set: [0, 1, 3, 4, 5, 6, 7, 9, 10, 13, 23, 25, 29, 52, 53]
Min Correction Subset: [12, 16]
Iter 18: 
Min Hitting Set: [0, 1, 3, 4, 5, 6, 9, 10, 13, 16, 23, 25, 29, 52, 53]
Min Correction Subset: [21, 30]
Iter 19: 
Min Hitting Set: [0, 1, 3, 4, 5, 6, 9, 10, 13, 16, 21, 23, 25, 29, 52, 53]
Min Correction Subset: [26, 31]
Iter 20: 
Min Hitting Set: [0, 1, 3, 4, 5, 6, 9, 10, 13, 16, 21, 23, 25, 26, 29, 52, 53]
Min Correction Subset: [15, 20]
Iter 21: 
Min Hitting Set: [0, 1, 3, 4, 5, 6, 9, 10, 13, 15, 16, 21, 23, 25, 26, 29, 52, 53]
Min Correction Subset: [2, 11]
Iter 22: 
Min Hitting Set: [0, 1, 4, 5, 6, 9, 10, 11, 13, 15, 16, 21, 23, 25, 26, 29, 52, 53]
Min Correction Subset: [8, 24]
Iter 23: 
Min Hitting Set: [0, 1, 4, 5, 6, 8, 9, 10, 11, 13, 15, 16, 21, 23, 25, 26, 29, 52, 53]
Min Correction Subset: [12, 27]
Iter 24: 
Min Hitting Set: [0, 1, 4, 5, 6, 8, 9, 11, 12, 13, 15, 16, 21, 23, 25, 26, 29, 52, 53]
Min Correction Subset: [10, 20]
Iter 25: 
Min Hitting Set: [0, 1, 4, 5, 6, 8, 9, 11, 12, 13, 16, 20, 21, 23, 25, 26, 29, 52, 53]
Min Correction Subset: [15, 30]
Iter 26: 
Min Hitting Set: [0, 1, 4, 5, 6, 8, 9, 11, 12, 13, 16, 20, 23, 25, 26, 29, 30, 52, 53]
Min Correction Subset: [2, 7, 15]
Iter 27: 
Min Hitting Set: [0, 1, 4, 5, 6, 7, 8, 9, 11, 12, 13, 20, 23, 25, 26, 29, 30, 52, 53]
Min Correction Subset: [10, 24, 31]
Iter 28: 
Min Hitting Set: [0, 1, 4, 5, 6, 7, 9, 11, 12, 13, 20, 23, 24, 25, 29, 30, 31, 52, 53]
Min Correction Subset: [8, 15]
Iter 29: 
Min Hitting Set: [0, 1, 4, 5, 6, 7, 8, 9, 11, 12, 13, 20, 23, 25, 29, 30, 31, 52, 53]
Min Correction Subset: [19, 22, 38]
Iter 30: 
Min Hitting Set: [0, 1, 4, 5, 6, 7, 8, 9, 11, 12, 13, 19, 20, 23, 25, 29, 30, 31, 52, 53]
Min Correction Subset: [16, 18, 28]
Iter 31: 
Min Hitting Set: [0, 1, 4, 5, 6, 8, 9, 10, 11, 12, 13, 15, 16, 19, 23, 25, 29, 30, 31, 52, 53]
Min Correction Subset: [20, 24, 50]
Iter 32: 
Min Hitting Set: [0, 1, 4, 5, 6, 9, 10, 11, 12, 13, 15, 16, 19, 23, 24, 25, 29, 30, 31, 52, 53]
Min Correction Subset: [8, 21, 22]
Iter 33: 
Min Hitting Set: [0, 1, 4, 5, 6, 9, 10, 11, 12, 13, 15, 16, 22, 23, 24, 25, 29, 30, 31, 52, 53]
Min Correction Subset: [8, 14, 19]
Iter 34: 
Min Hitting Set: [0, 4, 5, 6, 9, 10, 11, 12, 13, 14, 15, 16, 22, 23, 24, 25, 29, 30, 31, 52, 53]
Min Correction Subset: [1, 20]
Iter 35: 
Min Hitting Set: [0, 1, 4, 6, 9, 10, 11, 12, 13, 15, 16, 19, 21, 23, 24, 25, 28, 29, 31, 52, 53]
Min Correction Subset: [30, 48]
Iter 36: 
Min Hitting Set: [0, 4, 5, 6, 9, 11, 12, 13, 14, 15, 16, 20, 22, 23, 24, 25, 29, 30, 31, 52, 53]
Min Correction Subset: [8, 10]
Iter 37: 
Min Hitting Set: [0, 1, 4, 5, 6, 7, 8, 9, 11, 12, 13, 16, 20, 22, 23, 25, 29, 30, 31, 52, 53]
Min Correction Subset: [10, 24, 50]
Iter 38: 
Min Hitting Set: [0, 1, 4, 6, 7, 8, 9, 10, 11, 12, 13, 20, 22, 23, 25, 26, 28, 29, 30, 52, 53]
Min Correction Subset: [5, 15]
Iter 39: 
Min Hitting Set: [0, 1, 4, 6, 7, 9, 10, 11, 12, 13, 14, 15, 22, 23, 24, 25, 26, 28, 29, 30, 52, 53]
Min Correction Subset: [5, 38]
Iter 40: 
Min Hitting Set: [0, 1, 4, 5, 6, 8, 9, 10, 11, 12, 13, 15, 16, 19, 23, 24, 25, 26, 29, 30, 52, 53]
Min Correction Subset: [7, 20, 21, 28]
Iter 41: 
Min Hitting Set: [0, 4, 5, 6, 7, 8, 9, 10, 11, 12, 13, 14, 16, 20, 22, 23, 25, 26, 29, 30, 52, 53]
Min Correction Subset: [1, 24]
Iter 42: 
Min Hitting Set: [0, 4, 5, 6, 7, 8, 9, 11, 12, 13, 14, 16, 20, 22, 23, 24, 25, 26, 29, 30, 52, 53]
Min Correction Subset: [1, 19, 48]
Iter 43: 
Min Hitting Set: [0, 1, 4, 5, 6, 8, 9, 10, 11, 12, 13, 15, 16, 20, 22, 23, 25, 26, 29, 30, 52, 53]
Min Correction Subset: [3, 14, 18, 24]
Iter 44: 
Min Hitting Set: [0, 1, 4, 5, 6, 7, 8, 9, 11, 12, 13, 18, 20, 22, 23, 24, 25, 26, 29, 30, 52, 53]
Min Correction Subset: [10, 14, 49]
Iter 45: 
Min Hitting Set: [0, 1, 4, 6, 7, 8, 9, 10, 11, 12, 13, 15, 23, 24, 25, 26, 28, 29, 30, 38, 52, 53]
Min Correction Subset: [5, 14, 22]
Iter 46: 
Min Hitting Set: [0, 4, 5, 6, 8, 9, 11, 12, 13, 14, 15, 16, 19, 20, 23, 24, 25, 26, 29, 30, 52, 53]
Min Correction Subset: [1, 2, 28]
Iter 47: 
Min Hitting Set: [0, 2, 4, 5, 6, 8, 9, 11, 12, 13, 14, 16, 19, 20, 23, 24, 25, 26, 29, 30, 52, 53]
Min Correction Subset: [10, 18, 22]
Iter 48: 
Min Hitting Set: [0, 1, 4, 5, 6, 7, 8, 9, 10, 11, 12, 13, 18, 19, 20, 23, 25, 26, 29, 30, 52, 53]
Min Correction Subset: [2, 14, 15, 28]
Iter 49: 
Min Hitting Set: [0, 1, 4, 5, 6, 9, 10, 11, 12, 13, 15, 16, 19, 21, 23, 24, 25, 26, 29, 30, 52, 53]
Min Correction Subset: [8, 20, 22]
Iter 50: 
Min Hitting Set: [0, 1, 2, 3, 4, 5, 6, 8, 9, 10, 12, 13, 16, 20, 22, 23, 25, 26, 29, 30, 52, 53]
Min Correction Subset: [11, 24, 50]
Iter 51: 
Min Hitting Set: [0, 1, 2, 4, 5, 6, 7, 8, 9, 10, 11, 12, 13, 18, 20, 22, 23, 25, 26, 29, 30, 52, 53]
Min Correction Subset: [14, 17, 19, 21, 24]
Optimal IIS
Instance: arbitrary-32-100-120000
----------------------------
Query: 10
Query element:17
Query element:10
Query scope: 1
Query scope: 26
Query scope: 27
Query scope: 28
Query scope: 29
Query scope: 30
Query scope: 31
Query scope: 33
Query scope: 36
Query scope: 44
Query scope: 45
Query scope: 47
Query scope: 48
Query scope: 49
Query scope: 50
Query scope: 51
Query scope: 52
Query scope: 53
Query scope: 54
Query scope: 55
Query scope: 62
Query scope: 63
Query scope: 64
Query scope: 65
Query scope: 66
Query scope: 67
Query scope: 73
Query scope: 90
Query scope: 91
Query scope: 94
Query scope: 101
Query scope: 103
----------------------------
IIS optimality: suboptimal
IIS solution time: 32241.938
IIS Constraint: 0; goods; {good:0}
IIS Constraint: 1; goods; {good:1}
IIS Constraint: 2; goods; {good:2}
IIS Constraint: 4; goods; {good:4}
IIS Constraint: 5; goods; {good:5}
IIS Constraint: 6; goods; {good:6}
IIS Constraint: 7; goods; {good:7}
IIS Constraint: 8; goods; {good:8}
IIS Constraint: 9; goods; {good:9}
IIS Constraint: 10; goods; {good:10}
IIS Constraint: 11; goods; {good:11}
IIS Constraint: 12; goods; {good:12}
IIS Constraint: 13; goods; {good:13}
IIS Constraint: 18; goods; {good:18}
IIS Constraint: 19; goods; {good:19}
IIS Constraint: 20; goods; {good:20}
IIS Constraint: 23; goods; {good:23}
IIS Constraint: 25; goods; {good:25}
IIS Constraint: 26; goods; {good:26}
IIS Constraint: 29; goods; {good:29}
IIS Constraint: 30; goods; {good:30}
IIS Constraint: 52; query; {goods:[17,10],query:10}
IIS Constraint: 53; max; {f:1915.4309999999998,objective:max}
