IIS generation
Iter 1: 
Min Hitting Set: []
Min Correction Subset: [51]
Iter 2: 
Min Hitting Set: [51]
Min Correction Subset: [23]
Iter 3: 
Min Hitting Set: [23, 51]
Min Correction Subset: [6]
Iter 4: 
Min Hitting Set: [6, 23, 51]
Min Correction Subset: [27]
Iter 5: 
Min Hitting Set: [6, 23, 27, 51]
Min Correction Subset: [15]
Iter 6: 
Min Hitting Set: [6, 15, 23, 27, 51]
Min Correction Subset: [30]
Iter 7: 
Min Hitting Set: [6, 15, 23, 27, 30, 51]
Min Correction Subset: [50]
Iter 8: 
Min Hitting Set: [6, 15, 23, 27, 30, 50, 51]
Min Correction Subset: [26]
Iter 9: 
Min Hitting Set: [6, 15, 23, 26, 27, 30, 50, 51]
Min Correction Subset: [29]
Iter 10: 
Min Hitting Set: [6, 15, 23, 26, 27, 29, 30, 50, 51]
Min Correction Subset: [1, 8]
Iter 11: 
Min Hitting Set: [1, 6, 15, 23, 26, 27, 29, 30, 50, 51]
Min Correction Subset: [0, 10]
Iter 12: 
Min Hitting Set: [0, 1, 6, 15, 23, 26, 27, 29, 30, 50, 51]
Min Correction Subset: [4, 43]
Iter 13: 
Min Hitting Set: [0, 1, 4, 6, 15, 23, 26, 27, 29, 30, 50, 51]
Min Correction Subset: [11, 18]
Iter 14: 
Min Hitting Set: [0, 1, 4, 6, 11, 15, 23, 26, 27, 29, 30, 50, 51]
Min Correction Subset: [8, 22]
Iter 15: 
Min Hitting Set: [0, 4, 6, 8, 11, 15, 23, 26, 27, 29, 30, 50, 51]
Min Correction Subset: [17, 20]
Iter 16: 
Min Hitting Set: [0, 4, 6, 8, 11, 15, 17, 23, 26, 27, 29, 30, 50, 51]
Min Correction Subset: [18, 20]
Iter 17: 
Min Hitting Set: [0, 4, 6, 8, 15, 18, 20, 23, 26, 27, 29, 30, 50, 51]
Min Correction Subset: [2, 24]
Iter 18: 
Min Hitting Set: [0, 2, 4, 6, 8, 15, 18, 20, 23, 26, 27, 29, 30, 50, 51]
Min Correction Subset: [16, 24]
Iter 19: 
Min Hitting Set: [0, 4, 6, 8, 15, 18, 20, 23, 24, 26, 27, 29, 30, 50, 51]
Min Correction Subset: [3, 17]
Iter 20: 
Min Hitting Set: [0, 4, 6, 8, 15, 17, 18, 23, 24, 26, 27, 29, 30, 50, 51]
Min Correction Subset: [9, 16]
Iter 21: 
Min Hitting Set: [0, 4, 6, 8, 15, 16, 17, 18, 23, 24, 26, 27, 29, 30, 50, 51]
Min Correction Subset: [12, 20]
Iter 22: 
Min Hitting Set: [0, 4, 6, 8, 15, 16, 17, 18, 20, 23, 24, 26, 27, 29, 30, 50, 51]
Min Correction Subset: [1, 11]
Iter 23: 
Min Hitting Set: [0, 4, 6, 8, 11, 15, 16, 17, 20, 23, 24, 26, 27, 29, 30, 50, 51]
Min Correction Subset: [7, 12]
Iter 24: 
Min Hitting Set: [0, 4, 6, 8, 11, 12, 15, 16, 17, 18, 23, 24, 26, 27, 29, 30, 50, 51]
Min Correction Subset: [5, 13]
Iter 25: 
Min Hitting Set: [0, 4, 5, 6, 8, 11, 12, 15, 16, 17, 18, 23, 24, 26, 27, 29, 30, 50, 51]
Min Correction Subset: [1, 34]
Iter 26: 
Min Hitting Set: [0, 1, 4, 5, 6, 8, 12, 15, 16, 17, 18, 23, 24, 26, 27, 29, 30, 50, 51]
Min Correction Subset: [11, 20]
Iter 27: 
Min Hitting Set: [0, 1, 4, 5, 6, 8, 11, 12, 15, 16, 17, 18, 23, 24, 26, 27, 29, 30, 50, 51]
Min Correction Subset: [10, 36]
Iter 28: 
Min Hitting Set: [1, 4, 5, 6, 8, 10, 11, 12, 15, 16, 17, 18, 23, 24, 26, 27, 29, 30, 50, 51]
Min Correction Subset: [0, 22]
Iter 29: 
Min Hitting Set: [1, 4, 5, 6, 10, 11, 12, 15, 16, 17, 18, 22, 23, 24, 26, 27, 29, 30, 50, 51]
Min Correction Subset: [8, 9]
Iter 30: 
Min Hitting Set: [1, 4, 5, 6, 9, 10, 11, 12, 15, 17, 18, 22, 23, 24, 26, 27, 29, 30, 50, 51]
Min Correction Subset: [8, 25]
Iter 31: 
Min Hitting Set: [0, 1, 4, 5, 6, 8, 9, 10, 11, 12, 15, 17, 18, 23, 24, 26, 27, 29, 30, 50, 51]
Min Correction Subset: [3, 20]
Iter 32: 
Min Hitting Set: [0, 1, 3, 4, 5, 6, 8, 9, 10, 11, 12, 15, 20, 23, 24, 26, 27, 29, 30, 50, 51]
Min Correction Subset: [16, 43]
Iter 33: 
Min Hitting Set: [0, 1, 3, 5, 6, 8, 9, 10, 11, 12, 15, 20, 23, 24, 26, 27, 29, 30, 43, 50, 51]
Min Correction Subset: [4, 17]
Iter 34: 
Min Hitting Set: [0, 1, 3, 4, 5, 6, 8, 10, 11, 12, 15, 16, 20, 23, 24, 26, 27, 29, 30, 50, 51]
Min Correction Subset: [9, 17]
Iter 35: 
Min Hitting Set: [0, 1, 5, 6, 8, 10, 11, 12, 15, 16, 17, 20, 23, 24, 26, 27, 29, 30, 43, 50, 51]
Min Correction Subset: [3, 4, 18]
Iter 36: 
Min Hitting Set: [0, 1, 4, 5, 6, 8, 10, 11, 12, 15, 16, 17, 20, 23, 24, 26, 27, 29, 30, 50, 51]
Min Correction Subset: [3, 28, 31]
Iter 37: 
Min Hitting Set: [0, 1, 3, 4, 5, 6, 8, 9, 10, 11, 12, 15, 20, 23, 24, 26, 27, 29, 30, 43, 50, 51]
Min Correction Subset: [16, 17, 21]
Iter 38: 
Min Hitting Set: [0, 1, 3, 5, 6, 8, 10, 11, 12, 15, 16, 17, 20, 23, 24, 26, 27, 29, 30, 43, 50, 51]
Min Correction Subset: [4, 18, 25]
Iter 39: 
Min Hitting Set: [1, 3, 5, 6, 8, 10, 11, 12, 15, 16, 17, 18, 22, 23, 24, 26, 27, 29, 30, 43, 50, 51]
Min Correction Subset: [4, 20, 28]
Iter 40: 
Min Hitting Set: [1, 4, 5, 6, 8, 10, 12, 15, 16, 17, 18, 20, 22, 23, 24, 26, 27, 28, 29, 30, 50, 51]
Min Correction Subset: [2, 11, 13]
Iter 41: 
Min Hitting Set: [1, 4, 6, 8, 10, 12, 13, 15, 16, 17, 18, 20, 22, 23, 24, 26, 27, 28, 29, 30, 50, 51]
Min Correction Subset: [5, 9, 11]
Iter 42: 
Min Hitting Set: [1, 3, 5, 6, 9, 10, 11, 12, 15, 17, 20, 22, 23, 24, 25, 26, 27, 29, 30, 43, 50, 51]
Min Correction Subset: [8, 18]
Iter 43: 
Min Hitting Set: [1, 3, 6, 9, 10, 12, 13, 15, 17, 18, 20, 22, 23, 24, 25, 26, 27, 29, 30, 43, 50, 51]
Min Correction Subset: [11, 28, 31]
Iter 44: 
Min Hitting Set: [1, 3, 4, 5, 6, 8, 10, 11, 12, 15, 16, 17, 20, 22, 23, 24, 26, 27, 29, 30, 50, 51]
Min Correction Subset: [2, 13, 14, 18]
Iter 45: 
Min Hitting Set: [1, 6, 9, 10, 12, 13, 15, 17, 18, 20, 22, 23, 24, 25, 26, 27, 28, 29, 30, 43, 50, 51]
Min Correction Subset: [0, 4, 11]
Iter 46: 
Min Hitting Set: [0, 1, 3, 4, 5, 6, 8, 10, 11, 12, 15, 16, 17, 18, 23, 24, 26, 27, 29, 30, 50, 51]
Min Correction Subset: [19, 22, 25]
Iter 47: 
Min Hitting Set: [1, 3, 4, 5, 6, 8, 10, 11, 12, 15, 16, 17, 18, 22, 23, 24, 26, 27, 29, 30, 50, 51]
Min Correction Subset: [20, 21, 31]
Iter 48: 
Min Hitting Set: [1, 2, 3, 4, 5, 6, 8, 10, 11, 12, 15, 16, 17, 20, 22, 23, 26, 27, 29, 30, 50, 51]
Min Correction Subset: [24, 28]
Iter 49: 
Min Hitting Set: [1, 3, 4, 6, 8, 9, 10, 11, 12, 13, 15, 16, 20, 22, 23, 24, 26, 27, 29, 30, 50, 51]
Min Correction Subset: [5, 17]
Iter 50: 
Min Hitting Set: [1, 2, 4, 5, 6, 8, 10, 11, 12, 15, 16, 17, 20, 22, 23, 26, 27, 28, 29, 30, 50, 51]
Min Correction Subset: [3, 13, 24, 25, 37]
Iter 51: 
Min Hitting Set: [1, 2, 4, 6, 8, 10, 11, 12, 13, 15, 16, 17, 20, 22, 23, 26, 27, 28, 29, 30, 50, 51]
Min Correction Subset: [5, 24]
Iter 52: 
Min Hitting Set: [1, 4, 6, 8, 10, 11, 12, 13, 15, 16, 17, 20, 22, 23, 24, 26, 27, 29, 30, 31, 50, 51]
Min Correction Subset: [5, 18]
Iter 53: 
Min Hitting Set: [1, 6, 8, 10, 11, 12, 13, 15, 16, 17, 18, 20, 22, 23, 24, 26, 27, 29, 30, 31, 43, 50, 51]
Min Correction Subset: [4, 5, 25]
Iter 54: 
Min Hitting Set: [1, 5, 6, 8, 10, 11, 12, 15, 16, 17, 18, 20, 22, 23, 24, 26, 27, 29, 30, 31, 43, 50, 51]
Min Correction Subset: [3, 4, 13, 37]
Iter 55: 
Min Hitting Set: [1, 2, 3, 4, 5, 6, 8, 9, 10, 11, 12, 15, 16, 20, 22, 23, 24, 26, 27, 29, 30, 50, 51]
Min Correction Subset: [17, 25, 36]
Iter 56: 
Min Hitting Set: [1, 6, 9, 10, 11, 12, 13, 15, 17, 18, 20, 22, 23, 24, 25, 26, 27, 29, 30, 31, 43, 50, 51]
Min Correction Subset: [2, 4, 8]
Iter 57: 
Min Hitting Set: [1, 2, 4, 5, 6, 8, 10, 11, 12, 15, 16, 17, 20, 22, 23, 24, 26, 27, 29, 30, 31, 50, 51]
Min Correction Subset: [9, 18, 25, 28]
Optimal IIS
Instance: arbitrary-32-100-530000
----------------------------
Query: 10
Query element:13
Query element:7
Query scope: 0
Query scope: 2
Query scope: 4
Query scope: 5
Query scope: 6
Query scope: 8
Query scope: 10
Query scope: 18
Query scope: 19
Query scope: 23
Query scope: 45
Query scope: 46
Query scope: 69
Query scope: 71
Query scope: 88
Query scope: 89
Query scope: 90
Query scope: 95
Query scope: 99
----------------------------
IIS optimality: suboptimal
IIS solution time: 16983.141
IIS Constraint: 1; goods; {good:1}
IIS Constraint: 2; goods; {good:2}
IIS Constraint: 4; goods; {good:4}
IIS Constraint: 5; goods; {good:5}
IIS Constraint: 6; goods; {good:6}
IIS Constraint: 8; goods; {good:8}
IIS Constraint: 10; goods; {good:10}
IIS Constraint: 11; goods; {good:11}
IIS Constraint: 12; goods; {good:12}
IIS Constraint: 15; goods; {good:15}
IIS Constraint: 16; goods; {good:16}
IIS Constraint: 17; goods; {good:17}
IIS Constraint: 20; goods; {good:20}
IIS Constraint: 22; goods; {good:22}
IIS Constraint: 23; goods; {good:23}
IIS Constraint: 24; goods; {good:24}
IIS Constraint: 26; goods; {good:26}
IIS Constraint: 27; goods; {good:27}
IIS Constraint: 28; goods; {good:28}
IIS Constraint: 29; goods; {good:29}
IIS Constraint: 30; goods; {good:30}
IIS Constraint: 50; query; {goods:[13,7],query:10}
IIS Constraint: 51; max; {f:1870.623,objective:max}
