IIS generation
Iter 1: 
Min Hitting Set: []
Min Correction Subset: [62]
Iter 2: 
Min Hitting Set: [62]
Min Correction Subset: [29]
Iter 3: 
Min Hitting Set: [29, 62]
Min Correction Subset: [1]
Iter 4: 
Min Hitting Set: [1, 29, 62]
Min Correction Subset: [45]
Iter 5: 
Min Hitting Set: [1, 29, 45, 62]
Min Correction Subset: [43]
Iter 6: 
Min Hitting Set: [1, 29, 43, 45, 62]
Min Correction Subset: [18, 25]
Iter 7: 
Min Hitting Set: [1, 18, 29, 43, 45, 62]
Min Correction Subset: [5, 17]
Iter 8: 
Min Hitting Set: [1, 5, 18, 29, 43, 45, 62]
Min Correction Subset: [17, 40]
Iter 9: 
Min Hitting Set: [1, 17, 18, 29, 43, 45, 62]
Min Correction Subset: [5, 33]
Iter 10: 
Min Hitting Set: [1, 5, 17, 18, 29, 43, 45, 62]
Min Correction Subset: [13, 33]
Iter 11: 
Min Hitting Set: [1, 17, 18, 29, 33, 43, 45, 62]
Min Correction Subset: [5, 28]
Iter 12: 
Min Hitting Set: [1, 5, 17, 18, 29, 33, 43, 45, 62]
Min Correction Subset: [0, 25]
Iter 13: 
Min Hitting Set: [1, 5, 17, 25, 29, 33, 43, 45, 62]
Min Correction Subset: [9, 61]
Iter 14: 
Min Hitting Set: [1, 5, 9, 17, 25, 29, 33, 43, 45, 62]
Min Correction Subset: [13, 40]
Iter 15: 
Min Hitting Set: [1, 5, 9, 13, 25, 29, 40, 43, 45, 62]
Min Correction Subset: [17, 61]
Iter 16: 
Min Hitting Set: [1, 5, 13, 25, 29, 40, 43, 45, 61, 62]
Min Correction Subset: [9, 33]
Iter 17: 
Min Hitting Set: [1, 5, 9, 13, 17, 25, 29, 43, 45, 62]
Min Correction Subset: [21, 61]
Iter 18: 
Min Hitting Set: [1, 5, 25, 29, 33, 40, 43, 45, 61, 62]
Min Correction Subset: [17, 32]
Iter 19: 
Min Hitting Set: [1, 5, 13, 17, 25, 29, 33, 43, 45, 61, 62]
Min Correction Subset: [9, 28]
Iter 20: 
Min Hitting Set: [1, 13, 17, 25, 28, 29, 33, 43, 45, 61, 62]
Min Correction Subset: [5, 46]
Iter 21: 
Min Hitting Set: [1, 5, 9, 13, 17, 25, 29, 43, 45, 61, 62]
Min Correction Subset: [28, 40]
Iter 22: 
Min Hitting Set: [1, 5, 9, 13, 17, 25, 28, 29, 43, 45, 61, 62]
Min Correction Subset: [21, 40]
Iter 23: 
Min Hitting Set: [1, 5, 9, 13, 17, 21, 25, 28, 29, 43, 45, 62]
Min Correction Subset: [0, 61]
Iter 24: 
Min Hitting Set: [1, 5, 9, 17, 25, 29, 33, 40, 43, 45, 61, 62]
Min Correction Subset: [0, 13]
Iter 25: 
Min Hitting Set: [1, 5, 9, 13, 17, 25, 29, 40, 43, 45, 61, 62]
Min Correction Subset: [0, 28]
Iter 26: 
Min Hitting Set: [0, 1, 5, 9, 13, 17, 21, 25, 29, 40, 43, 45, 62]
Min Correction Subset: [28, 61]
Iter 27: 
Min Hitting Set: [1, 5, 13, 17, 25, 28, 29, 33, 40, 43, 45, 61, 62]
Min Correction Subset: [9, 19]
Iter 28: 
Min Hitting Set: [1, 5, 9, 13, 17, 25, 28, 29, 40, 43, 45, 61, 62]
Min Correction Subset: [0, 31, 33]
Iter 29: 
Min Hitting Set: [0, 1, 5, 9, 13, 17, 21, 25, 28, 29, 43, 45, 62]
Min Correction Subset: [54, 61]
Iter 30: 
Min Hitting Set: [0, 1, 5, 9, 13, 17, 25, 29, 40, 43, 45, 61, 62]
Min Correction Subset: [28, 33]
Iter 31: 
Min Hitting Set: [0, 1, 5, 9, 17, 25, 29, 33, 40, 43, 45, 61, 62]
Min Correction Subset: [13, 28]
Iter 32: 
Min Hitting Set: [0, 1, 5, 9, 13, 17, 25, 28, 29, 40, 43, 45, 61, 62]
Min Correction Subset: [21, 33, 34]
Iter 33: 
Min Hitting Set: [1, 5, 9, 13, 17, 25, 28, 29, 33, 40, 43, 45, 61, 62]
Min Correction Subset: [0, 14, 21, 34]
Iter 34: 
Min Hitting Set: [0, 1, 5, 9, 13, 17, 21, 25, 28, 29, 43, 45, 61, 62]
Min Correction Subset: [23, 33, 40]
Iter 35: 
Min Hitting Set: [1, 5, 9, 13, 17, 21, 25, 28, 29, 33, 43, 45, 61, 62]
Min Correction Subset: [0, 40]
Iter 36: 
Min Hitting Set: [0, 1, 5, 9, 13, 17, 25, 29, 33, 40, 43, 45, 61, 62]
Min Correction Subset: [21, 28, 34]
Iter 37: 
Min Hitting Set: [0, 1, 5, 9, 17, 25, 28, 29, 33, 40, 43, 45, 61, 62]
Min Correction Subset: [13, 32]
Iter 38: 
Min Hitting Set: [0, 1, 5, 9, 25, 28, 29, 32, 33, 40, 43, 45, 61, 62]
Min Correction Subset: [17, 34]
Optimal IIS
Instance: matching-32-100-60000
----------------------------
Query: 3
Query element:40
Query element:26
Query scope: 40
Query scope: 26
----------------------------
IIS optimality: suboptimal
IIS solution time: 3515.366
IIS Constraint: 1; goods; {good:1}
IIS Constraint: 5; goods; {good:5}
IIS Constraint: 9; goods; {good:9}
IIS Constraint: 13; goods; {good:13}
IIS Constraint: 17; goods; {good:17}
IIS Constraint: 21; goods; {good:21}
IIS Constraint: 25; goods; {good:25}
IIS Constraint: 28; goods; {good:28}
IIS Constraint: 29; goods; {good:29}
IIS Constraint: 33; goods; {good:33}
IIS Constraint: 40; goods; {good:40}
IIS Constraint: 43; goods; {good:43}
IIS Constraint: 45; goods; {good:45}
IIS Constraint: 61; query; {bid:26,query:3}
IIS Constraint: 62; max; {f:97.00862000000001,objective:max}
