IIS generation
Iter 1: 
Min Hitting Set: []
Min Correction Subset: [65]
Iter 2: 
Min Hitting Set: [65]
Min Correction Subset: [13]
Iter 3: 
Min Hitting Set: [13, 65]
Min Correction Subset: [28]
Iter 4: 
Min Hitting Set: [13, 28, 65]
Min Correction Subset: [29]
Iter 5: 
Min Hitting Set: [13, 28, 29, 65]
Min Correction Subset: [25]
Iter 6: 
Min Hitting Set: [13, 25, 28, 29, 65]
Min Correction Subset: [9]
Iter 7: 
Min Hitting Set: [9, 13, 25, 28, 29, 65]
Min Correction Subset: [17]
Iter 8: 
Min Hitting Set: [9, 13, 17, 25, 28, 29, 65]
Min Correction Subset: [0]
Iter 9: 
Min Hitting Set: [0, 9, 13, 17, 25, 28, 29, 65]
Min Correction Subset: [21]
Iter 10: 
Min Hitting Set: [0, 9, 13, 17, 21, 25, 28, 29, 65]
Min Correction Subset: [1]
Iter 11: 
Min Hitting Set: [0, 1, 9, 13, 17, 21, 25, 28, 29, 65]
Min Correction Subset: [18]
Iter 12: 
Min Hitting Set: [0, 1, 9, 13, 17, 18, 21, 25, 28, 29, 65]
Min Correction Subset: [64]
Iter 13: 
Min Hitting Set: [0, 1, 9, 13, 17, 18, 21, 25, 28, 29, 64, 65]
Min Correction Subset: [55]
Iter 14: 
Min Hitting Set: [0, 1, 9, 13, 17, 18, 21, 25, 28, 29, 55, 64, 65]
Min Correction Subset: [5, 35]
Iter 15: 
Min Hitting Set: [0, 1, 5, 9, 13, 17, 18, 21, 25, 28, 29, 55, 64, 65]
Min Correction Subset: [35, 45]
Iter 16: 
Min Hitting Set: [0, 1, 9, 13, 17, 18, 21, 25, 28, 29, 35, 55, 64, 65]
Min Correction Subset: [5, 14]
Optimal IIS
Instance: matching-32-100-770000
----------------------------
Query: 11
Query element:19
Query element:60
Query scope: 93
Query scope: 94
----------------------------
IIS optimality: suboptimal
IIS solution time: 897.531
IIS Constraint: 0; goods; {good:0}
IIS Constraint: 1; goods; {good:1}
IIS Constraint: 5; goods; {good:5}
IIS Constraint: 9; goods; {good:9}
IIS Constraint: 13; goods; {good:13}
IIS Constraint: 17; goods; {good:17}
IIS Constraint: 18; goods; {good:18}
IIS Constraint: 21; goods; {good:21}
IIS Constraint: 25; goods; {good:25}
IIS Constraint: 28; goods; {good:28}
IIS Constraint: 29; goods; {good:29}
IIS Constraint: 35; goods; {good:35}
IIS Constraint: 55; goods; {good:55}
IIS Constraint: 64; query; {goods:[19,60],query:11}
IIS Constraint: 65; max; {f:65.14672,objective:max}
