IIS generation
Iter 1: 
Min Hitting Set: []
Min Correction Subset: [34]
Iter 2: 
Min Hitting Set: [34]
Min Correction Subset: [37]
Iter 3: 
Min Hitting Set: [34, 37]
Min Correction Subset: [32]
Iter 4: 
Min Hitting Set: [32, 34, 37]
Min Correction Subset: [35]
Iter 5: 
Min Hitting Set: [32, 34, 35, 37]
Min Correction Subset: [36]
Iter 6: 
Min Hitting Set: [32, 34, 35, 36, 37]
Min Correction Subset: [33]
Optimal IIS
Instance: scheduling-32-100-510000
----------------------------
Query: 11
Query element:29
Query element:24
Query scope: 67
----------------------------
IIS optimality: suboptimal
IIS solution time: 6.104
IIS Constraint: 32; goods; {good:32}
IIS Constraint: 33; goods; {good:33}
IIS Constraint: 34; goods; {good:34}
IIS Constraint: 35; goods; {good:35}
IIS Constraint: 36; query; {goods:[29,24],query:11}
IIS Constraint: 37; max; {f:23.347525,objective:max}
