IIS generation
Iter 1: 
Min Hitting Set: []
Min Correction Subset: [54]
Iter 2: 
Min Hitting Set: [54]
Min Correction Subset: [27]
Iter 3: 
Min Hitting Set: [27, 54]
Min Correction Subset: [22]
Iter 4: 
Min Hitting Set: [22, 27, 54]
Min Correction Subset: [6]
Iter 5: 
Min Hitting Set: [6, 22, 27, 54]
Min Correction Subset: [11]
Iter 6: 
Min Hitting Set: [6, 11, 22, 27, 54]
Min Correction Subset: [8]
Iter 7: 
Min Hitting Set: [6, 8, 11, 22, 27, 54]
Min Correction Subset: [10]
Iter 8: 
Min Hitting Set: [6, 8, 10, 11, 22, 27, 54]
Min Correction Subset: [3]
Iter 9: 
Min Hitting Set: [3, 6, 8, 10, 11, 22, 27, 54]
Min Correction Subset: [23]
Iter 10: 
Min Hitting Set: [3, 6, 8, 10, 11, 22, 23, 27, 54]
Min Correction Subset: [17]
Iter 11: 
Min Hitting Set: [3, 6, 8, 10, 11, 17, 22, 23, 27, 54]
Min Correction Subset: [0]
Iter 12: 
Min Hitting Set: [0, 3, 6, 8, 10, 11, 17, 22, 23, 27, 54]
Min Correction Subset: [2]
Iter 13: 
Min Hitting Set: [0, 2, 3, 6, 8, 10, 11, 17, 22, 23, 27, 54]
Min Correction Subset: [21]
Iter 14: 
Min Hitting Set: [0, 2, 3, 6, 8, 10, 11, 17, 21, 22, 23, 27, 54]
Min Correction Subset: [13]
Iter 15: 
Min Hitting Set: [0, 2, 3, 6, 8, 10, 11, 13, 17, 21, 22, 23, 27, 54]
Min Correction Subset: [12]
Iter 16: 
Min Hitting Set: [0, 2, 3, 6, 8, 10, 11, 12, 13, 17, 21, 22, 23, 27, 54]
Min Correction Subset: [53]
Iter 17: 
Min Hitting Set: [0, 2, 3, 6, 8, 10, 11, 12, 13, 17, 21, 22, 23, 27, 53, 54]
Min Correction Subset: [25]
Iter 18: 
Min Hitting Set: [0, 2, 3, 6, 8, 10, 11, 12, 13, 17, 21, 22, 23, 25, 27, 53, 54]
Min Correction Subset: [9, 15]
Iter 19: 
Min Hitting Set: [0, 2, 3, 6, 8, 9, 10, 11, 12, 13, 17, 21, 22, 23, 25, 27, 53, 54]
Min Correction Subset: [15, 16]
Iter 20: 
Min Hitting Set: [0, 2, 3, 6, 8, 10, 11, 12, 13, 15, 17, 21, 22, 23, 25, 27, 53, 54]
Min Correction Subset: [24, 29]
Iter 21: 
Min Hitting Set: [0, 2, 3, 6, 8, 10, 11, 12, 13, 15, 17, 21, 22, 23, 24, 25, 27, 53, 54]
Min Correction Subset: [20, 32]
Iter 22: 
Min Hitting Set: [0, 2, 3, 6, 8, 10, 11, 12, 13, 15, 17, 20, 21, 22, 23, 24, 25, 27, 53, 54]
Min Correction Subset: [5, 40]
Iter 23: 
Min Hitting Set: [0, 2, 3, 5, 6, 8, 10, 11, 12, 13, 15, 17, 20, 21, 22, 23, 24, 25, 27, 53, 54]
Min Correction Subset: [4, 16]
Iter 24: 
Min Hitting Set: [0, 2, 3, 5, 6, 8, 10, 11, 12, 13, 15, 16, 17, 20, 21, 22, 23, 24, 25, 27, 53, 54]
Min Correction Subset: [1, 14]
Iter 25: 
Min Hitting Set: [0, 1, 2, 3, 5, 6, 8, 10, 11, 12, 13, 15, 16, 17, 20, 21, 22, 23, 24, 25, 27, 53, 54]
Min Correction Subset: [29, 40, 45]
Iter 26: 
Min Hitting Set: [0, 1, 2, 3, 6, 8, 10, 11, 12, 13, 15, 16, 17, 20, 21, 22, 23, 25, 27, 29, 40, 53, 54]
Min Correction Subset: [24, 30, 32]
Iter 27: 
Min Hitting Set: [0, 1, 2, 3, 6, 8, 10, 11, 12, 13, 15, 16, 17, 21, 22, 23, 24, 25, 27, 32, 40, 53, 54]
Min Correction Subset: [4, 20]
Iter 28: 
Min Hitting Set: [0, 1, 2, 3, 4, 6, 8, 10, 11, 12, 13, 15, 17, 20, 21, 22, 23, 24, 25, 27, 40, 53, 54]
Min Correction Subset: [5, 29, 30]
Iter 29: 
Min Hitting Set: [0, 1, 2, 3, 4, 5, 6, 8, 10, 11, 12, 13, 15, 17, 21, 22, 23, 25, 27, 29, 32, 53, 54]
Min Correction Subset: [20, 28]
Iter 30: 
Min Hitting Set: [0, 1, 2, 3, 4, 5, 6, 8, 10, 11, 12, 13, 15, 17, 20, 21, 22, 23, 24, 25, 27, 40, 53, 54]
Min Correction Subset: [9, 14, 18]
Iter 31: 
Min Hitting Set: [0, 2, 3, 5, 6, 8, 10, 11, 12, 13, 14, 15, 16, 17, 20, 21, 22, 23, 24, 25, 27, 40, 53, 54]
Min Correction Subset: [1, 30, 32]
Iter 32: 
Min Hitting Set: [0, 1, 2, 3, 5, 6, 8, 9, 10, 11, 12, 13, 16, 17, 20, 21, 22, 23, 24, 25, 27, 40, 53, 54]
Min Correction Subset: [15, 29]
Iter 33: 
Min Hitting Set: [0, 2, 3, 6, 8, 10, 11, 12, 13, 14, 15, 16, 17, 20, 21, 22, 23, 25, 27, 29, 30, 40, 53, 54]
Min Correction Subset: [4, 5, 24, 51]
Iter 34: 
Min Hitting Set: [0, 2, 3, 6, 8, 10, 11, 12, 13, 14, 15, 16, 17, 20, 21, 22, 23, 24, 25, 27, 30, 40, 53, 54]
Min Correction Subset: [1, 4, 5, 32]
Optimal IIS
Instance: arbitrary-32-100-1000000
----------------------------
Query: 8
Query element:7
Query scope: 13
Query scope: 14
Query scope: 15
Query scope: 16
Query scope: 17
Query scope: 18
Query scope: 20
Query scope: 21
Query scope: 22
Query scope: 23
Query scope: 24
Query scope: 25
Query scope: 26
Query scope: 27
Query scope: 28
Query scope: 37
Query scope: 38
Query scope: 41
Query scope: 51
Query scope: 55
Query scope: 60
Query scope: 62
Query scope: 71
Query scope: 72
Query scope: 73
Query scope: 75
Query scope: 76
Query scope: 86
----------------------------
IIS optimality: suboptimal
IIS solution time: 21301.797
IIS Constraint: 0; goods; {good:0}
IIS Constraint: 2; goods; {good:2}
IIS Constraint: 3; goods; {good:3}
IIS Constraint: 5; goods; {good:5}
IIS Constraint: 6; goods; {good:6}
IIS Constraint: 8; goods; {good:8}
IIS Constraint: 10; goods; {good:10}
IIS Constraint: 11; goods; {good:11}
IIS Constraint: 12; goods; {good:12}
IIS Constraint: 13; goods; {good:13}
IIS Constraint: 14; goods; {good:14}
IIS Constraint: 15; goods; {good:15}
IIS Constraint: 16; goods; {good:16}
IIS Constraint: 17; goods; {good:17}
IIS Constraint: 20; goods; {good:20}
IIS Constraint: 21; goods; {good:21}
IIS Constraint: 22; goods; {good:22}
IIS Constraint: 23; goods; {good:23}
IIS Constraint: 25; goods; {good:25}
IIS Constraint: 27; goods; {good:27}
IIS Constraint: 29; goods; {good:29}
IIS Constraint: 30; goods; {good:30}
IIS Constraint: 53; query; {good:7,query:8}
IIS Constraint: 54; max; {f:2060.928999999999,objective:max}
