IIS generation
Iter 1: 
Min Hitting Set: []
Min Correction Subset: [65]
Iter 2: 
Min Hitting Set: [65]
Min Correction Subset: [22]
Iter 3: 
Min Hitting Set: [22, 65]
Min Correction Subset: [19, 63]
Iter 4: 
Min Hitting Set: [19, 22, 65]
Min Correction Subset: [10, 29]
Iter 5: 
Min Hitting Set: [10, 19, 22, 65]
Min Correction Subset: [11, 63]
Iter 6: 
Min Hitting Set: [10, 22, 63, 65]
Min Correction Subset: [19, 29]
Iter 7: 
Min Hitting Set: [22, 29, 63, 65]
Min Correction Subset: [19, 24]
Iter 8: 
Min Hitting Set: [19, 22, 29, 63, 65]
Min Correction Subset: [11, 25]
Iter 9: 
Min Hitting Set: [11, 19, 22, 29, 65]
Min Correction Subset: [12, 23]
Iter 10: 
Min Hitting Set: [11, 12, 19, 22, 29, 65]
Min Correction Subset: [25, 63]
Iter 11: 
Min Hitting Set: [11, 12, 19, 22, 25, 29, 65]
Min Correction Subset: [0, 30]
Iter 12: 
Min Hitting Set: [0, 11, 12, 19, 22, 25, 29, 65]
Min Correction Subset: [2, 63]
Iter 13: 
Min Hitting Set: [0, 11, 12, 19, 22, 29, 63, 65]
Min Correction Subset: [24, 25]
Iter 14: 
Min Hitting Set: [0, 12, 22, 24, 25, 29, 63, 65]
Min Correction Subset: [19, 43]
Iter 15: 
Min Hitting Set: [0, 12, 19, 22, 25, 29, 63, 65]
Min Correction Subset: [7, 24]
Iter 16: 
Min Hitting Set: [0, 11, 12, 19, 22, 24, 29, 63, 65]
Min Correction Subset: [13, 25]
Iter 17: 
Min Hitting Set: [0, 12, 19, 22, 24, 25, 29, 63, 65]
Min Correction Subset: [1, 11, 13]
Iter 18: 
Min Hitting Set: [0, 11, 12, 13, 19, 22, 24, 29, 63, 65]
Min Correction Subset: [7, 25]
Iter 19: 
Min Hitting Set: [0, 7, 12, 13, 19, 22, 25, 29, 63, 65]
Min Correction Subset: [11, 24]
Iter 20: 
Min Hitting Set: [0, 11, 12, 19, 22, 24, 25, 29, 63, 65]
Min Correction Subset: [3, 30, 64]
Iter 21: 
Min Hitting Set: [11, 12, 19, 22, 24, 25, 29, 30, 63, 65]
Min Correction Subset: [0, 13, 37]
Iter 22: 
Min Hitting Set: [12, 13, 19, 22, 24, 25, 29, 30, 63, 65]
Min Correction Subset: [1, 10, 11]
Iter 23: 
Min Hitting Set: [10, 12, 13, 19, 22, 24, 25, 30, 63, 65]
Min Correction Subset: [26, 29]
Iter 24: 
Min Hitting Set: [7, 11, 12, 13, 19, 22, 24, 29, 30, 63, 65]
Min Correction Subset: [16, 25]
Iter 25: 
Min Hitting Set: [11, 12, 13, 19, 22, 24, 25, 29, 30, 63, 65]
Min Correction Subset: [0, 3, 18]
Iter 26: 
Min Hitting Set: [0, 3, 11, 12, 19, 22, 24, 25, 29, 63, 65]
Min Correction Subset: [1, 13, 37]
Iter 27: 
Min Hitting Set: [0, 1, 3, 12, 19, 22, 24, 25, 29, 63, 65]
Min Correction Subset: [7, 9, 18]
Iter 28: 
Min Hitting Set: [3, 7, 11, 12, 13, 19, 22, 25, 29, 30, 63, 65]
Min Correction Subset: [0, 24]
Iter 29: 
Min Hitting Set: [0, 1, 3, 7, 12, 19, 22, 24, 25, 29, 63, 65]
Min Correction Subset: [13, 17, 37]
Iter 30: 
Min Hitting Set: [0, 3, 7, 11, 12, 13, 19, 22, 25, 29, 63, 65]
Min Correction Subset: [1, 24]
Iter 31: 
Min Hitting Set: [1, 12, 13, 18, 19, 22, 24, 25, 29, 30, 63, 65]
Min Correction Subset: [0, 11, 21]
Iter 32: 
Min Hitting Set: [11, 12, 13, 18, 19, 22, 24, 25, 29, 30, 63, 65]
Min Correction Subset: [0, 3, 9]
Iter 33: 
Min Hitting Set: [9, 11, 12, 13, 18, 19, 22, 24, 25, 29, 30, 63, 65]
Min Correction Subset: [0, 16, 35]
Iter 34: 
Min Hitting Set: [3, 7, 11, 12, 13, 16, 19, 22, 24, 29, 30, 63, 65]
Min Correction Subset: [9, 25]
Iter 35: 
Min Hitting Set: [0, 3, 11, 12, 13, 18, 19, 22, 24, 25, 29, 63, 65]
Min Correction Subset: [21, 30, 64]
Iter 36: 
Min Hitting Set: [0, 11, 12, 13, 18, 19, 22, 24, 25, 29, 30, 63, 65]
Min Correction Subset: [1, 3, 9]
Iter 37: 
Min Hitting Set: [0, 1, 12, 13, 18, 19, 22, 24, 25, 29, 30, 63, 65]
Min Correction Subset: [3, 11, 21]
Iter 38: 
Min Hitting Set: [0, 9, 11, 12, 13, 19, 22, 24, 25, 29, 30, 63, 65]
Min Correction Subset: [3, 18, 64]
Iter 39: 
Min Hitting Set: [0, 9, 11, 12, 13, 19, 22, 24, 25, 29, 63, 64, 65]
Min Correction Subset: [1, 7, 18]
Iter 40: 
Min Hitting Set: [0, 1, 7, 11, 12, 13, 19, 22, 25, 29, 63, 64, 65]
Min Correction Subset: [9, 24]
Iter 41: 
Min Hitting Set: [0, 3, 11, 12, 13, 18, 19, 22, 24, 25, 29, 63, 64, 65]
Min Correction Subset: [16, 30, 35]
Iter 42: 
Min Hitting Set: [9, 11, 12, 13, 16, 18, 19, 22, 24, 25, 29, 30, 63, 65]
Min Correction Subset: [0, 3, 38]
Iter 43: 
Min Hitting Set: [3, 11, 12, 13, 16, 18, 19, 22, 24, 25, 29, 30, 63, 65]
Min Correction Subset: [0, 17, 37]
Iter 44: 
Min Hitting Set: [3, 11, 12, 16, 18, 19, 22, 24, 25, 29, 30, 37, 63, 65]
Min Correction Subset: [0, 1, 13]
Iter 45: 
Min Hitting Set: [0, 3, 11, 12, 18, 19, 22, 24, 25, 29, 30, 37, 63, 65]
Min Correction Subset: [1, 13, 16]
Iter 46: 
Min Hitting Set: [0, 3, 11, 12, 13, 18, 19, 22, 24, 25, 29, 30, 63, 65]
Min Correction Subset: [1, 7, 16]
Iter 47: 
Min Hitting Set: [0, 1, 12, 18, 19, 21, 22, 24, 25, 29, 30, 37, 63, 65]
Min Correction Subset: [3, 9, 64]
Iter 48: 
Min Hitting Set: [0, 1, 3, 12, 18, 19, 22, 24, 25, 29, 30, 37, 63, 65]
Min Correction Subset: [9, 11, 21]
Iter 49: 
Min Hitting Set: [0, 3, 7, 11, 12, 13, 19, 22, 24, 25, 29, 30, 63, 65]
Min Correction Subset: [1, 9, 16]
Iter 50: 
Min Hitting Set: [0, 1, 3, 9, 12, 19, 22, 24, 25, 29, 30, 37, 63, 65]
Min Correction Subset: [7, 11, 18]
Iter 51: 
Min Hitting Set: [0, 7, 9, 11, 12, 13, 16, 19, 22, 24, 29, 63, 64, 65]
Min Correction Subset: [3, 25]
Iter 52: 
Min Hitting Set: [3, 11, 12, 13, 16, 18, 19, 22, 24, 25, 29, 30, 37, 63, 65]
Min Correction Subset: [0, 9, 14, 43]
Iter 53: 
Min Hitting Set: [0, 3, 11, 12, 16, 18, 19, 22, 24, 25, 29, 37, 63, 64, 65]
Min Correction Subset: [1, 9, 13]
Iter 54: 
Min Hitting Set: [0, 9, 11, 12, 16, 18, 19, 22, 24, 25, 29, 37, 63, 64, 65]
Min Correction Subset: [3, 30, 35]
Iter 55: 
Min Hitting Set: [3, 7, 9, 11, 12, 13, 16, 19, 22, 24, 29, 30, 37, 63, 65]
Min Correction Subset: [25, 55]
Iter 56: 
Min Hitting Set: [0, 9, 11, 12, 16, 18, 19, 22, 24, 25, 29, 30, 37, 63, 65]
Min Correction Subset: [1, 3, 13]
Iter 57: 
Min Hitting Set: [0, 1, 3, 7, 9, 12, 13, 19, 22, 24, 25, 29, 30, 63, 65]
Min Correction Subset: [11, 21, 39, 64]
Iter 58: 
Min Hitting Set: [0, 3, 11, 12, 13, 16, 18, 19, 22, 24, 25, 29, 30, 63, 65]
Min Correction Subset: [9, 17, 37]
Iter 59: 
Min Hitting Set: [3, 11, 12, 13, 16, 18, 22, 24, 25, 29, 30, 37, 43, 63, 65]
Min Correction Subset: [19, 33]
Iter 60: 
Min Hitting Set: [0, 1, 12, 18, 19, 21, 22, 24, 25, 29, 30, 37, 63, 64, 65]
Min Correction Subset: [3, 9, 16]
Iter 61: 
Min Hitting Set: [0, 1, 3, 9, 11, 12, 19, 22, 24, 25, 29, 30, 37, 63, 65]
Min Correction Subset: [7, 18, 64]
Iter 62: 
Min Hitting Set: [0, 1, 3, 11, 12, 18, 19, 22, 24, 25, 29, 30, 37, 63, 65]
Min Correction Subset: [9, 16, 21]
Iter 63: 
Min Hitting Set: [0, 1, 3, 7, 12, 19, 21, 22, 24, 25, 29, 30, 37, 63, 65]
Min Correction Subset: [9, 11, 26, 35]
Iter 64: 
Min Hitting Set: [0, 1, 9, 11, 12, 19, 22, 24, 25, 29, 30, 37, 63, 64, 65]
Min Correction Subset: [7, 16, 18]
Iter 65: 
Min Hitting Set: [0, 1, 9, 11, 12, 18, 19, 22, 24, 25, 29, 30, 37, 63, 65]
Min Correction Subset: [3, 13, 21]
Iter 66: 
Min Hitting Set: [0, 1, 7, 9, 11, 12, 13, 19, 22, 25, 29, 35, 63, 64, 65]
Min Correction Subset: [3, 24]
Iter 67: 
Min Hitting Set: [0, 1, 3, 7, 9, 11, 12, 13, 19, 22, 25, 29, 30, 63, 65]
Min Correction Subset: [21, 24]
Iter 68: 
Min Hitting Set: [0, 7, 9, 11, 12, 13, 18, 19, 22, 24, 25, 29, 30, 63, 65]
Min Correction Subset: [1, 3, 16]
Iter 69: 
Min Hitting Set: [0, 9, 11, 12, 13, 16, 18, 19, 22, 24, 25, 29, 30, 63, 65]
Min Correction Subset: [3, 17, 37]
Iter 70: 
Min Hitting Set: [0, 3, 7, 9, 11, 12, 13, 19, 22, 24, 25, 29, 30, 63, 65]
Min Correction Subset: [1, 17, 37, 64]
Iter 71: 
Min Hitting Set: [0, 1, 3, 7, 12, 19, 21, 22, 24, 25, 29, 35, 37, 63, 65]
Min Correction Subset: [9, 30, 64]
Iter 72: 
Min Hitting Set: [0, 1, 9, 12, 18, 19, 21, 22, 24, 25, 29, 30, 37, 63, 65]
Min Correction Subset: [3, 13, 35]
Iter 73: 
Min Hitting Set: [3, 9, 11, 12, 13, 16, 18, 19, 22, 24, 25, 29, 30, 37, 63, 65]
Min Correction Subset: [0, 1, 17, 64]
Iter 74: 
Min Hitting Set: [3, 9, 11, 12, 13, 16, 17, 18, 19, 22, 24, 25, 29, 30, 63, 65]
Min Correction Subset: [0, 7, 21, 52, 54]
Iter 75: 
Min Hitting Set: [3, 7, 9, 11, 12, 13, 16, 17, 19, 22, 24, 25, 29, 30, 63, 65]
Min Correction Subset: [0, 18, 21]
Iter 76: 
Min Hitting Set: [0, 3, 7, 9, 11, 12, 13, 17, 19, 22, 24, 25, 29, 30, 63, 65]
Min Correction Subset: [1, 16, 18, 64]
Iter 77: 
Min Hitting Set: [0, 1, 3, 7, 11, 12, 16, 19, 22, 24, 25, 29, 37, 63, 64, 65]
Min Correction Subset: [9, 21, 30]
Iter 78: 
Min Hitting Set: [0, 1, 12, 16, 18, 19, 21, 22, 24, 25, 29, 35, 37, 63, 64, 65]
Min Correction Subset: [3, 9, 30]
Iter 79: 
Min Hitting Set: [0, 1, 3, 7, 9, 11, 12, 13, 19, 22, 24, 25, 29, 30, 63, 65]
Min Correction Subset: [17, 18, 37, 64]
Iter 80: 
Min Hitting Set: [0, 1, 3, 7, 9, 11, 12, 19, 22, 24, 25, 29, 30, 37, 63, 65]
Min Correction Subset: [17, 18, 35, 64]
Iter 81: 
Min Hitting Set: [0, 1, 3, 9, 11, 12, 13, 18, 19, 22, 24, 25, 29, 30, 63, 65]
Min Correction Subset: [7, 17, 37, 64]
Iter 82: 
Min Hitting Set: [0, 1, 3, 9, 11, 12, 18, 19, 22, 24, 25, 29, 30, 37, 63, 65]
Min Correction Subset: [7, 16, 21, 64]
Iter 83: 
Min Hitting Set: [0, 1, 3, 9, 12, 18, 19, 21, 22, 24, 25, 29, 30, 37, 63, 65]
Min Correction Subset: [7, 11, 26, 35]
Iter 84: 
Min Hitting Set: [0, 1, 3, 11, 12, 17, 18, 19, 21, 22, 24, 25, 29, 30, 63, 65]
Min Correction Subset: [9, 13, 37]
Iter 85: 
Min Hitting Set: [0, 3, 7, 9, 11, 12, 13, 19, 22, 24, 25, 29, 30, 63, 64, 65]
Min Correction Subset: [1, 16, 17, 37]
Iter 86: 
Min Hitting Set: [0, 1, 3, 10, 12, 18, 19, 21, 22, 24, 25, 26, 30, 37, 63, 65]
Min Correction Subset: [13, 29]
Iter 87: 
Min Hitting Set: [0, 1, 3, 7, 9, 12, 19, 22, 24, 25, 29, 35, 37, 63, 64, 65]
Min Correction Subset: [11, 21, 33, 39]
Iter 88: 
Min Hitting Set: [0, 9, 11, 12, 13, 16, 18, 19, 22, 24, 25, 29, 30, 37, 63, 65]
Min Correction Subset: [3, 7, 21, 38]
Iter 89: 
Min Hitting Set: [0, 1, 7, 9, 12, 19, 21, 22, 24, 25, 29, 35, 37, 63, 64, 65]
Min Correction Subset: [3, 11, 13, 33, 39]
Iter 90: 
Min Hitting Set: [0, 3, 7, 9, 11, 12, 16, 19, 22, 24, 25, 29, 37, 63, 64, 65]
Min Correction Subset: [1, 13, 30]
Iter 91: 
Min Hitting Set: [0, 3, 7, 9, 11, 12, 13, 16, 19, 22, 24, 25, 29, 63, 64, 65]
Min Correction Subset: [17, 30, 35, 37]
Iter 92: 
Min Hitting Set: [0, 1, 3, 7, 12, 19, 21, 22, 24, 25, 29, 30, 35, 37, 63, 65]
Min Correction Subset: [9, 11, 13, 64]
Iter 93: 
Min Hitting Set: [0, 1, 3, 9, 11, 12, 16, 19, 22, 24, 25, 29, 37, 63, 64, 65]
Min Correction Subset: [7, 18, 30]
Iter 94: 
Min Hitting Set: [0, 1, 3, 11, 12, 16, 18, 19, 22, 24, 25, 29, 30, 37, 63, 65]
Min Correction Subset: [9, 17, 21, 64]
Iter 95: 
Min Hitting Set: [0, 1, 3, 7, 9, 11, 12, 17, 19, 22, 24, 25, 29, 30, 63, 65]
Min Correction Subset: [13, 35, 37]
Iter 96: 
Min Hitting Set: [0, 1, 3, 11, 12, 18, 19, 21, 22, 24, 25, 29, 30, 37, 63, 65]
Min Correction Subset: [9, 16, 35, 64]
Iter 97: 
Min Hitting Set: [0, 1, 3, 7, 9, 11, 12, 19, 21, 22, 25, 29, 35, 37, 63, 65]
Min Correction Subset: [24, 30]
Iter 98: 
Min Hitting Set: [0, 3, 9, 11, 12, 16, 18, 19, 22, 24, 25, 29, 30, 37, 63, 65]
Min Correction Subset: [1, 7, 13]
Iter 99: 
Min Hitting Set: [1, 3, 9, 12, 18, 19, 21, 22, 24, 25, 29, 30, 35, 37, 63, 65]
Min Correction Subset: [0, 11, 13]
Iter 100: 
Min Hitting Set: [0, 3, 11, 12, 13, 16, 17, 18, 19, 22, 24, 25, 29, 30, 63, 65]
Min Correction Subset: [7, 9, 14, 43, 64]
Iter 101: 
Min Hitting Set: [0, 1, 3, 7, 9, 12, 19, 21, 22, 24, 25, 29, 35, 37, 63, 65]
Min Correction Subset: [11, 30, 39, 64]
Iter 102: 
Min Hitting Set: [0, 1, 3, 7, 12, 19, 21, 22, 24, 25, 29, 35, 37, 63, 64, 65]
Min Correction Subset: [9, 11, 14, 39, 43]
Iter 103: 
Min Hitting Set: [0, 3, 7, 11, 12, 13, 16, 17, 19, 22, 24, 25, 29, 30, 63, 65]
Min Correction Subset: [9, 18, 21, 64]
Iter 104: 
Min Hitting Set: [0, 7, 9, 11, 12, 13, 16, 19, 22, 24, 25, 29, 35, 37, 63, 64, 65]
Min Correction Subset: [1, 3, 30]
Iter 105: 
Min Hitting Set: [0, 1, 7, 9, 11, 12, 13, 19, 22, 24, 25, 29, 35, 37, 63, 64, 65]
Min Correction Subset: [3, 16, 21]
Iter 106: 
Min Hitting Set: [0, 1, 9, 11, 12, 18, 19, 21, 22, 24, 25, 29, 35, 37, 63, 64, 65]
Min Correction Subset: [3, 7, 16, 33, 38]
Optimal IIS
Instance: paths-32-100-900000
----------------------------
Query: 9
Query element:2
Query element:28
Query scope: 23
Query scope: 36
Query scope: 53
Query scope: 54
Query scope: 55
Query scope: 56
Query scope: 58
Query scope: 66
Query scope: 67
Query scope: 69
Query scope: 91
Query scope: 93
Query scope: 95
Query scope: 100
Query scope: 101
Query scope: 102
Query scope: 29
----------------------------
IIS optimality: suboptimal
IIS solution time: 6999.133
IIS Constraint: 0; goods; {good:0}
IIS Constraint: 1; goods; {good:1}
IIS Constraint: 7; goods; {good:7}
IIS Constraint: 9; goods; {good:9}
IIS Constraint: 11; goods; {good:11}
IIS Constraint: 12; goods; {good:12}
IIS Constraint: 19; goods; {good:19}
IIS Constraint: 21; goods; {good:21}
IIS Constraint: 22; goods; {good:22}
IIS Constraint: 24; goods; {good:24}
IIS Constraint: 25; goods; {good:25}
IIS Constraint: 29; goods; {good:29}
IIS Constraint: 35; goods; {good:35}
IIS Constraint: 37; goods; {good:37}
IIS Constraint: 63; query; {good:2,query:9}
IIS Constraint: 64; query; {good:28,query:9}
IIS Constraint: 65; max; {f:12.132399000000001,objective:max}
