------------------------------------------
---------------- Solution ----------------
------------------------------------------
0. Bid: 0 Goods: [11, 24]
1. Bid: 4 Goods: [1, 4, 8, 25]
2. Bid: 8 Goods: [20, 26]
3. Bid: 11 Goods: [17]
4. Bid: 12 Goods: [19, 27]
5. Bid: 17 Goods: [22, 23, 28]
6. Bid: 25 Goods: [2, 7]
7. Bid: 26 Goods: [0]
8. Bid: 28 Goods: [6, 12, 30]
9. Bid: 33 Goods: [10]
10. Bid: 34 Goods: [18, 31]
11. Bid: 42 Goods: [21]
12. Bid: 43 Goods: [16, 33]
13. Bid: 47 Goods: [15]
14. Bid: 48 Goods: [5]
Objective value: 8.690057
Solving time: 0.00445
