------------------------------------------
---------------- Solution ----------------
------------------------------------------
0. Bid: 0 Goods: [4]
1. Bid: 9 Goods: [5]
2. Bid: 10 Goods: [22, 26]
3. Bid: 13 Goods: [8, 18, 27]
4. Bid: 18 Goods: [3, 15, 29]
5. Bid: 19 Goods: [21, 30]
6. Bid: 24 Goods: [1, 31]
7. Bid: 27 Goods: [2, 13, 32]
8. Bid: 32 Goods: [10, 33]
9. Bid: 35 Goods: [9, 17, 34]
10. Bid: 37 Goods: [14]
11. Bid: 38 Goods: [19, 35]
12. Bid: 40 Goods: [0]
13. Bid: 41 Goods: [11, 23, 36]
14. Bid: 43 Goods: [12]
15. Bid: 50 Goods: [6, 20, 38]
Objective value: 11.355055
Solving time: 0.00426
