IIS generation
Iter 1: 
Min Hitting Set: []
Min Correction Subset: [137]
Iter 2: 
Min Hitting Set: [137]
Min Correction Subset: [54]
Iter 3: 
Min Hitting Set: [54, 137]
Min Correction Subset: [7]
Iter 4: 
Min Hitting Set: [7, 54, 137]
Min Correction Subset: [85]
Iter 5: 
Min Hitting Set: [7, 54, 85, 137]
Min Correction Subset: [3]
Iter 6: 
Min Hitting Set: [3, 7, 54, 85, 137]
Min Correction Subset: [46]
Iter 7: 
Min Hitting Set: [3, 7, 46, 54, 85, 137]
Min Correction Subset: [78]
Iter 8: 
Min Hitting Set: [3, 7, 46, 54, 78, 85, 137]
Min Correction Subset: [95]
Iter 9: 
Min Hitting Set: [3, 7, 46, 54, 78, 85, 95, 137]
Min Correction Subset: [81]
Iter 10: 
Min Hitting Set: [3, 7, 46, 54, 78, 81, 85, 95, 137]
Min Correction Subset: [63]
Iter 11: 
Min Hitting Set: [3, 7, 46, 54, 63, 78, 81, 85, 95, 137]
Min Correction Subset: [20]
Iter 12: 
Min Hitting Set: [3, 7, 20, 46, 54, 63, 78, 81, 85, 95, 137]
Min Correction Subset: [84]
Iter 13: 
Min Hitting Set: [3, 7, 20, 46, 54, 63, 78, 81, 84, 85, 95, 137]
Min Correction Subset: [41]
Iter 14: 
Min Hitting Set: [3, 7, 20, 41, 46, 54, 63, 78, 81, 84, 85, 95, 137]
Min Correction Subset: [22]
Iter 15: 
Min Hitting Set: [3, 7, 20, 22, 41, 46, 54, 63, 78, 81, 84, 85, 95, 137]
Min Correction Subset: [136]
Iter 16: 
Min Hitting Set: [3, 7, 20, 22, 41, 46, 54, 63, 78, 81, 84, 85, 95, 136, 137]
Min Correction Subset: [98]
Iter 17: 
Min Hitting Set: [3, 7, 20, 22, 41, 46, 54, 63, 78, 81, 84, 85, 95, 98, 136, 137]
Min Correction Subset: [76]
Iter 18: 
Min Hitting Set: [3, 7, 20, 22, 41, 46, 54, 63, 76, 78, 81, 84, 85, 95, 98, 136, 137]
Min Correction Subset: [52]
Iter 19: 
Min Hitting Set: [3, 7, 20, 22, 41, 46, 52, 54, 63, 76, 78, 81, 84, 85, 95, 98, 136, 137]
Min Correction Subset: [86, 87]
Iter 20: 
Min Hitting Set: [3, 7, 20, 22, 41, 46, 52, 54, 63, 76, 78, 81, 84, 85, 86, 95, 98, 136, 137]
Min Correction Subset: [15, 16]
Iter 21: 
Min Hitting Set: [3, 7, 15, 20, 22, 41, 46, 52, 54, 63, 76, 78, 81, 84, 85, 86, 95, 98, 136, 137]
Min Correction Subset: [96, 97]
Iter 22: 
Min Hitting Set: [3, 7, 15, 20, 22, 41, 46, 52, 54, 63, 76, 78, 81, 84, 85, 86, 95, 96, 98, 136, 137]
Min Correction Subset: [24, 25]
Iter 23: 
Min Hitting Set: [3, 7, 15, 20, 22, 24, 41, 46, 52, 54, 63, 76, 78, 81, 84, 85, 86, 95, 96, 98, 136, 137]
Min Correction Subset: [9, 18]
Iter 24: 
Min Hitting Set: [3, 7, 9, 15, 20, 22, 24, 41, 46, 52, 54, 63, 76, 78, 81, 84, 85, 86, 95, 96, 98, 136, 137]
Min Correction Subset: [88, 89]
Iter 25: 
Min Hitting Set: [3, 7, 9, 15, 20, 22, 24, 41, 46, 52, 54, 63, 76, 78, 81, 84, 85, 86, 88, 95, 96, 98, 136, 137]
Min Correction Subset: [87, 94]
Iter 26: 
Min Hitting Set: [3, 7, 9, 15, 20, 22, 24, 41, 46, 52, 54, 63, 76, 78, 81, 84, 85, 87, 88, 95, 96, 98, 136, 137]
Min Correction Subset: [42, 49]
Iter 27: 
Min Hitting Set: [3, 7, 9, 15, 20, 22, 24, 41, 42, 46, 52, 54, 63, 76, 78, 81, 84, 85, 87, 88, 95, 96, 98, 136, 137]
Min Correction Subset: [61, 62]
Iter 28: 
Min Hitting Set: [3, 7, 9, 15, 20, 22, 24, 41, 42, 46, 52, 54, 61, 63, 76, 78, 81, 84, 85, 87, 88, 95, 96, 98, 136, 137]
Min Correction Subset: [5, 33]
Iter 29: 
Min Hitting Set: [3, 5, 7, 9, 15, 20, 22, 24, 41, 42, 46, 52, 54, 61, 63, 76, 78, 81, 84, 85, 87, 88, 95, 96, 98, 136, 137]
Min Correction Subset: [40, 50]
Iter 30: 
Min Hitting Set: [3, 5, 7, 9, 15, 20, 22, 24, 40, 41, 42, 46, 52, 54, 61, 63, 76, 78, 81, 84, 85, 87, 88, 95, 96, 98, 136, 137]
Min Correction Subset: [89, 97]
Iter 31: 
Min Hitting Set: [3, 5, 7, 9, 15, 20, 22, 24, 40, 41, 42, 46, 52, 54, 61, 63, 76, 78, 81, 84, 85, 87, 89, 95, 97, 98, 136, 137]
Min Correction Subset: [86, 96]
Iter 32: 
Min Hitting Set: [3, 5, 7, 9, 15, 20, 22, 24, 40, 41, 42, 46, 52, 54, 61, 63, 76, 78, 81, 84, 85, 87, 89, 95, 96, 98, 136, 137]
Min Correction Subset: [13, 115]
Iter 33: 
Min Hitting Set: [3, 5, 7, 9, 13, 15, 20, 22, 24, 40, 41, 42, 46, 52, 54, 61, 63, 76, 78, 81, 84, 85, 87, 89, 95, 96, 98, 136, 137]
Min Correction Subset: [23, 29]
Iter 34: 
Min Hitting Set: [3, 5, 7, 9, 13, 15, 20, 22, 23, 24, 40, 41, 42, 46, 52, 54, 61, 63, 76, 78, 81, 84, 85, 87, 89, 95, 96, 98, 136, 137]
Min Correction Subset: [4, 91]
Iter 35: 
Min Hitting Set: [3, 4, 5, 7, 9, 13, 15, 20, 22, 23, 24, 40, 41, 42, 46, 52, 54, 61, 63, 76, 78, 81, 84, 85, 87, 89, 95, 96, 98, 136, 137]
Min Correction Subset: [71, 72]
Iter 36: 
Min Hitting Set: [3, 4, 5, 7, 9, 13, 15, 20, 22, 23, 24, 40, 41, 42, 46, 52, 54, 61, 63, 71, 76, 78, 81, 84, 85, 87, 89, 95, 96, 98, 136, 137]
Min Correction Subset: [25, 36]
Iter 37: 
Min Hitting Set: [3, 4, 5, 7, 9, 13, 15, 20, 22, 23, 25, 40, 41, 42, 46, 52, 54, 61, 63, 71, 76, 78, 81, 84, 85, 87, 89, 95, 96, 98, 136, 137]
Min Correction Subset: [62, 91]
Iter 38: 
Min Hitting Set: [3, 5, 7, 9, 13, 15, 20, 22, 23, 25, 40, 41, 42, 46, 52, 54, 62, 63, 71, 76, 78, 81, 84, 85, 87, 89, 91, 95, 96, 98, 136, 137]
Min Correction Subset: [93, 94]
Iter 39: 
Min Hitting Set: [3, 5, 7, 9, 13, 15, 20, 22, 23, 25, 40, 41, 42, 46, 52, 54, 62, 63, 71, 76, 78, 81, 84, 85, 86, 89, 91, 94, 95, 96, 98, 136, 137]
Min Correction Subset: [87, 88]
Instance: regions-100-200-920000
----------------------------
Query: 10
Query element:52
Query element:53
Query scope: 7
Query scope: 8
Query scope: 9
Query scope: 10
Query scope: 11
Query scope: 18
Query scope: 37
Query scope: 53
Query scope: 57
Query scope: 61
Query scope: 62
Query scope: 64
Query scope: 65
Query scope: 66
Query scope: 98
Query scope: 99
Query scope: 100
Query scope: 101
Query scope: 112
Query scope: 147
Query scope: 148
Query scope: 150
Query scope: 168
Query scope: 170
Query scope: 171
Query scope: 186
Query scope: 187
Query scope: 189
Query scope: 190
----------------------------
IIS optimality: suboptimal
IIS solution time: 36052.995
IIS Constraint: 3; goods; {good:3}
IIS Constraint: 5; goods; {good:5}
IIS Constraint: 7; goods; {good:7}
IIS Constraint: 9; goods; {good:9}
IIS Constraint: 13; goods; {good:13}
IIS Constraint: 15; goods; {good:15}
IIS Constraint: 20; goods; {good:20}
IIS Constraint: 22; goods; {good:22}
IIS Constraint: 23; goods; {good:23}
IIS Constraint: 25; goods; {good:25}
IIS Constraint: 40; goods; {good:40}
IIS Constraint: 41; goods; {good:41}
IIS Constraint: 42; goods; {good:42}
IIS Constraint: 46; goods; {good:46}
IIS Constraint: 52; goods; {good:52}
IIS Constraint: 54; goods; {good:54}
IIS Constraint: 62; goods; {good:62}
IIS Constraint: 63; goods; {good:63}
IIS Constraint: 71; goods; {good:71}
IIS Constraint: 76; goods; {good:76}
IIS Constraint: 78; goods; {good:78}
IIS Constraint: 81; goods; {good:81}
IIS Constraint: 84; goods; {good:84}
IIS Constraint: 85; goods; {good:85}
IIS Constraint: 86; goods; {good:86}
IIS Constraint: 89; goods; {good:89}
IIS Constraint: 91; goods; {good:91}
IIS Constraint: 94; goods; {good:94}
IIS Constraint: 95; goods; {good:95}
IIS Constraint: 96; goods; {good:96}
IIS Constraint: 98; goods; {good:98}
IIS Constraint: 136; query; {goods:[52,53],query:10}
IIS Constraint: 137; max; {f:5757.554699999997,objective:max}
