IIS generation
Iter 1: 
Min Hitting Set: []
Min Correction Subset: [139]
Iter 2: 
Min Hitting Set: [139]
Min Correction Subset: [138]
Iter 3: 
Min Hitting Set: [138, 139]
Min Correction Subset: [15, 75]
Iter 4: 
Min Hitting Set: [15, 138, 139]
Min Correction Subset: [72, 82]
Iter 5: 
Min Hitting Set: [15, 72, 138, 139]
Min Correction Subset: [57, 58, 69]
Iter 6: 
Min Hitting Set: [15, 57, 72, 138, 139]
Min Correction Subset: [75, 82, 84]
Iter 7: 
Min Hitting Set: [57, 75, 82, 138, 139]
Min Correction Subset: [72, 73, 84]
Iter 8: 
Min Hitting Set: [57, 72, 75, 138, 139]
Min Correction Subset: [36, 37, 61, 82]
Iter 9: 
Min Hitting Set: [15, 57, 72, 82, 138, 139]
Min Correction Subset: [64, 75, 84]
Iter 10: 
Min Hitting Set: [57, 75, 82, 84, 138, 139]
Min Correction Subset: [55, 72, 73]
Iter 11: 
Min Hitting Set: [57, 72, 75, 82, 138, 139]
Min Correction Subset: [45, 55, 58, 69]
Iter 12: 
Min Hitting Set: [69, 72, 75, 82, 138, 139]
Min Correction Subset: [61, 77, 86, 87]
Iter 13: 
Min Hitting Set: [58, 61, 72, 75, 138, 139]
Min Correction Subset: [82, 84, 93, 94]
Iter 14: 
Min Hitting Set: [58, 61, 72, 75, 82, 138, 139]
Min Correction Subset: [15, 18, 36, 42, 46]
Iter 15: 
Min Hitting Set: [15, 58, 61, 72, 84, 138, 139]
Min Correction Subset: [45, 75, 82]
Iter 16: 
Min Hitting Set: [15, 58, 61, 72, 75, 82, 138, 139]
Min Correction Subset: [1, 10, 33, 45, 55]
Iter 17: 
Min Hitting Set: [15, 55, 61, 69, 82, 84, 138, 139]
Min Correction Subset: [45, 62, 75]
Iter 18: 
Min Hitting Set: [15, 45, 61, 69, 72, 84, 138, 139]
Min Correction Subset: [62, 75, 82]
Iter 19: 
Min Hitting Set: [15, 45, 58, 61, 72, 82, 84, 138, 139]
Min Correction Subset: [62, 75, 77]
Iter 20: 
Min Hitting Set: [15, 55, 69, 75, 77, 82, 84, 138, 139]
Min Correction Subset: [72, 73, 78]
Iter 21: 
Min Hitting Set: [36, 45, 69, 72, 75, 77, 82, 138, 139]
Min Correction Subset: [1, 10, 21, 31, 33]
Iter 22: 
Min Hitting Set: [10, 36, 58, 72, 75, 77, 82, 138, 139]
Min Correction Subset: [15, 33, 42, 45, 55]
Iter 23: 
Min Hitting Set: [33, 36, 58, 72, 75, 77, 82, 138, 139]
Min Correction Subset: [34, 35, 45, 55, 56]
Iter 24: 
Min Hitting Set: [33, 36, 45, 58, 72, 75, 77, 82, 138, 139]
Min Correction Subset: [28, 37, 38, 56, 94]
Iter 25: 
Min Hitting Set: [15, 33, 56, 58, 72, 75, 77, 82, 138, 139]
Min Correction Subset: [35, 36, 37, 45, 46]
Iter 26: 
Min Hitting Set: [33, 36, 56, 58, 72, 75, 77, 94, 138, 139]
Min Correction Subset: [15, 61, 82, 84]
Iter 27: 
Min Hitting Set: [33, 36, 56, 69, 72, 75, 77, 84, 138, 139]
Min Correction Subset: [61, 82, 86, 87]
Iter 28: 
Min Hitting Set: [33, 36, 56, 58, 72, 75, 77, 82, 138, 139]
Min Correction Subset: [45, 55, 84, 86, 87]
Iter 29: 
Min Hitting Set: [33, 36, 56, 69, 72, 75, 84, 86, 138, 139]
Min Correction Subset: [45, 46, 61, 82]
Iter 30: 
Min Hitting Set: [33, 36, 56, 69, 72, 75, 82, 87, 138, 139]
Min Correction Subset: [9, 18, 28, 38, 45]
Iter 31: 
Min Hitting Set: [33, 36, 45, 61, 69, 72, 75, 94, 138, 139]
Min Correction Subset: [77, 82, 86, 87]
Iter 32: 
Min Hitting Set: [33, 36, 45, 69, 72, 75, 84, 86, 94, 138, 139]
Min Correction Subset: [28, 61, 77, 82]
Iter 33: 
Min Hitting Set: [33, 36, 45, 58, 72, 75, 82, 86, 94, 138, 139]
Min Correction Subset: [28, 37, 38, 56, 77]
Iter 34: 
Min Hitting Set: [33, 36, 45, 61, 69, 72, 75, 77, 94, 138, 139]
Min Correction Subset: [58, 71, 81, 82]
Iter 35: 
Min Hitting Set: [33, 36, 45, 58, 61, 72, 75, 77, 94, 138, 139]
Min Correction Subset: [7, 18, 82, 84, 137]
Iter 36: 
Min Hitting Set: [18, 33, 45, 56, 58, 72, 75, 82, 86, 138, 139]
Min Correction Subset: [15, 36, 37, 61, 84]
Iter 37: 
Min Hitting Set: [33, 36, 45, 56, 58, 72, 75, 82, 87, 138, 139]
Min Correction Subset: [15, 28, 61, 77, 84]
Iter 38: 
Min Hitting Set: [15, 33, 45, 56, 58, 72, 75, 82, 86, 138, 139]
Min Correction Subset: [18, 36, 42, 46, 77]
Iter 39: 
Min Hitting Set: [28, 33, 36, 56, 58, 72, 75, 82, 86, 138, 139]
Min Correction Subset: [15, 45, 46, 61, 77]
Iter 40: 
Min Hitting Set: [18, 33, 45, 56, 58, 61, 72, 75, 82, 138, 139]
Min Correction Subset: [15, 77, 84, 86, 87]
Iter 41: 
Min Hitting Set: [18, 33, 37, 45, 58, 72, 75, 77, 82, 138, 139]
Min Correction Subset: [15, 61, 84, 86, 87]
Iter 42: 
Min Hitting Set: [15, 33, 45, 56, 58, 72, 77, 82, 84, 138, 139]
Min Correction Subset: [54, 71, 75]
Iter 43: 
Min Hitting Set: [18, 33, 45, 58, 61, 72, 75, 77, 94, 138, 139]
Min Correction Subset: [37, 38, 56, 82, 84]
Iter 44: 
Min Hitting Set: [15, 33, 45, 58, 72, 75, 77, 82, 94, 138, 139]
Min Correction Subset: [18, 36, 37, 61, 137]
Iter 45: 
Min Hitting Set: [15, 33, 37, 45, 58, 72, 75, 77, 82, 138, 139]
Min Correction Subset: [18, 36, 42, 46, 84]
Iter 46: 
Min Hitting Set: [28, 33, 36, 45, 58, 72, 75, 82, 86, 138, 139]
Min Correction Subset: [37, 38, 56, 89, 94]
Iter 47: 
Min Hitting Set: [33, 36, 45, 58, 72, 75, 77, 84, 86, 94, 138, 139]
Min Correction Subset: [7, 15, 18, 82, 137]
Iter 48: 
Min Hitting Set: [33, 36, 45, 58, 72, 75, 77, 82, 86, 94, 138, 139]
Min Correction Subset: [28, 37, 38, 56, 84]
Iter 49: 
Min Hitting Set: [33, 36, 45, 58, 72, 75, 77, 82, 84, 94, 138, 139]
Min Correction Subset: [15, 28, 37, 38, 56]
Iter 50: 
Min Hitting Set: [33, 36, 45, 56, 58, 72, 75, 82, 84, 86, 138, 139]
Min Correction Subset: [0, 1, 2, 10, 11, 21]
Iter 51: 
Min Hitting Set: [10, 42, 45, 56, 58, 61, 72, 75, 82, 86, 138, 139]
Min Correction Subset: [26, 27, 28, 36, 37, 47, 103]
Instance: regions-100-200-850000
----------------------------
Query: 2
Query element:177
Query scope: 177
----------------------------
IIS optimality: suboptimal
IIS solution time: 36107.339
IIS Constraint: 10; goods; {good:10}
IIS Constraint: 42; goods; {good:42}
IIS Constraint: 45; goods; {good:45}
IIS Constraint: 56; goods; {good:56}
IIS Constraint: 58; goods; {good:58}
IIS Constraint: 61; goods; {good:61}
IIS Constraint: 72; goods; {good:72}
IIS Constraint: 75; goods; {good:75}
IIS Constraint: 82; goods; {good:82}
IIS Constraint: 86; goods; {good:86}
IIS Constraint: 138; query; {bid:177,query:2}
IIS Constraint: 139; max; {f:5647.3831,objective:max}
