IIS generation
Iter 1: 
Min Hitting Set: []
Min Correction Subset: [122]
Iter 2: 
Min Hitting Set: [122]
Min Correction Subset: [100]
Iter 3: 
Min Hitting Set: [100, 122]
Min Correction Subset: [102]
Iter 4: 
Min Hitting Set: [100, 102, 122]
Min Correction Subset: [109]
Iter 5: 
Min Hitting Set: [100, 102, 109, 122]
Min Correction Subset: [107]
Iter 6: 
Min Hitting Set: [100, 102, 107, 109, 122]
Min Correction Subset: [112]
Iter 7: 
Min Hitting Set: [100, 102, 107, 109, 112, 122]
Min Correction Subset: [101]
Iter 8: 
Min Hitting Set: [100, 101, 102, 107, 109, 112, 122]
Min Correction Subset: [117]
Iter 9: 
Min Hitting Set: [100, 101, 102, 107, 109, 112, 117, 122]
Min Correction Subset: [106]
Iter 10: 
Min Hitting Set: [100, 101, 102, 106, 107, 109, 112, 117, 122]
Min Correction Subset: [108]
Iter 11: 
Min Hitting Set: [100, 101, 102, 106, 107, 108, 109, 112, 117, 122]
Min Correction Subset: [113]
Iter 12: 
Min Hitting Set: [100, 101, 102, 106, 107, 108, 109, 112, 113, 117, 122]
Min Correction Subset: [119]
Iter 13: 
Min Hitting Set: [100, 101, 102, 106, 107, 108, 109, 112, 113, 117, 119, 122]
Min Correction Subset: [118]
Iter 14: 
Min Hitting Set: [100, 101, 102, 106, 107, 108, 109, 112, 113, 117, 118, 119, 122]
Min Correction Subset: [111]
Iter 15: 
Min Hitting Set: [100, 101, 102, 106, 107, 108, 109, 111, 112, 113, 117, 118, 119, 122]
Min Correction Subset: [115]
Iter 16: 
Min Hitting Set: [100, 101, 102, 106, 107, 108, 109, 111, 112, 113, 115, 117, 118, 119, 122]
Min Correction Subset: [103]
Iter 17: 
Min Hitting Set: [100, 101, 102, 103, 106, 107, 108, 109, 111, 112, 113, 115, 117, 118, 119, 122]
Min Correction Subset: [121]
Iter 18: 
Min Hitting Set: [100, 101, 102, 103, 106, 107, 108, 109, 111, 112, 113, 115, 117, 118, 119, 121, 122]
Min Correction Subset: [81, 104]
Iter 19: 
Min Hitting Set: [81, 100, 101, 102, 103, 106, 107, 108, 109, 111, 112, 113, 115, 117, 118, 119, 121, 122]
Min Correction Subset: [85, 114]
Iter 20: 
Min Hitting Set: [81, 85, 100, 101, 102, 103, 106, 107, 108, 109, 111, 112, 113, 115, 117, 118, 119, 121, 122]
Min Correction Subset: [26, 104]
Iter 21: 
Min Hitting Set: [85, 100, 101, 102, 103, 104, 106, 107, 108, 109, 111, 112, 113, 115, 117, 118, 119, 121, 122]
Min Correction Subset: [89, 114]
Iter 22: 
Min Hitting Set: [100, 101, 102, 103, 104, 106, 107, 108, 109, 111, 112, 113, 114, 115, 117, 118, 119, 121, 122]
Min Correction Subset: [81, 116]
Iter 23: 
Min Hitting Set: [81, 100, 101, 102, 103, 104, 106, 107, 108, 109, 111, 112, 113, 114, 115, 117, 118, 119, 121, 122]
Min Correction Subset: [89, 105]
Iter 24: 
Min Hitting Set: [81, 89, 100, 101, 102, 103, 104, 106, 107, 108, 109, 111, 112, 113, 114, 115, 117, 118, 119, 121, 122]
Min Correction Subset: [85, 116]
Iter 25: 
Min Hitting Set: [85, 89, 100, 101, 102, 103, 104, 106, 107, 108, 109, 111, 112, 113, 115, 116, 117, 118, 119, 121, 122]
Min Correction Subset: [81, 114]
Iter 26: 
Min Hitting Set: [81, 85, 89, 100, 101, 102, 103, 104, 106, 107, 108, 109, 111, 112, 113, 115, 117, 118, 119, 121, 122]
Min Correction Subset: [93, 114]
Iter 27: 
Min Hitting Set: [89, 100, 101, 102, 103, 104, 106, 107, 108, 109, 111, 112, 113, 114, 115, 116, 117, 118, 119, 121, 122]
Min Correction Subset: [85, 120]
Iter 28: 
Min Hitting Set: [81, 85, 89, 100, 101, 102, 103, 104, 106, 107, 108, 109, 111, 112, 113, 114, 115, 117, 118, 119, 121, 122]
Min Correction Subset: [93, 110, 116]
Iter 29: 
Min Hitting Set: [81, 85, 89, 93, 100, 101, 102, 103, 104, 106, 107, 108, 109, 111, 112, 113, 115, 117, 118, 119, 121, 122]
Min Correction Subset: [41, 58, 116]
Iter 30: 
Min Hitting Set: [85, 89, 100, 101, 102, 103, 104, 106, 107, 108, 109, 111, 112, 113, 114, 115, 116, 117, 118, 119, 121, 122]
Min Correction Subset: [81, 120]
Iter 31: 
Min Hitting Set: [89, 100, 101, 102, 103, 104, 106, 107, 108, 109, 111, 112, 113, 114, 115, 116, 117, 118, 119, 120, 121, 122]
Min Correction Subset: [81, 110]
Iter 32: 
Min Hitting Set: [81, 85, 89, 100, 101, 102, 103, 104, 106, 107, 108, 109, 111, 112, 113, 114, 115, 116, 117, 118, 119, 121, 122]
Min Correction Subset: [93, 110, 120]
Iter 33: 
Min Hitting Set: [81, 89, 100, 101, 102, 103, 104, 106, 107, 108, 109, 111, 112, 113, 114, 115, 116, 117, 118, 119, 120, 121, 122]
Min Correction Subset: [61, 93, 110]
Iter 34: 
Min Hitting Set: [89, 100, 101, 102, 103, 104, 106, 107, 108, 109, 110, 111, 112, 113, 114, 115, 116, 117, 118, 119, 120, 121, 122]
Min Correction Subset: [81, 105]
Iter 35: 
Min Hitting Set: [100, 101, 102, 103, 104, 105, 106, 107, 108, 109, 110, 111, 112, 113, 114, 115, 116, 117, 118, 119, 120, 121, 122]
Min Correction Subset: [70, 81]
Iter 36: 
Min Hitting Set: [81, 85, 89, 93, 100, 101, 102, 103, 104, 106, 107, 108, 109, 111, 112, 113, 115, 116, 117, 118, 119, 121, 122]
Min Correction Subset: [46, 61, 110]
Iter 37: 
Min Hitting Set: [81, 85, 89, 100, 101, 102, 103, 104, 106, 107, 108, 109, 110, 111, 112, 113, 114, 115, 116, 117, 118, 119, 121, 122]
Min Correction Subset: [93, 105, 120]
