IIS generation
Iter 1: 
Min Hitting Set: []
Min Correction Subset: [187]
Iter 2: 
Min Hitting Set: [187]
Min Correction Subset: [186]
Iter 3: 
Min Hitting Set: [186, 187]
Min Correction Subset: [19]
Iter 4: 
Min Hitting Set: [19, 186, 187]
Min Correction Subset: [4]
Iter 5: 
Min Hitting Set: [4, 19, 186, 187]
Min Correction Subset: [3, 18]
Iter 6: 
Min Hitting Set: [3, 4, 19, 186, 187]
Min Correction Subset: [18, 31]
Iter 7: 
Min Hitting Set: [4, 18, 19, 186, 187]
Min Correction Subset: [3, 22]
Iter 8: 
Min Hitting Set: [3, 4, 18, 19, 186, 187]
Min Correction Subset: [25, 61]
Iter 9: 
Min Hitting Set: [3, 4, 18, 19, 25, 186, 187]
Min Correction Subset: [27, 113]
Iter 10: 
Min Hitting Set: [3, 4, 18, 19, 25, 27, 186, 187]
Min Correction Subset: [61, 66]
Iter 11: 
Min Hitting Set: [3, 4, 18, 19, 27, 61, 186, 187]
Min Correction Subset: [35, 76]
Iter 12: 
Min Hitting Set: [3, 4, 18, 19, 27, 35, 61, 186, 187]
Min Correction Subset: [2, 31, 39]
Iter 13: 
Min Hitting Set: [3, 4, 19, 27, 31, 35, 61, 186, 187]
Min Correction Subset: [2, 18]
Iter 14: 
Min Hitting Set: [2, 3, 4, 18, 19, 27, 35, 61, 186, 187]
Min Correction Subset: [1, 11, 95]
Iter 15: 
Min Hitting Set: [1, 2, 3, 4, 18, 19, 27, 35, 61, 186, 187]
Min Correction Subset: [10, 23, 68]
Iter 16: 
Min Hitting Set: [1, 2, 3, 4, 10, 18, 19, 27, 35, 61, 186, 187]
Min Correction Subset: [66, 117, 122]
Iter 17: 
Min Hitting Set: [1, 2, 3, 4, 10, 18, 19, 27, 35, 61, 66, 186, 187]
Min Correction Subset: [31, 50, 121]
Iter 18: 
Min Hitting Set: [1, 3, 4, 10, 18, 19, 25, 27, 31, 35, 66, 186, 187]
Min Correction Subset: [2, 29, 122]
Iter 19: 
Min Hitting Set: [1, 2, 3, 4, 10, 19, 27, 31, 35, 61, 122, 186, 187]
Min Correction Subset: [18, 99]
Iter 20: 
Min Hitting Set: [1, 3, 4, 10, 18, 19, 27, 31, 35, 61, 122, 186, 187]
Min Correction Subset: [2, 39, 121]
Iter 21: 
Min Hitting Set: [1, 2, 3, 4, 10, 18, 19, 27, 31, 35, 61, 122, 186, 187]
Min Correction Subset: [29, 39, 121]
Iter 22: 
Min Hitting Set: [1, 3, 4, 10, 18, 19, 27, 31, 35, 39, 61, 122, 186, 187]
Min Correction Subset: [2, 29, 120]
Iter 23: 
Min Hitting Set: [1, 2, 3, 4, 10, 18, 19, 27, 35, 61, 66, 121, 186, 187]
Min Correction Subset: [31, 39, 53]
Iter 24: 
Min Hitting Set: [1, 2, 3, 4, 10, 18, 19, 27, 31, 35, 61, 66, 121, 186, 187]
Min Correction Subset: [29, 30, 80]
Iter 25: 
Min Hitting Set: [1, 3, 4, 10, 18, 19, 27, 29, 31, 35, 39, 61, 66, 186, 187]
Min Correction Subset: [2, 25, 72]
Iter 26: 
Min Hitting Set: [1, 3, 4, 10, 18, 19, 25, 27, 29, 31, 35, 39, 66, 186, 187]
Min Correction Subset: [76, 121, 122]
Iter 27: 
Min Hitting Set: [1, 3, 4, 10, 18, 19, 25, 27, 29, 31, 39, 66, 76, 186, 187]
Min Correction Subset: [2, 35, 122]
Iter 28: 
Min Hitting Set: [1, 2, 3, 4, 10, 18, 19, 27, 29, 31, 61, 66, 76, 186, 187]
Min Correction Subset: [35, 39, 121]
Iter 29: 
Min Hitting Set: [1, 3, 4, 10, 18, 19, 25, 27, 29, 35, 39, 66, 121, 186, 187]
Min Correction Subset: [68, 117, 122]
Iter 30: 
Min Hitting Set: [1, 3, 4, 18, 19, 25, 27, 29, 35, 39, 66, 68, 121, 186, 187]
Min Correction Subset: [2, 10, 53]
Iter 31: 
Min Hitting Set: [1, 2, 3, 4, 18, 19, 27, 29, 31, 35, 61, 68, 122, 186, 187]
Min Correction Subset: [6, 76, 121]
Iter 32: 
Min Hitting Set: [1, 2, 3, 4, 18, 19, 27, 29, 35, 39, 61, 66, 68, 121, 186, 187]
Min Correction Subset: [31, 76, 122]
Iter 33: 
Min Hitting Set: [1, 2, 3, 4, 18, 19, 27, 29, 31, 35, 61, 66, 68, 121, 186, 187]
Min Correction Subset: [39, 53, 122]
Iter 34: 
Min Hitting Set: [1, 3, 4, 10, 18, 19, 25, 27, 29, 39, 66, 76, 121, 122, 186, 187]
Min Correction Subset: [21, 35, 61]
Iter 35: 
Min Hitting Set: [1, 2, 3, 4, 18, 19, 27, 29, 35, 53, 61, 68, 121, 122, 186, 187]
Min Correction Subset: [22, 31, 39]
Iter 36: 
Min Hitting Set: [1, 2, 4, 18, 19, 22, 27, 29, 35, 53, 61, 68, 121, 122, 186, 187]
Min Correction Subset: [3, 76]
Iter 37: 
Min Hitting Set: [1, 3, 4, 10, 18, 19, 25, 27, 29, 39, 61, 76, 121, 122, 186, 187]
Min Correction Subset: [11, 66, 68]
Iter 38: 
Min Hitting Set: [3, 4, 10, 11, 18, 19, 25, 27, 29, 39, 61, 76, 121, 122, 186, 187]
Min Correction Subset: [22, 35, 53]
Iter 39: 
Min Hitting Set: [4, 10, 11, 18, 19, 22, 25, 27, 29, 39, 61, 76, 121, 122, 186, 187]
Min Correction Subset: [3, 53]
Iter 40: 
Min Hitting Set: [2, 4, 11, 18, 19, 22, 27, 29, 53, 61, 66, 68, 76, 121, 186, 187]
Min Correction Subset: [3, 39]
Iter 41: 
Min Hitting Set: [3, 4, 10, 11, 18, 19, 25, 27, 29, 35, 39, 61, 121, 122, 186, 187]
Min Correction Subset: [23, 68, 101]
Iter 42: 
Min Hitting Set: [2, 3, 4, 11, 18, 19, 27, 29, 31, 35, 61, 68, 76, 122, 186, 187]
Min Correction Subset: [39, 53, 121]
Iter 43: 
Min Hitting Set: [3, 4, 11, 18, 19, 25, 27, 29, 31, 35, 53, 66, 68, 121, 186, 187]
Min Correction Subset: [2, 10, 39]
Iter 44: 
Min Hitting Set: [2, 3, 4, 11, 18, 19, 27, 29, 35, 39, 61, 68, 121, 122, 186, 187]
Min Correction Subset: [6, 31, 76]
Iter 45: 
Min Hitting Set: [2, 3, 4, 11, 18, 19, 27, 29, 31, 35, 61, 68, 121, 122, 186, 187]
Min Correction Subset: [39, 62, 66]
Iter 46: 
Min Hitting Set: [2, 3, 4, 11, 18, 19, 22, 27, 29, 31, 39, 61, 66, 68, 76, 186, 187]
Min Correction Subset: [1, 35, 122]
Iter 47: 
Min Hitting Set: [1, 2, 3, 4, 18, 19, 22, 27, 29, 31, 39, 61, 66, 68, 76, 186, 187]
Min Correction Subset: [35, 65, 122]
Iter 48: 
Min Hitting Set: [1, 2, 3, 4, 18, 19, 27, 29, 31, 35, 39, 61, 66, 68, 76, 186, 187]
Min Correction Subset: [50, 53, 121]
Iter 49: 
Min Hitting Set: [1, 2, 3, 4, 18, 19, 27, 29, 35, 39, 61, 66, 68, 76, 121, 186, 187]
Min Correction Subset: [25, 117, 122]
Iter 50: 
Min Hitting Set: [1, 2, 3, 4, 18, 19, 25, 27, 29, 31, 35, 39, 66, 68, 121, 186, 187]
Min Correction Subset: [6, 117, 122]
Iter 51: 
Min Hitting Set: [1, 4, 18, 19, 22, 25, 27, 29, 39, 53, 61, 68, 76, 121, 122, 186, 187]
Min Correction Subset: [3, 31]
Iter 52: 
Min Hitting Set: [1, 4, 18, 19, 22, 25, 27, 29, 31, 39, 53, 61, 68, 76, 122, 186, 187]
Min Correction Subset: [3, 35]
Iter 53: 
Min Hitting Set: [1, 3, 4, 18, 19, 25, 27, 29, 39, 53, 61, 68, 76, 121, 122, 186, 187]
Min Correction Subset: [2, 62, 127]
Iter 54: 
Min Hitting Set: [1, 2, 3, 4, 18, 19, 27, 29, 31, 35, 39, 61, 68, 121, 122, 186, 187]
Min Correction Subset: [66, 99, 114]
Iter 55: 
Min Hitting Set: [1, 2, 3, 4, 19, 27, 29, 31, 35, 39, 61, 68, 99, 121, 122, 186, 187]
Min Correction Subset: [18, 53]
Iter 56: 
Min Hitting Set: [1, 2, 3, 4, 18, 19, 27, 29, 31, 35, 61, 66, 68, 121, 122, 186, 187]
Min Correction Subset: [6, 62, 117]
Iter 57: 
Min Hitting Set: [1, 2, 3, 4, 19, 27, 29, 31, 35, 39, 53, 61, 68, 99, 117, 121, 186, 187]
Min Correction Subset: [18, 122]
Iter 58: 
Min Hitting Set: [1, 2, 3, 4, 6, 19, 27, 29, 31, 35, 53, 61, 62, 68, 99, 122, 186, 187]
Min Correction Subset: [18, 79]
Iter 59: 
Min Hitting Set: [1, 2, 3, 4, 18, 19, 25, 27, 29, 31, 35, 53, 66, 68, 76, 117, 186, 187]
Min Correction Subset: [39, 78, 121]
Iter 60: 
Min Hitting Set: [1, 2, 3, 4, 6, 18, 19, 25, 27, 29, 31, 35, 39, 66, 68, 121, 186, 187]
Min Correction Subset: [61, 74, 122]
Iter 61: 
Min Hitting Set: [1, 2, 3, 4, 18, 19, 27, 29, 35, 39, 61, 66, 68, 76, 117, 121, 186, 187]
Min Correction Subset: [31, 53, 122]
Iter 62: 
Min Hitting Set: [1, 2, 3, 4, 6, 18, 19, 27, 29, 35, 39, 61, 66, 68, 121, 122, 186, 187]
Min Correction Subset: [7, 31, 76]
Iter 63: 
Min Hitting Set: [1, 2, 3, 4, 18, 19, 27, 29, 31, 35, 39, 61, 66, 68, 117, 121, 186, 187]
Min Correction Subset: [25, 114, 122]
Iter 64: 
Min Hitting Set: [1, 2, 3, 4, 18, 19, 27, 29, 31, 35, 61, 66, 68, 117, 121, 122, 186, 187]
Min Correction Subset: [39, 95, 114]
Iter 65: 
Min Hitting Set: [2, 3, 4, 18, 19, 27, 29, 31, 35, 61, 66, 68, 95, 117, 121, 122, 186, 187]
Min Correction Subset: [1, 25, 99]
Iter 66: 
Min Hitting Set: [1, 2, 3, 4, 18, 19, 27, 29, 31, 35, 61, 62, 68, 114, 121, 122, 186, 187]
Min Correction Subset: [11, 39, 66]
Iter 67: 
Min Hitting Set: [2, 3, 4, 6, 18, 19, 25, 27, 29, 31, 35, 66, 68, 95, 121, 122, 186, 187]
Min Correction Subset: [1, 11, 75]
Iter 68: 
Min Hitting Set: [1, 2, 3, 4, 18, 19, 27, 29, 31, 35, 39, 61, 68, 114, 117, 121, 186, 187]
Min Correction Subset: [11, 66, 122]
Iter 69: 
Min Hitting Set: [3, 4, 11, 18, 19, 25, 27, 29, 39, 53, 61, 62, 68, 76, 114, 121, 122, 186, 187]
Min Correction Subset: [2, 10, 97]
Iter 70: 
Min Hitting Set: [1, 2, 3, 4, 18, 19, 27, 29, 39, 53, 61, 68, 76, 114, 117, 121, 122, 186, 187]
Min Correction Subset: [22, 31, 35]
Iter 71: 
Min Hitting Set: [1, 2, 3, 4, 18, 19, 27, 29, 35, 39, 61, 68, 76, 114, 117, 121, 122, 186, 187]
Min Correction Subset: [11, 31, 66]
Iter 72: 
Min Hitting Set: [1, 2, 3, 4, 18, 19, 27, 29, 35, 39, 61, 66, 68, 76, 117, 121, 122, 186, 187]
Min Correction Subset: [31, 50, 53]
Iter 73: 
Min Hitting Set: [1, 2, 3, 4, 18, 19, 27, 29, 31, 35, 53, 61, 66, 68, 114, 117, 121, 186, 187]
Min Correction Subset: [32, 39, 122]
Iter 74: 
Min Hitting Set: [1, 2, 3, 4, 6, 18, 19, 27, 29, 31, 35, 39, 53, 61, 68, 99, 122, 186, 187]
Min Correction Subset: [11, 66, 121]
Iter 75: 
Min Hitting Set: [1, 2, 3, 4, 6, 18, 19, 27, 29, 31, 35, 39, 53, 61, 66, 68, 122, 186, 187]
Min Correction Subset: [50, 65, 121]
Iter 76: 
Min Hitting Set: [2, 3, 4, 11, 18, 19, 27, 29, 31, 35, 39, 61, 68, 99, 114, 117, 121, 186, 187]
Min Correction Subset: [66, 74, 122]
Iter 77: 
Min Hitting Set: [2, 3, 4, 6, 11, 18, 19, 27, 29, 31, 35, 39, 50, 61, 68, 99, 122, 186, 187]
Min Correction Subset: [66, 76, 121]
Iter 78: 
Min Hitting Set: [1, 2, 3, 4, 18, 19, 27, 29, 35, 39, 50, 61, 66, 68, 76, 117, 122, 186, 187]
Min Correction Subset: [95, 114, 121]
Iter 79: 
Min Hitting Set: [1, 2, 3, 4, 18, 19, 27, 29, 31, 35, 61, 66, 68, 114, 117, 121, 122, 186, 187]
Min Correction Subset: [23, 39, 76, 124]
Iter 80: 
Min Hitting Set: [1, 2, 3, 4, 18, 19, 27, 29, 31, 35, 39, 61, 68, 114, 117, 121, 122, 186, 187]
Min Correction Subset: [62, 66, 99]
Iter 81: 
Min Hitting Set: [1, 2, 3, 4, 18, 19, 27, 29, 31, 35, 39, 61, 66, 68, 117, 121, 122, 186, 187]
Min Correction Subset: [23, 62, 76, 124]
Iter 82: 
Min Hitting Set: [1, 2, 3, 4, 18, 19, 27, 29, 31, 35, 39, 61, 62, 68, 99, 121, 122, 186, 187]
Min Correction Subset: [57, 104, 117]
Iter 83: 
Min Hitting Set: [1, 2, 3, 4, 18, 19, 23, 27, 29, 31, 35, 61, 66, 114, 117, 121, 122, 186, 187]
Min Correction Subset: [10, 39, 68]
Iter 84: 
Min Hitting Set: [1, 2, 3, 4, 18, 19, 23, 27, 29, 31, 35, 39, 61, 66, 114, 117, 121, 186, 187]
Min Correction Subset: [10, 68, 122]
Iter 85: 
Min Hitting Set: [1, 2, 3, 4, 18, 19, 23, 27, 29, 31, 35, 39, 61, 66, 117, 121, 122, 186, 187]
Min Correction Subset: [10, 11, 68]
Iter 86: 
Min Hitting Set: [2, 3, 4, 11, 18, 19, 23, 25, 27, 29, 31, 35, 39, 66, 117, 121, 122, 186, 187]
Min Correction Subset: [21, 61, 68]
Iter 87: 
Min Hitting Set: [2, 3, 4, 11, 18, 19, 23, 27, 29, 31, 35, 39, 61, 99, 117, 121, 122, 186, 187]
Min Correction Subset: [1, 66, 68]
Iter 88: 
Min Hitting Set: [1, 3, 4, 10, 18, 19, 25, 27, 29, 31, 35, 39, 61, 62, 66, 68, 117, 121, 186, 187]
Min Correction Subset: [2, 23, 76]
Iter 89: 
Min Hitting Set: [1, 2, 3, 4, 18, 19, 25, 27, 29, 31, 35, 39, 61, 62, 66, 68, 117, 121, 186, 187]
Min Correction Subset: [47, 104, 122]
Iter 90: 
Min Hitting Set: [1, 2, 3, 4, 18, 19, 27, 29, 35, 39, 53, 61, 66, 68, 76, 117, 121, 122, 186, 187]
Min Correction Subset: [31, 50, 108]
Iter 91: 
Min Hitting Set: [1, 2, 3, 4, 10, 18, 19, 23, 27, 29, 31, 35, 39, 61, 66, 117, 121, 122, 186, 187]
Min Correction Subset: [25, 68, 114]
Iter 92: 
Min Hitting Set: [1, 2, 3, 4, 18, 19, 27, 29, 31, 35, 39, 61, 62, 68, 99, 117, 121, 122, 186, 187]
Min Correction Subset: [66, 75, 114]
Iter 93: 
Min Hitting Set: [1, 2, 3, 4, 18, 19, 27, 29, 35, 39, 50, 61, 66, 68, 76, 117, 121, 122, 186, 187]
Min Correction Subset: [25, 31, 38, 53]
Iter 94: 
Min Hitting Set: [1, 2, 3, 4, 18, 19, 27, 29, 31, 35, 39, 61, 62, 68, 114, 117, 121, 122, 186, 187]
Min Correction Subset: [11, 66, 99]
Iter 95: 
Min Hitting Set: [1, 2, 3, 4, 18, 19, 27, 29, 31, 35, 39, 61, 62, 66, 68, 117, 121, 122, 186, 187]
Min Correction Subset: [23, 38, 76, 124]
Iter 96: 
Min Hitting Set: [1, 2, 3, 4, 18, 19, 23, 27, 29, 31, 35, 39, 61, 66, 68, 117, 121, 122, 186, 187]
Min Correction Subset: [14, 22, 53, 62]
Iter 97: 
Min Hitting Set: [1, 2, 3, 4, 18, 19, 22, 27, 29, 31, 61, 66, 68, 76, 114, 117, 121, 122, 186, 187]
Min Correction Subset: [21, 35, 39]
Iter 98: 
Min Hitting Set: [1, 2, 3, 4, 18, 19, 22, 27, 29, 31, 39, 61, 66, 68, 76, 117, 121, 122, 186, 187]
Min Correction Subset: [21, 35, 38]
Iter 99: 
Min Hitting Set: [1, 2, 3, 4, 11, 18, 19, 23, 27, 29, 31, 35, 39, 61, 62, 114, 117, 121, 122, 186, 187]
Min Correction Subset: [66, 68, 74]
Iter 100: 
Min Hitting Set: [2, 3, 4, 11, 18, 19, 25, 27, 29, 35, 39, 50, 62, 66, 68, 76, 117, 121, 122, 186, 187]
Min Correction Subset: [1, 95, 114]
Iter 101: 
Min Hitting Set: [2, 3, 4, 11, 18, 19, 25, 27, 29, 35, 39, 50, 62, 66, 68, 76, 114, 117, 122, 186, 187]
Min Correction Subset: [1, 61, 99]
Iter 102: 
Min Hitting Set: [2, 3, 4, 11, 18, 19, 25, 27, 29, 35, 39, 50, 61, 62, 68, 76, 114, 117, 122, 186, 187]
Min Correction Subset: [1, 66, 121]
Iter 103: 
Min Hitting Set: [1, 2, 3, 4, 18, 19, 25, 27, 29, 35, 39, 50, 62, 66, 68, 76, 114, 117, 122, 186, 187]
Min Correction Subset: [21, 61, 99]
Iter 104: 
Min Hitting Set: [1, 3, 4, 10, 18, 19, 23, 25, 27, 29, 31, 35, 61, 62, 66, 95, 104, 121, 122, 186, 187]
Min Correction Subset: [39, 68, 117]
Iter 105: 
Min Hitting Set: [3, 4, 10, 11, 18, 19, 23, 25, 27, 29, 31, 35, 61, 62, 66, 114, 117, 121, 122, 186, 187]
Min Correction Subset: [2, 68, 97]
Iter 106: 
Min Hitting Set: [1, 2, 3, 4, 18, 19, 27, 29, 31, 35, 38, 39, 61, 62, 66, 68, 104, 121, 122, 186, 187]
Min Correction Subset: [22, 25, 45, 46]
Iter 107: 
Min Hitting Set: [1, 2, 3, 4, 18, 19, 21, 22, 27, 29, 31, 39, 61, 66, 68, 76, 117, 121, 122, 186, 187]
Min Correction Subset: [14, 35, 53]
Iter 108: 
Min Hitting Set: [1, 2, 3, 4, 10, 18, 19, 22, 23, 27, 29, 31, 35, 61, 66, 114, 117, 121, 122, 186, 187]
Min Correction Subset: [11, 39, 68]
Iter 109: 
Min Hitting Set: [1, 2, 3, 4, 18, 19, 22, 23, 27, 29, 31, 35, 39, 61, 66, 68, 117, 121, 122, 186, 187]
Min Correction Subset: [25, 38, 62, 127]
Iter 110: 
Min Hitting Set: [2, 3, 4, 11, 18, 19, 25, 27, 29, 31, 35, 61, 62, 68, 76, 114, 117, 121, 122, 186, 187]
Min Correction Subset: [1, 39, 66]
Iter 111: 
Min Hitting Set: [1, 2, 3, 4, 18, 19, 21, 25, 27, 29, 31, 39, 53, 66, 68, 76, 117, 121, 122, 186, 187]
Min Correction Subset: [35, 95, 114]
Iter 112: 
Min Hitting Set: [1, 2, 3, 4, 18, 19, 21, 25, 27, 29, 31, 53, 66, 68, 76, 95, 117, 121, 122, 186, 187]
Min Correction Subset: [35, 99, 114]
Iter 113: 
Min Hitting Set: [1, 2, 3, 4, 18, 19, 21, 25, 27, 29, 31, 53, 66, 68, 76, 114, 117, 121, 122, 186, 187]
Min Correction Subset: [22, 35, 83]
Iter 114: 
Min Hitting Set: [3, 4, 10, 11, 18, 19, 25, 27, 29, 35, 39, 50, 61, 62, 68, 76, 114, 117, 121, 122, 186, 187]
Min Correction Subset: [1, 2, 66]
Iter 115: 
Min Hitting Set: [2, 3, 4, 11, 18, 19, 25, 27, 29, 31, 35, 38, 39, 61, 62, 68, 114, 117, 121, 122, 186, 187]
Min Correction Subset: [1, 66, 95]
Iter 116: 
Min Hitting Set: [2, 3, 4, 11, 18, 19, 23, 25, 27, 29, 31, 35, 39, 61, 62, 66, 95, 104, 121, 122, 186, 187]
Min Correction Subset: [68, 97, 117]
Iter 117: 
Min Hitting Set: [3, 4, 10, 11, 18, 19, 25, 27, 29, 35, 39, 50, 61, 62, 66, 68, 76, 114, 117, 122, 186, 187]
Min Correction Subset: [1, 14, 15, 53]
Iter 118: 
Min Hitting Set: [1, 3, 4, 10, 18, 19, 25, 27, 29, 35, 39, 50, 62, 66, 68, 76, 99, 117, 121, 122, 186, 187]
Min Correction Subset: [2, 11, 53, 61]
Iter 119: 
Min Hitting Set: [1, 2, 3, 4, 18, 19, 23, 25, 27, 29, 31, 35, 39, 61, 62, 66, 68, 117, 121, 122, 186, 187]
Min Correction Subset: [11, 38, 95, 114]
Iter 120: 
Min Hitting Set: [1, 2, 3, 4, 11, 18, 19, 23, 25, 27, 29, 31, 35, 39, 61, 62, 66, 117, 121, 122, 186, 187]
Min Correction Subset: [10, 68, 97]
Iter 121: 
Min Hitting Set: [1, 2, 3, 4, 11, 18, 19, 22, 27, 29, 31, 35, 61, 62, 68, 76, 114, 117, 121, 122, 186, 187]
Min Correction Subset: [39, 44, 66]
Iter 122: 
Min Hitting Set: [1, 2, 3, 4, 18, 19, 22, 25, 27, 29, 35, 39, 50, 61, 66, 68, 76, 114, 117, 122, 186, 187]
Min Correction Subset: [31, 36, 57, 104]
Iter 123: 
Min Hitting Set: [1, 2, 3, 4, 11, 18, 19, 25, 27, 29, 35, 39, 50, 61, 62, 68, 76, 104, 114, 122, 186, 187]
Min Correction Subset: [66, 99, 117]
Iter 124: 
Min Hitting Set: [1, 2, 3, 4, 18, 19, 23, 25, 27, 29, 31, 35, 61, 62, 66, 68, 95, 117, 121, 122, 186, 187]
Min Correction Subset: [14, 47, 53, 104]
Iter 125: 
Min Hitting Set: [1, 2, 3, 4, 18, 19, 25, 27, 29, 35, 39, 50, 62, 66, 68, 76, 99, 104, 114, 122, 186, 187]
Min Correction Subset: [6, 61, 117]
Iter 126: 
Min Hitting Set: [1, 2, 3, 4, 18, 19, 25, 27, 29, 31, 35, 38, 39, 61, 62, 66, 68, 104, 121, 122, 186, 187]
Min Correction Subset: [6, 14, 51, 117]
Iter 127: 
Min Hitting Set: [1, 2, 3, 4, 18, 19, 25, 27, 29, 31, 35, 38, 39, 61, 62, 66, 68, 104, 117, 121, 186, 187]
Min Correction Subset: [99, 114, 122]
Iter 128: 
Min Hitting Set: [1, 2, 3, 4, 18, 19, 25, 27, 29, 35, 39, 50, 53, 61, 66, 68, 76, 104, 114, 117, 186, 187]
Min Correction Subset: [32, 121, 122]
Iter 129: 
Min Hitting Set: [1, 2, 3, 4, 14, 18, 19, 23, 25, 27, 29, 31, 35, 66, 68, 99, 114, 117, 121, 122, 186, 187]
Min Correction Subset: [39, 61, 62]
Iter 130: 
Min Hitting Set: [1, 2, 4, 18, 19, 22, 27, 29, 31, 35, 38, 39, 53, 61, 66, 68, 76, 117, 121, 122, 186, 187]
Min Correction Subset: [3, 11]
Iter 131: 
Min Hitting Set: [2, 3, 4, 11, 14, 18, 19, 25, 27, 29, 31, 35, 61, 66, 68, 76, 114, 117, 121, 122, 186, 187]
Min Correction Subset: [1, 39, 53, 99]
Iter 132: 
Min Hitting Set: [1, 2, 3, 4, 18, 19, 25, 27, 29, 31, 35, 53, 61, 66, 68, 76, 95, 117, 121, 122, 186, 187]
Min Correction Subset: [28, 39, 75, 114]
Iter 133: 
Min Hitting Set: [2, 3, 4, 10, 11, 18, 19, 23, 25, 27, 29, 31, 35, 53, 61, 66, 114, 117, 121, 122, 186, 187]
Min Correction Subset: [1, 39, 68]
Iter 134: 
Min Hitting Set: [1, 2, 3, 4, 14, 18, 19, 25, 27, 29, 31, 35, 61, 66, 68, 76, 114, 117, 121, 122, 186, 187]
Min Correction Subset: [21, 57, 72, 104]
Iter 135: 
Min Hitting Set: [3, 4, 10, 11, 14, 18, 19, 25, 27, 29, 35, 39, 50, 61, 62, 66, 68, 76, 104, 114, 122, 186, 187]
Min Correction Subset: [2, 6, 117]
Iter 136: 
Min Hitting Set: [1, 2, 3, 4, 6, 18, 19, 25, 27, 29, 31, 35, 38, 39, 62, 66, 68, 74, 99, 104, 121, 186, 187]
Min Correction Subset: [7, 117, 122]
Iter 137: 
Min Hitting Set: [1, 2, 3, 4, 18, 19, 22, 27, 29, 31, 35, 38, 39, 61, 62, 66, 68, 104, 114, 117, 121, 186, 187]
Min Correction Subset: [14, 15, 21, 122]
Iter 138: 
Min Hitting Set: [1, 2, 3, 4, 18, 19, 25, 27, 29, 35, 39, 50, 62, 66, 68, 76, 99, 104, 114, 117, 122, 186, 187]
Min Correction Subset: [22, 75, 93, 121]
Iter 139: 
Min Hitting Set: [1, 2, 3, 4, 14, 18, 19, 22, 27, 29, 38, 39, 50, 61, 62, 66, 68, 76, 104, 114, 122, 186, 187]
Min Correction Subset: [21, 35, 72]
Iter 140: 
Min Hitting Set: [1, 2, 3, 4, 14, 18, 19, 25, 27, 29, 31, 35, 39, 61, 66, 68, 76, 104, 114, 117, 121, 186, 187]
Min Correction Subset: [11, 32, 38, 95]
Iter 141: 
Min Hitting Set: [1, 2, 3, 4, 18, 19, 21, 25, 27, 29, 31, 35, 38, 39, 53, 66, 68, 76, 117, 121, 122, 186, 187]
Min Correction Subset: [61, 99, 114]
Iter 142: 
Min Hitting Set: [1, 2, 3, 4, 14, 18, 19, 22, 27, 29, 31, 35, 38, 39, 61, 62, 66, 68, 104, 121, 122, 186, 187]
Min Correction Subset: [7, 25, 74, 117]
Iter 143: 
Min Hitting Set: [1, 2, 3, 4, 18, 19, 21, 22, 27, 29, 31, 38, 53, 61, 66, 68, 76, 114, 117, 121, 122, 186, 187]
Min Correction Subset: [25, 35, 39]
Iter 144: 
Min Hitting Set: [1, 2, 3, 4, 18, 19, 22, 27, 29, 31, 35, 38, 61, 66, 68, 76, 104, 114, 117, 121, 122, 186, 187]
Min Correction Subset: [39, 62, 74, 127]
Iter 145: 
Min Hitting Set: [2, 3, 4, 14, 18, 19, 25, 27, 29, 35, 39, 50, 66, 68, 75, 76, 95, 99, 104, 117, 122, 186, 187]
Min Correction Subset: [61, 62, 127]
Iter 146: 
Min Hitting Set: [1, 2, 3, 4, 14, 18, 19, 25, 27, 29, 31, 35, 38, 39, 61, 62, 66, 68, 104, 121, 122, 186, 187]
Min Correction Subset: [22, 23, 76, 124]
Iter 147: 
Min Hitting Set: [1, 2, 3, 4, 18, 19, 22, 27, 29, 35, 38, 39, 50, 61, 66, 68, 76, 104, 114, 117, 122, 186, 187]
Min Correction Subset: [25, 31, 62, 127]
Iter 148: 
Min Hitting Set: [1, 2, 3, 4, 18, 19, 22, 27, 29, 31, 35, 38, 39, 61, 62, 66, 68, 104, 117, 121, 122, 186, 187]
Min Correction Subset: [23, 25, 76, 124]
Iter 149: 
Min Hitting Set: [1, 2, 3, 4, 18, 19, 22, 27, 29, 31, 35, 38, 39, 61, 66, 68, 76, 104, 117, 121, 122, 186, 187]
Min Correction Subset: [14, 53, 62, 99]
Iter 150: 
Min Hitting Set: [2, 3, 4, 14, 18, 19, 25, 27, 29, 35, 39, 50, 61, 66, 68, 75, 76, 95, 104, 117, 122, 186, 187]
Min Correction Subset: [1, 11, 84, 106]
Iter 151: 
Min Hitting Set: [2, 3, 4, 11, 14, 18, 19, 23, 25, 27, 29, 31, 35, 39, 61, 66, 68, 104, 114, 117, 121, 186, 187]
Min Correction Subset: [0, 1, 122]
Iter 152: 
Min Hitting Set: [2, 3, 4, 11, 14, 18, 19, 25, 27, 29, 35, 39, 50, 61, 66, 68, 76, 104, 114, 117, 121, 122, 186, 187]
Min Correction Subset: [22, 23, 93, 124]
Iter 153: 
Min Hitting Set: [2, 3, 4, 11, 14, 18, 19, 23, 25, 27, 29, 31, 35, 39, 61, 62, 66, 97, 104, 114, 121, 122, 186, 187]
Min Correction Subset: [6, 10, 68, 117]
Iter 154: 
Min Hitting Set: [2, 3, 4, 11, 18, 19, 21, 22, 25, 27, 29, 39, 50, 53, 61, 66, 68, 76, 104, 114, 117, 122, 186, 187]
Min Correction Subset: [1, 14, 35]
Iter 155: 
Min Hitting Set: [3, 4, 11, 18, 19, 21, 23, 25, 27, 29, 31, 35, 39, 53, 61, 62, 66, 97, 114, 117, 121, 122, 186, 187]
Min Correction Subset: [2, 10, 68]
Iter 156: 
Min Hitting Set: [2, 3, 4, 11, 14, 18, 19, 23, 25, 27, 29, 31, 35, 39, 61, 66, 68, 104, 114, 117, 121, 122, 186, 187]
Min Correction Subset: [1, 28, 73, 95]
Iter 157: 
Min Hitting Set: [1, 2, 3, 4, 14, 18, 19, 21, 22, 27, 29, 31, 38, 39, 61, 66, 68, 76, 114, 117, 121, 122, 186, 187]
Min Correction Subset: [35, 47, 74, 104]
Iter 158: 
Min Hitting Set: [1, 2, 4, 11, 18, 19, 22, 27, 29, 31, 35, 39, 53, 61, 62, 65, 68, 76, 104, 114, 117, 122, 186, 187]
Min Correction Subset: [3, 45]
Iter 159: 
Min Hitting Set: [1, 2, 3, 4, 18, 19, 22, 27, 29, 31, 35, 38, 39, 61, 66, 68, 76, 99, 104, 117, 121, 122, 186, 187]
Min Correction Subset: [25, 53, 95, 114]
Iter 160: 
Min Hitting Set: [1, 2, 3, 4, 18, 19, 22, 25, 27, 29, 31, 35, 38, 39, 61, 62, 66, 68, 104, 117, 121, 122, 186, 187]
Min Correction Subset: [14, 53, 75, 76]
Iter 161: 
Min Hitting Set: [1, 2, 3, 4, 18, 19, 22, 27, 29, 31, 35, 38, 39, 61, 68, 76, 99, 104, 114, 117, 121, 122, 186, 187]
Min Correction Subset: [14, 53, 62, 66]
Iter 162: 
Min Hitting Set: [1, 2, 3, 4, 14, 18, 19, 22, 27, 29, 31, 35, 38, 39, 61, 66, 68, 76, 104, 114, 117, 121, 186, 187]
Min Correction Subset: [15, 28, 81, 122]
Iter 163: 
Min Hitting Set: [1, 2, 3, 4, 18, 19, 22, 27, 29, 35, 38, 39, 50, 61, 62, 66, 68, 76, 104, 114, 117, 122, 186, 187]
Min Correction Subset: [6, 25, 74, 121]
Iter 164: 
Min Hitting Set: [1, 2, 3, 4, 11, 14, 18, 19, 23, 25, 27, 29, 31, 35, 39, 61, 62, 66, 68, 104, 121, 122, 186, 187]
Min Correction Subset: [6, 7, 74, 117]
Iter 165: 
Min Hitting Set: [1, 2, 3, 4, 18, 19, 22, 27, 29, 31, 32, 35, 61, 62, 66, 68, 76, 104, 114, 117, 121, 122, 186, 187]
Min Correction Subset: [11, 39, 53, 99]
Iter 166: 
Min Hitting Set: [1, 2, 3, 4, 18, 19, 22, 27, 29, 31, 35, 38, 39, 53, 61, 66, 68, 76, 104, 117, 121, 122, 186, 187]
Min Correction Subset: [25, 62, 114, 127]
Iter 167: 
Min Hitting Set: [1, 2, 3, 4, 14, 18, 19, 22, 25, 27, 29, 35, 39, 50, 61, 66, 68, 76, 95, 104, 117, 122, 186, 187]
Min Correction Subset: [11, 31, 99, 114]
Iter 168: 
Min Hitting Set: [1, 2, 3, 4, 18, 19, 22, 25, 27, 29, 35, 39, 50, 61, 66, 68, 76, 95, 99, 104, 117, 122, 186, 187]
Min Correction Subset: [62, 114, 121, 127]
Iter 169: 
Min Hitting Set: [1, 2, 3, 4, 11, 18, 19, 22, 25, 27, 29, 35, 39, 50, 61, 62, 68, 76, 104, 114, 117, 122, 186, 187]
Min Correction Subset: [31, 44, 66]
Iter 170: 
Min Hitting Set: [1, 2, 3, 4, 10, 14, 18, 19, 23, 25, 27, 29, 31, 35, 38, 39, 61, 66, 104, 117, 121, 122, 186, 187]
Min Correction Subset: [11, 68, 97]
Iter 171: 
Min Hitting Set: [1, 2, 3, 4, 18, 19, 22, 27, 29, 31, 35, 39, 61, 62, 66, 68, 76, 95, 104, 117, 121, 122, 186, 187]
Min Correction Subset: [11, 25, 38, 99]
Iter 172: 
Min Hitting Set: [1, 2, 3, 4, 11, 18, 19, 22, 27, 29, 31, 35, 39, 61, 62, 68, 76, 104, 114, 117, 121, 122, 186, 187]
Min Correction Subset: [66, 75, 99]
Iter 173: 
Min Hitting Set: [1, 3, 4, 10, 11, 18, 19, 21, 23, 25, 27, 29, 31, 35, 53, 62, 66, 97, 114, 117, 121, 122, 186, 187]
Min Correction Subset: [61, 76, 99]
Iter 174: 
Min Hitting Set: [1, 2, 3, 4, 6, 11, 18, 19, 23, 25, 27, 29, 31, 35, 39, 53, 61, 66, 68, 104, 121, 122, 186, 187]
Min Correction Subset: [14, 15, 21, 38]
Iter 175: 
Min Hitting Set: [2, 3, 4, 6, 11, 14, 18, 19, 23, 25, 27, 29, 31, 35, 39, 61, 66, 68, 95, 104, 121, 122, 186, 187]
Min Correction Subset: [7, 74, 99, 117]
Iter 176: 
Min Hitting Set: [1, 2, 3, 4, 11, 14, 18, 19, 23, 25, 27, 29, 31, 35, 39, 61, 66, 68, 104, 117, 121, 122, 186, 187]
Min Correction Subset: [6, 76, 95, 114]
Iter 177: 
Min Hitting Set: [2, 3, 4, 11, 18, 19, 21, 23, 25, 27, 29, 31, 35, 39, 53, 61, 66, 68, 95, 117, 121, 122, 186, 187]
Min Correction Subset: [48, 62, 76, 104]
Iter 178: 
Min Hitting Set: [1, 2, 3, 4, 14, 18, 19, 23, 25, 27, 29, 31, 35, 39, 61, 66, 68, 95, 104, 117, 121, 122, 186, 187]
Min Correction Subset: [53, 75, 99, 114]
Iter 179: 
Min Hitting Set: [1, 3, 4, 10, 18, 19, 21, 23, 25, 27, 29, 31, 35, 39, 53, 61, 62, 66, 95, 97, 117, 121, 122, 186, 187]
Min Correction Subset: [68, 75, 114]
Iter 180: 
Min Hitting Set: [1, 2, 3, 4, 18, 19, 21, 23, 25, 27, 29, 31, 35, 39, 53, 61, 62, 66, 68, 95, 117, 121, 122, 186, 187]
Min Correction Subset: [50, 57, 74, 104]
Iter 181: 
Min Hitting Set: [1, 2, 3, 4, 18, 19, 22, 25, 27, 29, 35, 38, 39, 50, 61, 66, 68, 76, 99, 104, 114, 117, 122, 186, 187]
Min Correction Subset: [14, 62, 121, 127]
Iter 182: 
Min Hitting Set: [1, 2, 3, 4, 6, 18, 19, 22, 25, 27, 29, 35, 38, 39, 50, 61, 66, 68, 76, 99, 104, 121, 122, 186, 187]
Min Correction Subset: [7, 14, 31, 117]
Iter 183: 
Min Hitting Set: [1, 2, 3, 4, 18, 19, 22, 25, 27, 29, 35, 38, 39, 50, 61, 66, 68, 76, 99, 104, 117, 121, 122, 186, 187]
Min Correction Subset: [62, 95, 114, 127]
Iter 184: 
Min Hitting Set: [1, 2, 3, 4, 14, 18, 19, 22, 27, 29, 31, 38, 39, 61, 68, 72, 76, 99, 104, 114, 117, 121, 122, 186, 187]
Min Correction Subset: [11, 35, 66]
Iter 185: 
Min Hitting Set: [1, 2, 3, 4, 18, 19, 22, 27, 29, 31, 35, 38, 39, 61, 62, 68, 76, 99, 104, 114, 117, 121, 122, 186, 187]
Min Correction Subset: [14, 53, 66, 75]
Iter 186: 
Min Hitting Set: [1, 2, 3, 4, 18, 19, 22, 27, 29, 31, 35, 38, 39, 61, 62, 66, 68, 76, 104, 114, 117, 121, 122, 186, 187]
Min Correction Subset: [14, 53, 75, 99]
Iter 187: 
Min Hitting Set: [3, 4, 10, 11, 14, 18, 19, 23, 25, 27, 29, 31, 35, 62, 66, 68, 95, 99, 104, 114, 117, 121, 122, 186, 187]
Min Correction Subset: [1, 2, 39, 61]
Iter 188: 
Min Hitting Set: [1, 2, 3, 4, 18, 19, 23, 25, 27, 29, 31, 35, 38, 53, 62, 66, 68, 99, 104, 114, 117, 121, 122, 186, 187]
Min Correction Subset: [14, 21, 39, 61]
Iter 189: 
Min Hitting Set: [1, 2, 3, 4, 14, 18, 19, 21, 22, 27, 29, 31, 38, 39, 61, 66, 68, 76, 104, 114, 117, 121, 122, 186, 187]
Min Correction Subset: [10, 35, 89, 99]
Iter 190: 
Min Hitting Set: [1, 2, 3, 4, 6, 14, 18, 19, 22, 25, 27, 29, 31, 35, 38, 39, 62, 66, 68, 99, 104, 121, 122, 186, 187]
Min Correction Subset: [23, 61, 76]
Iter 191: 
Min Hitting Set: [1, 2, 3, 4, 6, 18, 19, 22, 25, 27, 29, 31, 35, 38, 39, 61, 62, 68, 75, 99, 104, 121, 122, 186, 187]
Min Correction Subset: [7, 11, 66, 117]
Iter 192: 
Min Hitting Set: [1, 2, 3, 4, 14, 18, 19, 23, 25, 27, 29, 31, 35, 39, 61, 66, 68, 95, 104, 114, 117, 121, 122, 186, 187]
Min Correction Subset: [7, 62, 74, 127]
Iter 193: 
Min Hitting Set: [1, 2, 3, 4, 18, 19, 21, 23, 25, 27, 29, 31, 35, 62, 66, 68, 75, 95, 99, 104, 117, 121, 122, 186, 187]
Min Correction Subset: [39, 61, 114]
Iter 194: 
Min Hitting Set: [1, 2, 3, 4, 10, 11, 14, 18, 19, 23, 27, 29, 31, 35, 45, 61, 62, 66, 104, 114, 117, 121, 122, 186, 187]
Min Correction Subset: [28, 39, 68, 75]
Iter 195: 
Min Hitting Set: [2, 3, 4, 6, 11, 14, 18, 19, 23, 25, 27, 29, 31, 35, 62, 66, 68, 95, 99, 104, 114, 121, 122, 186, 187]
Min Correction Subset: [1, 39, 44, 61]
Iter 196: 
Min Hitting Set: [1, 3, 4, 10, 18, 19, 21, 22, 25, 27, 29, 32, 39, 50, 53, 62, 66, 68, 76, 104, 114, 117, 122, 186, 187]
Min Correction Subset: [2, 31, 35]
Iter 197: 
Min Hitting Set: [1, 2, 3, 4, 14, 18, 19, 23, 25, 27, 29, 31, 35, 62, 66, 68, 95, 99, 104, 114, 117, 121, 122, 186, 187]
Min Correction Subset: [28, 44, 61, 73]
Iter 198: 
Min Hitting Set: [1, 2, 3, 4, 18, 19, 22, 27, 29, 31, 35, 38, 39, 53, 61, 62, 66, 68, 76, 104, 117, 121, 122, 186, 187]
Min Correction Subset: [25, 99, 102, 114]
Iter 199: 
Min Hitting Set: [1, 2, 3, 4, 18, 19, 21, 22, 27, 29, 31, 35, 38, 53, 61, 66, 68, 74, 76, 114, 117, 121, 122, 186, 187]
Min Correction Subset: [14, 62, 95, 127]
Iter 200: 
Min Hitting Set: [1, 2, 3, 4, 15, 18, 19, 23, 25, 27, 29, 31, 32, 35, 53, 61, 62, 66, 68, 104, 114, 117, 121, 186, 187]
Min Correction Subset: [11, 39, 99, 122]
Iter 201: 
Min Hitting Set: [1, 2, 3, 4, 18, 19, 22, 27, 29, 31, 35, 38, 53, 61, 62, 66, 68, 76, 104, 114, 117, 121, 122, 186, 187]
Min Correction Subset: [11, 39, 99, 137]
Iter 202: 
Min Hitting Set: [1, 2, 3, 4, 18, 19, 22, 27, 29, 31, 35, 38, 61, 62, 66, 68, 76, 99, 104, 114, 117, 121, 122, 186, 187]
Min Correction Subset: [25, 39, 45, 53]
Iter 203: 
Min Hitting Set: [1, 2, 3, 4, 6, 11, 14, 18, 19, 23, 25, 27, 29, 31, 35, 61, 66, 68, 74, 104, 114, 121, 122, 186, 187]
Min Correction Subset: [10, 39, 89, 99]
Iter 204: 
Min Hitting Set: [1, 2, 3, 4, 14, 18, 19, 22, 27, 29, 35, 38, 39, 50, 61, 62, 66, 68, 74, 76, 104, 114, 122, 186, 187]
Min Correction Subset: [6, 31, 99, 117]
Iter 205: 
Min Hitting Set: [1, 3, 4, 10, 11, 14, 18, 19, 23, 25, 27, 29, 31, 35, 61, 62, 66, 68, 104, 114, 117, 121, 122, 186, 187]
Min Correction Subset: [2, 28, 39, 53]
Iter 206: 
Min Hitting Set: [2, 3, 4, 11, 14, 18, 19, 21, 22, 25, 27, 29, 31, 39, 61, 68, 74, 76, 95, 99, 114, 117, 121, 122, 186, 187]
Min Correction Subset: [1, 66, 75]
Iter 207: 
Min Hitting Set: [2, 3, 4, 11, 14, 18, 19, 21, 22, 25, 27, 29, 31, 39, 61, 68, 74, 75, 76, 95, 99, 117, 121, 122, 186, 187]
Min Correction Subset: [35, 62, 66]
Iter 208: 
Min Hitting Set: [2, 3, 4, 11, 14, 18, 19, 21, 22, 27, 29, 31, 39, 61, 62, 68, 74, 75, 76, 95, 99, 117, 121, 122, 186, 187]
Min Correction Subset: [1, 44, 66]
Iter 209: 
Min Hitting Set: [1, 2, 3, 4, 14, 18, 19, 22, 25, 27, 29, 31, 35, 38, 39, 61, 62, 66, 68, 104, 114, 117, 121, 122, 186, 187]
Min Correction Subset: [23, 28, 76, 124]
Iter 210: 
Min Hitting Set: [1, 2, 3, 4, 6, 7, 14, 18, 19, 23, 25, 27, 29, 35, 39, 50, 61, 66, 68, 95, 99, 104, 121, 122, 186, 187]
Min Correction Subset: [31, 62, 76, 127]
Iter 211: 
Min Hitting Set: [1, 2, 3, 4, 18, 19, 22, 27, 29, 31, 35, 38, 53, 61, 62, 66, 68, 76, 99, 104, 114, 117, 121, 122, 186, 187]
Min Correction Subset: [7, 25, 39, 74]
Iter 212: 
Min Hitting Set: [1, 2, 3, 4, 7, 14, 18, 19, 21, 22, 27, 29, 31, 39, 61, 62, 66, 68, 76, 95, 99, 104, 121, 122, 186, 187]
Min Correction Subset: [6, 25, 35, 117]
Iter 213: 
Min Hitting Set: [2, 3, 4, 10, 11, 15, 18, 19, 23, 25, 27, 29, 31, 35, 39, 61, 62, 66, 75, 95, 104, 117, 121, 122, 186, 187]
Min Correction Subset: [68, 97, 114]
Iter 214: 
Min Hitting Set: [3, 4, 10, 11, 14, 18, 19, 23, 25, 27, 28, 29, 31, 35, 39, 61, 62, 66, 97, 104, 114, 117, 121, 122, 186, 187]
Min Correction Subset: [1, 22, 46, 68]
Instance: paths-100-200-860000
----------------------------
Query: 10
Query element:64
Query element:102
Query scope: 9
----------------------------
IIS optimality: suboptimal
IIS solution time: 36037.624
IIS Constraint: 3; goods; {good:3}
IIS Constraint: 4; goods; {good:4}
IIS Constraint: 10; goods; {good:10}
IIS Constraint: 11; goods; {good:11}
IIS Constraint: 14; goods; {good:14}
IIS Constraint: 18; goods; {good:18}
IIS Constraint: 19; goods; {good:19}
IIS Constraint: 23; goods; {good:23}
IIS Constraint: 25; goods; {good:25}
IIS Constraint: 27; goods; {good:27}
IIS Constraint: 28; goods; {good:28}
IIS Constraint: 29; goods; {good:29}
IIS Constraint: 31; goods; {good:31}
IIS Constraint: 35; goods; {good:35}
IIS Constraint: 39; goods; {good:39}
IIS Constraint: 61; goods; {good:61}
IIS Constraint: 62; goods; {good:62}
IIS Constraint: 66; goods; {good:66}
IIS Constraint: 97; goods; {good:97}
IIS Constraint: 104; goods; {good:104}
IIS Constraint: 114; goods; {good:114}
IIS Constraint: 117; goods; {good:117}
IIS Constraint: 121; goods; {good:121}
IIS Constraint: 122; goods; {good:122}
IIS Constraint: 186; query; {goods:[64,102],query:10}
IIS Constraint: 187; max; {f:25.151792,objective:max}
