IIS generation
Iter 1: 
Min Hitting Set: []
Min Correction Subset: [137]
Iter 2: 
Min Hitting Set: [137]
Min Correction Subset: [74]
Iter 3: 
Min Hitting Set: [74, 137]
Min Correction Subset: [31]
Iter 4: 
Min Hitting Set: [31, 74, 137]
Min Correction Subset: [46]
Iter 5: 
Min Hitting Set: [31, 46, 74, 137]
Min Correction Subset: [12]
Iter 6: 
Min Hitting Set: [12, 31, 46, 74, 137]
Min Correction Subset: [85]
Iter 7: 
Min Hitting Set: [12, 31, 46, 74, 85, 137]
Min Correction Subset: [67]
Iter 8: 
Min Hitting Set: [12, 31, 46, 67, 74, 85, 137]
Min Correction Subset: [70]
Iter 9: 
Min Hitting Set: [12, 31, 46, 67, 70, 74, 85, 137]
Min Correction Subset: [39]
Iter 10: 
Min Hitting Set: [12, 31, 39, 46, 67, 70, 74, 85, 137]
Min Correction Subset: [83]
Iter 11: 
Min Hitting Set: [12, 31, 39, 46, 67, 70, 74, 83, 85, 137]
Min Correction Subset: [29]
Iter 12: 
Min Hitting Set: [12, 29, 31, 39, 46, 67, 70, 74, 83, 85, 137]
Min Correction Subset: [13]
Iter 13: 
Min Hitting Set: [12, 13, 29, 31, 39, 46, 67, 70, 74, 83, 85, 137]
Min Correction Subset: [44]
Iter 14: 
Min Hitting Set: [12, 13, 29, 31, 39, 44, 46, 67, 70, 74, 83, 85, 137]
Min Correction Subset: [53]
Iter 15: 
Min Hitting Set: [12, 13, 29, 31, 39, 44, 46, 53, 67, 70, 74, 83, 85, 137]
Min Correction Subset: [75]
Iter 16: 
Min Hitting Set: [12, 13, 29, 31, 39, 44, 46, 53, 67, 70, 74, 75, 83, 85, 137]
Min Correction Subset: [81]
Iter 17: 
Min Hitting Set: [12, 13, 29, 31, 39, 44, 46, 53, 67, 70, 74, 75, 81, 83, 85, 137]
Min Correction Subset: [94]
Iter 18: 
Min Hitting Set: [12, 13, 29, 31, 39, 44, 46, 53, 67, 70, 74, 75, 81, 83, 85, 94, 137]
Min Correction Subset: [77]
Iter 19: 
Min Hitting Set: [12, 13, 29, 31, 39, 44, 46, 53, 67, 70, 74, 75, 77, 81, 83, 85, 94, 137]
Min Correction Subset: [7]
Iter 20: 
Min Hitting Set: [7, 12, 13, 29, 31, 39, 44, 46, 53, 67, 70, 74, 75, 77, 81, 83, 85, 94, 137]
Min Correction Subset: [54]
Iter 21: 
Min Hitting Set: [7, 12, 13, 29, 31, 39, 44, 46, 53, 54, 67, 70, 74, 75, 77, 81, 83, 85, 94, 137]
Min Correction Subset: [55]
Iter 22: 
Min Hitting Set: [7, 12, 13, 29, 31, 39, 44, 46, 53, 54, 55, 67, 70, 74, 75, 77, 81, 83, 85, 94, 137]
Min Correction Subset: [68]
Iter 23: 
Min Hitting Set: [7, 12, 13, 29, 31, 39, 44, 46, 53, 54, 55, 67, 68, 70, 74, 75, 77, 81, 83, 85, 94, 137]
Min Correction Subset: [36]
Iter 24: 
Min Hitting Set: [7, 12, 13, 29, 31, 36, 39, 44, 46, 53, 54, 55, 67, 68, 70, 74, 75, 77, 81, 83, 85, 94, 137]
Min Correction Subset: [78]
Iter 25: 
Min Hitting Set: [7, 12, 13, 29, 31, 36, 39, 44, 46, 53, 54, 55, 67, 68, 70, 74, 75, 77, 78, 81, 83, 85, 94, 137]
Min Correction Subset: [3]
Iter 26: 
Min Hitting Set: [3, 7, 12, 13, 29, 31, 36, 39, 44, 46, 53, 54, 55, 67, 68, 70, 74, 75, 77, 78, 81, 83, 85, 94, 137]
Min Correction Subset: [6]
Iter 27: 
Min Hitting Set: [3, 6, 7, 12, 13, 29, 31, 36, 39, 44, 46, 53, 54, 55, 67, 68, 70, 74, 75, 77, 78, 81, 83, 85, 94, 137]
Min Correction Subset: [22]
Iter 28: 
Min Hitting Set: [3, 6, 7, 12, 13, 22, 29, 31, 36, 39, 44, 46, 53, 54, 55, 67, 68, 70, 74, 75, 77, 78, 81, 83, 85, 94, 137]
Min Correction Subset: [11, 136]
Iter 29: 
Min Hitting Set: [3, 6, 7, 11, 12, 13, 22, 29, 31, 36, 39, 44, 46, 53, 54, 55, 67, 68, 70, 74, 75, 77, 78, 81, 83, 85, 94, 137]
Min Correction Subset: [57, 86]
Iter 30: 
Min Hitting Set: [3, 6, 7, 11, 12, 13, 22, 29, 31, 36, 39, 44, 46, 53, 54, 55, 57, 67, 68, 70, 74, 75, 77, 78, 81, 83, 85, 94, 137]
Min Correction Subset: [86, 136]
Iter 31: 
Min Hitting Set: [3, 6, 7, 12, 13, 22, 29, 31, 36, 39, 44, 46, 53, 54, 55, 67, 68, 70, 74, 75, 77, 78, 81, 83, 85, 86, 94, 136, 137]
Min Correction Subset: [62, 63]
Iter 32: 
Min Hitting Set: [3, 6, 7, 12, 13, 22, 29, 31, 36, 39, 44, 46, 53, 54, 55, 62, 67, 68, 70, 74, 75, 77, 78, 81, 83, 85, 86, 94, 136, 137]
Min Correction Subset: [63, 128]
Iter 33: 
Min Hitting Set: [3, 6, 7, 12, 13, 22, 29, 31, 36, 39, 44, 46, 53, 54, 55, 63, 67, 68, 70, 74, 75, 77, 78, 81, 83, 85, 86, 94, 136, 137]
Min Correction Subset: [51, 61]
Iter 34: 
Min Hitting Set: [3, 6, 7, 12, 13, 22, 29, 31, 36, 39, 44, 46, 51, 53, 54, 55, 63, 67, 68, 70, 74, 75, 77, 78, 81, 83, 85, 86, 94, 136, 137]
Min Correction Subset: [47, 56]
Instance: regions-100-200-450000
----------------------------
Query: 3
Query element:139
Query element:29
Query scope: 139
Query scope: 29
----------------------------
IIS optimality: suboptimal
IIS solution time: 36019.232
IIS Constraint: 3; goods; {good:3}
IIS Constraint: 6; goods; {good:6}
IIS Constraint: 7; goods; {good:7}
IIS Constraint: 12; goods; {good:12}
IIS Constraint: 13; goods; {good:13}
IIS Constraint: 22; goods; {good:22}
IIS Constraint: 29; goods; {good:29}
IIS Constraint: 31; goods; {good:31}
IIS Constraint: 36; goods; {good:36}
IIS Constraint: 39; goods; {good:39}
IIS Constraint: 44; goods; {good:44}
IIS Constraint: 46; goods; {good:46}
IIS Constraint: 51; goods; {good:51}
IIS Constraint: 53; goods; {good:53}
IIS Constraint: 54; goods; {good:54}
IIS Constraint: 55; goods; {good:55}
IIS Constraint: 63; goods; {good:63}
IIS Constraint: 67; goods; {good:67}
IIS Constraint: 68; goods; {good:68}
IIS Constraint: 70; goods; {good:70}
IIS Constraint: 74; goods; {good:74}
IIS Constraint: 75; goods; {good:75}
IIS Constraint: 77; goods; {good:77}
IIS Constraint: 78; goods; {good:78}
IIS Constraint: 81; goods; {good:81}
IIS Constraint: 83; goods; {good:83}
IIS Constraint: 85; goods; {good:85}
IIS Constraint: 86; goods; {good:86}
IIS Constraint: 94; goods; {good:94}
IIS Constraint: 136; query; {bid:29,query:3}
IIS Constraint: 137; max; {f:5767.7728,objective:max}
