IIS generation
Iter 1: 
Min Hitting Set: []
Min Correction Subset: [137]
Iter 2: 
Min Hitting Set: [137]
Min Correction Subset: [47]
Iter 3: 
Min Hitting Set: [47, 137]
Min Correction Subset: [136]
Iter 4: 
Min Hitting Set: [47, 136, 137]
Min Correction Subset: [87, 88]
Iter 5: 
Min Hitting Set: [47, 87, 136, 137]
Min Correction Subset: [61, 86]
Iter 6: 
Min Hitting Set: [47, 61, 87, 136, 137]
Min Correction Subset: [23, 35]
Iter 7: 
Min Hitting Set: [23, 47, 61, 87, 136, 137]
Min Correction Subset: [66, 73]
Iter 8: 
Min Hitting Set: [23, 47, 61, 66, 87, 136, 137]
Min Correction Subset: [19, 64]
Iter 9: 
Min Hitting Set: [19, 23, 47, 61, 66, 87, 136, 137]
Min Correction Subset: [48, 49]
Iter 10: 
Min Hitting Set: [19, 23, 47, 48, 61, 66, 87, 136, 137]
Min Correction Subset: [21, 34]
Iter 11: 
Min Hitting Set: [19, 21, 23, 47, 48, 61, 66, 87, 136, 137]
Min Correction Subset: [64, 75]
Iter 12: 
Min Hitting Set: [21, 23, 47, 48, 61, 64, 66, 87, 136, 137]
Min Correction Subset: [5, 72]
Iter 13: 
Min Hitting Set: [5, 21, 23, 47, 48, 61, 64, 66, 87, 136, 137]
Min Correction Subset: [8, 19]
Iter 14: 
Min Hitting Set: [5, 19, 21, 23, 47, 48, 61, 64, 66, 87, 136, 137]
Min Correction Subset: [75, 112]
Iter 15: 
Min Hitting Set: [5, 19, 21, 23, 47, 48, 61, 66, 75, 87, 136, 137]
Min Correction Subset: [31, 35]
Iter 16: 
Min Hitting Set: [5, 19, 21, 35, 47, 48, 61, 66, 75, 87, 136, 137]
Min Correction Subset: [37, 40, 43]
Iter 17: 
Min Hitting Set: [5, 19, 21, 35, 37, 47, 48, 61, 66, 75, 87, 136, 137]
Min Correction Subset: [3, 13, 73]
Iter 18: 
Min Hitting Set: [5, 19, 21, 35, 37, 47, 48, 61, 73, 75, 87, 136, 137]
Min Correction Subset: [58, 68, 88]
Iter 19: 
Min Hitting Set: [5, 19, 21, 35, 37, 47, 48, 61, 73, 75, 88, 136, 137]
Min Correction Subset: [66, 67, 119]
Iter 20: 
Min Hitting Set: [5, 19, 21, 35, 37, 47, 48, 61, 66, 73, 75, 88, 136, 137]
Min Correction Subset: [2, 15, 26]
Iter 21: 
Min Hitting Set: [2, 5, 19, 21, 35, 37, 47, 48, 61, 66, 73, 75, 88, 136, 137]
Min Correction Subset: [58, 63, 68]
Iter 22: 
Min Hitting Set: [2, 5, 19, 21, 35, 37, 47, 48, 61, 66, 68, 73, 75, 88, 136, 137]
Min Correction Subset: [15, 23, 24]
Iter 23: 
Min Hitting Set: [5, 15, 19, 21, 35, 37, 47, 48, 61, 66, 68, 73, 75, 87, 136, 137]
Min Correction Subset: [26, 74, 82]
Iter 24: 
Min Hitting Set: [5, 19, 21, 23, 26, 35, 37, 47, 48, 61, 66, 68, 73, 75, 87, 136, 137]
Min Correction Subset: [31, 42, 86]
Iter 25: 
Min Hitting Set: [5, 19, 21, 23, 26, 31, 37, 47, 48, 58, 66, 73, 75, 86, 88, 136, 137]
Min Correction Subset: [68, 74, 82]
Iter 26: 
Min Hitting Set: [5, 19, 21, 23, 26, 35, 37, 47, 48, 66, 68, 73, 75, 86, 88, 136, 137]
Min Correction Subset: [2, 3, 13]
Iter 27: 
Min Hitting Set: [5, 13, 19, 21, 23, 26, 35, 37, 47, 48, 66, 68, 75, 86, 87, 136, 137]
Min Correction Subset: [61, 73]
Iter 28: 
Min Hitting Set: [5, 13, 19, 21, 23, 26, 31, 37, 47, 48, 61, 66, 68, 75, 87, 136, 137]
Min Correction Subset: [73, 74, 86]
Iter 29: 
Min Hitting Set: [5, 13, 19, 21, 23, 26, 31, 37, 47, 48, 61, 66, 68, 73, 75, 88, 136, 137]
Min Correction Subset: [80, 90, 91]
Iter 30: 
Min Hitting Set: [5, 13, 19, 21, 23, 26, 31, 37, 47, 48, 61, 66, 68, 73, 75, 80, 88, 136, 137]
Min Correction Subset: [42, 43, 52]
Iter 31: 
Min Hitting Set: [3, 5, 19, 21, 23, 26, 31, 43, 47, 48, 61, 66, 68, 73, 75, 80, 87, 136, 137]
Min Correction Subset: [34, 37, 38]
Iter 32: 
Min Hitting Set: [5, 13, 19, 23, 26, 31, 34, 43, 47, 48, 61, 66, 68, 73, 75, 80, 88, 136, 137]
Min Correction Subset: [21, 52]
Iter 33: 
Min Hitting Set: [5, 13, 15, 19, 21, 35, 37, 42, 47, 48, 61, 66, 68, 74, 75, 80, 88, 136, 137]
Min Correction Subset: [46, 49, 59]
Iter 34: 
Min Hitting Set: [5, 13, 15, 19, 21, 35, 37, 42, 47, 49, 61, 66, 68, 74, 75, 80, 87, 136, 137]
Min Correction Subset: [2, 4, 62]
Iter 35: 
Min Hitting Set: [2, 5, 19, 21, 23, 31, 37, 47, 49, 52, 66, 68, 73, 74, 75, 80, 86, 87, 136, 137]
Min Correction Subset: [34, 35, 46]
Iter 36: 
Min Hitting Set: [2, 5, 19, 21, 23, 35, 37, 47, 49, 52, 66, 68, 73, 74, 75, 80, 86, 88, 136, 137]
Min Correction Subset: [15, 61, 77]
Iter 37: 
Min Hitting Set: [2, 5, 15, 19, 34, 35, 43, 47, 49, 52, 66, 68, 73, 74, 75, 80, 86, 87, 136, 137]
Min Correction Subset: [21, 31]
Iter 38: 
Min Hitting Set: [2, 5, 19, 23, 31, 34, 43, 47, 49, 52, 61, 66, 68, 73, 74, 75, 80, 87, 136, 137]
Min Correction Subset: [20, 21, 64]
Iter 39: 
Min Hitting Set: [2, 5, 19, 21, 23, 35, 37, 42, 47, 49, 61, 66, 68, 73, 74, 75, 80, 87, 136, 137]
Min Correction Subset: [12, 43, 67]
Iter 40: 
Min Hitting Set: [2, 5, 19, 21, 23, 35, 37, 42, 47, 49, 61, 67, 68, 73, 74, 75, 80, 87, 136, 137]
Min Correction Subset: [15, 26, 82]
Iter 41: 
Min Hitting Set: [2, 5, 19, 21, 23, 26, 35, 37, 42, 47, 49, 61, 67, 68, 73, 75, 80, 87, 136, 137]
Min Correction Subset: [4, 31, 62]
Iter 42: 
Min Hitting Set: [2, 5, 19, 21, 23, 26, 31, 34, 43, 47, 49, 61, 66, 68, 73, 75, 80, 88, 136, 137]
Min Correction Subset: [6, 8, 37]
Iter 43: 
Min Hitting Set: [2, 5, 8, 19, 21, 23, 26, 31, 34, 43, 47, 49, 61, 66, 68, 73, 75, 80, 88, 136, 137]
Min Correction Subset: [37, 38, 82]
Iter 44: 
Min Hitting Set: [3, 4, 5, 15, 19, 21, 35, 37, 42, 47, 49, 61, 66, 67, 68, 74, 75, 80, 88, 136, 137]
Min Correction Subset: [53, 63, 73]
Iter 45: 
Min Hitting Set: [3, 4, 5, 15, 19, 21, 35, 37, 42, 47, 49, 61, 63, 66, 67, 74, 75, 80, 88, 136, 137]
Min Correction Subset: [7, 48, 68]
Iter 46: 
Min Hitting Set: [2, 5, 19, 21, 23, 26, 31, 37, 42, 46, 47, 49, 61, 67, 68, 73, 75, 80, 88, 136, 137]
Min Correction Subset: [15, 30, 77]
Iter 47: 
Min Hitting Set: [2, 5, 15, 19, 21, 31, 35, 37, 43, 47, 49, 67, 68, 73, 75, 80, 82, 86, 88, 136, 137]
Min Correction Subset: [26, 60, 74]
Iter 48: 
Min Hitting Set: [2, 4, 5, 15, 19, 21, 35, 37, 42, 47, 49, 67, 68, 73, 74, 75, 80, 86, 88, 136, 137]
Min Correction Subset: [61, 64, 84]
Iter 49: 
Min Hitting Set: [2, 5, 15, 19, 21, 31, 35, 37, 42, 47, 49, 61, 67, 68, 73, 74, 75, 80, 88, 136, 137]
Min Correction Subset: [52, 54, 64]
Iter 50: 
Min Hitting Set: [2, 5, 15, 19, 21, 31, 35, 37, 47, 49, 52, 61, 67, 68, 73, 74, 75, 80, 88, 136, 137]
Min Correction Subset: [3, 13, 14]
Iter 51: 
Min Hitting Set: [5, 13, 15, 19, 21, 35, 37, 42, 47, 49, 61, 62, 64, 67, 68, 73, 74, 75, 80, 88, 136, 137]
Min Correction Subset: [2, 20, 30]
Iter 52: 
Min Hitting Set: [2, 5, 13, 15, 19, 21, 26, 31, 35, 37, 47, 49, 52, 61, 67, 68, 73, 75, 80, 88, 136, 137]
Min Correction Subset: [30, 74, 86]
Iter 53: 
Min Hitting Set: [2, 3, 5, 15, 19, 21, 31, 35, 37, 47, 49, 52, 61, 67, 68, 73, 74, 75, 80, 88, 136, 137]
Min Correction Subset: [40, 42, 43, 66]
Iter 54: 
Min Hitting Set: [3, 5, 19, 21, 23, 26, 30, 35, 37, 42, 47, 49, 52, 61, 62, 67, 68, 73, 75, 80, 88, 136, 137]
Min Correction Subset: [66, 82, 96, 97]
Iter 55: 
Min Hitting Set: [2, 3, 5, 15, 19, 21, 31, 35, 37, 47, 49, 52, 61, 66, 67, 68, 73, 74, 75, 80, 88, 136, 137]
Min Correction Subset: [40, 43, 50, 96]
Iter 56: 
Min Hitting Set: [2, 3, 5, 8, 15, 21, 31, 35, 37, 43, 47, 48, 49, 61, 63, 64, 66, 74, 75, 80, 88, 136, 137]
Min Correction Subset: [19, 72]
Iter 57: 
Min Hitting Set: [2, 4, 13, 15, 19, 21, 26, 35, 37, 43, 47, 49, 64, 66, 68, 72, 73, 75, 80, 86, 88, 136, 137]
Min Correction Subset: [5, 61]
Iter 58: 
Min Hitting Set: [2, 5, 13, 15, 19, 21, 26, 31, 35, 37, 43, 47, 49, 64, 66, 68, 73, 75, 80, 86, 88, 136, 137]
Min Correction Subset: [40, 61, 71]
Iter 59: 
Min Hitting Set: [2, 5, 13, 15, 19, 21, 31, 35, 37, 43, 47, 49, 61, 63, 64, 66, 68, 74, 75, 80, 88, 136, 137]
Min Correction Subset: [48, 59, 73]
Iter 60: 
Min Hitting Set: [2, 13, 15, 19, 21, 31, 35, 37, 43, 47, 49, 52, 61, 66, 68, 72, 73, 74, 75, 80, 88, 136, 137]
Min Correction Subset: [5, 9]
Iter 61: 
Min Hitting Set: [2, 5, 13, 15, 19, 21, 31, 35, 37, 43, 47, 48, 59, 61, 63, 64, 66, 74, 75, 80, 88, 136, 137]
Min Correction Subset: [40, 82, 96, 97]
Iter 62: 
Min Hitting Set: [4, 5, 13, 19, 21, 23, 26, 30, 35, 37, 42, 47, 49, 61, 64, 67, 68, 73, 75, 80, 88, 96, 136, 137]
Min Correction Subset: [32, 43, 52]
Iter 63: 
Min Hitting Set: [2, 5, 13, 15, 19, 21, 31, 35, 37, 42, 47, 49, 52, 61, 67, 68, 73, 74, 75, 80, 88, 96, 136, 137]
Min Correction Subset: [9, 26, 54, 63]
Iter 64: 
Min Hitting Set: [5, 13, 15, 19, 21, 26, 30, 35, 37, 42, 47, 49, 52, 61, 62, 67, 68, 73, 75, 80, 88, 96, 136, 137]
Min Correction Subset: [2, 23, 24]
Iter 65: 
Min Hitting Set: [2, 5, 13, 15, 19, 21, 31, 35, 37, 43, 47, 48, 49, 52, 61, 63, 66, 74, 75, 80, 88, 96, 136, 137]
Min Correction Subset: [26, 58, 67, 68]
Iter 66: 
Min Hitting Set: [3, 4, 5, 19, 21, 23, 26, 30, 35, 37, 42, 47, 49, 52, 61, 67, 68, 73, 75, 80, 88, 96, 136, 137]
Min Correction Subset: [2, 14, 24, 63]
Iter 67: 
Min Hitting Set: [2, 5, 13, 15, 19, 21, 31, 35, 37, 43, 47, 49, 54, 61, 67, 68, 73, 74, 75, 80, 88, 96, 136, 137]
Min Correction Subset: [42, 52, 64]
Iter 68: 
Min Hitting Set: [2, 3, 5, 15, 19, 21, 31, 35, 37, 47, 48, 49, 52, 61, 63, 66, 67, 74, 75, 80, 88, 96, 136, 137]
Min Correction Subset: [23, 34, 40, 62]
Iter 69: 
Min Hitting Set: [2, 5, 13, 15, 19, 21, 31, 35, 37, 40, 47, 48, 49, 52, 61, 63, 66, 67, 74, 75, 80, 88, 136, 137]
Min Correction Subset: [14, 42, 56, 68]
Iter 70: 
Min Hitting Set: [3, 5, 19, 21, 24, 26, 30, 35, 37, 42, 47, 49, 52, 61, 62, 67, 68, 73, 75, 80, 88, 96, 136, 137]
Min Correction Subset: [2, 48, 56, 58]
Iter 71: 
Min Hitting Set: [2, 5, 14, 15, 19, 21, 26, 31, 35, 37, 40, 43, 47, 49, 64, 66, 68, 73, 75, 80, 86, 88, 136, 137]
Min Correction Subset: [52, 61, 71]
Iter 72: 
Min Hitting Set: [2, 5, 13, 19, 21, 23, 26, 30, 31, 37, 40, 46, 47, 49, 52, 61, 67, 68, 73, 75, 80, 88, 96, 136, 137]
Min Correction Subset: [3, 4, 35]
Iter 73: 
Min Hitting Set: [2, 3, 5, 15, 19, 21, 26, 35, 37, 42, 47, 49, 52, 61, 62, 67, 68, 73, 75, 80, 86, 88, 96, 136, 137]
Min Correction Subset: [23, 24, 33, 34]
Iter 74: 
Min Hitting Set: [2, 3, 5, 15, 19, 21, 23, 31, 37, 43, 46, 47, 48, 61, 63, 64, 66, 68, 74, 75, 80, 88, 96, 136, 137]
Min Correction Subset: [49, 59, 73]
Iter 75: 
Min Hitting Set: [2, 3, 5, 19, 21, 23, 26, 30, 35, 37, 42, 47, 49, 52, 61, 62, 67, 68, 73, 75, 80, 88, 96, 136, 137]
Min Correction Subset: [15, 27, 38, 43]
Iter 76: 
Min Hitting Set: [2, 3, 5, 19, 21, 23, 26, 30, 31, 34, 37, 43, 47, 49, 61, 64, 67, 68, 73, 75, 80, 88, 96, 136, 137]
Min Correction Subset: [15, 25, 35]
Iter 77: 
Min Hitting Set: [2, 5, 14, 15, 19, 26, 31, 34, 35, 37, 40, 47, 49, 52, 64, 67, 68, 73, 75, 80, 86, 88, 96, 136, 137]
Min Correction Subset: [21, 87]
Iter 78: 
Min Hitting Set: [2, 3, 5, 15, 19, 21, 23, 31, 37, 42, 46, 47, 48, 52, 61, 63, 67, 73, 74, 75, 80, 88, 96, 136, 137]
Min Correction Subset: [49, 59, 82]
Iter 79: 
Min Hitting Set: [2, 5, 14, 19, 21, 24, 26, 30, 31, 35, 37, 40, 43, 47, 49, 61, 64, 66, 68, 73, 75, 80, 87, 136, 137]
Min Correction Subset: [3, 4, 13, 23]
Iter 80: 
Min Hitting Set: [2, 3, 8, 9, 15, 23, 31, 34, 43, 47, 49, 52, 61, 64, 66, 68, 72, 73, 74, 75, 80, 82, 87, 136, 137]
Min Correction Subset: [5, 19]
Iter 81: 
Min Hitting Set: [2, 3, 5, 19, 21, 23, 26, 30, 31, 35, 37, 43, 47, 49, 61, 64, 66, 68, 73, 75, 80, 88, 96, 136, 137]
Min Correction Subset: [14, 24, 63, 72]
Iter 82: 
Min Hitting Set: [2, 5, 14, 19, 21, 23, 26, 30, 31, 35, 37, 43, 47, 49, 52, 61, 66, 68, 73, 75, 80, 88, 96, 136, 137]
Min Correction Subset: [50, 60, 64, 91]
Iter 83: 
Min Hitting Set: [2, 5, 14, 19, 21, 23, 26, 30, 31, 35, 37, 43, 47, 49, 52, 61, 66, 68, 73, 75, 88, 91, 96, 136, 137]
Min Correction Subset: [80, 82, 90]
Iter 84: 
Min Hitting Set: [2, 5, 14, 19, 21, 23, 26, 30, 31, 35, 37, 43, 47, 49, 52, 61, 66, 68, 73, 75, 82, 88, 91, 136, 137]
Min Correction Subset: [62, 74, 96, 97]
Iter 85: 
Min Hitting Set: [2, 5, 14, 19, 21, 23, 26, 30, 31, 35, 37, 43, 47, 49, 61, 64, 67, 68, 73, 75, 88, 90, 96, 136, 137]
Min Correction Subset: [34, 50, 71, 81]
Iter 86: 
Min Hitting Set: [2, 3, 5, 8, 15, 21, 26, 31, 34, 35, 43, 47, 49, 61, 64, 66, 68, 72, 73, 74, 75, 82, 88, 91, 136, 137]
Min Correction Subset: [19, 29]
Iter 87: 
Min Hitting Set: [2, 4, 5, 14, 15, 19, 21, 26, 34, 35, 37, 40, 47, 49, 52, 64, 67, 68, 73, 75, 86, 88, 90, 96, 136, 137]
Min Correction Subset: [20, 38, 61]
Iter 88: 
Min Hitting Set: [2, 3, 5, 15, 19, 23, 31, 34, 37, 40, 47, 49, 52, 61, 63, 64, 67, 68, 73, 74, 75, 87, 90, 96, 136, 137]
Min Correction Subset: [20, 21, 30]
Iter 89: 
Min Hitting Set: [2, 3, 5, 15, 19, 21, 23, 31, 34, 37, 43, 47, 48, 49, 61, 63, 64, 66, 68, 74, 75, 82, 87, 91, 136, 137]
Min Correction Subset: [46, 73, 88]
Iter 90: 
Min Hitting Set: [2, 3, 5, 15, 19, 21, 31, 34, 35, 37, 43, 47, 49, 59, 61, 63, 64, 66, 68, 74, 75, 88, 90, 96, 136, 137]
Min Correction Subset: [26, 48, 73]
Iter 91: 
Min Hitting Set: [2, 3, 5, 15, 19, 21, 31, 34, 35, 37, 43, 47, 49, 61, 63, 64, 66, 68, 73, 74, 75, 87, 90, 96, 136, 137]
Min Correction Subset: [46, 82, 91, 132]
Iter 92: 
Min Hitting Set: [2, 3, 5, 15, 19, 20, 31, 34, 35, 37, 40, 47, 49, 52, 61, 63, 67, 68, 73, 74, 75, 82, 87, 91, 136, 137]
Min Correction Subset: [21, 54, 78]
Iter 93: 
Min Hitting Set: [2, 3, 5, 15, 19, 21, 23, 31, 34, 37, 43, 47, 48, 52, 59, 61, 63, 66, 68, 74, 75, 82, 88, 91, 136, 137]
Min Correction Subset: [54, 90, 96, 97]
Iter 94: 
Min Hitting Set: [2, 3, 5, 15, 19, 21, 31, 34, 35, 37, 43, 47, 49, 61, 63, 64, 66, 68, 73, 74, 75, 82, 88, 90, 136, 137]
Min Correction Subset: [8, 60, 96, 97]
Iter 95: 
Min Hitting Set: [2, 4, 5, 8, 14, 15, 19, 21, 34, 35, 42, 43, 47, 49, 54, 61, 67, 68, 73, 74, 75, 82, 87, 91, 136, 137]
Min Correction Subset: [37, 38, 66]
Iter 96: 
Min Hitting Set: [2, 3, 5, 8, 15, 19, 21, 31, 34, 35, 43, 47, 49, 61, 63, 64, 66, 68, 73, 74, 75, 82, 88, 90, 136, 137]
Min Correction Subset: [6, 37, 96]
Iter 97: 
Min Hitting Set: [2, 3, 5, 15, 19, 21, 31, 34, 35, 37, 42, 47, 48, 49, 52, 61, 63, 66, 67, 74, 75, 82, 88, 91, 96, 136, 137]
Min Correction Subset: [43, 68, 77, 98]
Iter 98: 
Min Hitting Set: [2, 3, 5, 15, 19, 21, 31, 34, 35, 37, 43, 46, 47, 48, 49, 61, 63, 64, 66, 68, 74, 75, 87, 90, 96, 136, 137]
Min Correction Subset: [26, 30, 42, 82]
Iter 99: 
Min Hitting Set: [2, 4, 5, 14, 15, 19, 21, 26, 34, 35, 37, 43, 47, 49, 52, 61, 66, 68, 73, 75, 82, 86, 88, 91, 96, 136, 137]
Min Correction Subset: [23, 31, 67]
Iter 100: 
Min Hitting Set: [2, 4, 5, 14, 15, 19, 21, 26, 34, 35, 37, 43, 47, 49, 61, 64, 67, 68, 73, 75, 82, 86, 88, 91, 96, 136, 137]
Min Correction Subset: [31, 40, 42, 66]
Iter 101: 
Min Hitting Set: [2, 3, 5, 15, 19, 21, 31, 34, 35, 37, 47, 48, 49, 52, 61, 63, 66, 67, 68, 74, 75, 82, 88, 91, 96, 136, 137]
Min Correction Subset: [18, 26, 73, 132]
Iter 102: 
Min Hitting Set: [2, 4, 5, 14, 15, 19, 21, 34, 35, 37, 42, 43, 47, 49, 54, 61, 67, 68, 73, 74, 75, 82, 88, 91, 96, 136, 137]
Min Correction Subset: [30, 84, 94, 95]
Iter 103: 
Min Hitting Set: [2, 4, 5, 14, 15, 19, 21, 26, 30, 34, 35, 37, 42, 47, 49, 52, 61, 67, 68, 73, 75, 82, 88, 91, 96, 136, 137]
Min Correction Subset: [72, 80, 81, 90]
Iter 104: 
Min Hitting Set: [2, 3, 5, 19, 21, 24, 30, 34, 35, 37, 42, 43, 47, 49, 54, 60, 61, 62, 67, 68, 73, 75, 82, 88, 90, 136, 137]
Min Correction Subset: [15, 36, 44, 106]
Iter 105: 
Min Hitting Set: [2, 4, 5, 14, 15, 19, 21, 26, 30, 34, 35, 37, 42, 47, 49, 52, 61, 67, 68, 73, 75, 87, 90, 91, 96, 136, 137]
Min Correction Subset: [3, 13, 31, 62]
Iter 106: 
Min Hitting Set: [2, 4, 5, 14, 15, 19, 21, 26, 30, 31, 34, 35, 37, 43, 47, 49, 61, 64, 66, 68, 73, 75, 82, 87, 90, 96, 136, 137]
Min Correction Subset: [9, 50, 60, 91]
Iter 107: 
Min Hitting Set: [2, 3, 5, 15, 19, 21, 30, 34, 35, 37, 42, 47, 49, 50, 52, 60, 61, 62, 63, 67, 68, 73, 75, 82, 88, 90, 136, 137]
Min Correction Subset: [40, 66, 96, 97]
Instance: regions-100-200-330000
----------------------------
Query: 11
Query element:2
Query element:4
Query scope: 8
Query scope: 47
Query scope: 48
Query scope: 49
Query scope: 95
Query scope: 161
Query scope: 189
Query scope: 192
----------------------------
IIS optimality: suboptimal
IIS solution time: 36040.071
IIS Constraint: 2; goods; {good:2}
IIS Constraint: 3; goods; {good:3}
IIS Constraint: 5; goods; {good:5}
IIS Constraint: 15; goods; {good:15}
IIS Constraint: 19; goods; {good:19}
IIS Constraint: 21; goods; {good:21}
IIS Constraint: 30; goods; {good:30}
IIS Constraint: 34; goods; {good:34}
IIS Constraint: 35; goods; {good:35}
IIS Constraint: 37; goods; {good:37}
IIS Constraint: 42; goods; {good:42}
IIS Constraint: 47; goods; {good:47}
IIS Constraint: 49; goods; {good:49}
IIS Constraint: 50; goods; {good:50}
IIS Constraint: 52; goods; {good:52}
IIS Constraint: 60; goods; {good:60}
IIS Constraint: 61; goods; {good:61}
IIS Constraint: 62; goods; {good:62}
IIS Constraint: 63; goods; {good:63}
IIS Constraint: 67; goods; {good:67}
IIS Constraint: 68; goods; {good:68}
IIS Constraint: 73; goods; {good:73}
IIS Constraint: 75; goods; {good:75}
IIS Constraint: 82; goods; {good:82}
IIS Constraint: 88; goods; {good:88}
IIS Constraint: 90; goods; {good:90}
IIS Constraint: 136; query; {goods:[2,4],query:11}
IIS Constraint: 137; max; {f:5237.164000000001,objective:max}
