IIS generation
Iter 1: 
Min Hitting Set: []
Min Correction Subset: [140]
Iter 2: 
Min Hitting Set: [140]
Min Correction Subset: [12]
Iter 3: 
Min Hitting Set: [12, 140]
Min Correction Subset: [15]
Iter 4: 
Min Hitting Set: [12, 15, 140]
Min Correction Subset: [93]
Iter 5: 
Min Hitting Set: [12, 15, 93, 140]
Min Correction Subset: [26]
Iter 6: 
Min Hitting Set: [12, 15, 26, 93, 140]
Min Correction Subset: [23]
Iter 7: 
Min Hitting Set: [12, 15, 23, 26, 93, 140]
Min Correction Subset: [29]
Iter 8: 
Min Hitting Set: [12, 15, 23, 26, 29, 93, 140]
Min Correction Subset: [41]
Iter 9: 
Min Hitting Set: [12, 15, 23, 26, 29, 41, 93, 140]
Min Correction Subset: [54]
Iter 10: 
Min Hitting Set: [12, 15, 23, 26, 29, 41, 54, 93, 140]
Min Correction Subset: [85]
Iter 11: 
Min Hitting Set: [12, 15, 23, 26, 29, 41, 54, 85, 93, 140]
Min Correction Subset: [25]
Iter 12: 
Min Hitting Set: [12, 15, 23, 25, 26, 29, 41, 54, 85, 93, 140]
Min Correction Subset: [52]
Iter 13: 
Min Hitting Set: [12, 15, 23, 25, 26, 29, 41, 52, 54, 85, 93, 140]
Min Correction Subset: [98]
Iter 14: 
Min Hitting Set: [12, 15, 23, 25, 26, 29, 41, 52, 54, 85, 93, 98, 140]
Min Correction Subset: [78]
Iter 15: 
Min Hitting Set: [12, 15, 23, 25, 26, 29, 41, 52, 54, 78, 85, 93, 98, 140]
Min Correction Subset: [22]
Iter 16: 
Min Hitting Set: [12, 15, 22, 23, 25, 26, 29, 41, 52, 54, 78, 85, 93, 98, 140]
Min Correction Subset: [18]
Iter 17: 
Min Hitting Set: [12, 15, 18, 22, 23, 25, 26, 29, 41, 52, 54, 78, 85, 93, 98, 140]
Min Correction Subset: [14]
Iter 18: 
Min Hitting Set: [12, 14, 15, 18, 22, 23, 25, 26, 29, 41, 52, 54, 78, 85, 93, 98, 140]
Min Correction Subset: [79]
Iter 19: 
Min Hitting Set: [12, 14, 15, 18, 22, 23, 25, 26, 29, 41, 52, 54, 78, 79, 85, 93, 98, 140]
Min Correction Subset: [36]
Iter 20: 
Min Hitting Set: [12, 14, 15, 18, 22, 23, 25, 26, 29, 36, 41, 52, 54, 78, 79, 85, 93, 98, 140]
Min Correction Subset: [64]
Iter 21: 
Min Hitting Set: [12, 14, 15, 18, 22, 23, 25, 26, 29, 36, 41, 52, 54, 64, 78, 79, 85, 93, 98, 140]
Min Correction Subset: [139]
Iter 22: 
Min Hitting Set: [12, 14, 15, 18, 22, 23, 25, 26, 29, 36, 41, 52, 54, 64, 78, 79, 85, 93, 98, 139, 140]
Min Correction Subset: [66]
Iter 23: 
Min Hitting Set: [12, 14, 15, 18, 22, 23, 25, 26, 29, 36, 41, 52, 54, 64, 66, 78, 79, 85, 93, 98, 139, 140]
Min Correction Subset: [47]
Iter 24: 
Min Hitting Set: [12, 14, 15, 18, 22, 23, 25, 26, 29, 36, 41, 47, 52, 54, 64, 66, 78, 79, 85, 93, 98, 139, 140]
Min Correction Subset: [63]
Iter 25: 
Min Hitting Set: [12, 14, 15, 18, 22, 23, 25, 26, 29, 36, 41, 47, 52, 54, 63, 64, 66, 78, 79, 85, 93, 98, 139, 140]
Min Correction Subset: [43]
Iter 26: 
Min Hitting Set: [12, 14, 15, 18, 22, 23, 25, 26, 29, 36, 41, 43, 47, 52, 54, 63, 64, 66, 78, 79, 85, 93, 98, 139, 140]
Min Correction Subset: [53]
Iter 27: 
Min Hitting Set: [12, 14, 15, 18, 22, 23, 25, 26, 29, 36, 41, 43, 47, 52, 53, 54, 63, 64, 66, 78, 79, 85, 93, 98, 139, 140]
Min Correction Subset: [95]
Iter 28: 
Min Hitting Set: [12, 14, 15, 18, 22, 23, 25, 26, 29, 36, 41, 43, 47, 52, 53, 54, 63, 64, 66, 78, 79, 85, 93, 95, 98, 139, 140]
Min Correction Subset: [48]
Iter 29: 
Min Hitting Set: [12, 14, 15, 18, 22, 23, 25, 26, 29, 36, 41, 43, 47, 48, 52, 53, 54, 63, 64, 66, 78, 79, 85, 93, 95, 98, 139, 140]
Min Correction Subset: [16]
Iter 30: 
Min Hitting Set: [12, 14, 15, 16, 18, 22, 23, 25, 26, 29, 36, 41, 43, 47, 48, 52, 53, 54, 63, 64, 66, 78, 79, 85, 93, 95, 98, 139, 140]
Min Correction Subset: [7]
Iter 31: 
Min Hitting Set: [7, 12, 14, 15, 16, 18, 22, 23, 25, 26, 29, 36, 41, 43, 47, 48, 52, 53, 54, 63, 64, 66, 78, 79, 85, 93, 95, 98, 139, 140]
Min Correction Subset: [8]
Iter 32: 
Min Hitting Set: [7, 8, 12, 14, 15, 16, 18, 22, 23, 25, 26, 29, 36, 41, 43, 47, 48, 52, 53, 54, 63, 64, 66, 78, 79, 85, 93, 95, 98, 139, 140]
Min Correction Subset: [31]
Iter 33: 
Min Hitting Set: [7, 8, 12, 14, 15, 16, 18, 22, 23, 25, 26, 29, 31, 36, 41, 43, 47, 48, 52, 53, 54, 63, 64, 66, 78, 79, 85, 93, 95, 98, 139, 140]
Min Correction Subset: [90]
Iter 34: 
Min Hitting Set: [7, 8, 12, 14, 15, 16, 18, 22, 23, 25, 26, 29, 31, 36, 41, 43, 47, 48, 52, 53, 54, 63, 64, 66, 78, 79, 85, 90, 93, 95, 98, 139, 140]
Min Correction Subset: [33, 44]
Iter 35: 
Min Hitting Set: [7, 8, 12, 14, 15, 16, 18, 22, 23, 25, 26, 29, 31, 33, 36, 41, 43, 47, 48, 52, 53, 54, 63, 64, 66, 78, 79, 85, 90, 93, 95, 98, 139, 140]
Min Correction Subset: [24, 83]
Iter 36: 
Min Hitting Set: [7, 8, 12, 14, 15, 16, 18, 22, 23, 24, 25, 26, 29, 31, 33, 36, 41, 43, 47, 48, 52, 53, 54, 63, 64, 66, 78, 79, 85, 90, 93, 95, 98, 139, 140]
Min Correction Subset: [88, 89]
Iter 37: 
Min Hitting Set: [7, 8, 12, 14, 15, 16, 18, 22, 23, 24, 25, 26, 29, 31, 33, 36, 41, 43, 47, 48, 52, 53, 54, 63, 64, 66, 78, 79, 85, 88, 90, 93, 95, 98, 139, 140]
Min Correction Subset: [81, 82]
Iter 38: 
Min Hitting Set: [7, 8, 12, 14, 15, 16, 18, 22, 23, 24, 25, 26, 29, 31, 33, 36, 41, 43, 47, 48, 52, 53, 54, 63, 64, 66, 78, 79, 81, 85, 88, 90, 93, 95, 98, 139, 140]
Min Correction Subset: [50, 83]
Iter 39: 
Min Hitting Set: [7, 8, 12, 14, 15, 16, 18, 22, 23, 25, 26, 29, 31, 33, 36, 41, 43, 47, 48, 52, 53, 54, 63, 64, 66, 78, 79, 81, 83, 85, 88, 90, 93, 95, 98, 139, 140]
Min Correction Subset: [51, 74]
Iter 40: 
Min Hitting Set: [7, 8, 12, 14, 15, 16, 18, 22, 23, 25, 26, 29, 31, 33, 36, 41, 43, 47, 48, 51, 52, 53, 54, 63, 64, 66, 78, 79, 81, 83, 85, 88, 90, 93, 95, 98, 139, 140]
Min Correction Subset: [58, 59]
Iter 41: 
Min Hitting Set: [7, 8, 12, 14, 15, 16, 18, 22, 23, 25, 26, 29, 31, 33, 36, 41, 43, 47, 48, 51, 52, 53, 54, 58, 63, 64, 66, 78, 79, 81, 83, 85, 88, 90, 93, 95, 98, 139, 140]
Min Correction Subset: [24, 55]
Iter 42: 
Min Hitting Set: [7, 8, 12, 14, 15, 16, 18, 22, 23, 24, 25, 26, 29, 31, 33, 36, 41, 43, 47, 48, 51, 52, 53, 54, 58, 63, 64, 66, 78, 79, 81, 83, 85, 88, 90, 93, 95, 98, 139, 140]
Min Correction Subset: [76, 86]
Iter 43: 
Min Hitting Set: [7, 8, 12, 14, 15, 16, 18, 22, 23, 24, 25, 26, 29, 31, 33, 36, 41, 43, 47, 48, 51, 52, 53, 54, 58, 63, 64, 66, 76, 78, 79, 81, 83, 85, 88, 90, 93, 95, 98, 139, 140]
Min Correction Subset: [67, 77]
Iter 44: 
Min Hitting Set: [7, 8, 12, 14, 15, 16, 18, 22, 23, 24, 25, 26, 29, 31, 33, 36, 41, 43, 47, 48, 51, 52, 53, 54, 58, 63, 64, 66, 67, 76, 78, 79, 81, 83, 85, 88, 90, 93, 95, 98, 139, 140]
Min Correction Subset: [59, 89]
Iter 45: 
Min Hitting Set: [7, 8, 12, 14, 15, 16, 18, 22, 23, 24, 25, 26, 29, 31, 33, 36, 41, 43, 47, 48, 51, 52, 53, 54, 59, 63, 64, 66, 67, 76, 78, 79, 81, 83, 85, 89, 90, 93, 95, 98, 139, 140]
Min Correction Subset: [72, 82]
Iter 46: 
Min Hitting Set: [7, 8, 12, 14, 15, 16, 18, 22, 23, 24, 25, 26, 29, 31, 33, 36, 41, 43, 47, 48, 51, 52, 53, 54, 59, 63, 64, 66, 67, 76, 78, 79, 82, 83, 85, 89, 90, 93, 95, 98, 139, 140]
Min Correction Subset: [74, 75]
Iter 47: 
Min Hitting Set: [7, 8, 12, 14, 15, 16, 18, 22, 23, 24, 25, 26, 29, 31, 33, 36, 41, 43, 47, 48, 52, 53, 54, 59, 63, 64, 66, 67, 74, 76, 78, 79, 82, 83, 85, 89, 90, 93, 95, 98, 139, 140]
Min Correction Subset: [62, 71]
Iter 48: 
Min Hitting Set: [7, 8, 12, 14, 15, 16, 18, 22, 23, 24, 25, 26, 29, 31, 33, 36, 41, 43, 47, 48, 52, 53, 54, 59, 62, 63, 64, 66, 67, 74, 76, 78, 79, 82, 83, 85, 89, 90, 93, 95, 98, 139, 140]
Min Correction Subset: [91, 99]
Iter 49: 
Min Hitting Set: [7, 8, 12, 14, 15, 16, 18, 22, 23, 24, 25, 26, 29, 31, 33, 36, 41, 43, 47, 48, 52, 53, 54, 59, 62, 63, 64, 66, 67, 74, 76, 78, 79, 82, 83, 85, 89, 90, 91, 93, 95, 98, 139, 140]
Min Correction Subset: [80, 81]
Iter 50: 
Min Hitting Set: [7, 8, 12, 14, 15, 16, 18, 22, 23, 24, 25, 26, 29, 31, 33, 36, 41, 43, 47, 48, 52, 53, 54, 59, 62, 63, 64, 66, 67, 74, 76, 78, 79, 81, 82, 83, 85, 89, 90, 91, 93, 95, 98, 139, 140]
Min Correction Subset: [51, 55]
Iter 51: 
Min Hitting Set: [7, 8, 12, 14, 15, 16, 18, 22, 23, 25, 26, 29, 31, 33, 36, 41, 43, 47, 48, 52, 53, 54, 55, 59, 62, 63, 64, 66, 67, 74, 76, 78, 79, 81, 82, 83, 85, 89, 90, 91, 93, 95, 98, 139, 140]
Min Correction Subset: [24, 51]
Iter 52: 
Min Hitting Set: [7, 8, 12, 14, 15, 16, 18, 22, 23, 24, 25, 26, 29, 31, 33, 36, 41, 43, 47, 48, 51, 52, 53, 54, 59, 62, 63, 64, 66, 67, 74, 76, 78, 79, 81, 82, 83, 85, 89, 90, 91, 93, 95, 98, 139, 140]
Min Correction Subset: [2, 99]
Iter 53: 
Min Hitting Set: [7, 8, 12, 14, 15, 16, 18, 22, 23, 24, 25, 26, 29, 31, 33, 36, 41, 43, 47, 48, 51, 52, 53, 54, 59, 62, 63, 64, 66, 67, 74, 76, 78, 79, 81, 82, 83, 85, 89, 90, 93, 95, 98, 99, 139, 140]
Min Correction Subset: [1, 2]
Iter 54: 
Min Hitting Set: [2, 7, 8, 12, 14, 15, 16, 18, 22, 23, 24, 25, 26, 29, 31, 33, 36, 41, 43, 47, 48, 51, 52, 53, 54, 59, 62, 63, 64, 66, 67, 74, 76, 78, 79, 81, 82, 83, 85, 89, 90, 93, 95, 98, 99, 139, 140]
Min Correction Subset: [39, 86]
Iter 55: 
Min Hitting Set: [2, 7, 8, 12, 14, 15, 16, 18, 22, 23, 24, 25, 26, 29, 31, 33, 36, 41, 43, 47, 48, 51, 52, 53, 54, 59, 62, 63, 64, 66, 67, 74, 78, 79, 81, 82, 83, 85, 86, 89, 90, 93, 95, 98, 99, 139, 140]
Min Correction Subset: [55, 56]
Iter 56: 
Min Hitting Set: [2, 7, 8, 12, 14, 15, 16, 18, 22, 23, 24, 25, 26, 29, 31, 33, 36, 41, 43, 47, 48, 52, 53, 54, 55, 59, 62, 63, 64, 66, 67, 74, 78, 79, 81, 82, 83, 85, 86, 89, 90, 93, 95, 98, 99, 139, 140]
Min Correction Subset: [71, 80]
Iter 57: 
Min Hitting Set: [2, 7, 8, 12, 14, 15, 16, 18, 22, 23, 24, 25, 26, 29, 31, 33, 36, 41, 43, 47, 48, 52, 53, 54, 55, 59, 63, 64, 66, 67, 71, 74, 78, 79, 80, 82, 83, 85, 86, 89, 90, 93, 95, 98, 99, 139, 140]
Min Correction Subset: [56, 123]
Iter 58: 
Min Hitting Set: [2, 7, 8, 12, 14, 15, 16, 18, 22, 23, 24, 25, 26, 29, 31, 33, 36, 41, 43, 47, 48, 51, 52, 53, 54, 56, 59, 63, 64, 66, 67, 71, 74, 78, 79, 80, 82, 83, 85, 86, 89, 90, 93, 95, 98, 99, 139, 140]
Min Correction Subset: [44, 65]
Iter 59: 
Min Hitting Set: [2, 7, 8, 12, 14, 15, 16, 18, 22, 23, 24, 25, 26, 29, 31, 36, 41, 43, 44, 47, 48, 51, 52, 53, 54, 56, 59, 63, 64, 66, 67, 71, 74, 78, 79, 80, 82, 83, 85, 86, 89, 90, 93, 95, 98, 99, 139, 140]
Min Correction Subset: [77, 107]
Iter 60: 
Min Hitting Set: [2, 7, 8, 12, 14, 15, 16, 18, 22, 23, 24, 25, 26, 29, 31, 36, 41, 43, 44, 47, 48, 51, 52, 53, 54, 56, 59, 63, 64, 66, 71, 74, 77, 78, 79, 80, 82, 83, 85, 86, 89, 90, 93, 95, 98, 99, 139, 140]
Min Correction Subset: [32, 33]
Iter 61: 
Min Hitting Set: [2, 7, 8, 12, 14, 15, 16, 18, 22, 23, 24, 25, 26, 29, 31, 33, 36, 41, 43, 44, 47, 48, 51, 52, 53, 54, 56, 59, 63, 64, 66, 71, 74, 77, 78, 79, 80, 82, 83, 85, 86, 89, 90, 93, 95, 98, 99, 139, 140]
Min Correction Subset: [67, 107]
Iter 62: 
Min Hitting Set: [2, 7, 8, 12, 14, 15, 16, 18, 22, 23, 24, 25, 26, 29, 31, 33, 36, 41, 43, 44, 47, 48, 51, 52, 53, 54, 56, 59, 63, 64, 66, 71, 74, 77, 78, 79, 80, 82, 83, 85, 86, 89, 90, 93, 95, 98, 99, 107, 139, 140]
Min Correction Subset: [4, 67]
Iter 63: 
Min Hitting Set: [2, 7, 8, 12, 14, 15, 16, 18, 22, 23, 24, 25, 26, 29, 31, 33, 36, 41, 43, 44, 47, 48, 51, 52, 53, 54, 56, 59, 63, 64, 66, 67, 71, 74, 77, 78, 79, 80, 82, 83, 85, 86, 89, 90, 93, 95, 98, 99, 139, 140]
Min Correction Subset: [19, 131]
Iter 64: 
Min Hitting Set: [2, 7, 8, 12, 14, 15, 16, 18, 19, 22, 23, 24, 25, 26, 29, 31, 33, 36, 41, 43, 44, 47, 48, 51, 52, 53, 54, 56, 59, 63, 64, 66, 67, 71, 74, 77, 78, 79, 80, 82, 83, 85, 86, 89, 90, 93, 95, 98, 99, 139, 140]
Min Correction Subset: [73, 84]
Iter 65: 
Min Hitting Set: [2, 7, 8, 12, 14, 15, 16, 18, 19, 22, 23, 24, 25, 26, 29, 31, 33, 36, 41, 43, 44, 47, 48, 51, 52, 53, 54, 56, 59, 63, 64, 66, 67, 71, 73, 74, 77, 78, 79, 80, 82, 83, 85, 86, 89, 90, 93, 95, 98, 99, 139, 140]
Min Correction Subset: [4, 60]
Iter 66: 
Min Hitting Set: [2, 4, 7, 8, 12, 14, 15, 16, 18, 19, 22, 23, 24, 25, 26, 29, 31, 33, 36, 41, 43, 44, 47, 48, 51, 52, 53, 54, 56, 59, 63, 64, 66, 71, 73, 74, 77, 78, 79, 80, 82, 83, 85, 86, 89, 90, 93, 95, 98, 99, 107, 139, 140]
Min Correction Subset: [39, 67]
Iter 67: 
Min Hitting Set: [2, 4, 7, 8, 12, 14, 15, 16, 18, 19, 22, 23, 24, 25, 26, 29, 31, 33, 36, 41, 43, 44, 47, 48, 51, 52, 53, 54, 56, 59, 63, 64, 66, 67, 71, 73, 74, 77, 78, 79, 80, 82, 83, 85, 86, 89, 90, 93, 95, 98, 99, 139, 140]
Min Correction Subset: [37, 39]
Iter 68: 
Min Hitting Set: [2, 4, 7, 8, 12, 14, 15, 16, 18, 19, 22, 23, 24, 25, 26, 29, 31, 33, 36, 39, 41, 43, 44, 47, 48, 51, 52, 53, 54, 56, 59, 63, 64, 66, 71, 73, 74, 77, 78, 79, 80, 82, 83, 85, 86, 89, 90, 93, 95, 98, 99, 107, 139, 140]
Min Correction Subset: [67, 68, 69]
Iter 69: 
Min Hitting Set: [2, 4, 7, 8, 12, 14, 15, 16, 18, 19, 22, 23, 24, 25, 26, 29, 31, 33, 36, 39, 41, 43, 44, 47, 48, 51, 52, 53, 54, 56, 59, 63, 64, 66, 67, 71, 73, 74, 77, 78, 79, 80, 82, 83, 85, 86, 89, 90, 93, 95, 98, 99, 139, 140]
Min Correction Subset: [55, 65, 70]
Iter 70: 
Min Hitting Set: [2, 4, 7, 8, 12, 14, 15, 16, 18, 19, 22, 23, 24, 25, 26, 29, 31, 33, 36, 39, 41, 43, 47, 48, 51, 52, 53, 54, 56, 59, 63, 64, 65, 66, 67, 71, 73, 74, 77, 78, 79, 80, 82, 83, 85, 86, 89, 90, 93, 95, 98, 99, 139, 140]
Min Correction Subset: [50, 57, 75]
Iter 71: 
Min Hitting Set: [2, 4, 7, 8, 12, 14, 15, 16, 18, 19, 22, 23, 25, 26, 29, 31, 33, 36, 39, 41, 43, 47, 48, 51, 52, 53, 54, 55, 56, 59, 63, 64, 65, 66, 67, 71, 73, 75, 77, 78, 79, 80, 82, 83, 85, 86, 89, 90, 93, 95, 98, 99, 139, 140]
Min Correction Subset: [24, 32]
Iter 72: 
Min Hitting Set: [2, 4, 7, 8, 12, 14, 15, 16, 18, 19, 22, 23, 24, 25, 26, 29, 31, 33, 36, 39, 41, 43, 47, 48, 51, 52, 53, 54, 56, 59, 63, 64, 65, 66, 67, 71, 73, 75, 77, 78, 79, 80, 82, 83, 85, 86, 89, 90, 93, 95, 98, 99, 139, 140]
Min Correction Subset: [62, 74]
Iter 73: 
Min Hitting Set: [2, 4, 7, 8, 12, 14, 15, 16, 18, 19, 22, 23, 24, 25, 26, 29, 31, 33, 36, 39, 41, 43, 47, 48, 51, 52, 53, 54, 56, 59, 62, 63, 64, 65, 66, 67, 73, 75, 77, 78, 79, 80, 82, 83, 85, 86, 89, 90, 93, 95, 98, 99, 139, 140]
Min Correction Subset: [74, 84]
Iter 74: 
Min Hitting Set: [2, 4, 7, 8, 12, 14, 15, 16, 18, 19, 22, 23, 24, 25, 26, 29, 31, 33, 36, 39, 41, 43, 47, 48, 51, 52, 53, 54, 56, 59, 62, 63, 64, 65, 66, 67, 75, 77, 78, 79, 80, 82, 83, 84, 85, 86, 89, 90, 93, 95, 98, 99, 139, 140]
Min Correction Subset: [50, 57, 73]
Iter 75: 
Min Hitting Set: [2, 4, 7, 8, 12, 14, 15, 16, 18, 19, 22, 23, 24, 25, 26, 29, 31, 33, 36, 39, 41, 43, 47, 48, 50, 51, 52, 53, 54, 56, 59, 62, 63, 64, 65, 66, 67, 75, 77, 78, 79, 80, 82, 84, 85, 86, 89, 90, 93, 95, 98, 99, 139, 140]
Min Correction Subset: [55, 83]
Iter 76: 
Min Hitting Set: [2, 4, 7, 8, 12, 14, 15, 16, 18, 19, 22, 23, 24, 25, 26, 29, 31, 33, 36, 39, 41, 43, 44, 47, 48, 50, 52, 53, 54, 55, 56, 59, 62, 63, 64, 66, 67, 74, 77, 78, 79, 80, 82, 84, 85, 86, 89, 90, 93, 95, 98, 99, 139, 140]
Min Correction Subset: [51, 70]
Iter 77: 
Min Hitting Set: [2, 4, 7, 8, 12, 14, 15, 16, 18, 19, 22, 23, 25, 26, 29, 31, 32, 36, 39, 41, 43, 44, 47, 48, 51, 52, 53, 54, 55, 56, 59, 62, 63, 64, 66, 67, 73, 75, 77, 78, 79, 80, 82, 83, 84, 85, 86, 89, 90, 93, 95, 98, 99, 139, 140]
Min Correction Subset: [33, 50]
Iter 78: 
Min Hitting Set: [2, 4, 7, 8, 12, 14, 15, 16, 18, 19, 22, 23, 25, 26, 29, 31, 32, 36, 39, 41, 43, 44, 47, 48, 50, 51, 52, 53, 54, 55, 56, 59, 62, 63, 64, 66, 67, 75, 77, 78, 79, 80, 82, 83, 84, 85, 86, 89, 90, 93, 95, 98, 99, 139, 140]
Min Correction Subset: [33, 34]
Iter 79: 
Min Hitting Set: [2, 4, 7, 8, 12, 14, 15, 16, 18, 19, 22, 23, 24, 25, 26, 29, 31, 33, 36, 39, 41, 43, 47, 48, 50, 51, 52, 53, 54, 56, 59, 62, 63, 64, 65, 66, 67, 73, 74, 77, 78, 79, 80, 82, 83, 85, 86, 89, 90, 93, 95, 98, 99, 139, 140]
Min Correction Subset: [55, 60, 91]
Iter 80: 
Min Hitting Set: [2, 7, 8, 12, 14, 15, 16, 18, 19, 22, 23, 24, 25, 26, 29, 31, 33, 36, 39, 41, 43, 47, 48, 50, 51, 52, 53, 54, 56, 59, 60, 62, 63, 64, 65, 66, 67, 73, 74, 77, 78, 79, 80, 82, 83, 85, 86, 89, 90, 91, 93, 95, 98, 139, 140]
Min Correction Subset: [99, 107]
Iter 81: 
Min Hitting Set: [2, 7, 8, 12, 14, 15, 16, 18, 19, 22, 23, 24, 25, 26, 29, 31, 33, 36, 39, 41, 43, 47, 48, 50, 51, 52, 53, 54, 56, 59, 60, 62, 63, 64, 65, 66, 67, 73, 74, 78, 79, 80, 82, 83, 85, 86, 89, 90, 91, 93, 95, 98, 107, 139, 140]
Min Correction Subset: [75, 97, 99]
Iter 82: 
Min Hitting Set: [2, 7, 8, 12, 14, 15, 16, 18, 19, 22, 23, 24, 25, 26, 29, 31, 33, 36, 39, 41, 43, 47, 48, 50, 51, 52, 53, 54, 56, 59, 60, 62, 63, 64, 65, 66, 67, 73, 74, 78, 79, 80, 82, 83, 85, 86, 89, 90, 93, 95, 98, 99, 107, 139, 140]
Min Correction Subset: [3, 4, 13]
Iter 83: 
Min Hitting Set: [2, 4, 7, 8, 12, 14, 15, 16, 18, 19, 22, 23, 24, 25, 26, 29, 31, 33, 36, 39, 41, 43, 47, 48, 50, 51, 52, 53, 54, 55, 56, 59, 62, 63, 64, 65, 66, 67, 73, 74, 78, 79, 80, 82, 85, 86, 89, 90, 93, 95, 98, 99, 107, 139, 140]
Min Correction Subset: [6, 44, 83]
Iter 84: 
Min Hitting Set: [2, 4, 7, 8, 12, 14, 15, 16, 18, 19, 22, 23, 24, 25, 26, 29, 31, 33, 36, 39, 41, 43, 47, 48, 51, 52, 53, 54, 56, 59, 62, 63, 64, 65, 66, 67, 73, 75, 78, 79, 80, 82, 83, 84, 85, 86, 89, 90, 91, 93, 95, 98, 107, 139, 140]
Min Correction Subset: [71, 72, 74]
Iter 85: 
Min Hitting Set: [2, 4, 7, 8, 12, 14, 15, 16, 18, 19, 22, 23, 24, 25, 26, 29, 31, 33, 36, 39, 41, 43, 47, 48, 51, 52, 53, 54, 56, 59, 63, 64, 65, 66, 67, 71, 73, 74, 75, 78, 79, 81, 82, 83, 85, 86, 89, 90, 91, 93, 95, 98, 107, 139, 140]
Min Correction Subset: [40, 55, 80]
Iter 86: 
Min Hitting Set: [2, 4, 7, 8, 12, 14, 15, 16, 18, 19, 22, 23, 24, 25, 26, 29, 31, 33, 36, 39, 41, 43, 47, 48, 51, 52, 53, 54, 56, 59, 63, 64, 65, 66, 67, 71, 73, 74, 75, 78, 79, 80, 82, 83, 85, 86, 89, 90, 91, 93, 95, 98, 107, 139, 140]
Min Correction Subset: [55, 62, 92]
Iter 87: 
Min Hitting Set: [2, 4, 7, 8, 12, 14, 15, 16, 18, 19, 22, 23, 24, 25, 26, 29, 31, 33, 36, 39, 41, 43, 47, 48, 51, 52, 53, 54, 56, 59, 62, 63, 64, 65, 66, 67, 73, 74, 75, 78, 79, 80, 82, 83, 85, 86, 89, 90, 91, 93, 95, 98, 107, 139, 140]
Min Correction Subset: [55, 84, 87, 97]
Iter 88: 
Min Hitting Set: [2, 4, 7, 8, 12, 14, 15, 16, 18, 19, 22, 23, 24, 25, 26, 29, 31, 33, 36, 39, 41, 43, 44, 47, 48, 50, 51, 52, 53, 54, 55, 56, 59, 62, 63, 64, 66, 67, 73, 74, 78, 79, 80, 82, 85, 86, 89, 90, 93, 95, 98, 99, 107, 139, 140]
Min Correction Subset: [57, 75, 91]
Iter 89: 
Min Hitting Set: [2, 4, 7, 8, 12, 14, 15, 16, 18, 19, 22, 23, 24, 25, 26, 29, 31, 33, 36, 39, 41, 43, 44, 47, 48, 52, 53, 54, 55, 56, 59, 63, 64, 66, 67, 70, 71, 73, 74, 75, 78, 79, 81, 82, 83, 85, 86, 89, 90, 93, 95, 98, 99, 107, 139, 140]
Min Correction Subset: [51, 80]
Iter 90: 
Min Hitting Set: [2, 4, 7, 8, 12, 14, 15, 16, 18, 19, 22, 23, 24, 25, 26, 29, 31, 33, 36, 39, 41, 43, 47, 48, 51, 52, 53, 54, 56, 59, 62, 63, 64, 65, 66, 67, 73, 74, 75, 78, 79, 80, 82, 83, 84, 85, 86, 89, 90, 91, 93, 95, 98, 107, 139, 140]
Min Correction Subset: [5, 58, 60, 68, 69]
