IIS generation
Iter 1: 
Min Hitting Set: []
Min Correction Subset: [191]
Iter 2: 
Min Hitting Set: [191]
Min Correction Subset: [65]
Iter 3: 
Min Hitting Set: [65, 191]
Min Correction Subset: [14]
Iter 4: 
Min Hitting Set: [14, 65, 191]
Min Correction Subset: [46]
Iter 5: 
Min Hitting Set: [14, 46, 65, 191]
Min Correction Subset: [34]
Iter 6: 
Min Hitting Set: [14, 34, 46, 65, 191]
Min Correction Subset: [26]
Iter 7: 
Min Hitting Set: [14, 26, 34, 46, 65, 191]
Min Correction Subset: [78]
Iter 8: 
Min Hitting Set: [14, 26, 34, 46, 65, 78, 191]
Min Correction Subset: [95]
Iter 9: 
Min Hitting Set: [14, 26, 34, 46, 65, 78, 95, 191]
Min Correction Subset: [44]
Iter 10: 
Min Hitting Set: [14, 26, 34, 44, 46, 65, 78, 95, 191]
Min Correction Subset: [92]
Iter 11: 
Min Hitting Set: [14, 26, 34, 44, 46, 65, 78, 92, 95, 191]
Min Correction Subset: [73]
Iter 12: 
Min Hitting Set: [14, 26, 34, 44, 46, 65, 73, 78, 92, 95, 191]
Min Correction Subset: [58]
Iter 13: 
Min Hitting Set: [14, 26, 34, 44, 46, 58, 65, 73, 78, 92, 95, 191]
Min Correction Subset: [118]
Iter 14: 
Min Hitting Set: [14, 26, 34, 44, 46, 58, 65, 73, 78, 92, 95, 118, 191]
Min Correction Subset: [114]
Iter 15: 
Min Hitting Set: [14, 26, 34, 44, 46, 58, 65, 73, 78, 92, 95, 114, 118, 191]
Min Correction Subset: [47]
Iter 16: 
Min Hitting Set: [14, 26, 34, 44, 46, 47, 58, 65, 73, 78, 92, 95, 114, 118, 191]
Min Correction Subset: [190]
Iter 17: 
Min Hitting Set: [14, 26, 34, 44, 46, 47, 58, 65, 73, 78, 92, 95, 114, 118, 190, 191]
Min Correction Subset: [2, 96]
Iter 18: 
Min Hitting Set: [2, 14, 26, 34, 44, 46, 47, 58, 65, 73, 78, 92, 95, 114, 118, 190, 191]
Min Correction Subset: [21, 30]
Iter 19: 
Min Hitting Set: [2, 14, 21, 26, 34, 44, 46, 47, 58, 65, 73, 78, 92, 95, 114, 118, 190, 191]
Min Correction Subset: [16, 110]
Iter 20: 
Min Hitting Set: [2, 14, 16, 21, 26, 34, 44, 46, 47, 58, 65, 73, 78, 92, 95, 114, 118, 190, 191]
Min Correction Subset: [24, 54]
Iter 21: 
Min Hitting Set: [2, 14, 16, 21, 24, 26, 34, 44, 46, 47, 58, 65, 73, 78, 92, 95, 114, 118, 190, 191]
Min Correction Subset: [3, 54]
Iter 22: 
Min Hitting Set: [2, 14, 16, 21, 26, 34, 44, 46, 47, 54, 58, 65, 73, 78, 92, 95, 114, 118, 190, 191]
Min Correction Subset: [77, 120]
Iter 23: 
Min Hitting Set: [2, 14, 16, 21, 26, 34, 44, 46, 47, 54, 58, 65, 73, 77, 78, 92, 95, 114, 118, 190, 191]
Min Correction Subset: [40, 96]
Iter 24: 
Min Hitting Set: [14, 16, 21, 26, 34, 44, 46, 47, 54, 58, 65, 73, 77, 78, 92, 95, 96, 114, 118, 190, 191]
Min Correction Subset: [2, 31]
Iter 25: 
Min Hitting Set: [2, 14, 16, 21, 26, 34, 44, 46, 47, 54, 58, 65, 73, 77, 78, 92, 95, 96, 114, 118, 190, 191]
Min Correction Subset: [24, 30]
Iter 26: 
Min Hitting Set: [2, 14, 16, 26, 30, 34, 44, 46, 47, 54, 58, 65, 73, 77, 78, 92, 95, 96, 114, 118, 190, 191]
Min Correction Subset: [21, 25]
Iter 27: 
Min Hitting Set: [2, 14, 16, 21, 24, 26, 34, 44, 46, 47, 54, 58, 65, 73, 77, 78, 92, 95, 96, 114, 118, 190, 191]
Min Correction Subset: [5, 81]
Iter 28: 
Min Hitting Set: [2, 5, 14, 16, 21, 24, 26, 34, 44, 46, 47, 54, 58, 65, 73, 77, 78, 92, 95, 96, 114, 118, 190, 191]
Min Correction Subset: [110, 120]
Iter 29: 
Min Hitting Set: [2, 5, 14, 21, 24, 26, 34, 44, 46, 47, 54, 58, 65, 73, 78, 92, 95, 96, 110, 114, 118, 120, 190, 191]
Min Correction Subset: [64, 123]
Iter 30: 
Min Hitting Set: [2, 5, 14, 21, 24, 26, 34, 44, 46, 47, 54, 58, 64, 65, 73, 78, 92, 95, 96, 110, 114, 118, 120, 190, 191]
Min Correction Subset: [25, 71]
Iter 31: 
Min Hitting Set: [2, 5, 14, 25, 26, 30, 34, 44, 46, 47, 54, 58, 64, 65, 73, 78, 92, 95, 96, 110, 114, 118, 120, 190, 191]
Min Correction Subset: [3, 27]
Iter 32: 
Min Hitting Set: [2, 3, 5, 14, 24, 25, 26, 30, 34, 44, 46, 47, 58, 64, 65, 73, 78, 92, 95, 96, 110, 114, 118, 120, 190, 191]
Min Correction Subset: [21, 32]
Iter 33: 
Min Hitting Set: [2, 3, 5, 14, 21, 24, 25, 26, 34, 44, 46, 47, 58, 64, 65, 73, 78, 92, 95, 96, 110, 114, 118, 120, 190, 191]
Min Correction Subset: [54, 135]
Iter 34: 
Min Hitting Set: [2, 3, 5, 14, 21, 24, 25, 26, 34, 44, 46, 47, 54, 58, 64, 65, 73, 78, 92, 95, 96, 110, 114, 118, 120, 190, 191]
Min Correction Subset: [6, 48]
Iter 35: 
Min Hitting Set: [2, 3, 5, 6, 14, 21, 24, 25, 26, 34, 44, 46, 47, 54, 58, 64, 65, 73, 78, 92, 95, 96, 110, 114, 118, 120, 190, 191]
Min Correction Subset: [55, 148]
Iter 36: 
Min Hitting Set: [2, 3, 5, 6, 14, 21, 24, 25, 26, 34, 44, 46, 47, 54, 55, 58, 64, 65, 73, 78, 92, 95, 96, 110, 114, 118, 120, 190, 191]
Min Correction Subset: [4, 51]
Iter 37: 
Min Hitting Set: [2, 3, 4, 5, 6, 14, 21, 24, 25, 26, 34, 44, 46, 47, 54, 55, 58, 64, 65, 73, 78, 92, 95, 96, 110, 114, 118, 120, 190, 191]
Min Correction Subset: [20, 71]
Iter 38: 
Min Hitting Set: [2, 3, 4, 5, 6, 14, 21, 24, 26, 34, 44, 46, 47, 54, 55, 58, 64, 65, 71, 73, 78, 92, 95, 96, 110, 114, 118, 120, 190, 191]
Min Correction Subset: [29, 81]
Iter 39: 
Min Hitting Set: [2, 3, 4, 6, 14, 21, 24, 26, 34, 44, 46, 47, 54, 55, 58, 64, 65, 71, 73, 78, 81, 92, 95, 96, 110, 114, 118, 120, 190, 191]
Min Correction Subset: [5, 31]
Iter 40: 
Min Hitting Set: [3, 4, 6, 14, 21, 24, 26, 31, 34, 44, 46, 47, 54, 55, 58, 64, 65, 71, 73, 78, 81, 92, 95, 96, 110, 114, 118, 120, 190, 191]
Min Correction Subset: [2, 40]
Iter 41: 
Min Hitting Set: [2, 3, 4, 6, 14, 21, 24, 26, 31, 34, 40, 44, 46, 47, 54, 55, 58, 64, 65, 71, 73, 78, 81, 92, 95, 110, 114, 118, 120, 190, 191]
Min Correction Subset: [25, 96]
Iter 42: 
Min Hitting Set: [2, 3, 4, 6, 14, 21, 24, 26, 31, 34, 44, 46, 47, 54, 55, 58, 64, 65, 71, 73, 78, 81, 92, 95, 96, 110, 114, 118, 120, 190, 191]
Min Correction Subset: [5, 40]
Iter 43: 
Min Hitting Set: [2, 3, 4, 5, 6, 14, 21, 24, 26, 34, 44, 46, 47, 54, 55, 58, 64, 65, 71, 73, 78, 81, 92, 95, 96, 110, 114, 118, 120, 190, 191]
Min Correction Subset: [29, 142]
Iter 44: 
Min Hitting Set: [2, 3, 4, 5, 6, 14, 21, 24, 26, 29, 34, 44, 46, 47, 54, 55, 58, 64, 65, 71, 73, 78, 92, 95, 96, 110, 114, 118, 120, 190, 191]
Min Correction Subset: [81, 142]
Iter 45: 
Min Hitting Set: [2, 3, 4, 5, 6, 14, 21, 24, 26, 29, 34, 44, 46, 47, 54, 55, 58, 64, 65, 71, 73, 78, 81, 92, 95, 96, 110, 114, 118, 120, 190, 191]
Min Correction Subset: [12, 25, 40]
Iter 46: 
Min Hitting Set: [3, 4, 6, 14, 21, 24, 26, 29, 31, 34, 40, 44, 46, 47, 54, 55, 58, 64, 65, 71, 73, 78, 81, 92, 95, 96, 110, 114, 118, 120, 190, 191]
Min Correction Subset: [2, 32]
Iter 47: 
Min Hitting Set: [3, 4, 6, 14, 25, 26, 29, 30, 31, 32, 34, 40, 44, 46, 47, 54, 55, 58, 64, 65, 71, 73, 78, 81, 92, 95, 96, 110, 114, 118, 120, 190, 191]
Min Correction Subset: [2, 20]
Iter 48: 
Min Hitting Set: [2, 3, 4, 5, 6, 14, 25, 26, 29, 30, 32, 34, 44, 46, 47, 54, 55, 58, 64, 65, 71, 73, 78, 81, 92, 95, 96, 110, 114, 118, 120, 190, 191]
Min Correction Subset: [21, 40]
Iter 49: 
Min Hitting Set: [3, 4, 6, 14, 20, 25, 26, 29, 30, 31, 32, 34, 40, 44, 46, 47, 54, 55, 58, 64, 65, 73, 78, 81, 92, 95, 96, 110, 114, 118, 120, 190, 191]
Min Correction Subset: [2, 24]
Iter 50: 
Min Hitting Set: [2, 3, 4, 6, 14, 21, 24, 26, 29, 31, 34, 40, 44, 46, 47, 54, 55, 58, 64, 65, 71, 73, 78, 81, 92, 95, 96, 110, 114, 118, 120, 190, 191]
Min Correction Subset: [5, 32]
Iter 51: 
Min Hitting Set: [2, 3, 4, 5, 6, 14, 21, 24, 26, 29, 34, 40, 44, 46, 47, 54, 55, 58, 64, 65, 71, 73, 78, 81, 92, 95, 96, 110, 114, 118, 120, 190, 191]
Min Correction Subset: [20, 32, 136]
Iter 52: 
Min Hitting Set: [2, 3, 4, 6, 14, 20, 25, 26, 29, 30, 31, 32, 34, 40, 44, 46, 47, 54, 55, 58, 64, 65, 73, 78, 81, 92, 95, 110, 114, 118, 120, 190, 191]
Min Correction Subset: [5, 143]
Iter 53: 
Min Hitting Set: [2, 3, 4, 5, 6, 14, 20, 21, 25, 26, 30, 34, 40, 44, 46, 47, 54, 55, 58, 64, 65, 73, 78, 81, 92, 95, 110, 114, 118, 120, 142, 190, 191]
Min Correction Subset: [32, 96]
Iter 54: 
Min Hitting Set: [2, 3, 4, 5, 6, 14, 20, 21, 25, 26, 30, 34, 44, 46, 47, 54, 55, 58, 64, 65, 73, 78, 81, 92, 95, 96, 110, 114, 118, 120, 142, 190, 191]
Min Correction Subset: [12, 24]
Iter 55: 
Min Hitting Set: [2, 3, 4, 5, 6, 14, 20, 21, 24, 25, 26, 34, 44, 46, 47, 54, 55, 58, 64, 65, 73, 78, 81, 92, 95, 96, 110, 114, 118, 120, 142, 190, 191]
Min Correction Subset: [31, 71]
Iter 56: 
Min Hitting Set: [2, 3, 4, 5, 6, 12, 14, 20, 21, 24, 26, 34, 44, 46, 47, 54, 55, 58, 64, 65, 71, 73, 78, 81, 92, 95, 96, 110, 114, 118, 120, 142, 190, 191]
Min Correction Subset: [31, 40, 136]
Iter 57: 
Min Hitting Set: [2, 3, 4, 5, 6, 14, 21, 24, 26, 34, 40, 44, 46, 47, 54, 55, 58, 64, 65, 71, 73, 78, 81, 92, 95, 96, 110, 114, 118, 120, 136, 142, 190, 191]
Min Correction Subset: [12, 25, 31]
Iter 58: 
Min Hitting Set: [2, 3, 4, 5, 6, 12, 14, 21, 24, 26, 34, 44, 46, 47, 54, 55, 58, 64, 65, 71, 73, 78, 81, 92, 95, 96, 110, 114, 118, 120, 136, 142, 190, 191]
Min Correction Subset: [25, 40, 123]
Iter 59: 
Min Hitting Set: [2, 3, 4, 5, 6, 12, 14, 21, 24, 26, 34, 44, 46, 47, 54, 55, 58, 65, 71, 73, 78, 81, 92, 95, 96, 110, 114, 118, 120, 123, 136, 142, 190, 191]
Min Correction Subset: [15, 64]
Iter 60: 
Min Hitting Set: [2, 3, 4, 5, 6, 14, 20, 21, 24, 25, 26, 31, 34, 44, 46, 47, 54, 55, 58, 64, 65, 73, 78, 81, 92, 95, 96, 110, 114, 118, 120, 142, 190, 191]
Min Correction Subset: [40, 71]
Iter 61: 
Min Hitting Set: [2, 3, 4, 5, 6, 14, 24, 25, 26, 30, 32, 34, 40, 44, 46, 47, 54, 55, 58, 64, 65, 71, 73, 78, 81, 92, 95, 110, 114, 118, 120, 142, 190, 191]
Min Correction Subset: [21, 123]
Iter 62: 
Min Hitting Set: [2, 3, 4, 5, 6, 14, 21, 24, 25, 26, 34, 44, 46, 47, 54, 55, 58, 64, 65, 71, 73, 78, 81, 92, 95, 96, 110, 114, 118, 120, 136, 142, 190, 191]
Min Correction Subset: [12, 13, 40]
Iter 63: 
Min Hitting Set: [2, 3, 4, 5, 6, 14, 21, 24, 25, 26, 32, 34, 40, 44, 46, 47, 54, 55, 58, 64, 65, 71, 73, 78, 81, 92, 95, 110, 114, 118, 120, 142, 190, 191]
Min Correction Subset: [96, 123]
Iter 64: 
Min Hitting Set: [2, 3, 4, 5, 6, 14, 21, 24, 26, 31, 34, 40, 44, 46, 47, 54, 55, 58, 64, 65, 71, 73, 78, 81, 92, 95, 96, 110, 114, 118, 120, 136, 142, 190, 191]
Min Correction Subset: [12, 20, 25]
Iter 65: 
Min Hitting Set: [2, 3, 4, 5, 6, 12, 14, 21, 26, 30, 34, 40, 44, 46, 47, 54, 55, 58, 64, 65, 71, 73, 78, 81, 92, 95, 96, 110, 114, 118, 120, 136, 142, 190, 191]
Min Correction Subset: [24, 25]
Iter 66: 
Min Hitting Set: [2, 3, 4, 5, 6, 14, 21, 24, 25, 26, 34, 40, 44, 46, 47, 54, 55, 58, 64, 65, 71, 73, 78, 81, 92, 95, 96, 110, 114, 118, 120, 136, 142, 190, 191]
Min Correction Subset: [12, 13, 31]
Iter 67: 
Min Hitting Set: [2, 3, 4, 5, 6, 12, 14, 21, 24, 26, 34, 40, 44, 46, 47, 54, 55, 58, 64, 65, 71, 73, 78, 81, 92, 95, 96, 110, 114, 118, 120, 136, 142, 190, 191]
Min Correction Subset: [20, 25, 123]
Iter 68: 
Min Hitting Set: [2, 3, 4, 5, 6, 12, 14, 21, 25, 26, 30, 34, 44, 46, 47, 54, 55, 58, 64, 65, 71, 73, 78, 81, 92, 95, 96, 110, 114, 118, 120, 136, 142, 190, 191]
Min Correction Subset: [24, 123]
Iter 69: 
Min Hitting Set: [3, 4, 5, 6, 14, 20, 21, 24, 26, 31, 32, 34, 40, 44, 46, 47, 54, 55, 58, 64, 65, 71, 73, 78, 81, 92, 95, 96, 110, 114, 118, 120, 142, 190, 191]
Min Correction Subset: [2, 80]
Iter 70: 
Min Hitting Set: [2, 3, 4, 5, 6, 14, 20, 21, 24, 25, 26, 31, 34, 40, 44, 46, 47, 54, 55, 58, 64, 65, 73, 78, 81, 92, 95, 96, 110, 114, 118, 120, 142, 190, 191]
Min Correction Subset: [32, 71]
Iter 71: 
Min Hitting Set: [2, 3, 4, 5, 6, 12, 14, 25, 26, 30, 32, 34, 40, 44, 46, 47, 54, 55, 58, 64, 65, 71, 73, 78, 81, 92, 95, 110, 114, 118, 120, 123, 142, 190, 191]
Min Correction Subset: [21, 96]
Iter 72: 
Min Hitting Set: [2, 3, 4, 5, 6, 12, 14, 21, 24, 26, 34, 44, 46, 47, 54, 55, 58, 64, 65, 71, 73, 78, 81, 92, 95, 96, 110, 114, 118, 120, 123, 136, 142, 190, 191]
Min Correction Subset: [15, 25, 40]
Iter 73: 
Min Hitting Set: [2, 3, 4, 5, 6, 12, 14, 15, 21, 24, 26, 34, 44, 46, 47, 54, 55, 58, 65, 71, 73, 78, 81, 92, 95, 96, 110, 114, 118, 120, 123, 136, 142, 190, 191]
Min Correction Subset: [25, 64]
Iter 74: 
Min Hitting Set: [2, 3, 4, 5, 6, 12, 14, 21, 24, 25, 26, 34, 44, 46, 47, 54, 55, 58, 64, 65, 71, 73, 78, 81, 92, 95, 96, 110, 114, 118, 120, 136, 142, 190, 191]
Min Correction Subset: [15, 32, 80]
Iter 75: 
Min Hitting Set: [2, 3, 4, 5, 6, 12, 14, 21, 24, 25, 26, 32, 34, 44, 46, 47, 54, 55, 58, 64, 65, 71, 73, 78, 81, 92, 95, 96, 110, 114, 118, 120, 136, 142, 190, 191]
Min Correction Subset: [40, 80, 123]
Iter 76: 
Min Hitting Set: [2, 3, 4, 5, 6, 12, 14, 21, 24, 25, 26, 34, 44, 46, 47, 54, 55, 58, 64, 65, 71, 73, 78, 80, 81, 92, 95, 96, 110, 114, 118, 120, 136, 142, 190, 191]
Min Correction Subset: [28, 40, 112]
Iter 77: 
Min Hitting Set: [2, 3, 4, 5, 6, 12, 14, 20, 21, 24, 26, 32, 34, 40, 44, 46, 47, 54, 55, 58, 64, 65, 71, 73, 78, 81, 92, 95, 96, 110, 114, 118, 120, 142, 190, 191]
Min Correction Subset: [25, 31, 123]
Iter 78: 
Min Hitting Set: [2, 3, 4, 5, 6, 14, 20, 21, 24, 26, 31, 32, 34, 40, 44, 46, 47, 54, 55, 58, 64, 65, 71, 73, 78, 81, 92, 95, 96, 110, 114, 118, 120, 142, 190, 191]
Min Correction Subset: [25, 27, 112]
Iter 79: 
Min Hitting Set: [2, 4, 5, 6, 14, 20, 21, 24, 26, 27, 31, 32, 34, 40, 44, 46, 47, 54, 55, 58, 64, 65, 71, 73, 78, 81, 92, 95, 96, 110, 114, 118, 120, 142, 190, 191]
Min Correction Subset: [3, 29]
Iter 80: 
Min Hitting Set: [4, 5, 6, 14, 20, 21, 24, 26, 27, 29, 31, 32, 34, 40, 44, 46, 47, 54, 55, 58, 64, 65, 71, 73, 78, 80, 81, 92, 95, 96, 110, 114, 118, 120, 190, 191]
Min Correction Subset: [2, 57]
Iter 81: 
Min Hitting Set: [2, 4, 5, 6, 14, 20, 21, 24, 26, 27, 29, 31, 32, 34, 40, 44, 46, 47, 54, 55, 58, 64, 65, 71, 73, 78, 81, 92, 95, 96, 110, 114, 118, 120, 190, 191]
Min Correction Subset: [3, 25, 123]
Iter 82: 
Min Hitting Set: [2, 4, 5, 6, 14, 21, 24, 25, 26, 27, 29, 31, 32, 34, 40, 44, 46, 47, 54, 55, 58, 64, 65, 71, 73, 78, 81, 92, 95, 110, 114, 118, 120, 123, 190, 191]
Min Correction Subset: [12, 96]
Iter 83: 
Min Hitting Set: [2, 4, 5, 6, 14, 20, 21, 24, 25, 26, 27, 29, 31, 32, 34, 40, 44, 46, 47, 54, 55, 58, 64, 65, 73, 78, 81, 92, 95, 96, 110, 114, 118, 120, 190, 191]
Min Correction Subset: [53, 71]
Iter 84: 
Min Hitting Set: [2, 4, 5, 6, 14, 21, 24, 25, 26, 27, 29, 31, 32, 34, 40, 44, 46, 47, 54, 55, 58, 64, 65, 71, 73, 78, 81, 92, 95, 96, 110, 114, 118, 120, 190, 191]
Min Correction Subset: [3, 20, 123]
Iter 85: 
Min Hitting Set: [2, 3, 4, 5, 6, 12, 14, 21, 24, 25, 26, 29, 32, 34, 40, 44, 46, 47, 54, 55, 58, 64, 65, 71, 73, 78, 81, 92, 95, 96, 110, 114, 118, 120, 190, 191]
Min Correction Subset: [27, 123, 142]
Iter 86: 
Min Hitting Set: [2, 4, 5, 6, 12, 14, 21, 24, 26, 27, 29, 32, 34, 40, 44, 46, 47, 54, 55, 58, 64, 65, 71, 73, 78, 81, 92, 95, 96, 110, 114, 118, 120, 123, 190, 191]
Min Correction Subset: [25, 31, 80]
Iter 87: 
Min Hitting Set: [2, 3, 4, 5, 6, 12, 14, 21, 24, 25, 26, 29, 32, 34, 40, 44, 46, 47, 54, 55, 58, 64, 65, 71, 73, 78, 92, 95, 110, 114, 118, 120, 123, 142, 190, 191]
Min Correction Subset: [20, 96]
Iter 88: 
Min Hitting Set: [2, 3, 4, 5, 6, 12, 14, 21, 24, 25, 26, 29, 32, 34, 40, 44, 46, 47, 54, 55, 58, 64, 65, 71, 73, 78, 92, 95, 96, 110, 114, 118, 120, 142, 190, 191]
Min Correction Subset: [20, 27, 81]
Iter 89: 
Min Hitting Set: [2, 3, 4, 5, 6, 14, 21, 24, 25, 26, 31, 32, 34, 40, 44, 46, 47, 54, 55, 58, 64, 65, 71, 73, 78, 81, 92, 95, 96, 110, 114, 118, 120, 142, 190, 191]
Min Correction Subset: [20, 53, 136]
Iter 90: 
Min Hitting Set: [2, 3, 4, 5, 6, 12, 14, 15, 20, 21, 24, 25, 26, 29, 32, 34, 40, 44, 46, 47, 54, 55, 58, 65, 71, 73, 78, 92, 95, 110, 114, 118, 120, 123, 142, 190, 191]
Min Correction Subset: [31, 96]
Iter 91: 
Min Hitting Set: [2, 3, 4, 5, 6, 14, 20, 21, 24, 25, 26, 29, 31, 34, 40, 44, 46, 47, 54, 55, 58, 64, 65, 71, 73, 78, 80, 92, 95, 96, 110, 114, 118, 120, 142, 190, 191]
Min Correction Subset: [27, 32, 81]
Iter 92: 
Min Hitting Set: [2, 4, 5, 6, 14, 15, 20, 21, 24, 25, 26, 27, 29, 31, 34, 40, 44, 46, 47, 54, 55, 58, 64, 65, 71, 73, 78, 81, 92, 95, 96, 110, 114, 118, 120, 190, 191]
Min Correction Subset: [3, 32, 123]
Iter 93: 
Min Hitting Set: [2, 3, 4, 5, 6, 14, 20, 21, 24, 25, 26, 29, 31, 32, 34, 40, 44, 46, 47, 54, 55, 58, 64, 65, 71, 73, 78, 92, 95, 96, 110, 114, 118, 120, 142, 190, 191]
Min Correction Subset: [28, 81, 112]
Iter 94: 
Min Hitting Set: [2, 3, 4, 5, 6, 12, 14, 15, 21, 25, 26, 29, 30, 34, 40, 44, 46, 47, 54, 55, 58, 65, 71, 73, 78, 81, 92, 95, 96, 110, 114, 118, 120, 123, 136, 190, 191]
Min Correction Subset: [24, 80]
Iter 95: 
Min Hitting Set: [2, 3, 4, 5, 6, 14, 15, 20, 21, 24, 26, 31, 34, 40, 44, 46, 47, 54, 55, 58, 64, 65, 71, 73, 78, 81, 92, 95, 96, 110, 112, 114, 118, 120, 142, 190, 191]
Min Correction Subset: [12, 25, 32]
Iter 96: 
Min Hitting Set: [2, 3, 4, 5, 6, 14, 20, 21, 24, 26, 29, 31, 32, 34, 40, 44, 46, 47, 54, 55, 58, 64, 65, 71, 73, 78, 92, 95, 96, 110, 112, 114, 118, 120, 142, 190, 191]
Min Correction Subset: [12, 25, 53]
Iter 97: 
Min Hitting Set: [2, 4, 5, 6, 12, 14, 20, 21, 24, 26, 27, 29, 34, 40, 44, 46, 47, 54, 55, 58, 64, 65, 71, 73, 78, 80, 81, 92, 95, 96, 110, 114, 118, 120, 123, 190, 191]
Min Correction Subset: [3, 25, 31]
Iter 98: 
Min Hitting Set: [2, 3, 4, 5, 6, 14, 15, 20, 21, 24, 25, 26, 31, 34, 40, 44, 46, 47, 54, 55, 58, 64, 65, 71, 73, 78, 81, 92, 95, 96, 110, 114, 118, 120, 142, 190, 191]
Min Correction Subset: [12, 13, 32]
Iter 99: 
Min Hitting Set: [2, 4, 5, 6, 12, 14, 15, 20, 21, 24, 25, 26, 27, 29, 34, 40, 44, 46, 47, 54, 55, 58, 65, 71, 73, 78, 81, 92, 95, 96, 110, 114, 118, 120, 123, 190, 191]
Min Correction Subset: [30, 64]
Iter 100: 
Min Hitting Set: [2, 4, 5, 6, 12, 14, 20, 21, 24, 25, 26, 27, 29, 32, 34, 40, 44, 46, 47, 54, 55, 58, 64, 65, 71, 73, 78, 81, 92, 95, 96, 110, 114, 118, 120, 190, 191]
Min Correction Subset: [3, 53, 123]
Iter 101: 
Min Hitting Set: [2, 3, 4, 5, 6, 12, 14, 20, 21, 24, 25, 26, 32, 34, 40, 44, 46, 47, 54, 55, 58, 64, 65, 71, 73, 78, 81, 92, 95, 96, 110, 114, 118, 120, 142, 190, 191]
Min Correction Subset: [27, 52, 112]
Iter 102: 
Min Hitting Set: [2, 4, 5, 6, 14, 20, 21, 24, 25, 26, 27, 29, 31, 32, 34, 40, 44, 46, 47, 53, 54, 55, 58, 64, 65, 73, 78, 81, 92, 95, 96, 110, 114, 118, 120, 190, 191]
Min Correction Subset: [3, 12, 13]
Iter 103: 
Min Hitting Set: [2, 3, 4, 5, 6, 12, 14, 21, 24, 25, 26, 34, 44, 46, 47, 54, 55, 58, 64, 65, 71, 73, 78, 80, 81, 92, 95, 96, 110, 112, 114, 118, 120, 136, 142, 190, 191]
Min Correction Subset: [15, 30, 31, 40]
Iter 104: 
Min Hitting Set: [2, 4, 5, 6, 12, 14, 25, 26, 27, 29, 30, 32, 34, 40, 44, 46, 47, 54, 55, 58, 64, 65, 71, 73, 78, 80, 81, 92, 95, 96, 110, 114, 118, 120, 123, 136, 190, 191]
Min Correction Subset: [21, 147]
Iter 105: 
Min Hitting Set: [2, 4, 5, 6, 12, 14, 21, 25, 26, 27, 29, 30, 34, 44, 46, 47, 54, 55, 58, 64, 65, 71, 73, 78, 80, 81, 92, 95, 96, 110, 112, 114, 118, 120, 123, 136, 190, 191]
Min Correction Subset: [3, 24]
Iter 106: 
Min Hitting Set: [2, 3, 4, 5, 6, 14, 20, 21, 24, 25, 26, 27, 31, 32, 34, 40, 44, 46, 47, 53, 54, 55, 58, 64, 65, 73, 78, 81, 92, 95, 96, 110, 114, 118, 120, 142, 190, 191]
Min Correction Subset: [11, 71, 147]
Iter 107: 
Min Hitting Set: [2, 3, 4, 5, 6, 12, 14, 15, 21, 24, 26, 29, 34, 44, 46, 47, 54, 55, 58, 64, 65, 71, 73, 78, 80, 81, 92, 95, 96, 110, 112, 114, 118, 120, 123, 136, 190, 191]
Min Correction Subset: [25, 32, 142]
Iter 108: 
Min Hitting Set: [2, 3, 4, 5, 6, 12, 14, 15, 21, 24, 26, 34, 44, 46, 47, 54, 55, 58, 64, 65, 71, 73, 78, 80, 81, 92, 95, 96, 110, 112, 114, 118, 120, 123, 136, 142, 190, 191]
Min Correction Subset: [25, 28, 31]
Iter 109: 
Min Hitting Set: [2, 3, 4, 5, 6, 12, 14, 15, 21, 24, 25, 26, 34, 44, 46, 47, 54, 55, 58, 64, 65, 71, 73, 78, 80, 81, 92, 95, 96, 110, 112, 114, 118, 120, 136, 142, 190, 191]
Min Correction Subset: [30, 31, 40, 143]
Iter 110: 
Min Hitting Set: [2, 3, 4, 5, 6, 14, 20, 21, 24, 26, 27, 29, 31, 32, 34, 40, 44, 46, 47, 53, 54, 55, 58, 64, 65, 71, 73, 78, 81, 92, 95, 96, 110, 114, 118, 120, 190, 191]
Min Correction Subset: [25, 28, 112]
Iter 111: 
Min Hitting Set: [2, 3, 4, 5, 6, 12, 14, 21, 25, 26, 29, 30, 34, 44, 46, 47, 54, 55, 58, 64, 65, 71, 73, 78, 80, 81, 92, 95, 96, 110, 112, 114, 118, 120, 123, 136, 190, 191]
Min Correction Subset: [15, 24]
Iter 112: 
Min Hitting Set: [2, 3, 4, 5, 6, 12, 14, 21, 24, 25, 26, 31, 34, 44, 46, 47, 54, 55, 58, 64, 65, 71, 73, 78, 80, 81, 92, 95, 96, 110, 112, 114, 118, 120, 136, 142, 190, 191]
Min Correction Subset: [15, 32, 123, 143]
Iter 113: 
Min Hitting Set: [2, 3, 4, 5, 6, 14, 20, 21, 24, 25, 26, 29, 31, 32, 34, 40, 44, 46, 47, 54, 55, 58, 64, 65, 71, 73, 78, 92, 95, 96, 110, 112, 114, 118, 120, 142, 190, 191]
Min Correction Subset: [27, 53, 81]
Iter 114: 
Min Hitting Set: [2, 4, 5, 6, 12, 14, 21, 24, 25, 26, 27, 29, 34, 40, 44, 46, 47, 54, 55, 58, 64, 65, 71, 73, 78, 80, 81, 92, 95, 96, 110, 114, 118, 120, 123, 136, 190, 191]
Min Correction Subset: [3, 32, 142]
Iter 115: 
Min Hitting Set: [2, 3, 4, 5, 6, 14, 21, 24, 25, 26, 27, 29, 31, 32, 34, 40, 44, 46, 47, 53, 54, 55, 58, 64, 65, 71, 73, 78, 81, 92, 95, 96, 110, 114, 118, 120, 190, 191]
Min Correction Subset: [12, 13, 20]
Iter 116: 
Min Hitting Set: [2, 4, 5, 6, 12, 14, 21, 24, 25, 26, 27, 29, 32, 34, 40, 44, 46, 47, 53, 54, 55, 58, 64, 65, 71, 73, 78, 81, 92, 95, 96, 110, 114, 118, 120, 123, 190, 191]
Min Correction Subset: [3, 28, 112]
Iter 117: 
Min Hitting Set: [2, 3, 4, 5, 6, 12, 14, 20, 21, 24, 26, 31, 32, 34, 40, 44, 46, 47, 54, 55, 58, 64, 65, 71, 73, 78, 81, 92, 95, 96, 110, 112, 114, 118, 120, 142, 190, 191]
Min Correction Subset: [25, 80, 123]
Iter 118: 
Min Hitting Set: [2, 4, 5, 6, 12, 14, 15, 21, 24, 26, 27, 28, 29, 31, 34, 44, 46, 47, 54, 55, 58, 64, 65, 71, 73, 78, 92, 95, 96, 110, 114, 118, 120, 123, 136, 142, 190, 191]
Min Correction Subset: [25, 32, 81]
Iter 119: 
Min Hitting Set: [2, 3, 4, 5, 6, 12, 14, 15, 21, 24, 26, 31, 34, 44, 46, 47, 54, 55, 58, 64, 65, 71, 73, 78, 81, 92, 95, 96, 110, 112, 114, 118, 120, 123, 136, 142, 190, 191]
Min Correction Subset: [25, 40, 80]
Iter 120: 
Min Hitting Set: [2, 3, 4, 5, 6, 14, 20, 21, 24, 25, 26, 27, 29, 31, 32, 34, 40, 44, 46, 47, 54, 55, 58, 64, 65, 71, 73, 78, 81, 92, 95, 96, 110, 114, 118, 120, 190, 191]
Min Correction Subset: [12, 76, 142]
Instance: paths-100-200-480000
----------------------------
Query: 8
Query element:88
Query scope: 22
----------------------------
IIS optimality: suboptimal
IIS solution time: 36040.516
IIS Constraint: 2; goods; {good:2}
IIS Constraint: 3; goods; {good:3}
IIS Constraint: 4; goods; {good:4}
IIS Constraint: 5; goods; {good:5}
IIS Constraint: 6; goods; {good:6}
IIS Constraint: 14; goods; {good:14}
IIS Constraint: 20; goods; {good:20}
IIS Constraint: 21; goods; {good:21}
IIS Constraint: 24; goods; {good:24}
IIS Constraint: 25; goods; {good:25}
IIS Constraint: 26; goods; {good:26}
IIS Constraint: 27; goods; {good:27}
IIS Constraint: 29; goods; {good:29}
IIS Constraint: 31; goods; {good:31}
IIS Constraint: 32; goods; {good:32}
IIS Constraint: 34; goods; {good:34}
IIS Constraint: 40; goods; {good:40}
IIS Constraint: 44; goods; {good:44}
IIS Constraint: 46; goods; {good:46}
IIS Constraint: 47; goods; {good:47}
IIS Constraint: 54; goods; {good:54}
IIS Constraint: 55; goods; {good:55}
IIS Constraint: 58; goods; {good:58}
IIS Constraint: 64; goods; {good:64}
IIS Constraint: 65; goods; {good:65}
IIS Constraint: 71; goods; {good:71}
IIS Constraint: 73; goods; {good:73}
IIS Constraint: 78; goods; {good:78}
IIS Constraint: 81; goods; {good:81}
IIS Constraint: 92; goods; {good:92}
IIS Constraint: 95; goods; {good:95}
IIS Constraint: 96; goods; {good:96}
IIS Constraint: 110; goods; {good:110}
IIS Constraint: 114; goods; {good:114}
IIS Constraint: 118; goods; {good:118}
IIS Constraint: 120; goods; {good:120}
IIS Constraint: 190; query; {good:88,query:8}
IIS Constraint: 191; max; {f:29.264873,objective:max}
