IIS generation
Iter 1: 
Min Hitting Set: []
Min Correction Subset: [208]
Iter 2: 
Min Hitting Set: [208]
Min Correction Subset: [28]
Iter 3: 
Min Hitting Set: [28, 208]
Min Correction Subset: [7]
Iter 4: 
Min Hitting Set: [7, 28, 208]
Min Correction Subset: [29]
Iter 5: 
Min Hitting Set: [7, 28, 29, 208]
Min Correction Subset: [46]
Iter 6: 
Min Hitting Set: [7, 28, 29, 46, 208]
Min Correction Subset: [64]
Iter 7: 
Min Hitting Set: [7, 28, 29, 46, 64, 208]
Min Correction Subset: [51]
Iter 8: 
Min Hitting Set: [7, 28, 29, 46, 51, 64, 208]
Min Correction Subset: [87]
Iter 9: 
Min Hitting Set: [7, 28, 29, 46, 51, 64, 87, 208]
Min Correction Subset: [83]
Iter 10: 
Min Hitting Set: [7, 28, 29, 46, 51, 64, 83, 87, 208]
Min Correction Subset: [88]
Iter 11: 
Min Hitting Set: [7, 28, 29, 46, 51, 64, 83, 87, 88, 208]
Min Correction Subset: [8]
Iter 12: 
Min Hitting Set: [7, 8, 28, 29, 46, 51, 64, 83, 87, 88, 208]
Min Correction Subset: [118]
Iter 13: 
Min Hitting Set: [7, 8, 28, 29, 46, 51, 64, 83, 87, 88, 118, 208]
Min Correction Subset: [91]
Iter 14: 
Min Hitting Set: [7, 8, 28, 29, 46, 51, 64, 83, 87, 88, 91, 118, 208]
Min Correction Subset: [13]
Iter 15: 
Min Hitting Set: [7, 8, 13, 28, 29, 46, 51, 64, 83, 87, 88, 91, 118, 208]
Min Correction Subset: [97]
Iter 16: 
Min Hitting Set: [7, 8, 13, 28, 29, 46, 51, 64, 83, 87, 88, 91, 97, 118, 208]
Min Correction Subset: [82]
Iter 17: 
Min Hitting Set: [7, 8, 13, 28, 29, 46, 51, 64, 82, 83, 87, 88, 91, 97, 118, 208]
Min Correction Subset: [42]
Iter 18: 
Min Hitting Set: [7, 8, 13, 28, 29, 42, 46, 51, 64, 82, 83, 87, 88, 91, 97, 118, 208]
Min Correction Subset: [45]
Iter 19: 
Min Hitting Set: [7, 8, 13, 28, 29, 42, 45, 46, 51, 64, 82, 83, 87, 88, 91, 97, 118, 208]
Min Correction Subset: [11]
Iter 20: 
Min Hitting Set: [7, 8, 11, 13, 28, 29, 42, 45, 46, 51, 64, 82, 83, 87, 88, 91, 97, 118, 208]
Min Correction Subset: [23]
Iter 21: 
Min Hitting Set: [7, 8, 11, 13, 23, 28, 29, 42, 45, 46, 51, 64, 82, 83, 87, 88, 91, 97, 118, 208]
Min Correction Subset: [6]
Iter 22: 
Min Hitting Set: [6, 7, 8, 11, 13, 23, 28, 29, 42, 45, 46, 51, 64, 82, 83, 87, 88, 91, 97, 118, 208]
Min Correction Subset: [123]
Iter 23: 
Min Hitting Set: [6, 7, 8, 11, 13, 23, 28, 29, 42, 45, 46, 51, 64, 82, 83, 87, 88, 91, 97, 118, 123, 208]
Min Correction Subset: [41]
Iter 24: 
Min Hitting Set: [6, 7, 8, 11, 13, 23, 28, 29, 41, 42, 45, 46, 51, 64, 82, 83, 87, 88, 91, 97, 118, 123, 208]
Min Correction Subset: [54]
Iter 25: 
Min Hitting Set: [6, 7, 8, 11, 13, 23, 28, 29, 41, 42, 45, 46, 51, 54, 64, 82, 83, 87, 88, 91, 97, 118, 123, 208]
Min Correction Subset: [86]
Iter 26: 
Min Hitting Set: [6, 7, 8, 11, 13, 23, 28, 29, 41, 42, 45, 46, 51, 54, 64, 82, 83, 86, 87, 88, 91, 97, 118, 123, 208]
Min Correction Subset: [84]
Iter 27: 
Min Hitting Set: [6, 7, 8, 11, 13, 23, 28, 29, 41, 42, 45, 46, 51, 54, 64, 82, 83, 84, 86, 87, 88, 91, 97, 118, 123, 208]
Min Correction Subset: [79]
Iter 28: 
Min Hitting Set: [6, 7, 8, 11, 13, 23, 28, 29, 41, 42, 45, 46, 51, 54, 64, 79, 82, 83, 84, 86, 87, 88, 91, 97, 118, 123, 208]
Min Correction Subset: [0]
Iter 29: 
Min Hitting Set: [0, 6, 7, 8, 11, 13, 23, 28, 29, 41, 42, 45, 46, 51, 54, 64, 79, 82, 83, 84, 86, 87, 88, 91, 97, 118, 123, 208]
Min Correction Subset: [128]
Iter 30: 
Min Hitting Set: [0, 6, 7, 8, 11, 13, 23, 28, 29, 41, 42, 45, 46, 51, 54, 64, 79, 82, 83, 84, 86, 87, 88, 91, 97, 118, 123, 128, 208]
Min Correction Subset: [40]
Iter 31: 
Min Hitting Set: [0, 6, 7, 8, 11, 13, 23, 28, 29, 40, 41, 42, 45, 46, 51, 54, 64, 79, 82, 83, 84, 86, 87, 88, 91, 97, 118, 123, 128, 208]
Min Correction Subset: [207]
Iter 32: 
Min Hitting Set: [0, 6, 7, 8, 11, 13, 23, 28, 29, 40, 41, 42, 45, 46, 51, 54, 64, 79, 82, 83, 84, 86, 87, 88, 91, 97, 118, 123, 128, 207, 208]
Min Correction Subset: [27]
Iter 33: 
Min Hitting Set: [0, 6, 7, 8, 11, 13, 23, 27, 28, 29, 40, 41, 42, 45, 46, 51, 54, 64, 79, 82, 83, 84, 86, 87, 88, 91, 97, 118, 123, 128, 207, 208]
Min Correction Subset: [16, 24]
Iter 34: 
Min Hitting Set: [0, 6, 7, 8, 11, 13, 16, 23, 27, 28, 29, 40, 41, 42, 45, 46, 51, 54, 64, 79, 82, 83, 84, 86, 87, 88, 91, 97, 118, 123, 128, 207, 208]
Min Correction Subset: [34, 127]
Iter 35: 
Min Hitting Set: [0, 6, 7, 8, 11, 13, 16, 23, 27, 28, 29, 34, 40, 41, 42, 45, 46, 51, 54, 64, 79, 82, 83, 84, 86, 87, 88, 91, 97, 118, 123, 128, 207, 208]
Min Correction Subset: [2, 24]
Iter 36: 
Min Hitting Set: [0, 6, 7, 8, 11, 13, 23, 24, 27, 28, 29, 34, 40, 41, 42, 45, 46, 51, 54, 64, 79, 82, 83, 84, 86, 87, 88, 91, 97, 118, 123, 128, 207, 208]
Min Correction Subset: [3, 16]
Iter 37: 
Min Hitting Set: [0, 6, 7, 8, 11, 13, 16, 23, 24, 27, 28, 29, 34, 40, 41, 42, 45, 46, 51, 54, 64, 79, 82, 83, 84, 86, 87, 88, 91, 97, 118, 123, 128, 207, 208]
Min Correction Subset: [57, 127]
Iter 38: 
Min Hitting Set: [0, 6, 7, 8, 11, 13, 16, 23, 24, 27, 28, 29, 40, 41, 42, 45, 46, 51, 54, 64, 79, 82, 83, 84, 86, 87, 88, 91, 97, 118, 123, 127, 128, 207, 208]
Min Correction Subset: [17, 57]
Iter 39: 
Min Hitting Set: [0, 6, 7, 8, 11, 13, 16, 23, 24, 27, 28, 29, 40, 41, 42, 45, 46, 51, 54, 57, 64, 79, 82, 83, 84, 86, 87, 88, 91, 97, 118, 123, 127, 128, 207, 208]
Min Correction Subset: [30, 58]
Iter 40: 
Min Hitting Set: [0, 6, 7, 8, 11, 13, 16, 23, 24, 27, 28, 29, 30, 40, 41, 42, 45, 46, 51, 54, 57, 64, 79, 82, 83, 84, 86, 87, 88, 91, 97, 118, 123, 127, 128, 207, 208]
Min Correction Subset: [20, 33]
Iter 41: 
Min Hitting Set: [0, 6, 7, 8, 11, 13, 16, 20, 23, 24, 27, 28, 29, 30, 40, 41, 42, 45, 46, 51, 54, 57, 64, 79, 82, 83, 84, 86, 87, 88, 91, 97, 118, 123, 127, 128, 207, 208]
Min Correction Subset: [2, 3]
Iter 42: 
Min Hitting Set: [0, 3, 6, 7, 8, 11, 13, 20, 23, 24, 27, 28, 29, 30, 40, 41, 42, 45, 46, 51, 54, 57, 64, 79, 82, 83, 84, 86, 87, 88, 91, 97, 118, 123, 127, 128, 207, 208]
Min Correction Subset: [18, 39]
Iter 43: 
Min Hitting Set: [0, 3, 6, 7, 8, 11, 13, 18, 20, 23, 24, 27, 28, 29, 30, 40, 41, 42, 45, 46, 51, 54, 57, 64, 79, 82, 83, 84, 86, 87, 88, 91, 97, 118, 123, 127, 128, 207, 208]
Min Correction Subset: [34, 38]
Iter 44: 
Min Hitting Set: [0, 3, 6, 7, 8, 11, 13, 18, 20, 23, 24, 27, 28, 29, 30, 34, 40, 41, 42, 45, 46, 51, 54, 57, 64, 79, 82, 83, 84, 86, 87, 88, 91, 97, 118, 123, 128, 207, 208]
Min Correction Subset: [9, 122]
Iter 45: 
Min Hitting Set: [0, 3, 6, 7, 8, 9, 11, 13, 18, 20, 23, 24, 27, 28, 29, 30, 34, 40, 41, 42, 45, 46, 51, 54, 57, 64, 79, 82, 83, 84, 86, 87, 88, 91, 97, 118, 123, 128, 207, 208]
Min Correction Subset: [71, 129]
Iter 46: 
Min Hitting Set: [0, 3, 6, 7, 8, 9, 11, 13, 18, 20, 23, 24, 27, 28, 29, 30, 34, 40, 41, 42, 45, 46, 51, 54, 57, 64, 71, 79, 82, 83, 84, 86, 87, 88, 91, 97, 118, 123, 128, 207, 208]
Min Correction Subset: [16, 66]
Iter 47: 
Min Hitting Set: [0, 2, 6, 7, 8, 9, 11, 13, 16, 18, 20, 23, 27, 28, 29, 30, 34, 40, 41, 42, 45, 46, 51, 54, 57, 64, 71, 79, 82, 83, 84, 86, 87, 88, 91, 97, 118, 123, 128, 207, 208]
Min Correction Subset: [5, 95]
Iter 48: 
Min Hitting Set: [0, 2, 5, 6, 7, 8, 9, 11, 13, 16, 18, 20, 23, 27, 28, 29, 30, 34, 40, 41, 42, 45, 46, 51, 54, 57, 64, 71, 79, 82, 83, 84, 86, 87, 88, 91, 97, 118, 123, 128, 207, 208]
Min Correction Subset: [38, 127]
Iter 49: 
Min Hitting Set: [0, 2, 5, 6, 7, 8, 9, 11, 13, 16, 18, 20, 23, 27, 28, 29, 30, 34, 38, 40, 41, 42, 45, 46, 51, 54, 57, 64, 71, 79, 82, 83, 84, 86, 87, 88, 91, 97, 118, 123, 128, 207, 208]
Min Correction Subset: [67, 100]
Iter 50: 
Min Hitting Set: [0, 2, 5, 6, 7, 8, 9, 11, 13, 16, 18, 20, 23, 27, 28, 29, 30, 34, 38, 40, 41, 42, 45, 46, 51, 54, 57, 64, 67, 71, 79, 82, 83, 84, 86, 87, 88, 91, 97, 118, 123, 128, 207, 208]
Min Correction Subset: [3, 94]
Iter 51: 
Min Hitting Set: [0, 2, 3, 5, 6, 7, 8, 9, 11, 13, 16, 18, 20, 23, 27, 28, 29, 30, 34, 38, 40, 41, 42, 45, 46, 51, 54, 57, 64, 67, 71, 79, 82, 83, 84, 86, 87, 88, 91, 97, 118, 123, 128, 207, 208]
Min Correction Subset: [24, 94]
Iter 52: 
Min Hitting Set: [0, 3, 5, 6, 7, 8, 9, 11, 13, 16, 18, 20, 23, 24, 27, 28, 29, 30, 38, 40, 41, 42, 45, 46, 51, 54, 57, 64, 67, 71, 79, 82, 83, 84, 86, 87, 88, 91, 97, 118, 123, 127, 128, 207, 208]
Min Correction Subset: [34, 58]
Iter 53: 
Min Hitting Set: [0, 3, 5, 6, 7, 8, 9, 11, 13, 16, 18, 20, 23, 24, 27, 28, 29, 38, 40, 41, 42, 45, 46, 51, 54, 57, 58, 64, 67, 71, 79, 82, 83, 84, 86, 87, 88, 91, 97, 118, 123, 127, 128, 207, 208]
Min Correction Subset: [30, 34]
Iter 54: 
Min Hitting Set: [0, 3, 5, 6, 7, 8, 9, 11, 13, 16, 18, 20, 23, 24, 27, 28, 29, 30, 34, 38, 40, 41, 42, 45, 46, 51, 54, 57, 64, 67, 71, 79, 82, 83, 84, 86, 87, 88, 91, 97, 118, 123, 128, 207, 208]
Min Correction Subset: [17, 76, 126]
Iter 55: 
Min Hitting Set: [0, 3, 5, 6, 7, 8, 9, 11, 13, 16, 17, 18, 20, 23, 24, 27, 28, 29, 30, 34, 40, 41, 42, 45, 46, 51, 54, 64, 67, 71, 79, 82, 83, 84, 86, 87, 88, 91, 97, 118, 123, 127, 128, 207, 208]
Min Correction Subset: [39, 57]
Iter 56: 
Min Hitting Set: [0, 3, 5, 6, 7, 8, 9, 11, 13, 16, 17, 20, 23, 24, 27, 28, 29, 30, 34, 39, 40, 41, 42, 45, 46, 51, 54, 64, 67, 71, 79, 82, 83, 84, 86, 87, 88, 91, 97, 118, 123, 127, 128, 207, 208]
Min Correction Subset: [57, 58, 135]
Iter 57: 
Min Hitting Set: [0, 3, 5, 6, 7, 8, 9, 11, 13, 16, 17, 20, 23, 24, 27, 28, 29, 34, 39, 40, 41, 42, 45, 46, 51, 54, 58, 64, 67, 71, 79, 82, 83, 84, 86, 87, 88, 91, 97, 118, 123, 127, 128, 207, 208]
Min Correction Subset: [22, 30]
Iter 58: 
Min Hitting Set: [0, 3, 5, 6, 7, 8, 9, 11, 13, 16, 17, 20, 23, 24, 27, 28, 29, 30, 38, 39, 40, 41, 42, 45, 46, 51, 54, 58, 64, 67, 71, 79, 82, 83, 84, 86, 87, 88, 91, 97, 118, 123, 127, 128, 207, 208]
Min Correction Subset: [34, 57]
Iter 59: 
Min Hitting Set: [0, 3, 5, 6, 7, 8, 9, 11, 13, 16, 17, 20, 23, 24, 27, 28, 29, 30, 34, 39, 40, 41, 42, 45, 46, 51, 54, 57, 64, 67, 71, 79, 82, 83, 84, 86, 87, 88, 91, 97, 118, 123, 127, 128, 207, 208]
Min Correction Subset: [18, 58, 121]
Iter 60: 
Min Hitting Set: [0, 3, 5, 6, 7, 8, 9, 11, 13, 16, 17, 18, 20, 23, 24, 27, 28, 29, 30, 34, 40, 41, 42, 45, 46, 51, 54, 57, 64, 67, 71, 79, 82, 83, 84, 86, 87, 88, 91, 97, 118, 123, 127, 128, 207, 208]
Min Correction Subset: [14, 72, 108]
Iter 61: 
Min Hitting Set: [0, 3, 5, 6, 7, 8, 9, 11, 13, 14, 16, 17, 18, 20, 23, 24, 27, 28, 29, 30, 34, 40, 41, 42, 45, 46, 51, 54, 57, 64, 67, 71, 79, 82, 83, 84, 86, 87, 88, 91, 97, 118, 123, 127, 128, 207, 208]
Min Correction Subset: [72, 76, 126]
Iter 62: 
Min Hitting Set: [0, 3, 5, 6, 7, 8, 9, 11, 13, 16, 17, 18, 20, 23, 24, 27, 28, 29, 30, 34, 40, 41, 42, 45, 46, 51, 54, 57, 64, 67, 71, 72, 79, 82, 83, 84, 86, 87, 88, 91, 97, 118, 123, 127, 128, 207, 208]
Min Correction Subset: [14, 76, 126]
Iter 63: 
Min Hitting Set: [0, 3, 5, 6, 7, 8, 9, 11, 13, 14, 16, 18, 20, 23, 24, 27, 28, 29, 30, 34, 38, 40, 41, 42, 45, 46, 51, 54, 57, 64, 67, 71, 76, 79, 82, 83, 84, 86, 87, 88, 91, 97, 118, 123, 128, 207, 208]
Min Correction Subset: [2, 66, 129]
Iter 64: 
Min Hitting Set: [0, 3, 5, 6, 7, 8, 9, 11, 13, 14, 16, 18, 20, 23, 24, 27, 28, 29, 30, 34, 38, 40, 41, 42, 45, 46, 51, 54, 57, 64, 67, 79, 82, 83, 84, 86, 87, 88, 91, 97, 118, 123, 126, 128, 129, 207, 208]
Min Correction Subset: [2, 66, 133]
Iter 65: 
Min Hitting Set: [0, 3, 5, 6, 7, 8, 9, 11, 13, 14, 18, 20, 23, 24, 27, 28, 29, 30, 34, 38, 40, 41, 42, 45, 46, 51, 54, 57, 64, 66, 67, 79, 82, 83, 84, 86, 87, 88, 91, 97, 118, 123, 126, 128, 129, 207, 208]
Min Correction Subset: [15, 16, 72, 94]
Iter 66: 
Min Hitting Set: [0, 3, 5, 6, 7, 8, 9, 11, 13, 18, 20, 23, 24, 27, 28, 29, 30, 34, 40, 41, 42, 45, 46, 51, 54, 57, 64, 66, 67, 72, 76, 79, 82, 83, 84, 86, 87, 88, 91, 97, 118, 123, 127, 128, 129, 207, 208]
Min Correction Subset: [15, 16, 19, 33]
Iter 67: 
Min Hitting Set: [0, 3, 5, 6, 7, 8, 9, 11, 13, 18, 23, 24, 27, 28, 29, 30, 33, 34, 40, 41, 42, 45, 46, 51, 54, 57, 64, 66, 67, 72, 76, 79, 82, 83, 84, 86, 87, 88, 91, 97, 118, 123, 127, 128, 129, 207, 208]
Min Correction Subset: [16, 20]
Iter 68: 
Min Hitting Set: [0, 2, 5, 6, 7, 8, 9, 11, 13, 14, 16, 18, 23, 27, 28, 29, 30, 33, 34, 38, 40, 41, 42, 45, 46, 51, 54, 57, 64, 67, 76, 79, 82, 83, 84, 86, 87, 88, 91, 94, 97, 118, 123, 128, 129, 207, 208]
Min Correction Subset: [20, 71]
Iter 69: 
Min Hitting Set: [0, 2, 5, 6, 7, 8, 9, 11, 13, 14, 16, 18, 23, 27, 28, 29, 30, 33, 34, 38, 40, 41, 42, 45, 46, 51, 54, 57, 64, 67, 71, 76, 79, 82, 83, 84, 86, 87, 88, 91, 94, 97, 118, 123, 128, 207, 208]
Min Correction Subset: [20, 66]
Iter 70: 
Min Hitting Set: [0, 2, 5, 6, 7, 8, 9, 11, 13, 16, 18, 20, 23, 27, 28, 29, 30, 34, 40, 41, 42, 45, 46, 51, 54, 57, 64, 67, 71, 72, 76, 79, 82, 83, 84, 86, 87, 88, 91, 94, 97, 118, 123, 127, 128, 207, 208]
Min Correction Subset: [19, 33, 66, 129]
