IIS generation
Iter 1: 
Min Hitting Set: []
Min Correction Subset: [140]
Iter 2: 
Min Hitting Set: [140]
Min Correction Subset: [96]
Iter 3: 
Min Hitting Set: [96, 140]
Min Correction Subset: [39]
Iter 4: 
Min Hitting Set: [39, 96, 140]
Min Correction Subset: [19]
Iter 5: 
Min Hitting Set: [19, 39, 96, 140]
Min Correction Subset: [58]
Iter 6: 
Min Hitting Set: [19, 39, 58, 96, 140]
Min Correction Subset: [68]
Iter 7: 
Min Hitting Set: [19, 39, 58, 68, 96, 140]
Min Correction Subset: [47]
Iter 8: 
Min Hitting Set: [19, 39, 47, 58, 68, 96, 140]
Min Correction Subset: [49]
Iter 9: 
Min Hitting Set: [19, 39, 47, 49, 58, 68, 96, 140]
Min Correction Subset: [45]
Iter 10: 
Min Hitting Set: [19, 39, 45, 47, 49, 58, 68, 96, 140]
Min Correction Subset: [82]
Iter 11: 
Min Hitting Set: [19, 39, 45, 47, 49, 58, 68, 82, 96, 140]
Min Correction Subset: [3]
Iter 12: 
Min Hitting Set: [3, 19, 39, 45, 47, 49, 58, 68, 82, 96, 140]
Min Correction Subset: [57]
Iter 13: 
Min Hitting Set: [3, 19, 39, 45, 47, 49, 57, 58, 68, 82, 96, 140]
Min Correction Subset: [31]
Iter 14: 
Min Hitting Set: [3, 19, 31, 39, 45, 47, 49, 57, 58, 68, 82, 96, 140]
Min Correction Subset: [12]
Iter 15: 
Min Hitting Set: [3, 12, 19, 31, 39, 45, 47, 49, 57, 58, 68, 82, 96, 140]
Min Correction Subset: [28]
Iter 16: 
Min Hitting Set: [3, 12, 19, 28, 31, 39, 45, 47, 49, 57, 58, 68, 82, 96, 140]
Min Correction Subset: [13]
Iter 17: 
Min Hitting Set: [3, 12, 13, 19, 28, 31, 39, 45, 47, 49, 57, 58, 68, 82, 96, 140]
Min Correction Subset: [77]
Iter 18: 
Min Hitting Set: [3, 12, 13, 19, 28, 31, 39, 45, 47, 49, 57, 58, 68, 77, 82, 96, 140]
Min Correction Subset: [38]
Iter 19: 
Min Hitting Set: [3, 12, 13, 19, 28, 31, 38, 39, 45, 47, 49, 57, 58, 68, 77, 82, 96, 140]
Min Correction Subset: [89]
Iter 20: 
Min Hitting Set: [3, 12, 13, 19, 28, 31, 38, 39, 45, 47, 49, 57, 58, 68, 77, 82, 89, 96, 140]
Min Correction Subset: [60]
Iter 21: 
Min Hitting Set: [3, 12, 13, 19, 28, 31, 38, 39, 45, 47, 49, 57, 58, 60, 68, 77, 82, 89, 96, 140]
Min Correction Subset: [88]
Iter 22: 
Min Hitting Set: [3, 12, 13, 19, 28, 31, 38, 39, 45, 47, 49, 57, 58, 60, 68, 77, 82, 88, 89, 96, 140]
Min Correction Subset: [139]
Iter 23: 
Min Hitting Set: [3, 12, 13, 19, 28, 31, 38, 39, 45, 47, 49, 57, 58, 60, 68, 77, 82, 88, 89, 96, 139, 140]
Min Correction Subset: [95]
Iter 24: 
Min Hitting Set: [3, 12, 13, 19, 28, 31, 38, 39, 45, 47, 49, 57, 58, 60, 68, 77, 82, 88, 89, 95, 96, 139, 140]
Min Correction Subset: [36]
Iter 25: 
Min Hitting Set: [3, 12, 13, 19, 28, 31, 36, 38, 39, 45, 47, 49, 57, 58, 60, 68, 77, 82, 88, 89, 95, 96, 139, 140]
Min Correction Subset: [69]
Iter 26: 
Min Hitting Set: [3, 12, 13, 19, 28, 31, 36, 38, 39, 45, 47, 49, 57, 58, 60, 68, 69, 77, 82, 88, 89, 95, 96, 139, 140]
Min Correction Subset: [56]
Iter 27: 
Min Hitting Set: [3, 12, 13, 19, 28, 31, 36, 38, 39, 45, 47, 49, 56, 57, 58, 60, 68, 69, 77, 82, 88, 89, 95, 96, 139, 140]
Min Correction Subset: [73]
Iter 28: 
Min Hitting Set: [3, 12, 13, 19, 28, 31, 36, 38, 39, 45, 47, 49, 56, 57, 58, 60, 68, 69, 73, 77, 82, 88, 89, 95, 96, 139, 140]
Min Correction Subset: [43]
Iter 29: 
Min Hitting Set: [3, 12, 13, 19, 28, 31, 36, 38, 39, 43, 45, 47, 49, 56, 57, 58, 60, 68, 69, 73, 77, 82, 88, 89, 95, 96, 139, 140]
Min Correction Subset: [37]
Iter 30: 
Min Hitting Set: [3, 12, 13, 19, 28, 31, 36, 37, 38, 39, 43, 45, 47, 49, 56, 57, 58, 60, 68, 69, 73, 77, 82, 88, 89, 95, 96, 139, 140]
Min Correction Subset: [30]
Iter 31: 
Min Hitting Set: [3, 12, 13, 19, 28, 30, 31, 36, 37, 38, 39, 43, 45, 47, 49, 56, 57, 58, 60, 68, 69, 73, 77, 82, 88, 89, 95, 96, 139, 140]
Min Correction Subset: [18]
Iter 32: 
Min Hitting Set: [3, 12, 13, 18, 19, 28, 30, 31, 36, 37, 38, 39, 43, 45, 47, 49, 56, 57, 58, 60, 68, 69, 73, 77, 82, 88, 89, 95, 96, 139, 140]
Min Correction Subset: [102]
Iter 33: 
Min Hitting Set: [3, 12, 13, 18, 19, 28, 30, 31, 36, 37, 38, 39, 43, 45, 47, 49, 56, 57, 58, 60, 68, 69, 73, 77, 82, 88, 89, 95, 96, 102, 139, 140]
Min Correction Subset: [1, 76]
Iter 34: 
Min Hitting Set: [1, 3, 12, 13, 18, 19, 28, 30, 31, 36, 37, 38, 39, 43, 45, 47, 49, 56, 57, 58, 60, 68, 69, 73, 77, 82, 88, 89, 95, 96, 102, 139, 140]
Min Correction Subset: [10, 33]
Iter 35: 
Min Hitting Set: [1, 3, 10, 12, 13, 18, 19, 28, 30, 31, 36, 37, 38, 39, 43, 45, 47, 49, 56, 57, 58, 60, 68, 69, 73, 77, 82, 88, 89, 95, 96, 102, 139, 140]
Min Correction Subset: [0, 2]
Iter 36: 
Min Hitting Set: [0, 1, 3, 10, 12, 13, 18, 19, 28, 30, 31, 36, 37, 38, 39, 43, 45, 47, 49, 56, 57, 58, 60, 68, 69, 73, 77, 82, 88, 89, 95, 96, 102, 139, 140]
Min Correction Subset: [16, 42]
Iter 37: 
Min Hitting Set: [0, 1, 3, 10, 12, 13, 16, 18, 19, 28, 30, 31, 36, 37, 38, 39, 43, 45, 47, 49, 56, 57, 58, 60, 68, 69, 73, 77, 82, 88, 89, 95, 96, 102, 139, 140]
Min Correction Subset: [8, 71]
Iter 38: 
Min Hitting Set: [0, 1, 3, 8, 10, 12, 13, 16, 18, 19, 28, 30, 31, 36, 37, 38, 39, 43, 45, 47, 49, 56, 57, 58, 60, 68, 69, 73, 77, 82, 88, 89, 95, 96, 102, 139, 140]
Min Correction Subset: [22, 97]
Iter 39: 
Min Hitting Set: [0, 1, 3, 8, 10, 12, 13, 16, 18, 19, 22, 28, 30, 31, 36, 37, 38, 39, 43, 45, 47, 49, 56, 57, 58, 60, 68, 69, 73, 77, 82, 88, 89, 95, 96, 102, 139, 140]
Min Correction Subset: [44, 48]
Iter 40: 
Min Hitting Set: [0, 1, 3, 8, 10, 12, 13, 16, 18, 19, 22, 28, 30, 31, 36, 37, 38, 39, 43, 44, 45, 47, 49, 56, 57, 58, 60, 68, 69, 73, 77, 82, 88, 89, 95, 96, 102, 139, 140]
Min Correction Subset: [11, 83]
Iter 41: 
Min Hitting Set: [0, 1, 3, 8, 10, 11, 12, 13, 16, 18, 19, 22, 28, 30, 31, 36, 37, 38, 39, 43, 44, 45, 47, 49, 56, 57, 58, 60, 68, 69, 73, 77, 82, 88, 89, 95, 96, 102, 139, 140]
Min Correction Subset: [4, 75]
Iter 42: 
Min Hitting Set: [0, 1, 3, 4, 8, 10, 11, 12, 13, 16, 18, 19, 22, 28, 30, 31, 36, 37, 38, 39, 43, 44, 45, 47, 49, 56, 57, 58, 60, 68, 69, 73, 77, 82, 88, 89, 95, 96, 102, 139, 140]
Min Correction Subset: [33, 78]
Iter 43: 
Min Hitting Set: [0, 1, 3, 4, 8, 11, 12, 13, 16, 18, 19, 22, 28, 30, 31, 33, 36, 37, 38, 39, 43, 44, 45, 47, 49, 56, 57, 58, 60, 68, 69, 73, 77, 82, 88, 89, 95, 96, 102, 139, 140]
Min Correction Subset: [10, 53]
Iter 44: 
Min Hitting Set: [0, 1, 3, 4, 8, 10, 11, 12, 13, 16, 18, 19, 22, 28, 30, 31, 33, 36, 37, 38, 39, 43, 44, 45, 47, 49, 56, 57, 58, 60, 68, 69, 73, 77, 82, 88, 89, 95, 96, 102, 139, 140]
Min Correction Subset: [52, 78]
Iter 45: 
Min Hitting Set: [0, 1, 3, 4, 8, 10, 11, 12, 13, 16, 18, 19, 22, 28, 30, 31, 36, 37, 38, 39, 43, 44, 45, 47, 49, 56, 57, 58, 60, 68, 69, 73, 77, 78, 82, 88, 89, 95, 96, 102, 139, 140]
Min Correction Subset: [55, 59]
Iter 46: 
Min Hitting Set: [0, 1, 3, 4, 8, 10, 11, 12, 13, 16, 18, 19, 22, 28, 30, 31, 36, 37, 38, 39, 43, 44, 45, 47, 49, 55, 56, 57, 58, 60, 68, 69, 73, 77, 78, 82, 88, 89, 95, 96, 102, 139, 140]
Min Correction Subset: [40, 53]
Iter 47: 
Min Hitting Set: [0, 1, 3, 4, 8, 10, 11, 12, 13, 16, 18, 19, 22, 28, 30, 31, 36, 37, 38, 39, 43, 44, 45, 47, 49, 53, 55, 56, 57, 58, 60, 68, 69, 73, 77, 78, 82, 88, 89, 95, 96, 102, 139, 140]
Min Correction Subset: [5, 71]
Iter 48: 
Min Hitting Set: [0, 1, 3, 4, 10, 11, 12, 13, 16, 18, 19, 22, 28, 30, 31, 36, 37, 38, 39, 43, 44, 45, 47, 49, 53, 55, 56, 57, 58, 60, 68, 69, 71, 73, 77, 78, 82, 88, 89, 95, 96, 102, 139, 140]
Min Correction Subset: [7, 8]
Iter 49: 
Min Hitting Set: [0, 1, 3, 4, 8, 10, 11, 12, 13, 16, 18, 19, 22, 28, 30, 31, 36, 37, 38, 39, 43, 44, 45, 47, 49, 53, 55, 56, 57, 58, 60, 68, 69, 71, 73, 77, 78, 82, 88, 89, 95, 96, 102, 139, 140]
Min Correction Subset: [5, 51]
Iter 50: 
Min Hitting Set: [0, 1, 3, 4, 5, 8, 10, 11, 12, 13, 16, 18, 19, 22, 28, 30, 31, 36, 37, 38, 39, 43, 44, 45, 47, 49, 53, 55, 56, 57, 58, 60, 68, 69, 73, 77, 78, 82, 88, 89, 95, 96, 102, 139, 140]
Min Correction Subset: [24, 33]
Iter 51: 
Min Hitting Set: [0, 1, 3, 4, 5, 8, 11, 12, 13, 16, 18, 19, 22, 28, 30, 31, 33, 36, 37, 38, 39, 43, 44, 45, 47, 49, 53, 55, 56, 57, 58, 60, 68, 69, 73, 77, 78, 82, 88, 89, 95, 96, 102, 139, 140]
Min Correction Subset: [7, 75]
Iter 52: 
Min Hitting Set: [0, 1, 3, 5, 8, 11, 12, 13, 16, 18, 19, 22, 28, 30, 31, 33, 36, 37, 38, 39, 43, 44, 45, 47, 49, 53, 55, 56, 57, 58, 60, 68, 69, 73, 75, 77, 78, 82, 88, 89, 95, 96, 102, 139, 140]
Min Correction Subset: [4, 94]
Iter 53: 
Min Hitting Set: [0, 1, 3, 4, 5, 7, 8, 11, 12, 13, 16, 18, 19, 22, 28, 30, 31, 33, 36, 37, 38, 39, 43, 44, 45, 47, 49, 53, 55, 56, 57, 58, 60, 68, 69, 73, 77, 78, 82, 88, 89, 95, 96, 102, 139, 140]
Min Correction Subset: [42, 94]
Iter 54: 
Min Hitting Set: [0, 1, 3, 4, 5, 7, 8, 11, 12, 13, 18, 19, 22, 28, 30, 31, 33, 36, 37, 38, 39, 42, 43, 44, 45, 47, 49, 53, 55, 56, 57, 58, 60, 68, 69, 73, 77, 78, 82, 88, 89, 95, 96, 102, 139, 140]
Min Correction Subset: [16, 23]
Iter 55: 
Min Hitting Set: [0, 1, 3, 5, 8, 11, 12, 13, 16, 18, 19, 22, 28, 30, 31, 33, 36, 37, 38, 39, 43, 44, 45, 47, 49, 53, 55, 56, 57, 58, 60, 68, 69, 73, 75, 77, 78, 82, 88, 89, 94, 95, 96, 102, 139, 140]
Min Correction Subset: [4, 90]
Iter 56: 
Min Hitting Set: [0, 1, 3, 4, 5, 7, 8, 11, 12, 13, 16, 18, 19, 22, 28, 30, 31, 33, 36, 37, 38, 39, 42, 43, 44, 45, 47, 49, 53, 55, 56, 57, 58, 60, 68, 69, 73, 77, 78, 82, 88, 89, 95, 96, 102, 139, 140]
Min Correction Subset: [48, 80]
Iter 57: 
Min Hitting Set: [0, 1, 3, 4, 5, 7, 8, 11, 12, 13, 16, 18, 19, 22, 28, 30, 31, 33, 36, 37, 38, 39, 42, 43, 45, 47, 48, 49, 53, 55, 56, 57, 58, 60, 68, 69, 73, 77, 78, 82, 88, 89, 95, 96, 102, 139, 140]
Min Correction Subset: [71, 75]
Iter 58: 
Min Hitting Set: [0, 1, 3, 4, 5, 7, 11, 12, 13, 16, 18, 19, 22, 28, 30, 31, 33, 36, 37, 38, 39, 42, 43, 45, 47, 48, 49, 53, 55, 56, 57, 58, 60, 68, 69, 71, 73, 77, 78, 82, 88, 89, 95, 96, 102, 139, 140]
Min Correction Subset: [40, 90]
Iter 59: 
Min Hitting Set: [0, 1, 3, 5, 8, 11, 12, 13, 16, 18, 19, 22, 28, 30, 31, 33, 36, 37, 38, 39, 43, 45, 47, 48, 49, 53, 55, 56, 57, 58, 60, 68, 69, 73, 75, 77, 78, 82, 88, 89, 90, 94, 95, 96, 102, 139, 140]
Min Correction Subset: [10, 51]
Iter 60: 
Min Hitting Set: [0, 1, 3, 4, 5, 7, 10, 11, 12, 13, 16, 18, 19, 22, 28, 30, 31, 33, 36, 37, 38, 39, 40, 43, 45, 47, 48, 49, 55, 56, 57, 58, 60, 68, 69, 71, 73, 77, 78, 82, 88, 89, 94, 95, 96, 102, 139, 140]
Min Correction Subset: [24, 42]
Iter 61: 
Min Hitting Set: [0, 1, 3, 4, 5, 7, 10, 11, 12, 13, 16, 18, 19, 22, 28, 30, 31, 33, 36, 37, 38, 39, 40, 42, 43, 45, 47, 48, 49, 55, 56, 57, 58, 60, 68, 69, 71, 73, 77, 78, 82, 88, 89, 95, 96, 102, 139, 140]
Min Correction Subset: [44, 50]
Iter 62: 
Min Hitting Set: [0, 1, 3, 4, 5, 7, 10, 11, 12, 13, 16, 18, 19, 22, 28, 30, 31, 33, 36, 37, 38, 39, 40, 42, 43, 44, 45, 47, 48, 49, 55, 56, 57, 58, 60, 68, 69, 71, 73, 77, 78, 82, 88, 89, 95, 96, 102, 139, 140]
Min Correction Subset: [93, 98]
Iter 63: 
Min Hitting Set: [0, 1, 3, 4, 5, 7, 10, 11, 12, 13, 16, 18, 19, 22, 28, 30, 31, 33, 36, 37, 38, 39, 40, 42, 43, 44, 45, 47, 48, 49, 55, 56, 57, 58, 60, 68, 69, 71, 73, 77, 78, 82, 88, 89, 93, 95, 96, 102, 139, 140]
Min Correction Subset: [51, 76]
Iter 64: 
Min Hitting Set: [0, 3, 4, 5, 7, 10, 11, 12, 13, 16, 18, 19, 22, 28, 30, 31, 33, 36, 37, 38, 39, 40, 42, 43, 44, 45, 47, 48, 49, 55, 56, 57, 58, 60, 68, 69, 71, 73, 76, 77, 78, 82, 88, 89, 93, 95, 96, 102, 139, 140]
Min Correction Subset: [67, 99]
Iter 65: 
Min Hitting Set: [0, 3, 4, 5, 7, 10, 11, 12, 13, 16, 18, 19, 22, 28, 30, 31, 33, 36, 37, 38, 39, 40, 42, 43, 44, 45, 47, 48, 49, 55, 56, 57, 58, 60, 67, 68, 69, 71, 73, 76, 77, 78, 82, 88, 89, 93, 95, 96, 102, 139, 140]
Min Correction Subset: [17, 94]
Instance: arbitrary-100-200-460000
----------------------------
Query: 10
Query element:57
Query element:2
Query scope: 9
Query scope: 46
Query scope: 57
----------------------------
IIS optimality: suboptimal
IIS solution time: 36036.020
IIS Constraint: 0; goods; {good:0}
IIS Constraint: 3; goods; {good:3}
IIS Constraint: 4; goods; {good:4}
IIS Constraint: 5; goods; {good:5}
IIS Constraint: 7; goods; {good:7}
IIS Constraint: 10; goods; {good:10}
IIS Constraint: 11; goods; {good:11}
IIS Constraint: 12; goods; {good:12}
IIS Constraint: 13; goods; {good:13}
IIS Constraint: 16; goods; {good:16}
IIS Constraint: 18; goods; {good:18}
IIS Constraint: 19; goods; {good:19}
IIS Constraint: 22; goods; {good:22}
IIS Constraint: 28; goods; {good:28}
IIS Constraint: 30; goods; {good:30}
IIS Constraint: 31; goods; {good:31}
IIS Constraint: 33; goods; {good:33}
IIS Constraint: 36; goods; {good:36}
IIS Constraint: 37; goods; {good:37}
IIS Constraint: 38; goods; {good:38}
IIS Constraint: 39; goods; {good:39}
IIS Constraint: 40; goods; {good:40}
IIS Constraint: 42; goods; {good:42}
IIS Constraint: 43; goods; {good:43}
IIS Constraint: 44; goods; {good:44}
IIS Constraint: 45; goods; {good:45}
IIS Constraint: 47; goods; {good:47}
IIS Constraint: 48; goods; {good:48}
IIS Constraint: 49; goods; {good:49}
IIS Constraint: 55; goods; {good:55}
IIS Constraint: 56; goods; {good:56}
IIS Constraint: 57; goods; {good:57}
IIS Constraint: 58; goods; {good:58}
IIS Constraint: 60; goods; {good:60}
IIS Constraint: 67; goods; {good:67}
IIS Constraint: 68; goods; {good:68}
IIS Constraint: 69; goods; {good:69}
IIS Constraint: 71; goods; {good:71}
IIS Constraint: 73; goods; {good:73}
IIS Constraint: 76; goods; {good:76}
IIS Constraint: 77; goods; {good:77}
IIS Constraint: 78; goods; {good:78}
IIS Constraint: 82; goods; {good:82}
IIS Constraint: 88; goods; {good:88}
IIS Constraint: 89; goods; {good:89}
IIS Constraint: 93; goods; {good:93}
IIS Constraint: 95; goods; {good:95}
IIS Constraint: 96; goods; {good:96}
IIS Constraint: 102; goods; {good:102}
IIS Constraint: 139; query; {goods:[57,2],query:10}
IIS Constraint: 140; max; {f:4954.6443,objective:max}
