IIS generation
Iter 1: 
Min Hitting Set: []
Min Correction Subset: [137]
Iter 2: 
Min Hitting Set: [137]
Min Correction Subset: [31]
Iter 3: 
Min Hitting Set: [31, 137]
Min Correction Subset: [14]
Iter 4: 
Min Hitting Set: [14, 31, 137]
Min Correction Subset: [50]
Iter 5: 
Min Hitting Set: [14, 31, 50, 137]
Min Correction Subset: [37]
Iter 6: 
Min Hitting Set: [14, 31, 37, 50, 137]
Min Correction Subset: [76]
Iter 7: 
Min Hitting Set: [14, 31, 37, 50, 76, 137]
Min Correction Subset: [52]
Iter 8: 
Min Hitting Set: [14, 31, 37, 50, 52, 76, 137]
Min Correction Subset: [53]
Iter 9: 
Min Hitting Set: [14, 31, 37, 50, 52, 53, 76, 137]
Min Correction Subset: [64]
Iter 10: 
Min Hitting Set: [14, 31, 37, 50, 52, 53, 64, 76, 137]
Min Correction Subset: [61]
Iter 11: 
Min Hitting Set: [14, 31, 37, 50, 52, 53, 61, 64, 76, 137]
Min Correction Subset: [70]
Iter 12: 
Min Hitting Set: [14, 31, 37, 50, 52, 53, 61, 64, 70, 76, 137]
Min Correction Subset: [7]
Iter 13: 
Min Hitting Set: [7, 14, 31, 37, 50, 52, 53, 61, 64, 70, 76, 137]
Min Correction Subset: [40]
Iter 14: 
Min Hitting Set: [7, 14, 31, 37, 40, 50, 52, 53, 61, 64, 70, 76, 137]
Min Correction Subset: [4]
Iter 15: 
Min Hitting Set: [4, 7, 14, 31, 37, 40, 50, 52, 53, 61, 64, 70, 76, 137]
Min Correction Subset: [36]
Iter 16: 
Min Hitting Set: [4, 7, 14, 31, 36, 37, 40, 50, 52, 53, 61, 64, 70, 76, 137]
Min Correction Subset: [33]
Iter 17: 
Min Hitting Set: [4, 7, 14, 31, 33, 36, 37, 40, 50, 52, 53, 61, 64, 70, 76, 137]
Min Correction Subset: [48]
Iter 18: 
Min Hitting Set: [4, 7, 14, 31, 33, 36, 37, 40, 48, 50, 52, 53, 61, 64, 70, 76, 137]
Min Correction Subset: [5]
Iter 19: 
Min Hitting Set: [4, 5, 7, 14, 31, 33, 36, 37, 40, 48, 50, 52, 53, 61, 64, 70, 76, 137]
Min Correction Subset: [16]
Iter 20: 
Min Hitting Set: [4, 5, 7, 14, 16, 31, 33, 36, 37, 40, 48, 50, 52, 53, 61, 64, 70, 76, 137]
Min Correction Subset: [67]
Iter 21: 
Min Hitting Set: [4, 5, 7, 14, 16, 31, 33, 36, 37, 40, 48, 50, 52, 53, 61, 64, 67, 70, 76, 137]
Min Correction Subset: [136]
Iter 22: 
Min Hitting Set: [4, 5, 7, 14, 16, 31, 33, 36, 37, 40, 48, 50, 52, 53, 61, 64, 67, 70, 76, 136, 137]
Min Correction Subset: [38]
Iter 23: 
Min Hitting Set: [4, 5, 7, 14, 16, 31, 33, 36, 37, 38, 40, 48, 50, 52, 53, 61, 64, 67, 70, 76, 136, 137]
Min Correction Subset: [69]
Iter 24: 
Min Hitting Set: [4, 5, 7, 14, 16, 31, 33, 36, 37, 38, 40, 48, 50, 52, 53, 61, 64, 67, 69, 70, 76, 136, 137]
Min Correction Subset: [46, 99]
Iter 25: 
Min Hitting Set: [4, 5, 7, 14, 16, 31, 33, 36, 37, 38, 40, 46, 48, 50, 52, 53, 61, 64, 67, 69, 70, 76, 136, 137]
Min Correction Subset: [68, 87]
Iter 26: 
Min Hitting Set: [4, 5, 7, 14, 16, 31, 33, 36, 37, 38, 40, 46, 48, 50, 52, 53, 61, 64, 67, 68, 69, 70, 76, 136, 137]
Min Correction Subset: [35, 58]
Instance: arbitrary-100-200-950000
----------------------------
Query: 1
Query element:161
Query scope: 161
----------------------------
IIS optimality: suboptimal
IIS solution time: 36029.026
IIS Constraint: 4; goods; {good:4}
IIS Constraint: 5; goods; {good:5}
IIS Constraint: 7; goods; {good:7}
IIS Constraint: 14; goods; {good:14}
IIS Constraint: 16; goods; {good:16}
IIS Constraint: 31; goods; {good:31}
IIS Constraint: 33; goods; {good:33}
IIS Constraint: 36; goods; {good:36}
IIS Constraint: 37; goods; {good:37}
IIS Constraint: 38; goods; {good:38}
IIS Constraint: 40; goods; {good:40}
IIS Constraint: 46; goods; {good:46}
IIS Constraint: 48; goods; {good:48}
IIS Constraint: 50; goods; {good:50}
IIS Constraint: 52; goods; {good:52}
IIS Constraint: 53; goods; {good:53}
IIS Constraint: 61; goods; {good:61}
IIS Constraint: 64; goods; {good:64}
IIS Constraint: 67; goods; {good:67}
IIS Constraint: 68; goods; {good:68}
IIS Constraint: 69; goods; {good:69}
IIS Constraint: 70; goods; {good:70}
IIS Constraint: 76; goods; {good:76}
IIS Constraint: 136; query; {bid:161,query:1}
IIS Constraint: 137; max; {f:4455.70391,objective:max}
