IIS generation
Iter 1: 
Min Hitting Set: []
Min Correction Subset: [140]
Iter 2: 
Min Hitting Set: [140]
Min Correction Subset: [28]
Iter 3: 
Min Hitting Set: [28, 140]
Min Correction Subset: [82]
Iter 4: 
Min Hitting Set: [28, 82, 140]
Min Correction Subset: [64]
Iter 5: 
Min Hitting Set: [28, 64, 82, 140]
Min Correction Subset: [94]
Iter 6: 
Min Hitting Set: [28, 64, 82, 94, 140]
Min Correction Subset: [63, 92]
Iter 7: 
Min Hitting Set: [28, 63, 64, 82, 94, 140]
Min Correction Subset: [34, 40]
Iter 8: 
Min Hitting Set: [28, 34, 63, 64, 82, 94, 140]
Min Correction Subset: [18, 80]
Iter 9: 
Min Hitting Set: [18, 28, 34, 63, 64, 82, 94, 140]
Min Correction Subset: [72, 75]
Iter 10: 
Min Hitting Set: [18, 28, 34, 63, 64, 72, 82, 94, 140]
Min Correction Subset: [1, 122]
Iter 11: 
Min Hitting Set: [1, 18, 28, 34, 63, 64, 72, 82, 94, 140]
Min Correction Subset: [45, 92]
Iter 12: 
Min Hitting Set: [1, 18, 28, 34, 64, 72, 82, 92, 94, 140]
Min Correction Subset: [14, 99]
Iter 13: 
Min Hitting Set: [1, 14, 18, 28, 34, 64, 72, 82, 92, 94, 140]
Min Correction Subset: [38, 86]
Iter 14: 
Min Hitting Set: [1, 14, 18, 28, 34, 38, 64, 72, 82, 92, 94, 140]
Min Correction Subset: [41, 63]
Iter 15: 
Min Hitting Set: [1, 14, 18, 28, 34, 38, 63, 64, 72, 82, 92, 94, 140]
Min Correction Subset: [2, 86]
Iter 16: 
Min Hitting Set: [1, 14, 18, 28, 34, 63, 64, 72, 82, 86, 92, 94, 140]
Min Correction Subset: [84, 139]
Iter 17: 
Min Hitting Set: [1, 14, 18, 28, 34, 63, 64, 72, 82, 84, 86, 92, 94, 140]
Min Correction Subset: [3, 7]
Iter 18: 
Min Hitting Set: [1, 3, 14, 18, 28, 34, 63, 64, 72, 82, 84, 86, 92, 94, 140]
Min Correction Subset: [27, 38]
Iter 19: 
Min Hitting Set: [1, 3, 14, 18, 28, 34, 38, 63, 64, 72, 82, 84, 86, 92, 94, 140]
Min Correction Subset: [41, 99]
Iter 20: 
Min Hitting Set: [1, 3, 18, 28, 34, 38, 41, 64, 72, 82, 84, 86, 92, 94, 99, 140]
Min Correction Subset: [7, 40]
Iter 21: 
Min Hitting Set: [1, 7, 18, 28, 38, 40, 41, 64, 72, 82, 84, 86, 92, 94, 99, 140]
Min Correction Subset: [37, 61]
Iter 22: 
Min Hitting Set: [1, 7, 18, 28, 37, 38, 40, 41, 64, 72, 82, 84, 86, 92, 94, 99, 140]
Min Correction Subset: [20, 35]
Iter 23: 
Min Hitting Set: [1, 7, 18, 20, 28, 37, 38, 40, 41, 64, 72, 82, 84, 86, 92, 94, 99, 140]
Min Correction Subset: [91, 138]
Iter 24: 
Min Hitting Set: [1, 7, 18, 20, 28, 37, 38, 40, 41, 64, 72, 82, 84, 86, 91, 92, 94, 99, 140]
Min Correction Subset: [33, 70]
Iter 25: 
Min Hitting Set: [1, 7, 18, 20, 28, 33, 37, 38, 40, 41, 64, 72, 82, 84, 86, 91, 92, 94, 99, 140]
Min Correction Subset: [46, 56]
Iter 26: 
Min Hitting Set: [1, 7, 18, 20, 28, 33, 37, 38, 40, 41, 46, 64, 72, 82, 84, 86, 91, 92, 94, 99, 140]
Min Correction Subset: [19, 35]
Iter 27: 
Min Hitting Set: [1, 7, 18, 28, 33, 35, 37, 38, 40, 41, 46, 64, 72, 82, 84, 86, 91, 92, 94, 99, 140]
Min Correction Subset: [39, 63]
Iter 28: 
Min Hitting Set: [1, 7, 18, 28, 33, 35, 37, 38, 40, 46, 63, 64, 72, 82, 84, 86, 91, 92, 94, 99, 140]
Min Correction Subset: [2, 41]
Iter 29: 
Min Hitting Set: [1, 2, 7, 18, 28, 33, 35, 37, 38, 40, 46, 63, 64, 72, 82, 84, 91, 92, 94, 99, 140]
Min Correction Subset: [3, 81]
Iter 30: 
Min Hitting Set: [1, 2, 3, 18, 28, 33, 35, 37, 38, 40, 46, 63, 64, 72, 82, 84, 91, 92, 94, 99, 140]
Min Correction Subset: [53, 80]
Iter 31: 
Min Hitting Set: [1, 2, 3, 28, 33, 35, 37, 38, 40, 46, 63, 64, 72, 80, 82, 84, 91, 92, 94, 99, 140]
Min Correction Subset: [81, 98]
Iter 32: 
Min Hitting Set: [1, 2, 3, 28, 33, 35, 37, 38, 40, 46, 63, 64, 72, 80, 81, 82, 84, 91, 92, 94, 99, 140]
Min Correction Subset: [83, 122]
Iter 33: 
Min Hitting Set: [2, 3, 28, 33, 35, 37, 38, 40, 46, 63, 64, 72, 80, 81, 82, 84, 91, 92, 94, 99, 122, 140]
Min Correction Subset: [1, 52]
Iter 34: 
Min Hitting Set: [1, 2, 3, 28, 33, 35, 37, 38, 40, 46, 63, 64, 72, 80, 81, 82, 84, 91, 92, 94, 99, 122, 140]
Min Correction Subset: [51, 93]
Iter 35: 
Min Hitting Set: [1, 2, 3, 28, 33, 35, 37, 38, 40, 46, 51, 63, 64, 72, 80, 81, 82, 84, 91, 92, 94, 99, 122, 140]
Min Correction Subset: [7, 65]
Iter 36: 
Min Hitting Set: [1, 2, 7, 28, 33, 35, 37, 38, 40, 46, 51, 63, 64, 72, 80, 81, 82, 84, 91, 92, 94, 99, 122, 140]
Min Correction Subset: [11, 86]
Iter 37: 
Min Hitting Set: [1, 2, 7, 28, 33, 35, 37, 38, 40, 46, 51, 63, 64, 72, 80, 81, 82, 84, 86, 91, 92, 94, 99, 122, 140]
Min Correction Subset: [15, 34]
Iter 38: 
Min Hitting Set: [1, 2, 7, 28, 33, 34, 35, 37, 38, 46, 51, 63, 64, 72, 80, 81, 82, 84, 86, 91, 92, 94, 99, 122, 140]
Min Correction Subset: [41, 56]
Iter 39: 
Min Hitting Set: [1, 2, 7, 28, 33, 34, 35, 37, 38, 51, 56, 63, 64, 72, 80, 81, 82, 84, 86, 91, 92, 94, 99, 122, 140]
Min Correction Subset: [40, 103]
Iter 40: 
Min Hitting Set: [1, 2, 7, 28, 33, 34, 35, 37, 38, 40, 51, 56, 63, 64, 72, 80, 81, 82, 84, 86, 91, 92, 94, 99, 122, 140]
Min Correction Subset: [41, 95]
Iter 41: 
Min Hitting Set: [1, 7, 28, 33, 34, 35, 37, 38, 40, 41, 51, 56, 63, 64, 72, 80, 81, 82, 84, 86, 91, 92, 94, 99, 122, 140]
Min Correction Subset: [54, 67]
Iter 42: 
Min Hitting Set: [1, 7, 28, 33, 34, 35, 37, 38, 40, 41, 51, 54, 56, 63, 64, 72, 80, 81, 82, 84, 86, 91, 92, 94, 99, 122, 140]
Min Correction Subset: [2, 52]
Iter 43: 
Min Hitting Set: [7, 28, 33, 34, 35, 37, 38, 40, 41, 51, 52, 54, 56, 63, 64, 72, 80, 81, 82, 84, 86, 91, 92, 94, 99, 122, 140]
Min Correction Subset: [67, 71]
Iter 44: 
Min Hitting Set: [7, 28, 33, 34, 35, 37, 38, 40, 41, 51, 52, 56, 63, 64, 67, 72, 80, 81, 82, 84, 86, 91, 92, 94, 99, 122, 140]
Min Correction Subset: [20, 39]
Iter 45: 
Min Hitting Set: [7, 28, 33, 34, 35, 37, 38, 39, 40, 41, 51, 52, 56, 64, 67, 72, 80, 81, 82, 84, 86, 91, 92, 94, 99, 122, 140]
Min Correction Subset: [3, 19]
Iter 46: 
Min Hitting Set: [7, 19, 20, 28, 33, 34, 37, 38, 39, 40, 41, 51, 52, 56, 64, 67, 72, 80, 81, 82, 84, 86, 91, 92, 94, 99, 122, 140]
Min Correction Subset: [35, 47]
Iter 47: 
Min Hitting Set: [3, 7, 28, 33, 34, 35, 37, 38, 39, 40, 41, 51, 52, 56, 64, 67, 72, 80, 81, 82, 84, 86, 91, 92, 94, 99, 122, 140]
Min Correction Subset: [138, 139]
Iter 48: 
Min Hitting Set: [3, 7, 28, 33, 34, 35, 37, 38, 39, 40, 41, 51, 52, 56, 64, 67, 72, 80, 81, 82, 86, 92, 94, 99, 122, 138, 139, 140]
Min Correction Subset: [18, 20]
Iter 49: 
Min Hitting Set: [3, 7, 20, 28, 33, 34, 35, 37, 38, 39, 40, 41, 51, 52, 56, 64, 67, 72, 80, 81, 82, 86, 92, 94, 99, 122, 138, 139, 140]
Min Correction Subset: [2, 63]
Iter 50: 
Min Hitting Set: [3, 7, 20, 28, 33, 34, 35, 37, 38, 40, 41, 51, 52, 56, 63, 64, 67, 72, 80, 81, 82, 86, 92, 94, 99, 122, 138, 139, 140]
Min Correction Subset: [2, 39]
Iter 51: 
Min Hitting Set: [2, 3, 7, 20, 28, 33, 34, 35, 37, 38, 39, 40, 41, 51, 52, 56, 64, 67, 72, 80, 81, 82, 86, 92, 94, 99, 122, 138, 139, 140]
Min Correction Subset: [26, 68, 87]
Instance: arbitrary-100-200-220000
----------------------------
Query: 9
Query element:57
Query element:84
Query scope: 13
Query scope: 19
Query scope: 57
Query scope: 68
Query scope: 81
Query scope: 101
Query scope: 136
Query scope: 144
Query scope: 146
Query scope: 163
Query scope: 164
Query scope: 185
Query scope: 190
Query scope: 195
Query scope: 3
Query scope: 8
Query scope: 10
Query scope: 11
Query scope: 20
Query scope: 25
Query scope: 28
Query scope: 31
Query scope: 47
Query scope: 60
Query scope: 61
Query scope: 62
Query scope: 70
Query scope: 73
Query scope: 79
Query scope: 80
Query scope: 84
Query scope: 85
Query scope: 87
Query scope: 92
Query scope: 93
Query scope: 94
Query scope: 95
Query scope: 102
Query scope: 104
Query scope: 106
Query scope: 109
Query scope: 110
Query scope: 120
Query scope: 140
Query scope: 152
Query scope: 158
Query scope: 159
Query scope: 169
Query scope: 181
Query scope: 183
Query scope: 186
Query scope: 189
Query scope: 192
Query scope: 196
Query scope: 197
----------------------------
IIS optimality: suboptimal
IIS solution time: 36006.203
IIS Constraint: 2; goods; {good:2}
IIS Constraint: 3; goods; {good:3}
IIS Constraint: 7; goods; {good:7}
IIS Constraint: 20; goods; {good:20}
IIS Constraint: 28; goods; {good:28}
IIS Constraint: 33; goods; {good:33}
IIS Constraint: 34; goods; {good:34}
IIS Constraint: 35; goods; {good:35}
IIS Constraint: 37; goods; {good:37}
IIS Constraint: 38; goods; {good:38}
IIS Constraint: 39; goods; {good:39}
IIS Constraint: 40; goods; {good:40}
IIS Constraint: 41; goods; {good:41}
IIS Constraint: 51; goods; {good:51}
IIS Constraint: 52; goods; {good:52}
IIS Constraint: 56; goods; {good:56}
IIS Constraint: 64; goods; {good:64}
IIS Constraint: 67; goods; {good:67}
IIS Constraint: 72; goods; {good:72}
IIS Constraint: 80; goods; {good:80}
IIS Constraint: 81; goods; {good:81}
IIS Constraint: 82; goods; {good:82}
IIS Constraint: 86; goods; {good:86}
IIS Constraint: 92; goods; {good:92}
IIS Constraint: 94; goods; {good:94}
IIS Constraint: 99; goods; {good:99}
IIS Constraint: 122; goods; {good:122}
IIS Constraint: 138; query; {good:57,query:9}
IIS Constraint: 139; query; {good:84,query:9}
IIS Constraint: 140; max; {f:4575.4678,objective:max}
