IIS generation
Iter 1: 
Min Hitting Set: []
Min Correction Subset: [140]
Iter 2: 
Min Hitting Set: [140]
Min Correction Subset: [139]
Iter 3: 
Min Hitting Set: [139, 140]
Min Correction Subset: [8, 18]
Iter 4: 
Min Hitting Set: [8, 139, 140]
Min Correction Subset: [82, 86]
Iter 5: 
Min Hitting Set: [8, 82, 139, 140]
Min Correction Subset: [29, 86]
Iter 6: 
Min Hitting Set: [8, 86, 139, 140]
Min Correction Subset: [18, 92]
Iter 7: 
Min Hitting Set: [18, 86, 139, 140]
Min Correction Subset: [19, 29]
Iter 8: 
Min Hitting Set: [18, 29, 86, 139, 140]
Min Correction Subset: [45, 54]
Iter 9: 
Min Hitting Set: [18, 29, 45, 86, 139, 140]
Min Correction Subset: [26, 39]
Iter 10: 
Min Hitting Set: [18, 26, 29, 45, 86, 139, 140]
Min Correction Subset: [80, 84]
Iter 11: 
Min Hitting Set: [18, 26, 29, 45, 80, 86, 139, 140]
Min Correction Subset: [39, 84]
Iter 12: 
Min Hitting Set: [18, 29, 39, 45, 84, 86, 139, 140]
Min Correction Subset: [71, 72, 82]
Iter 13: 
Min Hitting Set: [18, 29, 39, 45, 82, 84, 139, 140]
Min Correction Subset: [86, 87]
Iter 14: 
Min Hitting Set: [18, 29, 39, 45, 82, 84, 86, 139, 140]
Min Correction Subset: [25, 33, 34]
Iter 15: 
Min Hitting Set: [18, 25, 29, 39, 45, 82, 84, 86, 139, 140]
Min Correction Subset: [5, 14, 17]
Iter 16: 
Min Hitting Set: [5, 18, 25, 29, 39, 45, 82, 84, 86, 139, 140]
Min Correction Subset: [51, 90, 91]
Iter 17: 
Min Hitting Set: [5, 18, 25, 29, 39, 45, 51, 82, 84, 86, 139, 140]
Min Correction Subset: [70, 80, 81]
Iter 18: 
Min Hitting Set: [5, 18, 25, 29, 39, 45, 51, 80, 82, 86, 139, 140]
Min Correction Subset: [43, 84, 85]
Iter 19: 
Min Hitting Set: [5, 18, 25, 26, 29, 45, 51, 80, 82, 84, 86, 139, 140]
Min Correction Subset: [39, 71]
Iter 20: 
Min Hitting Set: [5, 18, 25, 29, 39, 45, 51, 71, 80, 84, 86, 139, 140]
Min Correction Subset: [48, 67, 105]
Iter 21: 
Min Hitting Set: [5, 18, 25, 29, 39, 45, 48, 51, 71, 80, 84, 86, 139, 140]
Min Correction Subset: [11, 21, 22]
Iter 22: 
Min Hitting Set: [5, 11, 18, 25, 29, 39, 45, 48, 51, 71, 80, 84, 86, 139, 140]
Min Correction Subset: [72, 81, 82]
Iter 23: 
Min Hitting Set: [5, 11, 18, 25, 29, 39, 45, 48, 51, 71, 81, 84, 86, 139, 140]
Min Correction Subset: [43, 82, 92]
Iter 24: 
Min Hitting Set: [5, 11, 18, 25, 29, 39, 45, 48, 51, 80, 82, 84, 86, 139, 140]
Min Correction Subset: [26, 67, 71]
Iter 25: 
Min Hitting Set: [5, 11, 18, 25, 29, 39, 45, 51, 67, 80, 82, 84, 86, 139, 140]
Min Correction Subset: [14, 61, 71]
Iter 26: 
Min Hitting Set: [11, 14, 18, 25, 29, 39, 45, 51, 67, 80, 82, 84, 86, 139, 140]
Min Correction Subset: [13, 21, 50]
Iter 27: 
Min Hitting Set: [14, 18, 21, 25, 29, 39, 45, 51, 67, 80, 82, 84, 86, 139, 140]
Min Correction Subset: [43, 61, 71]
Iter 28: 
Min Hitting Set: [14, 18, 21, 25, 29, 39, 43, 45, 51, 67, 80, 82, 86, 139, 140]
Min Correction Subset: [61, 84, 85]
Iter 29: 
Min Hitting Set: [14, 18, 21, 25, 29, 39, 45, 51, 67, 71, 80, 82, 84, 86, 139, 140]
Min Correction Subset: [16, 17, 26]
Iter 30: 
Min Hitting Set: [17, 18, 21, 25, 29, 39, 45, 51, 61, 67, 80, 82, 84, 86, 139, 140]
Min Correction Subset: [40, 43, 71]
Iter 31: 
Min Hitting Set: [17, 18, 21, 25, 29, 39, 45, 51, 67, 71, 80, 82, 84, 86, 139, 140]
Min Correction Subset: [13, 14, 24]
Iter 32: 
Min Hitting Set: [14, 18, 21, 25, 26, 29, 43, 45, 51, 67, 71, 81, 84, 86, 139, 140]
Min Correction Subset: [39, 80]
Iter 33: 
Min Hitting Set: [14, 18, 21, 25, 26, 29, 45, 51, 67, 71, 80, 82, 84, 86, 139, 140]
Min Correction Subset: [17, 57, 76]
Iter 34: 
Min Hitting Set: [14, 17, 18, 21, 25, 29, 39, 43, 45, 51, 67, 71, 81, 84, 86, 139, 140]
Min Correction Subset: [48, 92, 99]
Iter 35: 
Min Hitting Set: [14, 17, 18, 21, 25, 29, 39, 45, 48, 51, 71, 81, 82, 84, 86, 139, 140]
Min Correction Subset: [54, 55, 56]
Iter 36: 
Min Hitting Set: [14, 17, 18, 21, 25, 29, 39, 48, 51, 54, 71, 81, 82, 84, 86, 139, 140]
Min Correction Subset: [12, 92, 99]
Iter 37: 
Min Hitting Set: [8, 14, 17, 21, 25, 29, 39, 51, 54, 67, 71, 81, 84, 86, 92, 139, 140]
Min Correction Subset: [18, 105]
Iter 38: 
Min Hitting Set: [14, 17, 18, 21, 25, 29, 39, 51, 54, 67, 71, 81, 84, 86, 92, 139, 140]
Min Correction Subset: [24, 80, 90]
Iter 39: 
Min Hitting Set: [14, 17, 18, 21, 25, 29, 39, 54, 67, 71, 81, 84, 86, 90, 92, 139, 140]
Min Correction Subset: [40, 50, 51]
Iter 40: 
Min Hitting Set: [17, 18, 21, 24, 25, 29, 39, 51, 54, 67, 71, 81, 84, 86, 92, 139, 140]
Min Correction Subset: [14, 40, 80]
Iter 41: 
Min Hitting Set: [14, 17, 18, 21, 25, 29, 39, 51, 54, 67, 71, 80, 81, 84, 86, 92, 139, 140]
Min Correction Subset: [24, 72, 93]
Iter 42: 
Min Hitting Set: [17, 18, 21, 24, 25, 29, 39, 51, 54, 67, 71, 80, 81, 84, 86, 92, 139, 140]
Min Correction Subset: [5, 14, 99]
Iter 43: 
Min Hitting Set: [14, 17, 18, 21, 25, 29, 39, 51, 54, 67, 71, 72, 80, 84, 86, 92, 139, 140]
Min Correction Subset: [24, 66, 93]
Iter 44: 
Min Hitting Set: [17, 18, 21, 24, 25, 29, 39, 51, 54, 67, 71, 80, 82, 84, 86, 99, 139, 140]
Min Correction Subset: [81, 90, 91]
Iter 45: 
Min Hitting Set: [14, 17, 18, 21, 24, 25, 29, 39, 51, 54, 67, 71, 81, 84, 86, 92, 139, 140]
Min Correction Subset: [43, 61, 80]
Iter 46: 
Min Hitting Set: [14, 17, 18, 21, 24, 25, 29, 39, 51, 54, 61, 67, 71, 81, 84, 86, 92, 139, 140]
Min Correction Subset: [47, 48, 80]
Iter 47: 
Min Hitting Set: [14, 17, 18, 21, 24, 25, 29, 39, 48, 51, 54, 61, 71, 81, 84, 86, 92, 139, 140]
Min Correction Subset: [26, 28, 67]
Iter 48: 
Min Hitting Set: [17, 18, 21, 24, 25, 29, 39, 43, 51, 54, 61, 67, 71, 80, 81, 86, 99, 139, 140]
Min Correction Subset: [82, 83, 84]
Iter 49: 
Min Hitting Set: [17, 18, 21, 24, 25, 29, 39, 43, 51, 54, 67, 71, 80, 81, 84, 86, 99, 139, 140]
Min Correction Subset: [82, 92, 93]
Iter 50: 
Min Hitting Set: [17, 18, 21, 24, 25, 26, 29, 48, 51, 54, 71, 80, 82, 84, 86, 90, 99, 139, 140]
Min Correction Subset: [28, 39, 67]
Iter 51: 
Min Hitting Set: [17, 18, 21, 24, 25, 29, 39, 51, 54, 67, 71, 80, 82, 84, 86, 90, 99, 139, 140]
Min Correction Subset: [14, 53, 92]
Iter 52: 
Min Hitting Set: [14, 17, 18, 21, 24, 25, 29, 39, 51, 54, 67, 71, 80, 81, 84, 86, 92, 139, 140]
Min Correction Subset: [42, 45, 82]
Iter 53: 
Min Hitting Set: [14, 17, 18, 21, 24, 25, 29, 39, 43, 51, 54, 67, 80, 82, 84, 86, 90, 92, 139, 140]
Min Correction Subset: [23, 61, 71]
Iter 54: 
Min Hitting Set: [14, 17, 18, 21, 24, 25, 29, 39, 51, 54, 67, 71, 80, 82, 84, 86, 90, 92, 139, 140]
Min Correction Subset: [23, 30, 40, 81]
Iter 55: 
Min Hitting Set: [14, 17, 18, 21, 24, 25, 29, 39, 43, 51, 54, 61, 67, 80, 81, 82, 86, 92, 139, 140]
Min Correction Subset: [26, 84, 85]
Iter 56: 
Min Hitting Set: [14, 17, 18, 21, 24, 25, 29, 39, 40, 54, 61, 67, 80, 82, 84, 86, 90, 92, 139, 140]
Min Correction Subset: [23, 71, 81, 125]
Iter 57: 
Min Hitting Set: [14, 17, 18, 21, 24, 25, 29, 39, 51, 54, 67, 71, 80, 81, 82, 84, 86, 92, 139, 140]
Min Correction Subset: [13, 22, 23, 40]
Iter 58: 
Min Hitting Set: [14, 17, 18, 21, 24, 25, 29, 39, 40, 54, 67, 71, 80, 82, 84, 86, 90, 92, 139, 140]
Min Correction Subset: [50, 51, 61]
Iter 59: 
Min Hitting Set: [14, 17, 18, 21, 24, 25, 29, 39, 40, 54, 61, 67, 80, 81, 82, 84, 86, 90, 92, 139, 140]
Min Correction Subset: [13, 23, 51, 93]
Iter 60: 
Min Hitting Set: [14, 17, 18, 21, 24, 25, 29, 39, 40, 51, 54, 61, 67, 80, 81, 82, 84, 86, 92, 139, 140]
Min Correction Subset: [6, 7, 13, 65]
Iter 61: 
Min Hitting Set: [13, 14, 17, 18, 21, 24, 25, 29, 39, 51, 54, 67, 71, 80, 81, 82, 84, 86, 92, 139, 140]
Min Correction Subset: [28, 37, 47, 48]
Iter 62: 
Min Hitting Set: [13, 14, 17, 18, 21, 24, 25, 29, 39, 48, 51, 54, 67, 71, 80, 81, 82, 84, 86, 92, 139, 140]
Min Correction Subset: [26, 65, 72, 76]
Iter 63: 
Min Hitting Set: [13, 14, 17, 18, 21, 24, 25, 26, 29, 48, 51, 54, 67, 71, 80, 81, 82, 84, 86, 92, 139, 140]
Min Correction Subset: [28, 38, 39]
Iter 64: 
Min Hitting Set: [13, 14, 17, 18, 21, 24, 25, 26, 29, 39, 43, 48, 51, 54, 61, 80, 81, 82, 86, 92, 139, 140]
Min Correction Subset: [37, 47, 84]
Iter 65: 
Min Hitting Set: [14, 17, 18, 21, 24, 25, 29, 39, 40, 48, 51, 54, 61, 65, 67, 81, 82, 84, 86, 92, 139, 140]
Min Correction Subset: [23, 90, 91, 93]
Iter 66: 
Min Hitting Set: [14, 17, 18, 21, 25, 29, 39, 40, 48, 54, 61, 65, 67, 81, 82, 84, 86, 90, 92, 93, 139, 140]
Min Correction Subset: [24, 37, 70, 71]
Iter 67: 
Min Hitting Set: [13, 14, 17, 18, 21, 25, 26, 29, 39, 48, 51, 54, 71, 80, 81, 82, 84, 86, 92, 93, 139, 140]
Min Correction Subset: [0, 67, 105]
Iter 68: 
Min Hitting Set: [13, 14, 17, 18, 21, 25, 26, 28, 29, 51, 54, 67, 71, 80, 81, 82, 84, 86, 92, 93, 139, 140]
Min Correction Subset: [38, 39, 114]
Iter 69: 
Min Hitting Set: [14, 17, 18, 21, 23, 24, 25, 29, 39, 43, 47, 51, 54, 65, 67, 81, 82, 84, 86, 92, 139, 140]
Min Correction Subset: [60, 61, 71]
Iter 70: 
Min Hitting Set: [14, 17, 18, 21, 25, 29, 39, 40, 47, 54, 61, 65, 67, 70, 81, 82, 84, 86, 90, 92, 93, 139, 140]
Min Correction Subset: [6, 48, 72, 114]
Iter 71: 
Min Hitting Set: [14, 17, 18, 21, 25, 29, 39, 40, 48, 54, 61, 65, 67, 70, 81, 82, 84, 86, 90, 92, 93, 139, 140]
Min Correction Subset: [6, 7, 51, 57]
Iter 72: 
Min Hitting Set: [14, 17, 18, 21, 24, 25, 29, 39, 40, 48, 51, 54, 61, 65, 67, 81, 82, 84, 86, 90, 92, 139, 140]
Min Correction Subset: [13, 23, 56, 124]
Iter 73: 
Min Hitting Set: [14, 17, 18, 21, 23, 24, 25, 29, 39, 45, 48, 51, 56, 65, 67, 71, 80, 81, 84, 86, 92, 139, 140]
Min Correction Subset: [5, 6, 7, 13]
Iter 74: 
Min Hitting Set: [13, 17, 18, 21, 25, 29, 39, 48, 51, 54, 67, 71, 76, 80, 81, 82, 84, 86, 92, 93, 99, 139, 140]
Min Correction Subset: [5, 14, 72]
Iter 75: 
Min Hitting Set: [13, 17, 18, 22, 25, 29, 39, 48, 51, 54, 67, 71, 72, 80, 81, 82, 84, 86, 92, 93, 99, 139, 140]
Min Correction Subset: [11, 21, 24, 37]
Iter 76: 
Min Hitting Set: [13, 17, 18, 22, 25, 29, 37, 39, 51, 54, 67, 71, 72, 80, 81, 82, 84, 86, 92, 93, 99, 139, 140]
Min Correction Subset: [5, 14, 42, 48]
Iter 77: 
Min Hitting Set: [5, 17, 18, 21, 23, 24, 25, 29, 39, 40, 48, 51, 54, 61, 65, 67, 81, 82, 84, 86, 92, 139, 140]
Min Correction Subset: [14, 42, 80]
Iter 78: 
Min Hitting Set: [5, 13, 17, 18, 21, 25, 29, 39, 45, 48, 51, 56, 67, 71, 72, 80, 81, 84, 86, 92, 93, 139, 140]
Min Correction Subset: [14, 33, 54]
Iter 79: 
Min Hitting Set: [5, 13, 17, 18, 21, 29, 33, 39, 45, 48, 51, 56, 67, 71, 72, 80, 81, 84, 86, 92, 93, 139, 140]
Min Correction Subset: [14, 24, 25]
Iter 80: 
Min Hitting Set: [13, 14, 17, 18, 21, 25, 29, 39, 48, 51, 54, 65, 67, 71, 80, 81, 82, 84, 86, 93, 99, 139, 140]
Min Correction Subset: [72, 92, 126]
Iter 81: 
Min Hitting Set: [5, 13, 17, 18, 21, 25, 29, 39, 45, 48, 51, 54, 65, 67, 71, 80, 81, 84, 86, 92, 93, 139, 140]
Min Correction Subset: [8, 43, 53, 82]
Iter 82: 
Min Hitting Set: [13, 14, 17, 18, 21, 29, 33, 39, 48, 51, 54, 67, 71, 76, 80, 81, 82, 84, 86, 92, 93, 139, 140]
Min Correction Subset: [20, 30, 40, 99]
Iter 83: 
Min Hitting Set: [13, 17, 18, 21, 25, 29, 39, 48, 51, 54, 67, 71, 72, 80, 81, 82, 84, 86, 92, 93, 99, 139, 140]
Min Correction Subset: [5, 14, 24, 35]
Iter 84: 
Min Hitting Set: [13, 14, 17, 18, 21, 25, 28, 29, 39, 51, 54, 67, 71, 72, 80, 81, 82, 84, 86, 93, 99, 139, 140]
Min Correction Subset: [42, 48, 76, 92]
Iter 85: 
Min Hitting Set: [13, 14, 18, 21, 24, 25, 26, 29, 39, 40, 48, 54, 57, 61, 81, 82, 84, 86, 90, 92, 105, 139, 140]
Min Correction Subset: [28, 67, 71]
Iter 86: 
Min Hitting Set: [13, 14, 17, 18, 21, 25, 29, 39, 48, 51, 54, 67, 71, 72, 80, 81, 82, 84, 86, 93, 99, 139, 140]
Min Correction Subset: [10, 16, 26, 35]
Iter 87: 
Min Hitting Set: [13, 14, 18, 21, 24, 25, 26, 29, 39, 40, 48, 54, 57, 61, 67, 81, 82, 84, 86, 90, 92, 139, 140]
Min Correction Subset: [51, 70, 71, 80]
Iter 88: 
Min Hitting Set: [13, 17, 18, 21, 25, 29, 35, 39, 48, 51, 54, 67, 71, 72, 80, 81, 82, 84, 86, 92, 93, 99, 139, 140]
Min Correction Subset: [24, 37, 43, 65]
Iter 89: 
Min Hitting Set: [13, 14, 18, 21, 23, 24, 25, 26, 29, 39, 40, 48, 51, 54, 57, 61, 67, 81, 82, 84, 86, 92, 139, 140]
Min Correction Subset: [5, 8, 43, 65]
Iter 90: 
Min Hitting Set: [5, 13, 18, 21, 24, 25, 26, 29, 39, 40, 48, 54, 57, 61, 67, 80, 81, 82, 84, 86, 90, 92, 139, 140]
Min Correction Subset: [14, 17, 71]
Iter 91: 
Min Hitting Set: [5, 13, 18, 21, 24, 25, 26, 29, 39, 40, 48, 54, 57, 61, 67, 71, 80, 82, 84, 86, 90, 92, 139, 140]
Min Correction Subset: [14, 17, 51]
Iter 92: 
Min Hitting Set: [8, 13, 14, 21, 24, 25, 26, 29, 39, 40, 48, 54, 57, 61, 71, 81, 82, 84, 86, 90, 92, 105, 139, 140]
Min Correction Subset: [18, 99]
Iter 93: 
Min Hitting Set: [5, 6, 17, 18, 21, 23, 24, 25, 26, 29, 37, 39, 40, 54, 61, 67, 80, 82, 84, 86, 90, 92, 139, 140]
Min Correction Subset: [14, 51, 93]
Iter 94: 
Min Hitting Set: [5, 13, 17, 18, 21, 24, 25, 26, 29, 39, 40, 48, 51, 54, 67, 71, 80, 82, 84, 86, 90, 92, 139, 140]
Min Correction Subset: [8, 43, 53, 65]
Iter 95: 
Min Hitting Set: [13, 14, 18, 21, 25, 26, 29, 37, 39, 43, 51, 54, 61, 67, 72, 76, 80, 81, 82, 86, 93, 99, 139, 140]
Min Correction Subset: [24, 71, 90]
Iter 96: 
Min Hitting Set: [6, 14, 18, 21, 23, 25, 26, 29, 37, 39, 40, 43, 54, 57, 61, 67, 80, 82, 86, 90, 92, 93, 139, 140]
Min Correction Subset: [9, 71, 84]
Iter 97: 
Min Hitting Set: [8, 13, 14, 17, 21, 25, 26, 29, 39, 48, 51, 54, 65, 71, 80, 81, 82, 84, 86, 92, 93, 99, 105, 139, 140]
Min Correction Subset: [18, 56, 57]
Iter 98: 
Min Hitting Set: [13, 14, 17, 18, 21, 25, 26, 29, 39, 48, 51, 54, 65, 67, 71, 80, 81, 82, 84, 86, 92, 93, 99, 139, 140]
Min Correction Subset: [6, 8, 9, 16]
Iter 99: 
Min Hitting Set: [8, 13, 14, 17, 21, 25, 26, 29, 39, 43, 45, 48, 51, 56, 71, 80, 81, 84, 86, 92, 93, 99, 105, 139, 140]
Min Correction Subset: [18, 65, 72]
Iter 100: 
Min Hitting Set: [8, 13, 14, 17, 21, 25, 26, 29, 39, 45, 48, 51, 56, 65, 71, 80, 81, 84, 86, 92, 93, 99, 105, 139, 140]
Min Correction Subset: [18, 82, 124]
Iter 101: 
Min Hitting Set: [5, 14, 16, 18, 21, 23, 24, 25, 29, 39, 40, 48, 51, 54, 57, 61, 65, 67, 81, 82, 84, 86, 92, 139, 140]
Min Correction Subset: [11, 13, 26, 72]
Iter 102: 
Min Hitting Set: [13, 14, 16, 17, 18, 21, 25, 29, 39, 42, 43, 48, 51, 54, 67, 71, 72, 80, 81, 84, 86, 93, 99, 139, 140]
Min Correction Subset: [82, 92, 135]
Iter 103: 
Min Hitting Set: [13, 14, 16, 18, 21, 24, 25, 29, 39, 40, 48, 54, 57, 61, 65, 67, 71, 80, 82, 84, 86, 90, 92, 139, 140]
Min Correction Subset: [11, 12, 26, 33]
Iter 104: 
Min Hitting Set: [13, 14, 16, 18, 21, 29, 33, 39, 40, 48, 51, 54, 57, 65, 67, 71, 80, 81, 82, 84, 86, 92, 93, 139, 140]
Min Correction Subset: [25, 26, 72, 129]
Iter 105: 
Min Hitting Set: [11, 13, 14, 16, 18, 25, 29, 39, 40, 48, 51, 54, 57, 65, 67, 71, 80, 81, 82, 84, 86, 92, 93, 139, 140]
Min Correction Subset: [8, 17, 43, 53]
Iter 106: 
Min Hitting Set: [13, 14, 16, 18, 21, 23, 24, 29, 33, 39, 43, 48, 51, 54, 57, 61, 67, 72, 81, 82, 84, 86, 99, 139, 140]
Min Correction Subset: [12, 17, 92]
Iter 107: 
Min Hitting Set: [11, 13, 14, 16, 18, 25, 29, 39, 40, 42, 43, 48, 51, 54, 67, 71, 76, 80, 81, 84, 86, 92, 93, 139, 140]
Min Correction Subset: [0, 17, 57]
Iter 108: 
Min Hitting Set: [11, 13, 14, 16, 17, 18, 23, 24, 25, 29, 39, 40, 48, 51, 54, 61, 65, 67, 81, 82, 84, 86, 92, 139, 140]
Min Correction Subset: [70, 71, 80, 90]
Iter 109: 
Min Hitting Set: [8, 13, 14, 18, 21, 24, 25, 26, 29, 39, 40, 45, 48, 54, 57, 61, 71, 81, 84, 86, 90, 92, 105, 139, 140]
Min Correction Subset: [67, 91, 93]
Iter 110: 
Min Hitting Set: [11, 13, 14, 16, 17, 18, 24, 25, 29, 39, 40, 48, 51, 54, 61, 65, 67, 81, 82, 84, 86, 90, 92, 139, 140]
Min Correction Subset: [6, 7, 57, 80]
Iter 111: 
Min Hitting Set: [8, 13, 14, 18, 21, 24, 25, 26, 29, 39, 40, 48, 54, 57, 61, 67, 80, 81, 82, 84, 86, 90, 92, 139, 140]
Min Correction Subset: [5, 6, 43, 65]
Iter 112: 
Min Hitting Set: [11, 13, 14, 16, 17, 18, 25, 29, 39, 48, 51, 54, 65, 67, 71, 80, 81, 82, 84, 86, 92, 93, 99, 139, 140]
Min Correction Subset: [5, 6, 7, 57]
Iter 113: 
Min Hitting Set: [5, 8, 13, 21, 25, 26, 29, 39, 48, 51, 54, 57, 65, 71, 80, 81, 82, 84, 86, 92, 93, 99, 105, 139, 140]
Min Correction Subset: [17, 18]
Iter 114: 
Min Hitting Set: [6, 14, 16, 17, 18, 21, 23, 24, 29, 33, 39, 43, 48, 51, 54, 67, 71, 72, 81, 82, 84, 86, 99, 139, 140]
Min Correction Subset: [80, 92, 124]
Iter 115: 
Min Hitting Set: [6, 14, 18, 21, 26, 29, 33, 37, 39, 40, 43, 45, 51, 56, 57, 67, 71, 80, 81, 84, 86, 92, 93, 139, 140]
Min Correction Subset: [24, 35, 54, 65, 82]
Instance: regions-100-200-140000
----------------------------
Query: 2
Query element:182
Query scope: 182
----------------------------
IIS optimality: suboptimal
IIS solution time: 36038.561
IIS Constraint: 6; goods; {good:6}
IIS Constraint: 14; goods; {good:14}
IIS Constraint: 18; goods; {good:18}
IIS Constraint: 21; goods; {good:21}
IIS Constraint: 26; goods; {good:26}
IIS Constraint: 29; goods; {good:29}
IIS Constraint: 33; goods; {good:33}
IIS Constraint: 37; goods; {good:37}
IIS Constraint: 39; goods; {good:39}
IIS Constraint: 40; goods; {good:40}
IIS Constraint: 43; goods; {good:43}
IIS Constraint: 45; goods; {good:45}
IIS Constraint: 51; goods; {good:51}
IIS Constraint: 56; goods; {good:56}
IIS Constraint: 57; goods; {good:57}
IIS Constraint: 67; goods; {good:67}
IIS Constraint: 71; goods; {good:71}
IIS Constraint: 80; goods; {good:80}
IIS Constraint: 81; goods; {good:81}
IIS Constraint: 84; goods; {good:84}
IIS Constraint: 86; goods; {good:86}
IIS Constraint: 92; goods; {good:92}
IIS Constraint: 93; goods; {good:93}
IIS Constraint: 139; query; {bid:182,query:2}
IIS Constraint: 140; max; {f:5509.060600000001,objective:max}
