IIS generation
Iter 1: 
Min Hitting Set: []
Min Correction Subset: [139]
Iter 2: 
Min Hitting Set: [139]
Min Correction Subset: [35]
Iter 3: 
Min Hitting Set: [35, 139]
Min Correction Subset: [10]
Iter 4: 
Min Hitting Set: [10, 35, 139]
Min Correction Subset: [90]
Iter 5: 
Min Hitting Set: [10, 35, 90, 139]
Min Correction Subset: [69]
Iter 6: 
Min Hitting Set: [10, 35, 69, 90, 139]
Min Correction Subset: [0]
Iter 7: 
Min Hitting Set: [0, 10, 35, 69, 90, 139]
Min Correction Subset: [78]
Iter 8: 
Min Hitting Set: [0, 10, 35, 69, 78, 90, 139]
Min Correction Subset: [15]
Iter 9: 
Min Hitting Set: [0, 10, 15, 35, 69, 78, 90, 139]
Min Correction Subset: [4]
Iter 10: 
Min Hitting Set: [0, 4, 10, 15, 35, 69, 78, 90, 139]
Min Correction Subset: [138]
Iter 11: 
Min Hitting Set: [0, 4, 10, 15, 35, 69, 78, 90, 138, 139]
Min Correction Subset: [53]
Iter 12: 
Min Hitting Set: [0, 4, 10, 15, 35, 53, 69, 78, 90, 138, 139]
Min Correction Subset: [67]
Iter 13: 
Min Hitting Set: [0, 4, 10, 15, 35, 53, 67, 69, 78, 90, 138, 139]
Min Correction Subset: [92]
Iter 14: 
Min Hitting Set: [0, 4, 10, 15, 35, 53, 67, 69, 78, 90, 92, 138, 139]
Min Correction Subset: [17]
Iter 15: 
Min Hitting Set: [0, 4, 10, 15, 17, 35, 53, 67, 69, 78, 90, 92, 138, 139]
Min Correction Subset: [44]
Iter 16: 
Min Hitting Set: [0, 4, 10, 15, 17, 35, 44, 53, 67, 69, 78, 90, 92, 138, 139]
Min Correction Subset: [23]
Iter 17: 
Min Hitting Set: [0, 4, 10, 15, 17, 23, 35, 44, 53, 67, 69, 78, 90, 92, 138, 139]
Min Correction Subset: [55]
Iter 18: 
Min Hitting Set: [0, 4, 10, 15, 17, 23, 35, 44, 53, 55, 67, 69, 78, 90, 92, 138, 139]
Min Correction Subset: [97]
Iter 19: 
Min Hitting Set: [0, 4, 10, 15, 17, 23, 35, 44, 53, 55, 67, 69, 78, 90, 92, 97, 138, 139]
Min Correction Subset: [43]
Iter 20: 
Min Hitting Set: [0, 4, 10, 15, 17, 23, 35, 43, 44, 53, 55, 67, 69, 78, 90, 92, 97, 138, 139]
Min Correction Subset: [30]
Iter 21: 
Min Hitting Set: [0, 4, 10, 15, 17, 23, 30, 35, 43, 44, 53, 55, 67, 69, 78, 90, 92, 97, 138, 139]
Min Correction Subset: [36]
Iter 22: 
Min Hitting Set: [0, 4, 10, 15, 17, 23, 30, 35, 36, 43, 44, 53, 55, 67, 69, 78, 90, 92, 97, 138, 139]
Min Correction Subset: [82]
Iter 23: 
Min Hitting Set: [0, 4, 10, 15, 17, 23, 30, 35, 36, 43, 44, 53, 55, 67, 69, 78, 82, 90, 92, 97, 138, 139]
Min Correction Subset: [93]
Iter 24: 
Min Hitting Set: [0, 4, 10, 15, 17, 23, 30, 35, 36, 43, 44, 53, 55, 67, 69, 78, 82, 90, 92, 93, 97, 138, 139]
Min Correction Subset: [57]
Iter 25: 
Min Hitting Set: [0, 4, 10, 15, 17, 23, 30, 35, 36, 43, 44, 53, 55, 57, 67, 69, 78, 82, 90, 92, 93, 97, 138, 139]
Min Correction Subset: [91]
Iter 26: 
Min Hitting Set: [0, 4, 10, 15, 17, 23, 30, 35, 36, 43, 44, 53, 55, 57, 67, 69, 78, 82, 90, 91, 92, 93, 97, 138, 139]
Min Correction Subset: [68]
Iter 27: 
Min Hitting Set: [0, 4, 10, 15, 17, 23, 30, 35, 36, 43, 44, 53, 55, 57, 67, 68, 69, 78, 82, 90, 91, 92, 93, 97, 138, 139]
Min Correction Subset: [46]
Iter 28: 
Min Hitting Set: [0, 4, 10, 15, 17, 23, 30, 35, 36, 43, 44, 46, 53, 55, 57, 67, 68, 69, 78, 82, 90, 91, 92, 93, 97, 138, 139]
Min Correction Subset: [99]
Iter 29: 
Min Hitting Set: [0, 4, 10, 15, 17, 23, 30, 35, 36, 43, 44, 46, 53, 55, 57, 67, 68, 69, 78, 82, 90, 91, 92, 93, 97, 99, 138, 139]
Min Correction Subset: [75]
Iter 30: 
Min Hitting Set: [0, 4, 10, 15, 17, 23, 30, 35, 36, 43, 44, 46, 53, 55, 57, 67, 68, 69, 75, 78, 82, 90, 91, 92, 93, 97, 99, 138, 139]
Min Correction Subset: [76]
Iter 31: 
Min Hitting Set: [0, 4, 10, 15, 17, 23, 30, 35, 36, 43, 44, 46, 53, 55, 57, 67, 68, 69, 75, 76, 78, 82, 90, 91, 92, 93, 97, 99, 138, 139]
Min Correction Subset: [86]
Iter 32: 
Min Hitting Set: [0, 4, 10, 15, 17, 23, 30, 35, 36, 43, 44, 46, 53, 55, 57, 67, 68, 69, 75, 76, 78, 82, 86, 90, 91, 92, 93, 97, 99, 138, 139]
Min Correction Subset: [80]
Iter 33: 
Min Hitting Set: [0, 4, 10, 15, 17, 23, 30, 35, 36, 43, 44, 46, 53, 55, 57, 67, 68, 69, 75, 76, 78, 80, 82, 86, 90, 91, 92, 93, 97, 99, 138, 139]
Min Correction Subset: [33]
Iter 34: 
Min Hitting Set: [0, 4, 10, 15, 17, 23, 30, 33, 35, 36, 43, 44, 46, 53, 55, 57, 67, 68, 69, 75, 76, 78, 80, 82, 86, 90, 91, 92, 93, 97, 99, 138, 139]
Min Correction Subset: [137]
Iter 35: 
Min Hitting Set: [0, 4, 10, 15, 17, 23, 30, 33, 35, 36, 43, 44, 46, 53, 55, 57, 67, 68, 69, 75, 76, 78, 80, 82, 86, 90, 91, 92, 93, 97, 99, 137, 138, 139]
Min Correction Subset: [47]
Iter 36: 
Min Hitting Set: [0, 4, 10, 15, 17, 23, 30, 33, 35, 36, 43, 44, 46, 47, 53, 55, 57, 67, 68, 69, 75, 76, 78, 80, 82, 86, 90, 91, 92, 93, 97, 99, 137, 138, 139]
Min Correction Subset: [20]
Iter 37: 
Min Hitting Set: [0, 4, 10, 15, 17, 20, 23, 30, 33, 35, 36, 43, 44, 46, 47, 53, 55, 57, 67, 68, 69, 75, 76, 78, 80, 82, 86, 90, 91, 92, 93, 97, 99, 137, 138, 139]
Min Correction Subset: [124]
Iter 38: 
Min Hitting Set: [0, 4, 10, 15, 17, 20, 23, 30, 33, 35, 36, 43, 44, 46, 47, 53, 55, 57, 67, 68, 69, 75, 76, 78, 80, 82, 86, 90, 91, 92, 93, 97, 99, 124, 137, 138, 139]
Min Correction Subset: [95]
Iter 39: 
Min Hitting Set: [0, 4, 10, 15, 17, 20, 23, 30, 33, 35, 36, 43, 44, 46, 47, 53, 55, 57, 67, 68, 69, 75, 76, 78, 80, 82, 86, 90, 91, 92, 93, 95, 97, 99, 124, 137, 138, 139]
Min Correction Subset: [60]
Iter 40: 
Min Hitting Set: [0, 4, 10, 15, 17, 20, 23, 30, 33, 35, 36, 43, 44, 46, 47, 53, 55, 57, 60, 67, 68, 69, 75, 76, 78, 80, 82, 86, 90, 91, 92, 93, 95, 97, 99, 124, 137, 138, 139]
Min Correction Subset: [89]
Iter 41: 
Min Hitting Set: [0, 4, 10, 15, 17, 20, 23, 30, 33, 35, 36, 43, 44, 46, 47, 53, 55, 57, 60, 67, 68, 69, 75, 76, 78, 80, 82, 86, 89, 90, 91, 92, 93, 95, 97, 99, 124, 137, 138, 139]
Min Correction Subset: [74]
Iter 42: 
Min Hitting Set: [0, 4, 10, 15, 17, 20, 23, 30, 33, 35, 36, 43, 44, 46, 47, 53, 55, 57, 60, 67, 68, 69, 74, 75, 76, 78, 80, 82, 86, 89, 90, 91, 92, 93, 95, 97, 99, 124, 137, 138, 139]
Min Correction Subset: [94]
Iter 43: 
Min Hitting Set: [0, 4, 10, 15, 17, 20, 23, 30, 33, 35, 36, 43, 44, 46, 47, 53, 55, 57, 60, 67, 68, 69, 74, 75, 76, 78, 80, 82, 86, 89, 90, 91, 92, 93, 94, 95, 97, 99, 124, 137, 138, 139]
Min Correction Subset: [5]
Iter 44: 
Min Hitting Set: [0, 4, 5, 10, 15, 17, 20, 23, 30, 33, 35, 36, 43, 44, 46, 47, 53, 55, 57, 60, 67, 68, 69, 74, 75, 76, 78, 80, 82, 86, 89, 90, 91, 92, 93, 94, 95, 97, 99, 124, 137, 138, 139]
Min Correction Subset: [118]
Iter 45: 
Min Hitting Set: [0, 4, 5, 10, 15, 17, 20, 23, 30, 33, 35, 36, 43, 44, 46, 47, 53, 55, 57, 60, 67, 68, 69, 74, 75, 76, 78, 80, 82, 86, 89, 90, 91, 92, 93, 94, 95, 97, 99, 118, 124, 137, 138, 139]
Min Correction Subset: [3]
Iter 46: 
Min Hitting Set: [0, 3, 4, 5, 10, 15, 17, 20, 23, 30, 33, 35, 36, 43, 44, 46, 47, 53, 55, 57, 60, 67, 68, 69, 74, 75, 76, 78, 80, 82, 86, 89, 90, 91, 92, 93, 94, 95, 97, 99, 118, 124, 137, 138, 139]
Min Correction Subset: [83]
Iter 47: 
Min Hitting Set: [0, 3, 4, 5, 10, 15, 17, 20, 23, 30, 33, 35, 36, 43, 44, 46, 47, 53, 55, 57, 60, 67, 68, 69, 74, 75, 76, 78, 80, 82, 83, 86, 89, 90, 91, 92, 93, 94, 95, 97, 99, 118, 124, 137, 138, 139]
Min Correction Subset: [18, 24]
Iter 48: 
Min Hitting Set: [0, 3, 4, 5, 10, 15, 17, 18, 20, 23, 30, 33, 35, 36, 43, 44, 46, 47, 53, 55, 57, 60, 67, 68, 69, 74, 75, 76, 78, 80, 82, 83, 86, 89, 90, 91, 92, 93, 94, 95, 97, 99, 118, 124, 137, 138, 139]
Min Correction Subset: [28, 65]
Iter 49: 
Min Hitting Set: [0, 3, 4, 5, 10, 15, 17, 18, 20, 23, 28, 30, 33, 35, 36, 43, 44, 46, 47, 53, 55, 57, 60, 67, 68, 69, 74, 75, 76, 78, 80, 82, 83, 86, 89, 90, 91, 92, 93, 94, 95, 97, 99, 118, 124, 137, 138, 139]
Min Correction Subset: [2, 13]
Iter 50: 
Min Hitting Set: [0, 2, 3, 4, 5, 10, 15, 17, 18, 20, 23, 28, 30, 33, 35, 36, 43, 44, 46, 47, 53, 55, 57, 60, 67, 68, 69, 74, 75, 76, 78, 80, 82, 83, 86, 89, 90, 91, 92, 93, 94, 95, 97, 99, 118, 124, 137, 138, 139]
Min Correction Subset: [1, 32]
Instance: arbitrary-100-200-140000
----------------------------
Query: 1
Query element:147
Query scope: 147
----------------------------
IIS optimality: suboptimal
IIS solution time: 36039.912
IIS Constraint: 0; goods; {good:0}
IIS Constraint: 2; goods; {good:2}
IIS Constraint: 3; goods; {good:3}
IIS Constraint: 4; goods; {good:4}
IIS Constraint: 5; goods; {good:5}
IIS Constraint: 10; goods; {good:10}
IIS Constraint: 15; goods; {good:15}
IIS Constraint: 17; goods; {good:17}
IIS Constraint: 18; goods; {good:18}
IIS Constraint: 20; goods; {good:20}
IIS Constraint: 23; goods; {good:23}
IIS Constraint: 28; goods; {good:28}
IIS Constraint: 30; goods; {good:30}
IIS Constraint: 33; goods; {good:33}
IIS Constraint: 35; goods; {good:35}
IIS Constraint: 36; goods; {good:36}
IIS Constraint: 43; goods; {good:43}
IIS Constraint: 44; goods; {good:44}
IIS Constraint: 46; goods; {good:46}
IIS Constraint: 47; goods; {good:47}
IIS Constraint: 53; goods; {good:53}
IIS Constraint: 55; goods; {good:55}
IIS Constraint: 57; goods; {good:57}
IIS Constraint: 60; goods; {good:60}
IIS Constraint: 67; goods; {good:67}
IIS Constraint: 68; goods; {good:68}
IIS Constraint: 69; goods; {good:69}
IIS Constraint: 74; goods; {good:74}
IIS Constraint: 75; goods; {good:75}
IIS Constraint: 76; goods; {good:76}
IIS Constraint: 78; goods; {good:78}
IIS Constraint: 80; goods; {good:80}
IIS Constraint: 82; goods; {good:82}
IIS Constraint: 83; goods; {good:83}
IIS Constraint: 86; goods; {good:86}
IIS Constraint: 89; goods; {good:89}
IIS Constraint: 90; goods; {good:90}
IIS Constraint: 91; goods; {good:91}
IIS Constraint: 92; goods; {good:92}
IIS Constraint: 93; goods; {good:93}
IIS Constraint: 94; goods; {good:94}
IIS Constraint: 95; goods; {good:95}
IIS Constraint: 97; goods; {good:97}
IIS Constraint: 99; goods; {good:99}
IIS Constraint: 118; goods; {good:118}
IIS Constraint: 124; goods; {good:124}
IIS Constraint: 137; goods; {good:137}
IIS Constraint: 138; query; {bid:147,query:1}
IIS Constraint: 139; max; {f:5154.744,objective:max}
