IIS generation
Iter 1: 
Min Hitting Set: []
Min Correction Subset: [189]
Iter 2: 
Min Hitting Set: [189]
Min Correction Subset: [28]
Iter 3: 
Min Hitting Set: [28, 189]
Min Correction Subset: [111]
Iter 4: 
Min Hitting Set: [28, 111, 189]
Min Correction Subset: [15]
Iter 5: 
Min Hitting Set: [15, 28, 111, 189]
Min Correction Subset: [67]
Iter 6: 
Min Hitting Set: [15, 28, 67, 111, 189]
Min Correction Subset: [84]
Iter 7: 
Min Hitting Set: [15, 28, 67, 84, 111, 189]
Min Correction Subset: [97]
Iter 8: 
Min Hitting Set: [15, 28, 67, 84, 97, 111, 189]
Min Correction Subset: [99]
Iter 9: 
Min Hitting Set: [15, 28, 67, 84, 97, 99, 111, 189]
Min Correction Subset: [90]
Iter 10: 
Min Hitting Set: [15, 28, 67, 84, 90, 97, 99, 111, 189]
Min Correction Subset: [94, 110]
Iter 11: 
Min Hitting Set: [15, 28, 67, 84, 90, 94, 97, 99, 111, 189]
Min Correction Subset: [2, 36]
Iter 12: 
Min Hitting Set: [2, 15, 28, 67, 84, 90, 94, 97, 99, 111, 189]
Min Correction Subset: [36, 128]
Iter 13: 
Min Hitting Set: [15, 28, 36, 67, 84, 90, 94, 97, 99, 111, 189]
Min Correction Subset: [22, 63]
Iter 14: 
Min Hitting Set: [15, 22, 28, 36, 67, 84, 90, 94, 97, 99, 111, 189]
Min Correction Subset: [27, 91]
Iter 15: 
Min Hitting Set: [15, 22, 27, 28, 36, 67, 84, 90, 94, 97, 99, 111, 189]
Min Correction Subset: [20, 86]
Iter 16: 
Min Hitting Set: [15, 20, 22, 27, 28, 36, 67, 84, 90, 94, 97, 99, 111, 189]
Min Correction Subset: [31, 42]
Iter 17: 
Min Hitting Set: [15, 20, 22, 27, 28, 31, 36, 67, 84, 90, 94, 97, 99, 111, 189]
Min Correction Subset: [58, 142]
Iter 18: 
Min Hitting Set: [15, 20, 22, 27, 28, 31, 36, 58, 67, 84, 90, 94, 97, 99, 111, 189]
Min Correction Subset: [37, 49]
Iter 19: 
Min Hitting Set: [15, 20, 22, 27, 28, 31, 36, 37, 58, 67, 84, 90, 94, 97, 99, 111, 189]
Min Correction Subset: [65, 137]
Iter 20: 
Min Hitting Set: [15, 20, 22, 27, 28, 31, 36, 37, 58, 65, 67, 84, 90, 94, 97, 99, 111, 189]
Min Correction Subset: [42, 86]
Iter 21: 
Min Hitting Set: [15, 22, 27, 28, 36, 37, 42, 58, 65, 67, 84, 86, 90, 94, 97, 99, 111, 189]
Min Correction Subset: [31, 188]
Iter 22: 
Min Hitting Set: [15, 22, 27, 28, 31, 36, 37, 58, 65, 67, 84, 86, 90, 94, 97, 99, 111, 189]
Min Correction Subset: [16, 32]
Iter 23: 
Min Hitting Set: [15, 16, 22, 27, 28, 31, 36, 37, 58, 65, 67, 84, 86, 90, 94, 97, 99, 111, 189]
Min Correction Subset: [52, 137]
Iter 24: 
Min Hitting Set: [15, 16, 22, 27, 28, 31, 36, 37, 58, 67, 84, 86, 90, 94, 97, 99, 111, 137, 189]
Min Correction Subset: [2, 3]
Iter 25: 
Min Hitting Set: [2, 15, 16, 22, 27, 28, 31, 36, 37, 58, 67, 84, 86, 90, 94, 97, 99, 111, 137, 189]
Min Correction Subset: [11, 134]
Iter 26: 
Min Hitting Set: [2, 11, 15, 16, 22, 27, 28, 31, 36, 37, 58, 67, 84, 86, 90, 94, 97, 99, 111, 137, 189]
Min Correction Subset: [110, 188]
Iter 27: 
Min Hitting Set: [2, 11, 15, 16, 22, 27, 28, 31, 36, 37, 58, 67, 84, 86, 90, 97, 99, 110, 111, 137, 189]
Min Correction Subset: [41, 188]
Iter 28: 
Min Hitting Set: [2, 11, 15, 16, 22, 27, 28, 31, 36, 37, 58, 67, 84, 86, 90, 97, 99, 110, 111, 137, 188, 189]
Min Correction Subset: [65, 108]
Iter 29: 
Min Hitting Set: [2, 11, 15, 16, 22, 27, 28, 31, 36, 37, 58, 65, 67, 84, 86, 90, 97, 99, 110, 111, 137, 188, 189]
Min Correction Subset: [42, 94]
Iter 30: 
Min Hitting Set: [2, 11, 15, 16, 22, 27, 28, 36, 37, 42, 58, 65, 67, 84, 86, 90, 94, 97, 99, 111, 137, 188, 189]
Min Correction Subset: [14, 110]
Iter 31: 
Min Hitting Set: [2, 11, 15, 16, 22, 27, 28, 36, 37, 42, 58, 65, 67, 84, 86, 90, 97, 99, 110, 111, 137, 188, 189]
Min Correction Subset: [30, 94]
Iter 32: 
Min Hitting Set: [2, 11, 15, 16, 22, 27, 28, 31, 36, 37, 58, 65, 67, 84, 86, 90, 94, 97, 99, 110, 111, 137, 188, 189]
Min Correction Subset: [95, 115]
Iter 33: 
Min Hitting Set: [2, 11, 15, 16, 22, 27, 28, 31, 36, 37, 58, 65, 67, 84, 86, 90, 94, 95, 97, 99, 110, 111, 137, 188, 189]
Min Correction Subset: [41, 134]
Iter 34: 
Min Hitting Set: [2, 15, 16, 22, 27, 28, 31, 36, 37, 58, 65, 67, 84, 86, 90, 94, 95, 97, 99, 110, 111, 134, 137, 188, 189]
Min Correction Subset: [42, 52]
Iter 35: 
Min Hitting Set: [2, 15, 16, 22, 27, 28, 31, 36, 37, 52, 58, 65, 67, 84, 86, 90, 94, 95, 97, 99, 110, 111, 134, 188, 189]
Min Correction Subset: [85, 137]
Iter 36: 
Min Hitting Set: [2, 15, 16, 22, 27, 28, 36, 37, 42, 58, 65, 67, 84, 86, 90, 94, 95, 97, 99, 110, 111, 134, 137, 188, 189]
Min Correction Subset: [10, 52]
Iter 37: 
Min Hitting Set: [2, 15, 16, 22, 27, 28, 31, 36, 37, 52, 58, 65, 67, 84, 86, 90, 94, 95, 97, 99, 110, 111, 134, 137, 188, 189]
Min Correction Subset: [59, 103]
Iter 38: 
Min Hitting Set: [2, 15, 16, 22, 27, 28, 31, 36, 37, 52, 58, 59, 65, 67, 84, 86, 90, 94, 95, 97, 99, 110, 111, 134, 137, 188, 189]
Min Correction Subset: [42, 128]
Iter 39: 
Min Hitting Set: [2, 15, 16, 22, 27, 28, 31, 37, 52, 58, 59, 65, 67, 84, 86, 90, 94, 95, 97, 99, 110, 111, 128, 134, 137, 188, 189]
Min Correction Subset: [36, 108]
Iter 40: 
Min Hitting Set: [2, 15, 16, 22, 27, 28, 37, 42, 52, 58, 59, 67, 84, 86, 90, 94, 95, 97, 99, 108, 110, 111, 128, 134, 137, 188, 189]
Min Correction Subset: [36, 43]
Iter 41: 
Min Hitting Set: [2, 15, 16, 22, 27, 28, 36, 37, 42, 52, 58, 59, 65, 67, 84, 86, 90, 94, 95, 97, 99, 110, 111, 134, 137, 188, 189]
Min Correction Subset: [14, 31]
Iter 42: 
Min Hitting Set: [2, 14, 15, 16, 22, 27, 28, 36, 37, 42, 52, 58, 59, 65, 67, 84, 86, 90, 94, 95, 97, 99, 111, 134, 137, 188, 189]
Min Correction Subset: [20, 110]
Iter 43: 
Min Hitting Set: [2, 14, 15, 16, 20, 22, 27, 28, 36, 37, 42, 52, 58, 59, 65, 67, 84, 90, 94, 95, 97, 99, 111, 134, 137, 188, 189]
Min Correction Subset: [31, 86]
Iter 44: 
Min Hitting Set: [2, 14, 15, 16, 20, 22, 27, 28, 36, 37, 42, 52, 58, 59, 65, 67, 84, 86, 90, 94, 95, 97, 99, 111, 134, 137, 188, 189]
Min Correction Subset: [41, 110]
Iter 45: 
Min Hitting Set: [2, 14, 15, 16, 22, 27, 28, 36, 37, 42, 52, 58, 59, 65, 67, 84, 86, 90, 94, 95, 97, 99, 110, 111, 134, 137, 188, 189]
Min Correction Subset: [20, 108]
Iter 46: 
Min Hitting Set: [2, 14, 15, 16, 22, 27, 28, 36, 37, 42, 52, 58, 59, 67, 84, 86, 90, 94, 95, 97, 99, 108, 110, 111, 134, 137, 188, 189]
Min Correction Subset: [20, 65]
Iter 47: 
Min Hitting Set: [2, 15, 16, 20, 22, 27, 28, 31, 36, 37, 41, 42, 52, 58, 59, 65, 67, 84, 90, 94, 95, 97, 99, 110, 111, 134, 137, 189]
Min Correction Subset: [86, 188]
Iter 48: 
Min Hitting Set: [2, 15, 16, 20, 22, 27, 28, 31, 36, 37, 42, 52, 58, 59, 65, 67, 84, 90, 94, 95, 97, 99, 110, 111, 134, 137, 188, 189]
Min Correction Subset: [63, 128]
Iter 49: 
Min Hitting Set: [2, 15, 16, 20, 27, 28, 31, 36, 37, 42, 52, 58, 59, 63, 65, 67, 84, 90, 94, 95, 97, 99, 110, 111, 134, 137, 188, 189]
Min Correction Subset: [22, 126]
Iter 50: 
Min Hitting Set: [2, 15, 16, 20, 22, 27, 28, 31, 36, 37, 52, 58, 59, 65, 67, 84, 86, 90, 94, 95, 97, 99, 110, 111, 128, 134, 137, 188, 189]
Min Correction Subset: [63, 115]
Iter 51: 
Min Hitting Set: [2, 15, 16, 20, 22, 27, 28, 31, 36, 37, 52, 58, 59, 65, 67, 84, 86, 90, 94, 97, 99, 110, 111, 115, 128, 134, 137, 188, 189]
Min Correction Subset: [42, 63]
Iter 52: 
Min Hitting Set: [2, 15, 16, 20, 22, 27, 28, 31, 36, 37, 42, 52, 58, 59, 63, 67, 84, 90, 94, 97, 99, 108, 110, 111, 115, 134, 137, 188, 189]
Min Correction Subset: [86, 128]
Iter 53: 
Min Hitting Set: [2, 15, 16, 20, 22, 27, 28, 31, 36, 37, 42, 52, 58, 59, 67, 84, 90, 94, 97, 99, 108, 110, 111, 115, 128, 134, 137, 188, 189]
Min Correction Subset: [65, 86]
Iter 54: 
Min Hitting Set: [2, 15, 16, 20, 22, 27, 28, 31, 36, 37, 42, 52, 58, 59, 65, 67, 84, 90, 94, 97, 99, 110, 111, 115, 128, 134, 137, 188, 189]
Min Correction Subset: [14, 86]
Iter 55: 
Min Hitting Set: [2, 15, 16, 20, 22, 27, 28, 31, 36, 37, 41, 42, 52, 58, 59, 65, 67, 84, 86, 90, 94, 97, 99, 110, 111, 115, 128, 134, 137, 189]
Min Correction Subset: [14, 188]
Iter 56: 
Min Hitting Set: [2, 15, 16, 22, 27, 28, 31, 36, 37, 52, 58, 59, 63, 65, 67, 84, 86, 90, 94, 97, 99, 108, 110, 111, 115, 128, 134, 137, 188, 189]
Min Correction Subset: [20, 42]
Iter 57: 
Min Hitting Set: [2, 14, 15, 16, 20, 22, 27, 28, 36, 37, 41, 42, 52, 58, 59, 63, 65, 67, 84, 86, 90, 94, 97, 99, 111, 115, 134, 137, 188, 189]
Min Correction Subset: [17, 110]
Iter 58: 
Min Hitting Set: [2, 15, 16, 20, 22, 27, 28, 31, 36, 37, 52, 58, 59, 63, 67, 84, 86, 90, 94, 97, 99, 108, 110, 111, 115, 128, 134, 137, 188, 189]
Min Correction Subset: [65, 142]
Iter 59: 
Min Hitting Set: [2, 15, 16, 20, 22, 27, 28, 31, 36, 37, 52, 59, 63, 67, 84, 86, 90, 94, 97, 99, 108, 110, 111, 115, 128, 134, 137, 142, 188, 189]
Min Correction Subset: [14, 58]
Iter 60: 
Min Hitting Set: [2, 15, 16, 20, 22, 27, 28, 31, 36, 37, 52, 58, 59, 63, 65, 67, 84, 86, 90, 94, 97, 99, 110, 111, 115, 128, 134, 137, 188, 189]
Min Correction Subset: [7, 142]
Iter 61: 
Min Hitting Set: [2, 14, 15, 16, 20, 22, 27, 28, 36, 37, 42, 52, 59, 67, 84, 86, 90, 94, 97, 99, 108, 110, 111, 115, 128, 134, 137, 142, 188, 189]
Min Correction Subset: [31, 34]
Iter 62: 
Min Hitting Set: [2, 14, 15, 16, 20, 22, 27, 28, 31, 36, 37, 42, 52, 59, 65, 67, 84, 90, 94, 97, 99, 110, 111, 115, 128, 134, 137, 142, 188, 189]
Min Correction Subset: [41, 86]
Iter 63: 
Min Hitting Set: [2, 14, 15, 16, 20, 22, 27, 28, 31, 36, 37, 41, 42, 52, 59, 63, 67, 84, 86, 90, 94, 97, 99, 108, 110, 111, 115, 134, 137, 142, 189]
Min Correction Subset: [51, 188]
Iter 64: 
Min Hitting Set: [2, 14, 15, 16, 20, 22, 27, 28, 31, 36, 37, 42, 52, 59, 63, 67, 84, 86, 90, 94, 97, 99, 108, 110, 111, 115, 134, 137, 142, 188, 189]
Min Correction Subset: [95, 128]
Iter 65: 
Min Hitting Set: [2, 14, 15, 16, 20, 22, 27, 28, 31, 36, 37, 52, 59, 63, 65, 67, 84, 86, 90, 94, 97, 99, 110, 111, 115, 128, 134, 137, 142, 188, 189]
Min Correction Subset: [58, 108]
Iter 66: 
Min Hitting Set: [2, 15, 16, 20, 22, 27, 28, 31, 36, 37, 52, 58, 59, 63, 65, 67, 84, 86, 90, 94, 97, 99, 110, 111, 115, 128, 134, 137, 142, 188, 189]
Min Correction Subset: [14, 108]
Iter 67: 
Min Hitting Set: [2, 14, 15, 16, 20, 22, 27, 28, 31, 36, 37, 42, 52, 59, 63, 67, 84, 86, 90, 94, 95, 97, 99, 108, 110, 111, 134, 137, 142, 188, 189]
Min Correction Subset: [41, 128]
Iter 68: 
Min Hitting Set: [2, 15, 16, 20, 22, 27, 28, 31, 36, 37, 42, 52, 58, 59, 67, 84, 86, 90, 94, 97, 99, 108, 110, 111, 115, 128, 134, 137, 142, 188, 189]
Min Correction Subset: [63, 75]
Iter 69: 
Min Hitting Set: [2, 15, 16, 20, 22, 27, 28, 31, 36, 37, 52, 58, 59, 63, 67, 84, 86, 90, 94, 95, 97, 99, 108, 110, 111, 128, 134, 137, 142, 188, 189]
Min Correction Subset: [42, 115]
Iter 70: 
Min Hitting Set: [2, 15, 16, 20, 22, 27, 28, 31, 36, 37, 52, 58, 59, 63, 67, 84, 86, 90, 94, 97, 99, 108, 110, 111, 115, 128, 134, 137, 142, 188, 189]
Min Correction Subset: [32, 48, 49]
Iter 71: 
Min Hitting Set: [2, 15, 20, 22, 27, 28, 31, 32, 36, 49, 52, 58, 59, 63, 67, 84, 86, 90, 94, 97, 99, 108, 110, 111, 115, 128, 134, 137, 142, 188, 189]
Min Correction Subset: [16, 37]
Iter 72: 
Min Hitting Set: [2, 15, 20, 22, 27, 28, 31, 32, 36, 37, 52, 58, 59, 63, 67, 84, 86, 90, 94, 97, 99, 108, 110, 111, 115, 128, 134, 137, 142, 188, 189]
Min Correction Subset: [16, 75]
Iter 73: 
Min Hitting Set: [2, 15, 16, 20, 22, 27, 28, 31, 36, 49, 52, 58, 59, 63, 67, 84, 86, 90, 94, 97, 99, 108, 110, 111, 115, 128, 134, 137, 142, 188, 189]
Min Correction Subset: [11, 42, 66]
Iter 74: 
Min Hitting Set: [2, 15, 16, 20, 22, 27, 28, 31, 36, 42, 49, 52, 58, 59, 63, 67, 84, 86, 90, 94, 97, 99, 108, 110, 111, 115, 128, 134, 137, 142, 188, 189]
Min Correction Subset: [11, 14, 66]
Iter 75: 
Min Hitting Set: [2, 14, 15, 16, 20, 22, 27, 28, 31, 36, 42, 49, 52, 59, 63, 67, 84, 86, 90, 94, 97, 99, 108, 110, 111, 115, 128, 134, 137, 142, 188, 189]
Min Correction Subset: [58, 95]
Iter 76: 
Min Hitting Set: [2, 14, 15, 16, 20, 22, 27, 28, 31, 36, 42, 49, 52, 59, 63, 67, 84, 86, 90, 94, 95, 97, 99, 108, 110, 111, 128, 134, 137, 142, 188, 189]
Min Correction Subset: [75, 115]
Iter 77: 
Min Hitting Set: [2, 11, 15, 16, 20, 22, 27, 28, 31, 36, 49, 52, 58, 59, 63, 67, 84, 86, 90, 94, 97, 99, 108, 110, 111, 115, 128, 134, 137, 142, 188, 189]
Min Correction Subset: [37, 65, 123]
Iter 78: 
Min Hitting Set: [2, 14, 15, 20, 22, 27, 28, 31, 32, 36, 37, 41, 42, 52, 59, 63, 67, 75, 84, 86, 90, 94, 95, 97, 99, 108, 110, 111, 134, 137, 142, 188, 189]
Min Correction Subset: [16, 128]
Iter 79: 
Min Hitting Set: [2, 14, 15, 22, 27, 28, 31, 32, 36, 37, 42, 52, 58, 59, 65, 67, 75, 84, 86, 90, 94, 97, 99, 108, 110, 111, 115, 128, 134, 137, 142, 188, 189]
Min Correction Subset: [4, 20]
Iter 80: 
Min Hitting Set: [2, 14, 15, 20, 22, 27, 28, 31, 32, 36, 37, 42, 52, 58, 59, 67, 75, 84, 86, 90, 94, 97, 99, 108, 110, 111, 115, 128, 134, 137, 142, 188, 189]
Min Correction Subset: [11, 47, 66]
Iter 81: 
Min Hitting Set: [2, 11, 15, 20, 22, 27, 28, 31, 32, 36, 37, 41, 52, 58, 59, 63, 67, 75, 84, 86, 90, 94, 97, 99, 108, 110, 111, 115, 128, 137, 142, 188, 189]
Min Correction Subset: [14, 134]
Iter 82: 
Min Hitting Set: [2, 11, 15, 20, 22, 27, 28, 31, 32, 36, 37, 52, 58, 59, 63, 67, 75, 84, 86, 90, 94, 97, 99, 108, 110, 111, 115, 128, 134, 137, 142, 188, 189]
Min Correction Subset: [14, 41, 131]
Iter 83: 
Min Hitting Set: [2, 11, 14, 15, 16, 20, 22, 27, 28, 31, 36, 41, 42, 49, 52, 58, 59, 63, 65, 67, 84, 90, 94, 97, 99, 110, 111, 115, 128, 137, 142, 188, 189]
Min Correction Subset: [86, 108]
Iter 84: 
Min Hitting Set: [2, 11, 14, 15, 16, 20, 22, 27, 28, 31, 36, 49, 52, 58, 59, 63, 65, 67, 84, 86, 90, 94, 97, 99, 110, 111, 115, 128, 134, 137, 142, 188, 189]
Min Correction Subset: [19, 42, 126]
Iter 85: 
Min Hitting Set: [2, 11, 14, 15, 16, 20, 27, 28, 31, 36, 41, 49, 52, 58, 59, 63, 65, 67, 84, 86, 90, 94, 97, 99, 110, 111, 115, 126, 128, 137, 142, 188, 189]
Min Correction Subset: [4, 134]
Iter 86: 
Min Hitting Set: [2, 11, 14, 15, 16, 20, 27, 28, 31, 36, 49, 52, 58, 59, 63, 65, 67, 84, 86, 90, 94, 97, 99, 110, 111, 115, 126, 128, 134, 137, 142, 188, 189]
Min Correction Subset: [22, 42, 108]
Iter 87: 
Min Hitting Set: [2, 11, 14, 15, 16, 20, 22, 27, 28, 31, 36, 49, 52, 58, 59, 63, 65, 67, 84, 86, 90, 94, 97, 99, 110, 111, 115, 126, 128, 134, 137, 142, 188, 189]
Min Correction Subset: [10, 47, 108]
Iter 88: 
Min Hitting Set: [2, 11, 14, 15, 16, 20, 27, 28, 31, 36, 49, 52, 59, 63, 65, 67, 84, 86, 90, 94, 95, 97, 99, 108, 110, 111, 115, 126, 128, 134, 137, 142, 188, 189]
Min Correction Subset: [42, 58, 112]
Iter 89: 
Min Hitting Set: [2, 14, 15, 20, 22, 27, 28, 31, 32, 36, 37, 42, 47, 52, 58, 59, 67, 75, 84, 86, 90, 94, 97, 99, 108, 110, 111, 115, 128, 134, 137, 142, 188, 189]
Min Correction Subset: [10, 11, 66]
Iter 90: 
Min Hitting Set: [2, 11, 14, 15, 20, 22, 27, 28, 31, 32, 36, 37, 42, 52, 58, 59, 67, 75, 84, 86, 90, 94, 97, 99, 108, 110, 111, 115, 128, 134, 137, 142, 188, 189]
Min Correction Subset: [41, 43, 63]
Iter 91: 
Min Hitting Set: [2, 11, 15, 20, 27, 28, 31, 32, 36, 37, 41, 52, 58, 59, 63, 67, 75, 84, 86, 90, 94, 97, 99, 108, 110, 111, 115, 126, 128, 134, 137, 142, 188, 189]
Min Correction Subset: [4, 14, 44]
Iter 92: 
Min Hitting Set: [2, 11, 14, 15, 20, 27, 28, 31, 32, 36, 37, 52, 58, 59, 63, 67, 75, 84, 86, 90, 94, 97, 99, 108, 110, 111, 115, 126, 128, 134, 137, 142, 188, 189]
Min Correction Subset: [16, 22, 41]
Iter 93: 
Min Hitting Set: [2, 11, 14, 15, 16, 20, 27, 28, 31, 36, 49, 52, 58, 59, 63, 65, 67, 84, 86, 90, 94, 97, 99, 108, 110, 111, 115, 126, 128, 134, 137, 142, 188, 189]
Min Correction Subset: [4, 42, 75]
Iter 94: 
Min Hitting Set: [2, 4, 10, 11, 14, 15, 16, 27, 28, 31, 36, 41, 42, 49, 59, 63, 65, 67, 84, 86, 90, 94, 95, 97, 99, 108, 110, 111, 115, 126, 137, 142, 188, 189]
Min Correction Subset: [20, 52]
Iter 95: 
Min Hitting Set: [2, 11, 14, 15, 20, 22, 27, 28, 31, 32, 36, 37, 42, 52, 59, 63, 67, 75, 84, 86, 90, 94, 95, 97, 99, 108, 110, 111, 128, 134, 137, 142, 188, 189]
Min Correction Subset: [58, 115]
Iter 96: 
Min Hitting Set: [2, 11, 14, 15, 20, 22, 27, 28, 31, 32, 37, 42, 43, 52, 59, 67, 75, 84, 86, 90, 94, 95, 97, 99, 108, 110, 111, 115, 128, 134, 137, 142, 188, 189]
Min Correction Subset: [36, 58]
Iter 97: 
Min Hitting Set: [2, 10, 11, 14, 15, 16, 20, 22, 27, 28, 31, 36, 42, 49, 58, 59, 63, 65, 67, 84, 86, 90, 94, 97, 99, 110, 111, 115, 128, 134, 137, 142, 188, 189]
Min Correction Subset: [41, 52]
Iter 98: 
Min Hitting Set: [2, 11, 14, 15, 20, 22, 27, 28, 31, 32, 37, 42, 43, 52, 58, 59, 67, 75, 84, 86, 90, 94, 97, 99, 108, 110, 111, 115, 128, 134, 137, 142, 188, 189]
Min Correction Subset: [16, 36]
Iter 99: 
Min Hitting Set: [2, 4, 11, 14, 15, 16, 22, 27, 28, 31, 36, 41, 42, 49, 52, 59, 63, 65, 67, 84, 86, 90, 94, 95, 97, 99, 108, 110, 111, 115, 137, 142, 188, 189]
Min Correction Subset: [20, 58]
Iter 100: 
Min Hitting Set: [2, 11, 14, 15, 20, 27, 28, 31, 32, 36, 37, 41, 52, 58, 59, 63, 67, 75, 84, 86, 90, 94, 97, 99, 108, 110, 111, 115, 126, 128, 134, 137, 142, 188, 189]
Min Correction Subset: [10, 12, 65]
Iter 101: 
Min Hitting Set: [2, 4, 11, 14, 15, 16, 20, 27, 28, 31, 36, 49, 52, 58, 59, 63, 65, 67, 84, 86, 90, 94, 97, 99, 108, 110, 111, 115, 126, 128, 134, 137, 142, 188, 189]
Min Correction Subset: [42, 66, 187]
Iter 102: 
Min Hitting Set: [2, 4, 15, 16, 20, 27, 28, 31, 36, 41, 49, 52, 58, 59, 63, 65, 66, 67, 84, 86, 90, 94, 97, 99, 108, 110, 111, 115, 126, 128, 134, 137, 142, 188, 189]
Min Correction Subset: [10, 14, 42]
Iter 103: 
Min Hitting Set: [2, 4, 14, 15, 16, 20, 27, 28, 31, 36, 49, 52, 58, 59, 63, 65, 66, 67, 84, 86, 90, 94, 97, 99, 108, 110, 111, 115, 126, 128, 134, 137, 142, 188, 189]
Min Correction Subset: [37, 70, 123]
Iter 104: 
Min Hitting Set: [2, 11, 14, 15, 20, 22, 27, 28, 31, 32, 36, 37, 41, 42, 52, 58, 59, 65, 67, 75, 84, 90, 94, 97, 99, 108, 110, 111, 115, 128, 134, 137, 142, 188, 189]
Min Correction Subset: [16, 86]
Iter 105: 
Min Hitting Set: [2, 4, 11, 14, 15, 22, 27, 28, 31, 32, 36, 37, 41, 42, 52, 58, 59, 65, 67, 75, 84, 86, 90, 94, 97, 99, 108, 110, 111, 115, 128, 137, 142, 188, 189]
Min Correction Subset: [20, 134]
Iter 106: 
Min Hitting Set: [2, 10, 14, 15, 20, 22, 27, 28, 31, 32, 36, 37, 41, 42, 58, 59, 66, 67, 75, 84, 86, 90, 94, 97, 99, 108, 110, 111, 115, 128, 134, 137, 142, 188, 189]
Min Correction Subset: [16, 52]
Iter 107: 
Min Hitting Set: [2, 4, 11, 15, 22, 27, 28, 31, 32, 36, 37, 41, 42, 52, 58, 59, 65, 67, 75, 84, 86, 90, 94, 97, 99, 108, 110, 111, 115, 128, 134, 137, 142, 188, 189]
Min Correction Subset: [14, 20]
Iter 108: 
Min Hitting Set: [2, 10, 14, 15, 16, 20, 22, 27, 28, 31, 32, 36, 37, 41, 42, 47, 59, 63, 67, 84, 86, 90, 94, 95, 97, 99, 108, 110, 111, 115, 134, 137, 142, 188, 189]
Min Correction Subset: [4, 52]
Iter 109: 
Min Hitting Set: [2, 4, 10, 11, 14, 15, 16, 20, 22, 27, 28, 31, 32, 36, 37, 41, 42, 59, 63, 67, 84, 86, 90, 94, 95, 97, 99, 108, 110, 111, 115, 137, 142, 188, 189]
Min Correction Subset: [52, 134]
Instance: paths-100-200-890000
----------------------------
Query: 3
Query element:99
Query element:65
Query scope: 99
Query scope: 65
----------------------------
IIS optimality: suboptimal
IIS solution time: 36077.377
IIS Constraint: 2; goods; {good:2}
IIS Constraint: 4; goods; {good:4}
IIS Constraint: 10; goods; {good:10}
IIS Constraint: 11; goods; {good:11}
IIS Constraint: 14; goods; {good:14}
IIS Constraint: 15; goods; {good:15}
IIS Constraint: 16; goods; {good:16}
IIS Constraint: 20; goods; {good:20}
IIS Constraint: 22; goods; {good:22}
IIS Constraint: 27; goods; {good:27}
IIS Constraint: 28; goods; {good:28}
IIS Constraint: 31; goods; {good:31}
IIS Constraint: 32; goods; {good:32}
IIS Constraint: 36; goods; {good:36}
IIS Constraint: 37; goods; {good:37}
IIS Constraint: 41; goods; {good:41}
IIS Constraint: 42; goods; {good:42}
IIS Constraint: 59; goods; {good:59}
IIS Constraint: 63; goods; {good:63}
IIS Constraint: 67; goods; {good:67}
IIS Constraint: 84; goods; {good:84}
IIS Constraint: 86; goods; {good:86}
IIS Constraint: 90; goods; {good:90}
IIS Constraint: 94; goods; {good:94}
IIS Constraint: 95; goods; {good:95}
IIS Constraint: 97; goods; {good:97}
IIS Constraint: 99; goods; {good:99}
IIS Constraint: 108; goods; {good:108}
IIS Constraint: 110; goods; {good:110}
IIS Constraint: 111; goods; {good:111}
IIS Constraint: 115; goods; {good:115}
IIS Constraint: 137; goods; {good:137}
IIS Constraint: 142; goods; {good:142}
IIS Constraint: 188; query; {bid:65,query:3}
IIS Constraint: 189; max; {f:26.829304,objective:max}
