IIS generation
Iter 1: 
Min Hitting Set: []
Min Correction Subset: [126]
Iter 2: 
Min Hitting Set: [126]
Min Correction Subset: [110]
Iter 3: 
Min Hitting Set: [110, 126]
Min Correction Subset: [111]
Iter 4: 
Min Hitting Set: [110, 111, 126]
Min Correction Subset: [109]
Iter 5: 
Min Hitting Set: [109, 110, 111, 126]
Min Correction Subset: [121]
Iter 6: 
Min Hitting Set: [109, 110, 111, 121, 126]
Min Correction Subset: [100]
Iter 7: 
Min Hitting Set: [100, 109, 110, 111, 121, 126]
Min Correction Subset: [114]
Iter 8: 
Min Hitting Set: [100, 109, 110, 111, 114, 121, 126]
Min Correction Subset: [48]
Iter 9: 
Min Hitting Set: [48, 100, 109, 110, 111, 114, 121, 126]
Min Correction Subset: [106]
Iter 10: 
Min Hitting Set: [48, 100, 106, 109, 110, 111, 114, 121, 126]
Min Correction Subset: [52]
Iter 11: 
Min Hitting Set: [48, 52, 100, 106, 109, 110, 111, 114, 121, 126]
Min Correction Subset: [119]
Iter 12: 
Min Hitting Set: [48, 52, 100, 106, 109, 110, 111, 114, 119, 121, 126]
Min Correction Subset: [103]
Iter 13: 
Min Hitting Set: [48, 52, 100, 103, 106, 109, 110, 111, 114, 119, 121, 126]
Min Correction Subset: [112]
Iter 14: 
Min Hitting Set: [48, 52, 100, 103, 106, 109, 110, 111, 112, 114, 119, 121, 126]
Min Correction Subset: [120]
Iter 15: 
Min Hitting Set: [48, 52, 100, 103, 106, 109, 110, 111, 112, 114, 119, 120, 121, 126]
Min Correction Subset: [118]
Iter 16: 
Min Hitting Set: [48, 52, 100, 103, 106, 109, 110, 111, 112, 114, 118, 119, 120, 121, 126]
Min Correction Subset: [116]
Iter 17: 
Min Hitting Set: [48, 52, 100, 103, 106, 109, 110, 111, 112, 114, 116, 118, 119, 120, 121, 126]
Min Correction Subset: [113]
Iter 18: 
Min Hitting Set: [48, 52, 100, 103, 106, 109, 110, 111, 112, 113, 114, 116, 118, 119, 120, 121, 126]
Min Correction Subset: [123]
Iter 19: 
Min Hitting Set: [48, 52, 100, 103, 106, 109, 110, 111, 112, 113, 114, 116, 118, 119, 120, 121, 123, 126]
Min Correction Subset: [104]
Iter 20: 
Min Hitting Set: [48, 52, 100, 103, 104, 106, 109, 110, 111, 112, 113, 114, 116, 118, 119, 120, 121, 123, 126]
Min Correction Subset: [44]
Iter 21: 
Min Hitting Set: [44, 48, 52, 100, 103, 104, 106, 109, 110, 111, 112, 113, 114, 116, 118, 119, 120, 121, 123, 126]
Min Correction Subset: [40]
Iter 22: 
Min Hitting Set: [40, 44, 48, 52, 100, 103, 104, 106, 109, 110, 111, 112, 113, 114, 116, 118, 119, 120, 121, 123, 126]
Min Correction Subset: [56, 101]
Iter 23: 
Min Hitting Set: [40, 44, 48, 52, 56, 100, 103, 104, 106, 109, 110, 111, 112, 113, 114, 116, 118, 119, 120, 121, 123, 126]
Min Correction Subset: [60, 101]
Iter 24: 
Min Hitting Set: [40, 44, 48, 52, 100, 101, 103, 104, 106, 109, 110, 111, 112, 113, 114, 116, 118, 119, 120, 121, 123, 126]
Min Correction Subset: [56, 105]
Iter 25: 
Min Hitting Set: [40, 44, 48, 52, 56, 100, 101, 103, 104, 106, 109, 110, 111, 112, 113, 114, 116, 118, 119, 120, 121, 123, 126]
Min Correction Subset: [64, 105]
Iter 26: 
Min Hitting Set: [40, 44, 48, 52, 100, 101, 103, 104, 105, 106, 109, 110, 111, 112, 113, 114, 116, 118, 119, 120, 121, 123, 126]
Min Correction Subset: [21, 125]
Iter 27: 
Min Hitting Set: [21, 40, 44, 48, 52, 100, 101, 103, 104, 105, 106, 109, 110, 111, 112, 113, 114, 116, 118, 119, 120, 121, 123, 126]
Min Correction Subset: [56, 125]
Iter 28: 
Min Hitting Set: [40, 44, 48, 52, 100, 101, 103, 104, 105, 106, 109, 110, 111, 112, 113, 114, 116, 118, 119, 120, 121, 123, 125, 126]
Min Correction Subset: [21, 56]
Iter 29: 
Min Hitting Set: [21, 40, 44, 48, 52, 56, 100, 101, 103, 104, 105, 106, 109, 110, 111, 112, 113, 114, 116, 118, 119, 120, 121, 123, 126]
Min Correction Subset: [53, 125]
Iter 30: 
Min Hitting Set: [21, 40, 44, 48, 52, 100, 101, 103, 104, 105, 106, 109, 110, 111, 112, 113, 114, 116, 118, 119, 120, 121, 123, 125, 126]
Min Correction Subset: [56, 122]
Iter 31: 
Min Hitting Set: [40, 44, 48, 52, 56, 100, 101, 103, 104, 105, 106, 109, 110, 111, 112, 113, 114, 116, 118, 119, 120, 121, 123, 125, 126]
Min Correction Subset: [21, 53]
Iter 32: 
Min Hitting Set: [21, 40, 44, 48, 52, 53, 56, 100, 101, 103, 104, 105, 106, 109, 110, 111, 112, 113, 114, 116, 118, 119, 120, 121, 123, 126]
Min Correction Subset: [122, 125]
