IIS generation
Iter 1: 
Min Hitting Set: []
Min Correction Subset: [140]
Iter 2: 
Min Hitting Set: [140]
Min Correction Subset: [42]
Iter 3: 
Min Hitting Set: [42, 140]
Min Correction Subset: [11]
Iter 4: 
Min Hitting Set: [11, 42, 140]
Min Correction Subset: [16]
Iter 5: 
Min Hitting Set: [11, 16, 42, 140]
Min Correction Subset: [95]
Iter 6: 
Min Hitting Set: [11, 16, 42, 95, 140]
Min Correction Subset: [73]
Iter 7: 
Min Hitting Set: [11, 16, 42, 73, 95, 140]
Min Correction Subset: [92]
Iter 8: 
Min Hitting Set: [11, 16, 42, 73, 92, 95, 140]
Min Correction Subset: [3, 98]
Iter 9: 
Min Hitting Set: [3, 11, 16, 42, 73, 92, 95, 140]
Min Correction Subset: [24, 65]
Iter 10: 
Min Hitting Set: [3, 11, 16, 24, 42, 73, 92, 95, 140]
Min Correction Subset: [55, 66]
Iter 11: 
Min Hitting Set: [3, 11, 16, 24, 42, 55, 73, 92, 95, 140]
Min Correction Subset: [32, 44]
Iter 12: 
Min Hitting Set: [3, 11, 16, 24, 32, 42, 55, 73, 92, 95, 140]
Min Correction Subset: [59, 96]
Iter 13: 
Min Hitting Set: [3, 11, 16, 24, 32, 42, 55, 59, 73, 92, 95, 140]
Min Correction Subset: [65, 90]
Iter 14: 
Min Hitting Set: [3, 11, 16, 32, 42, 55, 59, 65, 73, 92, 95, 140]
Min Correction Subset: [24, 26]
Iter 15: 
Min Hitting Set: [3, 11, 16, 24, 32, 42, 55, 59, 65, 73, 92, 95, 140]
Min Correction Subset: [44, 83]
Iter 16: 
Min Hitting Set: [3, 11, 16, 24, 42, 44, 55, 59, 65, 73, 92, 95, 140]
Min Correction Subset: [53, 79]
Iter 17: 
Min Hitting Set: [3, 11, 16, 24, 42, 44, 53, 55, 59, 65, 73, 92, 95, 140]
Min Correction Subset: [79, 87]
Iter 18: 
Min Hitting Set: [3, 11, 16, 24, 42, 44, 55, 59, 65, 73, 79, 92, 95, 140]
Min Correction Subset: [43, 66]
Iter 19: 
Min Hitting Set: [3, 11, 16, 24, 42, 44, 59, 65, 66, 73, 79, 92, 95, 140]
Min Correction Subset: [26, 31]
Iter 20: 
Min Hitting Set: [3, 11, 16, 26, 42, 44, 59, 65, 66, 73, 79, 92, 95, 140]
Min Correction Subset: [24, 83]
Iter 21: 
Min Hitting Set: [3, 11, 16, 24, 26, 42, 44, 59, 65, 66, 73, 79, 92, 95, 140]
Min Correction Subset: [31, 83]
Iter 22: 
Min Hitting Set: [3, 11, 16, 24, 31, 42, 44, 59, 65, 66, 73, 79, 92, 95, 140]
Min Correction Subset: [41, 71]
Iter 23: 
Min Hitting Set: [3, 11, 16, 24, 31, 41, 42, 44, 59, 65, 66, 73, 79, 92, 95, 140]
Min Correction Subset: [32, 107]
Iter 24: 
Min Hitting Set: [3, 11, 16, 26, 32, 41, 42, 59, 65, 66, 73, 79, 83, 92, 95, 140]
Min Correction Subset: [24, 97]
Iter 25: 
Min Hitting Set: [3, 11, 16, 24, 31, 32, 41, 42, 59, 65, 66, 73, 79, 83, 92, 95, 140]
Min Correction Subset: [10, 44]
Iter 26: 
Min Hitting Set: [3, 11, 16, 24, 31, 32, 41, 42, 44, 59, 65, 66, 73, 79, 92, 95, 140]
Min Correction Subset: [13, 74]
Iter 27: 
Min Hitting Set: [3, 11, 13, 16, 24, 31, 32, 41, 42, 44, 59, 65, 66, 73, 79, 92, 95, 140]
Min Correction Subset: [81, 94]
Iter 28: 
Min Hitting Set: [3, 11, 13, 16, 24, 31, 32, 41, 42, 44, 59, 65, 66, 73, 79, 81, 92, 95, 140]
Min Correction Subset: [0, 52]
Iter 29: 
Min Hitting Set: [0, 3, 11, 13, 16, 24, 31, 32, 41, 42, 44, 59, 65, 66, 73, 79, 81, 92, 95, 140]
Min Correction Subset: [53, 97]
Instance: arbitrary-100-200-260000
----------------------------
Query: 9
Query element:54
Query element:75
Query scope: 9
Query scope: 10
Query scope: 12
Query scope: 15
Query scope: 24
Query scope: 41
Query scope: 42
Query scope: 55
Query scope: 68
Query scope: 97
Query scope: 98
Query scope: 106
Query scope: 114
Query scope: 117
Query scope: 119
Query scope: 123
Query scope: 124
Query scope: 168
Query scope: 171
Query scope: 185
Query scope: 189
Query scope: 13
Query scope: 17
Query scope: 19
Query scope: 59
Query scope: 64
Query scope: 92
Query scope: 110
Query scope: 115
Query scope: 127
Query scope: 150
Query scope: 162
Query scope: 182
Query scope: 193
Query scope: 197
----------------------------
IIS optimality: suboptimal
IIS solution time: 36062.310
IIS Constraint: 0; goods; {good:0}
IIS Constraint: 3; goods; {good:3}
IIS Constraint: 11; goods; {good:11}
IIS Constraint: 13; goods; {good:13}
IIS Constraint: 16; goods; {good:16}
IIS Constraint: 24; goods; {good:24}
IIS Constraint: 31; goods; {good:31}
IIS Constraint: 32; goods; {good:32}
IIS Constraint: 41; goods; {good:41}
IIS Constraint: 42; goods; {good:42}
IIS Constraint: 44; goods; {good:44}
IIS Constraint: 59; goods; {good:59}
IIS Constraint: 65; goods; {good:65}
IIS Constraint: 66; goods; {good:66}
IIS Constraint: 73; goods; {good:73}
IIS Constraint: 79; goods; {good:79}
IIS Constraint: 81; goods; {good:81}
IIS Constraint: 92; goods; {good:92}
IIS Constraint: 95; goods; {good:95}
IIS Constraint: 140; max; {f:5141.5057,objective:max}
