IIS generation
Iter 1: 
Min Hitting Set: []
Min Correction Subset: [179]
Iter 2: 
Min Hitting Set: [179]
Min Correction Subset: [15]
Iter 3: 
Min Hitting Set: [15, 179]
Min Correction Subset: [47]
Iter 4: 
Min Hitting Set: [15, 47, 179]
Min Correction Subset: [22]
Iter 5: 
Min Hitting Set: [15, 22, 47, 179]
Min Correction Subset: [0]
Iter 6: 
Min Hitting Set: [0, 15, 22, 47, 179]
Min Correction Subset: [91]
Iter 7: 
Min Hitting Set: [0, 15, 22, 47, 91, 179]
Min Correction Subset: [178]
Iter 8: 
Min Hitting Set: [0, 15, 22, 47, 91, 178, 179]
Min Correction Subset: [108]
Iter 9: 
Min Hitting Set: [0, 15, 22, 47, 91, 108, 178, 179]
Min Correction Subset: [25, 42]
Iter 10: 
Min Hitting Set: [0, 15, 22, 25, 47, 91, 108, 178, 179]
Min Correction Subset: [10, 11]
Iter 11: 
Min Hitting Set: [0, 10, 15, 22, 25, 47, 91, 108, 178, 179]
Min Correction Subset: [54, 87]
Iter 12: 
Min Hitting Set: [0, 10, 15, 22, 25, 47, 54, 91, 108, 178, 179]
Min Correction Subset: [87, 92]
Iter 13: 
Min Hitting Set: [0, 10, 15, 22, 25, 47, 87, 91, 108, 178, 179]
Min Correction Subset: [52, 54]
Iter 14: 
Min Hitting Set: [0, 10, 15, 22, 25, 47, 54, 87, 91, 108, 178, 179]
Min Correction Subset: [65, 92]
Iter 15: 
Min Hitting Set: [0, 10, 15, 22, 25, 47, 54, 91, 92, 108, 178, 179]
Min Correction Subset: [29, 52]
Iter 16: 
Min Hitting Set: [0, 10, 15, 22, 25, 47, 52, 54, 91, 92, 108, 178, 179]
Min Correction Subset: [21, 29]
Iter 17: 
Min Hitting Set: [0, 10, 15, 22, 25, 29, 47, 54, 91, 92, 108, 178, 179]
Min Correction Subset: [45, 87]
Iter 18: 
Min Hitting Set: [0, 10, 15, 22, 25, 29, 47, 52, 87, 91, 92, 108, 178, 179]
Min Correction Subset: [17, 54]
Iter 19: 
Min Hitting Set: [0, 10, 15, 22, 25, 29, 47, 54, 87, 91, 92, 108, 178, 179]
Min Correction Subset: [17, 64]
Iter 20: 
Min Hitting Set: [0, 10, 15, 17, 22, 25, 29, 47, 52, 87, 91, 92, 108, 178, 179]
Min Correction Subset: [64, 65]
Iter 21: 
Min Hitting Set: [0, 10, 15, 17, 22, 25, 29, 47, 54, 65, 87, 91, 108, 178, 179]
Min Correction Subset: [52, 61]
Iter 22: 
Min Hitting Set: [0, 10, 15, 17, 22, 25, 29, 47, 52, 65, 87, 91, 108, 178, 179]
Min Correction Subset: [42, 142]
Iter 23: 
Min Hitting Set: [0, 10, 15, 17, 22, 29, 42, 47, 52, 65, 87, 91, 108, 178, 179]
Min Correction Subset: [25, 64]
Iter 24: 
Min Hitting Set: [0, 10, 15, 17, 22, 29, 42, 47, 52, 64, 65, 87, 91, 108, 178, 179]
Min Correction Subset: [31, 73]
Iter 25: 
Min Hitting Set: [0, 10, 15, 17, 22, 29, 31, 42, 47, 52, 64, 65, 87, 91, 108, 178, 179]
Min Correction Subset: [41, 50]
Iter 26: 
Min Hitting Set: [0, 10, 15, 17, 22, 29, 31, 41, 42, 47, 52, 64, 65, 87, 91, 108, 178, 179]
Min Correction Subset: [25, 92]
Iter 27: 
Min Hitting Set: [0, 10, 15, 17, 22, 25, 29, 31, 41, 42, 47, 52, 65, 87, 91, 108, 178, 179]
Min Correction Subset: [23, 54]
Iter 28: 
Min Hitting Set: [0, 10, 15, 22, 29, 31, 41, 42, 47, 52, 54, 64, 87, 91, 92, 108, 178, 179]
Min Correction Subset: [102, 130]
Iter 29: 
Min Hitting Set: [0, 10, 15, 22, 29, 31, 41, 42, 47, 52, 54, 64, 87, 91, 92, 102, 108, 178, 179]
Min Correction Subset: [26, 65]
Iter 30: 
Min Hitting Set: [0, 10, 15, 22, 25, 29, 31, 41, 42, 47, 52, 54, 64, 65, 87, 91, 102, 108, 178, 179]
Min Correction Subset: [17, 50]
Iter 31: 
Min Hitting Set: [0, 10, 15, 22, 25, 29, 31, 42, 47, 50, 52, 54, 64, 65, 87, 91, 102, 108, 178, 179]
Min Correction Subset: [92, 125]
Iter 32: 
Min Hitting Set: [0, 10, 15, 22, 29, 31, 42, 47, 50, 52, 54, 64, 65, 87, 91, 92, 102, 108, 178, 179]
Min Correction Subset: [25, 45]
Iter 33: 
Min Hitting Set: [0, 10, 15, 22, 29, 31, 42, 45, 47, 50, 52, 54, 64, 65, 91, 92, 102, 108, 178, 179]
Min Correction Subset: [25, 87]
Iter 34: 
Min Hitting Set: [0, 10, 15, 22, 25, 29, 31, 42, 45, 47, 50, 52, 54, 64, 65, 91, 92, 102, 108, 178, 179]
Min Correction Subset: [17, 87]
Iter 35: 
Min Hitting Set: [0, 10, 15, 22, 29, 31, 42, 45, 47, 50, 52, 54, 64, 65, 87, 91, 92, 102, 108, 178, 179]
Min Correction Subset: [25, 79]
Iter 36: 
Min Hitting Set: [0, 10, 15, 17, 22, 25, 29, 31, 42, 47, 50, 52, 54, 65, 87, 91, 92, 102, 108, 178, 179]
Min Correction Subset: [61, 130]
Iter 37: 
Min Hitting Set: [0, 10, 15, 17, 22, 25, 29, 31, 42, 47, 50, 52, 54, 65, 87, 91, 92, 108, 130, 178, 179]
Min Correction Subset: [58, 61]
Iter 38: 
Min Hitting Set: [0, 10, 15, 17, 22, 25, 29, 31, 42, 47, 50, 54, 61, 65, 87, 91, 92, 108, 130, 178, 179]
Min Correction Subset: [45, 52]
Iter 39: 
Min Hitting Set: [0, 10, 15, 17, 22, 25, 29, 31, 42, 45, 47, 50, 54, 61, 65, 91, 92, 108, 130, 178, 179]
Min Correction Subset: [52, 87]
Iter 40: 
Min Hitting Set: [0, 10, 15, 17, 22, 25, 29, 31, 42, 45, 47, 50, 52, 54, 61, 65, 91, 92, 108, 130, 178, 179]
Min Correction Subset: [23, 64]
Iter 41: 
Min Hitting Set: [0, 10, 15, 22, 25, 29, 31, 42, 45, 47, 50, 54, 61, 64, 65, 87, 91, 92, 108, 130, 178, 179]
Min Correction Subset: [52, 104]
Iter 42: 
Min Hitting Set: [0, 10, 15, 17, 22, 23, 25, 29, 31, 42, 47, 50, 52, 61, 65, 87, 91, 92, 108, 130, 178, 179]
Min Correction Subset: [45, 64]
Iter 43: 
Min Hitting Set: [0, 10, 15, 22, 25, 29, 31, 42, 47, 50, 52, 54, 61, 64, 65, 87, 91, 92, 108, 130, 178, 179]
Min Correction Subset: [1, 102]
Iter 44: 
Min Hitting Set: [0, 10, 15, 22, 25, 29, 31, 42, 47, 50, 52, 54, 61, 64, 65, 87, 91, 92, 102, 108, 178, 179]
Min Correction Subset: [1, 21, 56]
Iter 45: 
Min Hitting Set: [0, 10, 15, 21, 22, 25, 31, 42, 47, 50, 52, 54, 61, 64, 65, 87, 91, 92, 102, 108, 178, 179]
Min Correction Subset: [29, 45]
Iter 46: 
Min Hitting Set: [0, 10, 15, 21, 22, 25, 31, 42, 45, 47, 50, 52, 54, 61, 64, 65, 87, 91, 92, 102, 108, 178, 179]
Min Correction Subset: [11, 30, 73]
Iter 47: 
Min Hitting Set: [0, 11, 15, 21, 22, 25, 42, 45, 47, 50, 52, 54, 61, 64, 65, 73, 87, 91, 92, 102, 108, 178, 179]
Min Correction Subset: [10, 31]
Iter 48: 
Min Hitting Set: [0, 11, 15, 21, 22, 25, 31, 42, 45, 47, 50, 52, 54, 61, 64, 65, 87, 91, 92, 102, 108, 178, 179]
Min Correction Subset: [16, 74, 75]
Iter 49: 
Min Hitting Set: [0, 11, 15, 16, 21, 22, 25, 31, 42, 45, 47, 50, 52, 54, 61, 64, 65, 87, 91, 92, 102, 108, 178, 179]
Min Correction Subset: [23, 35, 79]
Iter 50: 
Min Hitting Set: [0, 11, 15, 16, 21, 22, 31, 42, 45, 47, 50, 52, 54, 61, 64, 65, 79, 87, 91, 92, 102, 108, 178, 179]
Min Correction Subset: [23, 25]
Iter 51: 
Min Hitting Set: [0, 11, 15, 16, 17, 21, 22, 23, 25, 31, 42, 45, 47, 50, 52, 54, 61, 65, 91, 92, 102, 108, 178, 179]
Min Correction Subset: [64, 87]
Iter 52: 
Min Hitting Set: [0, 11, 15, 16, 17, 21, 22, 23, 25, 31, 42, 45, 47, 50, 52, 61, 65, 87, 91, 92, 102, 108, 178, 179]
Min Correction Subset: [54, 64]
Iter 53: 
Min Hitting Set: [0, 11, 15, 16, 21, 22, 25, 31, 42, 45, 47, 50, 52, 54, 61, 64, 65, 79, 87, 91, 92, 102, 108, 178, 179]
Min Correction Subset: [17, 23, 29]
Iter 54: 
Min Hitting Set: [0, 11, 15, 16, 21, 22, 23, 25, 31, 42, 45, 47, 50, 52, 54, 61, 64, 65, 87, 91, 92, 102, 108, 178, 179]
Min Correction Subset: [17, 79, 177]
Iter 55: 
Min Hitting Set: [0, 11, 15, 16, 21, 22, 25, 29, 31, 42, 47, 50, 52, 54, 61, 64, 65, 79, 87, 91, 92, 102, 108, 178, 179]
Min Correction Subset: [45, 74, 75]
Iter 56: 
Min Hitting Set: [0, 11, 15, 21, 22, 25, 29, 31, 42, 47, 50, 52, 54, 61, 64, 65, 75, 79, 87, 91, 92, 102, 108, 178, 179]
Min Correction Subset: [23, 37, 45]
Iter 57: 
Min Hitting Set: [0, 11, 15, 17, 21, 22, 25, 31, 42, 45, 47, 50, 52, 54, 61, 64, 65, 75, 79, 91, 92, 102, 108, 178, 179]
Min Correction Subset: [23, 87]
Iter 58: 
Min Hitting Set: [0, 11, 15, 17, 21, 22, 23, 25, 31, 42, 45, 47, 50, 52, 61, 64, 65, 75, 87, 91, 92, 102, 108, 178, 179]
Min Correction Subset: [8, 54]
Iter 59: 
Min Hitting Set: [0, 11, 15, 21, 22, 23, 31, 42, 45, 47, 50, 52, 54, 61, 64, 65, 75, 79, 87, 91, 92, 102, 108, 178, 179]
Min Correction Subset: [25, 35]
Iter 60: 
Min Hitting Set: [0, 11, 15, 17, 21, 22, 23, 25, 31, 42, 45, 47, 50, 52, 54, 61, 65, 75, 87, 91, 92, 102, 108, 178, 179]
Min Correction Subset: [29, 64]
Iter 61: 
Min Hitting Set: [0, 11, 15, 17, 21, 22, 23, 25, 31, 42, 45, 47, 50, 52, 54, 61, 64, 65, 75, 91, 92, 102, 108, 178, 179]
Min Correction Subset: [29, 87]
Iter 62: 
Min Hitting Set: [0, 11, 15, 21, 22, 25, 29, 31, 42, 45, 47, 50, 52, 54, 61, 64, 65, 75, 79, 87, 91, 92, 102, 108, 178, 179]
Min Correction Subset: [1, 30, 56]
Iter 63: 
Min Hitting Set: [0, 1, 11, 15, 22, 25, 29, 31, 42, 45, 47, 50, 52, 54, 61, 64, 65, 75, 79, 87, 91, 92, 102, 108, 178, 179]
Min Correction Subset: [17, 21, 98]
Iter 64: 
Min Hitting Set: [0, 1, 11, 15, 17, 22, 23, 25, 29, 31, 42, 47, 50, 52, 54, 61, 64, 65, 75, 87, 91, 92, 102, 108, 178, 179]
Min Correction Subset: [8, 45, 79]
Iter 65: 
Min Hitting Set: [0, 1, 8, 11, 15, 17, 22, 23, 25, 29, 31, 42, 47, 50, 52, 61, 64, 65, 75, 87, 91, 92, 102, 108, 178, 179]
Min Correction Subset: [45, 54]
Iter 66: 
Min Hitting Set: [0, 1, 11, 15, 17, 22, 23, 25, 29, 31, 42, 45, 47, 50, 52, 54, 61, 64, 65, 75, 91, 92, 102, 108, 178, 179]
Min Correction Subset: [40, 87]
Iter 67: 
Min Hitting Set: [0, 1, 11, 15, 17, 22, 23, 25, 29, 31, 42, 45, 47, 50, 52, 54, 61, 65, 75, 87, 91, 92, 102, 108, 178, 179]
Min Correction Subset: [8, 64]
Iter 68: 
Min Hitting Set: [0, 1, 11, 15, 21, 22, 25, 29, 31, 42, 45, 47, 50, 52, 54, 61, 64, 65, 75, 79, 87, 91, 92, 102, 108, 178, 179]
Min Correction Subset: [17, 23, 74]
Iter 69: 
Min Hitting Set: [0, 1, 11, 15, 21, 22, 25, 29, 31, 42, 45, 47, 50, 52, 54, 61, 64, 65, 74, 79, 87, 91, 92, 102, 108, 178, 179]
Min Correction Subset: [16, 51, 75]
Iter 70: 
Min Hitting Set: [0, 1, 11, 15, 21, 22, 23, 25, 31, 42, 45, 47, 50, 52, 54, 61, 64, 65, 75, 79, 87, 91, 92, 102, 108, 178, 179]
Min Correction Subset: [17, 51, 117]
Iter 71: 
Min Hitting Set: [0, 1, 11, 15, 17, 22, 25, 29, 31, 42, 45, 47, 50, 52, 54, 61, 64, 65, 75, 79, 87, 91, 92, 102, 108, 178, 179]
Min Correction Subset: [8, 21, 51]
Iter 72: 
Min Hitting Set: [0, 1, 11, 15, 17, 21, 22, 25, 31, 42, 45, 47, 50, 52, 54, 61, 64, 65, 75, 79, 87, 91, 92, 102, 108, 178, 179]
Min Correction Subset: [23, 29, 37]
Iter 73: 
Min Hitting Set: [0, 1, 11, 15, 17, 21, 22, 23, 25, 31, 42, 45, 47, 50, 52, 54, 61, 64, 65, 75, 87, 91, 92, 102, 108, 178, 179]
Min Correction Subset: [8, 35, 79]
Iter 74: 
Min Hitting Set: [0, 1, 8, 11, 15, 17, 22, 23, 25, 29, 31, 42, 47, 50, 52, 54, 61, 64, 65, 75, 87, 91, 92, 102, 108, 178, 179]
Min Correction Subset: [35, 45, 79]
Iter 75: 
Min Hitting Set: [0, 1, 8, 11, 15, 17, 22, 23, 25, 29, 31, 42, 45, 47, 50, 52, 61, 64, 65, 75, 87, 91, 92, 102, 108, 178, 179]
Min Correction Subset: [54, 79]
Iter 76: 
Min Hitting Set: [0, 1, 8, 11, 15, 17, 22, 23, 25, 29, 31, 42, 45, 47, 50, 52, 54, 61, 65, 75, 87, 91, 92, 102, 108, 178, 179]
Min Correction Subset: [7, 64]
Iter 77: 
Min Hitting Set: [0, 1, 11, 15, 17, 21, 22, 25, 29, 31, 42, 45, 47, 50, 52, 54, 61, 64, 65, 75, 79, 87, 91, 92, 102, 108, 178, 179]
Min Correction Subset: [23, 41, 140]
Iter 78: 
Min Hitting Set: [0, 1, 11, 15, 17, 21, 22, 25, 29, 31, 41, 42, 45, 47, 52, 54, 61, 64, 65, 75, 79, 87, 91, 92, 102, 108, 178, 179]
Min Correction Subset: [7, 50]
Iter 79: 
Min Hitting Set: [0, 1, 11, 15, 17, 21, 22, 23, 31, 35, 42, 45, 47, 50, 52, 54, 61, 64, 65, 75, 79, 87, 91, 92, 102, 108, 178, 179]
Min Correction Subset: [25, 29]
Iter 80: 
Min Hitting Set: [0, 1, 11, 15, 21, 22, 23, 25, 31, 42, 45, 47, 50, 51, 52, 54, 61, 64, 65, 75, 79, 87, 91, 92, 102, 108, 178, 179]
Min Correction Subset: [17, 29, 35]
Iter 81: 
Min Hitting Set: [0, 1, 11, 15, 17, 21, 22, 23, 25, 31, 42, 45, 47, 50, 52, 54, 61, 64, 65, 75, 79, 87, 91, 92, 102, 108, 178, 179]
Min Correction Subset: [8, 29, 35]
Iter 82: 
Min Hitting Set: [0, 1, 11, 15, 17, 21, 22, 23, 25, 29, 31, 42, 47, 50, 52, 54, 61, 64, 65, 75, 79, 87, 91, 92, 102, 108, 178, 179]
Min Correction Subset: [8, 45, 177]
Iter 83: 
Min Hitting Set: [0, 1, 8, 11, 15, 17, 22, 23, 25, 29, 31, 35, 42, 47, 50, 52, 54, 61, 64, 65, 75, 87, 91, 92, 102, 108, 178, 179]
Min Correction Subset: [19, 45, 177]
Iter 84: 
Min Hitting Set: [0, 1, 8, 11, 15, 17, 22, 23, 25, 29, 31, 42, 45, 47, 50, 52, 54, 61, 64, 65, 75, 87, 91, 92, 102, 108, 178, 179]
Min Correction Subset: [37, 41, 79, 177]
Iter 85: 
Min Hitting Set: [0, 1, 7, 8, 11, 15, 17, 22, 23, 25, 29, 31, 41, 42, 45, 47, 52, 54, 61, 65, 75, 87, 91, 92, 102, 108, 178, 179]
Min Correction Subset: [64, 79]
Iter 86: 
Min Hitting Set: [0, 1, 8, 11, 15, 17, 22, 23, 25, 29, 31, 42, 45, 47, 50, 52, 61, 64, 65, 75, 79, 87, 91, 92, 102, 108, 178, 179]
Min Correction Subset: [37, 54]
Iter 87: 
Min Hitting Set: [0, 1, 11, 15, 21, 22, 23, 25, 29, 31, 42, 45, 47, 50, 51, 52, 54, 61, 64, 65, 75, 79, 87, 91, 92, 102, 108, 178, 179]
Min Correction Subset: [17, 74, 77]
Iter 88: 
Min Hitting Set: [0, 1, 11, 15, 21, 22, 25, 29, 31, 41, 42, 45, 47, 50, 51, 52, 54, 61, 64, 65, 74, 79, 87, 91, 92, 102, 108, 178, 179]
Min Correction Subset: [17, 23, 123]
Iter 89: 
Min Hitting Set: [0, 1, 11, 15, 21, 22, 23, 29, 31, 35, 42, 45, 47, 50, 51, 52, 54, 61, 64, 65, 74, 79, 87, 91, 92, 102, 108, 178, 179]
Min Correction Subset: [17, 25]
Iter 90: 
Min Hitting Set: [0, 1, 11, 15, 17, 21, 22, 25, 29, 31, 41, 42, 45, 47, 50, 52, 54, 61, 64, 65, 75, 79, 87, 91, 92, 102, 108, 178, 179]
Min Correction Subset: [8, 23, 35, 37]
Iter 91: 
Min Hitting Set: [0, 1, 11, 15, 17, 21, 22, 23, 25, 29, 31, 42, 45, 47, 50, 52, 54, 61, 64, 65, 75, 79, 87, 91, 92, 102, 108, 178, 179]
Min Correction Subset: [19, 74, 77, 177]
Iter 92: 
Min Hitting Set: [0, 1, 11, 15, 21, 22, 23, 25, 31, 35, 42, 45, 47, 50, 51, 52, 54, 61, 64, 65, 74, 87, 91, 92, 102, 108, 177, 178, 179]
Min Correction Subset: [17, 79, 123]
Iter 93: 
Min Hitting Set: [0, 1, 11, 15, 21, 22, 23, 25, 31, 35, 42, 45, 47, 50, 51, 52, 54, 61, 64, 65, 74, 79, 87, 91, 92, 102, 108, 178, 179]
Min Correction Subset: [17, 29, 177]
Iter 94: 
Min Hitting Set: [0, 1, 11, 15, 17, 22, 23, 29, 31, 35, 42, 45, 47, 50, 51, 52, 54, 61, 64, 65, 74, 79, 87, 91, 92, 102, 108, 178, 179]
Min Correction Subset: [25, 71, 103]
Iter 95: 
Min Hitting Set: [0, 1, 11, 15, 21, 22, 23, 25, 29, 31, 47, 50, 51, 52, 54, 61, 64, 65, 74, 79, 87, 91, 92, 102, 108, 142, 177, 178, 179]
Min Correction Subset: [7, 42]
Iter 96: 
Min Hitting Set: [0, 1, 11, 15, 21, 22, 23, 25, 29, 31, 42, 47, 50, 51, 52, 54, 61, 64, 65, 74, 79, 87, 91, 92, 102, 108, 177, 178, 179]
Min Correction Subset: [17, 45, 98]
Iter 97: 
Min Hitting Set: [0, 1, 11, 15, 21, 22, 23, 25, 29, 31, 42, 45, 47, 50, 51, 52, 54, 61, 64, 65, 74, 79, 87, 91, 92, 102, 108, 178, 179]
Min Correction Subset: [7, 17, 123, 177]
Iter 98: 
Min Hitting Set: [0, 1, 8, 11, 15, 17, 22, 23, 25, 29, 31, 35, 42, 47, 50, 52, 54, 61, 64, 65, 75, 87, 91, 92, 102, 108, 177, 178, 179]
Min Correction Subset: [21, 45, 74]
Iter 99: 
Min Hitting Set: [0, 1, 8, 11, 15, 17, 22, 23, 25, 29, 31, 42, 45, 47, 50, 52, 54, 61, 64, 65, 75, 87, 91, 92, 102, 108, 177, 178, 179]
Min Correction Subset: [19, 21, 56, 95]
Iter 100: 
Min Hitting Set: [0, 8, 11, 15, 17, 22, 23, 25, 29, 31, 42, 45, 47, 50, 52, 54, 56, 61, 64, 65, 75, 87, 91, 92, 102, 108, 177, 178, 179]
Min Correction Subset: [1, 21, 38]
Iter 101: 
Min Hitting Set: [0, 1, 11, 15, 17, 21, 22, 23, 25, 29, 31, 42, 47, 50, 52, 54, 61, 64, 65, 75, 79, 87, 91, 92, 102, 108, 177, 178, 179]
Min Correction Subset: [8, 35, 45]
Iter 102: 
Min Hitting Set: [0, 1, 8, 11, 15, 17, 21, 22, 23, 25, 31, 42, 45, 47, 50, 52, 54, 61, 64, 65, 75, 87, 91, 92, 102, 108, 177, 178, 179]
Min Correction Subset: [29, 35, 79]
Iter 103: 
Min Hitting Set: [0, 1, 11, 15, 17, 21, 22, 23, 25, 31, 35, 42, 45, 47, 50, 52, 54, 61, 64, 65, 75, 87, 91, 92, 102, 108, 177, 178, 179]
Min Correction Subset: [8, 29, 79]
Iter 104: 
Min Hitting Set: [0, 11, 15, 17, 21, 22, 23, 25, 29, 31, 42, 45, 47, 50, 52, 54, 56, 61, 64, 65, 74, 75, 79, 87, 91, 92, 102, 108, 178, 179]
Min Correction Subset: [1, 16, 51]
Iter 105: 
Min Hitting Set: [0, 11, 15, 17, 21, 22, 23, 25, 29, 31, 42, 45, 47, 50, 51, 52, 54, 56, 61, 64, 65, 74, 79, 87, 91, 92, 102, 108, 178, 179]
Min Correction Subset: [1, 14, 16, 39]
Iter 106: 
Min Hitting Set: [0, 11, 15, 16, 17, 21, 22, 23, 25, 29, 31, 42, 45, 47, 50, 52, 54, 56, 61, 64, 65, 74, 79, 87, 91, 92, 102, 108, 178, 179]
Min Correction Subset: [1, 39, 51]
Iter 107: 
Min Hitting Set: [0, 1, 8, 11, 15, 17, 21, 22, 23, 25, 29, 31, 35, 42, 47, 50, 52, 54, 61, 64, 65, 75, 87, 91, 92, 102, 108, 177, 178, 179]
Min Correction Subset: [7, 45, 97, 123]
Iter 108: 
Min Hitting Set: [0, 1, 8, 11, 15, 17, 22, 23, 25, 29, 31, 42, 45, 47, 50, 52, 54, 56, 61, 64, 65, 75, 87, 91, 92, 102, 108, 177, 178, 179]
Min Correction Subset: [35, 37, 41, 79]
Iter 109: 
Min Hitting Set: [0, 1, 11, 15, 17, 21, 22, 23, 25, 29, 31, 42, 45, 47, 50, 52, 54, 61, 64, 65, 74, 75, 79, 87, 91, 92, 102, 108, 178, 179]
Min Correction Subset: [19, 51, 117, 177]
Iter 110: 
Min Hitting Set: [0, 1, 7, 8, 11, 15, 16, 17, 19, 22, 23, 25, 29, 31, 42, 45, 47, 50, 52, 54, 61, 65, 79, 87, 91, 92, 102, 108, 178, 179]
Min Correction Subset: [37, 64]
Iter 111: 
Min Hitting Set: [0, 1, 11, 15, 17, 21, 22, 25, 29, 31, 35, 41, 42, 45, 47, 50, 51, 52, 54, 61, 64, 65, 74, 87, 91, 92, 102, 108, 178, 179]
Min Correction Subset: [23, 79, 177]
Iter 112: 
Min Hitting Set: [0, 1, 11, 15, 17, 21, 22, 23, 25, 29, 31, 42, 45, 47, 50, 52, 54, 61, 64, 65, 75, 79, 87, 91, 92, 102, 108, 177, 178, 179]
Min Correction Subset: [8, 19, 35, 74, 77]
Iter 113: 
Min Hitting Set: [0, 1, 11, 15, 17, 19, 21, 22, 23, 25, 29, 31, 42, 45, 47, 50, 52, 54, 61, 64, 65, 75, 79, 87, 91, 92, 102, 108, 178, 179]
Min Correction Subset: [7, 37, 97, 123, 177]
Iter 114: 
Min Hitting Set: [0, 1, 8, 11, 15, 16, 17, 19, 22, 23, 25, 29, 31, 37, 42, 45, 47, 50, 52, 61, 64, 65, 79, 87, 91, 92, 102, 108, 178, 179]
Min Correction Subset: [21, 54]
Iter 115: 
Min Hitting Set: [0, 1, 8, 11, 15, 17, 21, 22, 23, 25, 31, 42, 45, 47, 50, 52, 54, 61, 64, 65, 75, 79, 87, 91, 92, 102, 108, 177, 178, 179]
Min Correction Subset: [29, 35, 41]
Iter 116: 
Min Hitting Set: [0, 1, 11, 15, 17, 21, 22, 23, 25, 31, 35, 42, 45, 47, 50, 52, 54, 61, 64, 65, 75, 79, 87, 91, 92, 102, 108, 177, 178, 179]
Min Correction Subset: [7, 29, 97, 123]
Iter 117: 
Min Hitting Set: [0, 1, 11, 15, 21, 22, 23, 25, 29, 31, 42, 45, 47, 50, 51, 52, 54, 61, 64, 65, 74, 79, 87, 91, 92, 102, 108, 177, 178, 179]
Min Correction Subset: [17, 19, 35, 98]
Iter 118: 
Min Hitting Set: [0, 1, 7, 8, 11, 15, 17, 19, 22, 23, 25, 29, 31, 41, 42, 45, 47, 52, 54, 61, 64, 65, 75, 87, 91, 92, 102, 108, 178, 179]
Min Correction Subset: [35, 50, 79]
Iter 119: 
Min Hitting Set: [0, 1, 7, 11, 15, 17, 21, 22, 25, 29, 31, 35, 41, 42, 45, 47, 52, 54, 61, 64, 65, 75, 87, 91, 92, 102, 108, 177, 178, 179]
Min Correction Subset: [23, 50, 79]
Iter 120: 
Min Hitting Set: [0, 1, 10, 15, 17, 21, 22, 25, 29, 35, 41, 42, 45, 47, 50, 52, 54, 61, 64, 65, 73, 75, 87, 91, 92, 102, 108, 177, 178, 179]
Min Correction Subset: [23, 31, 79]
Iter 121: 
Min Hitting Set: [0, 1, 7, 8, 11, 15, 17, 19, 22, 25, 29, 31, 41, 42, 45, 47, 52, 54, 61, 64, 65, 75, 79, 87, 91, 92, 102, 108, 178, 179]
Min Correction Subset: [23, 35, 50]
Iter 122: 
Min Hitting Set: [0, 1, 10, 15, 17, 21, 22, 23, 25, 29, 35, 42, 45, 47, 50, 52, 54, 61, 64, 65, 73, 75, 87, 91, 92, 102, 108, 177, 178, 179]
Min Correction Subset: [8, 31, 79]
Iter 123: 
Min Hitting Set: [0, 1, 11, 15, 16, 17, 21, 22, 23, 25, 29, 31, 35, 42, 45, 47, 50, 52, 54, 61, 64, 65, 87, 91, 92, 102, 108, 177, 178, 179]
Min Correction Subset: [5, 74, 75]
Iter 124: 
Min Hitting Set: [0, 1, 8, 10, 15, 17, 19, 22, 23, 25, 29, 37, 42, 45, 47, 50, 52, 54, 61, 64, 65, 73, 75, 87, 91, 92, 102, 108, 178, 179]
Min Correction Subset: [31, 35, 79]
Iter 125: 
Min Hitting Set: [0, 1, 11, 15, 17, 21, 22, 25, 29, 31, 35, 41, 42, 45, 47, 50, 52, 54, 61, 64, 65, 75, 87, 91, 92, 102, 108, 177, 178, 179]
Min Correction Subset: [7, 23, 79, 140]
Iter 126: 
Min Hitting Set: [0, 1, 8, 11, 15, 17, 19, 22, 23, 25, 29, 31, 37, 42, 45, 47, 50, 52, 54, 61, 64, 65, 75, 87, 91, 92, 102, 108, 178, 179]
Min Correction Subset: [21, 39, 74, 77]
Iter 127: 
Min Hitting Set: [0, 1, 11, 15, 17, 21, 22, 23, 25, 29, 31, 35, 42, 45, 47, 50, 52, 54, 61, 64, 65, 75, 87, 91, 92, 102, 108, 177, 178, 179]
Min Correction Subset: [7, 79, 97, 123]
Iter 128: 
Min Hitting Set: [0, 1, 11, 15, 21, 22, 23, 25, 29, 31, 35, 42, 45, 47, 50, 51, 52, 54, 61, 64, 65, 74, 79, 87, 91, 92, 102, 108, 177, 178, 179]
Min Correction Subset: [17, 30, 56, 123]
Iter 129: 
Min Hitting Set: [0, 1, 7, 10, 15, 17, 19, 22, 25, 29, 35, 41, 42, 45, 47, 51, 52, 54, 61, 64, 65, 73, 74, 79, 87, 91, 92, 102, 108, 178, 179]
Min Correction Subset: [21, 31, 50]
Iter 130: 
Min Hitting Set: [0, 1, 10, 15, 21, 22, 23, 25, 35, 42, 45, 47, 50, 51, 52, 54, 61, 64, 65, 73, 74, 79, 87, 91, 92, 102, 108, 123, 177, 178, 179]
Min Correction Subset: [29, 31]
Iter 131: 
Min Hitting Set: [0, 1, 11, 15, 17, 21, 22, 23, 25, 29, 31, 42, 45, 47, 50, 51, 52, 54, 61, 64, 65, 74, 79, 87, 91, 92, 102, 108, 123, 178, 179]
Min Correction Subset: [16, 75, 117, 177]
Iter 132: 
Min Hitting Set: [0, 1, 10, 15, 17, 22, 23, 25, 29, 42, 45, 47, 50, 51, 52, 54, 56, 61, 64, 65, 73, 74, 79, 87, 91, 92, 102, 108, 177, 178, 179]
Min Correction Subset: [8, 31, 35]
Iter 133: 
Min Hitting Set: [0, 1, 11, 15, 17, 21, 22, 23, 25, 29, 31, 35, 42, 45, 47, 50, 52, 54, 61, 64, 65, 75, 79, 87, 91, 92, 102, 108, 177, 178, 179]
Min Correction Subset: [7, 74, 77, 97, 123]
Iter 134: 
Min Hitting Set: [0, 1, 7, 8, 10, 15, 16, 17, 19, 22, 23, 25, 29, 42, 47, 50, 52, 54, 61, 64, 65, 73, 74, 79, 87, 91, 92, 102, 108, 178, 179]
Min Correction Subset: [31, 45]
Iter 135: 
Min Hitting Set: [0, 1, 11, 15, 17, 22, 23, 25, 29, 31, 42, 45, 47, 50, 51, 52, 54, 56, 61, 64, 65, 74, 79, 87, 91, 92, 102, 108, 177, 178, 179]
Min Correction Subset: [8, 9, 21, 98]
Iter 136: 
Min Hitting Set: [0, 1, 8, 11, 15, 17, 21, 22, 23, 25, 29, 31, 35, 42, 47, 50, 52, 54, 61, 64, 65, 75, 87, 91, 92, 102, 108, 123, 177, 178, 179]
Min Correction Subset: [19, 20, 45, 79]
Iter 137: 
Min Hitting Set: [0, 1, 7, 11, 15, 17, 21, 22, 25, 29, 31, 35, 41, 42, 45, 47, 52, 54, 61, 64, 65, 75, 79, 87, 91, 92, 102, 108, 177, 178, 179]
Min Correction Subset: [8, 23, 50]
Iter 138: 
Min Hitting Set: [0, 1, 11, 15, 17, 21, 22, 23, 25, 29, 31, 35, 42, 45, 47, 50, 52, 54, 61, 64, 65, 75, 87, 91, 92, 102, 108, 123, 177, 178, 179]
Min Correction Subset: [8, 19, 74, 77, 79]
Iter 139: 
Min Hitting Set: [0, 1, 11, 15, 17, 19, 21, 22, 23, 25, 29, 31, 42, 45, 47, 50, 52, 54, 61, 64, 65, 75, 79, 87, 91, 92, 102, 108, 123, 178, 179]
Min Correction Subset: [8, 35, 39, 51, 117]
Iter 140: 
Min Hitting Set: [0, 1, 8, 11, 15, 17, 19, 21, 22, 23, 25, 29, 31, 42, 47, 50, 52, 54, 61, 64, 65, 75, 79, 87, 91, 92, 102, 108, 123, 178, 179]
Min Correction Subset: [41, 45, 177]
Iter 141: 
Min Hitting Set: [0, 1, 8, 11, 15, 17, 21, 22, 23, 25, 29, 31, 42, 47, 50, 52, 54, 61, 64, 65, 75, 79, 87, 91, 92, 102, 108, 123, 177, 178, 179]
Min Correction Subset: [35, 37, 45]
Iter 142: 
Min Hitting Set: [0, 1, 8, 11, 15, 17, 21, 22, 23, 25, 31, 35, 42, 45, 47, 50, 52, 54, 61, 64, 65, 75, 87, 91, 92, 102, 108, 123, 177, 178, 179]
Min Correction Subset: [29, 41, 79]
Iter 143: 
Min Hitting Set: [0, 1, 7, 11, 15, 17, 19, 21, 22, 23, 25, 29, 31, 35, 41, 42, 45, 47, 52, 54, 61, 64, 65, 75, 87, 91, 92, 102, 108, 178, 179]
Min Correction Subset: [8, 50, 79]
Iter 144: 
Min Hitting Set: [0, 1, 11, 15, 17, 21, 22, 23, 25, 31, 35, 42, 45, 47, 50, 52, 54, 61, 64, 65, 75, 79, 87, 91, 92, 102, 108, 123, 177, 178, 179]
Min Correction Subset: [8, 29, 37, 41]
Iter 145: 
Min Hitting Set: [0, 1, 11, 15, 17, 21, 22, 23, 25, 29, 31, 42, 45, 47, 50, 51, 52, 54, 61, 64, 65, 74, 79, 87, 91, 92, 102, 108, 177, 178, 179]
Min Correction Subset: [16, 35, 75, 117]
Iter 146: 
Min Hitting Set: [0, 1, 11, 15, 17, 21, 22, 23, 25, 29, 31, 35, 42, 47, 50, 52, 54, 61, 64, 65, 75, 79, 87, 91, 92, 102, 108, 123, 177, 178, 179]
Min Correction Subset: [8, 39, 45, 74]
Iter 147: 
Min Hitting Set: [0, 1, 7, 8, 11, 15, 17, 19, 21, 22, 23, 25, 31, 41, 42, 45, 47, 52, 54, 61, 64, 65, 75, 79, 87, 91, 92, 102, 108, 178, 179]
Min Correction Subset: [29, 50]
Iter 148: 
Min Hitting Set: [0, 1, 7, 8, 11, 15, 17, 19, 21, 22, 23, 25, 29, 31, 35, 41, 42, 47, 52, 54, 61, 64, 65, 75, 87, 91, 92, 102, 108, 178, 179]
Min Correction Subset: [45, 50]
Iter 149: 
Min Hitting Set: [0, 1, 11, 15, 21, 22, 23, 25, 29, 31, 35, 42, 45, 47, 50, 51, 52, 54, 61, 64, 65, 74, 87, 91, 92, 102, 108, 123, 177, 178, 179]
Min Correction Subset: [8, 17, 37, 79]
Iter 150: 
Min Hitting Set: [0, 1, 11, 15, 19, 22, 23, 25, 29, 31, 35, 42, 47, 50, 51, 52, 54, 61, 64, 65, 74, 79, 87, 91, 92, 98, 102, 108, 123, 177, 178, 179]
Min Correction Subset: [17, 21, 38]
Iter 151: 
Min Hitting Set: [0, 11, 15, 16, 21, 22, 25, 29, 31, 35, 41, 42, 45, 47, 50, 51, 52, 54, 56, 61, 64, 65, 74, 79, 87, 91, 92, 102, 108, 123, 178, 179]
Min Correction Subset: [17, 23, 140]
Iter 152: 
Min Hitting Set: [0, 1, 11, 15, 21, 22, 23, 25, 29, 31, 35, 42, 47, 50, 51, 52, 54, 61, 64, 65, 74, 79, 87, 91, 92, 98, 102, 108, 123, 177, 178, 179]
Min Correction Subset: [45, 75, 117]
Iter 153: 
Min Hitting Set: [0, 1, 11, 15, 17, 21, 22, 25, 31, 35, 37, 41, 42, 45, 47, 50, 52, 54, 61, 64, 65, 75, 79, 87, 91, 92, 102, 108, 123, 177, 178, 179]
Min Correction Subset: [8, 23, 29]
Iter 154: 
Min Hitting Set: [0, 1, 8, 11, 15, 17, 21, 22, 25, 31, 37, 41, 42, 45, 47, 50, 52, 54, 61, 64, 65, 75, 79, 87, 91, 92, 102, 108, 123, 177, 178, 179]
Min Correction Subset: [23, 29, 35]
Iter 155: 
Min Hitting Set: [0, 1, 8, 11, 15, 17, 19, 22, 23, 25, 29, 31, 39, 42, 45, 47, 50, 52, 54, 61, 64, 65, 75, 79, 87, 91, 92, 102, 108, 123, 178, 179]
Min Correction Subset: [21, 38, 74, 77]
Iter 156: 
Min Hitting Set: [0, 1, 11, 15, 21, 22, 23, 25, 31, 35, 41, 42, 45, 47, 50, 51, 52, 54, 61, 64, 65, 74, 79, 87, 91, 92, 102, 108, 123, 177, 178, 179]
Min Correction Subset: [8, 17, 29]
Iter 157: 
Min Hitting Set: [0, 1, 11, 15, 21, 22, 23, 25, 29, 31, 35, 42, 45, 47, 50, 51, 52, 54, 61, 64, 65, 74, 79, 87, 91, 92, 102, 108, 123, 177, 178, 179]
Min Correction Subset: [8, 9, 17, 98]
Iter 158: 
Min Hitting Set: [0, 11, 15, 16, 17, 21, 22, 25, 29, 31, 37, 41, 42, 45, 47, 50, 51, 52, 54, 56, 61, 64, 65, 74, 79, 87, 91, 92, 102, 108, 178, 179]
Min Correction Subset: [1, 14, 23, 39]
Iter 159: 
Min Hitting Set: [0, 1, 8, 11, 15, 17, 21, 22, 23, 25, 31, 35, 42, 45, 47, 50, 52, 54, 61, 64, 65, 75, 79, 87, 91, 92, 102, 108, 123, 177, 178, 179]
Min Correction Subset: [29, 37, 51, 117]
Iter 160: 
Min Hitting Set: [0, 1, 11, 15, 17, 21, 22, 23, 25, 29, 31, 35, 39, 42, 47, 50, 52, 54, 61, 64, 65, 75, 79, 87, 91, 92, 102, 108, 123, 177, 178, 179]
Min Correction Subset: [16, 45, 51, 117]
Iter 161: 
Min Hitting Set: [0, 1, 7, 8, 11, 15, 17, 19, 21, 22, 25, 29, 31, 35, 41, 42, 45, 47, 52, 54, 61, 64, 65, 75, 79, 87, 91, 92, 102, 108, 178, 179]
Min Correction Subset: [23, 50, 177]
Instance: paths-100-200-450000
----------------------------
Query: 3
Query element:60
Query element:6
Query scope: 60
Query scope: 6
----------------------------
IIS optimality: suboptimal
IIS solution time: 36078.103
IIS Constraint: 0; goods; {good:0}
IIS Constraint: 1; goods; {good:1}
IIS Constraint: 7; goods; {good:7}
IIS Constraint: 8; goods; {good:8}
IIS Constraint: 11; goods; {good:11}
IIS Constraint: 15; goods; {good:15}
IIS Constraint: 17; goods; {good:17}
IIS Constraint: 19; goods; {good:19}
IIS Constraint: 21; goods; {good:21}
IIS Constraint: 22; goods; {good:22}
IIS Constraint: 25; goods; {good:25}
IIS Constraint: 29; goods; {good:29}
IIS Constraint: 31; goods; {good:31}
IIS Constraint: 35; goods; {good:35}
IIS Constraint: 41; goods; {good:41}
IIS Constraint: 42; goods; {good:42}
IIS Constraint: 45; goods; {good:45}
IIS Constraint: 47; goods; {good:47}
IIS Constraint: 52; goods; {good:52}
IIS Constraint: 54; goods; {good:54}
IIS Constraint: 61; goods; {good:61}
IIS Constraint: 64; goods; {good:64}
IIS Constraint: 65; goods; {good:65}
IIS Constraint: 75; goods; {good:75}
IIS Constraint: 79; goods; {good:79}
IIS Constraint: 87; goods; {good:87}
IIS Constraint: 91; goods; {good:91}
IIS Constraint: 92; goods; {good:92}
IIS Constraint: 102; goods; {good:102}
IIS Constraint: 108; goods; {good:108}
IIS Constraint: 178; query; {bid:6,query:3}
IIS Constraint: 179; max; {f:23.485089300000002,objective:max}
