IIS generation
Iter 1: 
Min Hitting Set: []
Min Correction Subset: [137]
Iter 2: 
Min Hitting Set: [137]
Min Correction Subset: [57]
Iter 3: 
Min Hitting Set: [57, 137]
Min Correction Subset: [96]
Iter 4: 
Min Hitting Set: [57, 96, 137]
Min Correction Subset: [93]
Iter 5: 
Min Hitting Set: [57, 93, 96, 137]
Min Correction Subset: [89]
Iter 6: 
Min Hitting Set: [57, 89, 93, 96, 137]
Min Correction Subset: [50]
Iter 7: 
Min Hitting Set: [50, 57, 89, 93, 96, 137]
Min Correction Subset: [41]
Iter 8: 
Min Hitting Set: [41, 50, 57, 89, 93, 96, 137]
Min Correction Subset: [72]
Iter 9: 
Min Hitting Set: [41, 50, 57, 72, 89, 93, 96, 137]
Min Correction Subset: [47]
Iter 10: 
Min Hitting Set: [41, 47, 50, 57, 72, 89, 93, 96, 137]
Min Correction Subset: [16]
Iter 11: 
Min Hitting Set: [16, 41, 47, 50, 57, 72, 89, 93, 96, 137]
Min Correction Subset: [46]
Iter 12: 
Min Hitting Set: [16, 41, 46, 47, 50, 57, 72, 89, 93, 96, 137]
Min Correction Subset: [67]
Iter 13: 
Min Hitting Set: [16, 41, 46, 47, 50, 57, 67, 72, 89, 93, 96, 137]
Min Correction Subset: [40]
Iter 14: 
Min Hitting Set: [16, 40, 41, 46, 47, 50, 57, 67, 72, 89, 93, 96, 137]
Min Correction Subset: [10]
Iter 15: 
Min Hitting Set: [10, 16, 40, 41, 46, 47, 50, 57, 67, 72, 89, 93, 96, 137]
Min Correction Subset: [37]
Iter 16: 
Min Hitting Set: [10, 16, 37, 40, 41, 46, 47, 50, 57, 67, 72, 89, 93, 96, 137]
Min Correction Subset: [81]
Iter 17: 
Min Hitting Set: [10, 16, 37, 40, 41, 46, 47, 50, 57, 67, 72, 81, 89, 93, 96, 137]
Min Correction Subset: [24]
Iter 18: 
Min Hitting Set: [10, 16, 24, 37, 40, 41, 46, 47, 50, 57, 67, 72, 81, 89, 93, 96, 137]
Min Correction Subset: [28]
Iter 19: 
Min Hitting Set: [10, 16, 24, 28, 37, 40, 41, 46, 47, 50, 57, 67, 72, 81, 89, 93, 96, 137]
Min Correction Subset: [78]
Iter 20: 
Min Hitting Set: [10, 16, 24, 28, 37, 40, 41, 46, 47, 50, 57, 67, 72, 78, 81, 89, 93, 96, 137]
Min Correction Subset: [0]
Iter 21: 
Min Hitting Set: [0, 10, 16, 24, 28, 37, 40, 41, 46, 47, 50, 57, 67, 72, 78, 81, 89, 93, 96, 137]
Min Correction Subset: [1]
Instance: arbitrary-100-200-520000
----------------------------
Query: 8
Query element:99
Query scope: 1
Query scope: 9
Query scope: 25
Query scope: 31
Query scope: 32
Query scope: 35
Query scope: 60
Query scope: 62
Query scope: 63
Query scope: 64
Query scope: 65
Query scope: 66
Query scope: 67
Query scope: 70
Query scope: 87
Query scope: 97
Query scope: 109
Query scope: 128
Query scope: 131
Query scope: 132
Query scope: 133
Query scope: 158
Query scope: 171
Query scope: 174
Query scope: 175
Query scope: 176
Query scope: 180
Query scope: 181
Query scope: 182
Query scope: 183
Query scope: 184
Query scope: 185
Query scope: 187
Query scope: 190
Query scope: 191
Query scope: 192
Query scope: 194
----------------------------
IIS optimality: suboptimal
IIS solution time: 36109.407
IIS Constraint: 0; goods; {good:0}
IIS Constraint: 10; goods; {good:10}
IIS Constraint: 16; goods; {good:16}
IIS Constraint: 24; goods; {good:24}
IIS Constraint: 28; goods; {good:28}
IIS Constraint: 37; goods; {good:37}
IIS Constraint: 40; goods; {good:40}
IIS Constraint: 41; goods; {good:41}
IIS Constraint: 46; goods; {good:46}
IIS Constraint: 47; goods; {good:47}
IIS Constraint: 50; goods; {good:50}
IIS Constraint: 57; goods; {good:57}
IIS Constraint: 67; goods; {good:67}
IIS Constraint: 72; goods; {good:72}
IIS Constraint: 78; goods; {good:78}
IIS Constraint: 81; goods; {good:81}
IIS Constraint: 89; goods; {good:89}
IIS Constraint: 93; goods; {good:93}
IIS Constraint: 96; goods; {good:96}
IIS Constraint: 137; max; {f:4981.8386,objective:max}
