IIS generation
Iter 1: 
Min Hitting Set: []
Min Correction Subset: [124]
Iter 2: 
Min Hitting Set: [124]
Min Correction Subset: [103]
Iter 3: 
Min Hitting Set: [103, 124]
Min Correction Subset: [106]
Iter 4: 
Min Hitting Set: [103, 106, 124]
Min Correction Subset: [109]
Iter 5: 
Min Hitting Set: [103, 106, 109, 124]
Min Correction Subset: [119]
Iter 6: 
Min Hitting Set: [103, 106, 109, 119, 124]
Min Correction Subset: [102]
Iter 7: 
Min Hitting Set: [102, 103, 106, 109, 119, 124]
Min Correction Subset: [123]
Iter 8: 
Min Hitting Set: [102, 103, 106, 109, 119, 123, 124]
Min Correction Subset: [108]
Iter 9: 
Min Hitting Set: [102, 103, 106, 108, 109, 119, 123, 124]
Min Correction Subset: [111]
Iter 10: 
Min Hitting Set: [102, 103, 106, 108, 109, 111, 119, 123, 124]
Min Correction Subset: [122]
Iter 11: 
Min Hitting Set: [102, 103, 106, 108, 109, 111, 119, 122, 123, 124]
Min Correction Subset: [115]
Iter 12: 
Min Hitting Set: [102, 103, 106, 108, 109, 111, 115, 119, 122, 123, 124]
Min Correction Subset: [107]
Iter 13: 
Min Hitting Set: [102, 103, 106, 107, 108, 109, 111, 115, 119, 122, 123, 124]
Min Correction Subset: [77]
Iter 14: 
Min Hitting Set: [77, 102, 103, 106, 107, 108, 109, 111, 115, 119, 122, 123, 124]
Min Correction Subset: [46]
Iter 15: 
Min Hitting Set: [46, 77, 102, 103, 106, 107, 108, 109, 111, 115, 119, 122, 123, 124]
Min Correction Subset: [113]
Iter 16: 
Min Hitting Set: [46, 77, 102, 103, 106, 107, 108, 109, 111, 113, 115, 119, 122, 123, 124]
Min Correction Subset: [73, 121]
Iter 17: 
Min Hitting Set: [46, 73, 77, 102, 103, 106, 107, 108, 109, 111, 113, 115, 119, 122, 123, 124]
Min Correction Subset: [65, 121]
Iter 18: 
Min Hitting Set: [46, 77, 102, 103, 106, 107, 108, 109, 111, 113, 115, 119, 121, 122, 123, 124]
Min Correction Subset: [73, 105]
Iter 19: 
Min Hitting Set: [46, 73, 77, 102, 103, 106, 107, 108, 109, 111, 113, 115, 119, 121, 122, 123, 124]
Min Correction Subset: [50, 100]
Iter 20: 
Min Hitting Set: [46, 50, 73, 77, 102, 103, 106, 107, 108, 109, 111, 113, 115, 119, 121, 122, 123, 124]
Min Correction Subset: [42, 110]
Iter 21: 
Min Hitting Set: [42, 46, 50, 73, 77, 102, 103, 106, 107, 108, 109, 111, 113, 115, 119, 121, 122, 123, 124]
Min Correction Subset: [54, 100]
Iter 22: 
Min Hitting Set: [42, 46, 73, 77, 100, 102, 103, 106, 107, 108, 109, 111, 113, 115, 119, 121, 122, 123, 124]
Min Correction Subset: [50, 120]
Iter 23: 
Min Hitting Set: [42, 46, 50, 73, 77, 100, 102, 103, 106, 107, 108, 109, 111, 113, 115, 119, 121, 122, 123, 124]
Min Correction Subset: [83, 105]
Iter 24: 
Min Hitting Set: [42, 46, 50, 77, 100, 102, 103, 105, 106, 107, 108, 109, 111, 113, 115, 119, 121, 122, 123, 124]
Min Correction Subset: [73, 116]
Iter 25: 
Min Hitting Set: [42, 46, 50, 73, 77, 100, 102, 103, 105, 106, 107, 108, 109, 111, 113, 115, 119, 121, 122, 123, 124]
Min Correction Subset: [38, 65]
Iter 26: 
Min Hitting Set: [42, 46, 50, 65, 73, 77, 100, 102, 103, 105, 106, 107, 108, 109, 111, 113, 115, 119, 122, 123, 124]
Min Correction Subset: [69, 121]
Iter 27: 
Min Hitting Set: [42, 46, 50, 65, 73, 77, 100, 102, 103, 105, 106, 107, 108, 109, 111, 113, 115, 119, 121, 122, 123, 124]
Min Correction Subset: [85, 116]
Iter 28: 
Min Hitting Set: [42, 46, 50, 65, 77, 100, 102, 103, 105, 106, 107, 108, 109, 111, 113, 115, 116, 119, 121, 122, 123, 124]
Min Correction Subset: [38, 49]
Iter 29: 
Min Hitting Set: [38, 42, 46, 50, 77, 100, 102, 103, 105, 106, 107, 108, 109, 111, 113, 115, 116, 119, 121, 122, 123, 124]
Min Correction Subset: [65, 79]
Iter 30: 
Min Hitting Set: [38, 42, 46, 50, 65, 77, 100, 102, 103, 105, 106, 107, 108, 109, 111, 113, 115, 116, 119, 121, 122, 123, 124]
Min Correction Subset: [54, 101]
Iter 31: 
Min Hitting Set: [38, 42, 46, 50, 54, 65, 77, 102, 103, 105, 106, 107, 108, 109, 111, 113, 115, 116, 119, 121, 122, 123, 124]
Min Correction Subset: [58, 100]
Iter 32: 
Min Hitting Set: [38, 42, 46, 50, 54, 65, 77, 100, 102, 103, 105, 106, 107, 108, 109, 111, 113, 115, 116, 119, 121, 122, 123, 124]
Min Correction Subset: [58, 101]
Iter 33: 
Min Hitting Set: [38, 42, 46, 50, 54, 58, 65, 77, 102, 103, 105, 106, 107, 108, 109, 111, 113, 115, 116, 119, 121, 122, 123, 124]
Min Correction Subset: [73, 117]
Iter 34: 
Min Hitting Set: [38, 42, 46, 50, 54, 58, 65, 73, 77, 102, 103, 105, 106, 107, 108, 109, 111, 113, 115, 116, 119, 121, 122, 123, 124]
Min Correction Subset: [69, 110, 120]
Iter 35: 
Min Hitting Set: [38, 46, 50, 54, 58, 65, 69, 73, 77, 102, 103, 105, 106, 107, 108, 109, 110, 111, 113, 115, 116, 119, 122, 123, 124]
Min Correction Subset: [42, 104]
Iter 36: 
Min Hitting Set: [38, 42, 46, 50, 54, 58, 65, 69, 73, 77, 102, 103, 105, 106, 107, 108, 109, 111, 113, 115, 116, 119, 122, 123, 124]
Min Correction Subset: [41, 110, 120]
Iter 37: 
Min Hitting Set: [38, 42, 46, 65, 73, 77, 100, 101, 102, 103, 105, 106, 107, 108, 109, 111, 113, 115, 116, 119, 120, 121, 122, 123, 124]
Min Correction Subset: [50, 110]
Iter 38: 
Min Hitting Set: [38, 42, 46, 50, 54, 58, 65, 73, 77, 102, 103, 105, 106, 107, 108, 109, 110, 111, 113, 115, 116, 119, 121, 122, 123, 124]
Min Correction Subset: [41, 69, 120]
Iter 39: 
Min Hitting Set: [38, 42, 46, 50, 54, 58, 65, 69, 73, 77, 102, 103, 105, 106, 107, 108, 109, 110, 111, 113, 115, 116, 119, 122, 123, 124]
Min Correction Subset: [4, 41, 120]
Iter 40: 
Min Hitting Set: [38, 42, 46, 50, 54, 58, 65, 73, 77, 102, 103, 105, 106, 107, 108, 109, 111, 113, 115, 116, 119, 120, 121, 122, 123, 124]
Min Correction Subset: [69, 110, 117]
Iter 41: 
Min Hitting Set: [38, 42, 46, 50, 54, 58, 65, 77, 102, 103, 105, 106, 107, 108, 109, 111, 113, 115, 116, 117, 119, 120, 121, 122, 123, 124]
Min Correction Subset: [73, 104]
Iter 42: 
Min Hitting Set: [38, 42, 46, 65, 73, 77, 100, 101, 102, 103, 105, 106, 107, 108, 109, 110, 111, 113, 115, 116, 119, 120, 121, 122, 123, 124]
Min Correction Subset: [50, 69]
Iter 43: 
Min Hitting Set: [38, 42, 46, 65, 69, 73, 77, 100, 101, 102, 103, 105, 106, 107, 108, 109, 110, 111, 113, 115, 116, 119, 120, 122, 123, 124]
Min Correction Subset: [50, 104]
Iter 44: 
Min Hitting Set: [38, 46, 65, 69, 73, 77, 100, 101, 102, 103, 104, 105, 106, 107, 108, 109, 110, 111, 113, 115, 116, 119, 120, 122, 123, 124]
Min Correction Subset: [42, 114]
Iter 45: 
Min Hitting Set: [38, 42, 46, 50, 65, 69, 73, 77, 100, 101, 102, 103, 105, 106, 107, 108, 109, 111, 113, 115, 116, 119, 120, 122, 123, 124]
Min Correction Subset: [54, 110]
Iter 46: 
Min Hitting Set: [38, 42, 46, 50, 54, 58, 65, 69, 73, 77, 102, 103, 105, 106, 107, 108, 109, 111, 113, 115, 116, 119, 120, 122, 123, 124]
Min Correction Subset: [81, 101, 121]
Iter 47: 
Min Hitting Set: [38, 42, 46, 50, 54, 58, 65, 73, 77, 102, 103, 105, 106, 107, 108, 109, 110, 111, 113, 115, 116, 119, 120, 121, 122, 123, 124]
Min Correction Subset: [61, 69, 92, 118]
Iter 48: 
Min Hitting Set: [38, 42, 46, 50, 54, 65, 69, 73, 77, 100, 101, 102, 103, 105, 106, 107, 108, 109, 111, 113, 115, 116, 119, 120, 122, 123, 124]
Min Correction Subset: [58, 110]
Iter 49: 
Min Hitting Set: [38, 42, 46, 50, 54, 58, 65, 69, 73, 77, 101, 102, 103, 105, 106, 107, 108, 109, 111, 113, 115, 116, 119, 120, 122, 123, 124]
Min Correction Subset: [75, 85, 121]
Iter 50: 
Min Hitting Set: [38, 42, 46, 50, 54, 58, 65, 69, 73, 77, 85, 101, 102, 103, 105, 106, 107, 108, 109, 111, 113, 115, 119, 120, 122, 123, 124]
Min Correction Subset: [81, 116]
Iter 51: 
Min Hitting Set: [38, 42, 46, 50, 54, 58, 65, 69, 73, 77, 81, 85, 102, 103, 105, 106, 107, 108, 109, 111, 113, 115, 119, 120, 122, 123, 124]
Min Correction Subset: [79, 89, 121]
Iter 52: 
Min Hitting Set: [38, 42, 46, 50, 54, 58, 65, 69, 73, 77, 102, 103, 105, 106, 107, 108, 109, 111, 113, 115, 116, 119, 120, 121, 122, 123, 124]
Min Correction Subset: [61, 92, 110, 118]
Iter 53: 
Min Hitting Set: [38, 42, 46, 50, 54, 58, 61, 65, 69, 73, 77, 102, 103, 105, 106, 107, 108, 109, 111, 113, 115, 116, 119, 120, 121, 122, 123, 124]
Min Correction Subset: [57, 92, 110, 118]
Iter 54: 
Min Hitting Set: [38, 42, 46, 50, 54, 58, 65, 69, 73, 77, 92, 102, 103, 105, 106, 107, 108, 109, 111, 113, 115, 116, 119, 120, 121, 122, 123, 124]
Min Correction Subset: [57, 61, 96, 110, 118]
Iter 55: 
Min Hitting Set: [38, 42, 46, 50, 54, 58, 65, 69, 73, 77, 102, 103, 105, 106, 107, 108, 109, 111, 113, 115, 116, 118, 119, 120, 121, 122, 123, 124]
Min Correction Subset: [79, 89, 92, 101, 110]
Iter 56: 
Min Hitting Set: [38, 42, 46, 69, 77, 79, 100, 101, 102, 103, 104, 105, 106, 107, 108, 109, 110, 111, 113, 115, 116, 117, 119, 120, 121, 122, 123, 124]
Min Correction Subset: [50, 65]
Iter 57: 
Min Hitting Set: [38, 42, 46, 65, 69, 77, 100, 101, 102, 103, 104, 105, 106, 107, 108, 109, 110, 111, 113, 115, 116, 117, 119, 120, 121, 122, 123, 124]
Min Correction Subset: [50, 114]
Iter 58: 
Min Hitting Set: [38, 46, 65, 69, 77, 100, 101, 102, 103, 104, 105, 106, 107, 108, 109, 110, 111, 113, 114, 115, 116, 117, 119, 120, 121, 122, 123, 124]
Min Correction Subset: [50, 73]
Iter 59: 
Min Hitting Set: [38, 42, 46, 50, 54, 58, 73, 77, 79, 102, 103, 105, 106, 107, 108, 109, 110, 111, 113, 115, 116, 118, 119, 120, 121, 122, 123, 124]
Min Correction Subset: [65, 104, 117]
Iter 60: 
Min Hitting Set: [38, 42, 46, 50, 65, 73, 77, 100, 101, 102, 103, 105, 106, 107, 108, 109, 110, 111, 113, 115, 116, 118, 119, 120, 121, 122, 123, 124]
Min Correction Subset: [54, 69, 92]
Iter 61: 
Min Hitting Set: [38, 42, 46, 50, 65, 69, 73, 77, 100, 101, 102, 103, 105, 106, 107, 108, 109, 110, 111, 113, 115, 116, 119, 120, 121, 122, 123, 124]
Min Correction Subset: [54, 92, 104]
Iter 62: 
Min Hitting Set: [38, 46, 65, 69, 73, 77, 100, 101, 102, 103, 104, 105, 106, 107, 108, 109, 110, 111, 113, 114, 115, 116, 119, 120, 121, 122, 123, 124]
Min Correction Subset: [42, 80]
Iter 63: 
Min Hitting Set: [38, 42, 46, 50, 54, 58, 73, 77, 79, 102, 103, 105, 106, 107, 108, 109, 111, 113, 115, 116, 117, 118, 119, 120, 121, 122, 123, 124]
Min Correction Subset: [65, 101, 110]
Iter 64: 
Min Hitting Set: [38, 42, 46, 50, 65, 73, 77, 92, 100, 101, 102, 103, 105, 106, 107, 108, 109, 110, 111, 113, 115, 116, 119, 120, 121, 122, 123, 124]
Min Correction Subset: [54, 69, 104]
Iter 65: 
Min Hitting Set: [38, 42, 46, 50, 54, 58, 65, 69, 73, 77, 102, 103, 105, 106, 107, 108, 109, 110, 111, 113, 115, 116, 119, 120, 121, 122, 123, 124]
Min Correction Subset: [57, 61, 92, 118]
Iter 66: 
Min Hitting Set: [38, 42, 46, 50, 54, 58, 65, 73, 77, 102, 103, 105, 106, 107, 108, 109, 110, 111, 113, 115, 116, 118, 119, 120, 121, 122, 123, 124]
Min Correction Subset: [69, 101, 104, 117]
Iter 67: 
Min Hitting Set: [38, 42, 46, 50, 54, 58, 77, 79, 102, 103, 104, 105, 106, 107, 108, 109, 110, 111, 113, 115, 116, 117, 118, 119, 120, 121, 122, 123, 124]
Min Correction Subset: [73, 88, 92, 101]
Iter 68: 
Min Hitting Set: [38, 42, 46, 50, 77, 79, 92, 100, 101, 102, 103, 104, 105, 106, 107, 108, 109, 110, 111, 113, 115, 116, 117, 119, 120, 121, 122, 123, 124]
Min Correction Subset: [54, 65]
Iter 69: 
Min Hitting Set: [38, 42, 46, 50, 65, 77, 92, 100, 101, 102, 103, 104, 105, 106, 107, 108, 109, 110, 111, 113, 115, 116, 117, 119, 120, 121, 122, 123, 124]
Min Correction Subset: [54, 69, 96, 112]
