IIS generation
Iter 1: 
Min Hitting Set: []
Min Correction Subset: [138]
Iter 2: 
Min Hitting Set: [138]
Min Correction Subset: [46]
Iter 3: 
Min Hitting Set: [46, 138]
Min Correction Subset: [74]
Iter 4: 
Min Hitting Set: [46, 74, 138]
Min Correction Subset: [0]
Iter 5: 
Min Hitting Set: [0, 46, 74, 138]
Min Correction Subset: [18]
Iter 6: 
Min Hitting Set: [0, 18, 46, 74, 138]
Min Correction Subset: [5]
Iter 7: 
Min Hitting Set: [0, 5, 18, 46, 74, 138]
Min Correction Subset: [70]
Iter 8: 
Min Hitting Set: [0, 5, 18, 46, 70, 74, 138]
Min Correction Subset: [91]
Iter 9: 
Min Hitting Set: [0, 5, 18, 46, 70, 74, 91, 138]
Min Correction Subset: [137]
Iter 10: 
Min Hitting Set: [0, 5, 18, 46, 70, 74, 91, 137, 138]
Min Correction Subset: [64]
Iter 11: 
Min Hitting Set: [0, 5, 18, 46, 64, 70, 74, 91, 137, 138]
Min Correction Subset: [87, 96]
Iter 12: 
Min Hitting Set: [0, 5, 18, 46, 64, 70, 74, 87, 91, 137, 138]
Min Correction Subset: [47, 82]
Iter 13: 
Min Hitting Set: [0, 5, 18, 46, 47, 64, 70, 74, 87, 91, 137, 138]
Min Correction Subset: [57, 98]
Iter 14: 
Min Hitting Set: [0, 5, 18, 46, 47, 57, 64, 70, 74, 87, 91, 137, 138]
Min Correction Subset: [38, 82]
Iter 15: 
Min Hitting Set: [0, 5, 18, 46, 57, 64, 70, 74, 82, 87, 91, 137, 138]
Min Correction Subset: [44, 47]
Iter 16: 
Min Hitting Set: [0, 5, 18, 46, 47, 57, 64, 70, 74, 82, 87, 91, 137, 138]
Min Correction Subset: [58, 71]
Iter 17: 
Min Hitting Set: [0, 5, 18, 46, 47, 57, 58, 64, 70, 74, 82, 87, 91, 137, 138]
Min Correction Subset: [44, 94]
Iter 18: 
Min Hitting Set: [0, 5, 18, 44, 46, 57, 58, 64, 70, 74, 82, 87, 91, 137, 138]
Min Correction Subset: [71, 80]
Iter 19: 
Min Hitting Set: [0, 5, 18, 44, 46, 57, 64, 70, 71, 74, 82, 87, 91, 137, 138]
Min Correction Subset: [48, 60]
Iter 20: 
Min Hitting Set: [0, 5, 18, 44, 46, 48, 57, 64, 70, 71, 74, 82, 87, 91, 137, 138]
Min Correction Subset: [59, 94]
Iter 21: 
Min Hitting Set: [0, 5, 18, 44, 46, 48, 57, 64, 70, 71, 74, 82, 87, 91, 94, 137, 138]
Min Correction Subset: [14, 58]
Iter 22: 
Min Hitting Set: [0, 5, 18, 44, 46, 48, 57, 58, 64, 70, 71, 74, 82, 87, 91, 94, 137, 138]
Min Correction Subset: [9, 59]
Iter 23: 
Min Hitting Set: [0, 5, 18, 44, 46, 48, 57, 58, 59, 64, 70, 71, 74, 82, 87, 91, 137, 138]
Min Correction Subset: [11, 93]
Iter 24: 
Min Hitting Set: [0, 5, 11, 18, 44, 46, 48, 57, 58, 59, 64, 70, 71, 74, 82, 87, 91, 137, 138]
Min Correction Subset: [61, 62]
Iter 25: 
Min Hitting Set: [0, 5, 11, 18, 44, 46, 48, 57, 58, 59, 61, 64, 70, 71, 74, 82, 87, 91, 137, 138]
Min Correction Subset: [41, 72]
Iter 26: 
Min Hitting Set: [0, 5, 11, 18, 41, 44, 46, 48, 57, 58, 59, 61, 64, 70, 71, 74, 82, 87, 91, 137, 138]
Min Correction Subset: [40, 80]
Iter 27: 
Min Hitting Set: [0, 5, 11, 18, 41, 44, 46, 48, 57, 58, 59, 61, 64, 70, 74, 80, 82, 87, 91, 137, 138]
Min Correction Subset: [71, 94]
Iter 28: 
Min Hitting Set: [0, 5, 11, 18, 41, 44, 46, 48, 57, 58, 59, 61, 64, 70, 74, 80, 82, 87, 91, 94, 137, 138]
Min Correction Subset: [47, 49]
Iter 29: 
Min Hitting Set: [0, 5, 11, 18, 41, 46, 47, 48, 57, 58, 59, 61, 64, 70, 74, 80, 82, 87, 91, 94, 137, 138]
Min Correction Subset: [9, 79]
Iter 30: 
Min Hitting Set: [0, 5, 9, 11, 18, 41, 46, 47, 48, 57, 58, 61, 64, 70, 74, 80, 82, 87, 91, 94, 137, 138]
Min Correction Subset: [17, 54]
Iter 31: 
Min Hitting Set: [0, 5, 9, 11, 17, 18, 41, 46, 47, 48, 57, 58, 61, 64, 70, 74, 80, 82, 87, 91, 94, 137, 138]
Min Correction Subset: [42, 79]
Iter 32: 
Min Hitting Set: [0, 5, 11, 17, 18, 41, 46, 47, 48, 57, 58, 59, 61, 64, 70, 74, 79, 80, 82, 87, 91, 94, 137, 138]
Min Correction Subset: [71, 73]
Iter 33: 
Min Hitting Set: [0, 5, 11, 17, 18, 41, 46, 47, 48, 57, 58, 59, 61, 64, 70, 71, 74, 79, 80, 82, 87, 91, 94, 137, 138]
Min Correction Subset: [35, 92]
Iter 34: 
Min Hitting Set: [0, 5, 11, 17, 18, 35, 41, 46, 47, 48, 57, 58, 59, 61, 64, 70, 71, 74, 79, 80, 82, 87, 91, 94, 137, 138]
Min Correction Subset: [97, 98]
Iter 35: 
Min Hitting Set: [0, 5, 11, 17, 18, 35, 41, 46, 47, 48, 58, 59, 61, 64, 70, 71, 74, 79, 80, 82, 87, 91, 94, 98, 137, 138]
Min Correction Subset: [62, 72]
Iter 36: 
Min Hitting Set: [0, 5, 11, 17, 18, 35, 46, 47, 48, 58, 59, 62, 64, 70, 71, 72, 74, 79, 80, 82, 87, 91, 94, 98, 137, 138]
Min Correction Subset: [31, 34]
Iter 37: 
Min Hitting Set: [0, 5, 11, 17, 18, 31, 35, 46, 47, 48, 58, 59, 62, 64, 70, 71, 72, 74, 79, 80, 82, 87, 91, 94, 98, 137, 138]
Min Correction Subset: [92, 97]
Iter 38: 
Min Hitting Set: [0, 5, 11, 17, 18, 31, 46, 47, 48, 58, 59, 62, 64, 70, 71, 72, 74, 79, 80, 82, 87, 91, 92, 94, 98, 137, 138]
Min Correction Subset: [55, 97]
Iter 39: 
Min Hitting Set: [0, 5, 11, 17, 18, 31, 46, 47, 48, 58, 59, 62, 64, 70, 71, 72, 74, 79, 80, 82, 87, 91, 92, 94, 97, 98, 137, 138]
Min Correction Subset: [39, 40]
Iter 40: 
Min Hitting Set: [0, 5, 11, 17, 18, 31, 40, 46, 47, 48, 58, 59, 62, 64, 70, 71, 72, 74, 79, 82, 87, 91, 92, 94, 97, 98, 137, 138]
Min Correction Subset: [34, 39]
Iter 41: 
Min Hitting Set: [0, 5, 11, 17, 18, 34, 40, 46, 47, 48, 58, 59, 62, 64, 70, 71, 72, 74, 79, 82, 87, 91, 92, 94, 97, 98, 137, 138]
Min Correction Subset: [10, 38]
Iter 42: 
Min Hitting Set: [0, 5, 11, 17, 18, 34, 38, 40, 46, 47, 48, 58, 59, 62, 64, 70, 71, 72, 74, 79, 87, 91, 92, 94, 97, 98, 137, 138]
Min Correction Subset: [23, 26, 57]
Iter 43: 
Min Hitting Set: [0, 5, 11, 17, 18, 34, 38, 40, 46, 47, 48, 57, 58, 59, 62, 64, 70, 71, 72, 74, 79, 87, 91, 92, 94, 97, 137, 138]
Min Correction Subset: [19, 52, 56]
Iter 44: 
Min Hitting Set: [0, 5, 11, 17, 18, 19, 34, 38, 40, 46, 47, 48, 57, 58, 59, 62, 64, 70, 71, 72, 74, 79, 87, 91, 92, 94, 97, 137, 138]
Min Correction Subset: [53, 66, 75]
Iter 45: 
Min Hitting Set: [0, 5, 11, 17, 18, 19, 34, 38, 40, 46, 47, 48, 53, 57, 58, 59, 62, 64, 70, 71, 72, 74, 79, 87, 91, 92, 94, 97, 137, 138]
Min Correction Subset: [76, 80, 108]
Instance: arbitrary-100-200-750000
----------------------------
Query: 1
Query element:127
Query scope: 127
----------------------------
IIS optimality: suboptimal
IIS solution time: 36031.222
IIS Constraint: 0; goods; {good:0}
IIS Constraint: 5; goods; {good:5}
IIS Constraint: 11; goods; {good:11}
IIS Constraint: 17; goods; {good:17}
IIS Constraint: 18; goods; {good:18}
IIS Constraint: 19; goods; {good:19}
IIS Constraint: 34; goods; {good:34}
IIS Constraint: 38; goods; {good:38}
IIS Constraint: 40; goods; {good:40}
IIS Constraint: 46; goods; {good:46}
IIS Constraint: 47; goods; {good:47}
IIS Constraint: 48; goods; {good:48}
IIS Constraint: 53; goods; {good:53}
IIS Constraint: 57; goods; {good:57}
IIS Constraint: 58; goods; {good:58}
IIS Constraint: 59; goods; {good:59}
IIS Constraint: 62; goods; {good:62}
IIS Constraint: 64; goods; {good:64}
IIS Constraint: 70; goods; {good:70}
IIS Constraint: 71; goods; {good:71}
IIS Constraint: 72; goods; {good:72}
IIS Constraint: 74; goods; {good:74}
IIS Constraint: 79; goods; {good:79}
IIS Constraint: 87; goods; {good:87}
IIS Constraint: 91; goods; {good:91}
IIS Constraint: 92; goods; {good:92}
IIS Constraint: 94; goods; {good:94}
IIS Constraint: 97; goods; {good:97}
IIS Constraint: 137; query; {bid:127,query:1}
IIS Constraint: 138; max; {f:5323.137000000001,objective:max}
