IIS generation
Iter 1: 
Min Hitting Set: []
Min Correction Subset: [104]
Iter 2: 
Min Hitting Set: [104]
Min Correction Subset: [103]
Iter 3: 
Min Hitting Set: [103, 104]
Min Correction Subset: [100]
Iter 4: 
Min Hitting Set: [100, 103, 104]
Min Correction Subset: [102]
Optimal IIS
Instance: scheduling-100-200-180000
----------------------------
Query: 7
Query element:101
Query scope: 93
Query scope: 94
Query scope: 95
Query scope: 96
Query scope: 97
Query scope: 98
Query scope: 99
Query scope: 100
Query scope: 101
Query scope: 102
Query scope: 103
Query scope: 104
Query scope: 105
Query scope: 106
Query scope: 107
----------------------------
IIS optimality: suboptimal
IIS solution time: 132.701
IIS Constraint: 100; goods; {good:100}
IIS Constraint: 102; goods; {good:102}
IIS Constraint: 103; query; {good:101,query:7}
IIS Constraint: 104; max; {f:27.03323,objective:max}
