IIS generation
Iter 1: 
Min Hitting Set: []
Min Correction Subset: [141]
Iter 2: 
Min Hitting Set: [141]
Min Correction Subset: [80]
Iter 3: 
Min Hitting Set: [80, 141]
Min Correction Subset: [63]
Iter 4: 
Min Hitting Set: [63, 80, 141]
Min Correction Subset: [24]
Iter 5: 
Min Hitting Set: [24, 63, 80, 141]
Min Correction Subset: [99]
Iter 6: 
Min Hitting Set: [24, 63, 80, 99, 141]
Min Correction Subset: [90]
Iter 7: 
Min Hitting Set: [24, 63, 80, 90, 99, 141]
Min Correction Subset: [95]
Iter 8: 
Min Hitting Set: [24, 63, 80, 90, 95, 99, 141]
Min Correction Subset: [97]
Iter 9: 
Min Hitting Set: [24, 63, 80, 90, 95, 97, 99, 141]
Min Correction Subset: [35]
Iter 10: 
Min Hitting Set: [24, 35, 63, 80, 90, 95, 97, 99, 141]
Min Correction Subset: [92]
Iter 11: 
Min Hitting Set: [24, 35, 63, 80, 90, 92, 95, 97, 99, 141]
Min Correction Subset: [8]
Iter 12: 
Min Hitting Set: [8, 24, 35, 63, 80, 90, 92, 95, 97, 99, 141]
Min Correction Subset: [72]
Iter 13: 
Min Hitting Set: [8, 24, 35, 63, 72, 80, 90, 92, 95, 97, 99, 141]
Min Correction Subset: [91]
Iter 14: 
Min Hitting Set: [8, 24, 35, 63, 72, 80, 90, 91, 92, 95, 97, 99, 141]
Min Correction Subset: [6]
Iter 15: 
Min Hitting Set: [6, 8, 24, 35, 63, 72, 80, 90, 91, 92, 95, 97, 99, 141]
Min Correction Subset: [14]
Iter 16: 
Min Hitting Set: [6, 8, 14, 24, 35, 63, 72, 80, 90, 91, 92, 95, 97, 99, 141]
Min Correction Subset: [140]
Iter 17: 
Min Hitting Set: [6, 8, 14, 24, 35, 63, 72, 80, 90, 91, 92, 95, 97, 99, 140, 141]
Min Correction Subset: [4, 43]
Iter 18: 
Min Hitting Set: [4, 6, 8, 14, 24, 35, 63, 72, 80, 90, 91, 92, 95, 97, 99, 140, 141]
Min Correction Subset: [19, 31]
Iter 19: 
Min Hitting Set: [4, 6, 8, 14, 19, 24, 35, 63, 72, 80, 90, 91, 92, 95, 97, 99, 140, 141]
Min Correction Subset: [23, 136]
Iter 20: 
Min Hitting Set: [4, 6, 8, 14, 19, 23, 24, 35, 63, 72, 80, 90, 91, 92, 95, 97, 99, 140, 141]
Min Correction Subset: [2, 57]
Iter 21: 
Min Hitting Set: [2, 4, 6, 8, 14, 19, 23, 24, 35, 63, 72, 80, 90, 91, 92, 95, 97, 99, 140, 141]
Min Correction Subset: [5, 79]
Iter 22: 
Min Hitting Set: [2, 4, 5, 6, 8, 14, 19, 23, 24, 35, 63, 72, 80, 90, 91, 92, 95, 97, 99, 140, 141]
Min Correction Subset: [74, 89]
Iter 23: 
Min Hitting Set: [2, 4, 5, 6, 8, 14, 19, 23, 24, 35, 63, 72, 74, 80, 90, 91, 92, 95, 97, 99, 140, 141]
Min Correction Subset: [1, 29]
Iter 24: 
Min Hitting Set: [1, 2, 4, 5, 6, 8, 14, 19, 23, 24, 35, 63, 72, 74, 80, 90, 91, 92, 95, 97, 99, 140, 141]
Min Correction Subset: [50, 62]
Iter 25: 
Min Hitting Set: [1, 2, 4, 5, 6, 8, 14, 19, 23, 24, 35, 50, 63, 72, 74, 80, 90, 91, 92, 95, 97, 99, 140, 141]
Min Correction Subset: [43, 87]
Iter 26: 
Min Hitting Set: [1, 2, 5, 6, 8, 14, 19, 23, 24, 35, 43, 50, 63, 72, 74, 80, 90, 91, 92, 95, 97, 99, 140, 141]
Min Correction Subset: [57, 68]
Iter 27: 
Min Hitting Set: [1, 5, 6, 8, 14, 19, 23, 24, 35, 43, 50, 57, 63, 72, 74, 80, 90, 91, 92, 95, 97, 99, 140, 141]
Min Correction Subset: [47, 79]
Instance: arbitrary-100-200-80000
----------------------------
Query: 11
Query element:95
Query element:31
Query scope: 0
Query scope: 2
Query scope: 4
Query scope: 5
Query scope: 43
Query scope: 48
Query scope: 94
Query scope: 199
----------------------------
IIS optimality: suboptimal
IIS solution time: 36115.130
IIS Constraint: 1; goods; {good:1}
IIS Constraint: 5; goods; {good:5}
IIS Constraint: 6; goods; {good:6}
IIS Constraint: 8; goods; {good:8}
IIS Constraint: 14; goods; {good:14}
IIS Constraint: 19; goods; {good:19}
IIS Constraint: 23; goods; {good:23}
IIS Constraint: 24; goods; {good:24}
IIS Constraint: 35; goods; {good:35}
IIS Constraint: 43; goods; {good:43}
IIS Constraint: 50; goods; {good:50}
IIS Constraint: 57; goods; {good:57}
IIS Constraint: 63; goods; {good:63}
IIS Constraint: 72; goods; {good:72}
IIS Constraint: 74; goods; {good:74}
IIS Constraint: 80; goods; {good:80}
IIS Constraint: 90; goods; {good:90}
IIS Constraint: 91; goods; {good:91}
IIS Constraint: 92; goods; {good:92}
IIS Constraint: 95; goods; {good:95}
IIS Constraint: 97; goods; {good:97}
IIS Constraint: 99; goods; {good:99}
IIS Constraint: 140; query; {goods:[95,31],query:11}
IIS Constraint: 141; max; {f:5307.1958,objective:max}
