IIS generation
Iter 1: 
Min Hitting Set: []
Min Correction Subset: [104]
Iter 2: 
Min Hitting Set: [104]
Min Correction Subset: [101]
Iter 3: 
Min Hitting Set: [101, 104]
Min Correction Subset: [102]
Iter 4: 
Min Hitting Set: [101, 102, 104]
Min Correction Subset: [100]
Iter 5: 
Min Hitting Set: [100, 101, 102, 104]
Min Correction Subset: [103]
Optimal IIS
Instance: scheduling-100-200-190000
----------------------------
Query: 2
Query element:192
Query scope: 192
----------------------------
IIS optimality: suboptimal
IIS solution time: 8.042
IIS Constraint: 100; goods; {good:100}
IIS Constraint: 101; goods; {good:101}
IIS Constraint: 102; goods; {good:102}
IIS Constraint: 103; query; {bid:192,query:2}
IIS Constraint: 104; max; {f:24.59223,objective:max}
