IIS generation
Iter 1: 
Min Hitting Set: []
Min Correction Subset: [138]
Iter 2: 
Min Hitting Set: [138]
Min Correction Subset: [90]
Iter 3: 
Min Hitting Set: [90, 138]
Min Correction Subset: [137]
Iter 4: 
Min Hitting Set: [90, 137, 138]
Min Correction Subset: [44, 87]
Iter 5: 
Min Hitting Set: [44, 90, 137, 138]
Min Correction Subset: [6, 86]
Iter 6: 
Min Hitting Set: [6, 44, 90, 137, 138]
Min Correction Subset: [69, 87]
Iter 7: 
Min Hitting Set: [6, 87, 90, 137, 138]
Min Correction Subset: [15, 62, 78]
Iter 8: 
Min Hitting Set: [6, 15, 87, 90, 137, 138]
Min Correction Subset: [8, 19, 61]
Iter 9: 
Min Hitting Set: [6, 8, 15, 87, 90, 137, 138]
Min Correction Subset: [62, 92, 95]
Iter 10: 
Min Hitting Set: [6, 8, 62, 87, 90, 137, 138]
Min Correction Subset: [13, 44, 78]
Iter 11: 
Min Hitting Set: [6, 8, 44, 62, 87, 90, 137, 138]
Min Correction Subset: [33, 51, 95]
Iter 12: 
Min Hitting Set: [6, 8, 78, 87, 90, 95, 137, 138]
Min Correction Subset: [44, 51, 86]
Iter 13: 
Min Hitting Set: [8, 78, 86, 87, 90, 95, 137, 138]
Min Correction Subset: [6, 55]
Iter 14: 
Min Hitting Set: [6, 8, 44, 51, 62, 87, 90, 137, 138]
Min Correction Subset: [30, 41, 49]
Iter 15: 
Min Hitting Set: [6, 8, 30, 44, 51, 62, 87, 90, 137, 138]
Min Correction Subset: [42, 68, 98]
Iter 16: 
Min Hitting Set: [6, 8, 30, 42, 44, 51, 62, 87, 90, 137, 138]
Min Correction Subset: [13, 78, 95]
Iter 17: 
Min Hitting Set: [6, 8, 30, 42, 51, 62, 78, 87, 90, 137, 138]
Min Correction Subset: [55, 88, 95]
Iter 18: 
Min Hitting Set: [6, 8, 30, 42, 78, 86, 87, 90, 95, 137, 138]
Min Correction Subset: [15, 62, 89]
Iter 19: 
Min Hitting Set: [6, 8, 30, 42, 44, 62, 87, 90, 95, 137, 138]
Min Correction Subset: [24, 51, 78]
Iter 20: 
Min Hitting Set: [8, 30, 42, 55, 62, 78, 86, 87, 90, 95, 137, 138]
Min Correction Subset: [6, 28]
Iter 21: 
Min Hitting Set: [6, 8, 30, 42, 44, 51, 62, 87, 90, 95, 137, 138]
Min Correction Subset: [46, 68, 86, 88]
Iter 22: 
Min Hitting Set: [6, 8, 30, 44, 51, 62, 68, 87, 90, 95, 137, 138]
Min Correction Subset: [42, 49, 55, 89]
Iter 23: 
Min Hitting Set: [6, 8, 44, 49, 51, 62, 68, 87, 90, 95, 137, 138]
Min Correction Subset: [18, 42, 78, 98]
Iter 24: 
Min Hitting Set: [6, 8, 49, 51, 62, 68, 78, 87, 90, 95, 137, 138]
Min Correction Subset: [44, 89, 99]
Iter 25: 
Min Hitting Set: [6, 8, 49, 68, 78, 86, 87, 89, 90, 95, 137, 138]
Min Correction Subset: [46, 50, 51, 65]
Iter 26: 
Min Hitting Set: [6, 8, 49, 51, 68, 78, 87, 89, 90, 95, 137, 138]
Min Correction Subset: [55, 64, 81, 104]
Iter 27: 
Min Hitting Set: [6, 8, 44, 49, 51, 55, 62, 68, 78, 87, 90, 137, 138]
Min Correction Subset: [13, 41, 95]
Iter 28: 
Min Hitting Set: [6, 8, 41, 44, 51, 55, 62, 68, 78, 87, 90, 137, 138]
Min Correction Subset: [7, 80, 89, 99]
Iter 29: 
Min Hitting Set: [6, 8, 41, 51, 55, 68, 78, 87, 89, 90, 95, 137, 138]
Min Correction Subset: [16, 46, 72, 104]
Iter 30: 
Min Hitting Set: [6, 8, 41, 51, 68, 78, 87, 89, 90, 95, 104, 137, 138]
Min Correction Subset: [13, 28, 44, 49]
Iter 31: 
Min Hitting Set: [6, 8, 49, 51, 68, 78, 87, 89, 90, 95, 104, 137, 138]
Min Correction Subset: [13, 24, 44, 48]
Iter 32: 
Min Hitting Set: [6, 8, 41, 44, 51, 68, 78, 87, 89, 90, 95, 104, 137, 138]
Min Correction Subset: [37, 42, 64, 86]
Iter 33: 
Min Hitting Set: [6, 8, 42, 44, 46, 49, 55, 78, 87, 89, 90, 95, 137, 138]
Min Correction Subset: [41, 64, 67, 81]
Iter 34: 
Min Hitting Set: [6, 8, 41, 42, 44, 46, 55, 78, 87, 89, 90, 95, 137, 138]
Min Correction Subset: [28, 51, 53, 67]
Iter 35: 
Min Hitting Set: [6, 8, 13, 41, 42, 46, 51, 55, 62, 87, 89, 90, 137, 138]
Min Correction Subset: [27, 65, 78, 95]
Iter 36: 
Min Hitting Set: [6, 8, 13, 41, 42, 51, 62, 65, 87, 88, 89, 90, 104, 137, 138]
Min Correction Subset: [55, 95, 107]
Iter 37: 
Min Hitting Set: [6, 8, 13, 41, 42, 46, 51, 55, 62, 65, 87, 89, 90, 137, 138]
Min Correction Subset: [44, 64, 67, 86]
Iter 38: 
Min Hitting Set: [6, 8, 41, 42, 44, 46, 51, 62, 64, 87, 89, 90, 95, 137, 138]
Min Correction Subset: [55, 65, 67, 78]
Iter 39: 
Min Hitting Set: [6, 8, 41, 42, 44, 46, 51, 55, 62, 78, 87, 89, 90, 137, 138]
Min Correction Subset: [64, 68, 81, 104]
Iter 40: 
Min Hitting Set: [6, 8, 41, 42, 44, 46, 51, 64, 78, 87, 89, 90, 95, 137, 138]
Min Correction Subset: [22, 43, 62, 92]
Iter 41: 
Min Hitting Set: [6, 8, 41, 42, 44, 51, 62, 65, 86, 87, 89, 90, 95, 104, 137, 138]
Min Correction Subset: [4, 14, 16, 78]
Iter 42: 
Min Hitting Set: [6, 8, 41, 42, 44, 46, 51, 55, 62, 78, 87, 89, 90, 104, 137, 138]
Min Correction Subset: [13, 28, 59, 95]
Iter 43: 
Min Hitting Set: [6, 8, 13, 41, 51, 55, 62, 64, 68, 78, 87, 89, 90, 104, 137, 138]
Min Correction Subset: [27, 49, 63, 81]
Iter 44: 
Min Hitting Set: [6, 8, 42, 44, 46, 49, 51, 62, 78, 81, 87, 89, 90, 95, 137, 138]
Min Correction Subset: [21, 64, 67, 80]
Iter 45: 
Min Hitting Set: [6, 8, 42, 44, 46, 49, 62, 64, 67, 78, 87, 89, 90, 95, 137, 138]
Min Correction Subset: [50, 51, 65, 125]
Iter 46: 
Min Hitting Set: [6, 8, 42, 44, 46, 49, 51, 62, 64, 78, 80, 87, 90, 95, 137, 138]
Min Correction Subset: [25, 28, 41, 65, 89]
Instance: arbitrary-100-200-50000
----------------------------
Query: 2
Query element:27
Query scope: 27
----------------------------
IIS optimality: suboptimal
IIS solution time: 36089.141
IIS Constraint: 6; goods; {good:6}
IIS Constraint: 8; goods; {good:8}
IIS Constraint: 42; goods; {good:42}
IIS Constraint: 44; goods; {good:44}
IIS Constraint: 46; goods; {good:46}
IIS Constraint: 49; goods; {good:49}
IIS Constraint: 51; goods; {good:51}
IIS Constraint: 62; goods; {good:62}
IIS Constraint: 64; goods; {good:64}
IIS Constraint: 78; goods; {good:78}
IIS Constraint: 80; goods; {good:80}
IIS Constraint: 87; goods; {good:87}
IIS Constraint: 90; goods; {good:90}
IIS Constraint: 95; goods; {good:95}
IIS Constraint: 137; query; {bid:27,query:2}
IIS Constraint: 138; max; {f:5327.2829,objective:max}
