IIS generation
Instance: regions-52-200-400000
----------------------------
Query: 11
Query element:43
Query element:29
Query scope: 0
Query scope: 2
Query scope: 3
Query scope: 5
Query scope: 42
Query scope: 46
Query scope: 54
Query scope: 55
Query scope: 56
Query scope: 81
Query scope: 109
Query scope: 110
Query scope: 111
Query scope: 112
Query scope: 114
Query scope: 122
Query scope: 126
Query scope: 127
Query scope: 128
Query scope: 130
Query scope: 156
Query scope: 159
Query scope: 191
Query scope: 193
Query scope: 196
----------------------------
IIS optimality: suboptimal
IIS solution time: 2361.65798
IIS Constraint: 1; goods; {good:1}
IIS Constraint: 3; goods; {good:3}
IIS Constraint: 4; goods; {good:4}
IIS Constraint: 5; goods; {good:5}
IIS Constraint: 7; goods; {good:7}
IIS Constraint: 9; goods; {good:9}
IIS Constraint: 10; goods; {good:10}
IIS Constraint: 12; goods; {good:12}
IIS Constraint: 14; goods; {good:14}
IIS Constraint: 15; goods; {good:15}
IIS Constraint: 16; goods; {good:16}
IIS Constraint: 17; goods; {good:17}
IIS Constraint: 19; goods; {good:19}
IIS Constraint: 20; goods; {good:20}
IIS Constraint: 21; goods; {good:21}
IIS Constraint: 22; goods; {good:22}
IIS Constraint: 23; goods; {good:23}
IIS Constraint: 24; goods; {good:24}
IIS Constraint: 25; goods; {good:25}
IIS Constraint: 26; goods; {good:26}
IIS Constraint: 29; goods; {good:29}
IIS Constraint: 30; goods; {good:30}
IIS Constraint: 31; goods; {good:31}
IIS Constraint: 33; goods; {good:33}
IIS Constraint: 34; goods; {good:34}
IIS Constraint: 36; goods; {good:36}
IIS Constraint: 37; goods; {good:37}
IIS Constraint: 39; goods; {good:39}
IIS Constraint: 40; goods; {good:40}
IIS Constraint: 43; goods; {good:43}
IIS Constraint: 88; query; {goods:[43,29],query:11}
IIS Constraint: 89; max; {f:3155.1407000000036,objective:max}
