IIS generation
Instance: matching-52-200-280000
----------------------------
Query: 9
Query element:40
Query element:15
Query scope: 0
Query scope: 75
Query scope: 134
Query scope: 140
Query scope: 162
Query scope: 131
Query scope: 132
----------------------------
IIS optimality: suboptimal
IIS solution time: 14.30486
IIS Constraint: 0; goods; {good:0}
IIS Constraint: 4; goods; {good:4}
IIS Constraint: 8; goods; {good:8}
IIS Constraint: 14; goods; {good:14}
IIS Constraint: 17; goods; {good:17}
IIS Constraint: 18; goods; {good:18}
IIS Constraint: 21; goods; {good:21}
IIS Constraint: 22; goods; {good:22}
IIS Constraint: 25; goods; {good:25}
IIS Constraint: 26; goods; {good:26}
IIS Constraint: 29; goods; {good:29}
IIS Constraint: 30; goods; {good:30}
IIS Constraint: 33; goods; {good:33}
IIS Constraint: 37; goods; {good:37}
IIS Constraint: 43; goods; {good:43}
IIS Constraint: 44; goods; {good:44}
IIS Constraint: 47; goods; {good:47}
IIS Constraint: 48; goods; {good:48}
IIS Constraint: 51; goods; {good:51}
IIS Constraint: 60; goods; {good:60}
IIS Constraint: 65; goods; {good:65}
IIS Constraint: 70; goods; {good:70}
IIS Constraint: 71; goods; {good:71}
IIS Constraint: 83; query; {good:40,query:9}
IIS Constraint: 85; max; {f:153.76011,objective:max}
