IIS generation
Instance: regions-52-200-770000
----------------------------
Query: 7
Query element:29
Query scope: 0
Query scope: 1
Query scope: 2
Query scope: 3
Query scope: 4
Query scope: 5
Query scope: 14
Query scope: 17
Query scope: 20
Query scope: 25
Query scope: 27
Query scope: 28
Query scope: 30
Query scope: 31
Query scope: 32
Query scope: 33
Query scope: 35
Query scope: 41
Query scope: 43
Query scope: 44
Query scope: 45
Query scope: 46
Query scope: 47
Query scope: 49
Query scope: 50
Query scope: 52
Query scope: 54
Query scope: 72
Query scope: 73
Query scope: 77
Query scope: 80
Query scope: 81
Query scope: 82
Query scope: 84
Query scope: 85
Query scope: 87
Query scope: 103
Query scope: 104
Query scope: 105
Query scope: 106
Query scope: 107
Query scope: 108
Query scope: 138
Query scope: 144
Query scope: 148
Query scope: 153
Query scope: 154
Query scope: 155
Query scope: 156
Query scope: 157
Query scope: 158
Query scope: 159
Query scope: 160
Query scope: 161
Query scope: 162
Query scope: 163
Query scope: 164
Query scope: 179
Query scope: 180
Query scope: 183
----------------------------
IIS optimality: suboptimal
IIS solution time: 2975.26120
IIS Constraint: 0; goods; {good:0}
IIS Constraint: 1; goods; {good:1}
IIS Constraint: 2; goods; {good:2}
IIS Constraint: 3; goods; {good:3}
IIS Constraint: 5; goods; {good:5}
IIS Constraint: 6; goods; {good:6}
IIS Constraint: 7; goods; {good:7}
IIS Constraint: 9; goods; {good:9}
IIS Constraint: 10; goods; {good:10}
IIS Constraint: 11; goods; {good:11}
IIS Constraint: 12; goods; {good:12}
IIS Constraint: 13; goods; {good:13}
IIS Constraint: 15; goods; {good:15}
IIS Constraint: 16; goods; {good:16}
IIS Constraint: 17; goods; {good:17}
IIS Constraint: 18; goods; {good:18}
IIS Constraint: 19; goods; {good:19}
IIS Constraint: 20; goods; {good:20}
IIS Constraint: 21; goods; {good:21}
IIS Constraint: 23; goods; {good:23}
IIS Constraint: 24; goods; {good:24}
IIS Constraint: 25; goods; {good:25}
IIS Constraint: 26; goods; {good:26}
IIS Constraint: 27; goods; {good:27}
IIS Constraint: 30; goods; {good:30}
IIS Constraint: 32; goods; {good:32}
IIS Constraint: 33; goods; {good:33}
IIS Constraint: 36; goods; {good:36}
IIS Constraint: 37; goods; {good:37}
IIS Constraint: 38; goods; {good:38}
IIS Constraint: 40; goods; {good:40}
IIS Constraint: 47; goods; {good:47}
IIS Constraint: 91; query; {good:29,query:7}
IIS Constraint: 92; max; {f:3413.220999999996,objective:max}
