IIS generation
Instance: scheduling-52-200-20000
----------------------------
Query: 11
Query element:4
Query element:3
Query scope: 1
Query scope: 2
Query scope: 3
Query scope: 49
Query scope: 50
Query scope: 51
Query scope: 52
Query scope: 113
Query scope: 114
Query scope: 115
Query scope: 116
Query scope: 129
Query scope: 130
Query scope: 131
Query scope: 132
Query scope: 176
Query scope: 177
Query scope: 178
Query scope: 179
----------------------------
IIS optimality: optimal
IIS solution time: 0.01168
