IIS generation
Instance: paths-52-200-620000
----------------------------
Query: 9
Query element:12
Query element:6
Query scope: 23
Query scope: 27
Query scope: 52
Query scope: 54
Query scope: 70
Query scope: 99
Query scope: 100
Query scope: 102
Query scope: 140
Query scope: 157
Query scope: 186
Query scope: 196
Query scope: 33
Query scope: 36
Query scope: 56
Query scope: 58
Query scope: 60
Query scope: 93
Query scope: 94
Query scope: 96
Query scope: 115
Query scope: 148
Query scope: 153
Query scope: 167
Query scope: 172
Query scope: 174
Query scope: 198
----------------------------
IIS optimality: suboptimal
IIS solution time: 311.57869
IIS Constraint: 0; goods; {good:0}
IIS Constraint: 1; goods; {good:1}
IIS Constraint: 2; goods; {good:2}
IIS Constraint: 4; goods; {good:4}
IIS Constraint: 7; goods; {good:7}
IIS Constraint: 9; goods; {good:9}
IIS Constraint: 10; goods; {good:10}
IIS Constraint: 11; goods; {good:11}
IIS Constraint: 13; goods; {good:13}
IIS Constraint: 14; goods; {good:14}
IIS Constraint: 15; goods; {good:15}
IIS Constraint: 17; goods; {good:17}
IIS Constraint: 18; goods; {good:18}
IIS Constraint: 19; goods; {good:19}
IIS Constraint: 21; goods; {good:21}
IIS Constraint: 22; goods; {good:22}
IIS Constraint: 23; goods; {good:23}
IIS Constraint: 25; goods; {good:25}
IIS Constraint: 26; goods; {good:26}
IIS Constraint: 27; goods; {good:27}
IIS Constraint: 28; goods; {good:28}
IIS Constraint: 29; goods; {good:29}
IIS Constraint: 30; goods; {good:30}
IIS Constraint: 31; goods; {good:31}
IIS Constraint: 32; goods; {good:32}
IIS Constraint: 34; goods; {good:34}
IIS Constraint: 35; goods; {good:35}
IIS Constraint: 36; goods; {good:36}
IIS Constraint: 38; goods; {good:38}
IIS Constraint: 39; goods; {good:39}
IIS Constraint: 40; goods; {good:40}
IIS Constraint: 41; goods; {good:41}
IIS Constraint: 42; goods; {good:42}
IIS Constraint: 43; goods; {good:43}
IIS Constraint: 45; goods; {good:45}
IIS Constraint: 48; goods; {good:48}
IIS Constraint: 50; goods; {good:50}
IIS Constraint: 51; goods; {good:51}
IIS Constraint: 68; goods; {good:68}
IIS Constraint: 69; goods; {good:69}
IIS Constraint: 72; goods; {good:72}
IIS Constraint: 77; goods; {good:77}
IIS Constraint: 81; goods; {good:81}
IIS Constraint: 124; query; {good:12,query:9}
IIS Constraint: 126; max; {f:21.209812000000003,objective:max}
