IIS generation
Instance: arbitrary-52-200-710000
----------------------------
Query: 3
Query element:134
Query element:143
Query scope: 134
Query scope: 143
----------------------------
IIS optimality: suboptimal
IIS solution time: 0.02823
IIS Constraint: 5; goods; {good:5}
IIS Constraint: 8; goods; {good:8}
IIS Constraint: 10; goods; {good:10}
IIS Constraint: 12; goods; {good:12}
IIS Constraint: 16; goods; {good:16}
IIS Constraint: 17; goods; {good:17}
IIS Constraint: 19; goods; {good:19}
IIS Constraint: 21; goods; {good:21}
IIS Constraint: 24; goods; {good:24}
IIS Constraint: 30; goods; {good:30}
IIS Constraint: 31; goods; {good:31}
IIS Constraint: 32; goods; {good:32}
IIS Constraint: 34; goods; {good:34}
IIS Constraint: 36; goods; {good:36}
IIS Constraint: 41; goods; {good:41}
IIS Constraint: 43; goods; {good:43}
IIS Constraint: 48; goods; {good:48}
IIS Constraint: 90; query; {bid:143,query:3}
IIS Constraint: 91; max; {f:3464.9469,objective:max}
