IIS generation
Instance: scheduling-52-200-680000
----------------------------
Query: 7
Query element:9
Query scope: 9
Query scope: 16
Query scope: 17
Query scope: 18
Query scope: 19
Query scope: 20
Query scope: 56
Query scope: 107
Query scope: 108
Query scope: 124
Query scope: 125
Query scope: 126
Query scope: 127
Query scope: 128
Query scope: 129
Query scope: 130
Query scope: 131
Query scope: 174
Query scope: 175
Query scope: 176
----------------------------
IIS optimality: optimal
IIS solution time: 0.01063
