IIS generation
Instance: matching-52-200-630000
----------------------------
Query: 11
Query element:21
Query element:35
Query scope: 100
Query scope: 137
----------------------------
IIS optimality: suboptimal
IIS solution time: 17.00495
IIS Constraint: 0; goods; {good:0}
IIS Constraint: 1; goods; {good:1}
IIS Constraint: 4; goods; {good:4}
IIS Constraint: 5; goods; {good:5}
IIS Constraint: 8; goods; {good:8}
IIS Constraint: 9; goods; {good:9}
IIS Constraint: 13; goods; {good:13}
IIS Constraint: 17; goods; {good:17}
IIS Constraint: 21; goods; {good:21}
IIS Constraint: 25; goods; {good:25}
IIS Constraint: 29; goods; {good:29}
IIS Constraint: 33; goods; {good:33}
IIS Constraint: 35; goods; {good:35}
IIS Constraint: 37; goods; {good:37}
IIS Constraint: 40; goods; {good:40}
IIS Constraint: 44; goods; {good:44}
IIS Constraint: 45; goods; {good:45}
IIS Constraint: 48; goods; {good:48}
IIS Constraint: 49; goods; {good:49}
IIS Constraint: 52; goods; {good:52}
IIS Constraint: 55; goods; {good:55}
IIS Constraint: 61; goods; {good:61}
IIS Constraint: 63; goods; {good:63}
IIS Constraint: 65; goods; {good:65}
IIS Constraint: 67; goods; {good:67}
IIS Constraint: 68; goods; {good:68}
IIS Constraint: 70; goods; {good:70}
IIS Constraint: 71; goods; {good:71}
IIS Constraint: 76; goods; {good:76}
IIS Constraint: 80; query; {goods:[21,35],query:11}
IIS Constraint: 81; max; {f:52.288757000000004,objective:max}
