IIS generation
Instance: arbitrary-52-200-620000
----------------------------
Query: 11
Query element:11
Query element:5
Query scope: 4
Query scope: 15
Query scope: 22
Query scope: 31
Query scope: 34
Query scope: 37
Query scope: 41
Query scope: 43
Query scope: 56
Query scope: 94
Query scope: 141
Query scope: 143
Query scope: 144
Query scope: 150
Query scope: 161
Query scope: 163
----------------------------
IIS optimality: suboptimal
IIS solution time: 6142.98338
IIS Constraint: 0; goods; {good:0}
IIS Constraint: 1; goods; {good:1}
IIS Constraint: 3; goods; {good:3}
IIS Constraint: 5; goods; {good:5}
IIS Constraint: 6; goods; {good:6}
IIS Constraint: 7; goods; {good:7}
IIS Constraint: 8; goods; {good:8}
IIS Constraint: 9; goods; {good:9}
IIS Constraint: 10; goods; {good:10}
IIS Constraint: 11; goods; {good:11}
IIS Constraint: 12; goods; {good:12}
IIS Constraint: 13; goods; {good:13}
IIS Constraint: 15; goods; {good:15}
IIS Constraint: 17; goods; {good:17}
IIS Constraint: 19; goods; {good:19}
IIS Constraint: 20; goods; {good:20}
IIS Constraint: 21; goods; {good:21}
IIS Constraint: 22; goods; {good:22}
IIS Constraint: 23; goods; {good:23}
IIS Constraint: 24; goods; {good:24}
IIS Constraint: 26; goods; {good:26}
IIS Constraint: 27; goods; {good:27}
IIS Constraint: 28; goods; {good:28}
IIS Constraint: 29; goods; {good:29}
IIS Constraint: 30; goods; {good:30}
IIS Constraint: 31; goods; {good:31}
IIS Constraint: 32; goods; {good:32}
IIS Constraint: 34; goods; {good:34}
IIS Constraint: 35; goods; {good:35}
IIS Constraint: 36; goods; {good:36}
IIS Constraint: 41; goods; {good:41}
IIS Constraint: 42; goods; {good:42}
IIS Constraint: 43; goods; {good:43}
IIS Constraint: 45; goods; {good:45}
IIS Constraint: 46; goods; {good:46}
IIS Constraint: 88; query; {goods:[11,5],query:11}
IIS Constraint: 89; max; {f:2724.1957,objective:max}
