IIS generation
Iter 1: 
Min Hitting Set: []
Min Correction Subset: [32]
Iter 2: 
Min Hitting Set: [32]
Min Correction Subset: [13]
Iter 3: 
Min Hitting Set: [13, 32]
Min Correction Subset: [9]
Iter 4: 
Min Hitting Set: [9, 13, 32]
Min Correction Subset: [5]
Iter 5: 
Min Hitting Set: [5, 9, 13, 32]
Min Correction Subset: [1, 30]
Iter 6: 
Min Hitting Set: [1, 5, 9, 13, 32]
Min Correction Subset: [30, 31]
Iter 7: 
Min Hitting Set: [5, 9, 13, 30, 32]
Min Correction Subset: [1, 29]
Optimal IIS
Instance: matching-16-50-380000
----------------------------
Query: 9
Query element:15
Query element:2
Query scope: 4
Query scope: 5
Query scope: 12
Query scope: 34
Query scope: 36
Query scope: 37
Query scope: 6
Query scope: 7
Query scope: 8
Query scope: 38
Query scope: 39
Query scope: 40
----------------------------
IIS optimality: suboptimal
IIS solution time: 152.599
IIS Constraint: 1; goods; {good:1}
IIS Constraint: 5; goods; {good:5}
IIS Constraint: 9; goods; {good:9}
IIS Constraint: 13; goods; {good:13}
IIS Constraint: 30; query; {good:15,query:9}
IIS Constraint: 32; max; {f:37.80882,objective:max}
