IIS generation
Iter 1: 
Min Hitting Set: []
Min Correction Subset: [31]
Iter 2: 
Min Hitting Set: [31]
Min Correction Subset: [13]
Iter 3: 
Min Hitting Set: [13, 31]
Min Correction Subset: [9]
Iter 4: 
Min Hitting Set: [9, 13, 31]
Min Correction Subset: [5]
Iter 5: 
Min Hitting Set: [5, 9, 13, 31]
Min Correction Subset: [30]
Iter 6: 
Min Hitting Set: [5, 9, 13, 30, 31]
Min Correction Subset: [1, 6]
Optimal IIS
Instance: matching-16-50-220000
----------------------------
Query: 2
Query element:12
Query scope: 12
----------------------------
IIS optimality: suboptimal
IIS solution time: 140.600
IIS Constraint: 1; goods; {good:1}
IIS Constraint: 5; goods; {good:5}
IIS Constraint: 9; goods; {good:9}
IIS Constraint: 13; goods; {good:13}
IIS Constraint: 30; query; {bid:12,query:2}
IIS Constraint: 31; max; {f:18.386589999999998,objective:max}
