IIS generation
Iter 1: 
Min Hitting Set: []
Min Correction Subset: [30]
Iter 2: 
Min Hitting Set: [30]
Min Correction Subset: [12]
Iter 3: 
Min Hitting Set: [12, 30]
Min Correction Subset: [9]
Iter 4: 
Min Hitting Set: [9, 12, 30]
Min Correction Subset: [13]
Iter 5: 
Min Hitting Set: [9, 12, 13, 30]
Min Correction Subset: [11]
Iter 6: 
Min Hitting Set: [9, 11, 12, 13, 30]
Min Correction Subset: [10]
Iter 7: 
Min Hitting Set: [9, 10, 11, 12, 13, 30]
Min Correction Subset: [2, 3]
Iter 8: 
Min Hitting Set: [2, 9, 10, 11, 12, 13, 30]
Min Correction Subset: [17, 29]
Iter 9: 
Min Hitting Set: [2, 9, 10, 11, 12, 13, 17, 30]
Min Correction Subset: [3, 29]
Iter 10: 
Min Hitting Set: [3, 9, 10, 11, 12, 13, 29, 30]
Min Correction Subset: [2, 14]
Iter 11: 
Min Hitting Set: [2, 9, 10, 11, 12, 13, 29, 30]
Min Correction Subset: [4, 6]
Iter 12: 
Min Hitting Set: [2, 4, 9, 10, 11, 12, 13, 29, 30]
Min Correction Subset: [3, 18]
Iter 13: 
Min Hitting Set: [2, 3, 4, 9, 10, 11, 12, 13, 29, 30]
Min Correction Subset: [5, 6, 17]
Iter 14: 
Min Hitting Set: [2, 3, 6, 9, 10, 11, 12, 13, 17, 30]
Min Correction Subset: [14, 29]
Iter 15: 
Min Hitting Set: [3, 6, 9, 10, 11, 12, 13, 14, 29, 30]
Min Correction Subset: [2, 17]
Iter 16: 
Min Hitting Set: [3, 6, 9, 10, 11, 12, 13, 14, 17, 30]
Min Correction Subset: [15, 29]
Iter 17: 
Min Hitting Set: [2, 3, 6, 9, 10, 11, 12, 13, 29, 30]
Min Correction Subset: [4, 22]
Iter 18: 
Min Hitting Set: [2, 3, 4, 9, 10, 11, 12, 13, 17, 29, 30]
Min Correction Subset: [0, 15, 26]
Iter 19: 
Min Hitting Set: [3, 4, 9, 10, 11, 12, 13, 14, 15, 17, 30]
Min Correction Subset: [2, 6]
Iter 20: 
Min Hitting Set: [2, 3, 4, 6, 9, 10, 11, 12, 13, 15, 29, 30]
Min Correction Subset: [0, 5, 17, 28]
Iter 21: 
Min Hitting Set: [3, 4, 6, 9, 10, 11, 12, 13, 14, 15, 17, 30]
Min Correction Subset: [28, 29]
Iter 22: 
Min Hitting Set: [2, 3, 4, 9, 10, 11, 12, 13, 15, 17, 29, 30]
Min Correction Subset: [0, 6, 26]
Iter 23: 
Min Hitting Set: [0, 2, 3, 4, 9, 10, 11, 12, 13, 17, 29, 30]
Min Correction Subset: [6, 15, 21, 22]
Iter 24: 
Min Hitting Set: [0, 2, 3, 4, 6, 9, 10, 11, 12, 13, 29, 30]
Min Correction Subset: [5, 15, 17]
Iter 25: 
Min Hitting Set: [2, 3, 4, 6, 9, 10, 11, 12, 13, 15, 17, 29, 30]
Min Correction Subset: [0, 1, 18, 22, 28]
Iter 26: 
Min Hitting Set: [2, 3, 6, 9, 10, 11, 12, 13, 15, 17, 22, 29, 30]
Min Correction Subset: [0, 4]
Iter 27: 
Min Hitting Set: [2, 4, 6, 9, 10, 11, 12, 13, 15, 17, 18, 29, 30]
Min Correction Subset: [0, 1, 3, 22]
Optimal IIS
Instance: paths-16-50-730000
----------------------------
Query: 3
Query element:32
Query element:1
Query scope: 32
Query scope: 1
----------------------------
IIS optimality: suboptimal
IIS solution time: 2358.414
IIS Constraint: 2; goods; {good:2}
IIS Constraint: 3; goods; {good:3}
IIS Constraint: 4; goods; {good:4}
IIS Constraint: 6; goods; {good:6}
IIS Constraint: 9; goods; {good:9}
IIS Constraint: 10; goods; {good:10}
IIS Constraint: 11; goods; {good:11}
IIS Constraint: 12; goods; {good:12}
IIS Constraint: 13; goods; {good:13}
IIS Constraint: 15; goods; {good:15}
IIS Constraint: 28; query; {bid:32,query:3}
IIS Constraint: 29; query; {bid:1,query:3}
IIS Constraint: 30; max; {f:9.212397,objective:max}
