IIS generation
Iter 1: 
Min Hitting Set: []
Min Correction Subset: [27]
Iter 2: 
Min Hitting Set: [27]
Min Correction Subset: [9]
Iter 3: 
Min Hitting Set: [9, 27]
Min Correction Subset: [6]
Iter 4: 
Min Hitting Set: [6, 9, 27]
Min Correction Subset: [12]
Iter 5: 
Min Hitting Set: [6, 9, 12, 27]
Min Correction Subset: [14]
Iter 6: 
Min Hitting Set: [6, 9, 12, 14, 27]
Min Correction Subset: [3]
Iter 7: 
Min Hitting Set: [3, 6, 9, 12, 14, 27]
Min Correction Subset: [2]
Iter 8: 
Min Hitting Set: [2, 3, 6, 9, 12, 14, 27]
Min Correction Subset: [7]
Iter 9: 
Min Hitting Set: [2, 3, 6, 7, 9, 12, 14, 27]
Min Correction Subset: [1]
Iter 10: 
Min Hitting Set: [1, 2, 3, 6, 7, 9, 12, 14, 27]
Min Correction Subset: [26]
Iter 11: 
Min Hitting Set: [1, 2, 3, 6, 7, 9, 12, 14, 26, 27]
Min Correction Subset: [0, 5]
Iter 12: 
Min Hitting Set: [0, 1, 2, 3, 6, 7, 9, 12, 14, 26, 27]
Min Correction Subset: [10, 15]
Iter 13: 
Min Hitting Set: [0, 1, 2, 3, 6, 7, 9, 10, 12, 14, 26, 27]
Min Correction Subset: [8, 15]
Optimal IIS
Instance: arbitrary-16-50-470000
----------------------------
Query: 10
Query element:7
Query element:11
Query scope: 2
Query scope: 3
Query scope: 6
Query scope: 11
Query scope: 20
Query scope: 24
Query scope: 25
Query scope: 26
Query scope: 27
Query scope: 45
Query scope: 49
Query scope: 50
Query scope: 53
Query scope: 54
----------------------------
IIS optimality: suboptimal
IIS solution time: 2688.101
IIS Constraint: 0; goods; {good:0}
IIS Constraint: 1; goods; {good:1}
IIS Constraint: 2; goods; {good:2}
IIS Constraint: 3; goods; {good:3}
IIS Constraint: 6; goods; {good:6}
IIS Constraint: 7; goods; {good:7}
IIS Constraint: 9; goods; {good:9}
IIS Constraint: 12; goods; {good:12}
IIS Constraint: 14; goods; {good:14}
IIS Constraint: 15; goods; {good:15}
IIS Constraint: 26; query; {goods:[7,11],query:10}
IIS Constraint: 27; max; {f:1020.2611,objective:max}
