IIS generation
Iter 1: 
Min Hitting Set: []
Min Correction Subset: [22]
Iter 2: 
Min Hitting Set: [22]
Min Correction Subset: [18]
Iter 3: 
Min Hitting Set: [18, 22]
Min Correction Subset: [21]
Iter 4: 
Min Hitting Set: [18, 21, 22]
Min Correction Subset: [2, 3]
Iter 5: 
Min Hitting Set: [2, 18, 21, 22]
Min Correction Subset: [7, 8]
Iter 6: 
Min Hitting Set: [2, 7, 18, 21, 22]
Min Correction Subset: [11, 12]
Iter 7: 
Min Hitting Set: [2, 7, 11, 18, 21, 22]
Min Correction Subset: [3, 4, 5, 6]
Optimal IIS
Instance: scheduling-16-50-40000
----------------------------
Query: 8
Query element:15
Query scope: 11
Query scope: 19
Query scope: 35
Query scope: 58
----------------------------
IIS optimality: suboptimal
IIS solution time: 1517.438
IIS Constraint: 3; goods; {good:3}
IIS Constraint: 7; goods; {good:7}
IIS Constraint: 11; goods; {good:11}
IIS Constraint: 18; goods; {good:18}
IIS Constraint: 21; query; {good:15,query:8}
IIS Constraint: 22; max; {f:24.02971,objective:max}
