IIS generation
Iter 1: 
Min Hitting Set: []
Min Correction Subset: [26]
Iter 2: 
Min Hitting Set: [26]
Min Correction Subset: [25]
Iter 3: 
Min Hitting Set: [25, 26]
Min Correction Subset: [0, 14]
Iter 4: 
Min Hitting Set: [0, 25, 26]
Min Correction Subset: [3, 5]
Iter 5: 
Min Hitting Set: [0, 3, 25, 26]
Min Correction Subset: [1, 2, 5]
Iter 6: 
Min Hitting Set: [0, 5, 25, 26]
Min Correction Subset: [2, 3]
Iter 7: 
Min Hitting Set: [0, 2, 3, 25, 26]
Min Correction Subset: [5, 6, 10]
Iter 8: 
Min Hitting Set: [0, 2, 5, 25, 26]
Min Correction Subset: [8, 9, 12]
Iter 9: 
Min Hitting Set: [0, 2, 5, 8, 25, 26]
Min Correction Subset: [3, 6, 7]
Iter 10: 
Min Hitting Set: [0, 3, 5, 8, 25, 26]
Min Correction Subset: [1, 2, 6]
Iter 11: 
Min Hitting Set: [0, 2, 3, 5, 8, 25, 26]
Min Correction Subset: [10, 11, 13, 14]
Iter 12: 
Min Hitting Set: [2, 3, 5, 8, 14, 25, 26]
Min Correction Subset: [0, 6, 7, 9]
Iter 13: 
Min Hitting Set: [2, 3, 5, 9, 14, 25, 26]
Min Correction Subset: [0, 1, 13, 20]
Iter 14: 
Min Hitting Set: [1, 3, 9, 10, 14, 25, 26]
Min Correction Subset: [2, 8, 12]
Iter 15: 
Min Hitting Set: [0, 1, 3, 8, 10, 25, 26]
Min Correction Subset: [5, 6, 9]
Optimal IIS
Instance: regions-16-50-840000
----------------------------
Query: 7
Query element:4
Query scope: 0
Query scope: 1
Query scope: 2
Query scope: 3
Query scope: 4
Query scope: 5
Query scope: 6
Query scope: 8
Query scope: 16
Query scope: 18
Query scope: 21
Query scope: 25
Query scope: 27
Query scope: 30
Query scope: 31
Query scope: 33
Query scope: 34
Query scope: 35
Query scope: 36
Query scope: 37
Query scope: 38
Query scope: 39
Query scope: 40
Query scope: 42
Query scope: 43
Query scope: 45
Query scope: 47
Query scope: 48
Query scope: 49
----------------------------
IIS optimality: suboptimal
IIS solution time: 1335.241
IIS Constraint: 1; goods; {good:1}
IIS Constraint: 3; goods; {good:3}
IIS Constraint: 6; goods; {good:6}
IIS Constraint: 8; goods; {good:8}
IIS Constraint: 14; goods; {good:14}
IIS Constraint: 25; query; {good:4,query:7}
IIS Constraint: 26; max; {f:913.411,objective:max}
