IIS generation
Iter 1: 
Min Hitting Set: []
Min Correction Subset: [26]
Iter 2: 
Min Hitting Set: [26]
Min Correction Subset: [27]
Iter 3: 
Min Hitting Set: [26, 27]
Min Correction Subset: [2]
Iter 4: 
Min Hitting Set: [2, 26, 27]
Min Correction Subset: [5]
Iter 5: 
Min Hitting Set: [2, 5, 26, 27]
Min Correction Subset: [4]
Iter 6: 
Min Hitting Set: [2, 4, 5, 26, 27]
Min Correction Subset: [8]
Iter 7: 
Min Hitting Set: [2, 4, 5, 8, 26, 27]
Min Correction Subset: [0]
Iter 8: 
Min Hitting Set: [0, 2, 4, 5, 8, 26, 27]
Min Correction Subset: [7]
Iter 9: 
Min Hitting Set: [0, 2, 4, 5, 7, 8, 26, 27]
Min Correction Subset: [14]
Iter 10: 
Min Hitting Set: [0, 2, 4, 5, 7, 8, 14, 26, 27]
Min Correction Subset: [13]
Iter 11: 
Min Hitting Set: [0, 2, 4, 5, 7, 8, 13, 14, 26, 27]
Min Correction Subset: [6]
Iter 12: 
Min Hitting Set: [0, 2, 4, 5, 6, 7, 8, 13, 14, 26, 27]
Min Correction Subset: [1, 9]
Iter 13: 
Min Hitting Set: [0, 1, 2, 4, 5, 6, 7, 8, 13, 14, 26, 27]
Min Correction Subset: [9, 11]
Iter 14: 
Min Hitting Set: [0, 2, 4, 5, 6, 7, 8, 9, 13, 14, 26, 27]
Min Correction Subset: [3, 10, 11, 15]
Iter 15: 
Min Hitting Set: [0, 1, 2, 4, 5, 6, 7, 8, 11, 13, 14, 26, 27]
Min Correction Subset: [9, 10, 15]
Optimal IIS
Instance: arbitrary-16-50-750000
----------------------------
Query: 8
Query element:12
Query scope: 1
Query scope: 5
Query scope: 6
Query scope: 11
Query scope: 12
Query scope: 16
Query scope: 18
Query scope: 19
Query scope: 20
Query scope: 21
Query scope: 30
Query scope: 32
Query scope: 34
Query scope: 35
Query scope: 36
Query scope: 40
Query scope: 41
Query scope: 48
Query scope: 51
Query scope: 52
Query scope: 53
----------------------------
IIS optimality: suboptimal
IIS solution time: 462.374
IIS Constraint: 0; goods; {good:0}
IIS Constraint: 2; goods; {good:2}
IIS Constraint: 4; goods; {good:4}
IIS Constraint: 5; goods; {good:5}
IIS Constraint: 6; goods; {good:6}
IIS Constraint: 7; goods; {good:7}
IIS Constraint: 8; goods; {good:8}
IIS Constraint: 9; goods; {good:9}
IIS Constraint: 10; goods; {good:10}
IIS Constraint: 13; goods; {good:13}
IIS Constraint: 14; goods; {good:14}
IIS Constraint: 26; query; {good:12,query:8}
IIS Constraint: 27; max; {f:927.209,objective:max}
