IIS generation
Iter 1: 
Min Hitting Set: []
Min Correction Subset: [27]
Iter 2: 
Min Hitting Set: [27]
Min Correction Subset: [3]
Iter 3: 
Min Hitting Set: [3, 27]
Min Correction Subset: [10]
Iter 4: 
Min Hitting Set: [3, 10, 27]
Min Correction Subset: [7]
Iter 5: 
Min Hitting Set: [3, 7, 10, 27]
Min Correction Subset: [0]
Iter 6: 
Min Hitting Set: [0, 3, 7, 10, 27]
Min Correction Subset: [9]
Iter 7: 
Min Hitting Set: [0, 3, 7, 9, 10, 27]
Min Correction Subset: [12]
Iter 8: 
Min Hitting Set: [0, 3, 7, 9, 10, 12, 27]
Min Correction Subset: [13]
Iter 9: 
Min Hitting Set: [0, 3, 7, 9, 10, 12, 13, 27]
Min Correction Subset: [11]
Iter 10: 
Min Hitting Set: [0, 3, 7, 9, 10, 11, 12, 13, 27]
Min Correction Subset: [5]
Iter 11: 
Min Hitting Set: [0, 3, 5, 7, 9, 10, 11, 12, 13, 27]
Min Correction Subset: [15]
Iter 12: 
Min Hitting Set: [0, 3, 5, 7, 9, 10, 11, 12, 13, 15, 27]
Min Correction Subset: [26]
Iter 13: 
Min Hitting Set: [0, 3, 5, 7, 9, 10, 11, 12, 13, 15, 26, 27]
Min Correction Subset: [1, 4]
Iter 14: 
Min Hitting Set: [0, 1, 3, 5, 7, 9, 10, 11, 12, 13, 15, 26, 27]
Min Correction Subset: [4, 6]
Iter 15: 
Min Hitting Set: [0, 3, 4, 5, 7, 9, 10, 11, 12, 13, 15, 26, 27]
Min Correction Subset: [1, 6]
Iter 16: 
Min Hitting Set: [0, 1, 3, 4, 5, 7, 9, 10, 11, 12, 13, 15, 26, 27]
Min Correction Subset: [2, 25]
Optimal IIS
Instance: arbitrary-16-50-520000
----------------------------
Query: 8
Query element:8
Query scope: 0
Query scope: 1
Query scope: 2
Query scope: 3
Query scope: 4
Query scope: 5
Query scope: 15
Query scope: 19
Query scope: 23
Query scope: 24
Query scope: 26
Query scope: 29
Query scope: 31
Query scope: 32
Query scope: 44
Query scope: 46
Query scope: 47
----------------------------
IIS optimality: suboptimal
IIS solution time: 4766.197
IIS Constraint: 0; goods; {good:0}
IIS Constraint: 1; goods; {good:1}
IIS Constraint: 2; goods; {good:2}
IIS Constraint: 3; goods; {good:3}
IIS Constraint: 4; goods; {good:4}
IIS Constraint: 5; goods; {good:5}
IIS Constraint: 7; goods; {good:7}
IIS Constraint: 9; goods; {good:9}
IIS Constraint: 10; goods; {good:10}
IIS Constraint: 11; goods; {good:11}
IIS Constraint: 12; goods; {good:12}
IIS Constraint: 13; goods; {good:13}
IIS Constraint: 15; goods; {good:15}
IIS Constraint: 26; query; {good:8,query:8}
IIS Constraint: 27; max; {f:1107.0157999999992,objective:max}
