IIS generation
Iter 1: 
Min Hitting Set: []
Min Correction Subset: [27]
Iter 2: 
Min Hitting Set: [27]
Min Correction Subset: [2]
Iter 3: 
Min Hitting Set: [2, 27]
Min Correction Subset: [1]
Iter 4: 
Min Hitting Set: [1, 2, 27]
Min Correction Subset: [26]
Iter 5: 
Min Hitting Set: [1, 2, 26, 27]
Min Correction Subset: [0]
Iter 6: 
Min Hitting Set: [0, 1, 2, 26, 27]
Min Correction Subset: [4, 5]
Iter 7: 
Min Hitting Set: [0, 1, 2, 4, 26, 27]
Min Correction Subset: [8, 9]
Iter 8: 
Min Hitting Set: [0, 1, 2, 4, 8, 26, 27]
Min Correction Subset: [11, 22]
Iter 9: 
Min Hitting Set: [0, 1, 2, 4, 8, 11, 26, 27]
Min Correction Subset: [5, 6]
Iter 10: 
Min Hitting Set: [0, 1, 2, 5, 8, 11, 26, 27]
Min Correction Subset: [4, 22]
Iter 11: 
Min Hitting Set: [0, 1, 2, 5, 8, 22, 26, 27]
Min Correction Subset: [10, 11, 12]
Optimal IIS
Instance: scheduling-16-50-640000
----------------------------
Query: 1
Query element:45
Query scope: 45
----------------------------
IIS optimality: suboptimal
IIS solution time: 3089.936
IIS Constraint: 0; goods; {good:0}
IIS Constraint: 1; goods; {good:1}
IIS Constraint: 2; goods; {good:2}
IIS Constraint: 4; goods; {good:4}
IIS Constraint: 5; goods; {good:5}
IIS Constraint: 8; goods; {good:8}
IIS Constraint: 11; goods; {good:11}
IIS Constraint: 26; query; {bid:45,query:1}
IIS Constraint: 27; max; {f:19.918686,objective:max}
