IIS generation
Iter 1: 
Min Hitting Set: []
Min Correction Subset: [26]
Iter 2: 
Min Hitting Set: [26]
Min Correction Subset: [14]
Iter 3: 
Min Hitting Set: [14, 26]
Min Correction Subset: [5]
Iter 4: 
Min Hitting Set: [5, 14, 26]
Min Correction Subset: [25]
Iter 5: 
Min Hitting Set: [5, 14, 25, 26]
Min Correction Subset: [3, 7]
Iter 6: 
Min Hitting Set: [3, 5, 14, 25, 26]
Min Correction Subset: [2, 7]
Iter 7: 
Min Hitting Set: [5, 7, 14, 25, 26]
Min Correction Subset: [2, 3]
Iter 8: 
Min Hitting Set: [2, 3, 5, 14, 25, 26]
Min Correction Subset: [6, 7]
Iter 9: 
Min Hitting Set: [2, 5, 7, 14, 25, 26]
Min Correction Subset: [3, 6]
Iter 10: 
Min Hitting Set: [3, 5, 7, 14, 25, 26]
Min Correction Subset: [0, 4, 9]
Optimal IIS
Instance: regions-16-50-240000
----------------------------
Query: 10
Query element:12
Query element:11
Query scope: 0
Query scope: 25
Query scope: 29
Query scope: 30
Query scope: 31
Query scope: 38
Query scope: 39
Query scope: 40
Query scope: 41
Query scope: 43
----------------------------
IIS optimality: suboptimal
IIS solution time: 313.169
IIS Constraint: 0; goods; {good:0}
IIS Constraint: 3; goods; {good:3}
IIS Constraint: 5; goods; {good:5}
IIS Constraint: 7; goods; {good:7}
IIS Constraint: 14; goods; {good:14}
IIS Constraint: 25; query; {goods:[12,11],query:10}
IIS Constraint: 26; max; {f:843.851,objective:max}
