IIS generation
Iter 1: 
Min Hitting Set: []
Min Correction Subset: [35]
Iter 2: 
Min Hitting Set: [35]
Min Correction Subset: [1]
Iter 3: 
Min Hitting Set: [1, 35]
Min Correction Subset: [5]
Iter 4: 
Min Hitting Set: [1, 5, 35]
Min Correction Subset: [0]
Iter 5: 
Min Hitting Set: [0, 1, 5, 35]
Min Correction Subset: [9, 14]
Iter 6: 
Min Hitting Set: [0, 1, 5, 9, 35]
Min Correction Subset: [15, 34]
Iter 7: 
Min Hitting Set: [0, 1, 5, 9, 15, 35]
Min Correction Subset: [33, 34]
Iter 8: 
Min Hitting Set: [0, 1, 5, 9, 34, 35]
Min Correction Subset: [4, 13, 15]
Iter 9: 
Min Hitting Set: [0, 1, 5, 9, 15, 33, 35]
Min Correction Subset: [4, 13, 34]
Optimal IIS
Instance: matching-16-50-40000
----------------------------
Query: 9
Query element:8
Query element:10
Query scope: 33
Query scope: 3
Query scope: 5
Query scope: 16
Query scope: 18
Query scope: 28
Query scope: 30
Query scope: 36
----------------------------
IIS optimality: suboptimal
IIS solution time: 190.915
IIS Constraint: 0; goods; {good:0}
IIS Constraint: 1; goods; {good:1}
IIS Constraint: 4; goods; {good:4}
IIS Constraint: 5; goods; {good:5}
IIS Constraint: 9; goods; {good:9}
IIS Constraint: 34; query; {good:10,query:9}
IIS Constraint: 35; max; {f:46.05075,objective:max}
