IIS generation
Iter 1: 
Min Hitting Set: []
Min Correction Subset: [23]
Iter 2: 
Min Hitting Set: [23]
Min Correction Subset: [22]
Iter 3: 
Min Hitting Set: [22, 23]
Min Correction Subset: [3, 4, 5, 6, 7]
Iter 4: 
Min Hitting Set: [3, 22, 23]
Min Correction Subset: [4, 11, 12, 13, 14]
Iter 5: 
Min Hitting Set: [4, 22, 23]
Min Correction Subset: [5, 6, 7, 8, 9]
Iter 6: 
Min Hitting Set: [4, 5, 22, 23]
Min Correction Subset: [7, 8, 9, 10, 11]
Iter 7: 
Min Hitting Set: [4, 7, 22, 23]
Min Correction Subset: [8, 9, 10, 11, 12]
Iter 8: 
Min Hitting Set: [4, 9, 22, 23]
Min Correction Subset: [11, 12, 13, 14, 15, 21]
Iter 9: 
Min Hitting Set: [7, 11, 22, 23]
Min Correction Subset: [1, 2, 3, 4, 5]
Iter 10: 
Min Hitting Set: [5, 11, 22, 23]
Min Correction Subset: [6, 7, 8, 9, 10]
Optimal IIS
Instance: scheduling-16-50-70000
----------------------------
Query: 2
Query element:17
Query scope: 17
----------------------------
IIS optimality: suboptimal
IIS solution time: 1022.390
IIS Constraint: 4; goods; {good:4}
IIS Constraint: 7; goods; {good:7}
IIS Constraint: 11; goods; {good:11}
IIS Constraint: 22; query; {bid:17,query:2}
IIS Constraint: 23; max; {f:22.692660000000004,objective:max}
