IIS generation
Iter 1: 
Min Hitting Set: []
Min Correction Subset: [35]
Iter 2: 
Min Hitting Set: [35]
Min Correction Subset: [13]
Iter 3: 
Min Hitting Set: [13, 35]
Min Correction Subset: [9]
Iter 4: 
Min Hitting Set: [9, 13, 35]
Min Correction Subset: [5]
Iter 5: 
Min Hitting Set: [5, 9, 13, 35]
Min Correction Subset: [2]
Iter 6: 
Min Hitting Set: [2, 5, 9, 13, 35]
Min Correction Subset: [10, 34]
Iter 7: 
Min Hitting Set: [2, 5, 9, 10, 13, 35]
Min Correction Subset: [6, 34]
Iter 8: 
Min Hitting Set: [2, 5, 9, 13, 34, 35]
Min Correction Subset: [1, 32]
Optimal IIS
Instance: matching-16-50-240000
----------------------------
Query: 3
Query element:14
Query element:34
Query scope: 14
Query scope: 34
----------------------------
IIS optimality: suboptimal
IIS solution time: 133.284
IIS Constraint: 1; goods; {good:1}
IIS Constraint: 2; goods; {good:2}
IIS Constraint: 5; goods; {good:5}
IIS Constraint: 9; goods; {good:9}
IIS Constraint: 13; goods; {good:13}
IIS Constraint: 34; query; {bid:34,query:3}
IIS Constraint: 35; max; {f:42.634046000000005,objective:max}
