IIS generation
Iter 1: 
Min Hitting Set: []
Min Correction Subset: [27]
Iter 2: 
Min Hitting Set: [27]
Min Correction Subset: [10]
Iter 3: 
Min Hitting Set: [10, 27]
Min Correction Subset: [12]
Iter 4: 
Min Hitting Set: [10, 12, 27]
Min Correction Subset: [14]
Iter 5: 
Min Hitting Set: [10, 12, 14, 27]
Min Correction Subset: [26]
Iter 6: 
Min Hitting Set: [10, 12, 14, 26, 27]
Min Correction Subset: [5, 11]
Iter 7: 
Min Hitting Set: [5, 10, 12, 14, 26, 27]
Min Correction Subset: [1, 4]
Iter 8: 
Min Hitting Set: [1, 5, 10, 12, 14, 26, 27]
Min Correction Subset: [4, 13]
Iter 9: 
Min Hitting Set: [4, 5, 10, 12, 14, 26, 27]
Min Correction Subset: [8, 13]
Iter 10: 
Min Hitting Set: [4, 5, 10, 12, 13, 14, 26, 27]
Min Correction Subset: [1, 8]
Iter 11: 
Min Hitting Set: [1, 5, 10, 12, 13, 14, 26, 27]
Min Correction Subset: [9, 15]
Iter 12: 
Min Hitting Set: [1, 5, 9, 10, 12, 13, 14, 26, 27]
Min Correction Subset: [7, 19]
Iter 13: 
Min Hitting Set: [1, 5, 7, 9, 10, 12, 13, 14, 26, 27]
Min Correction Subset: [2, 8]
Iter 14: 
Min Hitting Set: [4, 5, 7, 8, 9, 10, 12, 14, 26, 27]
Min Correction Subset: [1, 15]
Iter 15: 
Min Hitting Set: [4, 5, 7, 8, 10, 12, 14, 15, 26, 27]
Min Correction Subset: [9, 13]
Iter 16: 
Min Hitting Set: [1, 4, 5, 7, 8, 9, 10, 12, 14, 26, 27]
Min Correction Subset: [2, 13]
Iter 17: 
Min Hitting Set: [4, 5, 7, 8, 10, 12, 13, 14, 15, 26, 27]
Min Correction Subset: [1, 9]
Iter 18: 
Min Hitting Set: [1, 5, 7, 8, 9, 10, 12, 13, 14, 26, 27]
Min Correction Subset: [4, 15]
Iter 19: 
Min Hitting Set: [1, 5, 7, 8, 10, 12, 13, 14, 15, 26, 27]
Min Correction Subset: [9, 24]
Iter 20: 
Min Hitting Set: [2, 4, 5, 7, 8, 9, 10, 12, 14, 15, 26, 27]
Min Correction Subset: [0, 13]
Optimal IIS
Instance: arbitrary-16-50-280000
----------------------------
Query: 8
Query element:6
Query scope: 0
Query scope: 1
Query scope: 2
Query scope: 3
Query scope: 4
Query scope: 5
Query scope: 7
Query scope: 8
Query scope: 9
Query scope: 10
Query scope: 11
Query scope: 17
Query scope: 18
Query scope: 24
Query scope: 26
Query scope: 27
Query scope: 28
Query scope: 29
Query scope: 30
Query scope: 31
Query scope: 37
Query scope: 39
Query scope: 41
Query scope: 42
Query scope: 43
Query scope: 53
----------------------------
IIS optimality: suboptimal
IIS solution time: 2498.842
IIS Constraint: 1; goods; {good:1}
IIS Constraint: 4; goods; {good:4}
IIS Constraint: 5; goods; {good:5}
IIS Constraint: 7; goods; {good:7}
IIS Constraint: 8; goods; {good:8}
IIS Constraint: 9; goods; {good:9}
IIS Constraint: 10; goods; {good:10}
IIS Constraint: 12; goods; {good:12}
IIS Constraint: 13; goods; {good:13}
IIS Constraint: 14; goods; {good:14}
IIS Constraint: 26; query; {good:6,query:8}
IIS Constraint: 27; max; {f:1162.345,objective:max}
