IIS generation
Iter 1: 
Min Hitting Set: []
Min Correction Subset: [22]
Iter 2: 
Min Hitting Set: [22]
Min Correction Subset: [21]
Iter 3: 
Min Hitting Set: [21, 22]
Min Correction Subset: [10, 11, 12]
Iter 4: 
Min Hitting Set: [10, 21, 22]
Min Correction Subset: [1, 2, 20]
Iter 5: 
Min Hitting Set: [1, 10, 21, 22]
Min Correction Subset: [5, 6, 20]
Iter 6: 
Min Hitting Set: [10, 20, 21, 22]
Min Correction Subset: [6, 7, 19]
Iter 7: 
Min Hitting Set: [6, 10, 20, 21, 22]
Min Correction Subset: [3, 4, 19]
Iter 8: 
Min Hitting Set: [10, 19, 20, 21, 22]
Min Correction Subset: [5, 12, 18]
Iter 9: 
Min Hitting Set: [12, 19, 20, 21, 22]
Min Correction Subset: [3, 4, 5, 6]
Iter 10: 
Min Hitting Set: [4, 6, 12, 20, 21, 22]
Min Correction Subset: [1, 2, 19]
Iter 11: 
Min Hitting Set: [6, 12, 19, 20, 21, 22]
Min Correction Subset: [3, 4, 5, 16]
Iter 12: 
Min Hitting Set: [5, 12, 19, 20, 21, 22]
Min Correction Subset: [9, 10, 11, 16]
Iter 13: 
Min Hitting Set: [5, 10, 19, 20, 21, 22]
Min Correction Subset: [3, 12, 18]
Iter 14: 
Min Hitting Set: [5, 12, 16, 19, 20, 21, 22]
Min Correction Subset: [6, 9, 10, 11]
Iter 15: 
Min Hitting Set: [3, 10, 12, 19, 20, 21, 22]
Min Correction Subset: [4, 5, 6, 9]
Iter 16: 
Min Hitting Set: [6, 12, 16, 19, 20, 21, 22]
Min Correction Subset: [2, 3, 4, 5]
Iter 17: 
Min Hitting Set: [5, 11, 12, 19, 20, 21, 22]
Min Correction Subset: [7, 8, 9, 10, 18]
Iter 18: 
Min Hitting Set: [5, 10, 12, 19, 20, 21, 22]
Min Correction Subset: [1, 2, 3, 4, 18]
Optimal IIS
Instance: scheduling-16-50-860000
----------------------------
Query: 2
Query element:28
Query scope: 28
----------------------------
IIS optimality: suboptimal
IIS solution time: 6280.373
IIS Constraint: 5; goods; {good:5}
IIS Constraint: 10; goods; {good:10}
IIS Constraint: 18; goods; {good:18}
IIS Constraint: 19; goods; {good:19}
IIS Constraint: 20; goods; {good:20}
IIS Constraint: 21; query; {bid:28,query:2}
IIS Constraint: 22; max; {f:22.442299999999996,objective:max}
