IIS generation
Iter 1: 
Min Hitting Set: []
Min Correction Subset: [28]
Iter 2: 
Min Hitting Set: [28]
Min Correction Subset: [4]
Iter 3: 
Min Hitting Set: [4, 28]
Min Correction Subset: [3]
Iter 4: 
Min Hitting Set: [3, 4, 28]
Min Correction Subset: [27]
Iter 5: 
Min Hitting Set: [3, 4, 27, 28]
Min Correction Subset: [5]
Iter 6: 
Min Hitting Set: [3, 4, 5, 27, 28]
Min Correction Subset: [6]
Iter 7: 
Min Hitting Set: [3, 4, 5, 6, 27, 28]
Min Correction Subset: [10]
Iter 8: 
Min Hitting Set: [3, 4, 5, 6, 10, 27, 28]
Min Correction Subset: [15]
Iter 9: 
Min Hitting Set: [3, 4, 5, 6, 10, 15, 27, 28]
Min Correction Subset: [11]
Iter 10: 
Min Hitting Set: [3, 4, 5, 6, 10, 11, 15, 27, 28]
Min Correction Subset: [12]
Iter 11: 
Min Hitting Set: [3, 4, 5, 6, 10, 11, 12, 15, 27, 28]
Min Correction Subset: [7, 14]
Iter 12: 
Min Hitting Set: [3, 4, 5, 6, 7, 10, 11, 12, 15, 27, 28]
Min Correction Subset: [8, 14]
Iter 13: 
Min Hitting Set: [3, 4, 5, 6, 10, 11, 12, 14, 15, 27, 28]
Min Correction Subset: [8, 9]
Iter 14: 
Min Hitting Set: [3, 4, 5, 6, 8, 10, 11, 12, 14, 15, 27, 28]
Min Correction Subset: [7, 13]
Iter 15: 
Min Hitting Set: [3, 4, 5, 6, 7, 8, 10, 11, 12, 15, 27, 28]
Min Correction Subset: [0, 14]
Optimal IIS
Instance: arbitrary-16-50-100000
----------------------------
Query: 8
Query element:2
Query scope: 2
Query scope: 3
Query scope: 12
Query scope: 13
Query scope: 14
Query scope: 16
Query scope: 17
Query scope: 25
Query scope: 33
Query scope: 34
Query scope: 35
Query scope: 39
Query scope: 40
Query scope: 41
Query scope: 42
Query scope: 43
Query scope: 44
Query scope: 45
Query scope: 47
Query scope: 49
Query scope: 51
----------------------------
IIS optimality: suboptimal
IIS solution time: 556.447
IIS Constraint: 3; goods; {good:3}
IIS Constraint: 4; goods; {good:4}
IIS Constraint: 5; goods; {good:5}
IIS Constraint: 6; goods; {good:6}
IIS Constraint: 7; goods; {good:7}
IIS Constraint: 8; goods; {good:8}
IIS Constraint: 10; goods; {good:10}
IIS Constraint: 11; goods; {good:11}
IIS Constraint: 12; goods; {good:12}
IIS Constraint: 14; goods; {good:14}
IIS Constraint: 15; goods; {good:15}
IIS Constraint: 27; query; {good:2,query:8}
IIS Constraint: 28; max; {f:929.6642,objective:max}
