IIS generation
Iter 1: 
Min Hitting Set: []
Min Correction Subset: [38]
Iter 2: 
Min Hitting Set: [38]
Min Correction Subset: [7]
Iter 3: 
Min Hitting Set: [7, 38]
Min Correction Subset: [9]
Iter 4: 
Min Hitting Set: [7, 9, 38]
Min Correction Subset: [12]
Iter 5: 
Min Hitting Set: [7, 9, 12, 38]
Min Correction Subset: [5]
Iter 6: 
Min Hitting Set: [5, 7, 9, 12, 38]
Min Correction Subset: [1]
Iter 7: 
Min Hitting Set: [1, 5, 7, 9, 12, 38]
Min Correction Subset: [27]
Iter 8: 
Min Hitting Set: [1, 5, 7, 9, 12, 27, 38]
Min Correction Subset: [10]
Iter 9: 
Min Hitting Set: [1, 5, 7, 9, 10, 12, 27, 38]
Min Correction Subset: [2]
Iter 10: 
Min Hitting Set: [1, 2, 5, 7, 9, 10, 12, 27, 38]
Min Correction Subset: [15]
Iter 11: 
Min Hitting Set: [1, 2, 5, 7, 9, 10, 12, 15, 27, 38]
Min Correction Subset: [13]
Iter 12: 
Min Hitting Set: [1, 2, 5, 7, 9, 10, 12, 13, 15, 27, 38]
Min Correction Subset: [6]
Iter 13: 
Min Hitting Set: [1, 2, 5, 6, 7, 9, 10, 12, 13, 15, 27, 38]
Min Correction Subset: [8]
Iter 14: 
Min Hitting Set: [1, 2, 5, 6, 7, 8, 9, 10, 12, 13, 15, 27, 38]
Min Correction Subset: [3]
Iter 15: 
Min Hitting Set: [1, 2, 3, 5, 6, 7, 8, 9, 10, 12, 13, 15, 27, 38]
Min Correction Subset: [4]
Iter 16: 
Min Hitting Set: [1, 2, 3, 4, 5, 6, 7, 8, 9, 10, 12, 13, 15, 27, 38]
Min Correction Subset: [17]
Iter 17: 
Min Hitting Set: [1, 2, 3, 4, 5, 6, 7, 8, 9, 10, 12, 13, 15, 17, 27, 38]
Min Correction Subset: [37]
Iter 18: 
Min Hitting Set: [1, 2, 3, 4, 5, 6, 7, 8, 9, 10, 12, 13, 15, 17, 27, 37, 38]
Min Correction Subset: [14, 22]
Optimal IIS
Instance: paths-16-50-130000
----------------------------
Query: 2
Query element:1
Query scope: 1
----------------------------
IIS optimality: suboptimal
IIS solution time: 118.498
IIS Constraint: 1; goods; {good:1}
IIS Constraint: 2; goods; {good:2}
IIS Constraint: 3; goods; {good:3}
IIS Constraint: 4; goods; {good:4}
IIS Constraint: 5; goods; {good:5}
IIS Constraint: 6; goods; {good:6}
IIS Constraint: 7; goods; {good:7}
IIS Constraint: 8; goods; {good:8}
IIS Constraint: 9; goods; {good:9}
IIS Constraint: 10; goods; {good:10}
IIS Constraint: 12; goods; {good:12}
IIS Constraint: 13; goods; {good:13}
IIS Constraint: 14; goods; {good:14}
IIS Constraint: 15; goods; {good:15}
IIS Constraint: 17; goods; {good:17}
IIS Constraint: 27; goods; {good:27}
IIS Constraint: 37; query; {bid:1,query:2}
IIS Constraint: 38; max; {f:8.79722,objective:max}
