IIS generation
Iter 1: 
Min Hitting Set: []
Min Correction Subset: [24]
Iter 2: 
Min Hitting Set: [24]
Min Correction Subset: [23]
Iter 3: 
Min Hitting Set: [23, 24]
Min Correction Subset: [7, 8, 9]
Iter 4: 
Min Hitting Set: [7, 23, 24]
Min Correction Subset: [1, 2, 3, 4, 5]
Iter 5: 
Min Hitting Set: [1, 7, 23, 24]
Min Correction Subset: [9, 10, 11, 12, 13]
Iter 6: 
Min Hitting Set: [1, 9, 23, 24]
Min Correction Subset: [2, 3, 4, 5, 19]
Iter 7: 
Min Hitting Set: [3, 9, 23, 24]
Min Correction Subset: [4, 5, 6, 7, 8, 19]
Iter 8: 
Min Hitting Set: [4, 9, 23, 24]
Min Correction Subset: [10, 11, 12, 13, 14, 15, 21]
Optimal IIS
Instance: scheduling-16-50-660000
----------------------------
Query: 3
Query element:26
Query element:43
Query scope: 26
Query scope: 43
----------------------------
IIS optimality: suboptimal
IIS solution time: 525.908
IIS Constraint: 4; goods; {good:4}
IIS Constraint: 8; goods; {good:8}
IIS Constraint: 11; goods; {good:11}
IIS Constraint: 23; query; {bid:43,query:3}
IIS Constraint: 24; max; {f:27.17506,objective:max}
