IIS generation
Iter 1: 
Min Hitting Set: []
Min Correction Subset: [24]
Iter 2: 
Min Hitting Set: [24]
Min Correction Subset: [9]
Iter 3: 
Min Hitting Set: [9, 24]
Min Correction Subset: [3, 18]
Iter 4: 
Min Hitting Set: [3, 9, 24]
Min Correction Subset: [4, 23]
Iter 5: 
Min Hitting Set: [3, 4, 9, 24]
Min Correction Subset: [1, 18]
Iter 6: 
Min Hitting Set: [4, 9, 18, 24]
Min Correction Subset: [19, 23]
Iter 7: 
Min Hitting Set: [9, 18, 23, 24]
Min Correction Subset: [2, 3]
Iter 8: 
Min Hitting Set: [3, 9, 18, 23, 24]
Min Correction Subset: [0, 1]
Iter 9: 
Min Hitting Set: [1, 3, 9, 23, 24]
Min Correction Subset: [11, 12, 18]
Iter 10: 
Min Hitting Set: [0, 2, 9, 18, 23, 24]
Min Correction Subset: [3, 4]
Iter 11: 
Min Hitting Set: [0, 3, 9, 18, 23, 24]
Min Correction Subset: [1, 2]
Iter 12: 
Min Hitting Set: [1, 3, 9, 18, 23, 24]
Min Correction Subset: [11, 12, 13, 14, 19]
Iter 13: 
Min Hitting Set: [1, 3, 9, 12, 23, 24]
Min Correction Subset: [6, 7, 11, 18]
Iter 14: 
Min Hitting Set: [1, 3, 9, 11, 23, 24]
Min Correction Subset: [6, 7, 8, 18]
Iter 15: 
Min Hitting Set: [1, 3, 4, 9, 18, 19, 24]
Min Correction Subset: [2, 23]
Iter 16: 
Min Hitting Set: [1, 2, 4, 9, 18, 19, 24]
Min Correction Subset: [22, 23]
Iter 17: 
Min Hitting Set: [1, 3, 9, 18, 19, 23, 24]
Min Correction Subset: [4, 5, 6, 7, 8]
Iter 18: 
Min Hitting Set: [1, 3, 6, 9, 11, 23, 24]
Min Correction Subset: [4, 5, 7, 8, 18]
Iter 19: 
Min Hitting Set: [1, 3, 7, 9, 11, 23, 24]
Min Correction Subset: [4, 5, 6, 18]
Iter 20: 
Min Hitting Set: [1, 3, 4, 7, 9, 11, 23, 24]
Min Correction Subset: [5, 6, 12, 13, 18]
Optimal IIS
Instance: scheduling-16-50-500000
----------------------------
Query: 3
Query element:32
Query element:33
Query scope: 32
Query scope: 33
----------------------------
IIS optimality: suboptimal
IIS solution time: 2002.386
IIS Constraint: 1; goods; {good:1}
IIS Constraint: 3; goods; {good:3}
IIS Constraint: 5; goods; {good:5}
IIS Constraint: 7; goods; {good:7}
IIS Constraint: 9; goods; {good:9}
IIS Constraint: 12; goods; {good:12}
IIS Constraint: 23; query; {bid:33,query:3}
IIS Constraint: 24; max; {f:26.02876,objective:max}
