IIS generation
Iter 1: 
Min Hitting Set: []
Min Correction Subset: [33]
Iter 2: 
Min Hitting Set: [33]
Min Correction Subset: [13]
Iter 3: 
Min Hitting Set: [13, 33]
Min Correction Subset: [32]
Iter 4: 
Min Hitting Set: [13, 32, 33]
Min Correction Subset: [2, 9]
Iter 5: 
Min Hitting Set: [2, 13, 32, 33]
Min Correction Subset: [3, 9]
Iter 6: 
Min Hitting Set: [9, 13, 32, 33]
Min Correction Subset: [2, 5]
Iter 7: 
Min Hitting Set: [2, 9, 13, 32, 33]
Min Correction Subset: [3, 5]
Iter 8: 
Min Hitting Set: [5, 9, 13, 32, 33]
Min Correction Subset: [2, 20]
Iter 9: 
Min Hitting Set: [2, 3, 13, 32, 33]
Min Correction Subset: [6, 9]
Optimal IIS
Instance: matching-16-50-960000
----------------------------
Query: 11
Query element:12
Query element:2
Query scope: 1
----------------------------
IIS optimality: suboptimal
IIS solution time: 231.813
IIS Constraint: 2; goods; {good:2}
IIS Constraint: 3; goods; {good:3}
IIS Constraint: 9; goods; {good:9}
IIS Constraint: 13; goods; {good:13}
IIS Constraint: 32; query; {goods:[12,2],query:11}
IIS Constraint: 33; max; {f:45.44868,objective:max}
