IIS generation
Iter 1: 
Min Hitting Set: []
Min Correction Subset: [34]
Iter 2: 
Min Hitting Set: [34]
Min Correction Subset: [1]
Iter 3: 
Min Hitting Set: [1, 34]
Min Correction Subset: [9]
Iter 4: 
Min Hitting Set: [1, 9, 34]
Min Correction Subset: [33]
Iter 5: 
Min Hitting Set: [1, 9, 33, 34]
Min Correction Subset: [5]
Iter 6: 
Min Hitting Set: [1, 5, 9, 33, 34]
Min Correction Subset: [0]
Iter 7: 
Min Hitting Set: [0, 1, 5, 9, 33, 34]
Min Correction Subset: [4, 13, 31]
Optimal IIS
Instance: matching-16-50-920000
----------------------------
Query: 11
Query element:0
Query element:31
Query scope: 42
Query scope: 43
----------------------------
IIS optimality: suboptimal
IIS solution time: 7.982
IIS Constraint: 0; goods; {good:0}
IIS Constraint: 1; goods; {good:1}
IIS Constraint: 4; goods; {good:4}
IIS Constraint: 5; goods; {good:5}
IIS Constraint: 9; goods; {good:9}
IIS Constraint: 33; query; {goods:[0,31],query:11}
IIS Constraint: 34; max; {f:29.72392,objective:max}
