IIS generation
Iter 1: 
Min Hitting Set: []
Min Correction Subset: [38]
Iter 2: 
Min Hitting Set: [38]
Min Correction Subset: [12]
Iter 3: 
Min Hitting Set: [12, 38]
Min Correction Subset: [4]
Iter 4: 
Min Hitting Set: [4, 12, 38]
Min Correction Subset: [6]
Iter 5: 
Min Hitting Set: [4, 6, 12, 38]
Min Correction Subset: [2]
Iter 6: 
Min Hitting Set: [2, 4, 6, 12, 38]
Min Correction Subset: [10]
Iter 7: 
Min Hitting Set: [2, 4, 6, 10, 12, 38]
Min Correction Subset: [15]
Iter 8: 
Min Hitting Set: [2, 4, 6, 10, 12, 15, 38]
Min Correction Subset: [1]
Iter 9: 
Min Hitting Set: [1, 2, 4, 6, 10, 12, 15, 38]
Min Correction Subset: [8]
Iter 10: 
Min Hitting Set: [1, 2, 4, 6, 8, 10, 12, 15, 38]
Min Correction Subset: [9]
Iter 11: 
Min Hitting Set: [1, 2, 4, 6, 8, 9, 10, 12, 15, 38]
Min Correction Subset: [11]
Iter 12: 
Min Hitting Set: [1, 2, 4, 6, 8, 9, 10, 11, 12, 15, 38]
Min Correction Subset: [0]
Iter 13: 
Min Hitting Set: [0, 1, 2, 4, 6, 8, 9, 10, 11, 12, 15, 38]
Min Correction Subset: [37]
Iter 14: 
Min Hitting Set: [0, 1, 2, 4, 6, 8, 9, 10, 11, 12, 15, 37, 38]
Min Correction Subset: [3, 20, 27]
Optimal IIS
Instance: paths-16-50-360000
----------------------------
Query: 11
Query element:4
Query element:22
Query scope: 20
----------------------------
IIS optimality: suboptimal
IIS solution time: 19.189
IIS Constraint: 0; goods; {good:0}
IIS Constraint: 1; goods; {good:1}
IIS Constraint: 2; goods; {good:2}
IIS Constraint: 3; goods; {good:3}
IIS Constraint: 4; goods; {good:4}
IIS Constraint: 6; goods; {good:6}
IIS Constraint: 8; goods; {good:8}
IIS Constraint: 9; goods; {good:9}
IIS Constraint: 10; goods; {good:10}
IIS Constraint: 11; goods; {good:11}
IIS Constraint: 12; goods; {good:12}
IIS Constraint: 15; goods; {good:15}
IIS Constraint: 37; query; {goods:[4,22],query:11}
IIS Constraint: 38; max; {f:7.538352,objective:max}
