IIS generation
Iter 1: 
Min Hitting Set: []
Min Correction Subset: [24]
Iter 2: 
Min Hitting Set: [24]
Min Correction Subset: [23]
Iter 3: 
Min Hitting Set: [23, 24]
Min Correction Subset: [7, 22]
Iter 4: 
Min Hitting Set: [7, 23, 24]
Min Correction Subset: [6, 22]
Iter 5: 
Min Hitting Set: [22, 23, 24]
Min Correction Subset: [9, 16]
Iter 6: 
Min Hitting Set: [9, 22, 23, 24]
Min Correction Subset: [7, 8, 16]
Iter 7: 
Min Hitting Set: [16, 22, 23, 24]
Min Correction Subset: [8, 9, 11, 12, 21]
Iter 8: 
Min Hitting Set: [8, 9, 22, 23, 24]
Min Correction Subset: [6, 7, 16]
Iter 9: 
Min Hitting Set: [9, 16, 22, 23, 24]
Min Correction Subset: [11, 12, 13, 14, 21]
Iter 10: 
Min Hitting Set: [12, 16, 22, 23, 24]
Min Correction Subset: [7, 8, 9, 11, 21]
Iter 11: 
Min Hitting Set: [11, 16, 22, 23, 24]
Min Correction Subset: [6, 7, 8, 9, 21]
Iter 12: 
Min Hitting Set: [16, 21, 22, 23, 24]
Min Correction Subset: [7, 8, 9, 11, 20]
Iter 13: 
Min Hitting Set: [11, 16, 21, 22, 23, 24]
Min Correction Subset: [6, 7, 8, 9, 20]
Optimal IIS
Instance: scheduling-16-50-790000
----------------------------
Query: 7
Query element:4
Query scope: 3
Query scope: 4
Query scope: 8
Query scope: 9
Query scope: 10
Query scope: 11
Query scope: 12
Query scope: 13
Query scope: 14
Query scope: 15
Query scope: 16
Query scope: 17
Query scope: 18
Query scope: 19
Query scope: 20
Query scope: 27
Query scope: 28
Query scope: 29
Query scope: 30
Query scope: 31
Query scope: 43
----------------------------
IIS optimality: suboptimal
IIS solution time: 854.663
IIS Constraint: 9; goods; {good:9}
IIS Constraint: 11; goods; {good:11}
IIS Constraint: 16; goods; {good:16}
IIS Constraint: 22; goods; {good:22}
IIS Constraint: 23; query; {good:4,query:7}
IIS Constraint: 24; max; {f:23.460449999999998,objective:max}
