IIS generation
Iter 1: 
Min Hitting Set: []
Min Correction Subset: [37]
Iter 2: 
Min Hitting Set: [37]
Min Correction Subset: [1]
Iter 3: 
Min Hitting Set: [1, 37]
Min Correction Subset: [5]
Iter 4: 
Min Hitting Set: [1, 5, 37]
Min Correction Subset: [9]
Iter 5: 
Min Hitting Set: [1, 5, 9, 37]
Min Correction Subset: [0]
Iter 6: 
Min Hitting Set: [0, 1, 5, 9, 37]
Min Correction Subset: [12]
Iter 7: 
Min Hitting Set: [0, 1, 5, 9, 12, 37]
Min Correction Subset: [13, 34]
Iter 8: 
Min Hitting Set: [0, 1, 5, 9, 12, 13, 37]
Min Correction Subset: [35, 36]
Optimal IIS
Instance: matching-16-50-760000
----------------------------
Query: 9
Query element:4
Query element:6
Query scope: 38
Query scope: 41
Query scope: 2
Query scope: 31
Query scope: 52
Query scope: 53
----------------------------
IIS optimality: suboptimal
IIS solution time: 116.537
IIS Constraint: 0; goods; {good:0}
IIS Constraint: 1; goods; {good:1}
IIS Constraint: 5; goods; {good:5}
IIS Constraint: 9; goods; {good:9}
IIS Constraint: 12; goods; {good:12}
IIS Constraint: 13; goods; {good:13}
IIS Constraint: 35; query; {good:4,query:9}
IIS Constraint: 37; max; {f:25.68251,objective:max}
