IIS generation
Iter 1: 
Min Hitting Set: []
Min Correction Subset: [26]
Iter 2: 
Min Hitting Set: [26]
Min Correction Subset: [7]
Iter 3: 
Min Hitting Set: [7, 26]
Min Correction Subset: [12]
Iter 4: 
Min Hitting Set: [7, 12, 26]
Min Correction Subset: [6]
Iter 5: 
Min Hitting Set: [6, 7, 12, 26]
Min Correction Subset: [5]
Iter 6: 
Min Hitting Set: [5, 6, 7, 12, 26]
Min Correction Subset: [0]
Iter 7: 
Min Hitting Set: [0, 5, 6, 7, 12, 26]
Min Correction Subset: [14]
Iter 8: 
Min Hitting Set: [0, 5, 6, 7, 12, 14, 26]
Min Correction Subset: [25]
Iter 9: 
Min Hitting Set: [0, 5, 6, 7, 12, 14, 25, 26]
Min Correction Subset: [2, 10, 11]
Optimal IIS
Instance: regions-16-50-450000
----------------------------
Query: 8
Query element:1
Query scope: 2
Query scope: 5
Query scope: 6
Query scope: 8
Query scope: 10
Query scope: 12
Query scope: 14
Query scope: 15
Query scope: 16
Query scope: 17
Query scope: 18
Query scope: 19
Query scope: 23
Query scope: 25
Query scope: 26
Query scope: 27
Query scope: 28
Query scope: 29
Query scope: 33
Query scope: 38
Query scope: 40
Query scope: 41
Query scope: 46
Query scope: 54
----------------------------
IIS optimality: suboptimal
IIS solution time: 212.873
IIS Constraint: 0; goods; {good:0}
IIS Constraint: 2; goods; {good:2}
IIS Constraint: 5; goods; {good:5}
IIS Constraint: 6; goods; {good:6}
IIS Constraint: 7; goods; {good:7}
IIS Constraint: 12; goods; {good:12}
IIS Constraint: 14; goods; {good:14}
IIS Constraint: 25; query; {good:1,query:8}
IIS Constraint: 26; max; {f:1145.768,objective:max}
