IIS generation
Instance: matching-100-200-90000
----------------------------
Query: 3
Query element:92
Query element:86
Query scope: 92
Query scope: 86
----------------------------
IIS optimality: suboptimal
IIS solution time: 0.10152
IIS Constraint: 26; goods; {good:26}
IIS Constraint: 40; goods; {good:40}
IIS Constraint: 44; goods; {good:44}
IIS Constraint: 48; goods; {good:48}
IIS Constraint: 52; goods; {good:52}
IIS Constraint: 100; goods; {good:100}
IIS Constraint: 101; goods; {good:101}
IIS Constraint: 102; goods; {good:102}
IIS Constraint: 103; goods; {good:103}
IIS Constraint: 104; goods; {good:104}
IIS Constraint: 105; goods; {good:105}
IIS Constraint: 106; goods; {good:106}
IIS Constraint: 107; goods; {good:107}
IIS Constraint: 108; goods; {good:108}
IIS Constraint: 109; goods; {good:109}
IIS Constraint: 110; goods; {good:110}
IIS Constraint: 114; goods; {good:114}
IIS Constraint: 116; goods; {good:116}
IIS Constraint: 117; goods; {good:117}
IIS Constraint: 119; goods; {good:119}
IIS Constraint: 120; goods; {good:120}
IIS Constraint: 122; query; {bid:92,query:3}
IIS Constraint: 124; max; {f:63.902322,objective:max}
