IIS generation
Instance: matching-100-200-540000
----------------------------
Query: 10
Query element:64
Query element:97
Query scope: 34
Query scope: 136
----------------------------
IIS optimality: suboptimal
IIS solution time: 43.80099
IIS Constraint: 7; goods; {good:7}
IIS Constraint: 13; goods; {good:13}
IIS Constraint: 17; goods; {good:17}
IIS Constraint: 21; goods; {good:21}
IIS Constraint: 25; goods; {good:25}
IIS Constraint: 30; goods; {good:30}
IIS Constraint: 38; goods; {good:38}
IIS Constraint: 40; goods; {good:40}
IIS Constraint: 41; goods; {good:41}
IIS Constraint: 48; goods; {good:48}
IIS Constraint: 52; goods; {good:52}
IIS Constraint: 54; goods; {good:54}
IIS Constraint: 56; goods; {good:56}
IIS Constraint: 60; goods; {good:60}
IIS Constraint: 64; goods; {good:64}
IIS Constraint: 87; goods; {good:87}
IIS Constraint: 91; goods; {good:91}
IIS Constraint: 93; goods; {good:93}
IIS Constraint: 95; goods; {good:95}
IIS Constraint: 101; goods; {good:101}
IIS Constraint: 102; goods; {good:102}
IIS Constraint: 106; goods; {good:106}
IIS Constraint: 107; goods; {good:107}
IIS Constraint: 108; goods; {good:108}
IIS Constraint: 109; goods; {good:109}
IIS Constraint: 110; goods; {good:110}
IIS Constraint: 111; goods; {good:111}
IIS Constraint: 112; goods; {good:112}
IIS Constraint: 114; goods; {good:114}
IIS Constraint: 115; goods; {good:115}
IIS Constraint: 116; goods; {good:116}
IIS Constraint: 117; goods; {good:117}
IIS Constraint: 119; goods; {good:119}
IIS Constraint: 120; goods; {good:120}
IIS Constraint: 121; goods; {good:121}
IIS Constraint: 122; goods; {good:122}
IIS Constraint: 123; goods; {good:123}
IIS Constraint: 124; goods; {good:124}
IIS Constraint: 125; query; {goods:[64,97],query:10}
IIS Constraint: 126; max; {f:144.492121,objective:max}
