IIS generation
Instance: regions-100-200-570000
----------------------------
Query: 8
Query element:20
Query scope: 10
Query scope: 52
Query scope: 59
Query scope: 89
Query scope: 90
Query scope: 92
Query scope: 93
Query scope: 95
Query scope: 96
Query scope: 97
Query scope: 98
Query scope: 100
Query scope: 152
Query scope: 155
Query scope: 162
Query scope: 167
Query scope: 179
Query scope: 180
Query scope: 186
----------------------------
IIS optimality: suboptimal
IIS solution time: 11834.33164
IIS Constraint: 0; goods; {good:0}
IIS Constraint: 1; goods; {good:1}
IIS Constraint: 2; goods; {good:2}
IIS Constraint: 3; goods; {good:3}
IIS Constraint: 4; goods; {good:4}
IIS Constraint: 6; goods; {good:6}
IIS Constraint: 7; goods; {good:7}
IIS Constraint: 10; goods; {good:10}
IIS Constraint: 11; goods; {good:11}
IIS Constraint: 12; goods; {good:12}
IIS Constraint: 13; goods; {good:13}
IIS Constraint: 14; goods; {good:14}
IIS Constraint: 15; goods; {good:15}
IIS Constraint: 17; goods; {good:17}
IIS Constraint: 22; goods; {good:22}
IIS Constraint: 23; goods; {good:23}
IIS Constraint: 27; goods; {good:27}
IIS Constraint: 31; goods; {good:31}
IIS Constraint: 32; goods; {good:32}
IIS Constraint: 33; goods; {good:33}
IIS Constraint: 34; goods; {good:34}
IIS Constraint: 35; goods; {good:35}
IIS Constraint: 36; goods; {good:36}
IIS Constraint: 37; goods; {good:37}
IIS Constraint: 39; goods; {good:39}
IIS Constraint: 41; goods; {good:41}
IIS Constraint: 43; goods; {good:43}
IIS Constraint: 44; goods; {good:44}
IIS Constraint: 48; goods; {good:48}
IIS Constraint: 49; goods; {good:49}
IIS Constraint: 50; goods; {good:50}
IIS Constraint: 52; goods; {good:52}
IIS Constraint: 53; goods; {good:53}
IIS Constraint: 54; goods; {good:54}
IIS Constraint: 56; goods; {good:56}
IIS Constraint: 59; goods; {good:59}
IIS Constraint: 60; goods; {good:60}
IIS Constraint: 62; goods; {good:62}
IIS Constraint: 63; goods; {good:63}
IIS Constraint: 66; goods; {good:66}
IIS Constraint: 68; goods; {good:68}
IIS Constraint: 70; goods; {good:70}
IIS Constraint: 71; goods; {good:71}
IIS Constraint: 72; goods; {good:72}
IIS Constraint: 74; goods; {good:74}
IIS Constraint: 77; goods; {good:77}
IIS Constraint: 79; goods; {good:79}
IIS Constraint: 80; goods; {good:80}
IIS Constraint: 86; goods; {good:86}
IIS Constraint: 94; goods; {good:94}
IIS Constraint: 137; query; {good:20,query:8}
IIS Constraint: 138; max; {f:5508.653,objective:max}
