IIS generation
Instance: paths-100-200-70000
----------------------------
Query: 7
Query element:71
Query scope: 43
Query scope: 44
Query scope: 45
Query scope: 119
Query scope: 120
Query scope: 122
Query scope: 123
Query scope: 197
Query scope: 198
Query scope: 199
----------------------------
IIS optimality: suboptimal
IIS solution time: 124.92443
IIS Constraint: 0; goods; {good:0}
IIS Constraint: 4; goods; {good:4}
IIS Constraint: 6; goods; {good:6}
IIS Constraint: 7; goods; {good:7}
IIS Constraint: 8; goods; {good:8}
IIS Constraint: 9; goods; {good:9}
IIS Constraint: 10; goods; {good:10}
IIS Constraint: 15; goods; {good:15}
IIS Constraint: 16; goods; {good:16}
IIS Constraint: 20; goods; {good:20}
IIS Constraint: 22; goods; {good:22}
IIS Constraint: 23; goods; {good:23}
IIS Constraint: 31; goods; {good:31}
IIS Constraint: 32; goods; {good:32}
IIS Constraint: 33; goods; {good:33}
IIS Constraint: 34; goods; {good:34}
IIS Constraint: 37; goods; {good:37}
IIS Constraint: 41; goods; {good:41}
IIS Constraint: 42; goods; {good:42}
IIS Constraint: 46; goods; {good:46}
IIS Constraint: 47; goods; {good:47}
IIS Constraint: 49; goods; {good:49}
IIS Constraint: 50; goods; {good:50}
IIS Constraint: 51; goods; {good:51}
IIS Constraint: 53; goods; {good:53}
IIS Constraint: 59; goods; {good:59}
IIS Constraint: 63; goods; {good:63}
IIS Constraint: 67; goods; {good:67}
IIS Constraint: 69; goods; {good:69}
IIS Constraint: 74; goods; {good:74}
IIS Constraint: 80; goods; {good:80}
IIS Constraint: 81; goods; {good:81}
IIS Constraint: 85; goods; {good:85}
IIS Constraint: 87; goods; {good:87}
IIS Constraint: 88; goods; {good:88}
IIS Constraint: 91; goods; {good:91}
IIS Constraint: 93; goods; {good:93}
IIS Constraint: 97; goods; {good:97}
IIS Constraint: 98; goods; {good:98}
IIS Constraint: 107; goods; {good:107}
IIS Constraint: 115; goods; {good:115}
IIS Constraint: 116; goods; {good:116}
IIS Constraint: 117; goods; {good:117}
IIS Constraint: 122; goods; {good:122}
IIS Constraint: 125; goods; {good:125}
IIS Constraint: 194; query; {good:71,query:7}
IIS Constraint: 195; max; {f:29.3539794,objective:max}
