IIS generation
Instance: paths-100-200-210000
----------------------------
Query: 8
Query element:29
Query scope: 144
----------------------------
IIS optimality: suboptimal
IIS solution time: 10.09323
IIS Constraint: 1; goods; {good:1}
IIS Constraint: 2; goods; {good:2}
IIS Constraint: 5; goods; {good:5}
IIS Constraint: 6; goods; {good:6}
IIS Constraint: 8; goods; {good:8}
IIS Constraint: 9; goods; {good:9}
IIS Constraint: 10; goods; {good:10}
IIS Constraint: 13; goods; {good:13}
IIS Constraint: 14; goods; {good:14}
IIS Constraint: 19; goods; {good:19}
IIS Constraint: 20; goods; {good:20}
IIS Constraint: 22; goods; {good:22}
IIS Constraint: 23; goods; {good:23}
IIS Constraint: 26; goods; {good:26}
IIS Constraint: 28; goods; {good:28}
IIS Constraint: 32; goods; {good:32}
IIS Constraint: 33; goods; {good:33}
IIS Constraint: 34; goods; {good:34}
IIS Constraint: 37; goods; {good:37}
IIS Constraint: 40; goods; {good:40}
IIS Constraint: 41; goods; {good:41}
IIS Constraint: 42; goods; {good:42}
IIS Constraint: 44; goods; {good:44}
IIS Constraint: 46; goods; {good:46}
IIS Constraint: 49; goods; {good:49}
IIS Constraint: 50; goods; {good:50}
IIS Constraint: 53; goods; {good:53}
IIS Constraint: 58; goods; {good:58}
IIS Constraint: 61; goods; {good:61}
IIS Constraint: 62; goods; {good:62}
IIS Constraint: 65; goods; {good:65}
IIS Constraint: 73; goods; {good:73}
IIS Constraint: 77; goods; {good:77}
IIS Constraint: 85; goods; {good:85}
IIS Constraint: 90; goods; {good:90}
IIS Constraint: 119; goods; {good:119}
IIS Constraint: 126; goods; {good:126}
IIS Constraint: 195; query; {good:29,query:8}
IIS Constraint: 196; max; {f:23.268686000000002,objective:max}
