IIS generation
Instance: paths-100-200-920000
----------------------------
Query: 7
Query element:133
Query scope: 155
Query scope: 156
Query scope: 157
Query scope: 158
----------------------------
IIS optimality: suboptimal
IIS solution time: 236.13549
IIS Constraint: 2; goods; {good:2}
IIS Constraint: 11; goods; {good:11}
IIS Constraint: 12; goods; {good:12}
IIS Constraint: 13; goods; {good:13}
IIS Constraint: 14; goods; {good:14}
IIS Constraint: 15; goods; {good:15}
IIS Constraint: 16; goods; {good:16}
IIS Constraint: 17; goods; {good:17}
IIS Constraint: 19; goods; {good:19}
IIS Constraint: 21; goods; {good:21}
IIS Constraint: 23; goods; {good:23}
IIS Constraint: 25; goods; {good:25}
IIS Constraint: 26; goods; {good:26}
IIS Constraint: 30; goods; {good:30}
IIS Constraint: 31; goods; {good:31}
IIS Constraint: 32; goods; {good:32}
IIS Constraint: 36; goods; {good:36}
IIS Constraint: 38; goods; {good:38}
IIS Constraint: 39; goods; {good:39}
IIS Constraint: 40; goods; {good:40}
IIS Constraint: 42; goods; {good:42}
IIS Constraint: 43; goods; {good:43}
IIS Constraint: 44; goods; {good:44}
IIS Constraint: 49; goods; {good:49}
IIS Constraint: 51; goods; {good:51}
IIS Constraint: 52; goods; {good:52}
IIS Constraint: 56; goods; {good:56}
IIS Constraint: 59; goods; {good:59}
IIS Constraint: 61; goods; {good:61}
IIS Constraint: 63; goods; {good:63}
IIS Constraint: 64; goods; {good:64}
IIS Constraint: 69; goods; {good:69}
IIS Constraint: 71; goods; {good:71}
IIS Constraint: 79; goods; {good:79}
IIS Constraint: 81; goods; {good:81}
IIS Constraint: 83; goods; {good:83}
IIS Constraint: 88; goods; {good:88}
IIS Constraint: 91; goods; {good:91}
IIS Constraint: 94; goods; {good:94}
IIS Constraint: 98; goods; {good:98}
IIS Constraint: 110; goods; {good:110}
IIS Constraint: 122; goods; {good:122}
IIS Constraint: 126; goods; {good:126}
IIS Constraint: 205; query; {good:133,query:7}
IIS Constraint: 206; max; {f:26.7155586,objective:max}
