IIS generation
Instance: paths-100-200-380000
----------------------------
Query: 7
Query element:70
Query scope: 124
Query scope: 125
Query scope: 126
Query scope: 165
Query scope: 168
----------------------------
IIS optimality: suboptimal
IIS solution time: 5024.08164
IIS Constraint: 0; goods; {good:0}
IIS Constraint: 1; goods; {good:1}
IIS Constraint: 2; goods; {good:2}
IIS Constraint: 4; goods; {good:4}
IIS Constraint: 5; goods; {good:5}
IIS Constraint: 6; goods; {good:6}
IIS Constraint: 7; goods; {good:7}
IIS Constraint: 9; goods; {good:9}
IIS Constraint: 11; goods; {good:11}
IIS Constraint: 15; goods; {good:15}
IIS Constraint: 19; goods; {good:19}
IIS Constraint: 21; goods; {good:21}
IIS Constraint: 24; goods; {good:24}
IIS Constraint: 27; goods; {good:27}
IIS Constraint: 28; goods; {good:28}
IIS Constraint: 30; goods; {good:30}
IIS Constraint: 31; goods; {good:31}
IIS Constraint: 32; goods; {good:32}
IIS Constraint: 33; goods; {good:33}
IIS Constraint: 34; goods; {good:34}
IIS Constraint: 35; goods; {good:35}
IIS Constraint: 36; goods; {good:36}
IIS Constraint: 37; goods; {good:37}
IIS Constraint: 42; goods; {good:42}
IIS Constraint: 46; goods; {good:46}
IIS Constraint: 49; goods; {good:49}
IIS Constraint: 50; goods; {good:50}
IIS Constraint: 52; goods; {good:52}
IIS Constraint: 53; goods; {good:53}
IIS Constraint: 56; goods; {good:56}
IIS Constraint: 57; goods; {good:57}
IIS Constraint: 58; goods; {good:58}
IIS Constraint: 64; goods; {good:64}
IIS Constraint: 66; goods; {good:66}
IIS Constraint: 67; goods; {good:67}
IIS Constraint: 75; goods; {good:75}
IIS Constraint: 77; goods; {good:77}
IIS Constraint: 82; goods; {good:82}
IIS Constraint: 85; goods; {good:85}
IIS Constraint: 86; goods; {good:86}
IIS Constraint: 88; goods; {good:88}
IIS Constraint: 89; goods; {good:89}
IIS Constraint: 96; goods; {good:96}
IIS Constraint: 97; goods; {good:97}
IIS Constraint: 101; goods; {good:101}
IIS Constraint: 104; goods; {good:104}
IIS Constraint: 106; goods; {good:106}
IIS Constraint: 113; goods; {good:113}
IIS Constraint: 114; goods; {good:114}
IIS Constraint: 121; goods; {good:121}
IIS Constraint: 127; goods; {good:127}
IIS Constraint: 131; goods; {good:131}
IIS Constraint: 185; query; {good:70,query:7}
IIS Constraint: 186; max; {f:24.164029,objective:max}
