IIS generation
Instance: matching-100-200-790000
----------------------------
Query: 9
Query element:48
Query element:50
Query scope: 59
Query scope: 62
Query scope: 64
Query scope: 65
Query scope: 90
Query scope: 91
Query scope: 92
Query scope: 103
Query scope: 104
Query scope: 191
Query scope: 193
Query scope: 194
Query scope: 7
Query scope: 8
----------------------------
IIS optimality: suboptimal
IIS solution time: 5.79087
IIS Constraint: 1; goods; {good:1}
IIS Constraint: 5; goods; {good:5}
IIS Constraint: 9; goods; {good:9}
IIS Constraint: 10; goods; {good:10}
IIS Constraint: 13; goods; {good:13}
IIS Constraint: 40; goods; {good:40}
IIS Constraint: 44; goods; {good:44}
IIS Constraint: 45; goods; {good:45}
IIS Constraint: 51; goods; {good:51}
IIS Constraint: 52; goods; {good:52}
IIS Constraint: 56; goods; {good:56}
IIS Constraint: 80; goods; {good:80}
IIS Constraint: 94; goods; {good:94}
IIS Constraint: 98; goods; {good:98}
IIS Constraint: 100; goods; {good:100}
IIS Constraint: 101; goods; {good:101}
IIS Constraint: 103; goods; {good:103}
IIS Constraint: 104; goods; {good:104}
IIS Constraint: 105; goods; {good:105}
IIS Constraint: 108; goods; {good:108}
IIS Constraint: 110; goods; {good:110}
IIS Constraint: 111; goods; {good:111}
IIS Constraint: 112; goods; {good:112}
IIS Constraint: 113; goods; {good:113}
IIS Constraint: 114; goods; {good:114}
IIS Constraint: 115; goods; {good:115}
IIS Constraint: 116; goods; {good:116}
IIS Constraint: 117; goods; {good:117}
IIS Constraint: 118; goods; {good:118}
IIS Constraint: 119; goods; {good:119}
IIS Constraint: 120; goods; {good:120}
IIS Constraint: 121; goods; {good:121}
IIS Constraint: 122; query; {good:48,query:9}
IIS Constraint: 124; max; {f:142.0456,objective:max}
