IIS generation
Instance: matching-100-200-770000
----------------------------
Query: 1
Query element:110
Query scope: 110
----------------------------
IIS optimality: suboptimal
IIS solution time: 2.43019
IIS Constraint: 42; goods; {good:42}
IIS Constraint: 44; goods; {good:44}
IIS Constraint: 46; goods; {good:46}
IIS Constraint: 50; goods; {good:50}
IIS Constraint: 54; goods; {good:54}
IIS Constraint: 58; goods; {good:58}
IIS Constraint: 85; goods; {good:85}
IIS Constraint: 100; goods; {good:100}
IIS Constraint: 101; goods; {good:101}
IIS Constraint: 102; goods; {good:102}
IIS Constraint: 103; goods; {good:103}
IIS Constraint: 104; goods; {good:104}
IIS Constraint: 105; goods; {good:105}
IIS Constraint: 106; goods; {good:106}
IIS Constraint: 107; goods; {good:107}
IIS Constraint: 108; goods; {good:108}
IIS Constraint: 109; goods; {good:109}
IIS Constraint: 110; goods; {good:110}
IIS Constraint: 111; goods; {good:111}
IIS Constraint: 113; goods; {good:113}
IIS Constraint: 114; goods; {good:114}
IIS Constraint: 115; goods; {good:115}
IIS Constraint: 116; goods; {good:116}
IIS Constraint: 117; goods; {good:117}
IIS Constraint: 118; goods; {good:118}
IIS Constraint: 119; goods; {good:119}
IIS Constraint: 120; goods; {good:120}
IIS Constraint: 121; query; {bid:110,query:1}
IIS Constraint: 122; max; {f:116.995376,objective:max}
