IIS generation
Instance: matching-100-200-60000
----------------------------
Query: 1
Query element:169
Query scope: 169
----------------------------
IIS optimality: suboptimal
IIS solution time: 1.92372
IIS Constraint: 49; goods; {good:49}
IIS Constraint: 53; goods; {good:53}
IIS Constraint: 55; goods; {good:55}
IIS Constraint: 57; goods; {good:57}
IIS Constraint: 58; goods; {good:58}
IIS Constraint: 59; goods; {good:59}
IIS Constraint: 61; goods; {good:61}
IIS Constraint: 63; goods; {good:63}
IIS Constraint: 100; goods; {good:100}
IIS Constraint: 101; goods; {good:101}
IIS Constraint: 102; goods; {good:102}
IIS Constraint: 103; goods; {good:103}
IIS Constraint: 104; goods; {good:104}
IIS Constraint: 105; goods; {good:105}
IIS Constraint: 106; goods; {good:106}
IIS Constraint: 107; goods; {good:107}
IIS Constraint: 108; goods; {good:108}
IIS Constraint: 109; goods; {good:109}
IIS Constraint: 110; goods; {good:110}
IIS Constraint: 111; goods; {good:111}
IIS Constraint: 112; goods; {good:112}
IIS Constraint: 113; goods; {good:113}
IIS Constraint: 114; goods; {good:114}
IIS Constraint: 115; goods; {good:115}
IIS Constraint: 116; goods; {good:116}
IIS Constraint: 117; goods; {good:117}
IIS Constraint: 118; goods; {good:118}
IIS Constraint: 119; goods; {good:119}
IIS Constraint: 121; goods; {good:121}
IIS Constraint: 122; goods; {good:122}
IIS Constraint: 123; query; {bid:169,query:1}
IIS Constraint: 124; max; {f:184.54529,objective:max}
