IIS generation
Instance: paths-100-200-810000
----------------------------
Query: 2
Query element:120
Query scope: 120
----------------------------
IIS optimality: suboptimal
IIS solution time: 11.98171
IIS Constraint: 0; goods; {good:0}
IIS Constraint: 2; goods; {good:2}
IIS Constraint: 3; goods; {good:3}
IIS Constraint: 6; goods; {good:6}
IIS Constraint: 7; goods; {good:7}
IIS Constraint: 9; goods; {good:9}
IIS Constraint: 11; goods; {good:11}
IIS Constraint: 14; goods; {good:14}
IIS Constraint: 15; goods; {good:15}
IIS Constraint: 16; goods; {good:16}
IIS Constraint: 20; goods; {good:20}
IIS Constraint: 27; goods; {good:27}
IIS Constraint: 32; goods; {good:32}
IIS Constraint: 35; goods; {good:35}
IIS Constraint: 40; goods; {good:40}
IIS Constraint: 42; goods; {good:42}
IIS Constraint: 44; goods; {good:44}
IIS Constraint: 45; goods; {good:45}
IIS Constraint: 46; goods; {good:46}
IIS Constraint: 47; goods; {good:47}
IIS Constraint: 55; goods; {good:55}
IIS Constraint: 57; goods; {good:57}
IIS Constraint: 60; goods; {good:60}
IIS Constraint: 68; goods; {good:68}
IIS Constraint: 69; goods; {good:69}
IIS Constraint: 74; goods; {good:74}
IIS Constraint: 81; goods; {good:81}
IIS Constraint: 113; goods; {good:113}
IIS Constraint: 116; goods; {good:116}
IIS Constraint: 175; query; {bid:120,query:2}
IIS Constraint: 176; max; {f:23.005478,objective:max}
