IIS generation
Instance: arbitrary-100-200-620000
----------------------------
Query: 3
Query element:179
Query element:175
Query scope: 179
Query scope: 175
----------------------------
IIS optimality: suboptimal
IIS solution time: 1851.26188
IIS Constraint: 3; goods; {good:3}
IIS Constraint: 5; goods; {good:5}
IIS Constraint: 6; goods; {good:6}
IIS Constraint: 7; goods; {good:7}
IIS Constraint: 10; goods; {good:10}
IIS Constraint: 13; goods; {good:13}
IIS Constraint: 14; goods; {good:14}
IIS Constraint: 17; goods; {good:17}
IIS Constraint: 21; goods; {good:21}
IIS Constraint: 23; goods; {good:23}
IIS Constraint: 27; goods; {good:27}
IIS Constraint: 30; goods; {good:30}
IIS Constraint: 31; goods; {good:31}
IIS Constraint: 32; goods; {good:32}
IIS Constraint: 36; goods; {good:36}
IIS Constraint: 41; goods; {good:41}
IIS Constraint: 42; goods; {good:42}
IIS Constraint: 46; goods; {good:46}
IIS Constraint: 47; goods; {good:47}
IIS Constraint: 48; goods; {good:48}
IIS Constraint: 53; goods; {good:53}
IIS Constraint: 54; goods; {good:54}
IIS Constraint: 58; goods; {good:58}
IIS Constraint: 59; goods; {good:59}
IIS Constraint: 60; goods; {good:60}
IIS Constraint: 61; goods; {good:61}
IIS Constraint: 64; goods; {good:64}
IIS Constraint: 65; goods; {good:65}
IIS Constraint: 69; goods; {good:69}
IIS Constraint: 71; goods; {good:71}
IIS Constraint: 73; goods; {good:73}
IIS Constraint: 81; goods; {good:81}
IIS Constraint: 86; goods; {good:86}
IIS Constraint: 88; goods; {good:88}
IIS Constraint: 94; goods; {good:94}
IIS Constraint: 95; goods; {good:95}
IIS Constraint: 141; query; {bid:175,query:3}
IIS Constraint: 142; max; {f:4987.509,objective:max}
