IIS generation
Instance: scheduling-100-200-250000
----------------------------
Query: 9
Query element:24
Query element:93
Query scope: 16
Query scope: 17
Query scope: 18
Query scope: 19
Query scope: 20
Query scope: 21
Query scope: 22
Query scope: 23
Query scope: 24
Query scope: 100
Query scope: 101
Query scope: 102
Query scope: 103
Query scope: 104
Query scope: 200
Query scope: 169
Query scope: 170
Query scope: 171
Query scope: 172
Query scope: 173
Query scope: 269
----------------------------
IIS optimality: suboptimal
IIS solution time: 0.06020
IIS Constraint: 100; goods; {good:100}
IIS Constraint: 101; goods; {good:101}
IIS Constraint: 102; goods; {good:102}
IIS Constraint: 104; query; {good:93,query:9}
IIS Constraint: 105; max; {f:24.621595,objective:max}
