IIS generation
Instance: matching-100-200-480000
----------------------------
Query: 2
Query element:115
Query scope: 115
----------------------------
IIS optimality: suboptimal
IIS solution time: 5.85300
IIS Constraint: 14; goods; {good:14}
IIS Constraint: 34; goods; {good:34}
IIS Constraint: 35; goods; {good:35}
IIS Constraint: 39; goods; {good:39}
IIS Constraint: 43; goods; {good:43}
IIS Constraint: 47; goods; {good:47}
IIS Constraint: 51; goods; {good:51}
IIS Constraint: 52; goods; {good:52}
IIS Constraint: 100; goods; {good:100}
IIS Constraint: 101; goods; {good:101}
IIS Constraint: 102; goods; {good:102}
IIS Constraint: 103; goods; {good:103}
IIS Constraint: 104; goods; {good:104}
IIS Constraint: 105; goods; {good:105}
IIS Constraint: 106; goods; {good:106}
IIS Constraint: 107; goods; {good:107}
IIS Constraint: 109; goods; {good:109}
IIS Constraint: 110; goods; {good:110}
IIS Constraint: 111; goods; {good:111}
IIS Constraint: 112; goods; {good:112}
IIS Constraint: 113; goods; {good:113}
IIS Constraint: 114; goods; {good:114}
IIS Constraint: 115; goods; {good:115}
IIS Constraint: 116; goods; {good:116}
IIS Constraint: 117; goods; {good:117}
IIS Constraint: 118; goods; {good:118}
IIS Constraint: 120; goods; {good:120}
IIS Constraint: 121; query; {bid:115,query:2}
IIS Constraint: 122; max; {f:169.61525999999998,objective:max}
