IIS generation
Instance: matching-100-200-410000
----------------------------
Query: 7
Query element:116
Query scope: 153
Query scope: 154
Query scope: 155
Query scope: 156
Query scope: 157
Query scope: 158
Query scope: 159
Query scope: 160
Query scope: 161
Query scope: 162
----------------------------
IIS optimality: suboptimal
IIS solution time: 0.21056
IIS Constraint: 32; goods; {good:32}
IIS Constraint: 36; goods; {good:36}
IIS Constraint: 40; goods; {good:40}
IIS Constraint: 44; goods; {good:44}
IIS Constraint: 48; goods; {good:48}
IIS Constraint: 50; goods; {good:50}
IIS Constraint: 52; goods; {good:52}
IIS Constraint: 56; goods; {good:56}
IIS Constraint: 60; goods; {good:60}
IIS Constraint: 76; goods; {good:76}
IIS Constraint: 100; goods; {good:100}
IIS Constraint: 103; goods; {good:103}
IIS Constraint: 105; goods; {good:105}
IIS Constraint: 106; goods; {good:106}
IIS Constraint: 107; goods; {good:107}
IIS Constraint: 108; goods; {good:108}
IIS Constraint: 109; goods; {good:109}
IIS Constraint: 110; goods; {good:110}
IIS Constraint: 114; goods; {good:114}
IIS Constraint: 117; goods; {good:117}
IIS Constraint: 119; goods; {good:119}
IIS Constraint: 120; goods; {good:120}
IIS Constraint: 122; query; {good:116,query:7}
IIS Constraint: 123; max; {f:174.26669,objective:max}
