IIS generation
Instance: arbitrary-100-200-900000
----------------------------
Query: 8
Query element:10
Query scope: 36
Query scope: 38
Query scope: 48
Query scope: 49
Query scope: 50
Query scope: 66
Query scope: 76
Query scope: 77
Query scope: 92
Query scope: 103
Query scope: 105
Query scope: 130
Query scope: 144
Query scope: 150
Query scope: 165
Query scope: 176
Query scope: 192
Query scope: 196
Query scope: 200
Query scope: 203
----------------------------
IIS optimality: suboptimal
IIS solution time: 36048.42261
IIS Constraint: 98; goods; {good:98}
IIS Constraint: 103; goods; {good:103}
IIS Constraint: 109; goods; {good:109}
IIS Constraint: 110; goods; {good:110}
IIS Constraint: 131; goods; {good:131}
IIS Constraint: 137; query; {good:10,query:8}
IIS Constraint: 138; max; {f:4892.737999999999,objective:max}
