IIS generation
Instance: regions-100-200-750000
----------------------------
Query: 2
Query element:120
Query scope: 120
----------------------------
IIS optimality: suboptimal
IIS solution time: 2555.18225
IIS Constraint: 3; goods; {good:3}
IIS Constraint: 4; goods; {good:4}
IIS Constraint: 10; goods; {good:10}
IIS Constraint: 11; goods; {good:11}
IIS Constraint: 12; goods; {good:12}
IIS Constraint: 13; goods; {good:13}
IIS Constraint: 14; goods; {good:14}
IIS Constraint: 15; goods; {good:15}
IIS Constraint: 16; goods; {good:16}
IIS Constraint: 20; goods; {good:20}
IIS Constraint: 23; goods; {good:23}
IIS Constraint: 27; goods; {good:27}
IIS Constraint: 31; goods; {good:31}
IIS Constraint: 33; goods; {good:33}
IIS Constraint: 35; goods; {good:35}
IIS Constraint: 36; goods; {good:36}
IIS Constraint: 37; goods; {good:37}
IIS Constraint: 38; goods; {good:38}
IIS Constraint: 41; goods; {good:41}
IIS Constraint: 43; goods; {good:43}
IIS Constraint: 44; goods; {good:44}
IIS Constraint: 45; goods; {good:45}
IIS Constraint: 52; goods; {good:52}
IIS Constraint: 61; goods; {good:61}
IIS Constraint: 62; goods; {good:62}
IIS Constraint: 65; goods; {good:65}
IIS Constraint: 68; goods; {good:68}
IIS Constraint: 69; goods; {good:69}
IIS Constraint: 70; goods; {good:70}
IIS Constraint: 71; goods; {good:71}
IIS Constraint: 73; goods; {good:73}
IIS Constraint: 76; goods; {good:76}
IIS Constraint: 80; goods; {good:80}
IIS Constraint: 81; goods; {good:81}
IIS Constraint: 82; goods; {good:82}
IIS Constraint: 83; goods; {good:83}
IIS Constraint: 85; goods; {good:85}
IIS Constraint: 86; goods; {good:86}
IIS Constraint: 95; goods; {good:95}
IIS Constraint: 107; goods; {good:107}
IIS Constraint: 136; query; {bid:120,query:2}
IIS Constraint: 137; max; {f:5364.67849,objective:max}
