IIS generation
Instance: matching-100-200-960000
----------------------------
Query: 1
Query element:119
Query scope: 119
----------------------------
IIS optimality: suboptimal
IIS solution time: 51.29076
IIS Constraint: 3; goods; {good:3}
IIS Constraint: 7; goods; {good:7}
IIS Constraint: 11; goods; {good:11}
IIS Constraint: 13; goods; {good:13}
IIS Constraint: 15; goods; {good:15}
IIS Constraint: 19; goods; {good:19}
IIS Constraint: 25; goods; {good:25}
IIS Constraint: 40; goods; {good:40}
IIS Constraint: 44; goods; {good:44}
IIS Constraint: 52; goods; {good:52}
IIS Constraint: 81; goods; {good:81}
IIS Constraint: 100; goods; {good:100}
IIS Constraint: 101; goods; {good:101}
IIS Constraint: 102; goods; {good:102}
IIS Constraint: 103; goods; {good:103}
IIS Constraint: 104; goods; {good:104}
IIS Constraint: 105; goods; {good:105}
IIS Constraint: 107; goods; {good:107}
IIS Constraint: 108; goods; {good:108}
IIS Constraint: 109; goods; {good:109}
IIS Constraint: 110; goods; {good:110}
IIS Constraint: 111; goods; {good:111}
IIS Constraint: 112; goods; {good:112}
IIS Constraint: 113; goods; {good:113}
IIS Constraint: 114; goods; {good:114}
IIS Constraint: 115; goods; {good:115}
IIS Constraint: 116; goods; {good:116}
IIS Constraint: 117; goods; {good:117}
IIS Constraint: 118; goods; {good:118}
IIS Constraint: 119; goods; {good:119}
IIS Constraint: 120; goods; {good:120}
IIS Constraint: 121; goods; {good:121}
IIS Constraint: 122; goods; {good:122}
IIS Constraint: 123; query; {bid:119,query:1}
IIS Constraint: 124; max; {f:190.39819000000003,objective:max}
