Instance: arbitrary-52-100-960000
----------------------------
Query: 7
Query element:51
Query scope: 0
Query scope: 1
Query scope: 6
Query scope: 8
Query scope: 21
Query scope: 22
Query scope: 24
Query scope: 42
Query scope: 45
Query scope: 49
Query scope: 52
Query scope: 53
Query scope: 54
Query scope: 55
Query scope: 65
Query scope: 71
Query scope: 75
Query scope: 78
Query scope: 79
Query scope: 80
Query scope: 82
Query scope: 83
Query scope: 84
Query scope: 86
Query scope: 88
Query scope: 97
