Instance: arbitrary-52-100-520000
----------------------------
Query: 8
Query element:9
Query scope: 4
Query scope: 11
Query scope: 13
Query scope: 15
Query scope: 18
Query scope: 19
Query scope: 20
Query scope: 28
Query scope: 36
Query scope: 38
Query scope: 41
Query scope: 45
Query scope: 50
Query scope: 52
Query scope: 56
Query scope: 60
Query scope: 61
Query scope: 63
Query scope: 65
Query scope: 67
Query scope: 68
Query scope: 84
Query scope: 89
Query scope: 90
Query scope: 95
Query scope: 99
