Instance: regions-52-100-350000
----------------------------
Query: 10
Query element:17
Query element:9
Query scope: 0
Query scope: 1
Query scope: 2
Query scope: 4
Query scope: 5
Query scope: 6
Query scope: 7
Query scope: 9
Query scope: 10
Query scope: 11
Query scope: 20
Query scope: 25
Query scope: 27
Query scope: 38
Query scope: 39
Query scope: 40
Query scope: 42
Query scope: 48
Query scope: 49
Query scope: 50
Query scope: 51
Query scope: 57
Query scope: 58
Query scope: 59
Query scope: 60
Query scope: 61
Query scope: 76
Query scope: 79
Query scope: 80
Query scope: 81
Query scope: 82
Query scope: 83
Query scope: 84
Query scope: 86
Query scope: 87
Query scope: 88
Query scope: 89
Query scope: 91
