Instance: scheduling-52-100-210000
----------------------------
Query: 9
Query element:36
Query element:41
Query scope: 28
Query scope: 29
Query scope: 30
Query scope: 31
Query scope: 32
Query scope: 33
Query scope: 34
Query scope: 35
Query scope: 36
Query scope: 72
Query scope: 73
Query scope: 74
Query scope: 75
Query scope: 76
Query scope: 77
Query scope: 78
Query scope: 79
Query scope: 80
Query scope: 119
Query scope: 120
Query scope: 121
Query scope: 122
Query scope: 123
Query scope: 124
Query scope: 37
Query scope: 38
Query scope: 39
Query scope: 40
Query scope: 41
Query scope: 81
Query scope: 82
Query scope: 83
Query scope: 84
Query scope: 85
Query scope: 125
Query scope: 126
Query scope: 127
Query scope: 128
Query scope: 129
