------------------------------------------
---------------- Solution ----------------
------------------------------------------
0. Bid: 12 Goods: [34]
1. Bid: 33 Goods: [17, 63, 70]
2. Bid: 55 Goods: [12, 18, 37, 41, 50, 53, 56, 59, 74]
3. Bid: 60 Goods: [15, 22, 25, 31, 38, 75]
4. Bid: 64 Goods: [5]
5. Bid: 71 Goods: [2, 61, 77]
6. Bid: 140 Goods: [3, 10, 52, 89]
7. Bid: 196 Goods: [39]
8. Bid: 236 Goods: [14, 16, 20, 106]
9. Bid: 303 Goods: [0, 24, 29, 32, 33, 36, 47, 57, 58, 62, 117]
10. Bid: 324 Goods: [8, 28, 43, 44, 48, 122]
11. Bid: 390 Goods: [1, 21, 26, 27, 42, 46, 133]
12. Bid: 396 Goods: [9, 11, 23, 51, 54, 134]
13. Bid: 401 Goods: [6, 49]
14. Bid: 402 Goods: [13]
15. Bid: 404 Goods: [4, 30, 55, 135]
Objective value: 3878.2911000000004
Solving time: 2.18044
