------------------------------------------
---------------- Solution ----------------
------------------------------------------
0. Bid: 44 Goods: [7, 16, 28, 49, 71]
1. Bid: 100 Goods: [4, 14, 24, 44, 45, 48, 81]
2. Bid: 152 Goods: [0, 12, 15, 32, 35, 38, 53, 55, 90]
3. Bid: 175 Goods: [10, 37, 56, 57, 94]
4. Bid: 180 Goods: [42, 43, 46, 95]
5. Bid: 207 Goods: [8, 25, 29, 39, 50, 62, 100]
6. Bid: 286 Goods: [54]
7. Bid: 293 Goods: [26]
8. Bid: 315 Goods: [2, 5, 27, 34, 36, 63, 119]
9. Bid: 321 Goods: [31, 47, 61, 120]
10. Bid: 325 Goods: [20, 23, 121]
11. Bid: 330 Goods: [9, 13, 17, 18, 30, 33, 58, 122]
12. Bid: 367 Goods: [19, 21, 52, 129]
13. Bid: 402 Goods: [3, 11, 136]
14. Bid: 469 Goods: [6, 60, 149]
Objective value: 4492.766600000001
Solving time: 1.13413
