------------------------------------------
---------------- Solution ----------------
------------------------------------------
0. Bid: 12 Goods: [0, 23, 44, 66]
1. Bid: 47 Goods: [28]
2. Bid: 58 Goods: [2, 3, 14, 16, 29, 45, 51, 56, 74]
3. Bid: 63 Goods: [7, 18, 34, 75]
4. Bid: 104 Goods: [11]
5. Bid: 153 Goods: [1]
6. Bid: 156 Goods: [6, 8, 30, 60, 63, 91]
7. Bid: 227 Goods: [9, 27, 31, 32, 36, 38, 39, 48, 59, 103]
8. Bid: 323 Goods: [15, 24, 37, 40, 54, 55, 121]
9. Bid: 391 Goods: [10, 35, 62, 132]
10. Bid: 394 Goods: [5, 13, 41, 43, 133]
11. Bid: 417 Goods: [46]
12. Bid: 451 Goods: [4, 21, 49, 53, 58, 143]
13. Bid: 480 Goods: [17]
14. Bid: 495 Goods: [25, 33, 47, 50, 61, 151]
Objective value: 4715.8318
Solving time: 1.23002
