------------------------------------------
---------------- Solution ----------------
------------------------------------------
0. Bid: 0 Goods: [2, 40, 64]
1. Bid: 10 Goods: [35, 45, 65]
2. Bid: 26 Goods: [31, 41, 67]
3. Bid: 94 Goods: [46, 57, 75]
4. Bid: 102 Goods: [39, 53, 76]
5. Bid: 126 Goods: [29, 43, 78]
6. Bid: 139 Goods: [50, 61, 80]
7. Bid: 169 Goods: [49, 62, 83]
8. Bid: 193 Goods: [18, 56, 87]
9. Bid: 208 Goods: [8, 51, 90]
10. Bid: 225 Goods: [15, 52, 91]
11. Bid: 233 Goods: [20, 63, 92]
12. Bid: 234 Goods: [0, 42, 93]
13. Bid: 244 Goods: [5, 19, 94]
14. Bid: 266 Goods: [14, 60, 96]
15. Bid: 277 Goods: [12, 54, 97]
16. Bid: 300 Goods: [25, 38, 100]
17. Bid: 326 Goods: [4, 47, 103]
18. Bid: 349 Goods: [6, 44, 106]
19. Bid: 375 Goods: [17, 30, 109]
20. Bid: 401 Goods: [11, 48, 112]
21. Bid: 426 Goods: [27, 37, 114]
22. Bid: 427 Goods: [1, 32, 115]
23. Bid: 439 Goods: [16, 58, 117]
24. Bid: 442 Goods: [13, 26, 118]
25. Bid: 471 Goods: [23, 33, 120]
26. Bid: 472 Goods: [21, 34, 121]
27. Bid: 496 Goods: [9, 22, 123]
Objective value: 243.31417000000002
Solving time: 0.01012
