------------------------------------------
---------------- Solution ----------------
------------------------------------------
0. Bid: 15 Goods: [19, 29, 67]
1. Bid: 32 Goods: [14, 25, 68]
2. Bid: 47 Goods: [51, 61, 70]
3. Bid: 48 Goods: [15, 52, 71]
4. Bid: 54 Goods: [39, 49, 72]
5. Bid: 80 Goods: [43, 53, 75]
6. Bid: 95 Goods: [2, 13, 78]
7. Bid: 137 Goods: [27, 37, 83]
8. Bid: 166 Goods: [24, 57, 88]
9. Bid: 169 Goods: [5, 36, 89]
10. Bid: 243 Goods: [4, 47, 99]
11. Bid: 295 Goods: [7, 44, 105]
12. Bid: 305 Goods: [10, 48, 106]
13. Bid: 315 Goods: [0, 33, 107]
14. Bid: 325 Goods: [9, 23, 108]
15. Bid: 350 Goods: [20, 63, 110]
16. Bid: 364 Goods: [16, 59, 113]
17. Bid: 376 Goods: [12, 55, 114]
18. Bid: 387 Goods: [6, 17, 116]
19. Bid: 397 Goods: [3, 40, 117]
20. Bid: 417 Goods: [35, 45, 119]
21. Bid: 437 Goods: [8, 50, 121]
22. Bid: 447 Goods: [1, 32, 122]
23. Bid: 455 Goods: [22, 60, 123]
24. Bid: 483 Goods: [31, 41, 126]
25. Bid: 496 Goods: [11, 21, 128]
26. Bid: 499 Goods: [18, 56, 129]
Objective value: 257.04366
Solving time: 0.01003
