------------------------------------------
---------------- Solution ----------------
------------------------------------------
0. Bid: 2 Goods: [43, 65]
1. Bid: 27 Goods: [52, 71]
2. Bid: 29 Goods: [6]
3. Bid: 35 Goods: [62, 73]
4. Bid: 37 Goods: [40, 74]
5. Bid: 42 Goods: [9, 15, 75]
6. Bid: 50 Goods: [23, 77]
7. Bid: 53 Goods: [34, 44, 78]
8. Bid: 57 Goods: [8]
9. Bid: 58 Goods: [39]
10. Bid: 97 Goods: [16, 28, 87]
11. Bid: 102 Goods: [46, 88]
12. Bid: 109 Goods: [21, 56, 90]
13. Bid: 115 Goods: [58, 91]
14. Bid: 150 Goods: [14, 29, 98]
15. Bid: 152 Goods: [26, 32, 99]
16. Bid: 159 Goods: [63, 100]
17. Bid: 161 Goods: [11, 38, 50]
18. Bid: 177 Goods: [42, 104]
19. Bid: 184 Goods: [30, 105]
20. Bid: 230 Goods: [22, 116]
21. Bid: 235 Goods: [57, 118]
22. Bid: 241 Goods: [47]
23. Bid: 242 Goods: [13]
24. Bid: 243 Goods: [45]
25. Bid: 262 Goods: [0, 1]
26. Bid: 270 Goods: [27]
27. Bid: 304 Goods: [61]
28. Bid: 315 Goods: [12, 33, 131]
29. Bid: 322 Goods: [25]
30. Bid: 341 Goods: [31, 138]
31. Bid: 358 Goods: [54]
32. Bid: 359 Goods: [35]
33. Bid: 375 Goods: [3, 7]
34. Bid: 409 Goods: [49, 19, 153]
35. Bid: 415 Goods: [4, 37, 154]
36. Bid: 423 Goods: [20, 17, 157]
37. Bid: 425 Goods: [41, 158]
38. Bid: 430 Goods: [51, 159]
39. Bid: 435 Goods: [59, 161]
40. Bid: 443 Goods: [55, 163]
41. Bid: 446 Goods: [48, 5]
42. Bid: 464 Goods: [53, 10, 167]
43. Bid: 467 Goods: [2, 36, 168]
44. Bid: 493 Goods: [18, 60, 24, 174]
Objective value: 28.473578000000003
Solving time: 0.01525
