------------------------------------------
---------------- Solution ----------------
------------------------------------------
0. Bid: 3 Goods: [26, 53, 65]
1. Bid: 4 Goods: [9, 40, 66]
2. Bid: 12 Goods: [33, 63, 68]
3. Bid: 17 Goods: [43, 46, 69]
4. Bid: 50 Goods: [34, 75]
5. Bid: 55 Goods: [48, 77]
6. Bid: 65 Goods: [52, 79]
7. Bid: 89 Goods: [20]
8. Bid: 90 Goods: [41, 85]
9. Bid: 112 Goods: [44, 89]
10. Bid: 117 Goods: [14]
11. Bid: 120 Goods: [60, 91]
12. Bid: 146 Goods: [22, 32, 98]
13. Bid: 159 Goods: [21, 25, 55]
14. Bid: 162 Goods: [8]
15. Bid: 165 Goods: [30]
16. Bid: 180 Goods: [18]
17. Bid: 181 Goods: [39, 104]
18. Bid: 185 Goods: [10, 51, 31, 105]
19. Bid: 229 Goods: [0, 58, 114]
20. Bid: 241 Goods: [28, 117]
21. Bid: 261 Goods: [42, 122]
22. Bid: 274 Goods: [5, 125]
23. Bid: 281 Goods: [1]
24. Bid: 302 Goods: [23, 24, 131]
25. Bid: 307 Goods: [35, 133]
26. Bid: 313 Goods: [54, 134]
27. Bid: 324 Goods: [59, 136]
28. Bid: 330 Goods: [57, 137]
29. Bid: 335 Goods: [62, 3, 138]
30. Bid: 342 Goods: [13, 16, 37, 139]
31. Bid: 347 Goods: [50, 140]
32. Bid: 371 Goods: [7, 4, 145]
33. Bid: 377 Goods: [49, 147]
34. Bid: 394 Goods: [47, 19, 151]
35. Bid: 396 Goods: [27, 15, 152]
36. Bid: 401 Goods: [45, 36, 153]
37. Bid: 432 Goods: [12, 56, 161]
38. Bid: 448 Goods: [6]
39. Bid: 453 Goods: [11]
40. Bid: 471 Goods: [2]
41. Bid: 472 Goods: [38, 169]
42. Bid: 477 Goods: [61, 170]
43. Bid: 497 Goods: [17]
44. Bid: 498 Goods: [29]
Objective value: 26.290303800000004
Solving time: 0.01610
