------------------------------------------
---------------- Solution ----------------
------------------------------------------
0. Bid: 8 Goods: [5, 66]
1. Bid: 11 Goods: [15, 47]
2. Bid: 12 Goods: [25]
3. Bid: 34 Goods: [11, 24, 60, 71]
4. Bid: 52 Goods: [34, 56, 74]
5. Bid: 70 Goods: [0, 58, 79]
6. Bid: 74 Goods: [13, 32, 80]
7. Bid: 85 Goods: [27]
8. Bid: 90 Goods: [26, 51, 82]
9. Bid: 96 Goods: [48, 84]
10. Bid: 112 Goods: [17, 57, 87]
11. Bid: 115 Goods: [40, 50, 88]
12. Bid: 127 Goods: [14, 62, 10, 53, 91]
13. Bid: 131 Goods: [38, 92]
14. Bid: 140 Goods: [37, 94]
15. Bid: 165 Goods: [33, 16, 100]
16. Bid: 170 Goods: [28, 63, 101]
17. Bid: 180 Goods: [55, 103]
18. Bid: 194 Goods: [8]
19. Bid: 197 Goods: [7, 54, 4, 106]
20. Bid: 220 Goods: [1, 49, 112]
21. Bid: 228 Goods: [44, 43, 113]
22. Bid: 246 Goods: [21, 59, 116]
23. Bid: 284 Goods: [19, 2]
24. Bid: 286 Goods: [30, 31, 125]
25. Bid: 296 Goods: [35, 127]
26. Bid: 318 Goods: [42]
27. Bid: 336 Goods: [45]
28. Bid: 351 Goods: [36]
29. Bid: 385 Goods: [52, 18, 146]
30. Bid: 412 Goods: [20, 6, 39]
31. Bid: 414 Goods: [46, 22, 152]
32. Bid: 448 Goods: [41, 159]
33. Bid: 453 Goods: [3, 23, 160]
34. Bid: 457 Goods: [29]
35. Bid: 474 Goods: [9, 61, 164]
Objective value: 23.155333000000002
Solving time: 0.01786
