------------------------------------------
---------------- Solution ----------------
------------------------------------------
0. Bid: 11 Goods: [9, 61, 67]
1. Bid: 13 Goods: [56, 68]
2. Bid: 19 Goods: [4, 7, 44, 69]
3. Bid: 31 Goods: [43]
4. Bid: 35 Goods: [34, 73]
5. Bid: 49 Goods: [2, 59, 76]
6. Bid: 62 Goods: [12, 33, 79]
7. Bid: 75 Goods: [35, 47, 83]
8. Bid: 78 Goods: [53, 84]
9. Bid: 84 Goods: [38, 86]
10. Bid: 87 Goods: [14, 20, 87]
11. Bid: 89 Goods: [52]
12. Bid: 98 Goods: [8, 63, 90]
13. Bid: 110 Goods: [51, 93]
14. Bid: 135 Goods: [50, 99]
15. Bid: 141 Goods: [1]
16. Bid: 143 Goods: [54, 27]
17. Bid: 184 Goods: [42]
18. Bid: 201 Goods: [26, 112]
19. Bid: 214 Goods: [29, 41, 116]
20. Bid: 228 Goods: [49]
21. Bid: 234 Goods: [45]
22. Bid: 240 Goods: [21, 122]
23. Bid: 257 Goods: [39, 0, 126]
24. Bid: 277 Goods: [19, 37, 131]
25. Bid: 293 Goods: [5, 24, 16, 133]
26. Bid: 296 Goods: [60, 18, 134]
27. Bid: 316 Goods: [62, 138]
28. Bid: 323 Goods: [58]
29. Bid: 332 Goods: [3, 46, 142]
30. Bid: 337 Goods: [25]
31. Bid: 339 Goods: [11, 57]
32. Bid: 362 Goods: [36, 147]
33. Bid: 370 Goods: [13]
34. Bid: 382 Goods: [31, 151]
35. Bid: 416 Goods: [17]
36. Bid: 426 Goods: [28, 22, 23, 40, 163]
37. Bid: 452 Goods: [32]
38. Bid: 460 Goods: [48, 170]
39. Bid: 483 Goods: [55, 174]
40. Bid: 489 Goods: [30, 6, 175]
Objective value: 27.285218
Solving time: 0.01976
