------------------------------------------
---------------- Solution ----------------
------------------------------------------
0. Bid: 6 Goods: [19, 65]
1. Bid: 29 Goods: [63, 71]
2. Bid: 31 Goods: [34, 72]
3. Bid: 83 Goods: [33, 86]
4. Bid: 91 Goods: [4, 7, 47, 87]
5. Bid: 93 Goods: [8]
6. Bid: 111 Goods: [48, 93]
7. Bid: 114 Goods: [2, 17, 26, 53, 94]
8. Bid: 119 Goods: [15]
9. Bid: 122 Goods: [29, 56, 95]
10. Bid: 141 Goods: [16, 59, 101]
11. Bid: 152 Goods: [0, 52]
12. Bid: 165 Goods: [62]
13. Bid: 168 Goods: [6]
14. Bid: 169 Goods: [58, 107]
15. Bid: 184 Goods: [40]
16. Bid: 217 Goods: [11, 45, 119]
17. Bid: 230 Goods: [51, 5, 122]
18. Bid: 238 Goods: [44, 3, 124]
19. Bid: 249 Goods: [25]
20. Bid: 251 Goods: [46, 10, 127]
21. Bid: 260 Goods: [12, 61, 129]
22. Bid: 280 Goods: [39, 9, 132]
23. Bid: 290 Goods: [31, 135]
24. Bid: 297 Goods: [27, 42, 137]
25. Bid: 304 Goods: [1, 49, 138]
26. Bid: 320 Goods: [54, 143]
27. Bid: 324 Goods: [22]
28. Bid: 380 Goods: [32, 158]
29. Bid: 385 Goods: [57, 30, 159]
30. Bid: 391 Goods: [36, 18, 160]
31. Bid: 412 Goods: [20]
32. Bid: 418 Goods: [13, 166]
33. Bid: 421 Goods: [28]
34. Bid: 422 Goods: [37, 167]
35. Bid: 457 Goods: [43, 35, 175]
36. Bid: 484 Goods: [50, 14]
37. Bid: 485 Goods: [60, 23, 181]
38. Bid: 491 Goods: [55]
39. Bid: 495 Goods: [41, 183]
40. Bid: 497 Goods: [38, 21, 184]
Objective value: 26.0487086
Solving time: 0.02521
