------------------------------------------
---------------- Solution ----------------
------------------------------------------
0. Bid: 16 Goods: [41, 67]
1. Bid: 25 Goods: [38, 69]
2. Bid: 29 Goods: [8, 70]
3. Bid: 44 Goods: [47, 74]
4. Bid: 61 Goods: [19, 62, 77]
5. Bid: 91 Goods: [48, 85]
6. Bid: 96 Goods: [11, 31]
7. Bid: 99 Goods: [14, 37, 86]
8. Bid: 101 Goods: [25, 30, 87]
9. Bid: 119 Goods: [3, 51, 91]
10. Bid: 129 Goods: [10, 56, 93]
11. Bid: 130 Goods: [4]
12. Bid: 131 Goods: [13, 60]
13. Bid: 132 Goods: [24, 94]
14. Bid: 139 Goods: [54, 96]
15. Bid: 151 Goods: [33, 18, 98]
16. Bid: 163 Goods: [21]
17. Bid: 176 Goods: [22, 105]
18. Bid: 183 Goods: [50, 107]
19. Bid: 195 Goods: [44, 27, 111]
20. Bid: 216 Goods: [34]
21. Bid: 222 Goods: [39]
22. Bid: 227 Goods: [23]
23. Bid: 236 Goods: [15]
24. Bid: 240 Goods: [35, 32, 121]
25. Bid: 250 Goods: [46, 123]
26. Bid: 267 Goods: [61, 127]
27. Bid: 283 Goods: [53, 130]
28. Bid: 310 Goods: [1, 135]
29. Bid: 327 Goods: [0, 59, 140]
30. Bid: 333 Goods: [6]
31. Bid: 342 Goods: [49, 40, 143]
32. Bid: 354 Goods: [26, 145]
33. Bid: 358 Goods: [20, 9, 146]
34. Bid: 373 Goods: [58, 149]
35. Bid: 386 Goods: [45, 57, 152]
36. Bid: 387 Goods: [29, 55, 153]
37. Bid: 436 Goods: [2, 52]
38. Bid: 438 Goods: [63, 7]
39. Bid: 439 Goods: [42, 17]
40. Bid: 470 Goods: [12, 16, 43, 171]
41. Bid: 487 Goods: [5, 36, 28, 175]
Objective value: 24.6033782
Solving time: 0.01470
