------------------------------------------
---------------- Solution ----------------
------------------------------------------
0. Bid: 23 Goods: [45, 46, 47, 53, 54, 55, 61, 62, 63, 68]
1. Bid: 56 Goods: [0, 1, 2, 3, 8, 9, 10, 16, 17, 24, 25, 75]
2. Bid: 112 Goods: [11, 12, 14, 19, 20, 21, 22, 27, 28, 29, 30, 85]
3. Bid: 128 Goods: [37, 38, 88]
4. Bid: 171 Goods: [6, 7, 15, 23, 96]
5. Bid: 182 Goods: [44]
6. Bid: 183 Goods: [36]
7. Bid: 211 Goods: [57]
8. Bid: 226 Goods: [32, 33, 40, 41, 42, 105]
9. Bid: 242 Goods: [35]
10. Bid: 251 Goods: [49, 50, 51, 52, 58, 110]
11. Bid: 271 Goods: [59, 60, 114]
12. Bid: 349 Goods: [26, 34, 129]
13. Bid: 371 Goods: [18]
14. Bid: 386 Goods: [4, 5, 13, 136]
Objective value: 4113.7347
Solving time: 0.20087
