Instance: arbitrary-24-50-470000
----------------------------
Query: 9
Query element:9
Query element:11
Query scope: 6
Query scope: 9
Query scope: 10
Query scope: 12
Query scope: 19
Query scope: 21
Query scope: 22
Query scope: 23
Query scope: 24
Query scope: 25
Query scope: 26
Query scope: 34
Query scope: 36
Query scope: 38
Query scope: 41
Query scope: 42
Query scope: 44
Query scope: 45
Query scope: 46
Query scope: 47
Query scope: 50
Query scope: 4
Query scope: 11
Query scope: 13
Query scope: 14
Query scope: 27
Query scope: 28
Query scope: 35
Query scope: 37
Query scope: 39
Query scope: 43
