Instance: arbitrary-64-500-940000
----------------------------
Query: 7
Query element:3
Query scope: 3
Query scope: 5
Query scope: 17
Query scope: 21
Query scope: 22
Query scope: 68
Query scope: 70
Query scope: 73
Query scope: 75
Query scope: 88
Query scope: 90
Query scope: 91
Query scope: 97
Query scope: 110
Query scope: 112
Query scope: 118
Query scope: 131
Query scope: 132
Query scope: 133
Query scope: 134
Query scope: 135
Query scope: 138
Query scope: 140
Query scope: 141
Query scope: 143
Query scope: 146
Query scope: 152
Query scope: 153
Query scope: 161
Query scope: 163
Query scope: 166
Query scope: 170
Query scope: 176
Query scope: 189
Query scope: 202
Query scope: 204
Query scope: 205
Query scope: 217
Query scope: 222
Query scope: 232
Query scope: 239
Query scope: 263
Query scope: 265
Query scope: 267
Query scope: 268
Query scope: 272
Query scope: 276
Query scope: 277
Query scope: 280
Query scope: 289
Query scope: 295
Query scope: 311
Query scope: 313
Query scope: 314
Query scope: 315
Query scope: 322
Query scope: 327
Query scope: 330
Query scope: 331
Query scope: 333
Query scope: 335
Query scope: 343
Query scope: 345
Query scope: 358
Query scope: 363
Query scope: 364
Query scope: 391
Query scope: 393
Query scope: 394
Query scope: 404
Query scope: 405
Query scope: 408
Query scope: 409
Query scope: 411
Query scope: 412
Query scope: 417
Query scope: 430
Query scope: 445
Query scope: 446
Query scope: 448
Query scope: 449
Query scope: 450
Query scope: 452
Query scope: 454
Query scope: 501
