Instance: regions-64-500-380000
----------------------------
Query: 7
Query element:28
Query scope: 3
Query scope: 4
Query scope: 6
Query scope: 7
Query scope: 9
Query scope: 10
Query scope: 11
Query scope: 22
Query scope: 23
Query scope: 24
Query scope: 25
Query scope: 28
Query scope: 31
Query scope: 32
Query scope: 33
Query scope: 34
Query scope: 36
Query scope: 37
Query scope: 38
Query scope: 43
Query scope: 47
Query scope: 48
Query scope: 49
Query scope: 50
Query scope: 51
Query scope: 52
Query scope: 58
Query scope: 66
Query scope: 67
Query scope: 78
Query scope: 79
Query scope: 80
Query scope: 81
Query scope: 82
Query scope: 101
Query scope: 109
Query scope: 140
Query scope: 144
Query scope: 145
Query scope: 146
Query scope: 149
Query scope: 174
Query scope: 187
Query scope: 197
Query scope: 198
Query scope: 199
Query scope: 212
Query scope: 213
Query scope: 214
Query scope: 215
Query scope: 216
Query scope: 219
Query scope: 235
Query scope: 238
Query scope: 239
Query scope: 240
Query scope: 241
Query scope: 242
Query scope: 243
Query scope: 244
Query scope: 245
Query scope: 251
Query scope: 258
Query scope: 259
Query scope: 260
Query scope: 261
Query scope: 262
Query scope: 264
Query scope: 266
Query scope: 268
Query scope: 269
Query scope: 270
Query scope: 276
Query scope: 279
Query scope: 280
Query scope: 284
Query scope: 285
Query scope: 288
Query scope: 297
Query scope: 307
Query scope: 308
Query scope: 310
Query scope: 311
Query scope: 312
Query scope: 320
Query scope: 321
Query scope: 326
Query scope: 329
Query scope: 330
Query scope: 331
Query scope: 332
Query scope: 333
Query scope: 334
Query scope: 335
Query scope: 343
Query scope: 346
Query scope: 348
Query scope: 349
Query scope: 351
Query scope: 352
Query scope: 353
Query scope: 356
Query scope: 358
Query scope: 360
Query scope: 361
Query scope: 363
Query scope: 364
Query scope: 365
Query scope: 366
Query scope: 386
Query scope: 387
Query scope: 388
Query scope: 398
Query scope: 403
Query scope: 404
Query scope: 405
Query scope: 406
Query scope: 409
Query scope: 410
Query scope: 411
Query scope: 413
Query scope: 418
Query scope: 419
Query scope: 420
Query scope: 421
Query scope: 423
Query scope: 427
Query scope: 430
Query scope: 431
Query scope: 432
Query scope: 433
Query scope: 434
Query scope: 435
Query scope: 448
Query scope: 449
Query scope: 452
Query scope: 453
Query scope: 476
Query scope: 478
Query scope: 479
Query scope: 481
Query scope: 484
Query scope: 490
Query scope: 491
Query scope: 492
Query scope: 494
Query scope: 502
