Instance: regions-64-500-80000
----------------------------
Query: 7
Query element:5
Query scope: 19
Query scope: 20
Query scope: 21
Query scope: 23
Query scope: 39
Query scope: 41
Query scope: 44
Query scope: 45
Query scope: 46
Query scope: 47
Query scope: 48
Query scope: 72
Query scope: 74
Query scope: 78
Query scope: 79
Query scope: 89
Query scope: 91
Query scope: 92
Query scope: 93
Query scope: 94
Query scope: 109
Query scope: 110
Query scope: 121
Query scope: 127
Query scope: 128
Query scope: 129
Query scope: 130
Query scope: 131
Query scope: 132
Query scope: 137
Query scope: 164
Query scope: 165
Query scope: 167
Query scope: 180
Query scope: 181
Query scope: 182
Query scope: 183
Query scope: 184
Query scope: 185
Query scope: 186
Query scope: 187
Query scope: 188
Query scope: 189
Query scope: 190
Query scope: 192
Query scope: 211
Query scope: 212
Query scope: 213
Query scope: 214
Query scope: 224
Query scope: 241
Query scope: 242
Query scope: 243
Query scope: 244
Query scope: 245
Query scope: 246
Query scope: 251
Query scope: 272
Query scope: 285
Query scope: 287
Query scope: 290
Query scope: 291
Query scope: 294
Query scope: 295
Query scope: 326
Query scope: 349
Query scope: 353
Query scope: 354
Query scope: 355
Query scope: 356
Query scope: 359
Query scope: 360
Query scope: 364
Query scope: 368
Query scope: 378
Query scope: 379
Query scope: 380
Query scope: 381
Query scope: 382
Query scope: 383
Query scope: 384
Query scope: 385
Query scope: 386
Query scope: 390
Query scope: 391
Query scope: 400
Query scope: 404
Query scope: 414
Query scope: 415
Query scope: 418
Query scope: 419
Query scope: 420
Query scope: 421
Query scope: 422
Query scope: 423
Query scope: 428
Query scope: 429
Query scope: 432
Query scope: 440
Query scope: 441
Query scope: 442
Query scope: 443
Query scope: 445
Query scope: 454
Query scope: 463
