Instance: regions-64-500-150000
----------------------------
Query: 9
Query element:36
Query element:5
Query scope: 4
Query scope: 11
Query scope: 30
Query scope: 40
Query scope: 42
Query scope: 54
Query scope: 55
Query scope: 60
Query scope: 61
Query scope: 62
Query scope: 63
Query scope: 64
Query scope: 72
Query scope: 73
Query scope: 74
Query scope: 75
Query scope: 76
Query scope: 77
Query scope: 82
Query scope: 91
Query scope: 92
Query scope: 95
Query scope: 99
Query scope: 112
Query scope: 113
Query scope: 120
Query scope: 143
Query scope: 157
Query scope: 158
Query scope: 159
Query scope: 160
Query scope: 161
Query scope: 162
Query scope: 167
Query scope: 169
Query scope: 171
Query scope: 177
Query scope: 181
Query scope: 189
Query scope: 194
Query scope: 197
Query scope: 198
Query scope: 203
Query scope: 204
Query scope: 205
Query scope: 206
Query scope: 207
Query scope: 208
Query scope: 209
Query scope: 211
Query scope: 229
Query scope: 230
Query scope: 241
Query scope: 242
Query scope: 246
Query scope: 247
Query scope: 248
Query scope: 249
Query scope: 250
Query scope: 251
Query scope: 257
Query scope: 259
Query scope: 260
Query scope: 262
Query scope: 263
Query scope: 266
Query scope: 278
Query scope: 279
Query scope: 280
Query scope: 281
Query scope: 282
Query scope: 283
Query scope: 284
Query scope: 289
Query scope: 290
Query scope: 293
Query scope: 300
Query scope: 301
Query scope: 302
Query scope: 303
Query scope: 304
Query scope: 305
Query scope: 312
Query scope: 313
Query scope: 314
Query scope: 315
Query scope: 317
Query scope: 324
Query scope: 325
Query scope: 326
Query scope: 327
Query scope: 329
Query scope: 333
Query scope: 348
Query scope: 349
Query scope: 351
Query scope: 352
Query scope: 353
Query scope: 359
Query scope: 364
Query scope: 371
Query scope: 372
Query scope: 373
Query scope: 374
Query scope: 391
Query scope: 394
Query scope: 404
Query scope: 406
Query scope: 408
Query scope: 409
Query scope: 410
Query scope: 411
Query scope: 415
Query scope: 416
Query scope: 417
Query scope: 418
Query scope: 426
Query scope: 428
Query scope: 429
Query scope: 449
Query scope: 454
Query scope: 455
Query scope: 456
Query scope: 457
Query scope: 458
Query scope: 460
Query scope: 462
Query scope: 464
Query scope: 465
Query scope: 481
Query scope: 482
Query scope: 483
Query scope: 484
Query scope: 485
Query scope: 487
Query scope: 19
Query scope: 20
Query scope: 21
Query scope: 23
Query scope: 24
Query scope: 59
Query scope: 78
Query scope: 84
Query scope: 85
Query scope: 86
Query scope: 87
Query scope: 93
Query scope: 105
Query scope: 106
Query scope: 133
Query scope: 137
Query scope: 138
Query scope: 139
Query scope: 141
Query scope: 142
Query scope: 144
Query scope: 146
Query scope: 147
Query scope: 149
Query scope: 150
Query scope: 153
Query scope: 154
Query scope: 156
Query scope: 175
Query scope: 216
Query scope: 222
Query scope: 225
Query scope: 231
Query scope: 239
Query scope: 244
Query scope: 261
Query scope: 264
Query scope: 265
Query scope: 273
Query scope: 276
Query scope: 277
Query scope: 316
Query scope: 360
Query scope: 365
Query scope: 366
Query scope: 367
Query scope: 368
Query scope: 369
Query scope: 389
Query scope: 393
Query scope: 402
Query scope: 407
Query scope: 414
Query scope: 440
Query scope: 442
Query scope: 444
Query scope: 445
Query scope: 450
Query scope: 451
Query scope: 461
Query scope: 477
Query scope: 486
Query scope: 495
Query scope: 497
Query scope: 499
