IIS generation
Instance: paths-16-20-260000
----------------------------
Query: 9
Query element:14
Query element:1
Query scope: 5
Query scope: 19
Query scope: 20
Query scope: 0
Query scope: 15
----------------------------
IIS optimality: suboptimal
IIS solution time: 0.02159
IIS Constraint: 2; goods; {good:2}
IIS Constraint: 7; goods; {good:7}
IIS Constraint: 9; goods; {good:9}
IIS Constraint: 10; goods; {good:10}
IIS Constraint: 16; goods; {good:16}
IIS Constraint: 17; goods; {good:17}
IIS Constraint: 18; goods; {good:18}
IIS Constraint: 19; goods; {good:19}
IIS Constraint: 25; query; {good:1,query:9}
IIS Constraint: 26; max; {f:4.598824,objective:max}
