IIS generation
Instance: arbitrary-16-20-200000
----------------------------
Query: 9
Query element:19
Query element:3
Query scope: 18
Query scope: 19
Query scope: 20
Query scope: 21
Query scope: 22
Query scope: 23
Query scope: 2
Query scope: 4
Query scope: 5
Query scope: 6
Query scope: 7
Query scope: 8
Query scope: 9
Query scope: 10
Query scope: 11
Query scope: 17
----------------------------
IIS optimality: suboptimal
IIS solution time: 0.01007
IIS Constraint: 0; goods; {good:0}
IIS Constraint: 1; goods; {good:1}
IIS Constraint: 3; goods; {good:3}
IIS Constraint: 4; goods; {good:4}
IIS Constraint: 5; goods; {good:5}
IIS Constraint: 20; query; {good:19,query:9}
IIS Constraint: 22; max; {f:962.4808,objective:max}
