IIS generation
Instance: arbitrary-16-20-440000
----------------------------
Query: 8
Query element:2
Query scope: 0
Query scope: 1
Query scope: 3
Query scope: 5
Query scope: 6
----------------------------
IIS optimality: suboptimal
IIS solution time: 0.01275
IIS Constraint: 1; goods; {good:1}
IIS Constraint: 3; goods; {good:3}
IIS Constraint: 4; goods; {good:4}
IIS Constraint: 9; goods; {good:9}
IIS Constraint: 14; goods; {good:14}
IIS Constraint: 20; query; {good:2,query:8}
IIS Constraint: 21; max; {f:932.4630000000001,objective:max}
