IIS generation
Instance: arbitrary-16-20-420000
----------------------------
Query: 9
Query element:15
Query element:4
Query scope: 1
Query scope: 2
Query scope: 3
Query scope: 4
Query scope: 5
Query scope: 8
Query scope: 9
Query scope: 10
Query scope: 11
Query scope: 12
Query scope: 13
Query scope: 14
Query scope: 15
Query scope: 16
Query scope: 17
Query scope: 18
Query scope: 19
----------------------------
IIS optimality: infeasible
IIS solution time: 0.00345
IIS Constraint: 19; query; {good:15,query:9}
IIS Constraint: 20; query; {good:4,query:9}
