IIS generation
Instance: matching-16-20-500000
----------------------------
Query: 8
Query element:3
Query scope: 3
Query scope: 4
Query scope: 5
Query scope: 13
Query scope: 14
Query scope: 15
----------------------------
IIS optimality: suboptimal
IIS solution time: 0.00909
IIS Constraint: 0; goods; {good:0}
IIS Constraint: 5; goods; {good:5}
IIS Constraint: 9; goods; {good:9}
IIS Constraint: 13; goods; {good:13}
IIS Constraint: 18; goods; {good:18}
IIS Constraint: 22; query; {good:3,query:8}
IIS Constraint: 23; max; {f:26.58481,objective:max}
