IIS generation
Instance: regions-16-20-720000
----------------------------
Query: 7
Query element:11
Query scope: 0
Query scope: 5
Query scope: 6
Query scope: 9
Query scope: 11
Query scope: 22
----------------------------
IIS optimality: suboptimal
IIS solution time: 0.02099
IIS Constraint: 0; goods; {good:0}
IIS Constraint: 3; goods; {good:3}
IIS Constraint: 5; goods; {good:5}
IIS Constraint: 6; goods; {good:6}
IIS Constraint: 7; goods; {good:7}
IIS Constraint: 8; goods; {good:8}
IIS Constraint: 10; goods; {good:10}
IIS Constraint: 12; goods; {good:12}
IIS Constraint: 21; query; {good:11,query:7}
IIS Constraint: 22; max; {f:912.2239999999999,objective:max}
