IIS generation
Instance: matching-16-20-490000
----------------------------
Query: 9
Query element:1
Query element:10
Query scope: 8
Query scope: 9
Query scope: 10
Query scope: 11
Query scope: 19
----------------------------
IIS optimality: suboptimal
IIS solution time: 0.01132
IIS Constraint: 3; goods; {good:3}
IIS Constraint: 5; goods; {good:5}
IIS Constraint: 9; goods; {good:9}
IIS Constraint: 13; goods; {good:13}
IIS Constraint: 19; goods; {good:19}
IIS Constraint: 23; query; {good:1,query:9}
IIS Constraint: 25; max; {f:25.748610000000003,objective:max}
