IIS generation
Instance: arbitrary-16-20-940000
----------------------------
Query: 9
Query element:2
Query element:10
Query scope: 7
Query scope: 8
Query scope: 9
Query scope: 10
Query scope: 11
Query scope: 12
Query scope: 20
Query scope: 2
Query scope: 4
Query scope: 13
Query scope: 15
----------------------------
IIS optimality: suboptimal
IIS solution time: 0.00927
IIS Constraint: 1; goods; {good:1}
IIS Constraint: 6; goods; {good:6}
IIS Constraint: 7; goods; {good:7}
IIS Constraint: 20; query; {good:2,query:9}
IIS Constraint: 22; max; {f:878.2872,objective:max}
